1.071539745000003319e-01
5.027778526554380067e-02
1.572966936819135408e-02
1.338556979920021428e-01
1.379675718150600583e-01
4.126347317564875439e-02
1.448604972270065294e-01
1.424025125273673253e-01
7.552505037433386581e-02
1.263526350038140511e-01
1.534959221451258626e-01
1.036075945558953895e-02
3.861737240340660376e-02
1.565114867666409781e-01
9.019335458150015694e-02
1.432334916690053972e-01
1.379493528676571379e-01
1.262786094238883550e-01
3.933306206280619277e-02
1.091165241926007751e-01
4.987778551875188954e-02
5.831507507897709663e-02
1.074527698546629689e-01
8.354418583583526903e-02
5.973129764264835384e-02
8.953789424326726032e-02
1.453539979805424376e-01
1.191476647734054754e-02
1.177654642400067925e-01
5.324099130478054248e-02
8.924002968913748168e-02
7.699723231201482943e-02
1.231218182345459322e-01
4.449969470527270071e-02
2.569383031560791911e-02
1.500334035764705476e-01
1.402251755939499245e-01
1.324028339632620510e-01
7.533972853184540963e-02
2.979228209802474783e-02
1.070812295799445646e-01
1.170549294888906799e-01
8.900064102059657145e-02
1.422649982647863909e-02
3.452726004437707552e-02
1.342863636648345682e-01
8.090163297305275059e-02
1.098271231871798953e-01
1.327921158685493042e-01
1.347540082826235996e-01
1.452712660107655651e-01
1.471688552944842854e-01
6.466234205341164776e-02
1.020833681947958815e-01
1.045528006255696668e-01
6.429194428769322012e-02
6.560531021860480094e-02
1.001957177689317552e-01
5.039415742223710831e-02
9.691532099759554708e-02
1.026649740844793324e-01
1.258484201297154770e-01
8.490520473220819486e-02
2.745589833231829729e-02
4.834512457918338502e-02
8.900403867722808671e-02
3.794031947731484750e-02
5.644331212177282342e-02
2.810897620015840107e-02
8.817988380531252557e-02
4.145838992848884658e-02
1.046533801476282194e-01
5.339252535351873830e-02
2.805471930971354527e-02
1.300650827757915406e-01
3.513875969684157607e-02
4.629682909113388978e-02
8.820924303290657298e-02
2.584175869225856237e-02
7.863509716756646173e-02
1.157012513287453311e-02
1.271856100085335395e-01
1.337500595406954373e-01
1.602507196484374841e-01
8.072886331237093260e-02
1.331679844197446172e-01
9.856709335118833681e-03
9.159994559794210067e-02
1.531702328398605317e-01
1.521921585401887489e-01
1.181344535391272016e-01
1.831863644310810155e-02
7.399712615217454714e-02
6.094741602018836912e-02
1.294051293008205705e-01
1.357025671757459140e-01
6.089973528623961185e-02
4.080940241384811012e-02
1.050890922481042267e-01
2.878044964767716846e-02
8.301650965590678943e-02
1.237609297376107004e-01
2.844773935131250306e-02
6.860709191073399715e-02
1.083540236466304235e-01
6.775763582009368402e-02
1.196632782371008785e-01
6.508182586106053824e-02
5.704489772089317567e-02
1.437435259369932716e-01
4.286694186356591885e-02
1.387600151390170622e-01
1.124879882236793915e-01
1.270985881775452131e-01
1.831863644310810155e-02
1.578925564086326450e-01
9.858525384141379744e-02
1.475070926773724422e-01
3.526893687941728278e-02
3.012208541201102582e-02
9.724805491730813267e-02
1.563066831611636398e-01
5.018433746917132232e-02
1.539901218521862458e-01
1.534515320209351996e-01
1.163269012643079470e-01
1.525425314774345731e-01
1.381267219826360082e-01
8.514359855858014137e-02
1.380725895842916107e-01
3.604618898009238209e-02
1.141118282258060806e-01
1.042068001911345132e-01
8.765267844314612866e-02
9.142458865849500960e-02
3.465653293825990411e-02
3.199522308619837802e-02
2.845552589593497092e-02
4.912651673640067856e-02
1.703956381312085600e-02
8.845840095389173596e-02
8.401112070342717231e-02
1.433711513701186324e-01
1.181346506641862831e-01
6.627664094483706747e-02
5.347411891477647783e-02
5.902515502769845740e-02
5.330416804137931563e-02
1.160159322145854349e-01
4.055210431912931179e-02
4.142310405737806983e-02
9.901250517638049420e-02
1.113137703045077032e-01
1.393524860173186442e-01
1.173063523346050407e-01
1.015183396956155504e-01
3.238872943661100928e-02
7.067811105579507869e-02
1.187900659890116645e-01
9.856709335118833681e-03
1.024038286777113338e-01
1.446706359073691162e-01
6.360239833584505065e-02
4.264066926617528230e-02
1.468398404848281213e-01
5.997369385393776231e-02
5.303128096254252494e-02
1.049386414262714340e-01
1.191642161051370691e-01
4.985767095953327899e-02
1.432623221704093508e-01
7.244161475545514428e-02
1.322331060723926366e-01
1.217766682334161105e-01
1.629775329516905055e-02
1.044032806225392157e-01
1.414815410499682680e-01
8.819416120679444970e-02
8.816394456169567018e-02
6.943108941115877508e-02
1.113665587065144624e-01
3.024177906137724345e-02
8.699915139680093612e-02
1.182447635678895437e-01
1.133499596360835332e-01
1.553310968211682186e-01
1.366193562242607185e-01
1.396972331637314213e-01
9.972602524793373890e-02
1.209677355297503337e-01
2.193643849236550508e-02
4.883674566794388855e-02
1.176253084047486630e-01
1.292348912587757415e-01
1.541918492430316978e-01
4.264066926617528230e-02
8.075703080895159369e-02
8.705110456618211923e-02
1.308542861835915172e-01
1.473948073265194947e-01
4.484563685238437958e-02
7.967013027347850940e-02
1.477813290242689093e-01
5.607267211308963883e-02
7.841625974183093206e-02
1.205998028841263198e-01
1.646360973099143810e-02
4.943739084759116165e-02
5.799328085453419462e-02
3.490900937671839732e-02
1.142461111230085730e-01
9.444975008877938560e-02
6.189953109030690848e-02
8.835959949734278895e-02
6.964663666628409522e-02
1.236891207914859320e-01
4.732390071132053927e-02
5.787925431123910891e-02
1.381964246039155964e-01
1.595312206125931997e-01
1.025867754625417738e-01
9.155688790209423611e-02
1.448558706535064411e-01
1.212711049166314559e-01
3.194645251629382038e-02
1.384012825310142747e-01
1.438807180277499043e-01
2.040141266636617823e-02
2.324970589537247653e-02
2.418592102540602709e-02
1.239691779085606987e-01
1.224374016303913515e-01
1.106425228897383178e-01
9.796453876882620093e-02
6.650166897548048794e-02
1.138776200152196716e-01
7.435967065773388396e-02
8.550428182975812474e-02
1.343857659348508260e-01
5.857523399469663494e-02
9.796453876882620093e-02
5.296263005551291730e-02
8.931084953017016936e-02
1.474959832404792448e-01
1.300091269819080853e-01
4.375113417437002938e-02
1.364149088124229359e-02
3.572016138790250900e-02
7.929212753338382713e-02
1.468884053711786430e-01
1.098759231363982541e-01
8.038835559749303583e-03
3.620175488945830827e-02
1.103224164313466038e-01
1.074071859998119854e-01
9.744965480404201019e-02
1.583210050538118585e-01
8.969923689066318373e-02
8.313925857827776655e-02
3.583566563737285854e-02
1.263007803163135601e-01
1.338462327438681154e-01
7.120726978524770379e-02
7.331089756583626660e-02
1.296774452576218151e-01
1.019916103632194232e-01
1.318460658044930123e-01
3.981591557652062324e-02
1.600032752258322977e-01
3.190720745330487274e-02
7.053149803197612810e-02
7.544470326842094010e-02
1.025451475830080617e-01
5.161946543059031667e-02
1.320386331727272378e-01
6.313959275103506186e-02
5.343758648130684380e-02
1.563543864101565040e-01
7.672225378950932317e-02
1.124299131254364176e-01
8.301123734977343405e-02
1.455886264436613842e-01
5.282696484609553794e-02
2.168993292377253967e-02
1.439469363225827636e-01
9.599613994188202493e-02
1.562674976916899883e-01
5.044873852863555885e-02
2.584175869225856237e-02
5.909480115671830736e-02
1.088500988742569925e-01
1.096606143599735267e-01
8.220601382969064397e-02
1.421765284664577023e-01
7.248883373899406291e-02
8.441691239679588454e-02
1.327658250612839541e-01
1.253468113973775500e-01
1.237895130183299108e-01
1.123597631701241523e-01
4.530032319560901855e-02
1.020960637834704698e-01
8.211166759834492845e-02
1.017608905276208703e-01
1.155039903636039533e-01
9.509409171222189816e-02
9.245359156612326101e-02
6.054081745330656961e-02
1.613471580879850126e-02
1.274873678680003841e-01
5.545589238798942500e-02
1.323952264504136001e-01
1.087954405922942069e-01
1.174865036403645729e-01
5.520528727855443518e-02
8.772587411651736056e-02
1.254574444019674606e-01
6.114715676139187428e-02
9.724962990090230130e-02
1.505552824636573472e-01
8.716262051100574781e-02
1.584161177174607249e-01
9.599863291531221532e-02
1.303466904052639486e-01
1.058087335499935389e-01
9.734249684766818622e-02
7.838988373974709045e-02
1.105237075291013865e-01
1.164016367760825621e-01
4.137129194249408726e-02
5.926736350307841572e-02
7.603935615873518017e-02
9.828172361812069491e-02
4.026217130329032279e-02
1.096830106665247634e-01
6.808069392044124868e-02
2.848466843875678209e-02
7.236436251363329020e-02
1.565273947181118064e-01
3.045228799998794117e-02
2.639135240433740370e-02
4.428122950785289003e-02
1.583251979753935168e-01
1.400558196750199547e-01
7.611774290196225701e-02
8.067238872960069695e-02
8.820924303290657298e-02
1.276693856691167861e-01
3.438011154092796701e-02
5.920175760238619717e-02
9.674630896325253637e-02
1.577058978309255899e-01
1.057419969520326103e-01
1.116328115236010637e-01
4.938072574556796879e-02
1.498560640257234899e-01
4.515133134350440142e-02
4.620707628350533003e-02
1.256662860837920725e-01
1.529117989302457015e-01
9.594651114007365922e-02
1.135171775292585367e-01
1.642563885972155718e-02
2.675384527768483178e-02
1.036136284564738025e-01
3.007318009790015817e-02
1.229630141162670748e-01
1.471573887471655795e-01
1.526578271335157500e-01
1.236847289677971140e-01
2.972822681939080516e-02
7.187689931947779942e-02
7.762041902202952703e-02
8.863565109586324375e-02
1.054847556391724783e-01
1.432718119963621861e-01
7.911847020623172244e-02
4.089184003400998801e-02
1.311507928278446977e-01
1.255417749570079122e-01
6.007034718874933177e-02
1.424320520458496053e-01
9.162728642289592884e-02
8.762051992026190228e-02
2.638209067110572001e-02
1.020041769267926862e-01
1.014971893090715616e-01
1.248452606283347310e-01
9.498282455197294694e-02
1.398294315943212629e-01
9.323653376104970580e-02
5.397034842815869732e-02
2.738394380286106669e-02
1.188534309576843861e-01
1.460460981051238116e-01
1.605434858473988036e-01
1.340058714918395399e-01
4.514361958731483160e-02
1.481048635914361811e-01
2.584175869225856237e-02
8.846224871310028048e-02
1.970419605076390371e-02
3.670138870750312005e-02
9.424178347632101993e-02
1.916548664563930138e-02
1.483511792567464571e-01
1.534515320209351996e-01
8.813515153004801428e-02
1.240791035731194092e-01
1.596115984010420541e-01
4.890236116142021583e-02
1.132134737376177813e-01
7.486061562568177563e-02
1.354564693409775755e-01
1.371517468137736229e-01
9.339725335023975339e-02
1.500456342441302271e-01
1.312694636947457083e-01
1.611043514421325873e-01
9.023838117007139392e-02
1.297084681896386593e-01
1.329274099912826912e-01
6.896919667554138322e-02
1.217766682334161105e-01
7.601706400594654411e-02
9.072105031369348538e-02
1.458022860439023571e-01
1.569254701173005417e-01
1.596960129370200154e-01
1.358370159243834363e-01
3.216282319549938762e-02
9.894332048925469358e-02
1.232556987941455379e-01
3.193464898941132668e-02
7.449687953687685049e-02
3.904631387862209091e-02
8.153618266520835933e-02
1.085124477243966101e-01
5.575726227696044257e-02
9.972839424324099478e-02
1.444608771555607740e-01
1.487674674798271091e-01
6.945102785031589954e-02
8.789872353774061398e-02
1.441695881873475416e-01
9.584051314014795098e-02
4.634185441623762947e-02
6.215371390350654668e-02
1.506921311154168219e-01
1.195905448342131916e-01
8.072866620176558095e-02
1.096652226417307585e-01
1.059875878438580471e-01
1.053377594791609223e-01
1.424025125273673253e-01
8.288021425012531695e-02
9.055306600119403249e-02
1.079716965195428868e-01
1.259813395499253252e-01
1.312145064084057067e-01
8.792547646909293357e-02
9.075178036118446145e-02
8.138132441846812615e-02
7.166877923473576051e-02
4.183878429751943656e-02
7.683948850993858881e-02
3.801110058431741989e-02
6.184014208152985304e-02
9.107021436292923877e-02
9.930013529648029635e-02
4.133648146005425988e-02
8.772237720389033933e-02
6.530733959235901498e-02
1.587857680675626715e-01
1.469976963981916573e-01
1.501405667239488761e-01
1.366289511351020947e-01
5.002435070698780378e-02
1.125774638341547063e-01
3.698434308045765728e-02
7.509165366743472680e-02
7.288343825543217025e-02
2.264388568960364750e-02
1.869495607889991654e-02
2.819590426405849462e-02
1.171611185384621202e-02
5.333663183067408053e-02
8.701280803626081084e-02
1.534567892126784683e-01
1.368151984509087260e-01
1.026649740844793324e-01
9.849390305927074873e-02
7.053149803197612810e-02
1.096606143599735267e-01
4.662501434433641984e-02
3.248200074158625467e-02
8.705110456618211923e-02
8.436402774518059200e-02
1.566552557676981206e-01
8.223167744098426601e-02
1.122580710833754880e-01
5.104621877526192147e-02
9.627857906250471276e-02
3.898500830128047434e-02
5.948060275494515547e-02
1.010547501947121479e-01
1.051324235598966317e-01
1.091030573750127741e-01
1.191865953175972465e-01
1.545321398557608084e-01
3.833096558499073103e-02
4.633532657487882817e-02
3.978363911500124722e-02
1.332436881483023972e-01
8.953789424326726032e-02
6.518694167771416081e-02
5.333663183067408053e-02
1.217826248953810808e-01
1.022654144302639623e-01
4.814633117727241951e-02
1.525181097238662853e-01
6.304001550120971742e-02
7.077116785978114499e-02
5.575799344095444532e-02
3.024177906137724345e-02
7.690388867030067965e-02
1.083178818186548570e-01
9.762532114105750003e-02
4.534795168237486934e-02
1.168837399119998094e-01
1.396898130491162904e-01
7.385220810265424873e-02
5.799948545086027613e-02
1.383303394648516815e-01
2.316797186993493213e-02
1.062134672656135231e-01
7.226592556171088089e-02
4.347981631565470823e-02
1.353858788854846451e-01
1.083387530230029844e-01
7.407758593132411640e-02
1.082195242897621701e-01
1.307648493002107060e-01
1.728322314728746381e-02
1.456446853846319334e-01
4.161799465193433134e-02
4.174875796061363470e-02
8.762871070670828766e-02
1.364197974446798300e-01
5.090642397547220921e-02
2.140498946337062586e-02
7.323249099408875307e-02
5.479166342723172656e-02
1.383203802214506284e-01
7.135189343576510412e-02
8.187138422745565691e-02
4.642809576973291191e-02
8.911671159051071101e-02
1.338114309120407852e-01
4.882781153532275015e-02
2.230997736502415840e-02
3.053505958254470673e-02
9.688048568247163705e-02
3.008833572964542125e-02
5.509540436111919764e-02
9.474061856746589239e-02
7.221996300462237006e-02
6.507789212169604043e-02
1.308801016727672017e-01
9.431319379189465058e-02
1.441769613688776985e-01
1.187101213796377674e-01
3.733345406007514827e-02
1.514968825240841366e-01
7.925546692791611558e-02
6.303498148736828843e-02
1.020695948270987363e-01
7.298432178289837591e-02
1.311288497588192214e-01
4.940907794107827350e-02
1.442692048025540075e-01
5.926316207117251350e-02
7.758384845570194532e-02
8.798302287623410711e-02
7.463455291419310300e-02
1.286980736702616201e-01
4.132920627628421800e-02
5.352223949264527797e-02
1.405381585677679124e-01
4.797387593102687975e-02
1.087269477014707608e-01
1.583304003497200130e-01
1.418558696464019830e-01
1.135836594285474510e-01
1.559608539556292806e-01
5.229585462191394668e-02
1.574147970588298251e-01
4.831070978365016588e-02
6.986671341865646756e-02
9.600673457486863516e-02
1.106425228897383178e-01
1.242668947942616453e-01
1.420478056942853506e-01
1.462881137603734838e-01
1.058460151939699667e-01
1.192140659411403264e-01
4.619058718124664092e-02
6.690055989995266628e-02
1.534358349891916107e-01
1.049822310290749044e-01
1.369382784112500306e-01
9.097239470846248122e-02
1.379228473672095001e-01
2.569383031560791911e-02
4.721119214437067418e-02
8.868403920982527444e-02
6.575971137824923596e-02
5.414231586826432491e-02
1.276291156502748769e-01
1.432142791040027230e-01
4.519583162816164651e-02
1.500142067269689683e-01
1.288339980066316795e-02
6.949570775191828143e-02
1.505550398156765834e-01
1.151939421882168940e-01
1.448543856866394697e-01
1.324636315926360497e-01
3.660857934878199160e-02
1.392134458177909651e-01
1.005129193708831081e-01
3.888168390246108871e-03
8.589173507439430699e-02
1.432652683732913712e-01
3.894244030000522383e-02
1.226171866485687711e-01
5.680377140516369716e-02
1.566082745879020521e-01
8.813515153004801428e-02
6.150743094455549120e-02
1.276783500666893723e-01
1.277899208976807366e-01
6.482700884695936916e-02
5.680948620096676338e-02
1.281407496928008427e-01
7.574503898816484226e-02
3.798512630561667186e-02
5.012694714050379419e-02
1.012877938223948338e-01
1.221243565678676174e-01
1.319888222888162821e-01
5.587696886206151847e-02
4.264066926617528230e-02
3.302601459884573626e-02
1.967874478383645209e-02
2.338660454902233288e-02
6.418736373323422062e-02
1.198488204638782917e-01
6.071052484806287175e-02
1.276452208536590360e-01
4.721119214437067418e-02
7.157813966102948011e-02
1.194633364765038952e-01
6.839413053473614168e-02
1.583013085290776167e-01
3.506623530365490793e-02
1.346177157043900174e-01
5.187638001881188232e-02
1.416096226233302391e-01
1.044565359708668345e-01
1.129821572842223398e-01
1.293316337287614415e-01
5.235839696304232793e-02
9.464134392209735958e-02
1.262255062430136521e-01
5.018760159157054090e-02
3.904631387862209091e-02
1.275040334463549418e-01
9.068693573154887333e-02
1.439267688178985649e-01
9.032433164741565657e-02
1.600901785626219764e-01
7.322790999474856899e-02
4.047619011933004801e-02
1.513285313784347996e-01
3.257996064139127151e-02
7.376083176295043786e-02
1.617222883514737308e-01
2.440083929140111907e-02
1.516493018463642983e-01
1.339900403946757967e-01
1.347852863424223724e-01
6.326800379137917374e-02
1.034566352279661927e-01
1.584227211603092267e-01
1.116931191314743388e-01
6.475746236672694223e-02
1.248409941198471568e-01
4.936847794465032413e-02
1.084466906380381623e-01
1.239072252821194764e-01
2.757335805350493579e-02
2.689332939999653296e-02
1.284780369709613013e-01
8.006695330161942015e-02
1.018655274776516656e-01
1.009069297551698080e-01
1.020695948270987363e-01
2.587122421038621015e-02
1.215794703268799071e-01
1.443754843792585951e-01
1.298978952859227431e-01
1.045332228561472038e-01
6.466234205341164776e-02
3.910838247461657230e-02
9.889290948431417316e-02
1.300672149365127983e-01
1.124448450863197585e-01
1.471383117747354363e-01
7.089568918980135304e-02
7.434200570972009092e-02
7.597679978624924391e-02
1.056181370080108567e-01
9.066555740105711192e-02
8.252008833316328007e-02
6.887834470925370545e-02
1.548092758913984790e-01
3.418551604662151133e-02
1.265435603607151793e-01
4.805853476410695824e-02
8.194773925308711238e-02
1.943133327988377443e-02
8.189729619917129888e-02
9.977305826780243081e-02
1.507274137891504232e-02
3.228541721234520073e-02
8.478555904929459264e-02
6.690055989995266628e-02
7.553237893836586836e-02
1.063836076490272814e-01
1.591618017630913595e-01
1.550655201720175236e-01
7.049330469538089838e-02
1.125035687571203785e-01
3.316423733911873228e-02
8.915965207342789467e-02
4.390435262748548090e-02
1.406768893382470687e-01
9.005554416566566300e-02
1.332436881483023972e-01
7.070797362431356647e-02
1.444097254023826195e-02
1.354305819780364795e-01
7.601706400594654411e-02
4.880630969177966738e-02
6.450978478252550330e-02
9.878230831319992356e-02
1.474877736063468815e-02
7.528288019855741697e-02
1.485376475611517033e-01
9.499602714150488791e-02
1.450979809702009626e-01
1.416197409734017421e-01
8.905280357197468966e-02
1.239101608409875488e-01
1.494681041585309289e-01
4.516684807456450984e-02
1.122498604799696126e-01
3.458659612085694668e-02
5.546292261421278957e-02
1.509615652557185217e-01
7.407803777654548005e-02
1.065654759125736067e-01
7.067103508817391966e-02
1.507223952101913178e-01
8.562502300105327702e-02
2.290256525516409791e-02
1.593365356726210713e-01
8.406052513795209125e-02
1.235573835589598157e-01
4.428122950785289003e-02
1.271698986567057210e-01
8.512953659917354976e-02
3.356465019994516602e-02
9.470290332870386074e-02
4.378442426108619667e-02
1.019487612567035045e-01
1.017407324089957821e-01
1.314822303279390980e-01
3.054551717881670569e-02
1.479588259457195187e-01
7.487276153706415305e-02
1.468399426776237915e-01
1.216199628177037917e-01
9.538246154658477916e-02
4.156017195222644345e-02
1.114322009947564945e-01
1.106727281781444555e-01
1.451255340788806802e-01
1.291989149945670934e-01
1.432022289787623914e-01
5.605898127771938994e-02
5.471753778386104217e-02
1.609924424290377354e-01
8.196212398919446029e-02
1.056681841437899644e-01
4.695836369695626650e-02
1.056348844191653813e-01
5.532426000700736701e-02
4.770601659283162793e-02
9.889361061848468692e-02
3.711818316883466751e-02
1.063526322182012235e-01
2.745589833231829729e-02
7.950996289540211703e-02
7.595469631461773674e-02
1.208192536815776152e-01
1.303175883841854177e-01
1.245361516562001059e-01
1.212771312186556177e-01
1.639337093771480597e-02
6.112666910079481847e-02
1.089389884734325575e-01
1.591953757487238608e-01
6.459531653354398661e-02
1.317215676147582837e-01
6.998576734214692618e-02
1.781973179067025681e-02
6.992944787554590536e-02
9.649241577450416718e-02
1.033226141545856291e-01
1.405561300214112075e-01
1.378492369012693231e-01
2.884950726904825929e-02
8.594359124496879498e-02
4.183142497416754424e-02
1.181818368118845580e-01
1.604986305857217521e-01
5.494431927415648065e-02
1.439949380006655955e-01
9.935870232188354079e-02
2.631768924738870502e-02
9.974739795618847715e-02
3.455225310067345373e-02
1.110604092818224947e-01
1.471383117747354363e-01
1.204642780039670569e-01
8.120766357181762041e-02
1.027170677072811455e-01
5.921125486523403508e-02
1.109743595804864452e-01
1.523151415860570790e-01
1.234251460378295862e-01
1.432179645143466795e-01
7.089568918980135304e-02
1.185326010070119201e-01
1.421197226396684887e-01
1.117396662016661574e-01
1.158542630566103959e-01
1.308761277167083681e-01
7.605796402366110653e-02
6.872513741081780203e-02
1.104913049716480383e-01
1.442209282184057917e-01
1.486738425636570105e-01
9.184340375876906548e-02
1.561401304346665964e-01
9.837820680623028669e-02
1.153370307232512160e-01
1.248409941198471568e-01
3.057690816730573857e-02
8.855869532031863944e-02
5.640126274832066994e-02
1.464682690315140257e-01
1.247746789877960533e-01
1.395966973963628510e-01
4.117554770691674720e-02
1.030463021859176487e-01
7.941729557809190654e-02
9.685166024637464899e-02
8.845840095389173596e-02
1.250985781698082111e-01
3.091765618233121085e-02
1.603639870158009850e-01
1.415186688922426828e-01
1.587230970985098744e-01
1.182169058700817676e-01
5.018760159157054090e-02
3.642741863133899805e-02
5.906614265868881386e-02
1.424754409017926771e-01
1.552558829405393803e-01
1.066476274566707516e-01
1.048373445345070210e-01
6.448622315704584385e-02
1.402227563107862618e-01
1.326139474309499244e-01
1.031586435200825130e-01
1.020061553145826805e-01
2.301364506897426998e-02
1.050533384766576400e-01
1.085329167429711639e-01
3.893862437840156510e-02
1.267913089398916837e-01
3.976281397095484532e-02
6.883104607093910865e-02
1.465925241967527271e-01
7.970973216249702120e-02
1.041235340309938084e-01
9.608425971676594346e-02
7.104669337461679002e-02
1.942739665665399462e-02
7.603935615873518017e-02
8.981352707009063185e-02
1.113685654298941646e-01
7.094931951238284129e-02
1.547614051501778609e-01
7.237521333297478043e-02
1.303408077349716421e-01
4.498935446710335129e-02
8.150147191110289346e-02
9.761690341142384431e-02
1.704786895408307371e-02
6.009902467457475111e-02
8.550279915341037207e-02
1.201502444781811507e-01
1.454956856058041426e-01
4.299444281852295158e-02
1.326139474309499244e-01
9.161206928123517834e-02
6.970850006825501932e-02
5.027778526554380067e-02
1.281129225601163046e-01
7.136390321781521662e-02
9.532903571974507551e-02
1.613909611302117020e-01
7.506880883178990160e-02
5.991252078041017781e-02
5.920556166263211267e-02
6.275128110458830233e-02
6.405248793093705484e-02
9.065725425492601741e-02
2.116564038742285714e-02
1.536983245121467390e-01
1.364958803961578149e-01
1.334718214528776425e-01
9.422451060767016162e-02
1.244777597267425623e-01
4.231362321937928717e-02
1.274873678680003841e-01
8.219909763016114423e-02
8.782588910382781167e-02
6.883104607093910865e-02
1.020695948270987363e-01
9.921307648427900305e-02
1.409943327741592922e-01
3.664839181653561928e-02
6.447091453459233290e-02
1.164899284231518534e-01
6.036427670848930338e-02
1.420478056942853506e-01
1.255386237050634679e-01
5.265719653021078833e-02
1.564739894657560249e-01
1.530500367227413672e-01
2.670372511071100741e-02
7.199628600284527224e-02
6.311691383328600635e-02
5.762897812776370671e-02
1.304984747528785960e-01
1.030818577636860578e-01
3.605419040214046661e-02
1.200815743407012415e-01
2.032468094375934967e-02
1.956323600578878386e-02
4.902624249649843724e-02
8.975874516207987819e-02
8.638943610989217869e-02
3.330527250288867203e-02
6.977659106079082789e-03
5.074607381415528057e-02
9.229603585644906294e-02
1.517970905016201300e-01
9.427172474461109619e-02
1.256386949540548026e-01
6.215231069571323236e-02
1.242490705365140030e-01
1.000854692354881531e-01
1.526604319912661378e-01
1.280275426753056389e-01
1.427792853689092700e-01
1.037411624686080669e-01
9.044231073616879057e-02
1.542252519881537887e-01
5.260545224941532566e-02
1.143662328064100758e-01
4.234507825642740142e-02
6.108483973799422317e-02
1.454608723774641899e-01
1.530362911614904786e-01
