3.621083371304260057e-01
2.923347902651569630e-01
4.788329094937926467e-01
2.303041080055414636e-01
2.375984449418872269e-01
2.299990813402348622e-01
1.806697156695449558e-01
3.864628539752385517e-01
4.010776911889384067e-02
5.142097807707984164e-02
2.185867195930652485e-01
2.250210054909078383e-01
4.406503825981282763e-01
2.965722107366051685e-01
2.701955175753102401e-01
6.567002086620063461e-02
4.967076973935263123e-02
2.593133167077345536e-01
3.208396294065786747e-01
3.696384615317391265e-01
2.311971677027193639e-01
4.017669224210429491e-01
2.170417285805746610e-01
2.020668607466196143e-01
2.820267435818692991e-01
3.883054530706577800e-01
1.751358310891150960e-01
9.069048016368459753e-02
2.616110928796520629e-01
4.012310130528247143e-01
1.884632323217150796e-01
4.799885559388613054e-01
2.219167281412334214e-01
1.935236230062110374e-01
4.499499769387978187e-02
6.412918468824955198e-01
5.682838002164263269e-01
2.631829636414010354e-01
5.769180430289437833e-01
3.669198316048262742e-01
7.894890351620140190e-02
4.300679554488530121e-01
1.610039415510551852e-01
5.236936825821073560e-01
1.354584510937140718e-01
4.137417485735616490e-02
2.480827692341585899e-01
2.622516088602803719e-01
2.129599036886120900e-01
4.409823902117379069e-01
2.186236438352146538e-01
6.418318501973592494e-02
7.751292354538748264e-02
3.245296308830690202e-01
1.238083154006888037e-01
4.701403100527018486e-01
7.861377906527779180e-02
3.589350258219150547e-01
2.205736829095385765e-01
2.269771705035398268e-01
2.331390569585040928e-01
2.792551821947620305e-01
1.221123172307581606e-01
1.294376660078639940e-01
4.451480193159452758e-01
6.345916346392750373e-01
5.486586168873349711e-01
2.224064451365145856e-01
1.167036755391590713e-01
6.779742406148574208e-02
8.457807792566564287e-02
6.226285896026393374e-01
8.992968391481886981e-02
2.180265333486029466e-01
2.454347787181557494e-01
2.049751421453028521e-01
1.681701400659826040e-01
2.763757403352125608e-01
3.669198316048262742e-01
4.422175605043136004e-01
5.033864024182558294e-01
4.087081722482988067e-01
2.542898305029691053e-01
1.094931860070875451e-01
1.935236230062110374e-01
3.626385477426348758e-01
1.410672702675131451e-01
6.075364514796069981e-01
1.063074446910060311e-01
3.653592409268010543e-01
2.636981553602943396e-01
5.923931187226026962e-01
2.055174723489466004e-01
2.485230804991981346e-01
2.392263021630965936e-01
2.342432390002865683e-01
4.430056787060447920e-01
6.842999344305626674e-02
1.862688418714801841e-01
1.247852590260547234e-01
6.292100191888879701e-01
5.762893734474183738e-01
8.775200565025725874e-02
1.200376640509134563e-01
4.309316458450808685e-01
5.110565919312666516e-02
2.064340626527327027e-01
1.577247262284638685e-01
6.670259997021686649e-02
5.804396743561091032e-01
2.386445465255854215e-01
2.954624057078996113e-01
4.317452260477755432e-01
3.572874277953338451e-01
3.583435752027691601e-01
4.510026387291776184e-01
5.195192704370500403e-01
2.667338152833779175e-01
2.934586633451027882e-01
3.659070606783269008e-01
3.721092880242821144e-02
4.756197248701632407e-01
2.628896808216159009e-01
7.562371216319495326e-02
4.452228375131965232e-01
3.714923761159031335e-01
3.471063823193703546e-01
2.473427701213157803e-01
1.042308695879062552e-01
3.620828024615297958e-01
1.322958407995835084e-01
2.630481250647244695e-01
1.727572369809093344e-01
2.547781782484602742e-01
6.110361623293580902e-01
4.621203879003046855e-01
1.501015787582218597e-01
3.400694501653529073e-02
6.204789153174232463e-02
3.451457237189110572e-01
2.074018739991160543e-01
1.276987028537092117e-01
1.803741830728923801e-01
4.285544898399240576e-01
2.518303634208755026e-01
5.315137524573457783e-01
2.312331615151768660e-01
4.215454352662679760e-01
6.151755130414721107e-01
4.397059740419144158e-01
3.499346043170538101e-01
9.718455511764283183e-02
2.439613350996919783e-01
5.568628901732554093e-01
3.569854742337169040e-01
4.292819755724130437e-01
1.315171064042313168e-02
2.597785299163718475e-01
3.039318610543521593e-01
1.793974151265758932e-01
1.309013334458210831e-01
1.585997778235902489e-01
3.907570141468871272e-01
1.969438415639188367e-01
6.471530085914113384e-01
2.947285161786911134e-01
3.074473977029955618e-01
7.966671984472305235e-02
3.447893268847886938e-01
6.258926458404938664e-01
3.064079288670158996e-01
1.959489355085995699e-01
4.493094299898520716e-01
4.661098400078364512e-01
1.099293973147454917e-01
6.873548091370566826e-02
3.628394551895773312e-01
4.422773084690090339e-01
1.229432771582520678e-01
3.470709916324610234e-01
2.475880699028809584e-02
2.132956957013141808e-01
6.019291849543609851e-01
3.752723114348497369e-01
1.033629991616137334e-01
1.081538891558977283e-01
4.982390345355571792e-01
5.838122117519618515e-01
5.253193932798702614e-02
1.339597470678540736e-01
4.129997171481905593e-02
2.400168662290227961e-01
2.635726713485928574e-01
2.224567185788767776e-01
1.948054119233872949e-01
1.899816687228026713e-01
5.120102921230675896e-01
5.647894002599682661e-01
5.345281752658342933e-01
3.015730618485337744e-01
1.109256749173700568e-01
2.066863039035070695e-02
2.881362271102019812e-01
1.986623500404166298e-01
9.007956000653022377e-02
5.342235436662812198e-01
2.259014863853479049e-01
1.369743594886362603e-01
1.286691427255437503e-01
2.869484459605130544e-01
1.783536935918691446e-01
5.143986821644552787e-01
4.520196811890820898e-01
3.738547497334206438e-01
2.849966664594854593e-01
2.251266715694179299e-01
1.306933221688448832e-01
4.353021255072609952e-01
1.118117480836052502e-01
2.037206884591001299e-01
1.379187498114156085e-01
6.635103518427947211e-01
7.334042673295722292e-02
3.923116729856816476e-01
1.331340517198816575e-01
4.960231524037320705e-01
2.149566653244998626e-01
4.267818948241912658e-01
6.424153738893445542e-01
4.217077264444706874e-01
2.540251028481039786e-01
5.054756231080803630e-01
1.535581647163685726e-01
2.664142295375704905e-01
2.024611789078814561e-01
2.122403683820132600e-02
3.067839750638368668e-01
2.559530749121092796e-01
3.942295603608754195e-01
3.482033252261833578e-01
1.896831572498969276e-01
2.660900323758506048e-01
4.142744338054221709e-01
1.487750252127511552e-01
7.819990179555048881e-02
5.485786939472070411e-01
3.560015391006237512e-02
4.617779647466623283e-01
4.935018811446721942e-01
3.988218960149678138e-01
2.059672332314466670e-01
9.227301735606142918e-02
3.044118090018509831e-02
3.952931953383541086e-01
2.230134896863307792e-01
1.122918863453608584e-01
1.817760285603332859e-01
2.134412294617822059e-01
3.652027403754656287e-01
4.869170564309663329e-02
4.799127344861499056e-01
2.674367892882053080e-02
1.487377572431958228e-01
2.961435909284937384e-01
1.821215051072470059e-01
2.893069581698295978e-01
3.639125023963871719e-01
1.575080851824863515e-01
6.092060996667958417e-01
7.478752671423712084e-02
1.890789479203827950e-01
1.089289852734043051e-01
5.429718608154250614e-02
6.630520675769487893e-01
4.681364645296597765e-02
1.710835684544701751e-01
4.064755963774139835e-01
4.407762440622272626e-01
2.877026076783135711e-01
3.325871484892273244e-01
1.546630658712732642e-01
1.071076399006388041e-01
1.585997778235902489e-01
1.491229726995740579e-01
2.460756243370253449e-01
8.562065681904047765e-02
3.581983553011828803e-01
6.592509148534734242e-01
3.875523678140819217e-01
2.851586012641821322e-01
2.539549870883589522e-01
2.249844006221566883e-01
1.678678924868970690e-01
1.053800079685384417e-01
2.023379095289286334e-01
2.046614718057203908e-01
1.374664598408598948e-01
2.107567853160745019e-01
4.890555622410169279e-01
3.192619348105086852e-01
2.008829203318998335e-01
5.712152497913798310e-01
4.872652006454935569e-01
2.415195115795810143e-01
2.237734271324884894e-01
2.443358438202972160e-01
2.326998033288443513e-01
6.063186754070488682e-01
3.009075759619127544e-01
3.790437238042175250e-01
3.848874356531729046e-01
5.263894421178204608e-01
1.247771103505133372e-01
6.126174349496062987e-01
1.329849179684250149e-01
5.106929478350570317e-01
1.178115607304520557e-01
4.429047384035859070e-01
5.169981888497861000e-01
2.802871787361750910e-01
6.122265908925900169e-01
4.700517981069276541e-01
4.783924862651517951e-01
1.013702335953025196e-01
4.689597668148356990e-01
1.047484393728399243e-01
1.958873168433287459e-01
2.660406525069297090e-01
1.479225278246417696e-01
1.243208407338016325e-01
3.701435599696987211e-01
1.217863361096210850e-01
5.721620939386029558e-01
2.194955277347965250e-01
3.133236294414832313e-01
2.275671613486604239e-01
1.661945046296786077e-01
6.096814991683191520e-01
2.092764450848303981e-01
2.462080310730417332e-01
8.015791370421836148e-02
7.177005915696384186e-02
3.019984143819158806e-01
9.516301536814995854e-02
1.210862148828158041e-01
4.364644321771837809e-01
2.441553632564774923e-01
4.309289874709014700e-01
3.612861356234940424e-01
3.946345965474796214e-01
7.780602265316159671e-02
1.456168516475039310e-01
1.080170918816705933e-01
2.265242616872433501e-01
2.658506740124416678e-01
2.270869106363753720e-01
2.751447453085294897e-02
1.748326933900719651e-02
1.961622318663867881e-01
3.837096374712119506e-01
3.013097808372650066e-01
1.913613685337576531e-01
1.830518855626684371e-01
6.105924891857462677e-01
5.169981888497861000e-01
2.228914716777490312e-01
4.661188711482584512e-01
2.132916094204659330e-01
3.092125650777464291e-02
2.513947177269262867e-01
4.615504908535901785e-01
3.667738085455184149e-02
2.381384033023601909e-01
5.062401120934740817e-01
3.783950567411009658e-01
3.547008641835978082e-01
3.716040036587005546e-01
1.370656660607549038e-01
3.485687638628580109e-01
3.617487246410588941e-01
3.222009025731898957e-01
1.960526233047145683e-01
2.840419861346432651e-01
4.760145328692531042e-01
4.915937094251366518e-02
5.990033870212553291e-01
1.027264878554467048e-01
4.938643756196023360e-01
3.854524714327225987e-01
3.433142020676369088e-02
6.314691715784137571e-02
3.008096048016570823e-01
4.586237677643693056e-01
1.784773690934182422e-01
1.703265666733220218e-01
1.559582336644310396e-01
5.734137637365859241e-01
6.461307600189341027e-01
9.505885261197676017e-02
3.666209891519022213e-01
2.388879869774641895e-01
3.589071427358747068e-01
4.691278764169111160e-01
5.367575368493077148e-01
1.257046166674518350e-01
2.020423690016618923e-01
9.776157069194792160e-02
6.081368404281231044e-01
1.240488191275323782e-01
6.394694713201488911e-02
5.374175186694546413e-01
4.423810099715373423e-01
5.379868785643133755e-01
3.071984203344101938e-01
4.922882073548120463e-01
9.268786361347805536e-02
4.030438700831383558e-01
1.735854518514558589e-02
9.902574484850389103e-02
7.871222703222552353e-02
5.478889708959356897e-01
2.653146071173321796e-01
2.249844006221566883e-01
3.130456208071865087e-01
1.016551442918176423e-01
4.129980212097850156e-01
6.895486975832033905e-02
7.982891380523703118e-02
1.845865600894044667e-01
5.663427296179956993e-01
5.033864024182558294e-01
5.769342307531435399e-01
3.715344910903478071e-01
2.593729096356418573e-01
5.159610506996294838e-02
5.979433208975213354e-01
3.302917734912460546e-01
1.168232987493314917e-01
9.681123699925101023e-02
6.260875668268746363e-02
2.954183797918034649e-01
2.930547333587597003e-01
1.431563369450477574e-01
3.772041241084144181e-01
3.305357097919265352e-01
8.903525426233832585e-02
5.588688720179124658e-01
7.575144597159408355e-02
4.208959271794397994e-01
3.617487246410588941e-01
5.473247333636707679e-02
6.102366970197999896e-01
7.359078044634627391e-02
2.250855001635605757e-01
2.286753955458870058e-01
1.356946127754030951e-01
6.234334414621157672e-01
2.346882192472471151e-01
1.542390428703016014e-01
4.136907948996180195e-01
3.778353704729255358e-01
5.078381112310689088e-02
1.771164635719919001e-01
5.204993154530334065e-01
1.080834921713549612e-01
5.769180430289437833e-01
4.430293655024611366e-01
3.030465724897195012e-01
1.527148761962303647e-01
2.899654822515593255e-01
3.919518722845513614e-01
2.417906495503806263e-01
3.391949247069830919e-01
1.254070333971498696e-01
1.858911103359860983e-01
7.293537832453769743e-02
4.469899061092750814e-01
6.419135138123547302e-01
2.573222143157048447e-01
4.561283022779073770e-02
4.799127344861499056e-01
3.356890697537004420e-01
1.378928733789674954e-01
1.447988063719413410e-01
4.984097922724913809e-01
3.700178195935072689e-01
5.828601361734465913e-02
2.177152027146168067e-01
4.240358961238816504e-01
3.167534646296546463e-01
3.230938011354041878e-02
1.256823148188720429e-01
3.365059005795694724e-01
4.253693020681577064e-01
4.771641239351080421e-01
5.668501191442104625e-01
2.032528741032849640e-01
5.894100021841890413e-01
2.538247068703292086e-01
1.082220251562304031e-01
4.961160780754343969e-01
9.391703759158449849e-02
6.070304600163105579e-01
2.612002856000008033e-01
1.981446854866008023e-01
6.293768415354247803e-02
6.163474982922662049e-01
1.289460977587805479e-01
2.256478812836764658e-01
3.181490932818144546e-01
2.393792393787439465e-01
3.693341952613933832e-01
2.028135647903874794e-01
4.162183473142180151e-02
5.424715596855865796e-01
1.712782503240825871e-01
2.109142109911882890e-01
2.016300036595563006e-01
4.049518977346390214e-01
2.638170655756517102e-01
1.829852731564672874e-01
3.477051380041022433e-01
2.548081414192943650e-01
5.966386229302194089e-01
6.072218720148866433e-01
1.005339222421730710e-01
3.166597290853394031e-01
1.014435953723075157e-01
1.937554073466611348e-01
1.845313438715080745e-01
3.499437336344864979e-01
1.790473910962711857e-01
4.877707311428175485e-01
2.126784910185427480e-01
2.589273140271050044e-01
4.646666531009759904e-01
7.687623733508441859e-02
4.575986052198515730e-01
1.580442797851184245e-01
2.991891186187026208e-01
3.538878620390242813e-01
2.831618874504377992e-01
1.024295500736223941e-01
2.894279785093755927e-02
3.635920047807991162e-01
4.283558344564632470e-01
3.062679735886618682e-01
1.222532305292889088e-01
2.612997954466343975e-01
6.544769155658614057e-01
1.613801305903687922e-01
5.554083217613833279e-01
3.567743591690396010e-01
1.467598515168773710e-01
1.032797560890125754e-01
1.038786021679130311e-01
4.511841195537803495e-01
1.425262413235076631e-01
1.646583202087923969e-01
3.312067807033069466e-01
3.852759442361369246e-01
1.205090172178085034e-01
2.442533277561619032e-01
2.658506740124416678e-01
7.103776641015595306e-02
6.626697523961389003e-01
1.623144843336659093e-01
1.490211306905596111e-01
1.028885847748636506e-01
3.627406371083669590e-01
6.367582791205717019e-01
6.404713257973522200e-01
1.808873578907853608e-01
4.349717368329408251e-01
2.138489940186957261e-01
3.150605125377495264e-01
4.816168323365174753e-01
1.981423273398069951e-01
4.732130398429665874e-01
3.007225138267550779e-01
3.678415996124170806e-01
2.922063962415437088e-01
6.397889476618605631e-01
5.369954802449978387e-02
6.369414452283406192e-02
2.746115126317432709e-01
3.847280608072297103e-01
5.232841762899818061e-01
5.000667732515721164e-01
1.422883562239460331e-01
1.094403235896217741e-01
1.114806885603060460e-01
3.554426723678141831e-01
1.941476009946939418e-01
2.730879886587955219e-01
2.143697609929943459e-01
2.928286367432191284e-01
1.945803809912603211e-01
3.172755708755339299e-01
3.554522103034380431e-01
4.864268530470016172e-01
4.267361817369913490e-01
1.331192250697356971e-01
4.749757325093292293e-01
1.292569205867657722e-01
2.265269578952453511e-01
3.922614221254080991e-01
6.249688610329545008e-02
2.450574823220095233e-01
1.322958407995835084e-01
1.292402337568290260e-01
7.215014284035234371e-02
4.740710724059093994e-01
2.253285140236431228e-01
6.322955477606784225e-02
3.413426587572665483e-01
3.160850212182625407e-01
1.747166595304013581e-01
4.308583382000229500e-01
2.201550604472259087e-01
9.565795234188788354e-02
3.049258820474197718e-01
6.420055984866611387e-02
2.624621074254612219e-01
2.693318050547985898e-01
2.477092827157714172e-01
5.534524870277738318e-01
3.380706327042575232e-01
2.464691981463158488e-01
2.032143715262806349e-01
1.420678284692419024e-01
2.196347102992084466e-01
5.369733349053515403e-02
6.004793484155510619e-01
4.262258945060534709e-01
1.918577263132363875e-01
1.059692836838973945e-01
2.463467245641915992e-01
8.481383718728938148e-02
3.484890082312857573e-01
5.865092842215504504e-02
2.163446109009801652e-02
2.592686084543813774e-01
4.385756820264347655e-01
2.364059853591902183e-01
2.698043408507166396e-01
1.649675572649592914e-01
6.556856362020331563e-02
2.521684458010791663e-01
4.433382786446000146e-01
1.707438719828980114e-02
2.575597909873942881e-01
3.019366987690039750e-01
6.647449528364920424e-01
1.543187334288995682e-01
1.706116217119781064e-01
1.781097363356123342e-01
2.467567520806597248e-01
7.293537832453769743e-02
1.903021678176607112e-01
1.457976054787427922e-01
1.918874134233559126e-01
3.469316661014351100e-01
1.666827323517672266e-01
6.435718406862336316e-01
1.641587227083572964e-01
4.333543711793515496e-01
1.010537503392516939e-01
3.488102112843872171e-01
2.000656359303024934e-01
2.540251028481039786e-01
2.246452429539074758e-01
3.133895432078758203e-01
3.578296649258532747e-01
2.278918016254770917e-01
3.695761399585599793e-01
8.518227370754700989e-02
2.668369767077829469e-01
4.599758368593162561e-01
1.965140313161345686e-01
1.089289852734043051e-01
3.630419930012750429e-01
4.216596999999220885e-01
6.173207077358824346e-01
5.236652982300941117e-01
3.867621716655323394e-01
4.327243785704153467e-01
2.708712384981363797e-01
2.422068103184462085e-01
3.487754227374238458e-01
1.351816408860883056e-01
2.539549870883589522e-01
2.452032682636045569e-01
7.372831705182068818e-02
2.593487581755207771e-01
1.064614980290028851e-01
3.521624059053699018e-01
2.401646617126650951e-01
4.155045065335304100e-02
1.188958408321759974e-01
2.528068320831194371e-01
2.192586127688056219e-01
3.057395566932862851e-01
1.801431577625814962e-01
3.071984203344101938e-01
4.228825806635007623e-01
1.357870092592760591e-01
3.377963283089291946e-01
5.633031603026439349e-02
4.938077023519464870e-01
1.346162702392801336e-01
3.055831560015130344e-01
5.609045085073414150e-01
3.477717707947269865e-01
5.819578912988351144e-02
1.998640634442475361e-01
4.545441466641850226e-02
2.496665500873137267e-01
2.538318564897436569e-01
2.114319146920385362e-01
5.500414783782926476e-01
4.115446789662904337e-01
6.440388976674114863e-02
1.358604724129364449e-01
1.612987050902694453e-01
5.773602374810499899e-02
4.871376152338410259e-01
2.067562981701787372e-01
1.854727107692064614e-01
1.324354584076228025e-01
2.487408666409259561e-01
5.306545576009693427e-02
2.947108980381535348e-01
4.796889200864339897e-01
1.921817068556263830e-01
6.457172243486161145e-01
5.997606924166176690e-01
2.303041080055414636e-01
1.082845457995625094e-01
5.982664243160873419e-02
3.729101066140595999e-01
4.244466919413671380e-01
1.887424684786986606e-01
2.555680757006995041e-01
9.776157069194792160e-02
7.661456515944500834e-02
9.455973832634366472e-02
3.523410092750098310e-01
3.189318844447200929e-01
2.984485254599144044e-01
3.918410037043753430e-02
2.134399118812037588e-01
1.667733229495508840e-01
4.718240105373467386e-01
9.282917819314917551e-02
9.863822677950546958e-02
2.279367817954699171e-01
4.156060405488832266e-01
1.793974151265758932e-01
1.232418537257288088e-01
1.670387804819520317e-01
3.027904467091571683e-01
3.824662169275089840e-01
1.196662215093129422e-01
4.407762440622272626e-01
3.676811642780948852e-01
4.363604511915037953e-01
1.475039375336025804e-01
1.708373442786928487e-01
3.880166630839840813e-01
2.388015250277590873e-01
9.565795234188788354e-02
2.611584087591409808e-01
4.448326647902723363e-01
2.631876271902867104e-01
1.023277618452513998e-01
4.042935212751270768e-01
5.210957235468652859e-01
6.624279804244038727e-01
4.565172212386993111e-01
4.373202873450121042e-01
6.245883958862759044e-01
4.845464853910982916e-01
1.069773421099825539e-01
1.601774659340481632e-01
1.213364531161893883e-01
6.280072068457298595e-01
4.283852573441928602e-01
2.573676309450381172e-01
1.399727243278843236e-01
1.249712163608578813e-01
4.207798114128358247e-01
3.945280659193415862e-01
2.945920133285993558e-01
3.311544423666243353e-01
6.331245976612225046e-02
3.402417614712029970e-01
6.534954196477311961e-02
4.994174431404823644e-01
3.099402322911156693e-01
1.334663416034334027e-01
3.302447705540895173e-01
2.745348960715886522e-01
9.136022641795889243e-02
2.969153780072953941e-01
1.342518588447734196e-01
1.436451526978442805e-01
2.687841345633776857e-01
4.436217522887602738e-01
1.346772315545431142e-01
3.055831560015130344e-01
2.205749977489233904e-01
1.001141464887181642e-01
6.399159830535176008e-01
1.705382910856998169e-01
6.246089647671307921e-01
1.013251425546343176e-01
8.440543223463461975e-02
5.747966679215692487e-01
3.354944480368408088e-01
1.863393475477380379e-01
1.000260686781189734e-01
2.693320877297443738e-01
5.812767901523057112e-01
5.929163861403528024e-01
2.867694316060473980e-01
1.586821393608435771e-01
1.957080314646672259e-01
1.040175394974829498e-01
5.940954197880139731e-02
5.926996186181691245e-02
1.480171881888871499e-01
4.255338293054442000e-01
1.034843828538419275e-01
3.506678808444455009e-01
2.759955462297666307e-01
6.217300055432732897e-01
4.802639768318832103e-01
3.818773142562990053e-01
2.770231421648825521e-01
1.127987258532830300e-01
3.559097944185374285e-02
2.073956646763364664e-01
1.286793132539031936e-01
4.144407908656335127e-01
2.245213967273807509e-01
2.927596077705468813e-01
1.897624707064655414e-01
5.315038623516161742e-01
5.619499689829513672e-02
4.520620223108403057e-01
3.875703796924784283e-01
1.735854518514558589e-02
3.982505854976557957e-01
5.000667732515721164e-01
3.858370008676044738e-01
4.163821408363507226e-01
4.770326044149494904e-01
9.455471154516467691e-02
6.294817340927191252e-01
1.081743517109554076e-01
2.803808235092211110e-01
6.204207118338003202e-01
1.640591051428510749e-01
6.829881727258094171e-02
3.504746921157309014e-01
5.231024728212081421e-01
1.507514709375867012e-01
1.380935205073464400e-01
1.753538303542550303e-01
2.703998982958026320e-01
9.027297879636318745e-02
2.381384033023601909e-01
2.148669439548413218e-02
3.283079504457379616e-01
6.624279804244038727e-01
1.064900716973606887e-01
3.404877769065428605e-01
6.106285542693684620e-01
8.909439950413022835e-02
1.693748915427234214e-01
6.257385701823128255e-01
2.009361272308313184e-01
3.160103630607867253e-01
6.185165192515288402e-01
1.144966660081310483e-01
2.050082686903441642e-01
3.398741222386921224e-01
1.746462313876648298e-01
6.418551984829353740e-01
4.448326647902723363e-01
5.470856228711566960e-01
2.690439388106470320e-01
3.291354889494021996e-01
1.063074446910060311e-01
2.462838078231677774e-01
2.181620941642703482e-01
4.345560234161692792e-01
1.746530931004380005e-01
5.345043252409125145e-01
1.867438824256276719e-01
5.660489789932702243e-01
5.299638679239775385e-01
3.857766945482640764e-01
3.140159861599380320e-01
3.154005658900138065e-01
6.544653345735534922e-01
3.843690531387836673e-01
4.284296385789219258e-02
1.454687340543068252e-01
4.610258454536508843e-01
1.875623560965449521e-01
2.715346659182596989e-01
2.205799704992909560e-01
1.875857071170594914e-01
4.742639614597429776e-01
5.376187772118348196e-01
4.717952074429414000e-01
1.672990909877299925e-01
4.307915145281062674e-01
2.836802723214592037e-01
1.204101215586625973e-01
5.354571745460146026e-01
4.827513944149899872e-02
1.939958502412236774e-01
3.682491017695862512e-01
2.047072779099580464e-01
2.908434159594401880e-01
2.121452352296158972e-01
3.156225993304463961e-01
6.011002307164298175e-01
5.533040526959993183e-02
3.495679871148636708e-02
1.050557735026459993e-01
2.783412776437863001e-01
4.008715588568535493e-01
2.583824728584347974e-01
5.741120168375221100e-01
2.693222845951546152e-01
2.775265090993511152e-01
4.061129182715260133e-01
1.766868219629029180e-01
1.875564909430449401e-01
1.985427982150087811e-01
3.381988347517448368e-01
5.426511582556772795e-02
2.361839727542662526e-01
3.892579652732204298e-01
1.641612352629082672e-01
1.968587930088018523e-01
2.651559973338823428e-01
3.959865993128720008e-01
5.296879700916138356e-01
2.588473000182318629e-01
1.016689183085441456e-01
4.124587037580193516e-01
1.487377572431958228e-01
1.804297605554512351e-01
2.233727587265252057e-01
3.836300649021739395e-01
3.774935938049681639e-01
4.380255122994823613e-02
1.913088409657647537e-01
4.364825300084008153e-01
6.595420084255541049e-01
6.461307600189341027e-01
2.533578896829947191e-01
1.204614351083020812e-01
2.563598811114889409e-01
5.074281639185704851e-01
1.997433510727545658e-01
9.953444646564432730e-02
3.262844254651011688e-01
2.742648045696237380e-02
3.983711825664069117e-01
3.883446585826900305e-02
5.460776732788366061e-01
1.357598576265648949e-01
3.032503806656995371e-01
6.621425285128321181e-02
1.154745556531985434e-01
2.257344536385462452e-02
1.491089697842938877e-01
1.227289616164845276e-01
1.507381114551978596e-01
3.578812342080420206e-01
2.587394634647014469e-01
2.201550604472259087e-01
3.779031786181867303e-01
1.599152142199697021e-02
9.391703759158449849e-02
5.865092842215504504e-02
3.617754526267937809e-01
3.028230108900750173e-01
2.181001384118952668e-01
5.304098652998779917e-01
2.496665500873137267e-01
3.663511075775570669e-01
6.196710363572106584e-01
4.639654975320418040e-01
