3.734916816735397993e-02
2.890837271128449820e-02
2.642339797476328522e-02
1.592153551691702015e-02
2.538572416870264054e-02
3.543097303037545664e-02
3.088157071735958548e-02
2.239807961261922400e-02
3.434498913631116312e-02
2.808907307375503593e-02
2.414157395214138260e-02
3.484215845976295495e-02
3.636079856536485883e-02
1.098468078357647468e-02
1.672359332800885459e-02
1.272640278008666144e-02
3.593347885214914078e-02
2.522491124962789044e-02
3.769490696588252698e-02
3.688095715774165895e-02
2.791893651903681883e-02
3.583833660835744617e-02
2.915459473757639822e-02
1.350543913806736065e-02
2.841974838896137168e-02
3.604222128260765184e-02
1.369719826714642721e-02
2.156288422630040641e-02
1.667925883877909715e-02
2.883645943408240028e-02
2.139404268744158136e-02
3.155340363713168145e-02
3.686922647070764447e-02
2.411901526037334847e-02
2.951760013774822750e-02
1.253972515326648093e-02
1.877201529204880134e-02
3.425120612824554545e-02
2.698354797150364498e-02
3.107113411146238124e-02
2.643366086270274723e-02
3.069063906595951435e-02
1.345175660799790944e-02
6.460315428569393843e-03
2.334875090143362364e-02
2.296549511051321907e-02
2.021308288292054944e-02
3.651907947329453147e-02
1.648716816315792463e-02
3.023810679456072348e-02
2.699330009830106653e-02
1.440840547849009043e-02
3.122321011529623214e-02
1.579054340796140835e-02
2.215443524550919641e-02
2.773880994630584934e-02
3.685560566091748008e-02
3.268268036338143473e-02
3.762604409464923028e-02
1.623132733794893645e-02
2.895202427069093823e-02
1.146859198302160009e-02
2.307210238978548572e-02
2.118103836328996334e-02
3.144682894253290895e-02
3.341734746827314251e-02
3.379508935646219348e-02
3.535751292300657461e-02
3.148161487271030484e-02
3.773191311519201452e-02
3.673347659613284549e-02
2.804727008280016864e-02
3.038678251454345405e-02
5.415228998805615701e-03
3.379508935646219348e-02
1.656661834812013512e-02
9.265576974540791141e-03
8.391079865547941552e-03
2.340527708080580166e-02
2.633241235113412473e-02
2.502974189418206985e-02
2.586467989171098783e-02
1.362701962595544436e-02
2.579444881627814684e-02
1.627539510594005687e-02
3.359550571102051797e-02
1.581273048673978790e-02
6.993474542310619546e-03
1.782290586471081337e-02
3.285163089186699664e-02
2.749864405289781377e-02
2.431169159510192940e-02
8.040190240931291421e-03
2.677342941860996056e-02
1.302619622106981553e-02
2.017886958286758611e-02
1.772894237627714933e-02
1.446357938022426598e-02
1.798912103855393116e-02
1.971412862082064926e-02
1.524377943910774566e-02
3.315208097203040105e-02
3.353342725075348502e-02
1.737091198465765679e-02
2.446050126408321618e-02
2.744552490012923396e-02
3.414139875961648418e-02
1.308286556556808103e-02
3.614489781193079565e-02
1.005063973205611895e-02
3.494837879541633219e-02
3.110645326312516667e-02
2.497354510487482734e-02
3.602977134523995678e-02
2.291007029614885310e-02
3.381202292126904430e-02
2.381132588879230835e-02
3.531400009376417515e-02
2.920756888549146113e-02
3.540472593032702175e-02
2.818535090532647142e-02
3.609508628324953339e-02
3.471996611214190481e-02
2.012588997005301111e-02
3.753707442931170785e-02
3.624914066219926678e-02
3.401210219396485351e-02
2.713438457620099414e-02
3.209873324270853812e-02
3.358141143526976319e-02
4.603854430529573036e-03
1.282320096948444746e-02
2.675197116460497487e-02
8.799105507484607930e-03
1.563062129072251630e-02
2.812355840029720153e-02
3.305390261831737952e-02
2.492851260000775865e-02
3.512681006611483026e-02
7.381309524547261490e-03
2.434340058001218526e-02
1.908518529805490471e-02
3.397126183001576011e-02
1.625418846712537585e-02
5.399947509027478582e-03
2.829302079515163063e-02
2.179119254877776024e-02
2.901113318476748748e-02
1.786039702970226503e-02
1.779175735332520769e-02
1.690544407987638192e-02
2.187389712845672421e-02
2.990279946607206363e-02
1.283619127324267008e-02
3.267506079358338533e-02
3.481953811771241331e-02
2.044220692488249100e-02
2.326739838379050448e-02
8.798301049167150945e-03
2.916529798524315070e-02
3.154174348742574269e-02
3.329480582607249883e-02
3.279114086287005653e-02
2.319143718355316103e-02
3.537584833910632082e-02
3.546588328165984488e-02
6.810658718821833470e-03
2.396832271866630726e-02
1.841234288339655897e-02
2.108323020384904323e-02
1.867609757117249733e-02
2.676701354561165577e-02
2.899132292254028714e-02
3.226742516942045919e-02
3.489449562749349920e-02
1.984094593342859356e-02
1.714905890489211090e-02
3.720113204747677038e-02
3.405525220707793232e-02
3.733484003703677057e-02
2.209984635231937791e-02
3.584713902942614910e-02
1.815618447174285541e-02
2.607031954935785933e-02
2.825231054280133436e-02
1.919362660404305004e-02
2.518662366264741437e-02
2.264280435521149465e-02
2.826150626043903019e-02
2.960726460699817514e-02
3.460546260179724748e-02
3.296404481585774038e-02
2.747941124902295723e-02
1.877768622372062365e-02
7.673732073228742463e-03
2.894647582631925536e-02
2.724930920944036022e-02
3.582393704162447484e-02
1.237661285948888149e-02
3.114355125669758875e-02
2.236318722941851855e-02
3.385659747538374842e-02
3.408557225962393494e-02
3.261783509747294418e-02
2.796686541998910994e-02
3.376665144984111744e-02
2.094885480959808588e-02
2.506184285870685993e-02
8.385440881433538218e-03
1.696084545256403009e-02
2.879417541476904027e-02
2.204387868433091077e-02
1.844764828942496715e-02
2.927064195059849924e-02
1.898199528755405846e-02
3.075577097766231394e-02
2.992565772135352339e-02
3.497154630041732215e-02
1.343698974434223009e-02
2.333360375027529465e-02
3.065160338496674200e-02
2.439805036045588488e-02
2.461626711142412757e-02
1.649296665575175277e-02
2.169153815477079666e-02
3.212591890410916584e-02
3.379508935646219348e-02
3.529189173359204013e-02
1.440537992918161300e-02
1.679051646930845507e-02
2.085651023227130113e-02
3.741447745352647486e-02
1.780797978518210145e-02
2.019577212286796306e-02
3.134760007126252690e-02
2.657707641248819447e-02
2.050263354708786734e-02
3.703859817244455066e-02
2.443349580487105127e-02
3.530141914148755833e-02
2.754772525749420858e-02
3.412749526236813491e-02
2.980767285578494324e-02
3.488241028764719337e-02
2.135474905202338486e-02
2.003632606107577999e-02
2.822250190796006530e-02
2.916607808609716218e-02
2.986033513144322263e-02
3.512681006611483026e-02
3.330403056877950796e-02
1.657072744230467243e-02
3.105789460112938494e-02
7.437733436032482881e-03
2.597925966084686095e-02
3.369429053444805700e-02
3.192840425437219742e-02
9.529675837787739828e-03
3.027634829538512762e-02
3.162349325404440609e-02
3.008003686991417985e-02
3.127328168741755343e-02
2.642730000330691109e-02
3.500909797295348458e-02
1.603526310644314001e-02
3.746310942815486017e-02
3.226587787594528689e-02
1.322067854910864357e-02
2.055948457484216979e-02
2.942691240873289774e-02
2.195901625457723910e-02
3.174033473712935954e-02
3.257978252967554805e-02
2.870830851843910597e-02
3.166107465195101139e-02
2.647880833639015483e-02
2.001869176901026337e-02
7.997715672097678585e-03
2.760611180334670775e-02
1.834038128422660688e-02
3.003408321422296884e-02
2.819253518192459465e-02
2.576086631720295173e-02
1.610065564083298928e-02
3.732952706113109448e-02
2.173874713561697869e-02
2.176938376558142096e-02
3.415174594423437543e-02
2.633082358488416860e-02
1.713473882162572931e-02
1.805310159713068713e-02
2.217334714446214314e-02
3.591684658834783800e-02
2.979985353973330087e-02
3.239399134443911310e-02
1.843997640763259116e-02
1.255728704385577349e-02
3.136130823555162428e-02
3.743889937200563234e-02
2.565230271926323413e-02
3.104170884171296788e-02
2.893986105785741406e-02
1.850823355959519897e-02
1.443344168362815580e-02
3.127760311732405429e-02
1.729252215119914809e-02
3.516361898794938962e-02
2.582539668833958371e-02
3.627282925445798195e-02
2.212847246818368252e-02
2.309385958656274065e-02
2.944852347191895259e-02
2.338155486691599616e-02
3.584938758742363396e-02
2.444925309080487469e-02
2.091713717390610017e-02
1.469514215306959824e-02
2.956101916289682885e-02
1.668258578548584628e-02
9.111656220368712089e-03
3.528738582285857045e-02
3.471417232579620399e-02
1.197975448179957117e-02
3.473756754273628344e-02
3.555697912023186857e-02
3.479494696236072604e-02
1.207563349120761853e-02
2.454062479075885123e-02
2.759643077237473180e-02
3.480431975633048458e-02
2.393847044543672212e-02
3.084047568890941129e-02
2.310437584733100735e-02
3.581996135414446114e-02
3.586046808023625465e-02
2.824879576035448786e-02
3.282539859144696648e-02
2.936271738677344312e-02
3.341658095141829266e-02
2.014453998358534115e-02
9.295446204886755742e-03
6.035102761265826940e-03
1.712576788945473563e-02
3.754243586274537414e-02
3.269246479822348478e-02
1.752953761020117907e-02
2.739842327066633471e-02
3.729113557535788936e-02
3.765177637456183779e-02
1.562765413098049852e-02
3.123572175711164176e-02
3.461832695033142254e-02
2.349785804686770757e-02
3.204550250769028913e-02
3.509769571920066250e-02
6.993474542310619546e-03
2.826150626043903019e-02
3.136484128464604726e-02
2.932121258140433714e-02
2.605389541337087972e-02
2.432159145115283388e-02
2.520120671991941258e-02
1.300825679775211366e-02
3.533773174093704506e-02
1.660928148120736567e-02
3.428842890305974084e-02
3.216379626276676118e-02
2.933441423911190005e-02
2.845350737593634050e-02
2.174438651781615550e-02
2.890145945721001725e-02
1.462946003123655886e-02
2.063086402104589642e-02
3.201438720715597819e-02
1.677662581372371328e-02
3.108040452227565573e-02
3.497175575721565149e-02
3.475892550378224810e-02
1.267830771895596224e-02
2.867889390630591270e-02
3.586116601391612507e-02
2.275379746708626125e-02
1.429347195842819648e-02
2.672917773835669850e-02
2.860972047224666359e-02
1.790827957805377763e-02
3.612501809233900629e-02
2.098981185348301054e-02
3.700554795108211559e-02
1.039737479897046533e-02
1.134222426130235620e-02
1.984094593342859356e-02
1.816437567009068776e-02
3.018545177601202750e-02
3.494520690174310329e-02
3.739472710135254702e-02
2.496963308429982209e-02
3.290101855518993978e-02
3.411734550742218097e-02
3.719493921218849919e-02
3.378359999293491928e-02
5.720601174594514698e-03
3.537890763708245734e-02
3.684546581697729917e-02
1.789862368484051308e-02
9.985905812867349601e-03
1.209472894157408163e-02
8.264957422631311751e-03
2.630282686192482455e-02
2.372431704479258802e-02
3.181915417589119277e-02
3.561274615666281534e-02
3.636037082507772439e-02
2.881277660191258055e-02
3.640389488387120454e-02
2.630282686192482455e-02
3.326325838531712237e-02
2.430381864683705401e-02
1.922514493018193105e-02
3.454907543692523064e-02
6.491037627525609449e-03
2.610204395911083081e-02
3.084123741041266964e-02
1.919362660404305004e-02
2.647880833639015483e-02
2.035039993911256367e-02
1.752953761020117907e-02
3.501359910990051172e-02
1.696241759287967638e-02
3.723802871249198843e-02
2.938970333178575478e-02
3.282552937190816311e-02
3.642924148955192093e-02
1.229475027464706390e-02
2.663608590854770614e-02
3.539416546952611070e-02
2.141295939475006127e-02
1.507726830586952199e-02
1.466093597112953437e-02
2.738160089033981476e-02
1.980483931399143124e-02
1.792886054984069513e-02
3.548620260893060874e-02
3.695284383397912792e-02
1.876155839731575084e-02
3.735960706143576920e-02
2.629304359720225498e-02
9.997499739583559294e-03
2.225404953389920060e-02
2.633388208294852942e-02
1.618664339767585114e-02
2.182478440968588576e-02
2.405555889541785564e-02
3.673069452526363243e-02
2.103592308273406417e-02
2.810387988347614469e-02
2.009338334998277131e-02
2.823954610086110845e-02
1.602788560457271694e-02
3.223031386998710668e-02
2.195901625457723910e-02
2.900345779646510205e-02
2.399892621147124011e-02
3.408557225962393494e-02
3.187023432685242436e-02
3.126226803864117637e-02
8.635778662883477480e-03
3.144560323127469637e-02
3.415484390410278293e-02
3.258358291436096871e-02
2.131612744010797852e-02
2.608974408531859399e-02
3.169657362527324856e-02
4.625981791011184001e-03
2.479865493066284871e-02
2.534883448079663579e-02
1.265860544839595911e-02
1.674445218005190736e-02
2.711721759697491990e-02
2.937050960774530844e-02
3.613686879270251034e-02
1.683310646412217865e-02
1.519800873052709958e-02
2.468754065902419026e-02
2.792314208100770204e-02
3.533542495829941621e-02
2.329517550555713565e-02
3.546378613984792205e-02
3.010301122850394390e-02
3.701256711663088173e-02
2.789110999788716599e-02
2.899631488452024744e-02
1.394315872898358247e-02
2.692324852640393465e-02
3.581107602973590542e-02
1.211887648263597003e-02
1.407245009762813324e-02
3.334048923740533937e-02
3.533773174093704506e-02
3.264187838304382500e-02
3.076868639721361265e-02
1.539584391652995890e-02
3.108108657701638342e-02
3.596244743369037683e-02
2.830941484974494604e-02
3.467014333556223127e-02
2.170867212473510943e-02
2.671608094679921511e-02
8.003901887182716945e-03
2.285205357979103874e-02
3.535032634685548319e-02
3.459467319350964520e-02
2.407089000866291517e-02
3.587832252586323906e-02
1.600743953924227761e-02
3.105545992921230833e-02
3.677314547118600008e-02
3.219543980500357006e-02
2.941731468088982018e-02
2.954341618936881519e-02
2.426559110195334115e-02
2.417717519593487810e-02
8.489115848306192855e-03
3.606267244795100663e-02
3.149553071235939444e-02
3.184180002249736852e-02
7.146737454408779930e-03
3.485695968130565758e-02
2.761779593807464628e-02
4.865610290776263558e-03
1.677081555206415275e-02
6.035102761265826940e-03
2.563150414834354518e-02
3.286776419215017148e-02
3.197329117043816449e-02
2.439871902040775808e-02
2.940237062226742915e-02
2.930246382322128362e-02
2.723275227993986886e-02
2.556419014731111869e-02
2.766291854044457266e-02
3.141529702647970212e-02
2.050263354708786734e-02
1.508211630113522744e-02
3.261077834546493442e-02
3.692440788503424665e-02
3.457769407361642455e-02
2.174784776892803306e-02
1.379849739149396903e-02
2.794631464127447437e-02
2.043384485766890080e-02
1.898254615317564176e-02
2.796345413620068485e-02
2.698310054216589843e-02
4.625981791011184001e-03
3.679907066436688412e-02
3.565326376351560245e-02
3.251067901408770389e-02
2.766313962701746898e-02
3.360363755456586415e-02
1.531740860984785041e-02
1.973717275436887367e-02
3.391151263929005621e-02
1.781617164389401320e-02
3.144682894253290895e-02
2.362009094693188690e-02
2.896375714021830541e-02
3.328664179547940333e-02
2.852091366247696755e-02
1.228280975107393092e-02
3.741603355152146176e-02
1.505724429950835996e-02
3.110084774367456728e-02
1.631965618029615137e-02
1.450377483321560641e-02
1.643889263680823123e-02
3.083594739654674927e-02
1.876489727301497087e-02
3.604021317083085790e-02
2.787600879845791163e-02
2.305591468495025997e-02
9.654677822740355408e-03
1.553842082610588232e-02
1.313554895059971389e-02
1.553140935254120406e-02
3.640798174671598664e-02
3.522947443832465109e-02
3.078787880208732480e-02
2.633321901513244190e-02
2.284295071591526879e-02
2.807946324301631436e-02
2.602603754265076300e-02
3.592058285539006385e-02
1.752760172074934245e-02
3.318488531035369837e-02
1.640162794831577162e-02
1.280408449010156380e-02
2.067106940866688877e-02
3.337017449884788212e-02
2.250094955741998790e-02
1.885837028460998765e-02
3.541466331654122279e-02
2.370131196207387117e-02
3.568912614357263452e-02
1.027996217725757160e-02
2.860110225927075742e-02
1.281952633415152192e-02
2.597480900658329789e-02
2.257657135288126948e-02
3.471056340795942302e-02
1.518228476694622256e-02
2.319139180510751755e-02
6.735853692293023234e-03
2.890597683858546485e-02
2.141295939475006127e-02
3.725637585534365137e-02
2.547027406448101883e-02
2.052302073198965585e-02
3.128690219649490900e-02
2.620009578440176540e-02
2.585683589533739266e-02
2.940413352658501761e-02
3.690790810635086183e-02
3.371551074020098793e-02
3.631286639561889101e-02
3.631743460795117812e-02
1.803390517828901835e-02
3.764692484417862806e-02
3.293726934030989650e-02
3.299098948623858246e-02
3.144839251464300739e-02
1.125242204922107664e-02
2.943481716307280380e-02
3.171255937051208063e-02
1.396009613614053631e-02
1.007936583910215220e-02
3.044195018884541387e-02
1.352035073501881186e-02
3.714304444318705656e-02
1.572564634506795969e-02
3.633902296670313975e-02
3.228868022557095790e-02
2.340708683220359479e-02
2.868243662930480137e-02
3.358137882195157131e-02
1.526213999731486012e-02
2.150434100748088370e-02
1.099257029035159705e-02
3.191708985529906339e-02
9.412944499900927423e-03
3.233912258716013788e-02
3.579420254200831736e-02
2.848390252618809154e-02
3.606521984425075517e-02
3.060415312983419400e-02
3.692434034185120006e-02
3.709846350887077010e-02
2.648366739365737993e-02
1.069318677853140290e-02
2.914641076824848673e-02
2.165323463002591375e-02
2.093989333424235710e-02
2.361935450670051007e-02
3.128573592935860598e-02
3.728085039743980755e-02
3.171135071910938935e-02
3.677057828786679111e-02
1.129632271552838060e-02
2.761534799330395834e-02
1.976762363877592604e-02
2.472890898460988404e-02
2.804066893511851163e-02
2.844853486458041869e-02
2.734164174576083836e-02
2.483685586659364550e-02
3.756248144220407370e-02
7.048803699693165573e-03
3.374749356993649724e-02
3.261543981560411504e-02
3.038723336031968342e-02
3.476561244453631877e-02
1.412477758908238859e-02
3.592308604601094496e-02
2.774546107960418687e-02
3.003840039792836369e-02
2.983462881101855979e-02
2.141262383943190462e-02
2.865584677790537771e-02
2.036427116114680747e-02
2.748739983699163142e-02
5.730694700777091456e-03
2.917258992516675795e-02
2.453431544732804018e-02
2.240598693150016099e-02
2.087340113844136230e-02
2.781602487033854598e-02
3.473415265917616929e-02
2.799445153323307234e-02
9.532518337339682471e-03
1.033207172027910542e-02
1.731783687288686660e-02
1.085316825010611969e-02
3.611826006138369599e-02
1.572436125706275223e-02
2.058493456804819099e-02
3.202301062069404930e-02
2.487355439058074047e-02
2.953416618641355532e-02
1.756584393271722402e-02
9.923160452774717338e-03
3.267369987094079914e-02
3.083631461551892411e-02
1.712144819836309076e-02
2.084923655432973505e-02
1.366682197919618508e-02
2.674406429339352270e-02
2.992799392244981094e-02
3.036173120477403398e-02
2.892013479519582250e-02
3.559578458352703756e-02
3.615703292811912883e-02
6.580000687180545017e-03
3.561956808458866669e-02
3.616119442498647030e-02
3.204736302430327005e-02
1.649296665575175277e-02
3.157873904402843518e-02
3.306503843754356187e-02
1.047753086419481866e-02
3.080722670544611130e-02
1.354454653926173875e-02
3.682698197440298360e-02
1.462946003123655886e-02
2.920996395662259215e-02
2.431523105707521920e-02
2.527061137325029017e-02
3.538318764519014087e-02
3.744423346126570656e-02
5.447356678187974949e-03
1.437807931498266689e-02
2.779598889551326488e-02
3.748699325215687495e-02
3.147417681725350747e-02
1.833865006762583696e-02
2.387977010206791123e-02
1.821068487619284526e-02
1.915825397628607984e-02
1.059924134432103232e-02
1.625437807279060676e-02
3.712905333818194986e-02
2.865450640426207146e-02
2.985532245643335650e-02
3.032133587978445149e-02
6.993474542310619546e-03
2.534485417746397060e-02
2.460157137739966277e-02
2.594255218232081883e-02
3.349846400896744347e-02
3.085909094793310922e-02
3.336911441943556100e-02
2.722190491356297343e-02
3.535363164952649156e-02
2.723528455733393444e-02
2.399892621147124011e-02
2.568437531508594926e-02
2.752067259821170536e-02
2.913206518927761654e-02
3.680961509597317771e-02
2.849773885258131967e-02
2.664049776382117207e-02
2.555826376068657049e-02
3.179952104128755397e-02
2.001174805475892937e-02
2.589236265736014758e-02
2.724909093547335862e-02
2.848283048642250709e-02
3.709724984421646637e-02
1.037289980373954333e-02
2.417128439529534628e-02
3.273979390248678289e-02
1.775918797974174179e-02
3.270400063223052878e-02
3.084123741041266964e-02
3.739551824702555538e-02
7.818117008196298970e-03
3.219406403861789501e-02
6.522662014202617632e-03
2.684034480632054021e-02
1.540332311572829502e-02
1.518158422648862270e-02
1.618664339767585114e-02
2.814292766989744815e-02
2.692893082710333397e-02
2.651816773499835952e-02
2.659556395758790742e-02
1.988870170952771604e-02
3.676299111955401433e-02
2.264549343952880489e-02
2.808314734033304227e-02
3.764397417382712996e-02
8.290768079690490761e-03
7.542786022510654040e-03
2.041578919071293866e-02
2.322648558116274103e-02
2.113322511419602964e-02
1.090039544953498238e-02
3.677686854121481330e-02
3.156060286467231996e-02
3.175059911445701072e-02
3.271467046639079529e-02
3.386509675937780101e-02
3.104170884171296788e-02
2.610778484173542635e-02
1.186564868906613349e-02
3.580708852783683060e-02
3.003602381729809229e-02
1.707948451723169739e-02
2.898563663602070350e-02
1.483974636876136781e-02
2.652620892944681369e-02
2.451269998132388564e-02
3.222622459537653056e-02
2.526566245324077253e-02
1.344267892260837122e-02
2.041836365336621023e-02
2.959691139649654745e-02
2.307873998885550185e-02
2.174411669650420584e-02
1.484767426298139528e-02
3.125639326012544933e-02
1.775918797974174179e-02
1.551281596020438573e-02
3.248680580816146191e-02
1.068301177024298491e-02
3.048492851792208164e-02
3.381701420221146920e-02
2.799777395231693028e-02
2.981713981455201209e-02
2.045064876445295415e-02
3.622772254172301754e-02
1.663462927695144589e-02
3.356688954620559023e-02
3.258238449085555655e-02
3.409461411506130996e-02
1.281878709024835902e-02
2.860745531043365486e-02
1.944935867211669556e-02
2.925663129555121020e-02
7.779289883998360619e-03
3.485695968130565758e-02
2.752887104684998559e-02
1.667251865534984806e-02
3.135152216943384862e-02
2.515687802765424058e-02
3.522581134414147497e-02
3.774712869149650374e-02
3.304616662455237691e-02
3.090152019240301889e-02
1.255728704385577349e-02
3.411600305840120639e-02
2.434340058001218526e-02
2.165321976140649127e-02
3.602627702560509682e-02
3.701076163193067758e-02
3.191881941035083076e-02
3.460979575314188095e-02
2.672917773835669850e-02
3.321329661043338766e-02
1.147258665546098400e-02
1.500035951907740736e-02
2.804727008280016864e-02
2.644689341661285442e-02
3.369921275916762382e-02
3.717504341603846546e-02
2.830941484974494604e-02
2.680679695966420306e-02
5.512257225536446731e-03
2.496102766205505336e-02
3.774440843411010910e-02
3.701562524632778101e-02
1.528392805320501549e-02
5.585334080751843538e-03
2.444414423065308442e-02
3.427327693730283786e-02
2.223325161383840273e-02
1.974690262049137029e-02
2.810037080517930816e-02
2.942931807968655888e-02
2.638803278408527464e-03
2.382996839464303351e-02
2.021570635777454952e-02
2.896526249090109612e-02
2.339783027006009375e-02
3.432318569314178613e-02
2.373005294101930215e-02
3.624926908164399775e-02
2.842364751037297632e-02
2.101875137417171663e-02
7.300624342594491320e-03
1.874126826574232241e-02
9.416017525239857300e-03
2.088741615455820197e-02
7.901697866502750689e-03
3.241194605144432500e-02
2.140484072516589051e-02
2.274935526360317636e-02
3.402539109542192242e-02
2.184835622548921344e-02
2.011345106330982707e-02
3.438057092034708245e-02
8.957562775636269264e-03
3.589479556675066740e-02
6.491037627525609449e-03
3.608583350837413217e-02
7.779289883998360619e-03
2.285205357979103874e-02
3.014463333288330479e-02
3.069792893922917640e-02
2.404657833078045065e-02
2.587053883570642268e-02
3.739241661714308440e-02
2.434051800817296080e-02
2.392591642433334817e-02
1.546154203126552142e-02
1.452641689546094704e-02
2.575121637346785425e-02
2.872231950763789315e-02
2.413700609956272516e-03
2.202880041510141274e-02
3.244824389186526381e-02
1.321224925833171769e-02
3.450846206524375848e-02
1.217607826741430414e-02
3.700554795108211559e-02
8.638636137974917834e-03
2.381210508092118650e-02
3.213511702268616321e-02
1.074096036188441558e-02
3.156408341218763791e-02
2.079994714213942442e-02
1.803419544890006929e-02
2.812614235880573146e-02
3.104170884171296788e-02
1.412477758908238859e-02
2.573472181932560596e-02
2.588394078609736887e-02
2.917898150021796394e-02
9.475272939120952739e-03
1.611447354788116126e-02
3.426642069150838410e-02
2.510980705550181630e-02
3.717233855220789668e-02
2.225769599864639223e-02
3.267619052852535622e-02
1.739239812177657135e-02
3.295227595419521205e-02
3.356842016924162925e-02
2.982630418811304390e-02
7.761394972390468945e-03
2.905616391224789125e-02
2.544531633204851623e-02
3.154952141341046956e-02
3.104326310776023279e-02
1.031541867349031368e-02
3.326691365888002211e-02
1.803166342055919497e-02
3.222041141653338853e-02
3.048310817338363565e-02
3.504674505437504334e-02
1.088070249667594420e-02
2.737838939425156493e-02
2.157242641432706096e-02
2.683771763273272437e-02
3.122321011529623214e-02
5.503403148352059397e-03
1.886113023526010332e-02
3.754785999989899981e-02
3.291251403469501458e-02
3.255019662706284261e-02
1.552416829436074550e-02
2.405555889541785564e-02
3.647103394520257585e-02
3.144560323127469637e-02
2.797294649438512165e-02
2.320620718525563328e-02
3.580705548435790531e-02
2.206097041574672443e-02
1.351286098628128561e-02
3.218704851058051819e-02
3.398903124767421735e-02
2.629048447883014505e-02
1.958458769218914680e-02
1.625382121632008500e-02
3.500452026195090272e-02
1.119953831542365094e-02
2.806779513290066919e-02
1.793775400908392478e-02
2.514914504333119749e-02
1.202512046371717255e-02
2.413080963627686065e-02
