2.459013869037756164e-03
2.110958443178890739e-03
3.095872393719121055e-03
2.111329310942465249e-03
3.107304583584501873e-03
3.134296291249129805e-03
2.721158695279788601e-03
2.941542619283502198e-03
2.662788500983002613e-03
2.144883940831501020e-03
3.142920905058829966e-03
3.024914467967142542e-03
3.010362723340457344e-03
2.271412652374384111e-03
2.544628259972099571e-03
3.107304583584501873e-03
2.350489932635597534e-03
2.491544234290431724e-03
2.527350289592718551e-03
2.318613822470306455e-03
2.235601522892172090e-03
2.865015511760308446e-03
2.353845153535992323e-03
3.052600763650764951e-03
3.102192923245141939e-03
2.890059666848225454e-03
2.985962470481535232e-03
2.915738072505604135e-03
2.639484568435747358e-03
2.509307967518124328e-03
2.394611891161406436e-03
2.950938295242925766e-03
3.084291032049750296e-03
1.730476411613321875e-03
2.724262974813296788e-03
2.380292247671921598e-03
2.924917896518781923e-03
2.585320807219654293e-03
2.283578183422463933e-03
2.651996524555993908e-03
3.163096036569857175e-03
2.827151689259710041e-03
3.113468642987868556e-03
3.220898879315930649e-03
2.840479671489449902e-03
3.115261208655163705e-03
3.153082163021742566e-03
3.186353985433465572e-03
3.107304583584501873e-03
2.873139851648004971e-03
2.250969591217742965e-03
2.387286066799508815e-03
2.356139152563641124e-03
2.675092587394309850e-03
2.807275817598096565e-03
3.157132561686113413e-03
2.040250321912893440e-03
3.108091538969784060e-03
2.305817600293481526e-03
2.028222039886037713e-03
2.985038135751308386e-03
3.097020859751332868e-03
2.042733384224469217e-03
2.968521910563762418e-03
3.070919081766377168e-03
2.408205480871450366e-03
3.085580378473898149e-03
2.454705441576796997e-03
2.208147153017986884e-03
3.037570783320670768e-03
2.801730621013679388e-03
3.074790689836964450e-03
2.996097083589363379e-03
2.515626874508601358e-03
3.046730520049405547e-03
3.074785672526947778e-03
3.171765575375460819e-03
1.936149647318048629e-03
3.078913990005629521e-03
2.600274389406714414e-03
2.698831718169901646e-03
2.842836377926409412e-03
2.708345868766270752e-03
2.574345829527255065e-03
2.894956080919273630e-03
2.298475784553658929e-03
2.514788653096725578e-03
2.008659795893239647e-03
3.004854562900295765e-03
3.107304583584501873e-03
2.385507769036471042e-03
2.413944573061449321e-03
2.387401226000761875e-03
2.961149188113005367e-03
3.045128552718675760e-03
2.990058884808017951e-03
1.950798395801910676e-03
2.698022117274767595e-03
1.806318912290386363e-03
2.777946514696637195e-03
3.051564281223505953e-03
2.145669470914704155e-03
2.306028878094449480e-03
3.135496339919498568e-03
2.595782767412314288e-03
2.653265653681686174e-03
3.004978129000401670e-03
2.397580448859676274e-03
3.124779662342066881e-03
2.820370337419912752e-03
3.065408846750144328e-03
2.915298980649953364e-03
2.226802561205918924e-03
3.037281472360962159e-03
1.733216934746883943e-03
2.890660738902862265e-03
2.433538725703837582e-03
2.098361538936313088e-03
3.107304583584501873e-03
2.559946224714159616e-03
2.747417965746782285e-03
2.691166370475631554e-03
3.074263365910845716e-03
2.991736422526175120e-03
2.884265161618060087e-03
3.260924360398022737e-03
2.573864447265611626e-03
2.768819572737395325e-03
2.366061293016331717e-03
2.744674945094852537e-03
2.256201141897746371e-03
2.093814327584551764e-03
2.528535821562817067e-03
2.897604018387010469e-03
2.435208430535950111e-03
2.695799956897155288e-03
2.145222449599028594e-03
2.904181103267873890e-03
2.918646167244223679e-03
2.684098136597552926e-03
2.372717210383144815e-03
3.236308095022738182e-03
3.170320808464235571e-03
2.442671209172971470e-03
2.506415474409634959e-03
2.563233336407958612e-03
2.300041733000404362e-03
2.989744755472375105e-03
3.187253315128015831e-03
2.948128994036788592e-03
3.132666145099390499e-03
3.212656169146234277e-03
3.160095853806851960e-03
2.676022317942616368e-03
2.635204982700802608e-03
3.261836682739068134e-03
2.795782302207143986e-03
2.837356346076740695e-03
3.044296991290861183e-03
1.911658094029094514e-03
2.737351456501477959e-03
2.387066515436342233e-03
2.553098433334080597e-03
2.996444839677694580e-03
2.278056059092296685e-03
3.107304583584501873e-03
2.496886273178460132e-03
2.837356346076740695e-03
2.768105433826447727e-03
2.905806332497776201e-03
2.318511282313231048e-03
2.428650734341055925e-03
2.348233119630124301e-03
3.064126613393201599e-03
2.393939697973628423e-03
3.240009620898281865e-03
3.164658081394836064e-03
2.603336887812899951e-03
2.231211642460643584e-03
2.568877050433435432e-03
3.006364510595720303e-03
3.243290848848420609e-03
3.139870237800011787e-03
3.190120730028865766e-03
3.083038192985606846e-03
2.471287925639501209e-03
3.151140570014713139e-03
2.670712394646088811e-03
3.107304583584501873e-03
2.987267789530899040e-03
2.365095100300530252e-03
2.222332941193069702e-03
2.903032241740857201e-03
2.867401298434552569e-03
2.911979109764834678e-03
2.972580942315102958e-03
3.171712244974881668e-03
3.152243912866574318e-03
2.673566270849639208e-03
3.159493946130562548e-03
2.935626379056596649e-03
3.202067290788591404e-03
3.042769790478484608e-03
3.113501959047884800e-03
2.403425008002696862e-03
2.762346277318214124e-03
3.132148861475377109e-03
2.943326368789841128e-03
2.262749344385263026e-03
1.877588876607268675e-03
2.660982772300198723e-03
3.192498321952715566e-03
2.785837733273236177e-03
2.856876848292851274e-03
3.214209427646802508e-03
2.885295238563539109e-03
2.935667768573649479e-03
2.949426387834788374e-03
3.056132991385159762e-03
3.065957765146534036e-03
2.697418450995879135e-03
2.424711946266415452e-03
2.679979126793759821e-03
2.048747019815113594e-03
2.810581646457855059e-03
2.334942633142469016e-03
3.150596776775368285e-03
2.120037043880521575e-03
3.208285006061583917e-03
2.253272660180316404e-03
2.708033749485831351e-03
3.237682300125292213e-03
2.426308143843525916e-03
2.522307966091487733e-03
2.969974287029600833e-03
2.861509003289615036e-03
3.152535949315277575e-03
2.695358033782726311e-03
3.245262098246002105e-03
2.405454962449918820e-03
2.264548049131588896e-03
2.609340322278448643e-03
2.832870105801896243e-03
2.458705312836355177e-03
3.044980640445180912e-03
3.028216654920225931e-03
3.107304583584501873e-03
2.341508462360597682e-03
3.151939755904335089e-03
3.049756638488320629e-03
2.517371691587471771e-03
2.694755774472956319e-03
2.959816825923350207e-03
3.149498434469088885e-03
2.233362968974289715e-03
2.889112227713268484e-03
3.107304583584501873e-03
1.975374211192078809e-03
3.240491231699904780e-03
2.587170923000715970e-03
1.884460184492843006e-03
2.331420712008038312e-03
2.385213509644659984e-03
3.041701605162280483e-03
2.546024052556714219e-03
2.566707632715950049e-03
2.101986514757949939e-03
2.779072687991413024e-03
2.526548267899999048e-03
2.832594094611841709e-03
1.743827668437184820e-03
3.238798346359264384e-03
2.772886651220158108e-03
2.551426708709066994e-03
2.431278013474996117e-03
2.692304982099379650e-03
2.843427334580334292e-03
3.107304583584501873e-03
2.685388603885890003e-03
3.003043769693739679e-03
2.866413540021617648e-03
2.983240640427545047e-03
3.187398010758813252e-03
2.707458143674801049e-03
2.728583494569284534e-03
2.500197095146553406e-03
2.854501226178844057e-03
2.985529448486473440e-03
2.815084679805438320e-03
2.809277770847604713e-03
2.995644999500589063e-03
2.254113801333597431e-03
3.005034791702318030e-03
2.424293193974634639e-03
2.363494827399775268e-03
2.209537612158429115e-03
2.232360642496583787e-03
2.053410399356423235e-03
2.097426438504740656e-03
2.697955923964861797e-03
2.964590418893772554e-03
3.035460156352035293e-03
2.236128939141647683e-03
2.008456300236102082e-03
2.428905208057729331e-03
2.963492571410886352e-03
2.592661607411486137e-03
2.955270871317251281e-03
2.617552663396735969e-03
3.001380063982692949e-03
2.214956518499203771e-03
2.353364359920584806e-03
2.747209287175775370e-03
2.542978003170733633e-03
2.953142098651191996e-03
3.190338569876170153e-03
3.038835405988048015e-03
3.075068949975964458e-03
2.389186198439036644e-03
2.249923505434284297e-03
3.206764515779219650e-03
3.138966962392963477e-03
2.572643032484430402e-03
2.988280017529315082e-03
2.509709952341121486e-03
2.702999603878577985e-03
3.140510279455805721e-03
2.916157765498328738e-03
3.107304583584501873e-03
2.128391128820130221e-03
2.157043692920644021e-03
1.982180906801171531e-03
2.799580327946881754e-03
2.132255953376317997e-03
3.065219592039316113e-03
3.032563658742979274e-03
3.016117256802367148e-03
2.009479857983260172e-03
2.707054580555313863e-03
3.109587096209897716e-03
3.038088493628029931e-03
2.478056446723405845e-03
2.600684678086638297e-03
2.780316766343542134e-03
3.024374157691112584e-03
2.254348700353361878e-03
2.602152909934218189e-03
2.722788165465910362e-03
2.753400933149400230e-03
2.959174000039920937e-03
2.684169266485464042e-03
3.059742555295148683e-03
2.953392561599991768e-03
2.126080778458425569e-03
3.180234222594858010e-03
3.127647558765715881e-03
1.923687572224736441e-03
2.641028004550204089e-03
2.565686782876398005e-03
2.771286061769829244e-03
1.902607062387165048e-03
3.081319951213840232e-03
2.177877025384848675e-03
2.954248742080924084e-03
2.172993107864930329e-03
2.017387794237000646e-03
2.807262114347488981e-03
2.037272068215586519e-03
2.549343609219995119e-03
3.263914326828131970e-03
2.552974510782260627e-03
2.922671989765920648e-03
2.075734245393054921e-03
2.665500540743482444e-03
2.169198756511571922e-03
2.927790179326358877e-03
2.234670553836484719e-03
3.031404089066960968e-03
2.709723906975035259e-03
3.227581046214229692e-03
2.211031626357456373e-03
2.513115976170524415e-03
2.840640007003386765e-03
3.259218896649137241e-03
3.215123457998003090e-03
2.705482072297892438e-03
2.186653747879257863e-03
2.936384780830833801e-03
2.049911759009433176e-03
2.979467583023131041e-03
3.182304986413811258e-03
2.135528864447902402e-03
2.890660738902862265e-03
2.024449194452802164e-03
2.852676609583396083e-03
3.101434710484097905e-03
2.816537272706647228e-03
2.969968550772177779e-03
2.314324270558625832e-03
3.189737116446060908e-03
2.684547467303478700e-03
3.165984123249036136e-03
3.011440149031541658e-03
2.624771793081107432e-03
2.047433308496563777e-03
2.811123409020981154e-03
2.278180088606993146e-03
3.211510177794597506e-03
3.208685945194361330e-03
2.797205006532829490e-03
1.871962051358802646e-03
2.610994481792080352e-03
3.105976946768327241e-03
1.907943340044520155e-03
2.593664914202994855e-03
3.033831696330112349e-03
2.610348656979489656e-03
2.580298632001590351e-03
3.130960658324381026e-03
3.000040912664090394e-03
2.522000411547175181e-03
2.419673329520474498e-03
2.706131329694288871e-03
2.168670104383784748e-03
3.236115148567114685e-03
2.296013570542009431e-03
2.928509261210826553e-03
2.739407716963538145e-03
3.226057068263757984e-03
2.412459183403601812e-03
2.695617423125217134e-03
3.190120730028865766e-03
3.219152215186935409e-03
3.247890701608084803e-03
3.240494712804965240e-03
2.967871133387962532e-03
2.875395387864919210e-03
2.824456003374137703e-03
3.227028374725601518e-03
2.927233814357060523e-03
3.000350773875645576e-03
2.020095053151145341e-03
1.960954337140931921e-03
3.012059245406759241e-03
2.992179314324614706e-03
2.874908726737560559e-03
1.917972130200341603e-03
2.528590252305318829e-03
2.544602084425039851e-03
1.999863780860181364e-03
3.006364510595720303e-03
3.165193552067829992e-03
2.489556930732407351e-03
2.535934613056131139e-03
2.383864745507787743e-03
2.378198437281222287e-03
3.178446890347572280e-03
3.214936644015616279e-03
2.898463137946897389e-03
3.017313761150630571e-03
2.780147473351317518e-03
3.266384040386188098e-03
2.047306202117969969e-03
2.903032241740857201e-03
3.179049855467146104e-03
2.339316716937843432e-03
2.465555639712714141e-03
2.679924786314776073e-03
3.034882359974368053e-03
2.133736534879179803e-03
2.882731112245584711e-03
2.913980773337920219e-03
2.512595886356727877e-03
2.534596828167786590e-03
2.311177518354644127e-03
3.114623490512644782e-03
3.112089732140864169e-03
3.166112596319420932e-03
3.107405396074300677e-03
2.458207687381438675e-03
3.228013996817558247e-03
2.658313066283206610e-03
1.964519924127401847e-03
2.190697821294575014e-03
3.153289538478393911e-03
2.077425675908945064e-03
2.442705295137815973e-03
2.774849479927378459e-03
3.017831869437676701e-03
3.245306524329980360e-03
2.690287628035743610e-03
2.680667153964583996e-03
2.464330866368488488e-03
2.663926378462268957e-03
3.124650187649002757e-03
1.862883135188095384e-03
2.806545143493435583e-03
3.179555598836016073e-03
3.125974431085186325e-03
2.466117938969846629e-03
2.335371012883225017e-03
2.256201141897746371e-03
3.071237710166568012e-03
2.352497638551769889e-03
2.581869135612827482e-03
3.013730358310477263e-03
2.840489242919230599e-03
2.599233314771281795e-03
2.888295020255771811e-03
2.118127046126501954e-03
2.015233384797546212e-03
3.051269246521142592e-03
2.923767418325092741e-03
2.391863921034962856e-03
2.963590445407417433e-03
2.907782824719257111e-03
2.757575756453421994e-03
2.886386959591638254e-03
2.704390273993723202e-03
3.253721484850293812e-03
2.606531668777106216e-03
2.946253204715772352e-03
3.103169163621406160e-03
3.152844458391554448e-03
3.065152381212390021e-03
2.885022878389847511e-03
2.730039294984361233e-03
2.566703133146087078e-03
2.567926656745315138e-03
3.221036713579720958e-03
2.881286314459726751e-03
2.536475807856980805e-03
2.968681822501722037e-03
2.975102821177116191e-03
2.691033272866565074e-03
2.359869288658893345e-03
2.678079002557652317e-03
2.879799486740063346e-03
3.249769760129620280e-03
3.045449421287002665e-03
2.875412441402742415e-03
2.845999818315221672e-03
2.889512046132489652e-03
2.730089527341003977e-03
3.194902571946860864e-03
3.256046992592243929e-03
2.740808080561825833e-03
3.098946629055587126e-03
2.795350971281481290e-03
3.107304583584501873e-03
2.632611434354733583e-03
2.534930530405474659e-03
2.973664696302058975e-03
3.155731655639630855e-03
2.927968828263523716e-03
3.266132070920029114e-03
2.961757145029339858e-03
3.107304583584501873e-03
3.006334685469612758e-03
3.203778954003395820e-03
2.848887228844127276e-03
3.238798346359264384e-03
2.528818033055637605e-03
3.051703424519258082e-03
2.250657369040480991e-03
3.243690058879831160e-03
2.173711191959097535e-03
2.877443526328508049e-03
2.160749729792613930e-03
3.107304583584501873e-03
2.276116085555176562e-03
2.839169462250645641e-03
2.636173904347619262e-03
3.232021793369712660e-03
3.154547211749523031e-03
2.297468285410975662e-03
3.215123457998003090e-03
2.921690026069919018e-03
2.356029762983265045e-03
2.234145253941203016e-03
2.150719324185194035e-03
3.252109236296520534e-03
2.373927110797710918e-03
3.104386438823774838e-03
2.373708354457956457e-03
3.013288495256288054e-03
2.741156678327027162e-03
3.238812838239719157e-03
3.036104549926057789e-03
2.085482100122798988e-03
2.689603165776280336e-03
3.238169690388881423e-03
2.699193587040880655e-03
2.571306144762453959e-03
2.465525712651728957e-03
2.665485460500176609e-03
2.313162946499930199e-03
1.998923882979532479e-03
2.384806493324324699e-03
2.298437665964584223e-03
3.155924511774920241e-03
1.830792047972532336e-03
2.016092965480421450e-03
3.021841762812464173e-03
3.170399064704813082e-03
2.895075020669682538e-03
2.603606795736373991e-03
2.486782929445748545e-03
3.003636682058153512e-03
2.869334172514015520e-03
2.238778096712966056e-03
2.581828893683252388e-03
2.057185012755614276e-03
2.279627622203626944e-03
2.728844010905332428e-03
3.000457815501884114e-03
3.248950188613814252e-03
2.567589127608095427e-03
2.951947469878286358e-03
2.911979109764834678e-03
2.916967825507938393e-03
2.914026248844246974e-03
3.257181387999107721e-03
3.146751330158114972e-03
2.899420479565215439e-03
2.643583018364442476e-03
2.466299506910145725e-03
2.093068857975869616e-03
1.976972844412372941e-03
2.882427085979600949e-03
2.323573779679320456e-03
1.804348801575681805e-03
2.517166909783411302e-03
2.737058192656988565e-03
2.264241813074161988e-03
2.933064046970435337e-03
2.332937259833403696e-03
2.223311949620451235e-03
2.668646137883809617e-03
3.027304641295796607e-03
2.409469661912221235e-03
3.255661499280248193e-03
2.780316766343542134e-03
2.440348183257224669e-03
2.368321977312659241e-03
2.217160980174856782e-03
2.429894100282094845e-03
2.796532899208910468e-03
2.607356399827465317e-03
2.857465406077406515e-03
2.496287623602230429e-03
3.207084640807995445e-03
2.613490890630030226e-03
3.071966319940071591e-03
2.664451678808373199e-03
3.193383428322800997e-03
3.216734452958089178e-03
3.082871194393196901e-03
2.290567299102496540e-03
3.237295816811705355e-03
2.318005430619976461e-03
2.723460383909927750e-03
2.945625255508027389e-03
2.402122006566618367e-03
2.589595253682352993e-03
1.946913503674908841e-03
2.385556744726664933e-03
2.395444190490220431e-03
2.680519273374886227e-03
3.004783036409831767e-03
2.907169355946689470e-03
2.605195741928986383e-03
3.160144438536858884e-03
3.139870237800011787e-03
3.032883199392739405e-03
2.943326368789841128e-03
2.805727245868055563e-03
2.680550677278283229e-03
2.224447708946416385e-03
2.424067454163359933e-03
2.674709417464936258e-03
2.999626073783656297e-03
2.722712259245055940e-03
3.248923904034388063e-03
2.129239720552482916e-03
2.685481018937100131e-03
2.688511973390286976e-03
3.141513111200414619e-03
1.838922057698389682e-03
1.858269397344541451e-03
2.235848360570989214e-03
3.210102848270416850e-03
2.595435499875726852e-03
3.226466201513061328e-03
3.084693663348058671e-03
2.957555336136960446e-03
2.409715033664521465e-03
2.726822739806965962e-03
2.054253778873865819e-03
2.972729457579710577e-03
2.980251649537502510e-03
2.880530219629847798e-03
2.064967419149834216e-03
2.610994481792080352e-03
2.557931100470469885e-03
3.139685990479675406e-03
3.026095116032559776e-03
2.697548172023955977e-03
3.263341476592413869e-03
2.527795414385579451e-03
2.600684678086638297e-03
3.237680358210585051e-03
2.701329096396329864e-03
2.693584795597857295e-03
2.315801836224551120e-03
3.159386558637836649e-03
3.165609061997071323e-03
3.263349943167772639e-03
2.928488025411298858e-03
2.558618898680278114e-03
2.522287766503108174e-03
2.840231208206623736e-03
2.431557841541800644e-03
2.346927242224705092e-03
2.772459774237092528e-03
2.380332613102501688e-03
1.837873552046319966e-03
2.726552495967603067e-03
3.019286344687397046e-03
2.230487080842512987e-03
2.173367088497330825e-03
2.808254323787889341e-03
2.515446070867923250e-03
3.201618069506104690e-03
2.826217573422048351e-03
3.135107017424526056e-03
2.769352911470715408e-03
3.068394483810882745e-03
2.236321156110706275e-03
3.170646201288292512e-03
2.911933637871489799e-03
2.385707405942355183e-03
3.123336230207365317e-03
2.042233343743630417e-03
2.898949156796695042e-03
2.698319879689143816e-03
3.113853248666401032e-03
2.700057851030319631e-03
3.068188711786809086e-03
2.687283819811852464e-03
2.322637108196999763e-03
2.910743736875522764e-03
3.129161356675604945e-03
2.722346407941378214e-03
2.169796421801804300e-03
3.254365812932322535e-03
3.090993570017406752e-03
3.261210679352046470e-03
2.440348183257224669e-03
3.200313377688641416e-03
2.508341170963879208e-03
2.368328867189381775e-03
3.043744044751587555e-03
2.719828052438237435e-03
2.311177518354644127e-03
3.107304583584501873e-03
2.524481113516163777e-03
2.072277153952770644e-03
2.942410690469764601e-03
2.879325132938499038e-03
2.987498455916431234e-03
2.924543629460379154e-03
2.699927539839587498e-03
2.627640953301267016e-03
2.985241692112593388e-03
3.107304583584501873e-03
2.802815176855020813e-03
2.897423067307834752e-03
2.934416718636223900e-03
2.007156234219876090e-03
2.337617390269160038e-03
2.430246586087016214e-03
2.981336997934336090e-03
2.023344856875914245e-03
2.939955378785903857e-03
3.037808683554294679e-03
2.807262114347488981e-03
2.672781871691034400e-03
2.636158069228107612e-03
2.839786413713604567e-03
3.267535564537902767e-03
2.629635391018574249e-03
2.312870533619620136e-03
2.187186199091517395e-03
2.561543292185306658e-03
2.706840365067517302e-03
1.980900586133340496e-03
2.377303957649084046e-03
2.647826573684512914e-03
2.811085309545632242e-03
2.935367966262790191e-03
2.852427016933153925e-03
2.689535117262361989e-03
2.924587795627379711e-03
2.334508469251774486e-03
2.813095556473368085e-03
3.264440455914000526e-03
2.369927968817187904e-03
2.682148530256726199e-03
2.219717573155060263e-03
2.764440875207961178e-03
3.117736671354921166e-03
3.177812282691517241e-03
2.415719265958645931e-03
2.820738147676521337e-03
2.821679034107701586e-03
2.472314812950155306e-03
2.904181103267873890e-03
2.378210137414261786e-03
1.970236077009944638e-03
3.235035459338230467e-03
2.338240380766971015e-03
2.787455006842420174e-03
2.184427023841910287e-03
3.132223926106972312e-03
2.923372765392082216e-03
2.270230239100368662e-03
2.976346914302099682e-03
2.453664292498778168e-03
3.106103490084410803e-03
3.068442888318465445e-03
3.118318356672452555e-03
2.492122585836804675e-03
3.095471576553394683e-03
2.927766434777978859e-03
2.278180088606993146e-03
3.107304583584501873e-03
2.062191365086163235e-03
2.580095617924481680e-03
3.217346855769260411e-03
1.695305506388482611e-03
2.480306166642360331e-03
2.387286066799508815e-03
2.559876058062786775e-03
2.158897610000956764e-03
3.141805773413638807e-03
2.480866990316659380e-03
3.017496804897157759e-03
2.939694376321953274e-03
2.866261822330047528e-03
3.159647106492263595e-03
2.084170035787699399e-03
2.902792835534154844e-03
2.533413139531692608e-03
2.292250886034845336e-03
2.844983789557945213e-03
2.448740041359044259e-03
3.197013593706363004e-03
2.954072352299161493e-03
3.217159330167149514e-03
3.071617909419235241e-03
2.654195651635736508e-03
2.579630155271472186e-03
2.347872745205939471e-03
3.159278356126970534e-03
1.988584085271128971e-03
2.597484811106015416e-03
3.007397186167858234e-03
3.107304583584501873e-03
2.914048784590483106e-03
2.799729028423311381e-03
2.527606492528203502e-03
3.134426242219352701e-03
2.929198343904836077e-03
3.262810051127241866e-03
3.189458756114337424e-03
2.942330889371768451e-03
3.081084818187107034e-03
3.215676556017045117e-03
2.037972593564028531e-03
3.130868771733754784e-03
2.906533412571581272e-03
2.785964232168323777e-03
2.670828267149366955e-03
2.525956614835436678e-03
2.923134985368730163e-03
3.062546195263319594e-03
2.978991241245136125e-03
2.990510821016027776e-03
3.038706654617807836e-03
2.671757311345549901e-03
2.220569970916319493e-03
2.262733006926288815e-03
2.385864367701623183e-03
3.107304583584501873e-03
2.400386653632493195e-03
2.992375483735966891e-03
3.071390594561889970e-03
2.351053946040851644e-03
2.232676162437884169e-03
2.790796843313063380e-03
2.502364568703456700e-03
3.120455584332589103e-03
2.885814109615798210e-03
3.010108019389876478e-03
3.190868430985814228e-03
3.028357454279986209e-03
2.544786132473956120e-03
2.829874562648414422e-03
2.578848349486428417e-03
3.187362952240348213e-03
2.669514736310889865e-03
2.079733548539626324e-03
2.912533941546746954e-03
3.107304583584501873e-03
3.139239311969122675e-03
2.425347669994959258e-03
3.018284192068574137e-03
2.484268173435505087e-03
3.227767643783033269e-03
3.027762274749143390e-03
2.521884290538090392e-03
2.995398198255903692e-03
2.328696979175036083e-03
2.459530671823270329e-03
2.611788702828702659e-03
2.449788681925517408e-03
2.853611406254511623e-03
2.922795916257854478e-03
2.694346296416145342e-03
2.760450905065439491e-03
2.668545279191195801e-03
3.245546166543221249e-03
3.135288215597504223e-03
2.398304822288757892e-03
2.987146408743925410e-03
2.808940810309725790e-03
2.428150143455196086e-03
1.809147988796752909e-03
2.206708921659997387e-03
2.587247123509718062e-03
2.337976003727714174e-03
2.767062186299975267e-03
3.011104637644593934e-03
2.462020918241355008e-03
2.154964183350216618e-03
2.614906265770186415e-03
2.827295301329854366e-03
1.744236952121390981e-03
2.500645575487438210e-03
2.496695127558837789e-03
2.962229456134406105e-03
3.085728495062512074e-03
2.636395641832356938e-03
2.371188983378520743e-03
2.587697287528748988e-03
3.146865146510620034e-03
3.170871034328566051e-03
3.017899360642722385e-03
2.824456003374137703e-03
3.111747295999822520e-03
2.731718524334267144e-03
2.314964942816985158e-03
3.219170766909990739e-03
1.877333261786692711e-03
2.358615452423017990e-03
2.484135686285939698e-03
2.929115475107020930e-03
3.142430811573634995e-03
1.859730181038537437e-03
2.860746334211813121e-03
2.210467739980013710e-03
2.073298882926107554e-03
2.557349408329272298e-03
2.966134733686444543e-03
2.738080149353489152e-03
2.512089258096808150e-03
3.152005405829585473e-03
3.114623490512644782e-03
3.107304583584501873e-03
2.085614954205086431e-03
2.421857108179204660e-03
2.321354093983772453e-03
2.875735883565723114e-03
2.686701469318639613e-03
2.722319583924971698e-03
2.814462302878567926e-03
2.369068246547228161e-03
2.406308544897767764e-03
1.855200544171269669e-03
3.188615648301532796e-03
2.689603165776280336e-03
2.585663091660899554e-03
2.249141004456584915e-03
2.848846471273501924e-03
2.414178065574992382e-03
3.249059945600745163e-03
2.529185893906365362e-03
2.917920764543183165e-03
2.907722436551968357e-03
