1.593904062874996336e-02
1.462976317980001738e-02
7.314480128039837353e-03
1.458586258740649649e-02
1.288471979537326659e-02
1.183016754886201220e-02
1.792193176302665780e-02
1.523582974617593289e-02
1.553205618812235345e-02
1.241194809746113716e-02
5.817719153310174293e-03
1.829912636515200128e-02
1.230150081443008060e-02
1.801062238343454844e-02
1.310856015134240042e-02
1.521938314967706367e-02
1.423689181183232684e-02
1.411629182523840842e-02
1.806337498731960811e-02
1.843827144246531699e-02
1.320815345209593733e-02
1.211148657738182234e-02
1.338294131291001970e-02
1.902564241274353612e-02
1.744223261895772731e-02
1.170749830601339192e-02
1.912167936630722320e-02
7.382704186201965654e-03
1.875615294856740334e-02
1.750668176538489051e-02
1.825085278031228844e-02
4.357547994804907530e-03
1.661058513905408485e-02
1.570354640203968505e-02
1.486370574943320609e-02
1.054178178356959643e-02
7.290504996996754854e-03
1.700937742678470047e-02
1.716773160448271593e-02
1.585120340608101724e-02
1.565840914906089024e-02
8.449192128061770724e-03
1.734984874123543866e-02
5.901341401944426579e-03
1.868921689945772860e-02
1.703890972911821858e-02
1.629187812887693612e-02
1.526519689824686749e-02
1.802826395759828809e-02
1.789429063894102528e-02
1.337881200141106952e-02
1.858975897517160455e-02
1.380158927815507836e-02
1.151785773823078840e-02
1.732943834285611412e-02
1.637060134804339123e-02
1.429423248780959700e-02
1.710021045741696999e-02
1.860970617423458873e-02
1.126927267843945424e-02
1.097685168923619170e-02
8.271878366294421747e-03
1.891797186105039288e-02
7.672659279011674084e-03
1.199399062931081131e-02
1.416697769019699057e-02
1.117910793652092567e-02
1.325677470288608509e-02
1.767554633076272308e-02
1.781650472797693605e-02
1.290277849200671678e-02
8.722457969099733921e-03
1.186960241107148581e-02
1.485813677331965753e-02
1.682272950384177887e-02
1.866655508770503208e-02
8.021830728209972117e-03
1.464368359611072090e-02
8.902327960364343415e-03
1.090895766356985569e-02
1.498529666242378808e-02
1.589028557041240186e-02
1.270437284950285892e-02
1.428806051290967306e-02
1.777356272436989015e-02
1.616116716830183833e-02
5.223995733501777920e-03
1.781119119620051122e-02
1.881962347190518914e-02
1.779966073535978882e-02
1.346039551035048409e-02
1.411814549808610743e-02
1.164609312041317568e-02
1.281921175653583968e-02
1.834874189482206541e-02
1.902131282130890833e-02
1.461972899605284981e-02
1.201511819512241820e-02
1.244695191507014589e-02
1.496485423475257120e-02
1.479192921363308398e-02
1.500742234317256618e-02
1.086960710357954933e-02
1.826971436952484068e-02
9.216951944014142167e-03
1.848663871449172935e-02
1.785936817482590422e-02
1.191152711625590929e-02
1.500655863246768904e-02
1.077764241711485181e-02
4.542127692959415514e-03
1.737434539064300343e-02
1.695370371834763884e-02
1.446044174614631583e-02
5.165537723368815795e-03
1.459753955477195546e-02
9.218838619135933526e-03
1.061240758153802685e-02
1.232380797586218879e-02
1.829679637695023203e-02
1.735568452190128230e-02
1.613104125428132390e-02
1.142786350124903177e-02
1.193829530089501531e-02
1.550676052083513681e-02
1.380901228548538605e-02
1.854392911945645234e-02
1.485136655517505302e-02
1.799029356484158071e-02
1.115536986664047645e-02
1.543738091150310618e-02
1.595566389611717539e-02
1.444644571093967045e-02
1.129247126348701356e-02
1.570518196249838863e-02
1.432480150347628309e-02
4.452940247447670710e-03
1.106805705766838663e-02
1.780430399785040349e-02
1.344026018727139879e-02
1.340891014415434776e-02
9.568091346928039170e-03
1.912029409942911373e-02
1.407727791743978302e-02
2.652134716292290240e-03
1.075429804272235931e-02
6.108326825977923938e-03
5.327562229014828898e-03
1.773860431710577029e-02
7.591476151793707591e-03
1.828699522805667804e-02
1.218936590639117801e-02
7.643605595951011994e-03
1.747883216437217530e-02
9.476497199493609525e-03
1.461972899605284981e-02
1.235327308435219158e-02
1.797220600703464469e-02
1.762700479433694511e-02
1.822603570906465228e-02
1.401816685520785449e-02
1.288367828897384916e-02
1.330881840191389109e-02
1.009432466899775824e-02
9.159062749054969893e-03
1.243037525449951219e-02
1.434354653514473450e-02
1.768300865789803819e-02
1.455110240214972650e-02
8.457174508753585729e-03
1.494343474993565721e-02
7.159576009540225341e-03
1.225818999976382474e-02
1.830336406813859451e-02
1.777953708763261101e-02
1.557155510817258628e-02
1.435091220378851770e-02
1.544480612211877879e-02
1.823825683918534057e-02
1.702615179480340690e-02
1.848258876536238576e-02
1.035395557183505649e-02
4.851692426868882586e-03
1.324373746365572341e-02
1.898561745401936701e-02
1.216923521150697907e-02
1.551096930272509791e-02
1.050003664507117088e-02
1.184269968344076919e-02
1.789050331434844515e-02
1.364790742142312982e-02
1.515579765037753171e-02
1.823776855222655757e-02
1.573128116766843443e-02
1.898449841171944222e-02
1.303368098638661363e-02
1.142248986483499623e-02
5.961694421206273006e-03
9.559971187624593386e-03
1.325821204431420347e-02
1.457044774342088761e-02
4.233146566354633461e-03
1.473383599798493322e-02
8.372292436506939897e-03
2.920798913126783011e-03
1.402771144214391870e-02
1.414140230685469873e-02
1.269782660122811997e-02
1.151991869367485939e-02
1.233131813033674223e-02
1.458311691663823767e-02
1.895853571090168679e-02
1.584283101520736134e-02
1.315873802233410647e-02
1.291494278539132012e-02
1.282228254270888906e-02
5.211174057751196027e-03
1.838465564915198192e-02
1.225043522500055167e-02
1.668045338146821599e-02
1.837637450770963216e-02
1.729448557026365407e-02
8.623196644589371102e-03
1.137568642826006574e-02
1.461972899605284981e-02
7.911304595223572766e-03
1.294052619056630660e-02
1.164069487721595270e-02
8.764378230457241584e-03
5.550001512328209957e-03
1.114090254841149617e-02
1.410715432861380132e-02
1.595324559523277411e-02
1.669523162887672982e-02
7.971571239525450034e-03
1.273150546876828694e-02
1.547371122406024195e-02
1.507280948234578088e-02
1.325821204431420347e-02
1.341098699740573413e-02
1.184417778529802193e-02
9.759209506807364765e-03
1.152921426734196050e-02
5.021590987979021765e-03
1.581517438238403891e-02
1.010850425978253135e-02
1.438260463148054516e-02
1.636917594192541930e-02
1.443255698224181136e-02
1.657239644169548540e-02
1.742775674566768296e-02
6.143209387651108432e-03
1.777318735964962537e-02
1.250793440866196544e-02
4.828872861133162719e-03
1.433257847304270950e-02
1.793743515266595437e-02
1.423511516075557509e-02
1.199743114064640709e-02
4.523531532020799717e-03
1.207389256870027537e-02
1.741454127279994102e-02
1.710940903812059252e-02
1.189092334182256967e-02
1.057943480564003252e-02
1.331610440481226232e-02
1.650731745080024140e-02
1.662510472009667145e-02
6.466829468666441920e-03
1.416489306969819298e-02
1.415242789702350103e-02
9.382065785458939405e-03
1.901442309745067505e-02
1.623423162391920971e-02
1.411724839575508386e-02
1.075465972651969485e-02
1.200693878978254144e-02
1.707256781691542449e-02
1.345546139607304431e-02
1.306224527247496978e-02
1.902013210150031719e-02
6.765644367516339755e-03
1.804864195987850722e-02
1.363106670331409864e-02
1.069873837842757330e-02
1.042985036903117287e-02
1.320438008183233251e-02
1.324666809621059642e-02
1.360955538387562114e-02
1.100516102504153423e-02
6.093393822552580635e-03
1.469528826414078643e-02
1.302914533748387484e-02
1.549156078479437676e-02
1.320370624487943699e-02
1.747753944038044072e-02
6.441439704444173325e-03
9.074851303699654065e-03
1.496068434109839099e-02
1.144933182098527291e-02
1.303821878065802853e-02
9.973503669720289525e-03
1.200189093880539744e-02
7.080740994102887112e-03
1.460013685379019099e-02
1.059858366712950958e-02
1.772625071087491691e-02
1.572021813021642900e-02
1.167571299105947535e-02
1.280260332650965706e-02
1.806246711561302828e-02
9.330233166372161116e-03
1.820981574113545928e-02
8.249418516194659615e-03
1.052137270230977389e-02
1.607146239736841759e-02
1.374458755444034168e-02
3.867149403296312425e-03
6.877956740006184108e-03
1.057716231929177811e-02
1.713223975388659254e-02
4.829579287098356884e-03
8.576498232935266669e-03
9.825233399283600164e-03
1.121849525748853937e-02
1.353295287395183018e-02
1.860527266900361895e-02
1.045832097759752735e-02
1.320888337298925519e-02
1.338859045245063134e-02
1.524357083960002288e-02
1.892385673097079363e-02
3.167425218270965293e-03
1.317884174425158587e-02
1.792193176302665780e-02
1.298514572707934814e-02
1.219568703355666806e-02
1.837925532320247579e-02
1.176219894174234185e-02
3.753999730246351720e-03
1.151785773823078840e-02
4.353054169198706559e-03
1.529109714180523424e-02
1.842366432916658914e-02
5.701401322792743961e-03
5.137241439772960092e-03
9.713122034939101340e-03
1.656233032658568916e-02
1.802931564583809543e-02
1.385041756767523696e-02
1.706648288135612437e-02
1.743495382970341318e-02
9.698409691053701959e-03
6.171123334917159690e-03
1.068552998477330894e-02
1.618040738442133239e-02
1.818892218412569012e-02
1.838027367518040023e-02
8.622561967414447970e-03
7.394175260470665229e-03
1.331349163099238009e-02
1.759875383171408125e-02
1.220554949690349361e-02
1.795353376191624606e-02
1.211634021500626081e-02
8.595919187934293604e-03
6.650672857559427817e-03
8.331364232376263154e-03
6.017666980872846995e-03
6.338885160414158351e-03
1.790418185366541431e-02
1.918270042741154063e-02
1.572112844681503030e-02
3.912238473265832947e-03
1.259430775995798446e-02
1.188576006222494090e-02
8.964520512954989376e-03
1.805288565084337341e-02
1.895927106754420263e-02
1.560267832955563455e-02
8.514263438529253922e-03
1.772614272642224209e-02
1.658542183387702942e-02
8.968677991480090289e-03
5.139279149623129928e-03
1.753375003886125175e-02
1.349155245856346191e-02
1.176622583751495144e-02
1.523795884995382370e-02
1.093194066682714322e-02
8.139744448864411758e-03
1.769134229232412897e-02
8.769896323900738810e-03
9.136884928491691149e-03
1.182689657470698680e-02
1.533422188775065455e-02
1.715079410366589230e-02
1.607620965645191469e-02
1.809160338064744883e-02
1.756691550636682586e-02
1.021211578305634970e-02
1.801189601732592835e-02
7.878208026151698254e-03
7.062198275542662038e-03
1.747113947645571527e-02
1.046539604386948451e-02
4.638771077453483598e-03
1.507280948234578088e-02
7.078494997116935306e-03
1.520941852453091755e-02
1.814163154613741141e-02
1.382708679846337413e-02
6.593668831114461552e-03
1.167195474108499720e-02
1.560468912575986231e-02
4.796992052718163958e-03
1.507982526439268986e-02
1.587674382212480445e-02
1.271603644920547144e-02
1.014514288344005311e-02
1.379246935494532651e-02
1.767484242772065367e-02
1.474211172298455289e-02
1.745413514947999692e-02
1.441237496315492944e-02
1.329828621312680384e-02
9.650751665126907491e-03
1.131122217948739642e-02
1.688958255187817531e-02
1.249879356419758558e-02
1.363011107013378798e-02
1.276236139182101124e-02
1.296519556448134242e-02
1.180910905465251855e-02
1.265566703091064969e-02
1.775939184069432603e-02
1.714822736147115362e-02
1.675013606335174626e-02
7.349790566805668515e-03
9.711377459589281766e-03
4.005361571887413111e-03
1.425167070421622800e-02
9.156926390100589980e-03
1.720583752017038406e-02
1.340099053541117177e-02
1.220276450748199008e-02
7.082950095950999933e-03
1.428499737287122935e-02
1.513299857852972753e-02
1.215796441149895671e-02
1.500379810395211476e-02
1.635427818356409088e-02
1.079403636885779491e-02
1.147488552485612621e-02
8.718745390004122714e-03
1.682653589302910910e-02
1.069873837842757330e-02
1.386264172045654185e-02
1.506588748593169595e-02
1.818032840327708441e-02
1.537119672665191589e-02
8.185348590201231914e-03
1.139211110343187235e-02
1.396663824917945829e-02
1.485136655517505302e-02
1.679620549346775432e-02
1.917752640775905251e-02
1.598502409536731866e-02
1.345546139607304431e-02
9.977030954203689600e-03
1.077900396921364044e-02
1.151970895482171131e-02
1.621923756447793061e-02
6.987907834069800872e-03
1.465431892000264129e-02
1.459088276084701680e-02
1.355023923064931947e-02
1.640515900975566405e-02
1.293719282790060238e-02
1.768752405365764738e-02
1.030891724645939707e-02
1.535201488902088879e-02
1.610251023246188351e-02
1.509294599857702833e-02
1.432703772458006862e-02
1.479069433524799956e-02
1.315995401265509374e-02
9.167662813489530979e-03
9.970086146554962142e-03
1.912611869525981945e-02
1.778305629801840010e-02
1.190623984822975281e-02
1.293876227654714231e-02
1.106564316415172174e-02
1.225435088297192367e-02
1.529109714180523424e-02
1.339556100318555105e-02
1.745922113075996235e-02
1.810280663771727735e-02
1.519379861107062607e-02
1.746731720677020122e-02
1.792071403944018454e-02
1.691543353116340201e-02
1.681974499100417214e-02
9.741422737523255590e-03
1.508556254262159030e-02
1.763814292131519329e-02
8.743043539963610972e-03
1.794998231245826387e-02
1.702092443766606636e-02
1.380336107752481653e-02
5.773224213693649992e-03
1.179396959147308195e-02
9.650751665126907491e-03
1.486536683839539963e-02
1.365432715171981636e-02
6.241186438826112730e-03
4.859750514084235605e-03
1.490989721440439709e-02
4.134757844034263677e-03
1.691259424355453719e-02
1.745359216721091913e-02
1.022927728973674691e-02
1.207189464462032208e-02
1.154639201554629596e-02
9.481261558575546436e-03
1.756761840107651240e-02
1.476006981177820782e-02
9.447927876009952139e-03
1.582004409371701170e-02
7.032456841839290415e-03
8.025689200083998762e-03
1.518093216873727183e-02
1.875352157101474113e-02
1.217860852642649490e-02
1.334465796923927500e-02
9.476497199493609525e-03
1.735277818991168286e-02
1.446244345901154249e-02
1.091116756306787297e-02
1.715843171508039944e-02
1.044662409270924637e-02
1.799372327622254103e-02
9.555263087480239670e-03
8.324495936677353200e-03
1.151404119627303865e-02
6.650209393415772857e-03
1.304941877153052709e-02
1.800538701838444791e-02
1.893943604115480572e-02
1.483524069442570745e-02
1.735568452190128230e-02
1.510380139832975983e-02
9.185929669517312046e-03
1.573206511560744716e-02
8.136171822590451685e-03
1.425155519773363931e-02
1.191152711625590929e-02
1.838027367518040023e-02
1.175693673656525405e-02
1.602974002141322254e-02
1.483386750364973361e-02
6.260066936737486085e-03
5.139279149623129928e-03
1.223343098860253317e-02
1.010479564949666627e-02
1.252241542454513197e-02
5.327562229014828898e-03
1.256355300191179351e-02
1.746172847422770152e-02
1.774430753145577605e-02
1.422536406897074654e-02
1.888350104434327256e-02
1.741501706327027929e-02
6.976915383508750131e-03
1.197292476877861479e-02
1.008161172566185079e-02
1.579120691632805371e-02
1.755885383735442118e-02
1.157123867865676725e-02
1.401929527319816307e-02
1.406396052906133676e-02
1.707393916777405138e-02
1.342646085271635530e-02
1.486852518085995944e-02
1.701636396548010521e-02
1.412569941893302219e-02
1.724517120290955038e-02
1.185806887984053141e-02
1.055259698053589643e-02
1.465503408921237961e-02
1.627158346053090426e-02
1.049643751243375597e-02
5.411335670891420299e-03
1.674000744317532749e-02
1.072867911063293649e-02
1.718316730318075053e-02
1.640867681441361692e-02
6.672741054808745478e-03
9.753069953455963115e-03
1.712900988981135714e-02
1.364790742142312982e-02
3.591962090138161451e-03
9.946162017215168238e-03
1.360543714172081885e-02
6.748091981331390612e-03
1.167374201710408635e-02
6.171123334917159690e-03
1.773442302041617138e-02
7.251541783959016864e-03
1.871035391001901749e-02
1.548413244530125882e-02
1.342406926110362685e-02
1.016239395558497967e-02
1.184680490577363909e-02
1.035442787059901240e-02
1.079728311154556052e-02
1.510512178637246627e-02
6.977607912912047426e-03
1.509710697215131507e-02
1.573030829856830390e-02
1.281835793327777001e-02
1.564921674459940695e-02
1.547761813976064951e-02
1.055000506161737212e-02
1.476572695545158923e-02
1.511755535695699301e-02
1.009452593136700785e-02
1.803219767121983647e-02
1.174521535495849991e-02
4.829579287098356884e-03
1.277009402795466729e-02
1.303010721727780076e-02
1.789429063894102528e-02
9.793171504393800852e-03
1.199561721038281716e-02
1.379862326654454803e-02
1.715521924924101951e-02
1.513743462532099460e-02
1.642837328044333481e-02
1.553148717352578929e-02
6.618349934847549132e-03
1.839534388735565573e-02
1.911282620292469384e-02
1.832425401239772336e-02
1.878472251496420692e-02
1.504870812556061317e-02
1.559426560506805594e-02
1.164852826912505732e-02
1.018159279539403855e-02
7.043198309413757283e-03
1.231412319045321717e-02
1.080371222164273892e-02
1.812280382986745236e-02
1.674756057708808379e-02
8.458422738808537081e-03
7.662349879950369237e-03
1.500264070920865299e-02
1.904568518971930940e-02
1.646325096073575703e-02
1.358459181499969623e-02
8.012793174102866497e-03
1.347493910989569152e-02
1.464052480812046836e-02
3.340973431203888254e-03
1.538656466195240796e-02
1.453191658278496501e-02
1.794581709931972191e-02
1.814297380593027365e-02
1.186730567237843925e-02
1.190170544677207967e-02
1.809377068795031338e-02
1.172513712178245224e-02
1.307253320775611516e-02
1.442608093058425980e-02
1.206159217749288963e-02
5.061627944194966103e-03
1.200134658557578532e-02
1.452033969205373566e-02
1.897543875717173922e-02
1.750865605787509452e-02
1.466036748775825793e-02
7.709291651162751384e-03
1.672239866533050193e-02
1.390429866637896313e-02
1.723825653091788299e-02
1.401922488059239441e-02
1.716605239665307953e-02
5.117586203782554556e-03
8.760612305965698177e-03
1.260833728971262613e-02
1.374758819458932538e-02
1.761892076421895867e-02
1.886163329703363992e-02
8.805785749424501624e-03
1.100256446670800498e-02
1.027209135647468019e-02
1.172375765512267964e-02
1.756188905636209968e-02
1.126027094708635136e-02
1.190170544677207967e-02
1.256246071534393438e-02
1.496888462466311291e-02
1.701418174763426328e-02
1.630232501438688350e-02
1.854274623163434596e-02
1.550946109742855697e-02
1.535443134343946261e-02
8.568544145203605203e-03
1.210706141100516622e-02
1.669816781266519196e-02
1.818617957982382460e-02
1.055854587097404887e-02
1.591025812977321652e-02
1.210200506437598793e-02
1.799029356484158071e-02
1.604670447528205868e-02
8.113713309538944651e-03
1.850940250483423810e-02
1.534601892693983859e-02
9.046557114994370138e-03
9.972327291453197962e-03
1.227252588258085503e-02
1.365229079581664270e-02
9.559971187624593386e-03
2.167731747642910687e-03
1.357292132133457521e-02
1.859241482109802793e-02
6.764961133745943031e-03
1.843460333255723602e-02
1.629793797831049704e-02
1.026572005097555612e-02
8.398985263793661699e-03
4.829579287098356884e-03
1.760379855006460187e-02
8.305933405952653156e-03
1.026705633578425814e-02
1.730918964282120165e-02
1.200693878978254144e-02
1.685064371116241910e-02
1.091012844355561395e-02
1.172513712178245224e-02
1.744223261895772731e-02
1.139476818957842197e-02
1.239692603762895806e-02
1.400905672315886502e-02
1.255160373066388502e-02
1.588633308385917209e-02
5.097652995751310659e-03
1.804659075291630693e-02
1.589374351314781775e-02
1.737938628568852506e-02
8.747174398730865955e-03
1.293169788618439564e-02
9.538252224723781786e-03
1.643544096080442468e-02
1.539949578270661742e-02
1.215796441149895671e-02
1.692076772805756538e-02
1.237271672603980008e-02
9.906510754304117747e-03
1.837637450770963216e-02
1.199259271070681442e-02
6.955789642507797382e-03
1.589705210844647582e-02
1.867143096786871501e-02
8.219119092787899317e-03
1.510600743605374462e-02
1.609307547337407440e-02
1.665994930334285806e-02
1.695276115004450135e-02
1.362701759497876586e-02
1.897754049292543765e-02
1.776960646629389615e-02
1.710596525195990508e-02
8.849504022760103922e-03
3.211239015289773201e-03
1.084423560440264493e-02
4.177276352141002722e-03
1.524816213905423601e-02
1.204323764141616328e-02
1.185552881476916245e-02
1.893651682547435600e-02
1.088957455138920422e-02
1.186796070453193658e-02
1.094836502818235385e-02
1.278488937071113780e-02
1.526906056059533501e-02
1.352280919715735663e-02
1.916804694731046380e-02
1.444644571093967045e-02
1.251079286557159678e-02
1.826557845118652323e-02
1.570352047896634781e-02
1.708884878650576353e-02
9.728935966830731114e-03
1.598502409536731866e-02
1.148738513145475260e-02
1.014514288344005311e-02
8.290914751634894872e-03
1.625012066623844620e-02
7.458935687665481720e-03
1.116711964023446406e-02
5.211174057751196027e-03
1.208530045468143507e-02
1.263015121019439753e-02
1.752968955751734934e-02
1.458921358452723582e-02
4.879804484351379056e-03
1.476006981177820782e-02
1.147777918088929879e-02
1.457992032226285151e-02
1.334739286576162517e-02
8.966406940217275245e-03
1.397800608172908646e-02
1.389984852688950709e-02
1.854972905406428174e-02
6.244389113025942267e-03
1.163370719807747464e-02
1.613468871433588331e-02
1.145820307285848501e-02
1.567817910442695362e-02
1.688255454372169020e-02
1.434025940754285119e-02
4.146035804601231299e-03
1.794449094037248865e-02
9.296377434995315575e-03
1.864078337049846282e-02
9.934854041111716369e-03
9.309109833454938185e-03
1.728760590898761884e-02
6.624527446654010499e-03
1.596464803284521061e-02
4.719275587996957753e-03
1.760734884675980300e-02
8.183860733831963344e-03
1.636922683320525193e-02
1.180382468779826374e-02
9.235414275862604411e-03
1.045345468781331937e-02
9.637669726656422284e-03
1.557877930911486658e-02
1.597454943504618072e-02
1.084630284475280974e-02
1.582508630622179654e-02
1.378920655198238344e-02
1.326061241585613573e-02
1.871004731790019970e-02
1.117309905871262041e-02
1.155790985483347993e-02
1.319978021312847617e-02
1.044258294811214495e-02
1.245415147561481500e-02
9.147110122621954220e-03
1.436961798237476433e-02
1.573629455095423499e-02
1.860759538081338191e-02
1.429404676221047998e-02
1.474816302915078932e-02
1.793892445029130270e-02
1.237992390135396123e-02
1.359470880049189548e-02
1.871605499404465495e-02
1.582066789702587378e-02
6.181008791656976073e-03
1.881409674010393190e-02
1.858617699544615892e-02
5.472015394278053127e-03
1.749739892295584104e-02
1.385144557644416193e-02
1.308029612505755973e-02
4.234036196827392975e-03
7.989758818930079581e-03
1.684380719744726224e-02
1.609092282436205140e-02
1.187583696526510989e-02
1.185806887984053141e-02
1.880637718931793892e-02
1.379056035633385857e-02
1.633122694011682891e-02
1.781092222787730283e-03
9.957204717993412002e-03
1.489328528466446130e-02
1.356620201951826490e-02
1.157609100420022193e-02
1.427093910557713022e-02
1.737226010147458616e-02
1.396197734308076734e-02
1.619718378971542194e-02
1.851205888283743300e-02
1.697156190892156608e-02
8.112831712279494970e-03
1.401436245106311637e-02
8.623196644589371102e-03
1.182732745654531924e-02
1.369940440833903803e-02
9.518963270989205111e-03
1.286489831422574920e-02
1.573129255194603490e-02
1.627631690583309504e-02
1.531063261714746271e-02
8.150752172839077075e-03
1.577903994275900099e-02
8.172688800070212339e-03
5.192878021193068731e-03
1.269119863513559418e-02
6.046347039419823835e-03
8.040447362704872258e-03
1.393871346618132806e-02
1.268623577734396060e-02
1.436515807638660477e-02
1.684380719744726224e-02
8.651106066468353811e-03
1.849321272412452269e-02
4.144967579479962548e-03
1.380052535367989018e-02
9.561518340815314959e-03
8.355461845383922379e-03
1.209426349243923789e-02
9.415962186081610133e-03
1.703680163924879004e-02
6.816240655562570694e-03
1.411876823816640009e-02
1.377339081847381123e-02
8.423591755779207685e-03
6.593668831114461552e-03
1.739979827749918787e-02
1.411601478981117617e-02
1.779871862227607252e-02
1.379539162605999958e-02
7.043198309413757283e-03
1.852107817642712276e-02
1.034923765239068386e-02
1.609699629352220190e-02
9.828443705363787419e-03
9.568091346928039170e-03
1.046292541084575811e-02
1.142159725355415024e-02
1.290516112692233902e-02
9.418170354136159647e-03
1.695276115004450135e-02
5.489376363991998672e-03
1.141931356734119350e-02
1.295745107217763370e-02
1.436961798237476433e-02
1.817307587610057437e-02
1.786169373046118600e-02
1.350460728943354144e-02
6.156364234935279671e-03
1.627406949331664660e-02
9.833624529110620779e-03
1.891870156092481312e-02
1.447958590472257952e-02
1.877766086137653070e-02
1.058533071305132155e-02
1.853848929736805901e-02
7.416297624359140424e-03
1.294052619056630660e-02
1.479069433524799956e-02
1.819072056578759783e-02
1.674289015848706708e-02
1.195129655525698983e-02
1.018624253255433904e-02
1.786704890391924497e-02
8.894031635062069063e-03
1.725211000371783612e-02
1.252511731085542007e-02
1.449521733427920622e-02
1.820658589227337060e-02
1.541630541726444342e-02
1.436335320210957271e-02
1.544204527539058160e-02
1.161201354102738004e-02
1.524240755382017323e-02
1.590466011036894417e-02
1.035233638486457268e-02
1.316629620092792281e-02
1.665818341764648339e-02
1.710596525195990508e-02
1.321580900687325394e-02
1.585002069160082114e-02
1.682710822860441352e-02
7.956360450363736750e-03
8.522769761591549725e-03
1.695314715659573465e-02
1.555804616313950610e-02
1.191152711625590929e-02
1.165034624757414067e-02
1.448114749923097404e-02
1.588633308385917209e-02
1.049425887396577758e-02
1.353563049782495475e-02
1.672997050006432354e-02
8.947927358539442544e-03
1.838668738640793568e-02
1.404017323504438801e-02
8.902327960364343415e-03
6.984772420418589901e-03
1.872690732998829460e-02
1.404394583294346979e-02
