6.638726246644380442e-04
5.151398284380523862e-04
4.986911315165628309e-04
7.783854362441374212e-04
1.139587209330656607e-03
4.515726417167673090e-04
7.821913066860002777e-04
1.055061071341318853e-03
1.360139294813506082e-03
1.186556146730842172e-03
1.145791000009870964e-03
1.002931045669080154e-03
8.365185480950459822e-04
1.982371713833353238e-03
7.185433614234843294e-04
7.259732089793619015e-04
9.904888735508155396e-04
7.124540031805482246e-04
1.698515634579663173e-03
7.033460708719658323e-04
4.029214834256085800e-03
1.595950872876139483e-03
1.823987693596932930e-03
5.414318910342409523e-04
7.088016380065948266e-04
4.958984980886651898e-04
6.054040968446361849e-04
3.833674249162457074e-04
1.167191578608477252e-03
8.023444273798323442e-04
5.395787686062844968e-04
8.620162257207857667e-04
8.202623852062583716e-04
5.557914448897664436e-04
6.822605700827546202e-04
5.536403432178389067e-04
6.828544063841403061e-04
9.191728137457333414e-04
5.964005211170395710e-04
6.027538203661338915e-04
2.039287975667440373e-03
7.877266480275339636e-04
6.759344327137696519e-04
7.948290312661720949e-04
6.041077998558323867e-04
1.036833586850175251e-03
1.276638903111091197e-03
1.365158795132960989e-03
8.653511453904477171e-04
5.824894328685454236e-04
1.398006597031518656e-03
1.915362984501788350e-03
9.103022142191456636e-04
1.242175683357930015e-03
6.604508486723661411e-04
9.770283943411038358e-04
8.432739978419814212e-04
8.981049894568189336e-04
8.403964963866698140e-04
7.464983526516576120e-04
2.163421759203915887e-03
1.553239714884497181e-03
1.292195883853850241e-03
6.488912257048733753e-04
6.646384219088640214e-04
7.278984474925011055e-04
5.078947297031808543e-04
7.330165540681912468e-04
5.180548809969946463e-04
8.017363081422752011e-04
6.396249216816923258e-04
8.443683740423291910e-04
4.290937287423045310e-04
1.505033486905256370e-03
1.333551143745881828e-03
4.758954613190550013e-04
1.298490730161592230e-03
1.532737199555328370e-03
1.147407583622531407e-03
7.968246962286531935e-04
2.033034278169920227e-03
7.291239612781179021e-04
9.882537987983921503e-04
6.386679768749364003e-04
1.894371379372984795e-03
4.883524538518080804e-04
1.046447714312295340e-03
6.864324958605559071e-04
5.875979400056098416e-04
1.371600371636271616e-03
1.108841617627256797e-03
6.941942221726973145e-04
2.515827813892347175e-03
8.270344961137576431e-04
6.546400921277251064e-04
6.817711617404096551e-04
6.527260986224946767e-04
5.678505103942594690e-04
1.364126885615903105e-03
6.083531332681427857e-04
5.043610280653288607e-04
1.174288037010953007e-03
5.809985952913524496e-04
1.064925922484796436e-03
1.237104730302497667e-03
8.532568411396589461e-04
8.018810388950259284e-04
7.744759662358442114e-04
1.178861928938181166e-03
8.367620100702760026e-04
1.378889261326428708e-03
8.504131522857125277e-04
7.670695567243602945e-04
5.050240320393394652e-04
2.838102790178693643e-03
2.263841345343652056e-03
5.752383466011823767e-04
7.268682489989276851e-04
6.834812449324796776e-04
4.952076701841271649e-04
1.136691234443710325e-03
6.086845747760477902e-04
8.617615109560390401e-04
8.831094965947002343e-04
1.615898861797398145e-03
5.675013024233204221e-04
7.118440683498754524e-04
1.245751373298722899e-03
5.111030419963868933e-04
5.711034809608081780e-04
1.306798299153099936e-03
1.761960678636105776e-03
7.358482469124654011e-04
9.929965539020675549e-04
4.770599093899218629e-03
1.402034569798891366e-03
1.421292563914156905e-03
9.676998193037131225e-04
8.623534454701047621e-04
4.904011922216598230e-04
5.023804168972097585e-04
1.347264881561384799e-03
7.196158938871448059e-04
4.422924379882509191e-04
3.849150859208192409e-03
6.295365384845468676e-04
2.741233040318247043e-03
4.986640049480041458e-04
6.060830112230240199e-04
7.234428939317196936e-04
5.161897966151453906e-04
1.247866034045226743e-03
1.063162835137754832e-03
7.770880475989952723e-04
2.776912655929802097e-03
1.073697966202092919e-03
8.601743305818700461e-04
6.370917565616076358e-04
1.196403852609661872e-03
6.390912204390177855e-04
1.662047202395588834e-03
7.874674819910354364e-04
2.407507224790327548e-03
8.522375361118989532e-04
1.401562405503779503e-03
1.530504640154044813e-03
6.921236207247407051e-04
8.875670576605892157e-04
7.231591650589904753e-04
2.366374342112015014e-03
2.087068870633985128e-03
7.606317655024818266e-04
1.180760172264074415e-03
7.549197212660818538e-04
1.261030088268549161e-03
1.094389256903678534e-03
8.150681771724960310e-04
6.650905504297380472e-04
1.512669600567224113e-03
1.369338559453345521e-03
9.074315174074182267e-04
3.794090808331896281e-04
2.569755842256795514e-03
1.680639431744442329e-03
7.356738351576090325e-04
5.185519458929444990e-04
6.525048902082175107e-04
6.418062138317199910e-04
1.721268285216477146e-03
8.114166327264570825e-04
8.506040269866001593e-04
1.708508728433495456e-03
5.962643171397086954e-04
2.610700284624767418e-03
5.862472952251827603e-04
1.042673258540548816e-03
1.703757915003494168e-03
7.749188358482037844e-04
1.581338752979557886e-03
1.219614540629296480e-03
7.342833626887232011e-04
1.308827003453576438e-03
5.014140462223221333e-04
5.492548317103302692e-04
7.107087615394562779e-04
6.835938237405688378e-04
7.151635607196297952e-04
7.548564970251388576e-04
8.293588265777537090e-04
6.496317031190231971e-04
1.470175018299699644e-03
8.569898428291077789e-04
1.576912658342084382e-03
1.423778238282945351e-03
9.271885766518974704e-04
8.324407461291164368e-04
4.820887906644668783e-04
8.244049787514334598e-04
5.088128414825279517e-04
8.120082042569902502e-04
7.707929115120202299e-04
1.603739474211342796e-03
4.797193274067498565e-04
4.715306672926325069e-04
9.629403602099263597e-04
8.031571926721512182e-04
1.025398199413773319e-03
7.408221078310362308e-04
1.099542294514795375e-03
5.996089373255892793e-04
7.195794387022543502e-04
6.324424559853299935e-04
8.502302530009165455e-04
6.731820510964092556e-04
6.296971649711748760e-04
6.630687971304771331e-04
4.201694194887778833e-04
9.787844594717164375e-04
8.762491625477287008e-04
7.087466398206466664e-04
2.309678988996669187e-03
5.761410431638889790e-04
5.205110126053197599e-04
7.068054563675645269e-04
6.163675052731650396e-04
1.168335125264021541e-03
1.038297449997452803e-03
8.885489784082378556e-04
1.026078962392743986e-03
4.468437133832664585e-04
8.569898428291077789e-04
5.892676646235096372e-04
7.116880845580400745e-04
8.051140740748263542e-04
7.451531330581804939e-04
6.646130366761986326e-04
8.885544957541160940e-04
1.929592371138650784e-03
6.114407117198773561e-04
1.264794980737780775e-03
6.182937706411462857e-04
9.912540796705017563e-04
7.197590011575939230e-04
1.170014664125816877e-03
8.688465994074979701e-04
6.967044442939580992e-04
1.420990946702056822e-03
1.155868386947944606e-03
8.981658949635948005e-04
9.549978535381729383e-04
5.960596566576287919e-04
8.630610550859790005e-04
2.573362488103645655e-03
5.174744590128413802e-04
5.818538129242405241e-04
1.022535276826389916e-03
8.296028752047897477e-04
1.347600486646625788e-03
1.952452139280557060e-03
1.114252030135472714e-03
1.655858526985805974e-03
7.135388324572795394e-04
1.209508434229274046e-03
5.149061212332795793e-04
6.784528985302433349e-04
8.436063614741796902e-04
9.012438263811898545e-04
1.206557627062066580e-03
6.075229294787678124e-04
6.584806798464266833e-04
6.264138007336396072e-03
8.258553811085958670e-04
4.386125515080891400e-03
5.232880949071279549e-04
5.535697293074172583e-04
9.886294534023809446e-04
1.086269270765564217e-03
1.458625254332850422e-03
4.856557136724316283e-04
1.252825418000029717e-03
8.148792600569191571e-04
8.122819638467101110e-04
7.236530192230858968e-04
7.928259508277174907e-04
6.338389290463865462e-04
5.744412725615996715e-04
1.026645815741910944e-03
7.881012703988691300e-04
9.271719210514673716e-04
1.278051955839933996e-03
9.148469074896479645e-04
6.138196304913948100e-04
7.228428808356779584e-04
7.990475623346954053e-04
2.031026749293380392e-03
5.232880949071279549e-04
6.093099680873997849e-04
6.315048422489511013e-04
1.060284638672865775e-03
4.357715039676051685e-04
9.986911671380669601e-04
1.241345090347974363e-03
1.474834112542083679e-03
7.817551869458495058e-04
1.338538786891121501e-03
4.883179320598510058e-04
9.124697788881340650e-04
5.534147875482990468e-04
6.925348179003370510e-04
4.158984676035429036e-04
5.195189588385472519e-04
6.879530457950282967e-04
8.352100255319651811e-04
8.092714400344464595e-04
6.688133579212241072e-04
1.242175683357930015e-03
6.393470193141959296e-04
1.076415604687849976e-03
8.159652269120347195e-04
1.992391369272289003e-03
1.501778759065730681e-03
5.678887957010649414e-04
9.190348752828860976e-04
8.321567999887036649e-04
5.949914987125785133e-04
8.811693850215473111e-04
9.711829960481410066e-04
5.409010641149135639e-04
6.584806798464266833e-04
7.716776858426408359e-04
8.977812149109776338e-04
7.519746898441691816e-04
1.068383951771468068e-03
8.284123693267271289e-04
4.462096759628758798e-04
1.376172090036121296e-03
9.821924175186893310e-04
8.379182940036803383e-04
1.150640012524695123e-03
6.805422119034886972e-04
6.894797491878725502e-04
9.492323574487761392e-04
7.836690726902080951e-04
4.019595623192316158e-04
1.186467098271016402e-03
5.728649321606785845e-04
7.652754604642625792e-04
1.148767657034602046e-03
2.271655873714134924e-03
1.013897558540469450e-03
1.100673578658597530e-03
5.850815384311173909e-04
5.206931351390946001e-04
8.515331247685887107e-04
9.971974389069689429e-04
1.879747799467117045e-03
5.996089373255892793e-04
1.234689470387146304e-03
5.573151631833905871e-04
5.353032134980360845e-04
4.487021938786378496e-04
9.619360036939065498e-04
9.351398256265838977e-04
9.271846674507141150e-04
1.061283266836242009e-03
6.142214007874356556e-04
8.356482245967282929e-04
1.219059637372840255e-03
1.075608557134120772e-03
1.310014627358970733e-03
9.482433742829798071e-04
5.541156837185627669e-04
8.937147816657525128e-04
1.123894546303985187e-03
1.178853465184331482e-03
1.092767212273129110e-03
1.389593413032571200e-03
6.273515010825945299e-04
1.106388116694038797e-03
5.930214277189631115e-04
7.086525726832565474e-04
6.375912103284213069e-04
5.980092631587249951e-04
7.595434376882715874e-04
8.677796125616849161e-04
5.906641311706466863e-04
7.709860706123343194e-04
4.172284111138483244e-04
8.470357121828521853e-04
5.206682241535486510e-04
8.400781760231578171e-04
1.078655211812290342e-03
8.852683481504683427e-04
1.057705620671498502e-03
5.835792169588535291e-04
1.635816224472474902e-03
1.174101774448735053e-03
8.284397392073422975e-04
4.754878195602117111e-04
1.539467863158328325e-03
4.819025304632056235e-04
5.073550367596538300e-04
1.918398919838907061e-03
1.208327472766903676e-03
1.469005294911181420e-03
1.121847973659964755e-03
8.684561748846079694e-04
1.711209924292831719e-03
5.737953109212874051e-04
1.158418650487784331e-03
2.500270494596442111e-03
9.227215250272053498e-04
9.480892496109309328e-04
1.242577645051835215e-03
5.698567404187231730e-04
1.024918320836640554e-03
7.525972107920692695e-04
1.247097683328235538e-03
9.292414156630895896e-04
6.259706912756294022e-04
4.825041831807590545e-04
1.010799449391992311e-03
6.526699573749450900e-04
1.135369694593497524e-03
6.084876883714033938e-04
5.547867644794119953e-04
9.155407889688368288e-04
5.528289434886768340e-04
1.203368625982963831e-03
8.457154319557356418e-04
4.761189437505833626e-04
8.796533421451407236e-03
1.833689853926495595e-03
2.689669495738430342e-03
2.009902963242419897e-03
1.330104808949217430e-03
4.233044990910797686e-04
5.064413545349751066e-04
7.916415889982238293e-04
6.602463155323975942e-04
3.891338957450623821e-04
7.832101647203298283e-04
2.270085611166591105e-03
9.568950105367276648e-04
6.932496001875029443e-04
2.065046744475742407e-03
1.095821332347561659e-03
9.717538867656602556e-04
1.700864269369173299e-03
4.462556874433350066e-04
7.273803182754781486e-04
5.802886666495730940e-04
8.990117163816552931e-04
7.802835179035690939e-04
6.600409322960664946e-04
6.997023439351017157e-04
7.324284299256288719e-04
8.588261112176904730e-04
4.838606987345482136e-04
5.159346025177764588e-04
5.781734931582176813e-04
1.017106599133469442e-03
1.562806195034372684e-03
1.221679043986789942e-03
7.718802289223580283e-04
6.801376341007268249e-04
6.430057105051458074e-04
9.797574232188750298e-04
5.282397452883661870e-04
4.047642303933405303e-04
7.079622486659044051e-04
5.216738276828078750e-04
6.118376281300603927e-04
3.896593604375256717e-03
9.612376194990678068e-04
5.424290735542554396e-04
8.461968162558841872e-04
5.962196566165869948e-04
1.839230429611973458e-03
3.653413829848647801e-04
1.052030451399768498e-03
8.242522667945897117e-04
8.942303649884535046e-04
1.163526811746598338e-03
8.960602002730058170e-04
1.607806770842161405e-03
8.211721991617343093e-04
1.217139985112654322e-03
4.648538575303797567e-04
1.432246936594339061e-03
6.531931609364950795e-04
8.630610550859790005e-04
8.270478528638932486e-04
9.658413242762186679e-04
9.377851641715409525e-04
1.513790756833737925e-03
5.068928622507601562e-04
6.856243436063123690e-04
5.401495745228276088e-04
5.567268049785291557e-04
6.996622955606336767e-04
6.409765408122009272e-04
1.126012059668574572e-03
8.780722192288978713e-04
7.287990120418922496e-04
7.849751858265800741e-04
7.069635391974440864e-04
6.941363217414001606e-04
6.721341998714848269e-04
9.191728137457333414e-04
1.604703961002194781e-03
1.774439525001131378e-03
4.804860535949845909e-04
7.403804437083737634e-04
3.534227359556260228e-03
5.227905206524739072e-04
4.487865760457416067e-04
1.105678809657254999e-03
1.135435416805306375e-03
9.781041301088031110e-04
6.940732308109018788e-04
1.686893670230877815e-03
6.158192531334963490e-04
1.469464065140747367e-03
7.277977978358222272e-04
1.298313612605020255e-03
5.152347117769240153e-04
6.912512804238018409e-04
1.693272386183708933e-03
1.024918320836640554e-03
1.753958601825383488e-03
7.542791783202693100e-04
6.738150912940200042e-04
9.065167986475680065e-04
1.979738674612511237e-03
7.246619949338691576e-04
6.195505406786849453e-04
6.474213013770614570e-04
1.132312910582728696e-03
1.112286981862591539e-03
6.243909103684770583e-04
6.937934676158361924e-04
1.294416574523074570e-03
7.283353167794634313e-04
6.222809529542345239e-04
1.192547087756293950e-03
9.008173537179299918e-04
8.444224168384677686e-04
9.019661167945067139e-04
7.292501635633734294e-04
5.395787686062844968e-04
1.224254102867359736e-03
1.056344266693181504e-03
6.525048902082175107e-04
4.699961199228665362e-04
4.941517578475374027e-04
2.573362488103645655e-03
5.424290735542554396e-04
6.216413899333056220e-04
5.300018761539772739e-04
9.781623828401843357e-04
9.295716207852330274e-04
8.942303649884535046e-04
9.234408909439038122e-04
6.111134090818382165e-04
6.087978575265292833e-04
4.902658080204403074e-04
2.069864843180000032e-03
1.967181731928332317e-03
9.268047107046141226e-04
6.970080616039223131e-04
8.225173765645480296e-04
9.303173688528930570e-04
2.234684419756533154e-03
1.453695256930899807e-03
1.305044160755614545e-03
7.488262945568178097e-04
6.915857576157831378e-04
8.134287815706487410e-04
4.890783802259005648e-04
8.055584284504982255e-04
1.546555462156009230e-03
7.411822040476218933e-03
6.136790811350447588e-04
6.375307696311125058e-04
5.366643585492759461e-04
6.377115335272142771e-04
1.308499450269792449e-03
9.123801412999002361e-04
1.748193730954463072e-03
7.781269167905992441e-04
1.205289935241905851e-03
7.497996109382783691e-04
7.438920612344288898e-04
1.987940706431928686e-03
6.458325473334624537e-04
2.469092283893931788e-03
7.151635607196297952e-04
7.877472819241884130e-04
4.686620300469959309e-04
9.758275264286812118e-04
7.296454329582993236e-04
5.916799785483619267e-04
7.878207243422038954e-04
8.221084228253016778e-04
8.458438946090044829e-04
1.255119891101216106e-03
1.355767635262814918e-03
1.372608444278186060e-03
7.340772304482756682e-04
7.117680247070466227e-04
4.901232308595367517e-04
4.515794577017762405e-04
4.804716560349216463e-04
1.014401185715726496e-03
7.469990046498786078e-04
2.436910213025624081e-03
4.695768988940524319e-04
6.834812449324796776e-04
5.152347117769240153e-04
6.403565428387084655e-04
6.014057500426779829e-04
5.414784967339060376e-04
6.258137261724199592e-04
6.028545555324218205e-04
7.916784071612583545e-04
1.249275629409764971e-03
4.986640049480041458e-04
8.278156166347451928e-04
5.801866673646483572e-04
6.875149303035806621e-04
1.267954124358167817e-03
7.153289980639103733e-04
7.801046306928540591e-04
1.520197791086332333e-03
8.688081051337586801e-04
6.749221169632291413e-04
7.431784762868986387e-04
1.073869277302664420e-03
3.980767545126840767e-04
7.650944875297695019e-04
9.126887897845313265e-04
1.778831606309309431e-03
7.390308319965003441e-04
5.293281095339944214e-04
5.544170221605977666e-04
5.864392844694280623e-04
7.292501635633734294e-04
3.722645894518413672e-04
6.986007636925573938e-04
1.174524413779822613e-03
1.023816921534980795e-03
2.089996385578738857e-03
5.759417319691143965e-04
4.377156168024466079e-04
6.807933790760692123e-04
4.361404450328913523e-04
7.410804856210333755e-04
9.611513285157722436e-04
7.429582351374657565e-04
1.344387520356722611e-03
4.676192977270713595e-04
9.337805730015813445e-04
4.661383477862119404e-04
9.952305943739150462e-04
9.727154210978385378e-04
4.510844944673300162e-04
5.761410431638889790e-04
9.975869848862178955e-04
7.846102240557591189e-04
6.544012601064242308e-04
7.796798842680553992e-04
9.288789198397085856e-04
4.938081895638623143e-04
7.473379664713499350e-04
1.444408505784645609e-03
2.174928338855892148e-03
9.533093665726714719e-04
6.381735197105779757e-04
1.879327059935109257e-03
5.570203795641739042e-04
1.008612543077886574e-03
6.151649977942050826e-04
1.101139570631251129e-03
7.327097086657523902e-04
2.469092283893931788e-03
1.738297293304874071e-03
6.455619902195035157e-04
8.841059042688751042e-04
4.252922819181057424e-04
4.796246317792703389e-04
4.029214834256085800e-03
6.240470008459167309e-04
8.059633453055331173e-04
1.022870841931727837e-03
3.644267182146926094e-03
1.175188902295008645e-03
1.550267492721573315e-03
4.091790925070423030e-04
2.968894599389533800e-03
9.129994410418250817e-04
1.158235017046791359e-03
1.212049551950467518e-03
9.129488582039372918e-04
1.438870004882895383e-03
4.954026763461139189e-04
8.109909408431293558e-04
1.298216785472391162e-03
2.134413093116259430e-03
6.725688155959356389e-04
5.725445996997572187e-04
1.565895858248263998e-03
1.186467098271016402e-03
1.261717742491791664e-03
1.000742814574927470e-03
5.902592001470622143e-04
1.301190763346280746e-03
6.361567834552373435e-04
8.198371216563229459e-04
7.283432600324266917e-04
2.128396309912314408e-03
9.977175909329190958e-04
6.759208005071576245e-04
1.310658365681883130e-03
1.146319606696537654e-03
4.758954613190550013e-04
1.318575583861248844e-03
8.462625915733937559e-04
6.177210982743729095e-04
9.568248386139761126e-04
9.686154378359265130e-04
9.026634726283744260e-04
4.836528695741755209e-04
4.622342756954183241e-04
6.620993541359183757e-04
1.374236837768511932e-03
1.006886962901386686e-03
7.366623676313206921e-04
4.892120324209677570e-04
6.524831928288953552e-04
1.959316585588267556e-03
4.876910725510871574e-04
6.288079318115005712e-04
5.476227508312244471e-04
6.997023439351017157e-04
6.048993377406935903e-04
9.708337154630292554e-04
7.916784071612583545e-04
5.768314877269547234e-04
9.663936750452616206e-04
7.926940986112300047e-04
1.574849450209312449e-03
4.422936498131087735e-04
9.305208874555854744e-04
1.016175631825673182e-03
6.196023859687687946e-04
6.240384117358652822e-04
3.993915749293841825e-04
6.918741431707981166e-04
5.206664533094461107e-04
1.006770088363247856e-03
8.870599053380039383e-04
7.124967669436780161e-04
6.222809529542345239e-04
7.195397150287064338e-04
1.979738674612511237e-03
5.887982033914073094e-04
4.664960222087801171e-04
5.383908550431983813e-04
8.796540094299737335e-04
9.299229027429573372e-04
1.131675936962782273e-03
1.324885423036243010e-03
5.744611195864242738e-04
1.672796409144879917e-03
4.796667134495159485e-04
4.142322362670593032e-04
1.364126885615903105e-03
6.866270205626528013e-04
4.760352122347306903e-04
1.794805838396128792e-03
1.308844339332792314e-03
1.054604655253659059e-03
9.774535693991555189e-04
7.184155652258797983e-04
8.580174705253056566e-04
9.461303923980149020e-04
5.136199489494204431e-04
7.505482430107533742e-03
1.359155550008736817e-03
6.686654027700633229e-04
8.167585460906428684e-04
1.251394965892098149e-03
1.090231924194474521e-03
8.658782636005017165e-04
6.721341998714848269e-04
8.271326130888097088e-04
1.463191981573748251e-03
4.725682511958561411e-04
9.674522640953026401e-04
6.786282792315907796e-04
1.021272221323072651e-03
1.624134286552953409e-03
9.237088099080374183e-04
2.754907450807990779e-03
1.230887032940614816e-03
4.754878195602117111e-04
1.092188194638464430e-03
9.515857454292839636e-04
7.212473599702118971e-04
6.503720230840660983e-04
1.070006394204433935e-03
1.702873374622806881e-03
5.945420824040297675e-04
1.072943756525353461e-03
7.260013942455682562e-04
5.826277158833578600e-04
1.348245939977742430e-03
9.963712745365788191e-04
5.224311345067802386e-04
4.678482023341898593e-04
4.643752183276028483e-04
4.821192640374997464e-04
8.222112052052078530e-04
9.963123116329148515e-04
1.974244393929194819e-03
9.126887897845313265e-04
1.095985491807705513e-03
1.031541334231895818e-03
7.588558581951434330e-04
7.019083021068793374e-04
6.732211062682584048e-04
8.134541933507131745e-04
9.312637765086537005e-04
1.046130688368842329e-03
5.400757168227868872e-04
9.098487024193704920e-04
9.129752650884175860e-04
1.551865219066417279e-03
4.952991143153461862e-04
6.120039442074375665e-04
6.846576243825628792e-04
9.749730989760921514e-04
9.234408909439038122e-04
5.295507155263078514e-04
6.041077998558323867e-04
8.467446116705381904e-04
1.432590188511632815e-03
1.407815216592513000e-03
1.698744336733162266e-03
5.177887136685188499e-04
1.169292187733566484e-03
7.387728491275946880e-04
6.808292736098416889e-04
3.962711656241446438e-03
7.916415889982238293e-04
1.029236236699591781e-03
7.535422463882626059e-04
1.737507619221896745e-03
1.031514673631410287e-03
7.181781444632023403e-04
1.189206688779669745e-03
6.427545491903775745e-04
9.242351541725810906e-04
1.583788212751612154e-03
6.035690704157473238e-04
1.201277708136384110e-03
5.790791152679624146e-04
7.306685754545538727e-04
1.658960203844629883e-03
1.063477784920512656e-03
5.217415129908637003e-04
4.467130945513697214e-04
8.750326519868000322e-04
8.684561748846079694e-04
9.959616045419705885e-04
6.437502178419938006e-04
6.830256343321720490e-04
7.775746361693096744e-04
6.544279551317915434e-04
5.205899817484467649e-04
6.024786138362699410e-04
1.492273801545379456e-03
8.210623246272309196e-04
8.848694116114408283e-04
1.481440828165794072e-03
1.167438085229249682e-03
7.192449542806111972e-04
1.576436841268093235e-03
1.498450895100618971e-03
6.227612309340353454e-04
1.021671787601219957e-03
3.952820610803301393e-04
1.038626055243375155e-03
1.154487301385940341e-03
8.500566594645237546e-04
9.890279182046951816e-04
1.468359817703445347e-03
7.627207761037181188e-04
6.513505773925277543e-04
6.552760386246287696e-04
6.230603637093393805e-04
2.645361227627777024e-03
6.784528985302433349e-04
6.665935683822957029e-04
6.290320544756898731e-04
6.961275587172960052e-04
7.890102832248771817e-04
4.664960222087801171e-04
6.524517933271371285e-04
1.244871785269683522e-03
8.643376756285691114e-04
9.845601015773730244e-04
5.696135506138396342e-04
8.439084365670755520e-04
8.321567999887036649e-04
1.488075241642155449e-03
1.106613865678332184e-03
1.057904178978348987e-03
5.778090268039232135e-04
9.149835202958679853e-04
5.823443071492088920e-04
6.967102161644284954e-04
7.865885505746242606e-04
5.756315963394019637e-04
4.901405546934964504e-04
4.941744497569604093e-04
1.578015143788316210e-03
1.036082876155230851e-03
1.767400209061412413e-03
6.499532677784662735e-04
1.191820205787377926e-03
1.995409221008853651e-03
8.655061941092356739e-04
4.423494033083356512e-04
4.684956930809236648e-03
1.441004997347495459e-03
1.312197503053661200e-03
1.032849431180263983e-03
9.266569165166035904e-04
1.950535900024211828e-03
9.556944441378902987e-04
5.848128282118625733e-04
1.145009635653411418e-03
1.227640381036300930e-03
2.754907450807990779e-03
9.475964360356045266e-04
5.673473207707708946e-04
1.020175516992835162e-03
5.772761619224159530e-04
9.471632427914452581e-04
7.223197909847086338e-04
4.782661905360551728e-04
1.995409221008853651e-03
1.492273801545379456e-03
6.065697064787442657e-04
9.424526683947622623e-04
1.721328829766222363e-03
9.952305943739150462e-04
5.184815613435578979e-04
7.707806906596657327e-04
7.523376072075576215e-04
7.745074377547762380e-04
6.579080043654884566e-04
4.422924379882509191e-04
8.280074959565843565e-04
6.487704815089902427e-04
9.032029081278100148e-04
1.251478341934697449e-03
4.268752035506427124e-04
1.176791060177807130e-03
7.161980504440454550e-04
9.629916748287645472e-04
5.350308090645263448e-04
1.249796471290615758e-03
6.371370460698898416e-04
9.735159785375836370e-04
5.379278848727298869e-04
1.603032093601169895e-03
5.668051737273988727e-04
