8.828437547080588690e-04
1.162840259224653299e-03
8.837842441247959879e-04
1.698978269196590443e-03
7.465042602988262695e-04
1.845770767520646047e-03
1.110277153252496856e-03
1.559009446435314153e-03
9.120941369682991282e-04
1.341206803581352887e-03
1.030629240734207228e-03
1.298602242489513324e-03
9.626497494775535782e-04
8.216633963226315429e-04
7.432056719290376211e-04
1.279330602402132915e-03
6.816328855321678254e-04
1.011318042119149080e-03
1.227403433896457350e-03
5.077575705673711927e-04
1.357402073384069612e-03
1.030873248740732948e-03
1.562697016626227349e-03
1.065012185981405136e-03
1.349992322211886892e-03
1.102999547373829329e-03
8.044415384502438425e-04
6.984331542926674411e-04
1.165607024878998746e-03
7.837650442002288328e-04
7.510879307114206932e-04
5.147739545111573419e-04
1.058364080355505459e-03
6.362453548442198892e-04
8.533093690708316338e-04
5.528039924165575013e-04
1.206401382601973715e-03
7.510653461266326514e-04
1.039624486152929171e-03
1.121003461494415356e-03
5.811448938798043952e-04
1.493100473563720599e-03
1.828008936385967353e-03
1.389321492354895137e-03
1.606069210956154354e-03
1.307882828534779858e-03
8.223594133975792352e-04
7.438834688398760810e-04
1.089990811637223675e-03
1.413178635620594096e-03
6.357348293066262960e-04
1.097200273930369922e-03
7.083094362350826276e-04
1.633662567976121131e-03
6.241745945656123652e-04
7.331587862212464489e-04
7.984046605192826693e-04
5.440475367959713652e-04
1.107882518891151321e-03
1.322769534049676341e-03
6.966012216701744381e-04
2.086175932165701408e-03
1.132016720847850606e-03
1.115280219033202343e-03
1.410896594392362828e-03
7.133351161111392037e-04
2.434634499927886605e-03
7.418334048137718156e-04
1.314889936289434730e-03
5.119029602354182576e-04
1.948847594659682035e-03
1.136008970183401048e-03
9.231685320934197077e-04
6.451679378868280810e-04
7.703885394916060083e-04
9.919316787783845606e-04
1.547774830011202805e-03
1.785666335382990466e-03
9.116846362378341808e-04
6.793880773033821822e-04
1.252389820858304526e-03
7.126102334441669064e-04
6.837491778996429223e-04
2.067259693351009963e-03
6.519617715563237690e-04
9.101506076136891589e-04
1.219289136675653354e-03
5.748498081367078329e-04
1.137529453496034532e-03
6.110459885688571471e-04
8.160461648917304370e-04
7.935067788748881171e-04
7.443759364126375632e-04
7.966044774932140408e-04
9.440015487004061595e-04
6.871341810592583501e-04
1.309358491571773354e-03
1.295649933442371204e-03
1.033613786795540244e-03
1.011586789263424014e-03
6.451679378868280810e-04
9.270353015490017962e-04
1.406099678842735561e-03
8.696421120762857582e-04
1.069149177333263449e-03
1.044181660539964451e-03
1.233714178873939436e-03
7.997202000839959959e-04
5.591913550884549571e-04
1.778086599705055266e-03
8.162733553154188611e-04
7.786339979538040501e-04
1.069149177333263449e-03
8.111983339384750248e-04
1.588704154311870601e-03
1.130449835959724354e-03
7.452327099945970463e-04
8.944366608785080325e-04
7.448952018471893290e-04
8.299714045872390224e-04
7.455977141561033646e-04
1.424131340613388978e-03
6.668530832057285689e-04
1.259539981567475361e-03
1.354509370537201234e-03
4.770739492344569380e-04
1.151542896267951973e-03
8.260105195207319501e-04
5.728801780867633303e-04
7.633219397973545943e-04
8.712009744476808919e-04
1.632400951541472999e-03
1.493211327111168812e-03
5.702511374825065251e-04
7.067978096556682506e-04
1.749158840985927388e-03
8.722122675870710214e-04
1.271060824440597894e-03
1.029748518097570089e-03
1.003836519181562029e-03
1.801486984909826151e-03
1.211202502065311182e-03
8.121860115142761922e-04
1.020724947056355844e-03
5.761642454332411081e-04
1.159276439295714488e-03
6.730669808861494815e-04
5.262919143838147790e-04
8.865583404879728499e-04
5.771261397956916955e-04
6.271683824480210568e-04
9.309343211931078244e-04
1.036522249047685043e-03
1.087219930626618682e-03
1.269891918884439447e-03
1.179462787318826282e-03
9.489908484811071304e-04
7.634357801740292463e-04
5.052721855595654040e-04
8.948131997332919169e-04
1.139435635453378776e-03
7.717529428088178937e-04
1.825978535992411281e-03
1.301289991406276263e-03
1.029748518097570089e-03
7.436757240895683178e-04
1.377667931970061625e-03
1.016093490709888986e-03
1.061315060437669801e-03
6.725708894315602423e-04
8.661303053715455448e-04
8.225739044118557906e-04
8.637157713087517110e-04
8.282009027753296088e-04
1.267281395780968205e-03
5.555018498847483178e-04
1.303043001901606083e-03
1.906455096722255464e-03
4.515957297742338727e-03
6.240497362759324764e-04
6.696126440796768388e-04
9.428442458893788189e-04
7.200459008468454653e-04
9.998682811518404181e-04
1.406084219639396884e-03
1.472019317235849544e-03
4.704441679995936582e-04
6.407304183033506705e-04
1.075485735886740372e-03
6.602991640002387787e-04
8.070083024561608203e-04
1.128095531141793274e-03
7.310683201268591315e-04
1.332298862067911836e-03
2.221545696440184285e-03
7.278940367893827184e-04
9.739830948025860174e-04
6.110886060719988768e-04
1.042905166004708464e-03
6.623193654099340539e-04
2.207732709648820187e-03
8.161500543617298230e-04
6.821641399706770536e-04
1.268388618439042883e-03
8.314750000387468145e-04
1.306710410568856897e-03
2.077293482789379243e-03
8.379359665934365230e-04
1.728667703764210240e-03
1.743285024556622594e-03
7.958231043179229795e-04
1.241238180053424187e-03
6.169715715364222598e-04
8.079078671885848995e-04
7.372156200415758576e-04
7.885911676919104326e-04
6.272785977593795317e-04
1.040676127309983663e-03
2.401580766937688217e-03
9.162965053164977757e-04
1.613150270913270377e-03
1.289029023084831702e-03
7.551404218516731244e-04
1.017674081068727131e-03
1.093811827780873666e-03
6.160519046812901146e-04
7.990800207670649066e-04
5.847831794721116121e-04
9.162965053164977757e-04
9.082899624603550702e-04
1.186000275119299726e-03
6.678870138177186002e-04
9.026736187808029593e-04
7.905517340940952046e-04
1.720565468582983468e-03
1.259099939127238717e-03
6.841213126322025608e-04
9.499011513827027714e-04
7.391702802161681258e-04
7.050630185602885279e-04
7.592880178832312442e-04
8.552531427268482899e-04
5.720171769421626045e-04
6.048805373011672312e-04
9.337132278683189096e-04
8.057387256673690388e-04
1.161876748507134150e-03
1.152340152363594576e-03
6.368848170191091559e-04
4.983753858773998149e-04
6.279002953028013385e-04
9.002521105935269979e-04
1.109369111232135722e-03
1.431403005336476415e-03
1.147815998487049715e-03
6.736834521875626836e-04
1.163740228951539715e-03
5.480078943191382624e-04
1.046250839047139797e-03
7.195302996560142125e-04
1.702379637092451235e-03
9.449698923968204330e-04
1.066706686264597614e-03
1.384570164939611129e-03
1.082858078479289167e-03
1.227434462618433265e-03
7.743517926834681811e-04
9.713347486457856849e-04
5.157940750964427109e-04
1.050708561138212092e-03
7.729388745483201876e-04
8.238739836773626866e-04
4.682325064666381718e-04
8.570100221828554424e-04
9.623193782723150555e-04
6.970992881735917210e-04
4.704441679995936582e-04
7.711460919861871195e-04
6.587086614219300664e-04
1.303043001901606083e-03
1.289029023084831702e-03
8.069762806377199244e-04
1.246801656815401836e-03
2.813228619147145962e-03
6.214545845044956024e-04
1.349391737000288621e-03
1.573355841770973694e-03
1.158329054625934027e-03
8.076554339460459853e-04
8.315061093025629627e-04
1.555112278542506755e-03
1.040914049400634830e-03
7.251691914408524373e-04
1.385420614970583192e-03
1.548250705038108554e-03
6.187439583122828759e-04
6.158502828572075261e-04
7.142846959846588283e-04
7.864953490713970157e-04
6.973904577980056564e-04
1.571613545045096212e-03
6.048805373011672312e-04
7.709044613070332530e-04
1.435887449539152922e-03
6.670281641226736332e-04
9.402200457516430004e-04
1.075524852294818716e-03
1.369685135025003157e-03
6.292856209190550399e-04
8.926999544097734881e-04
1.080334978484455855e-03
7.985970853644173148e-04
6.249250114391104258e-04
7.596142421046138448e-04
1.793984870006553765e-03
5.794639352462357127e-04
7.536158112318290135e-04
1.107724241572688754e-03
1.091110845985539604e-03
1.813643002459980336e-03
7.957505504097684519e-04
2.205214029153660868e-03
2.884929013663686554e-03
1.061888212087191540e-03
7.575016465854718471e-04
7.990800207670649066e-04
9.848041255548205947e-04
7.608509949503193797e-04
1.930903043840323172e-03
6.612302184696584439e-04
9.938324815537942850e-04
1.102840705672082297e-03
9.216951679227751220e-04
9.595134794208601617e-04
5.220248589292153518e-04
5.426437774021990266e-04
6.494174888205892643e-04
1.132042827755269047e-03
9.214080761764502098e-04
1.081754055900336318e-03
8.905934476402466637e-04
1.060785834833365268e-03
1.076377346133336509e-03
1.030411837993426560e-03
5.440177414865471220e-04
8.924263718953738544e-04
1.101692985994418960e-03
6.182643364803479128e-04
1.992802847011242943e-03
5.830709695717989187e-04
9.695064488519038572e-04
6.761898889673079692e-04
6.946209815981255501e-04
1.679442265135090056e-03
8.250523753413242659e-04
1.112565309841756674e-03
6.867457561866944235e-04
5.142745086898272431e-04
1.222622786118264917e-03
1.413857693304577945e-03
1.038017222921506144e-03
1.541361971199655843e-03
6.209148517164269580e-04
9.651692044395474186e-04
7.053317214407719363e-04
8.086852107515834619e-04
9.351425808237371143e-04
9.196689291675542088e-04
7.502895895941046707e-04
9.704241889817339121e-04
7.857887896587178013e-04
9.647772716245820888e-04
7.886022846488683962e-04
1.834334552951472552e-03
9.896528124668912269e-04
7.007623566611745087e-04
8.716754729681748569e-04
7.908581586612244271e-04
9.919952903985403570e-04
9.561895391744779354e-04
9.630083623393457084e-04
4.522501702516926961e-04
1.687624218834178841e-03
7.555773471672093747e-04
8.291715172405984087e-04
7.856106572768462937e-04
1.114304075055587819e-03
7.020256273554425532e-04
6.386000688777464067e-04
1.032643009648000470e-03
1.786482683446575419e-03
1.212456030776299471e-03
1.162260916494500329e-03
6.692936165463166630e-04
2.194675700391725184e-03
5.677305744516559626e-04
8.218977357351791961e-04
1.125404247156994511e-03
1.673779198662730602e-03
9.635522222840278879e-04
7.040307334960831196e-04
1.044273026566596005e-03
9.768724873608213444e-04
1.416988723203739401e-03
1.335092685738999618e-03
1.096791360592890788e-03
1.485822837774018268e-03
7.437586762102406509e-04
1.380495268153135360e-03
1.126053110469757163e-03
7.730272728976665111e-04
8.103805155399257214e-04
7.239414388671386747e-04
1.012617884896850184e-03
6.953707404933605904e-04
1.306652339474845530e-03
1.510768933626970446e-03
8.136761127605125635e-04
1.520802781082267359e-03
7.894699086951948276e-04
1.069817171774290572e-03
1.264984189073379813e-03
1.192624176420275075e-03
6.875429447804452549e-04
1.153227279178819977e-03
6.184640290985051738e-04
7.834704246905571136e-04
6.405596707140250815e-04
9.218113600384847308e-04
1.181531879679100384e-03
1.185025960368643475e-03
9.348924773421018195e-04
6.300686302309913217e-04
5.816725091423284328e-04
6.484272848499621168e-04
8.996649888856568435e-04
8.007850333109347782e-04
5.534602736945108247e-04
1.136895319350809215e-03
7.105162477649796604e-04
6.986914538040418527e-04
1.253439985751041846e-03
1.480375643128223123e-03
9.913934069556613621e-04
4.327903045326388066e-04
1.019659575849241355e-03
1.219632763107195280e-03
5.834345688416108303e-04
1.781410023525325115e-03
1.105471285368657755e-03
1.170096531931137619e-03
1.140286898668511255e-03
5.840826333424585385e-04
9.246634882455396403e-04
1.005110731779828388e-03
7.656690225621361505e-04
5.382467185633006950e-04
1.619442018633752327e-03
1.671774322165663290e-03
2.079589087062920852e-03
9.403590733665042646e-04
1.008928563510599809e-03
5.847032172884373538e-04
7.274576643022000926e-04
5.402847381443972013e-04
7.407969009529660406e-04
1.311043851718667400e-03
7.708951383435401396e-04
1.004452674640844137e-03
1.582566723425879408e-03
5.455734702271179204e-04
8.238739836773626866e-04
7.155438756987588574e-04
9.109949684408452436e-04
1.062657075113320566e-03
9.348924773421018195e-04
1.830441132504288934e-03
8.262060564840607120e-04
1.062309362624556247e-03
8.685044268974267826e-04
1.088156639048631783e-03
7.362563356923989199e-04
9.359655087300617401e-04
7.044098884954903134e-04
5.912253916181309547e-04
6.258592977828231251e-04
8.532478116835430894e-04
9.024309649244805593e-04
1.003158871516729098e-03
1.056386526684560852e-03
1.113721413478933409e-03
9.836922333379834703e-04
1.392883711292873918e-03
1.135311991413940702e-03
5.910043888205207107e-04
8.625547577784066153e-04
1.043660800809268581e-03
6.317354637432147499e-04
9.818169193500448158e-04
6.961699363564381954e-04
1.407250741417784019e-03
1.001263188516129856e-03
1.452299840745473235e-03
8.531255050658989765e-04
7.365396915143001709e-04
1.815885482719224340e-03
6.706144677736730272e-04
9.145077737135826274e-04
8.839732780938628536e-04
7.991382783518992741e-04
6.519475569798873936e-04
7.121783558834471122e-04
7.630919860472808571e-04
4.712258449114712202e-04
1.023375143004224327e-03
1.248389878551219544e-03
8.663712495998645430e-04
8.622026963406690010e-04
6.865408812554169710e-04
1.011653643630151507e-03
6.631191142104206262e-04
5.543580739368685843e-04
6.946384476989060771e-04
1.121136064987733735e-03
1.617643968458504786e-03
1.004183532231016276e-03
1.224998616368426062e-03
8.238293134653527309e-04
1.138226179309562852e-03
8.525099669657739375e-04
7.480530301407497477e-04
7.698207870199475292e-04
6.501447623759512833e-04
1.010493322117647337e-03
7.601063930210810423e-04
9.158032161363543382e-04
2.421002487808430158e-03
6.304014787692881552e-04
9.273903789382549568e-04
1.359964933755212655e-03
6.899614236705043898e-04
1.228923604917603676e-03
7.577654807029769691e-04
1.107908779171525157e-03
1.090632620616776736e-03
1.045904817490034061e-03
1.074000640051677976e-03
1.063494780359781249e-03
9.696469001625903066e-04
6.876877151781912766e-04
1.057112535086680719e-03
8.064656522188193418e-04
6.888860093970927950e-04
1.264984189073379813e-03
2.200979864330084110e-03
5.920823635814601461e-04
9.208837745681589058e-04
7.182335807328661800e-04
1.148303335130096024e-03
5.452242449027673056e-04
8.532284586309942225e-04
7.743561075175055567e-04
6.477966183109837555e-04
6.993544126888908861e-04
1.145862618254946683e-03
7.118856830475429973e-04
7.169000217054961486e-04
6.383682302053519031e-04
1.531165654443184887e-03
1.090324138461055492e-03
1.131054675835639666e-03
1.122356717078459246e-03
1.362515970595899999e-03
7.800726671681952910e-04
1.158781738320021444e-03
7.188635341827704240e-04
9.476041151042425463e-04
1.137902253346845987e-03
9.555498748956139455e-04
9.641783276471643880e-04
1.018052185773522409e-03
9.251980671660392378e-04
1.093811827780873666e-03
1.127501232197091786e-03
1.362455567501192569e-03
8.366242235393427486e-04
4.662900606484004281e-04
1.192397042623884445e-03
1.113108050697630145e-03
7.981896902223401501e-04
6.199005705873441349e-04
1.855029519201912376e-03
1.065012185981405136e-03
9.019969406588039572e-04
1.772072749579377488e-03
6.375262642139302698e-04
8.864087854306078014e-04
2.487372563309114045e-03
1.427452042824721695e-03
8.955335521574292685e-04
4.898205612142554838e-04
1.956821829764020162e-03
8.189801599676283048e-04
8.615144283919977299e-04
7.024519916332327626e-04
1.275126858394707652e-03
5.581506190498617065e-04
8.105670644364665724e-04
7.732608969512195759e-04
1.167979373865732839e-03
1.209914635144388774e-03
6.467961676678552320e-04
1.567644503203119346e-03
8.462440484407444822e-04
6.748788498602299995e-04
1.538559858757229714e-03
6.930689747261882441e-04
6.213314711007451429e-04
6.654212605711097442e-04
6.630107436928419111e-04
6.903254078221912615e-04
8.688418212861459414e-04
7.319410637075512288e-04
9.077122709768202730e-04
1.067570209947839820e-03
5.575890873095140469e-04
1.027741132496938535e-03
1.145247123492856194e-03
1.246738542527728094e-03
7.502126585295181265e-04
6.696126440796768388e-04
6.887047243953569025e-04
1.094614916453228457e-03
1.007809235307907409e-03
1.650146713490656652e-03
1.135830798590170337e-03
1.381459286624754342e-03
1.267009777993819255e-03
6.171800809257933524e-04
1.281834814142443491e-03
7.543902893716516057e-04
1.401407645432357863e-03
5.203891024573388448e-04
7.465042602988262695e-04
1.008251728076078315e-03
8.083902736517922837e-04
7.619430792026218435e-04
1.806657141727069458e-03
8.467404691756023546e-04
9.669364407829507749e-04
7.102898658176972843e-04
2.884929013663686554e-03
6.956611199583816402e-04
1.776279593906230367e-03
6.447389987438237064e-04
1.084971633424685646e-03
1.000400613443720764e-03
1.263226061168443897e-03
7.050630185602885279e-04
6.563654561621028909e-04
1.055802695081994131e-03
8.692402901922998424e-04
7.557860976549330128e-04
6.467173811993126705e-04
7.104193653029725530e-04
1.199099265088151428e-03
8.904626631643336281e-04
8.154441646993145377e-04
1.278095340168289729e-03
6.327155032969024751e-04
9.344935715814364774e-04
8.029770441654726773e-04
7.887893244219557976e-04
4.662900606484004281e-04
1.019669023632064795e-03
8.210179263041653738e-04
1.251924516327324608e-03
6.510587436141359111e-04
6.376639688543996043e-04
8.411692728245306633e-04
9.835149825819261993e-04
8.774586224152458765e-04
1.907814603988885246e-03
8.442657553173196164e-04
5.440037334088423807e-04
6.621606992395404718e-04
2.111256873381837495e-03
1.004140301641804137e-03
7.096075547526971327e-04
1.011183824905013138e-03
8.206542385000073752e-04
1.400710125563778014e-03
9.575302662692583263e-04
1.303286024879820280e-03
4.517538343370203669e-04
7.658224384634389377e-04
7.435907913037297090e-04
6.443025130136736684e-04
1.004039091091938002e-03
9.322208095578032698e-04
8.653083795615153185e-04
9.370700510840563897e-04
1.040646432689997436e-03
1.074895757752085228e-03
5.437199196847119749e-04
6.998863340378035352e-04
1.218754401332751815e-03
7.275102440774134510e-04
1.252782230925034547e-03
1.653060320857513985e-03
1.518080227383872358e-03
8.729902661596334245e-04
5.487939416652625867e-04
6.062540970297200602e-04
5.373061853564496801e-04
9.091888830092776860e-04
5.533782030521017031e-04
1.112553950069629372e-03
5.423668873098660623e-04
5.043279275861908524e-04
7.920801279972930140e-04
9.300778630847639965e-04
9.076755474642616813e-04
7.637921809844595237e-04
8.781055208136068777e-04
7.991382783518992741e-04
2.403865601144417486e-03
1.186211037326814549e-03
6.332609284322932497e-04
1.315102381394946942e-03
1.008883037913575623e-03
1.555253433966843294e-03
1.261602757397149895e-03
1.357546325218454220e-03
7.011551979506347974e-04
8.592924404154544298e-04
6.225828616584788309e-04
5.706677124233489008e-04
7.357953550526245877e-04
5.416939690167669932e-04
1.789768217164077911e-03
6.419761284819358593e-04
1.299265098361260511e-03
1.010981822149944467e-03
1.339522437416731417e-03
9.827618988932564515e-04
6.350701973144743870e-04
8.778916364677859198e-04
6.627875829357543231e-04
1.346579563972577281e-03
1.061905795843524685e-03
1.034247652725618855e-03
6.059534359944404244e-04
1.105197737705624272e-03
6.736908707099069620e-04
1.010032058186458590e-03
7.227649373562665880e-04
5.183851911567937407e-04
7.736108458185991755e-04
7.588366625955146258e-04
8.175735494916409234e-04
9.354025091356926985e-04
1.679286334735154412e-03
6.269413574516451062e-04
1.069784634095155996e-03
1.108731537785773982e-03
5.404381847249853810e-04
8.338488487649906803e-04
1.008283252673160182e-03
7.111234575226656153e-04
7.407091366739176116e-04
9.094517287073312700e-04
1.154759104153009345e-03
1.327238154148368014e-03
6.878411287123209830e-04
6.667714053548393516e-04
6.192150372707561426e-04
7.082613623357175963e-04
1.224988679133920963e-03
1.347262339767696512e-03
6.313536329378839325e-04
1.145625363207686959e-03
6.411899040369573987e-04
1.186321970188757837e-03
5.929206172517241611e-04
8.233238312446845668e-04
1.400738235166297790e-03
8.986416567401904866e-04
6.973904577980056564e-04
5.053904216276672258e-04
8.773017611732513094e-04
9.306960670008962129e-04
9.346297441689388995e-04
5.816725091423284328e-04
7.067993424915692104e-04
6.763099061048452815e-04
6.793410796222214406e-04
1.088502694505003292e-03
9.417581847444352495e-04
7.075442569059627040e-04
9.695064488519038572e-04
1.145268509114919127e-03
2.434222199524564614e-03
8.911742944096206001e-04
1.183069761700967408e-03
7.894699086951948276e-04
8.886200256336520067e-04
6.684255543050681521e-04
9.017575612787169645e-04
5.735812081450187812e-04
8.025424130082316199e-04
7.040603792267390460e-04
9.686444108504284984e-04
1.335881346157073843e-03
1.101048576088427917e-03
8.933875766939148883e-04
8.552943142270661749e-04
8.520282500714008783e-04
1.076930221850248490e-03
8.340738432402544861e-04
1.229278127818450800e-03
9.370700510840563897e-04
1.452242121517821486e-03
1.245017150230211690e-03
9.735804940934268030e-04
1.301198451652019542e-03
1.764786042222997627e-03
1.201952239332393802e-03
8.620575932203889931e-04
6.270075301477010844e-04
1.107528238043302719e-03
9.596287195289405743e-04
6.256169221368501230e-04
1.027688404685886923e-03
1.382786373025373609e-03
6.759618180870822233e-04
1.357909638641126987e-03
6.376639688543996043e-04
1.114742075844590537e-03
7.762354960185847237e-04
1.144745260108887518e-03
6.536393055784960136e-04
9.816429557484419952e-04
1.377655667128915460e-03
1.079162530553737058e-03
1.000237585583148986e-03
9.120033243276777675e-04
1.405095255070285291e-03
9.763901258000467522e-04
7.334158798876760227e-04
9.067606482419664519e-04
7.426872733617884050e-04
1.224793201555697108e-03
5.567162977436404666e-04
7.436757240895683178e-04
1.413178635620594096e-03
1.145151696699285137e-03
6.562075312822904195e-04
8.644674688707931591e-04
1.092252834078630101e-03
1.075495009842255796e-03
2.371360533956384190e-03
1.409245542877285819e-03
1.532698904087660295e-03
1.350932557556065554e-03
8.058166869611799957e-04
1.065566545208585523e-03
6.914131364758021106e-04
5.553037811275425778e-04
7.574020809993396242e-04
1.294839577150210539e-03
8.892744886384675897e-04
1.492161661234491735e-03
8.382429843715762238e-04
1.094427012069932974e-03
1.296431235798824709e-03
7.994630259583396844e-04
6.418867783622285526e-04
7.159705659848177332e-04
1.207162890201899080e-03
1.082926722218839751e-03
4.720303493636172649e-04
8.183689265118843396e-04
1.712344408752692910e-03
9.972081191156390891e-04
5.222350743244926494e-04
7.701993984052878757e-04
9.555498748956139455e-04
1.582566723425879408e-03
1.857876150498888801e-03
6.738153989562411161e-04
1.540388722680089556e-03
9.623193782723150555e-04
6.868928386095767826e-04
1.608934309220749932e-03
8.014497677493459538e-04
1.304932616787379384e-03
7.135570113773200647e-04
8.310542769097408128e-04
1.017789977253598854e-03
1.237406808982552094e-03
1.404858771066124510e-03
7.913676626393246647e-04
1.054902139630516274e-03
7.562694517446170344e-04
1.373522432004743461e-03
1.598242583255357141e-03
4.327903045326388066e-04
8.354912451685352678e-04
7.675243331129129104e-04
1.363586157850392661e-03
5.797766693612625439e-04
6.249969037011942306e-04
6.107443323054035506e-04
1.353257694796147553e-03
9.321861248878543938e-04
1.151750315975733638e-03
7.967622802419940115e-04
5.945709824828547237e-04
8.957808474839536661e-04
7.067978096556682506e-04
1.767409472242108216e-03
1.070491118521755365e-03
8.643653286245084333e-04
7.029589445029933411e-04
1.501870887780915390e-03
8.805096995356562033e-04
1.154363308896358626e-03
7.118856830475429973e-04
1.064560761727611745e-03
5.951257309108687809e-04
6.108772985227233724e-04
1.004980197517810203e-03
2.487192661573584158e-03
1.168794657781855369e-03
8.856235920312879135e-04
7.913412777889909048e-04
6.181083515812003763e-04
5.915447942458496988e-04
1.495057361520203036e-03
1.094246628091096385e-03
5.179028867101657854e-04
7.647214162641125879e-04
7.122899615371092218e-04
7.340610009373597184e-04
2.060832800749224595e-03
1.030185308735862264e-03
1.162705942334477365e-03
9.343532167319172068e-04
1.107565394365295219e-03
6.399760320863364087e-04
1.324297945086308796e-03
1.146648268292925748e-03
1.503530489887965581e-03
6.894475825345074355e-04
8.318802085675146155e-04
1.272870784894088907e-03
1.126969634832261646e-03
1.059497345736116342e-03
1.084159515129010532e-03
9.444202022609210793e-04
1.034467055835565624e-03
1.462737480524303269e-03
1.075033245134657560e-03
8.608194502524366522e-04
1.512689488825318986e-03
8.056407734851046788e-04
1.004750003697453802e-03
1.328709599181309353e-03
7.635027213149374629e-04
1.191032612387056501e-03
1.189404431591835213e-03
1.314607299280499226e-03
9.147621884587552824e-04
1.048480319846124050e-03
1.379384343768916754e-03
5.684482312448420034e-04
7.237867831425482323e-04
5.435007785732179787e-04
1.430367887980689293e-03
1.087245585647807732e-03
1.036522249047685043e-03
9.344716717786233752e-04
1.840980010504342929e-03
1.187258413826472502e-03
7.893394926034831907e-04
7.068235082191670323e-04
9.995195841560765206e-04
7.435544329237866665e-04
6.261027008445021330e-04
6.821241651991027596e-04
1.151847579469396626e-03
7.613671734843938327e-04
7.701664474933219914e-04
8.382912626713243760e-04
1.152141919283958824e-03
1.213994430072828402e-03
9.793390661194268515e-04
8.485335746556016976e-04
7.139694558470909306e-04
