6.461206207004895896e-01
8.849466708817030902e-01
1.245832316102591236e-01
2.990065649089851951e-01
5.201401051378753415e-01
5.518330581168856552e-01
4.313901603891341363e-01
5.299022016608821717e-02
4.709358972956874112e-01
5.258946450488571900e-01
6.703118273842940678e-01
9.800892220354190387e-01
8.263948769260642813e-01
8.909592684404790131e-01
8.802477383543548806e-01
3.041655165051164733e-01
2.074170432611932291e-01
1.011510626380669908e+00
1.016340270877561958e+00
1.301773876285832465e-01
4.765696606391141010e-01
5.044889504064066221e-01
3.882094756934090785e-01
7.110863578370066884e-01
2.593292796095620911e-01
8.695552990466693943e-01
6.052391776197132423e-01
3.690187414453554582e-01
6.970208473026879847e-01
1.689777307477213775e-01
1.001498583586184932e+00
8.271817151688475311e-01
4.779412160097059048e-01
6.030198799089273587e-01
2.084836752656249736e-01
2.695236929503044276e-01
2.815087610559435793e-01
9.794212387183710566e-01
2.176107245988281313e-01
2.165006778298854684e-01
6.416790618555044956e-01
8.718178367227985559e-01
1.231462481385317970e-01
3.362273236784573682e-01
5.180239962106950591e-01
7.297261923864682975e-01
1.826355449429822031e-01
6.187902287075173202e-01
4.124306629016271097e-01
7.331906066604235717e-01
1.007186264110688345e+00
2.199628846927392800e-01
2.824087464703997630e-01
2.657614127423189587e-01
7.440156284757153404e-01
5.443379810256111506e-01
8.994829953590146587e-01
5.836720677837432536e-01
3.023739253925026294e-01
4.404127690484404556e-01
1.006968717729892493e+00
3.036380923992297864e-01
6.617013832415012953e-01
1.470558742836910460e-01
1.222743902796467608e-01
4.361455215889129544e-01
7.585899603289878446e-01
4.390432113214845500e-01
1.024444309238976558e+00
2.074202523578324298e-01
5.192175425827894042e-01
7.984413112767474452e-01
1.632826278089569150e-01
6.390053807847119183e-01
1.955580307121442263e-01
8.850700517790131006e-01
1.657745320055429850e-01
1.935559270102350238e-01
2.638091507189911367e-01
6.663576315482087065e-01
6.548529272464538586e-02
7.565714886738188483e-01
1.019391931815302632e+00
3.201009266255261387e-01
9.380782637412310443e-01
6.692703381885150016e-01
1.244879587339621924e-01
2.449244411834850810e-01
6.303311719222730591e-01
3.750945465317236382e-01
5.052495061197015414e-01
9.297638989332880355e-01
3.754480682433590788e-01
7.442990189601623729e-01
6.430251055919373737e-01
7.566777430369110435e-01
6.231368728635541254e-01
9.953537223446591309e-01
4.318868138649070709e-01
9.569704136111375492e-01
8.890022798116179459e-01
2.675075293449598601e-01
2.472556049923506083e-01
3.238828627678005390e-01
4.167301729609771410e-01
3.138155219939892659e-01
2.695236929503044276e-01
5.361717654019904078e-02
9.083349432589292727e-01
3.679710574248470922e-01
8.797941286591518528e-01
1.046349785332148619e+00
4.623446180681582418e-01
9.318738872494685133e-01
7.374689869887856020e-01
3.751893522419656457e-01
9.588508405632960585e-01
5.220237671793024337e-01
5.662210556579310161e-01
5.273197154981551504e-01
4.277636039309397620e-01
5.255474818471231879e-01
1.702450654967757049e-01
4.294950308863062505e-01
1.818569983375722676e-01
2.441840932439260647e-01
4.740621269657034342e-01
7.895857984580415545e-01
2.141329850774157106e-01
6.569094027495300803e-02
8.326221071206879598e-01
1.038654753999306513e+00
7.858239538010648451e-01
5.840027223612185292e-01
7.074150258418896442e-01
1.216017726535099791e-01
1.017172751951231469e+00
2.485376778040175594e-01
3.375095028307604772e-01
1.038410147080097490e+00
6.650031264775955187e-01
9.008730755724972949e-01
3.274600587180944711e-01
7.909125342319666130e-01
3.486468376133013414e-01
2.934512893451436399e-01
1.025971478969737394e+00
9.934369563134132219e-01
1.190421209582608469e-01
8.826815598582639089e-01
8.917604224314082950e-01
9.014881821223655889e-01
9.534005155232264661e-01
3.366509734915835161e-01
4.529387279537144262e-01
6.811029061155364772e-01
1.045338377085304860e+00
1.463649232395060895e-01
9.618353564339228168e-01
6.912878510574747004e-01
3.388494704172927974e-01
6.924828300764105382e-01
2.815087610559435793e-01
8.926898417555649834e-01
3.987986123629728707e-01
7.455317471994854506e-01
1.721688735447153840e-01
3.668190498920482767e-01
8.896333548690600335e-01
1.019430770254385887e+00
1.019691165381285236e+00
5.617070549562976078e-02
4.923192329779171317e-01
2.281745816134961857e-01
6.738036869379563365e-01
5.840367277663383039e-01
9.882459434729993220e-01
3.333513412211049354e-01
9.810704013439842663e-01
9.190941705869997147e-01
3.616062007392408240e-01
4.315367645393111129e-01
5.211057959315943400e-01
8.612473784461699422e-01
9.175161856618960776e-01
8.095678188660894448e-02
3.363242896220617340e-01
1.558286569957706147e-01
5.908879735535398081e-02
7.475994544963157074e-01
4.726983049071790122e-01
9.803902679600364767e-01
2.360654116955230586e-01
7.788571090264619912e-01
4.975884158970794169e-01
3.013789366474529663e-01
8.243932254379290336e-01
9.388554847033357964e-01
1.227670325821882125e-01
6.492327454726268821e-01
3.557634287251237315e-01
1.203901759082543349e-01
6.267501421004877393e-01
1.017047933851787045e+00
8.180024589141884350e-01
1.043798456887870429e+00
6.690801968952674317e-01
2.279105817269190815e-01
4.977761610552427496e-01
7.402376422447107807e-01
1.118407043416700941e-01
7.289437447871893738e-01
5.999198673475263366e-01
1.002007539562093097e+00
4.980932055836663763e-01
7.201659001989683950e-02
9.706981456020432608e-01
1.916307783844248547e-01
3.333513412211049354e-01
6.607051772520402544e-01
8.065750790589992780e-01
2.528187562684053313e-01
5.199781383486349329e-01
5.612435041831411731e-01
5.803517534119733562e-02
9.146733989071339499e-01
4.851713300502015214e-01
5.094504737881968559e-01
4.546112683402634969e-01
5.011879704905365385e-01
7.310815244455823869e-01
4.328681594106263686e-02
5.939531596094961285e-01
1.002752827530147606e+00
7.533772816526823624e-01
4.213495463118759887e-01
7.455317471994854506e-01
4.406863191670079560e-01
1.420487990253104238e-01
7.919839335159639671e-01
2.889542322926116902e-01
8.489294440036094791e-01
3.747517868984800993e-01
8.378269586378574996e-01
2.335977524005369566e-01
4.005048423071366215e-01
2.843668939084796898e-01
9.388554847033357964e-01
6.352139208665246173e-01
5.570675620544960349e-01
1.024443416897918402e+00
9.937345945575332129e-01
5.907276785387475249e-01
8.400827950969854685e-01
1.003995978621062157e+00
1.781039332278270548e-01
3.902337864017753621e-01
4.295883199258948570e-01
3.237810708745855748e-01
8.877515932025956680e-01
8.979001371546435628e-01
7.898704229478545891e-01
7.745346915046501524e-01
1.009742288183573145e+00
6.405488606136543472e-01
9.506715833351621070e-01
5.174446992909941256e-01
9.883103810973138392e-01
5.164604738540014978e-02
8.487819380018271076e-01
8.261951694408865565e-01
6.705579300883718341e-01
8.620071809366579574e-01
1.896528560711117639e-01
3.562982155958953068e-01
2.910563952199202165e-01
8.612628108179057329e-02
5.379289961292235134e-01
9.802077021216223374e-01
2.130661592714200026e-01
4.753589709348876591e-01
9.380782637412310443e-01
9.751621949443875503e-02
6.021440259547238272e-01
6.747659202945581747e-01
9.867275420553403564e-02
6.212319242497114091e-01
8.217331959193914237e-01
9.705969574765015428e-01
6.409793939296360987e-01
4.749148618456666138e-01
2.386404196991344651e-01
4.055011174727366496e-01
1.921893161932380356e-01
3.181724795046965149e-01
5.233511944932781601e-01
9.862842299045825323e-01
8.354278817724808404e-01
9.178238373203029266e-01
9.708416592190218797e-01
2.059098878799612842e-01
8.295345608655054770e-01
7.852144672232324041e-01
4.897642345573210432e-01
2.131175041474692444e-01
9.757066347063967360e-01
8.478709610397280327e-01
1.694981586827934428e-01
8.518480174426134033e-01
6.503013766033357568e-01
1.018622577935751394e+00
7.602697543997317675e-01
1.527937687040216985e-01
2.393106622340718248e-01
4.648621996487151686e-01
1.044678350490204632e+00
6.776331774344647174e-01
1.586106187856785588e-01
5.475137356629879992e-01
1.026056610290792870e+00
5.752065447399715703e-01
2.202632947249969775e-01
2.979779104730555517e-01
8.348995360883737504e-01
4.519900561432588226e-01
1.047032481511180890e+00
7.969911957013797732e-01
2.666633465878112119e-01
7.474090795147267929e-01
8.209159634024367769e-01
2.646052527167335189e-01
4.902809278009392369e-01
9.923020769655283013e-01
9.228098541791226461e-01
9.720855342948763189e-01
3.144148396634143250e-01
2.686228408751734076e-01
5.875658736342085353e-01
3.250466879473979387e-01
5.942691165603775083e-01
1.025930112257634974e+00
3.329058258197310494e-01
8.716960357594143449e-01
7.493550810510063442e-01
3.831897889362256282e-01
9.977729064127524028e-01
2.272545256288803772e-01
4.303054709280157986e-01
9.420360714736567553e-01
9.823603852818222348e-01
9.822103460625410953e-01
4.797166255659512935e-01
9.731183217865323476e-01
2.330841490248686948e-02
1.046722723650418851e+00
2.407227007704405286e-01
9.514698398535789137e-01
2.076984664472633912e-01
8.827895538941537001e-01
9.914679454582183693e-01
2.833011188589777962e-01
9.104355992980516232e-01
7.132947741735468083e-01
1.026354607916507344e+00
4.652935127818507155e-01
6.647844975762080555e-01
9.568201423161679653e-01
6.388091401665005886e-01
8.565580300169144401e-01
6.335057182668449860e-01
3.522246596558407106e-01
9.405634647944549620e-01
1.790286524272868829e-01
6.865973992795361414e-02
1.638347954081492974e-01
7.023636947307085876e-01
7.337056752261602588e-01
2.993170698601713697e-01
2.911482321387530714e-01
4.602879658348227876e-01
8.161117798981014637e-01
9.427150457819557516e-01
5.757166012267865840e-01
7.829054605952493473e-01
3.505153394795562649e-01
5.513955676049301369e-01
4.314852375346057978e-02
7.525281765513113230e-01
8.810371461833683693e-01
6.974548762597665430e-01
7.386869510026963237e-01
9.156557729819796432e-01
1.992844545500875308e-01
2.105208966553094307e-01
5.513955676049301369e-01
6.189267789743636561e-01
9.910685203517761721e-01
1.115786583184071867e-01
9.891975265526276040e-01
7.998375201633848297e-01
1.048342026392621973e+00
3.948800146810894640e-01
1.014368225894563436e+00
5.021938607646232455e-01
2.635419398495077864e-02
7.793134129107643915e-01
3.606897900779548194e-01
9.653720328961979957e-01
5.497132923900659440e-01
3.331578171336860850e-01
4.473029611032333652e-01
6.039790569483036720e-01
8.718178367227985559e-01
2.232265425688701940e-02
1.669760128895388940e-01
1.018094729996940062e+00
2.722960831812908378e-01
8.856015012678575271e-01
6.782937335945852242e-01
7.195548806880343040e-01
2.782469672130828409e-01
9.002825125654136951e-01
8.421527408980723495e-01
1.957825117972380180e-01
3.986655742638663957e-01
7.409518620290792557e-01
5.518330581168856552e-01
3.790728098410514613e-01
8.273300828959760655e-02
8.646613707865218323e-01
5.225315780419618195e-01
7.203379310118969148e-01
4.513165913728042766e-01
3.646084933511373749e-01
2.375380546619489663e-01
3.949063888832448632e-01
9.541183605848911897e-01
1.877993329304483427e-01
8.405971823189821723e-01
6.507731323640295606e-01
4.600864058057366202e-01
5.392392302612353250e-01
1.702450654967757049e-01
2.377940593586420071e-01
6.999246099200844284e-01
6.809016620474703796e-01
4.865468323266770589e-01
8.853215830180692913e-01
3.764680726409802558e-01
1.048465954131932776e+00
4.219832422352846613e-01
3.323469407051227731e-01
3.730505850425539505e-01
2.203577034649864264e-01
9.854766961222483079e-01
5.655496259733569508e-02
9.160003235884778272e-01
1.045731075349126460e+00
4.462726236813757130e-01
1.011293061860445208e+00
9.625346757700172784e-01
1.040760513710431434e+00
6.839005881717187263e-01
3.617158675960455705e-01
7.785630800650337191e-01
1.709911240108806796e-01
1.039094388193549490e+00
1.033242079676917724e+00
1.020867838217792700e+00
2.328917112538772261e-01
1.012882164628579496e+00
1.001574795915895766e-01
6.140848163437775398e-01
7.509483320138411466e-01
6.162124966822443151e-01
4.527896426312115197e-01
9.580867644575706832e-01
8.662515800866018578e-01
3.492953519419840780e-01
1.019872933422208749e+00
7.729950012680307792e-01
9.831579670906321899e-01
8.499954682309890375e-01
3.525621260056450157e-01
8.576248945475074548e-01
1.332738925038799982e-01
7.463130198075894617e-01
1.009545820739806254e+00
6.492382651749130096e-01
4.709358972956874112e-01
5.074209481708635838e-01
6.737283474014837958e-01
9.818853015671334672e-02
3.317250764584035450e-01
3.986655742638663957e-01
7.316261797616414597e-01
9.375805335254002726e-01
7.251033907154276481e-02
3.258148051367660836e-01
7.243684775370495821e-01
4.289276670334766228e-01
8.373786220173087269e-01
5.725631467219515214e-01
5.110912863773721115e-01
8.762014198338715643e-01
6.522513410383432575e-01
8.224908408793633052e-01
2.254482799139924942e-01
6.964422510139236522e-01
4.840744007604109167e-01
8.251139567319312196e-01
4.643369074064876423e-01
2.979779104730555517e-01
2.176186732695643278e-01
4.667418462165403015e-01
1.268450839753827164e-01
5.919284258120723896e-01
6.576882975489727334e-01
3.517877414962387594e-01
1.292046250620692283e-01
3.221067180296499077e-01
6.022668849553420856e-01
8.950221844201051713e-01
3.749430089609670502e-01
1.522859883011714044e-01
1.896528560711117639e-01
2.440089159046644474e-01
1.941274327442951142e-01
4.395559669780408907e-01
8.957312784182335230e-01
7.730331816270048506e-01
6.685394818631376079e-01
7.756684631717604139e-01
2.864288181735735739e-01
6.901580186748756951e-01
9.728160480434850932e-01
7.451038974553096939e-01
3.364878455399934465e-01
6.791796715926782246e-01
8.815899585113964321e-01
1.008603810100575870e+00
4.163980608469789457e-01
6.093622498760825623e-01
6.293420228012269746e-01
1.029671057680009882e+00
7.213215799752890067e-01
5.472198120058459070e-01
1.483099374120663283e-01
5.864092734254758854e-01
7.553259077989353809e-01
9.352815654872622675e-01
1.504223685390067289e-01
5.366629630397098394e-01
3.780049868609356434e-01
4.788337482296207287e-02
1.017172751951231469e+00
1.657329480419573731e-01
1.004773791384704129e+00
1.015927765231169122e+00
1.163709018370738396e-01
1.043640903613645005e-01
7.573463232287019897e-02
1.250012800489552489e-01
1.004127413168671712e+00
7.152541125582115855e-01
3.552231261139698892e-01
1.657329480419573731e-01
2.849814594086149122e-01
2.098233136591280690e-01
9.253792001875151829e-01
3.329058258197310494e-01
9.573638496175015389e-01
3.125996268807421791e-02
5.027019134801594680e-01
8.904323074918233383e-01
5.524543009987695902e-02
5.650728729961059793e-01
5.386719677509441695e-01
6.653078924419839613e-01
4.851713300502015214e-01
4.407794521442907620e-01
1.007826714193150064e+00
1.390235189327733156e-01
3.882094756934090785e-01
4.328953638698675999e-01
1.282217129234922148e-01
3.226997623513874203e-01
6.327044491819344696e-01
8.023320045771489273e-01
1.024444309238976558e+00
1.646852610202994560e-01
4.977393941736588667e-01
6.461526731340840879e-01
2.274844628027009041e-01
6.345153119122970420e-01
5.609740007358271496e-01
6.410486724560634508e-01
7.271017186747570360e-01
4.756638887291921303e-01
6.560261330300302118e-01
1.010441820200137508e+00
6.777139695574354583e-01
1.700874191533086333e-01
1.165985508765582240e-01
1.452049134923532325e-01
1.749244368762957746e-01
6.683149604918425801e-01
8.377175828243971223e-01
3.909750078707688314e-01
6.472892935244097812e-01
7.433421124489957288e-01
3.350321902086281778e-01
8.640864279393283276e-01
8.911727770100554835e-01
1.790329712813511776e-01
5.900343660852110927e-01
6.705269295273587060e-01
9.341399514360630707e-02
4.229111950871766029e-02
8.939695926073761845e-01
8.024952586715194958e-01
6.650031264775955187e-01
8.340028129301668702e-01
6.955352624711831355e-01
6.129431467474187878e-01
1.612873833290363879e-01
1.917956891629061245e-01
9.988439748222295300e-01
9.299279924081484960e-01
2.053044301057189436e-01
9.992005935416997664e-01
7.346529598258301208e-01
3.428980353508665618e-02
4.089537596151160415e-01
2.457662143112243902e-01
8.237358187690684286e-01
8.027691175173553573e-01
6.495607102686927758e-01
2.445066013720833542e-01
5.391087682895041588e-01
3.384452604495772898e-01
2.336260759899079498e-01
1.003661907381159374e-01
8.956700485266625433e-01
9.770726599178213290e-01
6.475772215772720442e-01
7.276248949420445200e-01
8.424022250519190846e-01
7.064463708453986301e-01
6.844215065670308795e-02
3.248462314476306956e-01
1.591297670822987287e-01
6.901580186748756951e-01
4.897642345573210432e-01
9.034949386910503533e-01
5.390991905528413897e-01
2.508386317567828372e-01
9.923161820965191449e-02
7.682805553499155726e-01
8.170755468396833088e-01
8.402825739150914242e-01
1.032703324792636268e+00
9.505560081117768734e-01
7.710418494961323033e-01
2.242127322280050850e-01
6.099029877772620123e-02
8.178533060695958312e-01
6.064861681649165170e-01
8.927424163843443450e-02
7.001517223346037655e-01
3.202428199750790294e-01
2.211015978991068553e-01
5.175000359868714428e-01
7.887269308282685021e-02
7.940528598754403866e-01
5.370711483492833782e-01
1.001856572182895588e+00
3.201099044360334878e-01
4.080568814465351801e-01
3.945562435387374445e-02
9.228098541791226461e-01
1.027034224625910763e+00
5.840027223612185292e-01
9.339438006316111429e-02
6.320233059342785786e-01
4.391765587802518717e-02
1.902836807820841580e-01
1.071111465421662190e-01
5.113110271111057648e-01
7.333621228615356813e-01
3.946123898125912244e-01
5.122172694448564600e-01
6.819919084310636093e-01
5.978361125154944000e-01
3.426798491522233259e-01
8.240249156284904508e-01
1.042485499665920301e+00
7.229851275288113888e-01
8.065750790589992780e-01
4.837713529522849054e-01
9.830668959791647454e-01
7.012010239073495077e-01
5.833205222028043924e-01
3.833746553626836140e-01
7.391999953407087931e-01
6.107451454567277560e-01
8.563403718510236018e-02
6.435255712358535218e-01
9.420267603941189227e-01
7.386154583429802578e-01
6.729660653129849734e-01
2.119516304289661424e-01
2.198412401398498472e-01
1.286781129245600785e-01
4.740744673329772563e-01
8.695976815543703387e-01
2.631076301580008714e-01
7.164787747746369506e-01
4.466480237663019159e-01
9.387938588592829037e-01
1.042963374826120670e+00
8.806229876495670628e-02
1.012038681429478171e+00
5.128428320985257693e-01
2.714086199635056262e-01
9.043751687045308296e-01
4.454144243936647984e-01
1.211869946584718805e-01
3.212597682951176536e-01
1.043506385505052814e+00
9.853261230928489489e-01
1.016654778170226647e+00
5.355795376858382140e-01
6.682065293647683202e-01
9.343652964629810542e-01
8.727710372301936692e-01
1.657004905036027764e-01
2.023911436592827628e-01
9.387626131889923453e-01
6.827596755609849355e-01
9.557089602425367092e-02
5.474231124086303968e-01
3.813726571863608750e-01
7.276586049637323583e-01
1.008499026680745647e+00
4.062561285788408028e-01
9.080651528887211388e-01
6.853783784565404824e-01
5.497710676771254690e-01
1.012074240475772657e-01
3.935443633426987109e-01
2.370140882818304040e-01
6.030198799089273587e-01
8.214398717498657687e-01
5.531266610109780713e-02
9.622784904212520196e-01
7.864005037370395135e-01
1.050703931733517837e+00
8.345008961720641327e-01
1.606664049315367493e-01
3.374405968568409131e-01
7.499468684854858624e-01
7.043684473893863096e-01
7.291670268281563727e-01
8.701387195172617384e-01
9.027855828826379936e-01
9.602668293536910094e-01
6.103264182830067108e-01
8.226750569717242723e-01
4.700735579363756605e-02
1.298426252348873766e-01
8.977054399181221278e-01
7.724626818742322820e-01
3.037589740984993902e-01
4.764263949506609142e-01
1.955857038145432103e-01
5.274747374140271311e-02
8.389566769637654131e-01
1.754748376556990452e-01
6.495825856646431085e-02
4.316877370699926386e-01
9.128349637341923728e-01
2.215621372140682832e-01
1.832531786019461484e-01
1.959255459340767114e-01
1.693816775871948357e-02
9.560418690123415608e-01
4.137434759227034964e-01
6.397763118366083246e-01
9.506295358300549669e-02
7.575365492038496074e-01
2.322794265537657735e-02
6.832444538261948086e-01
7.042769296885640351e-01
3.259742492086624144e-01
3.226997623513874203e-01
3.415446716997702636e-01
2.093735301803678270e-02
7.264088460557509286e-02
8.203433652549995125e-01
7.697536810482180636e-01
6.490949856113099603e-01
4.363046797936324661e-01
6.526374590817982657e-01
3.416124753430379024e-01
7.395658001210296817e-01
1.977474185120536576e-01
8.945078535118294871e-01
3.002270892324350737e-01
3.911532424834067156e-01
4.234664186863242863e-01
4.747620512638581758e-01
8.928078741871453561e-01
8.730852730074720736e-01
4.763866567092424065e-01
3.181695031506404647e-01
3.309447293789009037e-01
1.926345344174070773e-01
1.043506385505052814e+00
7.584656710671106028e-01
7.767425831775674749e-02
8.057933520161395524e-01
3.137726670437680498e-01
2.945928875151969661e-01
7.410410581392512519e-01
5.650462329485593793e-01
6.533940416951751207e-01
2.131669661454624054e-01
4.889135511939313727e-01
1.192427069391908123e-01
2.377985420403826156e-01
5.263493541295880540e-01
3.280690413722501253e-01
9.004680578401902391e-01
2.524319153251587400e-01
1.050189535144749442e+00
4.704747306632539594e-01
6.004602669258854442e-02
1.017186206828415651e+00
5.538867032525744971e-01
6.117805666798582509e-01
4.022412049920208732e-01
1.805945917994312977e-01
9.692401474183290899e-01
4.869824508359287818e-01
9.392660354449835491e-01
1.506514428328754041e-01
2.280795241990643818e-01
1.026713144369073794e+00
9.343652964629810542e-01
9.296469481607115837e-01
1.041911034301963079e+00
3.035047737215983421e-01
4.308406542050903787e-01
7.227545920688933645e-01
7.477314314096609182e-01
8.831188055916881774e-02
5.683883426967046848e-01
1.012709246945395547e+00
1.315658485770210828e-01
1.049304890454854755e+00
7.487328095734129274e-01
7.825085091757066902e-01
6.857878317552617009e-01
6.466886180006691243e-01
8.193314053516357331e-01
1.016901197550412084e+00
7.967850505219884472e-01
1.690817875650401370e-01
1.027602645291106453e+00
1.003843165510008406e+00
1.429655019051311871e-01
4.675426138632380879e-01
8.989776878904126578e-02
1.176444370377704302e-01
6.522513410383432575e-01
7.995279295167835309e-01
5.632717712368370266e-01
1.002168382060383001e-01
5.586797932291177604e-01
3.013544125903822590e-01
7.354735882120790880e-01
7.455317471994854506e-01
7.122998089564629431e-01
3.479270940384440181e-01
7.012033090051853490e-01
3.279056236402943386e-02
9.809941782651252495e-01
1.843974193922039428e-01
4.367172700496719795e-01
9.628753321317463920e-02
8.916221885052133533e-01
1.231462481385317970e-01
4.869824508359287818e-01
7.544550308240012271e-01
9.933685924333554018e-01
6.275732940703536711e-01
1.048143476240869898e+00
7.694421058282640002e-01
1.014396779805776472e+00
3.293388641285741603e-01
1.678532019003224351e-01
8.802477383543548806e-01
9.933769738590048082e-01
1.497884462926827309e-01
4.035568999715207980e-03
9.083349432589292727e-01
9.787255839116070222e-01
6.032555303484441467e-01
8.212963001504461902e-01
4.572394871163204533e-01
2.412667614436454083e-02
7.981656880131334786e-01
7.939371883949432052e-01
9.463198411861443171e-01
4.098835957162360599e-01
8.614300713036692203e-01
9.966952242353754876e-01
1.042637418421266782e+00
5.274765852333735960e-01
8.979001371546435628e-01
1.456559321012476371e-01
9.427150457819557516e-01
1.973581342343057043e-01
8.101628017048913277e-02
1.070087643554046564e-01
9.011872025306676415e-01
2.873867986115243855e-01
4.588674807862784255e-01
9.101280482998189147e-02
4.222942380501149701e-02
1.050076076001665415e+00
6.427334214273541790e-02
7.860145110702383420e-01
3.035047737215983421e-01
8.476424406286006130e-01
2.211192328396571205e-01
7.715335384392996154e-01
5.299696175950383559e-01
3.307943250287835590e-02
8.276550220140085901e-02
8.023728815040328533e-01
9.800892220354190387e-01
1.744631545903835568e-01
5.192175425827894042e-01
3.251888315511388683e-01
5.413308417154848451e-01
8.741975190981963184e-01
9.840659479395157394e-01
3.800258831779426139e-01
2.361874555152241040e-01
9.905616113376595200e-01
4.797166255659512935e-01
5.886537457018844455e-01
3.676212490500129770e-01
8.067692112403269666e-01
8.871302930387697794e-02
1.426658903555445557e-01
5.332361882582292711e-01
1.009545820739806254e+00
8.978190295816292910e-01
9.371002065033199324e-01
6.461206207004895896e-01
1.547303123102923283e-01
4.106092319725995754e-02
8.163938109493991124e-01
1.001671818283380144e+00
1.264130936647470393e-01
4.322436603933153543e-01
3.704826353325046395e-01
1.321031249391970974e-01
8.916221885052133533e-01
5.367746224461092952e-01
2.563107282769475082e-01
9.426284092501821532e-02
4.202243569473034235e-01
8.630192350055215789e-01
9.883103810973138392e-01
2.129114058636120688e-01
5.525914288632242100e-01
1.038184043266328516e+00
7.021474939698273410e-01
8.378253499474309640e-01
5.654046392691515210e-01
9.919334629139459070e-01
2.465622312051212947e-02
4.628663632923121218e-01
9.075723038385854480e-01
3.417541008318946139e-01
2.293543327563930534e-01
4.222811603154823512e-01
1.696380426361878968e-01
1.813586476066322839e-01
7.345718779857773884e-01
4.175270392285992949e-02
2.555518271894335336e-01
2.705287714826009604e-01
7.908668440498193286e-01
9.635656101492792169e-01
6.052391776197132423e-01
