1.815514717522030350e-02
8.598333300782095082e-03
1.670038010350554172e-02
2.043710869724137819e-02
1.025577651416025200e-02
4.748478946176809198e-03
1.853050452344460336e-02
1.331988275742779226e-02
1.791464334023658636e-02
1.080038196300137608e-02
1.475514144929382376e-02
1.468936019028231621e-02
1.096809730643423693e-02
1.920554165178971553e-02
1.168753677561739680e-02
1.654554155554757364e-02
1.972187786454294989e-02
1.988996040649865932e-02
1.787997138710734069e-02
1.173597577180467144e-02
9.095327913319710064e-03
5.870096650918199543e-03
7.857368879086664565e-03
1.670038010350554172e-02
1.475298718749870792e-02
1.680086726749232401e-02
9.003972901592341427e-03
1.456926528823631120e-02
2.001095684244139430e-02
1.618813654907992269e-02
1.178795159745310572e-02
1.711201981390710058e-02
1.671535321180474265e-02
1.033188243989922525e-02
1.926873435086968317e-02
2.009359216438829157e-02
4.480791183653532947e-03
1.352173907682410227e-02
1.448555144386281038e-02
1.237250413047659078e-02
2.030071149676523565e-02
6.727958798676430575e-03
1.898792437086504331e-02
1.590082608468219166e-02
1.113006484043133418e-02
1.881042045337125157e-02
4.460927523611176934e-03
9.187116243076540179e-03
8.300326189355925269e-03
8.305589581551997905e-03
1.037070008857526697e-02
1.353824918074290548e-02
1.002650394805749620e-02
9.776413871073700440e-03
7.991148603756687008e-03
1.035690412927983348e-02
1.471911674892687621e-02
1.685326958181089171e-02
1.677322951684310365e-02
9.805788843679575165e-03
2.028908426762308578e-02
6.797483679403768485e-03
6.028344639762884746e-03
8.433374386707879686e-03
1.013437841225706820e-02
1.661580412767884110e-02
1.978922131292981321e-02
2.026680579016587949e-02
1.998146521897944602e-02
1.082275802327610330e-02
1.823583461487160787e-02
1.378695362859169021e-02
4.938393769183363827e-03
9.306690123680141924e-03
1.737143202123030833e-02
8.892770268565235517e-03
1.926863853629325399e-02
9.523154249085003312e-03
7.208908430180254248e-03
1.900956868353943091e-02
1.759847782671357386e-02
7.889660538659916747e-03
1.183728184698692489e-02
1.995630222696606615e-02
8.146281902073356992e-03
1.901976567768034684e-02
1.064285642369345274e-02
1.488631128829214466e-02
1.145229721080466556e-02
1.961597373226680111e-02
1.899244039069039949e-02
2.010649402475276487e-02
3.609678310893235480e-03
7.450178259523188538e-03
1.213673702619520213e-02
8.179095608485171046e-03
1.065582197974486792e-02
1.806801328046739666e-02
1.614141247819465830e-02
1.171444588456619154e-02
1.142825266031750713e-02
1.822742525700802446e-02
1.850091337093046073e-02
1.448407880413969846e-02
1.202678391667588893e-02
1.846597687866291526e-02
1.300209023466001278e-02
1.745967813649831196e-02
1.858971970789741884e-02
1.621197266328706227e-02
1.067706159355619709e-02
8.081344440834033194e-03
1.865115773836670612e-02
1.011793312705833170e-02
1.187513270282060558e-02
2.808480657231035137e-03
9.338148165698612058e-03
8.169406854365745402e-03
2.040893627396233104e-02
6.767803519765394106e-03
1.334700714176991800e-02
1.110141151725502207e-02
8.558748180850343085e-03
1.915699735405713630e-02
1.967446857769356364e-02
1.415486969596440985e-02
1.186779574936571748e-02
1.527432760525058303e-02
1.268855408533092061e-02
7.406340393629778050e-03
1.716602021875018175e-02
1.964599418907219189e-02
1.242556862197494692e-02
1.650143949390670689e-02
1.200716965073983684e-02
1.657219157565646347e-02
6.263128620909009722e-03
1.896911937259946820e-02
1.814052119964176812e-02
6.325137274142555652e-03
1.913173853367554703e-02
5.571452389926467158e-03
1.749154991919295299e-02
1.765851066344011761e-02
7.767687167256748931e-03
1.640566935405386034e-02
9.972814880987999550e-03
1.687710807414517095e-02
1.334937647656089278e-02
7.706652699137716070e-03
9.870164386421333147e-03
1.943581903146832449e-02
1.231040685461112609e-02
8.429663708172390954e-03
1.281598599643439529e-02
1.467773597688713273e-02
1.598013706470262016e-02
9.585211087004632396e-03
1.158456851617256297e-02
6.251419428052102691e-03
1.699797389502574405e-02
1.028029099191165446e-02
1.642820570490116996e-02
1.816705712040676476e-02
1.170724841818976576e-02
1.548944763372324222e-02
1.234184921473476838e-02
1.438296322696172407e-02
2.040801679442003080e-02
1.985338749834237790e-02
1.621487573297356738e-02
9.486505130060808588e-03
1.581698046962913204e-02
4.225780528035846112e-03
8.861207628585752311e-03
1.115657044229404274e-02
1.569261122555215549e-02
1.323080292314958613e-02
1.484871772728850459e-02
1.820045018188044816e-02
1.574043496723810318e-02
2.021790329404657416e-02
1.156629686530961931e-02
1.669352322454263626e-02
1.601686888574489417e-02
1.276501322633370912e-02
1.911174466691268822e-02
6.859435149871050130e-03
1.753731743293991327e-02
7.571777867391864952e-03
1.077220185731494681e-02
6.961832091809675577e-03
1.966696866446998593e-02
3.375712184448764318e-03
1.300696164312644884e-02
3.686055756949385698e-03
1.986131396546108804e-02
8.955820794641593599e-03
9.475092102908887204e-03
8.276612580545770342e-03
1.924108252438909081e-02
1.387579269585292006e-02
1.000139993119272645e-02
1.777463439564484424e-02
6.907197434314758973e-03
1.786926297605781824e-02
1.267053656650266730e-02
8.563359551289447674e-03
1.504488339640337388e-02
1.873336124678980780e-02
7.390849254993238880e-03
1.509103347221537640e-02
1.940573428203479570e-02
9.172540380821787159e-03
9.156390576773362072e-03
1.550356014784375416e-02
1.862727995774856454e-02
1.980601670469197065e-02
1.559688265842945100e-02
1.156082245180283311e-02
3.718058336310427637e-03
1.669187587405784184e-02
1.174302269925803742e-02
1.060930748004609674e-02
1.045509741480657624e-02
1.920539971089650286e-02
1.229743213669671868e-02
2.051183948773357621e-02
8.199091641970924701e-03
1.676508150927513707e-02
1.330500335445943330e-02
1.977163101264011250e-02
8.598333300782095082e-03
8.836380398766625205e-03
1.888539986967070414e-02
5.432132156974096154e-03
8.436582180033846967e-03
1.664424792422714017e-02
1.128560392638632177e-02
1.340082072708797048e-02
7.033472759965886043e-03
8.389155256058811877e-03
1.469329336505413412e-02
9.867147301680069538e-03
4.851526579126803039e-03
1.989096345846514194e-02
1.702029435004222269e-02
1.888590670122495055e-02
1.721609344094942456e-02
1.038992960308567429e-02
1.111532555010833270e-02
1.775097684836894965e-02
1.059448096639984370e-02
1.663257304221418820e-02
1.901674420961694742e-02
1.070153152364174652e-02
1.327717808674579170e-02
1.517994068603945035e-02
1.305787523714796450e-02
1.683346885120846556e-02
2.759365556173963823e-03
6.567568267507335050e-03
8.366128686889011401e-03
6.184234639376584922e-03
1.827416851005187956e-02
1.379035267862411054e-02
1.954678676657791488e-03
1.495305617526973205e-02
1.967935517884175645e-02
1.991126475950598732e-02
8.684622128275729797e-03
1.435595385509632303e-02
1.668818780902454890e-02
1.450785018657541406e-02
1.846484302470165553e-02
1.448407880413969846e-02
7.282775740246057172e-03
9.186813766367160974e-03
2.010186082991730072e-02
7.105343633694324521e-03
1.435595385509632303e-02
1.521483247384068822e-02
1.418584976862443357e-02
1.888768072324382985e-02
1.388826070240564703e-02
1.735193833319588486e-02
1.915073555101122829e-02
1.617632294867555470e-02
1.567446866082993981e-02
8.558847778778147508e-03
1.714760289463467674e-02
1.252445501732150392e-02
1.253138710365549538e-02
1.472703195794966904e-02
1.387206184929233414e-02
8.168756253234751852e-03
7.520457545564058696e-03
1.757964207132227397e-02
8.044186406571569858e-03
1.873009853975233716e-02
8.734968348264446000e-03
1.555415217925340716e-02
4.536385523452042545e-03
1.527313235590671212e-02
1.786151788913725724e-02
1.281922777933659253e-02
1.552014979795211976e-02
1.839320994671020740e-02
1.378302356826630048e-02
6.969691818060267177e-03
2.036026996461785116e-02
5.539026795946627030e-03
1.920135236500133610e-02
4.153481584373249977e-03
9.776341358554038047e-03
1.702107547699685877e-02
1.632049875256611285e-02
6.374451679213356294e-03
1.711643074918006366e-02
1.782620519475111229e-02
1.997212454494324760e-02
1.848041440609034594e-02
1.857131023319651478e-02
1.711633044450961566e-02
1.196597168375771597e-02
2.048318214694931985e-02
1.816045614717020501e-02
1.926496572437385799e-02
9.727311257790515267e-03
2.017315689380408741e-02
1.422006300255727017e-02
1.727075027766446225e-02
1.523861622236828348e-02
1.168753677561739680e-02
1.135753945225410552e-02
1.371209663579892393e-02
1.699444918040088348e-02
1.262033344230827601e-02
1.818362781069807199e-02
1.839779600887739980e-02
1.133470840175286945e-02
1.572175691366647227e-02
3.215326065637656890e-03
1.811147355536534692e-02
1.066280963015219657e-02
6.981150677680340866e-03
8.613667556975148493e-03
5.874786384521980126e-03
1.146021135765159550e-02
9.394674636537625120e-03
7.155387249549174759e-03
1.110861708028172690e-02
1.879575857805209152e-02
2.024528390718554824e-02
1.213718147146777837e-02
6.708679472071342464e-03
4.088948136143242748e-03
4.182644183586913152e-03
6.467903512186921021e-03
8.792652938084599343e-03
1.909204976939408299e-02
1.022767866822807750e-02
1.768811092768371451e-02
1.015869175890028210e-02
1.266293861442061713e-02
1.645010274598834865e-02
1.303779790424281632e-02
4.571122501984675561e-03
1.427422476957707423e-02
1.835450872768742969e-02
1.576647901588193110e-02
1.918390157836375592e-02
1.691280398023200723e-02
1.302599937657714438e-02
1.844802365080044221e-02
1.144170673038330185e-02
3.335416608627963467e-03
1.900040135442253308e-02
1.195930690196501771e-02
1.534386022577538707e-02
9.607467326005732569e-03
1.720586731201209987e-02
1.991125260741710354e-02
1.176168905760690067e-02
1.930953016294577676e-02
1.697421961283268263e-02
1.722277955618452955e-02
1.063658541238000563e-02
9.272444899595928477e-03
1.154359306590757757e-02
2.036026996461785116e-02
9.770686656751762997e-03
8.034386820077418431e-03
1.544942290307504788e-02
1.462050429559368959e-02
1.622196364107358554e-02
1.113804830458426515e-02
2.043329869390068942e-02
1.240918739166579216e-02
1.696502746754283836e-02
1.972590979668665395e-02
6.858039182877497669e-03
2.025388912792207632e-02
1.421854495029393692e-02
1.162834101476010670e-02
1.727805360373702026e-02
1.620127591041146606e-02
2.047125548302689696e-02
6.255504844509839069e-03
1.073514668727588647e-02
1.625808868287838965e-02
1.916495326844251668e-02
1.684382776005937526e-02
1.336776675549593285e-02
8.193227027720606168e-03
1.376609314883673642e-02
2.008972094782121229e-02
1.823280077728430329e-02
5.968600519915170932e-03
1.344783353916775143e-02
4.169256490781910428e-03
1.578221245619630675e-02
2.033871729902084202e-02
1.996406095527659269e-02
1.898252318237005770e-02
1.933375075260424653e-02
1.976476238109313444e-02
1.328170370217956510e-02
1.125630188081528683e-02
1.965560931011629472e-02
1.368846355794685159e-02
1.446545325813175867e-02
1.323190947800223505e-02
1.590082608468219166e-02
1.274437241838374639e-02
1.305264376266720983e-02
1.965711448798344169e-02
8.885388203810245730e-03
8.816408553129987530e-03
7.618425808698330373e-03
1.828203789902814805e-02
6.419645386163999948e-03
1.578547647999777037e-02
1.355221626876331777e-02
1.862194494932361416e-02
1.065469506722552424e-02
1.961836256999131833e-02
1.687710807414517095e-02
1.149431192416416024e-02
1.211181237158200433e-02
1.235502233291961918e-02
8.036976958685134245e-03
1.919972098914603936e-02
1.823367547962884139e-02
8.449858504290209613e-03
1.502137552614225650e-02
1.059990787029420865e-02
7.676998882672802019e-03
1.441756383679878607e-02
1.225590949655272835e-02
8.991115699649858059e-03
1.998606771636127211e-02
1.301214656352705189e-02
1.271483743671337693e-02
1.629481920717354079e-02
3.815169608742292450e-03
1.029220211821081296e-02
1.470111573271972588e-02
1.417650555891213429e-02
6.021712556975811204e-03
1.170752550722337776e-02
1.098569429202049356e-02
1.619450968629114820e-02
1.210448063484468283e-02
9.377578545699864765e-03
9.630830162135294720e-03
1.540421061319454873e-02
6.809075323842975376e-03
1.401365210648315360e-02
1.276128293452999385e-02
1.898704749901626923e-02
1.789937934574325692e-02
1.370920837337592096e-02
1.532155146532595581e-02
1.790176171833363430e-02
2.010715318744272714e-02
9.680664998110214553e-03
1.081263419092680887e-02
1.791308078251805519e-02
5.139823523724533320e-03
1.310395486745844634e-02
1.005385439604140722e-02
1.080540953500885339e-02
1.234196460188230655e-02
1.683734094627566125e-02
9.958150034084713165e-03
6.177104163169711351e-03
9.234386643467014724e-03
5.617716001329391487e-03
9.213982023854499007e-03
1.737357238614441884e-02
1.726441850512915044e-02
1.055281683610734787e-02
2.836290690300733233e-03
1.839662685957160759e-02
1.977424074693737849e-02
1.628944042088453781e-02
1.722421808747049560e-02
1.630670512475822231e-02
1.116052169444923733e-02
1.124126508850695032e-02
1.383957484291941514e-02
1.026348032773535812e-02
1.547962239706963082e-02
1.968365048084200555e-02
1.231662664043831935e-02
1.280242080380290109e-02
1.855895568755894579e-02
1.975091130873222675e-02
1.448273672278270301e-02
2.015749011573306215e-02
7.057585576296575465e-03
1.836934672650153422e-02
1.730561408737897600e-02
1.715104615014734560e-02
1.019634552756103381e-02
1.860296235888666411e-02
1.961894602831733281e-02
1.969117014531356763e-02
1.169391842613561744e-02
1.181684638415431490e-02
1.265334014785640150e-02
1.396057152081883919e-02
1.807339745935094069e-02
1.213718147146777837e-02
1.069263317038498737e-02
8.965556239244130976e-03
1.275514388450323978e-02
1.333572577156563743e-02
1.905954621071962590e-02
1.842122931934424279e-02
1.261584511172434732e-02
1.389750593451515026e-02
1.914920298554744979e-02
1.360764425796897985e-02
1.312214337273202684e-02
1.895918731094126120e-02
1.055032707696571502e-02
1.605731277169345980e-02
1.298916326725279083e-02
6.439972896021241115e-03
8.404591902110103083e-03
1.621432887734906847e-02
1.072663407168498312e-02
1.534145621865522571e-02
1.001156850880161216e-02
1.177334859627246315e-02
1.211245352236929064e-02
1.328670159848687610e-02
1.919752552842298593e-02
8.283367504585317787e-03
2.016830359933377212e-02
5.182750489533165597e-03
1.961894602831733281e-02
1.321673537482249104e-02
1.175856748277238906e-02
8.093511560128444776e-03
2.033168932620261354e-02
1.418492446617199490e-02
1.263888358530398590e-02
1.076343364429277992e-02
2.004965735307174743e-02
7.889660538659916747e-03
1.560680788647517830e-02
2.032011991931135381e-02
1.712278142380743023e-02
1.974476345515132833e-02
1.358977869402708781e-02
1.393655327850442868e-02
1.871169688763137107e-02
4.610272183765637584e-03
7.534588111340381408e-03
1.512645689993837202e-02
1.381285859173822343e-02
1.365811505056742196e-02
1.294284975038632705e-02
1.930932027235219292e-03
1.460551011801024604e-02
1.470884912871800107e-02
1.962774694006028803e-02
1.650454334142511387e-02
1.700660235595170475e-02
1.117803180295955622e-02
7.854974406734048162e-03
1.328384341995748376e-02
1.561885981520633009e-02
1.169298100321891284e-02
1.488503718267645583e-02
1.438647054749560804e-02
1.178155783367924522e-02
1.340574017630614088e-02
9.032540128490170253e-03
2.026393549616505724e-02
1.595901930281141620e-02
1.831246808834885442e-02
5.194551767123949809e-03
1.012354431675619934e-02
1.999058477840261541e-02
6.590773796284722479e-03
1.406423671277099580e-02
1.616664928760419562e-02
1.965650433838938421e-02
1.279891898796908095e-02
1.385952979508165046e-02
5.654176974597358019e-03
1.458846973323329327e-02
1.025653822118830286e-02
1.626228879619165402e-02
1.934067284840713247e-02
1.661628686631070120e-02
1.466738334955167145e-02
7.444339074417363235e-03
1.685493933486430229e-02
1.082507508930938452e-02
1.546196844168361804e-02
6.156738207615235908e-03
2.001153422001933357e-02
1.473197044585643212e-02
1.255600772793974418e-02
1.965738152841644062e-02
2.043440264058980077e-02
1.885098044676062137e-02
1.060045340469789252e-02
1.657452357588290459e-02
1.279724453553167732e-02
3.489410426564914982e-03
1.236330258890502680e-02
9.885427451706087915e-03
1.228422438432802931e-02
1.924213413095930691e-02
1.510730145606446577e-02
1.436992807389354115e-02
1.603696227053342388e-02
1.824511123669569912e-02
2.022802693178015268e-02
4.267357843176267790e-03
1.100028213874476926e-02
1.199452318679835108e-02
1.239607013906443740e-02
7.309096774540091088e-03
1.847571626767989875e-02
1.685292144397492614e-02
1.683732475780061466e-02
1.912051925512931946e-02
1.304218189874761444e-02
7.823437822278150877e-03
1.362586208872884445e-02
1.967074812578729903e-02
1.954014732389878356e-02
8.980271575933762226e-03
1.888052514255755474e-02
1.257095580686714772e-02
8.625778638101903525e-03
8.003119950178971473e-03
1.511736032320220441e-02
1.229421065365061440e-02
1.203433103829836676e-02
8.037364031143518286e-03
7.618689247106273481e-03
1.446206697252232394e-02
2.119617931529894743e-03
8.207205599667451515e-03
1.642623986130809996e-02
1.555795106128915126e-02
1.146422803821269161e-02
1.798924033139020703e-02
1.864985934958540009e-02
2.048018694148865185e-02
1.997520302623151042e-02
1.432524741310215073e-02
1.984100186198063318e-02
1.244936468695448557e-02
1.915390593924539905e-02
1.915675185563677288e-02
5.894157535308080544e-03
1.478743624027333350e-02
1.218169100916031977e-02
1.413277424604821378e-02
7.656655130857894023e-03
1.537809535283798240e-02
1.152815342602797957e-02
1.761465768134694299e-02
7.352391642412533547e-03
1.691280398023200723e-02
9.114418897233562619e-03
2.015357140587544643e-02
1.347966023209178597e-02
1.764207276698068205e-02
1.607530188273205429e-02
1.951845051048804389e-02
1.382381717736743364e-02
1.386170341406763387e-02
1.779331627017280079e-02
1.867211797331549267e-02
2.033264778878283996e-02
1.727250342470120978e-02
1.165142834692970905e-02
1.954257067456225197e-02
1.846529123327482827e-02
1.760857954638431547e-02
8.800211868934752768e-03
1.921257178428624132e-02
1.653787311595677698e-02
1.962044737210123790e-02
2.045085642612212012e-02
1.153855259867512043e-02
1.418353327449856614e-02
1.537601123004999487e-02
1.937241094033767888e-02
8.550280876357804413e-03
1.263893229771245567e-02
2.050472846533657467e-02
1.775055857366582973e-02
2.029657647776856796e-02
1.061872451277963599e-02
1.310098171054399976e-02
1.027913646699243032e-02
1.993724060987360491e-02
1.671530099441385225e-02
7.725073020076594736e-03
1.790537848331749671e-02
1.040380653648245550e-02
1.854659197122247860e-02
1.764207276698068205e-02
1.217948182219115091e-02
1.821933632583080248e-02
1.330494377306870764e-02
1.789991192291040881e-02
1.316539298612137698e-02
1.955766097534223508e-02
9.095327913319710064e-03
1.957314460450071750e-02
1.932234471928057085e-02
1.864339404534712252e-02
1.199918322991499336e-02
1.831751855485480932e-02
1.507927619335847937e-02
1.681008470435728028e-02
4.381195588945322253e-03
1.323080292314958613e-02
1.926730244923706079e-02
1.185629819564136891e-02
1.810931708916459909e-02
1.465473819496006073e-02
1.334700714176991800e-02
1.444543377112625718e-02
1.751409923866156099e-02
1.690792749715858481e-02
3.270506602358735655e-03
1.130131888727263847e-02
1.194497608435426093e-02
4.821291284995601022e-03
1.805300841764496608e-02
1.445082075196322396e-02
1.191885786747989839e-02
1.678038439609606455e-02
1.118047540804964317e-02
1.548944763372324222e-02
1.127929235777682705e-02
1.913962795607081213e-02
5.145130895918238398e-03
1.387296227400292188e-02
7.732236524087857284e-03
1.944907690301008601e-02
2.052145545418604389e-02
6.261030672241834141e-03
1.347018619700083436e-02
1.714501595258579800e-02
1.045207823660566047e-02
6.721315570326419180e-03
1.463506960068284776e-02
2.017105452319791284e-02
1.398692570174502742e-02
1.127883431250865758e-02
1.896385408737507466e-02
1.121288866960965316e-02
1.745976629417301737e-02
1.597334320835100407e-02
1.591467147006268498e-02
1.518588848525213864e-02
1.061033679864711171e-02
1.616535061664507375e-02
9.105359488525860759e-03
1.328009915316560006e-02
1.898745991929778887e-02
1.969463649599476063e-02
1.787414991271366396e-02
8.237576038503040959e-03
1.405665006575007765e-02
1.338980194126180787e-02
5.115392556236716265e-03
1.627419554768270299e-02
1.867822390765219026e-02
1.323994964397137881e-02
1.316808294937707284e-02
1.073859831280350730e-02
1.663130966053107812e-02
1.301069194556762378e-02
1.658655061631555613e-02
2.017315689380408741e-02
8.771666549059342274e-03
1.408366363558980101e-02
1.556566319925535222e-02
1.945132051822900249e-02
2.024365452949769204e-02
8.058194230122953106e-03
1.825341186429614224e-02
1.797848344652074049e-02
8.960120641239383010e-03
1.231077700246622358e-02
1.711539813654783249e-02
1.721306303071279756e-02
6.434868317922353212e-03
1.703289804710879721e-02
1.616940717333258115e-02
1.828866729042503275e-02
1.517556007715095516e-02
1.769703142401683402e-02
3.335607860801827803e-03
1.438605724333791476e-02
8.430149811229742732e-03
8.708389977141560781e-03
1.661068638705651482e-02
1.578547647999777037e-02
1.226541682443276458e-02
1.606998638952849418e-02
1.015154700354947183e-02
5.857099600782736219e-03
9.767768183601028067e-03
1.723759164784029532e-02
1.650143949390670689e-02
9.433892174718469872e-03
2.890244977463382950e-03
1.745563390031616008e-02
1.853958594912926555e-02
1.852094685069777258e-02
6.537665351253246770e-03
9.382416345223576482e-03
5.219120952098348781e-03
7.863055785365051509e-03
1.575526162886028633e-02
9.642898318178350428e-03
3.750219096335684604e-03
1.479622934859390129e-02
2.025037707850124366e-02
1.884450344201596406e-02
2.013078893152848992e-02
8.666783547136033480e-03
1.885957920997327966e-02
1.236873680268824396e-02
1.786922057318492130e-02
1.333753323777817947e-02
1.654357834147239525e-02
1.278626677223377965e-02
1.434754703773792259e-02
1.023675633731248313e-02
1.372626198116157561e-02
1.985625653598894168e-03
2.053267440447953049e-02
1.294922691828990016e-02
1.616896416763509425e-02
7.781276350319857489e-03
1.536523242468709055e-02
1.829427635065038887e-02
1.950557051217040663e-02
1.892221514837861759e-02
1.488631128829214466e-02
1.191092659362453544e-02
1.482745947385818303e-02
2.051390412959396004e-02
1.597352062123708061e-02
2.015593822252201989e-02
1.662667553775631912e-02
1.483248003245054777e-02
9.305757257162957166e-03
6.507995740187747825e-03
1.719537135848125606e-02
1.764082495706946821e-02
1.858538431935796362e-02
1.837258760985447867e-02
1.574126098855831504e-02
1.955825849095943134e-02
1.803874818740672237e-02
1.014769085855741354e-02
1.234738712749143541e-02
1.579174529255246082e-02
1.606998638952849418e-02
1.344158388464716629e-02
1.751280771570492070e-02
1.392053316505116600e-02
1.737318450266766776e-02
8.606552781643711514e-03
1.850091337093046073e-02
1.558847352670753722e-02
6.455621331954521959e-03
2.904426353832119737e-03
1.374887226977344890e-02
1.227470717047030729e-02
1.509307252459335391e-02
1.537174139349727076e-02
1.701962286364739133e-02
1.713604666098143825e-02
1.609853533066693543e-02
1.091399239787322999e-02
9.591680099113864683e-03
1.141464090713877749e-02
8.729366686129799366e-03
1.342575640192711708e-02
1.925573259463112322e-02
9.584167557377579194e-03
1.763361949324699848e-02
1.580416344290574635e-02
1.942687272829754508e-02
5.741491288040948340e-03
1.886935266389722782e-02
9.013012394020074314e-03
1.120900289574146454e-02
1.069187580360227326e-02
6.969691818060267177e-03
1.189498260704168614e-02
1.380030952690354702e-02
1.964131098189667371e-02
1.000139993119272645e-02
1.520703616750488166e-02
2.004022627536556841e-02
1.705690833949942073e-02
1.723969610072254716e-02
1.391841866530051097e-02
1.256878159214326260e-02
1.959869546703614171e-02
1.909941101338366934e-02
1.301846075688710240e-02
1.903845502057138414e-02
1.677072229042699675e-02
1.776378991209880479e-02
1.040478559128117826e-02
1.225732874443404528e-02
1.833601311101411627e-02
1.615129095538985274e-02
7.210851836662202953e-03
1.598168482150039496e-02
7.103732464271321663e-03
1.906410429219898214e-02
6.029626433815258625e-03
1.054433843920693503e-02
1.300696164312644884e-02
1.256761870459293176e-02
2.209982933153162906e-03
1.047192400042387846e-02
1.378064238537723279e-02
1.681386433187875493e-02
1.885619197655836327e-02
1.355221626876331777e-02
1.231662664043831935e-02
1.676537103679765287e-02
1.358477334570289130e-02
1.080216518086498517e-02
1.382013221575652782e-02
1.289949346321606419e-02
1.111237003271990653e-02
1.552313227430643372e-02
1.481153267403275200e-02
1.699350684713770571e-02
1.982834203201916043e-02
1.754813083441785285e-02
7.233657087264477870e-03
1.742320225031512848e-02
1.270100478014778676e-02
1.702162671380630724e-02
1.660736577695682073e-02
1.996509908075642242e-02
1.642040663433952039e-02
1.297889003504132041e-02
1.730561408737897600e-02
1.423022166320197027e-02
8.386985028805275452e-03
1.463340948115725640e-02
1.810704437102626449e-02
7.117833933908436321e-03
1.649837745830259536e-02
1.387579269585292006e-02
1.264907808368266606e-02
1.219129746799816824e-02
1.012416673584633740e-02
1.425635458749014567e-02
2.003203764921704030e-02
1.496542597345438749e-02
1.213433783105938475e-02
1.943360590644720512e-02
1.653629119046999552e-02
