5.399407022150634790e-04
5.576097222871077624e-04
5.095589426825328531e-04
1.576265184870744669e-03
7.281416160505373722e-04
1.209473554882392176e-03
6.904599704860233961e-04
4.584215461970287211e-04
6.814477937660694306e-04
7.228245622256957445e-04
6.716758450997057598e-04
8.951171919169474646e-04
1.010975694250223393e-03
6.652787906822233040e-04
6.059173399560808431e-04
5.382619997636078945e-04
2.471138328475060847e-03
7.878352350952641872e-04
1.254741905456358952e-03
5.669030938067891627e-04
6.893879677150848958e-04
1.247155146399628323e-03
1.658067491244203349e-03
7.349554947783876668e-04
5.076188246721416008e-04
5.939640699195155920e-04
1.541391781503901551e-03
7.511892132361486620e-04
5.562134094049462057e-04
1.659067794068254907e-03
4.488873850906827307e-04
6.519363219565451782e-04
9.519007928013214354e-04
1.102214503534087705e-03
8.260312513449694343e-04
7.081915333648453959e-04
1.740576993316198797e-03
1.200052480802282382e-03
7.584410514940093584e-04
6.943559193071320622e-04
2.070644131973962097e-03
6.318967742645399156e-04
7.819570985286175644e-04
9.956883327456567644e-04
8.390087392277573771e-04
7.230047050660785108e-04
1.602357825348052706e-03
1.066119012578264306e-03
1.046146384063641535e-03
2.968099550761395342e-03
1.084636645569807614e-03
5.336981104011340746e-04
7.490330836739588979e-04
1.423459004340808277e-03
2.354410425865190691e-03
5.633530617516069186e-04
6.685363128305570968e-04
5.646056153319368043e-04
8.394552589326738238e-04
1.065010659330135325e-03
4.938526100826847029e-04
6.167289069646658944e-04
9.489203688630968745e-04
6.849179524940195857e-04
1.218571770841998412e-03
5.949479330895190293e-04
5.989619775202028717e-04
1.350742736338066954e-03
5.599292430836318082e-04
5.933750727449125682e-04
7.265600217721575457e-04
1.567880940974407345e-03
7.634620686726008255e-04
8.651356832973380396e-04
1.263577549800240811e-03
1.253732565611983705e-03
1.485754131737460071e-03
6.212974216054480744e-04
7.720778325154685918e-04
5.759402721150157873e-04
6.146043708046495038e-04
1.131778461674619492e-03
9.642675108638235635e-04
5.397275420008620971e-04
1.111539685695745990e-03
1.028139238817018858e-03
9.194359639602326219e-04
1.006057997802400905e-03
4.771217150392286746e-04
6.227310596611301602e-04
1.155876295691638835e-03
9.381128277515264537e-04
6.158035534930670794e-04
8.222086282696762461e-04
7.074450238313840372e-04
6.428520386861999317e-04
2.423247372453835036e-03
1.054059578261200411e-03
6.061758720122042282e-04
9.050442865494151947e-04
5.135118552430135855e-04
4.959790549673249787e-04
1.210223365404880470e-03
5.337364044953567385e-04
2.488151508886852440e-03
7.815362183817071333e-04
1.225166526076940012e-03
4.666075290030291664e-04
6.613585753344012339e-04
5.738695146940499302e-04
9.287376837148284686e-04
5.026078232894480840e-04
7.447826384380674264e-04
5.934585631658872377e-04
5.174911635544364018e-04
5.678321657412676009e-04
1.203117921480548408e-03
6.094381507508601610e-04
1.723578391745148172e-03
7.311085546263669218e-04
1.776430703194206923e-03
4.710496483027685880e-04
4.987028308492795232e-04
2.354410425865190691e-03
5.302660872030282675e-04
1.098841957716831762e-03
5.206921593270096016e-04
4.916050715177898390e-04
7.381827430135457510e-04
1.508348054604635984e-03
1.177205528382023426e-03
4.626996690832811936e-04
2.151299564184965853e-03
7.140446453732356971e-04
1.113150929526567296e-03
5.333494454987144353e-04
6.816439686724757880e-04
7.990548722972672926e-04
9.044268935124429119e-04
6.271398974528201485e-04
1.807557343425111700e-03
5.822835631756332524e-04
9.103927031199695761e-04
1.292049954605184155e-03
6.220571989282751898e-04
4.255746886227859682e-03
5.718811932084714609e-04
1.001244591715129461e-03
1.555219795428872120e-03
5.158278338310260964e-04
7.349549061302562344e-04
5.798992051527711127e-04
5.671010161482142528e-04
5.562868871549472892e-04
5.574534100011962600e-04
8.725958484892016318e-04
4.988795592105028064e-04
6.895436765639023765e-04
7.182637344574446412e-04
6.242432856166195681e-04
1.807557343425111700e-03
7.533059583038963182e-04
9.102916911272240568e-04
1.203145751688982409e-03
1.355890876696808252e-03
1.227969651573832194e-03
8.446311269067238291e-04
5.895155214549460459e-04
7.566158755599245627e-04
6.872711512645888945e-04
8.017303704506170779e-04
8.250428332765331755e-04
5.155456966092754291e-04
6.221118694869440940e-04
5.425290924562533017e-04
1.555946543836970357e-03
1.880221799211738301e-03
5.274629893218669681e-04
5.859050072225033658e-04
1.179830092768952661e-03
7.641354030218968762e-04
8.018526903334835532e-04
5.861451742941584716e-04
1.177468694820572913e-03
7.229484144176921701e-04
8.471694241504731460e-04
7.391561752154996974e-04
9.809551123318893846e-04
9.922617027991772858e-04
1.155292563707426912e-03
5.982390412695511202e-04
6.899086218694675237e-04
9.710308462427204345e-04
5.159525578425841605e-04
6.082443016069810074e-04
8.574474359969919872e-04
1.071786817061709659e-03
1.519005745664906695e-03
4.623903276781196874e-04
5.396135945061808145e-04
1.005909989142699532e-03
7.001628896519397323e-04
8.479942832369359931e-04
6.160284525163175129e-04
6.196975337070207432e-04
1.217502634084121228e-03
5.980165489208036020e-04
1.495802012553736331e-03
6.780129241310353400e-04
1.111044311950945378e-03
6.401898121384264236e-03
1.199246506948997270e-03
4.682727462104624449e-04
6.912310384376862439e-04
7.917404971288058728e-04
5.565672667231430287e-04
4.914228269448200600e-04
3.642711043710110917e-03
9.772577830070836892e-04
5.561529573535439579e-04
8.585851378065082092e-04
1.074394225961622026e-03
8.422408629420113186e-04
9.519693890800932229e-04
6.376621708339043088e-04
1.373389173995889995e-03
7.293453961807263046e-04
9.578304102628335892e-04
1.038855989008561666e-03
1.589646021174278591e-03
5.360437614458927113e-04
1.177205528382023426e-03
6.133378020728007946e-04
7.194258231654858523e-04
1.527333117421622848e-03
5.302660872030282675e-04
2.033621964744595188e-03
8.077864242445482448e-04
9.982877226173574904e-04
6.337050217648591529e-04
7.316653282631647472e-04
2.779199584315236813e-03
9.171793781337979909e-04
1.457737665648165893e-03
8.218778149228034378e-04
1.695479044787030157e-03
7.073280484267088384e-04
1.099977298466803168e-03
8.605196268748741863e-04
2.544597940513195974e-03
9.406172330943373804e-04
6.638203859838214807e-04
4.638017609698820648e-04
1.562903695669694195e-03
9.742741962864904419e-04
8.560226289960590250e-04
6.119850571562737490e-04
6.462917365289811518e-04
1.741914608452237384e-03
7.494678972466392629e-04
5.706460720360212024e-04
1.718813985034985895e-03
5.604547340674819822e-04
5.346111454704404299e-04
1.102448536346367072e-03
6.440222170405243956e-04
1.078211411823424247e-03
1.413641657505643233e-03
3.324097766734229308e-03
7.096585097313475726e-04
7.337529939278372281e-04
5.284447189537172908e-04
6.527507021045032354e-04
8.233167607328834145e-04
1.765358071970450074e-03
1.163695950086423778e-03
4.854736129434930993e-04
1.229297997591099643e-03
2.501863790558605562e-03
5.153380384139034107e-04
8.659703796261312893e-04
8.161447803308561223e-04
1.318147097202577132e-03
8.745419178562911355e-04
6.379006410572807739e-04
5.280800469616834560e-04
7.467210227862394701e-04
1.000974234699210331e-03
2.443164231710260193e-03
7.443848058075058522e-04
7.177900651391390342e-04
8.566933636618946028e-04
8.601616207898930356e-04
9.536305031900021599e-04
8.715409417994969717e-04
1.225594617121349020e-03
6.623828874987236969e-04
1.258139405990957131e-03
8.540414853582840990e-04
6.516181006294069012e-04
1.718813985034985895e-03
1.596804087282274569e-03
6.165294890248240994e-04
7.527097534058814704e-04
5.501032734637657665e-04
8.576640046765941338e-04
8.386610487190898373e-04
1.357310213765243164e-03
4.999049088648826761e-04
6.050599211952329640e-04
7.524386520235432519e-04
5.312982645826996430e-04
1.177468694820572913e-03
8.227393681429103194e-04
4.894510469098395248e-04
7.498190642849950635e-04
5.567868815758091842e-04
8.725958484892016318e-04
1.233774413807977883e-03
5.458842623772012983e-04
5.900069459724701856e-04
2.786388404741470693e-03
5.142902971526720811e-04
2.326608807889950659e-03
1.141514344075559868e-03
4.373907691466784884e-04
4.912312738516757789e-04
7.983786227098397257e-04
9.098700475528013381e-04
1.521919907197194803e-03
7.447826384380674264e-04
7.346830357903371377e-04
6.241763577744485715e-04
2.713523621421844775e-03
7.382448057136990890e-04
1.059702362637524866e-03
1.111663659656915394e-03
8.391167273601929030e-04
6.972805360631167395e-04
8.856267841738135922e-04
5.685710020870306637e-04
7.354708642559316901e-04
8.289660105787689717e-04
6.458604996815781778e-04
6.255257784968750769e-04
2.447742396544587244e-03
8.527588645306610456e-04
8.742258565172649496e-04
9.122852374735404904e-04
1.857016814400887185e-03
5.833326266149791882e-04
1.032321658166997355e-03
5.358446594715022019e-04
7.118446487753275114e-04
1.051350359994333763e-03
1.079687321176313157e-03
5.337859445670863848e-04
1.027656816621706510e-03
1.004072299521597362e-03
1.908518628933181900e-03
4.787945025833608304e-04
6.856185891053180560e-04
7.619425070224580257e-04
2.008897861030557556e-03
7.592750653753681071e-04
9.411160871800515687e-04
9.202058351457299184e-04
6.693804477931080592e-04
5.741875424652502198e-04
4.962922701017577574e-04
9.686372971286611420e-04
7.138004554024256253e-04
1.249529480665520281e-03
6.594874457004921888e-04
5.506150853022653184e-04
7.333314673442691218e-04
5.355434020702780915e-04
4.633211409856254548e-04
5.753932457131736558e-04
6.064177684613942815e-04
7.174091972853191730e-04
9.071330959726871170e-04
5.627108625830673765e-04
7.712061444620067849e-04
1.006795297908412131e-03
7.889639489633823227e-04
9.874830611188755228e-04
1.078549813846717926e-03
6.491609573766096014e-04
1.215361784576223089e-03
4.929975178158335159e-04
7.656500307603008714e-04
9.923747110232154257e-04
2.226681766656815175e-03
7.622059529889626574e-04
1.334074115909981463e-03
6.071123723394485907e-04
5.019831385745637245e-04
8.828883795263545381e-04
5.221681296116615105e-04
1.044215448600394492e-03
1.436265966347818977e-03
9.073273631470102742e-04
1.788254446370349509e-03
2.207375393822133894e-03
7.816011765908285891e-04
1.002127018786957242e-03
6.107201113860100420e-04
7.241590026444940428e-04
9.388472693605233932e-04
1.517504204975108966e-03
8.044299088519711724e-04
5.016113038122905435e-04
9.666544990728385620e-04
8.113361095385256691e-04
1.158681236851447256e-03
7.101698125426001221e-04
8.178210305246175985e-04
1.506407019259126817e-03
5.989547643059316530e-04
5.678321657412676009e-04
7.514603358194062643e-04
8.188301486369541906e-04
5.719227241021491081e-04
7.233896160951340873e-03
8.049846228781951107e-04
5.006870089832133122e-03
2.340083293484608324e-03
6.904889230816405911e-04
6.478561777659060930e-04
4.817304592351968917e-04
5.835328035241502077e-04
9.108813361250725407e-04
1.554208572063563469e-03
1.034228568939399165e-03
1.359258278798355837e-03
6.479099851951472576e-04
8.043322514060141128e-04
6.260423966404645530e-04
8.056478837028827273e-04
8.233510401827392414e-04
5.739430813709965737e-04
8.983449737496533149e-04
9.169262028313751589e-04
1.315044291892678886e-03
8.093009102887235157e-04
1.016156923886483423e-03
6.346054224151743452e-04
6.789747085114340329e-04
6.669332772786631166e-04
1.402751282940255251e-03
1.232135515933219412e-03
1.416681419597739513e-03
1.027656816621706510e-03
6.500343399867253682e-04
7.349170997305885583e-04
7.505895494024179479e-04
4.565807064935352736e-04
1.065010659330135325e-03
7.828621800475402993e-04
6.298538378098357104e-04
6.226380081895219881e-04
5.470428580524866729e-04
6.601102588298566297e-04
7.598001896232677542e-04
7.056738226216516556e-04
5.754306586502641423e-04
5.666269464327822756e-04
4.589482849851635009e-03
6.055977464782342969e-04
5.859726631567491661e-04
1.540047221844123050e-03
6.209987318354081307e-04
7.104976544402865062e-04
2.140853192717326325e-03
5.868027051855074106e-04
6.869763881048078979e-04
1.667849146189908814e-03
1.967047002759057719e-03
1.285371632482284424e-03
4.991435696550096477e-04
6.476762734534458922e-04
6.436635828445223676e-04
5.184344206612181158e-04
7.776989030864474815e-04
7.856010729394821744e-04
4.804110842696180089e-04
4.652758423308695716e-04
1.298290782724619832e-03
1.131335260331576631e-03
6.031531435054565855e-04
4.879363064488759986e-04
6.337243967233111095e-04
1.025827286987561525e-03
4.719921694168286732e-04
5.239203772205132739e-04
2.443164231710260193e-03
5.288449836156376097e-04
7.881153902830437697e-04
7.194018553154962097e-04
5.758588345582610953e-04
5.022097417080548807e-04
6.106395290056750459e-04
7.996779139549460612e-04
7.790069148824868821e-04
2.752352494218491662e-03
6.950214474884854879e-04
7.087419241953455068e-04
9.534535282241194407e-04
9.817566060098012297e-04
7.245837247766093864e-04
6.462590364747630364e-04
5.601938119225424988e-04
5.881413501106378880e-04
1.006027468286289570e-03
9.959738877852132230e-04
5.376437601088165756e-04
7.027839765360671892e-04
7.604639538125444222e-04
7.392538345149719282e-04
1.131480411527494186e-03
6.267773729208041744e-04
9.613053409459499385e-04
7.204094185250868544e-04
8.161447803308561223e-04
8.870640830281045905e-04
2.408869796263281987e-03
1.238040605280465436e-03
6.026208232776151348e-04
8.237882791347326834e-04
9.346823570153518996e-04
5.505971313401745223e-04
6.451868797416694451e-04
7.352347461659804314e-04
1.247744779188836566e-03
6.884127220354126957e-04
6.360599639384899176e-04
5.961641425875080372e-04
1.285601205051392247e-03
2.556333593577337932e-03
5.633033016871478353e-04
1.341285238950747647e-03
6.779972149968740980e-04
4.631699217473598455e-04
1.165897763098266808e-03
1.479201737855936156e-03
1.285301672886606222e-03
3.324097766734229308e-03
5.075212504685706156e-04
1.001395630400835242e-03
8.021724771135974128e-04
6.618281748888694927e-04
5.067219732300916931e-04
9.006065842135690990e-04
9.025562279839518089e-04
9.297431661116704448e-04
4.867280533607153343e-04
5.079536672042737162e-04
5.951961464273286886e-04
1.814475691442316886e-03
5.960246182868448022e-04
5.755315052757423644e-04
6.914573526532225185e-04
6.607964147609917804e-04
5.414546019736148595e-04
1.228640035474908411e-03
9.843797779190658227e-04
9.980274549204444859e-04
5.391006602839775981e-04
4.853737691963432195e-04
4.437806307426555978e-04
6.154283547202720394e-04
1.457995838147675086e-03
1.536913886470432427e-03
8.188959930951241872e-04
2.235314635107069330e-03
6.622552106067187451e-04
3.792493135003733966e-03
7.846751699806011867e-04
6.293461595633185329e-04
7.556157758420059371e-04
5.950122688399909739e-04
5.995540147034740877e-04
5.106052262517095548e-04
6.604395505156867175e-04
7.293218862524605307e-04
5.865529382482363241e-04
6.831752010400881725e-04
2.848365157341228859e-03
9.231016612937247056e-04
6.298538378098357104e-04
7.711284371996121731e-04
5.562868871549472892e-04
1.485860834189583601e-03
5.788066695049257429e-04
2.848365157341228859e-03
8.510002353274099878e-04
5.166176953796500519e-04
4.963306564368704776e-04
5.897201802953612806e-04
1.291565676329573670e-03
4.812737288659423170e-04
1.477235022052169038e-03
6.268991939593475957e-04
8.182176466611502897e-04
1.991112084765362441e-03
5.883204762961360273e-04
7.832695217732687544e-04
9.270063688440228914e-04
1.359258278798355837e-03
7.384692495074633625e-04
6.338820839005649896e-04
4.882056839547693587e-04
4.610728431468599266e-04
5.949922028484138726e-04
5.684645708738337438e-04
5.402749683191085828e-04
8.674056896803476833e-04
8.934897926498553897e-04
2.433133112552848636e-03
9.320534423758357941e-04
9.000747221866194818e-04
1.442855552698118441e-03
1.604440286839804893e-03
7.860812518761788742e-04
5.164395046415453955e-04
6.056525260950475524e-04
8.500651075686561312e-04
7.556230864722839492e-04
8.645980309081962006e-04
1.926667321010288409e-03
1.109810130597035926e-02
1.161181460172428870e-03
8.059069647724345815e-04
1.660806464041553361e-03
5.353845663295991788e-04
1.641751582764625289e-03
9.023098145757981001e-04
6.769639157632273375e-04
1.498560089115991189e-03
8.828583333542500567e-04
7.634534686847088648e-04
1.382440698883199330e-03
9.672598585810762879e-04
1.003525623760429149e-02
7.982562893522538632e-04
8.798735560097008289e-04
8.882162740949913274e-04
1.102448536346367072e-03
6.858050332603231498e-04
6.027179602302595732e-04
6.068077209767419643e-04
4.985346953193944223e-04
8.466925497968316684e-04
4.919009631108621971e-04
7.478529019090931129e-04
1.042358509921450290e-03
5.085049282810634626e-04
1.708539663446008222e-03
1.831070563184773953e-03
1.255825945511088171e-03
8.241213968380393506e-04
7.055362011302227085e-04
7.079375932524181736e-04
4.822683877188436281e-04
1.448186475932245832e-03
6.078533443021310722e-04
2.282456651550825426e-03
7.868588646275484662e-04
5.029589774660158611e-04
6.664430490619978071e-04
1.261973286117620482e-03
8.161447803308561223e-04
9.577164925180361782e-04
1.336052104748201765e-03
2.516270248191313126e-03
6.849704718869494609e-04
9.376374224459215140e-04
8.237882791347326834e-04
1.427115754310024015e-03
5.258591044093906871e-04
1.194224960563385800e-03
6.189860539205509389e-04
6.469144902705435164e-04
1.306530120516280957e-03
5.841156357682415062e-04
1.132952307152657045e-03
1.479252914873705350e-03
2.598689992769274287e-03
8.057732094574778089e-04
6.660289826971155626e-04
7.395229577418852007e-04
1.029132145578036481e-03
5.312847856104719983e-04
1.071995059901100856e-03
5.483940592063110860e-04
6.004556983575969672e-04
4.489389773580221678e-04
9.057670477896311153e-04
7.175208494500390916e-04
5.856815333416616389e-04
7.446108044094678973e-04
7.404411766861886774e-04
9.836527472213199823e-04
9.489882909439683548e-04
9.113163620033331398e-04
6.088379381167397658e-04
2.930989369993352092e-03
1.387470400147282085e-03
1.872804452104500153e-03
6.908191206837356428e-04
9.618023632513103159e-04
8.689814494194648660e-04
6.076778420282788517e-04
1.077828415569315364e-03
5.176994553883843822e-04
7.053823097022946832e-04
1.035307374003124328e-03
4.039284815710557017e-03
8.761484189878096041e-04
1.429839909850704350e-03
5.641094654169824356e-04
9.724827013699498474e-04
7.466161222198725370e-04
1.126188585209497370e-03
9.093392754236970894e-04
1.353089192351855392e-03
1.094153540035262004e-03
4.804180876901053741e-04
6.060943976252527662e-04
1.134930412467438383e-03
6.747621449679233824e-04
7.994001641210615999e-04
1.090126485185926664e-03
7.037769669919211393e-04
5.769203692420638713e-04
1.774932769340188243e-03
1.201460939559848874e-03
4.718338601668201570e-04
2.346454371119932516e-03
5.529874648395039210e-04
2.145544799446455313e-03
7.288932254955060456e-04
5.798065935595794014e-04
6.031994392578586116e-04
5.200226453880044076e-04
6.333476451863854703e-04
5.108551041533960320e-04
7.471252424384808169e-04
7.230087991874301285e-04
5.530956105004552863e-04
3.557653423569665050e-03
5.669847260960623764e-04
1.118114011677110798e-03
6.505806091242152551e-04
1.371561976173534458e-03
1.505026836883981405e-03
5.494363480719184449e-04
4.576734081117254786e-04
5.378684221008243936e-04
8.568281719049658648e-04
6.825623333524750199e-04
8.956911724334017588e-04
7.263011112863816373e-04
9.771146539385251392e-04
7.494435615432746894e-04
7.471252424384808169e-04
7.763316338087123325e-04
7.614533447119507586e-04
4.843201658653083566e-03
9.431928261487124068e-04
5.697568747132377527e-04
1.154010781372477156e-03
1.051713899998099611e-02
1.042046805151810706e-03
1.312940841213731122e-03
8.422408629420113186e-04
2.091006373503119780e-03
1.247247853404125084e-03
2.958929294050434509e-03
8.789670135705074860e-04
1.346919860635394572e-03
4.860848451690349264e-04
9.197111338925962601e-04
6.674255244504661557e-04
1.058247840304629055e-03
8.310276721975308435e-04
1.235279657999437423e-03
5.644579806702632908e-04
5.282669259129087365e-04
9.003648008307460785e-04
6.215605393664258224e-04
8.939347644030806381e-04
6.192921210887703237e-04
8.410455582665591831e-04
1.102214503534087705e-03
8.861190139079464000e-04
5.227810445456339402e-04
4.891566695054451464e-04
7.863246478223117741e-04
4.626996690832811936e-04
5.266273101599736571e-04
6.399118399573781261e-04
8.083109269827181429e-04
5.415665705296799758e-04
5.064459835045077678e-04
4.965922772332511314e-04
8.050976429334336581e-04
5.582822069383273737e-04
7.117992876364993013e-04
5.189675782019863510e-04
5.759496427927792610e-04
6.519363219565451782e-04
1.537375822871706000e-03
7.694663073502588588e-04
5.297212806666197525e-04
7.250909948008225133e-04
4.883857447355832411e-04
9.543653079597413545e-04
4.562376770531362279e-04
1.843097072139475087e-03
8.810783708498713023e-04
6.971046924891286878e-04
8.435666437152744643e-04
1.017115391224641518e-03
4.762632183997626747e-04
2.465058302208856036e-03
1.689283947928160419e-03
6.562960573632277807e-04
7.860812518761788742e-04
8.292524944746929028e-04
4.812737288659423170e-04
5.890193527322237256e-04
6.306769176097795464e-04
9.881921560612974987e-04
1.548477498936185479e-03
1.383519369811133477e-03
9.597967252623389655e-04
6.401367831300947605e-04
7.171584497670514769e-04
8.733592611873525462e-04
5.935062745255689906e-04
6.182268472722620475e-04
6.149083612486551777e-04
7.734353071359832557e-04
8.380214871727556872e-04
9.551545846130721955e-04
9.488116852951965999e-04
6.313921914221859791e-04
6.027531157631797840e-04
6.825263549930108212e-04
1.112886612948510304e-03
8.499433663585317586e-04
7.522159449471595627e-04
5.896408921198841501e-04
9.636107889200164981e-04
7.273314952556135440e-04
6.680311040661164297e-04
6.715786058668696268e-04
9.018589045583038678e-04
5.722771517181493789e-04
1.060934446138219822e-03
7.815470756668859006e-04
8.364234220383785128e-04
7.495968577886560208e-04
5.840133366102239409e-04
9.215216755679855746e-04
1.649323606826059519e-03
5.341720262682849319e-04
7.182637344574446412e-04
1.014430883521306006e-03
6.014798412443224992e-04
5.141541095657494419e-04
5.883671584839461404e-04
7.243331624287350319e-04
1.190411445226051499e-03
1.399211706558608527e-03
6.357564789295266959e-04
1.212786318751067844e-03
4.679555462802856432e-04
7.322959563624290230e-04
7.972100744703735720e-04
1.151752912480495487e-03
6.513106258414590568e-04
7.596331740688111326e-04
7.962714355656400674e-04
5.248192951354498700e-04
7.176732620862523839e-04
1.577679772888944919e-03
1.523859351833130142e-03
8.530076979520475298e-04
1.130818048970414109e-03
6.734235025320733882e-04
7.834694779417234866e-04
7.236934162996611639e-04
7.082922332752152397e-04
7.227161603495896010e-04
5.233892743913119445e-04
1.251226591317809852e-03
7.550256393736737856e-04
1.292548982561757352e-03
8.592801860455014052e-04
1.214565756687307346e-03
8.451906073903332371e-04
5.233494855808895965e-03
8.182194813208710929e-04
8.163677777638877163e-04
1.049374981014903696e-03
1.558825905870246014e-03
6.315311740012213718e-04
8.672601101930635641e-04
5.331329659509504836e-04
7.185692589504982623e-04
4.499294438605625705e-04
1.214565756687307346e-03
5.160225644473228528e-04
4.993598982025278720e-04
7.938770991237063292e-04
1.324050695647237741e-03
6.917161865517077726e-04
1.108552091789659919e-03
5.306542367423666825e-04
6.583713345515553386e-04
6.133197149444939884e-04
1.860563671051794401e-03
5.920833656533686703e-04
9.879051401137737415e-04
7.548839435587543795e-04
9.133396934076712251e-04
6.874289054509958837e-04
9.442765027201461886e-04
1.257874485633952511e-03
1.271168466044239912e-03
7.498681937217430713e-04
1.274457094805834297e-03
6.754972273379538554e-04
5.439235515715112055e-04
6.874678381326809707e-04
1.010147177426170629e-03
1.494554880062609311e-03
1.393719243284811862e-03
4.880725392350071632e-04
8.057732094574778089e-04
4.914228269448200600e-04
1.100049159961448246e-03
1.429614871299214694e-03
1.059222816579421557e-03
4.480274668462045284e-04
8.142237502249727353e-04
1.021493969909187090e-03
9.322752521295733915e-04
3.399602480766010168e-03
1.774801197358530456e-03
9.639883350800386268e-04
6.064118808474994919e-04
1.224238085926883336e-03
1.000439088121245429e-03
8.712298488786540587e-04
5.373333853175470479e-04
8.065198439571669630e-04
9.728956543014945918e-04
6.436279955774746502e-04
1.222014168412185889e-03
8.842502491983322702e-04
1.384674803818312060e-03
6.442657044407767465e-04
8.511972401961062119e-04
4.852500079097828590e-04
7.093815401364199965e-04
1.639526345021406501e-03
1.758928329086660580e-03
7.379934290846667166e-04
1.390577185762072654e-03
1.381818312294234245e-03
5.768310723666094297e-04
5.768791824838856181e-04
1.439206939507777297e-03
8.594580185331060496e-04
7.433369600821760183e-04
1.545315573357573672e-03
1.747411935444218327e-03
5.851345585052519869e-04
5.321134809613410318e-04
5.606453224948345715e-04
7.398922237562033681e-04
5.565672667231430287e-04
1.293124631005130188e-03
8.468709908470330042e-04
7.732255149651074463e-04
9.903027896646118908e-04
9.223360682652905016e-04
7.213067917272779307e-04
4.536346751965441974e-04
8.106599688146626410e-04
2.729303858035897739e-03
6.780602276258405631e-04
6.880317419571228832e-04
7.237449607516863387e-04
6.117352844746844470e-04
3.709680174173756069e-03
