1.001155322286398407e-03
5.662332615761258561e-04
1.882456549555679625e-03
7.143193854188415251e-04
6.589601151277250544e-04
5.447883025783932650e-04
6.491811591476680026e-04
8.679674729333095723e-04
5.996635986308513321e-04
1.158037699986332351e-03
2.519299612223892260e-03
8.065560822186726734e-04
5.027556088942141494e-04
6.256103721003871462e-04
2.228756057147001247e-03
9.128519125261322451e-04
3.302668323219330564e-03
9.822416429613623368e-04
5.516579954308526487e-04
9.756174464866532257e-04
1.113908988322035798e-03
5.772481206210386970e-04
7.162183492344859678e-04
5.500821346730826048e-04
9.071974926079768653e-04
8.664044554922228046e-04
1.184732742845501664e-03
7.879545077822336851e-04
4.946205663010102942e-04
1.067177576273330153e-03
1.065793910011730242e-03
1.817279439945742149e-03
4.859657020503216720e-04
2.139035533910658374e-03
1.273051602072218774e-03
1.768869691682189559e-03
5.729988107528614580e-04
5.616134388120837609e-04
4.898939279687851813e-04
1.180245044761780125e-03
6.874191867195682867e-04
5.414455546893527085e-04
6.405319032162712627e-04
7.617482274743600122e-04
4.898939279687851813e-04
1.131060428353103777e-03
7.898987061596754716e-04
6.990273410431456155e-04
5.535821271816652100e-04
6.116797855928076668e-04
1.038417630270881955e-03
5.189599022318249931e-04
1.315765916145743893e-03
9.701851888990172326e-04
6.813764113999816029e-04
1.090337850222420062e-03
1.338388510038574560e-03
7.162891429540601011e-04
1.045685981075927719e-03
5.208305530750228585e-04
5.069811638469231066e-04
4.679300367956936899e-04
1.269883826488903871e-03
6.162348375880694409e-04
5.360550632414023660e-04
1.009322786649435475e-03
7.717924165368396199e-04
2.549522524492032517e-03
6.060114912175448799e-04
4.370112506690105453e-03
7.083288111110943447e-04
1.082297965987654527e-03
6.526907065704099691e-04
5.831902819434226339e-04
5.350110032323316701e-04
7.466289702072586567e-04
6.367056282611948011e-04
1.152091837523761767e-03
9.758962093488615652e-04
4.914864155132231838e-04
5.935284833132620924e-04
8.719660629844161372e-04
7.948444019246040130e-04
4.699722494592811729e-04
6.994297878729212022e-04
1.159690340451430832e-03
5.129033580957838116e-04
1.367120990488776815e-03
1.359850787321123565e-03
1.316595853350028059e-03
9.243137242239426012e-04
2.042373800523611914e-03
8.022383447117294696e-04
1.487890329685714668e-03
5.884531053472871667e-04
7.031732657158116292e-04
1.182716385896499453e-02
8.691283441009577332e-04
1.305228095961174411e-03
6.854780623308792805e-04
8.632329447811783315e-04
1.053707013908767231e-03
1.235139305292441399e-03
7.903223460128133314e-04
1.193914769579152270e-03
1.072251392111178789e-03
6.029605133202681688e-04
1.114469214133937671e-03
8.949857279472648013e-04
5.969946206551363316e-04
8.665541176308481615e-04
9.870599071139121803e-04
1.264590092048482016e-03
1.275747448900437257e-03
6.582528975313280259e-04
1.004900479155216783e-03
7.119716570074183497e-04
6.589284467473115929e-04
7.219565940624164983e-04
1.771781136726748680e-03
4.690047510518013420e-04
6.196055913955103231e-04
1.029038248511827567e-03
7.638059130161907505e-04
7.981072900904772954e-04
8.755559832621791173e-04
2.009928024841481538e-03
9.668634074291677580e-04
6.017173977182964329e-04
2.527446053467743720e-03
1.307880203390182497e-03
6.966692328342912561e-04
1.197429018374288490e-03
8.164477957876253422e-04
1.473376503225650369e-03
1.944086890095844070e-03
5.824656110412102525e-04
6.576129025361426286e-04
5.966898866074230772e-04
1.272127399058176544e-03
1.687372602650790950e-03
8.737249416361020848e-04
1.593143758721875030e-03
5.664960073287654075e-04
1.311884516005653277e-03
3.980611152998737162e-03
7.147774869613385392e-04
6.139058645885431048e-04
8.545600952158345425e-04
5.257992189765742577e-04
1.271403586577081555e-03
7.870169740254130339e-04
7.953066784765371782e-04
7.884709027319017002e-04
7.091608479220624451e-04
2.211524831367666852e-03
5.234351299468006534e-04
2.830780055735965944e-03
6.318542924041978042e-04
1.264216277205610544e-03
4.637552777836708427e-04
4.972769280784079078e-04
1.106420605592897113e-03
7.848501775187795380e-04
6.640998590794742508e-04
5.952132318134393564e-04
5.674718088867700128e-04
7.534877758268843486e-04
6.166004172938190997e-04
5.905040623162383746e-04
9.779205744396156277e-04
1.434341713285286089e-03
6.922040738461454276e-04
9.505001499561831690e-04
8.787629840192890665e-04
1.262943745753373863e-03
6.413161939309196735e-04
5.977188107766679293e-04
5.908834380127802894e-04
9.892923178036977603e-04
6.686424588581355152e-04
7.946057638406307062e-04
1.966121221277128926e-03
7.723894641499688468e-04
6.382171458735770575e-04
7.348499297762094585e-04
8.805022818431789159e-04
8.486848897868883154e-04
8.070009406667092312e-04
9.578146931616832995e-04
9.561757760081270865e-04
6.949978081283671085e-04
7.949571704197414684e-04
8.701870655794358925e-04
2.720596330931232109e-03
6.370255903265072345e-04
4.739777050327096146e-04
8.533351016220219829e-04
6.616554265566792267e-04
1.074243666353919425e-03
9.248885391558142989e-04
7.325676510851008129e-04
7.073464531129009056e-04
5.481135757927312318e-04
1.478635543405447004e-03
9.774817840470368096e-04
1.012448167016428459e-03
1.483790213402558667e-03
6.997209840249001131e-04
8.046136988522544159e-04
6.549216767272889386e-04
7.807556877915146614e-04
7.386786671924063484e-04
7.680226463040944846e-04
8.563508867655914838e-04
4.966558413560260080e-04
1.687748550479009797e-03
6.958204832138921740e-04
1.092658128702853537e-03
6.769387959727433133e-04
6.673720112559767886e-04
1.023668883574718313e-03
7.294333620072764035e-04
9.086764136343750955e-04
1.235467306699869353e-03
5.966649813174741170e-04
4.704151618186356546e-04
8.100582703972295656e-04
7.089161971668496605e-04
5.443709335160813517e-04
2.004221493322416378e-02
9.166474144353278872e-04
8.116037368896613117e-04
1.366003482262669001e-03
6.958265643330652792e-04
6.306536699543484076e-04
1.070414351568385516e-03
1.352098552006660579e-03
1.801161556999097794e-03
7.725600441996957049e-04
1.083639624563067670e-03
8.327303834193626160e-04
1.757291329003749392e-03
6.549308614394911028e-04
6.281016593686262637e-04
6.833531325631143905e-04
6.748123853060609316e-04
1.407500265062448233e-03
7.575971112054912578e-04
1.578331085973324905e-03
1.597564663895251593e-03
1.059175685189896231e-03
6.778978192097148258e-04
6.530418569618973157e-04
1.063979990624560517e-03
1.020136675725269405e-03
6.184525694939179731e-04
8.129656050975313459e-04
7.270638079570799443e-04
9.050723693993337508e-04
7.251037475011448035e-04
7.733303373332118440e-04
4.755466664785794957e-04
1.086233226940152468e-03
6.042611567520382500e-04
6.074063964061448932e-04
5.287129817904315894e-04
6.585805380415290546e-04
4.845000825297992512e-04
5.732945875019208274e-04
2.179347734834820912e-03
6.701391559368826984e-04
8.594934738593182312e-04
6.517025284784226874e-04
5.906755882212785759e-04
5.047883637671198801e-04
7.460817918075128953e-04
7.319873551410339008e-04
6.517141205166588963e-04
1.624404240292343831e-03
7.948702718396059852e-04
1.316559378345727709e-03
7.609554299577149473e-04
8.120520640875557479e-04
7.103736493071326208e-04
7.403650833207054685e-04
5.330583419180231824e-04
1.166096588829834430e-03
1.206538341393787427e-03
8.974596502821269479e-04
8.919789677195047667e-04
7.137473829114935643e-04
8.562034017052031062e-04
6.586584378918645954e-04
4.167863891305663773e-03
7.841795544071922209e-04
6.654107235508312972e-04
9.422788514860552279e-04
4.851484471482229869e-04
1.429123463523910035e-03
5.889728759266605208e-04
1.041502147156151119e-03
1.089233031622517970e-03
8.068320560184954549e-04
1.129201236498762881e-03
9.929687442154801463e-04
5.842739838352340462e-04
6.505220163337319507e-04
1.884169093795041603e-03
9.082403730191858978e-04
1.010672874000247178e-03
5.807106352848544683e-04
7.489971008528723299e-04
5.829434220045044126e-04
7.499886649312420550e-04
7.463465080107933164e-04
5.364968041558909866e-04
6.207083185755967640e-04
5.626774767728798905e-04
1.201699316570545685e-03
9.994073903395264431e-04
6.883996037994020989e-04
1.043255204557975036e-03
1.047692971722284259e-03
8.324370338541710931e-04
1.053937745804510396e-03
1.059677246719486392e-03
5.830234529379368360e-04
8.711259735543634740e-04
1.216991416802083248e-03
1.373683868049782337e-03
8.815402387801614349e-04
6.400400303552092633e-04
5.520785676409257006e-04
1.713838227367151445e-03
5.937851123610071030e-04
8.291591332606799373e-04
7.273542368538085277e-04
7.257580547433948887e-04
6.630273968285351534e-04
1.105225311461656857e-03
1.122324894843633502e-03
9.350808190848160575e-04
7.772479953042271726e-04
8.029648315140903081e-04
1.149657688911186453e-03
1.184732742845501664e-03
1.621966488274292602e-03
6.205621482779325338e-04
1.217151716315537134e-03
1.214849216627523695e-03
6.302207205514744103e-04
7.092989643204143440e-04
7.014861773797989716e-04
6.017173977182964329e-04
1.869665087873314049e-03
4.713985823778185928e-04
6.656004856192373380e-04
9.799383775703938634e-04
6.945859582790876513e-04
6.471054470274683517e-04
1.005286192581653082e-03
1.182734685854365661e-03
9.443620148759036999e-04
7.505382181408797385e-04
9.351336248959942095e-04
6.726145733662769639e-04
2.698773551875940143e-03
1.688902352152865617e-03
8.438348782088591618e-04
6.526907065704099691e-04
9.510224581188997384e-04
4.670462355335703902e-04
1.931003226968595323e-03
5.881093735644083191e-04
6.427006978855414124e-04
8.757717281955297150e-04
4.933235630524799046e-04
8.273725567611616349e-04
9.699807618246261221e-04
7.393601573774426705e-04
9.627186021920784232e-04
8.656219299309125597e-04
1.040219304740193362e-03
7.943400722167497660e-04
5.491289583473295179e-04
1.669857185015127202e-03
1.771962634283362785e-03
1.805101729389629785e-03
9.888527639565838911e-04
6.950967008867351251e-04
6.729860644495732659e-04
4.425431620439999577e-04
1.404939949203967611e-03
9.536787047622294908e-04
7.270176137756872254e-04
1.526472694530023409e-03
7.646217265921362262e-04
7.694563023399642217e-04
1.387067404953342851e-03
1.438475745836222900e-03
2.081844389064909859e-03
8.925088044959321931e-04
5.243100719982381544e-04
4.535102905960527683e-04
6.166020674021903316e-04
1.843297598174236090e-03
6.926770266138766253e-04
7.035864128157929111e-04
9.095419930457939632e-04
9.941050667927541721e-04
1.009026840893395820e-03
1.141297432651772366e-03
1.016531221046225149e-03
1.492706469530395144e-03
1.371064475551703665e-03
1.526472694530023409e-03
1.293359513299084445e-03
1.174780288559548269e-03
1.301812731296863191e-03
5.662332615761258561e-04
1.282483133295160994e-03
8.319301300256199761e-04
2.091916837625084399e-03
5.774003642022638820e-04
1.477307846664785342e-03
9.668821198656322481e-04
1.305228095961174411e-03
1.308192531405592395e-03
8.728520520073074478e-04
6.867222365258680806e-04
5.901733111983464321e-04
9.979587809806427477e-04
1.361157297407471906e-03
8.849225348066450504e-04
1.288373266218528117e-03
8.126153457021683194e-04
1.675105370665921868e-03
7.060972320552309734e-04
4.955869895833706594e-04
6.349986234911247310e-04
1.170239410575544051e-03
1.074928520623614917e-03
6.721163900508656842e-04
7.148286160311536405e-04
6.984875142444592127e-04
7.717220694781349102e-04
5.660724784567924524e-04
1.058998318065652172e-03
8.900269070246071479e-04
7.843833341389442031e-04
1.059308467813615878e-03
5.336859563816783846e-04
8.834398380030320614e-04
9.637281127168768067e-04
2.288112899404899647e-03
6.483488354281553455e-04
7.060230482227919293e-04
1.363260203414170743e-03
6.318191192207930039e-04
5.123315529531215348e-04
6.000785816407681926e-04
9.974535034666424330e-04
7.887128085610809435e-04
8.216355576790129170e-04
6.123159130516920819e-04
4.481778913162350812e-04
5.511925680272502810e-04
1.163500239963128615e-03
5.464926769011470981e-04
9.845488083400795714e-04
1.235467306699869353e-03
1.477307846664785342e-03
1.071748020303144120e-03
1.039960060421302223e-03
8.494106783188644979e-04
5.427692638693093442e-04
6.733642706904591690e-04
1.488678400540912944e-03
7.075587540414392642e-04
5.074080081939601498e-04
5.786422384491559084e-04
9.618275555279486803e-04
7.041083695876476515e-04
6.780692988759826675e-04
8.070009406667092312e-04
5.013667400109847244e-04
1.133625922316923440e-03
7.361899766295896402e-04
1.350868113993802756e-03
9.879340443715819205e-04
7.369842112016693160e-04
4.981651323721740521e-04
6.943212138818581017e-04
4.997840950434756643e-04
5.756302434053436673e-04
5.325519494067695956e-04
1.652970477049872829e-03
5.805751611521700085e-04
5.190756416051360176e-04
7.804884302576686576e-04
6.871629850537559628e-04
1.147371431652664461e-03
6.565585949480280291e-04
7.339558089562169029e-04
6.896190668119114029e-04
7.647850850433479371e-04
8.864036421040713196e-04
2.639102895371378977e-03
1.059414375381590020e-03
1.243376971991894120e-03
6.467043540319640169e-04
8.137899387769479808e-04
9.446021879640905880e-04
1.391250360858230575e-03
1.149875378302283018e-03
9.630261894735842477e-04
7.768330568524714009e-04
8.278990016996907314e-04
1.423896948184553892e-03
1.243376971991894120e-03
5.198798916342794313e-04
6.430632897653880409e-04
8.916717471689733065e-04
9.118895280675753815e-04
1.261031009287942725e-03
6.968706165816793098e-04
5.049986372604055697e-04
7.303288808571358533e-04
4.922598282866106224e-04
2.608576490634046448e-03
1.092564219102228193e-03
9.988483943244696583e-04
1.360776557988236952e-03
4.317743708665240719e-04
6.262787976337838612e-04
8.566275457605962169e-04
5.694413899062332344e-04
1.172353721087487140e-03
1.251825428724909770e-03
8.035665466520535089e-04
1.096190415241073655e-03
5.957240966232836511e-04
8.484248474636813366e-04
9.774817840470368096e-04
9.603036579242613200e-04
9.693624097329682368e-04
6.948853712829679242e-04
1.119784797863534759e-03
1.297459651140213301e-03
8.937431242643138025e-04
7.746338573535124523e-04
5.911276067358835337e-04
7.541065994854986160e-04
7.237189185241661629e-04
5.840730438129535396e-04
5.791429153311695218e-04
9.503852435486890172e-04
1.569233935426847699e-03
5.922001772475098298e-04
8.889731299445070194e-04
7.075721832117137658e-04
9.500002838188619653e-04
1.168022331811975579e-03
6.248118130230688634e-04
1.084090168870428068e-03
2.580218744485005770e-03
6.392512940422021223e-04
1.198440320408182894e-03
1.229737357132079396e-03
3.305513421121080656e-03
4.462073696271623251e-04
3.368287758411333491e-03
9.849199785828734871e-04
6.261080718043574933e-04
4.669811628317686240e-04
6.717776477754244758e-04
5.596894741280042601e-04
5.700240988739673116e-04
5.099491714585452709e-04
3.972570367207210740e-03
5.522909433266587429e-04
7.062670401720971000e-04
5.990094909093417793e-04
7.692276207430106356e-04
8.091514289286260483e-04
8.289059437476081716e-04
5.165360043889649427e-04
7.110998986311040755e-04
5.314806891788006983e-04
1.049660160389776983e-03
7.893329123838309326e-04
7.582558607219059632e-04
6.472446649625523052e-04
5.690431229927054094e-04
8.954008667268814267e-04
8.966778626286822651e-04
1.074651174894661939e-03
5.024345074825039984e-04
5.970973242675016229e-04
5.502646675064371299e-04
4.873141650904802709e-04
6.286867445385792719e-04
7.053325290032523651e-04
5.238620720330476512e-04
5.468133767998779177e-04
5.912875599721279310e-04
7.067212274288263126e-04
1.096601722037928795e-03
5.567616308588103045e-04
1.835979338290139777e-03
5.095773011254542059e-04
9.350466551996599674e-04
1.968541998976879384e-03
2.398982748833851722e-03
6.424666873624723445e-04
8.345829441343872611e-04
6.387950658334235095e-04
7.199572298056355858e-04
6.669639818089089303e-04
1.197550655659107436e-03
6.205333478996469601e-04
8.247701756477879330e-04
9.096002424795739550e-04
1.160697711756070779e-03
1.300633751116946025e-03
8.345112823290803819e-04
7.014861773797989716e-04
7.929496799996518970e-04
4.606660293388578241e-04
9.561757760081270865e-04
9.369671370813239695e-04
1.155604068375673575e-03
3.480350996539378905e-03
1.312144549824690665e-03
1.288977746662879056e-03
9.086768843963853072e-04
1.333273552527947494e-03
1.055061316161721736e-03
6.732903170649539356e-04
5.251701201974548960e-04
9.561757760081270865e-04
1.040033730574945045e-03
9.772374436052306147e-04
6.674861400136318859e-04
6.736667990752879913e-04
1.896931176190435860e-03
1.311091757501712304e-03
1.262194112655420919e-03
1.509216187869418012e-03
4.948862461368972593e-04
5.326628239757535575e-04
1.782422227068829320e-03
6.650932636466226101e-04
6.779731100811262979e-04
6.356405545584634196e-04
5.009485003719181366e-04
1.405313012043075136e-03
8.880655380862900999e-04
5.171315320074360358e-04
6.299482509889866135e-04
4.927294988502041104e-04
4.606114942060419602e-04
1.036538234426203318e-03
6.812307702034141842e-04
1.590146422527831697e-03
5.130408352229889500e-04
7.993245079709811619e-04
5.820387571172749071e-04
1.145196284417090158e-03
1.301529249233049834e-03
1.482849801681086809e-03
7.205773254425781827e-04
1.621870414520598918e-03
1.690197537070725620e-03
9.619436397791792217e-04
7.184249176997916514e-04
6.432039799821932281e-04
8.798434189260398528e-04
9.778256421083971438e-04
1.063810277073272198e-03
1.111132251349447250e-03
6.611581314222722766e-04
1.289303827570837269e-03
7.284683141242384672e-04
6.154633835393782211e-04
7.249586443812741903e-04
4.438980389777465651e-04
1.121712327211041652e-03
5.768869622480323183e-04
7.616002511624929026e-04
1.011140874826471029e-03
7.225567172644100419e-04
7.330529261573680158e-04
4.725047412611933784e-04
1.891722924766599430e-03
8.217435459412295029e-04
5.680564245556825450e-04
5.027066115128249772e-04
1.224209175433585168e-03
8.515791690859481370e-04
5.746002566701160228e-04
6.278261745106836298e-04
1.765836684034148779e-03
8.653255163721503473e-04
6.254259572445470660e-04
2.795405233316979824e-03
1.853704092789230581e-03
1.076808731940704939e-03
5.827613252081642169e-04
1.111132251349447250e-03
1.136257925442691339e-03
6.104407744944865188e-04
4.749436799074071452e-04
7.143193854188415251e-04
3.320851070822138616e-03
8.756376233225184567e-04
5.298835989497743077e-04
1.462371509464064539e-03
5.508600716162692515e-04
2.720495709759200489e-03
1.389261038155866629e-03
1.403738950654165926e-03
1.701232398822451197e-03
1.712434859989996408e-03
6.645107503035504017e-04
8.203023637316920851e-04
6.127803761544041179e-04
4.442842390825475188e-04
8.706788509860572843e-04
2.288722379024803275e-03
5.178248655157832378e-04
5.889037851186447892e-04
6.827459898586641209e-04
7.313071460700033659e-04
5.819235591713557351e-04
6.678566048759721017e-04
6.201241722346486360e-04
6.528477985967122161e-04
2.454321524330745248e-03
6.827887678669201498e-04
6.620335314378977256e-04
1.429659616451082896e-03
6.558151079646997025e-04
1.156587806352940085e-03
8.543605271029879652e-04
4.617462533596161309e-04
9.145009126556346082e-04
6.450149692697657554e-04
1.073717978531925268e-03
6.990321115863559710e-04
1.966739484200475622e-03
6.655634756359349183e-04
7.275713333913902230e-04
8.004792212904338847e-04
7.060838742974521803e-04
1.063571698982591126e-03
6.813332340455537746e-04
5.871921749241950815e-04
4.329718913577698604e-04
1.019392144968052577e-03
6.339599367250496522e-04
2.149318876750518428e-03
3.071808399451196169e-03
1.905634347355950877e-03
9.699503941925736788e-04
8.539721230022738821e-04
1.207757764817357724e-03
1.993470869255559250e-03
1.423523510918159882e-03
9.174259877271967239e-04
8.106099199828183371e-04
7.620185700264924195e-04
7.335513133766283960e-04
5.698161556625215085e-04
4.736443144972778368e-04
1.990165036383503751e-03
7.872409065577316931e-04
5.097382034475918125e-04
8.941587448743883388e-04
7.073524088995557756e-04
9.040026179101421028e-04
8.078452522913840339e-04
1.682036126131979678e-03
8.883734594546841782e-04
7.114716885873560584e-04
6.845551472568319395e-04
1.630055551593102186e-03
5.604994456991220335e-04
7.438308691041601792e-04
2.157874860155508182e-03
8.533878201290445850e-04
1.180054777643309381e-03
5.011265500798973895e-04
9.752178422197376470e-04
8.642113835088303074e-04
7.740846385787469256e-04
8.287020741058138875e-04
7.617482274743600122e-04
8.198945998791387071e-04
1.643808120041550559e-03
8.204348256116311298e-04
5.704493845457472411e-04
1.434755478403659150e-03
4.336083777317068476e-04
1.007751357623208697e-03
5.679350120738869100e-04
5.313492378748212652e-04
8.339248384109336628e-04
5.413103073786688837e-04
1.170342158135018965e-03
9.689654806357682901e-04
6.222197573286887204e-04
5.586026007701708641e-04
1.189148187399371526e-03
7.219260043286141945e-04
6.754806698391089886e-04
1.148381687001433574e-03
2.205651695112625325e-03
1.304665490655885270e-03
2.608576490634046448e-03
4.873141650904802709e-04
5.381670416582498605e-04
1.629601940890821471e-03
5.546333953823974093e-04
9.025769612890508420e-04
9.432589682532364732e-04
5.427692638693093442e-04
5.648759921715332472e-04
5.628753114648620470e-04
1.180521671177396344e-03
8.208148764020822049e-04
5.403639101112044747e-04
7.710033564077897056e-04
1.097986810236087222e-03
2.017725552191940337e-03
1.148286254087447795e-03
5.517794517111566151e-04
1.015016652387898573e-03
2.306936462016632300e-03
1.183748074490436480e-03
6.958451567158478214e-04
7.763476427560989275e-04
9.035405609133245622e-04
9.326351849649832347e-04
3.470329424535912796e-03
9.856914896844471991e-04
5.857887971182279335e-04
5.518149795572875778e-04
4.894127817289509359e-04
6.672082134287108746e-04
1.739905859195744423e-03
6.761723102163027903e-04
1.377056332197322585e-03
5.138873300674882960e-04
5.433126506730292420e-04
5.152005308136066658e-04
1.004900479155216783e-03
5.467360194061348256e-04
1.427325085478739876e-03
9.351430851831247018e-04
7.259630607325053301e-04
4.707065158846163188e-04
1.581430817054619046e-03
4.857029281581030748e-04
1.126325633802003788e-03
7.103736493071326208e-04
6.228524421219378210e-04
1.281558106243269740e-03
1.176631335291319263e-03
9.277701452239949008e-04
9.219901916856711611e-04
1.344829931666424424e-03
4.625719449013496556e-04
6.537305393166538805e-04
6.913268236996625423e-04
5.159089365812597394e-04
2.391605790538284346e-03
8.242842166117808102e-04
7.266520927867310383e-04
9.787810477243934128e-04
5.670105571496653323e-04
8.383051604931137171e-04
2.574314209842386379e-03
7.885060447259058291e-04
6.633372385193357472e-04
1.020181400840618939e-03
1.422966970026922403e-03
1.357642200869704384e-03
7.974820516202332267e-04
5.106182016467954079e-04
8.986061965804595202e-04
1.363032616563379044e-03
1.149094317459176161e-03
9.836576688354117283e-04
1.361157297407471906e-03
1.622543251538157653e-03
6.893410749826360930e-04
1.654181089265458751e-03
6.891538061127865144e-04
8.196744655469313540e-04
4.734779872374914435e-04
4.847947342218578799e-04
9.407761710676404605e-04
6.224316392030544232e-04
1.064851724766244104e-03
1.239554067689518403e-03
5.390574511202901164e-04
5.601811444914981753e-04
7.326105402566425581e-04
5.554123920529926376e-04
8.843129913534891534e-04
2.853106719512281571e-03
5.987708710559535913e-04
7.521342454164741493e-04
9.397372247971604378e-04
1.689868453516239289e-03
1.371240276000004234e-03
7.809908227283926443e-04
7.898987061596754716e-04
1.677809805493952729e-03
1.361892373492044547e-03
5.794927151469628354e-04
6.120825828620902022e-04
6.371772014783343976e-04
1.229737357132079396e-03
7.148286160311536405e-04
9.042801199293765786e-04
3.199625237096899184e-03
1.422966970026922403e-03
6.262500773792563933e-04
7.272020833886494277e-04
1.036129467802738820e-03
5.756302434053436673e-04
1.843297598174236090e-03
1.324967643339536403e-03
4.913809560172145317e-04
5.873091674652520036e-04
1.091648661363810689e-03
8.735752882318488944e-04
6.648225199080235598e-04
9.546662316132099044e-04
4.999211145260383515e-04
7.518335858900460425e-04
7.811214951773466815e-04
7.939622053739817630e-04
7.562938053904806569e-04
6.477557787845279356e-04
2.107305264095742092e-03
9.755016735693784790e-04
5.629635762358586003e-04
6.416552684931518466e-04
1.505324191659833995e-03
8.719229097469511844e-04
9.406826528191324956e-04
8.488538482338276858e-04
1.504518805660858601e-03
6.324946127042843820e-04
9.136349125688370942e-04
5.575932394572987155e-04
1.056510015520127372e-03
1.431338770807079070e-03
8.665541176308481615e-04
1.045421498442177660e-03
1.106361711977708493e-03
7.235476557275184566e-04
1.774467810265044571e-03
8.663577534387298081e-04
8.521635260844212176e-04
4.871038523984196587e-04
7.947385983316358846e-04
5.907046043110608831e-04
8.374379963744446598e-04
1.336472552549701097e-03
4.211290457150261243e-04
2.197338106443381955e-03
9.411348906449470541e-04
5.941069012167380162e-04
9.979296694844434074e-04
6.612498773406058020e-04
5.487305106723951989e-04
4.654239125139286422e-04
2.046489285435263393e-03
4.597741761191372111e-04
1.581430817054619046e-03
1.003493892864735755e-03
8.877268191535938376e-04
7.825797824256055775e-04
4.427930623814385299e-04
7.282624192209182076e-04
1.105482539224336052e-03
1.226050338107454590e-03
8.844307594815457559e-04
3.943066726304043229e-03
9.259621539674380919e-04
7.304588741804794337e-04
5.739556913156471053e-04
6.418838225138996482e-04
5.101765083908231350e-04
1.057039999212732156e-03
