4.591955931551716511e-04
4.932453676085692476e-04
2.555008281329370495e-03
6.176630756664513609e-04
1.192439421909712678e-03
1.147107625511513537e-03
6.206063499365279974e-04
1.395620466343316587e-03
5.580220530114914958e-04
8.100239501403137506e-04
1.065126116291684405e-03
4.972956251595641187e-04
5.155776086936300325e-04
6.783522010763457996e-04
8.983611548826777281e-04
9.028785146002402118e-04
1.083941360764693017e-03
5.110504885061089176e-04
1.374745956662956669e-03
1.258042567212984278e-03
1.213136724093620425e-03
7.704375880877308664e-04
9.121685295468959015e-04
1.036202801769363531e-03
7.503921036625344019e-04
6.214746711629151816e-04
5.165994509107748288e-04
7.067179948394374358e-04
7.037767248529917894e-04
7.617093058875951551e-04
7.831074036532791049e-04
4.862834578189749565e-04
5.985942568086249655e-04
7.667741555303595477e-04
1.039172825568280070e-03
7.873631643715843943e-04
5.925793931553180677e-04
1.550079961966606412e-03
1.561271853015435557e-03
6.725986211707287322e-04
9.113838505459986340e-04
1.204819737645584140e-03
1.106993122249132601e-03
5.725738259332500101e-04
9.507919989029945925e-04
4.468879735603982929e-04
9.953255529340896031e-04
3.882391143674699101e-03
6.829684302420974259e-04
8.345587206467835681e-04
6.446558787026637457e-04
5.050408910255846980e-04
8.509920946424939965e-04
8.417304985030682040e-04
5.824480534477723083e-04
1.880811429087537881e-03
5.560455662073092485e-04
8.231391353102837779e-04
1.073794061091738750e-03
9.292519173404799153e-04
5.989381997399430410e-04
5.686614775377883202e-04
7.214233751646838321e-04
1.472656025655276436e-03
4.921504752346385434e-04
1.071729067179395941e-03
9.320371175111480909e-04
1.101792244816251565e-03
5.319676912675504145e-04
7.440735677797520771e-04
5.712462625198287637e-04
8.770599403300963605e-04
2.330791957845548563e-03
8.724476686326139473e-04
5.007808286295721166e-04
7.434413559338777077e-04
1.351181758410740803e-03
6.372634220379610028e-04
6.424552565009524234e-04
7.981348234341363460e-04
1.296713583767063671e-03
8.516453479101134200e-04
8.168376035609890016e-04
1.111619961265251531e-03
2.716667629382405000e-03
1.043512750671875050e-03
8.138639123485428076e-04
9.831061323877950380e-04
5.672172543857703295e-04
8.623107763556307455e-04
1.683027839753431639e-03
1.048556584141983232e-03
6.493778503911777503e-04
1.061464010530549767e-03
9.593263226459419020e-04
1.190791348645786575e-03
5.126087407292004251e-04
1.626609266332649508e-03
1.527482002878598547e-03
8.095045155926667126e-04
1.528709865757034913e-03
5.433913746482818552e-04
5.870819493971537063e-04
5.163662347011047787e-04
1.029252264881907455e-03
5.590125034791374034e-04
4.698821184421566612e-04
8.566898549642480492e-04
1.096321349008267309e-03
9.439923526471501397e-04
1.648621368666533136e-03
7.569894673197291503e-04
1.115435397918976322e-03
1.000184013070596354e-03
7.372523397496357411e-04
1.017595675788341130e-03
7.400069940471096838e-04
1.316618644486887771e-03
6.314457497113122467e-04
7.293551027826854650e-04
8.338170114401847804e-04
9.984966830594071887e-04
6.879011852675121462e-04
4.615834154203162041e-04
6.911576109602525194e-04
5.225219694224051640e-04
6.144924004203456552e-04
8.118921812483480748e-04
5.320640760402956491e-04
6.764444768067579255e-04
1.351741859988053913e-03
5.467390885284813913e-04
2.281126638815451566e-03
7.911155639009034065e-04
9.277462807537862309e-04
6.534802748441542828e-04
9.223360075723970822e-04
1.395553868938714066e-03
4.702778585982233454e-04
8.692049387578227194e-04
6.114825176404447204e-04
8.742456709945814605e-04
1.073038010132437107e-03
6.291661150954859982e-04
1.248846131161975449e-03
1.089488284016400894e-03
1.163880451013896752e-03
7.881923659964593272e-04
6.351831445076387044e-04
1.194757532239072544e-03
9.791638242662053290e-04
6.969830346035072116e-04
6.368217329401072409e-04
5.608024152072735129e-04
5.428589495026816788e-04
1.174078621814222565e-03
7.483605469537057400e-04
6.359404520898289922e-04
2.617769647410294470e-03
1.720351534252386860e-03
7.009849228228431884e-04
8.035616192681730363e-04
1.074314102683934314e-03
4.755383249009789096e-04
8.170686929183563780e-04
7.258767616955391893e-04
1.088232261962939797e-03
1.202958504875542914e-03
7.434179596146358151e-04
2.538523174637949496e-03
7.777958955738513685e-04
5.830482989857996247e-04
6.957555414062988573e-04
1.561271853015435557e-03
1.497558207442488930e-03
1.215554631362139636e-03
5.918010098644059308e-04
5.564820457524553886e-04
1.000303314108779915e-03
8.207222604898053650e-04
9.306261714515446292e-04
1.345497894948385550e-03
3.311541352692705647e-03
6.002231202537776280e-04
6.106221748935870353e-04
9.273489302449123900e-04
7.615480346084853693e-04
1.622587859478108463e-03
8.821904456785069392e-04
5.110074020599011686e-04
4.864147133682657264e-04
7.970273670984573833e-04
7.240196267544402389e-04
9.679986109341209713e-04
9.980523545167231930e-04
5.665124927524608231e-04
6.397619507162474566e-04
9.885081185269212721e-04
5.350188818969430112e-04
1.038977984097506349e-03
1.221357056067391353e-03
8.772560979305037447e-04
6.099997277873631021e-04
1.993689781036160538e-03
7.391319191083207778e-04
6.487932226473944923e-04
9.803195214681814651e-04
7.574492252402926628e-04
7.190306687107669414e-04
1.097142767998259775e-03
7.545316818505084719e-04
9.594887700303940349e-04
1.170420725543228069e-03
4.456537225645186562e-03
1.840195820720799246e-03
6.780376828107716148e-04
1.167089576195747208e-03
6.635829827995245057e-04
8.502138943564265363e-04
1.965747445512346092e-03
7.378193263580321969e-04
6.389947507792738618e-04
8.715683612630622992e-04
1.566070307837719644e-03
5.918010098644059308e-04
4.914452243343057653e-04
8.675244042966285618e-04
9.273489302449123900e-04
1.153914215233867212e-03
9.138159713547557494e-04
1.227823668849772724e-03
6.288511460968393115e-04
1.134526469738180712e-03
2.061809491608714191e-03
5.776542686178649669e-04
8.403608506186186844e-04
9.755217438337608887e-04
7.190306687107669414e-04
7.399650652456752709e-04
1.779935620805696414e-03
8.951869222566343062e-04
7.227915533266906448e-04
7.298436755287809018e-04
9.189463427765648569e-04
4.635190071881043514e-04
1.159576873641656250e-03
8.576924965703114139e-04
9.520605795718546085e-04
1.196521083814830596e-03
9.380869916309059458e-04
7.626133207616859686e-04
5.308797666767243279e-04
1.555462438087893079e-03
4.538838834799041209e-04
5.123719409891631807e-04
4.383650358323515936e-04
9.386023159447832174e-04
5.164684413318681479e-04
5.650466133807155065e-04
4.835807880138949695e-04
9.326877857571996182e-04
1.005299349135433317e-03
8.494860176012766556e-04
5.770749274595413612e-04
8.971127346681931824e-04
2.555008281329370495e-03
8.330037493304221679e-04
7.592534237889115049e-04
9.316541240462646555e-04
6.006579499660413693e-04
1.078603423352934984e-03
1.996083608094004029e-03
6.649424613539943593e-04
6.399758308190287926e-04
9.705531184301519456e-04
9.747435425123984233e-04
7.389917828458448298e-04
1.185654087575784043e-03
1.699325736481550669e-03
8.682527447269766142e-04
6.700993044220189066e-04
5.973269947623395786e-04
6.341776100570227850e-04
1.231293130523265864e-03
5.096888735897951240e-04
8.013270557749757909e-04
6.996394102028120942e-04
6.116538384281590196e-04
8.399334867536271607e-04
7.473049026839373226e-04
8.615468295534683789e-04
7.313128113251338332e-04
1.122150479868416631e-03
6.853304335702735959e-04
6.397619507162474566e-04
7.272121656034948685e-04
5.357978631392155576e-04
8.952417639107329182e-04
8.529797168366395465e-04
1.131706465941993874e-03
8.760911351430164182e-04
7.010602807723624857e-04
1.265575298196501899e-03
7.346213979740229575e-04
9.093668456797773933e-04
1.661155412845438054e-03
1.559922305186726196e-03
9.050539034483103679e-04
1.030719565179910287e-03
9.046309373115123858e-04
1.250697369773939600e-03
2.275851997091497651e-03
6.110196215781983891e-04
8.655735821792243318e-04
5.593740800886750188e-04
5.863558739688791389e-04
7.299165391108826135e-04
1.089644743426472582e-03
7.800104942880518215e-04
9.846768957072328608e-04
5.086171971466189618e-04
8.348110132963983522e-04
7.859168746643975523e-04
4.468879735603982929e-04
9.101110305330333645e-04
9.577933927293144243e-04
5.645654054052909885e-04
1.298464503958377675e-03
9.178270845243228365e-04
7.660909388144123647e-04
9.506540520159579427e-04
1.103384265008775346e-03
1.355525151896887649e-03
6.754955094868758886e-04
8.842070924775767300e-04
7.236810331676097165e-04
7.471340713454117759e-04
7.093561227570850582e-04
9.617358632540979994e-04
8.230213774190251299e-04
5.958516914919056171e-04
6.583665375350467117e-04
9.816608872994410373e-04
1.273695603661679707e-03
9.389477781902580899e-04
6.029482170472207601e-04
1.032693844240059914e-03
1.174398373808586407e-03
9.213712027915347972e-04
8.834547441634633697e-04
6.097915276225853148e-04
9.284926582232875614e-04
1.423384554726708122e-03
6.269766881045290945e-04
1.095215848515577973e-03
1.132364106270572490e-03
7.095767980559836673e-04
7.613372744268078352e-04
1.021694303462093419e-03
6.270056830000510792e-04
1.005299349135433317e-03
4.744203411016217485e-04
7.177846178097406060e-04
1.640860112038317704e-03
6.813652081678830703e-04
4.307707411947461740e-04
7.303418745504768701e-04
5.701981901699122116e-04
1.387914189905131409e-03
7.489600029762725607e-04
5.430948404425962016e-04
1.469095448882523506e-03
8.282215174213194107e-04
8.348110132963983522e-04
2.642433327746603316e-03
6.874307157973544909e-04
5.844985932788916445e-04
8.768081933480020764e-04
5.466027419808672455e-04
4.537930094531059653e-04
7.058057028891057474e-04
1.978689458154808851e-03
8.244056250057759262e-04
5.841149213447585685e-04
5.245622438528077481e-04
7.584044787423884632e-04
1.277263572873341049e-03
7.566488857802147576e-04
6.183509712984340849e-04
1.965577792809499076e-03
7.374472491554278589e-04
4.688473703152832043e-04
5.152350680199092132e-04
1.646784331073488598e-03
7.407147546092813757e-04
7.618567315097337462e-04
5.935908843910367091e-04
6.601130083039148883e-04
1.253523243523328116e-03
4.897034636594459851e-04
1.619962567602780930e-03
1.206675737163252684e-03
7.895467565726813682e-04
8.782534002757543369e-04
9.200340215739234414e-04
1.000184013070596354e-03
4.903156103546276248e-03
2.175487150100355576e-03
1.936133019786700745e-03
5.382018561221528583e-04
6.456649625236176703e-04
6.237937131333556266e-04
8.875358833096758972e-04
7.792913666195994691e-04
8.897049774626097180e-04
8.681725582483102712e-04
1.407861318689200515e-03
8.098085521241988683e-04
1.006659223814926904e-03
6.628313207314099741e-04
6.239677222701266396e-04
4.898299416554621581e-04
6.644359912384387732e-04
4.836715092903738416e-04
7.374469050351994525e-04
1.261091893976034467e-03
5.560514456390598399e-04
9.404352163702614335e-04
1.241832649658119623e-03
5.751061111593870666e-04
7.835537843049266522e-04
3.491925203788009361e-03
5.986019332579643271e-04
6.451901516063042463e-04
1.373820691036412543e-03
8.777801015729352722e-04
7.110199296569680695e-04
2.623095711964898262e-03
3.457225462428747606e-03
8.874467927241677353e-04
5.931757600019615766e-04
7.658077565469861587e-04
1.136621242829115742e-03
1.441184411887057532e-03
6.187177736947919006e-04
5.861244765716557698e-04
8.367448915981055097e-04
1.928016959774348817e-03
4.976146444867756433e-04
1.319775882382606463e-03
7.403068595804746530e-04
7.106323485207380894e-04
1.193264588073232558e-03
1.292862162377428218e-03
7.224375766981905398e-04
9.125236626050049803e-04
5.611529896486139096e-04
4.985661606822805068e-04
1.041461286642867247e-03
8.557455038219858538e-04
9.050237763215525323e-04
9.817535258218748964e-04
8.162605390794733023e-04
8.168376035609890016e-04
5.557232541040157611e-04
9.526632991738796493e-04
9.416826954921256971e-04
1.409513306662470850e-03
7.144402621750354761e-04
1.642183160264121169e-03
5.221843068296727532e-04
9.645233372522724492e-04
5.130154349971288328e-04
7.235474395040420500e-04
5.598067728674771971e-04
5.890417771208858715e-04
9.868216977788322498e-04
8.658521494971407580e-04
6.620394046283924324e-04
1.655625056739081728e-03
1.300442455315631730e-03
7.726937904377035411e-04
4.364350309051920687e-03
6.649549491530614212e-04
4.927739659124089283e-04
1.093652933757930431e-03
1.277913367366214368e-03
7.865373548244678978e-04
6.527596348753288927e-04
5.056439722681383515e-04
6.523441377135023997e-04
8.995133929094915144e-04
1.018529236708940649e-03
1.151492485667220036e-03
1.646022023514685014e-03
9.091507665259181050e-04
1.640655063281563561e-03
4.495062454702349747e-03
7.736489032071636185e-04
2.474164039010259050e-03
5.911110009191250861e-04
8.087180205720499683e-04
1.116838295402947968e-03
7.324245127359475241e-04
9.272621836774535501e-04
5.297868423914877008e-04
1.279685089908574099e-03
1.262840373123557108e-03
1.432864712054959105e-03
1.024794582625645090e-03
7.374615297125070587e-04
8.697989405966232357e-04
8.042572455250940246e-04
5.368924487608805292e-04
1.184515027864812154e-03
5.165832834833346092e-04
1.438916041672518237e-03
1.571839765666286672e-03
5.975736704594861127e-04
1.028184791491474920e-03
7.908647564629286020e-04
6.649310776536297360e-04
6.962663349204628550e-04
6.910391837903684040e-04
2.485938417030026000e-03
4.886685737836840224e-04
1.571839765666286672e-03
5.873079010447275657e-04
1.856927600074177601e-03
4.873766026206901420e-04
8.554389290738723377e-04
6.453403939793329880e-04
2.830900414663885169e-03
5.584180285290382684e-04
8.124218319994414754e-04
1.062595944088398116e-03
3.044695320502268862e-03
7.862549649170308365e-04
8.629713757119493196e-04
9.183150166699769823e-04
7.867337860493030851e-04
4.968716142778286564e-04
5.961748158710223136e-04
8.853794814974342035e-04
1.118203488295564261e-03
6.535632012779543903e-04
6.712914862394030917e-04
1.383645587874105702e-03
6.394599570555710693e-04
4.752739256715554812e-04
9.116393958340464256e-04
5.433913746482818552e-04
1.166865846135344519e-03
2.122364263060120410e-03
8.256107259779700731e-04
6.339735969085875771e-04
8.117640561963341281e-04
5.394665732472063782e-04
2.819675993269431333e-03
5.872643202942234289e-04
1.346022948745481153e-03
1.092857275761503072e-03
1.367672100598776820e-03
8.361984178388403698e-04
8.521425672816393751e-04
1.110984177716108296e-03
5.395591652921524718e-04
1.325868148750512570e-03
6.953211002868297770e-04
5.245135057262644658e-04
1.054318065530010290e-03
1.416596862972472779e-03
4.883728880706511349e-04
4.040930929020788986e-03
6.997638604851238574e-04
7.903648570642702459e-04
2.830723126485120388e-03
9.137302306329994281e-04
1.006806760223059481e-03
7.992901661895832803e-04
1.618883250334656647e-03
8.872839927069775968e-04
9.807770956530201777e-04
6.869550728964699459e-04
9.705531184301519456e-04
9.819352016930389757e-04
1.106715366874622348e-03
8.523725299218714701e-04
1.130529241137269133e-03
2.196657398032593727e-03
6.897463050299529894e-04
1.105375261026947690e-03
7.691475069809308425e-04
1.127723564278634849e-03
1.467849984549363714e-03
1.317042970926588733e-03
8.054715787493730650e-04
6.076632442686872400e-04
6.388030798134671038e-04
8.087123919458629774e-04
6.959316152101755566e-04
9.803857837124175124e-04
1.384431741442319853e-03
6.058655194144191639e-04
1.217092255581850736e-03
1.608956353571736704e-03
1.444963545424824943e-03
6.196358251309183433e-04
9.935032941410658520e-04
1.301905946475738181e-03
7.078717130933310196e-04
1.002686858746789419e-03
8.446463312775112859e-04
8.555260903615908305e-04
5.878286093452486129e-04
1.048335918531897309e-03
1.373499614491731835e-03
1.308984844440772314e-03
1.637013290739098908e-03
8.932940371683290590e-04
8.910887507742687669e-04
1.231293130523265864e-03
2.336532973969377477e-03
9.235725617695996967e-04
7.014225150199200967e-04
6.283057361115803371e-04
1.709470470952529839e-03
3.798522479559606792e-03
9.349370584480740142e-04
1.081653736068882623e-03
8.704033093006359467e-04
1.247486765430954637e-03
2.514632435886980742e-03
8.450409252530584423e-04
6.257702401094877333e-04
7.880119306995984722e-04
8.687021815589070738e-04
7.500345527893875156e-04
8.698661036478843927e-04
7.102506213634857818e-04
7.320573387048926253e-04
6.492531728851231275e-04
8.166238352011442924e-04
2.154679286154460860e-03
1.113889019255384248e-03
5.190937600940442225e-04
1.866709653709637019e-03
5.801935669392085850e-04
9.281759319623910992e-04
5.322387286818275332e-04
6.880032249105237641e-04
1.043219762133023535e-03
1.016061355148020328e-03
6.171498968011325916e-04
5.096542008612705513e-04
8.801862786865974862e-04
9.284580298058333183e-04
1.192330828457039641e-03
5.872132847284230800e-04
1.642183160264121169e-03
6.969050487869412258e-04
5.971058269672828564e-04
1.292862162377428218e-03
6.813252264246568964e-04
1.440738759486726549e-03
9.930096086179884644e-04
9.095406777703588484e-04
7.473280513653343064e-04
9.526632991738796493e-04
9.167675183487289294e-04
5.643257147326713376e-04
1.505922682500784220e-03
1.368048886120977773e-03
1.177631020369564055e-03
6.766461917965541561e-04
9.450892858891000222e-04
9.701940361983296679e-04
8.100239501403137506e-04
1.219410111577174565e-03
1.026841765845612313e-03
8.742456709945814605e-04
8.810248619371474155e-04
5.891344806121505016e-04
1.100610614852421494e-03
4.394058206887066888e-04
1.335326232613993349e-03
8.204200932875485661e-04
9.464527491289476471e-04
9.050539034483103679e-04
8.474680441909202217e-04
4.557186011983975190e-04
1.142096462080677320e-03
1.043350691086191058e-03
1.631214998140623510e-03
8.484914078824723092e-04
7.849993848612271804e-04
1.085880204648566978e-03
8.862800943701234016e-04
1.051385293161086068e-03
6.334004669744360081e-04
1.048574283120170137e-03
1.472562154294161391e-03
5.141607969695474820e-04
9.403772235430881733e-04
1.077337886485131438e-03
6.509465360475226794e-04
1.456538321342344504e-03
6.555503373367073654e-04
6.509174473652442304e-04
6.914751914205117004e-04
5.666204346591563164e-04
6.352657903855448655e-04
1.245791003408416560e-03
9.652518041199191750e-04
7.963534218232911103e-04
9.759759886722194164e-04
1.051227079800850887e-03
7.649502068635584276e-04
9.720122407138384732e-04
5.507256037909257418e-04
7.566117789486141850e-04
1.247486765430954637e-03
1.190670090174224868e-03
8.535287237988488634e-04
6.932011956405445150e-04
7.347451490842440546e-04
6.688564340470037504e-04
8.571647306902865915e-04
6.156373459208533102e-04
7.449229455288318468e-04
3.402348342399546567e-03
1.048663988518622235e-03
6.070777842307324658e-04
6.243927360434785344e-04
8.013072873747621337e-04
9.038934205001229088e-04
1.005324890512922014e-03
7.270833754994199738e-04
6.418634257247281521e-04
9.865822890670322004e-04
7.658077565469861587e-04
6.002233220981515252e-04
1.195905367046430938e-03
1.261582949803912194e-03
5.086910544354458687e-04
4.783094089517524032e-04
1.387374976436309875e-03
1.242143262751984690e-03
9.009361793274087930e-04
5.567300771769649777e-04
8.063890915105215119e-04
2.951866398387782003e-03
2.275851997091497651e-03
8.050230686393515609e-04
9.066486729433955848e-04
7.381515053891002940e-04
4.836715092903738416e-04
1.669458648540925140e-03
5.230116159317919899e-04
2.344623994599250288e-03
7.871682830787468405e-04
6.341005594528663749e-04
9.708884314006765125e-04
1.124791782969412814e-03
3.268762216556022390e-03
5.960380491666418014e-04
5.035306327229655725e-04
7.206562430687342685e-04
1.553416912889230310e-03
6.121973538481968171e-04
5.839783192677226904e-04
1.171233790694628735e-03
7.313128113251338332e-04
6.918326252343417028e-04
1.037136110476335462e-03
1.290619665372319319e-03
1.172246521876488907e-03
5.856142859880343957e-04
1.044831348132921334e-03
6.306407839624379556e-04
9.538142873384800350e-04
1.738410922627749936e-03
1.435601292764453847e-03
6.043121302435118004e-04
7.703742917851343509e-04
1.231293130523265864e-03
6.597903737712622558e-04
1.034731058847580126e-03
9.057895745912792305e-04
7.849993848612271804e-04
7.403068595804746530e-04
2.440200966835600303e-03
5.343418853379135755e-04
7.085166632363968644e-04
6.352657903855448655e-04
7.024197845782698905e-04
2.122364263060120410e-03
6.916677835312816077e-04
9.585217886293253024e-04
7.906880130613866105e-04
1.831438762305380615e-03
1.099572418337111746e-03
7.236810331676097165e-04
9.371548862862215433e-04
3.457225462428747606e-03
9.017792625708883313e-04
9.040890601327328420e-04
9.862430973459090401e-04
1.038750354305107348e-03
1.053411758768275398e-03
1.289996290141364995e-03
7.991690399960258784e-04
5.405706613431132852e-04
6.916340404674813612e-04
7.903604762340053986e-04
1.310781377477864299e-03
9.913935611329234652e-04
6.417728589915355428e-04
9.915420879982868134e-04
3.549023431674716914e-03
5.133051053893152547e-04
1.133069837439820617e-03
5.155773322311063686e-04
4.152625179047490442e-03
1.829227479038188133e-03
6.434579022079683300e-04
6.830054724287106102e-04
5.564219529358820906e-04
1.354862126473768170e-03
6.243625399794458649e-04
6.299678679362167612e-04
6.933763000399383123e-04
8.472173120071228728e-04
8.020338829536478691e-04
2.620191594229395737e-03
9.131665900834009565e-04
8.988167829057557229e-04
5.098352978828087382e-04
6.156595178188005967e-04
6.992599088763869469e-04
7.119479382485337628e-04
5.721275179300620850e-04
6.261468700123048797e-04
2.122364263060120410e-03
6.814014512657447058e-04
1.276499179876779003e-03
1.304376828620661339e-03
6.664392716455317051e-04
1.114034683476947422e-03
5.716676985691916289e-04
5.587505207771310562e-04
1.360898905576712718e-03
8.810248619371474155e-04
7.076931208497091617e-04
7.739549149658777856e-04
1.969431299049573519e-03
9.320940453665250546e-04
6.127859020917478944e-04
7.110361120332785558e-04
7.148726292780060824e-04
4.638571945192958811e-04
1.742237566751582943e-03
1.332832727842754323e-03
7.474449826879475027e-04
9.210289350429910109e-04
5.102865451760654108e-04
7.496580331380367458e-04
8.560232134466002653e-04
1.030319744778880739e-03
6.450654106359296697e-04
6.694390610330303807e-04
7.313128113251338332e-04
1.062245654081963578e-03
1.118203488295564261e-03
1.704410566223242508e-03
1.782062684481408674e-03
9.593263226459419020e-04
7.250614970135097100e-04
4.671039030497215524e-04
8.250756281565280788e-04
1.043254170074463597e-03
8.716564667058802722e-04
5.915763049238408587e-04
7.231810478017154263e-04
1.143926932277852327e-03
1.478299914034713995e-03
1.211605863199400994e-03
6.664392716455317051e-04
1.137082981089682782e-03
4.774420398002394528e-04
9.610709062464441654e-04
9.555323629342615680e-04
6.552404345309196772e-04
9.696828162889503102e-04
1.071866930311274725e-03
8.829270796273665884e-04
4.857833201350651524e-04
1.308310650149627739e-03
4.989496428898553340e-04
5.556817087336261840e-04
1.629482282064355619e-03
1.169311758250241159e-03
8.741908571087994659e-04
6.372067582098450310e-04
1.055543461179079450e-03
5.631389026252032332e-04
8.614688687476827322e-04
8.570244400665841516e-04
5.620621844897608164e-04
1.145920948988696144e-03
8.917984165400077426e-04
7.815987394738973647e-04
1.120423960992075795e-03
8.344293765284541706e-04
1.194965961186510465e-03
7.993996766389758687e-04
2.472930614699954486e-03
5.638229796192387655e-04
8.349961607061787919e-04
5.190408731341671989e-04
8.761121867435556947e-04
6.053729420257500122e-04
8.724867672231441818e-04
4.900411043676566403e-04
9.887997959183863778e-04
1.075035522562916559e-03
5.603059095970926162e-04
8.195720712957401104e-04
6.463981775300587556e-04
6.902320484299045511e-04
7.095026371290633592e-04
8.339600117593746337e-04
4.948227328533970132e-04
7.579748309761169273e-04
5.295850196255172003e-04
7.090131606500714619e-04
8.821368874472643824e-04
8.610424130358316792e-04
1.059860048965297020e-03
1.036536545176776347e-03
1.202747727348703506e-03
9.132985110464118903e-04
1.088561940923558945e-03
1.224744256352122956e-03
8.878399566541784766e-04
5.873383807828112813e-04
1.226404862581145566e-03
9.374417384092041282e-04
5.304276082256760777e-04
1.977394575808386155e-03
8.171833299201700400e-04
6.269725620918979291e-04
2.191014254331290646e-03
7.183100463676254498e-04
8.910887507742687669e-04
2.021101746586193883e-03
2.495095760028223208e-03
6.368335959465944336e-04
2.136285264528040451e-03
6.510433862854779095e-04
5.571756146160656469e-04
1.100816361202814741e-03
5.620993150899039701e-04
6.992461655110709332e-04
7.472906590583420355e-04
9.470923206962496852e-04
8.602578672160281692e-04
7.824593603795833774e-04
1.271908733046982253e-03
1.964301065820751521e-03
4.553801208363326058e-04
1.190881389862460862e-03
1.669458648540925140e-03
5.575655204581573578e-04
1.454922914648119599e-03
7.106771620848643554e-04
1.758185682887743965e-03
1.050927442893059578e-03
7.945211950655373633e-04
5.582245380681797068e-04
1.851645955612645292e-03
1.610021761937537044e-03
6.066515852934628280e-04
6.965218070466702369e-04
5.680733141047901100e-03
2.017925066527837333e-03
1.168871671400227444e-03
1.880811429087537881e-03
1.045474536672059019e-03
9.311066668328138061e-04
5.908420349400490693e-04
5.983912581949664758e-04
1.042626111596388870e-03
6.508894366911453571e-04
8.658521494971407580e-04
1.064091425942040835e-03
1.247472058417630879e-03
1.818019187013669453e-03
1.520096202954375171e-03
7.944631022386800055e-04
