8.940360392795387856e-03
3.779084711191846128e-03
9.556948157910869282e-03
9.175794980604822307e-03
8.903807733201946767e-03
3.794635580048151199e-03
8.039476957801793000e-03
8.598845949551459089e-03
8.124082338078580240e-03
9.932012052318988163e-03
2.143941970292548467e-03
7.270158257250364763e-03
5.617676278875026637e-03
4.530975894360103791e-03
9.518189652109425303e-03
9.501481524801186004e-03
6.485001817632276774e-03
7.106240831702355203e-03
9.939273269461909588e-03
2.046311956468350145e-03
4.214316952492420075e-03
9.772179523272209178e-03
6.130093222769963587e-03
5.920800279880992015e-03
9.238568769445402312e-03
3.116682040660086368e-03
7.996489168795395050e-03
7.288008683422142996e-03
6.427385429855460124e-03
9.132918839534509906e-03
5.264515606037066878e-03
5.019447107467900696e-03
9.554894528403592990e-03
3.414655754042359315e-03
8.279805961765746361e-03
7.877208409551883853e-03
6.443736909848585617e-03
9.961659535079624150e-03
8.711879279887053268e-03
9.958789234935268297e-03
8.801255890521119535e-03
6.845212587464622779e-03
6.734042030298833734e-03
9.817326314061645964e-03
4.260034661202817541e-03
5.900326601764786447e-03
9.506157681459620826e-03
7.132088239091820964e-03
6.650472113704625730e-03
8.574364858495844843e-03
5.140567391573275940e-03
6.844591427908074989e-03
6.201418383709521830e-03
6.104660394162083649e-03
9.355360718364402750e-03
6.631475047719734804e-03
9.286028706519559861e-03
4.599461119923188568e-03
5.207105713392924662e-03
5.063429246381991565e-03
8.785533673925783119e-03
6.805570524397403474e-03
8.827637689951246466e-03
4.567908107333448417e-03
9.771242953431879749e-03
4.256147494253256433e-03
7.288612337867357224e-03
8.370800554178204483e-03
6.082286488824063808e-03
8.345978783597361034e-03
6.581968752102974191e-03
5.943337351370434410e-03
6.609779650938566592e-03
3.126477355791175070e-03
9.932480876218056920e-03
7.895931559047390108e-03
8.813984254576192126e-03
7.315891735095300316e-03
9.804259488653188290e-03
5.842818461764428400e-03
8.533185612312841478e-03
6.109722992880757368e-03
7.127645320174055832e-03
8.474028925966612183e-03
6.814885115811193661e-03
5.793259597936754185e-03
9.254030014301032475e-03
9.483130250326439470e-03
8.129370475031108545e-03
7.354915995428694397e-03
7.054354720633286210e-03
9.297144263888293403e-03
6.918458533839865268e-03
4.734282789959755842e-03
4.469256879282276773e-03
8.818856668708612706e-03
8.869137067246271947e-03
9.512638514647911436e-03
7.360537053624328398e-03
6.270593652247189939e-03
4.521366475731516434e-03
8.954772914843960735e-03
6.406662566561952335e-03
3.878568910498262929e-03
9.116361880595927683e-03
6.369185271339535340e-03
8.412079652480254979e-03
3.713037058241202421e-03
5.025100419601451901e-03
6.947843208811930842e-03
8.340807273433498495e-03
7.794017204139235336e-03
7.495595751545219149e-03
7.197741011772142844e-03
9.363845220694522534e-03
8.998229106489787424e-03
9.798355719347139059e-03
9.038169049326350707e-03
8.520959275683798531e-03
9.462126183952221034e-03
9.064254253390210611e-03
7.607291554626238565e-03
4.412456025030048710e-03
8.922734282209968809e-03
8.505173296367154329e-03
3.100887787806276032e-03
1.933245386526619407e-03
6.892403295830879829e-03
5.232117243649494348e-03
7.517625284089760399e-03
8.138348651788489610e-03
6.385853330570879192e-03
9.399126025554782951e-03
9.594306283660822623e-03
9.344800027407841950e-03
8.278507171592543179e-03
4.369465678512034212e-03
9.260026631688617407e-03
6.967902496578247049e-03
8.445929412587838483e-03
8.872180539129283228e-03
9.446518905428644489e-03
7.604507803248995029e-03
8.844212028799348924e-03
4.859479630006767123e-03
6.257766747309522967e-03
8.777558078268637640e-03
9.932113891669936898e-03
5.714593008170437000e-03
3.081419217208430233e-03
6.914724437644085599e-03
8.878022239435694532e-03
9.767685932291433198e-03
6.873830438032989265e-03
3.065737033291319590e-03
9.190195308506361044e-03
3.462398848899110072e-03
4.342288566408598546e-03
8.895213440238271957e-03
8.246402204517709958e-03
7.752358617837337706e-03
7.962209067908072868e-03
3.598250189487910491e-03
5.142897208533983924e-03
5.929129675561964873e-03
5.852941372759496406e-03
4.193445917666619414e-03
7.505248199264357573e-03
8.108348973801641352e-03
9.523780329141683446e-03
9.320902567470215616e-03
9.672040695444528158e-03
7.803279456773405329e-03
7.750519189757668764e-03
7.773982276857854812e-03
6.975907894518454042e-03
7.554556961043451015e-03
2.277253395365728354e-03
5.161330660868969356e-03
9.197155686266212521e-03
4.693010918384242849e-03
6.787942628667725450e-03
8.953489675951484261e-03
2.495419425045224300e-03
6.012591281048227515e-03
7.855600618910212052e-03
3.928845702592803635e-03
8.015556273161549006e-03
3.313663998090353967e-03
9.150405012982965741e-03
9.485666559421073937e-03
7.393830730593295604e-03
9.394124178993476515e-03
5.142897208533983924e-03
9.238899322104081324e-03
7.226969795091771689e-03
9.609797318849573264e-03
5.860047019735767013e-03
4.270151208252708289e-03
4.147603012301673275e-03
7.038928775545369963e-03
7.557992961533656004e-03
6.730497018788183898e-03
2.639438045031708424e-03
3.718842735398392337e-03
7.156239744065478504e-03
9.539211927343863723e-03
9.822266458802233688e-03
7.627915369476405937e-03
8.856088931745149592e-03
7.808203435848578254e-03
9.687408176672455962e-03
7.655529075051448890e-03
7.869147574136956674e-03
7.906718114162703676e-03
8.973361830629664887e-03
9.760591875277026958e-03
9.216086180986019644e-03
5.629645769166134392e-03
4.856703306534574174e-03
9.739197935868245531e-03
6.760464353525273175e-03
8.164198500539949013e-03
6.197462748974524697e-03
5.097404820940487288e-03
1.916226721827009663e-03
6.996050107801365242e-03
8.179021090587042936e-03
7.890046873593816595e-03
2.765038530188293486e-03
5.835883528794547255e-03
7.238099055621729019e-03
9.021144018318978317e-03
4.956728624988507650e-03
8.935938649706440598e-03
7.067254040278971375e-03
3.286921578522681523e-03
9.479570990949117565e-03
9.238656610563594079e-03
7.419386544981332668e-03
9.957799597579588061e-03
3.896299583569090390e-03
9.475979691674896871e-03
7.145650810521127563e-03
9.525455308274222502e-03
5.531945451857094194e-03
5.135487958006357614e-03
4.806335356156944336e-03
5.434394587924068314e-03
7.066448642029920027e-03
9.415515113158429844e-03
8.289849273222975670e-03
6.970046405025479008e-03
3.245643109268126977e-03
4.647800222098008929e-03
3.751748707669564503e-03
7.336880029112346699e-03
3.292288225665333194e-03
9.273547002073298171e-03
7.288248218154874149e-03
6.610082816425636928e-03
7.880919127842431204e-03
9.435674062602547943e-03
8.180765177397148619e-03
6.824131707903730200e-03
6.207198287118805002e-03
9.478623996325430401e-03
7.002503588544126828e-03
7.602540364142519602e-03
8.490127119958272572e-03
3.097073437191199576e-03
6.587647085830176594e-03
8.154201578774541992e-03
5.142897208533983924e-03
7.309164009633032158e-03
8.090218818851087346e-03
5.974503985444822030e-03
8.763234523911528698e-03
8.822381110448376806e-03
9.555180399729128193e-03
5.426444423183041446e-03
9.514585981141996524e-03
7.158675833265964669e-03
1.817400588407709974e-03
7.842921260577423448e-03
8.811034204202426376e-03
5.334158672161966146e-03
3.283015652398374278e-03
9.077274440990906745e-03
7.710624233318000460e-03
9.691404561960754657e-03
4.950009640026623720e-03
5.307156642798804141e-03
8.289108296973282664e-03
9.670688596744818691e-03
3.333747480165401983e-03
9.821764195049523596e-03
6.564726269121631125e-03
4.165776377726249091e-03
7.912393483922166432e-03
2.650494767947300136e-03
7.856526129388191962e-03
5.433505494285328745e-03
6.810967104955815976e-03
9.447927202320290790e-03
6.814885115811193661e-03
7.456773829744496943e-03
8.153372067802724249e-03
5.829349030062658255e-03
4.064145699527496602e-03
7.454913437470426715e-03
2.949432548297214584e-03
4.663005035244421545e-03
9.116824531622925304e-03
3.441838018216005976e-03
8.180765177397148619e-03
9.436111889877236633e-03
7.611468601808731027e-03
7.609114454013731280e-03
8.851370562668154154e-03
9.907430873391843279e-03
8.841859179684797079e-03
8.394108979586666075e-03
6.692327771932351024e-03
9.943795678219674930e-03
8.599588861035605686e-03
5.982523485175775431e-03
7.073331678479559403e-03
9.361420668231822811e-03
4.240063131124986381e-03
6.806824791200548168e-03
5.447954107744387708e-03
3.915844482644996807e-03
6.325652387650061541e-03
6.111727927423768816e-03
3.333523072230625689e-03
6.407524798361896937e-03
9.882294860854175939e-03
5.464164790286280514e-03
6.662045990051958938e-03
6.996269851823022114e-03
9.660151664627001505e-03
9.150405012982965741e-03
9.670640406309726628e-03
8.118291607412269489e-03
5.246957008459103219e-03
7.172349253842436392e-03
3.262552885568466808e-03
7.864838468509801131e-03
3.988116262921592367e-03
6.287298054381829093e-03
5.606519751749108188e-03
8.647397519571517130e-03
6.498175360640805545e-03
3.768107082425756899e-03
9.704341774116475791e-03
7.094936577201640254e-03
6.964081533317317829e-03
9.428346970564896457e-03
9.174171079290811825e-03
6.929005258915208083e-03
3.360742474050289804e-03
8.280350227348010766e-03
9.465686560594488430e-03
7.753375617703306757e-03
8.480809899296195414e-03
9.220967512051288575e-03
1.574920004375778438e-03
9.692653781907416277e-03
8.982045344203361259e-03
8.378477723327004689e-03
2.521767610227286516e-03
8.066061204388748351e-03
5.102150628716601091e-03
7.517284410479758636e-03
3.612203177950884091e-03
9.126066360600858587e-03
7.105437310697388861e-03
8.326745213606948082e-03
2.219836475239711504e-03
5.726426555020391364e-03
4.575784785248743908e-03
6.970046405025479008e-03
5.244345291126216099e-03
7.233315298146083053e-03
6.714406775892852591e-03
7.258898462342646546e-03
8.778897759087727487e-03
8.606769311380473714e-03
8.879818397264628571e-03
7.437800811832375250e-03
3.396924158670397084e-03
3.369986714205486580e-03
5.625632535042526979e-03
7.668604306949936694e-03
5.767385831657241210e-03
3.349030241056757257e-03
6.847980703134235771e-03
8.326260224496867535e-03
9.612697823487963492e-03
5.164614200743732932e-03
8.841859179684797079e-03
7.421790759779391469e-03
1.392752994966222615e-03
4.791731409791887518e-03
7.492628346963933587e-03
8.787786415402877582e-03
4.476227960412077281e-03
7.120731023388806452e-03
5.149217360221193356e-03
7.621223925685153416e-03
3.251848007983269319e-03
3.432917115458251206e-03
7.642147944631468709e-03
4.217240386158180657e-03
5.328528533224980573e-03
4.214078725299471098e-03
4.786376966028002555e-03
4.110939024187728295e-03
9.513158254012407319e-03
4.135545541662220305e-03
9.946633027688306372e-03
7.527234695057581637e-03
8.889500943868746882e-03
6.969742109070982405e-03
9.547186655169358910e-03
9.450358563715245339e-03
3.147019895553119541e-03
9.840553667752905201e-03
8.199475355737825821e-03
6.779184802743493804e-03
6.088811522461446898e-03
9.491874719210011829e-03
7.305530980885556122e-03
6.372112773742222291e-03
7.360162513733380443e-03
5.697397015342406043e-03
9.594576233541667401e-03
9.445589963360787739e-03
9.211814646175035814e-03
7.291067690606315224e-03
7.388497363122624798e-03
9.192672880498580987e-03
8.128958274250407470e-03
7.687615592172966986e-03
6.490317263111402245e-03
9.661700537715176701e-03
4.587684743358128384e-03
9.460599035821404962e-03
9.430438273685910061e-03
8.814015914367373181e-03
4.891953939035795403e-03
6.133994035339624708e-03
6.513933380477708764e-03
9.124565680698241976e-03
5.583591785862008008e-03
9.809193696029257573e-03
4.808138377660435038e-03
5.514396918323555621e-03
3.110811188692883152e-03
5.386798679957455725e-03
3.059027470516508754e-03
7.346502127959940801e-03
6.096875763526925576e-03
6.332025007258195587e-03
5.592046786789730412e-03
8.995342538306139168e-03
4.072176780908896843e-03
5.999561269574797857e-03
8.075185037333357241e-03
7.240997187442782534e-03
4.327104850917810192e-03
4.983952158325383880e-03
2.979348057484280075e-03
7.437322480077279696e-03
5.832671817553163399e-03
6.746416208879838644e-03
7.038785492862078066e-03
8.124741924710965346e-03
5.501315989177919807e-03
9.760503601900625062e-03
7.335040668165731213e-03
9.943916363294245941e-03
9.814247892070804280e-03
3.736870564914030694e-03
8.372998206500843754e-03
8.711060922374076060e-03
9.535600336226846691e-03
9.845149436540575477e-03
9.905088961335524467e-03
7.523137838301895836e-03
9.137060428173440080e-03
8.984315180597533118e-03
5.039005986495638696e-03
3.433755640353840840e-03
3.133472982688110132e-03
5.393453939117907013e-03
9.458358545001996701e-03
6.456966315662733547e-03
6.515918947064919427e-03
7.518061070529175743e-03
7.469831460507465187e-03
2.113551896680884896e-03
3.206863732904778434e-03
7.507999100540403703e-03
4.262215756369749572e-03
6.840738498784671405e-03
7.135950414303353188e-03
7.514868752279389892e-03
7.805300045722619526e-03
9.026214149027515440e-03
7.616596129777355312e-03
9.687887146611564096e-03
8.478311943372682583e-03
7.196596519572880796e-03
2.435187791530355698e-03
8.544566300163581457e-03
3.472523864987905884e-03
5.082010164646960648e-03
6.624206253606863479e-03
7.733275024073943751e-03
4.658668576070909215e-03
8.851535515684114119e-03
8.664357673589393599e-03
6.818650953115863028e-03
8.932399498801405283e-03
9.220250368885511694e-03
4.691899068669343024e-03
9.141147810885062730e-03
6.589942957580516292e-03
7.450441782987943934e-03
5.077792724719963971e-03
8.280350227348010766e-03
4.761206556527605716e-03
9.208054547846738699e-03
4.753287496119746984e-03
5.436067208528177520e-03
8.547519503769271040e-03
6.721776790512366991e-03
5.450910494051018629e-03
7.378762763468984728e-03
4.717768658103136011e-03
5.362175533329348841e-03
9.311182643107677667e-03
2.259434063187815492e-03
4.589430136611586872e-03
7.408832225968054776e-03
7.919366657081690006e-03
8.065132939519818744e-03
7.922014397637577171e-03
6.897964449984359155e-03
8.865293138686140481e-03
8.471491999959609304e-03
6.195718320520023949e-03
6.477890890610711085e-03
6.650567175790950830e-03
2.539366014589532206e-03
7.177805834783413177e-03
8.017857530538005650e-03
7.409622424393344509e-03
7.441311990654371836e-03
9.188088517200885055e-03
5.747053776742155201e-03
8.336023380136812350e-03
5.785599903733748203e-03
6.792430602684817326e-03
9.490334885687597491e-03
5.916356269094600120e-03
6.957499092008773665e-03
5.864363226219316758e-03
9.430683654930167858e-03
8.626407274437133607e-03
6.332330978187607901e-03
6.522910565385093597e-03
7.225248851309113568e-03
7.597010658816892928e-03
9.129265296471778673e-03
5.566594652955690614e-03
8.101272542716957820e-03
7.758770442308983613e-03
9.170162582339167270e-03
9.338700593531670119e-03
8.235728654361057846e-03
7.283751545134159802e-03
6.814594681029278317e-03
9.117282878005108712e-03
3.186844216078520402e-03
8.383359216123048227e-03
6.985047614097015731e-03
2.767254487857193686e-03
4.774826707076925900e-03
8.435639066539516936e-03
9.268045571450051270e-03
4.786525804370032194e-03
3.782425618444367182e-03
8.325181729268353245e-03
7.843268465786232962e-03
6.622812085643995858e-03
7.237040390320827014e-03
9.607381887865607331e-03
6.782975879096785066e-03
9.838005030578564347e-03
9.594306283660822623e-03
2.695693863714426243e-03
8.717113418761600341e-03
7.654895679306891222e-03
9.623465903977243205e-03
6.687645071985621331e-03
6.816150501752504115e-03
4.834224252466751311e-03
7.702230984426060648e-03
3.730876604795989055e-03
2.312878744326917792e-03
8.835249714368024684e-03
8.544831481990949884e-03
7.795351423359343952e-03
9.677534118604906935e-03
5.352300186174893150e-03
8.348840492258119417e-03
3.067790533994980973e-03
7.238099055621729019e-03
7.692534119960449564e-03
5.702431760110697467e-03
6.144916936884506006e-03
7.335040668165731213e-03
9.044411737463738110e-03
3.573558737977307418e-03
7.882249161965365625e-03
7.599177198855669273e-03
5.573791781292953759e-03
8.744333692136424530e-03
9.759593071319117713e-03
6.352018337547459675e-03
5.408615578521137543e-03
9.346947232470211031e-03
7.897858268631929857e-03
8.831994968249649858e-03
7.888346691839371455e-03
8.941990963345091553e-03
8.236846075359609970e-03
9.192864042614382752e-03
7.527234695057581637e-03
3.728170944389856516e-03
8.478311943372682583e-03
3.883828753881455285e-03
9.948753541679730000e-03
4.100920903254575388e-03
4.281333888263994490e-03
8.817691957034374389e-03
2.240405573154959258e-03
3.432917115458251206e-03
8.412114156172115220e-03
7.269211571632480315e-03
5.102150628716601091e-03
9.329530117859974325e-03
3.085489893286915211e-03
7.226969795091771689e-03
8.294946356204185162e-03
7.516045741486973228e-03
2.837343507170355175e-03
9.556948157910869282e-03
8.909647221292761599e-03
8.902203136015505308e-03
8.500163114174008605e-03
9.084518606444345890e-03
4.095037232437781852e-03
2.196227148373303042e-03
6.874836316575917011e-03
7.445312462196064344e-03
4.925356140494704937e-03
9.875198816318264683e-03
8.426419133479804563e-03
2.683658813230248557e-03
7.693203480563622770e-03
7.553489342816498316e-03
6.753897841684869396e-03
8.202064342252908535e-03
7.819904249427399659e-03
9.188221254399690438e-03
6.587750137997631407e-03
9.746890022388911279e-03
6.707917253020275611e-03
8.307048954938478155e-03
5.343539299647239761e-03
6.386237183496975764e-03
6.209019004894455150e-03
4.933861623667253581e-03
3.875321322167029747e-03
8.748410560505411049e-03
6.042158260990866669e-03
3.856628768414391544e-03
5.886099898826130383e-03
5.532106757426831500e-03
6.447851376086284614e-03
8.974907292634278638e-03
8.489955361194252009e-03
8.755061726154063709e-03
9.295190679803489592e-03
9.680879461532785821e-03
8.401848828687765933e-03
2.863637209028636887e-03
7.856801211897371240e-03
8.442722193880895440e-03
6.440074200063162710e-03
3.972719096993327856e-03
9.128890823542552477e-03
4.450042786858303748e-03
9.240141449486481348e-03
5.902098092545824889e-03
3.611408316348366319e-03
4.518576012435682535e-03
9.006893017980925967e-03
8.766758766754548238e-03
3.413899753505643918e-03
5.222399971216803993e-03
5.336762864295938741e-03
4.139041259611413517e-03
7.249648421192392625e-03
9.950445694415005135e-03
9.722280274284136881e-03
9.652002067612481390e-03
4.441137770216538501e-03
5.864363226219316758e-03
8.339076341457979033e-03
5.814664774829522362e-03
8.026655326410102667e-03
9.301773658971406247e-03
9.267419065736965181e-03
7.982710663199570414e-03
6.023708911781347486e-03
2.887361684025441938e-03
6.293583073942002858e-03
5.654085045971510119e-03
6.028546287465928744e-03
7.817761872675086168e-03
3.510113568248558920e-03
4.888125330563916626e-03
6.768803173144081857e-03
6.698109455764857979e-03
8.001235697831973401e-03
9.870400889983069539e-03
6.671356190940452499e-03
8.787951717242614702e-03
7.460723937507555796e-03
6.104544327719354201e-03
3.803518941024020949e-03
8.583471666007909048e-03
4.135561579328687724e-03
6.801814914448887917e-03
8.033694922937002075e-03
6.352018337547459675e-03
8.226644296404853757e-03
9.625119267185211144e-03
6.187590296382342904e-03
6.865191597375603499e-03
6.586911387273736498e-03
5.144302987777136897e-03
8.112479455918319288e-03
6.705484815064440690e-03
6.151480860952835035e-03
4.493067900182480534e-03
6.789978371344852770e-03
3.640968767743946177e-03
8.259959124613884193e-03
9.634113679574028699e-03
9.166044367530087889e-03
9.130690310955100544e-03
9.631312012379060830e-03
6.721595628180995416e-03
8.448677371605714873e-03
6.225112869996236170e-03
8.833499199446599726e-03
6.571406947075088614e-03
1.843863154577153217e-03
9.564245525370752843e-03
7.281803625808066713e-03
9.550268138425858228e-03
9.238963110230338088e-03
5.445941855708737525e-03
6.640920281740327058e-03
7.479091773472827664e-03
7.225653753777108723e-03
7.360162513733380443e-03
9.510178656612277778e-03
8.724157499008573791e-03
4.339855416483445055e-03
8.997480819393905566e-03
7.332824418122605055e-03
7.814949459327587972e-03
6.722462203840205361e-03
9.874478530992495534e-03
1.766448613830191427e-03
6.828330360044774019e-03
2.103797140161825854e-03
5.877556588109004998e-03
5.269450115036847411e-03
7.665623438518454937e-03
5.550876926153267520e-03
3.915574269045667480e-03
6.709410545360025221e-03
4.640912231743602248e-03
6.396142041911358558e-03
9.249728697020259682e-03
5.108810915758254037e-03
6.041703757181120585e-03
9.491874719210011829e-03
8.603493282792567393e-03
8.181931669740759305e-03
2.421995112513396307e-03
8.700257150521596358e-03
9.613034529249567250e-03
5.129465557667492633e-03
5.943181521860594306e-03
8.056018025899497684e-03
1.925085814301484306e-03
8.378296004158052729e-03
7.869338964067105688e-03
5.295253697297417489e-03
5.440944125652817653e-03
9.871594099360368052e-03
9.296483294381660892e-03
5.195696733643632471e-03
8.131131884845555977e-03
4.820551614542582797e-03
8.854192457855632192e-03
3.461391857962711587e-03
8.541826865192289966e-03
2.621833125943571173e-03
4.303139437987872629e-03
6.379150577356858601e-03
5.867104360479767286e-03
1.343100947458223055e-03
8.085106454873458234e-03
4.413038587679829483e-03
6.951566092051332871e-03
5.899790658716651780e-03
5.849102870276272174e-03
3.768107082425756899e-03
8.932399498801405283e-03
7.912393483922166432e-03
8.091453678814485712e-03
4.503176146233589701e-03
9.168449401577207641e-03
7.925066114163251477e-03
6.480843451479524793e-03
8.433791086499987238e-03
6.845425637378096950e-03
8.191537503448774460e-03
7.020338618339178570e-03
4.223173963136824839e-03
6.818970740663373234e-03
9.720092946166627307e-03
8.657554278714355012e-03
7.325939679220277306e-03
6.498175360640805545e-03
7.205992448088870302e-03
8.637421146514893261e-03
9.029737277108776383e-03
3.018272490416484127e-03
7.184140926799866336e-03
7.370171310106146505e-03
6.836421830461345168e-03
3.441815273281590044e-03
9.249728697020259682e-03
9.682970633505580405e-03
7.504695158851234713e-03
6.187590296382342904e-03
9.879214401934940937e-03
9.156531151216994527e-03
3.465992333003971825e-03
6.043130057214768369e-03
6.356541247524298208e-03
8.468601158472355978e-03
6.963106460855181430e-03
7.547212631085931100e-03
8.265817840602722802e-03
9.353500585134462419e-03
2.637641631461939626e-03
6.313978468997782922e-03
8.506200228982794750e-03
5.877295866819782881e-03
6.828330360044774019e-03
7.676888391326634059e-03
4.141541782839428150e-03
6.659990146902773980e-03
2.577210637727804943e-03
1.759168849138961375e-03
7.054808148154755043e-03
7.033237374291536476e-03
8.865949189463089020e-03
6.921443372375546410e-03
6.585416304922298535e-03
3.244286278493772185e-03
6.631475047719734804e-03
5.887099620726301760e-03
8.480793247691999215e-03
7.748377201352124946e-03
6.035692460489068371e-03
9.579311743704726351e-03
8.372447294839052354e-03
6.841733374415429232e-03
8.795216873482858758e-03
3.369986714205486580e-03
9.820650897219260905e-03
6.756969802561245582e-03
9.911829965123583955e-03
9.912989125552671213e-03
6.477890890610711085e-03
9.836600843657377496e-03
7.943535033924637237e-03
3.526213002711195248e-03
4.077207077144640729e-03
7.892469810602169636e-03
9.827088438776342832e-03
4.173604780476832497e-03
3.292154762867850748e-03
9.888830897101867981e-03
5.989746138554876559e-03
4.477236858616676779e-03
2.032464684637720100e-03
9.306604182644435605e-03
9.105850553679652876e-03
3.703597174253145212e-03
4.423150324417745097e-03
9.166994470899705871e-03
2.903949018033822552e-03
3.879384425590428828e-03
6.882295895162635069e-03
6.699891246488686586e-03
6.721595628180995416e-03
5.611074280863494537e-03
5.966322183432556936e-03
7.873881564105279091e-03
9.067318296695731777e-03
4.095037232437781852e-03
5.430836805719894966e-03
7.486129951755678830e-03
9.813259294009798669e-03
8.769150695977155976e-03
4.967398429419967072e-03
4.502391030547872944e-03
4.378031958416112208e-03
5.370777604046701736e-03
7.237586022807572517e-03
5.497476595322106120e-03
5.511158797362730906e-03
7.456285990642985174e-03
4.589151821787073801e-03
1.991632633985095015e-03
7.526233631932634921e-03
6.709659369650019557e-03
5.699737986631447408e-03
3.741212390336467845e-03
9.607500345968134070e-03
6.592257732505130141e-03
5.492896072175347880e-03
8.137357954984991704e-03
9.259789025009807634e-03
9.852649269788529840e-03
5.605266717076519065e-03
9.454608821900694834e-03
9.420302372731661697e-03
8.694159582537970901e-03
3.555315607612999709e-03
9.497807222649163467e-03
2.653510239810686917e-03
7.494041264718096299e-03
5.974503985444822030e-03
2.924489321317988010e-03
9.752865085071288007e-03
7.335040668165731213e-03
7.245356399520281113e-03
5.900326601764786447e-03
8.242480480573036172e-03
6.416061547966596390e-03
8.985148281049938623e-03
4.455098774076203527e-03
9.920355523411580195e-03
5.839614049848187126e-03
9.697765713195751272e-03
7.339268631033481899e-03
6.451658776331243086e-03
9.492451274600757771e-03
7.269152951177092897e-03
3.389600657647618646e-03
6.898996209474050206e-03
6.357621125053279296e-03
4.876610805868089246e-03
8.088221253653989778e-03
9.228348752809183847e-03
4.327104850917810192e-03
4.147936584283236881e-03
9.069953222993292624e-03
6.352919846773699177e-03
7.597012881238620480e-03
8.705525844906594757e-03
5.139770134485516576e-03
7.806320369401010054e-03
5.497374175828728497e-03
8.620204716294026931e-03
