1.376640098947798244e-03
2.103510857295303599e-03
2.078682303175311344e-03
2.424744599147423026e-03
2.598651277823219724e-03
2.060779949586485395e-03
2.451123181234571118e-03
2.660490533951656491e-03
2.174205081272706248e-03
2.740876712336003714e-03
2.039714678283127344e-03
1.901960459455299610e-03
1.966415913385227698e-03
2.049290966795370376e-03
1.603857439144377312e-03
1.677976629841934327e-03
2.949451101928534259e-03
2.762298513809610147e-03
2.599239037782216308e-03
2.108208466209910391e-03
2.878470752537441810e-03
1.696972057152617425e-03
2.894756715891595202e-03
2.487725634863581069e-03
2.347810778141862231e-03
2.929619000064850095e-03
2.592234881339317183e-03
2.330158758239270125e-03
1.910887259271182434e-03
1.592769956837598692e-03
1.255220427088307895e-03
1.670418607714847748e-03
2.421420266312353763e-03
2.940765340044332668e-03
2.740392767982475705e-03
1.940258393266844480e-03
2.532507521087240445e-03
2.494539161351040212e-03
2.505749953108649987e-03
2.845237267748245476e-03
2.727388596614567506e-03
2.268868388873352196e-03
2.592959175285679783e-03
2.465349394543020142e-03
1.680222997521532702e-03
2.069719328174863832e-03
1.931209392964751588e-03
2.566502658590852012e-03
1.555434333195384981e-03
2.342513289632989961e-03
2.482607149389951320e-03
1.917591179279382746e-03
2.144648612141619379e-03
2.336276918460384114e-03
1.852622077352070011e-03
2.502268773994032695e-03
2.653568584247509993e-03
1.929064808046768685e-03
1.676428399687908410e-03
2.976412401962408132e-03
2.684069503612655783e-03
2.949781914710940516e-03
2.376038773574151372e-03
2.299003275106958032e-03
2.813682276703296202e-03
2.901529957037724157e-03
2.610332901109168116e-03
2.931931315853191292e-03
2.177454662502737240e-03
2.961487442703106439e-03
2.195031103615413624e-03
2.510956932162452214e-03
2.671251830119654794e-03
2.364700450573319502e-03
2.989518601191215770e-03
2.489653998703783826e-03
2.635403840025541018e-03
2.716495704832639062e-03
1.598017947196759365e-03
1.926203423868986381e-03
2.209162622876244264e-03
2.210204239535374510e-03
2.305332067141782799e-03
1.514547426393554781e-03
2.154709888817000346e-03
1.756410227771623310e-03
2.475043860301717573e-03
2.851249107327008536e-03
2.089266142727738262e-03
1.753061632801145454e-03
2.501787020219688011e-03
2.947689693232021999e-03
2.780820090945317503e-03
2.583833169752544276e-03
2.013760379083572982e-03
2.850409853194663719e-03
2.688505157042306130e-03
2.778069624014854744e-03
2.506282618869015363e-03
2.856261375154585478e-03
1.528190296870823080e-03
1.745048450290353093e-03
1.986172312169312559e-03
2.352529703304578543e-03
2.056678233142476830e-03
2.648999381703091849e-03
2.742283866891788695e-03
2.028635669671997530e-03
2.175745199428760161e-03
2.123022750506410074e-03
2.633588520366257971e-03
2.107722597137191064e-03
2.514914693748687875e-03
2.719360047436445056e-03
2.565806984744152877e-03
2.814421869317826168e-03
2.226464843205729679e-03
2.216803197910133423e-03
2.618350562885313638e-03
2.726592517546907578e-03
2.294739208552968365e-03
1.955533496114547631e-03
2.042397275867071857e-03
1.426391974003072367e-03
1.936118301144414003e-03
2.092010982643503943e-03
2.460019848816655773e-03
1.693815947700931827e-03
1.506711200687361248e-03
2.707707406623488956e-03
1.858508924280242655e-03
2.343995339155103066e-03
2.968402212611940833e-03
2.460944100607402249e-03
1.930736151372045061e-03
2.816900752911170695e-03
2.806070489029177314e-03
1.843168891845796279e-03
1.913952364528649468e-03
2.848944942901896708e-03
2.615424800042045941e-03
2.635311735179193121e-03
1.625860965151688410e-03
2.201292960694700099e-03
2.925989519317632667e-03
1.958488209883601366e-03
2.666868950489464669e-03
1.632983770741841837e-03
2.767060154454901132e-03
1.954222126999533102e-03
2.203904804148044613e-03
2.970235528682726393e-03
2.191826697920215127e-03
2.529626799292320795e-03
1.843412961176695095e-03
2.707481011214040844e-03
1.893015753382623276e-03
2.027320932240783691e-03
2.982206492997974308e-03
2.761315757644945343e-03
2.351715515346409525e-03
1.715824391778875309e-03
2.956575811671985615e-03
2.314523217101429470e-03
2.376276087472656371e-03
2.702301614035108185e-03
1.297945130869669920e-03
2.046332329383184455e-03
2.179191648465229024e-03
2.471384995997397919e-03
1.845705462958108700e-03
1.928977853116865902e-03
2.717641420799003088e-03
2.130099908394032619e-03
2.657970753517904273e-03
2.695379753091822761e-03
2.866105545383010756e-03
2.706785673307330643e-03
1.889660781588370884e-03
1.758291518588480252e-03
2.045300951953933546e-03
1.821456020888685690e-03
2.984172793377978979e-03
2.850616473768836489e-03
2.619307217700781419e-03
2.747080159841081178e-03
2.016141296958343706e-03
2.311276760802079451e-03
2.178052228931139436e-03
2.194190702191888345e-03
2.816393158190824090e-03
1.676313704516932878e-03
2.941279282573376792e-03
2.351156005428373975e-03
2.842227826226539564e-03
2.762776379485983643e-03
2.733443777037819836e-03
2.304331175995052907e-03
2.993723439088534846e-03
2.631058023241492419e-03
1.768537743413714416e-03
2.330432300309747025e-03
2.096185308185126699e-03
2.329402326314288906e-03
1.481134366286997531e-03
2.740239637581977014e-03
1.755243930082957997e-03
2.380164062284664123e-03
2.952225751361984944e-03
2.998893987337642071e-03
2.584130515535333194e-03
2.193241552182687883e-03
2.163680023584315347e-03
2.876737154022099199e-03
2.456340608146857958e-03
2.814421869317826168e-03
1.528801013667874763e-03
1.358193046560180134e-03
1.786744207193506542e-03
1.791207676957897680e-03
2.008640453153271756e-03
2.083604296641834545e-03
2.136835293580520694e-03
2.571897409449149137e-03
2.045820183313547778e-03
2.912964289551482275e-03
2.136454212711661523e-03
2.619322494989127260e-03
1.978384343547465781e-03
1.501725794980703641e-03
2.456230301610778672e-03
2.304886789816628246e-03
2.081210737464766342e-03
2.659059493818854373e-03
2.270815025289474754e-03
2.260953676812367009e-03
1.966550500968264337e-03
1.634771752821621588e-03
2.958589679946133436e-03
2.323492102441386022e-03
2.574652196873911461e-03
2.207350512133309135e-03
2.934711585541943928e-03
1.496746989698942128e-03
2.746116376328732768e-03
1.817274353925660713e-03
2.835854983409716572e-03
2.698748903280770439e-03
1.534605838682309448e-03
1.897506969632225399e-03
2.202140425918311037e-03
2.564351858758210680e-03
2.502968960020404265e-03
2.674548083787559906e-03
1.914520980027351656e-03
1.732193293588753496e-03
2.431767266783723628e-03
2.551638464683043082e-03
2.564260037289308857e-03
2.796890100084568030e-03
1.560425519811085501e-03
1.703838954244913176e-03
2.069354702762407107e-03
2.954574249401493123e-03
1.966842268722460846e-03
2.581200058351913219e-03
2.635642518064093467e-03
2.075833988665845391e-03
1.659051325960764385e-03
2.518967661650758048e-03
1.927895421762215213e-03
1.866120332207200092e-03
1.893234024286557507e-03
2.234203134092459502e-03
2.250620010715738677e-03
2.597413262083323598e-03
1.951688401584185427e-03
1.925215344724798055e-03
2.665955718907342745e-03
2.929099942618191947e-03
2.714812591093417743e-03
2.764273535739110877e-03
2.254218602346604559e-03
2.619069814227536867e-03
1.624291811197026798e-03
1.398873281595278042e-03
2.465345682711938061e-03
2.029859076056235705e-03
2.688093862017204051e-03
2.339522173861095788e-03
2.352810441257717749e-03
2.007018227852302300e-03
2.719291050283204666e-03
2.663768437073899160e-03
2.362353702347875367e-03
2.282322808240311307e-03
2.796399076965178782e-03
2.703520709372827027e-03
1.430895599690685952e-03
2.463681152198447973e-03
2.306318657329024888e-03
2.465740630097863761e-03
1.822374680222944247e-03
2.399802788456912965e-03
2.103501231871150561e-03
2.327546838181240342e-03
2.794274368174302046e-03
1.592769956837598692e-03
1.999038294990551808e-03
2.526929284517729930e-03
1.303699954041281266e-03
2.502751946145723508e-03
2.198015968152551396e-03
2.901378232926642847e-03
2.678035336755402694e-03
1.690713966379962319e-03
2.202218663504925626e-03
2.253855231646991874e-03
2.541264297034354254e-03
2.204494834976992047e-03
2.970759195890300842e-03
1.807676049528131627e-03
2.246459049380241345e-03
2.800801694404979596e-03
2.392281107164833005e-03
2.134160825527455386e-03
1.984091813328102243e-03
2.374564443119834244e-03
2.793968979329187162e-03
2.933098618544677585e-03
2.819674123820102053e-03
2.832386665584000346e-03
1.859075994853270257e-03
2.956575811671985615e-03
2.944760354948802381e-03
2.434676874365172480e-03
2.436784706901521259e-03
2.978486114982423130e-03
1.832907266658421195e-03
2.120512603309418660e-03
2.777113514079936497e-03
1.781572914467973931e-03
2.810207939228839564e-03
1.904109418905579245e-03
1.919299060168653225e-03
1.783086382270903866e-03
2.224827484154589217e-03
2.728999964570323969e-03
2.236721255947021064e-03
2.519415710943882433e-03
2.459534723131917826e-03
2.605712617980371782e-03
2.225992497360988320e-03
2.911964629861768603e-03
2.635642518064093467e-03
2.227425316576393463e-03
2.980570487928058294e-03
2.571818060084871561e-03
2.179326979487408375e-03
2.478674445646646476e-03
2.030382208367093391e-03
1.845548546296164362e-03
2.500160113843001401e-03
2.376038773574151372e-03
2.718372822448479696e-03
1.908121538440368499e-03
1.859865388912255741e-03
1.852227456998988258e-03
2.198302110909597980e-03
2.210725700731610947e-03
2.569162459839185661e-03
2.885690492974436229e-03
2.690776877981997627e-03
2.532108292713981020e-03
1.906774020835153450e-03
2.913193605462912131e-03
2.697906537905340844e-03
2.600133794161992810e-03
2.032043358127577377e-03
1.586492682373446053e-03
2.743825880303422254e-03
2.026509170921711803e-03
2.414149896484175939e-03
2.977637612351527116e-03
2.458738011178205306e-03
2.775833888107650908e-03
1.588667413301110987e-03
1.704989344949789723e-03
2.407889121608749843e-03
2.773961553987748605e-03
1.478969163660563951e-03
1.733179291520644703e-03
2.495989731023156612e-03
2.909758627225973119e-03
2.574934119720846161e-03
2.772104353380997269e-03
2.575699062689863154e-03
2.481798180779813765e-03
2.471895727031864828e-03
2.717953572976197253e-03
1.684745546832581466e-03
2.426483142016890113e-03
2.408954871521445766e-03
2.295130825747823677e-03
2.821582564629899256e-03
1.740457251741434064e-03
2.966114494416914257e-03
2.010626179130396880e-03
2.940316719511602318e-03
1.905265014110948691e-03
2.012101447373626506e-03
1.900448190604950120e-03
2.091655864563810290e-03
2.071629554735944859e-03
1.536562175733212268e-03
2.612692143598067257e-03
1.922237524637116553e-03
2.255207553747111925e-03
2.715700483403653189e-03
2.628068468935473682e-03
2.423217399379856522e-03
1.741384654476995720e-03
1.698432751386336117e-03
2.934982953714491104e-03
1.978384343547465781e-03
2.294954849306411748e-03
2.699966857400110803e-03
1.467029261039097358e-03
2.315102555248648580e-03
2.505568307752249584e-03
2.727449540128083598e-03
2.349073515532683516e-03
2.581014433827576691e-03
2.579995190613600716e-03
2.597413262083323598e-03
2.761503724540605685e-03
2.667667603263374019e-03
2.172448928765216211e-03
1.804084424656624171e-03
2.331520075210616501e-03
2.273856543627076829e-03
2.361873554954473878e-03
1.783086382270903866e-03
2.793187610629757189e-03
1.724505054164732036e-03
2.436819355243061321e-03
1.692946936462616297e-03
1.350301919545961443e-03
2.999005914248251657e-03
1.699383831411838738e-03
1.856494286160138320e-03
2.351715515346409525e-03
2.372366947530464565e-03
2.497855081559864111e-03
2.905763515162826903e-03
2.424406642138725483e-03
2.718776626066577058e-03
2.709271950462308759e-03
1.664332061777605521e-03
2.089889865246719047e-03
2.488620047991607631e-03
2.566229308900733717e-03
2.348201051894299469e-03
1.764306230521912097e-03
2.145966225588851438e-03
2.521192295565328947e-03
2.804112564444416651e-03
2.100100787288199621e-03
1.734336258249487934e-03
2.895622600860658577e-03
2.804978464131408725e-03
2.050779143340078926e-03
2.756129719145461020e-03
2.209492555129820984e-03
2.632734187573581089e-03
1.375134348905786286e-03
2.405291559248953076e-03
2.408974664162870458e-03
2.625640053011254939e-03
2.888612646502987033e-03
2.183834878102898502e-03
2.046301292058890463e-03
2.425174137699558780e-03
2.372335714767862674e-03
2.251740299580051643e-03
2.787591936941367227e-03
1.450508103531847467e-03
1.676314405119414940e-03
2.462161753907217074e-03
2.145719458281784842e-03
2.699793701619575183e-03
2.038023174589894543e-03
1.947452700095867904e-03
2.577060007349192376e-03
2.173547553497266315e-03
2.175887985135442886e-03
1.829617294156286314e-03
1.923264481515249598e-03
2.922274346421120834e-03
1.991080424410996037e-03
2.083031081000049495e-03
1.612181324688097446e-03
2.480320249533649220e-03
1.819770352182104945e-03
2.960253057054777932e-03
2.574320384539972081e-03
2.619883679969326005e-03
1.386690604118468893e-03
2.099111824487232252e-03
2.846880271304440702e-03
2.958255611427109376e-03
2.393228056226813418e-03
1.297945130869669920e-03
2.925736682337591772e-03
2.565029820885027408e-03
1.711113417229302540e-03
2.336638005748506528e-03
2.028918459636910344e-03
2.144054160573218622e-03
2.675908147102385240e-03
2.082777006166317522e-03
2.014587564967475122e-03
2.298268757349832166e-03
2.969192137061812259e-03
2.943512605827405294e-03
2.993117207296495941e-03
1.586492682373446053e-03
1.949673025335685881e-03
2.609110510802557792e-03
1.482197879352600053e-03
2.144103069528443400e-03
2.754956410510636146e-03
1.649466492092382074e-03
2.481166695068740338e-03
2.544041570363119939e-03
2.329264496269177823e-03
1.616461116503508906e-03
1.999594723362384252e-03
1.525534345346695516e-03
2.334501247235063696e-03
2.945161621146220356e-03
1.341982812895047743e-03
2.659220098228474733e-03
2.940751818119405250e-03
2.471384995997397919e-03
2.020367702816387463e-03
2.947683278854019290e-03
1.975395606629246417e-03
2.712225827857824793e-03
2.603276432297170571e-03
2.657772796096988330e-03
1.840703032642947764e-03
2.302603767012550116e-03
1.991080424410996037e-03
1.850383274185872290e-03
1.633208575719506065e-03
2.896040988236135184e-03
2.603121433735170950e-03
2.251905694863661194e-03
2.260558589060511058e-03
2.099759303641261093e-03
1.422628477104170407e-03
1.738583516013451511e-03
1.423230930374842209e-03
2.890734898705878218e-03
1.511574432185732635e-03
2.024113824177626014e-03
2.106056127437156561e-03
2.180862766386884068e-03
2.290263438592016719e-03
2.569983681418097805e-03
2.880592449017655918e-03
2.879020271201450550e-03
1.676041435647864430e-03
2.325706057637669244e-03
1.698423691582527694e-03
2.752072004276074225e-03
1.925380405594943238e-03
1.908869903835834839e-03
2.120684193900962411e-03
1.850424228447406427e-03
2.174906412667546723e-03
2.619135892083780410e-03
2.524861308581771019e-03
1.902589983416166529e-03
2.311110041833058185e-03
2.510689912667021795e-03
2.466460844979192699e-03
1.719769300916946858e-03
1.675208290418879345e-03
2.857944279359081723e-03
2.313261783245058704e-03
1.835879369826971027e-03
2.180830708638116424e-03
1.971703595232917640e-03
2.085089476162098939e-03
1.493527434164241587e-03
2.736411091770364103e-03
1.879568113322576447e-03
2.999005914248251657e-03
1.951774699700546721e-03
2.046301292058890463e-03
1.583078153002871573e-03
2.858107913251723298e-03
2.357956918109821269e-03
2.833367579691365053e-03
1.669900189344832985e-03
2.627453841801503584e-03
2.738212056150643881e-03
1.843091757934603794e-03
1.561950683521686617e-03
2.171616700615177763e-03
2.464585534172923382e-03
2.577118115479914030e-03
2.783890035289420060e-03
1.680731956873987359e-03
2.273418862123888912e-03
2.215320714044312182e-03
2.227713962128821581e-03
1.625848183687981542e-03
1.879917788639043439e-03
1.450945421519699496e-03
1.894079526522582163e-03
2.611439723356816841e-03
2.968597943001983694e-03
2.824841185142636275e-03
2.309721422789912278e-03
2.331058976241380705e-03
2.603805109435797932e-03
2.023218365088065920e-03
2.415008123796249032e-03
2.866971996225903263e-03
1.901960459455299610e-03
2.257237053942542319e-03
2.614831090597103357e-03
2.021913976991482256e-03
2.313958233884147800e-03
1.895433922843184869e-03
2.920423525614188141e-03
2.568806743878618293e-03
1.547994404171216479e-03
2.356285451421071594e-03
1.644306985792058119e-03
2.147624762134465667e-03
2.253354027905704604e-03
2.169078497888898577e-03
1.693799016921440116e-03
2.565029820885027408e-03
1.864762773676786325e-03
2.993723439088534846e-03
2.755593592193848404e-03
2.627704313192195506e-03
2.173362219718639413e-03
2.052065969200729707e-03
2.430465851855930989e-03
1.784553664692462883e-03
2.814632379447164299e-03
1.800021049925741015e-03
2.205963940095746929e-03
1.977138543910652007e-03
1.640585312055144272e-03
2.430875700710262259e-03
2.894756715891595202e-03
2.906781496451411005e-03
1.997240692872088216e-03
2.881943210814985352e-03
2.520863620176943144e-03
2.689725017625758507e-03
2.054531647296397971e-03
2.396132585073766381e-03
2.800735875633524399e-03
2.877838347746406074e-03
2.759867603015738521e-03
2.755101017750052981e-03
2.337577575083995586e-03
2.783138108883179487e-03
2.905763515162826903e-03
2.267834409993238834e-03
1.575117546290523028e-03
2.995969540437291943e-03
2.294132061841539644e-03
2.525609447195651010e-03
2.498322096228302973e-03
2.715132149920260543e-03
1.452710194499781367e-03
2.625437650882965143e-03
2.687354424577438616e-03
2.404285253530505546e-03
2.889360262542093639e-03
2.869162819582267692e-03
1.821082768441207710e-03
2.024733014580527238e-03
1.640818085582695495e-03
2.967322744985696498e-03
2.931175613740157494e-03
2.928568177939752225e-03
2.481329861254106661e-03
1.797238720506029886e-03
2.533677228881899349e-03
2.390488787960130812e-03
2.843444715312280421e-03
2.640187079413046020e-03
2.298268757349832166e-03
2.358091299719741740e-03
1.473342312523941936e-03
2.068166792673257950e-03
1.500598332392044350e-03
1.961361105372707095e-03
2.746792908190858525e-03
2.457427272633944376e-03
2.148638923313198924e-03
2.358575477808017452e-03
2.110641864604445670e-03
2.953386775386934900e-03
2.075306077142517486e-03
1.700798830024739371e-03
2.967939262203264476e-03
2.133161782714506662e-03
1.407080801773929373e-03
2.711699750812836957e-03
2.759430864989662145e-03
1.286622469346926628e-03
2.238269929015281566e-03
2.473589020436670147e-03
2.413553809976243334e-03
1.578971480474326968e-03
2.466349108412549829e-03
2.004041893314844648e-03
1.784474115848385008e-03
2.879514311461352054e-03
1.566184804516414404e-03
2.583270099529756322e-03
1.517846430484374055e-03
2.713681926979269292e-03
1.533994462879693238e-03
2.505314659615920717e-03
1.974125609807769570e-03
2.471895727031864828e-03
2.693714273254943677e-03
1.926066157493744107e-03
2.038709505507803679e-03
1.327504784330831153e-03
2.444859888135006692e-03
2.970099563745971696e-03
2.160025754173307451e-03
2.041387443358625396e-03
2.128529964392714222e-03
2.811253940888927636e-03
2.050930803386763219e-03
1.886286647622977854e-03
1.916643089838507502e-03
2.393345645082970829e-03
2.691251062130016383e-03
1.694570981914195629e-03
1.472140351365495547e-03
1.851834061912982672e-03
2.379600725239244038e-03
1.634981296562762823e-03
2.485331434434790571e-03
2.175108413346884748e-03
2.495762414193649324e-03
2.585072801042473997e-03
2.396037321133593842e-03
2.656727259905805431e-03
2.373641047470122570e-03
2.053911478783622402e-03
2.600996976716896548e-03
1.817388091002119978e-03
1.932573891290804546e-03
1.832207759980672120e-03
1.636932992590939794e-03
2.879400874882427630e-03
2.787469439042726538e-03
2.399802788456912965e-03
2.819858870031041742e-03
2.960933140188679036e-03
1.930384905819003405e-03
1.951030047235633889e-03
1.803445555218175346e-03
2.787424274666265578e-03
2.591611714567837368e-03
2.008640453153271756e-03
2.901469456074226398e-03
2.035282845745537209e-03
2.950694023942070348e-03
2.828898981087707865e-03
1.691287028439980708e-03
1.749575688436940009e-03
2.388700699742774686e-03
2.689006664470429062e-03
2.158414204524392640e-03
2.426483142016890113e-03
2.315672955793517639e-03
2.678427509666417728e-03
1.793430209647648137e-03
2.160025754173307451e-03
2.710772559266709514e-03
2.385592977055706922e-03
2.916573047876115828e-03
2.152695243775939148e-03
2.800902937555414026e-03
2.506697352432832489e-03
2.276782052106804313e-03
2.154927688766174361e-03
2.207374648627343471e-03
2.145991140891815446e-03
1.622193832360244387e-03
2.742249865215032854e-03
2.304331175995052907e-03
1.681935363667807094e-03
2.944057539625915057e-03
1.496583188324807252e-03
2.073033772281545305e-03
2.781038787396279688e-03
2.621434939111486236e-03
2.410673424555640539e-03
2.902175511161507546e-03
2.964366247776299007e-03
2.694495385149384917e-03
2.288716257890254391e-03
2.438948587549573908e-03
2.593926339573300339e-03
2.069926508989238922e-03
2.843619845873752473e-03
2.759667931110579200e-03
1.778018845760680807e-03
2.693217947020059948e-03
2.209754970120407155e-03
2.717668581665329090e-03
2.965936378713013386e-03
1.586793505526999572e-03
1.860241312726199645e-03
2.522157843899053634e-03
2.080734011816868546e-03
2.520212644237247723e-03
2.661847994026447263e-03
2.871862300857746901e-03
2.649900871815354022e-03
2.900315515597564307e-03
1.997478736939888033e-03
2.675477879583670546e-03
2.045672138238048728e-03
2.593418704773842263e-03
2.058837703732940404e-03
1.698684519330655954e-03
2.748773828960546835e-03
2.939435395267136521e-03
2.916866331851753272e-03
2.567010491813253529e-03
2.468266772616447592e-03
1.866730624361851972e-03
2.828385664133385973e-03
1.710069609334498916e-03
2.458629066627832094e-03
1.977798204368322842e-03
2.091406846145361324e-03
2.287454585404652234e-03
2.178052228931139436e-03
2.985602129896462904e-03
2.875332449336148559e-03
2.331749790410884027e-03
2.812493098632030172e-03
2.427839338261180997e-03
2.302652529389123768e-03
1.902828078468776036e-03
1.884777780728051676e-03
1.863269477573128476e-03
2.233616561456460651e-03
1.842386894227156843e-03
2.559813585275641512e-03
1.767989289618000347e-03
2.717227857354080969e-03
2.338366230109400860e-03
2.483536127881543192e-03
1.518674255504207874e-03
1.913952364528649468e-03
2.599982317585733567e-03
1.888297230739096602e-03
2.585242784770467109e-03
2.436024995920380628e-03
2.482607149389951320e-03
1.478088861181550131e-03
2.320735213924658789e-03
2.067593903114313316e-03
2.107722597137191064e-03
2.533816894306795652e-03
2.646565949577591500e-03
2.838495090655564126e-03
1.678461013877470803e-03
2.793574105718242811e-03
2.935790835478463076e-03
1.928519501217584864e-03
2.929504596067886331e-03
1.609794403207523254e-03
1.895868572465986930e-03
1.850679641411356793e-03
2.559383240202562845e-03
1.684777456771177455e-03
2.126475666533260075e-03
2.842007508232495712e-03
2.135553556185720847e-03
1.845705462958108700e-03
2.637581324420994362e-03
2.476207130871365195e-03
2.976484271594086357e-03
1.582077162299845097e-03
2.044977876563522194e-03
1.856711699570495538e-03
2.422333809483045736e-03
1.935440613484960826e-03
2.954636591572300762e-03
1.953913525007635286e-03
2.057673229395879343e-03
2.442972951596436917e-03
2.078395662301391056e-03
1.816554904130624924e-03
1.999038294990551808e-03
1.733164992271203717e-03
2.442763870156447036e-03
2.869708595526627905e-03
1.554690108387995475e-03
1.283028136898543142e-03
1.706890866938212811e-03
2.508424889703313610e-03
2.012941237758814235e-03
2.414401845375701780e-03
1.963414322150371615e-03
2.666015306025524244e-03
1.785517453215792506e-03
2.560331629545950852e-03
1.668752478831912398e-03
1.666227853686831021e-03
1.594658225509590918e-03
1.988451517884112351e-03
2.043731560648238358e-03
2.979536375373436838e-03
1.638813543557971885e-03
1.934908087806243553e-03
2.875498646419153218e-03
2.266242941674317425e-03
1.955397553481006030e-03
2.980923867595558670e-03
2.987711604273483781e-03
1.984969573400120410e-03
2.657057666067669330e-03
2.173854546486615313e-03
2.795802288652471726e-03
2.696482288355828844e-03
1.482197879352600053e-03
2.990085532104601231e-03
2.762013580628705934e-03
2.744305570281493738e-03
2.331822940802873428e-03
2.299189425248058648e-03
2.843974719711777135e-03
1.637334967465854663e-03
1.656509640102609825e-03
1.800021049925741015e-03
2.612102067641722779e-03
1.586492682373446053e-03
2.131634526704393080e-03
2.542298484706648209e-03
2.882656921821994973e-03
1.945599854895885316e-03
1.686584540254998810e-03
2.673263341493155310e-03
2.606370400081473374e-03
2.690851254552308232e-03
1.612810667060723176e-03
2.845415144588172175e-03
2.063931924179098886e-03
2.398977047381912683e-03
2.934658820692869277e-03
1.930408327714483799e-03
2.577625785600339611e-03
2.779274882954577055e-03
2.187069363171681782e-03
2.455465836143793084e-03
2.828955626727842117e-03
2.405306919579151825e-03
2.801266651195389017e-03
2.850616473768836489e-03
2.958260369023688659e-03
1.991080424410996037e-03
2.993393384581728451e-03
1.961090845741984660e-03
2.811050422072942402e-03
1.762195317475253589e-03
2.031119844638346744e-03
2.006931577301584134e-03
2.226381398970158493e-03
2.008181082669757266e-03
1.994080970181518961e-03
2.296602444090942424e-03
2.247010193694742777e-03
2.928221956562696189e-03
1.446840268689672309e-03
2.801934718832290849e-03
1.897056852880627930e-03
1.691238828225723970e-03
