1.328067237768205087e-02
7.013102116742061555e-03
8.189647697216402220e-03
1.235827075941567030e-02
1.123693089778748586e-02
1.108376028756012134e-02
9.557494842066353857e-03
9.533786050806956555e-03
8.262197274662584981e-03
5.956423255935707275e-03
3.875922603498548405e-03
3.086961221784570789e-03
1.071663826920191132e-02
1.199116410381725201e-02
1.161287674212056580e-02
3.008592933876052915e-03
1.087528502799517752e-02
1.323490305106312520e-02
4.631149586602724931e-03
9.607518007920617942e-03
5.630524140534822961e-03
1.266267012600913802e-02
7.696414838780769180e-03
1.155564936380688856e-02
1.004504711719356701e-02
7.269057519227867074e-03
1.037434390556614579e-02
1.104366902413853047e-02
8.127514864989757518e-03
1.268409801461312103e-02
5.915847687754898290e-03
8.589349500418008709e-03
1.138091570756732951e-02
1.344341009201242138e-02
1.115986835461468818e-02
7.226260180053831195e-03
1.273836685736024106e-02
1.034060262472819881e-02
7.505983799102197533e-03
4.965985412372790446e-03
1.081777420720649377e-02
1.032298373633369452e-02
7.691757524688942055e-03
1.205963479665965628e-02
4.262287928158144980e-03
1.209791361424996520e-02
3.447433399880191207e-03
5.302544124863816516e-03
1.357089531962625377e-02
1.192568483602842941e-02
5.066934217766925520e-03
1.029719064744489924e-02
1.110364460929842353e-02
9.724719144718726310e-03
1.355616380382177952e-02
5.434876568737121577e-03
1.072675761062748777e-02
1.027818584860275622e-02
6.037957755557881064e-03
1.006117084060502952e-02
8.743317148373954198e-03
3.083617477464976712e-03
8.346370023273458338e-03
9.872811398240895556e-03
5.287056267160944456e-03
1.135997017851626302e-02
1.147698466659206884e-02
1.043967423423578650e-02
1.667435928974706286e-03
6.059085161064433137e-03
1.129167755030368800e-02
5.955961703896277271e-03
5.294782966338139329e-03
8.563539987953172616e-03
1.077132466115108926e-02
9.847390115882211081e-03
2.986525156136933534e-03
6.123441450773077152e-03
1.332925292787128825e-02
1.111102902140784221e-02
1.027769540099348483e-02
8.318594750591171150e-03
3.134866711685805815e-03
1.046416301334052515e-02
7.230772249557663491e-03
1.006657353130449226e-02
1.321416927954041642e-02
1.230202290506126825e-02
7.983453221539555528e-03
1.001159723400278471e-02
1.249477834758115809e-02
6.999258331240089566e-03
7.963615202524828782e-03
7.628132323335473988e-03
6.187423801725683292e-03
1.097730673188851772e-02
5.958535068152999783e-03
1.270939423621656253e-02
1.164909057356054364e-02
1.297640100998872191e-02
3.577148403993249057e-03
1.304674010547448963e-02
1.311569125700451539e-02
1.345201703621433549e-02
9.888841754564071593e-03
1.141593971267909277e-02
1.035635880556632846e-02
1.352803994403309340e-02
5.060918608861981853e-03
5.217404693512165369e-03
8.436856090834802743e-03
1.307069051625954839e-02
4.175866941183043260e-03
8.788615562523935040e-03
1.264406424878695631e-02
7.489661988149464052e-03
1.319913155260799519e-02
8.792196024515671129e-03
5.832113303515297845e-03
9.751733367414104625e-03
1.312306825562203211e-02
1.228074891821705206e-02
1.142375305960443427e-02
1.159152413800796505e-02
1.209466129905986675e-02
1.222413557142087819e-02
9.291518317132202789e-03
1.266903407888166772e-02
9.189648221008294912e-03
2.716675470219882555e-03
1.210417344047926523e-02
4.836386069627485011e-03
1.332729282875749072e-02
1.061060962993505379e-02
7.386811133232914356e-03
1.174272303134473242e-02
1.108376028756012134e-02
9.537121446726547214e-03
9.701435022415190804e-03
3.539713069141070360e-03
5.554034032459465031e-03
1.099619675420401149e-02
1.322716645671556321e-02
1.000400364321612015e-02
1.018507549500506995e-02
1.221521699877008149e-02
9.925368290518189751e-03
1.119556687782411603e-02
1.015674530954510831e-02
9.752576636724831494e-03
5.273048521770747066e-03
1.248028198987734087e-02
1.308549140144904185e-02
1.078074804446708598e-02
4.500141333091064316e-03
1.140218014173332434e-02
4.659620059108745410e-03
1.321608631056445451e-02
9.995628755852400960e-03
9.520470765192939888e-03
6.845985585915554533e-03
1.262949085541191854e-02
5.048768082057694326e-03
8.916278637999954654e-03
7.590555509736679647e-03
3.538272051599551313e-03
1.249124571377822901e-02
9.001648632461885929e-03
1.248727554374769698e-02
1.098724795169445448e-02
9.893978554594543354e-03
9.218487164274823814e-03
3.715483377400810583e-03
1.080497503957648063e-02
1.334723212169255241e-02
3.472766344275009937e-03
1.264085608583517990e-02
1.159562986637320547e-02
6.958067519163753725e-03
1.030301718847212791e-02
7.695493177734844502e-03
1.327138818005319833e-02
1.317394687077356671e-02
7.624988467163910932e-03
5.291476491656047290e-03
9.800263418699238505e-03
1.041838070247865650e-02
1.014478033627793513e-02
4.440516583831785255e-03
6.415713786075056581e-03
2.909045615374894998e-03
6.271885585303537021e-03
5.506983186932509419e-03
1.046075624488769333e-02
5.593931508679164666e-03
1.234798329139299988e-02
1.205377270781836374e-02
8.978223651291906277e-03
8.763411775517013919e-03
1.172371456924459557e-02
8.682945185796988111e-03
7.380928532134002802e-03
1.267434547428961111e-02
1.147043015096724239e-02
1.091568967522742184e-02
6.508575575775285040e-03
1.341108549180188882e-02
1.281990876760773571e-02
1.124942230430896889e-02
9.995910380117423860e-03
1.192482213063484134e-02
1.160194441365573585e-02
7.691757524688942055e-03
7.564950434887394298e-03
7.773809738992411983e-03
9.236317690161716804e-03
6.617137100125211439e-03
1.254074250720492098e-02
7.747283180500318459e-03
6.217240919662072804e-03
1.270593184477652494e-02
8.172135882457408004e-03
8.128071517752435277e-03
1.000080417434893142e-02
8.360496630341123295e-03
1.084646372170767689e-02
1.165724865715017655e-02
9.473151348604935684e-03
7.264256632304337546e-03
1.320615397825627806e-02
1.329771519344702217e-02
1.264437951658509487e-02
7.981588587766189416e-03
1.156399440192495097e-02
1.108192070145658757e-02
1.095295099548665441e-02
1.076239620361060453e-02
1.160918052714752548e-02
9.067349557361487414e-03
1.155379292730475231e-02
1.296038326507645451e-02
1.073611849744663879e-02
6.400800672731013150e-03
4.790687561600033041e-03
7.147307582873902235e-03
1.077132466115108926e-02
9.784560232969701996e-03
5.874685383915935651e-03
1.244027610102339289e-02
7.998668980451628316e-03
1.027769540099348483e-02
4.745117699446967444e-03
3.643238345223368587e-03
6.274653591951100812e-03
6.805151694270084733e-03
1.336698029793692566e-02
7.292556150892039700e-03
8.657082562349181082e-03
1.335044378666265345e-02
1.270499573209731697e-02
7.159385230873283046e-03
6.973964869832944419e-03
9.600870080665541151e-03
7.249683667643501070e-03
7.429957354889812904e-03
1.014378058171236559e-02
6.663944670132717317e-03
8.949653828226582924e-03
8.076957104190686521e-03
1.223140968788090713e-02
6.658648048966967284e-03
1.344511614350218064e-02
1.060685187218792652e-02
9.107245749393184583e-03
1.018536490470310987e-02
1.041838070247865650e-02
9.202899772726933283e-03
8.945822356222101271e-03
1.343363871292862707e-02
1.224029542808921685e-02
1.269339351558073509e-02
6.515188154285088060e-03
3.543239210180220561e-03
1.062797093110435381e-02
4.938819162573326871e-03
9.737883423434619962e-03
1.170123027614307712e-02
1.086576916164769951e-02
8.810552761122792537e-03
3.008043245808893380e-03
8.324863870231088633e-03
1.066321352202741560e-02
4.884912780207749904e-03
1.067325939641108369e-02
1.339845143181330085e-02
8.172133699925646783e-03
8.113577634148277581e-03
1.508151754286665138e-03
1.117943185558018318e-02
1.139484010682441373e-02
9.998161989940773653e-03
1.254118103416200503e-02
1.328358931678286746e-02
1.245246448065427149e-02
7.656100610197222496e-03
1.260173254833025017e-02
1.021295472499117452e-02
4.873290311069524913e-03
1.224591848352039186e-02
1.031477515570176570e-02
1.198983652573723871e-02
9.435872976613149388e-03
8.362562616180627822e-03
9.210646802358224416e-03
1.217755495165403351e-02
1.349639146394436724e-02
1.050057052789185943e-02
7.288408079082493718e-03
1.217845156459573634e-02
9.960654531491877628e-03
5.584332478440912767e-03
1.114296643924783323e-02
6.984737799995944033e-03
1.067295077957303162e-02
1.241130956922717812e-02
7.287856558160841873e-03
8.610876734738447114e-03
1.100579679504819219e-02
1.311615330289565493e-02
7.987660242759046098e-03
7.766329558462767985e-03
5.715718337523823835e-03
6.605576056688091009e-03
7.316972249732467057e-03
1.068195615656586384e-02
1.124111753110808992e-02
5.454948332064130795e-03
9.139988036270155214e-03
2.459054073668716974e-03
1.135271943258546988e-02
1.060853590801379490e-02
1.181229651129047167e-02
1.065390432705979815e-02
7.306351730326593463e-03
1.233965801284212481e-02
1.244583818230634090e-02
9.902918524170462380e-03
1.117943185558018318e-02
1.014611090814391062e-02
1.233245231816764396e-02
9.218037346032841375e-03
8.041216754047952886e-03
4.520443719921018490e-03
9.501176506786182530e-03
1.205018012108906474e-02
1.069373974404354277e-02
9.336780735939747763e-03
4.594804117203319174e-03
1.304756087293676252e-02
1.350539425370644517e-02
1.190102979338438990e-02
9.461127033691901431e-03
1.344127611757060456e-02
1.330433663882251219e-02
9.556977209153182107e-03
1.284361987767162518e-02
7.107778392221930641e-03
1.039239230728331367e-02
7.441699899694838999e-03
1.256757684252020335e-02
1.058410419108887432e-02
1.336187543768016343e-02
4.589570418016975482e-03
1.233354017348646178e-02
7.107072739999183326e-03
1.129144085514945106e-02
8.945293807071305614e-03
1.317852396690454876e-02
1.043967423423578650e-02
6.141783419822681445e-03
9.929165535321303124e-03
1.008144423851843087e-02
6.459524755984017916e-03
5.581334303920239097e-03
1.352771368444079768e-02
4.055036825520856245e-03
1.250813273091715659e-02
4.187270014759418395e-03
1.140389653849660338e-02
7.095125931945544043e-03
6.244588872072413116e-03
1.281703386888113569e-02
6.721519347525430760e-03
1.201043650367871439e-02
7.928581140932193516e-03
7.335969266554622469e-03
7.468069796923544439e-03
1.091911999869915433e-02
5.715475847041247281e-03
1.020420614260747830e-02
9.326525515046944770e-03
5.783843830273817897e-03
1.300749292078967785e-02
1.288810949662104466e-02
8.833073718275980674e-03
1.017870028568711172e-02
1.106282024758806562e-02
1.070554747666721193e-02
1.090142178721162369e-02
1.150057929827380705e-02
1.288561863169787255e-02
7.682418803879447269e-03
5.691954451376588821e-03
1.357089531962625377e-02
8.109520174181882729e-03
4.904312021257030071e-03
1.007109974125951560e-02
1.152460352897102108e-02
1.230990702367467521e-02
1.064086261762080439e-02
6.274765282296059649e-03
7.404502629743950001e-03
1.192315217458991827e-02
9.127381097411482042e-03
5.219587273530314209e-03
1.038114573940511487e-02
1.255439829817724812e-02
7.277151821784635065e-03
5.788359106139306411e-03
7.593446392192995317e-03
1.025493019029894565e-02
1.224054737312190409e-02
9.366433834677785619e-03
1.127490157972426375e-02
4.954399218465356872e-03
1.126104452517039285e-02
1.155683848733174077e-02
9.475642816375542954e-03
7.303144563441937333e-03
9.556922539257436261e-03
9.970159176131306727e-03
8.631712037539412269e-03
2.212949116885088927e-03
7.385702594937342512e-03
6.196711759646139975e-03
2.882643960278205315e-03
8.359699406337914654e-03
1.255776791706418073e-02
1.026600602500180905e-02
1.173712992471205932e-02
8.011832639956506172e-03
6.562741030831226001e-03
1.229721739059415342e-02
6.196172071632193024e-03
1.272433494792572263e-02
1.172341331116422830e-02
4.762158983677859496e-03
1.315750293306434948e-02
1.235373589299980888e-02
8.018180667796515754e-03
9.981629728017155784e-03
4.443046572289907278e-03
1.090208102959534624e-02
1.198353376234510652e-02
1.209095556887726172e-02
2.247443187963467284e-03
7.527621394360080147e-03
1.008522808787001845e-02
1.249142768899264185e-02
1.125940440011996557e-02
1.062755035464857389e-02
1.210417344047926523e-02
4.118469903847630890e-03
6.001241092046845013e-03
8.854417715758422860e-03
8.420300044319588284e-03
9.394958039315268183e-03
8.337022367638750528e-03
7.335969266554622469e-03
1.082888841617136132e-02
8.676600458536937177e-03
1.228094154746250943e-02
7.961594819939256037e-03
1.038114573940511487e-02
6.103165980132563458e-03
1.304536841821218526e-02
7.094682357809142283e-03
1.240474349900937308e-02
5.036136113711051077e-03
6.131861946272481115e-03
5.894516582172747328e-03
2.349771327899452013e-03
1.273603782909057437e-02
6.290032273661518882e-03
1.994425658317954160e-03
1.157978535373808612e-02
5.327422795967426579e-03
1.264378396790819155e-02
1.145912565369543862e-02
1.167068081432194593e-02
1.102106640874059643e-02
1.204198841926646703e-02
1.071993095862652616e-02
8.140569948249702995e-03
6.406320811053840478e-03
1.220167383378682399e-02
1.188423324616391316e-02
4.614348147320930515e-03
1.155713156669795766e-02
9.091609449322640354e-03
1.065246102947705296e-02
1.088141486270304339e-02
1.247527969035869787e-02
1.188691808119221420e-02
1.245480039508352343e-02
8.656863810499373230e-03
8.645974940391536190e-03
1.164587988439083621e-02
1.197135613614535438e-02
1.236876663855391266e-02
1.207864148674857308e-02
1.070810560704648848e-02
1.234160808245037336e-02
8.535502672847800412e-03
9.446183251537905445e-03
2.636189227594012800e-03
1.314357204100665213e-02
1.201545936865058492e-02
1.008522808787001845e-02
1.301562425434965066e-02
3.298827972194769836e-03
7.753384073617775388e-03
1.097568571413310920e-02
1.221240896736269614e-02
1.196324730863190453e-02
1.351386224534259495e-02
1.157886945360063827e-02
1.187089745030947031e-02
8.896694971700201335e-03
1.299926384974050761e-02
1.298538139529760438e-02
1.273858216680909781e-02
1.092279676148643665e-02
4.939610162349224003e-03
1.035272480875749739e-02
1.264883173072605185e-02
1.260829694428373428e-02
5.979172557886193451e-03
7.036109666500815069e-03
1.247244035123352794e-02
1.031089399402110481e-02
4.093637851168365621e-03
1.139124449985209203e-02
8.139354321157478769e-03
9.235049876031761404e-03
6.473705547203759472e-03
1.310863952172293401e-02
9.474215113770173211e-03
9.316607928707644828e-03
3.793797390504803635e-03
4.264919520741690048e-03
6.090722793642072003e-03
1.061102257141187735e-02
8.588837875089743931e-03
9.898396025715948746e-03
1.357308998932507497e-02
1.305602155892559776e-02
1.060781918386952648e-02
1.177045801582610879e-02
1.177256143727641730e-02
8.012421133696679201e-03
3.940583500889502724e-03
5.445632584940624313e-03
1.130036232656077624e-02
7.179831550550758862e-03
9.125866053253817861e-03
6.296542740016237115e-03
3.087216510377356529e-03
1.215563257159242572e-02
1.141635177860783265e-02
5.909622512012774852e-03
6.227722268215970039e-03
1.147271615391215124e-02
1.082939941513438864e-02
1.164849141344759947e-02
7.545369611520131095e-03
1.159071601301358938e-02
1.223140968788090713e-02
1.203060118098179740e-02
6.630853859186653168e-03
1.090046036356851801e-02
3.640565786536139291e-03
5.937745218485421077e-03
1.014039870684744701e-02
1.331794455116074201e-02
1.081771491740375971e-02
5.376888371585477472e-03
4.893106558496027568e-03
3.763989127412978308e-03
1.333204708122583820e-02
6.545758103689084707e-03
3.560187920745258930e-03
6.340196185081815525e-03
1.099429839788848388e-02
8.781809350903632336e-03
8.464209720478505297e-03
5.816810283728565331e-03
8.070693475706528300e-03
9.273869807208158511e-03
1.105133077769680783e-02
1.287108860960236786e-02
9.359788764377093701e-03
1.127464355762930470e-02
6.055512675558311422e-03
1.012741224503705718e-02
1.200161332787633324e-02
7.723126701961222085e-03
8.081088512887970102e-03
6.984074760290376500e-03
1.029015352017222107e-02
1.057284020047955311e-02
5.295923686196621349e-03
7.642944221082963174e-03
3.255089551836355764e-03
7.087869996308746555e-03
8.771803426806249956e-03
1.064365055148405736e-02
1.278598285175318837e-02
5.610213181100088230e-03
9.390337289944520119e-03
1.054252248936067733e-02
7.400714340375402420e-03
8.621063211577559282e-03
3.615326747121636996e-03
1.344985267463902866e-02
1.135040209351951580e-02
8.749978249530190183e-03
6.073870061043194248e-03
6.904151022024726525e-03
5.991569625338559121e-03
1.307079708459109313e-02
1.267073527920524294e-02
1.243237072135199017e-02
7.216013425060714345e-03
9.779649060969702878e-03
9.348908374681306338e-03
1.247085817146479335e-02
1.351386224534259495e-02
6.157764499169636647e-03
1.237202655347606484e-02
7.787881257328694781e-03
1.061003746750120366e-02
3.640565786536139291e-03
4.108985251526759384e-03
1.049660236356876955e-02
1.184536857066117305e-02
5.877952097991293555e-03
7.592978564998470112e-03
1.153101521891276675e-02
1.250490504256663270e-02
3.252089142954244470e-03
6.021432874402990292e-03
9.110783090020562955e-03
9.953686134101989713e-03
9.153540009456881399e-03
8.241612969589601906e-03
6.395059913463358586e-03
1.028320908119480064e-02
1.187670782644818790e-02
7.998791503509560322e-03
1.176627268497847968e-02
6.558833804928760822e-03
3.467901913367471296e-03
9.226865728743116959e-03
1.276081641537163067e-02
5.877952097991293555e-03
2.247443187963467284e-03
9.456926768847687820e-03
7.356571198598811992e-03
3.070656875876328663e-03
9.406243930326326289e-03
1.097568571413310920e-02
1.039194415335504065e-02
1.113275041709176072e-02
8.859381739469263106e-03
9.052779405221575426e-03
1.136117567880468721e-02
8.193317157629295341e-03
1.213826656134626460e-02
1.198760560525017477e-02
1.255209981751856212e-02
7.341298479542075761e-03
1.180724101813917376e-02
1.144111102275034361e-02
6.499784449785669417e-03
1.105580384388564485e-02
1.140870570180892683e-02
9.172275151407099231e-03
7.686531440673259954e-03
5.878412682872697151e-03
1.193839797243805012e-02
9.998161989940773653e-03
7.011652019934416259e-03
1.110163207959201544e-02
1.240114228133703568e-02
5.187836338936793051e-03
1.099863029279085289e-02
8.221541240787864219e-03
3.774560886005263235e-03
9.712485944913959446e-03
1.089251068431309685e-02
9.150516428731072377e-03
1.125239638565568231e-02
1.269415740791443245e-02
1.314515748004300988e-02
1.075291703592758108e-02
1.068195615656586384e-02
1.212165721096153219e-02
1.160105853359209155e-02
7.593446392192995317e-03
4.627084404535852791e-03
1.347794155758030854e-02
6.437739494550804437e-03
1.312589689267806142e-02
1.289081140341004524e-02
1.046795183907918772e-02
1.053997864358129262e-02
6.707448971890079235e-03
9.181234533257318434e-03
1.146958229548066671e-02
1.061776086637892212e-02
5.113982328456207101e-03
3.022127337530005134e-03
4.109703865141378816e-03
1.278479598426663505e-02
1.170529934656252061e-02
5.278977487845197200e-03
1.089891850356995186e-02
3.298827972194769836e-03
8.556179271186752436e-03
1.100810324887196642e-02
5.289527780102666957e-03
1.312286772344277430e-02
3.467901913367471296e-03
1.203124306762111059e-02
3.762806839205079610e-03
1.314997136369340514e-02
1.259000642816645969e-02
5.646442074888394745e-03
1.839872009953158732e-03
1.077491107516228425e-02
1.307980412377541743e-02
1.221276462987930245e-02
1.135691653487341628e-02
1.187670782644818790e-02
1.295513928922622376e-02
9.770534147042675768e-03
7.811099462676812828e-03
1.240976518144445984e-02
9.022966352179641672e-03
7.488875235796644235e-03
7.474676760752710369e-03
1.315702067694421440e-02
9.282870376547484523e-03
1.243175790185978812e-02
1.249538655462152821e-02
1.060565899607320874e-02
1.160519577020438162e-02
1.111725537079606176e-02
1.220767637048957022e-02
5.117641789756351492e-03
1.164974402171923065e-02
1.317598150996616979e-02
1.167950101173756416e-02
9.348415306932453955e-03
1.089251068431309685e-02
6.713917952354308064e-03
1.336299102224674032e-02
6.468765338226077806e-03
9.770534147042675768e-03
1.264873043751194547e-02
1.290233544242297414e-02
4.148954466621929300e-03
1.282449880101284648e-02
2.280751455076289718e-03
8.936083933139039176e-03
1.136117567880468721e-02
7.074629349122439972e-03
1.119556687782411603e-02
9.384693827414540904e-03
6.953918009184439572e-03
8.621399018491316193e-03
8.482403061557884996e-03
1.158810309007256290e-02
1.197037094599262726e-02
1.128226461446720646e-02
1.243692180988325603e-02
2.653419772838879007e-03
1.294060012817861011e-02
1.029956261693344526e-02
1.020889375285083736e-02
8.828354495053735915e-03
1.177718303100199967e-02
6.767127771808547146e-03
9.099009390611822318e-03
1.318370404680494802e-02
8.511543672404326549e-03
1.315439550040763822e-02
9.949879569914277244e-03
1.247419276624101361e-02
9.083160389968047282e-03
1.184604457510740790e-02
1.138478465270773357e-02
1.135484192919751154e-02
6.406320811053840478e-03
7.277151821784635065e-03
1.246488285959702902e-02
1.350055855260434701e-02
9.701435022415190804e-03
1.875904718238416945e-03
4.269830473190878474e-03
7.525204399404964578e-03
6.486864257172563798e-03
9.339675503780904553e-03
8.719545316348248365e-03
1.077161252405099343e-02
9.554135511383848520e-03
6.997943367720056186e-03
2.575259744686616073e-03
6.555423335827448642e-03
5.574637609064591638e-03
1.062797093110435381e-02
6.449100965837511676e-03
1.174440940834098508e-02
5.026806749416048298e-03
3.090926865691293740e-03
8.740559394961254849e-03
5.580533002060622874e-03
1.116909602194877428e-02
1.161646546465243054e-02
1.273603782909057437e-02
3.715483377400810583e-03
1.331882376350286383e-02
1.110612123595186920e-02
1.054359437179178648e-02
8.215567952273270663e-03
5.443584911797227574e-03
7.761340049076028216e-03
1.034363534682147465e-02
7.374269053942207608e-03
1.153558541243662229e-02
7.989531497289495410e-03
9.111538761338305523e-03
8.781237383619988970e-03
1.000490854884934951e-02
1.316815258862392458e-02
1.277017018025992066e-02
9.902900126129458511e-03
8.024213143503884649e-03
1.029956261693344526e-02
3.769810433528044801e-03
1.213493535415472065e-02
1.187134206792044532e-02
9.998575583407276479e-03
1.322121173494146366e-02
4.607361678994465609e-03
1.120766614011694043e-02
8.619094287366832474e-03
1.309422320124836552e-02
1.143232777728907072e-02
7.175755750443981069e-03
1.017870028568711172e-02
1.019007808028619781e-02
8.671353626835813858e-03
5.646442074888394745e-03
9.936396808088271762e-03
5.622672660721042548e-03
7.009706656374447079e-03
1.148431059339507024e-02
1.064417051002775755e-02
7.878149682704893575e-03
1.319809669965374237e-02
6.803541139597748914e-03
9.889175627906393595e-03
9.668748897066471032e-03
1.011931442679496994e-02
1.065431429140975897e-02
1.180100342877683089e-02
9.065044834907836843e-03
1.166758737620188398e-02
1.269419855889872793e-02
7.416202834395294388e-03
9.576022625121886553e-03
9.759402129289447558e-03
8.889840913601617517e-03
9.541300252667772944e-03
9.524821947358316082e-03
5.710263812780821090e-03
1.226666155965716598e-02
1.183148726894172123e-02
1.117132423918076184e-02
1.012624799106428414e-02
1.091089538476532061e-02
1.203791124596148739e-02
8.396377643846987884e-03
8.941829841148534602e-03
8.675748274419647216e-03
9.111360166843969835e-03
9.418322754172366723e-03
9.917888206166515855e-03
1.117214461083995344e-02
7.208596869696482640e-03
1.334912334071282694e-02
9.651933914288961941e-03
9.905528919185769415e-03
1.011864565933728172e-02
1.052814670207248733e-02
7.046486249870797906e-03
4.855352441626441425e-03
6.206377228029810213e-03
1.076710085737154522e-02
1.112819128635576284e-02
9.966285952069839707e-03
4.223783653458679579e-03
2.986525156136933534e-03
8.969828282478269077e-03
8.785684870510205788e-03
7.268138127014841729e-03
6.836724520981381052e-03
8.715878143053664220e-03
8.476395529179588453e-03
1.065390432705979815e-02
3.467583464599189626e-03
9.456469718979145650e-03
1.055871759057404324e-02
1.299507737830955453e-02
9.361278651322888639e-03
3.830703088964116862e-03
1.237827701570783610e-02
9.036037598578423174e-03
1.068687447436894242e-02
1.034873250362140784e-02
6.953918009184439572e-03
8.402917611932778086e-03
1.333843851511013791e-02
1.285325606696436675e-02
5.150744072421756595e-03
1.004504711719356701e-02
1.099428584503844841e-02
1.150057929827380705e-02
9.340480747247798324e-03
8.136919880749412040e-03
1.075538667551414335e-02
1.105367880007243273e-02
9.269997352668471122e-03
1.358299878750844972e-02
8.538110418965292811e-03
1.083226074042564768e-02
1.167392357989770896e-02
1.150568829325067030e-02
1.109822415725605742e-02
9.320239742640297476e-03
1.994425658317954160e-03
1.280233312801789744e-02
1.330999165462649382e-02
1.204526340679205887e-02
5.488223069430787915e-03
1.281116714282418308e-02
1.054005097713095473e-02
1.034462499728367596e-02
9.935231687476019785e-03
8.337002518975945159e-03
1.074652783677913087e-02
9.887770898094262739e-03
4.012370705568859761e-03
5.350242743314017821e-03
1.007969674939426970e-02
1.160009686095964457e-02
1.267548202091868005e-02
1.132955197790175630e-02
8.659290662219735688e-03
1.131100813642777272e-02
9.339675503780904553e-03
1.159471557367987293e-02
4.754576179343217301e-03
7.138102797716831295e-03
1.119959883982331143e-02
1.083761956302334642e-02
3.954358340286685813e-03
5.399355121674442870e-03
1.041773339890544360e-02
7.726482445878652371e-03
7.372113166268534981e-03
1.241130956922717812e-02
1.053079230193407559e-02
9.063333669925373662e-03
1.250813273091715659e-02
4.270469776335091526e-03
1.346840011283321342e-02
1.257859181039015437e-02
