7.449976749768852380e-02
1.398577079961310643e-01
2.443821910472500636e-01
1.431453999921710463e-01
1.424592588075766497e-01
1.148311289754808812e-01
1.425721342844745720e-01
1.691181915097348942e-01
4.977188064812789609e-02
2.196386035720608310e-01
7.789728873527070052e-02
2.206254662556213497e-01
3.497946455819826717e-02
7.568806723801385639e-02
2.942167083213466372e-02
6.145945239136658272e-02
1.411602192376884835e-01
1.126952287832549277e-01
1.371889862279895567e-01
8.478228904326455539e-02
2.213946429256146986e-01
2.557792472336856832e-02
1.988510180215049550e-01
2.461062082564191289e-01
1.068698870337880524e-01
1.989052210210247029e-01
1.300738011219323698e-01
9.592818070811394426e-02
6.636159895790547103e-02
2.036179652678836716e-01
3.855143091811635836e-02
2.113782851168296076e-02
1.812302510376880005e-01
5.845591823053912506e-02
1.959804549588340661e-01
7.875941065740543756e-02
1.878812334684381580e-01
1.452302748967452262e-01
3.668442425163344345e-02
1.074624034064337597e-01
1.306376742697769044e-01
1.973497134152542021e-01
1.417781789820344029e-01
7.892026764951104445e-02
1.081890323783042396e-01
4.278950152314868471e-02
1.759190540719553497e-01
8.063395723124867909e-02
7.886938156128094068e-02
8.160462279093090576e-02
3.855143091811635836e-02
1.290312403237281469e-02
1.075378010240102267e-01
7.121094354238159674e-02
2.697786365051909815e-02
2.017224240750769837e-01
1.096216367670697356e-01
1.916863256778512381e-01
4.638883265775017861e-02
2.197654086492774606e-01
2.558507252078051630e-01
2.395221658212134952e-01
2.055464279853585485e-01
5.672452739765015961e-02
7.047946407914672251e-02
6.966036998723536267e-02
1.285459215360454099e-01
1.525866517216397655e-01
4.615284824407362568e-02
1.233193278954986261e-01
9.851990043196980074e-02
8.492096406289820210e-02
2.024184394152334088e-01
1.175703934357339164e-01
1.658293242736837980e-01
7.821640163849941096e-02
2.061762870324599650e-01
2.270834217653554532e-01
1.744486807621313806e-01
1.285355231896743999e-01
1.804900770761908579e-01
1.489861836721638189e-01
4.234769193508075569e-02
1.204725557792648560e-01
1.336666878537007275e-01
1.325227589260988825e-01
8.361710711939268625e-02
1.320464557393476179e-01
8.804580705350337211e-02
1.720953557899841391e-01
1.171990626438304262e-01
1.555688769835887331e-01
1.344011320247721353e-01
2.029698191480479030e-01
1.384058514317128008e-01
7.132069044231444110e-02
6.162502513233981266e-02
6.298088347885892613e-02
2.047218262904559327e-01
3.994503279517196137e-02
1.056906216603062942e-01
1.485997140759364454e-01
1.070415874531745470e-01
1.987836369242096390e-01
2.575227923981282530e-01
2.311583950993414682e-01
5.136455840873847822e-02
1.114349762126155968e-01
1.157200864819862146e-01
7.111541613539058837e-02
4.251639186398369769e-02
2.135973417702482779e-01
1.451472877227915903e-01
1.498802206853854790e-01
1.398363654399732980e-01
1.751027463210490243e-01
1.372518363499571625e-01
1.196672570086052545e-01
6.566399855888981063e-02
5.073155117830531469e-02
2.148086843400048296e-01
4.727586114184053473e-02
6.577641048151047776e-02
1.995452865875624593e-01
1.191822016852155386e-01
1.901480734995354138e-01
1.396025137032151087e-01
1.676654954950165255e-01
6.186880685910060851e-02
2.232662716837414962e-01
1.485030989958346370e-01
2.740588944195726517e-02
1.427649740348503615e-01
9.171142002238055757e-02
1.754097141798859061e-01
1.669374549862134849e-01
7.538774069046670634e-02
1.331530381957864717e-01
2.439561431475215647e-01
2.099963394457578791e-01
1.373011241763712753e-01
2.021544403123166078e-01
1.604065722548467798e-01
2.947822471568860986e-02
1.124804631335279692e-01
1.080440168842297238e-01
1.309715946941012177e-01
1.303212292385145521e-01
2.241170233225121822e-02
7.311760538156995837e-02
3.925771658267830644e-02
1.709673853512249098e-01
1.568147930901911957e-01
5.128247155103685812e-02
2.470701904000684457e-01
9.009507493311372239e-02
9.134983635822463421e-02
1.232524065481034881e-01
6.081546667077845220e-02
1.524738961233006451e-01
1.204390545513938371e-01
3.073809828352040349e-02
2.285394862394547061e-02
2.353763903212608977e-01
1.248536351806243394e-01
5.777356027085114171e-02
2.173970516017501367e-02
1.869292582897274790e-01
3.082004304761878227e-02
1.902671813904825426e-01
1.370984208059977394e-01
1.425516327004125172e-01
2.035268483572534245e-02
4.926189341493187462e-02
2.108769706655166387e-01
1.106676958498810787e-01
1.937993660097596660e-01
1.446496043113047747e-01
1.097810238507591074e-01
5.794178060467775060e-02
2.363657440784188712e-01
1.961310539733172598e-01
6.755157787139996761e-02
1.151145079859245690e-01
2.373844091873473783e-01
2.100873349682691182e-01
2.592368265552958892e-02
4.857055254136295741e-02
1.009502520220545707e-01
2.301488144972388961e-01
2.328020043992559684e-01
2.254311422985210908e-02
6.083788258495900075e-02
1.393791082084834820e-01
5.824949383982582635e-02
1.264499221788059069e-01
4.857055254136295741e-02
1.090795580289028177e-01
6.381018811483776809e-02
2.343879429595229213e-01
1.152856503114258191e-01
9.207890810969784900e-02
1.286348725810138593e-01
4.270518876812458980e-02
7.246846384889053805e-02
6.010215137441785732e-02
1.351964224248790487e-02
9.092403302145944666e-02
1.293510490710462202e-01
1.696568597629493635e-01
1.889074765934976308e-01
1.507557683996489373e-01
6.904985717256117983e-02
9.191891778085717335e-02
1.020911506066844165e-01
1.197942017521301250e-01
1.843039321776117900e-01
2.288229880659486404e-01
5.560519885884603747e-02
2.470703066086373245e-01
1.989165316193940436e-01
6.983873054792984203e-02
9.795906296822291803e-02
1.916444244751523696e-01
1.721498336464489798e-01
9.761968858669978211e-03
1.019825319408529246e-01
6.353735732740732611e-02
6.405272214675336584e-02
6.275757380556609699e-02
9.090244017798225495e-03
8.643695256921110626e-02
2.404732977034362840e-01
1.106676958498810787e-01
1.065039658816549495e-01
6.907337065565216649e-02
2.409895778266701871e-01
1.003480920810537191e-01
2.621737507399289971e-02
1.677611116344505937e-02
1.725472040732417278e-01
6.544931681143006941e-02
1.117016941219571430e-01
8.990844363260519501e-02
1.093623060301561478e-01
1.714534756625067657e-01
2.937710139678923263e-02
1.158226725228512916e-01
4.055411093906859110e-02
6.469557942841522302e-02
9.238195223838320536e-02
2.413979612340692305e-01
1.138343537696888397e-01
1.130075427966277524e-01
1.289849368431461030e-01
1.532412885882440123e-01
1.675885392263163076e-01
1.054756402026035267e-01
1.291107256844462869e-01
1.026659106612289041e-01
8.632545129528351735e-02
2.443079224618277534e-01
1.219297982416157333e-01
1.738533954059898745e-01
1.223502099650157077e-01
1.265149197289030802e-01
1.162746276575704618e-01
1.333594997580663799e-01
2.209281663564150178e-01
9.552562086575476508e-02
2.313372854663681144e-01
1.129278359371695128e-01
1.895869712434502530e-01
2.260112342224208093e-01
1.501520831227294295e-01
1.902137136455943622e-01
1.698148084404267344e-01
5.300506847809278305e-02
9.001016423974073088e-02
1.497806525691913471e-01
2.494141256102189452e-01
7.798209789260904246e-02
6.106637589929716364e-02
1.152681462602289097e-01
8.215152005444514849e-02
1.567028608416048685e-01
1.822662870022205561e-01
1.925925456247714329e-01
7.837513696565753807e-02
2.138287652250933646e-01
1.244678795361867235e-01
1.533623649296243785e-01
1.037851678711438352e-01
1.965623708880084031e-01
1.135368417810443120e-01
1.897275961228411800e-01
5.276073105587313766e-02
1.406359524249819193e-01
2.276849005101063694e-01
1.065423959805028298e-01
2.003445700146171404e-01
1.912340949722464989e-01
8.495763869144798419e-02
2.309628636621615660e-01
4.077671331252706588e-02
8.945104594304534307e-02
1.449732098718847263e-02
8.356850447211214283e-02
1.614835155749374529e-01
2.400799939182196585e-01
9.221062683071445942e-02
2.137249559277031308e-01
1.065359801864257105e-01
2.450535470842463148e-01
1.328248488388745485e-01
1.696439705187176017e-01
7.732015368253111753e-02
1.806775369454942104e-01
1.148557956482992165e-01
1.397390504430640612e-01
1.905855208386955102e-01
1.683841883593229227e-01
3.016311227739312817e-02
1.938726838368176261e-02
1.483502757052702070e-01
1.351794525511656186e-01
1.607291770593870239e-01
2.121785624855996588e-01
1.988237814859930008e-01
8.484748400337929763e-02
2.212321573320224499e-01
1.924971193114306256e-01
1.165570243267492478e-01
1.686350294871856170e-01
2.031474328067853496e-01
1.724451996162355005e-01
5.144718152200920130e-02
9.457054478117313256e-02
2.553195566880204770e-01
1.404970868021656327e-01
1.991652862949586100e-01
1.007622723600592601e-01
1.155413415701238011e-01
8.998456778160961178e-02
6.307749339469591321e-02
1.644658400510480567e-01
1.917155920892306409e-01
1.429171781506432537e-01
1.432343739707588048e-01
1.965847938629854130e-01
1.479348780416465670e-01
1.191634119824690058e-01
1.123551258612914966e-01
1.243380384086259782e-01
1.027491176675730256e-01
2.993111912493660876e-02
1.527068341807185370e-01
6.271784909290817334e-02
1.192600551776818590e-01
1.315426664225293196e-01
8.105375425882792306e-02
9.652675518952051614e-02
1.131078192128569110e-01
5.835282414200005513e-02
2.372579966031668208e-01
1.125016173287615717e-01
1.619698634957954519e-01
7.254616190128551634e-02
2.220092113533934652e-01
2.551781930629523076e-01
1.832024623187418766e-01
3.756199750600688197e-02
8.267804697913336276e-02
9.311547015444401887e-02
1.385380442439904103e-01
2.248970667179931160e-01
1.248536351806243394e-01
8.513668650279204719e-02
1.606845002829273283e-01
6.852534183686771752e-02
1.597308759661167088e-01
1.181544445080937311e-01
2.554941202955177126e-01
1.187605448660399576e-01
2.350552171991552308e-01
4.923130823209095897e-02
1.168618444762899999e-01
1.548625449349123606e-01
2.202378534421623180e-01
9.277543832394581635e-02
7.043259674056100150e-02
2.526570459683456504e-01
1.288421310352189930e-01
1.573441572010690903e-01
2.322578343417377456e-01
5.615776425996811018e-03
1.763390175972608664e-01
6.350589611003851220e-02
1.674863338143774416e-01
2.452012875357486577e-01
5.320549398009958436e-02
4.433161606982977815e-02
1.526682975893509375e-01
1.007439774731412607e-01
1.356283343531678454e-01
1.237053085823766746e-01
6.901290944514427983e-02
1.778717265315855334e-01
8.333540191626491456e-02
1.664126474970487324e-01
1.340954975591396592e-01
1.689995650182634923e-01
7.393969343425736696e-02
1.740632429893090860e-01
3.048380048848195467e-02
8.239716576242073209e-02
1.397239638421173547e-01
1.140952081592480488e-01
7.628344506278331161e-02
1.755264989186999802e-01
1.716076845041130949e-01
1.618418836788188542e-01
5.715392025331943182e-02
5.471248400829849257e-02
9.531998936373674292e-02
8.696476910971065455e-02
2.439907508063242081e-01
9.560730302114604784e-02
2.676286381304657236e-02
1.872447168188552946e-01
1.101118465832351401e-01
1.542684758856261995e-01
5.155344928869685928e-02
4.259526899383160592e-02
1.313167572088582424e-01
3.989092215116756684e-02
1.343536977089758999e-01
2.257416756938806779e-01
2.345914104841102521e-01
1.153588316282971316e-01
1.663240532013614825e-01
1.447088385614979933e-01
2.083527567500037259e-01
1.431844766099554800e-01
8.246955553999495148e-02
1.066853945921037577e-01
7.809927401361788091e-02
1.076094712238040429e-01
1.329425446658632215e-01
1.653469742540321363e-01
1.034985923971530886e-01
7.102082576970832062e-02
2.269554570784821645e-01
1.860576357388091517e-01
1.086791504509104639e-01
1.142711444311578506e-01
4.340105628575817442e-02
1.000633685228398129e-01
1.717872976906822391e-01
2.430859448537768530e-02
1.657988525101113386e-01
2.496495397858689569e-01
1.750065021727339742e-01
5.682474513968085311e-02
2.161311370820287459e-01
9.125303623757836935e-02
9.832719702783584981e-02
2.203512912447734284e-01
3.991400549207346771e-02
1.138605391722797844e-01
4.179991105714777472e-02
9.065703989170600940e-02
8.056686293289114231e-02
2.510887400836212674e-02
9.280291719840290388e-02
1.198790299160007455e-01
1.131168621531096208e-01
1.652378908432034499e-01
2.224429337341621571e-01
9.250948382057905262e-02
2.374236841110413665e-01
5.086080598009137116e-02
1.599422538367666347e-01
8.961219488625893348e-02
1.266821274140912112e-01
8.565229435038564099e-02
1.219988658369193790e-01
1.329425446658632215e-01
8.899726368540281096e-02
8.997833322626970498e-02
1.964125501357672776e-01
9.876552526161233581e-02
1.185852910335650212e-01
1.528564821506868399e-01
4.971596845592799602e-02
1.064047813129045117e-01
6.924145185981984973e-02
6.080844968886847668e-02
5.316031225080812550e-02
7.939539397342632032e-02
3.773310252339398541e-02
1.191404071951799593e-01
1.186796334084420923e-01
4.507475469379594590e-02
2.904824077813355360e-02
1.337477607754492814e-01
1.450473993332002109e-01
8.349131813168396421e-02
1.150191971299597549e-01
4.417291561502838942e-02
9.555498365503101166e-02
3.773310252339398541e-02
1.731612314219576482e-02
2.383193337704925807e-01
3.957730371170135875e-02
1.641207662170975912e-01
1.697932831762097861e-01
1.398427289098433668e-01
8.261380650891370081e-02
7.342886358686656623e-02
3.881707160123389067e-02
8.958914955922424317e-02
9.312306872390822832e-02
2.098150694730392396e-01
9.574773274406148116e-02
1.195243675258109012e-01
1.837831159036204531e-01
1.704409205883523348e-01
1.676853917990548878e-02
4.307296148737618791e-02
1.955981171756121517e-01
2.004230995528197834e-01
2.450718356590261271e-01
1.234287028124102514e-01
1.769128504168178684e-01
1.651483819611943016e-01
2.056843933699132043e-01
5.624704950310346896e-02
1.680256486812291561e-01
8.559403326960021707e-02
2.260672036517102912e-01
1.196019468616460815e-02
1.934102872754571711e-01
1.348183584626483078e-01
1.125569111765354208e-01
7.217820070798590393e-02
7.516628422012505695e-02
3.507209138678814286e-02
1.348194385584084720e-01
1.115223813574924283e-01
1.889055293347227105e-01
2.305292452440814432e-01
1.447310584720035986e-01
2.189232414382648595e-01
2.247036897669945077e-01
8.909219720528437081e-02
4.846899473005084752e-02
1.278107470976916071e-01
6.341154340852242499e-02
2.981046113005721490e-02
1.437768367085202614e-01
5.712072792215652089e-02
1.763923296240634542e-01
1.161979371762865143e-01
2.359402161722551905e-01
9.001194066138164251e-02
1.049447611609466008e-01
1.499353627984858217e-01
1.435995725688136160e-01
1.213187731579049577e-01
1.885466602810061398e-01
7.717042015485578443e-02
5.631303097859042400e-02
1.451980655143785548e-01
3.152090462754479627e-02
1.078274703567353998e-01
5.365996616959789467e-02
8.803765369489507941e-02
1.506827027225403348e-01
1.203390044372380785e-01
9.724309803073034886e-02
9.531129263548404618e-02
9.677540753596031164e-02
1.135458146776155142e-01
1.479858549407643276e-01
9.849121945957277358e-02
1.090241085395598220e-01
2.332674052749678095e-01
1.677577562662606325e-01
3.226098144024107384e-02
7.990189323029101010e-02
3.573461010223179246e-02
7.203007490816706881e-02
1.573445641964303365e-01
1.641207662170975912e-01
1.479757629254636886e-01
5.468640007211494208e-02
2.657676954139718065e-02
9.695959114539945412e-02
3.125091246353141339e-02
1.522774127212699891e-01
1.177672134361774370e-01
1.301042746927089655e-01
1.464537219945489244e-01
2.224174013011726292e-01
1.848524475887525498e-01
1.573689948561812768e-01
2.060726543769869912e-01
4.042839162187316510e-02
4.753971072330589326e-02
1.428049518251093275e-01
1.117016941219571430e-01
3.797853100657390402e-02
1.187605448660399576e-01
1.975916662252895084e-01
1.266821274140912112e-01
2.227809193376780739e-01
6.518370571273328362e-02
1.559541128921304587e-01
1.115758895616044688e-01
1.494953125732480514e-01
1.459960288625480884e-01
1.598217020824672652e-01
2.428265144209706128e-01
3.373952247450962005e-02
1.729079113529689016e-01
3.888286402183730589e-02
2.260112342224208093e-01
9.343157290640888291e-02
6.350021348105819308e-02
2.582429982551533998e-01
1.380400617486309822e-01
1.685209354279450233e-01
7.001616067162502732e-02
1.197775320992714027e-01
1.233698023099908114e-01
2.423430662502806809e-02
1.961001992934023053e-01
2.043699777210137847e-01
1.396130479473762509e-01
1.750065021727339742e-01
2.579056623458504949e-01
9.393882778736904748e-02
1.750425810317304542e-01
1.988510180215049550e-01
1.386342872480232358e-01
2.246659489204030913e-01
7.001616067162502732e-02
1.039653156746663670e-01
1.729687915553395836e-02
1.516316653050168439e-01
1.161874124643880596e-01
5.920299487145740114e-02
2.329764509758362467e-01
5.199807410611641256e-02
6.318578782510720325e-03
1.208677125215826126e-01
1.700145704472237895e-01
6.876021015242554657e-02
3.031405068815961820e-02
2.069667965321908554e-01
1.013984755286769929e-01
1.044927693787977008e-01
2.124550445151478784e-01
1.204348316858529222e-01
5.487748690103622096e-02
2.031199837603852032e-01
3.788922598643063716e-02
1.450388913917148304e-01
2.165406512654243221e-01
2.479528061386243876e-01
8.168739625834715856e-02
6.257948330430827821e-02
1.366582991366832589e-01
7.702586596658593521e-02
8.984302519134187981e-02
1.011494986454505585e-01
1.493033687883495442e-01
2.157530687762336807e-01
2.883400385005545352e-02
6.204610338776864881e-02
5.694807125889447819e-02
1.956078381379647568e-01
1.860278804550660192e-01
2.526499726521410083e-01
1.600354587382287752e-01
7.892026764951104445e-02
9.322090834897797662e-02
1.640081217069370711e-01
1.653469742540321363e-01
1.145983494238862893e-01
1.234287028124102514e-01
1.138343537696888397e-01
1.380837316782171920e-01
7.177467938148880677e-02
6.821349340306229192e-02
1.390174564014688974e-01
8.943997584318975902e-02
1.817431874250946822e-01
5.566249669553074292e-02
2.174734702904504713e-01
2.491197715087073994e-01
1.956612760540241691e-01
2.445511094436491062e-01
2.049887458829288342e-02
1.482192570449217955e-02
8.847694788067152205e-02
1.632369827206835711e-01
2.262040003066430049e-01
1.374465332384194327e-01
2.450261564581112661e-01
8.061491390359394604e-02
2.743642367939268592e-02
1.741268474120940546e-01
2.539873927498085271e-01
1.148422987286918939e-01
1.176106168482357744e-01
5.114788142213745614e-02
5.406563171545063912e-02
2.102344836370989845e-01
1.136094317848020674e-01
1.750425810317304542e-01
8.941422616119788780e-02
1.326136802260153569e-01
8.286318408950478498e-02
8.919311962886472545e-02
8.466408645276395084e-02
2.135219163006243925e-01
2.319380029690022438e-01
7.815900592997243601e-02
1.823037441927385927e-01
1.246902424452031727e-01
4.808008993950133036e-02
1.570932068162701756e-01
3.692922810819977697e-02
2.011209435992880046e-01
1.570658286634952772e-01
1.664126474970487324e-01
1.895880605413344591e-02
1.229962029844015592e-01
1.175895519067605560e-01
1.698889083079173912e-01
9.803647023282356654e-02
1.859960229711329349e-01
3.971162506618033244e-02
9.433672343022111995e-02
1.031869740338403896e-01
1.720763036272172919e-01
1.572911509396287544e-01
1.289970531250252406e-01
2.414704402643838010e-01
2.205516401856705555e-01
2.399275338936678603e-01
2.043696961654907218e-01
1.019159266119528812e-01
1.578849030703234346e-01
1.440652734545578260e-02
8.497336234991720305e-02
1.730259066710711502e-01
6.926102940795811347e-02
9.520901027146877471e-02
2.744567745407634762e-02
2.346908313717189221e-01
9.397696111289667587e-02
2.007380299378571098e-01
3.007416828588552887e-02
2.375938815585302011e-01
5.398886541535662109e-02
2.512684085406504120e-01
1.534768293512965565e-01
1.786949759603149446e-01
1.624140034852881165e-01
7.217398715942804910e-02
1.705116150635030137e-01
1.619699813518851450e-01
5.921985745330609480e-02
2.436546628576972962e-01
1.358693510512134495e-01
2.184089267444072613e-01
5.409227688277571527e-02
6.133584997992502785e-02
1.588534723330609355e-01
1.183620739625495105e-01
1.576961906432323701e-01
1.407264090748596708e-01
2.847143832715455167e-02
9.261964613926222667e-02
7.725669330895165721e-02
2.307881664712959080e-01
7.736827532600767943e-02
1.228485476465726867e-01
8.058958175096078702e-02
7.572969049936956187e-02
6.661241452545181574e-02
1.234211935525088705e-01
4.443043535681721196e-02
4.474304009469055876e-02
1.434454260475271151e-02
1.696568597629493635e-01
1.782532360689428053e-01
2.517176501262053945e-01
2.738782986919421208e-02
7.908058867524454805e-02
4.429030348705925713e-02
1.770066870172488094e-01
2.159240612569858775e-01
2.510120849228751339e-01
1.282771435308971697e-01
6.991951015586399254e-02
4.590461160706100358e-02
2.004230995528197834e-01
7.926537712640031874e-02
1.844114999256882825e-01
5.527443421992164763e-02
2.373844091873473783e-01
1.962841697816099240e-01
2.575143380045913366e-01
1.866205563007147239e-01
3.508514288516331042e-02
2.461455924380708815e-01
2.413979612340692305e-01
1.975424096860088075e-01
1.687439608043201922e-01
1.407642875538743787e-01
1.074933294666067102e-01
7.370940313860355197e-02
7.047946407914672251e-02
2.340804074195029505e-01
1.336532129457335960e-01
2.200510935426737424e-01
2.043903735123972221e-01
1.618530378189494412e-01
1.479858549407643276e-01
1.793951377399330138e-01
9.259742507302826109e-03
1.769674761677750008e-01
1.526649069026456973e-01
3.194270958909203872e-02
1.222965135878148479e-01
8.872134269907866466e-02
1.369855375300632616e-01
7.601033764438580587e-02
2.240219885852837711e-01
1.477661107362723270e-01
7.546535116762542739e-02
3.855500199041211190e-02
8.079050512060860501e-02
3.437909772333268971e-02
1.384421903789909147e-01
2.371752833180225950e-01
2.534674222960799361e-01
1.067815108656863660e-01
1.516640453638597730e-01
1.165816607969059615e-01
2.386963587339799853e-01
1.610818469134184527e-01
7.001567995997533267e-02
1.263749237357275623e-01
8.923218797209606090e-02
2.071956900823457293e-02
7.455870627962074559e-02
8.789773438959770646e-02
5.810934294559540886e-02
3.094560087812861515e-02
1.716547368638373650e-01
2.082438755989892143e-01
5.722227062412500731e-02
1.103617589576088714e-01
1.780336531969825553e-01
8.515563832195298388e-02
2.466791291139825149e-01
1.013858684697041129e-01
1.022394738422611471e-01
1.170013668464762041e-01
6.791948897809510499e-02
1.414996549914450674e-01
2.309253802460994043e-01
1.126607602466205976e-01
3.380539742663971059e-02
2.514282642757802444e-01
9.484817826120428563e-02
1.397047202920669029e-01
1.370984208059977394e-01
1.544702571828731053e-01
1.560944393050122114e-01
1.019550980343396779e-01
1.253338135354293004e-01
2.412455894464114459e-01
1.886965525396054888e-01
1.192801395676517662e-01
8.417587863288827910e-02
2.000584968137914532e-01
1.183769229360427805e-01
1.575522327051374072e-01
1.792591722506860497e-01
1.439785379615781402e-01
1.135353054490887553e-01
1.011494986454505585e-01
3.489397106670737853e-02
1.481110246402653763e-01
6.958086153911055560e-02
1.344042222260612707e-01
9.280006275921062753e-02
1.548900462948633594e-01
2.156681502419523222e-01
2.138690356869543674e-02
9.185849479840570153e-02
4.339387141534170600e-02
2.020501110562273883e-01
2.047218262904559327e-01
7.971221942188054521e-02
2.003445700146171404e-01
1.367249702872551098e-01
3.648724156121727069e-02
2.152925645104404040e-01
4.301570288800544983e-02
1.609061188595720671e-01
2.261963585138087596e-01
2.105738417923347650e-01
1.143021444276423049e-01
1.961310539733172598e-01
2.384982858570074415e-01
1.321580851548587177e-01
1.504958695926131018e-01
1.182852686219443006e-01
1.506228339804610294e-01
2.237331285778537335e-02
1.144130308812980890e-01
1.524563111851556796e-01
2.247036897669945077e-01
1.255835310147596084e-01
1.138685872206639249e-01
3.405068685992323346e-02
3.953820786000483700e-02
2.055600500080042026e-01
5.232251366383685459e-02
1.503388138735555213e-01
1.402271213657705073e-01
1.093552967082394300e-01
9.015714724401652225e-02
2.564848377951378308e-02
1.100845979327455676e-01
6.023646161578213865e-02
9.954130167562855180e-02
2.522502260079156899e-01
5.810934294559540886e-02
2.405254009150472050e-01
1.384815371947626939e-01
1.793005456684245158e-01
2.458338956511058049e-01
1.542654263427467309e-01
3.476740131689216168e-02
1.435487624319405943e-02
1.522666694126630915e-01
1.058950792961318860e-01
2.318107939340402213e-01
1.008067317242383187e-01
1.222514786714988672e-01
8.877293931697896601e-02
7.549060752854250267e-02
2.553966417900377373e-01
2.546820773052245745e-01
1.699463708816235374e-01
1.786311744568819526e-01
1.145128747969060001e-01
1.573921125934554244e-01
7.849599632024978346e-02
1.468891744304762770e-01
2.269542067013702591e-01
1.575951984873910916e-01
8.435692171146955132e-02
8.445847459310798500e-02
1.591583140649747152e-01
6.679872965789004913e-02
1.266466661633531832e-01
2.449743762659723767e-01
5.845591823053912506e-02
9.793041434984620097e-02
4.278950152314868471e-02
1.604194507944002313e-01
6.583618900659612971e-02
1.244520499479846443e-01
6.687384983375356529e-02
1.914027647073000271e-01
1.796600890663590244e-01
1.553886211160906416e-01
1.207819499703698118e-01
1.319060195020340664e-01
1.548625449349123606e-01
1.155144024621275189e-01
1.568120185998989058e-01
1.602438784112596715e-01
1.752948876440340586e-01
2.554350414926490412e-02
9.761599749307141305e-02
7.572969049936956187e-02
1.802051960973658495e-01
1.337715617482345964e-01
1.704844205106528787e-01
2.435285505451128540e-01
