8.020628132382712997e-04
6.316543596134538635e-04
7.574704822105308337e-04
6.892792091804633139e-04
1.249792349400380810e-03
1.078932320143734334e-03
8.234925955927877581e-04
7.901183993715347846e-04
9.081451717428062420e-04
1.513933001579192798e-03
7.466498670763912094e-04
9.443362242660080464e-04
8.818276697293208960e-04
5.529420320673035169e-04
7.945176234744288869e-04
1.149656875470174422e-03
8.390210462836632244e-04
8.806666300128605665e-04
7.924997154727918009e-04
8.612495151469102845e-04
5.783745522957648832e-04
8.309734208775170156e-04
5.914956636703285874e-04
1.169261136735398610e-03
1.296567748398511771e-03
9.369507733166681672e-04
1.139664328230368534e-03
1.199455174765972623e-03
8.972136210931181289e-04
5.839296897746180243e-04
1.171654765776682788e-03
9.998773628713127862e-04
1.259631756065633266e-03
5.357175445236260665e-04
1.553108125378593017e-03
1.402078137263394406e-03
8.842817059011383232e-04
1.358031742388671583e-03
8.296807550449429754e-04
9.868968150206082045e-04
4.782952295728951997e-04
1.021469387443964391e-03
6.776719053677301378e-04
1.125082905206360511e-03
9.945873285750947684e-04
1.217195439779159612e-03
9.060457497545419420e-04
9.959673442944969382e-04
7.861159512259945558e-04
7.621301070472608899e-04
8.670841312896836140e-04
6.962649041682778331e-04
1.592384550471573996e-03
7.400571632548054186e-04
1.052144762510832552e-03
8.409402498620164755e-04
1.111685977618853335e-03
6.506737922240352296e-04
7.275981857780888578e-04
9.550672883366649645e-04
9.946574898946933078e-04
1.209017145543374392e-03
1.425002530984055852e-03
7.383690608430477269e-04
1.513185791455749253e-03
8.250576383804769784e-04
9.872922523946900744e-04
1.058252392010312209e-03
6.390950552679010473e-04
1.588947267198736286e-03
8.058087566480971308e-04
8.900963968872593283e-04
1.180230922442307212e-03
1.366925877234760698e-03
7.059477209857122765e-04
1.521471061316342563e-03
6.506737922240352296e-04
6.458284737099121006e-04
8.576967143133783266e-04
1.268359320320693300e-03
9.146407298991842631e-04
9.637644824760453191e-04
8.744291451488341678e-04
4.946106657874461531e-04
8.321403140841780299e-04
6.963236317086322295e-04
1.383912768340262670e-03
8.619599316446269286e-04
8.813202755770294019e-04
1.613899858031545573e-03
8.735946439942836794e-04
6.560230175841411104e-04
9.610271449061036494e-04
1.013032228323087081e-03
1.563352460734165721e-03
5.649517231924516217e-04
6.802258980720330946e-04
5.859116092002849933e-04
7.156124688816591041e-04
7.857202049539085053e-04
1.774330996043721204e-03
7.493213508353044425e-04
1.134032945074222101e-03
8.370385588128858483e-04
1.223255995467242407e-03
7.575402207198753341e-04
1.285227192532812941e-03
1.574074541471442512e-03
1.078452952223285391e-03
9.707057248845493962e-04
8.364246458481557718e-04
6.058506879432832941e-04
9.500606062507268874e-04
1.285814480274210733e-03
8.087425851928880605e-04
6.350156736421840855e-04
5.119571531745176164e-04
1.640682724239205144e-03
6.209351695347321495e-04
1.088702188910622374e-03
8.968845585285606685e-04
8.689524520983990660e-04
7.012466662444724478e-04
8.405326485845681685e-04
1.364863929505372858e-03
7.974278779946335606e-04
5.687771721591487186e-04
1.286822521398984717e-03
8.592392414843723521e-04
6.823282764628486570e-04
5.837066167803848203e-04
1.061100808707956221e-03
1.030663696497200214e-03
1.311971052012050800e-03
6.680485834416767781e-04
1.761826532333299810e-03
1.406738839251754072e-03
8.709156408242645217e-04
7.719817134508363127e-04
7.386993291799221406e-04
1.535159061743373134e-03
7.608093134532012067e-04
7.538863237584367792e-04
7.965735595799153549e-04
7.072570768068173978e-04
1.175465812855990954e-03
5.954835993460564584e-04
5.545552789832598663e-04
2.163910159547340843e-03
9.568486137634103729e-04
5.483791757477092348e-04
1.034944550929137478e-03
6.835254056263843003e-04
8.703134971369671721e-04
8.396782482794303872e-04
1.929258961203237114e-03
8.375000394417261721e-04
6.343432558198179062e-04
6.888500366066157080e-04
7.810618634723628332e-04
8.089434181637930989e-04
8.968845585285606685e-04
1.464064815338437771e-03
9.451788187012184414e-04
7.814108271287734196e-04
1.413162607826101442e-03
1.170367831784951962e-03
1.137912142111915373e-03
7.644480467329021990e-04
6.535620848121565397e-04
5.783745522957648832e-04
7.910098571973607972e-04
1.184444923638704791e-03
9.843588886104853893e-04
8.248445576629498139e-04
7.899575699430880444e-04
7.487517024644043274e-04
1.134032945074222101e-03
9.884149146678485823e-04
1.782177798649381244e-03
1.215967632964396914e-03
1.004568163324157971e-03
1.148817773426239180e-03
7.295791289762614765e-04
1.111153727836901349e-03
1.019873251779003379e-03
1.068804326137823583e-03
1.256163859935629026e-03
8.361173281048687317e-04
1.081857126362223073e-03
1.002333137703254832e-03
9.747066733895515733e-04
7.858017362038577846e-04
5.669856980243199790e-04
1.616402943449099299e-03
7.564864790278906037e-04
6.825956074207585817e-04
6.378456802981503351e-04
1.065808687176985790e-03
1.242094889605988278e-03
1.142770486701219241e-03
8.605999370550181929e-04
1.068748724282584219e-03
1.012824273411208663e-03
1.965075374825702749e-03
4.701645915362152135e-04
7.527182215430384569e-04
9.990895930974393133e-04
1.337004345770471427e-03
7.240022079479613249e-04
1.159450471176458981e-03
9.884232538383097393e-04
1.173468245991715272e-03
2.037669670345463365e-03
1.252863230847769613e-03
1.020068845206872216e-03
1.919831641630878518e-03
5.906707271577263472e-04
7.577081817464109475e-04
1.127871696998276061e-03
9.713295266795962538e-04
8.966935094420880716e-04
1.530074188776921586e-03
1.207681810567867763e-03
8.693042934249768042e-04
7.980868364635909261e-04
1.615331022125084549e-03
7.074188167386763872e-04
1.086585135969675127e-03
5.101050578769812660e-04
7.588521141153551502e-04
9.919435569827378309e-04
9.864212033971022416e-04
8.030391100435402187e-04
6.617604343368041053e-04
6.954031383285004921e-04
8.189419403855416855e-04
1.248070068372067118e-03
5.757926569951629095e-04
6.095736712260717673e-04
1.363773433422187228e-03
6.609294710892150418e-04
7.077501755961978927e-04
8.950321595879529111e-04
1.271001411756878061e-03
8.899206237459300053e-04
6.282608980379829041e-04
1.202076907337891508e-03
1.845101514610775250e-03
1.002794024792883236e-03
1.665304509521422713e-03
8.731242748018463963e-04
2.095489268457912009e-03
1.591346615715807543e-03
6.252783805079574443e-04
7.115477793876462008e-04
5.830098562753962925e-04
1.232476811887940919e-03
7.127345236069622825e-04
1.199279918652587521e-03
1.337881517059410878e-03
9.132578223201062153e-04
1.465597329394377783e-03
9.481883268956778268e-04
5.878205952534205220e-04
2.800146053553005231e-03
1.467562867797189956e-03
7.147792401383801231e-04
1.668066682752795873e-03
5.728732810791201590e-04
6.961261544396237779e-04
7.565649007088793773e-04
7.065574570760392538e-04
8.257781280129699013e-04
5.602119660019228963e-04
1.282654551946073090e-03
5.739339015878238163e-04
1.506970274496103853e-03
6.398504666957508056e-04
1.466572991867829811e-03
9.943634483601674137e-04
1.296570064482209864e-03
1.083473245084665831e-03
6.616267993679108509e-04
1.120078915679021151e-03
5.247802673359847027e-04
8.015989210779361903e-04
1.018371574058964547e-03
9.976746391944862295e-04
1.718824062826205482e-03
6.931637928537241929e-04
7.346134994673363680e-04
2.454034616841056435e-03
7.475483059939616202e-04
9.033271413741247478e-04
6.434129351422940030e-04
8.309331648144820028e-04
1.117999496399771061e-03
5.837308416556636443e-04
1.211403157751501968e-03
6.116410337222637043e-04
5.530542168569430820e-04
1.217084213075337977e-03
1.379009568202339180e-03
1.342785045220474703e-03
9.940526444184574414e-04
3.499336187662031340e-03
6.511487565133913672e-04
8.215948574990208269e-04
7.527270815883993580e-04
6.700987033025963303e-04
8.470660644018376470e-04
7.330320388935598116e-04
5.059869533307134607e-04
1.173464550134976133e-03
9.884149146678485823e-04
6.660291952757633896e-04
5.439641229184334322e-04
1.297030886198586967e-03
9.308294446522043675e-04
1.047913259825057663e-03
1.520449998692280673e-03
6.954031383285004921e-04
7.103618829372600457e-04
1.534046276153498136e-03
8.471872871130656409e-04
1.118351035925413753e-03
9.203351652429016001e-04
6.788833417311428663e-04
6.227232147746464665e-04
1.595246143678759245e-03
1.027203723424854930e-03
7.329228622265733430e-04
8.128706148229640667e-04
1.873378706172686712e-03
6.914338127654311075e-04
1.483395199124459742e-03
2.143222148710567480e-03
9.009857078902478106e-04
6.387068513603150980e-04
8.266602229588816122e-04
3.487953157895302969e-03
2.191830697195974644e-03
9.503302834575975532e-04
9.532304348662349333e-04
8.025469732208098325e-04
5.878271307238915316e-04
1.789961599471172208e-03
8.394159225595075602e-04
1.068566829773351552e-03
7.209261788721579595e-04
1.259631756065633266e-03
8.787587766382513139e-04
8.229439162257285584e-04
7.555805370413106728e-04
5.982562994456606768e-04
9.220652557965095322e-04
7.577081817464109475e-04
8.173945857223612792e-04
1.029913593184402561e-03
8.452730748389291173e-04
9.744027853603563641e-04
5.985729526244678222e-04
9.753069721342188299e-04
8.785393172944356384e-04
1.094993434466949881e-03
1.082399904861190048e-03
9.034153892953408326e-04
8.137637695240720762e-04
1.137912142111915373e-03
7.807171273160658925e-04
1.057858889966921184e-03
8.217489654643094854e-04
1.063402255429785363e-03
6.821340169967917083e-04
1.457910108235503871e-03
6.344742477658144812e-04
5.930072173772430464e-04
1.951153174753504594e-03
9.058421491540795140e-04
1.006123375651629855e-03
6.815209839362844661e-04
1.241560374723471279e-03
1.176225472985152273e-03
7.286306881636093980e-04
8.266523511357080608e-04
1.479075078748932556e-03
1.386315832010847314e-03
7.637850456001050786e-04
9.432110343865859241e-04
1.973520177950882203e-03
8.883957977633466421e-04
1.492154625026971678e-03
1.879842601862864509e-03
8.273334875822125354e-04
5.416444783020552770e-04
8.713397809882123066e-04
6.689089648061326233e-04
8.788410478241884000e-04
1.665639757941099865e-03
9.380619212721482119e-04
1.117544013629008992e-03
1.159750692293093485e-03
5.193163337741537417e-04
6.522207668153166609e-04
8.388337586345163011e-04
9.636956219939204343e-04
5.843547434392478085e-04
9.758439805988019210e-04
1.040750070302027012e-03
8.193413635819080847e-04
1.003538614585542180e-03
1.127147492023264147e-03
1.411357054319931602e-03
7.314584681876396335e-04
4.668365357538364099e-04
5.545552789832598663e-04
1.236618587105080356e-03
8.336281098369183098e-04
1.045705111997740798e-03
1.990168477977386028e-03
6.477074251685176589e-04
9.546194567952810467e-04
8.311724041196664721e-04
7.901625031450012094e-04
7.265034599676605106e-04
9.931265013740616168e-04
1.274568684098467989e-03
1.136745506805504234e-03
7.611322800844249215e-04
6.694711672786367307e-04
7.441474401502381044e-04
1.064077797475116403e-03
1.104598547734665604e-03
5.755544952916378208e-04
8.530270725540129448e-04
8.749122549785266160e-04
6.374127449123333840e-04
1.268057244416097773e-03
1.194176796992483646e-03
6.779572643303319020e-04
8.719946831951647884e-04
8.262960982062931593e-04
9.572320233513139645e-04
9.070679575982057083e-04
8.956238894440867555e-04
1.467837140424851482e-03
8.876265570046662154e-04
6.900207349275230915e-04
1.180008161597126707e-03
5.630728852658774958e-04
7.368590264203081887e-04
9.772020250222075450e-04
9.087731232502333509e-04
8.384854355784647148e-04
7.550535862111455937e-04
1.443121750023521272e-03
7.401009116932572842e-04
1.218790909924344400e-03
1.251227774486324837e-03
6.222770755687948930e-04
9.749544435989309071e-04
9.724802598012724682e-04
6.185504007439316830e-04
1.015685152558650070e-03
1.593884368183147221e-03
1.009634342108322279e-03
7.262597379339664691e-04
1.683703035267831993e-03
2.199007711346759493e-03
7.570827799502934368e-04
7.589744275642012084e-04
1.137179442316552623e-03
6.182212367678421644e-04
7.523017831219568552e-04
6.381344236693933499e-04
8.598189946094726222e-04
1.042947772359043056e-03
1.295029135824077738e-03
1.018245233628877616e-03
1.701319432839690053e-03
1.123166098598740812e-03
9.404085486509008605e-04
9.630517557461136177e-04
9.996602827331603231e-04
6.306060614596339584e-04
5.949154593205546867e-04
6.535720261105920376e-04
8.325100648367151626e-04
8.470072573037366838e-04
8.546519354106490041e-04
9.990817585824281807e-04
1.076720750504119332e-03
1.009634342108322279e-03
1.677293203114315571e-03
9.955646316980599608e-04
1.209996452647512429e-03
7.370312970461673652e-04
8.081339750564715948e-04
1.040325382506455260e-03
1.113400831127880561e-03
7.195022747003124207e-04
7.329228622265733430e-04
6.691759588778396946e-04
6.944775145575696066e-04
5.955751593147742525e-04
7.972461793393252269e-04
1.120650126034411585e-03
1.004057827106592891e-03
7.213728961475113048e-04
1.028278540359647960e-03
1.649502981994093636e-03
1.170737486104367515e-03
8.363900264526468288e-04
7.465167102973206551e-04
1.097886704128516085e-03
9.583432188393926346e-04
8.556904187180562008e-04
9.611823795466910465e-04
1.526614694978636845e-03
8.963453329892327563e-04
7.177812736671022355e-04
1.273282800241645014e-03
1.118908473508669829e-03
9.995333308003544887e-04
1.170490147746885848e-03
9.288549432426120630e-04
9.000318597339338140e-04
7.952559869744548838e-04
8.116997077364375250e-04
7.053797337071140636e-04
9.172608120538004338e-04
7.627668742065468960e-04
1.089922278053914858e-03
9.772255997329692013e-04
8.055297538704152358e-04
7.999178461128142849e-04
7.442852650486885295e-04
1.946078706574441708e-03
1.144813027385499851e-03
1.097748261953069215e-03
1.181369181041893538e-03
6.128610390010538235e-04
6.354456958167177191e-04
1.087716472896112533e-03
5.572580304300147735e-04
1.255172974943615568e-03
1.242118260637470328e-03
6.287820990843611974e-04
2.236237709020900011e-03
2.100374980611010266e-03
8.700815749791498835e-04
1.064847813420311201e-03
9.739092253821592408e-04
7.056894907011079061e-04
1.263996408215427043e-03
1.400059958300191093e-03
6.003083574924765117e-04
1.251665643258556776e-03
9.312869938215414742e-04
9.807554446314670996e-04
8.130000408429217387e-04
8.599337674184659138e-04
7.528686622622486916e-04
6.847677862755963607e-04
8.766408020998814506e-04
6.287820990843611974e-04
7.548849794433354007e-04
1.180481525898768261e-03
6.970210111693046643e-04
1.240500013710893598e-03
6.378645110665263690e-04
9.730747767174642050e-04
7.588416591035493071e-04
8.128366779696430400e-04
6.267940914360510757e-04
1.930127646385081759e-03
8.112033894507363410e-04
7.426903648186470317e-04
6.064791965761530792e-04
8.020628132382712997e-04
6.433577507357685814e-04
9.583321838893422290e-04
1.064581965201967604e-03
1.428820994736445041e-03
9.952502167093007189e-04
1.348325498097393887e-03
1.478258802139148812e-03
8.158346033751769522e-04
8.340621378365466448e-04
5.472662506105204286e-04
1.159450471176458981e-03
7.476489374960246671e-04
6.597085428324945102e-04
9.035305525033247116e-04
1.591987257786989240e-03
1.325106674798957754e-03
8.849680464065254066e-04
8.919051573480200499e-04
1.335636544094192081e-03
9.593309330220112056e-04
1.255683332013649922e-03
1.138054937644462396e-03
9.653472348323692337e-04
1.411841519730271241e-03
7.487517024644043274e-04
6.518776647968747015e-04
8.141410143855232597e-04
7.975162179309804034e-04
8.730227527835316814e-04
9.653226485444481916e-04
6.319570793317881487e-04
1.212317050205388323e-03
1.363007674811026349e-03
9.621242954410929964e-04
1.188356953153816079e-03
7.717003507919831902e-04
1.240399463853821558e-03
1.504983308031257721e-03
1.133303190996239008e-03
6.681058273709571203e-04
1.057858889966921184e-03
6.468955874411232848e-04
8.353410967796087109e-04
8.659569718968075820e-04
7.960675838113694938e-04
9.919220978466527713e-04
1.355919938323575007e-03
8.586083138047629531e-04
1.186237709524854160e-03
8.167845083393912835e-04
1.237371473106070293e-03
6.920310259371106019e-04
7.276957417304794366e-04
9.384671668051830680e-04
1.263191396810289368e-03
1.059432616738286217e-03
1.107305664629165990e-03
1.930127646385081759e-03
6.178708793817413265e-04
1.689989243354688862e-03
9.223470207464256384e-04
1.020869587753558050e-03
1.137364003828548673e-03
1.071246109799417262e-03
2.503469170426105440e-03
6.891765794162308181e-04
9.885633125009665387e-04
1.033399698155560006e-03
9.190651081928685609e-04
9.476341097412041212e-04
5.997055721895974256e-04
1.873378706172686712e-03
5.026295787870772814e-04
1.036058696717238013e-03
1.079664111442800228e-03
1.242935019097507563e-03
8.394159225595075602e-04
4.939141431926657609e-04
7.776999942057815805e-04
1.498325417120588074e-03
6.473469415919317358e-04
6.957374508345259443e-04
6.868978621599375247e-04
9.575840938663076696e-04
9.628668999161047902e-04
9.825068171834868552e-04
9.624861452736501247e-04
8.296807550449429754e-04
9.416958710121079140e-04
1.252610044982745748e-03
2.271989435694602658e-03
1.817412790892265978e-03
1.128853359156022388e-03
1.361726780397916597e-03
8.311724041196664721e-04
7.990532929677801165e-04
8.455862476925699641e-04
6.711565381495162783e-04
7.781020542389028910e-04
1.683139409009724689e-03
7.078081362414724055e-04
8.498210986277992401e-04
1.156609396427173706e-03
1.277057586190181743e-03
1.243824630552203261e-03
8.175756674870832564e-04
2.101390595767472971e-03
9.740106621397889419e-04
7.216198904906618444e-04
1.448206511860730510e-03
7.143967771344465929e-04
1.232540098591436949e-03
7.469155695438086133e-04
7.371616372490370252e-04
1.563342236922233034e-03
1.240510773513663068e-03
5.270584028515261799e-04
8.367520862456701795e-04
1.082378643420687115e-03
7.907908560400570734e-04
7.752111621577008295e-04
5.782292194996786153e-04
7.021158217857855887e-04
1.313401201912511949e-03
1.071957929081886196e-03
5.641623218491286168e-04
7.757291415563458137e-04
1.273840192568346727e-03
6.623718981148736269e-04
7.626196997554874658e-04
7.928527641955389121e-04
1.423359897783581544e-03
1.948586853305577437e-03
5.990723377497003590e-04
5.650450683662312096e-04
5.539917573986127830e-04
1.046278467117661920e-03
5.433108426778288568e-04
8.675542631734893843e-04
1.000562437334631813e-03
8.861954786947772800e-04
1.399249642403838220e-03
6.378291458571469117e-04
8.906926711943315622e-04
9.263002886945549338e-04
5.396452719161359303e-04
7.569157890305162027e-04
1.513933001579192798e-03
8.004458320902412168e-04
7.372554740394051970e-04
1.171654765776682788e-03
7.332891449270550902e-04
1.302715679271718380e-03
8.265287678332372979e-04
8.969986173732090668e-04
5.646096423579182550e-04
9.267319091992849527e-04
1.002547964137373571e-03
1.190847195781519338e-03
1.439076026421111680e-03
7.623529297056055734e-04
5.745329106174048260e-04
6.424396757974888987e-04
8.583651493033286374e-04
5.765309261899279319e-04
1.494926147219972261e-03
1.313489792922231713e-03
7.568468813002529735e-04
7.406493343353778673e-04
6.615738146442041350e-04
1.186170001116259492e-03
9.807689458612434130e-04
8.352245551649296234e-04
9.070375648181874155e-04
1.127147492023264147e-03
8.300123174153471338e-04
1.027111734428290792e-03
7.585026074800306712e-04
8.775577414315614919e-04
9.089909242094283172e-04
8.878439227411389538e-04
6.739379234872025027e-04
1.019303747823112295e-03
8.272956361528328037e-04
1.091571643269650385e-03
1.280435164784706186e-03
7.464856379621951895e-04
8.262965803791349605e-04
1.358264044552009303e-03
9.768545499755951038e-04
1.646685349549418653e-03
1.347340143617336162e-03
1.115328587760335910e-03
8.274084931237171703e-04
7.670083371101955655e-04
1.664510892500814260e-03
5.936383455220079885e-04
5.584692183594324464e-04
1.099470035718346211e-03
1.361346368192039398e-03
5.792859629870152375e-04
7.109196751418754177e-04
4.706446793921285898e-03
1.030859002572898347e-03
8.458440627553689365e-04
9.360131658082530576e-04
7.255864162540341319e-04
7.985725383789881978e-04
7.496559680739955369e-04
8.726451617022739846e-04
1.148672080385722922e-03
8.031904908170509148e-04
1.076993056577937044e-03
1.428820994736445041e-03
7.955488562870899338e-04
1.587349041503408834e-03
1.407675555330234647e-03
1.262473563990468327e-03
9.306633147498364136e-04
9.296196923160251644e-04
8.613179144422842713e-04
1.401178339543783166e-03
1.033713806071403108e-03
1.327065366947575292e-03
1.476829351219350944e-03
5.817227745572500558e-04
1.170484107013046058e-03
1.026703616716750055e-03
8.354682271034012068e-04
1.094228941708188033e-03
6.599458233289401789e-04
6.348811342292282186e-04
7.935712423034633946e-04
1.718824062826205482e-03
1.009095220687886802e-03
9.909752030691186542e-04
9.182711145965357291e-04
1.032420973567892792e-03
1.233192091749402272e-03
7.623529297056055734e-04
6.472426234448617295e-04
8.237708749653751454e-04
1.361726780397916597e-03
1.064962702678100195e-03
1.044113415296600003e-03
1.009531881912695576e-03
1.342054058589497046e-03
7.542800905466431763e-04
6.363612355814795641e-04
1.152758412273639094e-03
1.585709532475082723e-03
8.154967296077703315e-04
1.119178766977177051e-03
1.131945296227144463e-03
2.522043181465860422e-03
1.059321858142135047e-03
1.531395367144553973e-03
6.060951118716085108e-04
6.127975369314743199e-04
6.736116689063302403e-04
6.661159140101070766e-04
7.209261788721579595e-04
1.404030735370369321e-03
4.784021454722409204e-04
1.101152959482094677e-03
1.149028974494331655e-03
6.512897524229419770e-04
8.842817059011383232e-04
1.457026959104262311e-03
6.134745193530792345e-04
7.184306239258685892e-04
9.876884002704879994e-04
7.467616090744239000e-04
8.266602229588816122e-04
1.995642280331718071e-03
1.034035045239681564e-03
1.152261766654729845e-03
5.840013260442127952e-04
8.685124641236830574e-04
1.048423492076714812e-03
9.057524963072307840e-04
7.755652833604497745e-04
9.257543245088964120e-04
7.226767163747576956e-04
8.641827311267977901e-04
1.361775707992981480e-03
7.361608142432997642e-04
1.369058602235692776e-03
1.199279918652587521e-03
1.853459151806859627e-03
6.014482380443353067e-04
9.606839962321847906e-04
8.719946831951647884e-04
9.033271413741247478e-04
7.430914530362299269e-04
6.535738008994315847e-04
1.394530695442399793e-03
1.155988181786486626e-03
1.250322016915540041e-03
1.609581587832802519e-03
5.246728688024540318e-04
2.111136633261663596e-03
1.117999496399771061e-03
1.055773202372490378e-03
9.960547856458622923e-04
1.591584704339055450e-03
1.693133785639862506e-03
1.742562041848384584e-03
1.351696719986569383e-03
8.140651903648403118e-04
5.119154132917333499e-04
5.381235019805922365e-04
4.915251444960604425e-04
8.094052821349262275e-04
1.114832424480285619e-03
5.955881080512368799e-04
1.597645204358878745e-03
7.075957001990525923e-04
8.989569622532458514e-04
9.096785150590545703e-04
1.159450471176458981e-03
1.676613270705166374e-03
5.646040723584614708e-04
6.751317538837233899e-04
8.693538184297523643e-04
1.553814096760724583e-03
1.263996408215427043e-03
7.327334171177067547e-04
1.043205081214996707e-03
2.078055822739310367e-03
5.310267803660706802e-04
1.135626783215537821e-03
8.488686784617126106e-04
8.038732219742207759e-04
7.290490681547560957e-04
1.904927040231061373e-03
5.089559030937032894e-04
8.264238725385832270e-04
1.026400513003744965e-03
1.130157234498768183e-03
8.389836259908905938e-04
5.809384694549658140e-04
1.959063255979693642e-03
6.781153377204930319e-04
8.552791365418991199e-04
1.041974299630891044e-03
8.708195286935118198e-04
7.048359734915396685e-04
8.648582843925690976e-04
7.167533394832702577e-04
5.775098973137698672e-04
7.721975104273448879e-04
9.713486447102647999e-04
6.943733571898767169e-04
1.718824062826205482e-03
5.937050763074310043e-04
9.125839719137746270e-04
1.462553445587566744e-03
1.157818618312482072e-03
8.522164569662496036e-04
9.446343757735808401e-04
1.183969984624720726e-03
6.536510855704266059e-04
8.954722020252579807e-04
1.013746535998596683e-03
8.899206237459300053e-04
1.139896230709623766e-03
7.904996040111822789e-04
2.741653700084605016e-03
1.429622487500439290e-03
1.062881918224891416e-03
7.526946890932494083e-04
1.128120823202608111e-03
9.703097436653762781e-04
8.677007322180109450e-04
7.528596121537055839e-04
6.242838524941614169e-04
6.640121340966154964e-04
6.531351774378024071e-04
1.148722410190306442e-03
5.755678704752551639e-04
7.069344782925130084e-04
1.141373352606544220e-03
8.556904187180562008e-04
2.077121558053764572e-03
7.246596473490649797e-04
1.392666565971096464e-03
1.267593098064208031e-03
6.207587509678946487e-04
5.600650508367910471e-04
1.386877673016899491e-03
1.405621576126154506e-03
9.356916334591554611e-04
1.243824630552203261e-03
7.075957001990525923e-04
7.724923464239254103e-04
8.470855416958325296e-04
6.320653981431564785e-04
1.134295202949522864e-03
7.029355726928782728e-04
1.109933778820901230e-03
7.362091982841297141e-04
1.114694801959510576e-03
7.524803913958503327e-04
8.785134228938617845e-04
1.493231151992182541e-03
7.344333209249202582e-04
1.037471189984740926e-03
1.055184626838496283e-03
6.375070452744716109e-04
9.351980458854561740e-04
6.646399918400471224e-04
1.047354998217725399e-03
1.072120958829610735e-03
6.779123892056551420e-04
8.616676125633299099e-04
4.773079006167583647e-04
8.979317864307494396e-04
1.192171468802372689e-03
