1.030291029690644511e-01
2.583423793289144066e-01
1.376927834884711654e-01
2.180256193143560728e-01
2.765176388703337595e-01
3.001106622858045747e-01
2.613973112019728484e-01
2.916772904363932328e-01
1.867793549852291290e-01
2.679819895507683514e-01
2.536184658690364135e-01
2.580347576389905861e-01
1.639060679001946852e-01
1.103917347894802919e-01
1.840077509781066767e-01
2.542746425356445239e-01
1.990494501921853676e-01
2.694453664794008163e-01
2.343893665989257857e-01
1.392409726212882892e-01
9.341959926548755455e-02
1.639377399457242201e-01
2.633765163984725932e-01
1.661214354959425488e-01
1.585887499005271262e-01
1.099240323260958357e-01
2.651358462615373557e-01
1.667269761315167964e-01
3.434585210274294920e-02
7.603106771124197583e-02
1.769980721075169183e-01
1.101675099149188874e-01
1.918088341360210947e-01
1.391404005161716861e-01
1.942469888081501950e-01
1.006849368822703150e-01
9.835520269474545829e-02
2.307386474738241586e-02
2.494002752381635490e-01
3.038770871378101979e-01
8.877409260669168189e-02
2.300687120293774535e-01
1.769633070445157386e-01
2.792839979920573867e-01
2.230101396361336974e-01
2.939012529892718328e-01
1.977552556527549521e-01
2.995725754024715082e-01
2.206698753915290190e-01
1.723197416992420239e-01
1.220006007848244284e-01
1.285040792578392155e-01
2.353150644834934579e-01
1.920516563847482761e-01
1.537234849371044432e-01
2.600629961897958364e-01
2.688504315401554212e-01
2.762738115693491592e-01
2.522595757962692864e-01
2.087233987792172785e-01
2.521259379324647942e-01
2.453154100356188250e-01
2.446248105081107183e-01
1.736534597990248840e-01
9.751324305175225471e-02
1.697780612294781943e-01
8.720123705492381638e-02
7.893391528710108629e-02
2.932733849249769542e-01
2.215358785646231732e-01
2.057053817238229942e-01
1.942518172175811408e-01
6.905077075934318298e-02
7.673705494808792660e-02
1.737961063896598934e-01
2.340677675779944678e-01
7.510144220984425745e-02
2.050673025176642794e-01
8.788026169678818389e-02
2.643466278370575906e-01
1.822436833355853825e-01
2.794452664195476443e-01
2.553916952610378877e-01
1.727616332702857638e-01
2.175657990628457883e-01
2.554878509709288537e-01
1.305519015366145008e-01
1.018735292679511378e-01
2.926382041367083242e-01
2.149417726815227858e-01
1.415934951241833162e-01
1.085889703422445313e-01
4.243854209071411948e-02
3.028369728042493714e-01
2.122528897596844544e-01
1.517750162799602620e-01
9.751636210326071474e-02
1.290513667645732943e-01
2.021902992539192576e-02
1.897470355174483425e-01
2.022846193795058423e-01
2.103328907543443593e-01
1.086072186982911247e-01
1.948936916092526284e-01
1.821660328085955571e-01
2.613400679301937091e-01
1.214345583368597881e-01
6.997582545078424865e-02
8.406060918805351168e-02
1.073784211001360539e-01
1.653685653548714052e-01
2.084469984688558375e-01
1.913279311737207389e-01
2.737363157570471550e-01
1.168941664649974094e-01
1.821660328085955571e-01
1.375105321338300768e-01
2.077460713570817574e-01
2.916248069661723230e-01
1.065442941282973704e-01
2.415637799432784893e-01
1.103612263371392538e-01
1.845484544111586078e-01
1.237437916855899933e-01
1.438426839484816255e-01
8.620639904665874931e-02
1.250625254017241339e-01
9.741426865173287430e-02
1.381511944904895706e-01
2.688104476304680190e-01
1.822436833355853825e-01
2.600458136236570295e-01
2.015767729639377226e-01
2.037312547692992915e-01
2.132340841352787231e-01
1.466846272761550829e-01
9.300676905742727429e-02
1.539438398085520299e-01
5.960544399284764538e-02
2.597804781013732800e-01
2.896599965585340275e-01
8.705860357556247098e-02
1.154696399062849904e-01
1.199272958391629368e-01
2.052231996727335861e-01
9.450098970692301370e-02
9.861683210987444437e-02
1.638136144578725417e-01
8.646620838650490026e-02
1.043563316795966811e-01
1.546257046797692991e-01
1.323420931153064528e-01
1.902831651013300041e-01
1.952487194123448677e-01
1.360404114559719269e-01
2.261352638069047127e-01
7.836532025328134254e-02
1.043601668139435418e-01
7.913200770770965897e-02
9.249429750530782646e-02
1.112990638480026856e-01
1.547287684451715550e-01
2.187462904325709612e-01
1.451816220463131024e-01
2.109930835113397740e-01
2.772273305852916425e-01
2.204922954188881790e-01
1.593002119010189510e-01
1.855573744308535722e-01
2.817374215415551775e-01
2.750431446694631132e-01
2.541692719742930096e-01
1.622235267668539760e-01
8.580877250933537093e-02
1.875900137927015709e-01
1.735549185217218071e-01
2.214522095951342029e-01
2.191764574547508948e-01
1.179723570721899345e-01
2.943669049509641811e-01
2.134477985656664800e-01
1.447126973949592610e-01
2.299445400983106957e-01
2.667419037708718133e-01
2.020884477755434394e-01
2.855820348596753155e-01
1.032039948627382631e-01
1.638111313577874373e-01
2.845387918541049110e-01
2.456331719069451691e-01
2.894576388836476721e-01
2.705200995438726830e-01
2.082269000672889170e-01
2.689796500002000768e-01
2.895420673883567497e-01
2.689112099572966291e-02
2.293121895716548064e-01
2.623311585758865139e-01
9.722650081676297018e-02
2.956053945772511016e-01
2.025665211526100351e-01
6.537770013536840785e-02
2.050425362215487490e-01
1.317494996334871993e-01
3.401838938501672294e-02
1.915689235019820413e-01
1.387494058043964862e-01
1.574091683681114739e-01
2.652981469554476224e-01
4.038078451488612969e-02
2.287489166276909514e-01
5.071168310399690182e-02
1.032928781311267530e-01
2.047627616045279431e-01
2.993051809802571017e-01
2.423850071766122660e-01
2.906907302978681273e-01
1.542457808659751239e-01
1.522758439248726725e-01
1.744568556669826020e-01
2.362450914635016719e-01
2.197690430546914708e-01
2.173983751184893620e-01
2.880249957158692586e-01
2.395360167441761279e-01
2.094255543530219033e-01
1.195830347091377532e-01
2.224574677156101465e-01
2.284003917835630837e-01
1.148338606883083785e-01
1.897832027980106417e-01
2.136033407885467583e-01
2.465964333700452205e-01
1.255806579248574528e-01
1.206756818082711791e-01
3.006829682875836185e-01
2.632408098612258884e-01
2.793183646993673275e-01
2.170223912865645310e-01
1.831632042371260094e-01
2.417333975863806272e-01
3.072067075586732976e-01
2.928700669900229370e-01
1.422569401268566625e-01
6.555152764425821454e-02
2.604989822887720519e-01
1.895527683562705512e-01
2.525934579672336477e-01
2.105253790720777729e-01
1.395888768437454908e-01
2.430045188811370827e-01
1.779416348983279828e-01
8.849936873244464153e-02
2.296487785968949480e-01
7.150407039568817957e-02
1.285538351259914724e-01
1.384434365196342553e-01
1.604320757546480181e-01
2.545446908511933559e-01
1.733481112959065762e-01
2.649631284088985739e-01
2.341538665107380235e-01
2.975157499828451346e-01
2.417362699314626051e-01
2.645479569487900195e-01
2.484765693838514589e-01
1.653295963713654892e-01
1.725873162989796927e-01
2.909286633458393334e-01
1.237379643397713558e-01
2.551397459271644297e-01
2.078297352267113041e-01
1.441603963565842306e-01
1.025153299497302412e-01
3.069486668649240024e-01
1.054202937567018661e-01
3.049598813071412451e-01
1.495294262800916374e-01
2.956229897590805789e-01
2.414375764353764720e-01
2.216745103581413412e-01
2.647195769542488031e-01
2.397723857959294103e-01
2.326426712546232622e-01
5.351612793845322152e-02
1.460105470771621561e-01
2.525901866428101883e-01
1.850132222584150166e-01
3.846986648739419284e-02
1.362505902059047702e-01
6.636110069668736677e-02
2.391674110142338328e-01
5.311367818496880860e-02
2.256686869351060831e-01
4.555366481611979740e-02
1.224389508782028624e-01
7.600316658534340963e-02
9.353863252194780098e-02
1.441672329430186139e-01
2.796651346420201897e-02
2.023035147986957938e-01
2.543637181357963906e-01
1.364112810179557433e-01
2.208686871748290759e-01
1.924269598575658879e-01
2.264253749509015368e-01
1.943788635614076832e-01
2.217402585600616594e-01
1.386550818037369515e-01
1.062331620317457231e-01
2.789847751535969311e-01
1.963617340397844357e-01
2.950133521957881144e-01
1.797314613335956601e-01
1.982695167653656110e-01
1.163043730352609495e-01
9.078712570056335363e-02
1.575022427535295866e-01
9.173035735675595659e-02
7.118109897157401389e-02
3.736834998929811080e-02
2.086510407424419788e-01
1.321409043090693847e-01
2.561274569254631261e-01
1.646820110340939114e-01
2.597675689091801243e-01
1.363454278747232296e-01
1.236109278386354204e-01
2.534557034417142529e-01
2.193984982652740778e-01
2.168601947063499846e-01
3.038833566358606908e-01
1.518325541829367853e-01
1.037195305648511839e-01
2.827534079008363621e-01
2.572553412691900854e-01
7.248202904776075706e-02
7.454368858435245215e-02
1.798072218038316572e-01
2.860964615712087711e-01
2.071892490247696506e-01
1.233715824693308732e-01
2.824990511947070293e-01
2.641890034988046421e-01
1.084797388528193768e-01
1.267164728655976735e-01
2.144229899199396883e-01
2.091471623022239379e-01
2.423850071766122660e-01
1.725109146045584185e-01
2.028988772434507371e-01
1.636566029043289572e-01
2.381468113296136002e-01
6.575845777263621128e-02
2.091994668163222881e-01
3.026712631771838469e-01
2.455797882932963805e-01
1.909947370082966389e-01
2.630854453152061678e-01
2.354240826041859302e-01
1.378889410547887995e-01
1.575066678469676518e-01
2.641890034988046421e-01
1.165301638434636661e-01
5.168075806480874890e-02
9.483656536217099919e-02
1.821573342988404010e-01
2.793907411744901426e-01
1.413611790381751609e-01
1.978789168622492045e-01
1.519796025273268680e-01
2.262302448168007629e-01
1.335025300562215911e-01
1.293167300462428337e-01
2.431361170439933772e-01
2.425707362374126264e-01
1.811201199254241223e-01
2.258186807449392430e-01
2.961437611821674670e-02
2.237165339960162924e-01
2.855852170119929090e-01
2.119545743598989507e-01
2.763585120127826089e-01
7.742325818645325042e-02
2.556174349089387898e-01
2.315935455126527098e-01
1.508167307635218946e-01
2.715154023477174272e-01
1.445470614973218271e-01
2.383150932702450819e-01
1.543441253209243691e-01
1.454483864101110968e-01
2.337941550985102035e-01
1.579262831322403582e-01
3.037882038486682812e-01
2.422917673939208039e-01
1.661902481577986479e-01
4.926008430359379853e-02
2.069520518974024559e-01
8.895351871558154766e-02
1.150956364573488544e-01
2.650815276806008369e-01
2.315007819895579799e-01
2.001071843757946389e-01
1.736569547633811661e-01
2.266659283080527387e-01
1.014953492359152165e-01
1.398831899693398217e-01
1.541088170959102333e-01
7.864951347492607492e-02
1.946668494663838234e-01
2.850738703063037116e-01
1.484281536826689840e-01
2.816011050075229449e-01
1.570776486063042154e-01
2.311836828767326324e-01
3.016150000289989919e-01
2.816443681320108250e-01
2.371650195155024232e-01
2.005137050388783038e-01
2.901590796690486918e-01
2.784877898292757448e-01
2.787582593002285725e-01
1.723417190863864024e-01
8.704334461930852973e-02
1.560594898613298087e-01
1.409257785433001842e-01
1.601462020581694845e-01
2.202928263135502107e-01
2.282367959248000344e-01
5.757948378353688196e-02
2.891797224784819487e-01
1.871518911022261311e-01
5.143827820601988565e-02
1.704603659985673703e-01
2.477489562560696579e-01
2.757405166197564039e-01
1.348819185572037449e-01
2.886868011171571657e-01
1.126763812520601843e-01
2.290154931625026369e-01
2.259827175602848737e-01
1.798432596636748426e-01
2.343367300282739041e-01
8.660751804904431861e-02
2.643517595891091698e-01
1.486578663742224582e-01
1.523905662020476059e-01
1.208737768585933514e-01
2.632408098612258884e-01
8.089722577114169533e-02
2.361107173001092130e-01
2.215100116352887449e-01
2.224054164280494517e-01
1.568170561008321584e-01
1.719967446067127981e-01
2.696974508411115190e-01
1.912632885465069266e-01
2.953650129921637224e-01
1.948864321534507782e-01
2.780551609773084798e-01
2.930555953540822656e-01
2.907121661036105031e-01
2.472948416402482863e-01
1.590510884029734673e-01
1.408825786783892975e-01
3.053278362215338104e-01
2.946768565645835891e-01
2.513793707745878292e-01
1.280144254217259470e-01
1.086845928817982421e-01
1.603059993021496710e-01
7.688632836870944176e-02
2.514461557123614521e-01
1.407706033626403841e-01
1.509087689638918817e-01
2.573900426100415584e-01
1.820551275086039478e-01
1.158944493591232971e-01
1.380182280202288669e-01
2.096458011838233382e-01
3.006052782233061341e-02
2.559655774576519160e-01
5.539562955236543296e-02
1.605173730035987234e-01
1.751766152258445730e-01
1.497014385232745548e-01
2.320963117756238148e-01
2.355037333432061508e-01
1.875022917955647406e-01
2.528123115593384207e-01
2.430045188811370827e-01
2.468654039590897076e-01
1.203200219840269147e-01
2.329113036553584204e-01
1.368939083393577172e-01
2.411425095186757739e-01
2.259443358728168982e-01
2.840543463650773703e-01
2.289165446100794588e-01
4.572658378137462593e-02
2.966603625786402021e-01
7.004727722058753936e-02
1.963848630823875896e-01
1.994747110533320877e-01
3.030453125989814867e-01
2.316779471620886155e-01
2.797142115336481716e-01
2.243851851287603227e-01
2.659886066927032999e-01
1.906759742506752009e-01
1.621325954267263114e-01
1.625808055926034335e-01
2.976823725979367286e-01
1.383777504553510285e-01
9.500743522256950568e-02
2.380474954582549596e-01
2.973576982210666686e-01
1.673637822823254573e-01
2.758312845851443873e-01
1.444555164313691131e-01
1.802966765812335781e-01
2.747204391312932925e-01
3.024518896219727249e-01
1.524287117789992763e-01
1.687925429916620756e-01
2.195474086183712981e-01
2.442739432596454097e-01
1.833279642071399262e-01
8.607722155505961870e-02
4.210581600389781687e-02
8.031972345788483680e-02
1.573561275481457911e-01
2.725470750139046827e-01
2.301062386961532369e-01
2.606331406030715225e-01
7.381886793034941885e-02
1.479132086775646338e-01
5.188751613506023541e-02
3.063971819488488513e-01
2.039612069739333566e-01
2.395571040958732745e-01
7.461294525170421299e-02
2.872079260181413241e-01
2.210898753220624235e-01
6.590663588746428769e-02
1.738497903769484765e-01
1.892749337741936322e-01
2.898719834321841216e-01
2.431715928002537441e-01
2.932864011055266729e-01
2.044360808497521220e-01
2.668304330214971154e-01
1.514969719973039974e-01
1.493397331314251231e-01
5.920134082949733700e-02
9.904996505295253495e-02
2.977309263388073224e-01
1.953088655273484131e-01
2.123514253102513627e-01
1.243285027274472071e-01
2.287949024176454682e-01
5.614617747246357371e-02
2.508550416742130751e-01
2.534935502994727363e-01
1.334075136845239706e-01
1.512434562840112295e-01
8.890111847470298645e-02
8.605601218336711433e-02
1.263449629242734407e-01
1.100933711063778325e-01
1.717868771585922549e-01
9.251503049570583559e-02
6.589464320217390536e-02
2.559655774576519160e-01
1.077069569380060127e-01
9.388892382583571838e-02
1.608287002619308015e-01
2.384142499372189361e-01
1.019905898465139765e-01
2.633578162495915365e-01
2.338127241100881881e-01
2.532574049810921157e-01
2.037284377547475822e-01
2.022846193795058423e-01
1.517884777592275192e-01
1.246342257340449788e-01
1.953088655273484131e-01
2.440271233766125591e-01
2.994138608697314297e-01
2.469608395947111845e-01
2.156407015203078148e-01
2.911735348765708276e-01
1.568120261641057778e-01
1.421227897178589938e-01
2.573925553660820764e-01
1.945870849091562715e-01
1.920127106130212757e-01
1.715982061081087195e-01
3.037005881518122785e-01
1.576265583329591602e-01
2.640346404898266108e-01
1.291420005457149522e-01
1.796236225314637724e-01
1.073590760523854687e-01
1.622197521091917061e-01
2.871616854941217434e-01
7.973279766395734158e-02
2.529725077688613211e-01
1.323327140421333981e-01
2.835573465665779946e-01
1.047397382452426862e-01
2.377596243846038515e-01
1.020976831990783457e-01
2.224054164280494517e-01
3.358151520203091905e-02
2.596194977280103511e-01
1.352648375689668170e-01
3.024311613152317890e-01
2.971835680352956643e-01
1.392947324940929654e-01
2.208254978180699268e-01
1.451192862369267145e-01
1.211619522427874879e-01
6.885606745818012575e-02
2.793125267141345347e-01
1.604071844052355478e-01
2.426403022746936866e-01
1.749248948739560439e-01
1.845484544111586078e-01
2.262623292814452125e-01
2.344438111586539253e-01
5.235326129613073615e-02
2.806959021185446157e-01
2.514461557123614521e-01
1.449307461189737745e-01
9.698869765661960463e-02
1.218589739941413480e-01
1.451816220463131024e-01
1.067028135753131796e-01
2.262623292814452125e-01
1.089436721799494079e-01
5.071924549898434303e-02
1.969196175088534506e-01
3.012661342560415401e-01
1.055849619346575369e-01
1.693262512339824000e-01
1.499296298073408973e-01
1.897269586294920984e-01
9.460886040860576329e-02
2.530387142728741101e-01
2.271865974558302526e-01
1.483206752707353637e-01
7.096025558273348632e-02
8.025819600808307974e-02
1.132042712132025480e-01
3.053833358467621453e-02
2.363959627616938897e-01
1.104504669664897326e-01
2.659886066927032999e-01
2.398163794880704691e-01
2.786017396016340908e-01
1.335025300562215911e-01
1.421326043375160941e-01
8.210767050234465958e-02
1.514621315743487628e-01
1.776851707600613228e-01
1.607383220789907197e-01
1.220380994322043389e-01
1.687121771804443449e-01
1.882720948586893706e-01
9.449577636443876050e-02
2.806959021185446157e-01
2.169333742319985991e-01
2.377596243846038515e-01
2.945760462494600440e-01
2.158354692818502119e-01
1.449100534047946809e-01
1.801905343833981321e-01
2.909269321615285397e-01
2.236614761979731358e-01
2.490755298129563033e-01
2.299177304086161278e-01
7.892898958204415394e-02
1.352744775895323714e-01
2.311531702390069443e-01
2.644780246194115558e-01
1.812617772949358108e-01
1.369774243351992438e-01
1.321194961610961949e-01
2.238530556112144354e-01
3.004686941756665175e-01
2.660272756304243869e-01
2.423434686004200811e-01
4.613016809824575792e-02
2.746074639493228942e-01
1.532783910178646680e-01
8.973141773398615739e-02
7.261954921151474174e-02
2.403143342310879726e-01
1.199777738435998942e-01
1.292185696833981767e-01
2.676247461763052171e-01
2.705545509865912579e-01
1.818936010293542571e-01
2.202928263135502107e-01
2.149126982980373579e-01
1.787451037530268794e-01
2.284003917835630837e-01
2.585923201091004930e-01
2.648699839058255567e-01
2.515640347584504610e-01
2.759196464115648006e-01
1.726603460055308181e-01
1.130253485017823495e-01
1.188339718227058167e-01
1.601636747142894945e-01
2.898558887026548847e-01
2.541640322193373103e-01
3.049381287877341307e-01
2.403668726716874648e-01
1.656134154836579053e-01
2.351164156363677316e-01
4.925890663643465311e-02
1.488479550386613559e-01
3.235745495650772102e-02
2.648699839058255567e-01
2.683007091398378896e-01
2.916388984322932920e-01
2.378486065638689140e-01
1.860959589115259161e-01
1.014953492359152165e-01
1.052616023919805827e-01
1.236303289622171925e-01
1.987437283331285401e-02
2.719866670325603586e-01
1.473035019869891049e-01
2.640965480722125558e-01
1.300839266970490737e-01
1.539438398085520299e-01
1.897335538980893799e-01
2.906607497714042698e-01
1.667065930723244105e-01
2.907608048061688932e-01
1.594852501624360597e-01
3.061798531016285962e-01
2.324383204108386447e-01
1.889795677429498555e-01
2.445532993900704222e-01
2.129244099531646395e-01
1.150956364573488544e-01
1.211826176512121322e-01
2.457578453903106197e-01
2.764138292594228163e-01
2.009725488138972560e-01
2.798376616589475785e-01
2.230251046786013436e-01
8.588901807126113341e-02
2.328489762346112601e-01
1.418451442370212978e-01
6.618872665194457106e-02
2.157979305324857489e-01
1.378889410547887995e-01
2.733163325647938180e-01
2.650953840985091903e-01
1.406131033974848399e-01
3.069233443066744504e-01
1.656702128983625899e-01
2.524666205824909748e-01
1.687925429916620756e-01
1.524125075344850144e-01
2.446176136859085914e-01
2.650488627067081326e-01
1.726552844646203344e-01
2.450094948416123297e-01
2.282621266514057445e-01
9.215468607377974575e-02
2.820064996831118109e-01
7.526577313117756296e-02
1.963662306206309660e-01
1.868666761258102049e-01
1.030291029690644511e-01
4.686905473600880279e-02
1.718932792121461717e-01
2.436486727709148425e-01
1.693254829961984564e-01
8.440018291590656307e-02
1.460141916609187518e-01
4.723193311416750556e-02
2.903957572110175689e-01
2.053015417187419867e-01
2.341443938838932426e-01
3.013235804470634216e-01
2.993790443454957817e-01
2.422767166250373028e-01
6.327516728610128871e-02
8.146297366053568967e-02
9.169909073910872954e-02
1.287483883544255636e-01
1.443285264912101962e-01
1.341102654494647217e-01
1.585090301342814978e-01
1.423382666098132188e-01
5.153865160908448206e-02
2.433592854951650009e-01
1.157462635186116418e-01
1.010749313790372111e-01
2.440501937747376615e-01
2.839032556509422656e-01
6.451752638357190206e-02
1.183693938813587948e-01
2.324476725256559295e-01
2.041689519882302073e-01
1.729318376205080388e-01
2.783872805580058230e-01
1.521221559910569399e-01
2.025102113764011835e-01
1.705269712982978858e-01
1.932895128454642786e-01
2.116926506869296343e-01
9.760107431310052761e-02
1.160082523670593335e-01
2.792762310882982990e-01
2.222405531781676269e-01
2.726257472783444324e-01
1.659641162513070256e-01
2.568478428055880336e-01
2.546155008347354975e-01
3.022043406795730247e-01
2.088555450571259464e-01
1.580016649599567113e-01
1.423582911936314976e-01
1.569057462072182274e-01
2.503693311576043468e-01
2.874792159845172557e-01
1.181606378677760028e-01
3.001106622858045747e-01
2.876734341129855710e-01
1.517402110634365475e-01
2.895884735486533579e-01
1.037195305648511839e-01
8.551549256252927167e-02
1.335341489669414350e-01
2.093611625125503528e-01
2.893729587919535717e-01
2.364958454662710041e-01
1.320393879298857320e-01
9.364203943369067695e-02
1.859874355282532810e-01
1.880088316289535710e-01
5.662535080951319744e-02
2.108488343468541415e-01
1.285240377734715722e-01
2.902984897487374816e-02
1.152735462627337559e-01
1.112760670819000347e-01
1.483904560084533808e-01
1.657015723898889181e-01
1.901593267338808069e-01
6.201556658092412938e-02
2.655948272941383026e-01
2.935407123792347917e-01
1.935322827304716276e-01
3.643393327350315930e-02
2.513989726781452605e-01
1.880185285435976850e-01
2.799447645335704227e-01
2.280653490048314136e-01
1.138797270293322866e-01
2.168870048675300977e-01
3.689357535612885347e-02
2.935407123792347917e-01
1.422471662981673879e-01
2.922646974679569132e-01
9.318819536803153725e-02
2.775293800176652503e-01
1.835423948955066387e-01
9.182869466088160182e-02
1.293246795627765455e-01
1.866182860388048148e-01
8.320813519250327972e-02
1.231149414472791359e-01
2.496394914036230428e-01
1.735684146922981674e-01
2.121013951199250680e-01
2.942316518633766309e-01
7.893391528710108629e-02
1.222814128722321536e-01
2.167750454981491326e-01
1.230803020613036314e-01
2.707682512979547318e-01
2.716366810822064548e-01
2.322956124703964842e-01
2.785371928302368683e-01
1.300239666758611357e-01
8.574771149250391689e-02
7.038430599525663522e-02
2.617744525405374389e-01
1.079836646696473862e-01
1.513089160712889347e-01
2.508788463962925430e-01
1.171575942905728057e-01
1.517884777592275192e-01
3.030129971673875544e-01
1.872182587813629728e-02
2.079196674564207925e-01
5.884877732390962624e-02
1.256836173307578630e-01
1.717757389514481814e-01
2.162982684099004349e-01
2.355649791269919247e-01
5.994672834982652659e-02
3.017168209625482600e-01
1.933584851871043286e-01
1.377332911480459721e-01
2.535973531440822160e-01
2.600629961897958364e-01
8.509690905416879281e-02
2.477455195770605356e-01
1.460335411078405587e-01
1.697654901867543531e-01
9.930272435095248429e-02
2.367243963009000862e-01
1.465645384814193153e-01
1.235540184931068486e-01
1.394985313820127359e-01
2.530423175920781254e-01
1.645512241798066377e-01
1.321338796752679068e-01
3.007255607686208920e-01
2.634848165877318182e-01
2.341538665107380235e-01
1.724651564049587693e-01
2.293167911276179638e-01
1.994882508010534516e-01
2.298098766047222130e-01
1.290560397560725492e-01
2.927230173329127272e-01
2.581896490600693594e-01
1.980120990518703938e-01
2.512348208251538595e-01
1.003547715895626025e-01
2.500559804338435277e-01
9.736478401706791241e-02
1.166353134945083553e-01
2.591080608464206847e-01
1.081749875518433629e-01
1.846515164517219254e-01
2.977595250859548237e-01
2.378275406355569999e-01
2.780718104012641079e-01
1.492620903231642870e-01
2.405852477725311800e-01
2.585956433324533288e-01
1.428443513999256009e-01
2.863189435474716715e-01
2.293399959170912827e-01
9.506571450996544048e-02
2.370246024249130223e-01
2.414375764353764720e-01
1.294045719118618321e-01
2.820204031369237252e-01
1.229691222594567757e-01
9.375632637796711688e-02
1.216221254079388331e-01
2.390668391569623075e-01
3.366088781301376787e-02
1.023643311598489702e-01
1.280144254217259470e-01
2.901149649867739155e-01
2.526698037077607095e-01
2.771640723469681600e-01
2.899796897007962393e-01
2.573045591088409245e-01
2.557020052438542246e-01
2.261367034240791551e-01
1.836310208259816223e-01
1.974123451595097556e-01
2.368008757432332745e-01
2.956451522060959958e-01
1.622785993775270330e-01
2.868329420993397383e-01
1.482054296615315514e-01
2.256820346972477631e-01
8.329821479197063380e-03
1.418161315589484828e-01
9.646735189183108794e-02
4.514643152183479835e-02
2.523199566978288066e-01
8.913956300597716820e-02
1.802360939883488333e-01
7.031003298919097366e-02
8.561341185025102274e-02
1.677785882280076746e-01
1.217881742860187771e-01
7.722267286913846174e-02
7.729484297390998293e-02
2.951742160952681715e-01
1.812617772949358108e-01
5.445776112052670009e-02
