6.467694257375441666e-03
4.593853348530418240e-03
8.613544508167755159e-03
7.720213944061340462e-03
5.796049024195708971e-03
8.063255276741747649e-03
9.157817411225278176e-03
8.626192183438968417e-03
5.447202155166466428e-03
7.721940614833568660e-03
6.176320907035951456e-03
8.979872192700018990e-03
7.642979991140727049e-03
7.834312904054570315e-03
6.438399134834209801e-03
5.257577011785544152e-03
6.873847533671663054e-03
8.666469579043987667e-03
6.045936864793623883e-03
6.080069290821769022e-03
8.820779738670313230e-03
6.144217605142473886e-03
7.249654074481095244e-03
3.818769158228972962e-03
5.689744367990744699e-03
6.784558053349840599e-03
7.506872435893523036e-03
5.940004621753623010e-03
6.049185215049797740e-03
8.739229558105746781e-03
6.435991124499227181e-03
7.402059387927317768e-03
5.970383881973908950e-03
8.833534604725258241e-03
6.390969304170448194e-03
6.600560430114824073e-03
4.335915231896346825e-03
2.611318727663319850e-03
8.557036382005184932e-03
8.778420580187342934e-03
4.929876081632584076e-03
5.367949470732722231e-03
5.968414532720706968e-03
3.672610949282614085e-03
4.271021862090928004e-03
4.917790847669136281e-03
8.767658152778525296e-03
4.388135122439912848e-03
8.052256700370859221e-03
8.141571251898549119e-03
6.054940934018726920e-03
3.447448223670141094e-03
8.406929285298436402e-03
6.066048240018076694e-03
8.790894992587682671e-03
5.896070920444134757e-03
8.077008597234423479e-03
7.592879844051369891e-03
8.263763317661843369e-03
7.495285459911821269e-03
7.865386835402499166e-03
4.461498856092910477e-03
8.163819182781122813e-03
8.856785518688318690e-03
7.321834993429801250e-03
7.814935222011805058e-03
4.867710162511498101e-03
8.124912633698466724e-03
8.835109857210391923e-03
8.037625107211248190e-03
7.313957972603392192e-03
2.741739860385355824e-03
5.259315394011085561e-03
6.680491483500423933e-03
7.823153018332524092e-03
9.113995489284988996e-03
7.012984165024572884e-03
8.747083748030784131e-03
5.332702488323206452e-03
8.326708760412932647e-03
8.032457093870204803e-03
3.705738042452248401e-03
8.866822939045771595e-03
4.883450189889485329e-03
7.825671597724296463e-03
8.974639265221672282e-03
6.731974509754118201e-03
7.043362241648049721e-03
5.097124401708764962e-03
8.450774532292166380e-03
9.060931994849693444e-03
8.083359648919770379e-03
2.971103918755682756e-03
8.586828077112945712e-03
8.470912168756665472e-03
9.045507332701726785e-03
9.103486203179468952e-03
5.420250135169482966e-03
7.392328040231738173e-03
3.686283672900254448e-03
8.627856470450778748e-03
9.145995327175715853e-03
6.858034939680983030e-03
4.782280128454980891e-03
5.395278932233783971e-03
7.094567965891161732e-03
8.875387684630725582e-03
8.030603573426362690e-03
7.903617508034742681e-03
6.783187783764065351e-03
6.444987080613924502e-03
6.543556809398957431e-03
8.999655135597882383e-03
8.460289804058787611e-03
2.947940418767803876e-03
6.414999862852975056e-03
7.118087387195723773e-03
8.664718476389438387e-03
6.178057748767217319e-03
7.600913478116543692e-03
6.134876959957395737e-03
4.860125445397181672e-03
5.351650577703315204e-03
8.021889824681164433e-03
4.080583107071690530e-03
7.398907478752909418e-03
7.571166411311141230e-03
4.617687671466099396e-03
5.100863018832838686e-03
6.274383615867334257e-03
7.621822291071535249e-03
6.966736549273425637e-03
8.401811394180308534e-03
5.250001296872737130e-03
4.225643006622335773e-03
2.519475057140847362e-03
6.568395199297786050e-03
7.820027875253524399e-03
4.453926987539527996e-03
6.486767774883175040e-03
4.552248237518638496e-03
6.170103858496488874e-03
8.186143486521217302e-03
5.590323203161979768e-03
6.490840774970040722e-03
5.608736525622218944e-03
8.598826040638890209e-03
7.222528850237698583e-03
8.364936707229063406e-03
8.181473153029151721e-03
7.617050792857153405e-03
8.840700399497355283e-03
4.044443978547769721e-03
8.578796093856996471e-03
8.463387397398091164e-03
5.352434593372999705e-03
6.940653622670651772e-03
5.039768030973119060e-03
5.236201336409121269e-03
5.395278932233783971e-03
5.791200882817108299e-03
6.193236676988565434e-03
6.880432954706361404e-03
5.267674243675383658e-03
7.942730093088209292e-03
7.196013447564441473e-03
8.228669923084791851e-03
7.580389710931615538e-03
7.037862508614127141e-03
2.846360566807197567e-03
8.663799931500361026e-03
5.988939025984528312e-03
4.860250334769071826e-03
8.463293044590709802e-03
4.395946361893839950e-03
2.759825840645045800e-03
7.975713938280105247e-03
7.000817941659685448e-03
8.898510285452512422e-03
2.745626936683077599e-03
8.977876963850439651e-03
8.301103983255562688e-03
6.218101288744130352e-03
6.494788993466209075e-03
8.230542120504740281e-03
6.268497512293943856e-03
5.171011858871390338e-03
3.489576518933247811e-03
6.238383195457287630e-03
4.291872475827928669e-03
4.118316279565626195e-03
7.739652999210306153e-03
6.513882998762832340e-03
7.705773540225282006e-03
6.544851289521683504e-03
5.805214288066737512e-03
7.375465028928331404e-03
5.338269754379965266e-03
5.777291390920721512e-03
9.051460231808559215e-03
4.476463835909350389e-03
5.644388858321084529e-03
3.990006978150333235e-03
7.419845530715214396e-03
3.724428363800531914e-03
8.307762052631180449e-03
5.572102056649594522e-03
6.860269169803555334e-03
4.928265900268733943e-03
5.360506755341505614e-03
7.957994337072329602e-03
3.099766009569659628e-03
3.525287325612740542e-03
8.644032837955013815e-03
9.077670574864389955e-03
3.760347985956597437e-03
6.458655423218474800e-03
5.727089755359749887e-03
3.815088391827718608e-03
6.827668145340160324e-03
6.696413284688542723e-03
5.421010143020235823e-03
8.764218643751875426e-03
7.455191879918729794e-03
6.923278324127635913e-03
7.807682798251940927e-03
5.113110117853175707e-03
9.034480040706893700e-03
7.850584814347237941e-03
4.937006611959888006e-03
6.023598702454941237e-03
8.576560743045687912e-03
6.665538459043722670e-03
4.602585547740756580e-03
2.550188971142133831e-03
8.345870703817155623e-03
8.090964704551848255e-03
7.560072636570037280e-03
7.899437908151243914e-03
7.704886467633144213e-03
7.644045669924479959e-03
8.446013200988942982e-03
7.347494870454463270e-03
8.467699325383108017e-03
5.020480937110121181e-03
6.249834395239885210e-03
8.859768884740708283e-03
5.954020790679681423e-03
3.809094836242066760e-03
8.835109857210391923e-03
8.575045932311892508e-03
2.835013804426051321e-03
3.005432554369536109e-03
6.197299659067040389e-03
6.102195662810417157e-03
5.907227053940805953e-03
6.324279491663036164e-03
3.141316057526270973e-03
8.076328218740713716e-03
7.975404711756723178e-03
8.216416876872580446e-03
4.759643104077969367e-03
2.769959805315518487e-03
8.276182339669920646e-03
7.574807297475536633e-03
5.627468876310546750e-03
7.054129761254910799e-03
7.148738559483697186e-03
8.239832734562465427e-03
8.405539009445163467e-03
4.084824792283019493e-03
5.362496499854224434e-03
4.736030180408837623e-03
7.412382050042727252e-03
7.253489443310832605e-03
6.268142593799846951e-03
4.286314685852996194e-03
6.188322246811102378e-03
6.822230657823404563e-03
7.103282484053357985e-03
8.031383380128428312e-03
7.437687654652170265e-03
9.064597821403560379e-03
6.653070347501757048e-03
5.938086044228636784e-03
6.016365830084257488e-03
5.126131038459985981e-03
8.978060474490184503e-03
4.133813039517693876e-03
4.990993273792970059e-03
7.117832096648821910e-03
8.482859798039064231e-03
7.357190452669774491e-03
4.782359435656236696e-03
7.847357089962824633e-03
7.909175431692179459e-03
8.268784800713944311e-03
6.507444288985641222e-03
7.133151303844077404e-03
8.546050515290545824e-03
5.087307075126699246e-03
3.033792454835528615e-03
7.782386994563308957e-03
8.569172686125933747e-03
3.955182418033728088e-03
3.939291618561132149e-03
6.107402781255292720e-03
7.584074673625011351e-03
6.539959477236720331e-03
4.479915182677433189e-03
4.300154001907151129e-03
6.919471114534544130e-03
8.457968470099851144e-03
6.927442959342470716e-03
3.945224390633560868e-03
7.585415754081346711e-03
5.913043300353094597e-03
4.692975554428697668e-03
8.824334464711838105e-03
5.105469337079810745e-03
6.810538146241861164e-03
3.205303583679438607e-03
4.447616323446025761e-03
8.926331717644092612e-03
5.172998055981680929e-03
5.877150280610455267e-03
5.433325085956730582e-03
8.540396068794732509e-03
6.959869756742719307e-03
9.058386006052198541e-03
5.991807104111636015e-03
7.712275253643443261e-03
5.968414532720706968e-03
4.075836526834387095e-03
6.570265203433975007e-03
5.396719310288232083e-03
5.515708085746806599e-03
7.010398715600523432e-03
4.059365582263206075e-03
4.277895702498193606e-03
7.752652958757497506e-03
8.289251150693784792e-03
2.764167095819726385e-03
5.043314020310278763e-03
6.101998865761806834e-03
5.716852159520961242e-03
4.764322339692242739e-03
5.199093117574968975e-03
5.506717302220624777e-03
8.318435645810258461e-03
8.117514843169604602e-03
5.294670501418321379e-03
7.461550501783101134e-03
9.112644546636659154e-03
7.173475566207445850e-03
6.296337281476236357e-03
7.577147052026639296e-03
4.947215260494490160e-03
6.991142873479889649e-03
8.975720779716379535e-03
6.250041613807496600e-03
9.098457426112638996e-03
5.979101197928425072e-03
7.527143851313889203e-03
2.787838895933275000e-03
8.318253519311195887e-03
8.446047273450729004e-03
7.364848025346809948e-03
8.505352663926969703e-03
5.390795693699685677e-03
5.245480126959720796e-03
7.250211261346591399e-03
8.285046386473959509e-03
4.290115983655872628e-03
8.912803172233422361e-03
8.815448511527075939e-03
8.833423667599848636e-03
8.915262150655571538e-03
6.449831711427956096e-03
8.234218436721308168e-03
5.630834434372029157e-03
7.035903919872420892e-03
5.141201756450835755e-03
7.485065955924562545e-03
8.239567794200390941e-03
6.805259863395061309e-03
7.962440990439651617e-03
8.948027510223098904e-03
3.323210831099356489e-03
8.066931603106097456e-03
8.541075963372196655e-03
4.306243532166182178e-03
8.402910966300228615e-03
8.540667601307899356e-03
7.005242978599342252e-03
6.268142593799846951e-03
6.199504360555512308e-03
4.238062527945827586e-03
7.994180356007671295e-03
8.733214336455132412e-03
7.071099802210585247e-03
5.376458267925618949e-03
8.461537596019861815e-03
8.647842284624418854e-03
7.721858966293816511e-03
8.111646390083578420e-03
8.507824948628797679e-03
8.807524891836168018e-03
6.560035644193150731e-03
4.504809155365460324e-03
4.201457659719730689e-03
3.913408339605118497e-03
8.871635938850189543e-03
5.045804237386064886e-03
7.696056723786469725e-03
8.612738920429593645e-03
4.811415227010913849e-03
5.430312715422038090e-03
6.338037696169545113e-03
8.492139225011074988e-03
6.634255107967354168e-03
2.861020921394947462e-03
7.614016085783868217e-03
8.545436750320435995e-03
7.503116272861975848e-03
8.643749470494751716e-03
8.948027510223098904e-03
8.585716479404061768e-03
5.497179896480980203e-03
3.358675105532400729e-03
1.954935903203025051e-03
7.770530227711363105e-03
3.665566197426308251e-03
7.803564781345146383e-03
5.718674571001960971e-03
4.516919250449277085e-03
6.378915169604311257e-03
7.010398715600523432e-03
6.897895471219318148e-03
6.767411105961278900e-03
6.787742051696667167e-03
8.724761482941260915e-03
6.795780229168956778e-03
3.609890817821083571e-03
5.177844349120925768e-03
5.493765210397247648e-03
4.867710162511498101e-03
2.910093063912378309e-03
6.824724562778521596e-03
4.796544810569184497e-03
8.446013200988942982e-03
7.837781185921641192e-03
4.034839870353505546e-03
9.144547191472267994e-03
8.960462257386375001e-03
4.933297120201346822e-03
8.649751333147374932e-03
7.685015252692185654e-03
7.063085716576612480e-03
3.705925667730272655e-03
6.027192836214669350e-03
7.064149752949466267e-03
7.474539735482008292e-03
7.966374156717526134e-03
8.860914908157789538e-03
6.919146333984130433e-03
7.819996438163917540e-03
3.254167402247499282e-03
4.866666560566540629e-03
7.991861410710230859e-03
2.383609789697331907e-03
7.590342858624506486e-03
6.733971533792279529e-03
8.852566855234091092e-03
8.789541578610594874e-03
8.147307286212620778e-03
6.037473446098099231e-03
8.346620505135911305e-03
7.955748307837250816e-03
5.947170171441413036e-03
6.128351533544892926e-03
7.620819955234702132e-03
5.700214129457344472e-03
7.544902042284164917e-03
9.104742697739866622e-03
4.080583107071690530e-03
8.829029284452630244e-03
5.312056224565863197e-03
8.114736801039797859e-03
8.031367431257298295e-03
5.832118971454915493e-03
8.692882413206972844e-03
6.653022624506885196e-03
8.083395211552732093e-03
8.942627382698275715e-03
3.527840184930356587e-03
5.875285234654616974e-03
8.904331677554956290e-03
5.390795693699685677e-03
5.071657345059561901e-03
7.792377241233796464e-03
7.957263080084639451e-03
7.457964852994910902e-03
8.707392468532110241e-03
7.985656453691569387e-03
5.897359129953119034e-03
4.905174337756901433e-03
7.708193732278255730e-03
8.430085217578410506e-03
4.260242317229195191e-03
7.956745111115709826e-03
7.096953483249129543e-03
5.493765210397247648e-03
6.355294559236725552e-03
9.062293536954646456e-03
7.084093641149043219e-03
7.799117928218566621e-03
6.914219528386249779e-03
7.675210055677934504e-03
6.637358284373191981e-03
6.391139391898802147e-03
9.064533637854681886e-03
5.378806103796444395e-03
8.798432879514253221e-03
6.999374674195688040e-03
2.845952251934169390e-03
5.609382447203214994e-03
8.386209436680459525e-03
8.386128014982037818e-03
4.175116684111914236e-03
5.014382741969867878e-03
3.812940457889353943e-03
8.355724569773089958e-03
7.727482466084099194e-03
6.176812412971920824e-03
4.407098577803418744e-03
7.167107835796503873e-03
6.149458158267736597e-03
8.879340308701876017e-03
3.032139506643797763e-03
3.847255397386998687e-03
8.366707448798456001e-03
9.068878879455007785e-03
4.032019642637275393e-03
8.141956185409663857e-03
5.244775288281471742e-03
7.327426803973551526e-03
6.168159554610348413e-03
8.639060283408217522e-03
7.899578411094235891e-03
6.998595141503915172e-03
9.090529363911612620e-03
6.141250075241712174e-03
7.535857974009151083e-03
8.678816055204199506e-03
4.525035515450108112e-03
6.938827526338604487e-03
6.786958533539454858e-03
6.170703037294634000e-03
7.054419688249531292e-03
7.357767937591298303e-03
5.364331368964439690e-03
8.769347045602808241e-03
4.645971847747665945e-03
7.646613669832632090e-03
6.393511346630596781e-03
5.992903741919867501e-03
9.030572129307627705e-03
7.632044847522573110e-03
7.646827326913205845e-03
7.877914874859020047e-03
8.057701904111130159e-03
3.847411667365414900e-03
4.668250091366452255e-03
6.032384162794579910e-03
6.675828353173112253e-03
4.412134824941726756e-03
8.775920125965173610e-03
7.229764007999489595e-03
7.976235350506092822e-03
7.412428467850110635e-03
9.123100939661461795e-03
8.689651831333775750e-03
8.141956185409663857e-03
8.944115028856055444e-03
4.476333332984021307e-03
5.253499636826148254e-03
5.385372235925148590e-03
8.046226806767324893e-03
9.103932806327628274e-03
3.585662572708172430e-03
8.955837301044961007e-03
3.818687076743936155e-03
7.356995287858378481e-03
9.019149781999127521e-03
7.794167345101966383e-03
5.599419757424891481e-03
2.217599646820838863e-03
6.422904809135321358e-03
7.277920314843588055e-03
6.253141453746664628e-03
5.838523263396047137e-03
9.147671886555838738e-03
2.798347566757394128e-03
8.894072177210091482e-03
6.224220004491708147e-03
7.668068947242539721e-03
6.663044543715763296e-03
6.078591159740590055e-03
5.906743123248216210e-03
7.873306625295332928e-03
7.157716890062180808e-03
8.538755836719584547e-03
8.080374052552864381e-03
7.535857974009151083e-03
9.107730017033596401e-03
6.027447758589545360e-03
9.108528926979619217e-03
7.092209702894741903e-03
3.003153926476881917e-03
7.153237533992401302e-03
5.761049325020018569e-03
6.523757545664500383e-03
6.901650096697530684e-03
7.157716890062180808e-03
7.461550501783101134e-03
7.356995287858378481e-03
7.900808079526424124e-03
4.963482169419952857e-03
5.767151915624891753e-03
5.895766599088117857e-03
9.078225705196899670e-03
5.394705657610683429e-03
6.751369130033165779e-03
6.120276997281278407e-03
4.160370136584060075e-03
8.257201339214833777e-03
4.643965160912023188e-03
4.316587731245500117e-03
6.204350727136691973e-03
8.366707448798456001e-03
8.014521541582077940e-03
5.274234928269144751e-03
7.423884364342572123e-03
3.501804976381159805e-03
5.529380729893739604e-03
8.569172686125933747e-03
8.390453679312211491e-03
5.315673583371269620e-03
8.037625107211248190e-03
7.729477928339644095e-03
8.488607136503741046e-03
8.817568128594899940e-03
8.716101579183597320e-03
7.985656453691569387e-03
6.503709544231375123e-03
8.318863075922179259e-03
6.578440563060953400e-03
7.398658879576636149e-03
6.840171715781943190e-03
4.054117122226760274e-03
9.102736757530682440e-03
6.125834049310904458e-03
7.299883243443354083e-03
8.238632929921694409e-03
6.726368165155626085e-03
6.647201543090574399e-03
7.940296285876087892e-03
7.141667332355865899e-03
7.471880114043336595e-03
7.968135225491057572e-03
6.358833236267727972e-03
5.087240613296079537e-03
2.399834580436281065e-03
7.405056856859992820e-03
7.436729145925694701e-03
8.406323401617968316e-03
8.277307745600748917e-03
4.531894006748345659e-03
7.633263753689768089e-03
6.914459144904977310e-03
6.304039542245301608e-03
2.720303170258406636e-03
8.010814226801507912e-03
2.726355113725156647e-03
3.873178415615460574e-03
7.553927954641479793e-03
3.352135780253939160e-03
7.591813456841154523e-03
5.110583112158302750e-03
6.542392849840652017e-03
6.787369446415836283e-03
8.815241395542195921e-03
6.748357631186680146e-03
7.463733472013428516e-03
6.684736186171609529e-03
9.067179272793074452e-03
6.782388398615420491e-03
3.692548881206058568e-03
5.447202155166466428e-03
4.222182429895365505e-03
5.165960051570483817e-03
4.675943002357744321e-03
6.679104891482745207e-03
8.390340898179438414e-03
7.168184004820879994e-03
4.528670912590792262e-03
7.578753628351111299e-03
5.146696465889376640e-03
3.257116695474086311e-03
4.529316359560527430e-03
3.767668035282024323e-03
6.047231431694062576e-03
3.267280981941163807e-03
6.798677560102417070e-03
7.812327611557085341e-03
8.054183044951736259e-03
6.577261029425328538e-03
8.547162362372389549e-03
8.904449613847138095e-03
7.934268802269195051e-03
5.214355764636160323e-03
6.570800457238951467e-03
4.679207669840253041e-03
8.272023358128561404e-03
4.104019876122639264e-03
8.005745849815653487e-03
8.015884392472839848e-03
8.994346134504461673e-03
6.048044230257839521e-03
7.587078396211649998e-03
4.906752611246773151e-03
6.503957869842826554e-03
6.490840774970040722e-03
7.115722755156597516e-03
7.303655480094813773e-03
4.796544810569184497e-03
5.610187770728460206e-03
8.998700398480130938e-03
7.887809083828240322e-03
5.807058175662443283e-03
7.070421857208885816e-03
7.210417299773542142e-03
7.864828010918159529e-03
5.470789045452658338e-03
6.635944622220229724e-03
7.572264599015689907e-03
5.228836170443715292e-03
8.656129620513345821e-03
6.309912927577615398e-03
5.087307075126699246e-03
6.415798471656980299e-03
7.677130567325289937e-03
3.780937776680192222e-03
7.689565306748699994e-03
8.539361420787684731e-03
8.037625107211248190e-03
9.043791085551228237e-03
8.420376716072163620e-03
6.412930392649431044e-03
2.679269376654600920e-03
8.424039790578067774e-03
8.066786307953769525e-03
4.460359173557333981e-03
8.732523525953602567e-03
7.749225337470661869e-03
6.657175115491947154e-03
9.083267469409780914e-03
4.623154496636175739e-03
2.463477806037284168e-03
8.653282903162437187e-03
3.814666781119706654e-03
6.213793269071413161e-03
8.361684950070630978e-03
3.034850205778689188e-03
8.175764293032900323e-03
7.931231886507071269e-03
7.092328372081441352e-03
8.524283630079438831e-03
5.354740836340439805e-03
9.128206687080737611e-03
6.761093859916997122e-03
8.008305943143778638e-03
8.267015922623419458e-03
6.985640452568966235e-03
7.801921466651642531e-03
5.829834769415686430e-03
8.066786307953769525e-03
7.584074673625011351e-03
7.557448741487979987e-03
8.571983628148344136e-03
8.123996856938377545e-03
8.132900581955470123e-03
7.317665822125958563e-03
7.503982953111276721e-03
8.698673470485203396e-03
7.914548264730151411e-03
6.513054084439525576e-03
8.730852519465606698e-03
6.604197681112217860e-03
6.589672252949927041e-03
5.332352312314644904e-03
5.465127585180880494e-03
9.031769348972800565e-03
7.339191121370749506e-03
9.093330299347683957e-03
2.782210260773994651e-03
5.828763782478614715e-03
7.138080667692358640e-03
3.219924579406134493e-03
9.112644546636659154e-03
4.860250334769071826e-03
4.001064959945909577e-03
4.802855484718091157e-03
4.429292333112871960e-03
8.826156597177253760e-03
5.067860039742747708e-03
9.156076984336758776e-03
6.720362675502530338e-03
3.701964835964589948e-03
4.488600659550437411e-03
6.975277882328418007e-03
6.904309625622332552e-03
8.767377218775865289e-03
8.769347045602808241e-03
6.796706938913650402e-03
8.406323525421552020e-03
9.114500682959544159e-03
4.982006261291313867e-03
7.146822919539715796e-03
8.386429905402380605e-03
4.247374121379664941e-03
9.111087893082275152e-03
8.558552664846045058e-03
3.730903127476243794e-03
5.929489495093931591e-03
5.497179896480980203e-03
9.157030500561314651e-03
8.253744200942242371e-03
5.876153852624301302e-03
8.366707448798456001e-03
6.628185096791464580e-03
8.566474543860478491e-03
7.828821650616662672e-03
4.621027652486949661e-03
6.025044566846786756e-03
2.307347385706437666e-03
6.820422927795850160e-03
3.168745637951248407e-03
5.954805384917424838e-03
6.489630375895527950e-03
8.340637049134912856e-03
6.661155918292205498e-03
8.272023358128561404e-03
7.926171140461717862e-03
6.602543748065971795e-03
8.370151563833685623e-03
5.484573594670842482e-03
2.670607410675360227e-03
3.228010793135188076e-03
6.789230435374895255e-03
6.168729747862212662e-03
3.142486101415790586e-03
7.890083917296692589e-03
8.424039790578067774e-03
8.386934105815611884e-03
8.005549956283729979e-03
7.848438554192999767e-03
3.165763405885164278e-03
7.865152957662033262e-03
8.767256171045043761e-03
6.402425978171667580e-03
5.745271809200078184e-03
5.109140012135880704e-03
5.060099370931117613e-03
5.484573594670842482e-03
6.783773169342541612e-03
7.604380468665737289e-03
8.878929542387885288e-03
6.760966728010990232e-03
8.151072950830364622e-03
5.955805829579126527e-03
8.739611974238061312e-03
5.760396654044687426e-03
9.032588091066036037e-03
8.943220341910014179e-03
6.294552326330846159e-03
9.154174710030854589e-03
4.974617098349298945e-03
5.712804483257697893e-03
4.129803169068619814e-03
8.954465359849683032e-03
3.179516817854315808e-03
6.542107827642459905e-03
7.672404282136616877e-03
2.133816273222495161e-03
7.438687217341425489e-03
7.878179080178371665e-03
8.770865752381002203e-03
6.385597256018850885e-03
8.827035015795793929e-03
8.668500228244739939e-03
7.518994357901475148e-03
9.139284413925093109e-03
7.389179732527893438e-03
5.878411410650544004e-03
9.099903935972373722e-03
6.580225943473350970e-03
7.540960571735286916e-03
8.551583150307691394e-03
3.341706512004583973e-03
8.668500228244739939e-03
8.562603503708517833e-03
3.850876165387293742e-03
6.003981971216374933e-03
5.404176242625097215e-03
8.984610669815588924e-03
5.470789045452658338e-03
5.987312978629270345e-03
6.976717432042190553e-03
7.077770099790109924e-03
4.906562131192227817e-03
7.059862912143328832e-03
7.205212698170399867e-03
5.610730374469963255e-03
8.629173367551284946e-03
5.713319820299813875e-03
5.552651054194289275e-03
5.241792503901779136e-03
3.955211402240686215e-03
7.557738891381549778e-03
5.363076240723753038e-03
5.001531496388110336e-03
6.538412236449970237e-03
7.173475566207445850e-03
3.600961302372006519e-03
3.766249687141662306e-03
7.838306238794634853e-03
6.820663167608795145e-03
7.364128305164509281e-03
9.104136606680322819e-03
3.226290893478983655e-03
7.401272134488113760e-03
4.166803261612936349e-03
4.186866693426228789e-03
7.723174619379818452e-03
8.973779054485686232e-03
4.990743279922346329e-03
4.342961545014548466e-03
8.802729765072906526e-03
5.286556944738027806e-03
5.272593205923731090e-03
6.416525743198927059e-03
9.058043645975160513e-03
5.034684478278815198e-03
8.515598786678164542e-03
8.789619049672504209e-03
6.982210916800821870e-03
6.773779154479500977e-03
5.341392904305393950e-03
6.925303858869254203e-03
7.496887058737866823e-03
7.966805175285829668e-03
8.624076081312151074e-03
7.796842831451030430e-03
5.862937406309096967e-03
6.235280059026731582e-03
6.515135173076600818e-03
8.058498855608615952e-03
3.273853576788588859e-03
6.128889083661989007e-03
7.124369243892121964e-03
3.005760856573442500e-03
4.534177889796678525e-03
6.457832153924961474e-03
8.880411197198664897e-03
6.753558587398806462e-03
6.186084691258149360e-03
8.485341468259839301e-03
4.577371081239798092e-03
8.794126373619056899e-03
7.445516694516512990e-03
5.245480126959720796e-03
6.076552887389844587e-03
8.340637049134912856e-03
8.022649522917185000e-03
6.401226016677400224e-03
6.530346656943604791e-03
5.876153852624301302e-03
8.032473301812026803e-03
7.396015465145763627e-03
8.824911807874660785e-03
6.899599587189554975e-03
6.165884052306370121e-03
8.673533571684184998e-03
4.261055455344801499e-03
8.846028086215202216e-03
7.621792850836420913e-03
4.133892563093343776e-03
6.194203871607965178e-03
