1.151563869175041208e-02
9.934414798818761924e-03
8.563763540871091248e-03
1.337602530449823190e-02
1.145131091447250914e-02
1.117921374883835452e-02
1.058583836453853844e-02
1.696241610898369806e-02
1.585851951121334397e-02
1.282386753974050671e-02
1.570533681976523863e-02
1.503955023341107394e-02
9.475460514729024813e-03
1.157562946904567430e-02
1.689424584462356771e-02
8.629290236599772290e-03
1.059137636439570415e-02
1.119605899406068625e-02
8.420641102903159494e-03
9.382183647251886305e-03
1.100305837400279013e-02
1.447837354112910084e-02
1.610687003214219398e-02
1.112762751360617079e-02
1.355835581227141443e-02
1.574675244119052089e-02
1.135580775471656256e-02
1.566836862880171058e-02
1.605820101600715158e-02
9.372533573684154601e-03
1.575046965631956425e-02
7.573288857933453515e-03
1.600343435469410436e-02
1.534560239497280085e-02
1.324465693875100970e-02
9.185096741012685473e-03
9.398756940950747304e-03
9.327002629222688745e-03
1.413337496301595927e-02
9.369917714931043362e-03
1.292462036572234949e-02
1.045172172008391326e-02
1.488452709846042193e-02
1.503067989494411526e-02
5.231165734027305378e-03
1.555170652599834058e-02
4.948362256331151170e-03
1.411546276989471618e-02
5.272190809189181322e-03
1.457248233359356021e-02
1.559070100587274521e-02
1.498394560176340845e-02
7.648607798687604743e-03
1.650214934936351796e-02
1.156324229076287520e-02
1.684534200013058231e-02
6.063712128735185454e-03
1.696189799611690779e-02
4.111413159484457285e-03
1.036913988626548405e-02
1.056305777689632228e-02
9.728665282369031858e-03
1.305077887567770989e-02
1.523450110038796282e-02
1.538891692742744115e-02
1.590445558856587449e-02
1.627664728541987002e-02
1.622308331377207008e-02
7.469917510596888952e-03
9.444037465882390570e-03
1.119653231618163679e-02
1.341259148066344976e-02
1.330403758801080617e-02
1.426448313019078491e-02
1.343612935933966891e-02
1.100260668986133630e-02
1.197909712042836972e-02
1.523080140480553325e-02
1.017241536172067834e-02
1.667288129555761708e-02
1.458280752257348767e-02
1.534560239497280085e-02
9.471513689137858738e-03
1.568641405944893805e-02
1.563348187809457737e-02
9.139469103165787436e-03
1.649344449127178314e-02
8.532680640314010967e-03
6.238951601926286984e-03
1.077707104525245201e-02
1.692557000151607635e-02
3.147077807520866008e-03
1.241408184391338751e-02
8.273815796000172362e-03
6.969391803517738584e-03
1.179480173230552931e-02
1.031832331176272578e-02
1.672113100653379453e-02
1.318325850331199429e-02
8.098739708044883773e-03
1.426436619002579599e-02
1.437020580093180400e-02
1.156478694168003307e-02
1.649379117442137735e-02
1.576440129517397287e-02
1.551723033285691208e-02
8.968492905121010911e-03
8.353591422138786221e-03
1.195226009104930626e-02
1.539500880596106520e-02
1.535611261025446143e-02
1.124290897901612622e-02
2.873664114124569336e-03
1.345518902635494188e-02
6.375604390907280497e-03
7.033676955901414438e-03
1.619925138337142967e-02
1.627576119553912626e-02
1.675022353649469747e-02
8.276769522640734303e-03
7.982632457192710695e-03
1.103283103378718648e-02
1.218875420061210114e-02
1.675410862894263428e-02
9.621669010785934006e-03
1.687696627966276536e-02
1.415666806462982825e-02
8.205149637393180026e-03
8.386414252104264569e-03
1.553908000366609372e-02
6.679254461461916342e-03
6.999807995484302880e-03
8.029919107726716382e-03
1.421809603979080905e-02
1.623793220357570843e-02
1.590420001304447897e-02
1.114905143229090109e-02
1.449780552028294249e-02
1.296676741640638043e-02
1.179956343887026554e-02
7.298442657219730498e-03
1.457723714664962804e-02
5.791237486909538157e-03
1.665996918245553349e-02
1.168693596014198054e-02
1.017563685769552924e-02
1.242885574485723225e-02
1.386353733746521419e-02
6.416505638477463906e-03
1.357552436799843928e-02
7.841747987147585502e-03
1.404759714104276275e-02
8.747826311066853044e-03
3.699814805689630084e-03
1.364537491061393673e-02
6.703665739238359039e-03
1.606208833146344911e-02
1.277765479389329772e-02
7.335434011345791545e-03
1.311112417828735888e-02
1.650796775111480416e-02
8.500859666700380166e-03
1.561662325934812245e-02
1.446074308223610667e-02
1.700872375064103187e-02
1.285448918777649767e-02
1.169366861575499468e-02
1.595514218631592651e-02
1.143168933836983744e-02
1.531157778674829481e-02
1.441110001146317203e-02
1.128861574704073494e-02
7.201888518908362499e-03
6.996338704398058495e-03
1.586949920678211445e-02
1.133693735719524046e-02
5.352027926432014956e-03
6.721766068934256419e-03
1.086771513663049339e-02
1.293985524856330720e-02
1.539055258319015768e-02
5.750370438918503413e-03
1.428720686215950546e-02
1.056978415321544081e-02
1.231601680786216166e-02
1.685630504262292106e-02
1.408099550876196551e-02
8.363644322951550858e-03
1.681311320168145385e-02
1.353327478753902496e-02
9.674416881622906542e-03
1.226271119442686776e-02
1.306412057727493123e-02
1.136801267947282895e-02
6.280658508445832906e-03
1.217170391308812147e-02
1.690942169875187667e-02
1.305758347300109770e-02
1.456877388479661632e-02
1.225420393118712044e-02
5.160441664206314935e-03
8.426408235554919135e-03
7.811292970367918892e-03
1.338829203753048869e-02
1.071317030908629057e-02
1.558905996533086792e-02
1.539862419765351646e-02
1.691844300437077286e-02
1.670646183499799320e-02
1.332945412954700953e-02
1.240233616692696002e-02
1.273725390852854279e-02
1.508954890431867153e-02
1.509620434335666971e-02
1.267351835892994126e-02
1.499691957668496632e-02
9.234987683679127257e-03
9.758390180950926585e-03
1.315942253326808989e-02
1.420628304746486895e-02
1.459903165138893254e-02
1.570542208637449449e-02
1.328654018152906902e-02
1.565679069336956691e-02
1.546142088891164224e-02
1.046539236119464408e-02
1.550307095129280395e-02
6.310185095162491008e-03
1.184733843058377936e-02
1.525774006290184746e-02
1.687407668323939389e-02
1.434211180096309039e-02
9.086095932881453272e-03
8.735630249618120749e-03
1.406438881749786166e-02
8.435801183732154207e-03
1.239362950594164771e-02
1.255732330063231116e-02
1.469760180744474759e-02
1.300596960027467289e-02
9.363614512239345697e-03
1.421817717042191988e-02
1.416975794860068222e-02
1.635363764122042818e-02
1.534685291135691812e-02
1.628713430455036582e-02
1.630966128315586294e-02
1.329597028109049013e-02
1.511951289339361765e-02
8.595742281346980401e-03
1.675181252661035736e-02
7.518073449279052446e-03
4.587215621394019095e-03
1.209298670561733541e-02
7.751715187599889784e-03
1.447729424932473613e-02
1.053825773680587899e-02
1.588436590327842873e-02
1.681388639663127307e-02
1.091881242423368981e-02
1.113585357048406041e-02
1.595156693684761720e-02
6.985442848165145449e-03
9.790235891977201732e-03
1.545617404448455454e-02
1.371415884398826182e-02
1.624273916397955125e-02
1.151518174715591286e-02
1.513405628315722846e-02
1.263606115448301023e-02
9.315698073983962046e-03
1.600177091092604836e-02
1.498969635736872863e-02
1.371114715458757183e-02
1.681289646678769262e-02
1.556289130511049820e-02
1.578626601900509283e-02
1.665318311524598138e-02
1.004069278246005892e-02
9.716370843139544508e-03
1.489406547930198152e-02
9.422113155270086041e-03
9.036331491886704856e-03
1.491238172724998999e-02
9.303039585766318190e-03
1.698126739139452224e-02
3.954877047957957789e-03
1.330254840820766123e-02
6.480856809393682402e-03
1.530339558996105485e-02
8.520972316627309362e-03
1.654683451562681540e-02
1.087825002576572712e-02
1.133959209282335220e-02
1.396848916308481535e-02
1.626608416766601312e-02
1.086755683378742669e-02
1.264641375119386277e-02
1.503293518079341050e-02
8.838160954083943213e-03
1.557661400178021391e-02
9.539359865558842341e-03
1.683535418871218159e-02
1.596707906443178143e-02
5.802598394124392801e-03
1.071317030908629057e-02
1.351810189924185744e-02
4.745904088075257599e-03
1.145754390190103882e-02
1.128572695123126329e-02
5.791237486909538157e-03
1.679314497190741856e-02
1.261664967056006295e-02
1.586069722061970999e-02
1.348770472140843613e-02
1.313776371783747891e-02
1.095113093224845714e-02
1.503335771162960834e-02
1.044506958701091510e-02
1.364472926222268061e-02
1.106960936679751879e-02
7.294248573423939980e-03
1.415619414333966521e-02
1.033355940728240135e-02
1.056305777689632228e-02
7.034076960590451150e-03
1.137339396244276164e-02
8.111196728841299150e-03
1.457558074745322028e-02
1.323084292889499525e-02
1.027068836054993196e-02
1.308111333741207409e-02
1.337691477855953298e-02
1.464525555605484912e-02
1.246757900794947735e-02
1.001824792322394964e-02
1.695122060083908977e-02
1.312378723733461337e-02
1.432257252874079290e-02
1.201662909997385821e-02
1.455619047837720427e-02
1.210597584613390225e-02
1.162256508116092137e-02
1.178136228913765834e-02
1.404115408691273235e-02
1.136503237167426489e-02
1.233452967436903316e-02
1.509620434335666971e-02
4.696909269225624413e-03
1.464773495161363764e-02
1.127761945171321285e-02
1.425429263215445379e-02
9.186321375293699659e-03
1.423995305532439054e-02
1.420754648646260082e-02
1.562805437284254736e-02
7.587441668981185876e-03
1.624273916397955125e-02
5.143552710342958953e-03
8.702303791238227490e-03
8.687363712588408449e-03
1.198545678901691627e-02
1.319064121840041529e-02
1.248955734721897241e-02
1.397115903141578699e-02
1.440851210047045319e-02
1.080566588210504428e-02
1.030186174181795325e-02
4.594896811221159914e-03
1.604466609137483388e-02
9.646400786462741572e-03
1.632165231688400414e-02
7.762201810272323019e-03
1.680825238637903563e-02
1.550183061610295801e-02
1.244097702531323305e-02
1.253835523571339081e-02
8.652769256751659255e-03
3.146500007177861161e-03
1.501031502557622667e-02
1.612012606633533504e-02
9.986370508619939190e-03
1.580741557789803325e-02
1.339591943902904321e-02
1.092330567207908283e-02
1.109396999107623884e-02
1.057627347026759111e-02
1.492459522519859125e-02
1.528239122994494784e-02
1.391147297138818455e-02
5.782367389711526133e-03
8.548572107971635914e-03
7.417887744986818507e-03
1.099374124359992801e-02
1.670386528258847869e-02
1.433265661995690790e-02
1.522142118003633540e-02
1.083535610594018976e-02
1.071383354944965491e-02
2.307477861981951147e-03
1.046215078931387633e-02
1.272369553765147383e-02
1.104866556657699110e-02
7.075007275644817212e-03
9.629834920674797127e-03
1.310247879699960247e-02
1.159228262561886810e-02
1.601218110372866141e-02
7.948340171369838378e-03
1.579072032733103842e-02
1.627247839805114407e-02
7.183414495666041143e-03
1.135232826037405052e-02
1.304646689118260823e-02
1.336801097159815224e-02
4.301087681174271815e-03
1.315959387726374497e-02
1.339535161561511423e-02
1.575377035786743735e-02
9.105454249173406539e-03
9.186321375293699659e-03
1.444230743429241424e-02
7.143547820522562312e-03
1.669504622790023846e-02
1.420628304746486895e-02
1.145505564287880446e-02
1.225308735579922273e-02
1.691908119087215737e-02
1.011999654977767740e-02
1.190561075155018196e-02
1.026865848264076758e-02
6.064221522221651187e-03
1.701669847637338889e-02
1.302692651047175632e-02
7.775780599624242118e-03
1.402039293070552611e-02
1.049911007317076532e-02
4.797520072486499872e-03
1.505441236461882264e-02
1.324672978577664043e-02
1.493508506980272335e-02
1.223780466582459307e-02
5.578909539559223640e-03
6.124352734712787578e-03
1.228449296480673553e-02
1.027847613285523196e-02
8.569283671576187478e-03
1.027345007533901622e-02
1.201313790644431730e-02
1.263480989624874568e-02
1.307979063792882000e-02
7.236417698247885055e-03
1.492929048103719403e-02
1.685630504262292106e-02
1.106336952972353065e-02
8.937189184559277480e-03
5.123048817438599287e-03
8.922142064368338010e-03
1.680807232636363432e-02
1.470857089951573514e-02
1.483704067187177102e-02
1.385724464056104117e-02
6.604305106886941557e-03
8.838160954083943213e-03
8.947942916325689333e-03
1.030672826863865583e-02
1.083124641151262356e-02
7.894925219633600055e-03
1.638940963570053796e-02
9.129279816862612834e-03
6.766801264920213610e-03
1.384613086789779866e-02
1.274845721766849037e-02
1.079747286194465694e-02
1.218981743722593464e-02
1.661664293003897383e-02
1.434938483801100409e-02
1.324250134818927109e-02
3.456384230016291016e-03
1.518858936968270693e-02
1.370941266804048993e-02
1.443886255897789371e-02
7.243097378674348379e-03
9.904497095203123117e-03
5.268234965895021195e-03
5.445070554423392384e-03
1.027345007533901622e-02
1.074442894382967618e-02
6.958975902591379298e-03
1.058330755494648126e-02
1.046215078931387633e-02
1.612012606633533504e-02
1.170112775990625985e-02
1.047729621874834982e-02
5.721846486591378352e-03
1.322361823698604832e-02
9.204041880259784814e-03
7.121166965587747734e-03
8.431953657522436515e-03
1.426157778805992732e-02
5.737983020953614163e-03
9.889007588771550616e-03
1.376369114384168486e-02
1.306915623998645970e-02
1.524946137061054113e-02
6.128379112206094881e-03
9.915768890710972144e-03
8.404571187954446715e-03
1.107154512636713932e-02
1.420628304746486895e-02
3.152095795832409678e-03
1.104071409981247781e-02
1.173809678210189708e-02
1.174283271781382740e-02
1.377478445900948145e-02
1.371066197656515759e-02
1.267305804789354423e-02
1.093507347192455327e-02
1.460020340206991639e-02
1.226305607316674658e-02
1.517124590177634097e-02
1.669483242860494640e-02
9.393411178446652368e-03
1.047098895369620412e-02
8.321127211246242064e-03
1.676909120715726342e-02
8.806565595475908739e-03
1.217204030458439792e-02
1.491446933240675975e-02
1.608624692691016170e-02
1.026606580607486788e-02
8.520972316627309362e-03
1.639319624233503622e-02
7.273991116934086162e-03
5.522679283302613096e-03
1.338146103905540375e-02
8.942888448038345539e-03
1.157748898911217100e-02
1.233361909027779445e-02
7.594151377940173454e-03
1.535973133790336821e-02
1.029865543888935746e-02
7.370358337581101558e-03
1.163851240298135331e-02
1.569629106615532538e-02
1.252316240411748341e-02
9.558267849282120823e-03
1.578785397636036855e-02
1.694432461675762433e-02
1.435365524321779475e-02
7.623047047391468337e-03
1.257601267725519563e-02
1.508400576144370425e-02
1.636455194353577530e-02
1.059255299835874797e-02
1.542961674532208026e-02
7.741634201649864183e-03
1.148759682906611186e-02
8.991037665539441601e-03
1.527995840011865669e-02
9.363614512239345697e-03
1.167147958463279379e-02
1.296954647402380478e-02
1.155800587736999750e-02
1.018076427902757722e-02
1.071317030908629057e-02
1.099703139652090551e-02
8.816430080626224547e-03
1.582254812979418113e-02
1.017720189127592663e-02
1.151440883853627369e-02
7.311325842882546340e-03
1.459049243395842479e-02
1.217170391308812147e-02
6.395245609208012952e-03
1.633554533240514500e-02
1.384383775928286521e-02
5.445070554423392384e-03
4.976928810741278186e-03
1.691261513946872713e-02
1.650199364248378792e-02
1.458280752257348767e-02
9.728665282369031858e-03
5.908744359379805924e-03
1.261088722386598769e-02
1.555280158625353855e-02
9.625537616544508138e-03
4.759184224630383375e-03
1.401110297210966978e-02
5.957147355707579153e-03
9.064224868965421386e-03
1.696162496723075189e-02
8.038515336991347571e-03
1.223732853082417325e-02
1.689807903233909309e-02
1.583211975175551414e-02
1.173324523383756368e-02
9.656088137564869389e-03
1.128612930903748375e-02
4.295250708260933865e-03
8.869931821179427578e-03
5.993809437286248126e-03
1.298025940500798468e-02
1.095774163050617679e-02
1.228571556809099352e-02
1.095925547299699161e-02
1.121129708532146718e-02
7.355004368551056049e-03
1.530219852416150016e-02
1.151518174715591286e-02
7.661457470070843351e-03
1.444230743429241424e-02
9.748368073298775346e-03
6.032058671897295478e-03
1.569198640236897993e-02
1.113899487521415738e-02
1.395707614361234999e-02
1.490974336392391665e-02
1.285758912981040808e-02
1.558983147990951335e-02
1.362684574703470694e-02
1.168735685169169924e-02
8.205245173614211449e-03
4.113647629609143257e-03
1.581277610625991467e-02
1.143502502770522150e-02
1.656323470196819497e-02
1.623256746234173417e-02
1.584943529176688001e-02
1.492473358615587810e-02
1.325969424275664187e-02
1.636593896626357958e-02
5.513295496232754195e-03
1.566205178781009816e-02
8.124091904819863083e-03
9.802775976821385615e-03
1.167204063157963566e-02
1.597479885096014449e-02
1.654812577510734323e-02
1.625303483129058105e-02
9.110650840269787429e-03
1.067731745722288149e-02
1.066071983697413662e-02
1.403526457795918093e-02
1.251333254296985512e-02
1.201863763773100384e-02
1.571473446973582419e-02
1.441937873894340652e-02
1.413746100297161648e-02
4.380266218443912979e-03
1.385979952040454662e-02
1.312777853939204112e-02
1.282029665753288764e-02
7.902378911054244032e-03
1.493708272410057374e-02
1.079750879094685048e-02
1.610687003214219398e-02
1.224762958219121831e-02
5.580011779029410597e-03
1.185450901307640373e-02
1.551714763485336976e-02
7.117123269454935300e-03
1.696366325777955153e-02
6.018897071390724544e-03
6.174607024217854644e-03
5.429365108957780531e-03
1.584368235666935854e-02
1.544831472228528832e-02
1.576538472288208786e-02
1.253884188502574389e-02
1.274833662588508755e-02
1.313834738286610675e-02
1.530628707471291122e-02
1.038896503936710160e-02
1.333355039482243300e-02
8.133775682322865949e-03
9.276513383813248664e-03
7.297733088935215787e-03
3.927913820415931262e-03
1.281122709014932866e-02
8.606004497220636623e-03
8.808598798652452280e-03
1.513432998169843974e-02
1.674357521571531032e-02
1.332477169694159039e-02
6.952686284577879079e-03
1.444696165081651822e-02
1.661548367631337716e-02
1.137684993622539373e-02
7.505652762297121069e-03
1.466756973025449759e-02
1.347367058440279708e-02
7.573288857933453515e-03
1.043449294927159196e-02
1.555630863296348677e-02
6.540532793301898074e-03
1.415058734460422803e-02
7.163084397749387364e-03
1.287954968600396773e-02
1.454805348254724177e-02
1.588113970930534261e-02
5.774586152675528425e-03
1.014791359132166670e-02
1.587574196680096097e-02
1.286508844307807445e-02
1.268314892467257635e-02
1.485858101814307997e-02
1.196722921756340069e-02
7.428582109542797990e-03
8.460685580249810780e-03
1.093316934051782353e-02
4.601129143515762451e-03
1.255275975602747340e-02
1.620629673465628223e-02
1.063434309933469421e-02
9.240924203748548602e-03
1.491930566303124699e-02
1.624288758262004348e-02
1.610687003214219398e-02
9.635564994646798193e-03
9.527667084925129509e-03
9.407006142350796823e-03
1.669133486290629714e-02
1.306794985766655467e-02
1.172306776151270553e-02
9.234834694396747493e-03
1.075768555778805133e-02
1.636539007329785092e-02
8.806565595475908739e-03
1.458701542054170915e-02
1.652151579123797148e-02
1.200736483065890925e-02
1.576109924250226196e-02
1.384110354730806909e-02
1.324159308301324153e-02
4.171303265315801784e-03
7.713011651039658467e-03
1.225040565054251809e-02
2.830924507493842376e-03
1.648138089315693416e-02
1.639319624233503622e-02
1.308077857577024175e-02
3.804083163826382785e-03
6.375604390907280497e-03
1.410713274286329311e-02
1.178008610785297519e-02
1.660784009119459573e-02
8.468545212458570767e-03
1.653778618870797162e-02
3.866612532715072315e-03
1.410527663556344728e-02
1.640828195542080870e-02
1.499791215797623492e-02
1.570533681976523863e-02
1.378727657589627273e-02
7.568628746411659031e-03
8.671818877609439521e-03
4.625373584937835479e-03
1.512382298678923050e-02
1.433301344079817262e-02
1.702646687403840120e-02
1.554312715494786910e-02
1.314811764036846395e-02
8.675099289624338753e-03
1.145545209068284977e-02
1.633510913843493409e-02
1.475706680260494702e-02
6.824699312924789422e-03
1.260556491624926362e-02
1.224046199710263072e-02
1.534788765075728936e-02
9.169942418428571676e-03
4.272612866982243227e-03
1.295440007951089052e-02
4.643693923198238295e-03
1.324247599533975167e-02
1.312197758986046771e-02
1.217951587978012215e-02
8.860735226827773370e-03
6.477244621134179738e-03
1.214349526912402409e-02
1.549597061440362994e-02
1.452282404428038333e-02
1.221296028205449621e-02
1.482991501792681882e-02
1.018076427902757722e-02
1.151135820151640357e-02
8.380830272395983077e-03
1.695916317491685810e-02
1.662852324405774546e-02
1.679837374874347186e-02
9.095401540176540137e-03
1.341595717464198756e-02
1.665177191243679203e-02
1.022041154515716463e-02
1.193187376326539963e-02
1.049911007317076532e-02
1.361275551045185335e-02
1.158959217444481202e-02
1.024534176013038034e-02
1.652001473035006468e-02
1.490462379693709496e-02
1.039870584973250078e-02
8.449431747775109497e-03
5.845617039875447563e-03
1.395836743600049890e-02
9.026077034245610226e-03
1.471525256354643853e-02
9.476115230854880583e-03
1.105437731305216296e-02
4.132002385812716047e-03
1.013451224451940649e-02
1.177371070192141829e-02
3.435659365633503270e-03
1.202723486923641151e-02
1.019958958225106356e-02
1.041671357260961182e-02
7.667148335007950566e-03
7.638196748966393987e-03
3.824388880355873883e-03
1.520721314434668632e-02
1.180796202563827099e-02
1.542056884571784726e-02
1.464580512028281802e-02
1.309446667899487153e-02
1.511001927754157537e-02
6.984180323839558890e-03
1.126460808587821140e-02
7.293306139188163000e-03
1.254035344586442585e-02
1.600759525662274335e-02
1.673799097908535913e-02
1.135669850270331141e-02
9.470570244905888307e-03
1.087532203524991560e-02
1.544932282990605157e-02
9.005062665482819334e-03
1.391753300021820669e-02
1.499373783650190944e-02
1.048082878457582551e-02
1.493508506980272335e-02
1.214808157942367205e-02
1.669727343342100254e-02
1.664175168161485113e-02
4.658355447285057391e-03
1.394870208622385997e-02
1.133706645307887284e-02
1.481289378365885888e-02
4.355458695784385388e-03
1.534523762277097830e-02
1.544196659265260028e-02
1.476892229882770420e-02
1.121327429781713951e-02
9.398166364734259620e-03
1.114376267250143278e-02
9.604076568095049754e-03
1.312378723733461337e-02
7.459048668674876995e-03
1.470319773368386831e-02
9.700451832673720465e-03
1.522419529097513748e-02
1.571610095140126701e-02
1.365316874588145407e-02
1.588195351119159326e-02
1.381395851657434698e-02
1.522170217218147929e-02
1.319320486576867728e-02
1.351154654553324286e-02
6.005051970518976781e-03
1.698642817039203862e-02
1.422834482746021707e-02
1.374839429169138691e-02
7.860542192512818063e-03
3.611378971896749002e-03
1.384110354730806909e-02
1.395786148402080630e-02
1.703073215803127885e-02
1.481845323095450431e-02
1.270238842159019874e-02
1.557494986052332386e-02
1.050592007620367550e-02
9.217828529501766177e-03
1.397374537781970356e-02
1.517616096293324113e-02
1.434740642701252782e-02
1.083243722447267514e-02
1.616584211917403147e-02
1.380806317379114703e-02
1.326729547800123421e-02
1.291548028868150233e-02
1.614565632960119138e-02
1.632685803104908309e-02
9.788488957260111159e-03
8.134930327409186854e-03
1.211257237351863816e-02
1.237610173037153455e-02
1.212927849758715058e-02
1.598329554353906945e-02
1.258824532989702427e-02
1.272898878770848709e-02
1.369342194516890050e-02
8.551861492034049800e-03
3.041727225782636223e-03
1.688999181147903331e-02
1.035274615895666502e-02
1.390901803955029055e-02
7.516962253852765494e-03
1.014000628506913325e-02
1.596602001775803206e-02
1.192572726368488524e-02
1.458118535726117375e-02
1.518973260868852933e-02
8.741160490651687237e-03
1.124553111818015448e-02
1.523450110038796282e-02
1.378037700060112843e-02
8.210419357081310751e-03
6.650037685342543269e-03
1.546884978921997389e-02
1.420258429729754322e-02
7.379132791655622185e-03
6.239468541518125230e-03
1.485218251739221784e-02
7.096251260535972605e-03
1.661623444089968885e-02
1.182198605462076064e-02
1.595272560876900836e-02
5.104664407393114979e-03
9.994209699030996708e-03
1.447423446086100116e-02
6.530758262291071897e-03
1.031206381369675039e-02
1.338057797692953840e-02
1.288742411285133567e-02
1.133373741676987900e-02
1.681230920065196824e-02
1.333309394577835393e-02
8.465432630303384304e-03
1.259769172181379911e-02
1.626602694954626740e-02
4.984471384941579347e-03
1.265730922205966259e-02
8.043548871020251775e-03
1.469442014273456172e-02
1.521227193972217971e-02
1.527363058667642430e-02
1.189630864732872141e-02
1.246006124484839474e-02
1.683765229871811778e-02
1.400623560580949688e-02
1.559070100587274521e-02
1.696162496723075189e-02
1.160935569421421912e-02
1.328513546494263994e-02
8.761032467115419456e-03
1.666638180083927778e-02
7.408835324768119415e-03
1.675526246719654527e-02
6.226165657616680379e-03
1.410778557617082749e-02
1.610345841707893147e-02
1.241567423594397597e-02
7.696846643639669583e-03
1.654133599771126159e-02
1.476669376136550103e-02
1.702332454473318504e-02
7.910814672821266103e-03
1.277589956730910449e-02
7.677192378583067023e-03
9.501337872035039989e-03
1.690625208204743837e-02
1.268747160316850524e-02
1.523450110038796282e-02
1.126610937416444927e-02
1.128426833995070655e-02
1.138059647103043144e-02
1.657272824887444373e-02
6.439546953712289683e-03
1.254372100572838551e-02
1.448750046470849429e-02
1.184469762400298422e-02
1.067455420412815811e-02
1.141528164476942643e-02
3.430864562772675732e-03
1.023163144117420105e-02
1.252693686021038449e-02
1.261485983337159306e-02
1.410713274286329311e-02
6.590284549107030751e-03
1.137383077162921682e-02
9.049589455063958982e-03
1.555069136417432628e-02
1.524946137061054113e-02
1.390991029925540447e-02
9.250875309079722303e-03
1.517040281885033426e-02
1.606157414170401171e-02
1.088323921089517921e-02
1.659752338619821174e-02
1.697400962194147225e-02
