6.729593029506704231e-03
5.784982619790056445e-04
5.675483384462912508e-04
2.075863165854180924e-03
9.546641328411360197e-04
8.544308378734099662e-04
7.646632863774575082e-04
7.457273815824749926e-04
8.078886725313051556e-04
9.647023238174492078e-04
5.004777793900325872e-04
2.324304824630405320e-03
1.339556015779201506e-03
7.991995884245244952e-04
4.933245863566388702e-04
1.182569423060117822e-03
5.204046643387157936e-04
3.287914813722460795e-03
5.322878849935882813e-04
1.567289156989738839e-03
1.055352905020787331e-03
7.182006591694819119e-04
1.194512031683644861e-03
9.478503516757046977e-04
1.359380402954107024e-03
7.746096567344541413e-04
1.103035616975138987e-03
7.218565794232827864e-04
1.143164844942687114e-03
1.525606240514795894e-03
8.148187022216529275e-04
1.302719446376424031e-03
5.564606549980785025e-04
6.084447813880163340e-04
7.564606981228610928e-04
9.509406220708223161e-04
5.448776321869848709e-04
5.226165694246380283e-04
5.522151230286063972e-04
4.954706131437101998e-04
1.311750089576543430e-03
5.735162734785566839e-04
5.195737745198306026e-04
5.095662768197146454e-04
8.446224690087121350e-04
1.720584509709320586e-03
7.442255146708528623e-04
2.205447485429280242e-03
5.705900587256331315e-04
7.426179779906269540e-04
8.233812546351968083e-04
8.593737565026542211e-04
8.196498688416827211e-04
6.878601883382839781e-04
3.554787326986006205e-03
6.347207657074845815e-04
1.463264930548228678e-03
7.817108849527450035e-04
1.260389860982502955e-03
5.583459623990658441e-04
7.776545673136615617e-04
9.872745556587971937e-04
6.700497497595670751e-04
1.342569941450564696e-03
1.447602535040106060e-03
6.780629175651527651e-04
2.249543134492404742e-03
1.567289156989738839e-03
5.636318345998405028e-04
6.321712284797631606e-04
8.382659515465706347e-04
6.780553946978595727e-04
1.052126733431252596e-03
4.345671455664612982e-04
1.532582815236718408e-03
5.199351369663444229e-04
8.682251081172421853e-04
6.349212893074257687e-04
9.138982363604927122e-04
1.405497459612894962e-03
1.065378232865750192e-03
1.045154098264510422e-03
8.147932846782294115e-04
1.706217929286272389e-03
6.408977774169539185e-04
5.921121232957753892e-04
5.210004199958894995e-04
7.162634012477494053e-04
6.100976212206263554e-04
5.390392244453687037e-04
5.048031717659119981e-04
8.271036599357427027e-04
9.542434963331406211e-04
9.284066173372107576e-04
5.839013998388919817e-04
7.291453104502334994e-04
7.936524943065448572e-04
1.371053697010751532e-03
1.642016680962429505e-03
1.518851538579316226e-03
9.486899279145740186e-04
9.625318009492892912e-04
7.407526194864861007e-04
1.163343007489416481e-03
7.388896793543887767e-04
7.674652870584120325e-04
8.339133378449307792e-04
9.255026541975304877e-04
7.631981558827076548e-04
1.077075764683091191e-03
7.383777947465178584e-04
5.701431145333614794e-04
1.221284393753722984e-03
6.939905962344513658e-04
7.527378687770348636e-04
6.717216815652079327e-04
1.440344559013862847e-03
8.686150094684370925e-04
1.179207616027187419e-03
6.592509897038006895e-04
1.308568949749417971e-03
1.743731504189280704e-03
1.080547815878783648e-03
5.181754957991816088e-04
9.323669123297363996e-04
6.621210544755137253e-04
4.550763807350340431e-03
6.629351164792680927e-04
1.036689170618828237e-03
7.712130602269839669e-04
6.729739980251157796e-04
1.084054591186817910e-03
1.276421857219689785e-03
5.206008977887530316e-04
5.895293543800065542e-04
8.883556716049546614e-04
1.014804394277024234e-03
1.470860332291751456e-03
1.183895980333384262e-03
1.549721316129786626e-03
9.899070008401590452e-04
7.087159610238453079e-04
1.086655476473433581e-03
5.500072271855127332e-04
1.402897228717542690e-03
1.336379129922090616e-03
8.359384476211084106e-04
1.465626376752339434e-03
5.413065853206177908e-04
1.756277389920102815e-03
7.341946485952524550e-04
8.675857268531723043e-04
7.823353947914314221e-04
8.915738623942842363e-04
5.942622779645297809e-04
8.546970177505123969e-04
7.316432618400801370e-04
7.379122806473016952e-04
6.340518087837873976e-04
5.783120696522377419e-04
8.807533549880004363e-04
5.633833722779129066e-04
1.566298016498459322e-03
6.085297737474523001e-04
1.404152299814532883e-03
9.898934637638408512e-04
6.221167600143096563e-04
1.108778381209067285e-03
8.681982063978713800e-04
6.597436377619287327e-04
5.433052652515357999e-04
6.640215845108357736e-04
6.842639902316791567e-04
6.031552347543602324e-04
6.487968184424991978e-04
7.818255510770117040e-04
5.522151230286063972e-04
8.599973381479966228e-04
9.565014069271993028e-04
1.010374489962568212e-03
8.304130912060963925e-04
4.824901778272534889e-04
5.257406491361524010e-04
6.470063108201017446e-04
7.341456291541643801e-04
6.599494519639750954e-04
1.238298735877946992e-03
1.372867053136132267e-03
1.062155058642168986e-03
8.680258272211069598e-04
1.435430749331833905e-03
7.278777664758980881e-04
9.342257028589614695e-04
7.972533804665237834e-04
1.189969051649927747e-03
1.450892733908258235e-03
5.047298352852526253e-04
9.137563116259254199e-04
8.241545372689241308e-04
2.114766860273774654e-03
4.874166505235034020e-04
1.724528942269590174e-03
5.758200112064012577e-04
9.576602032495251096e-04
1.581799603927511785e-03
5.394539244359763605e-03
6.776335257660617319e-04
8.565165319083014586e-04
1.222287363006531588e-03
1.384608489234787944e-03
6.700935310085880895e-04
1.381801024665392768e-03
9.842662416809319116e-04
6.056967393633463405e-04
8.649087243258841637e-04
8.207124338821251324e-04
9.538853887776497413e-04
6.475771250659345885e-04
9.322325208941629419e-04
7.649939345067701974e-04
6.334008088622611332e-04
8.103853211392242090e-04
1.195616427632467671e-03
1.912068555375152608e-03
8.151419605855636952e-04
1.567289156989738839e-03
7.457323063691505705e-04
6.224825273228142605e-04
5.949237307265832150e-04
1.612031355184714637e-03
7.777787783287549821e-04
5.290799718925008393e-04
8.543503361973127505e-04
7.746096567344541413e-04
6.597537652097632942e-04
1.943794995760894954e-03
1.202860520678411885e-03
6.601385194359572469e-04
9.514265207501608826e-04
9.494983898819279663e-04
5.755633320899057777e-04
7.122017247982951466e-04
6.644389992090343582e-04
2.152466906599394963e-03
1.127733976557460669e-03
4.883859714239405627e-04
9.556159455924766524e-04
5.501287754055960572e-04
6.470063108201017446e-04
9.121127726415438142e-04
1.086235033993199163e-03
1.141748421005509473e-03
3.016546591599733335e-03
5.213733478857998085e-04
1.486501513731932093e-03
8.707923810553737853e-04
4.350134810281810365e-04
1.648532467006455287e-03
5.014694133153444529e-04
9.439502241629305545e-04
8.931573687216458812e-04
5.727206356384465869e-04
1.290084517345619188e-03
2.520654005877288450e-03
1.700418984657002400e-03
5.710443356258987531e-04
5.165179424078577804e-04
5.098443253799808455e-04
8.462749875388005669e-04
7.895785351988323904e-04
9.911113340370864347e-04
1.146937404394921846e-03
7.991995884245244952e-04
6.067983280343408744e-04
5.503214413165257411e-04
1.044566868388924598e-03
1.352813519372653411e-03
4.693250131855130486e-04
4.642507449964292749e-04
5.534701924398001231e-04
1.391414908347954251e-03
7.416188384811585148e-04
1.284357452739289061e-03
1.071568589730388177e-03
5.836389292728893629e-04
1.029492451613677568e-03
1.050821016999326386e-03
4.416110156182971938e-04
1.669067104027983917e-03
5.123988487497762537e-04
5.278308298933146250e-04
1.702899372481130481e-03
5.984034013275097005e-04
8.381356342683781054e-04
5.952074185957007945e-04
1.327163073315941987e-03
8.259597060709106394e-04
5.522814608827447897e-04
9.281390878123164717e-04
6.958812071876686878e-04
4.887174681708926277e-04
8.541348750759383520e-04
8.245218373324212160e-04
6.765719026708341818e-04
1.051563067581399395e-03
9.848002665925968246e-04
8.243276406573297284e-04
9.604898281745955510e-04
1.068228806085847219e-03
4.386425551864609244e-04
1.022802933979394865e-03
8.289709321604386274e-04
7.599578807486249803e-04
9.094554906503739397e-04
5.856521774215651607e-04
7.978569990645113493e-04
1.329827474424701136e-03
1.202860520678411885e-03
9.030117511402087392e-04
6.382263141053366685e-04
6.039907216691383978e-04
1.068532468469391827e-03
1.122881651929121417e-03
1.287096711882654548e-03
5.894686348816127784e-04
4.723695428833216744e-04
8.077283279246024730e-04
9.549390699803946610e-04
5.920121757819159832e-04
4.555839268558856798e-04
1.053694896837185230e-03
5.791067002837237175e-04
1.099278634850590691e-03
4.360849357435792419e-04
8.252987071492344853e-04
8.043003041938314541e-04
6.320099029656092932e-04
7.164046023509958172e-04
1.193182580877063343e-03
5.531755713191976141e-04
5.206557090758402208e-04
2.147993821899860621e-03
6.643060060858958175e-04
5.825076128261680785e-04
7.727064551149717079e-04
4.872368087433026824e-04
9.276586932277150737e-04
7.785485284598097667e-04
8.922803390068510896e-04
8.243276406573297284e-04
1.387479380998288313e-03
8.871738538198347106e-04
9.213076728221926068e-04
7.346863037228365057e-04
1.255154069632056276e-03
6.328055461024103190e-04
8.214272228058546116e-04
1.276316711696079019e-03
1.076334968989604238e-03
5.373632575276712916e-04
7.175162784853232004e-04
7.842138025569336379e-04
1.074478753299877576e-03
5.192681556826753315e-04
7.105692912825790908e-04
8.660860236292183345e-04
7.909720952116326611e-04
9.077416161338634337e-04
7.730110415093458627e-04
1.627840581736559288e-03
1.275237601835914249e-03
1.724528942269590174e-03
6.280460224965565353e-04
8.043913138435841541e-04
9.839259347898202807e-04
2.200624330250798479e-03
5.610880856993384191e-04
1.103321722609204667e-03
1.627840581736559288e-03
7.354440180398275810e-04
1.195810401536509830e-03
1.399780544405596549e-03
7.095255316844190606e-04
7.234230788032614988e-04
7.377709272532271146e-04
8.316623563919508296e-04
7.803290503626729782e-04
9.732024710961551927e-04
9.304568336543534183e-04
9.748092654571129806e-04
6.100991150394761151e-04
9.997956724953085093e-04
9.949312428218109496e-04
5.428957235877463058e-04
1.006362324742340886e-03
9.734417211017052773e-04
9.950241053623492225e-04
1.567289156989738839e-03
1.116684672486114921e-03
1.106544640682755216e-03
9.398973992327146806e-04
5.180468311504088938e-04
8.668058498504398104e-04
5.184456557613004862e-04
1.142968357370772146e-03
1.236356625178332367e-03
2.016875751088806172e-03
1.817657640933432496e-03
5.581188214582309985e-04
6.298637046159190345e-04
5.134907699547648944e-04
1.513750658217922779e-03
9.084482706909944270e-04
1.117651601140245759e-03
9.288745749693939251e-04
8.213302456636908857e-04
6.878362678766360670e-04
9.240541936595136636e-04
8.204590597634600765e-04
1.906263600329307153e-03
1.326354904616770239e-03
1.222046246515372204e-03
8.368114758459327743e-04
6.092720198462766440e-04
8.488254542091849039e-04
6.196524996155877750e-04
7.644568038759106624e-04
9.173136947505501713e-04
9.895089815012624804e-04
6.958812071876686878e-04
1.489506077272920734e-03
6.035495425350942064e-04
9.591897908111609618e-04
1.952212781479407489e-03
4.478552204275390016e-04
5.398453752780451361e-04
5.539925870799410892e-04
9.707281607907489000e-04
6.469225498408989099e-04
4.900370947921442108e-04
9.000680067286119870e-04
4.457257594254119388e-04
8.509291063725668396e-04
1.423809599580512031e-03
8.008643677993346980e-04
6.558694765847127798e-04
1.214513000966064649e-03
1.043384735861647289e-03
1.066493032732903582e-03
8.559496816219403685e-04
5.756039571996875116e-04
1.122632084982683144e-03
9.819615818112128677e-04
1.100768174114996958e-03
1.069808303848899167e-03
1.269717120150943733e-03
6.368088902351877511e-04
1.349463192131303236e-03
3.345840596639104107e-03
9.480387323705781423e-04
7.013400072500349403e-04
4.805594320003932804e-04
7.652789938790889330e-04
1.053791700875976933e-03
1.523563700820627139e-03
7.587508151511530505e-04
7.123676573366116748e-04
5.816342599015802192e-04
1.228773465909392074e-03
8.870471291096053510e-04
5.475118286083635469e-04
1.302976909953656439e-03
1.275237601835914249e-03
1.071213982298949543e-03
1.269717120150943733e-03
5.332294574554750574e-04
1.173310502851776602e-03
1.492282546916963264e-03
5.576793134177455849e-04
1.255888124316467203e-03
6.132783857345423762e-04
6.544878142881893233e-04
5.009126039965288487e-04
5.922814481089035566e-04
8.738978063996927876e-04
1.106540456981298546e-03
8.483607500055871924e-04
6.592185712291808624e-04
1.075441465197698185e-03
6.722817559357463415e-04
8.233812546351968083e-04
7.858259206180653747e-04
1.036030227634988183e-03
4.782771211398551881e-04
1.095704448452347384e-03
6.532801703131747026e-04
1.291230617887444533e-03
8.322453563590283439e-04
7.816521414888101191e-04
7.655129493862186055e-04
7.763934996397260820e-04
4.829299229890260262e-04
1.085247546075525198e-03
1.591280852414278307e-03
7.043901722784552243e-04
7.611825085695179917e-04
1.662913479872134455e-03
4.251859230551454641e-04
5.939241788625657234e-04
2.189335364855731717e-03
8.050952621872905710e-04
8.984744534628228644e-04
5.885940113791596684e-04
5.047298352852526253e-04
1.535281127239482941e-03
1.080693080785698201e-03
1.097386291470582587e-03
9.709095105106621158e-04
6.849539468999018849e-04
1.879598460168889007e-03
6.746149653017352761e-04
8.688259886806014081e-04
1.125955370680269997e-03
6.000614105256366375e-04
9.262457339707723088e-04
5.133935852049959078e-04
4.740203132713258368e-04
7.115960433943780382e-04
8.921782987783111012e-04
5.178853467422636376e-04
3.373677666640053762e-03
5.666619736843733508e-04
1.178077439751711855e-03
1.369705574435666493e-03
7.824142072851482952e-04
1.254630624492373680e-03
1.074283830013543668e-03
6.819666721898228964e-04
7.635920115577041244e-04
1.006708253982899421e-03
7.278866379107401443e-04
4.868030313050880327e-04
6.762066795604381375e-04
7.458587606360091073e-04
1.000446547052216998e-03
4.565080915217398943e-04
1.038250100898010977e-03
1.180071800042501416e-03
9.176763234684713827e-04
1.358553883440812449e-03
1.780861345076215334e-03
9.182851144281152251e-04
6.747758219551316331e-04
1.042916732739803364e-03
5.298043242386989713e-04
1.258102303760672740e-03
1.467584658272020953e-03
5.663894452579219373e-04
6.316818193342922921e-04
7.943132476180899283e-04
1.506435582250139791e-03
1.284675694690129519e-03
7.249514246204030125e-04
2.814929997761381197e-03
8.110010121621010750e-04
1.090499286632310967e-03
4.942939412079445146e-04
7.777593485398198812e-04
9.947811531262600732e-04
7.453363567756875327e-04
3.802874139036827549e-03
8.883503607044994626e-04
7.662667273063063656e-04
1.310756703774056120e-03
7.605966257836485264e-04
4.899703842756361269e-03
3.427456932299250553e-03
9.297920490079722997e-04
7.839715279199067433e-04
8.071166356603211214e-04
5.220204007031855773e-04
5.670322210994678102e-04
1.068740872376966120e-03
1.194349040584449361e-03
1.182059794075812978e-03
5.939103400948372857e-04
7.377549880515456076e-04
6.387096702450313504e-04
2.016875751088806172e-03
6.816391047272897172e-04
9.431549611854854551e-04
8.182452272757882467e-04
6.051701080158682034e-04
1.056045224875963367e-03
8.553171833830420113e-04
1.031345616416866470e-03
9.393269520622671157e-04
6.730256186842688022e-04
1.396594112279531076e-03
8.978728125714842455e-04
5.898364467887567573e-04
6.053106749170470173e-04
6.408141413947020118e-04
4.925917055148425249e-04
8.103546059408689873e-04
9.827094487075227567e-04
7.579385940405528521e-04
9.224599767372038519e-04
8.482909790282493374e-04
7.799619928825216649e-04
7.860203427859412464e-04
5.710435928901157199e-04
6.474328521727911855e-04
8.139770714482385096e-04
8.357285398946628224e-04
5.369434709044099878e-04
7.149055849242770370e-04
2.471285735654774225e-03
1.082182346655138298e-03
5.699567071882991748e-04
1.477601089565351491e-03
6.478386917593291537e-04
2.308299240019375670e-03
1.381801024665392768e-03
6.767291530149475466e-04
9.096969946679782848e-04
5.545580923897499561e-04
5.622463366902701433e-04
1.023018832459793043e-03
1.015213312902166903e-03
8.631778187819462347e-04
2.457171610707836913e-03
1.624728594104186616e-03
1.216366999805761811e-03
7.577133351574539015e-04
4.887798430776792331e-04
1.364424232724074535e-03
2.476542914462696518e-03
1.200436465332045287e-03
1.245999743333909855e-03
2.518456089590964935e-03
5.543435030918731753e-04
2.441269339333549792e-03
4.418046477030906113e-04
6.475624499731739200e-04
5.144995653421988039e-04
6.706196915896190259e-04
1.440709424861877537e-03
8.541809457093451014e-04
6.558870131772228393e-04
1.574851881589738869e-03
7.497652414974371755e-04
1.996739176262498500e-03
7.688098187894692407e-04
1.088951938131220605e-03
1.873658106639611905e-03
6.355030755131338763e-04
1.053791700875976933e-03
2.147659467417152405e-03
5.263592854541591232e-04
5.634893576118909717e-04
6.047919301573051595e-04
6.122858735498889560e-04
1.837682793654584965e-03
7.247156338888544004e-04
9.600431367919103152e-04
9.177473902412076282e-04
6.760059807438650566e-04
4.974064199053850272e-04
6.773882071998776032e-04
8.201870991573230853e-04
4.628177756612218002e-04
1.059851027754125062e-03
6.208485391415535749e-04
1.303611719980680419e-03
1.655495494028598295e-03
1.021362494362312206e-03
1.330908430237926670e-03
5.464024684119513477e-04
4.288942999036627528e-04
7.763934996397260820e-04
5.785975338733177634e-04
1.027952962899631069e-03
7.319259948835373387e-04
9.595723123285906236e-04
7.128346210071308904e-04
1.555871639711067225e-03
7.567607017348108693e-04
6.875518537056024169e-04
8.580932567661070593e-04
4.743425041120687049e-04
1.230235596981881126e-03
6.646016151732696536e-04
5.246649501749857739e-04
8.172640927210620028e-04
7.690755846234160076e-04
5.470031275196547823e-04
5.861781371477977004e-04
1.511903465876497741e-03
1.029594491482470602e-03
8.353102904772764792e-04
1.370783885211256277e-03
7.361229769912284483e-04
1.053874264012212483e-03
4.189617286797757932e-03
8.535227109139413267e-04
1.044001548682732409e-03
9.839259347898202807e-04
7.142152510291080144e-04
7.557015974131118261e-04
1.123585098348747193e-03
9.718128600970184130e-04
1.186432565330095739e-03
5.919238400659297466e-04
1.165620389324958147e-03
6.763130168549122152e-04
6.304211011848155589e-04
6.568510908014349101e-04
9.088669852803687218e-04
1.220037527432392670e-03
9.822207271757508323e-04
8.144875410501566321e-04
4.426694573162159559e-04
6.689717208753313002e-04
2.082601836162057893e-03
9.486998128311889718e-04
9.908192179454260173e-04
9.588623776843711866e-04
9.893497501148001798e-04
7.963486154328312154e-04
6.754235220429824927e-04
8.716358421556524502e-04
1.198432768577857533e-03
7.379625555350820135e-04
1.314038522380646130e-03
5.221385489617992029e-04
1.126186004639504650e-03
1.024297798929200976e-03
7.569310322514335868e-04
5.904569395695092714e-04
1.189405363114043324e-03
8.313936164670983299e-04
5.201707345378604698e-04
1.154580481348219632e-03
7.571805141747944140e-04
1.083753481489258636e-03
7.626949093861643122e-04
6.251849890300161796e-04
8.243265833320327510e-04
5.548610703177466602e-04
2.827120888663058745e-03
6.875118193249574053e-04
1.328465492066564172e-03
6.084447813880163340e-04
1.043064954554649313e-03
1.479052925671376587e-03
9.078653894435495617e-04
1.159787624627348556e-03
5.156550711274526235e-04
6.042722744305424089e-04
4.083859106228918470e-03
8.074593354384826090e-04
2.219372848221123819e-03
8.161286175814566266e-04
8.183237880554077460e-04
1.000553248215222410e-03
6.298344436952376833e-04
1.010959533116751125e-03
1.822968603251377785e-03
6.224825273228142605e-04
1.299787162198784516e-03
6.513540921767825218e-04
1.178957889762197305e-03
2.179067303743017527e-03
1.118192270185233185e-03
9.406647625528149646e-04
3.025801061052025252e-03
1.320127739783581548e-03
5.080996819126953933e-04
1.190329627668861717e-03
7.312064968310921960e-04
5.644131092508360712e-04
1.169413214082060028e-03
7.790495835907398350e-04
1.053791700875976933e-03
4.984628586078460348e-04
3.182432206759941862e-03
5.708101734554859143e-04
5.941130081692820456e-04
6.304770605856314025e-04
7.383777947465178584e-04
4.710301457372081035e-04
5.343036077826927421e-04
9.750046931053019030e-04
8.631778187819462347e-04
7.980024465379446626e-04
1.318017598662740361e-03
8.349140820079289536e-04
7.458120416426937361e-04
7.095939469362694220e-04
2.827120888663058745e-03
1.574851881589738869e-03
4.697168755796844535e-04
6.325776317429057617e-04
4.908610328233107894e-04
1.006227946165548200e-03
1.397868012373722517e-03
7.606863723967653354e-04
7.202726676768536835e-04
5.952074185957007945e-04
5.802841140049786644e-04
1.477941727410571207e-03
7.598748844250796230e-04
7.324831713074298574e-04
7.522718367537288000e-04
7.581013926677959138e-04
1.174627622162895558e-03
6.847114653790780043e-04
7.693960313955445747e-04
6.340837456124516838e-04
8.774904995960245736e-04
5.206299504453164089e-04
5.679270715605641952e-04
5.420353745730382327e-04
1.045320131325507733e-03
1.650727439784535448e-03
1.306571239448025504e-03
5.710146557479840214e-04
4.647237788263298736e-04
1.459592294931522354e-03
1.084144451651482917e-03
5.683332313352935537e-04
6.522381185223852370e-04
5.089483642435278701e-04
7.413667062037379877e-04
6.215785236429409834e-04
8.921782987783111012e-04
5.867738338288246321e-04
8.995698529593458602e-04
6.764717774710348125e-04
6.663345232139619365e-04
1.195209096291439694e-03
7.595943759812739384e-04
1.373874424359249101e-03
8.869493078728999660e-04
6.178451566939834223e-04
6.728934876536587020e-04
2.120041328947848587e-03
5.495888614157760010e-04
1.566436104927472137e-03
8.253984663819861727e-04
1.012629946395932458e-03
4.828005820190662688e-04
7.945288738980566413e-04
9.104174290445061482e-04
1.129155509220471955e-03
4.782739087037595274e-03
8.255831546113581807e-04
8.908263610433949948e-04
5.845847051013840440e-04
8.058592276095915717e-04
1.664554924938326831e-03
7.524985371590240659e-04
1.506921276538599353e-03
6.586007169497956094e-04
5.263592854541591232e-04
9.305271672755544140e-04
1.294716666514148786e-03
1.682598777671075099e-03
2.439018499669018663e-03
5.999791873492892362e-04
8.000050076833841025e-04
1.416354480922994881e-03
1.353232970997706071e-03
5.829709342916459310e-04
7.215412034857965947e-04
4.490747174724648606e-03
1.544955980316523904e-03
1.234020635613864445e-03
7.775404443826958558e-04
2.311062610652185080e-03
3.245108212517887423e-03
7.264656035318134246e-04
5.697403385361209062e-04
7.051147699766426242e-04
1.467584658272020953e-03
8.660860236292183345e-04
1.563501708742152333e-03
7.683798690518181627e-04
6.274428211757914018e-04
1.708950194252896416e-03
1.702826169332154584e-03
6.123131478664752122e-04
4.573275474516840769e-04
7.999487480581744109e-04
6.794976272762792485e-04
5.311481047395670129e-04
1.910511038595770397e-03
7.642437901441694482e-04
8.209640401542290990e-04
4.333058325998630092e-04
1.350818086674424089e-03
6.719489048184198532e-04
1.073154716505845532e-03
5.982178453877321032e-04
1.450178665802137048e-03
7.645703321928657781e-04
9.860157787981171668e-04
1.193896318460447746e-03
5.109587091546551876e-04
6.875118193249574053e-04
6.223570316628389406e-04
7.099440066001152074e-04
1.287503854466444169e-03
1.035452914379079471e-03
1.875429660869275608e-03
1.005461809997943313e-03
9.761807287594898149e-04
1.943794995760894954e-03
6.062541608244595166e-04
8.706183219974581887e-04
7.456372805160712582e-04
2.138284192724439117e-03
9.337348591784561114e-04
2.152466906599394963e-03
5.802414896812756748e-04
1.722329122918361127e-03
6.657032841497625497e-04
6.680309246066349748e-04
7.520504601293403210e-04
1.069807985806090931e-03
6.700648716683710012e-04
6.503827665555934369e-04
4.741343845148925529e-04
5.307660258381404449e-04
5.868534982251274144e-04
7.911342256571934298e-04
7.508908388718732669e-04
6.961226549605152667e-04
1.233708393840957486e-03
8.014273146760999113e-04
2.075863165854180924e-03
1.051506701390540494e-03
1.271645432883756902e-03
7.211149968625164917e-04
1.180071800042501416e-03
1.706674427884928265e-03
7.465101726836686135e-04
6.327410853294560987e-04
1.202860520678411885e-03
9.772896112990230120e-04
6.642341349599233200e-04
6.230323255535368540e-04
1.114416031870255151e-03
7.341883341143447912e-04
1.147678294244351173e-03
1.954540030501774987e-03
1.644719725141944753e-03
6.554929568199754962e-04
1.268149301336386281e-03
7.638307284528978933e-04
9.657297154816018312e-04
9.570905908819981288e-04
1.211622147562928763e-03
1.076265997398060271e-03
1.147915897357901097e-03
9.224719032046204813e-04
9.648559278156377183e-04
8.378072021875661518e-04
7.708228034779225418e-04
8.233812546351968083e-04
7.024744946626881132e-04
5.825450701942670251e-04
5.694687754582347921e-04
5.062435433556302083e-04
7.860562904733256603e-04
2.695799437914712330e-03
9.657451778170785027e-04
9.510949946503362545e-04
1.024550247414762879e-03
1.194209258358596565e-03
7.249677763047915812e-04
4.528071089970600789e-04
1.335152851421608821e-03
1.089844477840750227e-03
1.083686839966272039e-03
6.018608942994002273e-04
4.249329832991292845e-04
9.981657980689265589e-04
1.353525209297919661e-03
7.556963882394874708e-04
5.631875085670041969e-04
6.589410388721343714e-04
1.327932293841394126e-03
1.698631637788218865e-03
7.743032839315778506e-04
9.592965013813675203e-04
1.473380852919177171e-03
1.792842876319953455e-03
5.945649763033705130e-04
