1.795774487883390891e-01
1.031254620988917015e-01
2.426276347440073922e-01
1.075700262466381812e-01
1.219138177087608632e-01
2.205246791294933895e-01
2.926279320808072293e-01
2.461352083525580881e-01
3.543158644755931563e-01
9.224288536702976438e-02
3.926157499122419070e-01
3.106276297879390080e-01
1.209190281199928052e-01
1.343566945238411636e-01
3.263313861225811685e-01
3.108129445306408445e-01
2.346224342945950059e-01
3.371653128300222679e-01
1.322927636109842708e-01
2.662642498728769458e-01
3.651397690995548118e-01
3.022885673176496923e-01
8.170946320420247044e-02
2.989506511253526289e-01
2.966340332741211894e-01
1.365073271591098758e-01
1.205117083663629768e-01
3.382492923219492242e-01
1.967385687901627433e-01
4.082005726334504980e-01
3.627998425019159368e-01
3.989226612312520293e-01
3.537891161452611510e-01
3.009787826994894111e-01
2.433973155903925434e-01
1.395628641478511289e-01
2.822779414625113392e-01
3.636416181872227371e-01
1.365244511804462046e-01
2.390776381139023132e-01
3.332846556021888951e-01
1.345346499887475900e-01
4.516505213058986251e-02
3.665635631435453790e-01
9.989451227071687034e-02
1.673023656451278485e-01
2.712552105756693144e-01
4.695654878410920885e-02
9.240655558459789920e-02
2.652387180616783136e-01
3.795892068873932268e-01
1.274137820806099941e-01
8.150994892191808228e-02
2.333433800488029508e-01
1.220527677787353188e-01
3.369719052811558924e-01
1.195718551034374300e-01
2.213348831129697269e-01
3.676480724631735475e-01
3.036088858034026727e-01
3.989781569505767012e-01
3.301613870983344801e-01
3.462433375967473581e-01
4.047858999129258506e-01
2.094995106281939135e-01
3.166801796088884458e-01
6.772429293938959927e-02
2.634932384206333800e-01
2.630205371658505542e-01
5.724179491479904763e-02
2.419379644456730316e-01
3.261504708164887911e-01
2.359330127208043859e-01
2.743756208935536067e-01
1.728073463215250849e-01
1.170844751690042623e-01
1.931761686881039164e-01
1.561847146286355070e-01
1.287218801013533531e-01
3.852965169727073924e-01
1.016793338498289262e-01
9.666005741628749814e-02
2.264732181980809167e-01
1.977101895492112404e-01
1.136714174848479919e-01
2.474083652250309850e-01
1.931689898329751742e-01
1.513483423648413762e-01
2.818323444002065470e-01
2.926721759126749145e-01
1.973273021471937672e-01
1.952631852217168451e-01
1.427011966663367937e-01
3.978543412475412655e-01
2.340528694275354205e-01
3.343186939752660347e-01
2.915864374443127294e-01
3.312562066040015130e-01
5.753685435330305881e-02
4.078619304237622312e-01
1.768808071884885036e-01
2.209178130954481400e-01
1.960618582371402852e-01
1.698366933122451294e-01
2.465688387621003119e-01
1.143471552039414529e-01
2.848646736324009776e-01
6.659434453790419317e-02
1.375211360551594209e-01
1.593715824981788154e-01
1.644700141280671934e-01
4.944878021939733137e-02
2.521892546868558793e-01
1.389281787422395054e-01
3.899162892145915937e-01
7.038984571245836264e-02
2.049103269832396601e-01
2.063752016389861776e-01
2.463986506451086578e-01
3.901414713342269414e-01
5.591145856768372363e-02
7.184773862994810190e-02
2.810068735293118070e-01
7.056004255704369232e-02
1.725195791833869507e-01
7.958885916402282101e-02
1.037436544350654882e-01
1.558694732862646315e-01
2.557629140616143881e-01
4.077246641152781903e-02
2.047567970475838162e-01
2.369103281966555841e-01
3.963404917134001892e-01
2.891291323936661106e-01
4.050273606152579031e-01
1.880730863725734725e-01
7.484098866077476542e-02
7.645135735807355448e-02
3.945598244973833046e-01
1.056856295730962542e-01
3.030947067197766187e-01
3.507145350935915451e-02
4.073300735581794618e-01
2.310695629224330805e-01
6.336838991242417507e-02
3.913572583543621919e-01
1.298880465337209356e-01
2.528423763309915473e-01
1.974695851113718315e-01
3.008145384423268620e-01
2.085833848254150247e-01
1.535473580313275743e-01
3.330645748155622865e-01
7.110014739874764844e-02
9.407507317443830619e-02
2.536877868344512565e-01
3.927391378129598265e-01
1.340380651367239773e-01
8.405331579729424796e-02
3.642587617374087872e-01
1.746972285971882533e-01
2.521846981941298083e-01
2.809365851888949162e-01
1.125596401987792039e-01
5.645230544814706930e-02
1.211098544489113416e-01
3.339177270939983622e-01
3.593229437170720741e-01
1.115432482881890952e-01
3.957030231780737650e-01
3.184709628210651289e-01
2.164607101564811620e-01
2.592294617683463809e-01
1.821756628505330766e-01
2.858499863954794273e-01
2.352026150158356421e-01
2.060705518960039284e-01
9.948925090330837384e-02
3.404266095838681117e-01
3.765587378212670866e-01
6.855462873010260971e-02
1.536504948806683146e-01
3.704213908576527436e-01
2.907707216830771046e-01
3.093572243255758858e-01
1.555164932530856969e-01
5.151962057307449272e-02
3.110247512564359718e-01
1.477418435624596460e-01
2.419302262460402975e-02
2.142354880065698575e-01
2.641795396042235233e-01
4.046357742345086383e-01
1.938767867988015758e-01
6.631443940173491203e-02
4.947955991394580727e-02
3.679174376673314262e-01
1.090989880001885098e-01
1.938082894958288727e-01
2.246901774137447516e-01
5.059399255929159650e-02
3.379690805401195375e-01
1.103914019107921918e-01
3.987720398078211659e-01
6.957355019420355391e-02
7.067164442739692909e-02
3.409673443777264668e-01
3.463174546219591199e-01
2.329016169768526878e-01
1.967385687901627433e-01
2.095670600456530364e-01
1.383824502151517477e-01
2.643115895603013188e-01
2.187811296213877099e-01
3.950476328170651752e-01
3.435375764882712124e-01
3.868540904831933858e-02
3.160664293161070115e-01
2.179642735034007309e-02
3.534684555256120131e-01
2.952588630135405956e-01
4.664052440037691483e-02
2.082414256849564604e-01
3.124167393560666195e-01
2.421914152305560120e-01
2.735741266774196490e-01
3.135254085504024513e-01
5.936683703738731416e-02
3.209448215819799555e-01
2.460097961344769324e-01
3.716492660805779114e-01
2.780603979991166930e-01
2.485880329486023499e-01
1.931817191981529680e-01
3.651240337422489990e-01
1.461741579792361356e-01
1.915299440208357018e-01
1.798810077419135955e-01
6.263185883950435351e-02
4.000807596257231480e-01
3.159224048252927686e-01
1.415410812861566670e-01
1.417319371541370665e-01
3.619308588703540885e-01
3.363701020956825216e-01
3.563319189558240563e-01
2.157908231953772904e-01
1.717079165924290940e-01
2.267711497347361382e-01
4.053613197713532013e-01
1.307078195821278488e-01
8.298263528567791092e-02
3.292122602685849664e-01
3.487200345646469524e-01
1.181350545129079277e-01
6.553139113064973542e-02
2.659875180023116292e-01
4.075689673926642387e-01
4.038242052898946000e-01
1.829410084446121965e-01
3.979710271620596762e-01
2.101502217975201869e-01
3.389913811344376637e-01
1.486291348510125621e-01
1.528691955730872021e-01
1.840303736516160360e-01
3.613578942111957959e-01
2.463532834196881516e-01
1.844523868932021471e-01
2.105624969908120869e-01
2.605283160856990410e-01
2.193194869410695358e-01
2.827765659578785340e-01
2.692310682642136688e-01
6.367554171030412324e-02
3.703810215136814632e-01
3.833445672991331321e-01
9.655125789647693579e-02
2.021888169384302159e-01
3.952149257208771305e-01
3.863530787339581885e-01
4.047858999129258506e-01
3.411212548147690704e-02
2.964907533028233177e-01
2.932651044669853935e-01
3.319782346848720311e-01
1.171136708677498056e-01
3.111942975133608624e-01
2.102373941421017411e-01
1.722552892508122935e-01
4.051827194483881289e-01
9.367422442993017517e-02
3.751962064983740408e-01
5.814345870643174846e-02
2.594525435078143816e-01
1.514186619679601109e-01
2.396624773088128491e-01
3.563915684752992918e-01
2.153543138918536659e-01
1.252231728067656202e-01
1.651936142732531032e-01
2.736552090008622096e-01
8.622199118661171002e-02
3.310161475837668510e-01
1.417909657780666577e-01
1.593641360220925118e-01
2.613020738933788945e-01
1.008375598144436169e-01
1.328068687334053866e-01
9.752517120209876211e-02
2.818321765822887626e-01
3.695882308381371328e-01
5.427965723476393944e-02
2.813010506119606458e-01
2.700002153826409623e-01
3.120933632965495197e-01
2.385752905007867131e-01
3.606647280447727866e-01
1.694929468950976958e-01
2.794197493910856589e-01
2.196203900664220887e-01
2.103822528798544866e-01
1.415886406888738624e-01
2.088847813388027830e-01
1.477901852064011645e-01
1.343309302133393335e-01
3.131337076128154484e-01
1.311692518225095472e-01
1.119314284654173292e-01
2.808020824944263971e-01
6.803720289323779424e-02
2.060710603607953662e-01
3.330226259796187360e-01
2.037702760918056605e-02
3.180618603103891884e-01
7.098064725497078842e-02
3.173517033786158459e-01
3.997725748686966063e-01
2.471998540818026169e-01
3.611220107584189321e-01
3.166024092083670194e-01
4.046357742345086383e-01
3.374039891873285568e-01
1.166560276637481075e-01
1.698366933122451294e-01
6.211371387871614247e-02
1.476997591895680695e-01
4.972255061066150478e-02
3.754054506827271265e-01
1.808472968225010302e-01
2.497937748208849118e-01
7.177271897407030976e-02
2.362843799098789388e-01
1.859586311875681408e-01
1.209190281199928052e-01
8.932722238503723600e-02
1.901404729275759375e-01
1.274678745291160931e-01
1.724621956727390160e-02
3.017514299730182370e-01
2.642600180204681681e-01
1.648066721953059255e-01
1.928291373225715921e-01
3.199190867015135886e-01
1.606067491635720934e-01
1.737365622979582247e-01
2.100433890681883131e-01
2.595237979546948237e-01
1.300980261827347773e-01
3.913001232555176623e-01
3.979710271620596762e-01
3.768758457215686808e-01
2.308718779878922434e-01
1.188240544449595398e-01
1.397433546885426814e-01
2.340926661605909342e-01
2.270743721002576043e-01
1.910557221662226857e-01
3.704313695581416543e-01
5.131924054475167640e-02
3.133935745570061715e-01
2.640679819707949516e-01
4.064910462066026464e-01
3.623321377843033986e-01
1.543589935425689341e-01
3.884251285261031694e-01
1.541276952129545519e-01
9.727860913716121494e-02
2.628219409210257318e-01
1.995752284567055002e-01
3.346875508882871664e-01
2.473181666120596034e-01
3.871721551597323008e-01
1.432592747983502113e-01
1.585820548900491733e-01
2.813207302874240479e-01
5.030108061602982239e-02
1.584202886383828390e-01
3.018238016689279712e-01
4.013288390925997540e-01
3.991216930113334338e-01
3.805122721993661750e-01
2.243888680182213879e-01
8.666829038544615615e-02
1.206260618841222959e-01
3.568304259376265386e-01
9.367422442993017517e-02
3.622212311147679498e-01
3.957471925979927363e-01
2.232125457962565174e-01
1.888159272053590299e-01
2.827045851153145439e-01
4.047858999129258506e-01
2.909001918396625919e-01
2.724911518992739756e-01
3.336645855535032013e-01
8.509895028252816018e-02
9.649048316168835904e-02
2.595237979546948237e-01
3.693383930644072444e-01
5.175006489002366428e-02
1.805951282236728794e-01
2.029988112932218092e-01
4.513829119660029560e-02
1.739451167890556371e-01
3.292359118384730055e-01
2.750532414164320039e-01
2.356774197211764788e-01
2.444182659140871350e-01
2.573063953136314752e-01
2.276621419523198464e-01
3.942938395344881553e-01
2.295065037965372812e-01
1.168482260867561434e-01
3.703923250022584934e-01
2.209628006314344473e-01
2.368009655801950053e-01
2.588321820473580281e-01
1.154161606575522699e-02
1.439354041494424474e-01
4.066031868123119453e-01
1.808057330390466511e-01
3.219540289087843843e-01
2.108837545408967507e-01
1.707165414689032490e-01
3.906384563405323473e-01
3.471035905756458817e-01
1.336677002611524334e-01
3.698246665383184140e-01
3.354970531322295502e-01
5.422018919971872963e-02
1.850131572312008754e-01
7.618963719005936164e-02
2.965200153746352374e-01
2.820339452989046314e-01
1.246744637231534392e-01
1.787354977959394187e-01
2.671137295295937242e-01
3.469523804370927555e-01
2.931537719666704733e-01
4.055892731979676702e-01
3.753563346868460937e-01
2.878692969255783884e-01
3.637859102252933852e-01
6.305260500899252663e-02
2.273025560423266034e-01
2.989440744206878775e-01
1.184733569925974367e-01
1.923106825626325067e-01
3.780091557313245559e-02
1.669162268325619092e-01
3.358087676108932884e-01
3.921737080879191262e-01
3.137535271228694134e-01
3.577071250973449246e-01
3.354875867044573301e-01
8.730042501928640675e-02
2.692474407852102902e-01
3.329285467828557721e-01
2.459153218096718219e-01
1.960223183283079651e-01
1.219215561900022088e-01
8.535952023080004003e-02
9.963261727311978344e-02
3.526486323525142019e-01
2.810044047949985524e-01
5.670480551096691857e-02
2.060685072346231383e-01
2.901563570709049245e-01
2.867720672158521888e-01
3.865364377537129914e-01
2.120676646363739981e-01
3.593229437170720741e-01
3.537141621205401876e-01
1.779731792630913911e-01
4.012308051788460728e-01
1.552836836094418083e-01
3.991596697994730936e-01
2.493232340201899655e-01
3.762300508155325129e-01
1.052214822309683606e-01
4.007615446946899418e-01
1.767160983982872802e-01
1.519236352101956400e-01
3.120091669742137697e-01
2.346187407325705521e-01
2.392483287459934715e-01
3.861940254996904520e-01
1.966403309169394709e-01
1.081399348874457905e-01
2.157839855214116198e-01
3.379690805401195375e-01
4.972255061066150478e-02
1.686061227525887662e-01
2.013303252624603912e-01
7.825357135785329654e-02
1.756353897465564584e-01
1.912466015875687320e-01
7.320548837514757878e-02
2.957610793624430023e-01
8.585262342334164243e-02
1.049355597832390546e-01
3.777199185063984666e-01
9.015823375924340854e-02
4.021709012979942099e-01
2.015389771881903325e-01
2.352026150158356421e-01
1.181350545129079277e-01
2.403838135833470113e-01
3.563496027158657431e-01
3.849276027668175337e-01
5.687013662413274023e-02
9.582250619172387462e-02
3.693087236539761009e-01
2.550195635087085799e-01
2.125939805266882920e-01
2.930676977592919230e-01
7.423108136006457969e-02
2.697457503428066783e-01
5.581698814135731962e-02
2.302582259537639953e-01
1.508504393798868748e-01
1.168226961290223243e-01
1.879544581015826776e-01
3.415392260845693251e-01
2.446784563427477077e-01
2.751184132994940468e-01
2.678019508442310292e-01
3.313242488966448018e-01
3.057971819361379739e-01
1.803567293224865309e-01
9.473313449936328345e-02
1.340380651367239773e-01
2.099459705172028456e-01
1.907061743723730551e-01
1.088132349889678746e-01
2.741032057789739018e-01
8.704348099694546315e-02
9.085965056335607026e-02
2.677438275246335486e-01
1.052214822309683606e-01
3.427773495232276368e-01
6.960584812144257616e-02
3.703191154287442666e-02
2.493449213290691580e-01
9.768270430240455493e-02
4.021121023781388804e-01
3.652624939854233199e-01
5.583684007021376405e-02
3.808757106900716449e-01
2.760778558781785685e-01
3.187678433248103405e-01
1.924284690423205824e-01
3.030947067197766187e-01
2.409450537465617215e-01
2.245990237189351701e-01
3.352486135496103303e-01
6.181277427066354802e-02
3.796360487073165424e-01
7.377040601590921509e-02
1.202924969518010812e-01
2.648113054352467244e-01
1.739451167890556371e-01
4.433326424540228600e-02
1.400573514932979546e-01
3.922808926446561539e-01
3.430726324528001747e-01
1.171136708677498056e-01
2.989440744206878775e-01
1.022998377070426096e-01
6.165864810127797552e-02
3.654091526111220567e-01
2.245990237189351701e-01
3.865599721623869667e-01
6.722840384042755302e-02
6.343637686332684322e-02
3.147134597005516454e-01
2.233181298671796100e-01
1.135201740034501999e-01
2.640797472046731431e-01
5.150190704222182975e-02
3.864286282642935277e-01
3.120091669742137697e-01
2.536877868344512565e-01
1.377991051781697063e-01
8.644712921737877920e-02
2.144678013917810100e-01
3.374733256067974918e-01
1.112843358345626532e-01
4.080594009853005244e-01
2.970671690862503045e-01
1.912400640960736919e-01
3.698225671310803597e-01
2.970398872126581713e-01
2.527262167780440216e-01
1.921873761627860555e-01
1.746763124872048323e-01
5.273322199102646601e-02
4.073242688064250827e-01
3.381034005885568128e-01
2.447746764324391089e-01
9.119257475795949919e-02
3.536681257253829758e-01
3.225407636752316565e-01
4.038851358925032442e-01
3.625002648994963272e-01
2.036277107170086642e-01
2.886552980280025493e-01
2.314983209974448841e-01
8.052851790978157731e-02
1.430925895190800767e-01
2.576573939236754263e-01
5.231138497629400641e-02
3.646362128825802462e-01
2.572250981446638426e-02
1.229466649930295724e-01
3.160963696901998854e-01
2.231738582343517074e-01
2.404440076425644612e-01
9.406798289731552187e-02
2.041015916459160140e-01
6.871686927553544155e-02
3.254723828092504490e-01
3.801435769317241808e-01
2.267711497347361382e-01
2.704159753695233315e-01
2.482993950983337916e-01
1.749133417794378198e-02
3.314725016848187877e-01
3.757293223443858299e-01
3.202911012976145666e-01
2.910669944646120388e-01
3.740928016669898826e-01
2.170851655566463090e-01
1.023776378688394662e-01
2.236975048235941566e-01
1.712422880696889138e-01
3.886663946885077214e-01
1.062683257654507135e-01
7.957776717021958213e-02
3.120978061927702774e-01
1.974817939611507311e-01
2.810694543473370444e-01
2.258310429553924692e-01
3.700180604685732733e-01
4.006300878561040446e-01
4.071707484473022776e-01
1.982927394317120229e-01
3.487039149882865674e-01
2.941746648098629846e-01
2.417276587666954690e-01
2.877449181961500568e-01
2.153414470255627655e-01
7.995744034015275781e-02
4.077299660247484803e-01
4.011704026674318135e-01
4.061611632594230858e-01
4.000090569981316208e-02
1.543643117002250209e-01
3.562298544714935788e-01
1.304439192143942439e-01
8.924169190201115820e-02
7.930501241286376513e-02
3.992363968907540750e-01
1.949092250422310990e-01
3.914486773730732616e-01
9.207319269190013256e-02
2.028310041532865593e-01
2.970837030255621958e-01
3.675213530104499693e-01
3.296717275186377138e-01
2.104164113295362848e-01
9.799889249501569921e-02
7.069474802051090023e-02
3.562429899170693193e-01
2.788610653908928372e-01
7.979338704194410825e-02
3.425082797449517935e-01
3.342390939196441813e-01
1.514122501808759791e-01
3.406024666758051267e-01
8.800580834755603044e-02
1.244675193502740446e-01
3.201807573561353815e-01
4.077175103389106825e-01
3.365001422941492626e-01
2.809365851888949162e-01
7.465269752678839466e-02
3.610046876818342465e-01
1.768735505868205271e-01
4.012663102468482790e-01
8.029698285533948265e-02
9.582250619172387462e-02
1.473328422439478536e-01
1.350649630391882461e-01
3.952149257208771305e-01
4.694667596847286462e-02
2.912163851303087303e-01
1.831333283333257123e-01
1.557571657511681515e-02
1.884940428775679078e-01
2.697355825620263436e-01
3.537891161452611510e-01
2.569417444784088955e-01
1.791913257781891644e-01
2.289972625977255150e-01
3.608499584836056262e-01
7.159179874804361132e-02
3.610046876818342465e-01
9.906391287671052759e-02
7.491848275090065568e-02
1.737754301874008256e-01
7.401964138909540580e-02
3.690777448391142634e-01
4.070451458366828312e-01
1.395825711452892137e-01
3.780504035846526389e-01
1.023776378688394662e-01
8.911801402875463296e-02
1.935987499701166403e-01
2.592984186168478811e-01
3.588178338433418713e-01
2.328636281749111581e-01
3.482662150375864241e-01
2.276013992859062807e-01
4.079362581235404517e-01
1.843747921324265793e-01
1.354925045698499309e-01
2.382087154421343722e-01
2.340023660817756312e-01
1.710489195344396807e-01
2.814468636574593563e-01
3.176824308659020324e-01
3.305835326396914797e-01
1.091148933614874555e-01
4.079432698346475150e-01
3.626913936057171162e-01
2.484209585119249442e-01
3.078836264515849019e-01
2.175977508307004316e-01
2.657279868900626063e-01
2.761165460709922304e-01
2.687441467744051127e-01
3.302437417912277851e-01
3.072206775742733487e-01
2.691770273148008652e-01
3.353950982412526316e-01
2.490285194803633917e-01
2.356134192635919722e-01
2.740185350758544414e-01
2.244275566723464566e-01
1.533874886110577207e-01
2.791914147253642398e-01
1.900286530518184303e-01
1.856650184051989172e-01
9.466226672889663241e-02
2.342988712265929307e-01
3.606647280447727866e-01
3.943187148322643276e-01
3.865853057752695054e-01
1.005905414696662697e-01
3.702495031579847162e-01
2.894559305893693035e-01
1.967092875851445544e-01
1.342029360002654492e-01
1.577559270651942847e-01
3.748066709366300042e-01
3.715183043865943335e-01
3.219067977250430479e-01
1.839354830151032905e-01
4.066031868123119453e-01
1.024615077513385958e-01
2.706778821630752008e-01
4.079432698346475150e-01
2.499884972843825492e-01
1.970794779082911952e-01
2.926279320808072293e-01
9.524632226379127486e-02
1.857129166191992253e-01
1.828248886333362910e-01
1.742478002595632403e-01
2.978767944193453920e-01
1.390073356467147747e-01
2.346187407325705521e-01
3.060646169630420466e-01
1.673023656451278485e-01
4.015297402595771614e-01
2.101711975301862045e-01
3.951316178159363646e-01
2.951751722182476279e-01
3.151906249564678242e-01
1.202924969518010812e-01
3.224488476495162570e-01
1.851418859308691933e-01
2.536706088904188694e-01
8.378032854534439577e-02
1.227690837086887060e-01
6.897911048142567336e-02
1.912435347755469250e-01
2.414936845680136779e-01
3.730027187391102284e-01
3.043823832036305910e-01
1.625383614973975877e-01
1.295080834815503512e-01
2.383414420237995879e-01
3.628688712984938225e-01
3.325640134845509466e-01
2.218641938848555095e-01
6.141571786293038848e-02
3.104866812252992658e-01
2.895401398361725775e-02
1.696007101248948323e-01
1.232973349622929482e-01
4.004638303728685345e-01
3.114694702699470352e-01
6.646957196944544566e-02
2.089402765672333517e-01
1.199454927790566533e-01
3.627826151947404210e-01
1.108494659356934336e-01
7.608455414340081768e-02
1.210232248187972648e-01
3.509680663262367273e-01
1.990251067765152204e-01
7.631741505956395055e-02
2.441008906131208467e-01
2.530337227072702588e-01
8.315763333602944896e-02
3.242178665310658237e-01
1.738823062184023382e-01
2.276156875276143243e-01
2.398325510802225835e-01
8.223260822473697773e-02
3.237919977385433357e-01
3.422477396587269571e-01
1.281285746741930853e-01
2.226476571108700897e-01
2.991348093396771768e-01
2.202927166401140169e-01
3.345483197773722606e-01
1.644700141280671934e-01
9.443651447015845302e-02
3.054674550317214021e-01
2.462762834491504793e-01
3.067990037769932621e-01
1.294607946181002833e-01
2.910790344678006458e-01
2.988468216619727391e-01
2.628178573057134981e-01
2.081875037543172158e-01
2.973403192208745049e-01
3.817941745679597765e-01
3.433030549233090367e-01
2.607107976953887962e-01
1.827306684044829321e-01
1.067447486096592124e-01
1.756861830444577388e-01
1.844144407536904007e-01
1.587287738948321425e-01
4.028215306313157051e-01
2.649332624494894484e-01
2.959865715491972749e-01
2.797001531066172983e-02
1.590979684385392945e-01
6.364417835294422510e-02
2.189443618527422419e-01
9.249900914419056930e-02
2.960250036459306511e-01
2.060705518960039284e-01
3.070287550730030901e-01
3.322269614815733241e-01
1.990166728282252162e-01
1.459638247007106204e-01
2.820339452989046314e-01
3.511767793679329563e-01
1.220779212401132546e-01
2.736075197491562583e-01
3.859779712598358503e-01
2.952831609902924481e-01
3.912708141464207867e-01
2.970671690862503045e-01
3.621206374932054994e-01
3.850208360002116970e-01
3.355313998393359420e-01
3.782200609366294652e-01
2.936207510955169200e-02
3.515105944182456699e-01
2.955109543178927600e-01
3.042672106195060677e-01
2.565111446264115025e-01
2.708888903004239568e-01
2.399117635119664138e-01
2.073323875381610226e-01
1.349996080651906794e-01
2.473864001397803603e-01
1.725195791833869507e-01
1.403336640106300770e-01
2.372165929940412143e-01
3.079072450528199112e-01
1.734914430227456061e-01
3.411402960819042152e-01
3.125710862326498973e-01
3.947918083412666479e-01
1.704292304532821212e-01
2.965358731419534544e-01
4.062669163779249470e-01
4.019067825201675936e-01
3.812383785428824501e-01
3.259685667415388455e-01
3.208921268057744469e-01
6.590230798760307596e-02
6.607780610234942342e-02
1.352696417961509190e-01
2.161601889800556231e-01
3.630859509280089936e-01
2.793467676463488036e-01
1.782339058032119949e-01
3.682174058048082732e-01
1.620031006729034107e-01
2.237799647796232250e-01
7.809839566477640160e-02
3.649200046159513655e-01
2.702858127117049869e-01
2.015670331430673701e-01
4.077663094785112241e-01
2.292519779366807009e-01
3.341223657729769370e-01
2.511817583722371072e-01
1.971590816184892736e-01
2.751050441154880288e-01
3.477587338026351116e-01
3.843286542615368950e-01
6.318314432954688642e-02
2.398325510802225835e-01
1.685500438408273904e-01
1.274253540265511686e-01
1.835325132334093279e-01
1.003419629653466566e-01
1.118451263293182008e-01
3.934855751478640862e-01
1.441357753686712539e-01
3.407874397551301504e-01
3.993676510155392823e-01
2.827045851153145439e-01
1.605559531767427883e-01
3.765736847765821516e-01
3.384634715458294529e-01
2.787577867475662385e-01
3.033376811596106282e-01
7.392156760269538718e-02
2.047567970475838162e-01
2.859217549438490824e-01
7.601057157063319247e-02
2.530921580729284526e-01
2.657649095268936335e-01
2.512251334209023579e-01
3.120091669742137697e-01
1.152257959303335660e-01
1.342869319126717420e-01
2.605681116111371876e-01
1.559449437523023063e-01
4.080385890783531089e-01
3.349891346584752405e-01
9.690115537416164881e-02
3.220256161612176093e-01
3.883245291919719677e-01
3.499087859869321471e-01
1.024788770999095627e-01
9.469903681946202634e-02
3.846338536641293326e-01
4.052914402617501799e-01
1.815562688026265969e-01
3.779942204153006191e-01
1.421761075097580651e-01
1.033092413151742994e-01
8.473090733364839477e-02
1.970543827419792282e-01
3.546410741447607040e-01
1.682503015904068810e-01
1.566592846716984011e-01
