3.978258443513492670e-01
6.005456418294028431e-01
5.155083008815004586e-01
8.198052688176961089e-01
6.042045695146601725e-01
6.268399141087167559e-01
8.240389841308723984e-01
3.679555870766029191e-01
7.562699927884911633e-01
1.525024359666456442e-01
6.677321677716752113e-01
6.613897860272488494e-01
7.877442734262779522e-01
4.547484841508462328e-01
8.200022464120514387e-01
5.972979614075237809e-01
8.332583416382717267e-01
5.007683945036230933e-01
3.333414880075806774e-01
1.625091453428318955e-01
6.591771123007582611e-01
8.125524836464088629e-01
8.327861080717394726e-01
7.833483632402417074e-01
7.510673535921169597e-01
8.194524078733207428e-01
7.267413964667559512e-01
8.274144819062990708e-01
6.588154708243302293e-01
8.318436479993140953e-01
7.873325201566675480e-01
4.676137875815058464e-01
1.779081415896968318e-02
3.561196506415160168e-01
6.484045576110877840e-02
7.712817732365249146e-01
1.600515650338064644e-01
5.386082034605842450e-01
8.133711665620095843e-01
7.318557063137186569e-01
8.308577541300271596e-01
5.807760553490558530e-01
8.343677441096804259e-02
1.797335315603541539e-01
8.338606668770347508e-01
8.285100202955602011e-01
2.221074922977423483e-01
5.224376043545023718e-01
4.007349979744600499e-01
3.151313504724140291e-01
6.400723901661109494e-01
8.750940879284577201e-02
5.702673839574129433e-02
6.771441823391916026e-01
8.267306754291480209e-01
6.068519792701445592e-01
5.420338118905875247e-01
4.715363340602303777e-01
4.314263156266108790e-01
1.241104862870951175e-01
5.724584831179179573e-02
8.350407369387968792e-01
6.829126123262166947e-01
8.331714511878817175e-01
8.349893577423359581e-01
5.094473906844566857e-02
8.352310559691423775e-01
8.162222409583816951e-01
6.817633050042611886e-01
7.959141805018380422e-01
3.995282299746576449e-01
4.722786775530045666e-01
5.669802628385856025e-01
7.800769920331778184e-01
3.802233694948950471e-01
4.907932097466887744e-01
1.929428826930651708e-01
8.316069719493163204e-01
7.848467760261190751e-01
6.847146651905999803e-01
8.344280571832027871e-01
5.053231657082891681e-01
7.119816618866576796e-01
4.315815203191713523e-01
4.512764874490750033e-01
1.994086832597364300e-01
4.477518105033598261e-01
3.079520032921743145e-01
8.342103272831560279e-01
8.257032100140895281e-01
6.275975650823863994e-01
3.129959938952560083e-01
6.240678356296590623e-01
3.012819222967041410e-01
8.150002059149430433e-01
3.683597311657205164e-01
7.539208682889114721e-01
3.351071776485797238e-01
6.531968262874262576e-01
2.923610897060985869e-01
5.503891772965485707e-01
5.637619185763020901e-01
6.022234339843243189e-01
1.011750050732709710e-01
7.545928078135492045e-01
8.332260697462572363e-01
4.062901702706874230e-01
5.370302538211240151e-01
8.069264377386974330e-01
7.768225685697799365e-01
1.167346038705934230e-01
1.160690084927487875e-01
7.181846629588888309e-01
8.314604262430176362e-01
6.463837194662140906e-01
8.343283414826979660e-01
6.298371960244383283e-01
3.202491436327247754e-01
8.314499338749644641e-01
1.881125486474510278e-01
5.575262953143819145e-01
6.823527999540828226e-01
3.266000867334601931e-01
5.932726173196432029e-01
2.131648907174812646e-01
1.539897588448258248e-01
2.478143346855199991e-01
2.237997418974257413e-01
2.814476875708945003e-01
8.992656693194957251e-02
7.518882115108952435e-01
5.835736350588591748e-01
7.674769615230152553e-01
7.841239462492881618e-01
7.778336418072533398e-01
5.674402752094471758e-01
5.750793388746839874e-01
6.722693904772107931e-01
7.462806987474450704e-01
4.020833029521267421e-01
1.694259260517920473e-01
6.461866876262003512e-01
1.249987722280838931e-01
6.356895691681098137e-01
7.240243274650746130e-01
8.018225213075286240e-01
1.703817706136420140e-01
5.029741663664286655e-01
6.979149742276072876e-01
8.285840370282521183e-01
7.480650952671377141e-01
8.296330843357289098e-01
1.886457363110921881e-01
4.123275311988090497e-01
8.338682485258526178e-01
5.339796696698043132e-02
3.589744769409295433e-01
8.334059524374679562e-01
7.176098563719831569e-01
6.258463462905652364e-01
6.587285301309500074e-01
7.146416224137307482e-01
4.771664279542962017e-01
5.765504314110745376e-01
4.033334206685230128e-01
9.514218890436486331e-02
2.085639021005164240e-01
5.136499131484247860e-01
4.213253014956526155e-01
7.518088236869806540e-01
8.179410307499636046e-01
2.225884774912455510e-01
7.640701997070908913e-01
7.234312661724838778e-01
7.144073519336624489e-01
1.113628586105890883e-01
4.245489723956040740e-01
7.436518737306588855e-01
8.356766185868526042e-01
7.166826652981895807e-01
4.019550740099184782e-01
8.111771023928205926e-01
4.092132295439487311e-01
8.282847524062358913e-01
3.669963005017102264e-01
2.521523442993946484e-01
7.237335801143660596e-01
4.304242393014654638e-02
8.283817471739162164e-01
5.032016188107376609e-01
2.629558672671595265e-01
6.931425698982239814e-01
7.752188608045244012e-01
4.085071499211128110e-01
8.234728624469234148e-01
6.555290465405079203e-01
7.269635289055798033e-01
5.045836511937605851e-01
4.857367983056566918e-01
7.052775292074356939e-01
8.223931506878953135e-01
8.225462002359845703e-01
3.732490930133021134e-01
4.483682232453534700e-01
3.596484470940098932e-01
5.131702934444847264e-01
5.370621250114105960e-01
3.916776245371807463e-01
4.986773379086040792e-01
8.251679404845279064e-01
8.353742620163500110e-01
7.419862478471483946e-01
5.492978544436488697e-01
7.975713078513601006e-01
2.592336481476059662e-01
8.182035450976259394e-01
5.921418489107060923e-01
8.267163856573199743e-01
7.221316880172734542e-01
6.121461300242891923e-01
7.063328861520711266e-01
7.989199906689111730e-01
8.326526385168256938e-01
4.259476464465517531e-01
2.345051920637739040e-01
8.142209873227693739e-01
6.555465065586235651e-01
3.432609052512470837e-01
1.868445126560174807e-01
8.223459288350738472e-01
5.888087303506457371e-01
2.115911822465917635e-01
1.406616085347853207e-01
7.164422485752182101e-01
6.939115240523193728e-01
6.199482851121315141e-01
5.668430180644448146e-01
8.319041555303166025e-01
6.425777738899278724e-01
2.445342027729790757e-01
4.250381954356672320e-01
8.337109995681133423e-01
8.081598723458105482e-01
7.352287323377856287e-01
1.191434852674203432e-01
6.645554659630695804e-01
6.090429460666385575e-01
1.994868322086375823e-01
7.690981250035369143e-01
1.697866277512984912e-01
7.889299645079480561e-01
6.127196015215629066e-01
8.342029637486787497e-01
8.133711665620095843e-01
5.803523815543232267e-01
1.488330529990634921e-01
4.083850922393069127e-01
3.391799699357707087e-01
2.131346881899281731e-01
3.875151130519832177e-01
3.412758955871561528e-01
8.268040081214885761e-01
2.568865327380862040e-01
7.834590940115059299e-01
1.651687048015715586e-01
4.480846539514003468e-01
6.276818746707873986e-01
4.406445388474233282e-01
7.022911217572868070e-01
4.346946467723584728e-01
4.415072443974839556e-01
8.057693176459074236e-01
6.689093340494490780e-01
4.573311949462943726e-01
3.793485881208465416e-01
1.982186313917350950e-01
5.302883409226184508e-01
5.140680881379716682e-01
3.509876515488674076e-01
6.977877505196825592e-01
7.630516352762863885e-01
7.112025463786182389e-01
5.031750361593388954e-01
7.081504777862425160e-01
3.081051956636754463e-01
7.700122511094004141e-01
4.464502411384297931e-01
7.634557234372459089e-02
3.561325323076628413e-01
8.203212469702957366e-01
4.825101815024747665e-01
7.460039566623307694e-01
3.552190439362327701e-01
4.005757624337958345e-01
1.462705318115997133e-01
8.258448297859052323e-01
6.442355379753152977e-01
7.833460300943524413e-01
5.072183554849784004e-01
4.156782387541738122e-01
5.074471859708747923e-01
4.866129187337411843e-02
1.290017482321583198e-01
2.517316210016756761e-01
7.534509851577638750e-01
7.573553407389213010e-01
7.008455093855381346e-01
5.405729834999965094e-02
8.328639330976699284e-01
4.911052559879592883e-01
8.318605034058264014e-01
4.010736996797486520e-01
7.709260044430807923e-01
7.557637271513959476e-01
6.207746435007944763e-01
8.213027024017816036e-01
2.192439639668897211e-01
5.809256811819939470e-01
2.614791171104895451e-01
4.509755075697633453e-01
8.339709111848448986e-01
3.935411130598190921e-01
8.029411674912353414e-01
5.480654920456599077e-01
8.030494344558860575e-01
4.559595226473514562e-01
8.091144679745533308e-01
4.128215101437328061e-01
1.929428826930651708e-01
8.320755142510268820e-01
8.321596668169185529e-01
1.253790650898631009e-01
7.899512594196380633e-01
8.257366038151526810e-01
6.437074703779800400e-01
5.215222940755672720e-01
7.797933393209695030e-01
1.346326537625116837e-01
1.410870938527437890e-01
8.250638281548430264e-01
7.109462675801575537e-01
4.512906309026210039e-01
7.099789669175929907e-01
8.304117859542335944e-01
5.585000448712600374e-01
4.430880119730412625e-01
3.937561999086549025e-01
5.638855921100874857e-01
3.876258480996368494e-01
2.080917914690930959e-01
4.099793801901014945e-01
2.990155094805422853e-01
8.298604760341872222e-01
7.430853602540204994e-01
2.136140544724212942e-01
8.035146540584988673e-01
7.171699229984314083e-01
1.509275729901181362e-01
7.956887069196395545e-01
2.144330630133859938e-01
6.557823775644353592e-01
4.361123871252940432e-01
7.869843104442268977e-01
7.634116066855600735e-01
3.045747437823205228e-01
7.974096394867901116e-01
6.111077786170862058e-01
8.346177872810121023e-01
4.407818153553312301e-01
8.044104638888638359e-01
5.892769234835570913e-01
6.125341879294849967e-01
7.967794007126424161e-01
4.773856466979978230e-01
9.002603452241941806e-02
1.011750050732709710e-01
5.977570645240825042e-01
3.467708971958442521e-01
3.264323904959531286e-01
5.316162407266404877e-01
8.328600027884358603e-01
7.414970903959898774e-01
6.684005750757815445e-01
3.277427833547245095e-01
6.410513344786468171e-01
2.657788355686318549e-01
7.652252042982449209e-01
4.389797473813065176e-01
6.461459480488831453e-01
8.293543257389752732e-01
6.869157929618397995e-01
2.710829404075809634e-01
8.016158177837382492e-01
7.217449227211372165e-01
5.044754916868449124e-01
8.279650664943241090e-01
1.105724573446241060e-01
5.099019875591810358e-01
5.503643674793740059e-01
6.568069693086979743e-01
8.036747869828257951e-01
8.076719219897946500e-01
4.978569084729569938e-01
8.018225213075286240e-01
7.610159454796151524e-01
1.831789713763973537e-01
5.620884308163456300e-01
6.771406602978757849e-01
6.344588504773549520e-01
7.894946461481912037e-01
7.486902468245991704e-01
8.339457956402096528e-01
9.446177969094633753e-02
7.300507838750697198e-01
1.540487944403011733e-01
8.141455511562892822e-01
3.840445586931220956e-01
6.911407784753543782e-01
8.285555801171057277e-01
1.329275440410074560e-01
4.678590491115949823e-01
4.336487046149244406e-01
3.863202900501937487e-01
1.184918614464970238e-01
3.899442143573915720e-01
7.340045433381462425e-01
6.909966780568316258e-01
5.326087406285541226e-01
4.192562337669815675e-01
3.346463507727920894e-01
6.795582155927424317e-01
7.487865358718717168e-01
8.245611927359682847e-01
8.083647278043128992e-01
7.689735047362836751e-01
4.746532064565284204e-01
8.144827862410992658e-01
6.938971166034073601e-01
2.682035278925631872e-01
4.340407977457814703e-01
8.324969461087999845e-01
5.493207862458411306e-01
3.682752471807627659e-01
5.674402752094471758e-01
8.322307331496581195e-01
1.579689336090259466e-01
6.828698257802081617e-01
8.339383136345435155e-01
4.155914031333503567e-01
7.856483481157658932e-01
5.311230277726836091e-01
3.035406725886450885e-01
7.609121998889757377e-01
4.216968420706779241e-01
3.616048238977983553e-01
8.328550632051372471e-01
7.165392250223738824e-01
2.694719005737062356e-01
6.392816533987318028e-02
6.919364722652529553e-02
7.793791685173596662e-01
6.456915087155143951e-01
7.674430748794875967e-01
8.205115055064293728e-01
8.357285809877023075e-01
6.245176617104845063e-01
5.504811651203490586e-01
5.836476249759940949e-01
8.789332467445354347e-02
7.958037784926972336e-01
7.990320626620416311e-01
8.296200736524047548e-01
8.239912899330584795e-01
7.439936855472251143e-01
8.268409730713286443e-01
1.985191588097554305e-01
3.035273939344716038e-02
7.617674410414244646e-01
8.230103688225517411e-01
4.836498536665689851e-01
1.478935862878275331e-01
1.958941078910186873e-01
4.080294540955898275e-01
6.888263192069234986e-01
6.898589071511223025e-01
7.484701946672039918e-01
6.682373983514841020e-01
7.998820435714741883e-01
8.350637752912580813e-01
6.115601177677565392e-01
6.739107833143251902e-01
8.162374167755256371e-01
1.369131968997266136e-01
4.161080966259746994e-01
7.723369419461434404e-01
8.320225970879795430e-01
3.875515421298911800e-01
7.247120930976393982e-01
7.338072480010744414e-01
7.577739127443219314e-01
8.205484784735013193e-01
8.063226978784425736e-01
8.332260697462572363e-01
7.267987159589286428e-01
1.261004696848607443e-01
2.690267310157675174e-01
1.287542209860081110e-01
4.484090552501790450e-01
7.352322797013469691e-01
7.436518737306588855e-01
5.225121786333086771e-01
5.311230277726836091e-01
4.620021570683414125e-01
6.295010497606655653e-01
5.658714474273789374e-01
5.742122643762579415e-01
2.649442761478922881e-01
8.089154689444939539e-01
4.425457805084465068e-01
7.763802852085323059e-01
5.691612698614268995e-01
7.626134051350698106e-01
2.239519448590615858e-01
5.932726173196432029e-01
4.953687955882231098e-01
8.171679350710669976e-01
5.827735104765694452e-01
5.025638354043744371e-01
1.898256499127365937e-01
7.142111629422632779e-01
3.528676858039909159e-01
8.355623597938333091e-01
7.052945623897814986e-01
3.234524965295383359e-01
1.488473049601938825e-01
7.820166746188734752e-01
8.992656693194957251e-02
2.485202553333310527e-01
7.363826565894416865e-01
1.238741840473489286e-01
2.754905306198274229e-01
8.142209873227693739e-01
8.106799464851687231e-01
2.847995191401346271e-01
1.225892968346381368e-01
5.167716868057397051e-01
5.076827702534439934e-01
5.356895001003340179e-02
8.040723145082115941e-01
8.305495071484610969e-01
8.157048998927826089e-01
6.146641074483980560e-01
6.973212444931702336e-01
1.789319294868335353e-01
8.094079919845311721e-01
8.355460272220931461e-01
4.071028046906838282e-01
5.859866632096650818e-01
1.455725476867803236e-01
1.062604444172392387e-01
8.212766466414146427e-01
3.480567620708150400e-01
6.522675466951971535e-01
6.347047956332558805e-01
5.413500409269708102e-01
6.108318342553216151e-01
7.702396280081122981e-01
4.307254071894714986e-01
8.353793925855920177e-01
3.991380066519808478e-01
8.184658628292270643e-01
7.181846629588888309e-01
8.083430071541753970e-01
3.630369819495308792e-01
6.296591723142657138e-01
3.850575992014104165e-01
7.991195251172468206e-01
4.023257021963274060e-01
8.066383924520870163e-01
8.243932015237825928e-01
8.204445830006018570e-01
1.570266452725744832e-01
6.477965964149434708e-01
7.967794007126424161e-01
6.908960790508226202e-01
4.913285120259353600e-01
7.788493830786026306e-01
7.391290793757888666e-01
5.717495741453139102e-01
5.031750361593388954e-01
8.343569851860346276e-01
5.786594103174600434e-01
8.231648527066399712e-01
8.305421172110175609e-01
7.138901800292853927e-01
8.045031598809593287e-01
5.565812769986325792e-01
4.814881734509243727e-01
8.354941156140162084e-01
2.238452124516792652e-01
7.403153390355695640e-01
6.363056583071464711e-01
2.907201409653434321e-01
7.462806987474450704e-01
6.669194731056294900e-01
1.418451600431606119e-01
8.300246680500555918e-01
7.388991934723064814e-01
2.586758817887760409e-01
7.570399632162997383e-01
1.789319294868335353e-01
6.166027282368165968e-02
2.537254486554013089e-01
5.057509796497436927e-01
6.661358042438897398e-01
6.976458015507822630e-01
7.557646800091001316e-01
5.729582717236453293e-01
7.239546956187088433e-01
7.678836820948383712e-01
4.880192079949290940e-01
7.980464007276997229e-01
4.462068174464787762e-01
7.956571482616687785e-01
1.210952369423601988e-01
6.950647683751902672e-01
7.319613109228304548e-01
6.957757137364775080e-01
6.836869702128800519e-01
8.149177034216263937e-01
8.349448568783289781e-01
5.082952570845559181e-01
2.256098121497084608e-01
7.631670494373636870e-01
7.095487796475618003e-01
5.336797291061851078e-01
8.336545440794456141e-01
3.798511169135972421e-01
5.037113649104680846e-01
7.242806671536622387e-01
7.055802762211980106e-01
3.194543303313424620e-01
5.211052325696176046e-01
3.806423092026037791e-01
2.946865904383689783e-01
8.261325087275003254e-01
7.410074756011183483e-01
7.196317024948954977e-01
7.837742537780264529e-01
8.348611837307033934e-01
4.054400042780312297e-01
8.047810391938516883e-01
4.400096662032705330e-01
9.753354829642310597e-02
8.217049079471242523e-01
4.907024600577311046e-01
3.156931750863376518e-01
8.317393743816325902e-02
7.463854767042066296e-02
4.051947722004287100e-01
6.408837379038738735e-01
5.500240346652695012e-01
6.192498829563650720e-01
6.714984440831747170e-01
6.771441823391916026e-01
4.558246903454076238e-01
5.534317467741840524e-01
7.807478463713690697e-01
8.328583917172311946e-01
6.599682594853134576e-02
8.037303755095588365e-01
3.544728921475202577e-01
1.955939293731732143e-01
6.258548471053441142e-01
8.166890015061288866e-01
6.160406418474120294e-01
6.239930181021356992e-01
5.739741698358099553e-01
7.897206412069713855e-01
2.159897705777405197e-01
5.317886538831535503e-01
3.018017135202616386e-01
8.224027458675281510e-01
7.644244869504772388e-02
1.806994184819732396e-01
4.237214766186071513e-01
2.621732651589800400e-01
5.494084283921013556e-01
8.149766344103773763e-01
4.378779483949080675e-01
4.199913433179598421e-01
8.296336476150446559e-01
5.760769806770035251e-01
1.070996841011553347e-01
6.988772954222062517e-02
6.522675466951971535e-01
6.175066368592367905e-01
3.740111667344581670e-01
3.010264851521965435e-01
7.791331949150454017e-01
8.335047878897223761e-01
6.104673924824712827e-01
8.312785912083576756e-01
8.330048517436685618e-01
7.661248824700821469e-01
5.381448144568383718e-01
5.947493215802149846e-01
2.404519197747293224e-01
3.021783333460807963e-01
1.597365446824360602e-01
5.810939395679801667e-01
8.035146540584988673e-01
7.783287718576428205e-01
6.226145923658874537e-01
8.226983968196099894e-01
3.143854050810939715e-01
5.704381709300715420e-01
7.995038367571586368e-01
7.425981420679280687e-01
6.798272766882528240e-01
8.325967328834298353e-01
5.546505697692712955e-01
7.746822607374991287e-01
6.295010497606655653e-01
5.125031570789608804e-01
7.736115852465688114e-01
7.842968770082960894e-01
5.887740615081173967e-01
8.354326914906070600e-01
5.107093604677491738e-01
2.736937457286953701e-01
8.214666407269617387e-01
4.650893487898355438e-01
8.329117661682862161e-01
2.208603110348244247e-01
6.237688632079538831e-01
4.113494855883059742e-01
3.596484470940098932e-01
6.575709607803359447e-02
2.649442761478922881e-01
8.323065128580502126e-02
3.965352662772554382e-01
2.694719005737062356e-01
7.832857038178520082e-01
6.184720726498194043e-01
8.352686312159720572e-01
8.223063004485584582e-01
7.797898501082530798e-01
1.948908974615168044e-01
4.828458472013428260e-01
6.722722074121010305e-01
2.967069055334357053e-01
4.023140138661748799e-01
3.868901615631091806e-01
8.154195909977729473e-01
8.357285809877023075e-01
7.093639985038298068e-01
6.303396605880323689e-01
9.639382190784213933e-02
7.699719417095196583e-01
2.668848145970668662e-01
8.187867858461692627e-01
1.083693627292696693e-01
7.731209328260868485e-01
7.884939545019277185e-01
4.219923693065134596e-01
4.257112141626079316e-01
8.138717333577919488e-01
4.759284622037154855e-01
1.324950099720366981e-01
8.033302509712439976e-01
7.974324416045854846e-01
1.084774419771503268e-01
7.971290623928825037e-01
8.352586189983157716e-01
1.027288575557933209e-01
1.301939528659646350e-01
8.171679350710669976e-01
4.866082250233000339e-01
6.180490501156659100e-01
8.692215192670699198e-02
2.357323758879972531e-01
6.803205576872032312e-01
4.344843110893429339e-01
8.190058205926887824e-01
7.343990553011521261e-01
8.447087029801647606e-02
8.185389535188053456e-01
7.355955694846322279e-01
8.327572230135253939e-01
5.503891772965485707e-01
8.294214954193799283e-01
7.384841288676258220e-01
7.917264868386844068e-01
7.845999450692966448e-01
8.338755703109520523e-01
3.564337206457949270e-01
8.330928569082818314e-01
8.147131302095174110e-01
8.124674982542297030e-01
5.975721473126459626e-01
5.850115947785498038e-01
1.695577390701608900e-01
7.098650052090722529e-01
5.557405369589940580e-01
7.538053339886882087e-01
1.680004763853324701e-01
2.299435716581645361e-01
4.691309537362894910e-01
6.468043176287775475e-01
3.363278896819119623e-01
7.482027189437100434e-01
8.351868769726329411e-01
6.072542607188647912e-01
7.534612271445858545e-01
8.308659139284535478e-01
3.742317753343015196e-01
4.124457025908454533e-01
5.561135452032220927e-01
8.299070852873540183e-01
7.418852102943284121e-01
8.285037305232311189e-01
8.347634482976916681e-01
5.053231657082891681e-01
5.168696146388910284e-01
6.851106079936771787e-01
7.993989223701247759e-01
6.792778102692852427e-01
8.231276536545089062e-01
4.798295090400100382e-01
8.119025104418461369e-01
8.057591495056491970e-01
7.717582106117683027e-01
3.364694683010289178e-01
8.352455639609741578e-01
2.120191595134876816e-01
5.868596837366731878e-01
7.594897081051440457e-01
7.237990260221778271e-01
8.246737996875488363e-01
7.388225615655382716e-01
4.003416945553077144e-01
4.506498239991323929e-01
6.944248475062766435e-01
6.814758160019716016e-01
6.566317176573267522e-01
7.666548924658804776e-01
5.175720609997987998e-01
6.627933958050689078e-01
4.026416357867818596e-01
6.495151094685590598e-01
3.124053299775191861e-01
4.733266396625354089e-01
5.794195016715059099e-01
6.750114015560093605e-01
6.693070085254742008e-01
3.045980123060260114e-01
7.912647433057750090e-01
8.346037149217011564e-01
8.063252371962499332e-01
6.702998695755992831e-01
8.201666499270573452e-01
7.833329196242536652e-01
5.595174506260357228e-02
4.190833443135609793e-01
8.199004349610943265e-01
7.730158385479671823e-01
2.489852831955894630e-01
2.525137363974186422e-01
8.012063531014531614e-01
7.720466192798672855e-01
7.600915072848657417e-01
4.457112700714252473e-01
4.353881551972134112e-01
7.858639622712115802e-01
6.949922979676477208e-01
8.242545030329024858e-01
6.676851171065727453e-01
8.356479794540441208e-01
8.345641443781682822e-01
7.304582990077380933e-02
8.313987542258554075e-01
4.019550740099184782e-01
4.469678586835573175e-01
6.769952655974096345e-01
7.883418038779058667e-01
8.001334017172777591e-01
4.905975785156485580e-01
6.663610827484837129e-01
1.805905890963128424e-01
8.192715368723324509e-01
8.333826840137505965e-01
2.239232768461071610e-01
6.951741919051976915e-01
7.920106430758913074e-01
7.388312389908373579e-01
5.561135452032220927e-01
2.419011375558501042e-01
8.185321368859940216e-01
5.444386613798501973e-01
8.349966326292622698e-01
7.194544724428204585e-01
2.016109942850965175e-01
8.217271920573876454e-01
6.015417203014934433e-01
6.678507787106721105e-01
8.181072500328252506e-01
6.943601363174062291e-01
6.068519792701445592e-01
2.674090833466535311e-01
8.253443428806308546e-01
8.126362962113671262e-01
8.052739219169530172e-01
2.966061459374086384e-01
1.323353430588481705e-01
7.504099199847674706e-01
4.205375650885754824e-01
4.025015374483597030e-01
8.325456724323793134e-01
7.550681448324743084e-01
8.353742620163500110e-01
6.838862415371507186e-01
4.498312380979537228e-01
8.246808337938057454e-01
7.514023023317554228e-01
8.342103272831560279e-01
7.001855781566324044e-01
6.323983261036697501e-01
2.993635513681028315e-01
2.385213352867275871e-01
5.931353783944585123e-01
7.601186638740039525e-01
3.118727281033032428e-01
2.597491949548436652e-01
7.380218166990125672e-01
6.037670978625694351e-01
5.612768549395592554e-01
7.565197743657189333e-01
2.854477915848592784e-01
2.783497274282453748e-01
7.812252816561758850e-01
1.441847173078837363e-01
4.631396688300535858e-01
5.259434690442678084e-01
4.029244700336695462e-01
8.099812913886421661e-01
3.149188448795411932e-01
7.416852262884653380e-01
6.694125525289770229e-01
8.338556767837241868e-01
3.189220113290922587e-01
8.345606368937934505e-01
6.107335550218069287e-01
4.651558148343354904e-01
8.174599455680806592e-01
7.828185754381972172e-01
7.936080701619828703e-01
7.655377947263378724e-01
4.190037651851850620e-01
6.164393542255316993e-02
8.065706425578835770e-01
4.528510042182518069e-01
3.993336356365092543e-01
7.147993854408049574e-02
8.207678579167594357e-01
1.295696400336441845e-01
7.755774001198847967e-02
6.146634573177770511e-01
5.861024713784246387e-01
6.758006219130308079e-01
8.329902666062257710e-01
6.719453340211626324e-01
3.505030383223786683e-01
5.290816026831416385e-01
8.114277408298347094e-01
7.415932371751366992e-01
4.798487066340909601e-01
6.016875120139866251e-01
7.739674516689863948e-01
1.619912272403506992e-01
6.693433514990790867e-01
7.557788542628822714e-01
6.008371881940376136e-02
1.328493623427330905e-01
8.303051173651890826e-01
4.228102292271797014e-01
4.174617116168651276e-01
7.315333210109145057e-01
2.648581886758245574e-01
4.215268742644743272e-01
5.179694821885391098e-01
5.464278285603012542e-01
7.077054993824077878e-01
8.098702802507699028e-01
8.021871102078982352e-01
7.661248824700821469e-01
4.417210264696559419e-01
2.941543533919991349e-01
8.228989575586274086e-01
5.437409705821781847e-01
