8.742568213309185460e-04
6.717013618902878359e-04
7.923648563158177793e-04
7.800247487526737250e-04
1.129426817129201323e-03
7.747341627314722990e-04
6.724099586454337658e-04
1.037646798986332749e-03
6.519451758087369464e-04
8.950117606412572556e-04
5.428218347861771135e-04
6.921337013004047337e-04
3.574809311312173495e-03
5.481705650530877124e-04
6.407148799124447918e-04
6.112526554848061447e-04
2.152467776607900306e-03
7.412938675360096832e-04
9.079632936467857277e-04
6.019685233112470179e-04
9.676736856549409760e-04
7.168956080239058002e-04
7.138434193781883477e-04
7.610649011869195660e-04
7.287656825926027001e-04
5.417276245711709175e-04
1.235938222051938045e-03
1.182554800947133210e-03
1.642404896940840913e-03
5.863612153058253389e-04
1.382259016567057670e-03
4.723340467325387723e-04
4.535906368776739970e-04
9.645802573213938316e-04
3.866957982301912847e-03
8.243437525371126538e-04
8.880236753059055337e-04
8.570562666794507949e-04
3.385451784667484025e-03
7.780946403095444349e-04
1.655505503642589913e-03
1.145460321499130974e-03
8.439297434835876192e-04
7.429979726770906878e-04
1.124959595548614142e-03
1.237384822195726009e-03
2.268546207308967493e-03
8.738586647475972803e-04
1.122573879724406360e-03
5.762940871177508204e-04
6.895877749791125364e-04
5.442620179578917935e-04
1.007932275569163420e-03
1.105225295880292533e-03
8.193846571530581397e-04
6.348910240994829922e-04
5.734315311896764520e-04
9.732594043137005480e-04
6.439917580708905739e-04
5.149471570161120006e-04
1.160852375872014697e-03
1.263510454789066239e-03
1.176267499361177346e-03
6.967410607553797472e-04
1.965909145577517114e-03
1.906702970959444493e-03
7.626861166594301042e-04
7.026633118822157636e-04
8.179731880778765658e-04
8.632743547651576012e-04
8.701254277070744232e-04
1.769857106784308940e-03
1.139203764411593142e-03
7.347194689049309398e-04
4.953075464566126596e-04
5.202091167507595518e-04
7.529364532299489621e-04
1.274660873695328484e-03
2.110818522968962822e-03
5.826737373020246871e-04
8.985266984445267925e-04
6.085387786717522335e-04
5.802211823750533324e-04
1.141762109761860567e-03
8.238901953448249252e-04
7.058781414434626891e-04
1.106108774253402021e-03
1.233136402041247861e-03
7.697620780576065009e-04
6.785227641246159916e-04
6.444450580994747759e-04
1.040437267283534891e-03
1.161174302640518826e-03
1.877769642768763615e-03
6.643783971418014064e-04
8.921519098294705425e-04
5.556561324980311767e-04
7.828522540622514939e-04
5.207151845202989335e-04
1.390894265442012712e-03
7.746262478274973948e-04
9.961258268470112639e-04
8.465805759089603750e-04
1.471372257753034499e-03
1.637316818939279659e-03
6.603659214072153888e-04
1.184948508706775610e-03
8.285317480330241669e-04
1.157275594430473304e-03
1.335946323732674097e-03
9.221168526417110930e-04
1.136897526169823635e-03
6.179254203110640196e-04
1.071448070954628042e-03
7.301195456962320104e-04
5.808481778414085030e-04
1.025565690162561199e-03
6.528754409289751074e-04
8.713013803223187753e-04
1.038069939233883130e-03
6.948035999850503798e-04
1.020302998885619676e-03
8.806662653576055729e-04
8.696646719102715892e-04
1.177466062703788185e-03
9.063836471893556811e-04
1.021589803575190161e-03
6.729886137452605749e-04
2.252624207752714283e-03
6.093065030753093804e-04
1.116210638315146908e-03
6.900175477869666292e-04
5.338936004663387804e-04
8.669531373094991169e-04
1.014173131650205435e-03
7.505844166681124429e-04
6.526870311440213833e-04
9.641222032806426269e-04
1.014527680972102802e-03
7.489156816398116062e-04
7.619520772478405963e-04
8.479100417240820935e-04
7.686183955372019420e-04
8.742568213309185460e-04
1.167226961604895478e-03
6.586064154918041050e-04
7.097877652803411853e-04
7.186851312561783924e-04
1.202473035786744571e-03
1.523342384290116668e-03
1.218993121607469567e-03
6.358024115397799920e-04
6.898477211657588889e-04
1.077892154854953729e-03
1.144859728607066631e-03
8.460431901050828162e-04
4.949297505257649809e-04
6.817173862545492652e-04
5.329167231457827619e-04
8.892445407487775417e-04
6.944381273244708665e-04
1.039149176586799499e-03
5.042057041043431637e-04
5.692091174885925220e-04
1.175686861937198270e-03
9.069935650485742634e-04
1.471869520845045043e-03
5.550852647953898001e-04
7.044924759211199268e-04
1.817035003772958122e-03
7.422180384874508575e-04
9.474590535715897606e-04
1.487111129462356796e-03
6.112526554848061447e-04
8.799098009070754770e-04
7.016273998133894501e-04
1.391182926341731976e-03
1.492235108740299493e-03
7.264421801623509615e-04
7.652961092955071600e-04
7.078717431092441687e-04
1.327716575279218195e-03
1.774834479737435631e-03
6.005017995562602056e-04
9.328994900804238885e-04
1.016404612215068403e-03
2.135662682121919256e-03
7.246127430578805460e-04
9.225071347455162133e-04
1.811057619807685676e-03
1.301745005726173210e-03
6.763257204737698099e-04
5.759824087208046534e-04
4.782193482267687061e-04
8.646147424657871878e-04
1.005897241660512085e-03
6.327367576819230158e-04
7.748113010103525270e-04
1.085814461244022843e-03
7.219468015145248923e-04
1.336507076663117494e-03
5.157197666079368394e-04
8.408561656291395955e-04
8.393815672999543464e-04
1.996713407766573332e-03
1.785902682246965538e-03
8.397880983574553763e-04
1.242058276568669536e-03
1.173739121596895562e-03
9.063656649232719464e-04
1.258398612883799466e-03
4.635648328816469196e-04
1.050255816524286708e-03
1.223724938685024494e-03
1.257980298126143252e-03
9.237300710496157289e-04
4.533411941725231753e-04
7.296445505948646187e-04
5.950606850397070465e-04
6.460395263582081578e-04
1.186978242138684095e-03
6.401373707235304741e-04
1.406251722350766731e-03
7.873921734572905630e-04
7.163120376759352700e-04
8.950218777821213707e-04
1.501947831114635234e-03
8.668530076850724164e-04
7.331545350940544279e-04
9.712016451658132300e-04
1.065695459960436242e-03
3.025602614554335438e-03
4.909784457930686796e-04
8.613461747338774623e-04
1.498503590156694985e-03
5.392589794032599153e-04
1.113802399060135956e-03
7.538608318069479420e-04
6.129910837989702719e-04
1.423430059257937150e-03
8.258711435128492226e-04
1.298166681687735677e-03
4.735639174244666693e-04
5.571779308460484163e-04
9.717664087855530349e-04
4.546510707385896630e-04
5.127944375041068462e-04
9.699365940992727255e-04
5.209059330462329418e-04
6.036540823848285777e-04
5.849700394474743447e-04
2.224280014350306020e-03
8.233533048217130937e-04
5.045031525348730832e-04
7.895995597450653890e-04
2.323665940591111874e-03
6.404674636204700641e-04
1.117727929511674661e-03
8.611098834173400249e-04
9.400030290129374709e-04
6.470687618522335269e-04
6.456967037239187300e-04
5.133340320790467232e-04
5.999842328124434980e-04
1.221561789058602009e-03
1.398395117253582688e-03
7.404549702931957069e-04
6.138748680040328380e-04
8.352322773508193826e-04
1.300561211947917108e-03
1.208359848335752119e-03
4.829937284951772974e-04
6.207610461590963493e-04
2.276749648687113794e-03
7.096525718949441225e-04
6.337110463322597701e-04
1.665136400110418108e-03
1.992692361721741436e-03
5.266760972916829670e-04
7.391787378125466842e-04
9.541747309948483274e-04
5.389840263640798121e-04
1.513098566242169953e-03
1.197131985672129787e-03
6.102831238570333378e-04
1.139970228749022678e-03
7.203619652719966482e-04
6.627729127315020894e-04
1.312760579548807004e-03
7.369438101892720029e-04
8.803162670402097344e-04
8.574031739414829248e-04
8.736538170718877476e-04
1.176101517965533021e-03
1.612979000629685602e-03
8.212186703738891822e-04
1.352091795771134027e-03
8.384901881683117734e-04
5.431673487438460832e-04
9.275124031781159127e-04
1.258398612883799466e-03
6.731213495462276238e-04
1.267447696945403837e-03
7.348275366474382557e-04
8.167116329648510184e-04
1.604074583397895352e-03
8.189593218039638647e-04
6.290914434925304853e-04
8.568938066939697177e-04
1.442200372526849248e-03
1.230828481888788855e-03
6.355177967484107850e-04
5.645913781844529673e-04
7.484291804951183086e-04
6.979041359178187257e-04
1.958907070956230657e-03
9.310372484616154416e-04
1.435743259096746620e-03
6.269306035238345759e-04
9.542805090244200041e-04
1.063806621788541051e-03
3.627470231981153297e-03
2.254298471217434062e-03
1.003668913142129063e-03
3.027791666670557030e-03
9.444853120388955981e-04
1.481048430601268400e-03
6.300145512302413866e-04
7.956559534490856723e-04
4.816609390675482974e-04
6.359139147081991532e-04
7.889578467886586852e-04
1.041031921832068132e-03
6.712840785702477121e-04
6.341215825153136230e-04
7.556570925107970564e-04
1.081419017936871303e-03
9.289158682672943182e-04
9.325958054293833829e-04
2.565611051861826225e-03
6.573821532979512395e-04
2.705745712302589159e-03
8.275362016479909750e-04
1.022269156613904917e-03
8.565445306572065350e-04
1.295522790402541934e-03
8.654339421685496459e-04
9.736235848143207344e-04
5.713711771771020796e-04
5.683547384909367782e-04
8.088865682377043747e-04
2.235684986994996518e-03
8.117136220993924388e-04
9.651452477209139210e-04
1.291388623478077194e-03
7.679974293269670703e-04
7.182609796753192458e-04
1.798825965727726293e-03
6.395668820201596497e-04
1.293087659539258550e-03
6.997683134794530340e-04
5.663183395940463594e-04
6.445791590593316200e-04
1.110865654782120177e-03
8.901124814084531182e-04
9.816421672576706222e-04
1.254462767767142205e-03
6.859714953750638408e-04
6.731825344258389032e-04
9.253609973550986452e-04
1.017887156218469672e-03
1.293686447279367244e-03
6.790170902127256030e-04
6.026937141836000199e-04
6.577455948865922964e-04
6.519320474490034175e-04
5.103834884860696235e-04
5.768251690692198811e-04
7.218364909769498568e-04
1.747253465993074250e-03
5.372050254256504264e-04
1.055020197567765796e-03
1.069971777069857318e-03
5.862434091953750304e-04
1.499051834055130242e-03
8.637487671435840203e-04
2.726379515784249641e-03
4.897401393103333533e-04
9.804811306890746404e-04
6.499559711807557363e-04
7.496491510127380317e-04
1.060675439710809286e-03
9.046138703793800808e-04
8.034759269471152031e-04
8.177390697437205086e-04
6.888773635706465278e-04
2.422975701548082169e-03
1.155180279992119559e-03
6.731554539847823182e-04
8.048338545105198760e-04
8.619912147217841840e-04
1.774834479737435631e-03
4.723340467325387723e-04
5.772154724394106809e-04
1.507035853283249715e-03
8.228015480060936948e-04
7.626080649203763806e-04
7.441961038283228125e-04
1.551517623835089359e-03
1.327998278866522478e-03
7.346718474052584859e-04
9.410715066845811490e-04
5.002329873689320347e-04
9.238639916914245364e-04
1.700580685761695623e-03
1.072349265649162608e-03
1.820453061783663560e-03
5.797900963588760144e-04
1.143057527743850414e-03
5.480952637025946622e-04
4.997751000241430937e-04
1.221385454629015169e-03
7.137423259910093175e-04
1.175686861937198270e-03
6.641601329122703932e-04
1.177466062703788185e-03
7.587743581277915650e-04
1.621554529138523890e-03
5.356148305776550593e-04
1.140165317486095415e-03
6.504546456183461821e-04
1.030427428348194363e-03
5.744896085435574184e-04
6.881922107275401405e-04
1.411882250535662249e-03
7.086116871697782692e-04
8.257168454081663172e-04
5.320549327735616361e-04
7.747517235111814771e-04
7.362728788964752928e-04
6.803577707058447704e-04
9.852117015913017077e-04
7.040700802378006698e-04
5.749547902554987596e-04
6.024730523944867152e-04
1.027526356761154433e-03
7.464971303062262501e-04
7.138185352499029548e-04
7.456761297711667069e-04
1.945884618583981068e-03
1.120996688595737693e-03
9.168941892626664321e-04
7.727108316605733277e-04
1.120330216936588595e-03
9.444853120388955981e-04
9.615442504107452482e-04
1.366453500052234758e-03
4.573514359414495439e-04
5.091286496050986300e-04
7.931435051285198011e-04
6.610956133964062580e-04
5.391602088080143986e-04
1.158907055808092558e-03
1.342665575921827420e-03
8.536593754554358321e-04
9.173905523889880906e-04
1.416007483416798721e-03
1.051753272493995356e-03
7.174239555692134025e-04
8.612155562358624105e-04
5.417617730950011895e-04
8.208635342261020673e-04
6.536132333261178038e-04
8.211348783535402400e-04
5.286691030312163199e-04
4.868908224272146777e-04
1.054998531160329829e-03
1.510574201945313324e-03
6.378393415854598583e-04
1.321856295518792973e-03
9.843541100436606003e-04
8.705138641114662512e-04
1.204729114575083231e-03
7.569898315992780588e-04
1.060254656071655177e-03
1.388223580972989396e-03
1.369409231856334947e-03
7.118941299941467654e-04
5.444294277291235242e-04
2.839309827753861912e-03
1.197139508134054857e-03
5.672321061566623244e-04
2.215716327594350471e-03
8.579387309341224028e-04
1.303254499599160871e-03
1.136262769718418856e-03
1.782994538679534774e-03
6.651339908908120461e-04
1.094951793118804613e-03
8.631973967165073106e-04
7.709203548531684677e-04
1.234256159218649748e-03
6.036538799854647072e-04
1.322028980841282808e-03
8.333261135993839247e-04
6.617965013704172738e-04
1.396172806140743346e-03
8.606844269814007721e-04
6.290914434925304853e-04
1.403927863232321037e-03
2.363201743177200439e-03
1.221385454629015169e-03
7.084776342753866616e-04
1.152557049999215289e-03
8.571188490864864798e-04
1.656330705799489945e-03
1.091749687788665579e-03
9.326215078100289586e-04
8.888894330447837545e-04
1.391182926341731976e-03
8.236479874140380632e-04
8.176364289319442737e-04
6.058446696030425236e-04
5.451514294839688007e-04
3.025602614554335438e-03
1.106440261863728602e-03
5.238377193559066352e-04
1.014173131650205435e-03
1.447567414689673957e-03
7.646398159564418533e-04
1.905505854638317193e-03
7.813567812189694834e-04
7.437041107616420253e-04
6.058708697405016221e-04
9.766722163392035395e-04
6.002023702143611042e-04
1.223876430842333858e-03
7.415578696147013225e-04
1.125393946341199988e-03
8.669738541392179535e-04
1.022180983737582633e-03
8.393815672999543464e-04
8.676538947842785945e-04
8.605601028814365656e-04
5.610939608134420760e-04
1.043158406363188951e-03
8.765874721054997282e-04
2.069571244693334255e-03
8.327034823322689190e-04
2.473826057576641521e-03
7.561034420477220431e-04
1.050778745913704326e-03
1.533913022018039982e-03
7.202142943881049844e-04
7.850758779338159110e-04
9.047379935423053611e-04
1.187552215631420627e-03
1.237129336820756839e-03
6.913820479651694223e-04
1.028188746671517993e-03
4.759848064405778787e-04
1.417950837763590341e-03
6.933097736270816928e-04
1.214454936126355914e-03
1.697019746821080586e-03
7.167915342575192353e-04
8.612572505752766035e-04
1.424440655163889411e-03
1.149791419986243316e-03
6.316573291789964392e-04
4.374471165365712878e-04
1.385722308173524282e-03
9.391300949709057485e-04
5.234780648458882803e-04
2.580027724757932850e-03
5.721810329370185123e-04
2.179187561069608273e-03
2.726777704112063900e-03
6.216866212593820298e-04
9.930301879076310761e-04
7.659705543384354382e-04
1.022706290067561512e-03
6.810900082726003505e-04
1.790230987827203142e-03
9.506787431566855436e-04
1.704463991997961017e-03
1.413705282791076273e-03
1.017208635040620698e-03
1.157275594430473304e-03
6.050174078277752512e-04
8.871143900971050541e-04
1.220400298646619327e-03
1.028312680402202221e-03
6.917801332402186837e-04
7.626080649203763806e-04
1.697608945392073626e-03
6.920464002108742954e-04
1.264252613082314080e-03
9.789940172370715371e-04
8.395252251611494193e-04
9.511137131294214670e-04
2.380623106568452094e-03
9.472493471915794652e-04
8.086536366328135215e-04
8.282226562172696370e-04
4.573514359414495439e-04
9.218042328152828120e-04
7.055227343756637808e-04
7.108137848804105827e-04
7.102843027788970521e-04
5.655783743637224879e-04
6.006832166620188060e-04
1.760526165340911206e-03
8.214111481306394548e-04
8.188256497061039340e-04
1.276325415306987831e-03
9.808998138573848339e-04
9.810194131464112545e-04
6.408676566619600935e-04
5.522263356136434924e-04
7.776279767587943167e-04
8.011661556102674759e-04
2.654422178609230736e-03
7.198630200632243591e-04
1.371834470415321874e-03
6.698286222006776154e-04
4.638427626628020069e-04
1.460938093135100060e-03
7.155765125242416827e-04
5.752683270749677858e-04
1.014534072044508042e-03
4.621324356915161493e-04
1.405592673757744687e-03
8.738551090563660305e-04
1.476284098367966133e-03
1.081980384363127662e-03
6.280929793248077883e-04
5.068586686459789761e-04
7.382369635929287265e-04
5.981677477076099460e-04
7.202040687219424210e-04
6.816949282371870342e-04
7.102611549685521053e-04
1.358687651518139484e-03
7.902887877551383489e-04
6.074795368920677665e-04
1.118288275771456503e-03
7.667359223167317201e-04
8.346874161936199046e-04
4.981258516683635239e-04
1.059420733918528101e-03
1.497232608703416047e-03
1.070228594437509523e-03
5.635686495968232406e-04
2.135662682121919256e-03
5.457000794848953194e-04
1.885755174026876486e-03
7.792714750796899976e-04
3.768868537891154231e-03
6.549007554723401030e-04
5.779568583875179877e-04
7.070248562214521363e-04
8.071847207290660164e-04
1.716922488593623525e-03
1.035603701801355052e-03
1.071019645938961918e-03
8.730135047963303446e-04
1.098498350355421376e-03
7.829678609042474945e-04
1.500937781105466697e-03
8.542324849143110872e-04
8.590291572939041161e-04
7.020560490542395674e-04
1.017208635040620698e-03
9.994222549244812914e-04
6.034164450198381026e-04
1.083500566214737034e-03
2.269998857374528646e-03
5.946543426548564363e-04
8.919756174933320039e-04
1.494093784048808023e-03
9.900835295490193269e-04
7.956376532343568779e-04
1.329303872998548229e-03
6.067048541792904610e-04
6.656497271884658385e-04
9.429021148186756372e-04
6.055913347767789400e-04
6.866462419465981307e-04
4.735407559914675026e-04
4.954563098919313648e-04
9.843541100436606003e-04
6.658020746237283726e-04
7.253089559608566191e-04
7.822655690373047765e-04
1.060760425528971436e-03
1.869872646485468094e-03
1.168240390684946927e-03
5.813837977134438985e-04
5.585774283073918203e-04
4.852198805183719236e-04
7.243781482127618562e-04
1.004475565546271388e-03
7.621645000975807134e-04
1.408508940585486823e-03
6.630804289655344540e-04
5.900271692840672539e-04
1.591058790014580676e-03
6.627694924666790999e-04
7.816143975476865305e-04
6.942787227753975795e-04
5.560648966864129407e-04
6.544165346461209990e-04
1.241642710417912914e-03
7.166282885834906243e-04
5.755498444941363652e-04
7.355336140766398183e-04
5.094473878615111409e-04
9.930312927578439138e-04
7.262623581541660265e-04
9.089208088933161712e-04
5.167300214303621178e-04
1.737522909115800460e-03
6.261587929257605642e-04
5.585447581821103126e-04
1.233136402041247861e-03
1.176267499361177346e-03
1.530780169281180034e-03
4.843051530591706223e-04
1.374663575264523227e-03
1.298166681687735677e-03
8.572619291026366273e-04
9.807109216149695417e-04
6.191766577725573784e-04
9.441801990070434591e-04
1.088358468445982516e-03
8.641083132830911341e-04
5.513029627968409931e-04
1.498683351642012603e-03
1.026762606306289754e-03
9.676736856549409760e-04
1.575683932732212895e-03
6.198899958811609438e-04
7.436016689494719719e-04
1.101332340619199735e-03
4.852999088293508232e-04
5.037149424035398037e-04
6.931202116933369911e-04
8.080604151558981423e-04
6.743106666392202934e-04
1.392775425517949394e-03
1.420363891301609565e-03
1.079531281446563648e-03
8.336411838706738776e-04
1.498336721698355009e-03
8.509289095414266941e-04
9.477333547245156854e-04
7.118941299941467654e-04
5.691816820110217516e-04
5.264204963806671383e-04
7.205922683552246945e-04
9.005071503328297786e-04
1.201447058455310272e-03
9.830374666647755891e-04
7.442981055520639508e-04
1.284089114984017727e-03
6.126708984333981535e-04
1.228432231274158033e-03
6.805355555662873264e-04
1.488177637504983731e-03
1.062332410290735881e-03
2.024979235145725909e-03
6.435981974131372695e-04
1.394493208337864226e-03
6.275416216809298403e-04
2.292426204382456024e-03
1.143292797045763988e-03
1.260809182699327994e-03
1.519864740767894401e-03
9.093283649649348387e-04
5.870985541603697009e-04
8.512527413682791999e-04
1.547402070179547309e-03
4.870597579261115475e-04
1.373862902588060932e-03
5.535294532416851557e-04
8.528173711538042682e-04
9.454987272120861418e-04
8.323211741933160372e-04
9.650269026418925589e-04
9.888545509368019872e-04
5.322617237844071017e-04
7.187409372909907453e-04
1.590032725927925748e-03
9.529293302420748261e-04
1.971627097319143297e-03
9.777576246832854565e-04
1.149579682756313691e-03
5.585617533326050176e-04
1.012155564001290375e-03
1.420363891301609565e-03
6.540037451722726346e-04
5.190649412388156914e-04
9.821886299006170676e-04
1.389688566952753876e-03
8.359709507326314095e-04
9.697736353666301309e-04
6.379832047888414365e-04
8.394565402740519853e-04
8.790171551679069016e-04
7.741001193277881071e-04
1.861074138823407085e-03
8.702954771882996047e-04
8.476953108517618464e-04
7.380601972267948098e-04
2.558158924168747652e-03
1.390705868574956426e-03
1.426935529749699672e-03
1.557404052895759684e-03
5.951340408906470808e-04
5.937587722790265386e-04
5.984771716504896488e-04
6.808279657754731087e-04
1.342741132976172768e-03
1.096003561998952058e-03
1.693280029256138443e-03
5.322617237844071017e-04
8.663335193978136594e-04
7.613036901954552170e-04
7.083684863019814497e-04
9.043782046356696903e-04
9.639073390817904903e-04
1.227264190037827317e-03
5.637537440655734314e-04
6.199128924073460693e-04
1.603887154878406128e-03
8.065875248939934983e-04
9.176052220703825304e-04
5.319023168000314161e-04
1.181106484262845011e-03
1.052695553635017798e-03
1.032933033499760459e-03
5.482270051710387082e-04
8.231228560100720950e-04
1.424151657794431357e-03
6.519883282084645761e-04
1.164089917513421455e-03
8.911285513583199315e-04
1.322138400212242082e-03
6.603006743672452635e-04
7.581040429212403510e-04
9.684755678610794481e-04
7.778982264373552604e-04
8.187861373567411651e-04
2.494442166624312365e-03
5.252906466858296491e-04
1.006336290706517055e-03
6.742587226985144845e-04
7.136177841099866246e-04
1.643920004490006994e-03
2.122691126273867565e-03
1.101851945639423800e-03
4.807264079717574017e-04
1.044455301615899697e-03
1.811057619807685676e-03
1.421109016673893213e-03
6.303294027959531693e-04
9.473065821898877430e-04
5.173546656445898295e-04
1.189062896794045769e-03
7.093643319778839646e-04
1.399745260846909593e-03
5.075924791761600831e-04
5.929708832373576646e-04
8.233533048217130937e-04
1.166737382410533951e-03
6.073391198637734549e-04
1.449058662643041163e-03
3.287997364705870940e-03
8.835258806691609909e-04
1.200106798079922724e-03
1.297700629767114047e-03
1.275258398029478334e-03
6.750758978519981772e-04
9.955364955174710127e-04
1.377564652273106580e-03
8.631342501861384011e-04
9.435856318750035325e-04
9.404087485869847170e-04
1.070512189400713238e-03
6.293725994251689023e-04
6.765901300934327968e-04
8.354504793378074619e-04
5.494263335782422798e-04
7.937603597992240684e-04
6.151934346970402891e-04
6.317064591013801756e-04
1.081777550338644577e-03
1.165416785604444627e-03
9.734506097706776889e-04
7.780443305558119773e-04
5.984771716504896488e-04
8.354504793378074619e-04
1.620630923315512228e-03
1.223294598263053885e-03
1.064154873375326152e-03
7.092189047062263420e-04
5.241743530534208892e-04
1.005510384205194827e-03
5.999842328124434980e-04
1.018880214635337067e-03
8.772125779989542980e-04
1.014003894101133925e-03
2.126414416637861012e-03
1.195040869727403672e-03
9.299382770272561147e-04
9.955319177053455464e-04
1.572100814189207477e-03
1.032966504962333628e-03
1.156027854976533591e-03
5.363427926514498841e-04
1.996713407766573332e-03
4.869467216817048409e-03
1.546552180168936927e-03
7.540337840675936021e-04
1.545527205978682560e-03
1.788065735357021726e-03
1.220967775944366588e-03
6.467733654794136696e-04
7.360179260533125352e-04
6.254104463280627966e-04
6.626881667240631935e-04
7.119423619097501287e-04
9.473277154765447419e-04
5.796667922969299435e-04
1.454214981226815192e-03
2.845759207224475215e-03
8.519186722406937862e-04
6.519451758087369464e-04
4.609655431487431334e-04
6.173067537731868545e-04
8.404691661636934201e-04
1.047702719196232915e-03
1.026278284017131471e-03
1.343489194226277867e-03
1.845870227485385887e-03
6.706984409369780731e-04
1.228099447406748659e-03
7.594255557512608621e-04
6.329875881771114023e-04
7.566625352567552193e-04
9.303069885645548617e-04
9.473277154765447419e-04
8.696297246775420596e-04
6.450722825843021018e-04
5.974783647794586205e-04
7.209056410229380558e-04
5.999304657874198485e-04
9.990592295049873384e-04
5.852455439012996209e-04
8.631561996227284095e-04
5.600076716010961948e-04
5.775551068020252270e-04
8.655478443186645022e-04
6.549062110705291314e-04
1.492346924508312868e-03
1.203363886772936160e-03
9.719236837676603017e-04
7.678145038156221607e-04
7.790821306701370972e-04
1.443809266394065986e-03
4.690584162574645941e-04
7.168956080239058002e-04
6.470078996841077115e-04
1.126036292482121169e-03
5.554655458903400879e-04
6.933867286344464441e-04
9.661630961206532382e-04
1.197582269421329634e-03
8.102472390127138597e-04
8.476953108517618464e-04
7.746593367856056131e-04
1.513006119146974521e-03
4.989398372478032065e-04
8.798822515440595784e-04
2.462427427306460286e-03
8.937751787747610270e-04
1.028848419628521776e-03
9.648475397027859481e-04
9.063595583834216677e-04
5.507241531857851773e-04
6.122201779752987948e-04
7.686183955372019420e-04
7.022948695022582883e-04
8.736538170718877476e-04
7.693172454066448144e-04
1.835915669812020331e-03
7.659548068438882563e-04
2.957343521787878394e-03
1.146454416310458205e-03
