6.955096007232263421e-04
7.811285850148092392e-04
4.374507766927084474e-04
1.413259728324954426e-03
5.823632067814811736e-04
7.398402977409895961e-04
6.516062002729869915e-04
5.552508947942186171e-04
1.478734813961929536e-03
5.689549950315614738e-04
2.202653230436845549e-03
6.441553938088566064e-04
6.975490677083838204e-04
4.200296323963573805e-04
7.498876310155963001e-04
6.397554493601339447e-04
5.347964836038307350e-04
8.844838032541279616e-04
7.444287317479877193e-04
5.668882382388936575e-04
5.613443470975637692e-04
2.074241906681540716e-03
1.029972587980248350e-03
7.538599232581768943e-04
7.722274586653121156e-04
1.015286566364414361e-03
7.280727922722212081e-04
1.716288858712119048e-03
7.384467658933125539e-04
7.691714254541754964e-04
2.744655097085123719e-03
8.661634887846566102e-04
4.982428734969749241e-04
1.521825260838167125e-03
1.013142764874920641e-03
2.265879283788598247e-03
1.414077663917617843e-03
1.119989582314943064e-03
1.450365213518410969e-03
1.392959089083877465e-03
2.293226478186358337e-03
6.923664316299115318e-04
9.650412839036092046e-04
1.681523958768336947e-03
1.436092716079311006e-03
6.636357865330004980e-04
1.407292437658442348e-03
7.047384933142802682e-04
9.625046745018730684e-04
7.192125911592314822e-04
1.232723538265844462e-03
9.182565465476515360e-04
5.852498345605475476e-04
1.411096795286746969e-03
1.379324648440011236e-03
6.307047155845592161e-04
1.390714341593948800e-03
6.631966797679103749e-04
1.002416123736626094e-03
1.347370041891280019e-03
7.622147876284071470e-04
3.327532007590979293e-03
2.647608383648592575e-03
7.006030833605571186e-04
8.180723301816291999e-04
5.980130743177600574e-04
1.455216608344131642e-03
2.157390159840059506e-03
5.734202165494410803e-04
6.618106024083400974e-04
8.781529449083138022e-04
2.528291994097246146e-03
1.733656736423516871e-03
2.794311052320951668e-03
6.874280254303367834e-04
1.086338248926679026e-03
1.392371162194126072e-03
9.524930304054985428e-04
7.525961979083065122e-04
7.963165665130564471e-04
8.505518559495808080e-04
8.361347152837454158e-04
7.893653179727792802e-04
7.544632319644591729e-04
1.293975214181092293e-03
9.844824781630190109e-04
1.234379084036078301e-03
4.754654820436727213e-04
5.960631460592171046e-04
5.916360107903483089e-04
1.359218245988429207e-03
7.205142707438298147e-04
6.853020480511267092e-04
1.567345305539157713e-03
7.168473039973088283e-04
1.927174073279968279e-03
1.781951924359600516e-03
8.568590420934716831e-04
6.369314835341571357e-04
6.352722856942252068e-04
8.034727120449003173e-04
7.664562347998351687e-04
6.891111172960287480e-04
1.359974665754084579e-03
5.670172246673725516e-04
5.799090525074077985e-04
6.808797336722706255e-04
7.783257819599232038e-04
7.155103315314399271e-04
1.355966155205345653e-03
6.169702004118358864e-04
1.057516409227473187e-03
7.045776748421518458e-04
9.762117327470150232e-04
5.354682232317426512e-04
5.628432149018629520e-04
1.318578220297703628e-03
8.197033166135256213e-04
7.960054141767274397e-04
7.729028264724561266e-04
7.368774132488825276e-04
1.226412858372051030e-03
6.799444928497483517e-04
2.044230049807012860e-03
8.577458142205697999e-04
1.001494049573983932e-03
4.853165948057147866e-04
1.493745131571331403e-03
1.976429309235486643e-03
1.213389497382007373e-03
1.942895990422085530e-03
8.137541791618691260e-04
9.814779671941857662e-04
9.171494798997807457e-04
7.575714836707816632e-04
1.232232125139268945e-03
6.352100058618365000e-04
7.610273071156440630e-04
9.426525118108610400e-04
6.275728239409141549e-04
8.202658123513411779e-04
1.111403380339126687e-03
4.739642698638036711e-04
5.563709315550899445e-04
7.064703776162965798e-04
1.846199620405805696e-03
1.369768571102379737e-03
8.037599337281464782e-04
5.335146762244305247e-04
9.397806648971507694e-04
7.786994288278193841e-04
1.600873979627260441e-03
9.033198877446944625e-04
7.882710202333622967e-04
5.006344937133065838e-04
2.624617200060801788e-03
6.854090234294418684e-04
9.151460931747163515e-04
7.471650148142718181e-04
7.202267883343034614e-04
6.268195204093329536e-04
8.176324034807217010e-04
9.659457400462492793e-04
9.031720862284429432e-04
6.731510175974848636e-04
6.165464314403455151e-04
1.140625672019414004e-03
1.618707765681002587e-03
2.072464573271929483e-03
6.304880254851943705e-04
9.264594455353562493e-04
8.276697762215631067e-04
5.289961107448763787e-04
8.552274814508882333e-04
8.086065185928257085e-04
2.835115566904467845e-03
1.455280513240714453e-03
6.453485987155926354e-04
5.404373510363258241e-04
7.288389649395385275e-04
7.979704962972564977e-04
6.355421236223889178e-04
9.407355615378765797e-04
5.352088073337427348e-04
6.979126553081100442e-04
1.131161984976507794e-03
9.648416680342921910e-04
9.459311162669542961e-04
8.071776007078538618e-04
1.174154493633217155e-03
8.021200041298009098e-04
6.508453169116472543e-04
7.836387778091781975e-04
8.554596106124390123e-04
9.065730146114959684e-04
1.209382812215316219e-03
9.670679392992789303e-04
1.536943929630226347e-03
6.138196886245712511e-04
8.178345464931895993e-04
1.148841725244074703e-03
4.257852638256600796e-04
9.487985620259450350e-04
1.254530043158522774e-03
5.943288817032683176e-04
1.391118191067532020e-03
7.520650417627842066e-04
1.519915290004651958e-03
5.018709042209404912e-04
7.940493201583479800e-04
2.598505746053382786e-03
1.253120606432167865e-03
9.654888619562969430e-04
5.751446870358409595e-04
8.929740387188407885e-04
4.776417250143028285e-04
2.434257197225146805e-03
5.972993795537369930e-04
1.031748431672465001e-03
6.190641368427967587e-04
2.404653922959056056e-03
5.707668808313685676e-04
5.677110969030929035e-04
6.194300960190471210e-04
6.303792612392358947e-04
1.068242554472088749e-03
1.495766336810292049e-03
7.102983948469427343e-04
1.214913880538598390e-03
5.743247477664675327e-04
7.735429017583547295e-04
9.082715752959122455e-04
1.680182687954493402e-03
9.577302968314445764e-04
7.470039760166819615e-04
6.418403169960308456e-04
5.564120018816116724e-04
6.854216128407281117e-04
1.352791149911303096e-03
5.162429117407260843e-04
6.464425673916050557e-04
6.953969361281524611e-04
1.950038969748759668e-03
1.708601666600050462e-03
7.226508697444524853e-04
5.939076532695480122e-04
7.505516398521159703e-04
7.533818656995682535e-04
3.645992708694348675e-03
7.004573849505127967e-04
7.748435388159098528e-04
1.020481252483506707e-03
9.562004234372879861e-04
2.404653922959056056e-03
4.973506265445780741e-04
1.297435583952939600e-03
7.310809672594967279e-04
1.643347721278745144e-03
1.536422592562011573e-03
6.138185200020918660e-04
5.170249716260264233e-04
9.405243274961384804e-04
5.075185439168777802e-04
8.639174247087262658e-04
5.528708689414606799e-04
7.665361999636726353e-04
7.158899876264673053e-04
7.595545760892145936e-04
8.272015451209385794e-04
6.641969956292398955e-04
4.208308478851187015e-03
2.468542727925785406e-03
6.014840550724644954e-04
1.631403898110911615e-03
3.903912795184880449e-03
1.403592075641892437e-03
1.373933287154437740e-03
5.734202165494410803e-04
6.152273230621999132e-04
7.984626758738243551e-04
6.506419448567346076e-04
6.331843656134866034e-04
6.796848846742078662e-04
8.426292347260114267e-04
1.067410823510929344e-03
5.446737503507800664e-04
1.459024105457513770e-03
5.852628896928979349e-04
4.362159744232563274e-04
6.668185863521831815e-04
1.840003593731578437e-03
9.753158112937106335e-04
9.584854621051418265e-04
1.020481252483506707e-03
2.271332469251239466e-03
6.693228267289183693e-04
6.178186731555267760e-04
9.412293896047404206e-04
4.878885273177174472e-04
9.219679855441919279e-04
1.572390159669281818e-03
1.009950956086085212e-03
6.991469376761485230e-04
6.780133987897202013e-04
6.339442114322398807e-04
8.933178055985048147e-04
7.798654667797989782e-04
6.404649236193845187e-04
8.989799317196388870e-04
9.013428384524270259e-04
5.771816480200246463e-04
7.608619181620527271e-04
2.831310909960872788e-03
7.252096792117533434e-04
8.591719059266271627e-04
5.375778330411601618e-04
6.612365869624065723e-04
1.172849918096859935e-03
6.583918810527455501e-04
1.508736932301262988e-03
9.726440269853419600e-04
1.536404388433836206e-03
6.780990023313230013e-04
8.567423775234769617e-04
1.080401786602273699e-03
1.334771071887992308e-03
8.086065185928257085e-04
2.315204351213072040e-03
1.028028225757135049e-03
6.179955084460313523e-04
5.926047165198875238e-04
1.087820786114530869e-03
4.501523223911147223e-04
5.069738329014027677e-04
7.718272712380224885e-04
9.144899389541729772e-04
4.776816400893478813e-04
5.147767846261043154e-04
9.116343181005893059e-04
5.729334195033811139e-04
1.190105151081829668e-03
1.217774812006472938e-03
2.550957509565555947e-03
1.238081243332350614e-03
7.746300334080800151e-04
9.677061471653961152e-04
6.620500918305030191e-04
1.034004894009980672e-03
7.666901066678443637e-04
6.778720766830105722e-04
5.558711450499993463e-04
7.354905859125711667e-04
5.125615462301018679e-04
5.500361839295591412e-04
5.764620559464620061e-04
9.608332166302925017e-04
5.171701459587527442e-04
6.995229147682681349e-04
6.804477196777715181e-04
1.356514847252614057e-03
9.417343539369958747e-04
6.615247669788342074e-04
8.051535812613920670e-04
6.873967678076149624e-04
1.979714428105520257e-03
9.140950584444813192e-04
7.848404464896332165e-04
1.231632290564828140e-03
9.966426825886805143e-04
7.126426653648635593e-04
6.396588632242413081e-04
6.248474590673451078e-04
1.145157541679733349e-03
6.376897764493225746e-04
5.514382411459953313e-04
6.133790762354534394e-04
2.643149089299273290e-03
1.075043986250447114e-03
5.195118110312484279e-03
1.373364033969068192e-03
5.684327255771490445e-04
7.009463163467603451e-04
1.721260384015508909e-03
5.532951873792732109e-04
7.577352010073886259e-04
5.077474021168713924e-04
6.076813090478944785e-04
1.056277604544803538e-03
7.626355606145673611e-04
1.062787466623080386e-03
1.410293377631350199e-03
7.124632737262537796e-04
2.145516261197136926e-03
3.405060632066564136e-03
7.283847775919688938e-04
1.178311881280009500e-03
4.721786114637467331e-04
1.972593863487682748e-03
8.035456230188560336e-04
6.294719643233128705e-04
4.238710822381043281e-04
6.780990023313230013e-04
1.257939089954729448e-03
1.019040622017738885e-03
9.626142379835138461e-04
7.574661133116687923e-04
1.143394248595748638e-03
5.132896896190594464e-04
6.534451254597644330e-04
1.551890291849445432e-03
9.029943629626849266e-04
1.229801092250531417e-03
1.551969504816250265e-03
7.549972628419643209e-04
8.971254696484564370e-04
6.883904751594505100e-04
6.401064948479991525e-04
7.510353856318472505e-04
6.359430843554457306e-04
5.529254230120919439e-04
8.549499059470215328e-04
2.054788788866603218e-03
2.468542727925785406e-03
1.479224452496520842e-03
1.193626078128513573e-03
1.146176403698031436e-03
1.261913228419501987e-03
7.102983988889691050e-04
6.407576234115799994e-04
5.018224426982745984e-04
5.186357424017806056e-04
9.608332166302925017e-04
6.857822949172657535e-04
4.936185138256484004e-04
7.797791243598643958e-04
9.016939278705434890e-04
4.588633138394416318e-04
1.006633492775151897e-03
1.427059711679418575e-03
2.182382131156886639e-03
1.156977721751288081e-03
1.113504578618909700e-03
1.523906320584035232e-03
6.597089434930659621e-04
6.931833332951280353e-04
5.213587578238149632e-04
1.208892094277434423e-03
7.304517498558909389e-04
5.293847497802337074e-04
7.558482434572903969e-04
8.391312508419684121e-04
5.389836371632799683e-04
5.673701699296259098e-04
8.200145826910357075e-04
2.993802550843152176e-03
9.995271840451103694e-04
6.016373340713750822e-04
9.372522175566562475e-04
7.701536462141048882e-04
4.988699225344063806e-04
4.443142862330248734e-04
6.509568930339883989e-04
6.979760699390340564e-04
9.487985620259450350e-04
4.985039097572680758e-04
6.509026018156361401e-04
9.313123897906757601e-04
8.947061984734020965e-04
1.916357161619420147e-03
5.602179536775287729e-04
1.022099208549793591e-03
7.622147876284071470e-04
1.117336269579809454e-03
1.065438781586353079e-03
9.108942036907351604e-04
7.284606374108289813e-04
8.789090383817116381e-04
1.334581104925145877e-03
1.229149961726452942e-03
7.931066228421283695e-04
1.052568970890181222e-03
8.084793971684609568e-04
7.018958870707691765e-04
7.622447956698972940e-04
6.202466782593552257e-04
1.864198642894217750e-03
7.495837005864554488e-04
1.178209587091491248e-03
9.802381307182567779e-04
1.842131222086616131e-03
1.086979724512987652e-03
6.796397585127621514e-04
1.650314710655675530e-03
2.306203239281427730e-03
6.395304474435746208e-04
6.778670576177334671e-04
8.667833317446750098e-04
6.308744897436226271e-04
1.157923308581807614e-03
3.762850189868084672e-03
8.539092547018426512e-04
5.265397063714526713e-04
6.796397585127621514e-04
1.087945417775766773e-03
1.400414705922413405e-03
5.564085344590708479e-04
5.785935053628597086e-04
1.501391030650234227e-03
8.798395156501197072e-04
1.039307058605570648e-03
5.896255159503331102e-04
8.180462493992309838e-04
6.914458432327073509e-04
2.749889889739327940e-03
9.128945109566465998e-04
1.163739332668079071e-03
7.784853584714580138e-04
7.946178691963091782e-04
6.919266174172333762e-04
6.858852767159357659e-04
1.833131468021015386e-03
1.856008333616677606e-03
5.366348678550349324e-04
4.991526687935362791e-04
7.448240306338878378e-04
2.235447374564290390e-03
4.816924964002541085e-04
4.782496837407957876e-04
5.109761873461426225e-04
6.178780619722335334e-04
6.509568930339883989e-04
8.341362560570860949e-04
1.621849324615032631e-03
4.795305963618590769e-04
7.555887715815173909e-04
8.944913065364056047e-04
1.295429422513512743e-03
8.264103781421134037e-04
6.150515876645075821e-04
9.317612062549104207e-04
7.783517291859719548e-04
5.724333334781489709e-04
1.211718782163791934e-03
5.199713929163395868e-04
7.837562611888439180e-04
1.015829736452045825e-03
2.249937816082982038e-03
6.487954751414722531e-04
6.652378502744679678e-04
1.369113672899377205e-03
1.034602007821665542e-03
4.695421964257286943e-04
1.379324648440011236e-03
1.232874497934931908e-03
8.834822319485533502e-04
7.900809928284371637e-04
9.475672641591047088e-04
9.912795499754652011e-04
1.109934782291082962e-03
1.076405612329344678e-03
1.976706727674949326e-03
6.338715295667236328e-04
9.896665961055264252e-04
1.289871847583878243e-03
7.315363933116632647e-04
4.560052930285953075e-04
4.799663999658747293e-04
5.595815704316882888e-04
1.056138716451335844e-03
1.254867100940569276e-03
1.006896756861836188e-03
1.226412858372051030e-03
7.844983612767014898e-04
8.661596348658434077e-04
4.818782571184085243e-04
5.066336996481429550e-04
5.566919084824520272e-04
1.026566020858222508e-03
1.744132023210830844e-03
5.020681660627243810e-04
6.164513933196757219e-04
8.985262754586488066e-04
6.595062221153115195e-04
1.012859980910779754e-03
7.093746074102807390e-04
9.203593447869058827e-04
5.574433188186283129e-04
1.667960847712886014e-03
7.816083890140390145e-04
7.915271620870279216e-04
7.460434624306112178e-04
6.986141846871255813e-04
6.635200387560501439e-04
5.537442661711146656e-04
5.769549611829555670e-04
1.810544214272293354e-03
1.052977716024076481e-03
9.594145332296839454e-04
6.066554879160931599e-04
5.461600703134203037e-04
7.329803919119386038e-04
1.266056553083615144e-03
8.283997872330776165e-04
6.719823908194029949e-04
8.376105996986809308e-04
6.779770524677929859e-04
7.298102341867429219e-04
8.630660461317473005e-04
6.235184298971594178e-04
7.351795362719066316e-04
1.296164639540953872e-03
9.478413907018151327e-04
1.365846027151440371e-03
9.533914998520045614e-04
8.908494870350305590e-04
5.206515735729337364e-04
1.209382812215316219e-03
8.195539690301542873e-04
6.923197310453740264e-04
9.862532385458916764e-04
6.501162974406027003e-04
1.273479150193746650e-03
8.146038165830894566e-04
1.254275014216287010e-03
9.661395421052122560e-04
8.779046429606801290e-04
5.766675391735384985e-04
6.730582791932566544e-04
9.527157312169969201e-04
1.846199620405805696e-03
5.769831860107826112e-04
2.248220550335520204e-03
7.310655380565186457e-04
4.683458401899260985e-04
7.981001574711780707e-04
8.753567145755044394e-04
5.398876634117197272e-04
1.048512993907282139e-03
2.786816739517944830e-03
9.469247199400789364e-04
9.148388483841273389e-04
1.056084215854892223e-03
5.561063161818610798e-04
1.170894512710065390e-03
1.681694081160584834e-03
1.132404768577654260e-03
4.562556449950118018e-04
2.707874237092774538e-03
5.813487397702023218e-04
5.529254230120919439e-04
9.918676355156839236e-04
8.279354623723283796e-04
5.142932321665585243e-04
1.642802445898919848e-03
5.187963862249741738e-04
9.680660144291740668e-04
5.133796258018405619e-03
1.037123587812604619e-03
6.883168897461229303e-04
1.074044018988397353e-03
1.380657141368432780e-03
8.574259467692345012e-04
1.003264840080154551e-03
2.536210014913367963e-03
7.935677912886069177e-04
6.418109026566782812e-04
6.369129893833351368e-04
1.114146764901222109e-03
6.298313940654139478e-04
1.279295080064226904e-03
7.764735851724567867e-04
2.247111206184712086e-03
8.206045945008700335e-04
6.809768198545939569e-04
8.071776007078538618e-04
6.979833285046958867e-04
9.844673097941846005e-04
4.888632122841434684e-04
8.416784893699393207e-04
5.169888012854283264e-04
7.735821605079618284e-04
6.331133731353252988e-04
6.575902378923379876e-04
9.413473492949226687e-04
7.360508267187271421e-04
5.732332486885318226e-04
9.347616260208872459e-04
6.229305982015093243e-04
6.416193473572531607e-04
6.916686980201072017e-04
7.462672946459191024e-04
5.098428257614339917e-04
6.492402794669144923e-04
6.105538084373196995e-04
6.540064081513314708e-04
7.120102999190807899e-04
3.748065357860892906e-03
6.018106745957503946e-04
1.997399558744864575e-03
5.090039190830669821e-04
8.715897072656004487e-04
7.224024082343917389e-04
6.521506852230167777e-04
5.661709590977094097e-04
5.203001245874909475e-04
8.447565847615292386e-04
7.202267883343034614e-04
5.773817037492523074e-04
5.761436602414475496e-04
8.651508582534385558e-04
1.148841725244074703e-03
1.273479150193746650e-03
1.270282354882876089e-03
6.967863551308291692e-04
7.489205237898437792e-04
9.444615387127658660e-04
8.369258603512793422e-04
8.171421126704402288e-04
1.052819602413863995e-03
1.093513236379757298e-03
8.469578656218060752e-04
5.944830177517594063e-04
7.873029823834436138e-04
7.886655131470993825e-04
7.128049290698252379e-04
1.092801254719964754e-03
6.214007760199931991e-04
7.404141828242811075e-04
5.964200368975404280e-04
8.148144851241437324e-04
4.956951420616853218e-04
5.829555780780122350e-04
6.032416531656356390e-04
9.671096525199433108e-04
7.102898915166484979e-04
1.015903836183280678e-03
1.322607156424332638e-03
8.301907659729333743e-04
6.642735803865657939e-04
8.072167034165942095e-04
4.658363525916307140e-04
7.471655403062399002e-04
6.605680605911976901e-04
8.670767136556118641e-04
5.545133181662348625e-04
4.554978632494212929e-04
1.123679985802150238e-03
7.141833682493846152e-04
7.310410689952060153e-04
1.251409174077604746e-03
7.295407682153071073e-04
6.509568930339883989e-04
6.995684807405003810e-04
5.435449776996389938e-04
5.359617718059837615e-04
7.675618087591422768e-04
9.509102546588633475e-04
9.559728730488890706e-04
1.161841122553323655e-03
7.760635426976007388e-04
1.108781699666682536e-03
2.072834037782828043e-03
1.002884946496634651e-03
1.263855074552607070e-03
5.493886548052498908e-04
8.599936251121471356e-04
7.298102341867429219e-04
9.344193477959603523e-04
1.865721094678885264e-03
6.570675872785280026e-04
6.953969361281524611e-04
2.831310909960872788e-03
2.398952515716921193e-03
2.552314902452822078e-03
7.595599360235583955e-04
1.681523958768336947e-03
7.133388551337572006e-04
7.776888163844924637e-04
1.588991321984311277e-03
3.374447715689243149e-03
9.356735969965585637e-04
6.751308498398920577e-04
8.460180363893449098e-04
2.801006030740780996e-03
1.033989151710761707e-03
1.390952699239515018e-03
1.442294167023363237e-03
1.636399685066994856e-03
6.645938098751901293e-04
6.834057387395617040e-04
1.357964824373869431e-03
5.686232022070066526e-04
8.059728153257737608e-04
8.855296735193758217e-04
1.193929925660121944e-03
7.004573849505127967e-04
8.979047816152402372e-04
6.933118587060690908e-04
1.810143059796974615e-03
1.308695327888490358e-03
5.705540980628620020e-04
5.531395241174059604e-04
1.447731493439104742e-03
8.960088938583579948e-04
7.562953427162922302e-04
6.899141778917064873e-04
5.785019447014686737e-04
8.585161085379932949e-04
1.355334680951239762e-03
4.456713929889615997e-04
5.892241618361135835e-04
9.179391705594117492e-04
5.534186523102028890e-04
6.503187159415931094e-04
2.488970458255638368e-03
5.589205257329053116e-04
7.909797642661012826e-04
7.592101368692752081e-04
6.676576476909254097e-04
1.774450985077751907e-03
3.132215369394645340e-03
6.003676300472941558e-04
8.344216612472212706e-04
1.716706162613195613e-03
1.892914896322923316e-03
7.086258010994426950e-04
7.391179776706396139e-04
8.236049850090293358e-04
7.181783722610434774e-04
5.239084426906505344e-04
6.937221497508761110e-04
7.040872296359846488e-04
2.157086534066348336e-03
7.873062841714068786e-04
9.771415201179870381e-04
1.631403898110911615e-03
8.136184293119138201e-04
7.235312260078707522e-04
1.076082320958352250e-03
1.009613729150611984e-03
1.784773183077602689e-03
1.341210839132855664e-03
1.225845383408765170e-03
1.401882675254263657e-03
5.814704410255090283e-04
5.410890052373958266e-04
6.117458966514806220e-04
1.833861774239979635e-03
6.865473339745365279e-04
8.793565409919515147e-04
4.728210918899267709e-04
8.877298350139207171e-04
9.334094048978430714e-04
8.321626452343964088e-04
8.708292940956712577e-04
7.480885148391767676e-04
1.326968091655012557e-03
1.790400301569580006e-03
5.819689452535235482e-04
2.912730936251256737e-03
5.325055147783145509e-04
5.471935053882981230e-04
8.495404368218322606e-04
7.575580137533054334e-04
7.047584683765149719e-04
5.736792050760219268e-04
6.928289476692727411e-04
1.034602007821665542e-03
5.747672574312825706e-04
9.605664937739638197e-04
3.277226722705344625e-03
5.817081649280978796e-04
6.879627930090881621e-04
7.332821160959401841e-04
1.603619331083793766e-03
5.961392369723820172e-04
9.972318219204732038e-04
5.654592752572354429e-04
6.306529855038006281e-04
8.757472993483814399e-04
7.323624308134793655e-04
8.848455110238171101e-04
6.583986770894034593e-04
5.942265925768233301e-04
7.138721262297534819e-04
4.880558448407002620e-04
1.209382812215316219e-03
6.865473339745365279e-04
5.889588401700293543e-04
6.904819553043919662e-04
1.185294755323720818e-03
5.383512889646157110e-03
7.426970643014273090e-04
4.895168717219239816e-04
6.718095985006541926e-04
5.675111883536594192e-04
5.971107552610501867e-04
6.683311276327533060e-04
6.178186731555267760e-04
9.241240765083778841e-04
7.797012113021227660e-04
9.549111542091129464e-04
1.228206213084905105e-03
5.971107552610501867e-04
1.815200698403397718e-03
3.220263528530004169e-03
1.678066229888666890e-03
6.302050475245788916e-04
1.546553056254444019e-03
2.263385466075735434e-03
5.538682936922171424e-04
1.721260384015508909e-03
5.254089063828541826e-04
5.191920551156708422e-04
6.471443100329685866e-04
5.886379331071145068e-04
7.878147686919329852e-04
8.846320381247492308e-04
1.436728433341244362e-03
1.338829578419480212e-03
5.635626868556372357e-04
8.255750713493369706e-04
8.513263619072445297e-04
1.916732928170969755e-03
5.478822003825948184e-04
1.215947317596641685e-03
7.266269522615384675e-04
7.783035520061665170e-04
9.242451897364271701e-04
5.280731334263885331e-04
5.993241235821551802e-04
9.179391705594117492e-04
5.540460129225341238e-04
1.146502285525237332e-03
6.519782566377019728e-04
7.870171451934154403e-04
7.420674358840857786e-04
5.359814147498547302e-04
7.449044900818761316e-04
7.862009986026786577e-04
7.238024345217371203e-04
4.593749155136276057e-04
1.092861353628515669e-03
5.304819078203602996e-04
5.862912753008296196e-04
8.205252538012123686e-04
6.971166202399962019e-04
1.090987758322681418e-03
6.422051837763643198e-04
7.169805366855921090e-04
8.043759725085167190e-04
1.976706727674949326e-03
4.828956244642960863e-04
1.270027349312841851e-03
7.786906463640266059e-04
2.906010506119255116e-03
1.051774218570864427e-03
5.769831860107826112e-04
6.149943559925524945e-04
1.134678149096956861e-03
8.177469036219524919e-04
6.804492035401365308e-04
1.270282354882876089e-03
1.045180299854999708e-03
1.551715056661515275e-03
8.773011512385204408e-04
1.033424804852151307e-03
1.220681536391081444e-03
2.297672911504810168e-03
6.481765312612145814e-04
9.597193631007775718e-04
7.243550114597075177e-04
1.309555409852095412e-03
7.051871762855047715e-04
1.778063509054086076e-03
6.641890792611612531e-04
5.768048359219368022e-04
5.709289876610465411e-04
2.237961516658926696e-03
1.018768441861344362e-03
6.032750330058617291e-04
6.658893943236024373e-04
1.087577487767206995e-03
1.603619331083793766e-03
7.668658356313408538e-04
6.344843785701738447e-04
5.528507186082561465e-04
4.941780424539295429e-04
1.031312028798744580e-03
6.202408610607923131e-04
7.764937817716681878e-04
5.324431063770440663e-04
6.346392768130703970e-04
5.363616094474456990e-04
7.133173211553839582e-04
1.209328435736773668e-03
2.103250070417065926e-03
1.194670885218527493e-03
6.493224182229410078e-04
5.854954959816313122e-04
