2.035387162192171528e-01
1.399180015822809875e-01
4.497458938461795785e-02
3.353579699371780215e-02
1.814144596110078000e-01
3.419085475808056329e-02
1.924689932800014713e-01
2.072680614346374683e-01
6.008939051537417336e-02
1.384508423739989336e-01
5.662874104767715022e-02
1.553200141940163370e-01
2.023313387621933079e-01
1.135902577904884941e-01
1.622682371740496732e-01
1.193526626259971968e-01
7.237941876157005794e-02
1.708799874284364362e-01
1.033944081696357292e-01
9.959154510440371144e-02
4.801306839869265430e-02
8.862482587231428066e-02
1.772737333051379316e-01
1.052143911696265255e-01
1.612056382028771440e-01
8.791357852005426965e-02
1.767082712710930648e-01
1.781364843884087334e-01
1.662177053316108433e-01
1.334368548858498038e-01
1.541140371494935934e-01
1.514765510155896278e-01
2.827355499186200855e-02
1.208889146937062314e-01
2.516963038809930109e-02
1.765297015992460805e-01
1.689800840973856022e-01
7.438004800641448422e-02
7.105297091256482234e-02
9.217530645088214958e-02
8.273110642555733807e-02
1.683196438101126069e-01
1.168332511544310226e-01
1.536341042292687087e-01
1.930973438157947697e-01
2.034830222493061724e-01
1.851288392814479378e-01
2.085185063690262464e-01
1.305361355722299208e-02
8.378530126489439067e-02
3.144116901164020761e-02
1.669684248026425122e-01
1.221338954403270449e-01
5.652590629854587628e-02
1.579534280209377584e-01
1.156447697000902858e-01
5.761530543603370080e-02
1.080286620536663050e-01
1.754056858269598118e-01
8.992657810149609632e-02
1.913504433628606394e-01
1.597177477247000432e-01
2.004245214919519180e-01
3.268379206312620883e-02
1.579440541828086297e-01
1.364450896853257322e-01
2.810617866530564293e-02
7.207115474939725097e-02
1.892003030080506853e-01
2.074943561251596791e-01
1.289276056837228637e-02
1.855052098728011134e-01
9.912008275169002791e-02
1.769321432342765288e-01
4.952143681561096966e-02
2.640461312802314803e-02
2.042151072346752583e-01
1.791314146164278698e-01
1.155659839569428138e-01
1.544956681015955124e-01
1.401503823044758512e-01
1.063571178777060894e-01
1.295704283586065209e-01
1.057410397167717619e-01
1.980580463190194374e-01
1.654246783611592331e-01
4.532655389869576223e-02
1.371470109701141415e-01
1.787036401407215702e-01
1.479950050247813564e-01
1.366394268425517589e-01
1.290713253636552316e-01
1.762703207983546960e-01
1.718157711002055998e-01
2.059109589017739661e-01
1.990957426644427153e-01
1.309400783420674175e-01
1.242738514287134860e-01
1.868699825093602107e-01
1.071500728998198565e-01
1.604649032787171803e-01
5.613622732609992866e-02
5.965385966107237398e-02
1.606842421974566115e-01
7.550955665492034563e-02
9.383526684821839881e-02
1.614563269048948368e-01
1.348729386673607755e-01
6.846639401622528487e-02
1.676878994882736174e-01
1.965477496245219002e-01
3.646755798968542850e-02
1.510123977965030784e-01
1.491599695076032683e-01
8.578321160480921470e-02
5.649128582170236806e-02
1.016416455831868904e-01
8.744127226286019239e-02
1.191353810544302227e-01
1.749165767018217854e-01
2.878333425965686615e-02
1.582680036129792134e-01
5.801378075574614712e-02
1.929141206520561258e-01
3.006423853242017746e-02
1.901137099824822541e-01
1.531481548839628282e-01
9.494233074852251320e-02
1.662880175383819048e-01
1.473758374761983680e-01
1.780860766468090606e-01
3.037293316228278570e-02
1.466919304769084276e-01
1.158636711453222973e-01
1.107929533155696256e-01
2.303284521631036863e-02
1.298378863627650259e-01
1.574894781849875969e-01
1.525046772991345279e-01
1.748999547876725069e-01
6.712464300343944090e-02
9.300158137877050091e-02
1.740485603834658335e-01
3.101966415438611041e-02
1.764982417968826225e-02
4.491344441213533656e-02
1.954230925717206635e-01
8.968799056039289397e-02
1.632469594807527402e-01
2.291198238906249837e-02
1.746893134923445945e-01
1.636167781574010549e-01
1.936156236566427824e-01
1.137490432167930637e-01
1.800781813108846552e-01
1.035998744372054053e-01
1.768022801058162230e-01
1.502948121809895010e-01
1.794961408172736916e-01
1.899485148891709718e-01
5.909479024052932683e-02
1.044172785102682049e-01
1.929213915070492336e-01
1.037639662180992045e-01
2.136988048379578203e-02
1.383068441533201465e-01
1.344409414367339073e-01
6.545555608526330837e-02
1.480294818819325176e-01
6.188838730023675516e-02
1.868594176392917583e-01
1.811493245359928617e-01
1.653837137230955712e-01
1.678292940654189658e-01
1.069585236545861212e-01
1.128276784697239687e-01
1.776561955873054155e-01
1.639784241311668112e-01
1.416253402139661943e-01
1.850884024350608614e-01
9.208750334680515515e-02
7.497757041539164502e-02
1.683720096214335327e-01
1.503220179930160327e-01
2.070003668201031710e-01
1.711720649958120566e-01
5.963964608668059775e-02
1.056422947394243805e-01
2.081864627387852718e-01
1.993026703306670921e-01
2.221130530603119407e-02
5.939616673716668210e-02
1.849036141005440115e-01
9.702471331193772419e-02
1.928809502212569804e-01
8.890605602282700137e-02
4.007235908473882197e-02
1.456188619325934352e-01
1.550035331305585351e-01
7.307926381908652624e-02
5.247152896746034439e-02
1.462882589130672095e-01
1.661119916094485893e-01
4.686003494380470979e-02
1.840474147601917632e-01
7.718587234084174631e-02
1.799096481201113706e-01
6.623519882184361607e-02
8.356126269892104330e-02
1.594789460086688537e-01
6.340411162004623569e-02
1.030300378815932894e-01
9.856600632666749628e-02
9.264398543004931375e-02
1.331366769303719000e-01
1.462134757579869881e-01
1.394006092541846820e-01
1.981046271019208382e-01
1.099017860989445206e-01
1.196245921588689337e-01
1.468448555485987461e-01
7.904455158440669427e-02
1.561273502401391844e-01
6.469175289925527261e-02
1.568328037603504699e-01
1.815938512560512919e-01
2.022672981557016303e-01
2.072058444646499020e-01
3.673170324140649645e-02
1.002843117079235125e-01
1.692069112709876089e-01
6.355869217017648398e-02
1.628790963317123530e-01
1.916522517590162067e-01
2.725626662306149250e-02
1.853610698648224808e-01
1.189667338984890660e-01
4.174429697612340451e-02
1.500412686710322352e-01
8.438740103018860239e-02
1.524982919851419205e-01
2.053507442266371275e-01
1.209684381258761682e-01
7.138714604757025184e-02
9.660408959375810234e-02
1.286933740535098902e-01
1.114589453228518323e-01
4.917792853915632645e-02
1.283389917801489866e-01
6.323221501220736840e-02
9.348431460801723270e-02
1.074067016922818918e-01
1.469306618214140658e-01
6.132987579698575414e-02
7.918793990756714529e-02
1.976458711691066461e-01
2.027424013424925509e-01
1.504135440198049178e-01
1.319583904437825472e-01
1.819639580284402869e-01
9.208750334680515515e-02
1.082740444065979912e-01
1.860881022863487555e-01
1.590946893949257701e-01
1.225109592979053974e-01
9.409295521304229803e-02
1.690985450469237872e-01
1.082846161809781910e-01
9.075341225990833649e-02
1.520356016045568692e-01
9.467811905414973139e-02
1.904740586680141873e-02
1.240427013466468692e-01
1.919836392915428847e-01
1.345695682522262127e-01
1.526638125998637519e-01
1.337022966993463846e-01
1.172147510030462914e-01
1.387954284296880059e-01
1.405764821089637295e-01
1.417499699559655879e-01
1.272044460365004126e-01
8.539235575543337176e-02
1.645354120164405354e-01
1.093458498945597684e-01
1.650275897420966087e-01
7.966715075110199218e-02
1.487591059880931654e-01
1.607384993196916967e-01
1.943945774278911798e-01
1.195660006214276441e-02
5.233312383297721720e-02
1.968482807757621356e-01
8.951948553492578009e-02
8.316320308750693724e-02
8.320564639437028065e-02
9.425517934089711058e-02
1.438566142316903274e-01
1.862895585747147975e-01
1.623943648637052317e-01
1.798233237534338502e-01
1.865541130992330876e-01
8.671007547278079819e-02
6.630548579127759634e-02
9.069663925986885811e-02
7.110652544659436247e-02
1.786516377977366288e-01
1.736571209744744437e-01
1.322236627733858194e-01
9.293357716060153539e-02
1.786516377977366288e-01
4.439243815329701331e-02
1.335648945088235284e-01
8.414338153043653123e-02
1.361839134277851304e-01
1.470859318548752570e-01
1.651414599080418266e-01
1.926591920099026134e-01
1.285202610190764871e-01
1.941074145917030813e-02
1.189582628307451762e-01
1.821456440618172135e-01
5.815556216086059660e-02
1.886259913629120266e-01
1.985139592862591174e-01
2.503860302506790911e-02
1.337022966993463846e-01
8.414338153043653123e-02
1.718157711002055998e-01
1.588969736698041257e-01
1.833212207592326837e-01
1.809780408356952697e-01
1.509519345432771831e-01
1.014740921134903578e-01
1.991664112397237840e-01
1.833746121959971831e-01
8.567702299097593177e-02
6.481988239063118939e-02
2.000969340075758607e-01
7.114722732920278347e-02
1.806228798048656048e-01
1.875916795864253361e-01
1.363822999185317908e-01
1.686409785949180562e-01
1.734987225142111400e-01
1.871764350279540301e-01
1.287755552471104292e-01
9.683342189860474902e-02
1.335648945088235284e-01
9.038860962061792681e-02
2.010995055275610621e-01
8.862665008761404228e-02
2.030855328594810272e-01
4.424183365125188006e-02
1.136128482315035132e-01
4.759439957467381105e-02
1.987971638030242294e-01
1.914357892091979041e-01
5.866987732292651414e-02
1.679732824429047422e-01
1.713642395614987657e-01
1.965379397006241091e-01
4.076342029442114878e-02
2.030248309584712640e-01
7.021642762590814268e-02
4.510447899006091166e-02
2.778484312994922503e-02
1.694632245613143517e-01
1.172189470044626286e-01
9.143634275050729898e-02
1.518650034754558953e-01
1.923672270754874236e-01
9.202887198662826340e-02
1.480726381346519072e-01
1.670758579239863817e-01
1.081468049459013980e-01
1.794075225023803941e-02
1.865522098984766231e-01
1.743098382255703904e-01
1.848459843877782449e-02
6.820796128462591756e-02
7.138300593949405137e-02
3.023874795534328697e-02
1.398931744724106752e-01
1.922239085803255643e-01
1.181232249524860473e-01
1.877307790620333927e-01
1.697665105825366394e-01
2.302380298690410304e-02
1.550126114537799804e-01
1.043290295184412936e-01
4.767393638125595051e-02
7.612226666552059096e-02
1.958259397087231957e-01
5.437015903750153090e-02
1.296668998792804006e-01
9.918395046932849957e-02
1.398090228071986463e-01
1.901137099824822541e-01
1.522311107938389974e-01
1.628400238191068938e-01
8.062390267666376398e-02
9.416648099179736331e-02
1.275269627461401156e-01
8.068415747106226499e-02
6.573321528284468973e-02
8.149819276562650372e-02
1.585020459893450306e-01
1.346662131721226008e-01
1.866029125581319392e-01
1.585607960187820631e-01
5.815556216086059660e-02
4.175437697796874348e-02
1.067830344334407822e-01
1.363848975979636557e-01
1.647780773078121319e-01
8.212828072465565288e-02
9.115914555097993921e-02
1.215936756206118241e-01
7.549261433998258330e-02
1.084139793354903236e-01
2.044050901194645331e-01
1.855979168486428244e-01
9.655864667165685311e-02
1.766701056595355313e-01
5.971147094181546849e-02
2.013517271051773749e-01
1.561718626383025443e-01
1.016520348754303416e-01
1.992257696596383409e-01
6.712464300343944090e-02
1.843584028429008370e-01
8.330756496220653728e-02
2.868469686279045625e-02
6.426420619313073790e-02
1.357221922291791949e-01
1.866134775816063185e-01
1.652060174167088724e-01
7.398819996085843897e-02
4.214926202882220835e-02
1.883633169110811856e-01
9.221033740891627917e-02
1.699808383462565742e-01
7.051477600812620927e-02
6.397379247776519007e-02
2.703952196447170081e-02
5.212758922810122042e-02
6.087801383170425573e-02
1.833522567173692663e-01
9.660408959375810234e-02
1.944184983049071225e-01
7.756497498703671112e-02
1.724377945937495549e-01
1.840529618586465022e-01
1.072223376953010399e-01
1.433258909206800435e-01
1.151923486549632225e-01
6.180849146911795988e-02
8.238306867455968963e-02
1.003430410797282318e-01
8.942091837169445501e-02
9.941871431139229220e-02
1.231429073561752380e-01
1.360740629536618118e-01
1.769533669130225473e-01
1.738122319078717892e-01
2.040815096898355718e-01
1.791755867134980917e-01
8.343953322600330957e-02
2.003064534732562629e-01
1.151249600406153428e-01
1.293382877453147506e-01
1.382471738062260036e-01
1.517660363084910070e-02
8.369042534826451329e-02
5.619106406380160179e-02
9.777586604566350370e-02
4.550535156372882695e-02
1.389315800169548809e-01
9.163897305520581071e-02
1.493817453788076066e-01
4.754855228493943403e-02
8.716322901435252790e-02
1.325389763614877037e-01
7.646865324597067193e-02
1.530994615394795366e-01
1.334588374770396824e-01
1.227033190768408444e-01
1.594285245625573777e-01
6.104864111008724559e-02
8.124164921850045296e-02
2.069323723160680917e-01
1.572804088187205185e-01
4.364862089311809940e-02
7.286027772857670004e-02
1.789904791136706641e-01
4.191660998619611833e-02
1.268492046378813243e-01
1.883762468378034072e-01
6.643742031555166516e-02
1.423752964123627951e-01
1.240287583733311050e-01
5.317821703682458490e-02
1.618695993801537725e-01
1.972371964731655936e-01
4.700077490249743306e-02
1.448219730148698203e-01
8.099002062340296404e-02
1.482607387150333134e-01
7.586797670875075617e-02
9.300158137877050091e-02
2.071474760954020167e-01
1.194057439396880270e-02
1.202822280400672877e-01
2.059109589017739661e-01
1.093072844479150013e-01
8.418762179033109638e-02
1.348729386673607755e-01
1.394805790834892645e-01
9.630218551275591954e-02
6.492780345217576132e-02
4.502311464277545389e-02
1.731435941667150424e-01
1.596748766864219404e-01
1.680890316723573918e-01
8.716322901435252790e-02
1.985257841409128476e-02
1.561688832029473339e-01
1.255480468994452647e-01
1.590596761683822913e-01
4.062563712183042686e-02
5.841034350256274488e-02
1.277558757699540914e-01
7.815281832922421623e-02
1.976458711691066461e-01
3.093564364758412399e-02
1.316994144234961417e-01
6.665071427163905826e-02
1.697781465812457646e-01
1.567049687629272492e-01
1.103494939465422264e-01
1.096172843666070457e-01
1.479422066882934705e-01
1.184488219044196045e-01
3.353579699371780215e-02
2.073344117764825412e-01
1.448683005108904465e-01
1.104739695434256569e-01
5.089886847353060351e-02
4.003271477828438535e-02
4.857837959188888305e-02
1.624466782155911324e-02
9.676990471284843687e-02
4.430533324609840090e-02
2.058981967067698704e-01
8.145610838919552232e-02
1.080286620536663050e-01
2.056322257377994345e-01
1.612612343130244152e-01
7.549398221764914985e-02
8.926383585038455415e-02
2.059109589017739661e-01
2.003408903596382573e-01
6.705679942952025296e-02
1.639401056251328648e-01
1.217731350371700355e-01
1.825512531308801090e-01
1.800614414174941114e-01
1.897800568513523523e-01
1.725199720624224220e-01
2.016068291121273504e-01
8.712326392431349320e-02
1.985691071362928051e-01
1.324119646839541364e-01
1.983665877880584349e-01
1.764303953381946288e-01
8.966207143516420619e-02
1.803231281644127049e-01
1.679602939435760334e-01
6.493881256704243932e-02
3.353105644007411956e-02
1.720641833844365198e-01
1.707691133847300258e-01
5.810588049788581455e-02
4.586271268977225313e-02
1.576243557741154322e-01
1.345326965485823534e-01
1.266188854976298822e-02
1.553856874836791468e-01
4.219048146124788901e-02
1.258662155037050534e-01
1.332478476522733213e-01
1.965379397006241091e-01
1.551158824726224517e-01
1.301868810112322417e-01
1.249713505898830956e-01
1.473132729327522594e-01
4.879048598525893149e-02
3.398799677427840477e-02
6.868074125201499569e-02
1.103494939465422264e-01
1.111913999319039947e-01
1.121286221044464487e-01
1.434019492927010031e-01
3.156093954405594926e-02
2.070003668201031710e-01
4.355073738684545753e-02
1.395898533192397595e-01
1.834370623846952320e-01
1.150408777055390713e-01
3.621495156232736740e-02
3.178054718111778670e-02
2.032702198082339540e-01
4.765597844756937207e-02
1.870623135174256102e-01
9.596500633894890220e-02
1.110266881185143113e-02
1.504480540863364357e-01
1.593583896716984916e-01
7.960932973256906742e-02
9.261943527834685941e-02
1.683196438101126069e-01
1.129354428621295314e-01
1.181146100367942292e-01
7.030545368933753536e-02
1.701586394209593511e-01
8.220719651443043896e-02
1.363042059798378614e-01
1.815901181984753698e-01
1.232853218953746388e-01
1.460018552683169935e-01
1.722639645073635872e-01
1.342159843689298415e-01
2.007584191296548914e-01
1.573191646033275104e-01
9.818601954311831359e-02
1.443710997694839238e-01
7.605538040916443032e-02
5.545327859576211493e-02
1.016456904947555390e-01
8.186759478041051238e-03
1.895487819001643037e-01
6.482847880066287816e-02
1.476286224076816811e-01
1.714353601077818756e-01
1.697665105825366394e-01
1.550418896864417806e-01
1.596046866533514796e-01
9.209664564065138392e-02
1.675040573747385297e-01
4.269148629570938130e-02
1.885445494295490132e-01
7.535250232847488794e-02
1.186874822458030970e-01
1.926333334089041505e-01
1.082740444065979912e-01
1.013990671632477164e-01
1.733354087390386322e-01
1.794924705580036306e-01
2.046576168707580357e-01
3.178054718111778670e-02
9.893761848620090393e-02
1.476013773768767023e-01
1.259964504668751040e-01
4.694454053896957024e-02
2.022748028265975231e-02
1.983596386352633190e-01
1.501009780142816552e-01
1.709530623806614080e-01
1.846073051164812406e-01
1.917439309049779883e-01
1.085713762241362901e-01
9.291785704824415126e-02
4.026858129791346941e-02
1.569298149463604353e-01
6.634128518181701961e-02
4.618251390931505523e-02
9.279051598123108646e-02
1.265300401892121840e-01
4.507814080762827941e-02
1.135708709498162439e-01
2.013329124476891940e-01
2.071505481741702515e-01
1.670758579239863817e-01
6.274977955897681481e-02
1.786516377977366288e-01
9.618837355089374097e-02
1.375840153506199537e-01
1.123456742660198932e-01
1.987989797403877656e-01
1.469371747782214355e-01
1.651228554635262302e-01
1.391906527129837812e-01
6.217477203750088055e-02
6.296110162418964984e-02
3.833968283808504574e-02
1.865522098984766231e-01
1.182628548066091412e-01
1.573771529330802166e-01
1.764167820678131104e-01
1.976407447865828892e-01
1.786223824209371702e-01
8.954021290335487104e-02
1.209959682424655569e-01
1.379502966611025061e-01
1.981862462470045938e-01
2.029089318902347616e-01
8.699336209917632456e-02
1.031716796224527721e-01
8.067784278033181267e-02
6.220998374080675963e-02
1.399889942774150686e-01
3.796520303899925813e-02
1.979710752300133658e-01
1.508050050547159460e-01
1.851371443976954634e-01
9.769566975157320532e-02
1.345620116658504395e-01
3.615193783541575251e-02
1.745030033088196542e-01
1.121556495906675943e-01
1.216540258728641410e-01
1.691770464045589395e-01
6.975878841978855327e-02
1.783042838773842009e-01
1.433846388795132765e-01
7.664939325073642784e-02
1.485893459958524121e-01
3.754584108970957651e-02
1.766248722266282878e-01
1.470904328569139496e-01
1.121556495906675943e-01
1.702876173570413709e-01
3.651167043550784114e-02
1.958259397087231957e-01
1.407896629073974171e-01
5.865213153697704934e-03
7.462481881229775238e-02
1.015160849569311380e-01
2.008622328690601033e-01
5.317821703682458490e-02
3.234535803416613980e-02
1.855014324097793432e-01
1.034294133806405169e-01
8.220719651443043896e-02
1.275979284873366149e-01
1.853610698648224808e-01
6.284472705613527999e-02
1.865076523059358282e-01
6.667977461218066448e-02
7.206775380758474736e-02
1.228506084109037416e-01
1.587381733286124252e-01
1.684464517309598175e-01
6.012425221135191122e-02
6.852494262959420157e-02
1.873064396980025637e-01
1.902250848884880496e-01
1.442117935718553179e-01
2.844093032926525363e-02
6.263642453326674631e-02
2.033695891938073208e-01
7.692370078076835038e-02
1.586220144372814389e-01
6.825391695062728303e-02
2.078856572936704505e-01
7.855044572564445771e-02
1.035772601411742710e-01
1.435314787037785256e-01
1.851087101648332955e-01
6.820796128462591756e-02
7.190532889147242812e-02
1.681173005448654556e-01
1.832422214068664679e-01
5.195386735009647344e-02
1.993869386138781563e-01
1.469878618890994304e-01
1.525768528350200381e-01
1.442807198466304341e-01
1.659476850324089203e-01
6.917219626533227528e-02
6.506583643456875787e-02
8.316320308750693724e-02
1.663748468481587861e-01
9.591491854941489037e-02
1.846862784720335049e-01
1.285129959432786684e-01
1.882350794794999393e-01
1.703256186217518009e-02
1.154147608427884275e-01
2.029589623453809111e-01
1.671374814527621933e-01
7.620058346646624292e-02
1.789470764498972966e-01
1.522649597593592197e-01
4.954326799104265266e-02
1.898373111529602641e-02
1.708060597944052739e-01
2.044559381733488668e-01
1.823895704312407939e-01
1.459133937096881162e-01
1.679095018060333955e-01
1.641892617233361440e-01
1.614104230146836683e-01
1.024836095566232230e-01
2.653997669516014457e-02
1.836248125527683572e-01
6.843262816632354750e-02
1.764122084372991006e-01
1.889083485674033225e-01
7.526839748169972255e-02
1.015753506036795456e-01
3.416748878398208344e-02
1.157902125820344796e-01
5.079759976067518834e-02
1.912985150714137106e-01
3.006423853242017746e-02
1.674897912201672168e-01
1.325456240375632033e-01
7.211173726628766767e-02
4.943177782057631142e-02
1.386055640112010268e-01
1.449358688869848699e-01
1.055997041823425187e-01
1.596099367408913561e-01
8.989511093830129806e-02
7.689877075902262771e-02
1.721352494555866419e-01
1.162651060480066334e-01
8.246682431076222952e-02
9.092769259540145477e-02
9.579736290590150360e-02
1.190628228379466136e-01
1.457731511026562621e-01
2.062826926719060483e-01
1.322753667187880622e-01
1.358471828234698309e-01
1.683176175615014591e-01
2.081864627387852718e-01
1.239584373451139560e-01
1.738311347550276775e-01
4.938499441596339717e-02
1.569657360506608312e-01
5.231305409217916480e-02
2.743753204621044925e-02
1.868699825093602107e-01
1.155323995535064846e-01
1.257598561813758897e-01
7.321327908733923917e-02
1.958363309420594611e-01
1.162893543494845500e-01
9.085508892552249249e-02
9.283173049409734756e-02
1.912459215119374223e-01
8.644213295485152215e-02
7.366643233187089579e-02
9.404190007067118884e-02
1.916040399490885060e-01
1.886726607542655865e-01
1.469416011172727521e-01
1.075809934986197147e-01
5.983052522215646235e-02
4.623950279222496101e-02
1.612041124023401439e-01
1.665622699807976503e-01
1.855979168486428244e-01
1.491774547945197982e-01
7.979603400813080338e-02
3.978305384182644067e-02
1.467561962197324599e-01
1.623408699932364918e-01
2.066326102168249412e-01
7.086870271591973192e-02
8.344735108619696917e-02
1.965990452190209126e-01
5.127240437287035324e-02
9.929961983174898088e-02
8.951847328961419492e-02
2.144502933076676901e-02
1.474212734008238102e-01
1.624921848651846024e-01
8.476892870192950791e-02
4.417454660047744064e-02
1.915857906353127804e-01
7.930506687237205699e-02
1.083189890660753579e-01
1.917153772692624936e-01
1.296224413282464349e-01
8.384738060711818819e-02
1.887116188931376726e-01
1.745786305425274521e-01
8.893888853174468367e-02
9.832473131341955275e-02
4.076342029442114878e-02
1.999464743922378107e-01
4.951655613403429385e-02
5.932325958858122861e-02
8.471999254883524899e-02
6.284472705613527999e-02
1.664575185875152297e-01
2.030376365236372105e-01
1.876857160973397498e-01
1.592864290756774437e-01
3.625319581414890996e-02
6.602681336527456424e-02
1.844333202420730677e-01
1.360819134032221489e-01
1.493359711251364685e-01
5.991830629754534704e-02
1.337437805819288034e-02
6.112447888255588546e-02
1.817582342977129561e-01
1.531205272034844023e-01
1.287692133951269802e-01
1.182419866640985195e-02
1.324774779171520867e-01
7.194201678435330205e-02
7.296185337444788255e-02
1.163906865493439247e-01
1.519349477606687093e-01
1.947922067487814213e-01
1.695331487635497458e-01
2.011724957631006241e-02
1.611117886749975359e-01
1.187812977198657166e-01
1.363677086768078361e-01
8.330756496220653728e-02
1.797048742386616882e-01
1.536341042292687087e-01
1.207155268821031580e-01
1.240427013466468692e-01
1.822557192756387723e-01
1.065350128555767190e-01
1.477098338473560868e-01
6.990765967593390307e-02
1.941721760593413115e-01
1.917883443868821924e-01
1.304927705062061405e-01
5.486451875472023176e-02
1.350778199345458452e-01
1.137049312682232860e-01
1.554959487940680840e-01
7.229856575130901020e-02
1.027428683414591398e-01
1.562751845987388200e-01
1.169770271705169867e-01
2.779607109341968724e-02
7.498541457430446533e-02
1.046011498210681068e-01
1.259809177587523921e-01
9.807500521731069010e-02
8.377094656831865493e-02
8.729721755412006567e-02
3.624086583143719398e-02
8.534547792868320271e-02
3.097629800944179737e-02
9.803009263640664883e-02
1.799380837213662987e-01
5.781856511995711601e-02
1.021920311891138383e-02
1.241400891317409605e-01
1.567335769468741757e-01
1.628400238191068938e-01
9.366754962734806511e-02
1.769321432342765288e-01
1.352512357466245929e-01
1.803684214754880111e-01
1.935288978159069861e-01
1.848089140053577883e-01
7.743684447224732925e-02
1.755028621342540618e-01
1.955183037334423946e-01
5.419050471126105745e-02
1.516014955876833215e-01
1.592864290756774437e-01
1.970674822695793471e-02
1.281833464978140158e-01
7.783543362493941520e-02
1.083440446121078649e-01
1.379321951451432660e-01
2.046007294158350143e-01
1.362286343157895763e-01
1.982925788262479561e-01
4.081352795258801763e-02
1.684086277667377896e-01
1.825512531308801090e-01
9.553203661314313422e-02
1.925127278097701344e-01
9.404190007067118884e-02
1.331763567971016027e-01
7.023893674199462034e-02
8.965550539415809150e-02
1.375947597624550267e-01
8.544558841383095849e-02
1.037158647459756611e-01
3.471351882978792464e-02
1.401864113581235416e-01
1.999035680174083285e-01
1.552226005139836773e-01
6.536799112195434969e-02
