4.372993717194318623e-04
1.256757642026926254e-03
1.777633951670321358e-03
6.966204432079649116e-04
9.377436884210844578e-04
7.498424094222515485e-04
6.716384848501527659e-04
5.840556903318119960e-04
7.476633594635076529e-04
6.209643561514212881e-04
9.224148210786416906e-04
3.283767932383847583e-03
1.314566754698729377e-03
7.108463684985210891e-04
9.070192748565481227e-04
6.060523444948562972e-04
1.668791224022718326e-03
5.378786258538320727e-04
5.067101805586056700e-04
7.183464336912979585e-04
6.700769649766472264e-04
6.445250904970527359e-04
7.459642510898864065e-04
9.686827091073502106e-04
2.244647589530709628e-03
6.188183361254273335e-04
5.299361948870409157e-04
8.708030930189490605e-04
9.582538280226963632e-04
4.126129810662261142e-04
5.839007912215602109e-04
5.416872038149389990e-04
1.591591700557160949e-03
5.541607853673217879e-04
6.864168720765953134e-04
9.650249169887979185e-04
8.597984961321335825e-04
1.478465142196070444e-03
7.475006310895168085e-04
9.881816034221504400e-04
5.113176703016899778e-04
2.760361598799005410e-03
1.623722614924601876e-03
7.293991617353590877e-04
1.980125290462438938e-03
9.606391751064424778e-04
5.161759164612072810e-04
5.083382784232774862e-04
8.965714984440772235e-04
6.540168620331455974e-04
1.079346108314011314e-03
1.039457663209982083e-03
3.633574915150725908e-04
1.197864000399077996e-03
1.109512643626174924e-03
1.682871113579244597e-03
8.638478873869872947e-04
8.616143086406365071e-04
1.954456986021573667e-03
8.730687317717069880e-04
5.708533095519809086e-04
1.210687835652197617e-03
6.015726942692293253e-04
7.203641942851357529e-04
1.230991026320452618e-03
7.343862706705952701e-04
8.666068565534176208e-04
6.548102287731388067e-04
6.191076722221203416e-04
5.947662554814180753e-04
8.893908227050279034e-04
1.361419316651668208e-03
1.060425852098142952e-03
1.180775237779078555e-03
1.250526486889949000e-03
7.096775959219768330e-04
8.968815307489641812e-04
1.220178324233911569e-03
1.081636828519610526e-03
7.480964942931749278e-04
1.384506665572891046e-03
9.108859697054058754e-04
8.668689544639838910e-04
6.098460139725667443e-04
8.559373466694507153e-04
1.257660441336049808e-03
4.087201391746683754e-04
9.900034736062387954e-04
5.318601820665531249e-04
1.142073896441048089e-03
9.723502704889837225e-04
7.013488794240545958e-04
9.292731886630448135e-04
1.584060930747703501e-03
5.833759901964382082e-04
9.769102202492933006e-04
7.282978637961908626e-04
1.427646289067654008e-03
1.376603045465606004e-03
1.385006217091096876e-03
8.404685163745621726e-04
8.255746533045443944e-04
4.233479599050153619e-04
4.518958249487944521e-04
1.009095787153640664e-03
6.466157589059279157e-04
6.734431319774613180e-04
6.839330750971582681e-04
7.108761187723780430e-04
1.110917477905634231e-03
6.030304762785212384e-04
1.215428735583760954e-03
5.273000296222994827e-04
1.150094266540031742e-03
1.028591952164674937e-03
4.559931695237960116e-04
5.855332941332522766e-03
4.650004862613647512e-04
4.673835375684029666e-04
1.705122918723884617e-03
8.903772085614111188e-04
1.438159575352041886e-03
7.029662765777948104e-04
5.307531582595355953e-04
1.059457857119924058e-03
1.167426276657286110e-03
1.422273662667444078e-03
7.806375016331296070e-04
6.766702153605051295e-04
5.587007801110323866e-04
5.600281865314345707e-04
4.410291992673948569e-04
1.141832102510451042e-03
1.057093064378010136e-03
6.570521171827542603e-04
8.384726830390231735e-04
6.266732188170856619e-04
6.778149480440567778e-04
7.673389532751970655e-04
1.000968352026146077e-02
4.504026978814517127e-04
6.461478305046663593e-04
6.887411414899268555e-04
5.710223398661765657e-04
5.707560447242646107e-04
5.993722152909132777e-04
7.122131645366846847e-04
6.124731854427572760e-04
1.236002281696395094e-03
8.825912370883061886e-04
1.698715417908378640e-03
6.393828780815699912e-04
1.156850286610858810e-03
9.381219480160851070e-04
2.218273603276916476e-03
7.234806810441560525e-04
2.263755190292007086e-03
9.392780272415808323e-04
1.832843414850281313e-03
1.459086787777666080e-03
2.763307553683206925e-03
9.654231405742023193e-04
1.148910077411988227e-03
3.505811574816677717e-04
7.059492198662265568e-04
3.888500839488478653e-04
7.206588142431458871e-04
4.676171198783199770e-04
4.291011007149477040e-04
4.752630967113534639e-04
7.906689673743724604e-04
1.018240600259815278e-03
9.309884557600451530e-04
7.970742972187336121e-04
7.688053874764096910e-04
1.047597871221471423e-03
5.059434681429615882e-04
1.600858685612073116e-03
5.735857299764720012e-04
1.419733950885616837e-03
5.608527056418408877e-04
1.575735745624525863e-03
7.126945169305438791e-04
2.769804632287663042e-03
3.795740101406808653e-04
4.327951217688765363e-04
8.984946709459623159e-04
7.209583145579729355e-04
9.914287870184377606e-04
8.465749050922087571e-04
5.345003680881792217e-04
8.871687413942698974e-04
5.844263787277492262e-04
1.622562674462793911e-03
1.293110342681919175e-03
1.156695430995645108e-03
3.425977167004461664e-03
5.869311548456603370e-04
8.543521969750520004e-04
5.957962875184732218e-04
8.434694244667275114e-04
1.234711989644870275e-03
7.883641920040452070e-04
7.492789193753277444e-04
9.672335063943800562e-04
3.086615177355036925e-03
5.939654056032118339e-04
5.818059381415539334e-04
2.142469636402380157e-03
9.588315280001444155e-04
5.698207167420882768e-04
8.654404441093701368e-04
8.951965099319616863e-04
8.294425478652132705e-04
1.061937271312083037e-03
3.785417839905284333e-03
1.651139718421063994e-03
7.833633323813777661e-04
1.325861865449998135e-03
5.614664070497512672e-04
9.189755193792576360e-04
8.623050776646437642e-04
4.390198954257894704e-04
5.517011862159729076e-04
1.306652493231199533e-03
1.973097724303013879e-03
4.956246304222768377e-04
1.048996569900602794e-03
5.257994390865178757e-04
7.987518982911456745e-04
5.516875746208563551e-04
4.747582053142343473e-04
6.030374994777873161e-04
8.889457764995453617e-04
5.292987551280816869e-04
9.026618705317363467e-04
6.474054499133076587e-04
1.254151182387169610e-03
9.643524978887131399e-04
1.326653536561509753e-03
8.825389853885024427e-04
5.874573455901459067e-04
6.045724786005561568e-04
7.393767818458389695e-04
4.321486972588504125e-04
8.554471898528595184e-04
9.189926869898724189e-04
5.429579808090701908e-04
6.501469977077966884e-04
7.249178915053704469e-04
4.930786986107163527e-04
1.849288147806019307e-03
8.078022361401242073e-04
1.583233844569939238e-03
4.585989879795855152e-04
7.401973399298105924e-04
4.438226020916727636e-04
1.481790905827470081e-03
6.092845993428141777e-04
4.065616574769237066e-04
1.248810786010831446e-03
5.166410561345510842e-04
1.184606345524441898e-03
1.675833385581774028e-03
6.524775246496916864e-04
1.142073896441048089e-03
9.012606762536080982e-04
6.200557918744205267e-04
5.685258979290933393e-04
7.376578293194339421e-04
1.581216696379021810e-03
8.653477529827034590e-04
7.157400690382237883e-04
1.057257030242985231e-03
1.141832102510451042e-03
8.139579940449998777e-04
1.250704970197230982e-03
1.948074370350902883e-03
6.972287253262041953e-04
7.776113221901146408e-04
4.253229824037066745e-04
9.388154407385305945e-04
9.063578838302441222e-04
4.417648465442621333e-04
3.795740101406808653e-04
8.853778515438157299e-04
5.497558121004080499e-04
1.076603521530164519e-03
9.554615789216095497e-04
1.173202729219980766e-03
1.012631086731421689e-03
1.294215750144740631e-03
9.614549897414604879e-04
6.164550766249558573e-04
1.222108125595824718e-03
6.238084023357140084e-04
5.242736523183032281e-04
5.924683160006966043e-04
1.852485600328385596e-03
7.818731979363164122e-04
7.255687541672250921e-04
8.078022361401242073e-04
9.880330648706497909e-04
1.319466898098106775e-03
2.679569059091063341e-03
7.701749143021230414e-04
6.374547742681929349e-04
4.080976316159543146e-04
1.239323424714959022e-03
4.985091062493954110e-03
6.387247777548295258e-04
2.344729908546677819e-03
4.424592379034444217e-04
5.692061271808662596e-04
5.959566412284304044e-04
5.886247245279458253e-04
4.246707568779692463e-04
2.727659855365641064e-03
1.539371115443303019e-03
7.556432959922134481e-04
8.513889774465459174e-04
4.328246054133761170e-04
8.809682012785507782e-04
8.252610729247678804e-04
9.068960622407484969e-04
1.313360353557299718e-03
1.339165123462644639e-03
1.502871361871138765e-03
4.991418227489190533e-04
8.320296727172695568e-04
9.772513540821134003e-04
6.448500784895841702e-04
1.182876037959999316e-03
4.087201391746683754e-04
7.802903255328951264e-04
5.007160329338312347e-04
6.430645328481717762e-04
5.797815439105586527e-04
4.822977070437555955e-03
1.306325896004829684e-03
1.129817441163354953e-03
1.899072298493457945e-03
3.021821388694474666e-03
1.829017953847249939e-03
7.669944190172936363e-04
7.723590584080486030e-04
4.502453019917480653e-04
8.597419358398870502e-04
5.023028262248175561e-04
2.716123604956282526e-03
7.836414429583806558e-04
1.733511385662428505e-03
1.157066357483021914e-03
9.454277217067478438e-04
8.720247440956154167e-04
6.578458014460621854e-04
5.588166775532984716e-04
1.068666829299661945e-03
1.065958258283612259e-03
1.167483957660289586e-03
7.602258723563123021e-04
5.581644305801157155e-04
1.233079687095702806e-03
5.778659606598390017e-04
1.720631724308941844e-03
2.026277673162356092e-03
9.155127076393788964e-04
6.729953803308548260e-04
5.197369527170691075e-04
5.773190060707442421e-04
7.876887644274839159e-04
1.156850286610858810e-03
2.219724054502184626e-03
7.660694985672346705e-04
5.974966821257313198e-04
9.741601546891779815e-04
1.007298086665818623e-03
8.458417894256004725e-04
4.740766684857566373e-04
4.269430686792574799e-04
5.629177766373598011e-04
1.172857564384702624e-03
1.067440436472034959e-03
7.405255804872962677e-04
7.160117933000701785e-04
5.383868167679845907e-04
8.221683334865734997e-04
5.958228276151183393e-04
8.623563953397188559e-04
1.273332203604343087e-03
7.258588449294434836e-04
9.381630098879927644e-04
5.000120431553161087e-04
4.488878895766786233e-04
5.860113542145328107e-04
9.912265353744294672e-04
1.110266203741834979e-03
5.466874944816651604e-04
9.675752830190678493e-04
1.390858770778014356e-03
8.231143494073469213e-04
9.989395002091448414e-04
1.921541796831182335e-03
1.068193550403034615e-03
5.810701906691281013e-04
6.484149520001918294e-04
1.062109019657194592e-03
5.860500596541436732e-04
1.000870061996887717e-03
4.662110332057034989e-04
5.564528601098550067e-04
9.803927388479737569e-04
8.248108567266365047e-04
6.580955849513262347e-04
5.874573455901459067e-04
5.700229133030032102e-04
5.864038146573597897e-04
7.822493471915338212e-04
1.705767577739307960e-03
6.247618822839822459e-04
7.284850621822701452e-04
6.955052044724887618e-04
3.318500145675765123e-03
6.800865391927168359e-04
8.086513936970096380e-04
5.823897758371178544e-04
7.285763950949906715e-04
4.122988398794334318e-04
5.139341233511425218e-04
1.056930103908863480e-03
3.283767932383847583e-03
1.011915107961542867e-03
7.407915549763591147e-04
5.488655970113866679e-04
4.108112468518131544e-04
2.481209227097928415e-03
6.822403828592144654e-04
4.957199494810156631e-04
6.863010376031701987e-04
5.730832978129692199e-04
4.328246054133761170e-04
1.216678479281432150e-03
2.218852265588141647e-03
1.389916260472687411e-03
3.272498309659855470e-03
4.339556349570959908e-04
1.095109629085625749e-03
1.202051872297946102e-03
2.671974727889779404e-03
5.762359762942682222e-04
5.076452539918866955e-04
5.897700371909242630e-04
6.251613406650230464e-04
6.498747434689005308e-04
6.646412443115884243e-04
6.513147025321434132e-04
8.452270247987889347e-04
7.597319180120510685e-04
7.018843654013820618e-04
1.000308054188904549e-03
9.353175914996492450e-04
8.795153270131811666e-04
4.585989879795855152e-04
1.462432702396424065e-03
1.091898108833618550e-03
1.233912330464868781e-03
2.671974727889779404e-03
4.450559618958423017e-04
4.667314015908578047e-04
4.399492945730498978e-04
1.466101097150000537e-03
5.322188083212666841e-04
8.644910054261374047e-04
5.447720294323692017e-04
6.242756664216103689e-04
5.898210461227250271e-04
6.045555269499268370e-04
4.640705493904826937e-03
7.885844796804206526e-04
6.758544087120112133e-04
8.502961292642911709e-04
6.935964951189498452e-04
8.047861501945584393e-04
6.388271411879211780e-04
7.300214817933616852e-04
4.690384077664679074e-04
4.995159964848981411e-04
6.576901982936223532e-04
6.822612020539961259e-04
1.135102255667471164e-03
2.314902622729851818e-03
7.876836316465676922e-04
5.296657428800545823e-04
9.131918189117358862e-04
1.322721137942560595e-03
4.142643231057558718e-04
4.216413389437989687e-04
1.295353256482430085e-03
5.461398584159174062e-04
6.343742104105403855e-04
1.441546964307002668e-03
9.614549897414604879e-04
5.789627682588020926e-04
6.985579777125882316e-04
8.884928610269031543e-04
6.198322223343751512e-04
8.299269257029140987e-04
6.165882645603700841e-04
1.334074668546029931e-03
9.170465134114407771e-04
4.299946917525644132e-04
4.979841726927747205e-04
1.093382855487053974e-03
7.871613051549768971e-04
6.063746464329097157e-04
8.668436099858484612e-04
6.555152996324241929e-04
6.566060206014111018e-04
8.039316305565371310e-04
6.395090703837709879e-04
5.002573458789880394e-04
3.160034779897493741e-03
4.257839234775232483e-03
7.846164772201954596e-04
1.203712751055114162e-03
5.925780536356265024e-04
1.343290806212383334e-03
1.043711163337831009e-03
1.049920435840534646e-03
5.448438251443224857e-04
5.523992298954939935e-04
7.602258723563123021e-04
5.270892627582626387e-04
9.703938007754727910e-04
5.573571623608686429e-04
5.350540734250313311e-04
5.963590775267876972e-04
1.197864000399077996e-03
1.775818759932682941e-03
1.386721744527307908e-03
6.031893458940431859e-04
5.055125874795320974e-04
2.856744096489896405e-03
7.429641132897101159e-04
7.334997160424520891e-04
6.896095935620046588e-04
6.318432086968672843e-04
9.169106729034928564e-04
4.326206281348991714e-04
1.840367101754827959e-03
9.133362797471907425e-04
2.915467881180380978e-03
5.141072786545042858e-04
1.454899544820055990e-03
9.022654174174925745e-04
6.052498938793503995e-04
9.868991441226878086e-04
1.223560531054198068e-03
1.489814269404172910e-03
5.583784144525840137e-04
5.308023636189275344e-04
1.441850783819866814e-03
3.892735403313116334e-04
6.115584141139666441e-04
5.828850583780429600e-04
1.030114826016298489e-03
6.415243139286083479e-04
6.343742104105403855e-04
9.667469372012817402e-04
6.210878020852371884e-04
8.614220304616218658e-04
4.478705418609793781e-04
1.089675556484724422e-03
6.443852714650153204e-04
1.189141089602419998e-03
7.591765673426950373e-04
7.342620805818650311e-04
6.798543962690604524e-04
5.882309875594397396e-04
1.070899569282612960e-03
1.011218280068213555e-03
4.791525024166611675e-04
8.112169435296619734e-04
6.299524090412590097e-04
5.283625113670323715e-04
4.561917894504148672e-04
8.003721185233422233e-04
6.160894774777496159e-04
7.928641023219907278e-04
7.098369481438710719e-04
1.725072792829144804e-03
6.206077867564308535e-04
6.558187760426554451e-04
1.238718310827725084e-03
6.456016681845046755e-04
6.177761007908326050e-04
6.088829758135025274e-04
1.266639752536295824e-03
7.516191938769577023e-04
1.101921303568175652e-03
5.159113302993170594e-04
1.488096744889462779e-03
4.803289967752164295e-04
9.725061499917290412e-04
6.928468418264074110e-04
5.534140121162219907e-04
1.929314476147131821e-03
6.097258563987351110e-04
4.111375690347671185e-04
2.619585110524293072e-03
5.585340540138083619e-04
5.920753021719176541e-04
6.204790460101308790e-04
9.563915356812650913e-04
7.855661394521567652e-04
7.037703115176343260e-04
8.244465033451051257e-04
5.328255672589653951e-04
5.214636155478959709e-04
1.233912330464868781e-03
7.984281884815720449e-04
7.672430977953309961e-04
6.421168047205978594e-04
9.315692523706880796e-04
7.097090605824316403e-04
6.507975467397240747e-04
5.311361093402225094e-04
7.516173748145502705e-04
6.297646006285412571e-04
8.496900558132373374e-04
1.214338875163822841e-03
7.200989475577573721e-04
1.158736164652379242e-03
6.935736514352645182e-04
5.850650500105478505e-04
9.156504909309203227e-04
1.161982556303015795e-03
3.867673827396372844e-04
5.342609968653019457e-04
3.997591393253917377e-04
9.874959220605231125e-04
6.864017195215578980e-03
6.173593482617946698e-04
1.131774604934251667e-03
9.183228341297358308e-04
1.542902961916787401e-03
5.704978353875697281e-03
1.364627345648652913e-03
6.801550847171423681e-04
5.491654276830673512e-04
1.387842135559579646e-03
6.218358957443472380e-04
3.916020355579653269e-04
7.802903255328951264e-04
7.662697818378005335e-04
5.146930467508078555e-04
7.709144646976914990e-04
1.029161741905671021e-03
5.308411900134367293e-04
6.240528598262371678e-04
1.281339486432507817e-03
1.092791789854624922e-03
4.493577104721581026e-04
9.938081345374075778e-04
1.225472730759204470e-03
1.097406167503604726e-03
6.092340750924872973e-04
5.032283772998335071e-04
1.079898741313335513e-03
8.244465033451051257e-04
9.394106680202035046e-04
6.790681133079582961e-04
8.176197499505930607e-04
8.403000181409869644e-04
7.769974209211015503e-04
6.299827809849210076e-04
1.654897828022313918e-03
1.026772741430868104e-03
7.217165059292521192e-04
3.272498309659855470e-03
1.021833743421098539e-03
4.773691258585152359e-04
2.548521613056579666e-03
1.027049064396390928e-03
1.086344097038915687e-03
5.322316356688442567e-04
8.747620773242604500e-04
9.865230791330265210e-04
5.106420534803627785e-04
1.549527797135933846e-03
5.119597574323933717e-04
8.830052373062417890e-04
3.777866428942094033e-04
3.633574915150725908e-04
7.578398482349939149e-04
7.861375956929492984e-04
7.009158333517785146e-04
6.371965021371747522e-04
7.895955984344989274e-04
5.488448273507572864e-04
8.524327971036993164e-04
9.742918313186192626e-04
2.026277673162356092e-03
5.356689132060462591e-04
6.557007624262192183e-04
5.107685605618707790e-04
7.351802968617614014e-04
5.026539939034991482e-04
9.238577388738901733e-04
5.903267990175375306e-04
6.994661635971520346e-04
1.709431433939323898e-03
7.050235718735662314e-04
4.611152890992795150e-04
1.509585857911140919e-03
5.514438873329998141e-04
1.124244429337515781e-03
4.650458806192669372e-04
8.752695465633058159e-04
1.324718154061642252e-03
6.528800553554462436e-04
3.258763156815461248e-03
9.884274116843639549e-04
1.492513681782123378e-03
7.252414477172116703e-04
1.635957144999877506e-03
6.896838470757408936e-04
1.312555322879006489e-03
6.537516358931898253e-04
5.334983995325720454e-04
6.037677002215526782e-04
7.544371210982651508e-04
5.299339838882645990e-04
2.723687365615736281e-03
1.662508112769065394e-03
1.338132826164928476e-03
1.390858770778014356e-03
9.913697951877704223e-04
4.567043556419920353e-04
4.891393910924857419e-04
7.200989475577573721e-04
1.088274125480606343e-03
1.531146993053919634e-03
6.608365698692603282e-04
1.280245949562901350e-03
6.756734887660765555e-04
1.108335325322700208e-03
9.966281679749508429e-04
1.719122229666686505e-03
5.789192720100076218e-04
4.029695258704130622e-04
4.565953155029148247e-04
5.009104607057500089e-03
8.142249363364171492e-04
1.130975371479206980e-03
9.800845928842011421e-04
8.381807919067089377e-04
4.977803802921336885e-04
7.357018059270318796e-04
6.495133053881621326e-04
1.108145357472223747e-03
1.686189920548690057e-03
5.155051179891251755e-04
7.166551602410878297e-04
5.678092649258253749e-04
7.855567970406725827e-04
4.807020388047009412e-04
6.180463041102663996e-04
5.482169797814429599e-04
9.480160309984091193e-04
2.295973551932491228e-03
7.141088525751760133e-04
5.410273120517872106e-04
7.373293523651729565e-04
9.913068051316780826e-04
5.968585655731946382e-04
7.610238255837983683e-04
4.988951475430703853e-04
6.416341101453347778e-04
8.409904733824191030e-04
1.275837216819445579e-03
6.151958842707174347e-04
4.410849647780445710e-04
1.886177378554723541e-03
1.389678734085936880e-03
1.534085059682526418e-03
9.245863218690214807e-04
5.114349157418735621e-04
2.702376871693285953e-03
4.346881942387014809e-04
5.544635436357867172e-04
8.312743793376888750e-04
1.953132134397103908e-03
5.869469460442984293e-04
5.922156671246247422e-04
4.202252267985246044e-03
1.313425319196146737e-03
7.054380746689086065e-04
8.498279761726962181e-04
8.124167584970708655e-04
7.668598129553544536e-04
5.913654217025078206e-04
9.353175914996492450e-04
5.578098477911491715e-04
1.614553688911838291e-03
1.726478052354281107e-03
1.261508665119343226e-03
4.823221774276207534e-04
7.767139070622698606e-04
7.734647381432230512e-04
4.589116701916704411e-04
6.030304762785212384e-04
1.127213912440610437e-03
9.834221396980212353e-04
1.377922699273468948e-03
5.182847325745607329e-04
5.924683160006966043e-04
1.411730309343619009e-03
6.761054586503717836e-04
9.189199330711984599e-04
1.441850783819866814e-03
9.717516247303635514e-04
1.494305413141842377e-03
4.500215200042980779e-04
1.141394045947489088e-03
5.025750835139891322e-04
8.964296213315963270e-04
1.027334243083975231e-03
7.193403160838797265e-04
8.516729804255731250e-04
5.142480946467903238e-04
4.930558573476295781e-04
1.481578105732716307e-03
1.027205531334887765e-03
6.798383255441867602e-04
3.678380647377751424e-04
4.709221944868512404e-04
8.800586672104291274e-04
5.992882064235133862e-04
8.111205341483976317e-04
5.702392371963393384e-04
1.609925641054665846e-03
9.863657113645218737e-04
8.795153270131811666e-04
5.075006069617045597e-04
8.772905021778937490e-04
7.732880111336730986e-04
5.183627159178913436e-04
6.882419248262647499e-04
1.036973320713407715e-03
9.717516247303635514e-04
7.864871852934204660e-04
7.467676209823472097e-04
6.972287253262041953e-04
6.647521469889073817e-04
1.405106357758953905e-03
2.484661040533560870e-03
6.636046587170283360e-04
1.441802154708412805e-03
9.314315435525304934e-04
1.553890787427757592e-03
5.194066892213584051e-04
6.576219085797072907e-04
4.622688162807453080e-04
8.932984920984391982e-04
1.726478052354281107e-03
6.371965021371747522e-04
5.738890210792477837e-04
1.313360353557299718e-03
7.921648592220261430e-04
8.760535346778656855e-04
7.168946416052654827e-04
1.091785376060326607e-03
5.492865991574832430e-04
1.153806263445775887e-03
8.924585387737162326e-04
6.318631718709024703e-04
1.318011989461819996e-03
1.740809913808057064e-03
3.734655980379891771e-03
8.182983307250261051e-04
1.705920701971681396e-03
1.530082571559465438e-03
9.394126923475207150e-04
5.657499782484443204e-04
1.544446767582390760e-03
4.581196622920145206e-04
1.498939117041092227e-03
7.482647692560806052e-04
1.585021623650250408e-03
8.216440766739209652e-04
5.811379543829398812e-04
7.914322419947853295e-04
1.523805519809496483e-03
1.086877226018547393e-03
8.629115264397651044e-04
1.835003131141109238e-03
1.088274125480606343e-03
6.441524482450500678e-04
1.241789969393029044e-03
6.109719652906796120e-04
5.401223312374049939e-04
7.157938798304769703e-04
8.788288683338111142e-04
5.201257070703083074e-04
1.777886898081984654e-03
8.890198022853323598e-04
1.050302372826303170e-03
6.758544087120112133e-04
8.825912370883061886e-04
8.759860910859322385e-04
4.639311498190647610e-04
1.772396356629356773e-03
1.343000831909323557e-03
2.134254073990001551e-03
1.305135559053226691e-03
7.019299473041394361e-04
1.302605121404179110e-03
1.529880810362991943e-03
8.708790938008933438e-04
4.975506046260545507e-04
8.505905640008922398e-04
6.698493446031151708e-04
8.771459815046142019e-04
5.493084559712197454e-04
1.238718310827725084e-03
5.201257070703083074e-04
1.167021392129137395e-03
1.385561151101624049e-03
5.169440502302721742e-04
4.589116701916704411e-04
2.254660133326477807e-03
7.532772565894962913e-04
8.888500540727370131e-04
1.321516113516301837e-03
9.086418650303902710e-04
2.254595697734047485e-03
1.186518217675572350e-03
5.196433518362846872e-04
9.112518601854708872e-04
6.920053811637766339e-04
5.379716721424335516e-04
2.769804632287663042e-03
1.252708201300844646e-03
8.506685631770584356e-04
1.287689754276657907e-03
7.788877301861960381e-04
6.040406567289901153e-04
1.228841251906832681e-03
1.156978647267957678e-03
1.423879723416138698e-03
5.306943094422378500e-04
8.455750764269436524e-04
1.448668155912724315e-03
1.064565434900993212e-03
1.126203471171814555e-03
6.372220253029413882e-04
8.469184117998161416e-04
7.834527727564018565e-04
2.592445532298636238e-03
1.232741655487393836e-03
7.153118963099318155e-04
5.437696590815333181e-04
5.928085207733891542e-04
6.381350491299971235e-04
2.072461981454393719e-03
5.631640824104499959e-04
4.337411345642253968e-04
1.234222213810709685e-03
8.649772956159751218e-04
1.007892648391708846e-03
6.376946598050662251e-04
4.993602599816832251e-04
1.654050101105781307e-03
1.097200722168503598e-03
8.337078209417784699e-04
5.399067365480350643e-04
5.421636338152429312e-04
8.850214311389843725e-04
1.033498518894349679e-03
3.259823517859197165e-03
1.964412764629541990e-03
5.007692898332830218e-03
4.517399357089019012e-04
8.642329983403005539e-04
7.976080803030572786e-04
1.284467722769575384e-03
9.843078922175585357e-04
1.291960703219732862e-03
6.970981558398870554e-04
1.840029785391509394e-03
8.653477529827034590e-04
8.534550929441874281e-04
6.967082146561048329e-04
1.502370224233040607e-03
9.399362372130121938e-04
1.449945994983176806e-03
9.335126333886982096e-04
3.911831711172622582e-04
6.267663934324384928e-04
