9.505903547905182171e-04
7.992173646239660728e-04
1.035642863981203017e-03
5.201912493813173888e-04
4.891944488187357359e-04
1.180905084874289343e-03
6.911991329156203304e-04
5.430001452027341394e-04
6.175857254441658156e-04
1.330666794640100563e-03
5.991759101406414229e-04
5.735780311127497899e-04
4.733214784635464694e-04
9.307638928289839551e-04
1.266057707324919675e-03
1.235596047367594919e-03
7.862485997244614147e-04
8.359835143705852912e-04
7.793438632173601633e-04
1.002797045955612079e-03
9.691569626869956473e-04
6.400378547106978181e-04
8.773623387981139329e-04
7.708498961865812085e-04
6.635175483944175199e-04
4.788428000730881782e-04
1.401559343426719709e-03
8.767527402586875298e-04
7.624312776028058063e-04
6.411684516104464247e-04
1.053719676016942348e-03
5.953404992242372282e-04
6.443530600282751722e-04
1.496502781299307184e-03
8.894427484416880195e-04
1.093580191130797200e-03
4.756471699222163205e-04
8.109123381973119566e-04
6.153283626923902825e-04
9.912940644975761027e-04
5.881729846976710375e-04
1.905772907356424609e-03
6.504296841741339080e-04
7.323340958682466760e-04
4.642831050848326676e-04
5.795251890985571308e-04
9.875907026860128880e-04
1.234784124743333773e-03
5.620203163900614916e-04
1.221868112662811458e-03
4.909337322063095106e-04
5.444423706955008957e-04
1.126012777331859924e-03
7.922952878416160373e-04
6.493816115284993702e-04
5.115350393289043104e-04
6.787517779265371054e-04
5.738480651103579269e-04
5.931665829327039579e-04
1.529431541717729418e-03
7.118215406511083695e-04
8.828789694796121759e-04
2.986563290664972364e-03
5.704075255634889850e-04
5.665538413806731630e-04
7.205850924175724419e-04
1.243980999346007638e-03
8.221108116004692589e-04
8.248613397508146967e-04
6.588043605173822537e-04
1.271809343169872774e-03
8.975496235655930225e-04
6.249773008283272856e-04
5.347009164617767341e-04
6.595390979029363025e-04
7.195093062530741280e-04
1.193335337383603055e-03
8.549493608237656445e-04
8.893269460270118981e-04
9.076899564691480677e-04
1.008953894969812602e-03
8.613139456627768708e-04
5.176842486252032421e-04
7.520691807560386756e-04
4.568492324039655412e-04
8.509946035762703349e-04
1.063649481344653216e-03
1.449684748257780518e-03
5.045382552103549242e-04
6.631622262425400198e-04
6.627851254327123305e-04
8.599926784021678450e-04
6.807458263144869565e-04
5.423480287636273361e-04
6.333180024160844869e-04
9.326972442872137397e-04
5.106782817069688198e-04
5.626259160717842671e-04
1.469376292728878349e-03
6.817759371323828949e-04
6.241679494933040926e-04
7.562843314010491520e-04
6.140536335983939496e-04
8.115996075719160430e-04
8.172926093883103827e-04
6.564533649008201565e-04
7.179437477232332313e-04
5.999672251563049202e-04
8.387182580563253475e-04
4.027170122762427883e-03
4.854941034455833139e-04
7.277157774631379033e-04
1.260488220699184769e-03
5.196435780864280905e-04
1.880883127175186909e-03
2.153863801048813004e-03
6.801870338753251369e-04
6.409744744315429808e-04
7.664332700890351879e-04
1.061361575930496034e-03
5.525892437390245463e-04
1.505603599884208169e-03
6.964280442476639306e-03
1.032294135296516618e-03
7.968897371821090370e-04
3.376493701755957540e-03
6.792482072000232242e-04
4.600111764533812821e-04
7.557824795730908561e-04
1.754761690902107742e-03
5.862717285768892202e-04
2.000186081157995406e-03
7.473820900026519184e-04
8.455514611596723481e-04
6.650775423415107059e-04
6.294376231267958741e-04
6.522521620556156466e-04
4.277692181061869096e-03
2.744329620473546453e-03
8.444222670360839464e-04
2.495414776262265891e-03
8.773623387981139329e-04
1.873095836185288731e-03
1.198799575022514588e-03
1.388735703127444172e-03
7.402118086996932076e-04
5.140811101049515231e-04
7.954669768254461499e-04
7.728129955134524888e-04
6.991740460109601221e-04
7.016645757444091346e-04
9.175903127999042799e-04
1.475128620059011327e-03
2.566814998686238469e-03
5.958735462687415234e-04
5.796092959994288791e-04
1.213574842647021854e-03
1.440316843512437061e-03
1.081916406094035610e-03
1.543019296353418226e-03
5.614197272322165710e-04
6.125307113312910895e-04
6.572782432350667090e-04
2.157254749541195546e-03
7.329212578230388363e-04
5.958735462687415234e-04
1.880883127175186909e-03
6.100027617959214886e-04
8.922828698080752761e-04
6.693849368765516800e-04
7.768376234002130187e-04
1.040484528369365561e-03
1.211589542642117984e-03
8.949801529195783398e-04
1.226939807389927509e-03
1.071579952779056193e-03
1.391453323525058050e-03
6.436684352166681692e-04
5.403465498485536577e-04
4.662097771278367808e-04
1.056926499298002815e-03
4.081512676414393061e-03
8.958347321922147111e-04
7.014393725016606924e-04
8.658655469638013502e-04
1.003045772636887781e-03
7.948609707624048042e-04
5.055927031815407938e-04
7.295122795903646179e-04
7.454025875529223747e-04
7.115488567773255169e-04
1.303618391538427339e-02
9.093767799278600766e-04
6.392397900966946631e-04
7.567998624486664680e-04
4.815697695950277844e-04
8.564869343609351387e-04
2.276148501049685222e-03
6.697177123480867796e-04
6.951467131830976493e-04
5.087276429692170901e-04
7.512869816416135795e-04
7.036282617891701820e-04
6.708236712619486657e-04
6.623644976882614010e-04
8.287533184073642752e-04
1.028864779234195609e-03
5.183779019706957107e-04
8.289957598520357983e-04
1.136267491309436110e-03
8.264760906164379979e-04
1.125701640984228804e-03
1.177678573429109029e-03
1.128718648890105619e-03
1.730910456374389885e-03
8.560897973801018159e-04
4.547010054166614537e-03
1.265622490684958695e-03
9.527959767872057947e-04
1.598925932957968865e-03
8.515303170328682473e-04
6.842036108192135497e-04
8.751543368952110049e-04
8.974245788704830881e-04
9.875907026860128880e-04
1.336929688118659214e-03
1.178887938863054999e-03
6.869415100756240400e-04
5.856801314038920974e-04
1.460436888820466298e-03
9.559506222711576778e-04
7.508304295261471455e-04
1.072206748476753693e-03
7.096553152848564987e-04
6.911447863759587976e-04
7.353110220725758575e-04
5.720125464641803281e-04
5.493038634826308926e-04
1.139673234395311222e-03
7.526596756525633352e-04
8.637411307546926731e-04
1.131083281877229632e-03
7.492416476550473135e-04
5.079743586883895493e-04
1.574262135676988625e-03
4.603888446782956759e-04
5.271212410938983959e-04
6.901742312666589224e-04
6.729136641253608518e-04
3.770867584577573643e-03
1.174721305725082285e-03
1.254808617227060530e-03
9.338173817440603881e-04
9.394838113715682027e-04
6.259028377315478805e-04
7.722245532059247115e-04
8.522009673749683309e-04
5.926701287265694453e-04
6.548100690029059557e-04
8.904941921192588991e-04
1.990032020255948914e-03
6.728291661349410958e-04
8.204920700487120877e-04
8.082275854440413481e-04
1.216115166588002759e-03
8.364625617994440442e-04
6.421694964354135535e-04
8.043992146414166407e-04
6.071030127067907024e-04
4.905251304848466795e-04
8.970082642045509522e-04
7.769450288513877730e-04
7.036622127309000337e-04
1.138591596153957575e-03
5.671970339186248235e-04
6.701692619276305996e-04
1.202175903737937989e-03
5.709528691782212633e-04
5.786228450604484746e-04
1.057034830706946689e-03
7.640230617308453294e-04
7.757940680239042239e-04
2.570142447752581192e-03
5.265543068147389124e-04
7.482586066192373903e-04
8.533586982770819057e-04
6.407852062795720352e-04
5.161582163405651052e-04
2.472617644453512561e-03
8.375643647998712521e-04
4.846431102239987529e-04
7.222143816244578317e-04
6.440933228006708380e-04
6.931655590145995114e-04
8.077389857020376897e-04
5.937363311317279220e-04
5.422266742753206184e-04
3.008206337484963400e-03
8.263670065175382972e-04
8.548330303585536085e-04
7.016645757444091346e-04
4.940539301233365811e-04
5.460397784328696038e-04
9.542850173160867446e-04
9.550720554060588164e-04
5.249624059372803376e-04
1.300239475683115636e-03
5.840788470180132644e-04
3.333704604564047963e-03
6.351360499057341798e-04
6.931655590145995114e-04
8.402820452882498511e-04
4.995607551679715798e-03
6.259028377315478805e-04
5.041934182683678600e-04
6.194625757526727372e-04
6.043473516829214786e-04
1.548470601154056797e-03
8.584010454204090345e-04
8.591722470750660879e-04
7.416660657976178799e-04
9.562623871555063710e-04
7.466805998669893063e-04
5.401337194859219450e-04
1.051060675852187728e-03
7.838544678066476472e-04
6.892877252825306642e-04
8.837732677486856599e-04
8.560897973801018159e-04
5.271920205535701341e-04
9.105758813725035742e-04
6.470098194855672261e-04
6.506312527130112553e-04
8.903857760728875340e-04
6.093338167738290064e-04
9.341266411182955719e-04
9.346075358176176564e-04
5.137775536681878866e-04
5.812908744314089406e-04
6.297662465333919279e-04
7.639457147054049165e-04
6.059011729133173974e-04
2.313587741588518220e-03
7.155140323045784938e-04
9.110769655137171841e-04
8.727014177980548654e-04
1.031138379218154077e-03
7.472539152607752871e-04
6.975055690941324524e-04
6.276942796739770495e-04
6.996558230472721364e-04
6.501630505161347211e-04
5.621198310047442141e-04
7.167184476542462230e-04
6.718158035136397163e-04
6.279378909932508204e-04
8.764810917493657269e-04
4.424296777620306234e-04
1.597493911149818315e-03
7.142826484079880037e-04
7.418720012334798723e-04
8.141269636767437413e-04
7.198888737778457760e-04
6.144661464162981751e-04
6.727044135772617273e-04
8.079210966101931174e-04
5.870382210254727852e-04
1.437348375516957124e-03
1.987743727681654232e-03
3.071035939363231469e-03
9.235668691146852903e-04
1.120471349375575399e-03
1.208676849654745974e-03
1.669912429725126535e-03
1.331460584025944381e-03
1.044700041521370295e-03
4.726533893346049364e-04
1.214546205586510214e-03
1.486709856892638130e-03
8.235837300163659528e-04
1.054694107750853930e-03
7.650286550729137273e-04
5.261004079506741583e-04
8.921809525566735261e-04
4.788327765023441939e-04
5.003128591002404266e-04
6.863665002864683881e-04
9.686923217945068955e-04
1.093901779120001793e-03
1.616866152346754359e-03
1.993665298649108849e-03
8.670741721429150615e-04
6.333180024160844869e-04
1.219169619069595915e-03
6.288254022533131893e-04
6.264637145488268551e-04
2.433242471593797390e-03
5.905840490052701201e-04
2.884737795632478802e-03
3.820515281313615220e-03
6.621980059818606415e-04
6.028557732862300936e-04
8.588459211163390269e-04
8.305545581012323871e-04
5.991199843001211809e-04
6.210019017774242580e-04
1.227641203006957183e-03
3.015295194149177939e-03
6.221516016197774744e-04
6.537520815527519220e-04
4.734796482447895644e-04
1.271809343169872774e-03
9.602736423105767824e-04
7.896823755148083684e-04
2.530317106008907625e-03
1.096192965496344505e-03
4.166049048799734013e-03
7.753030994915381365e-04
9.364867455141469895e-04
6.817759371323828949e-04
5.269017061692445828e-04
1.156284900981730023e-03
6.996643670244011206e-04
6.619718279934632028e-04
1.371342239785072227e-03
5.356891642112086502e-04
1.744224786252702650e-03
1.515015843382788718e-03
1.058385288792000091e-03
6.600348633745585763e-04
1.984355634412046914e-03
1.029463172012396073e-03
9.886852467938980326e-04
5.677677735548909872e-04
8.330627471520512476e-04
5.916562264956445882e-04
6.029613038714791429e-04
1.833094785503140570e-03
4.581962275119775348e-04
2.857917169871338533e-03
6.905480939918719327e-04
7.516585202849896709e-04
7.110684952680405846e-04
1.207828731176329318e-03
6.567521470044391423e-04
1.403489166433795734e-03
9.250759106227621209e-04
1.409860037491110886e-03
5.224967276737177294e-04
5.626756542737728576e-04
7.720158582307100510e-04
9.271049378798852918e-04
5.923218710542761624e-04
1.579957279506425272e-03
1.403371312985167126e-03
1.122026017667199877e-03
7.265253341765433174e-04
6.633778398030276170e-04
6.256694684257685813e-04
1.327304291260599260e-03
6.737904601082003037e-04
5.379545568933719046e-04
1.254285801611346694e-03
9.095078702682224403e-04
1.221484929241093255e-03
1.522680032132493928e-03
1.376890762419291734e-03
8.855518145889398592e-04
1.281878172599295717e-03
7.832993878698155804e-04
7.331870849062150329e-04
1.042597104286976332e-03
1.024887846757254525e-03
2.357163932107394100e-03
5.498110628920339048e-04
4.765453087851030493e-03
8.772370681372703522e-04
4.745414179136931625e-04
1.020885573070013340e-03
1.000652022100450905e-03
4.866292456905581005e-04
6.413004164201370092e-04
6.869415100756240400e-04
8.302826610842949486e-04
9.804909093945226705e-04
3.101037512795339676e-03
1.047853977624454112e-03
6.273625262444192585e-04
6.795397683049364361e-04
7.061390553009011702e-04
9.225123827557116804e-04
1.056926499298002815e-03
4.678911229146099238e-04
1.016187545590905563e-03
7.376779538412434620e-04
5.787664906901717442e-04
6.370690620784988985e-04
6.484466394814367759e-04
6.355211678444339920e-04
1.262946512186592001e-03
8.596952185926544495e-04
5.984127577054530571e-04
1.965523208208279013e-03
8.102514414184877048e-04
4.874771171901658238e-04
1.239528216942895880e-03
4.720285872020965590e-04
8.083122659354902585e-04
7.553585389164038265e-04
1.963669949800283046e-03
2.042061514714106369e-03
1.599574870354067337e-03
7.031196256183004254e-04
6.344793915644610528e-04
8.437030835388493501e-04
5.553264663788070763e-04
6.245409742933236792e-04
1.191805176681107669e-03
1.299870500890284173e-03
5.178938003928511280e-04
5.554787351365797401e-04
5.502512494157609131e-04
6.036185298820913227e-04
5.794193760595218101e-04
1.464437466436753228e-03
8.364584528439964525e-04
6.863665002864683881e-04
2.829657245537127701e-03
9.864986814355049607e-04
6.237125858601675699e-04
7.065769165966824441e-04
1.984138125395005451e-03
8.691809425988266790e-04
1.237544879717135870e-03
8.041744881030828563e-04
8.178825500791406852e-04
1.121770497919869413e-03
8.256399067490747786e-04
5.392717855100532913e-04
8.700375762032186476e-04
8.860718389873922492e-04
5.692659667600907152e-04
1.106240829368314782e-03
1.297668945986850354e-03
7.568145727749489658e-04
5.221147302511394608e-04
6.486201371974616506e-04
5.595432136040323764e-04
7.137561690229434971e-04
6.603476766887565004e-04
1.256064751986976039e-03
5.304676611640113046e-04
1.603972101085542881e-03
6.890779282432856921e-04
7.027523031909780303e-04
5.750412623263860762e-04
1.797595132868633335e-03
7.949004814042771958e-04
7.546881612509060691e-04
5.926431464127652777e-04
5.617399233601568995e-04
7.582965724020367853e-04
9.239453895585990470e-04
1.350014814521011261e-03
7.657686961570183207e-04
5.637191307967582589e-04
7.462821728052217597e-04
5.986018582196710397e-04
1.151215998970618820e-03
6.265241560897702802e-04
1.076738794332800318e-03
1.643075996698070348e-03
5.997951310208638354e-04
9.578404044244135046e-04
6.923971434067280935e-04
1.003683735486957150e-03
7.262022763978555687e-04
7.005266525249542438e-04
1.138270563243522389e-03
5.158123476523889060e-04
7.773617618609943896e-04
8.736890586296018005e-04
1.049140124829108043e-03
5.788627463809715426e-04
1.454308004258000496e-03
6.011592322839564824e-04
1.128329625264948288e-03
5.098158015809465269e-04
1.138045323927227561e-03
1.565179997710195369e-03
6.067924261185088462e-04
5.464644871278515970e-04
1.343766229023737619e-03
1.501492231656523279e-03
3.394061783159654615e-03
1.353759126997124791e-03
4.324436968417320155e-04
5.634382280760400234e-04
5.769308937582647923e-04
1.404338881771985490e-03
7.794244808434374651e-04
7.824791784358038800e-04
4.571750784189221122e-04
5.100593542989091027e-04
8.386130992788482603e-04
5.674746469920008765e-04
9.123618281608485885e-04
5.460175007637430673e-04
5.628704594669562723e-04
7.168247403600870593e-04
5.837449575116100122e-04
5.020042437933318899e-04
1.101027202888445492e-03
6.517621645979099123e-04
2.890024733498645221e-03
5.591410760792574555e-04
1.220197051947355393e-03
6.327070365517611147e-04
3.656437773528372227e-03
1.840054823200848672e-03
9.378597607127864711e-04
1.119616431577545980e-03
5.949885286934177833e-04
5.382904068677694812e-04
7.712281804691206548e-04
5.882070347511923628e-04
1.030750669866394324e-03
1.230943632566058963e-03
6.361003557242867357e-04
3.477498521970863541e-03
5.858019931350140572e-04
5.786177526174157834e-04
5.715244638308862547e-04
8.870842310938753788e-04
8.387182580563253475e-04
6.972641167313011227e-04
7.534791657158962331e-04
1.025546119754220222e-03
5.265065600351447137e-04
9.392272578730567279e-04
8.541534526257338420e-04
6.256260381638069704e-04
6.025508173739356618e-04
9.032469255958692827e-04
5.926076831698367684e-04
5.324484254945440398e-04
1.403005390033420629e-03
4.611839105010994756e-04
6.231120307002419294e-04
9.259841436153663742e-04
3.449055439569722117e-03
6.006055710207230426e-04
1.200682927019992245e-03
9.688631293182402900e-04
7.198888737778457760e-04
4.861664773324324848e-04
7.402118086996932076e-04
7.648545019636991552e-04
6.270998809817830699e-04
6.253602650463333402e-04
9.575108556063439795e-04
5.521893399216350239e-04
5.760505034568591445e-04
1.342618189389194715e-03
1.611788224728848877e-03
8.501526617207324230e-04
7.034053279443476135e-04
5.136781497088229722e-04
2.952459793310247514e-03
5.444654576017857271e-04
9.225123827557116804e-04
1.288511805907976851e-03
6.475537286484014205e-04
6.135488302087950497e-04
1.535618335812007421e-03
4.553452905202596624e-04
1.621917628528766206e-03
1.548464800650327334e-03
6.778734186243436923e-04
1.069020605212471020e-03
5.638817707645770718e-04
5.997452460934167475e-04
1.014098859542614554e-03
1.274279213747113665e-03
5.557740153220402761e-04
5.134885743837824942e-04
8.133138924467729191e-04
4.107944211206251799e-03
4.127874773933615238e-03
1.549499075944511502e-03
7.582965724020367853e-04
2.146460122008211468e-03
6.081096743697322719e-04
8.141361558920408390e-04
7.498322432393133207e-04
7.013104729339253310e-04
2.396979909497049324e-03
1.120762285870943861e-03
7.935550961354211714e-04
7.057979348997125285e-04
9.584263933548409567e-04
6.423892201964670088e-04
6.540526203494434910e-04
5.562882492145005417e-04
6.226980359577424058e-04
1.046034021098725354e-03
5.847664930280174105e-04
6.973023368383352320e-04
7.784870314808907182e-04
6.606435179948461642e-04
5.150777991378689040e-04
5.373792245853753003e-04
5.611025232861358404e-04
8.873307817132217992e-04
1.195319941422133417e-03
6.801642549000380634e-04
7.085169267564456370e-04
4.754793649110156898e-04
7.124243499626928527e-04
5.315369611909954908e-04
6.068660281189909274e-04
6.198669818737721250e-04
5.545508218714901433e-04
4.834723865461653921e-04
6.923971434067280935e-04
6.819710161083524652e-04
7.472539152607752871e-04
9.184251930197571360e-04
6.198821289748902147e-04
8.742698268518246402e-04
1.120318040477881385e-03
6.772715361219131544e-04
7.001217162632254352e-04
1.804776067525417239e-03
9.532369512401406850e-04
7.810934308425757653e-04
6.400123566390056784e-04
6.274063128451478483e-04
2.812206689225864569e-03
4.940707044977188335e-04
5.881866306677749302e-04
5.436503036302635242e-04
6.829253470445963191e-04
5.317114673830523235e-04
1.101027202888445492e-03
6.017421658921292974e-04
1.636185979503228596e-03
1.164576159011691033e-03
6.107718876078745401e-04
5.094334414095088789e-04
2.093712766742255368e-03
1.603972101085542881e-03
7.408770336743307136e-04
6.288061064444554465e-04
1.025095958691391636e-03
7.286792789880657028e-04
1.005171827061040329e-03
5.390020292744049629e-04
8.598490423623360648e-04
1.541416798029402423e-03
5.863585020131827997e-04
2.557203291333234527e-03
5.505931804559782228e-04
1.357527230499380082e-03
8.081859481317713381e-04
5.622631949502672130e-04
7.133983825303044863e-04
7.267883051152802852e-04
5.111968882012481218e-04
3.173953510172813474e-03
6.250992439957484643e-04
4.579816405472226224e-04
1.068185798666382302e-03
9.066817730492811658e-04
5.324484254945440398e-04
8.917880364818794956e-04
6.991740460109601221e-04
8.708931127533537167e-04
5.912173061008675276e-04
1.767149886112000809e-03
6.873983249201400360e-04
4.871883480268304973e-04
4.908397340346799028e-04
9.465035346372694747e-04
1.095462398112040468e-03
7.789694188951853731e-04
6.751699950672025588e-04
4.337880062751516778e-04
1.253919410552289254e-03
1.882597940569355217e-03
1.353791022304857419e-03
5.378106367744560834e-04
6.982348570352959723e-04
1.988701475345788609e-03
5.333391725596128364e-04
5.892178675868609211e-04
7.849991052379533176e-04
1.281353453624018606e-03
6.027126945967173138e-04
1.630681829788785137e-03
2.078160329568889443e-03
1.336780641652429843e-03
1.322492418438423216e-03
6.805510183906192650e-04
6.873258939407130355e-04
1.124628333745190467e-03
8.836526281203910564e-04
6.233002458284934381e-04
4.688573392310161486e-04
1.096863479510956120e-03
6.793341064094958774e-04
6.853987385750965212e-04
2.303164534727987923e-03
1.001745876408552350e-03
1.107100762939038519e-03
7.018014508645674127e-04
7.574965498327709736e-04
1.040721059442904252e-03
7.988867885487270287e-04
5.161607483825594736e-04
9.584263933548409567e-04
6.572882197932473089e-04
7.552913305325619896e-04
5.387034536763855982e-04
6.404015482161641657e-04
8.582287775596642758e-04
7.531423051452238067e-04
6.747852392858392015e-04
5.704075255634889850e-04
7.998655020463891346e-04
5.103827648935867082e-04
1.475128620059011327e-03
8.077389857020376897e-04
6.137614567391741450e-04
1.603979083456449385e-03
7.702288092025833845e-04
5.650759295486819031e-04
6.883052105187436633e-04
2.999119198618204092e-03
6.006821405426071266e-04
5.508717555281592189e-04
5.096718384274239030e-04
9.804581815475419976e-04
7.714243330045840235e-04
7.716448303871221688e-04
1.139057383654840279e-03
8.147078583570368333e-04
5.017970339513792583e-04
1.510056874313798732e-03
8.580167912719384535e-04
7.362975439901680305e-04
6.884862369765848205e-04
1.529434444634953294e-03
8.136958815757092643e-04
1.548464800650327334e-03
6.759604155513911214e-04
8.777689850946508330e-04
9.124471759190129049e-04
6.244144407511963927e-04
5.265482923597838982e-04
7.353044292357887235e-04
1.510583784086112682e-03
7.064568445058977755e-04
7.827727095240071941e-04
1.465985736378949298e-03
3.721756726483388747e-03
8.582506945293236645e-04
6.771005551960367465e-04
7.615997048912434217e-04
9.726188304416581113e-04
5.948648562637342489e-04
8.407244623143616483e-04
4.400647025988977832e-04
5.392317973997427403e-04
1.536310628273287278e-03
9.978096498402327322e-04
1.051184387978153657e-03
6.984117369202288506e-04
8.894599867151165105e-04
5.508226246921846649e-04
6.469768440283418538e-04
1.268557534431481943e-03
1.206049147439387141e-03
7.186223775352030023e-04
9.058449997900198123e-04
7.028121054081769032e-04
5.003972482195232505e-04
8.376992988912591994e-04
2.311572662217898158e-03
7.050252938858208099e-04
7.062078958883690610e-04
6.984069625513549678e-04
1.546409458213833955e-03
1.075777508655577277e-03
1.430558474301425785e-03
1.331460584025944381e-03
6.921622337276714040e-04
4.639215880552404131e-04
3.051592490001209853e-03
7.705092791061278088e-04
5.495975571687802732e-04
5.786177526174157834e-04
2.306114987056024756e-03
5.807514241110554214e-04
6.789822229472758331e-04
1.063427286327314758e-03
5.750167878140760450e-04
5.333056625415116478e-04
5.210889358966882276e-04
5.773466102247808195e-04
6.077788263168444919e-04
8.213175207568947566e-04
6.198669818737721250e-04
8.531919442688800986e-04
8.725421098046554080e-04
7.996899209927699160e-04
8.621889679077113970e-04
6.529239931877477794e-04
1.622052883045457198e-03
5.996935694239191421e-04
2.815043792610061931e-03
7.381564672642395740e-04
3.320633833215303095e-03
7.911234926009657904e-04
4.043636325381046517e-03
6.253984192527253013e-04
1.005593880085107810e-03
9.841515534003320194e-04
7.054288729673664944e-04
7.220972123563615484e-04
1.130605050354919908e-03
4.848957785778999253e-03
5.014923925938046629e-04
5.105628951973208889e-04
1.443663788481870051e-03
7.264682843562880526e-04
1.032114194934157566e-03
8.156249296890897464e-04
8.582506945293236645e-04
8.386130992788482603e-04
6.873983249201400360e-04
7.877347741890186692e-04
1.630000276263219271e-03
4.895283362836658778e-04
2.199580945037115428e-03
1.068084168277702280e-03
5.891485781974035345e-04
1.461660636268100966e-03
8.941088308442649273e-04
5.387039656127613763e-04
8.321700846331304968e-04
1.013313239272405552e-03
6.877776121197204558e-04
7.726932761224971236e-04
9.744078923927302922e-04
5.018492003581535290e-04
6.813342891643805023e-04
6.280624319850723657e-04
5.517402163125740807e-04
1.731552117999969088e-03
9.277681651112200910e-04
7.684437985510937956e-04
5.949616667008540000e-04
1.149261145514940971e-03
5.579761840483581092e-04
1.919682449202126263e-03
1.215837490268167420e-03
7.521454558189410392e-04
1.116538150498800524e-03
1.075071723555312596e-03
4.854941034455833139e-04
4.431463298816845794e-04
7.856991110397470047e-04
8.424782713377013512e-04
8.941088308442649273e-04
6.335488706091325830e-04
1.146973586008814524e-03
7.541281175913176109e-04
7.009688606000742239e-04
6.779036357076929659e-04
1.157162990087786270e-03
7.482865374299437801e-04
7.575037253315327658e-04
5.104134777960761754e-04
5.889942462842066980e-04
7.014316027804473825e-04
7.345050435613599115e-04
1.373040690479490275e-03
6.444147800476697410e-04
4.846156686692194761e-04
1.906573065658950881e-03
1.216381611783425671e-03
1.344103715265066714e-03
6.590280698990351070e-04
6.074630052688586267e-04
1.379129228411372487e-03
1.011854850676796114e-03
1.005965589028280953e-03
2.974233774157277084e-03
5.051141292490184728e-04
