1.105129193187812664e-01
3.643486979661267333e-02
7.683892105886100388e-02
1.001381645897944789e-01
1.636556916981831908e-02
1.025527798219271480e-01
3.574047162134577627e-02
5.863509160728590242e-02
6.774199683829436325e-02
9.705800533080802261e-02
5.689472339387272037e-02
9.944844360617027812e-02
5.357434478283826934e-02
5.332737781892416679e-02
9.564160343054796398e-02
6.777812206736748279e-02
2.162811955879194101e-02
7.721398215374428164e-02
9.226781072005502127e-02
2.505297255358500050e-02
7.007261407670770104e-02
7.578385397199929874e-02
1.418973306823709257e-02
9.546245313085977013e-02
9.982380793381905038e-02
9.968306309408442312e-02
8.365163102038092324e-02
2.558842335194503811e-02
1.148971448987824856e-01
1.059249283194891589e-01
6.953969967850211209e-02
3.478452218264255213e-02
5.857512225527422567e-02
8.477098124917065158e-02
3.794460917991526044e-02
1.148330904785576922e-01
3.557266631298932474e-02
1.036400890832935434e-01
8.560871373556544484e-02
3.113903785626419632e-02
8.597269794365422491e-02
3.605079177605813312e-02
4.290937080666740872e-02
9.813339668662381110e-02
5.912456208055451301e-02
9.952649349557127212e-02
2.672026273749041059e-02
5.766538881195901189e-02
7.423844471498419750e-02
3.911094484566281226e-02
6.715056894852740321e-02
3.964683692067919735e-02
5.889494504690730853e-02
2.357088640117669179e-02
5.410802572142286992e-02
2.806624225291540209e-02
3.943058604875594036e-02
4.765414011135413880e-02
7.123981230499044914e-02
2.771646093655964760e-02
8.133294506713731331e-02
5.075817956994058827e-02
1.032829654543751807e-01
5.276479443702743188e-02
1.012666182914959828e-01
5.665183402854056388e-02
1.020376894209608365e-01
3.559565323110248231e-02
3.933190184876610845e-02
5.997238372319104588e-02
3.986172081681418899e-02
1.129779672416261205e-01
9.977529599505696734e-02
5.602517086472563745e-02
5.538875380128235187e-02
8.701102412886402293e-02
6.853311961919257567e-02
7.586423714613418912e-02
7.465478037261701061e-02
2.457208707790663541e-02
3.761656113393382211e-02
3.955734937787197536e-02
8.295519439215762181e-02
1.111061242732665488e-01
1.107224171535779039e-01
4.083887342575528989e-02
1.498339902372063798e-02
7.477781931175003782e-02
2.083065355192580473e-02
1.086271835072631087e-01
4.128501341417521731e-02
4.835600238598302542e-02
8.213767968550225729e-02
1.017277518364286260e-01
6.040989531944705726e-02
8.891118876270520666e-02
8.179594335036649566e-02
5.898075767710096035e-02
2.216822219752291254e-02
9.849919813349811148e-02
4.614176434274339100e-02
9.512556018708280547e-02
8.182287581049400849e-02
8.423899891727371081e-02
9.603752745378678346e-02
8.793448403984463480e-02
6.451402567540664990e-02
1.018638947333750516e-01
9.809971567891570543e-02
4.905428416673062592e-02
9.153596821975062969e-02
8.580267622621955137e-02
1.027024032984025642e-01
2.258641189611861402e-02
5.077424078299710292e-02
8.527810052813264430e-02
6.723481724096069811e-02
2.516335337532055183e-02
8.122498304744185660e-02
6.462783172338078252e-02
7.164996498219193544e-02
9.520355474433572773e-02
8.313972607624948996e-02
4.635720959170768624e-02
3.231239448271280151e-02
5.882668780094854610e-02
1.035010822396577601e-01
4.472596950334539051e-02
4.836385101930542468e-02
5.669874999560407108e-02
1.118376742016701370e-01
5.693846671381495861e-02
6.623984726072151830e-02
7.636312875563930347e-02
5.240601087384144652e-02
1.139498818402181618e-01
4.742487135842853724e-02
8.186151252711280912e-02
9.635015831588823743e-02
5.842708720902002606e-02
7.606826384358575388e-02
1.399000066658408030e-02
8.599793973290212334e-02
4.218614276451508605e-02
7.470536824071039028e-02
8.977304697939764155e-02
1.090200615149135993e-01
2.393213010679375377e-02
3.286340196076804193e-02
2.756140619303240613e-02
1.047350379811628901e-01
1.034905296526462126e-01
8.549936181327844054e-02
3.136273202500361457e-02
7.786506338213233791e-02
4.505219924241191803e-02
2.424786558104889689e-02
6.547585772700241502e-02
8.368090434966213298e-02
5.136331548159090571e-02
1.147559177547677750e-01
1.163604552791320523e-01
4.962649238928441148e-02
6.436757297713145698e-02
5.319544009067810053e-02
1.051575579822021655e-01
1.071923913494437636e-01
8.767724224541059708e-02
1.074693316706724633e-01
9.354547297218213098e-02
6.841222055446370687e-02
7.514047198927231719e-02
1.072904528884018327e-01
1.056923319742156669e-01
1.062960387049763367e-01
3.330837518985375889e-02
4.612185832031227839e-02
5.174375444199533214e-02
1.097791387294360654e-01
9.663252924253078191e-02
1.955148111560963894e-02
4.660335353229731054e-02
2.980743727072655488e-02
1.085325862524430113e-01
5.246436302970440557e-02
3.737361388769103870e-02
6.886609743525820559e-02
9.055129631504413301e-02
6.226397840285866070e-02
1.144161617524669383e-01
1.133335050929168974e-01
5.035841646443282166e-02
9.213519558096446016e-02
4.077698183411659905e-02
9.965372018395257658e-02
8.688573731151136292e-02
4.132820722751160553e-02
9.463016179853767085e-02
8.066091345467493734e-02
3.064146102103122368e-02
2.840570208387877341e-02
1.113224022184715056e-01
3.562169835972180815e-02
7.625938663981966792e-02
6.023764421249334228e-02
1.062301365431175953e-01
2.833081212760544393e-02
6.910519090906774853e-02
1.702051591195756150e-02
1.150829468335691080e-01
7.125911994718936437e-02
9.614733818477702587e-02
8.275346200448138734e-02
4.803725410149836672e-02
3.525705269759300819e-02
9.706888130775923051e-02
4.398878509789237723e-02
4.953279169882991717e-02
4.269358654621745880e-02
1.628344943453374424e-02
4.761864696242945616e-02
9.002973247652923394e-02
6.547570730190008237e-02
4.886177708891695573e-03
7.378071632040228423e-02
4.916029647043818063e-02
4.961720875458411339e-02
6.806473790680468705e-02
9.380157024347769712e-02
7.952362741663207557e-02
7.150104809945115325e-02
2.089101052452837365e-02
3.637296201582337907e-02
7.378071632040228423e-02
4.264048920700001799e-02
9.964274334019314339e-02
4.306602978598581682e-02
2.990288569921516898e-02
1.020536425344957671e-01
8.853870429034525757e-02
1.100309490464312367e-01
2.871206845374702291e-02
2.182441305839501883e-02
6.798856011424513068e-02
7.071824763813645831e-02
1.309265856660986674e-02
1.024215501426643804e-01
5.155595271464191026e-02
4.705343298526009493e-02
5.622696642908762282e-02
3.081443577767902994e-02
4.839507681014379448e-02
1.127451590626227240e-01
7.674385460057719932e-02
9.499023614497439927e-02
8.907265895792991495e-02
9.670787290075121001e-02
7.531269132057681615e-02
5.753046010030198748e-02
1.061842445724181239e-01
1.111986283423639366e-01
6.851165672742150214e-02
6.417424051882428260e-02
4.045883405679286116e-02
8.362901661463047198e-02
1.067415504342356936e-01
1.013524039541495864e-01
5.800781699750820475e-02
3.879192569407351882e-02
4.201997767517642868e-02
5.152608136165639369e-02
1.110968050085750503e-01
8.615428132190885990e-02
3.562169835972180815e-02
6.261335156881918385e-02
6.528982423465309881e-02
2.952962677982479828e-02
6.257061234540178818e-02
9.464921408010575077e-02
5.062910670591873330e-02
4.167479991776468218e-02
4.219970856083800348e-02
7.634858155626972342e-02
8.852991206487235976e-02
1.036026117249839729e-01
1.062301051004518326e-01
7.697016796103811620e-02
9.221240796094658243e-02
3.462786232828394400e-02
1.057703980689264217e-01
8.815556952825644166e-02
6.048030121784017665e-02
5.920643104815907776e-02
8.530780704506184253e-02
7.385335243747660761e-02
7.610938256024735171e-02
1.007820677002838339e-01
7.572977097147307046e-02
9.376680894186957549e-02
3.967027048860478217e-02
3.935552362431723322e-02
4.705798627096555858e-02
7.367736356669159214e-02
3.481389223082215906e-02
1.078348515945111025e-01
1.107025535396158056e-01
5.032547871115063132e-02
8.342751687942900896e-02
3.050982229200012441e-02
7.714863464950627581e-02
1.104041466196924864e-01
7.010542165482118449e-02
4.303339539953254106e-02
8.683846056335106645e-02
1.061983474669870864e-01
7.533045907832429389e-02
4.731629830510109685e-02
4.421301112419741969e-02
1.147242747675485536e-01
9.811425055097949821e-02
6.426978741585173682e-02
4.829795336571904296e-02
3.887827543710904721e-02
9.502830107788570735e-02
2.659054582933375460e-02
8.331577712200724517e-02
8.895849148223199110e-02
5.525739535242850907e-03
6.230871660764738390e-02
1.116035680796337026e-01
1.133585294538416721e-01
1.108837009295142728e-01
4.845385232529504649e-02
1.040894655870019392e-01
9.834935827472886249e-02
9.201612240091230910e-02
4.611388516944821270e-02
7.009261380588929780e-02
8.980183052120621623e-02
1.856255993589378539e-02
6.441718691724583612e-02
7.023845165328766738e-02
9.958863445024085381e-02
5.256281230572908830e-02
8.267016977252097942e-02
4.594316438685960152e-02
7.781428810379972805e-02
9.872152719710659829e-02
8.853870429034525757e-02
4.564435608374719372e-02
7.560011771751330711e-02
9.802729208836609420e-02
8.434383539362527715e-02
1.102256766917018987e-01
4.077698183411659905e-02
4.607595868253809568e-02
1.123751310277866650e-01
9.086947464583368383e-02
6.948792366335206083e-02
2.540355379595621299e-02
7.087588287144583332e-02
2.129047921166546051e-02
6.435864547584010942e-02
9.947745971442190083e-02
5.721190414740446456e-02
5.183643277884037587e-02
7.137960903582596384e-02
2.064195112622410969e-02
4.255491098410212752e-02
1.125691789107277491e-01
9.320281776185493361e-02
5.961690374804298059e-02
1.420932779798786925e-02
1.007685329292721393e-01
7.047618129844290813e-02
9.527113289166054544e-02
2.861886791082012688e-02
7.518291336238135114e-02
7.188274839438758834e-02
9.911188274524347641e-02
8.830021549660967140e-02
1.023210955763571017e-01
1.636556916981831908e-02
2.338602408833458796e-02
5.811340898125339632e-02
8.497922993333040242e-02
7.722623094614793071e-02
5.441125018202640912e-02
1.100648020899594459e-02
1.134934766396589745e-01
5.026717540031307163e-02
8.129349391159057525e-02
1.008332651497141491e-01
6.307514308061039354e-02
8.844683755368229483e-02
9.485760945327427474e-02
6.701009250689993202e-02
7.809064932936798931e-02
8.621020923381360335e-02
4.770399053381215587e-02
8.905477616707298261e-02
4.229483897895399552e-02
7.815225487759069889e-02
5.065082174681773131e-02
1.153641611136851097e-01
8.475934582184553590e-02
3.554059294994423718e-02
7.461635914178037232e-02
9.027228004167717201e-02
2.595008844417550850e-02
3.780286372819475355e-02
4.886246322996143365e-02
6.836264022154672770e-02
1.144509102678611251e-01
3.931976616305635913e-02
4.553146048680073443e-02
9.756929388237331469e-02
3.384206514023812423e-02
9.742113981796685085e-02
7.168279689128662091e-02
7.449526365714186082e-02
6.387097088314375171e-02
2.346244885980624389e-02
8.570769366397873457e-02
8.196761847641777232e-02
2.898778019090078595e-02
4.066691129555698170e-02
5.497149244516476296e-02
7.298111464191273101e-02
4.269358654621745880e-02
7.871191312991170086e-02
6.933752695034298141e-02
9.563048193114248585e-02
6.001674935197260502e-02
3.287085538961624642e-02
5.618190537027380888e-02
6.898284767706271137e-02
1.013524039541495864e-01
7.452445208558133860e-02
1.156744368458547251e-01
7.774529014164928420e-02
9.490068378006763505e-02
1.051689885821889270e-01
5.654846217669751152e-02
1.027024032984025642e-01
1.663868009360314551e-02
8.648660002949606906e-02
4.858305647518094267e-02
1.122691393137111165e-01
5.895016918111590370e-02
7.000145676183178178e-02
1.155172415755116172e-01
8.412271455835527989e-02
5.586381347063917174e-02
5.387343119896968041e-02
3.163014119527564338e-02
2.268068380064482484e-02
7.727919728691524937e-02
3.114781471358140513e-02
4.198299393784507560e-02
8.816839362406383995e-02
9.263703015665930574e-02
6.699991520452605598e-02
2.262684584919606029e-02
9.906209783678257552e-02
9.550983948199395779e-02
5.195426425820997424e-02
5.183643277884037587e-02
3.206540791759242975e-02
7.086352772036187686e-02
7.122749286034700533e-02
6.851165672742150214e-02
1.150991622793312297e-01
6.102252941261791797e-02
4.886177708891695573e-03
8.612887395279136826e-02
6.234518647223578902e-02
3.521948698030522712e-02
6.778294705481908988e-02
1.014403685527401067e-01
8.816839362406383995e-02
1.152190849978550619e-01
1.144350390652124350e-01
8.682091220956188182e-02
9.140908900832299400e-02
1.056889598451116324e-01
1.042427327709082446e-01
4.720321027582771722e-02
7.782386578761033014e-02
9.938471350645439184e-02
4.550599150204596988e-02
7.805442235290144248e-02
1.113772847364847551e-01
3.161776493952872524e-02
8.175053607934240629e-02
6.360420705483173232e-02
1.049427892936473927e-01
1.829374100565963127e-02
5.055719886789307449e-02
9.624292138099947713e-02
1.143446166226018690e-01
5.926018909517819649e-02
8.275346200448138734e-02
1.025527798219271480e-01
8.547622258362558290e-02
6.598682890086220165e-02
9.827308562487785393e-02
5.511082329517255629e-02
9.567183443409205124e-02
7.870847284267076804e-02
9.600314260523727661e-02
1.060145584945101499e-01
1.051846478643366223e-01
7.577822728015527753e-02
6.795541853973219304e-02
1.132275729768087158e-01
6.771914741887689881e-02
5.401932296910958581e-02
1.088270081965068414e-01
9.618032178240243368e-02
5.934396002506325818e-02
4.236669017048017710e-02
9.857851372459430772e-02
9.215425395574260159e-02
5.985594074617529847e-02
7.720248141490605731e-02
3.108218741388998549e-02
6.174146492177778889e-02
9.474942021658974700e-02
7.382261904875339620e-02
7.896324702800955331e-02
6.380764685500561750e-02
1.141714759576828719e-01
6.589570238598618790e-02
5.308914216157924887e-02
6.133665489685578842e-02
5.326995436734214412e-02
2.420701020669110970e-02
6.725673057315420533e-02
5.155595271464191026e-02
8.614136263562724438e-02
1.148333010792276371e-01
8.420520787803235929e-02
3.435143351871900591e-02
9.874271642821913497e-02
8.477098124917065158e-02
4.282347415302208138e-02
8.540216932396994809e-02
6.394898560776071661e-02
9.070191153023646202e-02
7.385335243747660761e-02
7.670372036558095741e-02
6.174146492177778889e-02
9.042337326403523945e-02
2.829280545774654973e-02
4.361297323256062286e-02
9.631519792243806166e-02
6.802859153814243276e-02
1.070722883521588453e-01
4.806643319961376865e-02
3.703165775753903405e-02
7.413504920212327098e-02
1.343189334997427903e-02
4.211918569182737659e-02
1.151130793569803690e-01
9.491994637966896797e-02
2.761183867596542219e-02
8.727124124227654545e-02
1.063117769290059106e-01
5.850854427109204725e-02
8.223904527435542400e-02
8.814543157534210360e-02
7.851389225094658475e-02
8.293095481417876724e-02
7.515839933101310655e-02
8.578296556673782602e-02
3.140098919156310286e-02
5.202553454050901777e-02
7.207987704520379957e-02
8.453803365260947889e-02
8.241702557175596688e-02
1.028349437703815067e-01
1.027201948077691579e-01
4.133646831053695847e-02
9.274157401898978914e-02
3.439351044636278221e-02
1.929342347786454359e-02
7.371771321238346220e-02
6.898047712265523157e-02
5.340495645579852041e-02
3.713773527339236935e-02
7.148042098417223267e-02
4.907651500088634072e-02
7.915868599714302734e-02
9.511037929722185313e-02
6.051866414205822609e-02
1.029399322356070318e-01
6.409578385025621605e-02
9.846228790066015313e-02
2.721424976820853089e-02
1.163117409908910882e-01
6.261964188204136028e-02
4.743517950490800522e-02
1.078714522026239658e-01
9.451978214329589956e-02
5.265025476992472170e-02
5.572966607916705895e-02
2.368685843214722933e-02
3.805470905719426922e-02
5.781980453901777728e-02
7.790781630918319767e-02
3.762870815233437805e-02
6.699991520452605598e-02
1.102753573654024349e-01
2.463105347877143914e-02
7.155601470079878124e-02
1.089372334820875310e-01
5.423751410349835628e-02
8.524226436693913000e-02
4.149464109588316130e-02
8.005976595898352255e-02
2.691427001761624235e-02
3.222175922384439700e-02
3.300383380672581440e-02
8.742616228168188786e-02
4.142926305845740648e-02
4.615392201058007154e-02
8.078684279336384444e-02
5.117120428870351734e-02
1.101277640009351022e-01
8.907265895792991495e-02
3.035387736551266660e-02
6.172347563956778749e-02
6.511252026692754269e-02
8.388121086994944353e-02
7.204334041507691466e-02
4.705343298526009493e-02
4.251520502560288128e-02
6.164813523408259333e-02
8.538181443195577702e-02
7.945878740468563517e-02
6.614792599920039928e-02
4.164257826832468840e-02
1.145639720171068993e-01
4.398310177258403508e-02
7.776086889648019251e-02
4.718842471315040643e-02
8.972135132077502240e-02
1.543979230196890727e-02
8.469745164724164221e-02
5.041509628625378409e-02
9.417138604558217274e-02
8.730891743941679439e-02
8.776158389282831540e-02
1.141319272653622680e-01
4.175794225721869007e-02
3.605605168467666821e-02
7.370191413672304293e-02
1.108357471256659482e-01
9.909007717027357165e-02
9.271520224446880287e-02
5.048870056954766344e-02
1.124850006346152925e-01
8.728685226388348956e-03
1.099779191192186006e-01
9.310827534101438763e-02
2.977257436305123448e-02
1.081991760236979128e-01
1.028626584265727589e-01
9.098441388779798800e-02
6.331633092274202568e-02
1.072036665717242265e-01
7.654814251400410274e-02
4.654142986054130710e-02
4.681109773069164204e-02
6.717699123220427504e-02
4.967497935345609877e-02
1.156338422623715695e-01
4.195058934220068092e-02
4.250390481105999207e-02
1.023153474082150460e-01
7.677215855746802320e-02
8.032365960058787668e-02
1.097372924760040003e-01
7.867631088171467280e-02
7.761346520325682063e-02
4.233371839002126463e-02
7.074025636454224497e-02
6.792618117681409329e-02
2.508360777867482336e-02
4.480604406751780705e-02
4.812447153592075422e-02
5.258160374555115313e-02
9.979088289333531980e-02
5.753046010030198748e-02
2.816208976910766770e-02
9.945803689410261106e-02
9.498382084601972308e-02
6.103806201022735078e-02
7.786506338213233791e-02
1.606900956532192337e-02
8.261995486039831749e-02
9.898582963837213033e-02
4.594316438685960152e-02
1.093711117231798147e-01
2.240709681402867220e-02
7.442272603843955170e-02
5.062910670591873330e-02
4.537314227070142481e-02
9.464659847762657563e-02
9.813339668662381110e-02
1.111479721785036678e-01
3.345922939568135579e-02
4.855940183002777077e-02
1.107979552572292969e-01
5.107455347737377416e-03
6.420735409799038784e-02
9.459725652871479873e-02
1.026144028935583596e-01
6.107568248866372673e-02
7.164996498219193544e-02
8.642614601493911475e-02
2.559637462780913961e-02
6.047213443333060434e-02
9.256361279100877582e-02
5.841577381654639717e-02
6.963070620579811520e-02
5.504329352916851464e-02
1.559191577886723593e-02
1.051307175228174268e-01
1.013907165071575855e-01
6.200548744408441310e-02
8.412271455835527989e-02
5.261054675058803032e-02
9.314370606880151282e-02
2.731930592824984710e-02
7.957242680461362738e-02
4.803725410149836672e-02
6.463892664206219441e-02
4.804468814583827407e-02
5.372576929626297904e-02
1.115705096280887459e-01
6.291193814772889914e-02
7.495704165960272169e-02
1.458118413111349383e-02
4.938526760395361981e-02
9.464654776942311998e-02
6.885995363527974700e-02
7.784299278053580240e-02
9.412408726523908975e-02
3.841266420545880189e-02
2.960947523736473519e-02
1.929342347786454359e-02
9.475119296969981841e-02
1.001912751036067029e-01
8.430326738691798494e-02
9.985115803704679160e-02
9.317123852820942409e-02
9.844570014449521844e-02
8.634377860151459805e-02
3.718216028099364384e-02
8.690388988070818499e-02
1.028349437703815067e-01
9.677420181954755896e-02
2.464287520969056858e-02
1.636556916981831908e-02
6.888350167466447682e-02
5.754153394449372516e-02
4.504550042076829741e-02
8.886372678434295569e-02
4.906317197476330744e-02
4.451231382109568924e-02
6.135442782936613437e-02
9.809558102233030541e-02
6.880645491229717137e-02
6.568382577972688152e-02
7.327476531422133510e-02
8.393709993871686925e-02
6.058370301828496646e-02
3.905329982435970515e-02
6.639919934325164141e-02
9.506720980037453028e-02
3.341239893172720521e-02
1.161568999105254130e-01
2.162698214698863947e-02
1.044572977502195577e-01
4.903316001462038054e-02
3.021188072365191268e-02
9.394638890812277709e-02
7.939561270894321399e-02
4.819745108321232818e-02
6.973812776034257754e-02
3.779030284224821346e-02
9.000152550622335379e-02
1.139376732805616466e-01
4.754302882857543849e-02
8.640419535731173883e-02
5.696131316637884773e-02
9.527803576178074663e-02
9.151346601042035026e-03
8.305658697702522630e-02
3.966979158627642610e-02
5.110374246858895991e-02
4.689613115505442131e-02
4.159589526440356233e-02
7.004362425696426808e-02
3.524804122084743835e-02
2.902059481936361540e-02
4.706958876056088065e-02
2.327515162711989855e-02
8.878873802167101814e-02
4.739858391118953462e-02
5.042228115159663043e-02
8.704844187595521532e-02
1.036651469028459366e-01
5.938091507627744903e-02
4.230634669140132670e-02
5.326995436734214412e-02
4.460005560827443039e-02
8.540216932396994809e-02
4.557228593082146562e-02
7.526357472421858763e-02
1.079001399837919428e-01
3.882131581980434454e-02
4.217395755645655248e-02
3.244757372136761880e-02
3.025482102618847272e-02
5.480384203096472923e-02
6.946380459549254816e-02
2.511954235461131765e-02
6.278122590256338120e-02
8.020367090432944934e-02
7.107082453507967967e-02
2.827190375065802980e-02
6.578328027895966046e-02
1.071113436315296041e-01
8.633683724098256684e-02
1.036644599097000796e-01
9.267894990112261755e-02
6.288499272562954323e-02
7.606345075933587663e-02
8.157531033024706391e-02
3.730387037847270743e-02
1.771008803804277609e-02
1.343189334997427903e-02
2.870333307717835500e-02
8.024276137840065382e-02
4.045175110387448647e-02
8.549066138719749186e-02
7.689104789745528079e-02
6.406085033422886932e-02
7.997776088512012493e-02
4.200853818414688329e-02
5.360868024308851343e-02
5.534637898814243756e-02
8.950148206548119711e-02
1.136720135768314321e-01
3.996387201614850365e-02
9.338500182956775697e-02
1.087205008929436056e-01
9.335127015846424181e-02
8.619592924586111371e-02
1.100907492385562320e-01
6.495142103649385878e-02
8.537679936620004573e-02
6.322790288794775948e-02
9.085114583614387063e-02
1.080865082286130568e-01
6.456981489660366946e-02
4.500360558123610993e-02
3.795919043424581668e-02
5.623957964994224373e-02
5.932945157574212591e-02
4.932696750933238117e-02
7.195902294762943074e-02
2.237920314861797239e-02
8.931088814285757793e-02
6.035311673308933755e-02
8.634339707154242705e-02
6.208312676014793308e-02
1.006788250981946325e-01
1.044152923833669561e-01
8.368227827678625941e-02
7.097054835446554855e-02
4.047639171916973810e-02
6.929430892177225465e-02
3.585231510325623261e-02
6.472790577137865764e-02
2.920646157913485072e-02
8.174873249450825829e-02
1.018626958466173626e-01
4.305664498833597365e-02
1.141180730187191239e-01
3.840651401242421020e-02
2.604586979057363361e-02
5.361573577256192880e-02
9.225880626137275553e-02
8.323613690654026176e-02
2.817798060709223937e-02
3.954814642822261639e-02
8.436070220935946995e-02
2.980743727072655488e-02
9.583843732587106479e-02
1.014224940129612174e-01
1.005005070822552748e-01
9.357410090018286608e-02
9.989517258090926943e-02
9.903850681034148673e-02
1.259725947008632531e-02
1.111599610805401456e-01
1.118819696266772495e-01
6.673327810619912592e-02
4.397208094068232737e-02
3.693602367747571974e-02
9.960957946935183882e-02
3.003425826093260309e-02
7.744128006094469496e-02
8.271001973819319675e-02
1.153497499925929537e-01
9.413258514603159433e-02
5.357434478283826934e-02
7.472658451324237783e-02
6.539983125158936594e-02
6.489426052610373918e-02
1.118811129043009722e-01
9.231725641964481921e-02
1.642669356127999039e-02
1.139684236472214562e-01
1.822391259217280915e-02
3.078183624967415280e-02
1.214811418436839707e-02
7.606826384358575388e-02
5.469342135246440390e-02
7.981531981047351731e-02
6.394615850292331705e-02
6.979097330015811285e-02
9.943992195099882886e-03
4.535309912878814076e-02
7.670372036558095741e-02
1.014697068630235482e-01
9.802036171127076480e-02
9.014051866342066843e-02
7.287631727323198860e-02
5.926018909517819649e-02
5.938091507627744903e-02
8.689379311551485852e-02
4.353776530667421291e-02
9.907090106960969589e-02
9.771810206116979258e-02
7.702056688266352424e-02
5.856753206868695744e-02
6.347419813405641431e-02
1.038144613434849595e-01
7.943301221826165603e-02
6.860054652879771231e-02
1.049724437345612438e-01
7.784299278053580240e-02
8.858904643941419021e-02
6.099927131209823689e-02
6.858692518791401072e-02
7.296281461252406009e-02
5.488942914753310726e-02
4.803725410149836672e-02
8.175210874997815291e-02
1.043574166068501896e-01
4.935107693625739866e-02
8.201854350682190320e-02
2.817821521496467752e-02
8.223054867078039010e-02
8.878703839905324746e-02
8.323745568892351732e-02
5.256546673222950439e-02
7.096489937931739489e-02
3.147573313485828306e-02
7.286083539339478776e-02
5.048870056954766344e-02
9.226634042204051589e-02
4.697043434988976141e-02
1.136720135768314321e-01
9.778250479893275948e-02
7.000145676183178178e-02
7.469682061791485528e-02
8.525649350271237437e-02
3.035387736551266660e-02
7.957242680461362738e-02
5.912456208055451301e-02
1.038440080859851650e-01
5.362990734660786490e-02
9.481785112254449699e-02
1.131461749395404615e-01
7.087588287144583332e-02
4.839507681014379448e-02
9.400329866769738252e-02
4.540548769930508044e-02
8.653436375039577633e-02
3.999578616635489359e-02
7.682329639900835339e-02
1.159512386298741093e-01
2.663550247825453854e-02
9.267770341665017286e-02
