2.568637650473419298e-01
3.230146395682323979e-01
3.676084418544371957e-01
1.147684622632510060e-01
8.959668097496342742e-02
2.451395867564489239e-01
1.558566686892906283e-01
1.348748522298293395e-01
1.157956032296494076e-01
4.409265085348085811e-01
1.521134941053875200e-01
2.391010336714776696e-01
5.147771595088868057e-01
5.413259580788259973e-01
4.209249356820897459e-02
1.420053533733625639e-02
8.861396645343183609e-02
1.695761022116933359e-01
9.915218430157829443e-02
3.415804101124863545e-01
2.896370135485512032e-01
1.595913942974800381e-01
7.299439957512422750e-02
1.128595255479805520e-01
5.019711487038719389e-01
1.634544110889538937e-01
3.502027467495529844e-01
3.329111845541713466e-01
1.481676712078756064e-01
2.330547810440002365e-01
5.606846063784630407e-02
3.599288521652542761e-01
3.154271057926868460e-01
2.742042959860946372e-01
2.085503148759080827e-01
1.507261675364387488e-01
5.906102142505815361e-02
2.385321444069538055e-01
2.933340148441398454e-01
1.966208680446863144e-01
1.841999265051625090e-01
2.157797157036302482e-01
2.431141273333129738e-01
1.114739869411827781e-02
1.919321596757899706e-01
4.057498666251586616e-01
4.901687675678025324e-01
3.240718778320669236e-01
5.424926634406671555e-01
9.743964438417795915e-02
8.612923688002803446e-02
3.169715994441888451e-01
2.666138037723354004e-01
4.384555051793865843e-01
4.319278960625289043e-01
4.384890690859861717e-01
1.428410447318341492e-01
1.851514268982007716e-01
1.100479294419621362e-01
1.682482454570628505e-01
5.543769998377880981e-01
1.003439683162071078e-01
6.129949342112713667e-02
4.960435805889117367e-01
4.482282023126673565e-01
8.021835576038749416e-02
8.138277105860042271e-02
3.043851168459037471e-01
1.356324291368552204e-01
2.675916404207823729e-01
5.413442300022270892e-01
4.926324637308402421e-01
8.831057879541559519e-02
1.014656191359868641e-02
1.491835845976438035e-01
2.596665613215755064e-01
3.771552892869929896e-01
5.206164212123813861e-01
4.033654227063038222e-01
4.257309515166047276e-01
2.260864828904867174e-01
5.027633812585115963e-02
1.609355118378171523e-01
3.416070559648444194e-01
7.767159843059398550e-02
3.225381839147779539e-01
4.776704605911744062e-01
4.003483358682460302e-01
5.183039693468564080e-01
4.838780056565701593e-02
2.505641083578259432e-01
3.595384818112800085e-01
6.567258779740965668e-02
3.188873886438065020e-01
3.027196184547885638e-01
1.798700314300743508e-01
2.032731349113277020e-01
1.887564159860335988e-01
1.981839557447863109e-01
2.535198128655526406e-01
2.939640127965841288e-01
5.489130488478686370e-02
3.268890443741838681e-01
2.055531254411540609e-01
9.698478612082647721e-02
4.583101646297865761e-01
4.461322859788559025e-01
5.087850713037432859e-01
3.597715909781729615e-01
4.848259850370087443e-01
4.937766650945761282e-01
2.224277775621620878e-01
1.584840203446528928e-01
1.134996476585367758e-01
3.727837310742699306e-01
9.592179017501284433e-02
3.618735960433264731e-01
1.244389305405100149e-01
5.817278698350667465e-01
3.633075749271313937e-01
1.057253789466416627e-01
2.252897813663722326e-01
1.038945500419044404e-01
5.667479420208261232e-01
2.399075138376121907e-01
2.019606519643396825e-01
2.179458778779734818e-01
1.813755949788796451e-01
2.040623753194805226e-02
1.045368901834548142e-01
2.368458704080431965e-01
1.269263086125627105e-01
2.888962443670474167e-01
5.838747616430521870e-01
7.852445140319501415e-02
1.019496032855919943e-01
2.275002988904086809e-01
4.808439433022116544e-02
3.948062878202664994e-01
1.324396238247522450e-01
4.656626450326571687e-02
1.483486387465004497e-01
2.967912919671993333e-01
5.117157372116698522e-01
2.850461723022439942e-01
2.033152093192096832e-01
4.753406069479245155e-01
2.617135040558244419e-01
5.517001979630220543e-02
2.150182140748696236e-01
1.140400867553964526e-01
6.715305811754791743e-02
2.485115067750568174e-01
2.295820070235999877e-01
2.049440726324061046e-01
2.427406823692093152e-01
1.864719033472208853e-01
5.795600215114446452e-02
3.969170298894713067e-01
3.689117197996447106e-01
7.672600500070204943e-02
4.094667974457625453e-02
2.772072637881976137e-02
5.364337398834433390e-01
3.947952109678927735e-01
1.454061629284666701e-01
5.642942589209153370e-01
1.763096094997487207e-01
4.337560537544594697e-01
3.745177315600452528e-01
5.537896732178112513e-01
2.328516639719922510e-01
3.598914853787024137e-01
1.410423803710401103e-01
2.992395107886759997e-01
3.681446322581968800e-01
4.660324277942047566e-02
2.590595173299675702e-01
3.367222614705612793e-01
2.704809293740672027e-01
8.645464495714690056e-02
1.972041249946105967e-01
3.091067917522535291e-01
3.005406635769093393e-01
6.640915645180704707e-02
9.849582088777603106e-02
1.361078195461646601e-01
4.560971039144532391e-01
4.810544798001906708e-01
5.051262184968273727e-01
1.178798337037786914e-01
1.066138305040737477e-01
9.551432590429378977e-02
1.076376491784449274e-01
5.824136041564527133e-01
1.050021464687966172e-01
5.201637809933757906e-01
1.250901158406639013e-01
2.765908109336553955e-01
5.135175522464403564e-01
1.309549367149849819e-01
5.674497990441562667e-01
1.664144102380126777e-01
1.551824092758593288e-01
4.255620636633395959e-01
1.178846189364975983e-01
1.375113148577852551e-01
1.109309911695650630e-01
1.561862291808993886e-01
5.804751119291111650e-01
1.072274841616933927e-01
2.516647624247281834e-01
5.850243359870351822e-01
1.922215044344816881e-01
7.848297296493719766e-02
2.566018589373391112e-01
1.562128587482406739e-01
5.795954325989910449e-01
5.249338607274067758e-01
3.982468090386356852e-01
9.829402330249562003e-02
8.840905074170779532e-02
2.784189424031111026e-01
1.949858529113760175e-01
1.882442529643824081e-01
9.522326561040275750e-02
4.471791374068076474e-01
5.712599012765285922e-01
3.273654993732551949e-02
3.262108571271001844e-01
3.040979825367728928e-01
5.547628227402012779e-01
3.189415431113759580e-01
3.783432361770545094e-01
1.517611753014504461e-01
2.700793342393906782e-01
7.789835178512485858e-02
7.664774358853412850e-02
4.277480028200654760e-01
2.519784893835448347e-01
3.007644819989063190e-01
2.711025244548300739e-01
4.485591596461016572e-01
6.104376146492498240e-02
1.984208132722448809e-02
5.253339467473931990e-01
2.907041560341380726e-01
8.867824507554793179e-02
7.912776853569880586e-02
9.035755779168118396e-02
4.873780218759140026e-01
2.546193158090433450e-01
2.879764305599452068e-01
2.771172988889045730e-01
5.332779952560324360e-02
3.033244377925467528e-01
9.452624064022165096e-02
4.738184906011059794e-01
2.298906370640348973e-01
3.333297543855928136e-01
1.248189726971349750e-01
2.413355257605574733e-01
5.070533994442186776e-01
1.237271808952819380e-01
4.470862150806544366e-01
1.751825823660822234e-01
3.319844208596418045e-01
5.154469991267922602e-01
5.094813372782664995e-01
4.587614870121816124e-01
3.040979825367728928e-01
9.503796653463691957e-02
2.043126811763761874e-01
5.130348337296241068e-01
4.714763600122888754e-01
4.341507603476956745e-01
3.494846700697326058e-01
6.160522188852245867e-02
2.537280341584989829e-01
2.704809293740672027e-01
7.744313279877156064e-02
1.755738116619025291e-01
1.865569600870929101e-01
9.721616698490730124e-02
2.289970365255975526e-01
3.118962115861015905e-01
8.609613324246527533e-02
5.257347794786007000e-01
1.713658765377397419e-01
8.673923359069435346e-02
1.545111316030147453e-01
5.774837808392538907e-01
7.762797612995893382e-02
2.092233403133199610e-01
2.561272091193664835e-01
2.362167002172523844e-01
2.731130904159355111e-01
4.878269886921612897e-01
4.243693367511654907e-02
4.578658623220105972e-01
1.361176224508057475e-01
1.302890055854867279e-01
1.111884738174948595e-01
3.472234841091589863e-01
4.254979438130637170e-01
1.341628475955547461e-01
1.778226922549199229e-01
9.745268023528713686e-02
9.192268469205175374e-02
4.773503324753003429e-02
4.815801122164927728e-01
8.300695194062082671e-02
1.983179389385947011e-01
4.896846438334136464e-01
3.100454858094030958e-02
8.966762603176470225e-02
2.753885749114052817e-01
4.155034272490308322e-01
1.703120225904346530e-01
2.449577120774535655e-01
1.418056681294555810e-01
1.236305601105239793e-01
2.147276560306863036e-01
4.438900685993488193e-02
1.784766622899086330e-01
3.730013161510229991e-01
1.712053204519426441e-01
3.216202125715836302e-01
1.100479294419621362e-01
3.337343378930802129e-01
2.093860865940617710e-01
7.019859489274350717e-02
3.777500126447230766e-01
4.343559024469991758e-01
7.898134050406226125e-02
9.842781802585650816e-03
1.503884426109217132e-01
5.198000836438426697e-01
2.014865335553086834e-01
2.096059406649010137e-01
3.651924481098355879e-01
1.524177732753511927e-01
4.844270136825837847e-01
4.710913801444553406e-01
3.754308297026551777e-01
1.184691133800914731e-01
3.586347935985941815e-01
3.588728658353359524e-01
5.562424203938809431e-01
3.517506798360810483e-01
1.287009104458930187e-01
9.935510016698390068e-02
2.477753801866415528e-01
5.135194119901386189e-01
1.151996121386048982e-01
1.643570178190589814e-01
1.740096534589265775e-01
1.763476495435244984e-01
3.481900008511788491e-01
3.513438057026705419e-01
1.102525132526267215e-01
1.699382607808672674e-01
2.081734847824474877e-01
4.441278906240686553e-01
5.510589271804877676e-01
1.461499136177860925e-01
5.394159728396450415e-01
3.908692499842972984e-02
8.491380436184527147e-02
2.162804034690845589e-01
3.550642191825320593e-01
2.286954403046043138e-01
1.880672449233344035e-01
2.495120985464635011e-01
1.683071538075028850e-01
2.843090701357475769e-01
3.689117197996447106e-01
1.665893729377667110e-01
5.074085965958174960e-01
3.841404878763466368e-01
2.341971519686737446e-01
4.160556811098944374e-01
1.387888645874559013e-01
4.041604891989900028e-01
1.181542996209696827e-01
1.713647907746216614e-01
2.252563227964465009e-01
1.528843209602570308e-01
1.097196171729462461e-01
3.229522099719216999e-01
2.813300494619814240e-01
2.779104472855191132e-01
5.616162058872338214e-01
1.460048711825208956e-01
5.407380647084931713e-01
3.472234841091589863e-01
1.506746398626030992e-01
1.632406315380600381e-01
1.536634839644409334e-01
4.728831648270052090e-01
4.815801122164927728e-01
2.664186810806538630e-01
2.073935370218182514e-02
1.987398923273616391e-01
4.721742211046952575e-01
3.039182839630845678e-01
4.342287273859488650e-01
4.717699572614524328e-01
5.783336026393706142e-01
2.059508022024027496e-01
3.346586844655404791e-01
3.014994707029837739e-01
3.062095723188911767e-01
1.962479363313907599e-01
6.221320158890826513e-02
1.037878596099815476e-01
4.152194437282079320e-02
1.617715247037972703e-01
2.659056225272431462e-01
9.036962886427626906e-02
4.826370581355698963e-02
4.872389388187698955e-01
1.171509116594164485e-01
3.620163760624479643e-01
4.382681721699840244e-02
3.516706309643983785e-01
3.139280126796853976e-01
3.395210570341229694e-02
7.541222970453172192e-02
8.021835576038749416e-02
5.245696822545671267e-01
4.213092464124031100e-02
3.947891012897188912e-01
3.232046518048742878e-01
1.560530796416532417e-01
1.504320715984781842e-01
2.274369724904018175e-01
1.716681132832914292e-01
1.286210764511318272e-01
1.646455198625943750e-01
1.972711648068109502e-01
1.821822034599265838e-01
3.472234841091589863e-01
3.294441578385667313e-01
1.253624899528952286e-01
1.282277359891674240e-01
1.979712692790800421e-01
4.363924444546283810e-01
2.112514109313710919e-01
2.089486607912754423e-01
5.555719571785106004e-01
3.839049596078736859e-01
5.667271084699502248e-01
1.834696633871263638e-01
5.400514663499781376e-01
2.678485550003920773e-02
4.371291628528085615e-01
4.042082113041838842e-01
1.932999382605903038e-01
3.044964987735125916e-01
5.079808876665716788e-01
4.360612625052843749e-01
6.262259524474624028e-02
2.104732862973701935e-01
9.661723480026913891e-02
1.254000192467292774e-01
3.250369494045907137e-02
3.274145252755770730e-01
5.069891753785188415e-01
4.983777115617973874e-01
2.856912487739716733e-01
6.561418145449057771e-02
2.122442196307611495e-01
2.104732862973701935e-01
1.610894770671960075e-01
7.283154053437797260e-02
1.006473822186231687e-01
3.854533623400032138e-01
2.457189757272098818e-01
2.375488894011110463e-01
1.887485526166274574e-01
1.763372333466528274e-01
1.648919973320233379e-01
3.721033240009477550e-01
3.652535715669119609e-02
4.101310781141366268e-01
2.783053393994380231e-01
4.983198186424254161e-01
2.671843631056319834e-01
4.279548510262750072e-01
3.869259909565948563e-01
1.748466040053743287e-01
6.073723459403602282e-02
2.312970766122324495e-01
4.510922132978463783e-01
1.543222108897383538e-01
2.173624805619573386e-01
5.598183690777673860e-01
3.590064134759674702e-02
8.923616226569411336e-02
1.681975105049742306e-02
1.091409057340315403e-01
1.512277019764977082e-01
1.025193649842890548e-01
3.010956151650089341e-01
8.863138715656516953e-02
1.063312409780606815e-01
2.129775183418194939e-01
2.447828394494060977e-01
5.679782356223223028e-02
2.912357529903257247e-01
1.973926375764663010e-01
3.781728576311184087e-01
1.162869302208107553e-01
5.430962873869999985e-01
2.589122073644725686e-01
1.387888645874559013e-01
1.367240809119414369e-01
2.773931619819916539e-01
5.378358252221313585e-01
3.781728576311184087e-01
1.701071859282651255e-01
4.101310781141366268e-01
2.709702434775178581e-01
2.607561641144480746e-01
1.963423033475257817e-01
4.932222354453146274e-01
1.967016525106174418e-01
5.041050606602777151e-01
1.375387271989679805e-01
2.996670989821594300e-01
1.278256625919207967e-01
5.094214607202495609e-02
9.539007711007621571e-02
1.676824787219319268e-01
3.137416010036206404e-01
4.626839084982777295e-01
1.878450573786526190e-01
1.104449118986234324e-01
4.277480028200654760e-01
3.745169224811633057e-01
1.178798337037786914e-01
6.035402926448808075e-02
1.025193649842890548e-01
1.452642671703107402e-01
1.874822432297781616e-01
2.542019739802316991e-01
3.413564648453343980e-02
7.184305979673685782e-02
1.691706972628815309e-01
5.325977437834631401e-01
5.597737378691759469e-01
2.771172988889045730e-01
9.585424495695814284e-02
7.520066229555115445e-02
6.290906505303398011e-02
9.741926432373310130e-02
2.886774395581706010e-01
3.374534787692632376e-01
1.741215064607252450e-01
1.264387387545077845e-01
1.427650753863709543e-01
4.010226139330099748e-01
1.401171089753642518e-01
2.622920450124694991e-01
1.452799259658405229e-01
4.927743028208727560e-01
5.780190078131750564e-01
5.143278133384991957e-01
2.048201253227405760e-01
1.863203907222755473e-01
5.249926581648276525e-01
5.550452436751067420e-02
1.677716527363042609e-01
1.692730485820494735e-01
1.119565450318261435e-01
1.710797105960964459e-01
4.971381948208691837e-01
2.591045154923623528e-01
2.162013901795630244e-01
1.339419626319909296e-01
3.680729518146677592e-01
1.562004317552670163e-01
5.413259580788259973e-01
1.171509116594164485e-01
1.772741005703369899e-01
3.233007283424234601e-01
1.198290363972653177e-01
5.831815774267294916e-01
1.907592809006894707e-01
1.088249407055656010e-01
8.843766071110129023e-02
5.287605608836489779e-01
4.680249830903223107e-01
9.817939318988849751e-02
5.143278133384991957e-01
1.139507149416203458e-01
4.342863324876669040e-01
6.059589022587404811e-02
2.406071698076747145e-01
3.516687573884946794e-01
2.860902374672467663e-01
5.414897765557881160e-01
3.057817019627947497e-01
3.472234841091589863e-01
2.438205864216870522e-01
5.413831714495670466e-01
2.017761268519375761e-01
1.112657785240918490e-01
1.210714786181418118e-01
1.744011380121666954e-01
1.600587653229195717e-01
4.784809583798169119e-01
3.094936046528973250e-01
2.112766286718101016e-01
8.659525119574187912e-02
1.357915567328074058e-01
1.078270573316500586e-01
1.758607333968529030e-01
5.728395388768103835e-01
1.911520123081821843e-01
1.892760366272908459e-02
3.191163897774625946e-01
3.305228010546093498e-01
2.776813453654710107e-01
3.416278471422032892e-01
5.382586443331187631e-01
5.784723123884112361e-01
3.787547859597699129e-01
1.737529644102448201e-01
3.349941521734948191e-01
4.907376402964070961e-01
3.796686526491049873e-01
4.792421206147172708e-01
2.189853506957073759e-01
2.018949866668453275e-01
4.971252864838620056e-01
5.010894877215998910e-02
4.522124352675897518e-01
4.901011261830637289e-01
1.462930398529029286e-01
5.835570803391393335e-01
2.959711365543465922e-01
2.879764305599452068e-01
2.373457723561949173e-01
1.271764166667084250e-01
2.119348395067628399e-01
5.459127927986169304e-01
2.503244060678231353e-01
2.323661201706178903e-01
5.191166972988343620e-01
9.773512270992605611e-02
2.892320020512027523e-01
5.288511692958549615e-01
1.801931537069288713e-01
2.397325564648515317e-01
2.192950309879559412e-01
3.582067032716845789e-01
5.785679935255083617e-01
7.814570632329342903e-02
8.300695194062082671e-02
3.489369464133665888e-01
1.483278460632974916e-01
7.455274059516228680e-02
1.553630666589154719e-01
1.707241710386501743e-01
8.167807357458002626e-02
1.210136599229438836e-01
4.538976970195794380e-01
3.238921208413544917e-02
8.645464495714690056e-02
3.766195566532852812e-01
4.802911647547224994e-01
2.032817370308620253e-01
2.110023906210571065e-01
2.080885536064700642e-02
2.188730164828592284e-01
4.330488320460385565e-01
4.938466155337423169e-01
5.564137361793756176e-01
3.147532064945142150e-01
1.931320383208460778e-01
1.888326689160421401e-01
2.826104654348051137e-01
1.690821771042013699e-01
1.076376491784449274e-01
9.365223209895691403e-02
2.129478327777667990e-01
9.481382882758412900e-02
2.244463797095344881e-01
3.392137290085842777e-02
7.865609731123288095e-02
1.064232573904173168e-01
4.500773355035183609e-01
3.335565963551170854e-01
4.539880359125629261e-01
3.861335611074045993e-01
4.853134469276326746e-01
1.559569521278846849e-01
7.783153327892844420e-02
1.133464851074217072e-01
1.931302698208998414e-01
4.178756881098448783e-01
4.483021176412128050e-01
5.091830954221909789e-01
2.824484112108148759e-01
7.842406251586794830e-02
2.468574089158381002e-01
2.535198128655526406e-01
4.429096063222102697e-01
2.336589839165043037e-01
2.801050554497410694e-01
1.317522293271349287e-01
2.949127081239095727e-01
2.103030306618385581e-01
4.904571501496274299e-01
1.025645258535136939e-01
4.416089639831983216e-01
5.265058471372326965e-01
1.705944860174608835e-01
8.706364048840389835e-02
6.480579497590903404e-02
2.276899121639208712e-01
3.057817019627947497e-01
1.874857270355570205e-01
3.372324552027665123e-01
1.307470629868987266e-01
7.328774523257655660e-02
1.294546607726934917e-01
6.159877789781592616e-02
3.690247703420176939e-01
1.264387387545077845e-01
5.684921129695313935e-02
5.798088469864443040e-01
3.746338298210117324e-01
3.850985624674797547e-01
1.433827559922521144e-01
2.008559279081023052e-01
3.110878227423966580e-01
2.610125934435106321e-01
7.338078835305886227e-02
3.598725857774118797e-01
3.652358170984332797e-01
1.456750840686460158e-01
1.118754578312141923e-01
3.082159606922417749e-01
2.578575089358443873e-02
1.907249265968329055e-01
2.150182140748696236e-01
8.012432845184021268e-02
2.885614436905074576e-01
1.732867309417969459e-01
1.788592444838812134e-01
7.310158778613647101e-02
2.147311426827855363e-01
6.985838915870619392e-02
1.782777871305257222e-01
1.768804022471418685e-02
1.621280899432876177e-01
2.217396751385530829e-01
2.180914342297708697e-01
4.240864042245297560e-01
1.139768230987943665e-01
1.407602267368673887e-01
3.857239938023264147e-01
1.433391504303105080e-01
4.853134469276326746e-01
9.096448213822105888e-02
1.255919828420263562e-01
3.440820604203179145e-02
1.481682837177664969e-01
3.792703316084701237e-01
1.058922766850823871e-01
1.584408675803573030e-01
4.826792546009223139e-01
2.201085733199638073e-01
4.458373159347545078e-02
1.483313848043787686e-01
1.472370502923930902e-01
2.855782485212298161e-01
3.417970660334073707e-01
1.744011380121666954e-01
4.776328762600415279e-02
4.758288424698717267e-01
4.870636281106959786e-01
2.551545043266945645e-01
2.578575089358443873e-02
1.484459916248921096e-01
4.031134048933800867e-02
3.146723408180241988e-01
4.646332906382976691e-01
2.646340519656417145e-01
1.461499136177860925e-01
2.578793618754312567e-01
2.189147285597846104e-01
9.636400048986604183e-02
2.241322464266498338e-01
1.824540037138030479e-01
1.689019991322687486e-01
5.817433234233646694e-02
1.107434555056142078e-01
5.175154755487508806e-01
1.798818441816718017e-01
4.002376652043230232e-01
3.142139188531117844e-01
4.942281121549666478e-01
1.100053184456854932e-01
8.550402522582664644e-02
2.375450407636184036e-01
9.745268023528713686e-02
2.023937436247777166e-01
4.974737770775517487e-01
1.973926375764663010e-01
3.534358846286203559e-01
5.334464709268107452e-01
3.852840894179754838e-01
4.226666644968163356e-01
4.653802608931881801e-01
4.324854065475827736e-01
4.995303600452672410e-01
1.763426617423011211e-01
1.792571673078808547e-01
6.541775035145329376e-02
2.406558155402367394e-01
2.407609489780945106e-02
2.914380242272577859e-01
4.548913269009405846e-01
3.369374731801844103e-01
4.619663852204966004e-01
4.485252042249811971e-02
9.295031875547875300e-02
2.580684867792377296e-02
1.421726685143903934e-01
4.292243756439970692e-01
4.611827474678471817e-02
4.355979520543937777e-01
1.877406305784818860e-02
2.562993854040072073e-01
2.589856215584484533e-01
5.987055402074001331e-02
4.019932128080050404e-01
3.345770555834791660e-01
2.546194955301051555e-01
2.986876284683405713e-01
5.844319564921681698e-01
1.340943002459175359e-01
3.113859312685482994e-01
2.141095884543412209e-01
2.276536243089362088e-01
5.288511692958549615e-01
5.615667967628644452e-02
2.188214268108843452e-01
1.402217833596160201e-01
8.710937428482525002e-02
2.399323213436517777e-01
3.480285649316950392e-01
3.893936150533512663e-02
5.731536765005225409e-02
4.472539492741614553e-01
1.195317255283454144e-01
2.522097879905795259e-01
1.485117961980239876e-01
2.028125668496716660e-01
1.893277652427974300e-01
2.398511277802376496e-01
1.006473822186231687e-01
3.477839457621269559e-01
3.800748597928219064e-01
1.229152244144152278e-01
6.816798475451923967e-02
4.828344154105102676e-02
3.687272118252082898e-01
2.589321126318229749e-01
5.238524697018249743e-01
4.545125928127360937e-02
2.225142394758629072e-01
2.201859577832806503e-01
5.090620145232220839e-01
9.967882198283048445e-02
8.043923105600564449e-02
4.694136707549122489e-01
4.958906409024567696e-01
3.503493394600147304e-01
1.167965617152793845e-01
4.835183911335864670e-01
7.081705775981508855e-02
1.720788048818866212e-01
7.546339381790434508e-02
1.980306219751550578e-01
2.774356561715771718e-01
1.367975986600421801e-01
2.021300264291301940e-01
1.937249778736894745e-01
5.709164319205592419e-02
4.878037200131276618e-01
2.465200694639087253e-02
5.031745630261221791e-01
9.231946498792975575e-02
8.484252700259736768e-03
5.713269802746000492e-01
2.967912919671993333e-01
3.537525022514870221e-01
2.261343132568847669e-01
1.364592468874651077e-01
2.648868611178544774e-01
1.123420356001843257e-01
1.044477286258006232e-01
1.458153380127736598e-01
3.154067295558338202e-01
1.741215064607252450e-01
3.417970660334073707e-01
3.160665762889127151e-01
2.166782403029621218e-01
1.077440059956082108e-01
2.110023906210571065e-01
4.210636301324948150e-01
1.647313139095208656e-01
2.817570886464081936e-01
5.137707909417704721e-01
1.722337309300618347e-01
3.102514791353064294e-01
2.011021854015244137e-01
2.846046670249443578e-01
3.054553526966093946e-01
1.190614934183010093e-01
2.553254580315240108e-01
1.991648364413816652e-01
4.231323083587748557e-01
3.597715909781729615e-01
2.164297470616358687e-01
6.175332113159977265e-02
2.068896486197008833e-01
8.641772103616442158e-02
4.445884113408919425e-01
1.594192941773901195e-01
3.466061755591506310e-01
3.465956735180126397e-02
5.807863651704420205e-02
3.001797413808084403e-01
2.089486607912754423e-01
1.569530128719090201e-01
2.189909604599388909e-02
2.145547854779436270e-01
3.185296835359048839e-01
9.776100058541747906e-02
3.482117959889879377e-01
1.002093407274127768e-01
5.770874590634655910e-02
1.626084225754312329e-01
1.448620149893282139e-01
9.630477346390652060e-02
8.012933065632441010e-02
1.274274834035350468e-01
4.200631575154366582e-01
1.045507314430349916e-01
3.606295645644252423e-01
1.615597165205427954e-01
5.841934142896152427e-01
3.656514319519660328e-02
1.086758667289597774e-01
4.018694478546687709e-01
2.145507809238162145e-01
1.380871335369786290e-01
2.196196042593380748e-01
5.939662294505108214e-02
4.086476748082319421e-01
2.026800388888821414e-01
2.540033830351197675e-01
2.162461950454822313e-01
4.884994608216355894e-01
3.745169224811633057e-01
1.398622670262838485e-01
5.777373392173753563e-01
2.369446186605209392e-01
3.460350524173914089e-01
1.003439683162071078e-01
2.314289993259985301e-01
3.346493828986447927e-02
3.833924199958227419e-01
1.813819862791760384e-01
1.436642710472425255e-01
2.855860428962624931e-01
4.042186384976923508e-01
9.834350872600225446e-02
6.073723459403602282e-02
5.835752059723916529e-01
8.094963510288295805e-02
4.328543187595557118e-02
2.586135337755109953e-01
1.119214837342474150e-01
2.214043988729395007e-01
1.287726702305098947e-01
1.075511953345051064e-01
1.210349652404558579e-01
1.934624808955492936e-01
5.485513928841222464e-01
5.618250413567941193e-01
1.002437077525861614e-01
5.538728992618175556e-02
2.113637370760881040e-01
