1.816294554146458684e-01
1.595542841152424174e-01
5.265154760624254915e-02
1.365142622640773962e-01
5.103700246413198083e-02
1.041609502908383417e-01
7.342383402605148768e-02
1.086181237706847075e-01
1.365836272598509593e-01
1.306977502933524271e-01
4.962025657759474434e-02
6.417933560609380417e-02
1.638298437481969239e-01
1.954003645735305772e-01
1.705503454378230199e-01
1.009089858069473489e-01
8.559135037447469785e-02
1.645877206749791766e-01
1.319870969719959541e-01
8.517755727020899503e-02
1.707763670772914910e-01
9.198761378052403015e-02
6.776074423990462170e-02
2.120404363286864657e-01
1.756039171173345570e-01
1.597415450601662457e-01
1.336354102170419500e-01
1.139788845904775305e-01
1.636519927336531344e-01
1.329615871121506837e-02
1.137681527365273365e-01
1.419276966343811508e-01
1.904377591261428859e-01
1.014735936772115932e-01
9.743247425115376947e-02
1.612273292601884567e-01
2.007536663730124515e-01
1.965990346528982413e-01
8.014924328772962681e-02
3.676869656511105866e-02
1.688192543713114835e-01
9.272631589985450007e-02
6.860174814764344320e-02
4.100327536271505119e-02
1.897873994975623479e-01
9.859922938984433394e-02
1.833129202100292066e-01
1.617809526669830300e-01
8.334581735850039863e-02
2.009259638939468740e-01
1.082910209236496307e-02
1.395673621073978410e-01
3.106996309307301363e-02
8.182081357467900495e-02
1.623425328344417218e-01
1.283284403432498888e-01
9.862055142709398592e-02
1.513907639652571913e-01
5.519730243288632765e-02
1.690649136432505473e-01
1.621669665827520923e-01
1.349521329868274000e-01
9.881522977376321071e-02
9.465007567240292519e-02
1.826495376091362421e-01
1.635646576614266032e-02
1.920205552818016470e-01
5.344875877237872941e-02
8.032848031904267494e-02
4.507625744047213251e-02
1.224617871485033233e-01
1.840086330793970770e-01
1.988145337934102419e-01
6.933849426403122795e-02
5.711163255349765988e-02
1.073578746967019243e-01
1.236479323497078758e-01
8.414872387073714377e-02
1.185461944976982790e-01
8.471322341638065634e-02
7.423460543918547483e-02
1.125239894524701356e-01
5.026287163397501895e-02
2.117754852363217533e-01
1.239329696372144796e-01
1.934350018476751476e-01
1.253028727898259087e-01
7.438714750450817204e-02
1.188654795412360521e-01
2.056510725018202701e-01
4.159553045526345749e-02
1.289154464051803506e-01
5.373441765013971250e-02
1.732901002541873681e-01
1.138926363741861042e-01
1.984292007645723499e-01
1.160089796024238729e-01
8.074549340400642705e-02
8.080520785464900824e-02
1.907618040807888826e-01
1.150933048084189503e-01
1.313053674492271616e-01
6.417933560609380417e-02
1.142068632297598002e-01
4.854781644723529799e-02
4.619641351950356384e-02
8.721290056703057125e-02
1.987969845241562283e-01
4.483001498110017469e-02
1.454584403997723485e-01
1.175620178266940374e-01
9.673902761492012004e-02
1.452488486514226795e-01
1.390317045325857315e-01
6.346977344046864089e-02
1.243599274979980407e-01
9.895713375799691791e-02
3.591534086767123740e-02
1.210495760143416866e-01
5.459786228295458732e-02
7.428519530845595353e-02
1.981374270167796103e-01
1.379348069765553852e-01
1.138926363741861042e-01
2.000279078686290901e-01
1.387847577419753509e-01
1.637496031272664410e-01
8.375731634355595978e-02
1.107223220170082817e-01
1.135960732475174428e-01
1.861117376221173014e-01
1.765982604179132665e-01
1.273917154354813619e-01
1.570950926714996532e-01
6.013393258323285889e-02
2.609393502409751431e-02
1.977051067152557629e-01
1.711773659592375763e-01
4.165880733832323657e-02
1.914050730231701136e-01
1.007825975899388771e-01
2.296708606426556970e-02
1.299582689097950050e-01
1.721549663229161309e-01
9.955177415001081886e-02
2.093901956987381519e-01
6.360974149001012712e-02
1.938575250316971199e-01
1.189673592739012853e-01
2.041844730624072235e-01
4.350150107700210406e-02
1.435675449012547567e-01
1.056362450275602632e-01
1.814228883267283154e-01
1.039369663268126937e-01
6.493531026071368284e-02
4.132158461170760272e-02
9.380048228662722642e-02
5.274951764671549637e-02
5.980219013369425518e-02
1.359629546768931774e-01
6.224597830416214728e-02
1.412087731421620418e-01
1.150964674621006850e-01
9.009596270770559023e-02
1.841112621322030518e-01
5.355764270682262379e-02
2.674136906934993299e-02
1.759595722502546311e-01
1.867217910626758348e-01
1.277929623620346899e-02
9.302665210457494727e-02
1.255393475429880390e-01
5.400242429045040010e-02
1.635921041323815939e-01
1.956326428143992935e-01
6.381889651178342115e-02
2.891177831541098808e-02
9.016226683285689936e-02
8.274547340481026858e-02
1.489433837291173068e-01
2.105492924142418065e-01
4.172659345365542505e-02
1.782168971084330811e-01
7.528464627379513607e-02
6.445864185630872933e-02
1.025411437677075238e-01
1.141239945248921223e-01
1.091724881323080099e-01
1.930252078802192350e-01
3.367932614491922494e-02
1.988149559522670862e-01
1.639119323805658668e-01
1.652954429784245227e-01
6.776074423990462170e-02
1.174936009359832251e-01
8.224337718023019828e-02
1.269693621632150549e-01
1.679434508689973682e-01
1.827694885244017797e-01
4.682682998926860490e-02
7.037977391413668959e-02
2.054124077976398066e-01
1.865741647719064145e-01
1.923638934036902004e-01
1.743306427334917752e-01
1.794410313516141275e-01
1.276465354017884413e-01
8.739834520304622101e-02
6.376626906762557223e-02
3.944444562974474405e-02
1.933376249150501325e-01
6.356549234804602377e-02
7.331999663055389915e-02
1.783923317979166923e-01
1.267093675169818634e-01
7.291359141373392194e-02
1.109424559115058662e-01
9.025185699900883929e-02
5.373142182304355141e-02
1.877638607409223004e-01
8.621772765452287435e-02
5.380421969202994759e-02
1.488805220137376095e-01
1.955429211947737611e-01
1.801286117180881385e-01
1.715459093457357698e-01
1.606991791212867005e-01
2.041844730624072235e-01
5.110881125174228379e-02
7.947092610040605576e-02
4.777302683061579458e-02
4.492788188158940155e-02
8.876857672662619159e-02
7.653559166223623811e-02
1.753563777200029539e-01
1.245691376939802864e-01
1.108502995260740864e-01
1.400805581814824896e-01
1.964596900487725895e-01
6.731401770519593319e-02
8.546405957766231576e-02
1.197573037470735374e-01
1.612273292601884567e-01
6.366305553465473333e-02
1.833129202100292066e-01
1.478083301533074656e-01
1.613887718242985603e-01
1.394273142063408577e-01
2.105637138555486176e-01
1.055221553050763317e-01
1.101446812123566127e-01
8.592027339963578814e-02
6.250759124973984115e-02
1.396327573191051274e-01
8.063902756456201026e-02
1.117267785912697334e-02
1.060155421839787115e-01
5.176752682348656487e-02
1.532722030533318347e-01
1.732646462575945789e-01
1.229837448887747403e-01
1.825906154856794528e-01
1.076680723788320942e-01
1.648553923681046196e-01
8.384289565199264105e-02
1.407890799027320672e-01
6.227593858360394585e-02
6.460170962775232950e-02
4.222932925134368493e-02
8.957456333775515311e-02
1.260413297089845175e-01
3.549682759853924757e-02
1.702732619317261220e-01
1.904377591261428859e-01
1.506180206852006931e-01
1.029763847743620300e-02
1.359803832753433972e-01
4.261459992873145586e-02
2.007661297356845009e-01
1.341438238070076783e-01
1.891115019001583103e-02
9.881522977376321071e-02
1.285195822043962710e-01
1.374754479441141208e-01
1.749495156601532653e-01
1.837429697996204037e-01
1.080303972524648548e-01
9.061293430837903673e-02
1.046241268122816426e-01
9.545875840106582411e-02
2.752075776106885016e-02
7.463529201265495239e-02
1.593089607130271090e-01
6.194402774376669973e-02
1.862234491336273723e-01
1.506324935156233003e-01
1.234134334618764706e-01
3.304949945797641675e-02
3.955591199115407464e-02
1.718279500041301755e-01
7.682435420452078667e-02
8.877344991979692346e-02
6.013421662277010360e-02
1.120573916045512763e-01
1.788383162915320179e-01
4.358615082882126568e-02
1.036642790482494858e-01
1.075561142232837053e-01
1.465782869220673690e-01
1.946773132297600906e-01
7.849821208220617019e-02
9.596917781221282751e-02
1.235995923275092501e-01
1.703262282087545376e-01
1.285652556342829211e-01
2.005928095760531327e-02
2.028792833533006046e-01
1.457975487251197133e-01
8.617528268547360037e-02
1.312628846002539262e-01
1.977342039176935851e-01
3.791499839729046278e-02
1.202239512812546540e-01
6.745112818216157657e-02
1.717537981372115607e-01
1.353871053998201013e-01
8.132421880406584536e-02
3.131706603039623171e-02
1.455587438353040108e-01
8.819907163097040481e-02
4.777308039327481104e-02
1.048884210484449242e-01
4.506621304871261113e-02
1.665677008200071585e-01
1.154167336119184817e-01
1.813872776014559263e-01
6.808065010048204579e-02
1.486930433821588848e-01
2.077935707235963048e-01
1.667515661317017783e-01
8.746215263034215481e-02
4.660836895662327090e-02
1.777103182473802334e-01
4.653829530428273131e-02
1.757572436749999800e-01
3.021772917668829120e-02
1.883881025008697363e-01
1.066902710918666425e-01
1.873543779340018089e-01
1.733698143026828620e-01
1.752381088878929571e-01
1.550147486040185374e-01
1.255393475429880390e-01
1.772434405754633180e-01
1.638885076450834477e-01
1.090911362167659715e-01
3.397295313429855856e-02
2.155415881578011741e-02
1.775691089854315174e-01
8.174319568349491805e-02
1.474736384720037041e-01
5.358602210370427138e-02
7.649760303018426910e-02
1.473362723234281080e-01
6.808065010048204579e-02
7.491924250740596147e-02
5.903305825546514840e-02
7.028640786571255239e-02
2.008130496064121917e-01
2.568050607518774370e-02
2.148528844953450645e-01
4.354553160672026274e-02
1.338888951751875667e-01
4.837028479478202442e-02
8.459053502785754408e-02
5.458697786875611746e-02
1.653930972150631229e-01
9.810575394021558981e-02
4.246596144454940075e-02
1.934524823233641500e-01
5.350142855457834523e-02
1.970135710734085277e-01
1.378985501741595010e-01
7.780218722827422773e-02
1.777711085371861954e-01
3.171405719308593302e-02
1.690649136432505473e-01
1.710174966317654643e-01
1.521395454412650672e-01
4.232092815676351955e-02
1.098041858055284758e-01
1.403152711552995979e-01
1.163221549477249372e-01
1.983367555817970931e-02
1.229822269086289499e-01
1.793606194074930382e-01
1.131003746577446123e-01
1.024135990832858167e-01
1.490720977560123506e-01
1.279991032497834746e-01
4.962025657759474434e-02
2.070777601874814189e-01
6.740041217415980446e-02
1.841006108370596417e-01
8.191760246939898404e-02
2.018844529551493128e-01
8.005627130987311157e-02
9.770797670733916140e-02
1.327559726999318901e-01
1.985990588333987339e-01
9.379897744840275109e-02
1.288202142784622972e-01
3.293693697335926818e-02
2.245872919344778229e-02
1.740468134843486114e-01
1.807038104887290775e-01
1.486930433821588848e-01
1.629867624033568829e-01
1.649311567088661279e-01
1.796341690723100015e-01
1.405550585676709763e-01
1.312839919238696640e-01
1.618788666252695685e-01
1.427258766180018179e-01
8.853897394061389925e-02
1.785342328321594396e-01
1.159598322439887169e-01
1.537947732713945415e-01
9.260038584797049277e-02
9.393283171173250068e-02
8.591724684427889946e-02
8.026692142534590235e-02
1.082587875243598424e-01
9.477490672999001886e-02
1.564926582707922287e-01
5.084112106049342578e-02
2.002689798192567594e-01
8.507174975805159578e-02
1.435073399123241444e-01
1.400135365689612610e-01
1.803605497241420330e-01
1.026738660970134970e-01
7.319002288822135105e-02
6.438027918469371724e-02
1.633007457342010582e-01
1.661783278478571046e-01
1.994095487235791608e-01
1.749579522628751105e-01
9.521714291657951135e-02
8.632566823381122856e-02
1.251146208764293832e-01
6.949435798537774434e-02
2.037993630226989650e-01
1.492062319347168542e-01
6.560839432773267477e-02
1.323455374068942536e-01
1.370952554908468624e-01
2.069824873645145086e-02
9.492905734306263110e-02
6.487718796752088568e-02
1.892361843922837350e-01
1.611935265603418599e-01
1.992201507939907190e-01
9.271068641061423754e-02
6.187795132320545594e-02
1.007138091716296424e-01
6.096720087911800673e-02
9.195986509503892292e-02
8.335324049835120264e-02
1.204886336264189561e-02
1.254691229948450282e-01
1.867655178085434187e-01
1.333149258591135866e-01
1.478083301533074656e-01
1.587058136125402974e-01
2.096845050751278139e-01
1.805620474381928742e-01
1.608597310254469837e-01
1.188326827422670345e-01
1.169850295577851661e-02
1.733386077128162284e-01
1.416966111449023957e-01
1.665902160652936725e-01
1.553571348163578780e-01
1.633597824781998775e-01
2.025481102862839444e-01
1.199895462170041255e-01
1.633007457342010582e-01
2.370206818346004204e-02
2.038700659512416857e-01
3.022167402193744537e-02
1.567479888435073243e-01
4.617432942687905995e-02
2.115937332163338180e-01
1.636253948422320970e-01
2.027041352883062475e-01
1.357120549255421138e-01
5.468356849339752607e-02
3.522898535814365795e-02
1.341438238070076783e-01
3.643368888307393222e-02
1.579286275927354877e-01
9.531327540499079376e-02
3.721822805624280806e-02
1.902637677374716674e-01
8.575312763714924846e-02
1.620561271485297661e-01
1.077190382164736754e-01
4.076794977644411511e-02
1.795692025917766665e-01
1.853384595488442033e-01
1.632629921835362929e-01
1.368616845226008627e-01
2.135207186042239746e-01
1.618707209614526910e-01
9.270559988876982127e-02
1.982894069036366114e-01
1.406698089378539129e-01
1.846489613885482495e-01
1.624786602506962940e-01
1.322086909294956369e-01
2.132186174730841405e-02
1.419013570641410038e-01
1.829867247257268292e-01
1.300756837796670784e-01
2.021641984258867319e-01
1.339285640660233256e-01
8.684698876483394614e-02
1.879701600384305060e-01
1.129899836705238331e-01
1.462047402595528511e-01
2.014673890027823266e-01
2.040060684925218693e-01
2.073096134894248377e-01
1.786452130751770284e-01
7.701020950771987617e-02
5.269042192735674118e-02
9.992173235965080835e-02
8.625590348355197112e-02
1.988149559522670862e-01
2.949513830631130679e-02
1.244577790665270106e-01
1.186231737143756543e-01
6.232098421574071984e-02
9.551352575070744255e-02
1.382912788352038957e-01
8.187245599757786430e-02
1.101884199023822758e-01
1.585715615126998823e-01
5.136895068855506369e-02
1.095977575728209474e-01
1.007138091716296424e-01
1.077022713051479369e-01
1.883895943033844778e-01
6.154168046203830483e-02
1.487695852714940314e-01
1.269427192257709669e-01
1.674708953427940517e-01
9.166841175143684850e-02
8.402414487174840463e-02
3.423155041483847555e-02
1.009983634928960788e-01
6.089690304233210533e-02
1.032473866743901375e-01
3.893336395475856943e-02
1.396031092814484786e-01
1.181670541838892030e-01
1.722423995974188549e-01
5.041338901024282337e-02
4.559720172646230391e-02
3.922840760726337139e-02
1.989638519980863607e-01
8.757890562774109378e-02
2.838667335688662210e-02
1.493055531580575190e-01
1.789109961704562490e-01
7.120334879990332377e-02
1.065842612759245883e-01
4.074330727085377635e-02
9.650700737858154687e-02
1.582451989699612538e-01
1.106840075882503660e-01
5.739710172769467433e-02
5.644502096535812530e-02
1.179077109956311459e-01
1.665659822336786888e-01
7.641601279386363299e-02
4.808149774128993303e-02
5.592718075899049540e-02
1.541401608391946010e-01
1.842765541698190568e-01
9.754297252131749474e-02
2.019760960971801189e-01
1.875199063987774140e-01
1.500994900225648965e-01
1.287324628973716967e-01
8.361072219199175426e-02
8.670165925548464769e-02
1.089711866853878830e-01
3.169298906845455926e-02
1.095977575728209474e-01
1.053367079211549040e-01
1.513949706264853257e-01
2.052773787968959762e-01
1.288336800046930297e-01
8.757313848712054705e-02
1.855761334765900494e-01
1.433252830957630342e-01
1.469684537099153199e-01
1.044449540915258628e-01
9.013939263471576480e-02
1.018913053689930737e-01
4.122174383733137604e-02
1.448665767532089366e-01
1.432906530801209000e-01
1.031449682822284664e-01
1.521395454412650672e-01
1.088411508471167910e-01
1.781432379299177637e-01
1.708244099690038598e-01
1.313053674492271616e-01
1.824197482965813355e-01
1.307040414767688119e-01
1.969074045604812251e-01
1.402906099647840688e-01
1.553534746739747285e-01
1.153727997639453218e-01
1.772546821564712771e-01
9.233937777104435363e-02
3.687985589749757931e-02
8.732951810039464580e-02
1.821778010773939804e-01
6.550658706251361041e-02
1.006916945105283678e-01
1.268218041674318841e-01
1.495337565992461704e-01
7.822298558015190750e-02
1.939130021221991407e-01
2.058181848430252481e-01
7.231008138391877005e-02
2.479904428471239181e-02
1.070540763376803400e-01
7.274676062785725983e-02
1.089932113486228177e-01
2.147392038184639251e-01
6.224638809469689588e-02
1.148450788795912919e-01
1.226818423573801248e-01
1.633007457342010582e-01
1.037253911600452411e-01
9.754297252131749474e-02
1.154459086164376369e-01
7.335294504920111813e-02
1.397852313307539618e-01
2.022856086200206516e-01
9.331483480870157721e-02
8.654121963058547529e-02
1.007939914294151001e-01
8.995793831851668643e-02
2.799687155121540968e-02
1.173959869145636548e-01
6.498993317684040316e-02
1.694857600257310137e-01
1.488612164990672226e-01
2.015437437100870421e-01
6.969802846276895725e-02
1.014174238545583057e-01
9.706890600154137461e-02
1.464862046985433985e-01
2.039065601723089038e-02
6.019786868137526337e-02
1.453913694760607944e-01
2.133809455323222581e-01
1.326541916749070515e-01
5.990036507048666914e-02
1.643744734643548533e-01
9.135280663899805753e-02
4.474875960704755018e-02
2.077780231442714343e-01
2.875221457824345128e-02
1.330469772635942127e-01
3.092026682603850329e-02
1.350559500369985511e-01
1.739317714622986288e-01
1.026783179737164875e-01
3.023375265800880632e-02
1.049825017155032875e-01
1.896506282558073075e-01
6.028216979961417699e-02
1.807554388870807882e-01
8.546405957766231576e-02
4.632592444845346630e-02
1.278603262408149199e-01
3.264970574143193777e-02
1.761806155310723376e-01
8.576541415583520400e-02
1.852672851091074768e-01
1.465159797250586426e-01
1.677261259485406941e-01
7.670897873795005928e-02
1.941499472257340320e-01
9.489508882263000822e-02
2.293889106402256794e-02
1.860795452901163327e-01
1.091206008263295169e-01
5.358565109579967178e-02
1.045967520803909312e-01
1.290881474893257053e-01
1.616238635218825437e-01
2.038656471513096424e-01
1.920275511621890308e-01
7.990480969135616007e-02
8.445999785859432951e-02
8.361095121770405203e-02
7.387037513457070381e-02
1.325291499741668433e-01
1.781662043893283143e-01
1.751297513217874302e-01
1.899781127045516438e-01
1.273229508667361176e-01
8.481326922012927261e-02
1.628623688048985441e-01
1.622569515298543652e-01
1.813689286477962181e-01
1.386999312952515717e-01
3.315229676323545871e-02
1.165298756418668841e-01
6.524751761258636151e-02
1.247643104828735500e-01
1.636351076167128771e-01
1.515662030378917835e-01
1.344853900190575435e-01
4.592238282856338227e-02
9.784279258077437091e-02
6.490847433285942825e-02
9.070431634139232424e-02
1.787256930915976094e-01
6.360974149001012712e-02
1.619001826376524900e-01
1.313466922179049590e-01
1.501939366406518928e-01
1.833859354815556286e-01
9.288956758379449119e-02
5.277373212105596068e-02
3.721822805624280806e-02
1.163044231600015577e-01
1.439016436858749914e-01
1.559827853242025664e-01
5.643397194633827108e-02
3.331454400563801932e-02
1.559482615271258754e-01
1.891115019001583103e-02
1.976723386903841140e-01
2.019200418115618956e-01
4.671559216578728690e-02
1.165951291871899498e-01
6.490847433285942825e-02
9.314250678013248630e-02
2.067071152839909387e-01
1.810200008187904663e-01
1.885181351926533966e-01
8.552756802752034537e-02
1.258643142700390793e-01
1.539230896665516879e-01
6.135538000271011094e-02
6.005040654051185811e-02
2.030744167817818968e-02
1.941875268689333134e-01
8.393772849001299163e-02
7.117630080587698804e-02
1.777589179417023157e-01
1.235960148295369744e-02
1.955022731559789839e-01
1.079120944278906397e-01
1.371273418143610090e-01
3.765682976385907599e-02
4.728815071684126792e-02
1.885140788991769845e-01
2.113678980593870216e-01
1.527773755857487759e-01
6.851469651646401038e-02
9.013792526142422323e-02
1.557936873531924615e-02
1.609332604595514193e-01
7.478225374460695241e-02
1.335472954173720916e-01
4.643204742836485460e-02
2.081778474558189929e-01
1.670776722418803872e-01
1.335771194040988874e-01
8.957629247913792558e-02
5.541996869082285726e-02
1.263708186211363049e-01
2.015758627267338343e-01
2.295650134670111642e-02
7.136176580530544100e-02
1.250081713933672567e-01
4.621104897574068032e-02
1.303340962900999545e-01
6.913995731325962846e-02
1.566811669048833594e-02
1.807355982748564405e-01
1.049109965744257217e-01
2.005140033935203236e-01
5.099264480644169484e-02
1.558889457965877134e-01
9.954267426373226979e-02
5.914670046382001362e-02
1.720824623191375968e-01
2.049537912589207977e-01
1.284292987031413480e-01
1.095977575728209474e-01
4.734781519258299265e-02
6.153486418241532058e-02
2.137196148148479691e-01
1.827810768875047787e-01
1.519116743735887676e-01
7.317009197885293581e-02
2.021218186015906748e-01
3.249485252267144547e-02
6.402622325773262013e-02
5.562273080626525118e-02
1.561970922068512124e-01
6.375952486695017629e-02
5.379957339727403642e-02
1.453187406159891504e-01
6.350639278874711802e-02
4.714979073582670904e-02
8.153778873309885933e-02
1.741523994575242540e-01
2.696899546711002682e-02
1.036700984885709914e-01
3.523209583484178398e-02
8.703448000498302528e-02
7.045297605179411116e-02
1.248032291717987574e-01
1.430243247972372567e-01
6.375564402244573992e-02
1.964429702490567697e-01
1.125488875998094940e-01
3.282472589830542908e-02
9.549942860146297396e-02
1.990787746040861839e-01
7.196354056825245149e-02
1.721549663229161309e-01
2.114964304972185849e-01
1.511273217410299685e-01
3.885600806164467985e-02
9.873623544639446858e-02
1.783630513200628598e-01
4.746234702512455716e-02
7.343677167718448695e-02
1.459017451918591946e-01
1.555267749107474007e-01
1.370532323281067888e-01
8.911226693645821206e-02
1.568385822168631982e-01
1.624963699433172037e-01
1.472037243346017432e-01
7.633438219115386281e-02
9.414227289908252971e-02
1.812411692123356011e-01
1.821231355846508748e-01
5.355764270682262379e-02
1.446125737718363946e-01
3.892857487042181153e-02
1.594017058736142689e-01
1.411478320984847767e-01
1.180602936682262766e-01
1.356476590248869574e-01
8.063397237026487252e-02
1.005358481129612902e-01
1.891692085338467499e-01
1.295587460931234003e-01
8.504967977064109563e-02
6.804901195718716933e-02
6.366305553465473333e-02
7.922914159409885637e-02
1.357401279654604220e-01
8.372561497498315353e-02
1.351935092811391848e-01
3.412454419817597534e-02
6.334848930499920039e-02
1.990787746040861839e-01
1.544433104278353230e-01
8.273483068107718996e-02
9.174806747332119039e-02
1.491857218831137422e-01
1.976039959908390264e-01
2.038700659512416857e-01
7.846847046516003399e-02
6.324560600574841152e-02
8.803285015732224827e-02
1.117481776959089040e-01
1.186877993701486167e-01
1.384559259303336232e-01
8.443554210795781167e-02
1.897923787691617181e-01
7.388985317987172008e-02
1.471603777173464411e-01
3.687985589749757931e-02
1.593610994004021064e-01
7.240262393941082619e-02
1.839598875530516486e-01
1.770171800136530749e-01
1.321197775025987342e-01
9.491845026210396497e-02
1.761219418827254524e-01
7.712125611432651962e-02
1.666213511956204096e-01
1.223911663052660859e-01
2.011362303047964373e-01
2.285621643059201902e-02
1.780343390273692039e-01
1.754072218366662939e-01
3.893336395475856943e-02
1.316861252201527166e-01
1.850483650419737780e-01
1.996836082809171631e-01
4.654929752363639456e-02
1.036700984885709914e-01
1.186803077833527564e-01
1.300299739634645790e-01
1.143135825548823037e-01
1.309309722859470781e-01
1.464744619134699111e-01
6.013393258323285889e-02
2.095052455485483245e-01
7.315314287909543967e-02
1.753792339724121185e-01
1.743625318357594212e-01
7.038494597432531918e-02
1.146890513111092774e-01
5.581049665345655386e-02
5.231725666404388186e-02
2.955618085116229823e-02
1.673919832901225868e-01
1.286054653381983881e-01
1.911620951625979115e-01
6.324560600574841152e-02
1.582518994645062682e-01
1.318137482557042439e-01
2.111319224347074641e-02
9.257841443404742077e-02
1.345913673443446257e-01
1.561677695003992894e-01
9.288687523949527847e-02
2.768937939685648872e-02
1.213642498802966763e-01
9.372721421374827222e-02
4.548849087375544248e-02
1.147328907358114713e-01
9.150981807367963849e-02
1.236479323497078758e-01
1.308277983556193069e-01
1.489009595160146471e-01
1.160337783658940691e-01
7.587351362478274297e-02
1.513132019604175871e-01
7.498765764946924151e-02
1.108032110019426808e-01
1.543565685792939179e-01
1.036983823303783969e-01
6.485608422661577610e-02
2.112850846834980062e-02
1.660604914649821962e-01
9.810575394021558981e-02
4.522843094983065165e-02
1.795270786467915713e-01
2.395485007610929917e-02
9.988942529069534670e-02
1.012562136260395512e-01
2.107131431975070024e-01
1.555267749107474007e-01
1.668281806866127592e-01
1.972956169898249512e-01
1.273462657859684433e-01
9.731725043704714251e-02
3.355183521334526020e-02
8.324559995974561977e-02
1.390380223897133283e-01
1.308581548277483186e-01
1.604778211598869575e-01
2.047235920353248501e-02
4.436357840213527026e-02
2.285621643059201902e-02
9.692828404664609321e-02
1.472829555852075145e-01
2.106164060278277739e-01
1.837989525236262411e-01
1.400674414319650896e-01
8.431207576354279865e-02
1.259801199617797685e-01
7.513689187503294620e-02
9.150981807367963849e-02
1.666399757889797106e-01
9.257841443404742077e-02
1.031816186414605957e-01
1.181064688380868699e-01
