2.888405837293067657e-02
2.191451895038252010e-02
1.322503454388312787e-02
2.614361357256440518e-02
3.899203709950190694e-02
2.359080174289297782e-02
3.665603676980802583e-02
4.122640120092317673e-02
2.505207613135312233e-02
2.089766850664796088e-02
3.559650500865683270e-02
3.219911431767743387e-02
3.051812520316949523e-02
3.459809683679741787e-02
3.304241818288761873e-02
3.253954985867022615e-02
2.017521257281961952e-02
1.901284702446191105e-02
3.249695499428195689e-02
4.528953959085237763e-02
4.050897307157466654e-02
3.253065101395670455e-02
2.752736120296167890e-02
4.327947713410795066e-02
2.807851299905193138e-02
4.073794123428856051e-02
3.900217124113893041e-02
3.846912928743838334e-02
2.776895848570587119e-02
2.313197719372079783e-02
4.333768615045485023e-02
9.062325524569312882e-03
2.919136540238057714e-02
3.647713801500383768e-02
4.497422974030029080e-02
2.728422924394912491e-02
2.914227232735214224e-02
3.047738542839399656e-02
1.505760123584842618e-02
3.618309974976318538e-02
3.756006177627600751e-02
1.256790982571597166e-02
2.221928253516396168e-02
4.016296362543624737e-02
2.913077066278157295e-02
9.809837390057047496e-03
2.000165274357208409e-02
4.465446724126347772e-02
4.028347671853337725e-02
3.317850543054205043e-02
3.974728409035570287e-02
4.047999213163658988e-02
1.279480634166028571e-02
3.344471079616102849e-02
3.615442246722972569e-02
2.965306244557598669e-02
2.069252682162299808e-02
2.350482566560084877e-02
2.936836426854616891e-02
2.289634978448514338e-02
3.211010585576519472e-02
1.197190518874000596e-02
2.676422673290955109e-02
1.184906006049095233e-02
1.365955373595722014e-02
4.073534095809729083e-02
4.041757944780297734e-02
3.630821553146963698e-02
4.364243126765480346e-02
3.608045357139941234e-02
3.037620482594195065e-02
4.230286203005920176e-02
4.187958268639607046e-02
2.568578575780791975e-02
4.397406928900580297e-02
1.625894619936303978e-02
3.167377466831872851e-02
3.011730545666400916e-02
3.544160542927884960e-02
4.357407976582942932e-02
4.470262767315755920e-02
1.146780538989992937e-02
1.512808503056790356e-02
3.738593702743908676e-02
1.213715534945636332e-02
2.060074721494734723e-02
1.139059408501910155e-02
3.055529597806950701e-02
9.091340743710306718e-03
3.866529982515392455e-02
4.017972823923773862e-02
1.498973818079225168e-02
4.286738382889022231e-02
1.061848675074291044e-02
3.011431098021564653e-02
3.161203756651528168e-02
2.548892678722419758e-02
2.017521257281961952e-02
2.796599481740068976e-02
3.093858860769335001e-02
3.590284414573779309e-02
1.970050440615276482e-02
1.729874602436492353e-02
1.877091594735608854e-02
2.649076411316940785e-02
3.377646031376786012e-02
4.263899744883483528e-02
2.278864936984350761e-02
4.243849476902661344e-02
3.684649320326935373e-02
2.174249013057001287e-02
4.538785767883969646e-02
2.976079584866497124e-02
2.125136160053620049e-02
2.106925782625116220e-02
3.862023622505214582e-02
4.214808654162593288e-02
3.537056947578808008e-02
2.929818136310342880e-02
2.985946979744636201e-02
3.446435110534599305e-02
1.035571198483499489e-02
1.330285544954564261e-02
2.962368660474486159e-02
2.567605432272597465e-02
1.291952580072441327e-02
2.739260488456744802e-02
8.852825841456107847e-03
1.591214349051341126e-02
2.738659049823950753e-02
1.834494967565511100e-02
2.950298214143300124e-02
3.608245349614088576e-02
4.376488018331926855e-02
3.120004321276428905e-02
4.448386942569489827e-02
2.663275317228610412e-02
3.358276917856484189e-02
1.636386900982431114e-02
3.456391604602032652e-02
4.227393382817484085e-02
4.587726793210276238e-02
4.296271999876900838e-02
3.914985681762394448e-02
3.656550899503518276e-02
2.585652637643374996e-02
4.585815102932041393e-02
3.462453863622245998e-02
2.481454713123000186e-02
3.165869353426087329e-02
3.102538232138453075e-02
1.763871515854507563e-02
4.296678078003183382e-02
2.376226158226476051e-02
2.537031152715062479e-02
4.167561865785226333e-02
2.206725675513249510e-02
4.039747168173446479e-02
4.554625856056828542e-02
1.796252481298504788e-02
3.670619364080357494e-02
4.111036340439502140e-02
2.337430117039863281e-02
3.528627046716090176e-02
2.677961512481011330e-02
2.803659589603553492e-02
4.577549899702341302e-02
4.275838336754607394e-02
3.837199212483353994e-02
2.749022129759382330e-02
3.351380169971678036e-02
4.514988062721827372e-02
3.240815186203526571e-02
2.134153925917723835e-02
1.541229444514422876e-02
2.980828823065615960e-02
3.665603676980802583e-02
3.992302619308438216e-02
4.270897051374156206e-02
3.315828357805036819e-02
2.216769546701380378e-02
3.252786048936481822e-02
3.051438584993670239e-02
4.135547377086755405e-02
4.031570069297621406e-02
4.088131585160861836e-02
2.957543681151001552e-02
2.437409481392367738e-02
2.680135211356608760e-02
4.539501997919469928e-02
3.374866435951204974e-02
3.707300802671618239e-02
3.744358998938063232e-02
1.312030352623017905e-02
2.601645851335907672e-02
2.398137529368529058e-02
3.792816288276108783e-02
2.595840121464980041e-02
4.066850623948622262e-02
2.805400597979261848e-02
3.010275160993288596e-02
3.505797815057908051e-02
8.726954015464022732e-03
2.020197188539374356e-02
4.585531426702994795e-02
1.922110846874615017e-02
2.786956599514087488e-02
2.026641498767392871e-02
3.358276917856484189e-02
2.351225579648591815e-02
3.040375604528002679e-02
3.678038258917023379e-02
3.141614768039986683e-02
3.282009565091752873e-02
1.369698837372954232e-02
2.395549204060146847e-02
3.249675689829821523e-02
2.084604966783271812e-02
2.172738903674789959e-02
2.805400597979261848e-02
2.977715517942343751e-02
3.872220425591616638e-02
1.932511708608551301e-02
4.004922429718944105e-02
4.074839649581361162e-02
2.316924682441270228e-02
3.061499188240424107e-02
3.718384100093585776e-02
2.081833885508587237e-02
1.717473551655060438e-02
2.265255589578712286e-02
1.931049911656075591e-02
2.612680753520391086e-02
1.096962579061359910e-02
2.780176556420931033e-02
3.440446435328362029e-02
3.573439951303292866e-02
3.771393239394799091e-02
3.696757609246805604e-02
3.913602006118477999e-02
4.293251781750149348e-02
3.115542136475269591e-02
2.192642626069905495e-02
3.177689478392178857e-02
3.272565617800024529e-02
4.360828660851324284e-02
2.099437497359910032e-02
3.009310947712212636e-02
2.472654686554755232e-02
3.463920836003293868e-02
3.700758631174453500e-02
2.510953872427649017e-02
2.328551931510713935e-02
2.982287993362957995e-02
2.748363088741954952e-02
2.396801136556248740e-02
4.339219531249127737e-02
3.945805227919698538e-02
2.447598975966713830e-02
3.482378591308464555e-02
3.696580663230644020e-02
3.326833590531197427e-02
4.222073144092980401e-02
3.619830461676493139e-02
1.663839545272751547e-02
4.414166625369438102e-02
3.932154069757369530e-02
1.053494220877781128e-02
4.217875007036211987e-02
4.549869898386560418e-02
3.230940889024622176e-02
3.088043191574390764e-02
4.250279406619734968e-02
2.491006285883598168e-02
4.122640120092317673e-02
8.127829654577520269e-03
2.626060716270267950e-02
3.281820162498913507e-02
2.638758706266939799e-02
1.557827195199373849e-02
2.294147438592709920e-02
3.323098492594199482e-02
1.432953013450454297e-02
1.367961620328195411e-02
4.297871362098701353e-02
3.132323033345222468e-02
1.665904269786562530e-02
3.449189548358898294e-02
4.011514924090553436e-02
3.709120982445838349e-02
2.843310565150887481e-02
4.165264298150603978e-02
4.317401542972056083e-02
2.626771056634535570e-02
1.702412287943262312e-02
2.400462778088096466e-02
3.094532364758972864e-02
1.850557336715061285e-02
2.355812326780434493e-02
3.647737354969129986e-02
4.190404532032228346e-02
2.899948825518448847e-02
2.317929382135616376e-02
2.627471956791373187e-02
4.515571301003903221e-02
4.108236937319265092e-02
4.030786280644624298e-02
1.802751833106254128e-02
3.098989160982168478e-02
1.837297226865533539e-02
3.676696208807569977e-02
9.265861481524390042e-03
3.243937111192882888e-02
4.353636794161069856e-02
4.425184728650956995e-02
2.001882716488007433e-02
2.418747332522523663e-02
3.314184021029274035e-02
3.716964314434841044e-02
3.861115730875838009e-02
4.115821649886822892e-02
3.754559462736749287e-02
2.548327195177719356e-02
4.029423746970344639e-02
2.761496240059842927e-02
2.143024462057699364e-02
2.070943206471455300e-02
6.584980090447893793e-03
3.965670708918943299e-02
3.554756317400237925e-02
3.468976894450932075e-02
3.541431516479902342e-02
1.002753114414345337e-02
2.125136160053620049e-02
3.448546808526627844e-02
3.955866170957540034e-02
3.172569447469769655e-02
4.365855220755426869e-02
2.955036145756883767e-02
4.388141225703436066e-02
2.523954535975428404e-02
4.446568943987789374e-02
2.913077066278157295e-02
3.237302492207966287e-02
4.011358591759841413e-02
2.903985249893488788e-02
3.349660425865305657e-02
1.310451712027521295e-02
1.648669433416340493e-02
4.442262786063399388e-02
2.832777306187206703e-02
3.038888591859263341e-02
2.910887103349699134e-02
2.126930820215497397e-02
3.642258980895950876e-02
1.913532087798330839e-02
3.777408188656868060e-02
3.154174092799162665e-02
2.045713407721625951e-02
1.789588292841876732e-02
3.247236966394941721e-02
3.352682104684973075e-02
3.603372371812919861e-02
3.899203709950190694e-02
3.099353345367161436e-02
1.473311502965003912e-02
3.890060346825999910e-02
3.673115544127648902e-02
2.177724322195216319e-02
3.303762573994124818e-02
1.017905140703603308e-02
2.622292087090137558e-02
4.296023321678042739e-02
2.033586383761944866e-02
2.253795993680935209e-02
4.219513953552382624e-02
1.707972927925731008e-02
1.903697791430739722e-02
3.273419762156683233e-02
4.168124964968679402e-02
3.563641287444771488e-02
1.449113095587827547e-02
1.746210454596136552e-02
4.220250534701349560e-02
2.279932534824647555e-02
2.894392744515806790e-02
4.088238831754374691e-02
3.536822357057795713e-02
4.485909904259871572e-02
3.721312712101752102e-02
4.089330465629773675e-02
3.058227743947408012e-02
3.111894251005809658e-02
2.092117709148199473e-02
2.307803297584606547e-02
4.315168474374883600e-02
4.150765891831022236e-02
2.643007711543301705e-02
2.416054955804607801e-02
2.564401558261750202e-02
3.840325371587223480e-02
3.521943930780612603e-02
4.264954501441547280e-02
4.547634257972048288e-02
1.077339484458271143e-02
2.611084450247535757e-02
4.450251777169332568e-02
4.233620908620477907e-02
4.276192853553511392e-02
2.360893137510447840e-02
2.637586249640196806e-02
4.276005457384624703e-02
1.214192644245090484e-02
3.314034456848762022e-02
2.522720537244183339e-02
4.435903681645701063e-02
1.951182224621569178e-02
2.897033301318789264e-02
3.038775559566676832e-02
3.097874648557176133e-02
3.353099515019215132e-02
2.420097607553064675e-02
3.557933759753272723e-02
2.633180376314896154e-02
3.695414215430722904e-02
3.096303080909180300e-02
3.693115325691460199e-02
2.929393670481360290e-02
3.271947582785852265e-02
2.600042756764104485e-02
3.420457914268069943e-02
1.716035384575951075e-02
3.983189283795732921e-02
1.824405020552490042e-02
2.325512468322789641e-02
1.309695841284474679e-02
3.932352496726103375e-02
3.878196366293130276e-02
4.436336331238992237e-02
3.911559528431621940e-02
2.290957572280635443e-02
3.084076937544822858e-02
3.602101390364449707e-02
3.231112744667382491e-02
4.067528751009018978e-02
1.489986727533186561e-02
3.313832471203215224e-02
3.303631730247891946e-02
4.444274535789995151e-02
3.254096573434030887e-02
1.693004424221976681e-02
3.623396317646567638e-02
2.291143691255444897e-02
2.629116082735927229e-02
4.121585989273220119e-02
3.358528790094521266e-02
3.798998710905239495e-02
4.396346329902518779e-02
3.021186897688642875e-02
2.087577821249209098e-02
3.867916848440505068e-02
4.141476750680155722e-02
1.267934115570213717e-02
4.139128810881973625e-02
2.312175156127338135e-02
3.005948987898444946e-02
3.506665797719665106e-02
4.570515595407600301e-02
2.782084215975992939e-02
4.330666145978465109e-02
3.154654141722032512e-02
3.843098736534929227e-02
4.387369910104348125e-02
4.033213026097870468e-02
3.349020493700397699e-02
4.343721194397472118e-02
4.408453456549817073e-02
3.696133355371603729e-02
1.175738700441270393e-02
4.339871998995983166e-02
4.134228622425747263e-02
3.502373426209383356e-02
4.570096446885230090e-02
4.081988759864725591e-02
3.057508840682302692e-02
1.601406092902079442e-02
3.551989727926069262e-02
4.089529408289314244e-02
2.270182199079716703e-02
1.791344690871575496e-02
4.109446393096528177e-02
2.505451323852086673e-02
2.551408726732206853e-02
4.134451250270018002e-02
2.500403593992233178e-02
2.318841240618049748e-02
4.204268766771678684e-02
3.089796648729907849e-02
4.197272773982788779e-02
3.887790207309418239e-02
3.258005240144247472e-02
2.857986872917889568e-02
2.354124701381601209e-02
1.764548586777530542e-02
3.478588861197723370e-02
3.829002474385392873e-02
1.903697791430739722e-02
2.861068928228086006e-02
3.749302807033341040e-02
4.283526627391959912e-02
4.181014272579522406e-02
2.333155520346388498e-02
1.503547748713108222e-02
2.092117709148199473e-02
9.519008349583234566e-03
3.515110111788190272e-02
2.423058444210248602e-02
4.180363218113733459e-02
3.003998861078906180e-02
3.808405668466543353e-02
1.763871515854507563e-02
4.536828620168314313e-02
3.842069811024525355e-02
2.644827281940164559e-02
2.908393478948970851e-02
4.306310978142695312e-02
2.658033578350436910e-02
2.276573776593006013e-02
2.537344135401402301e-02
3.548061876438403373e-02
4.074094851137985418e-02
3.480312668352655153e-02
3.601602909094739347e-02
4.009847754836667194e-02
1.328023495084328966e-02
3.733560704894715171e-02
3.195730263360757606e-02
4.012492833796867803e-02
2.027972655772928429e-02
3.998383598172791653e-02
3.258005240144247472e-02
3.981350887951984330e-02
4.350518827448825177e-02
4.114677772529301558e-02
2.128693345483875093e-02
3.887572298589724723e-02
4.002369941237510220e-02
1.117001098839928014e-02
1.365371294484672010e-02
1.610885423846267553e-02
3.983973925745260686e-02
2.135958914016313631e-02
2.547655461746092115e-02
2.816746143327710991e-02
3.323976382281894348e-02
4.481396772414558693e-02
3.140811761729727508e-02
3.574237062901934603e-02
3.340817770180869867e-02
4.386358003844124248e-02
2.129627082157885265e-02
2.384410913359903336e-02
3.700741591347359721e-02
2.933263853276413258e-02
1.224056495232856562e-02
2.683899338265914244e-02
4.340158086687901512e-02
4.288600022734384565e-02
4.141602229323268491e-02
3.737823116002311069e-02
2.253174461128062966e-02
4.066056910326822788e-02
3.421719743135897412e-02
4.120419884783173975e-02
3.419901413656555034e-02
3.666362677437104423e-02
2.527437738170927595e-02
3.350814222943676590e-02
2.792303743016492576e-02
4.583864813418520728e-02
2.459143986011196048e-02
4.241293354225780798e-02
4.081867098309842345e-02
2.017951843981871662e-02
2.134153925917723835e-02
2.249616926687717997e-02
3.137106957024432541e-02
2.548198118627753583e-02
2.848063891796317679e-02
2.710863667314918762e-02
3.013476145761585442e-02
3.707300802671618239e-02
3.139798013670352939e-02
4.557482852506353904e-02
9.713114900985201500e-03
2.893531442663731593e-02
4.182997363841872013e-02
4.158375786444484801e-02
3.666362677437104423e-02
2.725370291571002634e-02
1.246308065038801045e-02
1.340305572545407754e-02
1.533210308417224180e-02
3.797516616653464488e-02
3.969257564228811930e-02
4.324760560408055093e-02
3.348939531096163658e-02
3.246152725178338277e-02
4.196795334297134111e-02
4.162216764610730813e-02
3.621930575348474707e-02
4.166330117478914130e-02
2.871816326962849109e-02
4.365770964617912003e-02
2.540603175603740882e-02
4.451173081272018217e-02
3.288842271898140962e-02
1.370081123207556387e-02
2.753931797594743117e-02
3.725118074400046719e-02
1.484134757679961975e-02
2.904077492486938084e-02
3.622810435924429112e-02
3.896392410135391532e-02
2.841525778590031637e-02
2.672286668711196939e-02
3.035391041227125664e-02
2.708447997596999737e-02
1.102153015527349358e-02
2.702325065982265351e-02
3.069648041010702988e-02
3.961537219590816755e-02
3.932352496726103375e-02
4.376330129524416690e-02
2.895586184047540396e-02
2.762780840279432937e-02
4.081056872725677409e-02
2.556941144640857699e-02
4.013593307655352604e-02
2.795794414040796497e-02
3.385697502706952466e-02
3.881798951206498483e-02
3.354442452122789742e-02
4.437349134471334222e-02
2.291764565306916510e-02
2.134578703799294708e-02
4.212253174252776622e-02
4.164174046434687693e-02
2.583285626175711724e-02
2.867250701798838841e-02
2.942965720779277747e-02
4.256787919576821011e-02
2.938561395383143190e-02
2.368663170349120592e-02
4.528953959085237763e-02
4.186639345313579452e-02
3.901584623447017230e-02
4.259087762494769003e-02
3.318674256001299255e-02
3.078005153266112973e-02
2.020236218057298860e-02
4.209963945538877650e-02
4.446313441126343441e-02
3.876437720841084678e-02
4.214421318808436734e-02
4.251238039932193208e-02
4.026761273181025946e-02
3.862050954132349029e-02
3.400718416491886609e-02
3.566373588210580703e-02
4.009421747051915286e-02
1.351317315036290947e-02
3.797516616653464488e-02
3.274379897996390620e-02
5.987783620627876342e-03
4.261107621121117822e-02
4.063933221305637833e-02
2.220331471544795265e-02
2.003403736381466349e-02
3.391303757541114933e-02
3.490879630573442277e-02
2.831817435633553204e-02
2.793057090438888501e-02
3.460413742401707154e-02
1.239107484333872369e-02
2.109985394671828884e-02
3.704179946293578718e-02
3.505545591585122744e-02
2.585398185887011549e-02
3.212245529552355122e-02
3.463072633082547175e-02
2.149071582488717644e-02
4.275336352336049639e-02
4.301123382404602874e-02
4.231893905709575160e-02
2.017521257281961952e-02
2.763827756063155783e-02
2.438126958438389252e-02
2.595065314183095037e-02
1.889825326279631623e-02
2.644886029648207265e-02
3.918777364459399837e-02
4.545454173790220570e-02
3.944194626724089464e-02
4.471279713412600054e-02
1.883630277647785692e-02
1.545045701624974711e-02
3.556391428904562974e-02
3.113890512486222617e-02
4.269745775574268487e-02
4.074094851137985418e-02
3.540295975167157688e-02
3.697431349059052130e-02
1.678589760953659582e-02
3.143399964407216779e-02
3.597137840920866525e-02
3.808085714473410932e-02
2.059742396585368188e-02
4.503634291171088044e-02
1.911362260262860352e-02
3.404300190022923472e-02
3.068530294782732121e-02
3.843098736534929227e-02
1.157322950149732195e-02
1.591206456473978625e-02
3.139813558394696086e-02
4.524825386440012309e-02
4.581914292747363976e-02
1.704778362738737507e-02
2.160444008290279480e-02
2.006818754353692502e-02
4.316575598916957968e-02
4.081867098309842345e-02
3.472148298119409615e-02
2.390817803761103796e-02
3.125713400981426637e-02
4.157647139368411682e-02
2.405710759620270298e-02
2.976755813540404860e-02
4.396715954974395740e-02
4.514988062721827372e-02
3.838968698780130528e-02
1.691198140449979431e-02
1.256790982571597166e-02
2.627014505959582996e-02
4.146007925754478102e-02
2.874108898871956599e-02
3.268397878526656253e-02
4.232972331000102451e-02
4.224036422601053914e-02
4.003336976027532801e-02
3.673573643441528647e-02
4.209867075718656815e-02
2.580806496758997551e-02
3.503843173306957909e-02
3.062384478597672890e-02
3.337781383436590199e-02
4.347009882588966090e-02
4.451439735837400824e-02
4.537347510333247791e-02
3.013476145761585442e-02
2.635414976311864499e-02
2.864684371339980967e-02
3.515138839633802359e-02
2.934913432068878350e-02
4.217875007036211987e-02
3.731404722753393910e-02
3.142995821052549377e-02
2.827844048157033760e-02
2.236745258478524401e-02
4.341287830464778119e-02
1.518309273509136498e-02
3.475049313567071113e-02
4.572273771273056842e-02
2.381773994428443286e-02
4.299906492033831601e-02
5.271572293675751662e-03
4.300458056065160906e-02
2.026522902462433995e-02
3.235749499235403975e-02
2.639972430381033741e-02
3.944194626724089464e-02
3.082279689463520572e-02
3.919274311299428964e-02
4.041145904586395526e-02
4.310654829884329881e-02
3.288842271898140962e-02
3.694007937394523655e-02
7.711366285669538252e-03
1.888114204794921064e-02
2.875531377447783712e-02
4.514988062721827372e-02
2.311742285512639536e-02
3.235600407731026307e-02
4.235938009605086374e-02
2.517652749510257415e-02
3.677240038403921385e-02
4.187923978281259813e-02
2.222073559310629512e-02
1.980304555483789267e-02
2.239218746964331125e-02
1.381663685009541440e-02
3.415185340277689108e-02
2.928692264201483708e-02
4.232385456066178192e-02
1.736651646324839302e-02
1.775071689596159630e-02
4.339165960716683673e-02
4.498094969705299095e-02
4.385840173244559548e-02
6.819149828984068934e-03
4.177110545448022016e-02
3.322654864595330632e-02
3.235600407731026307e-02
2.643684411987092323e-02
3.669534319151809831e-02
3.926513508712790868e-02
2.932734659753839443e-02
8.703045135054420303e-03
3.816060712868581811e-02
1.680397032197221766e-02
1.774558001919929184e-02
3.877316391931113354e-02
3.304241818288761873e-02
3.452799526086285098e-02
1.036214177264037882e-02
1.957930917890688197e-02
3.816401637169421213e-02
4.027873618694360891e-02
4.004416213899914673e-02
4.331800282192353746e-02
2.693572913555848658e-02
2.759278046355050779e-02
1.474311480900534869e-02
4.176240390438053229e-02
3.978681456085637197e-02
3.050717036911118618e-02
2.858192126892808438e-02
1.976186145325256605e-02
4.332808651347357792e-02
2.468191208661054889e-02
2.962368660474486159e-02
2.632044713631895294e-02
3.255177187361184277e-02
4.062464169048659451e-02
2.537031152715062479e-02
3.479847458695986551e-02
2.899381481682495459e-02
3.311213138212857482e-02
3.284930496785296028e-02
2.856223602074489665e-02
3.719739625733169130e-02
4.347868942329397024e-02
2.950779892810025118e-02
4.127775280791130819e-02
4.328275274262981254e-02
1.680931855762321514e-02
3.702818107073967135e-02
4.159613598591946348e-02
2.780176556420931033e-02
3.524353892044646691e-02
4.173698490497024932e-02
3.892743757074480782e-02
3.269615220231457398e-02
4.236882091122287641e-02
3.191057361521057456e-02
4.522337865820864888e-02
4.334794346371324131e-02
3.358276917856484189e-02
2.972617540710901368e-02
2.253659666330539574e-02
2.355121093119156780e-02
2.922067075186179572e-02
4.099999431226658553e-02
2.893593091907962697e-02
3.536455714363587188e-02
4.440224690255852036e-02
2.932231865919929237e-02
1.322081099512957721e-02
2.382716565215082030e-02
3.026606023740831264e-02
3.633941574527292662e-02
2.607217007190683333e-02
3.000296936049483970e-02
2.139257905234819360e-02
3.880160934755329943e-02
2.088307927828682992e-02
4.245050260527855057e-02
4.382831236468884284e-02
3.494493443454049775e-02
4.477960959032229599e-02
3.313464549809402859e-02
3.537235030247215528e-02
2.661257695423048519e-02
3.639045128225169845e-02
2.290515111997076109e-02
3.814415448288066557e-02
3.820659771533028992e-02
1.425417890266949227e-02
4.573021615960746328e-02
3.629718467426388401e-02
2.921296088329542601e-02
1.433076493900211669e-02
4.497422974030029080e-02
3.010530055890774104e-02
3.088043191574390764e-02
2.095662607492448926e-02
3.342598555412894246e-02
3.483464829890361297e-02
2.667620617234510438e-02
4.567273167654795074e-02
4.279602370156242869e-02
3.754234082089682317e-02
3.791637011545652414e-02
2.757250208487651427e-02
4.031774478576338749e-02
3.813095703813732668e-02
3.129963579584038591e-02
4.479304968301185685e-02
3.414117060159314182e-02
3.624532211872718429e-02
2.560547416970600926e-02
2.508280759383049729e-02
1.256790982571597166e-02
1.356704489048003379e-02
8.337334267074128502e-03
3.436543432234779455e-02
3.754089643831771961e-02
2.345570465939491103e-02
3.187345982191613913e-02
3.091785547416503466e-02
4.402718916187656900e-02
4.558970802523521632e-02
2.617498362959772007e-02
3.999397274636294630e-02
2.964968937993022607e-02
1.668078044876044816e-02
2.430026422422058158e-02
4.154232304894308475e-02
2.618228219613631322e-02
4.362152236170786790e-02
2.205665875729459144e-02
1.739117049630890116e-02
3.662345666470308292e-02
4.056294697589803849e-02
2.298910640291373236e-02
4.568509444864636559e-02
1.330400212523447784e-02
1.661200202435095599e-02
3.221522310412731210e-02
3.121534312655687912e-02
2.000543130528188371e-02
3.783760237646174168e-02
3.803009197865946794e-02
2.172738903674789959e-02
2.595840121464980041e-02
2.716511805927799075e-02
2.292584232276789410e-02
1.247547959790377622e-02
3.627400576229052737e-02
3.922132294064450964e-02
2.690507008936837349e-02
2.972996100975432848e-02
4.223581672123560837e-02
1.009923665033147719e-02
4.264468197068572303e-02
4.248090053848785352e-02
1.311516643152994474e-02
2.694334126114962882e-02
3.882139631790545303e-02
8.809863843193675714e-03
3.529050748268345444e-02
3.539966019460379087e-02
3.167377466831872851e-02
3.415352131385918782e-02
2.676819909868219383e-02
4.275273978658732099e-02
1.228253566610529313e-02
4.559501505066407973e-02
2.655697286793051726e-02
1.462940339574506435e-02
3.483750604785247618e-02
2.405423905798502807e-02
3.787059735329125626e-02
3.386524681963316852e-02
4.155829191140437973e-02
2.804335741916216124e-02
3.057261293746948647e-02
3.364392891849349310e-02
2.041770781956434369e-02
3.262501752180676368e-02
4.438747752770549893e-02
4.044746210863278679e-02
3.417788621492338919e-02
2.253455913303749336e-02
3.318340320639693447e-02
1.478966720640404256e-02
2.565394129306179660e-02
3.786872927043826581e-02
3.344226433886950123e-02
