1.380465173787172577e-03
8.307443945596487472e-04
8.940948201979209828e-04
6.629280232588825785e-04
6.335571081509639661e-04
1.160043910118040535e-03
8.302500739874529249e-04
1.036446343452184773e-03
1.023445350869300842e-03
9.260213892523076491e-04
1.145367030714623336e-03
1.455797653443544493e-03
1.403422296041647015e-03
1.139863693558038765e-03
1.423685079313085234e-03
7.378219320332156297e-04
6.683075170994815439e-04
1.161756057254530877e-03
9.013417617472158170e-04
8.895076875243647981e-04
9.166479176689415215e-04
8.915160358618119674e-04
1.220323408229873887e-03
7.654688568961132535e-04
8.719725914043760387e-04
6.006160568344890436e-04
1.963742085175940611e-03
6.271803010988271547e-04
1.230958320469344950e-03
1.121946981686692190e-03
1.111866086368940194e-03
9.143103437200193447e-04
8.585252366170741979e-04
1.429143431886323052e-03
8.647012694228397786e-04
2.654490811156586146e-03
5.825507134158751333e-04
4.848624700486441259e-04
5.870495544182992168e-04
6.407566399450011002e-04
8.942798257410153806e-04
1.346340854347360776e-03
1.073900193737112319e-03
7.837595953601490676e-04
9.879826943029212417e-04
6.488335178449221351e-04
9.470535000061501996e-04
8.092134871820592674e-04
6.781074107991469282e-04
1.025756965102716991e-03
1.084300625680082895e-03
1.046894402367051389e-03
1.111738483174146228e-03
1.033645123350120185e-03
8.232785074046211279e-04
1.880536767848104904e-03
7.267588124542327796e-04
1.135833701125090215e-03
1.297832838302475896e-03
6.027516575884023535e-04
8.634720122639910405e-04
6.079712133682927712e-04
8.364651327549245613e-04
7.595977698736375901e-04
6.419713459328429961e-04
1.428583798958176941e-03
1.080305690003953651e-03
1.895581591424040516e-03
1.535363373958562993e-03
9.931407171684136261e-04
9.104027722576474128e-04
4.012840021969700521e-04
1.644618965911368719e-03
1.454129992667627753e-03
1.549533246942295245e-03
7.226974935250312900e-04
1.055110104706931005e-03
7.818797872079307583e-04
8.384878536383571146e-04
8.314151218661109061e-04
1.126926859632787579e-03
5.887979412754355867e-04
9.538671293490661330e-04
9.589844499029447251e-04
6.577748585636881019e-04
1.187487579912349569e-03
5.391648941758377198e-04
7.246983377820926265e-04
9.723277383189510509e-04
1.010403006907480226e-03
5.644832471657354250e-04
6.202652538835055256e-04
1.048720824544966106e-03
1.905742675703684394e-03
9.622908586802563250e-04
9.206557348076099823e-04
1.303105344113407189e-03
1.516245887442660423e-03
1.030404787088244362e-03
1.187325012730070612e-03
1.785778845959149538e-03
8.124653503114981877e-04
2.039383773731298297e-03
1.404464136375134292e-03
9.886750827591541876e-04
5.702730649072454243e-04
7.613337533778900173e-04
1.061054973108801515e-03
5.125200216327032571e-04
8.552410895462285792e-04
4.651942353263292698e-04
1.447651720991755984e-03
9.439161650694879654e-04
5.744050332003623272e-04
1.568718960470151741e-03
6.234986494484515054e-04
1.274988192800310775e-03
1.330127598791640579e-03
7.814273269427413375e-04
7.602615639742081859e-04
7.699344690085506426e-04
8.911354662800119279e-04
9.720188639424987617e-04
1.426244991514249083e-03
4.994617507954894533e-04
1.259909772585966368e-03
9.421503163186096489e-04
2.135480002641482449e-03
9.904501859931602505e-04
9.338373270239167055e-04
1.772101627404179709e-03
1.257067310073400066e-03
7.904298015967892079e-04
8.025554767740172282e-04
5.919169955383252277e-04
5.823413013123765252e-04
1.040448545987453189e-03
7.868896387449346918e-04
4.997362102465962566e-04
1.378525208566821602e-03
8.865002016732075659e-04
1.057610838236026007e-03
9.163943651927379834e-04
9.721239194619211814e-04
6.320025230614561250e-04
1.267127113386227761e-03
6.458873784994475413e-04
1.112924785555154073e-03
1.240518240377991950e-03
5.821921167256129386e-04
7.104934638387299869e-04
5.773473775567627368e-04
7.227141537511682159e-04
1.181683876881487122e-03
1.007390831614039936e-03
5.290443857130040697e-04
4.697358711638904166e-04
1.074536415000184458e-03
7.078435365464407327e-04
5.564774938835131794e-04
8.767288769707785607e-04
8.659188780828032178e-04
8.200525092106964375e-04
5.320535976416337692e-04
6.661963563039227567e-04
1.478276171812845791e-03
1.230275216690609325e-03
4.505455298564551019e-04
8.330960661822111538e-04
9.144821993332589820e-04
1.570440911766634185e-03
9.225811033322869632e-04
1.194788161266049356e-03
8.657648772401034618e-04
1.088810392886839767e-03
6.053737941355453881e-04
9.740414025489012566e-04
8.807284308481310451e-04
6.217823379911194444e-04
1.216348485097453434e-03
1.154283771332778987e-03
1.018103311429389025e-03
7.702772716125234724e-04
9.130938974765865582e-04
8.609587310563128091e-04
1.436922376839205222e-03
9.345037743853707628e-04
6.485883896654658738e-04
9.034005014869053371e-04
4.737163263318468014e-04
7.701116561475387272e-04
1.222791372367884122e-03
8.574602068702276468e-04
6.683191988746066793e-04
8.444721174973386559e-04
9.141267058539682879e-04
9.668054144020863739e-04
1.132433852470116162e-03
1.091734535757516713e-03
6.901296810953642903e-04
9.249788567182363032e-04
8.394249049937162156e-04
1.325569673656282416e-03
1.356436508266549434e-03
1.710314672979929918e-03
9.332977816394139254e-04
5.800175706972683599e-04
1.131821564505768388e-03
6.541582337699095246e-04
7.373144426133397327e-04
1.487040769660915532e-03
1.809713998925345556e-03
5.662363424562329856e-04
9.040429710318979850e-04
1.566494082353239552e-03
1.432735619142131963e-03
1.195851624015803385e-03
1.084088276837928645e-03
8.061987776335596996e-04
7.879264601713879650e-04
5.034448658919167888e-04
9.862215541770467161e-04
1.468045689091350024e-03
1.185674359275112758e-03
8.424641861795864129e-04
7.066310774024788400e-04
1.207610192504795545e-03
8.486679465910363469e-04
6.940889098511242783e-04
8.648775896934759143e-04
1.572839200426525558e-03
6.351235346374627978e-04
9.728060241370187688e-04
2.450600695783131458e-03
1.486140034029381036e-03
5.830733610488643415e-04
1.354731162502288613e-03
6.551452781367228442e-04
1.189820516283842571e-03
1.189643280364279312e-03
1.131002380327931134e-03
6.929423642298562303e-04
8.587415918523337403e-04
5.979039297046095198e-04
1.350091023355695294e-03
1.056880979192264440e-03
1.769533149094093191e-03
7.168374489760241186e-04
8.751604937251285330e-04
9.791760830415176774e-04
5.959323181554719920e-04
1.698399175723548952e-03
1.189392127064639679e-03
2.103802649033029246e-03
1.211853015248353944e-03
1.277209565123057795e-03
1.427534687682763433e-03
4.846361827322721708e-04
1.340086381023970720e-03
9.546052860486025282e-04
7.100065725274931931e-04
1.842553997629999907e-03
2.224087669997321971e-03
1.088726816608049123e-03
7.400962237794569704e-04
9.464319105018710208e-04
9.926433180078089724e-04
7.262951651177142719e-04
7.051270975793149081e-04
6.843471941830979585e-04
1.572839200426525558e-03
8.890524735429892024e-04
7.725747576576360047e-04
8.702402728842593407e-04
3.966047105619857692e-04
6.294961623952057949e-04
6.323785142543984598e-04
1.170492082248662065e-03
1.062046474639825140e-03
1.216348485097453434e-03
7.536153584011418948e-04
1.404113384517702637e-03
8.723138122777026682e-04
1.351704055981630369e-03
1.349991846311516348e-03
6.040329326919409393e-04
1.277942071827676412e-03
6.854423566692957430e-04
1.085909695897397569e-03
1.374835693723106553e-03
9.111824047997375310e-04
5.274363500987319566e-04
8.107050341232308228e-04
8.532545970718575720e-04
6.195231687433418611e-04
1.019890750206274999e-03
7.022897086737352928e-04
1.345535941393421683e-03
9.343379525322431135e-04
1.115724549139138254e-03
6.877739603123861735e-04
2.126669546370626128e-03
1.007977159671457658e-03
9.653214009513211855e-04
7.602038719933655207e-04
8.402132453642914122e-04
5.712247233054397987e-04
8.211538537526207136e-04
1.196179534370849775e-03
8.975030827408597527e-04
6.952844311424667863e-04
9.433175706087955055e-04
1.062202367284704324e-03
1.196272784840181087e-03
1.074241639686835488e-03
1.089942928474051543e-03
1.059364675945266045e-03
1.404278467062668396e-03
6.246585497913504075e-04
4.901800695554395324e-04
1.555742762076762304e-03
1.328119097274986895e-03
1.295779709219490369e-03
9.612593976241895488e-04
8.926076914455028646e-04
5.078658337235170128e-04
1.030037257925538272e-03
5.323988082512187822e-04
1.297832838302475896e-03
1.803021835469723272e-03
8.588787534070257707e-04
7.534851353610483521e-04
6.376726442121274799e-04
9.390230745227503683e-04
6.015363877620637321e-04
7.570778899180937403e-04
6.630560483443340451e-04
6.758058093874435950e-04
7.977711062383507608e-04
9.546178270679169181e-04
7.977357893480081178e-04
5.790838784979365989e-04
1.218407693084250492e-03
8.088609196054100548e-04
1.582429752129394787e-03
1.443062584680342500e-03
8.357071981465094947e-04
1.352990250557154547e-03
9.990112708724476886e-04
1.003307691748331733e-03
1.451246835332581971e-03
1.464626905293411538e-03
7.739154650777055333e-04
9.087049034552124220e-04
7.900920051389161451e-04
6.377123545849698073e-04
8.773911569239507650e-04
9.321365622799279889e-04
1.299266433923761815e-03
8.164448297100560231e-04
1.127431967398589106e-03
8.299159972119109999e-04
1.006035323125850471e-03
9.783476021378513694e-04
6.792052937306427814e-04
7.494173770470675565e-04
1.134444632212095469e-03
6.105484187423081176e-04
6.281639388410422851e-04
1.000448530853455731e-03
8.749508553073468559e-04
1.193304429072534513e-03
7.704439924143751750e-04
1.024818337157263736e-03
1.211002804413534133e-03
7.318312993557627875e-04
5.564774938835131794e-04
1.220550697844936285e-03
7.475219940545405192e-04
5.353873613178905533e-04
1.125318354430296028e-03
6.976798363279155439e-04
8.090514309556112336e-04
6.457468585047622823e-04
7.285099111844952745e-04
9.911098128819141248e-04
1.497886474411723370e-03
7.658909291960966674e-04
8.664268441596370508e-04
1.304375091421823216e-03
5.859598489268576758e-04
8.559263252556298471e-04
1.278701528462849145e-03
9.422613566526532756e-04
1.192621772281992742e-03
9.653214009513211855e-04
6.279665958002820332e-04
9.010149374162362184e-04
1.390831351697085008e-03
7.593485703315219944e-04
6.952844311424667863e-04
2.096008363503461171e-03
7.820895192427077761e-04
9.333067363710262875e-04
1.795782877230085121e-03
1.160742665146278748e-03
5.012093926395648144e-04
4.982980488328011843e-04
1.054978440533868534e-03
9.195510559070693441e-04
9.147470901691772890e-04
2.136737293396619598e-03
7.853505460327266097e-04
8.013585736697309211e-04
7.692129074074327425e-04
1.177494863242414683e-03
1.638430201074170516e-03
6.848316571869127482e-04
7.659750191477751732e-04
8.901125683627746825e-04
9.464677670524915005e-04
1.249794124933870359e-03
7.533495433831855067e-04
6.151596318360514661e-04
8.381993327960309426e-04
7.314994722259290797e-04
1.409340866013399475e-03
8.128027994718096646e-04
5.878398851880937710e-04
1.428583798958176941e-03
1.188322612366858946e-03
1.098625662325169311e-03
8.057408447055959370e-04
1.080920946189352534e-03
7.030168240413048027e-04
5.227979703635746243e-04
9.869044122455285489e-04
1.000813934899436432e-03
1.097286510566313671e-03
7.749239424261153983e-04
5.230360368070538762e-04
1.132746821370061389e-03
9.653214009513211855e-04
1.139102765973404189e-03
6.221715136655836227e-04
8.437109231661676532e-04
5.612588615089970879e-04
8.922951636323545000e-04
1.218920994871675349e-03
1.022266470068509698e-03
5.415821594503542665e-04
1.323315282390908872e-03
1.002948012917286415e-03
8.840203660849542443e-04
9.227322829323090928e-04
1.512053305802721435e-03
9.759060458363140369e-04
7.569408043258446430e-04
1.060825186394066246e-03
9.629588922898977632e-04
1.370601081213890585e-03
1.962931617961624804e-03
8.084913243611004195e-04
1.825529109399230774e-03
1.663374867280315288e-03
8.412788465720076906e-04
6.057082271322616158e-04
8.218879073480220071e-04
1.091591665361290632e-03
4.816679201183640636e-04
1.743273904227563096e-03
1.075465905832446003e-03
1.146805469787422378e-03
1.825529109399230774e-03
7.251903525200489734e-04
1.212855823951140485e-03
8.232256754593687961e-04
9.080186939801914749e-04
8.671476991505980628e-04
7.677025592541755110e-04
7.832496452466764783e-04
1.067121392627885367e-03
8.733605922080742460e-04
8.846968946375182840e-04
9.034421018774963083e-04
2.239175918428972130e-03
1.289831532449859991e-03
8.455983124550307383e-04
1.160131752334317250e-03
4.917666055691150701e-04
6.819666522071236988e-04
6.447148220678478297e-04
1.478083240183044288e-03
6.502724347872848674e-04
6.493075327459365675e-04
1.217478191032972997e-03
1.161920112526050857e-03
9.654329180580606797e-04
8.149332393145838817e-04
9.598653478370597868e-04
1.121387015479120538e-03
7.110290543690681248e-04
1.113119503355387840e-03
9.466435032495794290e-04
1.356034834587671644e-03
9.149351855787015700e-04
1.345983134515232101e-03
1.442152997656410106e-03
1.425868010210636213e-03
7.999307819602613197e-04
5.652829835214979266e-04
1.069790220843504659e-03
1.075457444166228035e-03
7.403202563899582414e-04
4.767987252854844599e-04
4.627065316285337414e-04
8.090514309556112336e-04
6.469818074146861404e-04
1.234514977359006151e-03
1.641318821946329692e-03
1.075457444166228035e-03
8.272800473517730093e-04
2.239175918428972130e-03
1.275107303418982580e-03
1.020187919397090017e-03
1.031421662399677024e-03
1.471138096099066078e-03
1.195606389963787706e-03
1.263030463355776546e-03
1.451918818895230664e-03
1.385235481282429126e-03
8.621580691340150491e-04
8.343410522885849742e-04
1.379629666729758047e-03
9.188732628657007330e-04
7.255249322613304850e-04
4.815895639930415999e-04
7.538575795427727424e-04
6.981370521231083882e-04
1.189820516283842571e-03
1.274869895545630363e-03
7.701116561475387272e-04
7.239655998047424658e-04
9.466435032495794290e-04
1.820475003199128246e-03
8.253905888607986205e-04
1.101501539605274265e-03
5.206745982590895621e-04
1.696310128870089865e-03
1.124324763710229068e-03
9.973966135609778523e-04
1.308677519993030249e-03
2.103802649033029246e-03
7.536622423769430553e-04
1.554492162487624467e-03
1.485707760972788645e-03
1.113152006440135382e-03
1.112378420381135522e-03
6.890078397048536628e-04
1.412970491622882749e-03
9.026592109032635950e-04
1.497370017045645966e-03
1.088033525904279512e-03
1.487223395292781121e-03
9.493376179955188756e-04
6.904936682008558976e-04
6.423079667406119894e-04
1.191568550038087830e-03
6.440541194458759573e-04
1.532002108154142082e-03
1.429841751601342633e-03
1.695773798559396806e-03
1.425494666764970516e-03
7.410426886227843620e-04
1.327420789295693637e-03
1.013254516866002796e-03
8.140682448140465705e-04
9.896591296197749209e-04
1.460465971001645392e-03
6.947304584419492900e-04
9.293050306886986058e-04
8.237545149424425287e-04
1.069711061402175110e-03
1.139863693558038765e-03
7.533495433831855067e-04
1.568288094051509133e-03
9.802320763292217409e-04
1.064816405021617703e-03
8.165690243664858877e-04
1.490513697038692775e-03
1.265031765412799559e-03
7.316726750707520628e-04
2.166528180457476683e-03
4.826079534893547686e-04
1.206669657616118519e-03
6.440541194458759573e-04
1.374342650536157897e-03
2.694921934208175524e-03
2.043246789445377857e-03
7.650058633319665969e-04
9.842392262759643625e-04
8.915240682377148333e-04
7.210594997830429903e-04
8.402185987060181369e-04
9.653214009513211855e-04
1.276266502652482213e-03
4.719187911193795234e-04
9.033060040132958679e-04
1.228561916417403527e-03
1.112638860248982287e-03
1.141300945648616961e-03
1.130956016158154694e-03
6.680837133552088676e-04
1.077578418554710031e-03
1.084475680165758894e-03
8.962076192309873348e-04
8.383686881946449685e-04
8.100474229158581953e-04
6.321929915445897693e-04
1.306860287189477027e-03
1.912129577758875723e-03
9.508411922798386566e-04
1.419154744619174858e-03
7.058150487978497034e-04
1.133789851363807858e-03
6.142861252386212518e-04
9.765992054468295575e-04
1.012170236912931284e-03
7.156316210341367610e-04
1.037105845181836381e-03
1.987239952934009932e-03
7.562407597955702471e-04
1.081291928858697706e-03
5.639064596260136590e-04
1.285680141805953681e-03
9.240658825025010450e-04
4.717363868689895866e-04
4.655016618489361715e-04
6.730582715053057925e-04
7.117887462557138901e-04
6.318886248632293477e-04
8.863039102663379607e-04
4.860121903190240712e-04
1.189392127064639679e-03
1.418795202407997953e-03
8.083593933059103316e-04
6.923082606863848994e-04
5.076607439586958105e-04
1.120794940646005359e-03
7.308513214606042561e-04
6.184622204973625175e-04
9.530729055374969954e-04
1.804401650400215638e-03
5.185055305190418339e-04
9.075353458445786737e-04
8.543352190105092843e-04
1.150101086455319194e-03
1.371206501774912016e-03
9.968423151069888497e-04
9.954031177445373836e-04
9.433175706087955055e-04
5.709505394170355345e-04
1.725883091389234609e-03
1.171019616145744808e-03
8.496353859165163601e-04
5.665908875305061820e-04
6.227578566349251457e-04
6.632033668995666225e-04
1.108989596701924095e-03
6.986972519598198383e-04
1.154283771332778987e-03
7.063793291469005250e-04
6.878480314361153395e-04
7.434483716016315876e-04
8.027898824501932548e-04
8.077895635140962260e-04
6.515033928032372022e-04
5.134903797135247474e-04
6.130067162221298138e-04
6.642223016725207424e-04
9.224462651342840453e-04
1.131005686281838030e-03
9.159073362610463355e-04
8.386787059868367356e-04
1.163440262607989351e-03
6.683191988746066793e-04
7.691058718580435138e-04
9.665985348288819645e-04
8.087717980604688505e-04
1.861070328752070747e-03
7.783512144037625820e-04
5.907229435856266395e-04
8.486783837165148966e-04
9.317818445641982148e-04
1.651683954975362387e-03
6.868970954033435435e-04
7.033298872100246730e-04
1.448658677551131323e-03
9.216262359102862485e-04
1.019789516395642505e-03
8.051796163884170294e-04
9.417584440540221818e-04
6.001731614636943721e-04
1.131298308624488795e-03
7.996295429444667813e-04
6.318343303948367696e-04
9.598206150933133148e-04
2.032652870642704009e-03
1.187325012730070612e-03
1.149710731250217031e-03
1.867254120053558940e-03
6.002005968490575424e-04
9.943122485685203845e-04
1.242514576787686308e-03
8.577672739042760527e-04
9.464158046392920831e-04
1.238765227564264920e-03
9.276889741742253091e-04
1.741122165549092559e-03
1.053935326510323537e-03
8.320161258690849954e-04
9.075210229410823025e-04
1.099202144657670252e-03
8.402185987060181369e-04
8.398439913987668483e-04
8.524295570100160532e-04
1.192735862892777303e-03
8.770100391821054843e-04
1.314891476337973729e-03
1.314821348901210746e-03
5.997199760446844967e-04
9.026592109032635950e-04
8.681168117549787136e-04
5.828774621482053211e-04
8.793445156844214910e-04
5.423386378087510827e-04
7.381449723940067178e-04
1.077396415177464886e-03
1.048344116975473243e-03
1.084054327704301723e-03
8.820545203098689290e-04
6.499858588316906110e-04
6.149821045595398744e-04
1.209293371620636347e-03
1.120903136949099980e-03
7.847557306640252049e-04
7.166945616182211461e-04
9.260812846469457021e-04
5.821921167256129386e-04
8.432128801730050943e-04
1.172955729365636728e-03
1.350893593172212883e-03
1.416465058050307832e-03
8.340545822856283318e-04
9.941529665127291082e-04
1.162257856560257058e-03
6.828325264477590542e-04
7.136938306248510715e-04
7.449856396169001176e-04
1.959797473882793784e-03
1.162602242606287266e-03
6.402649657025127287e-04
9.380600306827370592e-04
8.146860082904259755e-04
1.371029741300543040e-03
8.003739098857251977e-04
1.448658677551131323e-03
1.258946125469288975e-03
9.548538403159291185e-04
6.671731180113328738e-04
1.517409803121671542e-03
9.725239354028359035e-04
1.251815334423214904e-03
1.117477071774955737e-03
8.571974344297967957e-04
7.085500354340466041e-04
1.607988966335612306e-03
7.230333156486223531e-04
1.640521405514182166e-03
1.187894423975625544e-03
1.293225514462065457e-03
1.141300945648616961e-03
1.198459724506186841e-03
5.976032958215096941e-04
1.262688046800211584e-03
5.553892224098801091e-04
7.166945616182211461e-04
9.690182648345463130e-04
6.400132590939195364e-04
5.836546446762209007e-04
1.599554893969819388e-03
1.859808140855003129e-03
7.494173770470675565e-04
5.963236739166189642e-04
8.011397528316596163e-04
8.855453564281969133e-04
1.338364899556873959e-03
7.426901337723578345e-04
1.339657821148586151e-03
1.138844111478386168e-03
1.170910633433091836e-03
9.591642471956381795e-04
6.373705458862872954e-04
7.990529674525492440e-04
9.261390426020178106e-04
8.158795951837325257e-04
7.877530420519895807e-04
9.587964358526831956e-04
8.296036322509582313e-04
8.211538537526207136e-04
1.272898715098855086e-03
8.111857337348910620e-04
1.069790220843504659e-03
6.752909631447638616e-04
7.885306794120569562e-04
9.504997328045452836e-04
1.046156391308741612e-03
1.257338539043055840e-03
1.114352265477728870e-03
9.590443439317947617e-04
5.250772839681671104e-04
1.341389010481974136e-03
6.295699794061825278e-04
1.369951369677855062e-03
7.527163914594711290e-04
5.039508039628435351e-04
8.540240346514698386e-04
6.345020910854572149e-04
9.480779255475777845e-04
7.530766623135811333e-04
8.761725665417096362e-04
1.002571064248756767e-03
1.297202674068516836e-03
7.894102751742161422e-04
1.101287567177721078e-03
8.352425715778152805e-04
6.803683623714711429e-04
7.730413528792113393e-04
8.683904321283525494e-04
1.301691242354122450e-03
1.285721054708092092e-03
5.263417374615670134e-04
9.223591428644165686e-04
1.271062754900065522e-03
1.420764232638639397e-03
1.181699260980269110e-03
1.305539336600050008e-03
1.466524743285339610e-03
6.957409857273394102e-04
5.185055305190418339e-04
6.073289543334631354e-04
9.189426334502674579e-04
5.794734596069365477e-04
1.248068759564993982e-03
1.154624510176534410e-03
1.832459043429465143e-03
7.587178157897262517e-04
7.670784812943595406e-04
9.369164270268062625e-04
8.675077221055497263e-04
8.413966049379640938e-04
1.321714431089104176e-03
1.089398800165522268e-03
7.983355110014956268e-04
6.601508453535959078e-04
8.232256754593687961e-04
9.107889625691084536e-04
7.562778697984926402e-04
1.061807801524860271e-03
1.952543006604376494e-03
7.817511161487585968e-04
1.874299390964924775e-03
9.492425504032850044e-04
7.240480944247077756e-04
1.054435692245690075e-03
1.160674767727299479e-03
1.013242053495200376e-03
5.509199177372808929e-04
1.001369777426268110e-03
6.193424905360139831e-04
6.804365596532821340e-04
1.281310854556373929e-03
1.965952891192300489e-03
8.479697967991881111e-04
5.687319787377969173e-04
7.549528573824428523e-04
1.284301280666423758e-03
9.084943534374268197e-04
8.757270662933526158e-04
8.432393286065192417e-04
6.081247646383979889e-04
9.206235603853741428e-04
1.032664289851478300e-03
1.161624603253731030e-03
7.419311458213272712e-04
7.239056093732323775e-04
7.893419481380573683e-04
7.260223207270520085e-04
1.976496367589990893e-03
8.317286255685719899e-04
9.163943651927379834e-04
1.108616609223211794e-03
7.069938194114243997e-04
1.507180814701421451e-03
1.384783945010217756e-03
1.597336851779764325e-03
1.306174431331419807e-03
5.484953214921726994e-04
1.132074410741717822e-03
1.412970491622882749e-03
1.293225514462065457e-03
7.621076037609405890e-04
1.427175477080023852e-03
1.194818916925324782e-03
8.027898824501932548e-04
2.300648384686597870e-03
5.228939885361531857e-04
1.086256172235537968e-03
5.579665890991026330e-04
7.583103024742858479e-04
1.516603400566352271e-03
7.238023339109371556e-04
1.207563319482543541e-03
2.287761701100027995e-03
9.413492468470166389e-04
7.024517971213500335e-04
7.320156965476669070e-04
5.154864982547456261e-04
5.125200216327032571e-04
6.675340357257928845e-04
9.535385510923222521e-04
4.932061459347380833e-04
1.261927155276998651e-03
9.110420621728431909e-04
6.579371607709144166e-04
9.345700022352328509e-04
1.155329591197664469e-03
6.362349067281959517e-04
5.909338264354393718e-04
1.022266470068509698e-03
1.184494345106449189e-03
8.792795810119408790e-04
1.981715164311603598e-03
1.065272395030836521e-03
9.990075778536979412e-04
4.758350807654612952e-04
1.068705644482246956e-03
8.151644394190666210e-04
9.103435714701542739e-04
7.177230447645461002e-04
1.463669787171751951e-03
1.015021195342962141e-03
8.032362220501465316e-04
1.102437257328192990e-03
9.856027230504566666e-04
1.311643553932558383e-03
9.845868503593944131e-04
9.964298457726175878e-04
1.195148981511825852e-03
1.278628524873027172e-03
7.857061943690529186e-04
8.405424684919315589e-04
8.553984317543313412e-04
1.027570807708806742e-03
6.214865464201409923e-04
1.104198104779593017e-03
9.237317158679737416e-04
1.006802241905777311e-03
1.338324146463957393e-03
8.716784225804293873e-04
1.274869895545630363e-03
7.148132283573754506e-04
5.613746035168638805e-04
1.546513590629849293e-03
6.424288994463648369e-04
6.079712133682927712e-04
1.950146751620777811e-03
8.250989645472017872e-04
9.670482509765036599e-04
1.162751595045110036e-03
8.267689854171594074e-04
5.654716461968590504e-04
9.593707991738272380e-04
9.701082964104492615e-04
1.478083240183044288e-03
7.177409172225030507e-04
5.721756556797487391e-04
9.941878411681565053e-04
1.010342288837195708e-03
1.400026574520253598e-03
8.761378050936802307e-04
1.266661858914681004e-03
1.289553070123134653e-03
9.036401449270547743e-04
1.137249747121405006e-03
1.260295929872973361e-03
8.455914343332226286e-04
8.435985743288199447e-04
6.860442390678567854e-04
8.645202614480666705e-04
