6.579609984219364580e-04
7.055627405220387272e-04
8.583865265308733084e-04
1.125375725814055199e-03
7.646386599889909690e-04
5.481998832474919373e-04
9.952165892379923225e-04
1.247783696307877815e-03
8.947235866172973187e-04
5.968322349905608041e-04
1.782559876109367529e-03
7.055180946010605227e-04
1.134210645908357911e-03
7.638071121905271868e-04
8.349113388069975697e-04
1.294235393400779100e-03
8.366849979993315868e-04
5.322895135506231683e-04
6.496338862259703681e-04
6.766666475820176619e-04
6.155025719480805612e-04
7.446671657843144084e-04
6.128974712564605552e-04
1.325970466599450366e-03
1.296860003505266980e-03
7.051111414006002321e-04
8.669729222801444328e-04
1.930342985465160035e-03
5.421583024574809853e-04
5.872214378409566001e-04
6.691527640634131312e-04
7.886300251824811171e-04
1.175280629834432339e-03
9.634872074147717317e-04
1.352544323463248602e-03
7.337290394534467164e-04
2.288254058019735266e-03
1.520380628720725434e-03
9.812486379645907631e-04
7.831604329477620356e-04
6.450815900687517125e-04
7.979789496380400478e-04
1.307081216869197815e-03
8.046468850062914570e-04
6.951664924410605765e-04
5.944553724944695410e-04
8.752275511777530843e-04
9.821509697386494007e-04
7.850692592885512430e-04
7.629787327411234046e-04
6.673551614940952332e-04
1.283918596326801085e-03
7.590574255996332745e-04
8.338543349839162323e-04
1.436645466328254506e-03
7.237716504890436041e-04
1.521790000086467370e-03
7.339853830180016877e-04
6.261228047813350043e-04
5.513288769844948076e-04
8.380848428831815531e-04
4.925014903775479279e-04
8.137523353894481450e-04
7.215955789543616709e-04
2.484636908729869267e-03
7.597786897091770479e-04
8.089691867523263712e-04
7.163540306251332812e-04
6.328290458496532928e-04
5.836564237367485941e-04
7.037706306496517962e-04
9.044246311216586499e-04
9.677339937517152749e-04
1.501872897831772703e-03
1.561593601129554129e-03
1.240370129204355519e-03
4.980975248412806500e-04
7.122387803941136091e-04
6.105865365734793179e-04
6.795244154542226002e-04
8.142973061916210622e-04
1.563263784270468512e-03
1.313576954375247343e-03
1.612768789224592681e-03
2.256023507609823328e-03
6.029022405081524514e-04
1.344071063607486750e-03
6.524547026175762194e-04
7.667587707837691469e-04
1.315771302321714405e-03
1.205594619544661170e-03
1.003597252016319658e-03
9.953955859896771851e-04
6.841863443215960138e-04
6.648077956091608077e-04
6.169541970369530129e-04
8.630239011976696380e-04
5.743282327893513067e-04
5.599674748402349222e-04
6.918506146631129812e-04
1.048282952403178665e-03
8.247879894360794035e-04
5.836046081946456247e-04
1.389620365235160740e-03
9.376047942595412514e-04
1.627526344828194443e-03
7.748227242514927520e-04
9.948913468249818461e-04
6.723044588780392782e-04
7.094085880440006682e-04
7.425307148472057696e-04
1.194647785631501331e-03
6.649643262159245921e-04
8.013773384206614300e-04
8.862881910849386121e-04
3.127847414697328566e-03
1.319513189629363883e-03
6.156556858797899209e-04
6.768185386530547066e-04
6.524765928962287815e-04
1.491387477326322399e-03
6.335709813091791728e-04
7.603682432363420736e-04
1.581527500074103544e-03
8.230099811626842825e-04
7.084487166263057998e-04
8.145222439406106909e-04
5.664651531492440918e-04
7.576369612385635806e-04
1.248652593327330678e-03
9.678942894395442314e-04
1.332281905603079119e-03
1.326942321999211158e-03
8.034573812748614435e-04
1.009969804264591441e-03
9.361588208747225566e-04
1.010573088414135024e-03
6.463060382126068273e-04
5.815028351039387092e-04
4.240185996606122003e-04
7.360068682750502611e-04
1.073242697020323480e-03
1.186725657640940205e-03
5.937186780298501707e-04
9.881705122811467769e-04
1.096436506540329975e-03
7.005727128112133753e-04
8.353290662961075988e-04
9.372526419756236661e-04
7.458238134777561354e-04
1.482479609219314407e-03
7.315579546981308559e-04
1.233893387679351741e-03
8.325690012130817358e-04
8.696482248650730601e-04
8.543474949036045183e-04
5.888129314491824052e-04
8.613363846556179940e-04
1.126091684914486959e-03
8.079426647104684953e-04
1.182985823865146139e-03
6.422649890269650644e-04
1.291582310799102270e-03
8.232821827156995001e-04
1.589764037375318139e-03
7.240603607115913502e-04
1.004520784167479497e-03
7.922812146821685666e-04
6.246571907804421503e-04
4.531567013468255824e-04
1.546428877666656881e-03
4.925014903775479279e-04
7.913783946056377958e-04
1.245880955654734591e-03
1.232499459635930843e-03
1.302745073733213013e-03
6.281785813526978221e-04
3.904885802241960229e-03
6.795105207732103940e-04
8.832993430397074672e-04
6.332954498434697392e-04
8.506603954562448350e-04
5.533925653751514163e-04
1.788448990260565162e-03
1.505302788245359855e-03
6.258812046726758413e-04
5.873470791874018607e-04
6.174690049657610312e-04
6.197101664245762559e-04
5.959110263480539137e-04
4.880777830703706007e-04
1.220670070883605714e-03
6.997613042652382461e-04
9.162049961436320982e-04
9.140356911279333115e-04
1.246531375829654665e-03
8.681437286217995450e-04
1.300490367390320923e-03
7.046753733067252518e-04
2.111916400198790480e-03
2.626609201165235313e-03
1.568370442323975761e-03
2.592343786563753791e-03
5.364926444189398267e-04
7.334206341073318909e-04
8.442004041161596181e-04
6.741196217089517233e-04
8.457565386649226963e-04
1.131106397190589658e-03
5.544367400456333373e-04
1.125311026133903568e-03
1.896231717382558480e-03
6.812833491388266575e-04
5.944553724944695410e-04
1.398863151424497263e-03
9.012815287388451120e-04
7.703287083786835394e-04
6.405308874982898601e-04
1.458129830415687235e-03
7.686629086835557352e-04
9.755575684398776854e-04
9.402062577770725453e-04
8.479389370679937419e-04
9.529933029762417121e-04
7.235764162948573903e-04
1.519020646399151051e-03
5.512590387584437356e-04
1.488017323718383812e-03
6.337974410329652109e-04
1.175803780943690579e-03
9.342562605766082046e-04
7.314490627157858079e-04
1.412334362787476608e-03
6.693357894887629533e-04
1.137326086026480996e-03
7.845289780949665044e-04
7.991222845629276754e-04
8.221105029766022365e-04
1.063218399391072187e-03
1.603942173752243190e-03
8.052726348226726168e-04
1.247771438914560896e-03
2.400425958553491657e-03
7.626471692563745186e-04
9.220004292596137166e-04
2.296584619303712431e-03
1.049907000765457239e-03
1.029867594795959513e-03
7.685652715471833103e-04
1.153511033157391839e-03
1.676810430509108763e-03
1.058985594054723516e-03
6.373628165816544412e-04
6.455139361189800870e-04
6.998534198651979029e-04
9.425756116653766269e-04
2.331753586358686209e-03
1.728653603576149915e-03
8.614077810309308083e-04
5.352988512964886210e-04
2.676923210519709627e-03
5.119057814621678698e-04
1.616739855824899080e-03
6.227951693276688461e-04
1.082706338441164103e-03
9.433254234032473163e-04
5.962385292644076023e-04
8.113581905315688002e-04
7.978595411349828984e-04
6.397186564037883692e-04
8.326851802775425693e-04
9.012815287388451120e-04
6.820603022088834186e-04
2.135015972334064916e-03
9.307249846857453381e-04
1.041903487302662254e-03
6.101895638196172100e-04
1.055725263173554760e-03
1.422746733333567172e-03
8.906275221122298162e-04
1.297069907072275667e-03
7.710308705291195157e-04
9.421224100786418235e-04
6.598203214899873905e-04
5.505953056161786005e-04
1.731996504795630613e-03
7.597786897091770479e-04
6.391217725553963733e-04
5.510219516198789887e-04
6.687866116100182629e-04
6.832080269240628414e-04
1.470109462172601231e-03
8.852100962996892414e-04
6.617503112659212528e-04
1.673409041850795666e-03
6.212422212910649394e-04
7.343156504243349755e-04
1.654620167281993688e-03
6.932846581411193599e-04
1.777446008617490202e-03
6.399046642542745821e-04
7.825341846489704701e-04
7.741884017801614224e-04
6.543597144094780551e-04
7.132974444937144028e-04
7.131662899940007048e-04
1.123190673968412151e-03
7.038360421840684144e-04
9.469200839366752852e-04
6.926214378510923324e-04
6.733782085287328854e-04
1.010349120620684677e-03
1.528056713818006949e-03
1.393679760990234251e-03
8.926694869291759227e-04
7.519019129483030250e-04
5.606323293338518919e-04
1.004413460222075951e-03
7.083884682585828499e-04
5.293364507235589957e-04
6.072735450280534759e-04
1.077444343429202712e-03
9.443193511415098537e-04
5.234042513327792330e-04
7.304950231205295302e-04
1.095584591753592666e-03
1.204874327573489477e-03
7.429133123650791086e-04
1.138946067114058290e-03
1.479576486212169726e-03
6.465682787000644714e-04
8.260466819603073290e-04
1.847064826551661574e-03
6.820603022088834186e-04
1.001383331635659476e-03
1.513102997751795140e-03
7.866468484460776124e-04
1.581610792108535017e-03
1.162241876568816720e-03
1.630005629274376873e-03
8.369775812263490931e-04
8.188511663273058752e-04
9.961028567438217317e-04
1.231826252122024314e-03
9.647343681462737432e-04
5.345819461281066430e-04
8.663423525540766244e-04
8.086075690538376123e-04
8.240092241379946272e-04
7.238129833346924284e-04
6.265316608200548676e-04
7.597855665207550215e-04
9.121731210962409544e-04
8.866161237770195684e-04
2.370208102680781796e-03
6.773233811551400765e-04
8.122073787264687088e-04
5.941284366991223670e-04
9.341363478296783786e-04
7.209246864877774967e-04
8.471482850357868986e-04
1.400635936743118738e-03
5.550081100665132591e-04
6.125723540812838541e-04
6.680310948438631519e-04
2.063327566328881143e-03
6.194988676889331925e-04
7.165764770548867148e-04
1.121397954829875211e-03
1.054035152457906150e-03
1.037392236365432263e-03
1.086649125338734045e-03
1.223690948558653216e-03
7.026296523726358089e-04
6.766272170666288435e-04
1.474660077548305267e-03
9.930850162883739663e-04
1.930342985465160035e-03
1.034943769245806134e-03
8.464066430822151516e-04
1.408740455522798857e-03
6.447472022212168618e-04
7.831437522917665669e-04
2.349890707725945868e-03
2.859045221305585565e-03
8.073030038064663103e-04
8.121467419572694132e-04
1.409310837690586592e-03
1.015163940205847121e-03
1.167751494962211917e-03
6.484243930362465448e-04
5.674574063525569074e-04
2.031922661000501104e-03
9.707678378587688943e-04
1.880030175252582394e-03
1.137326086026480996e-03
9.930850162883739663e-04
9.771944124331393127e-04
1.894658306168722772e-03
4.917934450215190106e-04
8.061250468024628224e-04
1.083191172295476989e-03
6.415167449582560681e-04
7.332362590753120505e-04
6.544323298021480868e-04
6.878844349728087913e-04
9.307249846857453381e-04
5.266916981635145524e-04
6.063331948513245523e-04
1.368757746686405158e-03
8.053205310290435402e-04
1.105573780819860911e-03
7.640045176210443195e-04
1.097006828558761077e-03
7.794232058432490296e-04
5.387912004342291627e-04
1.023636291075812402e-03
1.004246635544329925e-03
9.484912090860559601e-04
4.711378551704841215e-04
5.465054900258023516e-04
1.079744517359064113e-03
7.794232058432490296e-04
1.624821228090562097e-03
6.246571907804421503e-04
6.557478942352968493e-04
7.204931774922619919e-04
6.171953057713098177e-04
1.024622092558095509e-03
1.551962401037899116e-03
7.334529916067664222e-04
6.792857708565439197e-04
5.725109458185563202e-04
9.780253498807693104e-04
1.239077134907734393e-03
5.438919852557841991e-04
1.216590669740798443e-03
4.957303794504191096e-04
8.984861690812154895e-04
8.868084374019474499e-04
1.063755685591454914e-03
8.458423093762743516e-04
9.548260228892731412e-04
6.750423747800604396e-04
8.884742156189208212e-04
1.420094604789093155e-03
1.473272375413111918e-03
6.853549271340288358e-03
1.181147538798628122e-03
6.731901109676377993e-04
1.139743061085150312e-03
6.260642517438590095e-04
8.747011089898914116e-04
9.233828423272121477e-04
8.301563644617463442e-04
8.229417556835983728e-04
5.589919397594664274e-04
1.780715676489279297e-03
1.268401792946272175e-03
9.116859050985668105e-04
6.666784022013205096e-04
6.897553313648566815e-04
6.951244705511235456e-04
1.017558500793402628e-03
1.275521711759749176e-03
9.820271417691867847e-04
5.612952912469770144e-04
7.884643931773172064e-04
1.130868088021487819e-03
9.187607593058409869e-04
7.121899231349925006e-04
6.696384449609764453e-04
1.600912753082754268e-03
1.633501182895438905e-03
6.442245717182737332e-04
7.776416396676860384e-04
6.105616962877026500e-04
5.802416674541099970e-04
5.836206053053310042e-04
1.032908874669622888e-03
6.524655737903967828e-04
2.398923189733949326e-03
5.625326421944094402e-04
9.101912388725151657e-04
1.717822024491148618e-03
1.098387266028833659e-03
1.864117140777456520e-03
1.791666502540874284e-03
1.113617183752783945e-03
1.027873132205585783e-03
4.880777830703706007e-04
6.408936823714498363e-04
1.344296182415613029e-03
6.259181273025331456e-04
7.535289715825291106e-04
6.686836332385451449e-04
1.920722476480764490e-03
8.685192624268782934e-04
1.138941290255968001e-03
7.857836930620087923e-04
8.157913622860091989e-04
9.095526249800379862e-04
6.593977580500107183e-04
9.296405535656177390e-04
5.188270217766958146e-04
6.731241521889726751e-04
6.171953057713098177e-04
9.437244521715796447e-04
7.611707297658301544e-04
6.698121026979293605e-04
7.744275337971570335e-04
5.801489617200620424e-04
5.445255795412508402e-04
1.134210645908357911e-03
1.062410815198769776e-03
1.626762101840709606e-03
5.729182957341695265e-04
1.486998237221727514e-03
8.345583387376248651e-04
9.066439163126077672e-04
2.416069051126451886e-03
6.507275208644522965e-04
5.403209879107455631e-04
8.326566748611204149e-04
8.333142157529654448e-04
7.074481908769557955e-04
6.802753914944612403e-04
9.337722826862518248e-04
8.406440712663396011e-04
6.260818170073776702e-04
6.204872845278353987e-04
1.003597252016319658e-03
7.315579546981308559e-04
1.502958406963545964e-03
6.497782217604439366e-04
1.639037924351960298e-03
9.879123033199107163e-04
5.217763182800517823e-04
9.309683305868627972e-04
1.025427041075918687e-03
1.367516126307815379e-03
1.463919742513774365e-03
9.304950994051854052e-04
8.940427263233355175e-04
1.015399555094068746e-03
5.896897897463834271e-04
2.272185615761619995e-03
1.054142444066212287e-03
6.349838851032615049e-04
5.544367400456333373e-04
1.473825036790294123e-03
1.327830951530151659e-03
5.554013178722099625e-04
9.895850873710533915e-04
7.925986288166432222e-04
1.104577175171789433e-03
7.905035545343623484e-04
9.429354593184782144e-04
5.337481790494671063e-04
1.265937323011419443e-03
9.630702866677364306e-04
1.120534217942412885e-03
6.794401171444083365e-04
1.127639818840735610e-03
1.021322611119476059e-03
4.980975248412806500e-04
9.205676532316259741e-04
8.293185474945661802e-04
2.622993647800654377e-03
1.292416328363406135e-03
1.406438516540330563e-03
7.801986470775010242e-04
6.160825140627789994e-04
1.022698404075396460e-03
6.146831638670411215e-04
7.657888690249506271e-04
9.757220830496968330e-04
4.953423474729639914e-04
6.696915021923643355e-04
6.525962567723585543e-04
6.862175063945217266e-04
9.108331908869970713e-04
1.223733355670319004e-03
1.075034807135362338e-03
9.789912977891377689e-04
7.024361049209993735e-04
5.435882998146106520e-04
7.019049294221402094e-04
9.822341859161240907e-04
1.105114576405789341e-03
1.120692675296583148e-03
5.894047951060730735e-04
1.125295706798739226e-03
7.301783365461278269e-04
8.809870819674333426e-04
5.771041307819613740e-04
6.731241521889726751e-04
1.479576486212169726e-03
1.366057936226082719e-03
1.143786177606445111e-03
9.508284855005952633e-04
6.754146417044177338e-04
1.283918596326801085e-03
8.265297942562815133e-04
1.515327079571434634e-03
5.699888304692958757e-04
8.632218488602386728e-04
1.192302072768141024e-03
8.866706988401022076e-04
6.231713613147266736e-04
8.075380461279316668e-04
4.705239328630568020e-04
9.776555796807630434e-04
7.219961473301322831e-04
6.898238208121578244e-04
8.604665553981122100e-04
1.404149737070316609e-03
8.684892996193350513e-04
1.994092323935643760e-03
9.676131423072369380e-04
6.524655737903967828e-04
1.301110617420355364e-03
2.822891793851278665e-03
4.930067605955672574e-04
8.236384543092755469e-04
9.186445511702856634e-04
8.131773434210912577e-04
1.090593319693839488e-03
4.970217328980058987e-04
5.344854088151475497e-04
6.155025719480805612e-04
1.050883324103258623e-03
1.099182816695612377e-03
9.030984604289371293e-04
7.352887548294313388e-04
4.958251589188947305e-04
8.432925109929923207e-04
8.930418075816823169e-04
7.656756631332173411e-04
2.520713351213466676e-03
2.302294047541634560e-03
1.460041602168800530e-03
8.604665553981122100e-04
8.613269303919393128e-04
8.545911169506552460e-04
7.501335330372382046e-04
5.207543465424705094e-04
1.602325228650630044e-03
5.494159392039326545e-04
9.172423607951234572e-04
1.626900349313012027e-03
9.421224100786418235e-04
6.808288569219512251e-04
5.846057545828325019e-04
3.700591857896360758e-03
8.433417938371330202e-04
5.092632894791202869e-04
1.009503217547561916e-03
8.689300858110296857e-04
1.193281906607481825e-03
7.180298588163244993e-04
1.743934974145463883e-03
1.106828108427755511e-03
6.579372941665237538e-04
7.747624108739104357e-04
1.292923902154690654e-03
1.261362619788984054e-03
1.261152702026969085e-03
9.020956823472669073e-04
9.244963877815666432e-04
6.714969725270730294e-04
1.256372512782373812e-03
7.166092466556947798e-04
8.198206910687766066e-04
5.380956533769199954e-04
1.122833388814182621e-03
6.173419298957366760e-04
9.547171116030792092e-04
1.049131757643816847e-03
8.880181410252545923e-04
9.036618344098043196e-04
9.455899124410715268e-04
5.638410145403210255e-04
7.881124923480778812e-04
5.469713107154548217e-04
7.872250808857867961e-04
1.035974067494509600e-03
1.058599690641696739e-03
7.356885499698156408e-04
1.108745364693896999e-03
8.645071263099571041e-04
8.829027603262603642e-04
9.472613219786365927e-04
7.088269366080812055e-04
9.372883681248152330e-04
6.735104126513252135e-04
1.272501525437843943e-03
1.710964780549265344e-03
6.366640839887546463e-04
7.773758452850450468e-04
1.050523928906924509e-03
7.150729788738215999e-04
7.350200863416976463e-04
7.673600658145167310e-04
1.003436750694968989e-03
8.693226586612918041e-04
6.065505457637994672e-04
7.429258399870540541e-04
2.091129145872673914e-03
6.975442086788430059e-04
7.818373498536653138e-04
5.892866470192137688e-04
5.504221380932413331e-04
7.055627405220387272e-04
1.095086073561568835e-03
7.611707297658301544e-04
2.249480766680020134e-03
5.612577357263980006e-04
1.485230965607072309e-03
7.696330883262399126e-04
9.563517334209591970e-04
5.944867309577637994e-04
1.259932701185663634e-03
1.370494631499736063e-03
6.103318268638877791e-04
1.353043861517499438e-03
1.679972847605996954e-03
7.393142069273688248e-04
1.579858753004075500e-03
5.865460551847574439e-04
9.866910204358362267e-04
8.145783913092424344e-04
1.713181044178596580e-03
8.874608495821086204e-04
5.581875063847035112e-04
9.082157298279573774e-04
1.027873132205585783e-03
7.561385353548964305e-04
1.104593617176404885e-03
7.361186558349514658e-04
6.666784022013205096e-04
1.146210839982256648e-03
9.990188584145243134e-04
1.133363624194009276e-03
1.009969804264591441e-03
9.214829243247697711e-04
1.519020646399151051e-03
2.253108613892920633e-03
1.065849692394862805e-03
9.174546933224420487e-04
7.716262069749714242e-04
1.037434088869439207e-03
5.932057777393274448e-04
7.046377229676588664e-04
9.860120468586871557e-04
1.433091605799051817e-03
8.837673300944799996e-04
1.071244659443138826e-03
4.881569619271277478e-04
1.246285451130023500e-03
7.127764149154221501e-04
4.868151211154760809e-04
1.054952497688399667e-03
1.061263874296943010e-03
7.338191763981888370e-04
1.133962161924016807e-03
2.708070811340391928e-03
8.604513911186663496e-04
7.182355012350541239e-04
9.675705807669896831e-04
1.265196036931459309e-03
1.269976452565257322e-03
1.656967290484929588e-03
5.778253193223045108e-04
1.055314677245718612e-03
8.408207545529026257e-04
2.425827860971400268e-03
6.768224681713708038e-04
5.187902843377329223e-04
7.683500778659379821e-04
1.239787299257060112e-03
5.633278469430046294e-04
5.240802754056765730e-04
8.024921147965866520e-04
3.453140413571942260e-03
1.412199904946169699e-03
7.935721170233517134e-04
9.958799509213846820e-04
5.567183376734874704e-04
2.536732733373734880e-03
8.181295574937151593e-04
9.388473670259670509e-04
6.811882776396033625e-04
1.104893780853465676e-03
5.848791474575259618e-04
2.069872036556378962e-03
7.067671760424802533e-04
5.448347528712471242e-04
3.047066116352208434e-03
1.064829851809197606e-03
5.168999487451478997e-04
9.049196419963235214e-04
8.841221759567417880e-04
8.049813959998242639e-04
1.460946694028933575e-03
1.262310361103293529e-03
1.268857862683582093e-03
8.364795642815846732e-04
7.734300759725700044e-04
4.908891920332263386e-04
8.323337462103690913e-04
7.444242050825954776e-04
8.500977619579283551e-04
6.543597144094780551e-04
1.199207794847832395e-03
8.530604467001117906e-04
1.590442335254366006e-03
4.984246884467572001e-04
6.061517981844554651e-04
1.197502174959441494e-03
1.064942118857391306e-03
1.139173646946385621e-03
1.003204029411584007e-03
7.919099094315793430e-04
1.259532398870022787e-03
8.151887417949183531e-04
1.275231818958429001e-03
6.050675687266551112e-04
5.403209879107455631e-04
8.870688283880213444e-04
7.549054975495034930e-04
1.638920243132905826e-03
1.943697320969597344e-03
7.545098224220677264e-04
8.948391800122284601e-04
1.062741677578128447e-03
1.055413965114180034e-03
1.232983996275842853e-03
6.455139361189800870e-04
1.185837101183708246e-03
5.138111305832919863e-04
8.038252301095753652e-04
1.445827048383996468e-03
1.548617279145417898e-03
5.917279131422312167e-04
1.061263874296943010e-03
5.723804918129662663e-04
6.413074306775002047e-04
1.268401792946272175e-03
9.341363478296783786e-04
1.438068712862993707e-03
1.811033547373664277e-03
7.211212661988208221e-04
2.733461424609919671e-03
5.848791474575259618e-04
7.020527021151403259e-04
8.166022675625740244e-04
6.249381262604313762e-04
1.172819829479035229e-03
1.719757961529498527e-03
5.304203864722387401e-04
1.138457256490895417e-03
5.388030936613990825e-04
7.551688369040864685e-04
5.663699144622395994e-04
9.101523584212161105e-04
6.631987411544572938e-04
1.338513813537565164e-03
1.133816013959781195e-03
8.561881138155633337e-04
1.461264348226126849e-03
1.073242697020323480e-03
7.706917038477495039e-04
8.580018382085132867e-04
6.269636397707127736e-04
7.820915826671152437e-04
1.361922874404364889e-03
1.108750536545511940e-03
6.605894094726294692e-04
7.836194177587942934e-04
8.871972272571130268e-04
6.598819070454704913e-04
1.120692675296583148e-03
1.348466837594563140e-03
5.062746707708982693e-04
6.469681089698311408e-04
5.847931194675053427e-04
7.707650300868804398e-04
9.136019606386751573e-04
6.915002217967099619e-04
5.079254987561832718e-04
9.088736264114731858e-04
5.536466060578808333e-04
6.795785263891963553e-04
1.138851671862812966e-03
1.028048589604554572e-03
8.304822698209770931e-04
1.561949887145741393e-03
9.672859847044954808e-04
2.767356617025449293e-03
6.763100877098607040e-04
6.795542478862538066e-04
1.293290221429321601e-03
8.239561441108146818e-04
1.002429849530303303e-03
9.834832868497970105e-04
1.129112714776758222e-03
1.659724530471983622e-03
9.929677699452785222e-04
1.051035025049053403e-03
7.174938290626442028e-04
7.975477346223932033e-04
1.092048849354805649e-03
7.476777443603832042e-04
5.603738373290434189e-04
5.751314654122341354e-04
6.377319534608224443e-04
8.198117863314114849e-04
6.624465446594709735e-04
1.582301543154668311e-03
1.032962446373779635e-03
6.150635515076544350e-04
5.279893558305584619e-04
7.943737203165077403e-04
5.306342410816470385e-04
1.153511033157391839e-03
1.731479615683087806e-03
9.801927367191439790e-04
8.017672548357708626e-04
7.145297015816826037e-04
2.806723487098183086e-03
1.226937119783155393e-03
3.448050592035374964e-03
1.077475402251925609e-03
8.191465950518680029e-04
9.816332632515034802e-04
8.529652625852468572e-04
7.947492921784526324e-04
1.103644729509695470e-03
1.351546778682049090e-03
6.260642517438590095e-04
2.017916838187965890e-03
1.626818296017806115e-03
9.431419132729557293e-04
1.181063038006457131e-03
1.261362619788984054e-03
8.029878063159717966e-04
5.794086057600821840e-04
7.611596452162438988e-04
1.257800498658314184e-03
5.625326421944094402e-04
6.525487763939981107e-04
6.700487909801950987e-04
1.001186210304835658e-03
1.234551615655350232e-03
8.876750732377708701e-04
7.974038576280640745e-04
9.007909639994727494e-04
8.076803792054357885e-04
1.119204755798343994e-03
2.885895154487576678e-03
7.014738290214544416e-04
9.402062577770725453e-04
1.009969804264591441e-03
7.530620869194533861e-04
1.370494631499736063e-03
1.281421773566469814e-03
8.571530166358944146e-04
7.165898108239696042e-04
6.776878519634547049e-04
4.137429555173106031e-03
8.054312177753918025e-04
1.253121415079491881e-03
1.440653783891162340e-03
1.136888732432102559e-03
9.395843101211322603e-04
6.140265789492277979e-04
7.019049294221402094e-04
6.949089157519347266e-04
1.973535416533617713e-03
6.756133346298443801e-04
6.870072982923125125e-04
4.418571497920452309e-04
1.157390413251657398e-03
9.063146587028345427e-04
9.985138174091797575e-04
5.974983799443829395e-04
6.197101664245762559e-04
9.232609024015847382e-04
2.047298160080658711e-03
9.746770153323065702e-04
4.500303994405062511e-04
1.020103360220990041e-03
1.215213217646079688e-03
8.333142157529654448e-04
6.778571113057945763e-04
1.182320171996448710e-03
8.529652625852468572e-04
8.423761965931748311e-04
1.904591303187126630e-03
