1.206913661116314901e-03
8.857734088131886691e-04
1.056986023734212505e-03
7.938129009813501506e-04
9.294459931013818264e-04
9.644786955841202006e-04
1.246609061843212711e-03
1.983113415690838412e-03
7.275201049354211927e-04
4.867104493227325111e-04
8.401289753771554441e-04
6.782388435865174337e-04
8.936177396036387287e-04
8.295118648384564985e-04
5.962240705926300649e-04
6.672908297225164584e-04
6.949540665469069968e-04
1.047930940938474357e-03
1.280138825659893212e-03
1.592521946490850059e-03
5.728194657558261784e-04
1.018276908219448466e-03
1.048656550216896374e-03
1.057798324319360415e-03
8.263650111582018787e-04
1.798371279872789221e-03
1.851721152668945377e-03
7.096167612480009865e-04
1.057789284542519272e-03
8.009739430592277857e-04
1.751246636163036018e-03
2.677108578275104109e-03
8.085315706458440829e-04
9.129675226632603165e-04
1.348554593962716973e-03
9.329381144186873250e-04
6.896208819566570667e-04
1.227552752149508068e-03
6.435344945489152426e-04
1.721344992222305489e-03
5.533075242625280906e-04
8.579721180009329496e-04
6.681153584068494963e-04
6.982629019675995171e-04
5.702349574605567774e-04
1.157425849292808293e-03
1.983635390581710723e-03
1.315963746361094311e-03
1.701165160787465949e-03
1.193490470962069649e-03
1.120633271228187264e-03
7.032606437958465340e-04
9.814528083919560851e-04
7.247596445629458277e-04
7.676284579844554982e-04
2.864276903888149459e-03
4.373919252827930125e-04
6.147961406707628260e-04
6.732419154562665521e-04
1.200347917583930758e-03
9.562577148172341206e-04
1.076249459330477342e-03
8.391848876936428567e-04
1.233760850150195446e-03
1.452951570491949757e-03
7.024416155880799061e-04
6.582585456588821177e-04
9.140937170415040173e-04
6.347195749679939575e-04
5.941518218214533482e-04
9.724341144762608212e-04
1.179103383018184582e-03
1.233031081456325510e-03
7.529328143244986681e-04
1.245508083054223643e-03
2.820630809351048606e-03
9.063356111255394714e-04
8.121659301640479995e-04
7.747810961109119748e-04
1.864292901544432456e-03
9.221053915060641081e-04
1.259415426748736666e-03
2.327713995406792500e-03
6.790539459807937986e-04
9.382370863280653246e-04
4.650002549807633100e-04
6.608948876221365770e-04
1.238858369548849437e-03
1.476577162428051445e-03
8.724283800013764648e-04
1.213618043708153708e-03
6.439162157835991249e-04
1.210008295328797272e-03
7.309669716547260738e-04
8.170043178352026821e-04
8.012795423213065794e-04
5.229082144988904260e-04
6.949540665469069968e-04
5.001107652741490711e-04
7.890157180367026943e-04
2.484106059261275389e-03
9.707469393536013926e-04
7.789037906141105900e-04
6.537410499333882628e-04
9.593913405059354901e-04
1.898792503722571958e-03
9.846263758673840395e-04
7.744391246614439582e-04
8.863756730854570635e-04
9.413093294556470992e-04
7.965619479391400446e-04
1.625420499071858959e-03
1.420815183365883210e-03
7.126168915073290144e-04
1.095688693424535934e-03
8.657000718928817935e-04
1.161984119449749157e-03
5.593359014016773640e-04
8.287456324643598365e-04
7.319592952733515760e-04
9.984572942997903874e-04
4.912695674392123868e-04
9.408349502388465777e-04
8.435823447235471810e-04
8.267055929448038866e-04
8.397231455455630251e-04
1.023153528269511638e-03
7.637191644175296643e-04
8.387569895509592579e-04
6.233772106838623289e-04
7.947201367355233564e-04
8.288614653871444757e-04
9.853605265159888060e-04
6.174286861785980435e-04
9.908344254562087908e-04
1.646414080118401187e-03
2.433702007969236643e-03
6.686274762169071425e-04
1.923943973502833475e-03
7.281186748846309653e-04
1.266994486966838617e-03
2.248779750783368864e-03
2.499060203822470617e-03
1.134359460261594177e-03
1.350604012317915392e-03
7.313795834159048798e-04
1.274801513641041044e-03
1.031555438240355652e-03
6.854883341918256278e-04
5.431995729138184518e-04
6.908090974324725912e-04
8.279597219147217602e-04
5.808991446325799564e-04
1.269849481630231768e-03
6.576341595348508644e-04
1.493123358270297607e-03
2.867203027486185662e-03
6.959747367608661028e-04
1.350392846111287759e-03
9.488882339860929245e-04
7.731629401838223782e-04
8.435230731884358832e-04
5.728009848845763913e-04
1.061552511030703977e-03
4.724811111312199677e-04
6.742350841061592369e-04
8.224838212685705576e-04
1.980711869238347550e-03
8.909662914477633642e-04
1.057432650122210266e-03
5.163913324344468828e-04
1.143169561710652036e-03
1.393815038934110998e-03
1.759665259785496601e-03
8.219943892496328966e-04
5.732040617588829564e-04
1.246609061843212711e-03
6.311508821120319921e-04
8.038253630444695775e-04
1.443122572671853973e-03
4.848283612363469067e-04
1.106181970002195888e-03
8.093438991317756723e-04
8.440451429831009184e-04
7.937283618499207417e-04
1.398440815396061361e-03
1.244051913730336760e-03
1.349395379522918279e-03
1.332840857045883981e-03
1.071466346405870436e-03
1.213183294790321333e-03
8.677921073391701469e-04
6.667927896566252805e-04
2.062424763422383237e-03
7.836921967668987856e-04
1.130688886683754333e-03
6.345210524511348850e-04
7.299101886367379130e-04
9.053143328875168675e-04
8.162252254323028831e-04
7.688673334234461974e-04
1.171617749140913597e-03
8.457191063852177856e-04
1.038516987889330848e-03
1.181408866114848572e-03
6.126067781223904374e-04
7.056764128624170218e-04
1.074945086617090347e-03
6.686274762169071425e-04
1.177373292235834711e-03
5.888326681664741514e-04
8.853757766452859373e-04
7.221228090588769234e-04
6.236719132626177779e-04
1.075515062744184609e-03
1.092424459022981777e-03
1.146690822384143112e-03
1.131550837688158687e-03
1.018931586969858182e-03
8.162252254323028831e-04
1.028305400169882448e-03
6.525552577043332173e-04
5.779675885958568187e-04
8.291886267538523935e-04
9.368704323318361501e-04
8.939282614131058942e-04
5.963223496596680145e-04
8.955713908906679866e-04
1.206352451418803975e-03
9.031805216906106963e-04
1.550529654475232399e-03
6.633101895869822524e-04
8.934611673857169572e-04
1.131843978995078362e-03
6.855156178806268022e-04
8.584579299077929907e-04
7.627039389831831917e-04
6.013030861796634209e-04
1.141956954121960653e-03
1.306231032444805451e-03
6.482973593095394142e-04
1.511382266746264967e-03
1.498114290083208582e-03
1.039307683021661530e-03
6.028838535683436316e-04
7.095918027728138032e-04
1.676490275579252008e-03
7.659550175578157911e-04
1.356701150481976143e-03
1.236390700160557975e-03
1.521137887187545530e-03
7.220027217032627068e-04
1.114763051267169498e-03
5.652241286472031549e-04
5.861516166616073361e-04
1.143342522298502507e-03
6.546529762305119352e-04
5.973589635139993619e-04
8.490055128242445567e-04
9.409898257685497163e-04
1.288246820213727068e-03
1.005576240590372273e-03
9.624482113483759458e-04
7.770758703287443045e-04
1.585596890612994258e-03
7.649333918304464285e-04
1.290492040849631475e-03
8.534892967491458995e-04
1.391952597164060508e-03
2.479552136749866957e-03
1.605117477167162859e-03
1.107785114498479728e-03
6.280993516504773102e-04
7.437395699624774854e-04
1.983113415690838412e-03
5.226288667533928248e-04
1.010788170815751178e-03
1.026080979851088032e-03
2.265741867591182859e-03
1.098444804942817982e-03
9.640618204735849038e-04
8.023544051044597661e-04
7.472138711546538834e-04
8.777391925246404289e-04
1.120318286003579465e-03
8.027618042765915412e-04
1.033295195213586445e-03
7.661106153974789291e-04
9.612724438249431545e-04
1.661705963443992854e-03
1.057241737198986314e-03
8.787723067622842978e-04
1.163811535165609800e-03
6.479417141622450431e-04
5.302416957501257869e-04
1.231493259171620750e-03
7.505333219456634388e-04
7.789129140152896555e-04
6.638405682209464918e-04
6.582696025348820775e-04
5.129898330826070671e-04
2.538398255371878461e-03
8.248045628839365635e-04
8.173552225743365351e-04
7.401675530887595958e-04
1.001928770277773226e-03
1.070990956111226178e-03
1.160789693096590282e-03
7.458130388793358500e-04
7.291095653417003488e-04
9.835146077645548317e-04
7.049282850279673307e-04
4.991462868461958927e-04
9.804569274690149924e-04
5.994269591599621924e-04
1.094985632077717782e-03
6.870872236517545223e-04
1.034003725410093241e-03
1.045217460332748026e-03
6.585919167810017376e-04
1.147157274906159680e-03
1.629597658899907932e-03
8.247910099901066810e-04
6.549575735518843285e-04
1.214627200284311079e-03
9.727645513670480325e-04
9.788546401935658333e-04
7.761932567516166039e-04
1.060150789846257130e-03
1.002815996934268861e-03
1.390846639927801340e-03
8.751245723954509349e-04
7.437636948772830339e-04
7.126168915073290144e-04
6.162680795466353402e-04
7.607722976576233214e-04
6.315150229583689576e-04
1.910034643906147493e-03
1.092528877296702460e-03
1.125215327854894865e-03
7.471798348720132613e-04
1.082396908313575839e-03
5.702349574605567774e-04
2.709248462210262290e-03
1.179657461562665446e-03
7.593872422248661809e-04
6.889075354192332511e-04
1.465492704634649337e-03
1.487879070874828470e-03
1.254577469701648662e-03
5.493266289779666529e-04
8.035162884579065369e-04
6.574741884671155175e-04
2.135182098077587944e-03
9.716834673708277898e-04
6.925346703379811619e-04
1.076220025497827068e-03
1.275784303252862351e-03
7.018136179951223316e-04
6.290193026698348089e-04
7.980525556395598030e-04
1.287778569390868062e-03
9.615117328391166104e-04
9.294459931013818264e-04
1.632624551344119502e-03
5.983226515987086734e-04
1.218206150946739589e-03
8.476575918472420380e-04
1.004184607748753212e-03
8.153674748060083140e-04
4.450078475826421773e-04
1.182273837666818683e-03
1.203232989136661076e-03
6.963556425484070155e-04
8.090308425601003273e-04
1.393346696857551215e-03
9.883624838570707373e-04
7.695059669213257479e-04
7.455946716807578109e-04
9.628586918168835409e-04
9.947537006084778300e-04
8.564841129382112133e-04
8.544614178264740931e-04
1.240939791093389729e-03
1.397205744478183199e-03
7.845852270734804314e-04
9.525317393675617004e-04
8.592207421065422906e-04
8.484259645088238107e-04
1.358442963350971764e-03
8.478854393915418591e-04
1.986090235094462378e-03
1.293823412879563806e-03
6.224968710327571497e-04
5.554529839768274340e-04
1.236432585818312028e-03
7.595293190680307838e-04
1.163507716507874773e-03
8.635290980250361461e-04
7.754399185745662918e-04
1.366973316383432533e-03
8.464336459661876092e-04
1.003909148855229453e-03
8.811164761721953544e-04
6.162405214955425994e-04
7.680690987657562288e-04
2.049074261437041841e-03
1.560193868406266685e-03
1.053466895867322681e-03
1.166933071492606963e-03
1.790521761661449836e-03
8.182124169903362684e-04
2.308273940589666926e-03
1.224562610099994182e-03
6.347171499413880019e-04
8.753314747430286603e-04
6.525404272556819619e-04
1.154855713604276135e-03
6.184961698044311043e-04
8.231933934968432409e-04
9.178089403018115577e-04
9.805465751352639581e-04
9.340191192631263012e-04
7.528642722293744666e-04
1.078420806208041588e-03
5.318336292754657219e-04
1.205088308899985227e-03
1.006935059131730580e-03
8.652481099844024385e-04
7.239184355534039345e-04
9.123581594089190568e-04
7.439036660293575024e-04
6.891908567147821303e-04
7.657717585097910526e-04
6.410757939123025006e-04
1.079850904588603930e-03
8.259207907792445562e-04
1.837290867642673090e-03
6.647819605648203154e-04
7.573432590550648914e-04
1.214800915239880232e-03
1.487174261199829522e-03
5.735078763567375134e-04
8.894808844286611685e-04
1.693806984521640385e-03
5.021447321147577561e-04
5.059506058086513103e-04
7.408383839898857433e-04
9.116872801670436455e-04
1.109370894118023041e-03
1.361454427592006296e-03
1.360132952442709778e-03
1.466135156514763527e-03
6.741001671957048318e-04
2.005718022193095102e-03
7.323937827515492527e-04
6.847721932809210489e-04
7.404547071704514110e-04
9.768075672402132432e-04
6.709275693441342113e-04
7.127669948936969256e-04
1.233143047037258983e-03
5.267694404064308987e-04
7.390900490496804141e-04
6.559082245254897487e-04
6.527238387456033714e-04
6.971878876982070877e-04
1.202841398897159077e-03
5.603793432666089947e-04
1.207400443778679352e-03
8.497325453663601060e-04
1.439552980644616051e-03
6.839909555191779839e-04
1.133190438514023552e-03
5.931904519321044280e-04
8.544417267342764360e-04
1.340334567279285929e-03
9.505105712173991242e-04
1.532774598604265751e-03
3.174911172614775651e-03
1.551137791707738172e-03
1.182934059254904871e-03
6.600500618454271332e-04
6.989154699313488654e-04
7.559508833662497481e-04
5.085351489901796321e-04
1.474179820362725608e-03
8.408281262114409909e-04
7.122017501755532757e-04
5.045981544434883625e-04
1.420757549322590593e-03
9.819520772831257741e-04
9.282131071081414731e-04
1.532280448078600062e-03
1.075151925811047935e-03
6.446373105583192830e-04
7.647424602748262865e-04
9.737443162385288732e-04
8.411993693998266394e-04
1.160242959377717374e-03
7.539035613135318913e-04
1.088167893392098275e-03
9.751430419131364115e-04
5.145384723277550724e-04
6.945199588750739558e-04
1.511413796005745989e-03
7.695059669213257479e-04
7.949263893033770229e-04
7.613004136376038972e-04
3.215097535613124693e-03
1.522409807233075915e-03
5.240969904357171017e-04
9.017051113904394483e-04
6.224968710327571497e-04
7.945229582097568547e-04
1.049433829682900081e-03
6.688722613531263581e-04
8.306310685284372343e-04
6.757065631792531085e-04
8.786491617747672032e-04
8.279597219147217602e-04
8.924724362813324071e-04
1.186623203661089010e-03
8.273627192789782814e-04
1.297655155569964885e-03
1.138151987978727265e-03
8.972231067975757184e-04
7.097651808693798085e-04
6.977990134909446132e-04
6.173481515922404819e-04
6.816007299611336187e-04
1.156753460274006790e-03
6.878429271878527861e-04
1.509237592048233217e-03
6.609887810205329096e-04
6.965021508047538777e-04
6.878493176951354241e-04
9.827402365218294248e-04
7.708664183432103762e-04
1.110544340051968556e-03
7.539035613135318913e-04
1.311684179832024949e-03
1.140365266029102131e-03
7.422333785298907208e-04
5.976298274971372391e-04
8.467269843040925621e-04
1.240695757943492900e-03
6.509317493325241909e-04
6.065831135139250962e-04
6.563791603511687700e-04
2.385923066142376595e-03
6.579386085419631873e-04
6.369096598040354740e-04
6.903595651118045549e-04
1.273611225302743923e-03
7.800279013371231879e-04
1.323376911625702684e-03
8.075676234359423309e-04
7.828428124540830245e-04
1.063308646550808990e-03
1.038739804643718520e-03
1.004814510432902900e-03
9.306031035585201651e-04
5.366954162227715371e-04
1.023818406642169714e-03
7.612987816835882883e-04
5.801214819784961335e-04
1.160472467797095831e-03
8.958992818337905943e-04
8.086765956655679035e-04
6.702849738597183938e-04
7.770222791379187682e-04
1.397595698374051905e-03
9.939584895529425361e-04
7.750874309259781023e-04
1.314651811385410263e-03
8.813470376221250232e-04
8.086674212108306472e-04
5.085724008954586439e-04
1.165454953619668920e-03
6.065023216648395953e-04
1.079542314430938709e-03
7.254405382401701461e-04
4.903558760401326242e-04
1.759665259785496601e-03
6.772970645120201735e-04
1.083352238299225070e-03
8.747986806796247345e-04
1.843198776824484398e-03
8.723405072927444730e-04
8.849277950480628459e-04
8.677921073391701469e-04
7.010451719792184849e-04
1.722200590542121400e-03
6.278976030984788001e-04
1.320803003600352823e-03
7.739139329735711089e-04
5.307748759035044823e-04
1.314651811385410263e-03
1.035979606814542214e-03
5.885507463233400098e-04
5.825771375626382850e-04
7.336880329956487748e-04
4.925529632545123373e-04
1.643937255532038283e-03
8.328431588399194023e-04
7.883885011470606998e-04
8.434057171506830018e-04
1.194319448079264774e-03
9.261217539972469272e-04
6.916727464531625741e-04
6.386727711716482002e-04
6.119444982478274443e-04
9.580728423792505806e-04
8.495964497577509957e-04
1.690078583236275488e-03
6.797014409417568518e-04
8.408239261698540086e-04
7.160310873194897490e-04
1.109518639589818483e-03
1.072684523106701582e-03
1.236327744396652131e-03
1.364833556572316638e-03
1.056003468021497445e-03
5.873237678945235221e-04
8.926436986884495831e-04
1.037599803015970285e-03
7.825819800856092081e-04
7.420392299528476721e-04
7.126183141467059765e-04
7.492870253812060994e-04
8.564814705571880240e-04
8.259207907792445562e-04
1.165880033732510923e-03
1.087303561687492275e-03
5.849658673057445916e-04
7.845454719513208965e-04
5.820892726097544757e-04
9.992923231980179767e-04
9.883842109994600122e-04
6.258667867081543377e-04
1.018985020456651160e-03
7.167332148955979495e-04
4.414582833185187738e-03
2.211009651632848700e-03
6.049639712901457803e-04
1.146654034389445274e-03
8.358522207279141291e-04
8.381362325195499058e-04
8.565619501540754684e-04
2.439766027184269489e-03
1.410304640672955688e-03
1.083541014818865467e-03
1.347739891571333179e-03
1.592521946490850059e-03
7.042081896320987648e-04
1.335848909579342341e-03
1.770822154720159882e-03
6.207944883232462390e-04
1.182040380615755363e-03
1.211415505633397756e-03
6.592599019095019821e-04
1.169433638130662348e-03
1.049997670744942007e-03
8.626050036419914517e-04
6.982340020454180307e-04
1.470931392682144371e-03
8.914126096713271587e-04
1.404448025235887796e-03
1.590034992470483769e-03
8.590127208677031303e-04
8.420040509054271555e-04
4.925529632545123373e-04
1.043346481690091794e-03
8.882014581888071289e-04
6.122108091641991542e-04
9.433204414072452696e-04
6.487718678972217816e-04
1.655849891961702451e-03
1.096421437594175072e-03
1.174641434207592547e-03
1.050463784065765616e-03
6.767234020058184507e-04
9.842748524417706431e-04
4.677222662184110907e-04
1.079782171830270332e-03
1.241556619843147942e-03
6.139308776164614356e-04
1.491194650555636861e-03
6.356208318738541330e-04
1.990503746837473612e-03
8.563342895341449681e-04
1.100673461412591224e-03
7.977236837544705427e-04
1.521191758258861812e-03
6.949540665469069968e-04
5.945574339404181103e-04
9.360815444987483471e-04
1.155492817784387234e-03
6.607689052514903591e-04
1.029206853898903149e-03
1.050637241834809438e-03
1.160966637375986012e-03
1.125354338130288593e-03
1.585723029791496130e-03
5.436870021510025212e-04
8.571527796949184605e-04
1.001326432110113832e-03
7.099148108431081175e-04
1.826279696615315659e-03
6.816007299611336187e-04
9.934398877570105226e-04
9.129023151141148641e-04
5.752353726597279502e-04
6.966672377702377329e-04
9.740716158848183696e-04
1.215429743345404186e-03
1.109177581251258315e-03
1.320779850491569755e-03
1.811793336746567607e-03
8.192221517241316149e-04
9.690381258865080061e-04
1.439552980644616051e-03
9.536719873907944633e-04
1.136339473941964549e-03
8.311758398755899431e-04
1.376849487979151529e-03
9.520919752555197495e-04
4.997514930774777124e-04
1.067711149234572884e-03
6.836467386452451138e-04
8.376031499144904590e-04
7.254405382401701461e-04
7.756391723716921744e-04
5.195964665188398252e-04
1.119774295308932069e-03
9.198947194762230502e-04
7.351816642834205955e-04
8.878682274592529207e-04
7.049187593518920370e-04
1.143169561710652036e-03
8.144512412877212473e-04
6.148537120064573227e-04
8.579721180009329496e-04
7.701338524006153636e-04
6.905470386450961433e-04
1.075157943168924450e-03
2.187903605428915491e-03
2.491559277859250326e-03
8.795262460302909159e-04
1.491248822380922398e-03
5.920505820359446125e-04
2.219885950825858153e-03
1.030013671196158527e-03
6.821951306703343855e-04
6.505315556967035872e-04
6.946079383602571985e-04
7.538204374268629498e-04
1.167769043699342030e-03
2.291453551077318913e-03
8.849277950480628459e-04
1.435636939785318259e-03
1.037818934598920854e-03
1.311576907411562617e-03
6.618827865457916357e-04
1.391952597164060508e-03
1.248244567752838582e-03
1.213826472865477775e-03
1.169552504170373120e-03
6.668430321257421420e-04
1.483614591259943202e-03
7.956843414546740587e-04
2.150424984225266130e-03
1.895234844890283151e-03
1.879995098879067451e-03
1.369217205091860859e-03
7.466679813027166145e-04
1.395176209075142757e-03
6.882746917802922337e-04
5.600875516956218235e-04
5.455956340610602310e-04
1.125354338130288593e-03
6.624309759920921428e-04
5.965364177562009927e-04
1.109715625816402873e-03
1.480899708683530193e-03
6.797014409417568518e-04
1.201100536854275312e-03
6.995962398317623343e-04
2.067963914743504820e-03
8.158220750773706540e-04
1.143169561710652036e-03
6.487548685951167061e-04
9.505447461776091742e-04
1.047311036697214483e-03
1.505967007986665131e-03
2.240387662624282201e-03
8.968333715435565382e-04
7.751238007899514514e-04
9.003492461073091691e-04
5.366854037219724810e-04
8.924068696745589236e-04
1.013574726801576113e-03
1.317260805720920323e-03
1.643092160315292151e-03
1.308308823275116045e-03
1.240156608864119133e-03
8.944055171654913391e-04
1.094664936426880666e-03
1.313717956517758065e-03
6.540769231065174036e-04
5.874943297994998127e-04
1.526377318639054364e-03
9.505447461776091742e-04
6.204892174381098366e-04
6.221568042171173908e-04
1.215935972576312474e-03
8.147202743063395843e-04
8.001316154292087207e-04
6.420639212403009581e-04
7.777392650419194574e-04
4.624938954118934672e-04
1.345147985704705455e-03
5.962240705926300649e-04
1.897202497923240359e-03
5.833123375525561122e-04
1.170051005229665953e-03
6.526120589634110906e-04
1.074836993517739019e-03
9.498023755148715013e-04
9.975433021999181252e-04
8.485105294812872847e-04
7.069674884023619248e-04
1.107235193716467380e-03
1.408619029425221868e-03
6.782104195145904381e-04
4.767612174728956195e-04
7.436890303620909484e-04
6.451866788029019754e-04
6.790619150309800322e-04
1.482316038967151353e-03
8.435823447235471810e-04
1.005211415243757777e-03
5.295877323429509136e-04
1.789824190950880948e-03
6.576341595348508644e-04
1.247319545711789331e-03
1.346835423788602087e-03
7.488326670269981455e-04
5.845481966789912911e-04
1.008320011740777887e-03
6.042872180183894845e-04
1.136667179190912168e-03
1.434513984634248375e-03
2.029095903122794722e-03
1.517461151946017514e-03
5.283414633173946382e-04
7.343411329667535016e-04
1.008170200119565957e-03
6.855156178806268022e-04
1.295324913614639278e-03
1.382901880410834262e-03
1.646729383421942404e-03
8.324002428331788708e-04
1.109800040716507619e-03
7.148524121669769596e-04
1.431578684149308793e-03
8.440696582300649892e-04
6.686274762169071425e-04
5.984024088177322112e-04
5.852180281845902748e-04
8.365993231926375194e-04
1.199574455936623435e-03
7.113169738263764490e-04
7.345655872088170104e-04
1.053245029436005679e-03
1.060179007029138625e-03
5.881263045845220054e-04
5.687724223704226489e-04
6.954609222188211240e-04
6.188524755142474744e-04
7.173261236009841665e-04
5.520992351463240846e-04
7.945235504681291911e-04
6.190506726450989124e-04
1.276369276987128834e-03
5.152424950951354186e-04
9.455775273494930293e-04
6.456832034910023463e-04
1.132549331643511971e-03
7.056394205154296450e-04
1.497718488888597019e-03
1.375343279934188034e-03
6.013952697970824726e-04
6.953904606603990898e-04
5.701757470292217068e-04
6.702160566106292244e-04
1.170764402849011013e-03
1.127151177095830252e-03
1.076857901380109950e-03
1.099245407691933595e-03
1.764684631627976355e-03
1.084866193930956015e-03
1.348554593962716973e-03
6.249227303213896042e-04
1.107785114498479728e-03
7.809575007948274658e-04
1.188623656999438774e-03
7.221942102154184275e-04
5.905523271637650937e-04
7.930992569230930610e-04
9.240809582760969041e-04
9.819400208064472165e-04
1.262859450821214851e-03
1.130232902975052481e-03
5.073615718497252432e-04
6.075777843230952815e-04
5.319402027748672702e-04
1.345309171931175505e-03
8.797179176612632961e-04
9.861128574622254981e-04
7.066462658079080295e-04
7.689394499125478148e-04
8.579721180009329496e-04
1.893041817921917733e-03
8.409186897778551288e-04
1.115540531213479389e-03
1.049338231852802936e-03
6.792052809300771609e-04
2.077754710818103829e-03
1.119539246120753243e-03
6.899705668071158191e-04
8.352598564837234417e-04
8.060665878734800697e-04
6.910931620184621689e-04
5.604655432812392316e-04
7.554543628053837388e-04
5.484785594508866883e-04
6.428811001724913819e-04
7.253759783855897756e-04
1.014389427905567189e-03
1.504686937954086232e-03
6.915871733053250781e-04
8.819766300181297071e-04
8.407886196781962085e-04
1.225019321953420889e-03
6.812226763319184121e-04
6.128304384425051470e-04
9.619560200585379776e-04
1.497132077735545408e-03
9.650972988775966552e-04
4.468234370552679542e-04
1.043277126839483584e-03
6.035041179542270477e-04
1.018931586969858182e-03
7.299101886367379130e-04
7.445752752345459078e-04
6.362559587221823304e-04
5.454544035192522046e-04
9.468794905257094325e-04
1.064480697136889692e-03
8.702832181801867153e-04
2.015785820848610410e-03
1.024722112289248692e-03
6.976348693452750572e-04
9.877261959457379024e-04
7.892561026531840288e-04
7.899864968809126170e-04
7.844679064095910022e-04
1.545502176317621774e-03
7.601407193273603414e-04
9.927935577351840526e-04
7.743942849249719346e-04
9.063356111255394714e-04
6.020481443095943236e-04
5.916603162730491288e-04
1.064986643252592872e-03
7.890759845048838424e-04
1.198024274714850918e-03
8.914128527152781175e-04
4.940130352519558291e-04
8.531471717223967823e-04
5.975241795138847619e-04
1.446198870068021855e-03
1.428739701520483681e-03
1.050644658141271833e-03
1.364689958302160158e-03
5.276351826623842814e-04
9.936657661165060849e-04
8.605994603608567266e-04
1.542524322854068111e-03
1.521630735348588172e-03
6.830802861221088335e-04
7.317125056000287802e-04
1.006214061260637688e-03
1.213160724573722222e-03
1.534853450253622882e-03
7.718137317511605247e-04
8.939966077724402146e-04
6.325671459888074178e-04
