1.330109381103899632e-03
1.160381381120001052e-03
5.660529300001649255e-04
1.182198583669540190e-03
4.885287039129908391e-04
1.770817638503578402e-03
9.496281159435256093e-04
1.077334509639899613e-03
9.526889432397354874e-04
6.363427199360317159e-04
5.743972697857574645e-04
5.590648084790907080e-04
4.597318180415802826e-04
7.457983632755131771e-04
6.900374334069387088e-04
7.062187350457315230e-04
6.218715988004882211e-04
1.192578639917441429e-03
1.019286942406886576e-03
1.165928027780895526e-03
5.470208184172681504e-04
1.027078143216935769e-03
7.457983632755131771e-04
6.438694581208644161e-04
1.262793062542064528e-03
1.635487970523888824e-03
5.165730311144674366e-04
8.368326659653481077e-04
7.624399860393397607e-04
1.043266901431497964e-03
1.066529033544455279e-03
1.135363440576767470e-03
5.022693317862177067e-04
1.023289862761936472e-03
1.393279649892098558e-03
6.134286170239253979e-04
6.804635525136054717e-04
8.474344258867008966e-04
1.018682402445498071e-03
8.075045643329542945e-04
1.294818862980399695e-03
6.810392758767460719e-04
6.570939238053201967e-04
1.586898612020000215e-03
1.262219028650847941e-03
8.378578367195811108e-04
4.392379985316199474e-04
1.602620355601560480e-03
5.966479093140737537e-04
7.486808590571599831e-04
4.916932434893334829e-04
1.201448986388900173e-03
1.182918697977440418e-03
5.796607049905658877e-04
9.816588675110166345e-04
5.139761700130627371e-04
1.472127425750763361e-03
5.631573514350343961e-04
1.354772607043659661e-03
8.542384155449102246e-04
8.865748001084460764e-04
1.261579841664747965e-03
9.374101057308425501e-04
1.491729400153056105e-03
6.854765494047431297e-04
1.112189976275374101e-03
8.104258160685085931e-04
5.637868343120271651e-04
6.769825658403637314e-04
5.419205447138680755e-04
9.028942458494741393e-04
6.774255111122076244e-04
2.674549083927605774e-03
7.152995508527926032e-04
2.052207031411397258e-03
6.621878543847699175e-04
7.915379468854927920e-04
1.050434196734729249e-03
1.086623108750639022e-03
7.618354672713222074e-04
1.056494990056870958e-03
5.808359844527885259e-04
5.445963419236316081e-04
7.082321485701154572e-04
7.444869419881230705e-04
7.805457754516756386e-04
8.783029009958309707e-04
5.299598207567893411e-04
6.680269514484844014e-04
1.309918972820408841e-03
5.673872871541150824e-04
1.177746766631478700e-03
5.838953896025006170e-04
8.029753550315504255e-04
1.233385158145979205e-03
5.577166186745084178e-04
5.711492655704346376e-04
9.429035824647018314e-04
1.284564649032802954e-03
3.622593167994640675e-03
6.548216424878117430e-04
1.088629124564420006e-03
1.416770603056528464e-03
8.797295866556930927e-04
1.313342265326992043e-03
5.119309775955901585e-04
7.458929336651099135e-04
4.654787053091551737e-04
7.086873041987712613e-04
8.872815926656660735e-04
7.377443475694576199e-04
7.567956940518013762e-04
1.094037422522815307e-03
6.541344338562474865e-04
1.313326778638176581e-03
8.039392689872281502e-04
1.405760830275757474e-03
5.270891047060019064e-04
7.040342005069772074e-04
2.327493530883430889e-03
1.196262900441057240e-03
1.777887827169443531e-03
7.606607228724802158e-04
7.347029413673121729e-04
1.511446246942247523e-03
1.128273615989619288e-03
7.281315527985985888e-04
1.743271833751340334e-03
9.362456108059929614e-04
3.771140157328978920e-03
7.449814018025481847e-04
1.115826009662040800e-03
2.416156083936488435e-03
7.159650295608362483e-04
4.532521864880411722e-04
5.751582028782541113e-04
5.738342317915575818e-04
5.435235277838639965e-04
5.409400584321443850e-04
8.775324074121781991e-04
1.574219414224146919e-03
8.251919236132079088e-04
8.098563688744797552e-04
1.149610665809450019e-03
9.412544289566842845e-04
6.911552334595861278e-04
8.417935573823659250e-04
4.928491150669794471e-04
6.104488957364806283e-04
5.808563538725569457e-04
7.067613851525966426e-04
7.824347866293095794e-04
7.036150717513088787e-04
9.455930591631804289e-04
7.941382218133858067e-04
5.517327988258807509e-04
2.488714087133874712e-03
7.730525306398758822e-04
1.668637399412062610e-03
9.494022108625421773e-04
8.746298234316410465e-04
6.080157380190095648e-04
8.374796598645923521e-04
8.472322385329279565e-04
8.610886176564360676e-04
2.764354600857751691e-03
6.280637096988051426e-04
8.802351191960255993e-04
6.334317831688795206e-04
5.321725294471282017e-04
8.327105482400880537e-04
4.285934288276232670e-04
5.528844314364785711e-04
7.849855612456285107e-04
7.380888957464522976e-04
8.260285889790786431e-04
5.091517216995939711e-04
1.223368626672029225e-03
1.123282945101773938e-03
6.296140335169674333e-04
9.500790938466571658e-04
5.301229209916971359e-04
5.467923117989286277e-04
7.116281831611470134e-04
2.183415762318135448e-03
9.221661203746539092e-04
1.097657954221769889e-03
6.395234945044986786e-04
8.240729241811325760e-04
6.610097831634323797e-04
7.265229333967857060e-04
4.298078683520038627e-03
9.133958146276502810e-04
5.100710892415985563e-04
9.032383075465871564e-04
1.140053344538425380e-03
1.266865849618120914e-03
5.470994434230613997e-04
8.535505839362012709e-04
1.357485284131443922e-03
1.032527204127281365e-03
5.462366116653456175e-04
8.453240642549320494e-04
8.386170454659576563e-04
2.168818814236034374e-03
5.313250513224654012e-04
4.772554979104350471e-04
1.352241103314348516e-03
4.620638924436739443e-04
8.172441464172282332e-04
1.091762027797449700e-03
9.110852701133111218e-04
7.510841296908356063e-04
9.914176500894868790e-04
1.093189502062667968e-03
9.414263302306408827e-04
1.799653189726917570e-03
1.174462752070313610e-03
7.118333554053995951e-04
1.530138416725261834e-03
2.614286694606211912e-03
7.516528027152945225e-04
6.428134553158260578e-04
7.639711814625356522e-04
4.536031260812584034e-04
1.475753568319246702e-03
4.728088572033155627e-04
5.610322490412049130e-04
7.624575635632475229e-04
4.876844663038730119e-04
1.088297556467153178e-03
1.042412312002977647e-03
1.087436616494796620e-03
1.113619004778194704e-03
5.684682417973376325e-03
8.741711613694675689e-04
6.291588735999991940e-04
6.512543169045801423e-04
6.375114098432542800e-04
6.154466573834723809e-04
9.364810925044397306e-04
1.132841616227582516e-03
5.024296088969928140e-04
1.289194864792898116e-03
1.564812508286089711e-03
3.904568236901407967e-04
1.258796649765524765e-03
1.051800713772173832e-03
6.364472328208693004e-04
5.091777463339719262e-04
1.285595037113820534e-03
1.511371072018202234e-03
6.002782844956785222e-04
6.683087908109010830e-04
1.051257832309788250e-03
9.542839916567078104e-04
7.782356330366093028e-04
5.276603579691793635e-04
6.385020001921285328e-04
5.894547048305072163e-04
4.529862831706722433e-04
1.165244368325461886e-03
9.620003723080374457e-04
6.162499107544839021e-04
4.817593287726593316e-04
6.357124188354289869e-04
1.819097706114969001e-03
4.930869425513128256e-04
9.084619921904287226e-04
6.348403413668576465e-04
9.489271800307750269e-04
7.442679509569672053e-04
1.235618838468526774e-03
1.343359231858511256e-03
4.768440858962217526e-04
7.160087960035334525e-04
1.113898442188804988e-03
6.953877175553335125e-04
6.034314605836541999e-04
5.408961836137187590e-04
1.689527917148398155e-03
7.570278954022428711e-04
1.183498335427517418e-03
1.666648930800460537e-03
2.499686029998623039e-03
1.202683032897637486e-03
1.416770603056528464e-03
7.007033113690831891e-04
5.696919240210285198e-04
1.056348751889750687e-03
4.729091703448647685e-04
5.989944648785855419e-04
9.163335471711278211e-04
1.019289742336872790e-03
8.120439120844819740e-04
1.182198583669540190e-03
1.784875416362665702e-03
6.919438566734287949e-04
1.433882783682589781e-03
1.059404162137329289e-03
6.974523442103321017e-04
5.266349315908124126e-04
7.386042365984801924e-04
4.670762487772721371e-04
7.649431818063757516e-04
7.227914891288407008e-04
4.108456972613769602e-04
5.131406387682083950e-04
7.936958722330146251e-04
1.266624607919986751e-03
5.917474917828721270e-04
1.516990361442951052e-03
1.489150095048529659e-03
1.020827499284709689e-03
4.509135387606716524e-04
6.985658637604115614e-04
1.036197570178617414e-03
8.401754205722316345e-04
5.276920584651400258e-04
1.667563429612156558e-03
8.936544898040851143e-04
6.685382149888738053e-04
6.754210756179226732e-04
9.969743753959470472e-04
9.837052340357353188e-04
1.174390008000851700e-03
4.527597809814270504e-04
1.362057565986329053e-03
1.122493084227283366e-03
5.027115920136466338e-04
5.184111383354892029e-04
6.954481004428631060e-04
8.557323142224040630e-04
6.753661144598098465e-04
9.491485310027247824e-04
6.400753317755599739e-04
1.760560677599918222e-03
5.264467770626465089e-04
1.087004035333573228e-03
5.675151016715756624e-04
2.336927007210494282e-03
6.049646501153325973e-04
5.488480066557326065e-04
6.670790097386679893e-04
3.143773410681436654e-03
7.483275037468155484e-04
1.273338519315190187e-03
6.215270955593008972e-04
1.147271520988102107e-03
9.110701426333515712e-04
1.473270106710286489e-03
4.123072325244378500e-04
7.927633082166091758e-04
8.263125622954357440e-04
1.361833311155794066e-03
7.578361241458622232e-04
1.186603405562533260e-03
7.125503388741960108e-04
9.553742375493849389e-04
9.899205668613411061e-04
1.036681732929204108e-03
1.008859799540118762e-03
2.052512478237951236e-03
1.378687601507047047e-03
7.616274959757401508e-04
5.771333235548014055e-04
1.028684112060633754e-03
5.900979298356721480e-04
9.481203269950346695e-04
8.731524904853951155e-04
5.029902688786006253e-04
6.691995336408848322e-04
5.285434813268108985e-04
5.658329989487582935e-04
5.645872407152895730e-04
1.867041750568075196e-03
1.284000089011792280e-03
5.242605703877998430e-04
6.209522297220180197e-04
5.165789755604993129e-04
4.190573568682761101e-04
8.056123049482512592e-04
5.221183144750736038e-04
7.116281831611470134e-04
1.475518251205704991e-03
5.593583915810328242e-04
4.168409424482403527e-04
7.487384763343628898e-04
1.936437581296471299e-03
7.393022552397707833e-04
1.169092682828437504e-03
8.113652070618333724e-04
5.695090629989270911e-04
2.225315671176330071e-03
1.116236698322362443e-03
6.714547544597925313e-04
1.165244368325461886e-03
1.217724893199565849e-03
3.148630857093143338e-03
7.959509549008964404e-04
1.839990623338892337e-03
1.126138451885798798e-03
1.034683981691490035e-03
1.553601307665370551e-03
9.287189729445691298e-04
4.169261833682395640e-04
5.379162343049649067e-04
4.469183856270271429e-04
5.661546921688492828e-04
5.040573093618016132e-04
1.042564263367258938e-03
5.861695534597451476e-04
2.026156832324627066e-03
1.116236698322362443e-03
5.219387904845224600e-04
5.996110607199530481e-04
1.103672638232691509e-03
5.683173972708397467e-04
9.906258965509332892e-04
1.082228698544883362e-03
1.003550151123278359e-03
1.236299747522949955e-03
1.319963750065223209e-03
9.515091065625190222e-04
5.593583915810328242e-04
8.204595991869207284e-04
7.045584083520707846e-04
8.731044956682347362e-04
7.938283683826916504e-04
5.383302272102178212e-04
6.826400492637715390e-04
4.927324162403633146e-04
9.596864766124127769e-03
5.581123411434876303e-04
6.543783706025803641e-04
8.246963469714207583e-04
7.162680265817656993e-04
7.339897109406866337e-04
1.039395716243923361e-03
2.285604050334418165e-03
1.042564263367258938e-03
1.042942001601819850e-03
5.605829128882611938e-04
1.243040870992473835e-03
5.590146749960704696e-04
8.005363664263136832e-04
1.454107899269621064e-03
7.090335297163790230e-04
1.320712402173264020e-03
4.963508613509777425e-04
7.223018563098849336e-04
5.591159273796164619e-04
1.756397732754919712e-03
7.121597559366254397e-04
5.765901857463057948e-04
1.080231967821339636e-03
2.136928926990205261e-03
6.456667442062380110e-04
1.277452831026745783e-03
1.942000858174915178e-03
8.416793817209398130e-04
4.241845989133672268e-04
1.427529356073911323e-03
9.796895945971735315e-04
1.127597723904016740e-03
9.186213763656184660e-04
1.955714984896730468e-03
5.382240649941280423e-04
5.748509141703485922e-04
1.655246743533696826e-03
1.330109381103899632e-03
2.826081967977548196e-03
1.210972914249117864e-03
9.305404025399629424e-04
1.212233964020341696e-03
1.119709384419773123e-03
8.326827563138162157e-04
6.558573328431870726e-04
8.381692615134699953e-04
5.635493711891149211e-04
4.376012262083708013e-04
2.514901316867752899e-03
1.590328709783085182e-03
2.246822579812418012e-03
4.999547893757988210e-04
6.426519960416063413e-04
1.052528046976729638e-03
7.344136815688165256e-04
8.513970018148468233e-04
6.764080255230632424e-04
1.245005596451446376e-03
9.808683248499743684e-04
4.331077515979510871e-03
6.348736728528831018e-04
8.074363769640524472e-04
5.581123411434876303e-04
8.623584522257625061e-04
9.522862934096054189e-04
8.872681648343918800e-04
1.478823894091081973e-03
5.558951717387425199e-04
5.901032408882928449e-04
5.590355988881219726e-04
1.676027977105016544e-03
6.243833531768540291e-04
1.690201040855235978e-03
4.191867027687060706e-04
6.158897165347598009e-04
5.900979298356721480e-04
1.621205468215184634e-03
8.536902761042888940e-04
2.462425102730099458e-03
1.152714628920042342e-03
1.037946729526316187e-03
8.419538152272007352e-04
1.127444214605046206e-03
9.432106960329422101e-04
1.014937309672391073e-03
6.388738806580233735e-04
1.034770940156621351e-03
5.479680168394979178e-04
4.587339090400089172e-04
1.126674806438593022e-03
5.909201705940064645e-04
1.074181498244956151e-03
5.694475361511358016e-04
6.634359421004399574e-04
7.494764597428269295e-04
1.336461720919542105e-03
8.116409018553086144e-04
6.975567063465659820e-04
7.480204565149141524e-04
8.810130671846099154e-04
9.965401451254010320e-04
1.039969240678647114e-03
1.538762547602717020e-03
8.108077481739196053e-04
8.373257912561908687e-04
2.113724266269237113e-03
1.214948696013845282e-03
4.677597185483582838e-04
4.675755418927872290e-04
1.826158953191042407e-03
8.609620203475089979e-04
2.097542217036063583e-03
7.045060756939394318e-04
1.313461888247269282e-03
8.068907431082965711e-04
1.445621005025218755e-03
7.370687565692682916e-04
4.972644724556067293e-04
1.005076174362208195e-03
4.433661700466431043e-04
1.170246679158122756e-03
1.093967510953397374e-03
9.452029643986968816e-04
4.836587993632444709e-04
8.156141892737101906e-04
8.562634402422176919e-04
1.289996960006062994e-03
6.638152447018156677e-04
9.982057718378588729e-04
1.875271100484328943e-03
9.444263864784935769e-04
7.842249536158240339e-04
7.344613047589207367e-04
1.211981067251060836e-03
1.291556133925824117e-03
4.392847848322790991e-04
5.276603579691793635e-04
5.890600749168826760e-04
5.848118980582891601e-04
6.035712762266093063e-04
1.306004622407504158e-03
1.764642538191902579e-03
1.201448986388900173e-03
9.904498692890951507e-04
1.389560477095990506e-03
6.153427060329077613e-04
8.280210517701569201e-04
7.471709016564303087e-04
1.527775368429241856e-03
5.314360916419037404e-04
7.517903040182042848e-04
2.076990297928831691e-03
8.655037109520561213e-04
7.244689387581833067e-04
4.208249286244612167e-04
7.488559027463353524e-04
8.920589415315303018e-04
7.212539530849053099e-04
8.708128063888837238e-04
1.586898612020000215e-03
9.224521555221611591e-04
8.302534807183980115e-04
5.076594861808689328e-04
5.953607967319469833e-04
9.643162359669413004e-04
5.510465869072583844e-04
9.393367443095474063e-04
5.879123488764461834e-04
5.139352621825999355e-04
7.284550041652121518e-04
7.115624362472688881e-04
5.172596447195574199e-04
8.196908397129781679e-04
1.212956265895047360e-03
8.497551073743680756e-04
6.741158445218720097e-04
1.885871771607123583e-03
2.367328266309702729e-03
6.705301934637140351e-04
6.304612252543556616e-04
7.031360658555547722e-04
1.174390008000851700e-03
9.646387149311470280e-04
6.384406082252591045e-04
7.657064236724027200e-04
9.018110225824093338e-04
9.890540873450314428e-04
8.356332803910036149e-04
1.198864510816699926e-03
1.444089188686583465e-03
5.024296088969928140e-04
3.900948621694086838e-04
6.570332084077630617e-04
6.543783706025803641e-04
6.131098380134491349e-04
6.105947955010411271e-04
6.430652694771661236e-04
9.665900326275185528e-04
6.083381922181914933e-04
2.687698721315294904e-03
9.323005712137734944e-04
7.600279065884200371e-04
4.082655570210955306e-04
9.932622445330628169e-04
8.364766973120825932e-04
7.040342005069772074e-04
8.956341457325833061e-04
5.107545596654963294e-04
1.068063874288224455e-03
7.797819386331737972e-04
8.310651419999809733e-04
9.013596022836834441e-04
3.884818260307705139e-04
9.008904911862822967e-04
1.500595887271018560e-03
1.151581985241348621e-03
1.182309622816278896e-03
1.190841513614741441e-03
8.046948838725836344e-04
1.261931450442427055e-03
1.178915181122869738e-03
4.687965846348216220e-04
5.684682417973376325e-03
2.381373740229919024e-03
1.437084814617775510e-03
5.044142986825410607e-04
8.347107912126161587e-04
1.066085200292309250e-03
1.219792108213789633e-03
8.009651860583296042e-04
5.589846630796399150e-04
7.020258910681784464e-04
2.057384119077687590e-03
7.402741223630967269e-04
1.217820402192188942e-03
1.085442274752168547e-03
1.212233964020341696e-03
7.246648839977526835e-04
8.985603091121863303e-04
7.852612328725979297e-04
1.724299134621690198e-03
1.011130578505208422e-03
7.722994746239948910e-04
1.608856455677630266e-03
8.897330428479921635e-04
2.541777629321603782e-03
9.277318801917670181e-04
1.066113728838809444e-03
9.833501115156654312e-04
5.072196383523600634e-04
8.914645524738911949e-04
7.190089663752081929e-04
1.903243892220415597e-03
8.260285889790786431e-04
1.285221473475332311e-03
8.641268923088194984e-04
9.481777935348113459e-04
1.027774190209392036e-03
6.681044323115189251e-04
9.089015110113772469e-04
1.051268895644246002e-03
5.953284139639165341e-04
6.279154599051545898e-04
1.400976258168250190e-03
4.542525394062255106e-04
9.076784343823396470e-04
4.945834862603701223e-04
4.331077515979510871e-03
1.155605840192873912e-03
6.855306040972161024e-04
1.348942510318535803e-03
9.914176500894868790e-04
6.606845319382561709e-04
1.175168512990910907e-03
1.004057349715868500e-03
6.285970939641347035e-04
7.156074736930800352e-04
1.827902025945536907e-03
5.813724054535115071e-04
9.374101057308425501e-04
4.670762487772721371e-04
1.394460765594852198e-03
1.646783265658247758e-03
4.509266422503734745e-04
7.972365836859442991e-04
1.112189976275374101e-03
6.147812829091830675e-04
5.976362496747200485e-04
1.233120945711098934e-03
5.775847709591428987e-04
9.291216992865232015e-04
3.165337765585170618e-03
7.690417810581348743e-04
7.040342005069772074e-04
8.533829724364555471e-04
1.907771242013342038e-03
3.812655292282116450e-04
4.316614376515368230e-04
9.048254272393416132e-04
6.572986216730295232e-04
8.093241004406022789e-04
9.496281159435256093e-04
5.166599068891789210e-04
4.391121670694327983e-04
1.315427069083327906e-03
4.768556291396460747e-04
9.226704151589726300e-04
5.741140610939123989e-04
1.069269307765809878e-03
9.855964693241841580e-04
5.182720171757092742e-04
1.703334269652446564e-03
2.737352126457495705e-03
2.781132344921929955e-03
1.620096527854030790e-03
9.431507749384957732e-04
7.908924049027147261e-04
3.772758760647482472e-04
6.791515621895237919e-04
6.365999857818612591e-04
1.547520094660815139e-03
6.142245883696098889e-04
1.353383851242883794e-03
7.192977538688628781e-04
8.888370593834752026e-04
6.509446556882188695e-04
6.501521031173140364e-04
8.522219236102016775e-04
8.416158703519649627e-04
8.628737629559102588e-04
9.706450195849293961e-04
1.150655655105949082e-03
5.343446388349077899e-04
1.530693279918013319e-03
2.730615290008312109e-03
5.729009561738406192e-04
1.874143905898009808e-03
4.306170220476073385e-04
4.649960589124151663e-04
4.207720543909430054e-04
7.337341380244720521e-04
2.478942711515561351e-03
8.727566532168391572e-04
4.379638808784721421e-04
9.173558237321974848e-04
9.110701426333515712e-04
6.879147933645233561e-04
4.887180512544192935e-04
4.539204174438869299e-04
8.372794300975645691e-04
5.563812509238101568e-04
5.993436336802832791e-04
5.079022726382946074e-04
5.386564756163824200e-04
7.690417810581348743e-04
9.956023291645855079e-04
2.547378381922789283e-03
1.248607017387729813e-03
2.220941274915360589e-03
7.827248606358439996e-04
5.334517463173996978e-04
1.062447663005266791e-03
5.743420088079333706e-04
7.069304751044690411e-04
6.493881159724220788e-04
9.448017107807665967e-04
2.008172748360759121e-03
1.373599369644570899e-03
1.219792108213789633e-03
1.095149632621366439e-03
6.178141114107243460e-04
5.774239748833507810e-04
1.054305939993550401e-03
6.970653920157813491e-04
1.016859502681438307e-03
5.951246923992379234e-04
6.932002898551306103e-04
1.064826527214731127e-03
1.520115281673893462e-03
4.251814174675227977e-04
5.547830350851617629e-04
8.891141665087673712e-04
1.193740881145601571e-03
4.268333451486279917e-04
4.926523824157385059e-04
4.886920493210540660e-04
5.145283068842030445e-04
1.262988596654863798e-03
5.193248452774725183e-04
7.416488729287074250e-04
1.564812508286089711e-03
1.409364285768241075e-03
4.597737565443536572e-04
4.322752757151867697e-04
4.458560836217225648e-04
3.866650142748065551e-04
1.082250101192501956e-03
1.292493152258235344e-03
2.226011683616694031e-03
8.122952888223209733e-04
5.920074373229019301e-04
7.379055121166300983e-04
5.744499731949865001e-04
6.244981762576156227e-04
6.692541459399353613e-04
3.915548308242484412e-04
1.410301299561133584e-03
5.134174803655411345e-03
4.788411867532947727e-04
8.223698150932264072e-04
1.257955490937230159e-03
9.697587985881850900e-04
8.188214081880730360e-04
6.084141696015717658e-04
6.605898290823261762e-04
6.091947366028391308e-04
1.431453921709374254e-03
5.015992589634703843e-04
7.051692224618912042e-04
1.087436616494796620e-03
1.131601849652961360e-03
7.314950756350974441e-04
5.893254570670410347e-04
5.577166186745084178e-04
7.017431025003260502e-04
7.113705522780057857e-04
5.757864028463141473e-04
1.314808976741389584e-03
7.350825838109883428e-04
4.828706832495950748e-04
8.803875102313553748e-04
7.722994746239948910e-04
6.082563838826101060e-04
4.497199239422872163e-04
1.247340898166186167e-03
1.113799873076142801e-03
4.496783754440620835e-04
1.189453694687861744e-03
4.996423861923473186e-04
7.044746402684724275e-04
6.824206997565213789e-04
3.678515026010389520e-04
6.024412097186052214e-04
9.178815523510035343e-04
7.691916067351822935e-04
7.919014225500995308e-04
7.497351260402335517e-04
4.942360817281917082e-04
9.920752082973221305e-04
1.597398782370230107e-03
1.161037589453630401e-03
1.707260473726787773e-03
5.042347616524267811e-04
5.757096719649281314e-04
1.078607812747625584e-03
8.046451349532059366e-04
1.046580469195810322e-03
7.668514282485568764e-04
4.530765068535656391e-04
1.136420521428616829e-03
5.591302707865421912e-04
5.014767400950150521e-04
1.108633649598022436e-03
1.393279649892098558e-03
7.478932022586786809e-04
7.012399959709208477e-04
5.543643259897885556e-04
1.010788157555504545e-03
1.412626323543048415e-03
2.456841932199494653e-03
1.046673295357601619e-02
4.616828671398653808e-04
6.072632199238684261e-04
7.479314514519672455e-04
1.051565279790344937e-03
4.192380637126837291e-04
8.126483763983699538e-04
4.748508799105731373e-04
9.551717259625209936e-04
1.381534085564988705e-03
6.581784022449999353e-04
2.061749661788065627e-03
6.428608256958177978e-04
7.248619847173800495e-04
1.930661973044334092e-03
1.707260473726787773e-03
4.159993863262033539e-04
8.033413420204442521e-04
7.788259726190985667e-04
6.273937785305892410e-04
5.627464453958731056e-04
1.217724893199565849e-03
1.024867993063008830e-03
2.234926147484370129e-03
1.025837714741353272e-03
1.488256457312531244e-03
2.826081967977548196e-03
8.113964908340986614e-04
1.475753568319246702e-03
3.072813124524894496e-03
1.151510769827921148e-03
1.680510126612899278e-03
6.723110909892068181e-04
9.169751055598647721e-04
2.430577367612889953e-03
6.740156132101823155e-04
7.366759350145966759e-04
8.057541582632050557e-04
7.238047622131701681e-04
9.223580791388982011e-04
1.154701870252583919e-03
1.043061484878302515e-03
6.404549316266162830e-04
2.691180279738652429e-03
7.375509257538552044e-04
6.804211914735523552e-04
1.260505622828231786e-03
5.828235832752705304e-04
1.138427943793296785e-03
7.171823350182503568e-04
2.822824997158173994e-03
9.450499852645021437e-04
1.067621899565926024e-03
5.544314306805208465e-04
8.971869968112269975e-04
7.654448846551576129e-04
6.853434026832036638e-04
1.010577136912992361e-03
6.681560539656062258e-04
9.277931407359749560e-04
1.588891569013359695e-03
9.336405179873821661e-04
8.155350140030084329e-04
6.775137826504626978e-04
1.089311122119448159e-03
6.767189007043404115e-04
1.305777349035329004e-03
5.895883768304079628e-04
7.341258972673347276e-04
1.169205490354407670e-03
1.351928151882827566e-03
6.394938206315917443e-04
4.902300762372333509e-04
1.335258101838599594e-03
1.209835177190866830e-03
1.420786200606593457e-03
5.056649806258713738e-04
5.482748389622594349e-04
5.085718759286761426e-04
1.403183536774526424e-03
6.144137750461765033e-04
1.836430278272218860e-03
8.520743945451674526e-04
8.666469741467695397e-04
9.553742375493849389e-04
1.001009118280175338e-03
5.672169540081765460e-04
5.170180949567647300e-04
9.552701452348533661e-04
8.809189769044204876e-04
5.699779846962500438e-04
4.963508613509777425e-04
1.766091439423823732e-03
1.198116395355777134e-03
5.052735268074475851e-04
5.511583966745288877e-04
1.127170410971510116e-03
