1.114770098430020381e-03
2.065201424771334008e-03
1.214107475070269225e-03
7.170054987578893153e-04
4.758036555456286970e-04
1.145892678131177431e-03
7.167616674820691865e-04
2.199502736714733370e-03
6.492888326918004214e-04
6.860136155072871396e-04
8.158334454409165402e-04
8.338205552509032892e-04
8.198576733852606458e-04
9.001092704406869456e-04
7.859815176129703301e-04
7.682124206731791218e-04
7.200136267840446212e-04
9.566168238644341161e-04
5.354346926589405092e-04
7.402028839899562392e-04
8.410631493129021785e-04
6.862266537508921382e-04
8.499683256648707125e-04
8.085041083808661676e-04
8.261102900696421511e-04
9.032105072770352586e-04
7.256197088489200380e-04
7.264586759366840419e-04
5.711563412309286769e-04
5.876924598142315142e-04
8.791003677405075968e-04
1.100741516987362124e-03
8.772410243002896034e-04
1.733971581630457072e-03
1.679401919256931280e-03
1.100925197960297454e-03
7.557995188527094187e-04
1.215087879485206128e-03
4.964949123311260043e-04
6.002912037913133358e-04
5.440596558818470464e-04
6.517552391763401475e-04
7.593610966173522034e-04
8.603659151233723507e-04
7.468898664560848699e-04
9.705293784591990155e-04
6.315436895700093098e-04
5.734020655850655731e-04
1.554465553819558673e-03
5.002887061953586924e-04
4.995092497248929770e-04
1.222184578857876637e-03
7.990906024851111931e-04
9.030815754835633865e-04
8.125277834658897747e-04
7.436448835683926156e-04
1.326539078772183064e-03
1.018928505173902601e-03
6.019926284221638942e-04
3.037546793729006475e-03
7.018534845809759355e-04
1.044608429978548898e-03
7.682930022588230906e-04
1.355807858079383912e-03
5.592255429369105994e-04
8.204224500559326389e-04
8.857063153794956243e-04
8.797914204373384747e-04
8.538814323752410987e-04
5.373491526174619705e-04
5.928777138328836542e-04
1.068168091557665728e-03
1.045220690671600340e-03
1.439426985288184968e-03
8.482266150759005781e-04
7.563088019742389943e-04
1.841051296267280039e-03
1.474814121948174721e-03
8.756051333028932494e-04
1.104729697720390185e-03
1.115823766159836691e-03
7.310146096275642411e-04
9.869053851706340464e-04
1.119275158463299861e-03
1.470595427366947925e-03
9.499637873956724926e-04
4.756565812154284613e-04
1.577895338047602663e-03
7.951439705697976000e-04
5.851821447509432828e-04
5.357804747521698920e-04
1.218224130408934692e-03
9.578947849835572556e-04
1.834904425232959570e-03
1.406978371275926587e-03
2.368383050926891123e-03
6.116596529142915000e-04
7.909259681938479508e-04
8.475580424680018718e-04
1.583786939282197815e-03
1.493724616598663497e-03
9.829446784652294457e-04
2.092730443810540946e-03
6.101657967279043235e-04
2.396415106531689550e-03
7.559212127978765438e-04
1.020139283387653823e-03
7.572631941987289193e-04
1.430144994864837810e-03
6.125107230098600190e-04
1.089320593782872656e-03
4.991084613403438085e-04
1.071333809505784071e-03
1.136306139116841649e-03
6.027816640251860069e-04
1.008755633661200402e-03
4.964351111417763781e-04
7.136095012516735546e-04
9.429053446037027365e-04
2.313239994693237420e-03
5.343654371040917157e-04
5.266251905828907981e-04
8.436822273297749086e-04
8.590160883650360896e-04
1.721929602543863626e-03
2.452435809572880727e-03
9.570657982585200479e-04
7.911983041753697975e-04
1.359460721932132399e-03
7.417278249259792733e-04
7.051761864115935847e-04
1.033242531319400340e-03
1.123788145249940895e-03
1.229486721389370886e-03
9.499637873956724926e-04
1.064212735519393365e-03
1.189898616758143903e-03
8.961739389182144444e-04
7.416893531714739652e-04
1.768071934292265697e-03
7.960595516155163963e-04
1.270388068277454553e-03
7.062188815194464075e-04
7.639056407595691545e-04
9.793215144676611916e-04
1.157214867926802853e-03
9.077275706604407681e-04
1.416008971975274639e-03
1.029207855676683237e-03
7.493298722061039665e-04
9.228412881380285019e-04
2.418361847994246385e-03
1.061899877800711288e-03
2.092730443810540946e-03
6.096508925187838065e-04
7.046916914983941552e-04
1.036236240091143639e-03
9.548505953452748494e-04
1.248370015458586616e-03
1.383044660858901397e-03
7.138897880546794502e-04
1.094619529715499997e-03
2.038875161215578102e-03
8.128053028602944549e-04
1.018928505173902601e-03
1.893751531097110459e-03
1.172299965856015737e-03
6.521000307650046601e-04
2.093597418434097260e-03
1.187226988504694542e-03
7.466913559112424914e-04
9.498609004810800718e-04
5.709068132129837539e-04
7.096732539494226546e-04
5.248082858062890974e-04
1.304933086993572159e-03
8.886741991233195002e-04
7.605012275380743352e-04
1.021103966801756042e-03
9.243218759120148779e-04
5.839264485939543205e-04
7.930467422816265145e-04
6.897506008428818921e-04
9.393997830895867152e-04
5.769112070899705446e-04
3.412589064071481354e-03
5.562036203312460203e-04
5.852935271551181363e-04
1.191468720795980192e-03
5.974568379485057290e-04
9.139951693305043909e-04
1.041939336869999316e-03
1.494741890824247219e-03
1.489431487444990015e-03
1.652415688340289675e-03
2.358370375027602980e-03
6.262241993935147065e-04
7.327966290400678324e-04
5.456445135795567804e-04
1.764575271762062504e-03
9.473072042923892004e-04
7.929679336728362015e-04
7.325721682929576054e-04
9.948069582881528122e-04
8.602196648348245205e-04
6.245897774485023243e-04
7.274583708582129001e-04
1.037391765010565450e-03
1.833624731815181215e-03
6.484044975930236369e-04
6.335515249708597446e-04
7.014478717628390078e-04
9.077275706604407681e-04
5.185245464925494806e-04
5.582136862688018807e-04
1.078144787199424633e-03
5.147469128006300658e-04
1.163873002707339508e-03
1.814755401113442301e-03
1.128148227500162630e-03
9.831815688783377381e-04
7.398622145533325506e-04
1.331483892148143831e-03
1.175294164968615279e-03
8.404223252412291968e-04
1.126108126290925431e-03
5.621114184321356327e-04
1.874612324571545531e-03
5.485713551804071971e-04
8.380877637506854716e-04
5.721702448608922964e-04
1.313285911695750551e-03
1.489431487444990015e-03
9.059750604913793196e-04
9.026542993531323647e-04
5.886295470941223023e-04
1.010605099279132365e-03
8.006375169191667441e-04
7.204735018742850893e-04
8.309761932516709394e-04
1.127019512899682082e-03
6.453794974723797663e-04
8.536084108473883944e-04
1.104056662448735151e-03
7.759055188377713764e-04
8.927392951357701308e-04
8.780613216118157054e-04
7.670563410243806191e-04
7.688856501195365147e-04
1.059422341600327853e-03
6.424131856302045572e-04
8.794929439046662899e-04
6.173432201832622628e-04
1.265952148670624732e-03
1.790394115227473670e-03
6.620994868329917573e-04
1.024240281791979120e-03
8.418562372121235178e-04
9.286235090669127043e-04
1.079208495514084529e-03
1.211812597696975292e-03
1.980169233458877603e-03
8.037810086304314873e-04
5.429842675394738012e-04
6.881776189854499131e-04
9.200027051063839299e-04
7.067140734539230622e-04
9.773546420752579188e-04
5.963101408613537919e-04
6.818739445928993911e-04
6.944602833762267150e-04
6.411745160796743269e-04
1.457076972110961464e-03
7.495777679767997442e-04
7.835837456168378255e-04
9.705713937402428177e-04
6.247755848449911692e-04
7.677761379444752489e-04
1.050527092258203348e-03
1.105671975290264258e-03
9.106128222537567159e-04
4.629162695261452285e-04
9.822981238817043124e-04
9.077275706604407681e-04
7.552520147745324939e-04
6.444271248196700502e-04
6.433639126351572111e-04
9.705713937402428177e-04
1.133674244650450169e-03
1.332538655576724065e-03
9.241222059302218626e-04
7.374600055754371424e-04
1.291473068721586594e-03
9.881817247326793365e-04
8.943505098756483491e-04
4.964141873743867662e-04
7.903809519544253677e-04
8.158719261469583005e-04
5.939381317248212814e-04
9.769274112614700217e-04
6.976128219496302270e-04
7.113115349396927556e-04
9.647994227103298638e-04
8.895159898653008483e-04
1.507829493460410364e-03
9.888968291202309812e-04
1.058732715008642734e-03
1.163340341169294542e-03
1.016193602130949138e-03
9.018789829399828260e-04
7.852212268362317735e-04
1.022189578250308484e-03
7.772717229813134402e-04
8.739171699757362737e-04
6.619917691513270593e-04
7.214529952873369525e-04
3.037546793729006475e-03
9.826853262619133882e-04
8.904506169650238702e-04
7.530951077941057392e-04
1.740452921566369411e-03
9.272605181695346872e-04
1.226803399801932714e-03
7.700833579887138335e-04
9.849341773773951335e-04
7.115532241657049556e-04
7.416574293849379287e-04
8.369658483020225468e-04
9.461436535561106899e-04
8.823969430887452538e-04
7.942543759526740372e-04
9.116652224980781013e-04
1.204727783714001736e-03
1.312782539654050147e-03
1.002825520067886483e-03
6.043087807375789860e-04
8.679517881220357844e-04
1.432204224942887306e-03
7.363330505366958529e-04
8.277318047126143137e-04
6.861830134905894368e-04
9.307807209163722556e-04
7.665651608045941177e-04
1.467745050868829232e-03
1.137785089194019890e-03
5.001964952540707788e-04
9.164137938861352528e-04
6.711649098542941472e-04
1.146296054076888790e-03
9.018789829399828260e-04
8.578270281922172492e-04
1.296920823444991898e-03
1.130499505397254733e-03
6.886761419226211612e-04
7.405597921916514791e-04
1.085712485134224638e-03
1.604945170908084759e-03
7.079759827836422381e-04
1.157120371084854231e-03
8.812763090708164221e-04
5.762906416274671132e-04
8.188303691195086050e-04
6.187569880823417861e-04
7.175250026881619747e-04
7.496942028220997950e-04
6.697009655660037409e-04
9.993568766802380255e-04
1.777118793604782207e-03
1.408964891371385954e-03
1.071184878640461585e-03
4.659275439144516589e-04
9.079070549607267315e-04
9.970605011953490287e-04
6.426439476422084445e-04
6.053719470948461809e-04
7.528038306630403277e-04
7.850137681240605464e-04
1.229486721389370886e-03
5.548704469661298573e-04
1.197274601792785650e-03
7.018534845809759355e-04
1.215087879485206128e-03
1.039407598731577776e-03
9.566264979245924253e-04
8.693648313011659995e-04
1.326539078772183064e-03
1.019551829746259382e-03
6.019926284221638942e-04
1.553869397420015123e-03
8.666583233037120039e-04
2.602558525342156537e-03
1.245753862425969232e-03
1.259087159193529549e-03
1.565915716506561086e-03
6.059012422270394771e-04
8.359870490059651427e-04
6.364942598709128017e-04
4.895913650360622996e-04
1.339537582310563286e-03
9.188647668575792042e-04
6.021645249653523064e-04
9.046606890082731266e-04
1.087844817097683055e-03
1.132365858465029726e-03
6.355074075836739502e-04
1.003512145516581014e-03
5.025852490155761172e-04
7.621563544707976026e-04
8.782501020223995505e-04
8.903748130693414382e-04
6.944602833762267150e-04
7.952789882282484306e-04
8.807745998824286372e-04
8.454331481499065487e-04
9.029291713504924034e-04
6.365319815830157912e-04
8.700971979178996401e-04
1.007228041099694381e-03
6.543828586058907147e-04
1.056336408936251348e-03
1.054970973694704635e-03
8.764939852622059130e-04
6.424131856302045572e-04
7.897704287182006656e-04
7.121656468135604580e-04
5.912313127472877076e-04
8.030524126629272211e-04
4.874076427112520346e-04
6.001968702780458064e-04
8.280423737080985086e-04
2.145885597854561583e-03
6.879375420658266974e-04
1.058732715008642734e-03
4.487649049079298806e-04
7.685593940895665745e-04
4.622373854801948559e-04
1.196224548226289741e-03
1.033574470355249318e-03
1.166068245313556500e-03
5.858858153708044764e-04
9.399719016964481425e-04
5.143676224122239234e-04
1.141356084018484932e-03
5.244058805129675829e-04
5.578188088066318761e-04
6.620722659467249147e-04
9.451792469003066077e-04
1.183569472520997357e-03
1.124529901743880501e-03
1.111756621837454995e-03
7.495826280565332607e-04
8.852866187679123361e-04
2.818102252259002596e-03
9.947714393575975925e-04
8.777104509954418085e-04
7.605466536841162415e-04
7.040317526265479258e-04
1.101224942336569059e-03
8.185103443698875814e-04
9.604279917130307317e-04
7.543864182110858897e-04
1.029362035970909873e-03
1.229858567941949235e-03
5.576712726029892618e-04
5.035340831019671825e-04
9.517734064253940409e-04
7.572053023235185941e-04
6.187838007696559077e-04
7.900240821610304311e-04
7.814453373412375958e-04
1.589411953371248909e-03
9.152145947743517548e-04
8.022870496233269842e-04
6.303542598733876366e-04
6.841863152840912997e-04
1.806215957644612818e-03
1.133551461016465891e-03
9.415293590770370700e-04
9.758705689818286590e-04
5.713345813769735290e-04
1.590817005206604257e-03
2.137034288930418115e-03
1.027019768074073202e-03
5.349044205495873420e-04
1.970724772483499563e-03
5.611197190563167736e-04
6.529850615803407853e-04
9.085934331001390514e-04
1.014781001239181907e-03
1.394740076373031162e-03
1.445416287289821638e-03
9.690877850011492484e-04
1.114461660436985666e-03
5.613643777525971750e-04
9.514768099509157261e-04
4.845317932976342477e-04
6.114201531910084869e-04
8.675039238323780473e-04
1.011556814346768231e-03
7.150342395939428015e-04
1.509619367025995338e-03
9.705713937402428177e-04
1.044006102657059603e-03
8.506712788323443674e-04
7.549379090251047680e-04
8.204449200168085392e-04
9.733211860401268537e-04
5.956337716433298887e-04
1.795378893196267851e-03
7.474871374904537222e-04
8.522173152315740824e-04
5.715448435334347273e-04
6.568747704046476281e-04
7.706473522151934897e-04
9.404953562748786990e-04
1.404360579838438662e-03
7.991179174687833590e-04
1.500565015171433265e-03
6.421243748101241201e-04
6.131214091110068990e-04
8.936529961635345702e-04
1.245401641662941027e-03
9.106384066941883813e-04
9.867926718760886267e-04
7.664798267702832351e-04
7.700004891744839739e-04
8.734172494376046076e-04
2.573090617943127323e-03
1.304649085789915926e-03
5.788193343256676842e-04
5.921813307932154114e-04
1.072199090545700954e-03
1.094820967770175884e-03
6.613175301880838903e-04
8.785861647165655762e-04
5.860873361855703772e-04
7.976835668512084277e-04
4.724367022780390137e-04
7.289635964959673186e-04
7.897170704921914041e-04
2.145885597854561583e-03
6.401205482012512025e-04
5.293067578674633426e-04
5.901749627003185020e-04
6.529202741868251302e-04
9.040890688857529606e-04
7.225786428464044510e-04
1.049152647422903943e-03
2.231577427089204493e-03
7.688856501195365147e-04
1.130499505397254733e-03
1.068604967743348906e-03
1.156173980129559901e-03
1.367730952226458869e-03
7.274646457690047167e-04
8.887635676584797802e-04
1.231439882287590831e-03
8.784489518298337985e-04
1.284871098590961063e-03
1.196137537763326169e-03
6.317871588040212304e-04
6.301853074400730857e-04
1.203994515526917927e-03
2.818102252259002596e-03
9.519923491492681203e-04
1.257301110420159075e-03
1.052480065476288406e-03
7.795030594537956945e-04
7.365295533521791635e-04
8.391960746149952329e-04
8.331219705747157931e-04
1.092751238541075877e-03
7.374606033731622009e-04
6.270136358398047940e-04
1.020428142643935816e-03
1.373171286097813696e-03
1.762821376822852788e-03
7.524072205927059614e-04
1.078144787199424633e-03
7.238842662289473586e-04
1.469902428185703835e-03
7.618437449716380927e-04
8.565598981251382887e-04
7.281244662568764478e-04
1.060250412203097171e-03
1.313153827941470004e-03
1.416008971975274639e-03
1.042857057072793872e-03
7.881447366266899381e-04
5.612035197241337656e-04
9.762940539396451232e-04
9.025190331683692656e-04
1.304509626639159319e-03
1.408839457651809733e-03
1.471960549660226427e-03
5.873233797951181532e-04
1.331925960654998988e-03
1.007711810306695117e-03
6.428275923371991503e-04
6.428877418514231459e-04
9.603731369292804569e-04
2.045267626406368101e-03
9.182537284111371313e-04
1.188369892381351423e-03
8.342909008108747963e-04
6.863491911327763246e-04
1.183494618363481726e-03
1.546313049855375585e-03
1.965023618571720525e-03
1.387868413496651200e-03
9.831815688783377381e-04
9.735544757537665248e-04
1.173076287398612397e-03
1.257301110420159075e-03
7.835837456168378255e-04
7.947906446522289220e-04
6.339508348885742771e-04
1.303354372173926501e-03
1.288673451663521199e-03
7.030799561188207352e-04
8.639995334310562229e-04
1.033659696841630763e-03
8.658814021125433354e-04
6.067716926660671715e-04
6.152049912853187500e-04
1.789762808604828141e-03
2.116301302506782764e-03
7.474241070360385661e-04
7.811299483718267978e-04
6.301460340992794378e-04
1.057869692495460191e-03
7.278893472846566627e-04
1.128530222409374322e-03
6.117057306332774431e-04
6.653640354110605800e-04
8.445764272431128357e-04
5.522304262748635147e-04
7.222906432622069536e-04
7.023988348921784150e-04
8.955271696614120012e-04
1.136273296994494680e-03
6.985414783652244995e-04
1.520001077203451522e-03
1.198703843514641130e-03
1.254699128316663246e-03
8.786826079299682891e-04
1.130664343927548308e-03
6.032255836992291270e-04
6.584556782877343120e-04
9.144145200843605643e-04
8.708383464734268525e-04
1.092733019710092094e-03
6.167642567749267394e-04
1.390426884234076312e-03
7.072884553300718595e-04
7.700184735939993299e-04
5.242348764286333847e-04
6.666426231639345761e-04
8.463554215364989817e-04
1.209603476815296732e-03
6.878179679929815249e-04
1.261925118067119562e-03
6.150019013195667274e-04
6.452440962153053669e-04
1.554465553819558673e-03
4.530080221611260940e-04
6.310353425714275563e-04
7.992400393686758522e-04
7.654359136089648134e-04
1.504312873687112728e-03
1.061899877800711288e-03
1.449348394220092810e-03
6.306989581917416205e-04
1.187875885487523929e-03
1.710488775289992821e-03
8.089027298364909538e-04
1.663414676361486128e-03
7.577398259017186551e-04
9.930924350650305495e-04
1.995410635241607559e-03
1.109771583190716920e-03
7.386324663244907664e-04
6.003590517865202382e-04
7.211872322506218159e-04
1.882495574189582037e-03
1.450321443139443401e-03
1.002825520067886483e-03
1.145454500196362154e-03
1.203284121097486200e-03
9.707418988652258577e-04
8.820068494627923824e-04
9.261951984427763086e-04
8.459797849682125677e-04
7.544909568704612516e-04
1.042120717216900565e-03
2.455494745725377622e-03
7.575108674994191719e-04
9.395041378280098244e-04
1.100181471049300032e-03
1.201920740214572781e-03
5.266201485989526919e-04
9.843575488437542390e-04
8.137319304109357334e-04
1.149063989586065950e-03
9.777188325254186456e-04
8.388104995060547374e-04
6.810884283169456538e-04
6.448235401716267100e-04
1.157838517875774825e-03
5.251192216943234873e-04
4.659275439144516589e-04
4.272769811059856583e-04
9.294167021284267631e-04
8.934442655469263190e-04
8.746218000769686663e-04
8.279427440391115946e-04
1.215087879485206128e-03
8.608203256535006814e-04
6.231788266785756938e-04
4.530080221611260940e-04
9.677397179720423999e-04
9.913345864700990120e-04
1.125477961351131675e-03
7.876331123673679458e-04
2.092730443810540946e-03
9.041109605544643806e-04
5.705315479428821378e-04
1.561152605190189091e-03
1.919048811046718522e-03
1.670128292584175745e-03
7.742811988182043406e-04
7.630626265129678140e-04
1.617244167408267473e-03
9.223928339496995131e-04
6.596823149258377716e-04
1.092922938923496104e-03
1.307122574238731840e-03
6.055485297374443637e-04
6.906762734114603409e-04
1.297621083275392762e-03
9.349987948201835550e-04
8.786869787377109362e-04
7.801090893262734504e-04
1.290155268172099405e-03
7.282784449932881580e-04
1.002825520067886483e-03
8.118197647809524079e-04
7.846449619303303433e-04
6.192218827876541610e-04
1.042236483917824636e-03
8.820068494627923824e-04
1.914955350069978300e-03
4.895913650360622996e-04
2.358370375027602980e-03
7.293678857351232380e-04
8.973804319796870781e-04
1.285183287222515592e-03
1.312489586347351765e-03
1.364450920960169145e-03
1.147047643138940538e-03
9.774188923838118912e-04
6.101657967279043235e-04
7.371744105283233039e-04
1.186268955260008770e-03
7.094704220100244959e-04
7.440809676464798074e-04
1.330113372232031828e-03
1.230898817674958576e-03
1.014345177391282916e-03
8.124993879510046015e-04
7.775224195191104233e-04
1.173076287398612397e-03
8.078128738930137089e-04
1.932390338473659016e-03
8.637684401577200603e-04
1.037391765010565450e-03
1.172010617397824294e-03
5.322851227873844982e-04
1.036293190562700799e-03
1.331751333546038170e-03
5.999924109140335237e-04
9.349987948201835550e-04
5.438791260964137347e-04
6.445919368220595115e-04
9.864966282939460675e-04
9.195665328353115966e-04
7.049174121245289481e-04
9.221696285174211865e-04
1.059422341600327853e-03
6.409785774420318546e-04
7.583998666888210668e-04
8.885004393613111888e-04
6.649524823356687056e-04
5.739986137816897958e-04
7.564060938998178746e-04
8.292510012480600653e-04
8.621911074830495864e-04
9.002352787514677525e-04
9.077825909317987097e-04
1.377730542757870302e-03
1.118095262899131874e-03
9.735261691862306206e-04
1.318370234322425744e-03
8.048387397924640450e-04
7.864890862754271485e-04
6.002630041226902219e-04
1.863666630766226294e-03
1.035174080833168751e-03
1.230910130393066777e-03
8.967766153755470223e-04
1.170826148139978611e-03
8.490560903514940243e-04
8.927208738149406027e-04
8.716823138085778985e-04
1.253409587420912510e-03
9.256413888752319796e-04
8.045227015312178889e-04
6.136718424918661879e-04
5.860197315196294995e-04
1.065437888115374236e-03
5.918353762921020524e-04
1.408839457651809733e-03
2.284016110250534221e-03
7.717541751684971500e-04
6.536756134368615747e-04
7.586254632213693247e-04
8.479487463878893809e-04
9.978276254794789333e-04
4.895031174651843543e-04
2.226155026824271597e-03
1.917617205497229626e-03
2.498584706247155684e-03
7.929922982077374340e-04
5.723073404493149875e-04
1.593631456821265144e-03
6.890834333157048802e-04
1.523419430346712941e-03
6.593508385577275498e-04
1.022833240269450505e-03
2.254944345728989753e-03
1.459958291303798056e-03
1.232820736224518989e-03
8.342735429369093660e-04
7.709843610589393144e-04
9.111643185606242831e-04
2.421980961104647483e-03
8.218267740310301363e-04
1.101945663749376216e-03
7.834850182657840650e-04
2.111875552232087352e-03
7.721448603000922312e-04
8.038031517818341326e-04
1.115727244568954016e-03
6.633365843415936058e-04
6.303260897143755318e-04
6.628901252331933537e-04
1.627873691844260650e-03
8.215196910926307605e-04
1.228985927280379148e-03
1.048084584556578181e-03
1.089962897955698388e-03
6.848052502281032393e-04
1.060285122690983678e-03
1.337611266597694493e-03
1.081630733592750656e-03
1.269088600178266708e-03
7.951208327704218119e-04
1.036852025295340041e-03
8.658450667632041926e-04
1.250911777828386719e-03
5.943113483817120783e-04
7.229291961607693532e-04
7.074554105217157511e-04
1.332379576833493586e-03
1.578034460956487467e-03
6.859363868634854198e-04
9.729558453830471597e-04
8.716491345942394562e-04
1.001473763564414508e-03
8.458906471915881567e-04
7.618437449716380927e-04
7.714519051757451600e-04
1.132365858465029726e-03
8.621017912865104821e-04
1.159094535985401731e-03
8.334488714734953436e-04
1.541886896059022462e-03
6.567582343613868672e-04
1.923059763416156863e-03
1.055324111815117557e-03
2.588305660535646091e-03
9.373057357746486041e-04
1.127687990667269186e-03
9.786460872678371704e-04
7.022335185354725050e-04
7.365092434811083139e-04
1.143420170538996146e-03
5.388000342958137795e-04
7.268817609877224577e-04
8.406265230617742572e-04
6.920894732790406397e-04
8.785094848818814734e-04
1.058445787367567068e-03
7.185966441715026546e-04
1.089320593782872656e-03
6.111172317085066539e-04
1.365505547230850408e-03
6.193369009923126124e-04
1.005277214611172533e-03
1.350228964812502869e-03
9.057657020967571420e-04
1.686649334097467274e-03
8.373798028380392876e-04
1.016997456402710066e-03
8.750798481146048738e-04
1.118603420841733772e-03
7.322471279901811682e-04
1.419712416702796241e-03
2.843907313654201689e-03
1.146257361909948109e-03
6.381622247720032627e-04
7.615091954000603389e-04
8.822882618820653564e-04
1.061899877800711288e-03
1.036555493101572146e-03
7.426672116081422734e-04
7.305432062774013576e-04
6.112537817768093828e-04
1.008185845086853561e-03
7.015523225207129709e-04
7.682446238590906473e-04
7.770988916570616004e-04
9.514768099509157261e-04
8.863194335671417115e-04
1.323308915456847083e-03
7.116962719642559634e-04
1.281585802730713514e-03
7.310782594624932887e-04
1.169419624865652161e-03
3.639370741920477156e-03
6.401024542749149176e-04
8.379959330437784315e-04
1.186273723564824434e-03
1.062070486372148530e-03
7.445628996083355697e-04
5.963370032576456245e-04
7.249969247225834411e-04
6.686576603167423841e-04
9.429942694226284717e-04
1.325462821747873431e-03
8.471979351918093549e-04
5.008931266407137340e-04
4.536414744754243525e-04
6.042049287650205162e-04
1.173180175720834814e-03
5.487781625102759438e-04
1.112727425300663164e-03
8.215932182640354456e-04
1.058278704993390225e-03
1.491228919168898588e-03
6.435118198748605335e-04
8.401786119259871139e-04
1.170867963552691760e-03
5.514032483441475528e-04
3.412589064071481354e-03
1.096157018472950547e-03
5.742738181025024450e-04
1.013856069651916658e-03
6.725712447677491008e-04
1.455911066085110745e-03
1.137641650263695320e-03
8.078638153456310991e-04
2.092730443810540946e-03
7.208205059384689087e-04
1.153079566959152149e-03
1.124422669202939729e-03
1.424341782350219089e-03
8.303366157286476337e-04
1.190817886224396866e-03
7.854056816486539505e-04
1.269639886695328630e-03
8.567303606151708542e-04
8.329936639682366997e-04
9.881817247326793365e-04
4.480327582348164576e-03
1.008701511375924113e-03
9.095874800036954323e-04
7.047365138330107231e-04
8.181265020922238833e-04
9.534088138549387265e-04
7.382609212247111209e-04
1.195203699046771140e-03
2.380925960024788714e-03
1.390426884234076312e-03
9.496613046979249587e-04
5.821121337190921950e-04
1.522956863142870768e-03
1.105146690700609113e-03
1.484788684629462620e-03
1.244543492424028718e-03
