7.810193945955576020e-04
1.410980011045776753e-03
6.287211038024629901e-04
6.094592001394246936e-04
8.063251193050008717e-04
1.115579761886658370e-03
6.758935509414495816e-04
6.894764156406588910e-04
5.639680931780722238e-04
7.036696199255562841e-04
4.927323562448941100e-04
8.786779868989881125e-04
6.672339229579260554e-04
6.677023481353019973e-04
8.118480089740263798e-04
1.893429856006004003e-03
5.710529153423022329e-04
9.637841613517157072e-04
1.038997556771480103e-03
6.288323197550562673e-04
1.378710059761759565e-03
1.312710039441365674e-03
7.619781375457095919e-04
6.612129516066827736e-04
1.542422188732532314e-03
9.061721974796820315e-04
7.536102231144574002e-04
1.012212883612177532e-03
8.291206999258279387e-04
1.323509811865810964e-03
7.280694528756220113e-04
1.050191308401159009e-03
1.028505888804228654e-03
6.804455480160700315e-04
8.186450903910185697e-04
9.911137252657682955e-04
2.655575126661046965e-03
1.315095347776503408e-03
1.424944210516342893e-03
8.009962356390511315e-04
1.116133173064310768e-03
1.439247479788382687e-03
9.552735396975228646e-04
1.818053693093558488e-03
1.174530373113514712e-03
9.005667935687207155e-04
7.885934667433496751e-04
1.364019231252107259e-03
7.427999277971932815e-04
4.907073387398364767e-04
9.827203542244063953e-04
1.063600959267909946e-03
2.255584720953615098e-03
4.922191410562264981e-04
8.818641769275946439e-04
9.276806147396442345e-04
9.528662072265617778e-04
9.599762131896399583e-04
1.504297212148983636e-03
6.706698692913489043e-04
7.678440223678310601e-04
1.001322402843104814e-03
6.761541644701688121e-04
7.244053714623458146e-04
1.998503624158405080e-03
9.391915326048269142e-04
8.011857038011202959e-04
8.472584142925956028e-04
7.626309678466128934e-04
5.609909152148020908e-04
1.499818171132200409e-03
1.796037921916343941e-03
8.920116810761201517e-04
5.873569437549451024e-04
6.962402431005678760e-04
1.355802720043681716e-03
1.292527858745067589e-03
8.574386096980876702e-04
6.766511827930812460e-04
5.822467448376863423e-04
7.646968135196008983e-04
7.693109007974168476e-04
5.895723740073706594e-04
6.944852923360206277e-04
9.383920853552464407e-04
1.096317006280596567e-03
7.122253547613345993e-04
7.496162550435388466e-04
5.566352263380019288e-04
1.057863156876685936e-03
7.491557351628393971e-04
1.107809257477745469e-03
7.077025106058178758e-04
1.049698117602350335e-03
1.008086081122976660e-03
1.036394102336055806e-03
1.640110875524598529e-03
9.014847748507712503e-04
1.147488585034993217e-03
8.689868391031514141e-04
1.038802968732937095e-03
1.179624973131173944e-03
6.345806362669328439e-04
6.520997025033724824e-04
1.257311289185732324e-03
7.390921979822265373e-04
8.513356780606158407e-04
6.404160989849373145e-04
6.187628319492936586e-04
9.461048581031045440e-04
8.541295293576136455e-04
7.452204431839064541e-04
6.739848578887567545e-04
7.582284659786365415e-04
1.152301467103900154e-03
1.028666029393692470e-03
9.077477832990496270e-04
1.792865411870207034e-03
5.549029851593559153e-04
6.857559689628343631e-04
9.983573429072586415e-04
6.893006175062147854e-04
6.744515859717604370e-04
6.782667085266038840e-04
6.198528475664438417e-04
5.636863750970465053e-04
1.292527858745067589e-03
1.054046774132974410e-03
7.011912939602020891e-04
1.109352688249166941e-03
1.159734596359142346e-03
8.180294221057837680e-04
9.263317881934577313e-04
1.546175770219192138e-03
7.902399526542893109e-04
7.637178202773352255e-04
9.477486932571943740e-04
6.341264810406290354e-04
7.372029884845379905e-04
1.032763454899790706e-03
7.659749656494689108e-04
1.393776911255811476e-03
8.792982365561479710e-04
9.127641012492131601e-04
1.556936729118795588e-03
7.740152733681745275e-04
1.440321839235776625e-03
9.687484404495567795e-04
1.115822918436577479e-03
8.386711116281181334e-04
8.125110111754554453e-04
8.486929063410101216e-04
4.885431341284004721e-04
1.694122018811259353e-03
6.712146836989201252e-04
6.899855323618488872e-04
1.011873968988594814e-03
1.095422910996887928e-03
1.501211975790815245e-03
2.595921255029018902e-03
6.543818540466049159e-04
4.989127743822147206e-04
1.805871451411562986e-03
8.542237096527860625e-04
2.338437847200017673e-03
6.234268121533569941e-04
6.519162937072665127e-04
7.620526048286203891e-04
1.044503575428896601e-03
6.651643862116148704e-04
7.788039849597037543e-04
6.456934420460847673e-04
7.826135496709328305e-04
1.188651227495496170e-03
9.777079907623328209e-04
8.856593034852509394e-04
7.129100262863281249e-04
1.223390593693813059e-03
9.520922515802448952e-04
1.002271040711523236e-03
1.170313618738550278e-03
1.105426275832700062e-03
1.151454101038573881e-03
5.624632781642087062e-04
5.721764614681956653e-04
8.443049138936003757e-04
9.829333081988939937e-04
5.457761944987054312e-04
1.378923482681938687e-03
1.244875090728054948e-03
1.006953173791555684e-03
5.991080061802364414e-04
1.234653190354616670e-03
5.754107980529151421e-04
6.758935509414495816e-04
6.158417713419845349e-04
4.719792198512584840e-04
8.216355325770750275e-04
1.068295755387410747e-03
2.861314855686792908e-03
7.833714141080666766e-04
1.686135760889740385e-03
7.601551136310442328e-04
2.804128974700053657e-03
7.279588881425536539e-04
1.589210010691013367e-03
8.636467259241562130e-04
6.387092816535375151e-04
9.621651091206316533e-04
9.196326852915139450e-04
1.553035992658413069e-03
7.482454648824855099e-04
8.671755472682093511e-04
8.916447469193179839e-04
1.014822977911471495e-03
1.028281939566352918e-03
5.749943304899117003e-04
1.029104145877903593e-03
5.657711505331834267e-04
9.473758022658808732e-04
4.948134879766651322e-04
1.012046681967038999e-03
1.015385400020849937e-03
7.061755635589938174e-04
1.076641788306598310e-03
6.382066542725310047e-04
1.901771890024058810e-03
7.726652989390109857e-04
6.266344179230760739e-04
1.426909654963892443e-03
6.134529344216637509e-04
1.845940200795314094e-03
8.725879559439924478e-04
6.416335462995106887e-04
6.442186859031674923e-04
1.323740391210606994e-03
1.015782846376691619e-03
7.186851632248997908e-04
6.026906721952934778e-04
7.868922515281094035e-04
1.895415601131454197e-03
1.106020029698085013e-03
1.079023641504954544e-03
6.702353215604981004e-04
1.300543312263161650e-03
8.666106326595047257e-04
1.223760274842524342e-03
8.296463313248858941e-04
1.089427421971278032e-03
7.873778306828851286e-04
6.481500861335556980e-04
1.092646868655679357e-03
5.564333701182967457e-04
9.872689021194762556e-04
1.991501611971078969e-03
1.083520553823011249e-03
1.323294309759837171e-03
9.060003950451467813e-04
6.773572466832952776e-04
1.007546969881614697e-03
7.153029305733334684e-04
7.639904701563982785e-04
1.076641788306598310e-03
1.697715616457478411e-03
1.298263604932997813e-03
8.511938320513792733e-04
8.908343443493686427e-04
5.251207519602907065e-04
9.079273260863141969e-04
6.216973308832712429e-04
1.173039251716642825e-03
8.275891105765318658e-04
8.091346520918063154e-04
7.550879534309408491e-04
1.449602859961750386e-03
6.985396711087477582e-04
1.405340244027642425e-03
1.014822977911471495e-03
1.351169180091673716e-03
9.348760012647275384e-04
8.153920758280139682e-04
5.895723740073706594e-04
1.019169887640557735e-03
6.767629744245996261e-04
6.679745076850382131e-04
7.200420915757961560e-04
2.092787937828710990e-03
1.482940306077954514e-03
7.465054348667136659e-04
9.833615041803924015e-04
2.014526783710370895e-03
1.008540905629660284e-03
8.471377015085207376e-04
6.263734630911287592e-04
1.025294670812363935e-03
1.002751388713527588e-03
8.622580540867910053e-04
2.096305518219741121e-03
9.485434351615135281e-04
1.197520577125283639e-03
8.180294221057837680e-04
5.490883264204469722e-04
9.126799350782214583e-04
1.099292816157113658e-03
1.243064325010438155e-03
9.121551804858307050e-04
1.780621875808658262e-03
9.308298706949544917e-04
7.273148912389262562e-04
1.582360686188864513e-03
8.796594708120594524e-04
1.207020911151534485e-03
1.443968391766821792e-03
1.697215976160408547e-03
5.517815199745613412e-04
1.858491654930366326e-03
1.405722621221977163e-03
6.855277191891609272e-04
1.498202921824497071e-03
9.366094659705088456e-04
6.736825143891971360e-04
5.207900317003452901e-04
1.573574623041730947e-03
1.286678626161996252e-03
7.098972071937620625e-04
7.901876244495283563e-04
1.188901685586465007e-03
1.030168004166076914e-03
1.227663433973948939e-03
9.208172134051274349e-04
8.649286431452349279e-04
6.142992270086810669e-04
9.702895144395105691e-04
1.096432524595913633e-03
1.024227717998837201e-03
1.596987042787818443e-03
1.484260366885905820e-03
7.814576380434647921e-04
8.132492875326620060e-04
8.129351045738077109e-04
6.427106317424751769e-04
1.757441143151093187e-03
1.613127837359659049e-03
6.870198630904097731e-04
1.215731866251474258e-03
6.433196595889816840e-04
1.451391119042047713e-03
1.072678702028302981e-03
6.977566496451931147e-04
8.443788583310171680e-04
6.528935427446799127e-04
9.924897640654880074e-04
7.371642986569095380e-04
7.633718730400364163e-04
1.248646791752843583e-03
5.399401603641164468e-04
7.125498990077456726e-04
8.413757042743906511e-04
8.907038925375858991e-04
1.444985691696355117e-03
1.211324192165869756e-03
5.152392416618556924e-04
9.269990558039147314e-04
1.738230273057063836e-03
7.933811007463852051e-04
7.346961195108566833e-04
7.103465610359934249e-04
1.342257428743626668e-03
8.374860627584628393e-04
1.183359065851452042e-03
8.022789193636828582e-04
1.354216402711774835e-03
1.033959800630970469e-03
1.537981098295930970e-03
1.021472107590101590e-03
7.368086155902399534e-04
1.185132633274771363e-03
6.430714773302127329e-04
7.671377698045199174e-04
7.591580205876643974e-04
8.793197484846253416e-04
1.176727067547978737e-03
8.287999392436286913e-04
9.077966458988974028e-04
6.872406998389466544e-04
6.586853138319862227e-04
8.215228177137388291e-04
8.028066258237609616e-04
5.397525987917032924e-04
1.266845880902895934e-03
7.192662809098652283e-04
9.116868887529775561e-04
9.470031386915231907e-04
8.547219572785316353e-04
8.576227883656935237e-04
5.908078947274054971e-04
7.202641397339023741e-04
7.992667176723848186e-04
7.697511687132345144e-04
1.247644209641657993e-03
1.736005131046093998e-03
1.867337691577089596e-03
1.307519723373699958e-03
9.031984733345484444e-04
1.604064015128859851e-03
7.406035050343273436e-04
6.897696793022540032e-04
4.904234387754686803e-04
9.109231085760965789e-04
6.536597687327922769e-04
5.139685833425995491e-04
8.349127422683029660e-04
8.815030561950518194e-04
6.861548999181876210e-04
9.446418859995107074e-04
9.530274367495400250e-04
8.097004260817194975e-04
1.626559594472223478e-03
6.460556027894680600e-04
5.541063414780653985e-04
4.765478800029049810e-04
1.441733785268374578e-03
1.302782641394153226e-03
1.124482428353840895e-03
2.467764706188005103e-03
1.020292493971974770e-03
1.025799690727411664e-03
1.693773645162901381e-03
1.464090790900714634e-03
1.231638181584954065e-03
1.088244389889991316e-03
9.081134452993278993e-04
6.266233176698610997e-04
1.274531284189779970e-03
7.356101790276417095e-04
1.138637904530206447e-03
8.875557383444717665e-04
1.269968954498006250e-03
1.247631759816117706e-03
5.913058385505208818e-04
8.480277048699841076e-04
1.045604402240028503e-03
1.248814494311382408e-03
7.171281252492186934e-04
7.213613891837092470e-04
5.821738654687779813e-04
7.451340419386228743e-04
9.051413666685779189e-04
9.684468011077402346e-04
6.821114157023783382e-04
9.487423794719053189e-04
1.688739495075187958e-03
7.832800292794680867e-04
6.623542294471782520e-04
1.079682854104979661e-03
9.245257814617175362e-04
8.249164032628702277e-04
6.078102196845568649e-04
6.060438207889396476e-04
9.176092034234444332e-04
1.371193640282896732e-03
8.340429103310669379e-04
1.182647712484271663e-03
6.674188963079522550e-04
7.628939431204148289e-04
7.951432335150173270e-04
7.690764583812586706e-04
9.751617727890891192e-04
1.021873222169908954e-03
1.284735719036415218e-03
7.635730216651753256e-04
6.332463745206823313e-04
1.004747077013910719e-03
1.064401422186756667e-03
6.344817696199249717e-04
7.822930391358744314e-04
1.461406730355340388e-03
7.142709216273827313e-04
9.503542099950955738e-04
7.225745829794922876e-04
7.987042778757605030e-04
6.198569049648693270e-04
7.649693274948247707e-04
9.967795661176409843e-04
9.562835833594049905e-04
1.330750282479114871e-03
8.519295189548224418e-04
7.093477062493903874e-04
5.716667976685269048e-04
1.289568027345147682e-03
8.770946797523194571e-04
8.046167407050806809e-04
1.578178947594431484e-03
1.003070446485111039e-03
6.872406998389466544e-04
8.964462729878211120e-04
1.348423018635659708e-03
1.029296677351939585e-03
1.176126399439433997e-03
9.454521689527954935e-04
9.327785145182425656e-04
6.772621129359665494e-04
1.517630017774850232e-03
1.541721899816767341e-03
9.832045250049025083e-04
2.833911112482254135e-03
6.580516896312621359e-04
8.689868391031514141e-04
5.834973118721741231e-04
5.487833786609265692e-04
8.559829714223372420e-04
7.893753261244210173e-04
8.184300056705788974e-04
6.579884265554157476e-04
1.065189700566129653e-03
1.243309157961251885e-03
7.712792445201914612e-04
6.983852494108856506e-04
1.026690438105639465e-03
1.643289027750878669e-03
8.577418238207080211e-04
2.592243844940247694e-03
1.584509208082233956e-03
5.391748820515540955e-04
8.877127684646684462e-04
1.284065455283808299e-03
6.286638190583084896e-04
8.812369101435075201e-04
8.814355979111597851e-04
1.247473377271351340e-03
7.989012029223343993e-04
1.338608053595183875e-03
1.672998018600132695e-03
1.556936729118795588e-03
6.884281606028769609e-04
9.679535079115813038e-04
1.723131577190147598e-03
5.391748820515540955e-04
7.689744472177125834e-04
6.380423106468031090e-04
2.405131900123221207e-03
9.237351057997618192e-04
1.448835162294119646e-03
8.296149084775714935e-04
5.237178619058976059e-04
8.499614679999548594e-04
1.858125389742298515e-03
5.516056460992147534e-04
1.227663433973948939e-03
7.543584775319884562e-04
6.081242470136789683e-04
1.523857819222069511e-03
1.661152090627923076e-03
1.220130876557644437e-03
7.520505170093399463e-04
1.012087813118577083e-03
1.285695574388403487e-03
8.154890814708246321e-04
7.166063173109103518e-04
1.881905917620794360e-03
1.054037453608274930e-03
7.192662809098652283e-04
1.196128447929107512e-03
7.266777072506204905e-04
1.014822977911471495e-03
8.648484526874575988e-04
5.251711731249164789e-04
1.011929790717618505e-03
8.367437554580041317e-04
3.539997905366690928e-03
1.170313618738550278e-03
8.125110111754554453e-04
9.351693681797508106e-04
7.106241646975232839e-04
8.091346520918063154e-04
1.421592569677061551e-03
6.773572466832952776e-04
6.343338186814813850e-04
5.295425341562755598e-04
1.219480028952651474e-03
1.022932765723581598e-03
1.068289694915724184e-03
9.457219794875370384e-04
7.722541822626089727e-04
9.060003950451467813e-04
1.103879749193155532e-03
1.984047485374264719e-03
6.016948694106092092e-04
7.081340347867029440e-04
7.993032362750035914e-04
1.615307513459914631e-03
2.005694593800057875e-03
6.050377483233819942e-04
8.077408740053997798e-04
6.520997025033724824e-04
1.004580824552944946e-03
7.883056321420201483e-04
7.898637435412513789e-04
5.823356983923256474e-04
8.794627133340218597e-04
8.702876575658890796e-04
9.577099306444456775e-04
7.135127367222164575e-04
1.392001914340097474e-03
2.203180419263804125e-03
9.977911419076388941e-04
7.682037455147913566e-04
1.012087813118577083e-03
1.092829835536467077e-03
5.475162018456673036e-04
1.108692044177622378e-03
7.538885849815789948e-04
5.419193466194790771e-04
8.940788033233117073e-04
6.760304734864697488e-04
8.418364056334946702e-04
7.885471019251550674e-04
5.553849127903837720e-04
8.741248317558459420e-04
1.006025174914661115e-03
7.226482723242973324e-04
4.579818176212601842e-04
2.775985350565144966e-03
6.990333236857685642e-04
6.048472455064663302e-04
6.538561543892421361e-04
1.009713160792791165e-03
1.274861991425199062e-03
7.064336442650397726e-04
7.861981629569939241e-04
5.801555088248825688e-04
4.600664460934621061e-04
8.959405522922395202e-04
7.933639573017462832e-04
1.087783641566442703e-03
8.754979894721964893e-04
1.096432524595913633e-03
9.459136895744601906e-04
9.708176848257742261e-04
6.681886067611680089e-04
1.237333628459715874e-03
8.375520498392760235e-04
1.117440445955289333e-03
6.012479165724661035e-04
1.109302263167068594e-03
9.148454109702781672e-04
1.072377711171429481e-03
6.182577487334907753e-04
1.448835162294119646e-03
1.569903461849596641e-03
1.104398671551523083e-03
8.340429103310669379e-04
8.083079037355750613e-04
1.348909767493635618e-03
7.190427320060808905e-04
8.259509525654274613e-04
7.619781375457095919e-04
6.747478941223848106e-04
5.608357184970041683e-04
7.802468215274064971e-04
8.157407296517889869e-04
1.125408858700128415e-03
1.115579761886658370e-03
5.885985220409582774e-04
9.492333892351424458e-04
1.454390468407744516e-03
8.940182389914277808e-04
7.547823103011067070e-04
5.295496936192932219e-04
1.311369396156081626e-03
1.543567279877804121e-03
8.782059926281085734e-04
6.029596812940366196e-04
1.661841181397828889e-03
1.940567850763748976e-03
7.936290012650777919e-04
1.220621621399138384e-03
1.184406347163650085e-03
9.064994002076127728e-04
7.132393774187734863e-04
6.243788512219007776e-04
8.001101216291146932e-04
7.732137838159761252e-04
8.711572821107132700e-04
7.948058671121922608e-04
7.242188923900975787e-04
8.065713012330575542e-04
1.677553918837194078e-03
8.363127510621183938e-04
9.076721078663362984e-04
1.168717080428847066e-03
2.940981744777091626e-03
8.966209773656337286e-04
6.916503131047599265e-04
6.280350365392354910e-04
8.152078393915387824e-04
5.831889570401243422e-04
1.046813867104231252e-03
2.006308463607481447e-03
1.400914828883017193e-03
1.031099544613587682e-03
6.934893515473674296e-04
1.299547606522876916e-03
1.090033593511024633e-03
1.392363500457784783e-03
1.278717290205445573e-03
8.351163470259383723e-04
6.033947580920050137e-04
1.747833834595656326e-03
8.424092278008850528e-04
1.143616034297762624e-03
7.383236292933841515e-04
1.266588169753809666e-03
1.615376631640335703e-03
6.344073530253743678e-04
1.233307239319658384e-03
9.802866175532476065e-04
7.671429444161415988e-04
1.106431258664417527e-03
8.113272880223683587e-04
1.239999501119072979e-03
1.605674873117691722e-03
1.355918533195410143e-03
6.910833935326157794e-04
1.084831863998958392e-03
1.609077282640891584e-03
7.836919475637502174e-04
8.083171854467819739e-04
1.005602359389893685e-03
9.346763557833787312e-04
9.131052332281221380e-04
2.044680389040668279e-03
1.613806916188331329e-03
8.891352860689958476e-04
9.174229668148005130e-04
1.672984512856263723e-03
1.082442840524082276e-03
1.638979068002310857e-03
7.721480208353400255e-04
9.389611478060727037e-04
7.359527940158636962e-04
6.999588803620134143e-04
8.698518106894455228e-04
5.516587803296048699e-04
6.791827167911405113e-04
1.162082447723064831e-03
1.207759587974778981e-03
6.952704093901686862e-04
9.605295993577465984e-04
6.035104066468006782e-04
6.468900473417118309e-04
9.014940747011898669e-04
9.247476435049738772e-04
6.401686785389213265e-04
6.639048903893170640e-04
1.090145801979282942e-03
9.243432075211775387e-04
1.010805069752653993e-03
8.295521761997633322e-04
1.227750540890663097e-03
8.291001506903382867e-04
8.042947403716723840e-04
1.023187862253782535e-03
1.226643231858079311e-03
6.302728992116924918e-04
9.031984733345484444e-04
8.948383331766043749e-04
1.105400440470315909e-03
7.561127803542842026e-04
8.246530016040000887e-04
1.941106038714057085e-03
4.830227124308651135e-04
8.696915647573795526e-04
5.304886162275134279e-04
7.267964285667696768e-04
9.400176624924518705e-04
7.680760551783764314e-04
1.842478462577165632e-03
8.703494401216039546e-04
7.642024143102273603e-04
9.338335008622983746e-04
4.826264567983888794e-04
6.249341890246536265e-04
6.538328571926673490e-04
7.053745629168524942e-04
8.193226698783575776e-04
9.142048642403428687e-04
7.878936750381223099e-04
2.175940879517410630e-03
7.499419248096557845e-04
7.411759463530285521e-04
6.874603712302396717e-04
4.771028886003474655e-04
8.409363218989825400e-04
1.013827199497500681e-03
1.461725301599522140e-03
9.710986493605088237e-04
1.916924515418160814e-03
7.848351089846101851e-04
1.696216949043441013e-03
1.513151625162901604e-03
7.828349406530712160e-04
1.025798891569221086e-03
8.961417339583095318e-04
7.586968135270781696e-04
1.653818227627001708e-03
1.128935350768734336e-03
7.885471019251550674e-04
1.140404140907705019e-03
5.482892864229143388e-04
1.380695962835014334e-03
1.774519111165171912e-03
1.045604402240028503e-03
4.972735137857905042e-04
6.525378919119691028e-04
3.261977470277305918e-03
7.098197662801176890e-04
9.276386404932519120e-04
6.807019514360121426e-04
9.323589185271781389e-04
7.537348647092424053e-04
8.306095304863887058e-04
1.637046626285217771e-03
7.679939256541577254e-04
9.078233146158673061e-04
9.423402082338680355e-04
6.593151044526285656e-04
7.926863362545624086e-04
1.118538648600779289e-03
1.006651558466565861e-03
1.749204188052677243e-03
6.751759266535317661e-04
5.136104427738616938e-04
9.190209451190397725e-04
8.031553791550315397e-04
2.293868118629670012e-03
9.829029117067826764e-04
9.567525225816429476e-04
8.888854329119210036e-04
1.052411307772233538e-03
7.557694523388837913e-04
1.147227703599970183e-03
9.416907755992656032e-04
6.313618621236147819e-04
6.815286065204130333e-04
7.675942927757400903e-04
6.559019783549716563e-04
9.614410665119646092e-04
7.907107858604659183e-04
8.158357213999105090e-04
9.904823752065914852e-04
1.054867701075625636e-03
9.855153991589686406e-04
8.877056768209758099e-04
8.166231561532877195e-04
7.537279325430382756e-04
9.386811814369675757e-04
1.234311369202039039e-03
5.443004830628058073e-03
8.723584396678802809e-04
8.603906739184012751e-04
1.335220365607129233e-03
9.076300649598534505e-04
4.804277400875352688e-04
5.933176609787566436e-04
1.507546490066045703e-03
1.749491472896010482e-03
5.159800817690405163e-04
7.945486890334262997e-04
6.737552085056978989e-04
5.120376133889962969e-04
9.875668684927293908e-04
7.796127545267000740e-04
1.000874593421519076e-03
7.357361170834676679e-04
8.205501755360547359e-04
6.105486800072343692e-04
1.018206995405717069e-03
9.826591238958153583e-04
7.490314794026618197e-04
1.498474867172287610e-03
8.158860326254837366e-04
7.568603313849963082e-04
7.038361358649318283e-04
7.550879534309408491e-04
8.815030561950518194e-04
1.117423231894088768e-03
8.027391843809679722e-04
1.606667638016253969e-03
1.033836872882748286e-03
1.785544120290042270e-03
8.927560494693289987e-04
6.035293705355668573e-04
1.015681631919423521e-03
8.556965929816061746e-04
5.479179832497394192e-04
1.561716946669340677e-03
8.573405304720103405e-04
5.495370634297510421e-04
1.057677686804653220e-03
8.271630605844080501e-04
7.314880919708242673e-04
7.525813578502252516e-04
9.995169569012934355e-04
7.129414034826098753e-04
1.362981911260924012e-03
7.645860628436351768e-04
1.005886758299342045e-03
5.977400576315429091e-04
5.933552733208860520e-04
1.216816297104918046e-03
6.556057905281832470e-04
1.707437022644067411e-03
1.254546852501069567e-03
8.041111684618671091e-04
6.965426878896132995e-04
9.298434013030881665e-04
2.533231756220926095e-03
7.269737894648026742e-04
1.493533976674482839e-03
1.735851966733381341e-03
7.083427295452031543e-04
1.004142743728341468e-03
5.911790502558375224e-04
2.317793454384597506e-03
1.877717604305959541e-03
7.907992823392121385e-04
6.219895764125852895e-04
1.004403668528793155e-03
9.016183848538806157e-04
9.709068594389269309e-04
9.498050155737085189e-04
6.631909574317603091e-04
6.376328139770540094e-04
1.163980749732315516e-03
5.508756964998034024e-04
1.012382080116708879e-03
5.908078947274054971e-04
9.250112485914743343e-04
1.117493335889878196e-03
1.030186395816272762e-03
9.740349640887134086e-04
8.672214083355636550e-04
8.864077356730024147e-04
1.106727776063133736e-03
9.366722980226548870e-04
8.534558961578162829e-04
1.276461374332717820e-03
8.432397575294311868e-04
6.594270380804637772e-04
5.145753558738286413e-04
8.773381186093480054e-04
1.392001914340097474e-03
9.188151680144420038e-04
6.523513153654065481e-04
1.776255979220540179e-03
7.508816360925251246e-04
9.170151090854604739e-04
6.777270751806872351e-04
8.724747676237557198e-04
5.399531267591878075e-04
5.683620749231832079e-04
7.929160705798728474e-04
8.137436166672969975e-04
8.622861863938512854e-04
4.886842505783260725e-04
1.463752124041807229e-03
9.711158848977057174e-04
1.526528403298873984e-03
1.491570616541984355e-03
7.594170308601823263e-04
8.145414654496500742e-04
9.202986730580534677e-04
6.163043886415490915e-04
2.348103633238449780e-03
1.185649228295964589e-03
1.213756021829271326e-03
7.552887788760902612e-04
7.396720950884167704e-04
7.192018540842829398e-04
1.279664508464007895e-03
3.591053496445222905e-03
1.329696432046644991e-03
7.880221526366393151e-04
1.376268759508360437e-03
1.182580874388319261e-03
1.012744320361104282e-03
7.747452347326741311e-04
1.842413244103803137e-03
8.497866480855290885e-04
1.751434512320643004e-03
6.047178551824786011e-04
1.241072620189614473e-03
7.671377698045199174e-04
7.474445172205914376e-04
5.478766424970895861e-04
9.423402082338680355e-04
1.233547457474152729e-03
1.061418366110755381e-03
1.163251800707150018e-03
