9.937456269362855699e-03
8.967496850930838093e-03
9.339244216705930995e-03
8.796081372130306469e-03
9.409364075081333434e-03
8.115375261532128612e-03
6.054981510553273348e-03
3.428171287795265740e-03
4.155754806791463717e-03
9.905065136628230654e-03
7.452570733566282746e-03
2.928943166050281422e-03
6.481736501430292348e-03
8.373788334214383663e-03
7.056547717040990639e-03
8.622926728333368818e-03
7.566593016319432714e-03
8.339933485531815169e-03
8.681702384500260966e-03
7.419867103695372730e-03
9.981950539913159171e-03
9.983234805464483858e-03
3.706185492313142371e-03
5.847279525895501991e-03
9.669189082444800895e-03
8.327435983810469941e-03
9.738282359119724424e-03
8.007854670313152221e-03
4.728755753600568518e-03
4.834350963837984530e-03
5.835655659284846690e-03
3.901293941169241622e-03
5.939583456113137726e-03
8.796115343664897071e-03
8.157377265712046494e-03
4.366969455608582171e-03
6.849882339492057576e-03
4.894814788932349073e-03
3.504566571585416776e-03
7.578398052860361132e-03
9.687687976240382318e-03
9.134957303402106363e-03
9.226621074894053587e-03
8.804400680303097262e-03
4.198544285163743547e-03
4.830626927177020247e-03
9.495332823337070821e-03
8.420170815634873268e-03
8.197464998676573522e-03
6.257011289193850981e-03
8.307807140929848039e-03
9.678019163964190694e-03
4.153780715668338105e-03
1.000991983806892582e-02
9.185918619071588645e-03
5.299485533102414256e-03
7.373506256860865200e-03
7.324947743303906328e-03
4.595430907580156168e-03
9.462631816675774743e-03
7.449097232053344432e-03
8.612991631037056339e-03
1.012756766299227965e-02
8.853482043750594485e-03
2.331531833445028672e-03
7.440467277751051413e-03
4.840957913893385346e-03
1.014442390314865619e-02
6.163002817356480999e-03
3.676933619453938516e-03
4.985097504246718131e-03
2.769950256864335981e-03
5.463735826697518547e-03
5.400547091791580746e-03
9.094038042619628781e-03
4.531937301351241475e-03
5.299485533102414256e-03
1.028229457430357777e-02
1.003108717067695797e-02
7.915861764901249709e-03
8.106294912688064014e-03
5.693349238713643796e-03
7.889746054845377804e-03
8.467297175120007402e-03
1.024055063444827968e-02
4.353428704199806439e-03
4.848598017250667878e-03
8.355128705740811138e-03
9.933696510578519240e-03
6.492543045894833866e-03
7.661298350569351739e-03
9.718146685567486884e-03
1.012644054846387198e-02
8.386609412019487703e-03
9.867277469130679435e-03
9.494803048070061396e-03
5.492045948995738849e-03
8.279987800193591013e-03
6.903692476071173270e-03
7.142792534777069220e-03
3.898079681337143429e-03
7.239399221182332526e-03
8.376775358443748140e-03
3.799215259900107396e-03
9.813253660037954060e-03
7.421721051896324091e-03
9.370081387969584133e-03
4.526065291372161764e-03
6.217727020037104070e-03
8.265930338592672455e-03
9.695592291926435555e-03
4.215271270538351739e-03
5.843161032507607211e-03
8.472091865812400244e-03
8.186341530229972532e-03
9.850584052965747142e-03
5.232511005742280369e-03
8.727192020139136822e-03
6.134675351427714210e-03
6.794864960080135470e-03
4.274195245683113341e-03
2.899108924595966696e-03
8.684067877763204310e-03
1.619871190990680027e-03
7.986777133671435491e-03
9.074964118183643028e-03
4.709206383082307698e-03
5.299485533102414256e-03
1.018493908179854239e-02
9.770978876620350570e-03
7.760581372807964957e-03
5.259420118376659931e-03
2.298991567336562507e-03
1.004507051444485100e-02
1.004752292497264332e-02
6.237286799088401223e-03
9.616355321852938440e-03
5.299485533102414256e-03
7.810093396849768915e-03
4.067808494116072725e-03
7.227270514431782811e-03
9.579659264439672334e-03
6.378433186401211499e-03
3.323546620709894213e-03
6.152977683467015201e-03
7.225234550397733116e-03
8.930124173660215769e-03
5.248818848115165484e-03
4.477667304861912903e-03
6.828017505900097449e-03
7.888813493312694242e-03
4.824798655733198577e-03
9.667584901274735298e-03
5.683753336837717163e-03
9.095458544241222243e-03
9.386535061751306863e-03
8.537357362497211694e-03
9.037606523914875137e-03
7.101543615469194798e-03
1.010299721567213364e-02
6.968179549240783623e-03
7.243785388531002491e-03
4.844880669115826308e-03
9.116425005995212189e-03
4.408963373420100515e-03
8.463249614127475381e-03
9.873157181245130476e-03
5.932494765289537432e-03
9.082640400924442414e-03
8.954364659247468494e-03
9.793750917341021225e-03
7.952471718478008877e-03
8.933033670297629847e-03
3.658526961613922657e-03
9.338602540494699011e-03
7.792608000742198317e-03
5.056617312548731050e-03
9.919356545496027522e-03
8.959278955544644485e-03
8.415067604933065479e-03
9.391579225855361049e-03
4.211524191261443659e-03
3.676925189119201361e-03
7.372189670779170402e-03
7.737432719786612074e-03
2.184114911931927128e-03
1.027851900830831569e-02
6.014696780088136380e-03
1.004911367565752660e-02
7.384305825867342257e-03
7.661298350569351739e-03
9.480880918112765190e-03
6.063396935416214516e-03
5.923962721212301316e-03
8.705383747084577059e-03
8.822697098731303519e-03
2.831316510656492307e-03
8.941159414932493485e-03
8.311266127272214782e-03
6.547945732760015319e-03
9.801913817083852606e-03
9.960504490617218959e-03
5.351368249440650871e-03
8.245584843595971103e-03
4.949394708734704794e-03
7.459722343652951809e-03
8.879865577410831629e-03
5.189417955539905869e-03
1.024863658215012172e-02
3.876969128193860550e-03
7.306129921317901059e-03
6.018489602772310494e-03
4.301054806038570426e-03
6.837432647643380823e-03
7.929734448252507076e-03
6.565946391611215266e-03
8.763666144222312729e-03
7.521430059931072214e-03
5.379175798327102270e-03
6.927704869299692800e-03
8.520713230919975054e-03
7.313052910300635659e-03
4.603215675814295929e-03
9.690525304090372855e-03
7.684291089121508128e-03
8.804400680303097262e-03
8.524161750340326915e-03
9.565980550513157599e-03
5.208295784659027795e-03
6.139193021566719151e-03
3.504955656568616885e-03
5.463735826697518547e-03
4.280285093768259642e-03
7.433023612739158431e-03
9.903811058689244648e-03
4.864380172177521985e-03
8.992754340438027100e-03
8.294813089977065568e-03
1.013680736545051128e-02
7.489404651430043441e-03
7.973481155948767066e-03
6.435287629915315694e-03
9.112249640384990912e-03
9.527111873370878656e-03
9.129766993260107072e-03
7.121730298016994490e-03
3.860490080503751510e-03
7.122964874343351051e-03
5.299485533102414256e-03
8.392654047738637088e-03
1.000767560679678356e-02
1.003598210449799764e-02
6.194184653484757774e-03
6.510471130916934725e-03
3.786580582979976253e-03
8.450450337392990258e-03
1.012192965280738453e-02
5.243116551600394623e-03
2.733132086585143231e-03
9.089867686688084605e-03
5.633118421586484799e-03
8.229055195589035296e-03
3.684481001397624071e-03
7.314480147275688980e-03
3.590067251061467794e-03
9.159666461270180374e-03
4.210726518395831175e-03
6.494091651214712810e-03
7.445264243193441996e-03
5.299485533102414256e-03
8.489751045546780131e-03
5.754719351328018914e-03
5.565524087683300369e-03
8.698692992683469336e-03
2.846597468686813941e-03
9.764563242760856965e-03
6.063065907743078048e-03
9.774347267849776283e-03
9.168660254830490394e-03
3.462982981414733201e-03
8.937437153669659795e-03
9.857752924822469481e-03
9.650804518448840089e-03
8.926718472112958255e-03
5.097431274318576025e-03
1.011523572797284887e-02
7.828577290402153471e-03
5.462003836276636479e-03
7.833857257893143966e-03
1.022585199086890710e-02
7.660185017052831280e-03
5.064126215432097899e-03
4.660487394204807302e-03
8.939906239798208268e-03
6.895465692513354748e-03
4.560455219655647555e-03
8.282259493428643579e-03
5.827781542352783971e-03
7.032625097529974362e-03
5.405173078580831174e-03
8.608936203747334301e-03
9.464703788975174781e-03
6.281893359444798777e-03
2.798796188095885751e-03
8.470118131278840667e-03
8.908494919383341468e-03
2.831316510656492307e-03
8.026923703316415568e-03
5.940938734776848515e-03
4.143188619806894082e-03
4.877003859545010235e-03
8.169158267460025630e-03
4.751513298680645932e-03
9.925647342443243148e-03
5.929928919781893119e-03
7.507781308708257571e-03
7.854738837444290994e-03
8.929365183174893528e-03
9.650821740109128896e-03
7.561019677807438201e-03
8.428815509927656616e-03
9.201773330344770532e-03
9.228936949048117955e-03
8.799415865522783320e-03
8.797690851555468872e-03
9.968763617852703304e-03
7.230524232699829350e-03
8.128346640524350408e-03
1.024093597750970475e-02
7.002082662954701303e-03
9.982344403304319394e-03
8.330956483283523048e-03
5.487088499103394239e-03
8.942735228417240251e-03
6.218573839803153910e-03
6.362611647964130923e-03
8.734617271871027502e-03
1.003847270301132591e-02
1.019416987229534478e-02
1.020457341527153568e-02
4.353098323542897025e-03
7.172884084065840257e-03
3.710739849321505711e-03
6.897804631499204926e-03
9.452840030893687462e-03
9.062838892420668757e-03
7.089404886858162100e-03
6.029423316626926835e-03
7.394542123772493598e-03
6.314674755557276621e-03
5.230219684987148961e-03
9.039966363911971711e-03
5.764255311181414217e-03
1.025649114596484043e-02
8.823708796675397079e-03
7.554376143125754103e-03
6.787751059389757723e-03
4.100086059343272665e-03
8.269428561037227635e-03
7.551380988028875627e-03
7.585094168589584691e-03
9.656051429633679892e-03
8.852176828593906824e-03
9.550095492583485918e-03
7.200499415470247577e-03
7.013032403675708085e-03
6.172371220364777054e-03
7.400820365607076526e-03
8.659283225941779433e-03
5.776472969954539807e-03
5.447452343491615556e-03
1.012441793417998524e-02
4.853444260708489680e-03
1.003246709536169401e-02
9.472634110126556053e-03
1.018675336382374869e-02
7.232314802506841465e-03
8.804400680303097262e-03
2.417714213606135011e-03
9.655332595064361478e-03
7.580551616665017270e-03
6.123950937628357301e-03
9.076547540882972873e-03
7.260080247094308908e-03
1.029344366034396982e-02
6.262259559688177803e-03
8.127925508407782274e-03
6.618984589673622930e-03
1.002303915527589899e-02
9.431832723437377081e-03
5.547928440763440217e-03
3.232850365295157624e-03
9.223363898022335361e-03
4.754531053573281436e-03
5.299485533102414256e-03
1.000342117567790297e-02
8.063549691623900229e-03
9.613140896499151877e-03
7.825408044318925976e-03
9.372453890307443428e-03
6.159397364224412398e-03
5.453862993359133091e-03
9.035139495373378793e-03
6.057884415449832881e-03
8.682265436422781368e-03
3.416924428246076624e-03
4.190333869236693987e-03
3.977216441257931667e-03
3.674842099236782199e-03
9.197305519603522772e-03
8.275741919739162955e-03
6.526131740104948800e-03
7.835989522235216678e-03
6.352895922656241236e-03
6.521987983294207265e-03
8.276751857694070874e-03
8.363384672659363722e-03
6.807317505377259367e-03
6.851771112451311707e-03
8.746755986587896603e-03
4.714368619015812598e-03
8.804400680303097262e-03
7.089752785717841864e-03
6.494867856419577271e-03
1.007343039681848386e-02
9.441720412358087580e-03
4.724724881200647632e-03
7.543716515435230745e-03
2.234095161025722882e-03
9.043758779617709631e-03
6.241737319590774657e-03
5.460686292094163279e-03
1.011144254248587566e-02
7.625950215842934934e-03
8.128346640524350408e-03
6.886380501023302812e-03
6.978879891480027284e-03
8.741603574827923676e-03
9.987921829350428909e-03
7.301156918369456489e-03
9.599956054589761298e-03
7.837963063050488316e-03
8.075807334680485533e-03
6.002411532182073614e-03
6.063510184899317465e-03
7.875552279961233956e-03
7.513106713588972065e-03
6.380802666228663038e-03
6.324150000107033910e-03
4.187715551006889261e-03
6.851538623965969937e-03
6.548062647524976673e-03
5.244726991777382344e-03
8.709132124293165675e-03
2.019770818487851439e-03
6.194823845744006421e-03
9.279669527167870927e-03
8.609285933613501987e-03
9.644058263427648242e-03
4.582047134812351936e-03
8.852570771391805177e-03
7.660185017052831280e-03
9.246281444723640150e-03
7.959653950386075955e-03
1.540445790577995308e-03
2.453228871480160611e-03
6.778053071902207308e-03
5.976812426133261240e-03
4.836542460665491094e-03
9.734916593513781233e-03
1.008707440543794333e-02
2.910152012910713782e-03
8.064600799526588926e-03
8.177108018799457423e-03
9.981645273372793947e-03
7.661502474933269517e-03
9.599449814193604380e-03
4.779565246641789833e-03
9.102081750843843411e-03
7.172241436060614039e-03
6.628298663490380174e-03
9.910449139679056510e-03
8.193002167766944011e-03
9.242489319043274004e-03
8.762542534151995105e-03
7.358217514471788318e-03
7.606775118882016726e-03
9.556071051401998293e-03
9.040206547631242720e-03
3.409374013799498608e-03
8.372295592602083808e-03
1.013055427481118417e-02
1.014019422708391759e-02
9.359888930696554782e-03
9.915738220992190155e-03
6.233182952731383675e-03
4.557014627703177487e-03
5.822195957696785218e-03
8.333999376253679175e-03
6.160369466549333629e-03
1.008024597420454499e-02
6.435287629915315694e-03
1.011680683290669402e-02
8.723440585015613050e-03
6.248094725223553997e-03
9.825109489494330758e-03
4.969194006625039621e-03
9.072301419561921293e-03
7.955990854144589716e-03
8.482017540886030091e-03
2.186959547129253400e-03
8.601154459688680962e-03
5.824180080016744081e-03
6.377294500564299577e-03
9.012292347152483715e-03
9.226621074894053587e-03
7.084897049304185457e-03
8.723093778146749633e-03
7.000066857448784818e-03
6.067448020425326820e-03
7.947872419551344977e-03
1.005881068909526659e-02
6.337031156182891187e-03
3.100009965441136248e-03
1.004736180020441086e-02
9.409639549895709720e-03
8.127925508407782274e-03
1.017116736266071575e-02
1.013520322157796839e-02
6.582149940695083273e-03
5.559910216720908085e-03
6.139929892103075139e-03
8.318923302917752283e-03
6.859853574006856761e-03
7.964046395586366414e-03
8.919703486532884473e-03
9.590599731157683008e-03
4.575102464495305228e-03
3.387356567983922269e-03
9.969480401804974024e-03
5.574565956279598986e-03
9.973329723912838923e-03
4.469175802769160752e-03
5.070118929608105098e-03
5.579911229583485802e-03
8.694164228431298935e-03
4.643024070713123660e-03
9.680495926157847361e-03
6.751852208974713429e-03
6.911082263903580228e-03
7.193702915598252333e-03
3.786266949560347823e-03
1.901462264810184228e-03
6.741488601869856379e-03
6.841857330914564647e-03
7.808425599785867588e-03
5.097611424430773669e-03
8.804400680303097262e-03
5.499914407652821066e-03
7.965530616656569737e-03
5.904766503909506664e-03
2.005142106777537021e-03
3.029441454159004146e-03
7.834325376729726897e-03
9.274423198296471646e-03
6.958161151527867544e-03
5.299485533102414256e-03
7.132171069184040958e-03
4.198198248390071739e-03
4.642970409361517510e-03
7.067193441345612226e-03
5.453762239190083558e-03
6.992115563244850202e-03
8.493415116405337445e-03
5.736368662626906839e-03
5.833796141397434160e-03
5.919251005698338008e-03
8.208588078133922245e-03
7.684750795937072936e-03
4.837491974778734480e-03
8.119842954642004715e-03
8.813020602409845500e-03
7.004664651679931228e-03
5.535567807858477948e-03
3.952596405248633323e-03
8.804400680303097262e-03
6.145347375031918503e-03
6.885534019260192845e-03
8.982680918782990492e-03
7.311663607630447190e-03
1.022148478125514855e-02
8.684288895312620993e-03
9.361101022981949821e-03
9.104568751220886227e-03
8.046907308045442297e-03
8.955555745050284080e-03
8.522501585212925029e-03
7.773264376518856239e-03
2.465446952559852654e-03
9.030685485810926311e-03
8.663005892691737903e-03
8.709132124293165675e-03
7.734565964664173732e-03
3.732476755316286275e-03
8.731370052476351840e-03
7.760062612705808695e-03
9.233544332223174098e-03
5.179061148184934370e-03
6.779762851359965974e-03
6.376249876229901636e-03
6.762337449174479070e-03
8.682910012465459501e-03
6.465033695501328642e-03
7.153281394234379566e-03
5.064781167059674225e-03
5.039704881155172150e-03
8.723347528707806053e-03
8.930124173660215769e-03
9.270049445524796566e-03
7.819977859122046598e-03
7.553681805631910599e-03
5.098363419566076180e-03
8.967496850930838093e-03
7.782781817273629749e-03
9.780485139984791340e-03
5.719253163398494919e-03
6.607310481960816662e-03
7.791835249940611170e-03
8.760750119250135248e-03
7.574881228685159673e-03
8.433727488366959957e-03
1.012588548993306053e-02
9.870746500605596593e-03
9.516271699150667673e-03
6.304466291287647538e-03
8.383702882405186935e-03
8.070622967085909136e-03
3.419149813180603383e-03
7.977635040321695917e-03
9.561235487642476272e-03
7.048244285989052269e-03
6.856788738024511241e-03
9.104568751220886227e-03
9.369355751552302380e-03
9.283277917281451685e-03
3.387679181699529765e-03
7.124817861005412235e-03
5.035121779159565034e-03
8.088580789282514075e-03
6.450069740723320469e-03
8.701879509492530668e-03
5.887652021096832777e-03
7.219523118063490667e-03
8.646889042859378857e-03
4.413496129319578742e-03
9.598318326959419389e-03
5.299485533102414256e-03
1.011584301469846577e-02
3.511953537317158598e-03
7.415270828529757670e-03
7.297113831934842233e-03
8.921364178087152000e-03
3.169150322170956064e-03
6.323048118524413758e-03
5.607745835175771340e-03
8.322344279646794185e-03
3.759489114324837331e-03
7.932977717413997043e-03
4.070544629905227529e-03
8.975995215452257231e-03
3.307383115416104302e-03
1.917624304179622180e-03
3.243736267460751131e-03
5.459278529641550803e-03
6.171838132636183090e-03
2.816459863770715867e-03
2.766410643281912076e-03
9.431629423882641194e-03
8.323961417409837110e-03
6.467630043196012125e-03
9.403525875976924062e-03
8.425904797185697348e-03
5.887652021096832777e-03
4.489419528813438053e-03
8.901591430170024966e-03
7.617686695565372042e-03
5.385740328258490674e-03
7.471314528217335056e-03
8.150284109083381912e-03
3.505107241320084936e-03
9.738781364351051240e-03
1.017861674316146089e-02
8.738260503973017262e-03
6.953529437204262337e-03
9.983684376336128541e-03
7.705571969073505070e-03
9.964307215790202052e-03
7.578332187510059686e-03
6.729593482017417160e-03
6.982156501088695490e-03
1.000335057524299326e-02
9.239291138214457411e-03
5.991624055107473354e-03
1.008446210328078387e-02
2.000940605699537064e-03
9.606432683978389370e-03
6.193887241251676973e-03
3.687824671586780682e-03
6.816014251166716345e-03
7.836765158506616563e-03
9.496748676822418592e-03
6.480190896519928863e-03
9.993355796197887775e-03
6.998146879561515862e-03
2.952708695438530616e-03
4.841344391472501146e-03
8.290631242731175132e-03
7.164707697535166106e-03
7.850026211232787737e-03
9.885728529970527409e-03
5.372117661750899775e-03
3.552552645077991511e-03
6.182039295361453461e-03
7.914925305668290764e-03
9.908533103584679647e-03
6.085761344474078897e-03
6.946471968447599094e-03
3.236935615144231372e-03
6.099603738414174740e-03
7.026115857314565137e-03
1.017363624129605758e-02
6.223846099978024016e-03
7.792608000742198317e-03
6.767816976293621750e-03
9.333599740831543395e-03
5.195588222319933412e-03
5.393201608890334231e-03
7.507781308708257571e-03
5.097431274318576025e-03
8.428189571315991904e-03
5.930290435127711160e-03
1.026734872949284193e-02
8.644323660930455094e-03
8.563467554170889687e-03
6.112952394641808437e-03
7.353819777647991295e-03
4.796096589227637728e-03
6.019480567824798262e-03
4.994004648238828739e-03
6.873682205699004587e-03
8.926890147536649389e-03
7.390768632398324496e-03
1.010790043902317151e-02
9.876139143463073811e-03
5.667318987431453625e-03
8.804757161317891198e-03
6.995833800779794817e-03
8.810115150828161032e-03
1.248773612723736229e-03
7.360204741045761612e-03
8.799415865522783320e-03
3.918156053920582305e-03
9.537408605665428224e-03
7.597010631968222072e-03
5.865260622012549718e-03
8.349329055760461304e-03
6.948780517689801504e-03
4.138214523747177007e-03
8.359274838395078927e-03
6.791679490139626053e-03
8.507016769973240605e-03
7.523373714473922599e-03
8.203800735923638676e-03
7.647617644653471013e-03
6.127616470427412962e-03
8.473524481556091517e-03
6.575755913574310788e-03
5.762987326705123689e-03
8.377654706282678179e-03
8.339933485531815169e-03
2.528953459173978371e-03
3.955194232511386430e-03
4.049861426480126474e-03
6.457887205000492105e-03
8.535269293772219934e-03
6.553527411587111579e-03
7.951037274501396648e-03
4.061323858838185828e-03
2.423963783208607677e-03
8.805050447474514069e-03
8.433727488366959957e-03
9.636922541923706453e-03
6.378433186401211499e-03
3.087862307562482238e-03
7.802048180796843438e-03
7.664993052799467209e-03
8.526403560060933501e-03
8.182448286344980865e-03
1.003042565627258222e-02
1.005257880899669380e-02
7.597756946691169681e-03
1.004219546281997708e-02
1.004114641452302607e-02
9.012967938910296933e-03
8.492525655381848518e-03
7.190464889652839822e-03
9.375957639196090890e-03
6.980310173360790987e-03
5.171577119593800259e-03
1.015244370725091813e-02
6.714730159204660223e-03
4.214034204380285448e-03
1.019882031008107273e-02
8.773784806269889144e-03
8.717512052827790930e-03
5.895498472093165659e-03
3.645014243477190906e-03
5.551680366654490432e-03
9.000369824352367001e-03
8.564619256166163680e-03
6.802905573311844763e-03
5.902786360466350489e-03
7.441637589345014708e-03
8.569936998136903211e-03
5.545014517319609912e-03
9.646834051996381124e-03
4.864380172177521985e-03
6.606829984602670056e-03
6.456401527625769965e-03
8.915722963565764561e-03
9.841716933635936276e-03
5.916706944571435700e-03
2.311548970415445992e-03
8.804400680303097262e-03
9.650821740109128896e-03
3.513097261936369911e-03
6.918336280694201146e-03
6.294936267545178828e-03
4.851290369505183685e-03
9.940849525362999498e-03
5.180258833948925626e-03
6.460838108294075094e-03
1.014954025321373673e-02
6.619250775868973369e-03
4.574610785202002164e-03
1.019053553289684527e-02
8.244289224450473963e-03
8.498283659542419516e-03
8.458214378813914622e-03
3.057076749765123402e-03
6.788600720063991609e-03
7.324319144079582608e-03
9.963465466673850079e-03
3.540588166146253334e-03
5.436060501925014943e-03
5.047215595045364406e-03
8.835623887671353871e-03
8.891078296449854423e-03
7.955918864056533979e-03
6.301956926931813474e-03
6.046464975900938711e-03
3.192410743125057276e-03
6.079200579099391585e-03
7.341701368020072706e-03
5.528256153545137164e-03
6.068740594175161748e-03
4.093429424370192624e-03
5.321994415090267744e-03
2.047475100395333963e-03
8.450229452339705696e-03
9.464703788975174781e-03
4.294067421496713770e-03
4.037502324607639484e-03
2.970633104725239632e-03
8.260988995479862096e-03
6.281893359444798777e-03
6.309431243448369864e-03
8.995805138662082631e-03
5.246590767374185657e-03
8.804400680303097262e-03
6.044937064035322410e-03
4.657713719933055836e-03
8.559270352589085432e-03
8.438930959033766332e-03
5.297396941629314675e-03
7.973915196662005947e-03
4.864380172177521985e-03
6.396028608484872514e-03
6.522421054854216256e-03
6.722040958339761153e-03
8.877138047784404601e-03
7.912230672225573080e-03
1.005643748873821970e-02
9.240989004096327245e-03
5.194038523476229158e-03
5.121523495599165227e-03
9.519774379595218050e-03
2.047475100395333963e-03
9.884973905605463906e-03
8.143614631141443336e-03
4.454467302316651028e-03
8.941798851090140138e-03
4.697010257640945631e-03
9.145145899515524923e-03
4.838228027775816342e-03
7.324607245647218184e-03
9.274423198296471646e-03
8.290705681068264929e-03
7.477594526704005665e-03
6.252742084055221486e-03
3.926672874290229598e-03
8.119093551311603110e-03
7.121888929237865304e-03
9.361101022981949821e-03
9.657673977205150431e-03
3.544178398874480145e-03
9.992459631013795446e-03
5.626668721290051592e-03
9.176066075737728672e-03
6.081096958269192540e-03
8.143194280110599079e-03
5.353500047907740894e-03
8.443803771127729105e-03
7.046114160238188193e-03
3.111677339953684753e-03
8.223279018598143864e-03
9.487298887930413135e-03
8.230110788156750484e-03
1.022849545606418359e-02
9.576622913057167980e-03
9.748055837693309078e-03
1.022371606791577792e-02
9.034195720068785920e-03
8.560734679509062264e-03
7.384965973240835424e-03
9.337789715635685245e-03
8.995149326686458294e-03
8.837715550033802686e-03
8.718830177990629510e-03
9.723460183180904215e-03
8.233832112438038003e-03
7.708344244191514018e-03
5.717740653014823440e-03
1.000880044944587807e-02
9.606432683978389370e-03
5.895498472093165659e-03
4.175307365465363331e-03
7.660179236022341895e-03
8.452516987453140285e-03
3.836475996222822767e-03
4.697010257640945631e-03
9.975849397332455307e-03
6.140029334822706859e-03
6.233772433155808368e-03
8.666812885033068833e-03
3.865646873727268847e-03
9.246587396396915848e-03
8.588365632663266108e-03
6.374140841479426431e-03
9.617169636976518471e-03
1.023963856626095535e-02
9.753722788645613484e-03
5.753050529339446412e-03
8.896854427545492980e-03
9.538947749403545173e-03
7.144506817450376607e-03
6.080115981589256577e-03
8.280557028130160549e-03
6.089811457746143603e-03
4.969194006625039621e-03
7.947457638610804648e-03
1.019966610090815989e-02
4.716124989252439004e-03
6.697190135034684390e-03
7.359907819863059121e-03
5.792164521839920054e-03
8.335648095052126949e-03
8.858429742777281651e-03
8.637874033877923283e-03
6.584809917836626642e-03
8.612991631037056339e-03
4.605046652625188058e-03
6.869297824063641880e-03
6.420495567659754294e-03
8.922105012956633649e-03
4.437402522892677954e-03
5.895498472093165659e-03
1.014387649064504501e-02
3.804482932630676335e-03
3.116924169145137650e-03
2.403377343499816209e-03
5.671473876026311180e-03
5.259420118376659931e-03
8.833128597300982099e-03
3.625985387890904698e-03
4.526089370546336303e-03
4.906985604339662507e-03
7.422037145058233906e-03
4.154208530409199580e-03
2.580124288443049873e-03
