1.309891970985541847e-03
7.280354654498500267e-04
8.166841102911529763e-04
1.658199546925748788e-03
1.750480558540734068e-03
9.855692475461898684e-04
2.270695168262190731e-03
4.957422488233251961e-04
6.199435856128397660e-04
7.304754706604887340e-04
6.965570230554115217e-04
7.921314194571551625e-04
1.010064371406542861e-03
6.422377802939888570e-04
1.388008215700334584e-03
1.067553665519362658e-03
1.661186671986550432e-03
1.462851518961584248e-03
8.275044055047115800e-04
7.938776270113355547e-04
1.219055717769535353e-03
7.743305297688223921e-04
1.005952515153706647e-03
9.316532087275867071e-04
1.600669573236574621e-03
8.233935058501387497e-04
8.486153405265686863e-04
8.791202095663450166e-04
5.932908244047143146e-04
1.307112615301509210e-03
1.281675450089678767e-03
1.077106575303711554e-03
1.145561747784482141e-03
1.073467543821303785e-03
7.769182373776378683e-04
8.644913335060986064e-04
1.091458042442042080e-03
5.804735150879611859e-04
1.088138867955588691e-03
1.004130990035230660e-03
7.664900335080140599e-04
6.584735611385324726e-04
1.309333401783388659e-03
7.145144993301838325e-04
4.671579131367375559e-04
1.034229769325481800e-03
1.083862758340918596e-03
8.705271457863444310e-04
1.422164180884156462e-03
1.605692534609884717e-03
8.615349575481536784e-04
7.270231824115736203e-04
6.185179352634108396e-04
8.547609781377184810e-04
9.168182745177805943e-04
1.171285468523490178e-03
6.484354947444492335e-04
6.620966452177338805e-04
1.195121522643602385e-03
8.878348031313563387e-04
1.088898140894397747e-03
7.685521005797012889e-04
1.309333401783388659e-03
9.594085442763172940e-04
6.072041169552102420e-04
1.067016432313405401e-03
1.471375501487447298e-03
1.166612645987873467e-03
9.304210678776629780e-04
1.139096906512508537e-03
1.680612810387663390e-03
7.853642452061000917e-04
1.065392038546467742e-03
7.576341970012518768e-04
9.018233991289831752e-04
9.217005652699817708e-04
8.504960324995025026e-04
5.395455826405199220e-04
5.383849497686205628e-04
1.160059147669383192e-03
1.476830043592771043e-03
8.960759566721266918e-04
8.426875628158435761e-04
1.331596534470674744e-03
1.385211005815115224e-03
7.763086627563274339e-04
1.305195808697433985e-03
1.897901375330712272e-03
1.084063877332955977e-03
1.307112615301509210e-03
1.190775147862720585e-03
1.723983828517316715e-03
5.525790459104854653e-04
7.380815326681835651e-04
1.323936322159545084e-03
9.590522308213454954e-04
1.104070764310044039e-03
7.478372898315463523e-04
9.810481961223832970e-04
9.936094228402013364e-04
6.000367642491322671e-04
1.199120273728244415e-03
6.955075786853270273e-04
1.524082710702836813e-03
7.929546612623093521e-04
7.888865739404175804e-04
8.649885233810227858e-04
1.088299602904253469e-03
7.272269473818506825e-04
8.933198241504109512e-04
6.487331602920375345e-04
1.149593391180864146e-03
1.035655896470823482e-03
1.281028461720825230e-03
8.661563842284230371e-04
7.195965441317439754e-04
7.780962266668612097e-04
7.824750886920544928e-04
6.826147765703966452e-04
9.309552546136101638e-04
8.716486367825297416e-04
2.052600770889141061e-03
1.331358640023712564e-03
6.653386420803277272e-04
2.666211123270592880e-03
9.248820160373443303e-04
8.872478761684489618e-04
9.303350517793352844e-04
6.801197231347123461e-04
9.663233806268175510e-04
1.023321537182651222e-03
1.068746564095762481e-03
8.573456702853965482e-04
1.155576781746446829e-03
1.147508623828849246e-03
9.862498162039406123e-04
1.267669130681907700e-03
1.579790107685077188e-03
1.126575081980353598e-03
1.327962591702818926e-03
6.560931047093023806e-04
8.318323572639499917e-04
1.193431171202590521e-03
1.269872720513097984e-03
1.117612663290124897e-03
1.346192007670095640e-03
1.193517356469186476e-03
9.917844461239070254e-04
9.888257793408880818e-04
6.901958755471634174e-04
9.529503844497240516e-04
1.058747825519918122e-03
9.663481442417149380e-04
7.478799268408133126e-04
8.063295487401448466e-04
9.805427861336501929e-04
9.043110195556052725e-04
8.783637924374575103e-04
5.686832728867123078e-04
1.370382058365347778e-03
1.155824405812106749e-03
1.058673808650774156e-03
1.290951970476640490e-03
9.322803322070360348e-04
6.200095843303716657e-04
6.496011520389465129e-04
8.319461449988667205e-04
1.090971867835744498e-03
9.044183088090517212e-04
7.600365752363040777e-04
6.739428128896134433e-04
8.216114776172975774e-04
8.443256926263584391e-04
7.383493302849442660e-04
7.728298582010494468e-04
7.878366294869827051e-04
1.022030645252585248e-03
9.293663930565686758e-04
6.227245307903317819e-04
9.137869664561413348e-04
7.452467249301186194e-04
7.893935463026144697e-04
1.339881231346998647e-03
1.136034292204056700e-03
2.003515613986643195e-03
9.642376775976248780e-04
8.119689030085726908e-04
1.159227546532036728e-03
6.145614201634703273e-04
9.665564999574713986e-04
5.944534015031130870e-04
1.904037730081862721e-03
1.433090853756380624e-03
1.044760068210834813e-03
8.500599757945362248e-04
8.782669859023349741e-04
6.958428704710767397e-04
7.102676871830732432e-04
9.575957825051661281e-04
6.200118698402937167e-04
6.115746208749129340e-04
1.525784871033761909e-03
6.784253132941828841e-04
8.510384657523143532e-04
9.909439936576136445e-04
9.460923599738790954e-04
9.883576660654916444e-04
1.000259109572616909e-03
7.744428676776976724e-04
1.292183702276721502e-03
5.580958449128521279e-04
7.584320821193034010e-04
8.566796242530365802e-04
1.184826421049363712e-03
1.354719652389799189e-03
1.129750763180866705e-03
6.990226369593580775e-04
1.134754529479062562e-03
6.869020022235883694e-04
1.123579779078087834e-03
1.448595954465042596e-03
6.940419565334320562e-04
1.183858213360705061e-03
1.055431041090180424e-03
8.319192642876349370e-04
9.427040217720640157e-04
6.200095843303716657e-04
1.340571316043769100e-03
5.854357843637082422e-04
8.984412773877213394e-04
8.459834095275687790e-04
7.911926869097389656e-04
7.254416777602627981e-04
7.955825377803638337e-04
7.647676621589261786e-04
5.776107456328981923e-04
8.359947461260501100e-04
1.066324469291560261e-03
8.182292682015303905e-04
1.494431603389206930e-03
6.347061536738600592e-04
9.981462149626658259e-04
8.510691666198588398e-04
5.086759406350839204e-04
1.221621181563833838e-03
8.467421558579159204e-04
9.253947680497520093e-04
1.370418951555244305e-03
7.546335943278545053e-04
2.225197832022693736e-03
7.145179785627255508e-04
7.918529951118945861e-04
1.201860344030383949e-03
8.014869067027648609e-04
1.201158459557221400e-03
7.317093121717830901e-04
1.224124639944810296e-03
8.003781622484360675e-04
8.025633514263631144e-04
1.052502031034449614e-03
1.352331413473675239e-03
5.485131574248491284e-04
6.537360870582241586e-04
1.111926068444570167e-03
9.303350517793352844e-04
9.983220151807271729e-04
9.576699153812721606e-04
1.324739981759987450e-03
9.437641161359444338e-04
1.751755539270807502e-03
1.085369285486448808e-03
1.553450636517750890e-03
8.510683223327815232e-04
7.189836866163451306e-04
1.172881344616778223e-03
7.576177042243393590e-04
1.291023648630908183e-03
6.007905703189784846e-04
7.845019494985742232e-04
1.038318516489028075e-03
2.200550805962680177e-03
8.617411262429480225e-04
1.107534452493381819e-03
8.386010981469902261e-04
6.341714459744561463e-04
1.136612771628402185e-03
8.666742110516598759e-04
6.566261095141989225e-04
1.388320837560772002e-03
1.220586692070001851e-03
1.281675450089678767e-03
8.977358834303846014e-04
7.354133069302945221e-04
1.708958268905311868e-03
6.388118934889618333e-04
6.169263130322960023e-04
8.025633514263631144e-04
8.618719405040732237e-04
5.447890659169009027e-04
1.925861301543790654e-03
1.516250336227176979e-03
7.323947607009412926e-04
7.105737186355994212e-04
8.908052025726114018e-04
1.424431351298107232e-03
8.035182544082946970e-04
7.816162549308365917e-04
5.994158638035094674e-04
6.883019559052160887e-04
8.241237223229778627e-04
5.795865212248549336e-04
7.105737186355994212e-04
8.009103433835334683e-04
1.685641871131439429e-03
6.115662697746966333e-04
1.329085111883012435e-03
1.135227074032274606e-03
1.145612846597682645e-03
5.237403691762400034e-04
1.149671285485299142e-03
1.138704484177278063e-03
6.185813215438814650e-04
1.188499235169691425e-03
7.774655384686107078e-04
8.613206486040500803e-04
8.549110051939330397e-04
8.923435791641345970e-04
6.721353198528940906e-04
9.103846177816224926e-04
7.335393920514175466e-04
4.583454631287992844e-04
1.021924137566584652e-03
1.562181171526601676e-03
6.253334235405832997e-04
1.101758095212353617e-03
9.254663849475260095e-04
1.093002840637243012e-03
6.258258168545321413e-04
7.539454934022617617e-04
8.322165829484589163e-04
1.118449467874018050e-03
6.957581604212370466e-04
8.855280669011452235e-04
7.796037789402273386e-04
8.581123732993203423e-04
9.373934717851875381e-04
6.664983516314279283e-04
1.062905202812777696e-03
1.541751772263972231e-03
2.862974805946928020e-03
1.328272039430436697e-03
1.256112938147357309e-03
6.424015858760914743e-04
8.297489579338686739e-04
1.244025690711385388e-03
1.506160125094235195e-03
8.522870837805628574e-04
8.687245721867615936e-04
8.603106351570000013e-04
8.202448547147946295e-04
8.069316426518332143e-04
7.002913894682323169e-04
9.584124523485750046e-04
1.040923156502928477e-03
1.072123714341860533e-03
9.051582443008316086e-04
9.648877633077264804e-04
7.039625863767360464e-04
9.663497411631221138e-04
8.931090871694938489e-04
6.560931047093023806e-04
8.785306140216859062e-04
1.079220888910995251e-03
6.832615211782456371e-04
9.907910448981693645e-04
6.871709333984192883e-04
8.700841070291445798e-04
9.113254392647852919e-04
8.426346653114083788e-04
1.780557498241712965e-03
1.565766466857650531e-03
1.338615053479146055e-03
8.834647789732020607e-04
8.704129090396013927e-04
7.516920573462699704e-04
1.321916569358150707e-03
1.512077926039735688e-03
1.177799959100234552e-03
1.258131985557445123e-03
1.013518125396479586e-03
9.534789400280061812e-04
8.147572604705069716e-04
8.298522927294664899e-04
7.190005355132251478e-04
9.238355093910762157e-04
1.578038170237684983e-03
5.419171070137850359e-04
1.146218171041354971e-03
8.816781376348477436e-04
1.335498876773795560e-03
9.138904732259443180e-04
9.438489788644004045e-04
1.049804817180015597e-03
7.902276076012104558e-04
9.068624243118229063e-04
9.159392421236747881e-04
7.470644294728292362e-04
8.478812096725172861e-04
8.845677987305846594e-04
1.168995524829163782e-03
7.779426993359794254e-04
1.593179960059851619e-03
2.499937784837774884e-03
6.589695906828469535e-04
8.804023236898568918e-04
8.401307302138838473e-04
1.116908162710757418e-03
6.102383300593136823e-04
1.138133525453840535e-03
7.524334925923281984e-04
1.086289764282970076e-03
1.023836089552964410e-03
1.033806397728045338e-03
1.256677630633122210e-03
4.767146798367875491e-04
9.876917128078088314e-04
8.080756753152194393e-04
9.845345235644515757e-04
1.125734336945855745e-03
1.046154720638053015e-03
1.024665918117656895e-03
1.312812412848421689e-03
1.058673808650774156e-03
1.910788936176946147e-03
1.429174650353971700e-03
8.970177300200310325e-04
1.035120746418036371e-03
8.404691428503272086e-04
5.471233566873220933e-04
1.190843850361457705e-03
1.021504427755800951e-03
1.240442250390269520e-03
9.898429878968169771e-04
9.267732235084802633e-04
7.789304306590440685e-04
1.434992508947074974e-03
1.266211370633932558e-03
6.208177760488345310e-04
1.287897721758032334e-03
6.263297975573654331e-04
1.065828471156584018e-03
7.907894857898632723e-04
1.864232315877791760e-03
1.222319047175905466e-03
6.102082905277369552e-04
2.251239672000720192e-03
8.316540454248199689e-04
9.055996013736819592e-04
9.444760274318426876e-04
1.239001218436738090e-03
1.006432871317517949e-03
8.301875304038833833e-04
8.153989208964702471e-04
1.223513416983650374e-03
1.220583740756504007e-03
7.096816176334366745e-04
2.345790484463476655e-03
9.452815701219050536e-04
9.348291012024876646e-04
8.591962120244681913e-04
1.214576617923798481e-03
8.108896836753093666e-04
8.850793182923865753e-04
9.604187109597136195e-04
2.003515613986643195e-03
7.036058833105976766e-04
4.875530704562276566e-04
1.169555635733011663e-03
6.550288463142894726e-04
5.445569378308433338e-04
1.058747825519918122e-03
8.005752083216342331e-04
2.070810379883861099e-03
5.371713784045115255e-04
1.131294964305560235e-03
8.918951093336142900e-04
5.860461826345326119e-04
1.205810075640834610e-03
9.862498162039406123e-04
9.335450774707874152e-04
1.240093046458032137e-03
1.053889806221574004e-03
9.504885572805660786e-04
1.807104725119010758e-03
9.252377804043807443e-04
8.966865814226165953e-04
8.547370890056676896e-04
8.818969916296889129e-04
6.937491206610601514e-04
6.086029161791407707e-04
9.497101141266496311e-04
2.062515691853916613e-03
1.086289764282970076e-03
5.770631142276949578e-04
6.562422914711364208e-04
9.641982773295335648e-04
1.172712391084324447e-03
5.607508939131537274e-04
1.466820657464401254e-03
5.817002997330361245e-04
9.639904876038500560e-04
9.475316657386366817e-04
1.735235619156528684e-03
5.672052824488555247e-04
1.100184384600718171e-03
1.116670513913913107e-03
1.039734496641087688e-03
1.113535421301371309e-03
7.163839151274385784e-04
8.256313400088592398e-04
9.442291779432356556e-04
1.122314006176217214e-03
8.075406670867895991e-04
1.686072371496641874e-03
8.325340609769056079e-04
1.275182737680832139e-03
6.002212893265149608e-04
7.255628095531865482e-04
8.662247693825201158e-04
9.573772675782752165e-04
1.185948187188983318e-03
7.422048676309433253e-04
8.821329049153482649e-04
5.309397035423965615e-04
7.905289799917061431e-04
6.935567991748813402e-04
6.558673949045934828e-04
1.031434995429200349e-03
6.536527987522047951e-04
1.727628567516515052e-03
8.825174175733110872e-04
7.853642452061000917e-04
6.379196774673527538e-04
1.333226873141423602e-03
1.255254424043635193e-03
8.014534536400231548e-04
1.256345308331559578e-03
7.000730581197972275e-04
1.144427046302021406e-03
7.391034646483102396e-04
1.297970296909770928e-03
8.667943317187464880e-04
8.918792327482841231e-04
9.717993690337119791e-04
1.223753149692256804e-03
8.908812607950319972e-04
1.159845866698368949e-03
1.193871426473354456e-03
9.619070542921014317e-04
1.453176640570385180e-03
7.026230370443289604e-04
1.307146065000386499e-03
8.234373881582862176e-04
9.448333395912682578e-04
8.233935058501387497e-04
9.829461926404109515e-04
8.802331967679038506e-04
8.696030876376370988e-04
8.706214213112024218e-04
2.049552087991127897e-03
5.582432914378141365e-04
1.032415488747689307e-03
1.473079903128162284e-03
9.720724755444804617e-04
1.150332606985631249e-03
1.665228264527797821e-03
6.895189937170734381e-04
1.165497028175094133e-03
1.289058006066612751e-03
8.601305737820720597e-04
6.746095935677197744e-04
7.401548838844807182e-04
1.709618672186011918e-03
6.934644581389271586e-04
8.455396801138453109e-04
8.709321440087702294e-04
6.774025474675580668e-04
1.226107368452000615e-03
8.269681221924737782e-04
9.192767709630572963e-04
2.012818824388282885e-03
7.791807351080697703e-04
9.049839737190646261e-04
6.233555909037022955e-04
1.182287403558807213e-03
6.811490345810597294e-04
7.857634632673817909e-04
5.794996081011894416e-04
1.116794897483222668e-03
1.327925699610389568e-03
1.113543410982228326e-03
1.317243481682372434e-03
5.776107456328981923e-04
1.575729884844165275e-03
8.325340609769056079e-04
8.775240999965167868e-04
9.332917353566039980e-04
2.193484937131142103e-03
9.020672039542751213e-04
1.222716764906707412e-03
8.143018829391932435e-04
7.375476828653974382e-04
1.012322472202663651e-03
7.847032130389876943e-04
5.884497426858044606e-04
1.200351342170968534e-03
1.781034344682777678e-03
1.071936507562825432e-03
9.569802641947359285e-04
5.446633497619079393e-04
6.445669534714050823e-04
1.627639859544743276e-03
1.147893126759921660e-03
5.925102169407268611e-04
1.261911216368453645e-03
1.761078205501658131e-03
6.459792930674383487e-04
6.604112980548314292e-04
9.719168971957528819e-04
7.344390672299486384e-04
7.956103260604918464e-04
1.032415488747689307e-03
1.439478560943343319e-03
6.374741726175368710e-04
2.299858865374634475e-03
1.357924749030919040e-03
1.380718179938526498e-03
1.425998761916432876e-03
9.027999032429999534e-04
6.448062952456254122e-04
1.661433362488176982e-03
7.069702024952294762e-04
1.625147616279748550e-03
1.575099500864158468e-03
8.152300390001428632e-04
1.092496280475976737e-03
8.141719256013450626e-04
9.573193286965465303e-04
1.077961891598883375e-03
9.575957825051661281e-04
9.941740550045224337e-04
1.063874695406811588e-03
6.827309926452951620e-04
9.106495058555881322e-04
9.900324229297496632e-04
1.032812765116082393e-03
1.378058322296095992e-03
1.351063382799206182e-03
6.643666680203452052e-04
6.794426900479330102e-04
5.527500671659010606e-04
1.945060868302756927e-03
8.880692829700529995e-04
5.879609855461147717e-04
8.286977573014553617e-04
9.227138967275264623e-04
1.046335139181551934e-03
1.220583740756504007e-03
1.500840104558489718e-03
8.514104060678013815e-04
8.323567519552097123e-04
8.110382725907874357e-04
8.970382893304795638e-04
9.046365016158503143e-04
7.483702840060598186e-04
8.711968983864078805e-04
5.916598442878782385e-04
2.226181316262878119e-03
8.469399907184945505e-04
1.277825821080287756e-03
5.542856417325093188e-04
1.335059472791559794e-03
9.651242018727514095e-04
1.069530992013323226e-03
8.433040911871238395e-04
5.678872680135591466e-04
7.960204308591800788e-04
7.825381730392693769e-04
1.156189954509850241e-03
8.860210666183619427e-04
7.406156830550539479e-04
9.927675896592941338e-04
5.963305477394188758e-04
1.407263218531420784e-03
5.680653679930900779e-04
8.486153405265686863e-04
9.598579459316611750e-04
7.384018296468633285e-04
7.665912225831830653e-04
9.524423118423752319e-04
7.406156830550539479e-04
7.302828167814268481e-04
1.261212825327092312e-03
1.292075701496835398e-03
1.274499015896391309e-03
8.006637677674282617e-04
1.327662448628807350e-03
8.587149015667131088e-04
1.200897075029790356e-03
1.401055974605477927e-03
6.905592246550844521e-04
8.661563842284230371e-04
1.746216412773172067e-03
8.067379915235119202e-04
1.177231467642862739e-03
9.458228649661380195e-04
8.123057020585110807e-04
1.166739758753009178e-03
6.952173673806747453e-04
1.314903879205686632e-03
6.911724381031639783e-04
7.320803300424715129e-04
1.324851155047468291e-03
8.254178489486035291e-04
1.612579497134644917e-03
1.044233003243860139e-03
6.307733982999903745e-04
1.201959756787181156e-03
1.550987164119184804e-03
8.770398383488944589e-04
1.807738822594099314e-03
1.664833592171461717e-03
2.136365631293934541e-03
7.169830065780719930e-04
6.181590159004238423e-04
1.589695947029637780e-03
1.400478987059045749e-03
1.023030677626130197e-03
8.643360082737605284e-04
1.044894711018314092e-03
9.934975126767041278e-04
9.869879307575623196e-04
7.766333987751633788e-04
5.988997262829089899e-04
1.246838384296625234e-03
9.658982847815356749e-04
1.858103169493887947e-03
7.794099646172229084e-04
1.233423985046688083e-03
1.030055510454522391e-03
5.374049551314046382e-04
1.349377954115452789e-03
8.132252849582658535e-04
7.874471642868157437e-04
5.315281175831245222e-04
5.061435413307032675e-04
1.675158828144639829e-03
8.946841751823973168e-04
1.312061885973204740e-03
2.004622894625678834e-03
8.162487386818883302e-04
1.353856580068127282e-03
1.479598389752495189e-03
6.557564590173942587e-04
1.481448162002105967e-03
9.157786723912180208e-04
1.406830566562958414e-03
8.055123351106726996e-04
1.212737419769104649e-03
1.055660692386402050e-03
7.195626471192507426e-04
8.474691787579169975e-04
9.706973542695401021e-04
8.195041631367814064e-04
9.106495058555881322e-04
6.989278338487053734e-04
7.240119685196244083e-04
1.806032250644775501e-03
1.275179065581070288e-03
1.669059641722520689e-03
1.264966154406875487e-03
7.431536231603533748e-04
1.054682184767762217e-03
9.350987228200070660e-04
8.450628260580585931e-04
1.278059362419963624e-03
7.734979887731568277e-04
8.993916365565289865e-04
7.257607010657707476e-04
9.101949958020235428e-04
1.448595954465042596e-03
1.023329410077744453e-03
7.082077167352961991e-04
8.447983266860140811e-04
1.910788936176946147e-03
9.340944085260803739e-04
8.162240139852975631e-04
9.396307548210058305e-04
7.038712024779264715e-04
6.853635020882836324e-04
1.044927299264060330e-03
8.065091048628049214e-04
1.017202765751579153e-03
6.212181784506434637e-04
1.493901225036740931e-03
9.900361235626532926e-04
7.412138078802534783e-04
1.400495697085749882e-03
8.217526466259961583e-04
9.437140841848562544e-04
1.121593594161982574e-03
7.233637781939555433e-04
5.592505238754359384e-04
7.370835738854929773e-04
8.203298487247514615e-04
8.955706243207193010e-04
1.062349415507009200e-03
8.119454934819745826e-04
6.663691268644907984e-04
1.533055169581400753e-03
6.927997210290174354e-04
8.092377415891076993e-04
8.888809817167565939e-04
7.710105661047894892e-04
5.100361485472167979e-04
1.262863487278572880e-03
1.198508417670714242e-03
7.140895156081181585e-04
1.058201744310200429e-03
1.171638328576636839e-03
7.418217594853907405e-04
9.033649820080018582e-04
1.119225982140323664e-03
8.118360623157065475e-04
1.137720916039836267e-03
9.137869664561413348e-04
1.716719240235992355e-03
4.824426567989300490e-04
1.657358417293888298e-03
6.451662203130575880e-04
1.110548662690186194e-03
9.067339899192655445e-04
1.186251548555867109e-03
8.293930139391880122e-04
7.178260894869026645e-04
1.816418787671992717e-03
2.328870304487315381e-03
8.962757698798984188e-04
1.004712700053657240e-03
6.643367299330038686e-04
8.948633214161745737e-04
4.842147114180664477e-04
8.057008167255698926e-04
1.023067961529469444e-03
9.028372583166129756e-04
1.037123343396584426e-03
1.004130990035230660e-03
7.699564837310074244e-04
6.612307059112876046e-04
8.032054407891028956e-04
1.582610655934390707e-03
1.091914533621212574e-03
9.661763832470478264e-04
1.523980925446307777e-03
6.429557415536970959e-04
8.813222232712563308e-04
7.193206516631908210e-04
4.906822333144234341e-04
8.747916426034120854e-04
9.488484114464609603e-04
5.932276075901275064e-04
9.027905952130471385e-04
8.540145002821867160e-04
1.260155183910280233e-03
8.770868907343930482e-04
8.566683700883628329e-04
6.459792930674383487e-04
1.107102292387131216e-03
6.612188327920347523e-04
1.309396009037151667e-03
8.021334402700375623e-04
8.183974754078381011e-04
8.113001986092837920e-04
7.643765052701142560e-04
8.675739688317038369e-04
1.146158635227553053e-03
8.175646099818970319e-04
1.072751876013675271e-03
7.396742698461264073e-04
9.598234353096185946e-04
6.864880286977300284e-04
7.069702024952294762e-04
8.647028212630187075e-04
7.329859163828354078e-04
1.007522485120077851e-03
9.489951022649881478e-04
2.023754215682954140e-03
6.444521167748917334e-04
9.400991105803684425e-04
5.943476048032152745e-04
5.846350301945630115e-04
7.791314894094182293e-04
9.909574851920948269e-04
5.445107851640296074e-04
8.877979785164682221e-04
1.146404172640248624e-03
1.544076061947049182e-03
9.627242711907716419e-04
7.392269760697072097e-04
7.115663537257756232e-04
1.062264269970607765e-03
1.345128787979649534e-03
7.894494561210974991e-04
8.691994903920033421e-04
5.501002996833589476e-04
1.443526569080558816e-03
7.037529984088587145e-04
9.128600143241956226e-04
1.107471901010701008e-03
1.118375787677134249e-03
7.330950572758648375e-04
4.914981220927877462e-04
8.604027237257776779e-04
1.793638384705485310e-03
9.825617887428354357e-04
9.183460384440533938e-04
1.129755533364635743e-03
1.136319472666066444e-03
2.251238057284659245e-03
9.351307646979805559e-04
6.570087869905287840e-04
7.885834781622677375e-04
1.191717843728727633e-03
7.130970099572750149e-04
1.296824899067582559e-03
9.749318882957111378e-04
4.971489947792360814e-04
8.023043634053739302e-04
7.187952170626110953e-04
8.322165829484589163e-04
5.756726325827813502e-04
1.030051129355781005e-03
1.600865209752758058e-03
1.166796236829160558e-03
9.390445858502958912e-04
8.955348549800001227e-04
6.478230992311886493e-04
1.729717859358066885e-03
7.921705190327451955e-04
8.565824288685963900e-04
8.470792634103350332e-04
9.295962921679724140e-04
5.097721643778233350e-04
1.679760232946823917e-03
1.266201251828619374e-03
1.002493560055814793e-03
5.996154371862826840e-04
6.127141591565280062e-04
6.349706297737404276e-04
8.078700007502258654e-04
8.810651675967552622e-04
8.315714077724727137e-04
6.604729265222165349e-04
1.090700437385568738e-03
1.042376878973209128e-03
1.416988367103758518e-03
7.559008801281523211e-04
9.452744039860465092e-04
1.053215170853729092e-03
8.736880812752505958e-04
9.658182167682817249e-04
8.888809817167565939e-04
1.035655896470823482e-03
2.062515691853916613e-03
9.647083792970720427e-04
8.372130088243111366e-04
6.703563500363634914e-04
1.028840016835967349e-03
9.451935932914654233e-04
8.408732165372134098e-04
8.003832065298624367e-04
6.575075846838448427e-04
8.145347259981189402e-04
1.230281917458836720e-03
7.151083460672059229e-04
5.059028402659428939e-04
9.262860289028418317e-04
7.672604788689393711e-04
1.091923616526962798e-03
1.141454082427266264e-03
7.663913435283492689e-04
1.077106575303711554e-03
9.004648422796303906e-04
1.447342954211362385e-03
1.384845613234756811e-03
6.760727686573180266e-04
4.477459052005861896e-04
1.605386122320304589e-03
1.163292566691212634e-03
1.016900365844702458e-03
