5.850239833679955932e-04
6.935117513652795185e-04
1.057415835962937896e-03
6.280943353593759510e-04
9.171878147867629878e-04
8.247433479696981550e-04
1.352301399990832754e-03
6.112430880389253546e-04
5.275408786568080727e-04
1.620468343610014482e-03
5.097594372435041354e-04
5.902329225249826165e-04
6.057821702037343749e-04
7.075137742752809350e-04
6.595069174192324038e-04
6.199829689341527887e-04
4.721136666797125995e-04
3.363056697520267358e-03
8.340741683756453190e-04
5.645276392620851048e-04
5.825572489816685474e-04
7.659878216798041498e-04
6.039787861053373154e-04
5.404281669264274571e-04
4.169390624403726564e-04
1.966690872504418212e-03
6.341321998794246769e-04
5.099822042654534801e-04
8.287694636909105714e-04
7.235278167469902030e-04
4.333251434235662930e-04
4.539709558716024029e-04
7.056433754891192284e-04
3.720753225408696737e-03
4.328080289354708479e-04
4.671962465611824585e-04
1.154376551050076156e-03
5.585948584268777975e-04
6.849371148918600690e-04
4.176159794407159555e-04
9.970375974632916111e-04
6.614489542101582896e-04
6.929273327843315329e-04
1.395783498612069434e-03
4.917238532089402477e-04
1.082597677591992094e-03
1.009261170767342987e-03
7.396328769910937278e-04
8.405627422808120046e-04
4.988891146255411283e-04
7.162603893722997326e-04
1.430311187428659481e-03
5.850453711626076676e-04
4.443879013089493219e-04
7.239420853122556206e-04
3.546235504794864775e-03
4.823238926005904968e-04
6.578041021724645053e-04
1.577580503248295334e-03
1.490916279144137175e-03
5.848777497186058048e-04
1.083968158668629491e-03
5.775357148642830092e-04
1.846067170109306262e-03
7.592302968578503201e-04
1.146921798126701846e-03
3.242478404633626111e-03
5.167866655380619258e-04
1.427325684438373937e-03
5.570174037483595440e-04
6.189887496572101184e-04
6.351952387859038842e-04
1.203695245585262264e-03
4.834260084226093602e-04
6.973749820343739126e-04
4.939918337830415725e-04
3.546235504794864775e-03
6.267487883581979472e-04
1.237727520783648725e-03
8.729140732296418849e-04
5.829915249923285159e-04
7.322541155080818315e-04
7.783024208174234727e-04
5.765163952663607738e-04
8.083017549828331802e-04
4.889084285650093561e-04
4.538971621871458560e-04
8.659096011029507193e-04
4.645610177875532224e-04
5.451074162407959240e-04
6.377380624853509847e-04
2.010016094759815852e-02
5.382804942298187977e-03
9.700876616939367418e-04
7.491143038211591464e-04
6.821113685828084821e-04
9.468617277800394803e-04
4.901783726156472894e-04
5.722041946151143737e-04
5.609874684554458629e-04
2.575568046773724085e-03
5.225719965768797163e-04
1.248585073204357262e-03
8.269412483232627597e-04
6.188312020108913299e-04
6.133882009430409368e-04
6.888503225562633489e-04
4.750175174933021121e-04
6.672791518919146334e-04
6.445071355586699758e-04
1.065458915726473846e-03
4.735224405088993608e-04
5.558618140861834979e-04
4.549538199084534880e-04
1.075463122759710627e-03
9.240299135993358714e-04
6.387564997114836534e-04
7.404898136501123374e-04
2.253572162546326352e-03
6.351003353079609634e-04
6.716586181077554077e-04
5.272481118609314513e-04
6.741460157926813237e-04
3.583016839578173976e-03
1.147405628599568878e-03
1.124211511718170185e-03
4.887133007817795775e-04
3.546235504794864775e-03
8.221581410092984469e-04
2.088463000153697839e-03
7.991580966306705957e-04
1.192326714225462906e-03
5.900378576054193672e-04
6.074872883787862162e-04
6.639255478746757455e-04
5.985348222643077079e-04
1.295092747169582356e-03
3.546235504794864775e-03
5.608970477304103157e-04
6.163218999351412425e-04
4.187711711074702261e-04
5.874627042970438293e-04
9.037075469616408143e-04
5.027255850573627812e-04
8.314744810831635555e-04
3.848016882595492027e-03
1.073424396014496926e-03
5.274611280489681408e-04
2.839892703787618138e-03
7.227817236461659160e-04
7.017341854953868191e-04
4.839049494750251399e-04
2.138276628910084319e-03
4.644553728000338556e-04
7.707920094371192334e-04
8.666932194916804506e-04
4.697410707832165556e-04
7.273331100265241706e-04
5.259220152308135285e-04
8.876484120098293530e-04
1.865418181283654952e-03
9.610571667940243090e-04
6.461618200873945001e-04
4.137461136800051260e-04
5.404685731185923008e-04
5.216402800792608631e-04
8.033033762266698300e-04
4.444437847646981986e-04
1.843655709746815606e-03
1.130850559010908177e-03
6.817752970484097655e-04
1.063542684740104247e-03
7.009935757666010785e-04
6.316638113493590898e-04
1.060448211607013021e-03
5.094355731993131320e-04
9.155623078706949481e-04
6.142460243202561366e-04
5.844218282810786057e-04
7.470212445266599362e-04
5.721842107931930091e-04
7.116547632943966964e-04
1.385414882272093017e-03
9.940360019645177493e-04
1.102381042448137604e-03
8.588482423912705216e-04
1.286951425928963911e-03
1.408740148035293781e-03
9.946054101168555917e-04
9.024889722479099031e-04
6.377380624853509847e-04
7.196660494954629488e-04
4.292818478639377484e-04
2.386972486326187446e-03
4.535730094134798451e-04
4.753262300870922104e-04
4.035181038333162480e-04
5.622089656874646943e-04
6.023220037343485211e-04
4.630558516323639989e-04
6.160981423353395145e-04
8.102957557057932376e-04
6.469165313094664589e-04
6.551195231174298129e-04
6.999648603488936582e-04
7.336911158150845932e-04
4.879055492798993541e-04
6.040133718573392242e-04
1.180381202434024066e-03
4.311310022601478687e-04
6.721030228604757319e-04
7.537582093935300646e-04
8.297890714011175962e-04
4.541573549985221782e-04
1.267708160926470269e-03
1.269948510284684860e-03
5.404655199234213291e-04
6.832907199113891000e-04
5.532909525014056669e-04
6.931342558535315930e-04
4.545543062569668610e-04
5.777563379722624971e-04
4.658767330579630691e-04
7.710831646606240361e-03
4.869624830183798140e-04
1.395783498612069434e-03
1.101933306808105650e-03
2.097544223327004690e-03
7.002876052954253938e-04
6.425649667897543552e-04
7.683361265264027420e-04
1.203695245585262264e-03
4.003008129105827873e-04
7.375233962081959374e-04
8.150476341155639360e-04
3.626756750050988409e-03
5.357799517127335856e-04
1.511634857108573550e-03
8.256277731157487219e-04
8.415318887264730194e-04
9.487575401998602637e-04
5.902283121815048638e-04
4.358450651288684158e-04
3.351283013015443363e-03
1.206612484226625079e-03
5.022823374153369356e-04
4.262877107406079892e-04
1.102965785000280729e-03
3.546235504794864775e-03
1.326844871369074318e-03
6.752178782617462979e-04
6.072421221049753527e-04
1.045119619403635973e-03
2.329449367491717975e-03
5.424075928207242178e-04
4.591216836842863737e-04
6.340719074500793207e-04
2.027510569486128990e-03
4.509001123960698913e-04
6.920446261072482445e-04
1.158797036293368957e-03
4.589804926185768442e-04
4.352932252324094456e-04
1.531773668246914129e-03
4.641218430696357066e-04
9.829658974116316922e-04
9.858839504417972119e-04
9.556840196126108449e-04
4.224215091752162314e-04
3.546235504794864775e-03
6.375033726897977359e-04
1.270091906926717421e-03
5.515287543118734025e-04
7.225965469354148638e-04
9.138765815027817888e-04
8.373042296657280366e-04
5.036739213391010954e-04
7.644091932848465351e-04
5.179992331601927574e-04
2.411218065230401070e-03
5.708198185418247861e-03
2.360627030462275622e-03
1.424475448180076084e-03
1.990576884337685523e-03
3.942253029765464996e-03
8.292756261229792874e-04
4.264610723074043624e-04
5.978736922254929229e-04
6.601530037251988805e-04
1.216156254359745644e-03
5.368636525376576426e-04
2.684098322759447854e-03
5.795840652662329149e-04
8.188895959177079197e-04
5.607759273972213110e-04
5.113096558325298238e-04
8.003935715042723381e-04
2.040020646756074939e-03
6.101760716002757644e-04
5.906569940503773354e-04
7.848207839802237139e-04
1.304931769796495705e-03
3.232641024695933306e-03
4.446305816660031272e-04
8.489473498848561835e-04
9.865552122024889414e-04
4.035181038333162480e-04
1.180603081670556723e-03
2.823469336117957144e-03
1.421000552534447186e-03
5.520128221456219262e-04
1.667616138306518602e-03
6.798610480050591579e-04
6.389522786654361353e-04
7.828731940097774381e-04
1.012966115786103922e-03
1.917548706529588563e-03
7.978827813558829647e-04
4.249834877423386845e-04
1.963175720606679091e-03
4.578122569828259021e-04
5.934104049446506726e-04
1.184818626404140606e-03
5.025069612712887001e-04
6.213809342586725307e-04
6.759511442273871337e-04
5.125674375902985374e-04
4.671517749263133447e-04
1.025957330499868226e-03
9.929839965223544521e-04
4.678380413403655270e-04
6.888732351429240151e-04
1.060950711178845155e-03
5.634863128745609814e-04
2.234410029185167779e-03
9.027752851909613165e-04
6.189884402424083954e-04
1.247831133832469222e-03
8.618944626156313342e-04
2.282254934585689274e-03
4.647906339464594281e-04
1.130183119487446295e-03
8.330388788620970595e-04
7.075783255840013223e-04
1.026366564439703654e-03
5.714496364331801605e-04
7.319005383190571460e-04
5.413418402435546178e-04
9.075251112972834103e-04
4.793216636945461535e-04
7.489124658156268632e-04
4.926078091520044548e-04
6.935006847518869174e-04
1.023840301719721943e-03
5.733224017946610433e-04
4.486810698408511835e-04
6.260860924552272668e-04
3.948862760820757122e-04
1.295440919651950212e-03
1.055337830668279762e-03
6.918160721445870080e-04
6.905099216156001998e-04
7.001388915040127536e-04
1.232480345164232906e-03
1.588192135452210418e-03
5.118076882612840935e-04
5.745627226414262234e-04
5.954276647463118593e-04
1.105828481659183998e-03
1.692178223050128409e-03
4.787042427544765033e-04
5.353704696172245214e-04
4.726425971838735382e-04
5.765861272990802653e-04
6.756442042231326382e-04
4.364679098803459986e-03
5.381984054014706800e-04
1.395783498612069434e-03
6.057546937798511831e-04
1.140530829359705104e-03
4.515622031047651272e-04
5.994765442184111582e-04
1.374774951153545080e-03
6.766374274305590525e-04
8.310452373035074475e-04
1.013765542788713737e-03
1.048896318233689950e-03
7.292404612458881948e-04
9.364843419238746448e-04
5.960045688448538381e-04
8.819629870602990794e-04
7.570719561070368610e-04
7.428157244322454965e-04
6.374433681894350109e-04
3.546235504794864775e-03
7.439467112678125466e-04
4.486634985476320209e-04
1.450054029419828435e-03
5.565342384798227168e-04
3.174577536339404787e-03
6.655899811491730426e-04
5.062699611769814860e-04
8.412659878771603945e-04
5.597335216615008640e-04
1.335128916256659399e-03
7.411981510017598028e-04
4.593429948916932879e-04
1.265097766500618151e-03
7.844454184896057503e-04
7.180375910545185167e-04
6.265097687566021332e-04
1.265787797702089268e-03
7.116914525281735435e-04
7.370374781930568320e-04
1.614899135042821045e-03
6.142707261012918165e-04
5.211165947371184564e-04
5.457148835271157135e-04
6.915913113072955608e-04
7.975174376531081726e-04
4.651055851884138936e-04
1.395783498612069434e-03
1.558072790165991421e-03
5.902252536337960348e-04
4.505711373765472374e-04
1.223176842174188757e-03
5.603951721985616068e-04
8.604612489174493428e-04
4.693760717598453262e-04
5.306797919608114301e-04
4.818417266459909336e-04
8.033099008537712346e-04
5.908181057069329060e-04
4.921293217887199147e-04
4.671517749263133447e-04
8.891718557309088913e-04
7.498794233515202433e-04
7.160788441705219888e-04
2.669586957629905329e-03
5.981526057169040582e-04
5.815555774039417010e-04
5.785878946639058749e-04
7.727360669866852917e-04
5.352103932904318448e-04
7.517299620396518519e-04
2.428346354877033639e-03
7.906030251133783562e-04
5.675422811970519529e-04
7.253131478244317313e-04
4.706458639592798815e-04
1.789105539519449551e-03
5.000003561768463821e-04
5.607545172885964029e-04
6.909880517294558072e-04
1.022077358982777890e-03
7.230198210311569989e-04
2.367186381012014763e-03
5.337679179232690660e-04
1.499233760187154750e-03
6.530211249760829164e-04
6.172505002035102994e-04
5.368636525376576426e-04
7.632370101086743660e-04
5.024006091755134872e-04
1.676929903126100907e-02
5.447736825257668307e-04
6.410989005476006768e-04
4.457837452347323745e-04
5.891736320509415514e-04
5.312669545656816721e-04
6.328676462564991178e-04
4.615204627156589061e-04
6.907126495229416263e-04
5.444040091112041556e-04
6.383164941471483221e-04
5.698608992641330433e-04
6.858560208907471274e-04
7.081478604324844932e-04
3.888446120794448058e-03
5.297064145462788282e-04
7.628764631668799633e-04
9.368814837501640352e-04
3.293398417182969058e-03
4.526873464781613855e-04
5.477842052203235352e-04
5.727187766813567624e-04
6.091782763362185976e-04
4.013576329796268022e-03
9.390995290687440987e-04
5.309479847268187879e-04
5.324971412444108555e-04
4.577681179828015437e-03
4.398941491181543751e-04
8.966376039799161439e-04
8.416435981086343348e-04
9.293943697152743993e-04
6.285518901923645716e-04
1.421954219943863049e-03
6.768498832441412205e-04
8.284356141728420114e-04
5.771184132361563933e-04
5.902283121815048638e-04
1.077035053255106546e-03
6.536998856228619283e-04
7.092106988084779292e-04
7.712673757006237828e-04
9.996750615560749068e-04
1.020662238243601151e-03
4.350172640613769303e-04
7.597311562925481657e-04
4.427572055806465847e-04
5.120345662308538413e-04
6.444061230990667842e-04
4.499025963696763695e-04
8.674841330002689647e-04
6.929273327843315329e-04
5.014427252663378187e-04
2.975736664177091890e-03
8.194440177492915214e-04
7.875404672224820424e-04
4.434935786915172764e-04
6.137307533046614276e-04
5.912670574875109834e-04
6.517945277259191983e-04
2.297834266785381014e-03
6.459194592540123221e-04
1.048896318233689950e-03
3.013772666652613386e-03
6.312165615083287478e-04
4.444350952570767723e-04
5.014684983522966349e-04
5.074222735900879707e-04
7.717420501007934801e-04
1.136125351662309498e-03
1.839084561653522463e-03
4.880651621836848680e-04
4.860931397581694973e-04
5.221083866575359275e-04
1.034031138625514205e-03
4.981441153251149698e-04
7.383073776632031234e-04
4.740445308245309409e-04
1.097727242013708067e-03
2.287140119551851931e-03
1.400862808395330174e-03
8.988562341142367464e-04
5.022714100021242545e-04
2.007258651120550318e-03
6.727093170810502856e-04
5.715401559425292276e-04
6.751413405896510792e-04
8.366151634499251156e-04
6.844932316400127205e-04
5.910677943303172584e-04
1.107588713254272546e-03
4.374310416324807271e-04
1.039429388745141247e-03
1.395783498612069434e-03
1.305736686481995864e-03
7.679398362194683790e-04
1.429938376624162151e-03
7.851111251913894936e-04
5.376676552114107626e-04
4.077772660821679727e-04
7.564192073677457329e-04
4.360507980312772918e-04
3.546235504794864775e-03
4.999788958515860452e-04
1.174361575233595417e-03
4.674414194459193756e-04
5.546108767948403767e-04
6.023598333194910047e-04
5.804347464817727776e-04
4.205651213018381175e-04
7.913601100399282997e-04
7.145373024739919317e-04
8.100751518932960624e-04
7.309186465511712145e-04
7.801552613428125579e-04
8.814675747283955533e-04
5.686547173748410971e-04
4.959409067353752042e-04
4.417153001695264640e-04
6.056486127299099678e-04
5.617373275533634261e-04
1.395783498612069434e-03
5.927727686195515596e-04
2.029603920178039717e-03
1.447844027887107985e-03
5.870818413392230473e-04
1.593174895949792591e-03
4.741113679295753578e-04
1.148132631711041175e-03
6.771848758174153901e-04
1.347416687903501024e-03
8.843458915612896704e-04
5.780360384859388077e-04
6.636796921823018454e-04
4.250371178514636417e-03
1.460169184952706239e-03
5.863386424914384656e-04
6.909880517294558072e-04
8.311046163046286860e-04
7.630728229648882192e-03
1.651597521186018479e-03
4.685589096540127008e-04
8.666633589755541904e-04
8.508160111639433663e-04
1.118756950163757400e-03
1.235764774676736261e-03
5.579082714140662152e-04
4.794999322445223935e-04
4.921462099964821722e-04
5.472060872812689689e-04
6.353532304448394940e-04
4.764766010812785378e-04
5.724004882910066223e-04
1.073424396014496926e-03
3.993972046460505512e-04
5.134365924249573252e-04
8.160666056166333967e-04
6.870742863361054085e-04
6.935117513652795185e-04
8.502729516902572064e-04
1.100256756039534991e-03
1.894047827878940363e-03
4.752349312664237821e-04
6.418738499687281574e-04
8.665644867227402428e-04
6.231734705859894247e-04
1.213002115511326549e-03
5.382923140857304081e-04
4.678455296804767162e-04
4.176990716735105511e-04
7.949231279344822409e-04
9.809122528925682313e-04
7.119692992880588675e-04
1.668072160460418217e-03
1.065487977202444776e-03
1.368952416941570131e-03
8.242782946608992077e-04
1.101275437497896935e-03
6.771848758174153901e-04
8.270585172021995609e-04
5.401042247371318087e-04
4.676849146533820626e-04
5.951196478323471937e-04
4.800014182236824389e-04
4.483833422625505558e-04
1.280250648205920067e-03
4.694787038252822963e-04
5.846966833672721667e-04
1.132976546080364253e-03
8.003653863060810215e-04
6.412269919782276990e-04
6.584116411276194408e-04
3.546235504794864775e-03
4.186209657467816715e-04
6.891434696348341937e-04
4.803205209706273241e-04
9.315743250108898463e-04
6.137210822096461149e-04
5.775185754555903607e-04
8.433439714388667185e-04
4.848857068308063453e-04
7.895999680891738074e-04
7.184229859291505231e-04
5.950924248713567117e-04
5.630484884867403362e-04
9.117689427496034017e-04
6.410685778565053308e-04
4.590108037509342282e-04
1.148068401723244432e-03
5.290304820992948335e-04
8.464286317319368166e-04
7.196887408215337954e-04
7.867275151345795017e-04
1.343592757871513816e-03
6.494845209287714504e-04
6.662924059241627419e-04
1.500352845409663868e-03
5.021775008244012918e-04
5.846966833672721667e-04
5.115172380268363751e-04
4.197888092947645445e-04
4.797483533322961487e-04
1.409250235323304375e-03
5.442834052056317500e-04
5.757612538259802458e-04
7.583877886418460704e-04
1.187188023623480821e-03
8.131453186422706991e-04
4.897914502242701378e-04
2.798785285506038764e-03
8.366313646429939747e-04
6.105547823422814756e-04
9.493107284192131611e-04
6.536823123972331298e-04
8.273526286291291686e-04
7.169963504887068685e-04
6.325942528089435876e-04
6.815221391882615547e-04
4.722054813494336832e-04
8.016879454761773136e-04
4.207908850335463830e-04
5.197770571588295569e-04
7.366769412745646046e-04
5.287883464158908524e-04
8.098216999607333200e-04
1.469163440473496762e-03
7.805531204096800759e-04
5.594414154135282690e-04
5.337783210731272300e-04
1.094203191843098671e-03
9.472954964410238311e-04
7.327820879092364955e-04
6.913047352446563976e-04
7.975801902269315279e-04
6.203285564721997686e-04
6.970459820266237342e-04
6.034532402596809626e-04
4.851442783981394099e-04
5.458658643727739646e-04
5.161808423752947163e-04
8.631630971893101099e-04
6.712700034032445529e-04
5.138388553764312210e-04
4.742224288711991884e-04
3.106837932796822303e-03
6.514092041529060979e-04
6.698188530343998203e-04
8.259545509661144749e-04
5.094355731993131320e-04
1.520649629691393648e-03
6.141897851325734412e-04
5.887934067195318586e-04
5.971629931790898996e-04
1.012966115786103922e-03
3.942253029765464996e-03
5.357862044200882882e-04
9.965660665256234965e-04
2.090613059036872459e-03
8.713888197318964482e-03
1.283779905382055435e-03
1.213381770984420759e-03
4.458860103331548975e-04
6.241943372130449299e-04
5.303030822191796877e-04
8.045178917820093849e-04
4.374173769581398362e-04
1.681245192361018439e-03
4.392162734474230478e-04
7.339164447335875608e-04
8.213757238167110515e-04
7.437058012102500506e-04
4.999123693914066030e-04
6.967192715970854742e-04
9.797202995585100552e-04
1.544873273424444970e-03
4.474469260503863288e-04
5.025069612712887001e-04
6.831471046612395785e-04
4.617610551516377997e-04
4.533031906157686730e-04
9.876961317141206599e-04
1.190997673946737672e-03
5.076649250587330752e-04
5.015579502187855147e-04
7.525824684885632767e-04
5.378983808097502484e-04
1.297051187720698598e-03
5.884459337051973007e-04
8.386609589325521490e-04
5.414456313983266253e-04
2.177818608961924925e-03
6.392372626042770473e-04
5.213980407904205859e-04
7.847744266861111581e-04
2.091221381948226831e-03
3.363056697520267358e-03
4.428239607356695257e-04
7.924482663634361494e-04
5.970514668994738629e-04
5.331978508227735742e-04
1.007772073342943359e-03
5.430772950372001742e-04
6.478078245026819759e-04
4.342738894126913309e-04
6.998602868088964679e-04
1.125916512899957775e-03
1.213002115511326549e-03
9.725715144236352907e-04
9.037075469616408143e-04
5.956272822463602300e-04
6.989404092848336717e-04
5.372928983929966922e-04
6.573264821879361329e-04
8.091593588008366396e-04
1.315652168528080868e-03
5.295859186125409122e-04
1.850162829308130662e-03
5.585026802205083924e-04
9.188879061737059099e-04
5.370911475511725179e-04
1.095848087675187600e-03
7.007074881641396028e-04
5.649225448235845048e-04
4.353820251720614837e-04
2.321867141954407458e-03
8.939283711432131647e-04
4.847071267564320306e-04
6.450985180610918374e-04
1.216971029196076831e-03
1.166957200134952164e-03
8.610595178796571917e-04
1.655637207565661875e-03
4.620527331202022546e-04
9.804140408747113664e-04
1.303954855682318585e-03
1.214088799146517943e-03
5.998388696577861045e-04
7.089719431212525074e-04
1.138311223203898647e-03
1.272117028818043347e-03
6.128716305250931501e-04
5.137628372734196142e-04
3.626756750050988409e-03
6.474499006230146703e-04
7.349110883967775124e-04
5.817934998393434632e-04
4.773207099326011948e-04
1.342237377175536928e-03
4.291495093468230540e-04
1.395783498612069434e-03
4.249834877423386845e-04
5.649144936777096256e-04
5.153735809778876116e-04
1.369791320620597323e-03
8.898659225861625145e-04
1.196492579467722025e-03
5.099163094357602333e-04
5.778195868376609628e-04
6.153518988866103117e-04
5.778834759589531953e-04
8.807987745750353158e-04
8.549355297195801841e-04
5.620603129290178447e-04
7.123592143255321222e-04
6.050746759706286887e-04
1.008983347050109759e-03
7.810408192202727713e-04
5.283435161471617065e-04
7.288287030137557661e-04
4.638995092267329768e-04
1.432220188619134308e-03
5.231746531477740950e-04
7.717968076611260702e-04
9.586870665677001959e-04
7.780411481450080205e-04
6.580694911473487611e-04
1.316133450231301606e-03
5.837748481522981887e-04
1.365237224353612342e-03
5.200323507953606662e-04
1.143699631706571792e-03
7.857780012531726931e-04
4.481337369001312746e-04
5.157489738815001926e-04
4.800678725222488246e-04
7.603569034265493997e-04
1.304931769796495705e-03
5.223401080288998886e-04
8.321969599143199054e-04
5.465694844722633096e-04
9.683321984014581565e-04
3.232641024695933306e-03
8.082881027010510025e-04
1.064220099206078084e-03
4.642338645328354966e-04
1.395783498612069434e-03
8.831551328550756247e-04
5.783920574309286662e-04
7.729409028443558725e-04
1.535857462332724686e-03
4.106369192404051255e-04
9.667662163914180016e-04
3.626756750050988409e-03
6.181483988964256611e-04
1.277115201621828282e-03
1.201318214309622830e-03
2.868619252068988715e-03
8.490519500052443654e-04
1.210082897679503125e-03
9.638844546352421348e-04
4.428118889094150826e-04
4.182230854243938604e-04
1.335506136283351334e-03
4.800678725222488246e-04
7.679792396694289569e-04
8.008535952972070616e-04
8.540585795410954393e-04
9.878332393168604095e-04
5.652169158765537466e-04
6.594700093666925342e-04
9.207772724556038783e-04
4.387452917941440109e-04
7.564192073677457329e-04
5.229475476911929141e-04
8.259369198869464428e-04
5.289875986266753252e-04
5.054116548215743408e-04
9.358904525813551908e-04
1.349649519123233971e-02
1.148132631711041175e-03
1.632762989048277798e-03
8.364014272839310734e-04
6.499466051448675799e-04
7.278866082810569972e-04
6.606371163988773504e-04
6.204909745693756298e-04
2.686500991415279385e-03
6.450442847125791414e-04
5.736065800617929202e-04
7.876271331675607995e-04
7.199480879446709539e-04
4.407738847575642938e-04
2.074630268515477698e-03
5.125658148339962659e-04
5.503385610570985008e-04
7.795191634358745363e-04
6.048491083474517470e-04
4.764146268539733880e-04
6.617777441231281364e-04
1.357141595066362798e-03
1.124675193300109103e-03
6.013463772207204789e-04
5.534384275987286241e-04
1.339823710157481401e-03
6.225626696498154236e-04
7.614875122232850910e-04
5.520963121086027098e-04
4.277669249728929270e-04
5.294132777394239698e-04
9.501472209434601779e-04
5.197770571588295569e-04
1.655637207565661875e-03
8.802579006297394726e-04
1.013218937935226422e-03
5.520358076617895354e-04
1.009089483510496954e-03
5.652169158765537466e-04
1.124059490588266144e-03
5.841710963677106605e-04
7.793781754821087204e-04
9.220277796414782893e-04
4.404818639752051262e-04
4.697280038741058830e-04
1.764071810297763001e-03
4.466247978818503909e-04
5.631852189591993055e-04
8.236208967938044240e-04
9.603549858155241165e-04
7.296663757487615492e-04
8.748434495318191438e-04
9.258344094445288995e-04
4.651341144198345239e-04
1.604114896403307285e-03
1.230621321096554395e-03
7.713261297742037741e-04
9.996750615560749068e-04
2.383790939714892487e-03
2.417557773921736024e-03
5.920053024288028610e-04
5.831813147819660086e-04
7.598822017293400738e-04
6.206465984360913513e-04
5.980030222211748245e-04
4.580460529111113495e-04
6.751102132767092603e-04
1.245959063402359360e-03
1.083968158668629491e-03
2.531460227742482558e-03
6.759344853353695462e-04
1.516622584501345350e-03
7.275011091246551395e-04
5.675566989995583069e-04
1.655637207565661875e-03
7.636875813150558606e-04
1.102977582177076506e-03
4.590639922051389650e-04
4.782137908655732903e-04
7.540035855509721278e-04
1.192326714225462906e-03
4.689376990779416934e-04
8.105562844550341086e-04
4.469060359158410546e-04
4.306899366827653098e-04
2.369847445018608782e-03
6.068696207063255374e-04
1.148231292669551996e-03
