1.334756370656954738e+00
1.449006366417868508e+00
1.524737370688134863e+00
1.350024764935412236e+00
1.411508675682150216e+00
1.350376720570733990e+00
1.539801891727028194e+00
1.556651924903035278e+00
1.549887627745288210e+00
1.314702667245122747e+00
1.543314898156961545e+00
1.212947602707414640e+00
1.566903061048863011e+00
1.419718996787240339e+00
1.255004612240230744e+00
1.551178726226466686e+00
1.508325066714988782e+00
1.451853483605269668e+00
7.435853118057182964e-01
1.493456682460020613e+00
1.559369433138712457e+00
1.410510704887260269e+00
1.546539145283904348e+00
1.532179721072635781e+00
1.278865387280466726e+00
1.551226005726904056e+00
1.263760160386558917e+00
1.526807862436384777e+00
1.293029500050734582e+00
1.321438695591199863e+00
1.536151083987106203e+00
1.205096149011170015e+00
1.488529663569942096e+00
1.453613312789311829e+00
1.553830062755779950e+00
1.373832068170448562e+00
1.385350930481043852e+00
1.374500634887836359e+00
1.566412412015246947e+00
1.542572045413028725e+00
1.566532693478057237e+00
1.121048894749827607e+00
1.387450492329367568e+00
1.367038844294251376e+00
1.492210420070224641e+00
1.483504207859458912e+00
1.418502857825736596e+00
1.374728709507892166e+00
1.186222289608431568e+00
1.526873193286872432e+00
1.546487192870630523e+00
1.245865157743862417e+00
1.525286757814513727e+00
1.551024430504460705e+00
1.566895574271576663e+00
1.387820685337578075e+00
1.088037356114520016e+00
1.384040929637254447e+00
1.511572700566743199e+00
1.500948686379523611e+00
1.503082710809246825e+00
1.478714993025895375e+00
1.451867105292940607e+00
1.274502041328205770e+00
1.154942900885230328e+00
1.415590072100926022e+00
1.456002330285092627e+00
1.496626165526979246e+00
1.527140156979464702e+00
1.462950487189176751e+00
1.438225815664176510e+00
1.493179237732744413e+00
1.406220962069539837e+00
1.346481570368929681e+00
1.409238710879991752e+00
1.481752242563483701e+00
1.513744788117756368e+00
1.058631571672843386e+00
1.395986745940421159e+00
1.536511881498660026e+00
1.368397044834298804e+00
1.477107395294597669e+00
1.393738862953610047e+00
1.541867398467460015e+00
1.364204576178081663e+00
1.369131087268796509e+00
1.529569726318737777e+00
1.473997854282696807e+00
1.440753165825783944e+00
1.467872355974363163e+00
1.507816684053408851e+00
1.555923752333205456e+00
1.475395737807310148e+00
1.312790489095863711e+00
1.327217604646625748e+00
1.326635618009960105e+00
1.536029547822145291e+00
1.523660076077506975e+00
1.532197294431842716e+00
1.341047561999069382e+00
1.523478142263140711e+00
1.547387496819908392e+00
1.357385368835495321e+00
1.538447856237792344e+00
1.365834232964744155e+00
1.438031677386486074e+00
1.434123930190381202e+00
1.454595813869038912e+00
1.365936620228975773e+00
1.535774308163876611e+00
1.415212785859938371e+00
1.455218617088558819e+00
1.503068659109690453e+00
1.465128305062588510e+00
1.342421509220414366e+00
1.519727819889658216e+00
1.303023825547581893e+00
1.552044681274783011e+00
1.370905561337636192e+00
1.509221206424158801e+00
1.334357263146505268e+00
1.441839143782822630e+00
1.438125682899885849e+00
1.268198688651242634e+00
1.132702805685406489e+00
1.498430681532930020e+00
1.551409057585673157e+00
1.395847347315898102e+00
1.272510651924434910e+00
1.532803512228696485e+00
1.549666601481747508e+00
1.543690268950363542e+00
1.469671153024631138e+00
1.451128690388347797e+00
1.259266385696884649e+00
1.472472918799293318e+00
1.563533850696387395e+00
9.440158899353445765e-01
1.533038302061770386e+00
1.565719994612979837e+00
1.535708470067976616e+00
1.440095411274329162e+00
1.432090647142535644e+00
1.538778137924877942e+00
1.563041827477046564e+00
1.384273721814716529e+00
1.511041107265649108e+00
1.137571094701819163e+00
1.372068106520316411e+00
1.512389410987279748e+00
1.074825734288011647e+00
1.387619262548403620e+00
1.563776902765783960e+00
1.539389504955361643e+00
1.226581085321124531e+00
1.346281495638002923e+00
1.514643143381635193e+00
1.465052384785645145e+00
1.353531516499682841e+00
1.396376301364711470e+00
1.452020237691449500e+00
1.481986811030004958e+00
1.271719162208816867e+00
1.218946176468344467e+00
1.349062121614590160e+00
1.209303544085553961e+00
1.522580544699628113e+00
1.397848988511343871e+00
1.390363972489198741e+00
1.504937745990210463e+00
1.535708470067976616e+00
1.485578021607774524e+00
1.212373468145149014e+00
1.525708227364384717e+00
1.530287276389181939e+00
1.297953519591160676e+00
1.538779123196083010e+00
1.414486942116917279e+00
1.561501700188914654e+00
1.462824126931408619e+00
1.524995175726272079e+00
1.096554879670027072e+00
1.373052973113405129e+00
1.322241655515238312e+00
1.553701746894418090e+00
1.486320228898678542e+00
1.425618612192977697e+00
1.505840108269934863e+00
1.205605094859447890e+00
1.399884798537630148e+00
1.551024493294639983e+00
1.419963270235078179e+00
1.063905612575189563e+00
1.410692995208418399e+00
1.560760886374230383e+00
1.177498339362465174e+00
1.526088120360249878e+00
1.516652469220650445e+00
1.551409057585673157e+00
1.557170375651896199e+00
1.531340802417269220e+00
1.350157538657700051e+00
1.473703925336407705e+00
1.505077015730338807e+00
1.502703617442296080e+00
9.793937378227600687e-01
1.315078414204205570e+00
1.311064906883716796e+00
1.539628114071669662e+00
1.488864830791641225e+00
1.443450275944947681e+00
1.464575155905652348e+00
1.204433975191520956e+00
1.364004448345871090e+00
1.210407193588947994e+00
1.274419186105643309e+00
1.526936454311368596e+00
1.457314047838812687e+00
1.328357611977484698e+00
1.521167979486779842e+00
1.492440795714513380e+00
9.069623355357808725e-01
1.453773981302121321e+00
1.389434197139963967e+00
1.424753666660819373e+00
1.545785219652190179e+00
1.448418132809235370e+00
1.479656482144108498e+00
1.537419542225014091e+00
1.394217078737974180e+00
1.344721879337246850e+00
1.551024430504460705e+00
1.485643640743977256e+00
1.100150564111768592e+00
1.471165554533307551e+00
1.510978368038506936e+00
1.403944731033788029e+00
1.358183621378934003e+00
1.490744933474098532e+00
1.449256960182129239e+00
1.564669199980697867e+00
1.507816684053408851e+00
1.376955858511524022e+00
1.376409482590088773e+00
1.503079818328128425e+00
1.564404232451782173e+00
1.544421753767814653e+00
1.437100916853495614e+00
1.202964572971839452e+00
1.168574491136303406e+00
1.250069852336624709e+00
1.521314301537519675e+00
1.555616145178217335e+00
1.550488921719300972e+00
1.186564243908749372e+00
1.461692315171930101e+00
1.362117076271463834e+00
1.111794401827801426e+00
1.559044941700260090e+00
1.424217944000122360e+00
1.559620335069710428e+00
1.538012903896752048e+00
1.563543629279680491e+00
1.544726513681127456e+00
1.522121920344502444e+00
1.396110086718550525e+00
1.550977136445039983e+00
1.398775946909008860e+00
1.473854164464455163e+00
1.433961741114550881e+00
1.529367324777593629e+00
1.556853902915925625e+00
1.477731269847826434e+00
8.889244440880013087e-01
1.437100916853495614e+00
1.561078662053104082e+00
1.437018362480338096e+00
1.521734665279110610e+00
1.525934289263147559e+00
1.534321134621112970e+00
1.475050570239427650e+00
1.520659881114720058e+00
1.466867072340215294e+00
1.468617330977303626e+00
1.424482687278334936e+00
9.769848629572326359e-01
1.275248243647081559e+00
8.143139051068455370e-01
1.215308806671683950e+00
1.486307529582262088e+00
1.294173875359611703e+00
1.308672202516655503e+00
1.548715679572471915e+00
1.550519579823675276e+00
1.515792841931637769e+00
1.464004035534540282e+00
1.520922485661845958e+00
1.542406400172143588e+00
1.465368418725305988e+00
1.542535557400271262e+00
1.379304633600206165e+00
1.529758635524435473e+00
1.518115017998334260e+00
1.548070944624797329e+00
1.467664871682328620e+00
1.513348604562244404e+00
1.177043772032610569e+00
1.533739943466016165e+00
1.457210595817532539e+00
1.487523968285878517e+00
1.565046759739188609e+00
1.504475021160680992e+00
1.378155153663297217e+00
1.532298444741177157e+00
1.508611765779484193e+00
1.518302763609163053e+00
1.544428335656683249e+00
1.349419307213452379e+00
1.462887470179786042e+00
1.552111171591572747e+00
1.235716776144690776e+00
1.338945576175826879e+00
1.556745949184086930e+00
1.447161523791696824e+00
1.516706127646818114e+00
1.154387952235984560e+00
1.215913911817113613e+00
1.421051629565759589e+00
1.088498418237767718e+00
1.310066247054719968e+00
1.463696724884236966e+00
1.292367930036407708e+00
1.563200658785606212e+00
1.516852116121887084e+00
1.154781856903395632e+00
1.344030858828243469e+00
1.311552613048878380e+00
1.488389243993142319e+00
1.511521489808034246e+00
1.440282550062001343e+00
1.509300506082528859e+00
1.548860011181405039e+00
1.560831826803461331e+00
1.559839376447241133e+00
1.474309525385737674e+00
1.527211124739958681e+00
1.472016404877565909e+00
1.338078409833079352e+00
1.549758181119012201e+00
1.497341329168824231e+00
1.443847421518731799e+00
1.506710987898221221e+00
1.414467425079016127e+00
1.538389521232571777e+00
1.435145500272366093e+00
1.514005168220974307e+00
1.429151748950770129e+00
1.559745149532957065e+00
1.294481409824836948e+00
1.487315287005168463e+00
1.544421753767814653e+00
1.269963783797890322e+00
1.562124433210046348e+00
1.529618793005570909e+00
1.479436841759304677e+00
1.058631571672843386e+00
1.451899186423253330e+00
1.500948686379523611e+00
1.324894807195905688e+00
1.401273524051551922e+00
1.480095787338877145e+00
1.463859459755803005e+00
1.520861945373032098e+00
8.120939876998987117e-01
1.421326705887550723e+00
1.510836405275159944e+00
1.523132716894935346e+00
1.547406501938222156e+00
1.339889910091442315e+00
1.231693256691748450e+00
1.291015445637088810e+00
1.469594135505787547e+00
1.212537137999048165e+00
1.412291053180980249e+00
1.085075213077147493e+00
1.466984158807095762e+00
1.530214743683169232e+00
1.508087110374858764e+00
1.285374433209080625e+00
1.525807398490044431e+00
1.475050570239427650e+00
1.312871245952479615e+00
1.307515643127667770e+00
1.549571216436613552e+00
1.476398404420609545e+00
1.378340975268076418e+00
1.431574607781594288e+00
1.435444092952633977e+00
1.485065230472214948e+00
1.527664617493788679e+00
1.565562438004789225e+00
1.456307445809552625e+00
1.561808717134579139e+00
1.430530606344555533e+00
1.300145574100785240e+00
1.540667652971489554e+00
1.556269471178141073e+00
1.548160698243597810e+00
1.552511074725699380e+00
1.512087951520283191e+00
1.302346534108146159e+00
1.465254001351395274e+00
1.443165884196428772e+00
1.518077713778832605e+00
1.529992254036551591e+00
1.529796562624291534e+00
1.483826200293742570e+00
1.525512188712568884e+00
1.311087075743016639e+00
1.340091274125345011e+00
1.443790268394181231e+00
1.010830571996139016e+00
1.520068265536854923e+00
1.549076096274898839e+00
1.447156658358123238e+00
1.498177246671309470e+00
1.444605271031211835e+00
1.300304509037775613e+00
1.250500348730219091e+00
1.443141466814466423e+00
1.432090647142535644e+00
1.527513102442469961e+00
1.452551660034971492e+00
1.545485203519079143e+00
1.398701184265680464e+00
1.498640405902619044e+00
1.563533850696387395e+00
1.265850324625060530e+00
1.406204800912615793e+00
1.441339206518350347e+00
1.336094461506500242e+00
1.512471306550359884e+00
1.533547990282565721e+00
1.356945521802799703e+00
1.531386355861560578e+00
1.232988366848537742e+00
1.438467755571309459e+00
1.346623513646345138e+00
1.484796062454503796e+00
1.266324955876833025e+00
1.260445315321959248e+00
1.327000034020893615e+00
1.525699268861991031e+00
1.331742115952211369e+00
1.362834385607538223e+00
1.407387616877078695e+00
1.497855709085609721e+00
1.435853472996921676e+00
1.554709186210670557e+00
1.288698679536713909e+00
1.363609350638075535e+00
1.336094461506500242e+00
1.408928125616516702e+00
1.359334609938106286e+00
1.526768132656203258e+00
1.239172503537015135e+00
1.548108385913673501e+00
1.371284482278089190e+00
1.374090151654013603e+00
1.558400279505615105e+00
1.447161523791696824e+00
1.519334177232660066e+00
1.406875255009384595e+00
1.523809179410814174e+00
1.516068193899204664e+00
1.563194108277544903e+00
1.311087075743016639e+00
1.340421878348069251e+00
1.549076096274898839e+00
1.480596754729588405e+00
1.327430266154088212e+00
1.529615577181883346e+00
1.280971542981788946e+00
1.095235637228524794e+00
9.504346579885769586e-01
1.423991561599406763e+00
1.406281347720375940e+00
1.135927236026097020e+00
1.562405571531119142e+00
1.539818918530369452e+00
1.407212515267921127e+00
1.427811973281842395e+00
1.445073213720187599e+00
1.297707031899308916e+00
1.468805958505118969e+00
1.216392286835725534e+00
9.912729307253934641e-01
1.309893195963013346e+00
1.439453115848372322e+00
1.324232279370756382e+00
1.501817505271644482e+00
1.500125360486523229e+00
1.466949907558176225e+00
1.486076166516271169e+00
1.533235200349348570e+00
1.478529438176371169e+00
1.505800336952408891e+00
1.446428576438935298e+00
1.508393076969988478e+00
1.506774193676413187e+00
1.377742452528043504e+00
1.523180280483938054e+00
1.551766918258610461e+00
1.441075120027374368e+00
1.547072208535366755e+00
1.436698904090172091e+00
1.487248735335624739e+00
1.565901918024169781e+00
1.359515688838020653e+00
1.503912254822394878e+00
1.427675021012833056e+00
1.535707550903812946e+00
1.415809229639609201e+00
1.368486484039057816e+00
1.245420257102129558e+00
1.376071617141886749e+00
1.530408985112801101e+00
1.455427346443095571e+00
1.345963049285554991e+00
1.565464434952214878e+00
1.521878981161813638e+00
1.321830645768306001e+00
1.493537144430525876e+00
1.476733946496953109e+00
1.466076488819743950e+00
1.216267056095917010e+00
1.454599155061873095e+00
1.332535555007565042e+00
1.373727409663834997e+00
1.545329551098949317e+00
1.497986646899879704e+00
1.482872633383495398e+00
1.267947582066070389e+00
1.520196192505268273e+00
1.315243731905958890e+00
1.466370735363557998e+00
1.551747161323785207e+00
1.298191452149806135e+00
1.468719340149198693e+00
1.469103467978325028e+00
1.499319066177271509e+00
1.198619144103183709e+00
1.356110953766963112e+00
1.497055425752654934e+00
1.556489269123590979e+00
1.385054043067510676e+00
1.426840744857078791e+00
1.560760886374230383e+00
1.447156658358123238e+00
1.437645725386088369e+00
1.548061076321869844e+00
1.508870588408552260e+00
1.557142867639326411e+00
1.533677658002182254e+00
1.396021351676122180e+00
1.535304208657978675e+00
1.201039509975730057e+00
1.482755824002153666e+00
1.513863645127800028e+00
1.488404431182394294e+00
1.531004612315547631e+00
1.566903061048863011e+00
1.488717285910650334e+00
1.493263681154091804e+00
1.510712795254027796e+00
1.471761995421791092e+00
1.088498418237767718e+00
1.543652948809341785e+00
1.557162603542385781e+00
1.376568396749960677e+00
1.183041082445940528e+00
1.352564023133186355e+00
1.259884228078035573e+00
1.431228787326700669e+00
1.179889215101305844e+00
1.376143855697144591e+00
1.484984244994820513e+00
1.467865247249129812e+00
1.064925784539722198e+00
1.148128447017035869e+00
1.049187077245619548e+00
1.301958578119170040e+00
1.538677291453102391e+00
1.448236093232819321e+00
1.517470990961959032e+00
1.471973729252097352e+00
1.559269795353884325e+00
1.390862828917388772e+00
1.351523191900907639e+00
1.540047316853650150e+00
1.093192003278757873e+00
1.406212020535373419e+00
1.438384099610789280e+00
1.455503460697798568e+00
1.547215629878152088e+00
1.356631098390790324e+00
1.465803733789750707e+00
1.391397801694357561e+00
9.685815266645646515e-01
1.477368931327981638e+00
1.513588260332806579e+00
1.565057311210453106e+00
1.285949897292555821e+00
1.237860412540408461e+00
1.497501737656755427e+00
1.284342929785622367e+00
1.537837376348578200e+00
1.507029357298523387e+00
1.048731019914374452e+00
1.505894555113331146e+00
1.507523162249696735e+00
1.420765393043907476e+00
1.508492353368099614e+00
1.437961607707179068e+00
1.533067832324523927e+00
1.461328054752401240e+00
1.510507495890851093e+00
1.379063053298850594e+00
1.329241292015090226e+00
1.557440288520261396e+00
1.395133591868036538e+00
1.307948575787457823e+00
1.513959793684936272e+00
1.492865117318820101e+00
1.378481434495353097e+00
1.516269648435129902e+00
1.472807378718223648e+00
1.528529178311806902e+00
1.559373769042844859e+00
1.313803927637847035e+00
1.498295663312266601e+00
1.559369433138712457e+00
1.421746356958492941e+00
9.048757997147898191e-01
1.440689688628983944e+00
1.561481369832356414e+00
1.488462410029485206e+00
1.459176907890598951e+00
1.254035566339208430e+00
1.248477617419729624e+00
1.534198345262634211e+00
1.556764699663805818e+00
1.438215953100334898e+00
1.401302022679019821e+00
1.382611335460398161e+00
1.327546259240685478e+00
1.460020930247141413e+00
1.419779018907002310e+00
1.562479941001993389e+00
1.478734600481111272e+00
1.449504089870023105e+00
1.468476477713170691e+00
1.254035566339208430e+00
1.442295564808662167e+00
1.490788664340067404e+00
9.193386010346050741e-01
1.448837034831084170e+00
1.357887738407007383e+00
1.507113781367535044e+00
1.259522822683746712e+00
1.255901009107619704e+00
1.498056553303240390e+00
1.561808717134579139e+00
1.542609883262558101e+00
1.469003920343047609e+00
1.562903588500317742e+00
1.547141031481676920e+00
1.561920645438616528e+00
1.531373003292720414e+00
1.477205897259682432e+00
1.442624088248520620e+00
1.268965929332533937e+00
1.436612465349315304e+00
1.492971154157053171e+00
1.427279490064475187e+00
1.302777757984951768e+00
1.551453579525437387e+00
1.430820872938083799e+00
1.473164603792071148e+00
1.430877014054624530e+00
1.552006758338515757e+00
1.438944747116419398e+00
1.421051629565759589e+00
1.448079632070543132e+00
9.072167628631169212e-01
1.376172901631198320e+00
1.489823554768184621e+00
1.560940667316315533e+00
1.418974833087239817e+00
1.560981091748566252e+00
1.502535687878418402e+00
1.388115577733950445e+00
1.505505013365519673e+00
1.556851060225566519e+00
1.543742293301155977e+00
1.473498891959032608e+00
1.544288458539055719e+00
1.559885834608923494e+00
1.512850194313383412e+00
1.144336171094656907e+00
1.407691448399937428e+00
1.535716106152086535e+00
1.302784267382775196e+00
1.539690440112173819e+00
1.068671927453745507e+00
1.529463613693224699e+00
1.403286102021207737e+00
1.560589771777794343e+00
1.160934146942169676e+00
1.291686489120263515e+00
1.550761260932249863e+00
1.492625471786984459e+00
1.467447442620679610e+00
1.559207734006775148e+00
1.293665220063115795e+00
1.458131121287993492e+00
1.511292369596766161e+00
1.290005509534549510e+00
1.547215629878152088e+00
1.332898052290567792e+00
1.334357263146505268e+00
1.009172452231197337e+00
1.475746654302947380e+00
1.543504485940941695e+00
1.521218466922008572e+00
1.525106433089260305e+00
1.465184392554038872e+00
1.365380397659285983e+00
1.495442508457944797e+00
1.547826451448109930e+00
1.417257716410316837e+00
1.387114593109652905e+00
1.226981867218170263e+00
1.297121454465514301e+00
1.557265988459955786e+00
1.110727541823264497e+00
1.494346923396581595e+00
1.547800065912481982e+00
1.559615251359208310e+00
1.556918742542946266e+00
1.497795597957799263e+00
1.532409857012668741e+00
1.421821025660488180e+00
1.285793138076329001e+00
1.520651123314650022e+00
1.531865475833620538e+00
1.557734800310067946e+00
1.554474198122499429e+00
1.388097787815285589e+00
1.491988811516164137e+00
1.563250376853615231e+00
1.527674493310582582e+00
1.546539145283904348e+00
1.353024378358761881e+00
1.500674164241933006e+00
9.702722604807759721e-01
1.502540619338033512e+00
1.293248114742167498e+00
1.450879862500171980e+00
1.481671499945882431e+00
1.472212274158026801e+00
1.449722943506165596e+00
1.412578917011745538e+00
1.486391785661939302e+00
1.562159713113177917e+00
1.452213501398003981e+00
1.362585243245856281e+00
8.036002874852297140e-01
1.503324462880874401e+00
1.382863454495750766e+00
1.347697857271666688e+00
1.515444507057763568e+00
1.284605693096118939e+00
1.182859385030301080e+00
1.539962661113162046e+00
1.427999642508898104e+00
1.121413096421923328e+00
1.310534172054321100e+00
1.512829449587203445e+00
1.472870779441956657e+00
1.374375796620636470e+00
1.543592659170955228e+00
1.563543629279680491e+00
1.493482410603250710e+00
1.372723492622228925e+00
1.556835013275288393e+00
1.360126841395051356e+00
1.116459187516420037e+00
1.430820872938083799e+00
1.494983320906690283e+00
1.454705043136094833e+00
1.564593854705421005e+00
1.488020334694421187e+00
1.545477744762336014e+00
1.112091465624852837e+00
1.524762150580092346e+00
1.438804409098817016e+00
1.324338504507149405e+00
1.338487467001408637e+00
1.540655238867555399e+00
1.210899890123132039e+00
1.368217905461961648e+00
1.366876618387336872e+00
1.504652585717434876e+00
1.563808630938096300e+00
1.533205276936964623e+00
1.103923257758800291e+00
1.468374067879448353e+00
1.550076472131379335e+00
1.563307618952405109e+00
1.516850111925741817e+00
1.198814204589665255e+00
1.548737997211567130e+00
1.389697670081958547e+00
1.542978504722032573e+00
1.544726513681127456e+00
1.171096912048824823e+00
1.505840108269934863e+00
1.389101181159162701e+00
1.488434354379627678e+00
1.514379842472835414e+00
1.391218130525555985e+00
1.515444507057763568e+00
1.523001692506303018e+00
1.394545905541556996e+00
1.498371559231500560e+00
1.384428356763258261e+00
1.535658627404861809e+00
1.432813897360337263e+00
1.484307181349031834e+00
1.334357263146505268e+00
1.411052421985191874e+00
1.446691796473546177e+00
1.527203020955161250e+00
1.510746916415355079e+00
1.330463882731002689e+00
1.139479494976649576e+00
1.165358895004760198e+00
1.473164603792071148e+00
1.480713139054283589e+00
1.565150438726951032e+00
1.424621967998665806e+00
1.293860192071066173e+00
8.192193791062085673e-01
1.510445474693630663e+00
1.449691524323613923e+00
1.526714426038660921e+00
1.535463419017909947e+00
1.523601267589736130e+00
1.512939505619957714e+00
1.272670886864270656e+00
1.564999392501402742e+00
1.395963556615831269e+00
1.475422410900307568e+00
1.371353396162040106e+00
1.532678511157976819e+00
1.480858695960812099e+00
1.398841519244124143e+00
1.328357611977484698e+00
1.432460377332890111e+00
1.457238989900700110e+00
1.343030639473831167e+00
1.489681064517509812e+00
1.428086534561989307e+00
1.512462092130891333e+00
1.492395543808968439e+00
1.178214576933479751e+00
1.267277739716804463e+00
1.407399043679667061e+00
1.311334626337071985e+00
1.461678235570655904e+00
1.382654001853671932e+00
1.526098928837751778e+00
1.548737997211567130e+00
1.540405148771911703e+00
1.423991561599406763e+00
1.506037866528822544e+00
1.520751785849074667e+00
1.509435007023004038e+00
1.422462384145076086e+00
1.473084657537350628e+00
1.376955858511524022e+00
1.421582166971295580e+00
1.498317415067856651e+00
1.335751500639482225e+00
1.478722766490223384e+00
1.473164603792071148e+00
1.399028487193750170e+00
1.468085657570012303e+00
1.321655128667203583e+00
1.305173580331664418e+00
1.332166802283327733e+00
1.476288945213936943e+00
1.009172452231197337e+00
1.464318830121641879e+00
1.565921415703550812e+00
1.492937205222177433e+00
1.519237067596929780e+00
1.555887321089759912e+00
1.035452157892442493e+00
1.288671895165542036e+00
1.358226957237512522e+00
1.301021197136390750e+00
1.552028447188585458e+00
1.388412319263642392e+00
1.538447856237792344e+00
1.429733415985087852e+00
1.509415547804091817e+00
1.283808229749829888e+00
1.425405571257883475e+00
1.548318600644188248e+00
1.517927905702971092e+00
1.493848217807465684e+00
1.488288468994496627e+00
1.419718996787240339e+00
1.533580048115095629e+00
1.464529760802625535e+00
1.559524511003409941e+00
1.545210890551342420e+00
1.492834521494196487e+00
1.431000906683285834e+00
1.456999702669195429e+00
1.277109669675486447e+00
1.436680645254880151e+00
1.465351394198195045e+00
1.305309698322604239e+00
1.384123151817233222e+00
1.346055270014810290e+00
1.464238726195333795e+00
1.219743337785252013e+00
1.368795754253849140e+00
1.531082103914276571e+00
9.989202571516108131e-01
1.131784048282735711e+00
1.441464381188273469e+00
1.313504854644736985e+00
1.557563655161533722e+00
1.435206244525995656e+00
1.380367620631003600e+00
1.233509607006629150e+00
1.302704219315145906e+00
1.102946238479396213e+00
1.468666004829255467e+00
1.395612831835587819e+00
1.397013388078363505e+00
1.549370189302218925e+00
1.250500348730219091e+00
1.150919782286345061e+00
1.531600768391664591e+00
1.415095522869086686e+00
1.520440923563046942e+00
1.400750712475094639e+00
1.522903286661273059e+00
1.411620780696614785e+00
1.218811230080941721e+00
1.323614287658062549e+00
1.467732806950156954e+00
1.372671408770423263e+00
1.446962524413959672e+00
1.431556715159938653e+00
1.281151388049250439e+00
1.234693554857123399e+00
1.565235750014063676e+00
1.487710749230418905e+00
1.457846554766448532e+00
1.448826141890286801e+00
1.419963270235078179e+00
1.498139567794263272e+00
1.462886740312840717e+00
1.523439017468760204e+00
1.231162881078554205e+00
1.500102928182838857e+00
1.531240411383406164e+00
1.566532693478057237e+00
1.538490519400395273e+00
1.431887825191844987e+00
1.254789101863816425e+00
1.368887888841816114e+00
1.409383204239345266e+00
1.515302821720377224e+00
1.498514248530993687e+00
1.208256391879492853e+00
1.525807398490044431e+00
1.521312414655731970e+00
1.539904071930731977e+00
1.544448255821465832e+00
1.165465650228961314e+00
1.545004845954887740e+00
1.302204822477586177e+00
1.445533701728898501e+00
