5.356099655990860242e+00
4.911380408406242459e+00
5.595773540374657351e+00
6.759121583747958795e+00
1.060997714914900492e+01
5.148617133342925811e+00
6.422620292359238370e+00
5.626811020666730556e+00
7.738821701736333658e+00
6.244339412065060380e+00
5.223583396787801369e+00
4.814577317474749485e+00
2.482081033561244432e+00
6.726705958688247833e+00
4.251435846802841034e+00
5.651175837132852209e+00
4.326148314108832160e+00
1.296404398250237122e+01
5.100539625903409480e+00
4.434972710011189534e+00
7.700756032318292199e+00
5.478061396977241593e+00
3.595878343599139271e+00
6.142235277608760313e+00
4.469600337240763110e+00
4.364388403666723093e+00
6.228962607904723114e+00
7.325032407201970130e+00
1.171357634623311839e+01
4.397838127213403503e+00
5.949720852553891604e+00
4.551148980681087863e+00
4.672790887428551088e+00
7.807344286720831583e+00
7.481110721467739921e+00
5.841830558326198464e+00
9.012721756310444476e+00
3.944091966859398113e+00
5.261504764377440857e+00
4.706234038897070704e+00
7.095003435380820456e+00
1.058847232319363307e+01
3.938033416917711804e+00
6.562990440567647354e+00
5.361001967931097845e+00
4.197419242213872081e+00
5.875457561732706502e+00
4.708710915147775289e+00
5.361095616857313395e+00
4.403011858435032622e+00
6.385925867451655691e+00
6.591168497857278652e+00
4.777602923860734485e+00
6.158419093271402467e+00
5.706907091522498199e+00
3.993396097082180685e+00
5.983473655301762228e+00
6.158515748299286940e+00
5.852305035909261655e+00
5.966738075289485188e+00
6.401931027621897918e+00
4.976797111425748987e+00
7.833798007026818055e+00
8.154865366712837016e+00
5.287880820412185656e+00
6.684169206052401613e+00
5.220931012689625561e+00
8.274449157316279724e+00
6.187546045209376011e+00
4.198379646364076123e+00
6.178830279955739968e+00
5.096378794352274255e+00
6.124723435295980956e+00
5.326476805113791180e+00
2.968036369953309883e+00
1.143604035184809931e+01
5.536515649840730191e+00
6.838062529737147344e+00
4.848519158971788201e+00
8.872699644273266628e+00
4.131456943303205342e+00
5.532969911030381382e+00
3.995053316439382662e+00
5.788358074561465116e+00
4.720217710377268006e+00
5.661018489625003092e+00
1.037338937145902662e+01
3.712512987610780524e+00
4.588961381132247830e+00
1.145933853807647651e+01
7.613894214819666217e+00
5.408806852790982944e+00
5.071622395190395594e+00
8.219673803366767117e+00
2.804776365741236344e+00
4.753914732969968249e+00
7.262136931751589586e+00
9.392948831535472110e+00
3.757345340972196190e+00
4.422493302161194961e+00
8.766586943218710459e+00
5.944008183527491163e+00
8.040287699118223941e+00
4.236046028855588119e+00
7.608547151008130172e+00
6.773233859421645242e+00
4.156203288248233818e+00
9.183510559827048780e+00
4.404144026938190848e+00
1.094509667600620162e+01
7.251249063185233545e+00
8.749518926092919813e+00
8.786766961744087112e+00
8.509958054137040762e+00
4.344857400582120555e+00
9.559670580139092877e+00
6.362362167947511082e+00
6.311399506735082987e+00
6.638738220699441861e+00
1.550548501705146798e+01
5.620867070740160898e+00
1.002064891813433078e+01
4.185976207997661014e+00
9.661599165184870941e+00
5.385318166221397362e+00
9.236176753577151288e+00
3.914385529481994475e+00
6.410694842787508563e+00
9.584899634215933162e+00
6.435056374301740156e+00
6.075395744146428356e+00
4.219603771142674375e+00
3.163179865253489709e+00
5.806871731720923968e+00
5.710925174901579915e+00
4.285049663423628807e+00
1.018970003326994878e+01
5.485669067386832687e+00
4.624610379812233774e+00
6.873868280751453064e+00
4.724844268502423006e+00
3.528687811604199531e+00
1.262357326292005943e+01
5.615602792651096742e+00
5.003581246572797347e+00
5.654950156702027719e+00
5.647288641519426555e+00
1.034157551983253498e+01
6.887833311232196998e+00
4.992755556432184605e+00
1.424450704448037719e+01
4.556382624750989763e+00
6.042455473794080767e+00
4.521627758574590317e+00
3.814741208208836554e+00
5.457064168053284980e+00
5.469674223897123433e+00
6.552853674819531626e+00
4.490195121799219535e+00
5.120089645541956891e+00
4.039431053845265573e+00
6.558431119382580832e+00
8.166642259930155134e+00
8.588845703645276330e+00
6.679160014987150618e+00
7.978248077586384213e+00
4.541586178142709151e+00
4.953092375627219823e+00
4.993749756875222268e+00
6.797079524450388099e+00
4.711937718640070827e+00
6.257632083391048816e+00
1.247359276389152072e+01
5.021564535258574047e+00
4.224050606888787307e+00
5.544411072248362160e+00
4.502259876302042940e+00
1.197421282889540528e+01
6.695198040061947076e+00
5.806566106272494920e+00
8.125347915561642154e+00
4.560333333677477619e+00
6.129852482625063104e+00
4.783704402941542533e+00
8.952185889422873188e+00
4.538079254978230281e+00
7.354876566489279455e+00
5.356642111334741330e+00
4.957214100667414414e+00
7.131608048819369827e+00
1.156186858852682775e+01
4.533064171804745968e+00
4.994453110818484198e+00
4.914154961689056300e+00
5.947322528787636564e+00
4.785245754160217579e+00
8.776987861071104291e+00
1.050877145816519942e+01
5.396296400188223430e+00
7.452380303765758995e+00
3.456566546977488663e+00
1.016454325537531922e+01
4.058962052907671314e+00
6.380467203291718903e+00
7.127587630188104484e+00
1.210941138822364316e+01
5.685240273547730538e+00
1.549596637061190307e+01
2.494417551647681641e+00
4.654085404641081780e+00
7.322875001764031389e+00
4.590869774945733894e+00
4.712018109138785604e+00
6.626457301622034279e+00
4.916955604042723138e+00
8.956690409396335539e+00
5.080506404906106610e+00
6.477685441614672079e+00
1.054459309272267120e+01
1.716849079462366845e+01
8.968797257034582415e+00
7.316242336163787385e+00
5.516550587673910044e+00
1.353043576356030187e+01
5.401001272154353217e+00
7.054421574265116845e+00
5.381976825642992068e+00
7.369629966956251721e+00
7.922649469886224871e+00
9.509804052659076135e+00
6.465266320019253499e+00
4.786923481062153485e+00
7.068896743646584824e+00
5.935088098271364743e+00
7.909555910261784284e+00
3.830152802171570059e+00
7.242132897879573150e+00
4.500141720211495944e+00
6.032991854522341768e+00
7.307841298523415574e+00
4.594405698312537645e+00
9.423084424085146793e+00
5.056787982318420305e+00
6.092018009390686828e+00
4.217109924943626353e+00
6.495620403805322240e+00
9.217091843316346456e+00
4.234357536773538655e+00
8.679437320189956395e+00
9.412021342493288145e+00
4.085338437784596266e+00
4.983435136769679197e+00
7.002623611677741167e+00
5.140486637143778736e+00
4.901964850970194298e+00
5.199962480531486797e+00
5.147127142291328283e+00
4.457118689978592840e+00
6.318053760146024267e+00
6.152303112899850213e+00
6.833464223562708995e+00
7.651526997040145162e+00
7.058958303922691968e+00
4.503799926657661601e+00
1.054076091754874689e+01
5.029058703205142145e+00
5.810746783453864417e+00
1.006539189568619719e+01
3.593006478105559065e+00
4.436643570012260618e+00
5.031244181339611821e+00
4.123887490031280301e+00
6.665212116990372415e+00
1.098040098197364856e+01
7.762301133316633184e+00
6.504376791206831321e+00
5.109762750755292515e+00
5.192390450643317834e+00
4.938770027216075498e+00
9.878466854299036370e+00
5.964082013707558971e+00
5.490856452379166974e+00
4.589421200000842305e+00
5.555770738646812923e+00
5.629584292971983928e+00
4.288772199570807686e+00
3.868671847639365780e+00
6.124455284311485670e+00
7.341896320014603461e+00
6.146591244450804403e+00
7.983083903022318850e+00
7.955821733298579446e+00
7.741957586628070764e+00
5.081991765041167675e+00
5.732934024446917576e+00
5.093526795824526054e+00
6.904221849427938373e+00
7.779743262136287640e+00
3.808995558414576266e+00
5.451643582826743106e+00
7.165732124921139423e+00
4.283888451488209625e+00
4.713912700197569805e+00
6.445057450530038423e+00
5.515907938905225905e+00
4.551856310765696634e+00
7.222441580867090316e+00
4.533718142859937572e+00
5.790430864466575400e+00
6.248467654210898559e+00
9.226310224900437618e+00
8.440003814815440819e+00
5.838210433741608973e+00
4.442046978626508213e+00
5.759327371424214803e+00
4.304570020021442289e+00
6.875256261865279939e+00
7.143323987298161981e+00
5.102064648916129208e+00
9.647070433385890098e+00
9.333514646759725863e+00
6.045526208582088223e+00
4.858097494563770269e+00
3.138765194100770373e+00
6.085025863334182716e+00
3.658328546475399179e+00
7.098256788264426298e+00
5.506167720878779370e+00
4.293089058706521577e+00
5.600671754490672782e+00
2.321558678291391953e+00
2.065766149696409215e+01
6.012716120845126078e+00
4.712337349793913610e+00
5.522322369882702198e+00
7.725286836464843709e+00
4.663205101675993447e+00
7.075991586308355785e+00
1.125441619142806005e+01
1.040266650200790899e+01
5.690996204574852335e+00
5.201948519000058724e+00
6.956261419753706932e+00
9.094704693814675167e+00
7.473087481680035005e+00
5.852991431573264514e+00
7.978774788421707065e+00
7.862828314968263399e+00
3.336411742375366973e+00
5.587406825432230661e+00
5.185365015951078682e+00
3.838464906643172636e+00
3.774520062423762923e+00
8.937902061666340714e+00
1.115927436552930452e+01
6.381104863119027470e+00
3.333089743019106432e+00
4.396242738674979833e+00
4.835082061830509481e+00
5.149249477403948561e+00
5.103529650984308219e+00
7.783715424162068963e+00
5.748895909765853851e+00
4.462874114549646443e+00
1.408098724074281627e+01
9.556507163351646739e+00
3.548556060429049808e+00
3.365592866610448652e+00
8.496690621611845629e+00
7.126385556516343200e+00
5.905078870145243464e+00
6.268277002329678105e+00
6.198437831932249509e+00
4.634695132168359599e+00
4.028707359312425851e+00
4.889103754417970293e+00
4.225574131827678492e+00
1.104395222518334485e+01
3.216289482053708237e+00
5.375146948377816258e+00
5.676994125768768384e+00
4.907834717807014080e+00
5.449266016671067803e+00
7.868069126367857713e+00
9.690062841558525264e+00
1.205999408918322047e+01
6.185691898769881902e+00
7.425559408024653862e+00
4.678461728208920256e+00
6.145790603690715947e+00
7.003883979036447549e+00
9.417274709685097278e+00
8.172676084216270453e+00
5.994016028906223426e+00
5.290226061212333519e+00
7.789464687216245409e+00
6.198024135860198847e+00
5.042621231081643174e+00
6.571657772409722043e+00
7.126915457270746046e+00
4.631780133663787602e+00
7.878089672707746516e+00
5.829568553765076544e+00
6.368841565337617361e+00
7.585088683818031363e+00
6.104610963207002250e+00
8.390326897754590618e+00
6.320936284706555774e+00
7.034130919017444583e+00
4.230818210384162725e+00
1.059078799756541223e+01
5.350648313001457268e+00
1.066734844236586532e+01
1.462669284124591584e+01
9.727708761601174814e+00
6.353914895549168662e+00
4.143090694929915330e+00
6.651404423543652911e+00
4.573213116550094881e+00
1.164959411805060441e+01
5.471795723403560352e+00
4.476776101070495173e+00
5.841116309303200360e+00
9.691233951035899352e+00
7.188489375020311378e+00
8.978671983538429657e+00
8.133954534945882386e+00
8.589777208908941475e+00
1.119992231185023712e+01
5.834312731597551149e+00
5.491377884542722576e+00
7.299277037164009663e+00
6.162848187519923471e+00
1.356550949579563436e+01
5.381024345403058184e+00
4.941854766836835999e+00
5.275383507080976031e+00
4.564308350599986852e+00
6.952803930472364335e+00
4.550164574486054825e+00
5.965333425327494332e+00
3.583850831644287638e+00
5.470928386583207015e+00
5.381273391884229262e+00
8.048810613006983417e+00
4.839779456187211615e+00
6.949241569681227304e+00
4.628986926372717470e+00
4.647451912018756737e+00
4.888909961502995394e+00
1.023743685290529193e+01
7.190651850462553618e+00
6.087455859025259208e+00
6.364898707835541458e+00
5.525305596059963520e+00
4.204644644773569695e+00
5.096075671424812548e+00
6.472109526751375519e+00
6.188628553112087261e+00
5.884691640653700873e+00
5.449322718237809227e+00
6.799554243646230844e+00
6.252348425977824142e+00
3.987528202250990805e+00
8.953817348086422712e+00
3.832191831596362785e+00
8.067782140961206494e+00
5.515431137643599158e+00
6.156194978274728058e+00
3.326220138857299169e+00
5.860835635356086648e+00
5.803385374935289498e+00
5.689666905444894063e+00
4.369059397192311955e+00
6.000064586178369908e+00
3.953182075574091403e+00
8.432376444979905017e+00
9.342197772840652448e+00
7.726975550555646777e+00
4.147981460521893204e+00
6.715603211084389734e+00
4.263612941425606984e+00
4.398155216037364923e+00
6.429272490564488685e+00
5.877691698203297399e+00
6.042983810843068682e+00
5.458921299453695752e+00
3.521042265597327692e+00
4.943984763669385885e+00
6.002636205450366802e+00
6.596474545556376690e+00
3.617587508406157948e+00
5.992380496326894068e+00
4.031938405782415025e+00
5.051425275279180838e+00
5.622098740826583452e+00
6.087350981581627352e+00
4.033048752787686375e+00
4.575076536358682944e+00
5.287661702222993476e+00
4.079523437887343285e+00
5.808083202144383783e+00
4.232413296919558476e+00
2.739850837340969125e+00
8.487473112403161934e+00
7.169986108777981926e+00
6.598380242200209800e+00
8.767383639322659405e+00
5.031004553437954385e+00
4.587421667017275162e+00
5.048599767110705017e+00
4.346035496929238739e+00
5.625437973754820575e+00
3.321519576928814832e+00
4.088019017096235608e+00
7.663608388178667852e+00
7.005258961461471756e+00
5.520748345001084800e+00
7.656750458495676703e+00
4.710810665234259176e+00
5.815149089756708634e+00
7.458355031903757038e+00
5.864101577774949448e+00
2.767052696342048979e+00
5.940301767111159315e+00
6.648723011472928768e+00
5.115621781423095094e+00
5.443328812233849234e+00
5.788486711745064461e+00
6.917493534078791306e+00
4.535384045791892582e+00
3.747805833966655786e+00
5.695844863198446184e+00
6.532919206668578838e+00
7.398119798032062100e+00
5.726651708160904519e+00
7.668425307932508872e+00
3.833947018045152255e+00
4.165113959276997235e+00
5.596499929458748746e+00
5.176906030810637382e+00
6.556381611021540934e+00
6.287991683066797677e+00
4.224944557844794168e+00
6.028075024008638927e+00
4.466466480878933609e+00
5.893149783483195847e+00
6.910357120851351453e+00
1.728494413315588929e+01
8.232807031595200442e+00
6.403730741571452612e+00
1.160297833645891430e+01
6.312220110344662238e+00
5.688955343281727473e+00
7.453302072407804957e+00
7.273336285960866121e+00
4.620691539928201585e+00
1.009578794505637767e+01
6.241538256371087279e+00
5.541476767553691118e+00
6.017179439943117103e+00
4.004296832409056428e+00
1.252361175204499233e+01
5.645048062279901302e+00
7.064716362916939829e+00
6.245690062325270908e+00
6.706309349646514484e+00
4.609538539636631960e+00
6.931241591595837193e+00
3.507098648332140911e+00
4.476772647778895831e+00
6.632198605932532409e+00
6.171218294376822122e+00
5.465972943162901387e+00
4.751161799965803567e+00
1.296172643310207562e+01
5.562635871096095919e+00
6.400444712673836634e+00
9.083952962421530941e+00
3.755054122310173881e+00
7.823344635480196985e+00
1.127964779129469086e+01
5.255694163795921803e+00
6.040052502812350177e+00
8.835788537145285559e+00
4.991107445462116488e+00
6.544192249014451512e+00
8.055577351367253058e+00
8.531776481730746653e+00
9.540186869424982063e+00
6.829650173464914431e+00
5.815787807630774076e+00
4.630145162465816533e+00
9.390157442451810610e+00
7.632071203636007439e+00
3.625887227246461730e+00
8.865659284493078829e+00
7.630839680423728844e+00
8.414993174397846332e+00
4.009482801246175399e+00
6.829146068755886922e+00
7.245113659935572770e+00
3.788989169568654169e+00
4.974760922944336805e+00
5.404478424561911076e+00
5.419465953270726999e+00
6.293836545444448483e+00
7.101744428639915618e+00
8.361510724952713858e+00
6.221701527318569624e+00
1.333862821709454849e+01
4.786690139557189028e+00
8.528122985832654379e+00
5.285531144724595620e+00
6.003060786281929850e+00
5.714465356486396530e+00
8.657888629448576623e+00
8.359387453894926878e+00
5.703215838718582731e+00
1.071471238139559112e+01
9.377511977047563008e+00
8.942905155514157656e+00
6.170641799988763943e+00
7.424351159148074863e+00
8.503204662397656932e+00
5.939337248391510116e+00
5.755150529751423605e+00
3.996733776974748853e+00
4.510526542888626977e+00
4.556916488129377107e+00
4.608983103494194822e+00
9.595776620444461003e+00
1.136401440508354810e+01
4.690119877238376311e+00
9.941724387111165129e+00
8.972104198377135020e+00
7.748423179652093040e+00
1.319203709664335555e+01
4.462022254906139906e+00
1.085989224832907318e+01
1.507356168425521048e+01
7.111583950376108021e+00
7.441871961573222727e+00
5.128394811094631578e+00
8.577892138370028619e+00
2.987217098382921598e+00
6.552564919469938687e+00
6.042097319231018560e+00
6.042750834664878390e+00
4.810847446483182743e+00
8.682986576274428714e+00
6.895918131628469894e+00
4.617389520659371804e+00
5.425408098191718764e+00
9.747227178322440011e+00
5.557761210893300330e+00
3.984060764502710406e+00
1.007078183121424964e+01
6.514194427545019650e+00
5.603331418262600394e+00
4.538133625967217810e+00
1.219557526998816144e+01
5.231690899683002272e+00
6.591174176600154588e+00
6.293107431321502965e+00
5.149209128361523113e+00
8.149682051474234967e+00
1.107556958697705518e+01
1.148814623992361916e+01
4.177729794110259576e+00
3.723983880805894486e+00
3.338120231150779826e+00
5.813935240902959656e+00
4.505428366526698980e+00
1.199257391119443561e+01
4.572232185864892884e+00
6.613695264602825752e+00
4.591472454390109981e+00
5.865108767074218576e+00
7.966165317484621866e+00
6.061120681670256083e+00
5.933716030576549727e+00
6.168092538275862680e+00
7.299399484214593059e+00
5.138747425574578642e+00
4.258127414568241953e+00
4.508101785672129935e+00
6.262292242925799002e+00
4.049834359720374977e+00
4.779336620907585598e+00
7.690571622000173413e+00
4.952209469901827532e+00
3.776811296131229678e+00
7.435081912663099146e+00
4.358271527400251699e+00
7.993472476076380673e+00
6.553606013644824202e+00
6.399555299667303743e+00
9.373319293890192583e+00
4.970023887826202191e+00
5.046524656230129580e+00
6.984135387475066459e+00
6.241729580613101902e+00
6.243027727475118027e+00
5.362847020124973163e+00
8.662590353646137942e+00
1.132720765361337811e+01
8.764694345041501577e+00
1.053554896205216274e+01
5.038753705732601951e+00
5.032888665606589207e+00
5.737762895045208644e+00
3.630777167692488927e+00
6.596010978920454626e+00
6.829251312157143872e+00
4.319134067450076664e+00
7.954457842607364881e+00
4.627805609793714581e+00
5.100192512693364932e+00
6.601915963049600933e+00
8.818790295132680868e+00
5.217353782334296142e+00
3.891582929964815030e+00
4.952631007286442788e+00
4.577887887941405332e+00
5.705168637167293610e+00
4.728830482171322735e+00
5.676539544426643324e+00
4.604663002637439106e+00
8.426197529688806753e+00
5.208979458514956917e+00
1.022155946016555461e+01
8.860203496133202350e+00
1.035914354249921487e+01
1.058449879974151209e+01
4.898057512453672047e+00
4.619118234238797527e+00
6.359089506813852211e+00
3.759797192939699162e+00
5.865685714369132775e+00
1.373387166187167630e+01
6.665369385581795925e+00
5.010081739217930874e+00
5.408166986210869887e+00
6.433016971263741723e+00
6.680560956984932020e+00
3.725496147465303665e+00
5.309812964139156044e+00
4.709328446738664020e+00
5.434316270639332203e+00
5.104470965187547726e+00
7.428395647633034393e+00
4.099613910284967133e+00
8.623218415073294452e+00
6.694206619592242724e+00
5.870301574250950338e+00
1.519476476840097057e+01
8.319186235742902724e+00
7.975712626989857945e+00
4.234583368343451504e+00
5.946955814858439382e+00
5.741112779299812452e+00
1.070684022509621514e+01
5.210312042967791157e+00
5.462505415677380682e+00
5.311196221807385598e+00
2.869682173206261844e+00
4.469453577950163847e+00
4.994191606874523792e+00
4.247388412628815502e+00
9.456117867699251889e+00
5.108685427943441937e+00
4.448292695672118491e+00
4.604516692558996205e+00
6.357433500679344540e+00
4.983844997531026166e+00
7.405912080957582688e+00
3.814908040008619938e+00
5.043688817264705193e+00
5.169503422018272509e+00
4.945311592749281004e+00
1.469005510979919471e+01
8.276078408173603407e+00
9.496475896934780891e+00
4.677893974155623802e+00
1.556901156631020200e+01
7.560277624321045664e+00
6.524827268457336515e+00
5.496221868576192549e+00
4.740152669389622986e+00
6.003575545919318301e+00
1.093406173404496151e+01
7.514915519011922562e+00
5.203349561704371240e+00
6.255222730158113364e+00
1.099284228462142288e+01
5.423917499230033634e+00
1.119335819102453655e+01
6.349674882005789556e+00
6.453552084121370491e+00
6.139324823779329421e+00
8.590849896513942596e+00
3.825641968295503403e+00
5.308078142665229926e+00
7.487448570948872728e+00
6.411239185949167307e+00
1.039759954839043843e+01
1.211322637731067609e+01
6.958252380970553652e+00
1.220310383524530806e+01
1.053894195758234176e+01
3.955293033278441950e+00
1.082259598805956280e+01
3.491286036448701946e+00
6.023646890141690413e+00
8.317855159980329205e+00
6.295593733451198659e+00
6.963707824196765372e+00
6.332964948587642695e+00
4.808532863551153724e+00
4.046434851029501623e+00
5.471475397806461416e+00
7.814619584063426494e+00
4.412833496255863963e+00
6.803026358448612143e+00
4.510862103540383750e+00
5.953298968214311593e+00
7.830879022820742996e+00
6.742879195224374733e+00
4.477534985045942939e+00
6.517462593436663454e+00
4.918438813437632007e+00
1.145418405960558417e+01
7.767527204032978361e+00
1.020994945282412658e+01
5.421377393792944588e+00
4.928451975965731258e+00
3.782884826082802299e+00
7.454318413128521392e+00
8.762941413467331131e+00
8.705233916694783858e+00
7.585510111730394911e+00
6.728240851837125724e+00
1.137823463238564159e+01
8.227519655331875015e+00
4.804112851524383387e+00
3.302594204136797718e+00
9.942101945617018544e+00
3.455809999991186654e+00
8.516867797101498994e+00
6.154904230986296909e+00
6.611689969809136258e+00
4.117808398952302440e+00
5.127869986636091504e+00
1.009402673050096411e+01
3.590132137311332183e+00
6.214327176698847488e+00
4.409417287931360896e+00
7.103592308992284110e+00
4.573568261664758161e+00
1.114667329404628049e+01
5.047091333021984205e+00
7.596883266768253762e+00
4.474802426257744159e+00
1.093742929718506929e+01
5.727917120036915222e+00
4.067260339721351592e+00
8.362436853950940829e+00
4.351089577255355501e+00
6.191604534733333942e+00
7.231668399244739476e+00
5.066953893792256025e+00
6.311958323228705758e+00
7.040042100559583460e+00
1.078494188994933900e+01
4.345400745512138840e+00
1.202770665065613542e+01
6.831425028139953781e+00
5.612085689865587312e+00
7.593959789044706810e+00
3.815888309729100758e+00
6.852854777236788486e+00
4.865252945851592514e+00
8.356800614585576881e+00
8.896460749089699860e+00
7.418899824242275010e+00
5.022656768377423475e+00
3.168099262218227796e+00
4.990809112589919216e+00
8.498263872264741892e+00
3.400046333283326394e+00
6.179081795729861604e+00
4.221946408078876445e+00
6.242391826003471422e+00
9.926139833404803881e+00
7.384756061098374680e+00
6.269702459403617922e+00
6.488203998568451425e+00
4.594637483496778252e+00
5.628254358471929564e+00
4.039623803360766985e+00
5.861757785035420554e+00
4.065484160842566475e+00
6.909142555004006425e+00
7.610190011099695617e+00
9.192321487564667493e+00
4.529771367137814586e+00
8.908251978965330053e+00
5.130103919104183952e+00
3.785632844046145529e+00
4.944573091410810584e+00
8.672995041823709172e+00
5.853347470170912281e+00
5.332401124224359634e+00
7.663158048024369506e+00
5.379578579356777190e+00
4.181411033876278438e+00
3.465991582459326370e+00
6.492488184047010336e+00
2.769078787988434875e+00
8.726944702244443519e+00
6.663455421200349171e+00
8.914774924004140289e+00
4.375016244433429513e+00
1.032912467416228175e+01
4.903890465327918946e+00
7.983704110146971900e+00
6.620658082650723308e+00
3.999296139063720279e+00
4.361552527175211580e+00
5.235393437723043775e+00
9.260156042792413444e+00
5.147725036301595836e+00
5.384669317364971342e+00
6.940292245969795992e+00
4.810927832280404992e+00
4.681469782444970917e+00
5.646499506776963884e+00
4.900486706489901145e+00
3.688205502029862082e+00
4.833547412256875120e+00
5.511292078521702997e+00
5.192130774493518786e+00
5.792622616053303197e+00
8.076271688784377289e+00
9.542082945029770613e+00
7.012616589332823835e+00
3.866682383840573500e+00
4.635255645699881910e+00
5.382300436305889058e+00
5.521268300551756880e+00
6.259330261413657226e+00
4.542659104005847936e+00
4.060822119675543185e+00
5.903317390707333523e+00
5.080137324191138504e+00
6.249957450344289178e+00
6.984198897721466182e+00
5.614149839284586108e+00
6.228161646029864329e+00
1.093559239927234294e+01
4.233225580813417821e+00
4.928172124645068486e+00
4.843609783966140725e+00
4.764570109288831290e+00
4.185916549849223678e+00
7.033105236133551763e+00
6.493324119377541948e+00
7.584465010323686585e+00
1.145267510303457925e+01
5.789414049350569691e+00
1.177127924486122978e+01
5.051546437775571441e+00
9.825074906499835947e+00
3.556086671175362923e+00
5.790762786837209575e+00
5.591668837424152549e+00
6.823916306843000434e+00
6.868465249157972075e+00
8.503125441882435354e+00
5.439249569096164194e+00
5.033914829362530874e+00
3.330794065512645563e+00
5.353890066457234198e+00
5.400210845217637612e+00
7.237245404055999032e+00
4.859543462527295965e+00
1.334329293036546638e+01
4.012582144169070553e+00
6.836677162385183415e+00
7.821533371973160342e+00
4.404352262485954128e+00
1.038103878057882845e+01
1.119036055631730875e+01
3.622332494324109753e+00
1.047140058566736975e+01
6.378023928596240566e+00
8.056194258964570309e+00
9.979008907296030628e+00
5.334472540260315476e+00
