2.535055940432759947e+00
2.395426579011558310e+00
2.666313587062855817e+00
2.582518242172917144e+00
2.558291068718116623e+00
2.767539566219925362e+00
2.679811634468816095e+00
2.518795835680346151e+00
2.099755714592705047e+00
2.515709851171167521e+00
2.810943193114381344e+00
2.473523377856750916e+00
2.809889597745982570e+00
2.090040739490950372e+00
2.776551068115327148e+00
2.669227036379011153e+00
2.524652362753053936e+00
2.374205361764928135e+00
2.804828794894299371e+00
2.255935317832313824e+00
2.488493903485513581e+00
2.649052801018011216e+00
2.444736969892161493e+00
2.762799870911058164e+00
2.767867113236293974e+00
2.183312477749428382e+00
2.290517600546215338e+00
2.555722881981644878e+00
2.568073760572297637e+00
2.744248067318347140e+00
2.255643877690219234e+00
2.793500211935703970e+00
2.570942596307483452e+00
2.754695077547582915e+00
2.605510764761569842e+00
2.446484189055444070e+00
2.702461931010783136e+00
2.524598137346307336e+00
2.704644784882995090e+00
2.429604610366919104e+00
2.231660122611174302e+00
2.739311246894797769e+00
2.703077481886610567e+00
2.706419222852921358e+00
2.747307627644712813e+00
2.413976798882663921e+00
2.796113030696141699e+00
2.801418878814283975e+00
2.794784949525239259e+00
2.488741195786439597e+00
2.741063160779386276e+00
2.435632941314762601e+00
2.685801928916590864e+00
2.692337294276581972e+00
2.805836652060787806e+00
2.775670685096655266e+00
2.569250235694952700e+00
2.730145967090343628e+00
2.395873063147988091e+00
2.173576268750804452e+00
2.386864185032878005e+00
2.521498905326082784e+00
2.813978651082392091e+00
2.454472000837277790e+00
2.716832333493881091e+00
2.699911742865420017e+00
2.386923663557754871e+00
2.665467010990174135e+00
2.725026192334572883e+00
2.602200115322585550e+00
2.705570282149228234e+00
2.664408933389896816e+00
2.575815570820432665e+00
2.557749515537079965e+00
2.773805816078848352e+00
2.568777957467314188e+00
2.654668407111193229e+00
2.438925040734681193e+00
2.327792020384995109e+00
2.769621757663446537e+00
2.785339100616295305e+00
2.714807245819705894e+00
2.482221935086438958e+00
2.312167885017557101e+00
2.774144530641247108e+00
2.548530754639823925e+00
2.645336670567889126e+00
2.748208275416414104e+00
2.777386303912628307e+00
2.511893460940244349e+00
2.580010717015401411e+00
2.392142930567240811e+00
2.660207843330009592e+00
2.463240058955369349e+00
2.653415447325729648e+00
2.406801010564922461e+00
2.277015360429824664e+00
2.161684984987725322e+00
2.793995388537781288e+00
2.731247586627697288e+00
2.126988854803478546e+00
2.720578879344019985e+00
2.551863204391785711e+00
2.186934960721886867e+00
2.813338494265760659e+00
2.441679639603737684e+00
2.481320781498448813e+00
2.816109136827687820e+00
2.814010835411468125e+00
2.368200598759306441e+00
2.772389318888702991e+00
2.338674667858265277e+00
2.703645062076651673e+00
2.814315108691162859e+00
2.790434080153031182e+00
2.411047189929256707e+00
2.692949475788481095e+00
2.769621757663446537e+00
2.736408898848541771e+00
2.683475407246505018e+00
2.713872469497009998e+00
2.413638398731395185e+00
2.758766066477926771e+00
2.234776396527508258e+00
1.943702682289190520e+00
2.213473536091127514e+00
2.644236051571579704e+00
2.740422391684490311e+00
2.754479369343849182e+00
2.806956793871395739e+00
2.734208008833868497e+00
2.321044982670909196e+00
2.127860162209167960e+00
2.783664506721450049e+00
1.925377757539758372e+00
2.289243704609125185e+00
2.761074629249046897e+00
2.640228516310554330e+00
2.719532370328084259e+00
1.643948886429569267e+00
2.798139428866144751e+00
2.522462095279081051e+00
2.546360784196014304e+00
2.645167269369106400e+00
2.635793984537464940e+00
2.573967452407564416e+00
2.726361396607257959e+00
2.489512113197661414e+00
2.541746863182019478e+00
2.738579727835583011e+00
2.767139492853622151e+00
2.728772649147379159e+00
2.758553392380203029e+00
2.277015360429824664e+00
2.322419305472287476e+00
2.534819272944057289e+00
2.397106130051714690e+00
2.627856382695976212e+00
2.573950683970111619e+00
2.101730539937499032e+00
2.805097018541141018e+00
2.771920053767670034e+00
2.776154405132140734e+00
2.589954184090740075e+00
2.664298369403197864e+00
2.567709913832485036e+00
2.680745270968430738e+00
2.649928714449409028e+00
2.355106463276932516e+00
2.798291474172884818e+00
2.641036978383156431e+00
2.381645656101226027e+00
2.427511314204492177e+00
2.038426500353399895e+00
2.336669984909363951e+00
2.548530754639823925e+00
2.763342988727684357e+00
2.671278549548528058e+00
2.730202363481689432e+00
2.769621757663446537e+00
2.710583410684145989e+00
2.757738901331587389e+00
2.663754678663724285e+00
2.687604430450537762e+00
2.624133903491902231e+00
2.621831701050337138e+00
2.684837899271618422e+00
2.591148656974135100e+00
2.636228042144414196e+00
2.450791575405534495e+00
1.890547954348810622e+00
2.609247369755957280e+00
2.685386660371080758e+00
2.253713041645748039e+00
2.566350639895598196e+00
2.756041305501321315e+00
2.393542435537025170e+00
2.506478979334882951e+00
2.311298170888549830e+00
2.777506332462603478e+00
2.642999019300643848e+00
2.683960727388677636e+00
2.232528060731834962e+00
2.817735727975926530e+00
2.358426396649433432e+00
2.753170255523940124e+00
1.990599391989692046e+00
2.607610403382026654e+00
2.722241145960362818e+00
2.333528618426949919e+00
2.089455493467042846e+00
2.776731144184950040e+00
2.674264363088638685e+00
2.427215158617171742e+00
2.532999234317426573e+00
2.819107255396681833e+00
2.686899755157114100e+00
2.568344777267403067e+00
2.613709933973063837e+00
2.770634712025971336e+00
2.596495877280423858e+00
2.494064996262354672e+00
2.363280835175994632e+00
2.145079200582620693e+00
2.657795935816400057e+00
2.527518845120639401e+00
2.559366981703192323e+00
2.303534874042009850e+00
2.275795627414552769e+00
2.577959610178545802e+00
2.229271515553562732e+00
2.516595136451607040e+00
2.403355949551340132e+00
2.743070033340599068e+00
2.738087172485574428e+00
2.361285830467356739e+00
2.724575908016364956e+00
2.775811587987287776e+00
2.789054804301345669e+00
2.624133903491902231e+00
2.793417021979285320e+00
2.550073743525343772e+00
2.604554698023474835e+00
2.101339027978598395e+00
2.746351593486069387e+00
2.441611701650198807e+00
2.506969368054959180e+00
2.398519209585486145e+00
2.710012506148583800e+00
2.616309182999485561e+00
2.653530175890240095e+00
2.726428828458334230e+00
2.783664506721450049e+00
2.183770564233624256e+00
1.690026099611082744e+00
2.183923985610793483e+00
2.813949530333196059e+00
2.733322979091936222e+00
2.437182023062022918e+00
2.438517038617091792e+00
2.739585906204569987e+00
2.709954919390487937e+00
2.629251023724985981e+00
2.567897179594262003e+00
2.773630947157487814e+00
2.612344734360323883e+00
2.615264585966967203e+00
2.364021496609076678e+00
2.390701480249697752e+00
2.816015186405206983e+00
2.134936834776551606e+00
2.627785821351818374e+00
2.514901821638226398e+00
2.707951162121103650e+00
2.514100332454429765e+00
2.815643446586901355e+00
2.768155340279699672e+00
2.209731575365010414e+00
2.667510054578490220e+00
2.705793605312087013e+00
2.327824561707996676e+00
2.798434357429449459e+00
2.475326948033394814e+00
2.161551270313251116e+00
2.665470434087259477e+00
1.923294076167242350e+00
2.732751108542198715e+00
2.430577930836501643e+00
2.244218480171671359e+00
2.803213471691623049e+00
2.336384272911412818e+00
2.278766347632818601e+00
2.772679152539783587e+00
2.777910557005632164e+00
2.534301919353617372e+00
2.670047358073466715e+00
2.772999057814522050e+00
2.758010977056397639e+00
2.765138815795141092e+00
2.797366887818611758e+00
2.690791576307803634e+00
2.539810213977169440e+00
2.077522207179823166e+00
2.398934356979188998e+00
2.657102210416776078e+00
2.741014125213900865e+00
2.277716526526581742e+00
2.611653947207572823e+00
2.503855710655119804e+00
2.548024511593700137e+00
2.495399807907741518e+00
2.750026202762985594e+00
2.257887595936433733e+00
2.385495522143840308e+00
2.812258423677670205e+00
2.541048170629069958e+00
2.705706821454904709e+00
2.373825249291637185e+00
2.417081568346304721e+00
2.293387632504954254e+00
2.461497049933197179e+00
2.793500913915956119e+00
1.899062799932033085e+00
2.582963108424764620e+00
2.379819517175823851e+00
2.277934481404257916e+00
2.655704638039314780e+00
2.617423524808413671e+00
2.495384993473130031e+00
2.106431829709179748e+00
2.617019991485379116e+00
2.814061951587000010e+00
2.744885576182387599e+00
2.639460396184058144e+00
2.302479925377556746e+00
2.248954348516180701e+00
2.798122476270218595e+00
2.741372304657640591e+00
2.278838438536280986e+00
2.794234424280077178e+00
2.624013852784246481e+00
2.718205617304144894e+00
2.683648560661845206e+00
2.753146741470476222e+00
2.634584433194588904e+00
2.699910414081560184e+00
2.130630429985608032e+00
2.362085168810402980e+00
2.742911570139949795e+00
2.519498740195600384e+00
2.814673685916096346e+00
2.441236430807598889e+00
2.713978586208397381e+00
2.717271731053227057e+00
2.455026158642641843e+00
2.808193654111943438e+00
2.438357128029015275e+00
2.693439593025810819e+00
2.374671014898641630e+00
2.792526231925442914e+00
2.259998095882918445e+00
2.501134661226206202e+00
2.817513839052758762e+00
2.407569467963864174e+00
2.732112427498811336e+00
2.637248698170412187e+00
2.535928027666038531e+00
2.794231105283122130e+00
2.602731796808506193e+00
2.650004414204800263e+00
2.470454707514273540e+00
2.734932339835306703e+00
2.430632417441968229e+00
1.767406429476809260e+00
2.777571996857778114e+00
2.752829275651207386e+00
2.699305675312878794e+00
2.730370083813324467e+00
2.459625714777002425e+00
2.745172979527370938e+00
2.682001704839797718e+00
2.524861238015749354e+00
2.681024440588699154e+00
2.658275142969298344e+00
2.702491694929185062e+00
2.497675919508163922e+00
2.709555405021530916e+00
2.737782716668426986e+00
2.384860835700602699e+00
2.341177247561410990e+00
2.406329986434568191e+00
2.667727484735454624e+00
2.587805688332375453e+00
2.228974085970548025e+00
2.784599038492391987e+00
1.931058365512733355e+00
2.245690481949996542e+00
2.754497557688760256e+00
2.666490926182393029e+00
2.456082427268635460e+00
2.416157681608831265e+00
2.728874080528610246e+00
2.788060973034525158e+00
2.674392839845731284e+00
2.733245624924403039e+00
2.770770269247807782e+00
2.438357128029015275e+00
2.787091219492585203e+00
2.627757547833421192e+00
2.631545771418621005e+00
2.734419796921216950e+00
2.614163421886935179e+00
2.448447965003180737e+00
2.634527909650036026e+00
2.671985512014033670e+00
2.543722728804603150e+00
2.664696474366667456e+00
2.779330019343266400e+00
2.457538051665677514e+00
2.259099602771143189e+00
2.709378830163464258e+00
2.126710339603367750e+00
2.765223886272883735e+00
2.793824517754088355e+00
2.798475786833436896e+00
2.801966135926924562e+00
2.549750793786688785e+00
2.350378712048426966e+00
2.798999890688717240e+00
2.018902849368009456e+00
2.331852624346085978e+00
2.624591191016737213e+00
2.654394129392847468e+00
2.408535286471157555e+00
2.692145312565732418e+00
2.577309722009987869e+00
2.667951907470525796e+00
2.545409595533981939e+00
2.819507705739336512e+00
2.745601206348749379e+00
2.404709563168567321e+00
2.712277098833745459e+00
2.551867107344121699e+00
2.441236430807598889e+00
2.004669814812073181e+00
2.515268476912818407e+00
2.434920175497587103e+00
2.354425446336254169e+00
2.725004369866763643e+00
2.473749387877703931e+00
2.816764532519003605e+00
2.367501597320613715e+00
2.793500211935703970e+00
2.608745466089080978e+00
1.854840553488978028e+00
2.602003560628149081e+00
2.474211625252967117e+00
2.810612610627290398e+00
2.780144261124298133e+00
2.703041017779327149e+00
2.396116156624209736e+00
2.545013473904838008e+00
2.551603517646009234e+00
2.747359387654731755e+00
2.778049781677697005e+00
2.786901501692064187e+00
2.452208864309358027e+00
2.796947306203111161e+00
2.429946297782934472e+00
2.731916761630734491e+00
2.815091419563205744e+00
2.316834937586842447e+00
2.814139429306301565e+00
2.315261925746155747e+00
2.674458936364113359e+00
2.635688341788095190e+00
1.955428792697815332e+00
2.522705261342408356e+00
2.725902226383114968e+00
2.385061865572113859e+00
2.721050988183404851e+00
2.762561421157136099e+00
2.466766886314684548e+00
2.692618156120027528e+00
2.703914395906214185e+00
2.634948813092521824e+00
2.762904145554260449e+00
2.413831359643473284e+00
2.789000821539897146e+00
2.074445740633824364e+00
2.538850717161766024e+00
2.353470789135045482e+00
2.634103357104093934e+00
2.145111120089740364e+00
2.797101928532906179e+00
2.451226955409303354e+00
2.452328925994152087e+00
2.525794402303961572e+00
2.511309716522846180e+00
2.752554485733662126e+00
2.685510511767045916e+00
2.476329253179454959e+00
2.485471452267924430e+00
2.655648537676523091e+00
2.698668583373981633e+00
2.700242151300489724e+00
2.483948821288382902e+00
2.106087856160721028e+00
2.812860367739326684e+00
2.544947921982253281e+00
2.411502110311890767e+00
2.380942580441891998e+00
2.739226300406932157e+00
2.590277683825166655e+00
2.786808541240707982e+00
2.715048335297701954e+00
2.363546414678520780e+00
2.459067212577972672e+00
2.714633292617536942e+00
2.741225043469759814e+00
2.705597401437825678e+00
2.352541646232468864e+00
2.805195279272041375e+00
2.586246796439102713e+00
2.384713276066937837e+00
2.680632607901941356e+00
2.553310275536384122e+00
2.354490935122868223e+00
2.675226481991558103e+00
2.690314225254662350e+00
2.600269866339798064e+00
2.732180699490526443e+00
2.432089061400679597e+00
2.782970248911197597e+00
2.611042515546882381e+00
2.564958030079238060e+00
2.396578239020071610e+00
2.629398480865944077e+00
2.473708805150603762e+00
2.803918452869544442e+00
2.430632417441968229e+00
1.968221469066936180e+00
2.631341026901253155e+00
2.557939956653611180e+00
2.795317395859843845e+00
1.892299243536473385e+00
2.339763147742956129e+00
2.803787875917876260e+00
2.632891183236118593e+00
2.101292295582343872e+00
2.201887819336503682e+00
2.498926844434128380e+00
2.811521221678452420e+00
2.673921304036170010e+00
2.620472534385194230e+00
2.421136681883802044e+00
2.723340625437864038e+00
2.389765532098089285e+00
2.400040935100165473e+00
2.266083105121550645e+00
2.626958565094735576e+00
2.790554607048496560e+00
2.232528060731834962e+00
2.731870567351986967e+00
2.717117874652850595e+00
2.672952335839847038e+00
2.730145402253026266e+00
2.689726269086833099e+00
2.305722804478788746e+00
2.595816157363906029e+00
2.791064725988654960e+00
2.516412104169334807e+00
2.713667485064075180e+00
2.791607228530753382e+00
2.565731109740033489e+00
2.790958127331745420e+00
2.323868161453072734e+00
2.799825399564582096e+00
2.234265210913087607e+00
2.820546366966500962e+00
2.243475379981636486e+00
2.740684435090103399e+00
1.924693999085991702e+00
2.686256785448745354e+00
2.683671605465822729e+00
2.711081812356458176e+00
2.811912358674775181e+00
2.193870410790174308e+00
2.506550319107527791e+00
2.678310860599692589e+00
2.805097018541141018e+00
2.604957906483239771e+00
2.696612069310976523e+00
1.724380678655309751e+00
2.753541494369311948e+00
2.464523335001910898e+00
2.662210624266747594e+00
2.429604610366919104e+00
2.621791354957386133e+00
2.180305704995643357e+00
2.684101180549074428e+00
2.542715384441869730e+00
2.712103661218809858e+00
2.433918138142976861e+00
2.784424122917761313e+00
2.493691490305801839e+00
2.472562210255323301e+00
2.336595295926810145e+00
2.649000632483412332e+00
2.490445365666088762e+00
2.470454707514273540e+00
2.742524560470148476e+00
2.621652450868644735e+00
2.589191487237233691e+00
2.657540347558323024e+00
2.631832852668769984e+00
2.038426500353399895e+00
2.746295138742705699e+00
2.812860367739326684e+00
2.657777636176042790e+00
2.812476963498518501e+00
2.769138950084896411e+00
1.708819440311152515e+00
2.705962209375528449e+00
2.727313704821892504e+00
2.730192300199664857e+00
2.556993964605646319e+00
2.591848676554032060e+00
2.454461328313462865e+00
2.150301645470571454e+00
2.349061120588252560e+00
2.482531055080122950e+00
2.410282522548372608e+00
2.387283760966012913e+00
2.629703347366905142e+00
2.462661636400475196e+00
2.431468228983695745e+00
2.302104292402199270e+00
2.736272290133054064e+00
2.783197659306892557e+00
2.772201473380555115e+00
2.779882578891833766e+00
2.683648560661845206e+00
2.801020381109458501e+00
2.784110633212567798e+00
2.257927226370098239e+00
2.589485331434381532e+00
2.504139961383078372e+00
2.790668448611439256e+00
2.616751175477135316e+00
2.470894983686395818e+00
2.559391532964372384e+00
2.392748828340393707e+00
2.578228729982666501e+00
2.694936918388897595e+00
2.628638545096220636e+00
2.386951348413588025e+00
2.487785944797364035e+00
2.665189867591585493e+00
2.690974806119943441e+00
2.674930743336544126e+00
2.769901973482824076e+00
2.110233312159855323e+00
2.409170214841319435e+00
2.100583810970937382e+00
2.707716680633840411e+00
2.769124072397182168e+00
2.438211544489071514e+00
1.831146450796336200e+00
2.175636981637027567e+00
2.769512560735729156e+00
2.769083116763659369e+00
2.706419222852921358e+00
2.609191142878835912e+00
2.419661498045099890e+00
2.688118394086536078e+00
2.729859626838467168e+00
2.583359720571627438e+00
2.529932265045634399e+00
2.688560870616138132e+00
2.792817157461765731e+00
2.783207719622867948e+00
1.917941816380441367e+00
2.712362051298413235e+00
2.151461298461533556e+00
2.808153604057600727e+00
2.785043651500731077e+00
2.625904954012531434e+00
2.638159546252622167e+00
2.762109199821379146e+00
2.476628620158923155e+00
2.386065116267420461e+00
2.583823958808403543e+00
2.544376736515503890e+00
2.643159392339182290e+00
2.744008373670094869e+00
2.317963189637736399e+00
2.703424997332836366e+00
2.371337733908827072e+00
2.738579727835583011e+00
2.678749237249488768e+00
2.720445378574972928e+00
2.608006989083190952e+00
2.821413781046650637e+00
2.528300206358458091e+00
2.303718611663493121e+00
2.419861613559627589e+00
2.800987235939344178e+00
2.622241092699092224e+00
2.549750793786688785e+00
2.479597556551101700e+00
2.602020545709432309e+00
1.840165746408991110e+00
2.233778418068870231e+00
2.606200049684813891e+00
2.819281329658192448e+00
2.816015186405206983e+00
1.811441033073519113e+00
2.438443303596049105e+00
1.976405701315090191e+00
2.071752599242826953e+00
2.625396206378671771e+00
2.644312833996079082e+00
2.361030881750258992e+00
2.293201693539685060e+00
2.532670579738335093e+00
2.805186008453330881e+00
2.432927446308287056e+00
2.763620418117978428e+00
2.549879158202926988e+00
2.697545840362927549e+00
2.763717598638392836e+00
2.458842572406312765e+00
2.751154577190143780e+00
2.567552048267983000e+00
2.802814054717789549e+00
2.259099602771143189e+00
2.482166612095210390e+00
2.559780044888958717e+00
2.524340314172486721e+00
2.631418405723572995e+00
2.644251444594828637e+00
2.559179820027654539e+00
2.489466602946072360e+00
2.705938588389609212e+00
2.354528941117613794e+00
2.560097512089683391e+00
2.628160866842406573e+00
2.593367865180370657e+00
2.616220011475129059e+00
2.672550669861384343e+00
2.030613928400865298e+00
2.474410239576886106e+00
2.575148965632843012e+00
2.802838506095109317e+00
2.604317030085713469e+00
2.739290386112132492e+00
2.747530968460893064e+00
2.487722820959884729e+00
2.783281717693512736e+00
2.224303942006220502e+00
2.494064996262354672e+00
2.696951745277476054e+00
2.504768368941356904e+00
2.733702256917208473e+00
2.813715213430627138e+00
2.609786684817656965e+00
2.383040912674935896e+00
2.642542076819200947e+00
2.587376165819309293e+00
2.435632941314762601e+00
2.179743303286957090e+00
2.574826038610520396e+00
2.726555653776152166e+00
2.562407009730110374e+00
2.473252710564150636e+00
2.763112023294787001e+00
2.762108693390364245e+00
2.710402113780823186e+00
2.601244850536160946e+00
2.575120520397153001e+00
2.475105890254621688e+00
2.505804265436867073e+00
2.783171497261247129e+00
2.282469775986160521e+00
2.594605810421033887e+00
2.535756635048527219e+00
2.724032724191760568e+00
2.114248649255163315e+00
2.486630547711671024e+00
2.674930743336544126e+00
2.576445858591962956e+00
2.807092631285564188e+00
2.399339600183227450e+00
2.551881611615866685e+00
2.666490926182393029e+00
2.660938040200799382e+00
2.411706028016785908e+00
2.568489232933063082e+00
2.446565850204175607e+00
2.792817157461765731e+00
2.408516358651426437e+00
2.537389465003846656e+00
2.779361575411273044e+00
2.750053792978897960e+00
2.383015570276921125e+00
2.576184472279181126e+00
2.453765251081323928e+00
2.742464628167626373e+00
2.685433785356013736e+00
2.545013473904838008e+00
2.437384637616465177e+00
1.767406429476809260e+00
2.012253814795825768e+00
2.401026424312631580e+00
2.513631418200857670e+00
2.815258544203906421e+00
2.557435550623508025e+00
2.654218093750397411e+00
2.430294240918674298e+00
2.774801435670974481e+00
2.351592796511762007e+00
2.626036868223509568e+00
2.678132171635645875e+00
2.713630311951138907e+00
2.503708197319888029e+00
2.509428390636141426e+00
2.596479309072175834e+00
2.440613617891358889e+00
1.868659881523439426e+00
2.629944329281104221e+00
2.784798436715379299e+00
2.667525041640863570e+00
2.621585338212483407e+00
2.597562118271106613e+00
2.797293923607210520e+00
2.476229311369628316e+00
2.666046043965729861e+00
2.758006803681006147e+00
2.520277463024719111e+00
2.475642400588573100e+00
2.681279579157135107e+00
2.721216087513381954e+00
2.726440845702136961e+00
2.627856382695976212e+00
2.735916075875663989e+00
2.528915243716611361e+00
2.344867306162361498e+00
2.808405623284223385e+00
2.183210699870401061e+00
2.497454567196181419e+00
2.475988483275983754e+00
2.811533510232111510e+00
2.685927190017227684e+00
2.362441487930996065e+00
2.605510764761569842e+00
2.257690118746863650e+00
2.223236951865412703e+00
2.794223053933750478e+00
2.630396789971623850e+00
2.758684302153897150e+00
2.500147571204891950e+00
2.741014125213900865e+00
2.355264229380413799e+00
2.803862686667505599e+00
2.736272290133054064e+00
2.539064647001348707e+00
2.509494454831123988e+00
2.519828874337663560e+00
2.569281973190514545e+00
2.681155949081364565e+00
2.627468504016758910e+00
2.479256804294343031e+00
2.134936834776551606e+00
2.756888286233129204e+00
2.140159599879881025e+00
2.784127444035139565e+00
2.734311535742091959e+00
2.545758980625206558e+00
2.727996054090091604e+00
2.670447292144366269e+00
2.648083588650857578e+00
2.737345239236017136e+00
1.907515703806641483e+00
2.522705261342408356e+00
2.818299752996215712e+00
2.505258551147095059e+00
2.734337875646044580e+00
2.591973751059513997e+00
2.542847713771341667e+00
1.986453475703934268e+00
2.790405210120315616e+00
2.202130413790018615e+00
2.340622679869204248e+00
2.640376038156439176e+00
2.455781704758043915e+00
2.504139961383078372e+00
2.296666974773118319e+00
2.090876043434310549e+00
2.803286047861489827e+00
2.446148643536318446e+00
2.144908933674350315e+00
2.661283219514368970e+00
2.804125399281789388e+00
1.724380678655309751e+00
2.398651099402384190e+00
2.713874538660598468e+00
2.631208628371436653e+00
2.607549743019812016e+00
2.560975102020707883e+00
2.583319949236560831e+00
2.293481742976745785e+00
2.670273904995597469e+00
2.517794051054125237e+00
2.744008373670094869e+00
2.719182387794536915e+00
2.688560870616138132e+00
2.695464025683151466e+00
2.720623080176251207e+00
2.745846408486367629e+00
2.313497169167929801e+00
2.653524663290184105e+00
1.858539668323754057e+00
2.811966154542350882e+00
2.807551348102554023e+00
2.639277765814254550e+00
2.318741781664862334e+00
2.028716545589480891e+00
2.782028517459119499e+00
2.555751594890476763e+00
2.578256714194243848e+00
2.234437336266924756e+00
2.703555660195912758e+00
2.804091088476690530e+00
2.250454049495612452e+00
2.680090052339318962e+00
2.590519854261204014e+00
2.436947626546034584e+00
2.790543938038891003e+00
2.501656317367446203e+00
2.786117320451232615e+00
2.734932339835306703e+00
2.504061025666953544e+00
2.821176166967612975e+00
2.699725209838018891e+00
2.282600694040989531e+00
2.767369042088250186e+00
2.507058016861894778e+00
2.806509116373800516e+00
2.568198372665426721e+00
2.363763126302944162e+00
2.283714644045653053e+00
2.722872954504724330e+00
2.766150216008521845e+00
2.763620418117978428e+00
2.782143868671383302e+00
2.538261485660273209e+00
2.811269296895804182e+00
2.817838421032841545e+00
1.709253316121439381e+00
2.570146566111577879e+00
2.523646028970718547e+00
2.277015360429824664e+00
2.581621951488577871e+00
2.640396348679282745e+00
2.515190755727398031e+00
1.327618791913218743e+00
1.794543217989649664e+00
2.473866581887867344e+00
2.699350874501410313e+00
2.735654377975262008e+00
2.390328790485940491e+00
2.662407905132965880e+00
2.781763004474151479e+00
2.618326805439572968e+00
2.618456247217172628e+00
2.419010334580808941e+00
2.767861456911381079e+00
2.234717280100500414e+00
2.749999479964228666e+00
2.804932091555474738e+00
2.527107293389446507e+00
1.981294662925288996e+00
2.754497557688760256e+00
1.697957138677576250e+00
2.710527454310771578e+00
1.867380302551988613e+00
2.478138694512032281e+00
2.323786232733946466e+00
2.535702027061248920e+00
2.217556587595161055e+00
2.745832635560268908e+00
2.815054377252033557e+00
2.776043574311697792e+00
2.794234424280077178e+00
2.820573540278409563e+00
2.744384973913991832e+00
2.303502559035558672e+00
2.771534843059634490e+00
2.616140737649009118e+00
