2.887049063572210139e-01
2.840646494995678339e-01
2.927924549271341825e-01
2.799624925240060680e-01
2.452357393855485734e-01
2.904037844860072881e-01
3.065426076773016817e-01
2.984814655266637695e-01
3.011707225238265950e-01
2.882730538509677420e-01
2.955279210758004482e-01
3.057041796306645409e-01
2.677081173101081846e-01
2.744828345282116500e-01
2.622966651074770672e-01
2.381857720484215624e-01
2.828363639796452889e-01
2.883149406676039361e-01
2.782025177827311957e-01
3.034207065369722289e-01
2.951734740120416367e-01
2.289387497315598097e-01
2.896639731251778316e-01
2.751636221178957453e-01
2.771758981975773750e-01
2.999572017429755211e-01
3.051160866726999044e-01
2.980226463512563595e-01
3.012755792472943117e-01
2.709540845966900702e-01
3.029995337534739930e-01
2.773049207117792569e-01
2.577969740433483370e-01
2.488675744488274555e-01
2.774264516883637732e-01
2.581167100644475854e-01
2.701631525862455141e-01
2.674468258911095742e-01
2.518098327415471682e-01
3.060039183606849122e-01
2.520472700440610780e-01
2.906858421423728078e-01
2.932688116085172547e-01
2.888492526941208727e-01
2.670039739262494716e-01
2.848042672492657745e-01
2.998100118203855802e-01
2.757584261857733976e-01
2.838983496103953397e-01
3.039750419855135610e-01
3.004726781551771420e-01
2.941421539390488005e-01
2.483181231831886049e-01
2.453244279846389653e-01
2.656678085243242005e-01
2.868089408325034118e-01
2.408299128015018442e-01
2.633917780436174638e-01
2.476039125107974692e-01
2.826607871414358319e-01
3.051063413724290352e-01
2.708969502127883677e-01
3.031977519167299295e-01
2.882740785305437647e-01
2.787472621201301237e-01
2.941926946538216958e-01
2.684659779725384610e-01
2.547826572163782166e-01
2.700550985819214489e-01
2.794373210395085239e-01
2.686875582047146271e-01
2.962876713035588194e-01
2.160388447019893077e-01
2.659783596585082455e-01
2.589943343918876262e-01
2.268369714712200891e-01
2.758432590214818236e-01
2.401357699654779188e-01
2.840419318515483571e-01
2.619135880598333910e-01
2.922119275708964792e-01
3.006534270695180311e-01
2.394568192846366905e-01
2.812547596883134826e-01
2.855475129538941337e-01
2.764775603879053856e-01
2.534431513105449563e-01
2.076562849945340350e-01
2.411764302261878712e-01
2.908274298730736396e-01
2.853878756853379661e-01
2.822714669914652141e-01
2.808871537671167595e-01
2.675885420319766839e-01
2.052799909923027077e-01
3.024127014967389337e-01
1.929367880524885392e-01
2.797394701132215333e-01
2.331830584914349747e-01
2.583952736917975446e-01
2.594008969318165048e-01
2.979942532318367587e-01
1.320504011523525034e-01
2.620883243997598200e-01
3.005394369571841584e-01
2.842139977773695536e-01
2.307246376914206809e-01
2.866819022224161295e-01
2.971032337085842134e-01
2.734112088569400356e-01
2.557626204348961707e-01
2.731727175482212000e-01
2.241227889731205458e-01
3.012429130105214181e-01
2.735763368088144909e-01
3.064755344443323981e-01
2.900008569245423606e-01
3.054218453793285382e-01
2.477908469646615541e-01
3.048902564472428245e-01
2.902128713016077222e-01
2.814388241177834815e-01
2.937247637760661001e-01
2.514880005834154719e-01
2.878425754691880667e-01
2.218613067454013321e-01
3.022218121811476310e-01
2.846637552418423422e-01
2.892088639467859101e-01
2.621911428336423100e-01
2.822172807491460933e-01
2.805974547090249183e-01
2.707469791903298617e-01
2.311412386622241077e-01
2.662726830514056120e-01
2.967198685266509983e-01
2.652647718088846363e-01
2.874164176254703773e-01
2.927872084888609727e-01
2.931326097285454346e-01
2.975511232512345616e-01
2.785751383713340190e-01
2.827075081706384441e-01
2.909552997916438621e-01
2.101870491193585377e-01
2.965601030721928266e-01
2.832952933262865569e-01
2.922406092084238183e-01
3.055822825357799588e-01
2.976849103352701698e-01
3.005319750876276341e-01
3.056965460984667482e-01
2.598191506327486855e-01
2.677822290335973854e-01
2.347878954325526291e-01
3.001100397198132042e-01
2.786860182169680344e-01
3.013470316778016356e-01
2.263404067388035401e-01
2.953890164463146006e-01
2.913895930789910382e-01
2.658240090525903487e-01
3.055899933626505249e-01
2.954185449965968102e-01
2.885655781945491993e-01
2.977264079529680640e-01
2.780768905313713013e-01
2.857931119819258625e-01
2.513243398657942773e-01
2.180228646787932822e-01
2.412311810962677605e-01
2.974525248681373912e-01
3.036897646945128648e-01
2.219809809253127930e-01
2.244201731694259183e-01
2.831821775887323756e-01
2.692154225316861216e-01
2.896796785537265051e-01
2.181669281092122048e-01
2.955738375968247622e-01
3.054145289529608398e-01
3.037145157529556605e-01
2.575110537394958987e-01
2.864094257159921497e-01
3.050064434084804876e-01
3.062453284855300439e-01
3.044462487558999841e-01
2.987171171874321018e-01
2.977047231510168701e-01
2.686765344338030159e-01
2.618919418334938465e-01
2.820126098381711133e-01
2.838700613959135310e-01
2.428348078232148988e-01
2.731751733786030867e-01
2.941139729885046128e-01
3.014588712126100023e-01
3.027859598140587583e-01
2.980194531044684236e-01
2.415374977784008614e-01
2.952228891713777337e-01
2.958115943493931921e-01
2.748157321756721228e-01
2.747247560344812101e-01
3.063581215694975435e-01
2.763082789304504572e-01
2.974256274217488838e-01
2.622966651074770672e-01
2.810703020985615419e-01
2.309487664772005289e-01
2.770019067143718039e-01
2.205242703179045027e-01
3.055674791590107797e-01
2.993478586835878197e-01
2.553378991537167964e-01
2.651331730103527740e-01
2.452397631329114036e-01
2.842897690335335348e-01
2.393446082814860154e-01
2.856043764970330190e-01
2.685388186491480256e-01
2.977019910160375038e-01
2.811809696267260072e-01
2.981455986502313249e-01
2.390961679765218617e-01
2.492295243741175781e-01
2.990524837052931373e-01
3.030062207671877506e-01
2.834317789046119085e-01
2.853992280034011730e-01
3.040424456641149242e-01
2.309749282037086848e-01
3.065742938557983743e-01
2.967657136401253282e-01
2.499723081301293004e-01
3.048438209929604792e-01
2.851440317092500676e-01
2.996138316406609103e-01
2.761582305966590045e-01
2.869671065882308247e-01
2.596114971536159777e-01
2.462216589678221379e-01
2.357098771891427691e-01
2.563722720067571625e-01
3.014639597756368916e-01
2.799858130226298147e-01
2.971133533762096990e-01
2.689215762984642488e-01
2.881790578213834775e-01
2.533053696566379132e-01
2.408995078290977199e-01
2.938958091154455499e-01
2.722133801930268771e-01
2.486213162476041960e-01
2.294461233411826673e-01
2.378390742154558313e-01
2.788912428671466159e-01
2.920073834439732563e-01
2.834949705239391826e-01
2.778935182611335653e-01
2.746579326764439499e-01
3.052360588102466799e-01
2.942892363259890232e-01
2.580470136618934762e-01
2.944785272860591108e-01
2.875799394460897274e-01
2.935602446009055733e-01
2.276833703894466931e-01
2.681205101347550190e-01
2.959767377982824854e-01
1.924275229134742582e-01
2.729260099760089098e-01
3.042657177765233922e-01
2.104919425397963617e-01
3.030675031399228114e-01
2.588571357339226608e-01
2.908930058723688261e-01
2.965623936469871103e-01
2.381130568987719354e-01
2.945391744562477210e-01
2.667393236520196331e-01
2.818715172825291271e-01
2.819099726400461359e-01
2.493790307160911601e-01
3.045894335788449370e-01
2.977828604644732757e-01
2.863082275059131154e-01
2.953751593106362372e-01
2.631334716763943926e-01
2.112602221500353705e-01
2.703644888036494387e-01
2.730132287869664331e-01
2.854572942876226760e-01
2.373693028466797861e-01
2.580566866129400672e-01
2.587596425517339482e-01
2.726523547600416819e-01
2.520707344569952379e-01
2.914687889145460287e-01
2.916137082121648127e-01
2.813682858370937789e-01
2.805974547090249183e-01
3.016815936389905528e-01
3.013470316778016356e-01
2.894897666677783699e-01
2.594023956290723021e-01
2.985181324927934643e-01
3.029937190790054080e-01
3.058986535870219514e-01
2.980481418285554351e-01
2.962571872714870880e-01
2.827102874483837791e-01
2.849882419414927481e-01
2.706742633141833165e-01
3.045797962429980243e-01
2.678207585911023814e-01
2.692579120868875409e-01
3.066906418859220995e-01
3.029228897610867777e-01
3.013074110785651238e-01
2.959184260648373699e-01
3.029990438423004750e-01
2.578651522824856879e-01
2.479399309468267587e-01
3.033407736693320977e-01
2.851384853859851853e-01
2.179828440366387843e-01
2.725200139999574556e-01
2.678874074363791213e-01
2.901594230733688939e-01
2.626518842659023023e-01
2.230986362115412458e-01
3.029027755260618182e-01
2.995660088270988286e-01
2.790721102254781760e-01
3.036240397756270193e-01
2.915277746350794508e-01
2.902691889156764349e-01
2.741395334806743800e-01
3.026051633260902207e-01
3.055255914367661085e-01
3.000891642794512593e-01
2.628126294603674307e-01
2.851160770300786851e-01
3.024296885409922253e-01
2.937336285446794371e-01
2.468812496232820064e-01
2.970271170999813637e-01
2.982944056521684706e-01
2.912114569334948166e-01
3.015688771744683416e-01
2.981973203353853741e-01
2.335151252302919700e-01
2.892241094733417617e-01
2.534431513105449563e-01
2.794021431515809062e-01
3.011178761271405269e-01
2.633757496100633255e-01
2.496029419277601968e-01
2.463292996433365523e-01
2.972804547458840485e-01
2.819695356398526642e-01
3.013552357322771824e-01
1.902578549299764332e-01
2.862056279352515609e-01
3.012444812890402446e-01
2.821737124394441687e-01
3.033921864755709796e-01
2.642620606171518505e-01
2.877049093043123063e-01
3.047631707906133247e-01
2.898590900228714684e-01
2.473397285131254952e-01
2.970948661947039882e-01
2.900320902848625981e-01
2.547334373376017869e-01
2.735894506501219681e-01
2.626085204187902367e-01
2.577189459179022868e-01
2.996108812406179656e-01
2.973298575778730024e-01
3.054806193502512812e-01
3.069059543903777665e-01
2.965877587566694285e-01
2.906337472242264131e-01
2.542391785682844296e-01
2.871420002663991888e-01
3.071483087282056990e-01
2.774873122432792716e-01
2.972866477533013807e-01
3.052590287455784201e-01
2.734718470905727616e-01
2.488675744488274555e-01
3.064408796271553270e-01
2.908930058723688261e-01
2.746302025093343424e-01
2.659943236527386179e-01
2.698532199804719589e-01
2.426495857848677273e-01
2.697395166273662825e-01
2.833850941431776960e-01
2.253022991875399950e-01
2.773801953960713940e-01
2.865277031357800763e-01
2.611278779144285966e-01
2.438922441134449837e-01
2.604958570873364687e-01
2.224826506613425958e-01
2.826714249442688343e-01
2.925331404588977779e-01
2.305249154894605801e-01
2.854456418152272468e-01
2.789193815958930234e-01
2.823579186396256158e-01
2.581899761204800581e-01
2.841700202955841359e-01
2.536988994866994918e-01
2.643790842490458259e-01
2.836883711014509535e-01
2.719055040602089135e-01
3.068285942382152909e-01
2.904302531035695689e-01
2.884408321753239579e-01
2.381512725344191450e-01
3.000670257592618073e-01
2.980787642125787285e-01
2.884318768484407380e-01
2.593962721013487460e-01
2.587970834037934265e-01
2.997213513784430239e-01
2.811530986398061982e-01
2.744722623756888913e-01
2.448331822905625010e-01
2.488795292927057645e-01
2.378882236338215606e-01
2.616033886169431000e-01
2.948664206996257087e-01
2.984300499861529676e-01
3.049819315616334459e-01
3.039274953172697025e-01
2.904278871254505900e-01
2.500439148799264433e-01
2.684693000824855957e-01
2.904530884967567728e-01
2.967922852719515059e-01
2.867686497318540639e-01
2.886962906480824986e-01
2.932785825425735515e-01
2.808489183968686520e-01
2.612898617029209558e-01
2.586015906961859900e-01
2.040000243792017831e-01
2.928782299572091352e-01
2.671801518863444747e-01
2.837452045142632162e-01
2.736196835043745446e-01
2.704444113206134204e-01
2.966004071679250176e-01
2.914617098282480945e-01
2.964899445303687542e-01
2.781411833663384736e-01
1.740922716802835724e-01
2.910996560945372513e-01
2.583480665700788048e-01
3.064434645454029993e-01
2.956813517832023730e-01
2.924470445944761243e-01
2.998716986907549176e-01
2.662353336275178339e-01
3.004576240422859312e-01
2.977405396266777360e-01
2.448365780113772594e-01
3.042459295995860735e-01
2.983828461924740161e-01
2.986659794662022138e-01
2.270752375599049688e-01
2.776677167661956158e-01
2.728266731371388754e-01
3.071621047421684292e-01
2.371759673297240689e-01
2.449427048380428129e-01
2.344889313401305464e-01
2.617540738471521578e-01
2.363667698715813670e-01
2.870026019707179743e-01
2.970734653468427022e-01
2.152200793479794594e-01
2.892802361340528483e-01
2.775576205177189837e-01
2.862008737590119867e-01
2.722390454403816884e-01
2.906505374196597935e-01
2.513388759488341950e-01
2.376422810135965791e-01
2.277329632576506335e-01
2.967657136401253282e-01
2.671801518863444747e-01
3.063102290420033902e-01
2.888464311159080200e-01
2.988286231120762526e-01
3.041365248224030537e-01
2.500516348363057695e-01
2.683494774786317483e-01
1.895268719357169618e-01
2.692811000445458625e-01
2.079858565886044397e-01
3.012429130105214181e-01
2.899615437909979776e-01
2.577934410625830064e-01
2.775803126521378950e-01
3.059983972779733996e-01
2.874008477552051355e-01
2.711601308444998581e-01
2.517692360546319730e-01
3.009236041052122390e-01
2.869294130677733090e-01
2.323570454152238951e-01
3.053231461757545118e-01
2.656564981949237070e-01
2.489500006358733586e-01
2.951244063022331887e-01
2.916799797760207258e-01
3.027699721374873532e-01
2.805709609032209229e-01
2.882168984674155499e-01
2.876301874390765345e-01
2.746367283489455913e-01
2.783030929098100903e-01
2.778782451788871510e-01
2.391746124224647940e-01
1.938797741919829620e-01
3.065139859114699439e-01
2.924576225753034997e-01
2.775571676357288520e-01
3.012864562083662490e-01
3.004041802353441537e-01
2.714607068161386527e-01
2.799820861959789187e-01
2.712334246897250001e-01
2.995658945072020019e-01
2.796393248778065166e-01
2.926077172218717881e-01
3.016167164990367078e-01
2.911169898663974465e-01
2.363667698715813670e-01
2.751946535089716539e-01
2.632237614472943688e-01
2.578914571367800779e-01
3.064550488191949973e-01
2.824713886109525007e-01
2.557777540058407961e-01
2.729260099760089098e-01
2.381757915063205666e-01
2.198064254816858576e-01
2.945412847683456237e-01
2.462721063319334991e-01
2.561788408562210573e-01
2.752716119822033458e-01
2.105428688455992792e-01
2.970512241099798056e-01
2.173808250144074194e-01
2.676473930306398352e-01
3.068870680293351860e-01
3.023821220560589107e-01
3.033017585754897993e-01
2.715616786273128969e-01
3.040535385901165788e-01
2.573556390213297407e-01
2.832201250188703945e-01
2.571975121768387273e-01
3.015449337084259995e-01
2.671801518863444747e-01
2.191735635424809925e-01
2.971032337085842134e-01
2.527645025237370557e-01
2.657014721661900003e-01
2.594006754318437524e-01
2.898646056252599523e-01
2.871108985748623832e-01
2.356097823159573890e-01
2.734608234180463948e-01
3.045037346512943222e-01
2.839940614312826961e-01
2.780738326446663966e-01
2.562036563112125021e-01
3.057451358598519686e-01
2.352660596736134702e-01
2.783839919176949174e-01
2.999191956784649227e-01
1.927615507282192109e-01
2.515867452372166357e-01
3.032471063404086342e-01
2.412029249727048741e-01
2.379104911841253001e-01
2.652369822707775771e-01
2.415236564285170029e-01
3.031563249322067333e-01
2.622603637213430927e-01
2.870288061755669196e-01
3.062424886225761922e-01
2.972418718505128177e-01
2.913887940385407882e-01
3.011258752957586826e-01
2.543910006431320259e-01
2.750320997877765405e-01
2.940156700171525639e-01
2.947318797442117777e-01
3.008548740047261028e-01
2.452576355016899690e-01
3.036244429083586605e-01
2.956607204056383997e-01
2.959567370896208915e-01
2.765718640873666700e-01
1.626565142254567942e-01
2.724479908382188564e-01
2.118413011017146186e-01
3.037024064324919115e-01
2.873431453373981870e-01
3.012143458762229775e-01
2.224722366876820401e-01
3.051418342354184632e-01
2.685022682869377952e-01
2.659923723538157869e-01
2.277329632576506335e-01
3.052262949829823713e-01
2.803950836079701081e-01
2.512751512386675046e-01
2.572147687465455856e-01
2.075315432583352271e-01
2.881232936438313241e-01
3.051418342354184632e-01
2.130856830912226663e-01
2.174914164020347596e-01
3.009060130246410392e-01
3.025892526389336590e-01
2.912641165499276208e-01
2.874031873668383419e-01
2.919537271794592770e-01
3.068750252836048298e-01
3.002302459647459010e-01
2.925244325913823884e-01
2.983474909913920725e-01
1.842813201903026332e-01
2.710817706515540881e-01
2.066181706296509324e-01
3.050138526963586116e-01
2.397872821364405993e-01
2.519719765021092850e-01
2.844320521405542257e-01
2.896518786074860907e-01
2.987321402539271364e-01
2.054882606419263791e-01
2.381141875253461881e-01
2.882876856814474142e-01
3.047657480280865916e-01
2.567068564285711618e-01
2.959097851400673829e-01
2.957795560834095006e-01
2.944604854570347929e-01
2.724566511520926104e-01
3.034990216457591483e-01
2.746763794873464670e-01
2.512410224750811216e-01
2.977598966139033410e-01
3.014012558833676914e-01
2.863366770714132481e-01
2.601681257032034678e-01
2.932919956618808000e-01
2.520548990909529663e-01
2.737241230756563559e-01
2.736400311261716900e-01
2.837698754858947736e-01
3.040259601715237792e-01
3.039557703292755653e-01
2.748927789523424869e-01
2.933474387428914310e-01
2.833157064236112577e-01
2.988017101503102069e-01
2.949017233152507189e-01
2.895286611466811322e-01
2.401916228469048731e-01
2.615039011219797427e-01
3.002262577324897319e-01
3.006735235162152353e-01
3.030675031399228114e-01
2.539218506782616180e-01
3.020140314153738625e-01
2.588399816065797276e-01
2.646178765440561076e-01
1.661228444235265389e-01
2.824385992832059711e-01
1.643665268537461421e-01
2.372864519002653994e-01
2.230986362115412458e-01
2.658221758577554161e-01
2.996624104604740935e-01
2.965601030721928266e-01
2.663721101895662469e-01
2.663732857298553580e-01
2.796852099937957026e-01
2.827215012651952963e-01
1.937439560122594662e-01
2.954700168533384019e-01
2.088994879329932886e-01
2.408731925654719053e-01
1.983594165236844398e-01
2.411689657799884756e-01
2.722275980039359222e-01
2.297105768038595064e-01
2.383036503647835147e-01
3.052590287455784201e-01
2.715888065363791792e-01
2.887049063572210139e-01
3.010990212099262653e-01
2.680686739461304868e-01
2.531853561388619500e-01
2.992308849926906822e-01
2.667053956604171772e-01
2.389399583101401991e-01
2.851177278269970139e-01
2.916693135198343279e-01
2.951762526234629203e-01
2.277944778308263474e-01
2.544341444963481580e-01
2.905831946091428919e-01
3.005961922886622451e-01
2.753327422974483629e-01
2.191856984930778962e-01
3.059381575197984704e-01
2.890120902932555857e-01
2.815435482737816963e-01
2.774230575230032247e-01
2.669205993780350838e-01
2.555192231271880554e-01
3.000879917880434622e-01
3.056293539954250127e-01
2.574447776127308241e-01
2.811132539557587018e-01
2.801473135278310655e-01
2.768788881189079287e-01
2.954633033815842191e-01
2.981635829958727002e-01
2.976510917446311133e-01
2.871858709229455631e-01
3.014786963212570670e-01
3.016588947096567330e-01
2.615653770954970980e-01
2.799750224844434476e-01
2.324497552095440289e-01
3.070872269572967328e-01
2.487179840372825135e-01
2.876593775757361748e-01
2.905062751671076415e-01
2.903541011030974506e-01
2.995166170670640615e-01
2.445604631397258477e-01
2.709261944803802447e-01
2.960330319602064164e-01
2.756744362226689615e-01
2.523664874490259558e-01
3.029178896882426808e-01
2.688978534374356077e-01
2.634758495353233809e-01
2.473548060898013434e-01
1.760567529350668681e-01
2.711355918517282526e-01
1.978478321111427907e-01
2.968142335349525651e-01
2.902964016272618908e-01
2.812269807309821235e-01
1.883165502210253639e-01
1.585952586457590185e-01
2.901338309324961173e-01
2.611278779144285966e-01
2.427428207812042105e-01
2.895769556274881973e-01
2.544984802526656376e-01
2.967802117384963356e-01
2.232697586013439039e-01
2.814402027798983408e-01
2.967730950113807720e-01
2.987063633285780284e-01
2.867873242656313604e-01
2.810471036091189978e-01
2.970691138566208811e-01
2.638461526381204458e-01
3.033850722599168437e-01
2.891087781389423683e-01
2.864156507438441190e-01
2.877936846953356165e-01
2.841197483121479239e-01
2.968661795026117378e-01
2.246912889850714579e-01
2.753751789334638045e-01
2.495952815236349986e-01
2.868432589195043514e-01
2.973371782170859401e-01
2.488341437761590058e-01
2.401726558383440735e-01
2.643790842490458259e-01
2.658862873113063685e-01
2.733524872173070941e-01
2.722891916215404162e-01
2.929888353343112484e-01
2.912689164220477744e-01
2.927109233581871583e-01
2.427452916550567052e-01
2.010657251785132049e-01
3.019471765660465823e-01
2.718040169216529023e-01
2.655246750811581236e-01
2.976794296006050611e-01
2.611277778492357982e-01
2.848613497941553385e-01
2.891999489896257547e-01
2.660100848851629229e-01
1.686678347856441496e-01
2.260306442231642121e-01
3.043428408429451615e-01
2.906637905044762160e-01
2.969514517966179157e-01
2.836648029710549523e-01
2.984223653576457136e-01
3.071748534874377268e-01
3.005726785605031259e-01
2.688978534374356077e-01
2.891153188592465173e-01
3.012429130105214181e-01
2.907596208507725599e-01
2.948134768186708721e-01
2.931252988655387859e-01
2.619656942554494106e-01
2.456470597994602489e-01
3.064425268700370908e-01
3.040662862640272079e-01
3.036599800460686449e-01
2.409595138041056017e-01
2.816236277567837898e-01
2.697165775189111492e-01
2.676791130714197831e-01
2.110250151775833471e-01
2.279890972504166058e-01
2.844379667737887418e-01
3.030675031399228114e-01
2.471390420205498428e-01
3.064655991150584402e-01
2.941850738232874019e-01
2.500857520804444234e-01
2.557646937653086927e-01
3.023041335865191415e-01
2.342165020558309441e-01
2.867873242656313604e-01
3.065742938557983743e-01
2.831177151251378366e-01
2.911949976666693973e-01
3.005556549644058384e-01
2.043158230902409334e-01
2.752101840489178386e-01
2.696998902930190511e-01
2.988544748128274531e-01
2.945418911220193947e-01
3.054298404529663391e-01
2.604691748450728150e-01
3.066701554766573246e-01
2.896815355163389061e-01
2.534993253795994606e-01
2.843368211335582374e-01
2.708197653037511254e-01
2.902874616358812609e-01
2.859404912425313472e-01
2.907880117124309050e-01
2.653086256840755386e-01
2.436952455940256113e-01
2.897652116919320897e-01
1.525180939645564560e-01
2.687034959005885071e-01
2.869853915508057129e-01
2.938376438129893242e-01
3.043893211592854087e-01
3.006573250196701297e-01
2.794059212952741400e-01
2.537508947409837234e-01
3.028127952352813734e-01
2.732087035738227643e-01
3.053986549768308856e-01
2.678207585911023814e-01
2.710010848207315415e-01
2.826309393450708862e-01
2.624901376580470735e-01
2.978919496681749490e-01
2.796393248778065166e-01
2.711327461784620030e-01
2.899563986710469443e-01
2.581854048455725081e-01
2.747188601593997803e-01
2.435623696916882630e-01
2.876902711990111938e-01
2.330217922995825308e-01
2.903251657589367984e-01
2.998486021935920509e-01
2.920053766666602657e-01
2.895193904474892554e-01
3.033197357850993536e-01
2.124896622078064068e-01
2.860520030726406149e-01
2.790674352821951310e-01
2.953236036375200269e-01
2.996025198170712556e-01
2.877591333808752760e-01
2.514798236272839382e-01
2.699218106730769118e-01
3.003715466663259281e-01
2.426452220933968118e-01
2.428750707769968820e-01
2.792993287979225192e-01
3.067422854488084383e-01
2.315349509134764228e-01
2.458966029128069608e-01
2.522707212672158361e-01
2.550525392416832515e-01
2.701944607634844675e-01
2.967657136401253282e-01
1.854059125068765190e-01
2.916080753104117185e-01
1.386827250875045103e-01
2.708823237258040084e-01
2.915942235727400633e-01
2.623494016255111805e-01
2.990560708385497923e-01
2.397800217479528762e-01
2.905289272302907788e-01
2.987284108154092954e-01
3.064892070384694911e-01
2.861483282392651706e-01
2.230376673760039730e-01
3.068371223219560906e-01
3.004964065199149381e-01
2.988212918120631834e-01
2.800606080363979844e-01
2.761764381354733788e-01
2.623659928896819316e-01
2.820847501166285909e-01
2.684789930628793120e-01
2.577948227731315933e-01
2.936134022095476248e-01
2.522677545956310552e-01
2.527631061216810693e-01
2.843501037703449752e-01
2.686586638652404546e-01
3.068548047062086281e-01
2.862724151176387899e-01
3.019746517981758971e-01
2.325016128548535732e-01
2.074239390645329639e-01
2.926678665616089803e-01
2.904747253330496881e-01
2.975651343926107306e-01
2.951003558741868704e-01
3.053329049671700823e-01
2.707086416119779404e-01
2.965381711096785056e-01
2.460079970990416420e-01
2.169822247751464206e-01
2.951762526234629203e-01
2.937512565500237649e-01
2.964502387572674480e-01
2.656888373192994313e-01
2.734001475179340668e-01
2.981958079627129998e-01
2.216716984500097520e-01
2.824220215924100330e-01
3.069993991789661258e-01
2.783233741577008646e-01
2.780651740643482195e-01
2.802704502793368357e-01
2.721911226701789754e-01
3.041444386289893220e-01
3.012864562083662490e-01
2.397513331273268822e-01
2.925647492421362128e-01
2.895531419791836369e-01
2.952993636907019215e-01
3.010017591167195583e-01
2.687895406237895690e-01
2.987914490207482787e-01
2.984882404793934296e-01
3.038259309771353944e-01
2.895997423093909506e-01
2.423668767749843356e-01
2.780249930589032137e-01
2.843944605926210789e-01
3.071285394494179810e-01
2.738216328070061656e-01
2.793078412789505860e-01
2.998966877146759247e-01
2.228173452643568975e-01
2.897884351327417174e-01
2.980787642125787285e-01
2.624009766613762951e-01
2.982236875717846347e-01
