2.680518717835143505e+00
2.729366036293411124e+00
3.062621972978921026e+00
3.079279517121671805e+00
3.153109833713567678e+00
3.208055616234841700e+00
3.308183292170985723e+00
3.136153127373023430e+00
3.328358752734877246e+00
3.286260193630889948e+00
3.115728729458691504e+00
2.694879387520215719e+00
3.222595799376027692e+00
2.186525005854690118e+00
3.034163885967632091e+00
2.387450339241290909e+00
3.207493831887668900e+00
3.052088309898207008e+00
3.210033546572810703e+00
3.248247372656632770e+00
2.648369540174445813e+00
2.839001585550136486e+00
3.069743407495934218e+00
3.039500756790255664e+00
3.221929747823574886e+00
3.295279131287252472e+00
2.234047287533098558e+00
3.042645681057648321e+00
3.227729682981032688e+00
3.298853073268635860e+00
3.284120247604168874e+00
3.326356463646658490e+00
3.111415765705988434e+00
3.109055165527202735e+00
3.162443262561277724e+00
3.065313636737506897e+00
2.939701728072288578e+00
3.182999079426594768e+00
3.197676386036127916e+00
2.949587318103475742e+00
3.210572294369719692e+00
2.431434399662612655e+00
3.177846896350868366e+00
3.088195792427273823e+00
2.661191055442265974e+00
3.298379157504122361e+00
2.869240029645007350e+00
3.259900351121113538e+00
2.901792383082864024e+00
2.796381146985384092e+00
2.688776519621304040e+00
2.378230017167559662e+00
3.010129608298694137e+00
3.081905684176088567e+00
2.280608660656036069e+00
3.159542941816789074e+00
3.189199519652544890e+00
2.377843984715652059e+00
3.322706213434893030e+00
2.587859413256758501e+00
3.062081883979334673e+00
2.748985977549174287e+00
2.785740494776825393e+00
2.561564256363663805e+00
3.018972637859135943e+00
2.935428197682596885e+00
2.907846517533294151e+00
2.506694666283499018e+00
3.285411845412693488e+00
3.138355875891132740e+00
2.271141077419021048e+00
3.158897719136910087e+00
3.104530662026014909e+00
1.880637555068586098e+00
3.295007528995599788e+00
2.943924536173748940e+00
2.678288100472467903e+00
3.247364908829530883e+00
3.004306632890623163e+00
2.622878007543526735e+00
3.329776915124520453e+00
2.836539226815497639e+00
2.915164254516913189e+00
3.118125066724699579e+00
2.775348854609605898e+00
2.880785247014672201e+00
2.784753879923953956e+00
2.770835944662191075e+00
2.644537477237340450e+00
2.969688803116389941e+00
3.322207608140811619e+00
3.276561222691872999e+00
3.123340851339899249e+00
2.638835480599062144e+00
2.483053393258914276e+00
3.090529744553927927e+00
3.286252310288749090e+00
2.900077712461889057e+00
3.288077715649978749e+00
3.322026101682078458e+00
2.977133904215109261e+00
3.320197185315481914e+00
3.220951411596693958e+00
3.178827417781317166e+00
2.461306002704130691e+00
2.779186812313207966e+00
3.175338556194603701e+00
2.393083198963056546e+00
3.016221917854395418e+00
2.148079880675177744e+00
2.319370906463071424e+00
3.272840396327898027e+00
2.533574934258955746e+00
3.289896679949216640e+00
3.216577081336504218e+00
3.307492027937651180e+00
2.991604265971841148e+00
2.597565229633004957e+00
3.081767565013119103e+00
3.169201759905316607e+00
2.780484527809881534e+00
2.727062657488719566e+00
3.157303539826930905e+00
2.990887590374100569e+00
3.251583465274797913e+00
3.173516697905760076e+00
3.222722277256508505e+00
2.775756066981732939e+00
3.209747581038795872e+00
3.207416944621523047e+00
2.687532562228296396e+00
3.267886033559440850e+00
2.790015907464055367e+00
2.414090104072174725e+00
3.044510980515133358e+00
3.140194865555939518e+00
2.936256597324861328e+00
2.902760141979841446e+00
3.205844703808464757e+00
2.815372692433680601e+00
3.170429139237369132e+00
2.338186387289920454e+00
3.101753167085449459e+00
2.957859392534379239e+00
3.333402811787767206e+00
3.274184885731971306e+00
3.308505691274578275e+00
3.198173326494105240e+00
3.241760080948036027e+00
2.966346918898729701e+00
3.148652539784553284e+00
3.238856359529883377e+00
3.208899176035090672e+00
1.951539190351857300e+00
2.657221053834069924e+00
3.017082504263867815e+00
3.254131022820800023e+00
3.261780614046729809e+00
2.830877467296763150e+00
3.306858236028859199e+00
2.990471382223641061e+00
2.967303483418560539e+00
3.036652190256907247e+00
2.779346723225305738e+00
2.765045042330587677e+00
2.573807428657374885e+00
2.915078489559618458e+00
3.244654322423893955e+00
3.213726506788666004e+00
3.236374760795865058e+00
3.133187780778792231e+00
2.886684653572670456e+00
3.016015528707441273e+00
3.036329095760740060e+00
3.107267464436004545e+00
2.440596798464266026e+00
2.825942734602397088e+00
2.838204238293510873e+00
2.808006697715684119e+00
3.319810138413919809e+00
3.079405989178614522e+00
3.109829446719727830e+00
3.017230766335720737e+00
2.597637982469962026e+00
2.878211332834908376e+00
3.213693580011112605e+00
2.866310289199058392e+00
2.815544414731459000e+00
3.193489076755490430e+00
2.512054176899900515e+00
3.328584743145035496e+00
3.067529069265817476e+00
3.238642811691724965e+00
2.047117858830522330e+00
2.979389649806893470e+00
2.822293038412309052e+00
2.761005661365761643e+00
3.000926765099868998e+00
2.914609721498217176e+00
2.952073920617351188e+00
3.208390399452600850e+00
2.476267999379985874e+00
2.844748171035553330e+00
2.616594710527486267e+00
3.039036188997756849e+00
3.225360527513606801e+00
2.804070600500795596e+00
2.994122282609881669e+00
3.210226473975316352e+00
3.325087165472620843e+00
3.275786218949867212e+00
3.147159151668741384e+00
2.965799619188402403e+00
2.747238166276848137e+00
2.887281816189870121e+00
3.301748519380502955e+00
2.816398176996585789e+00
3.235743849019786289e+00
3.177660874333881669e+00
3.069779917958480375e+00
2.662909429233838221e+00
3.125577394170105716e+00
3.177846896350868366e+00
2.811055322869084883e+00
3.326535163264679351e+00
2.846402785569906335e+00
2.806433623701919622e+00
3.289622445566983355e+00
3.264457063722212560e+00
3.084244518787509826e+00
3.119314922576792881e+00
3.209002840132284540e+00
2.625577308649853059e+00
3.023657197210623870e+00
3.042645681057648321e+00
2.910923841886860597e+00
2.753857775065171154e+00
2.808704317302375131e+00
2.607408901378721833e+00
2.987566742636701189e+00
2.706859458636897919e+00
2.772919390935943973e+00
3.309609161834357050e+00
3.190830603013945499e+00
2.971821868511364872e+00
3.079495794184933466e+00
2.708333671909488150e+00
2.910172818367593450e+00
2.803328836221561815e+00
3.059673947520905823e+00
3.030933672880019358e+00
3.190538632447855516e+00
2.780550028851343392e+00
3.061686409914784690e+00
2.969963220468477605e+00
2.872942145435062322e+00
3.158015460826338661e+00
3.143834840306819256e+00
3.097796904198838686e+00
2.755623850928332175e+00
3.172952696394118810e+00
2.481803116256590336e+00
2.608511005109962699e+00
2.359140564610470836e+00
3.311636101259158416e+00
2.966832409832955264e+00
2.996247880569123279e+00
3.005293612669290848e+00
2.304704129312789007e+00
3.038212347357212462e+00
2.782121472444858412e+00
2.147648941933536726e+00
2.866246687343017463e+00
2.504378967273228618e+00
2.522462860567174392e+00
3.266604395685936524e+00
2.938675256694450066e+00
2.713661666272794371e+00
2.189933450262538273e+00
3.173882768478558880e+00
2.304096386600224200e+00
3.302979694112457398e+00
3.240932407800561688e+00
2.847769802885145474e+00
2.937184378558962194e+00
3.074388160547345095e+00
2.364519406332014295e+00
2.991004313192688890e+00
2.901804044067443300e+00
3.032930907486822480e+00
3.213396181358661785e+00
2.907887468762449856e+00
2.971062237843028697e+00
2.874928377000753432e+00
3.224612760168296788e+00
2.982912725463073400e+00
3.274571875436954826e+00
3.004995981953284989e+00
3.023657197210623870e+00
3.042645681057648321e+00
2.878645828516018135e+00
2.272219834442346098e+00
2.909454509556294699e+00
3.276485853325860731e+00
2.667428809815502344e+00
3.203943470454655440e+00
2.664223568395170272e+00
3.206271855033886009e+00
3.323636162770810643e+00
3.043665353186025158e+00
2.171977538513847783e+00
3.158410437467391585e+00
2.869175441725531961e+00
3.053004676659536010e+00
2.816488043242435513e+00
3.084244518787509826e+00
2.854502926722205736e+00
3.212435974090746438e+00
3.077766975369979896e+00
3.203885261069814305e+00
2.760958194162066448e+00
3.259913620861482286e+00
2.933357897016141358e+00
3.187535425036145398e+00
3.324353953543470741e+00
2.306212268239965280e+00
2.922133588789890268e+00
3.318600919683614592e+00
3.271185157057360016e+00
2.853250118427098858e+00
2.143515639720847687e+00
2.586283332480866726e+00
3.217639072371178965e+00
3.188145526198534530e+00
3.075335304925138846e+00
3.030341301852346181e+00
3.209644542010982260e+00
3.166806163312411382e+00
2.878262967930766969e+00
2.893219175165034240e+00
3.133187780778792231e+00
2.901939432064743141e+00
2.841684254335390847e+00
2.625577308649853059e+00
3.154959588815150706e+00
3.300369551951393365e+00
3.305954028946171519e+00
2.912412146942036095e+00
3.113348912666385360e+00
3.130260966612736340e+00
3.296566578102158473e+00
2.790240859505867643e+00
3.151926876277466150e+00
3.319919716546708699e+00
2.958053894383382509e+00
2.734581010326082584e+00
3.197761530733178148e+00
2.933731110014527577e+00
3.170323693650513253e+00
3.136376234682372477e+00
2.915834263008731941e+00
2.811953832456874469e+00
2.688306313533417313e+00
2.565807944846535626e+00
2.976806893919070163e+00
3.116964637680481154e+00
3.227998098845703101e+00
3.264457063722212560e+00
2.338492816755639137e+00
2.522462860567174392e+00
2.804574039819808462e+00
2.545722371609804302e+00
2.885822804276664044e+00
2.823429724568910615e+00
3.217639072371178965e+00
3.145604327801026390e+00
3.293336317423503967e+00
3.254263102482768844e+00
2.837080840741086796e+00
2.682055708008359129e+00
2.711461140365290845e+00
2.737406226583542601e+00
3.204885570829766550e+00
2.254277390922263535e+00
3.280229233131457534e+00
2.989645608198783222e+00
2.578835135834192549e+00
2.666540926836384884e+00
2.995023858845260900e+00
2.891268616214291765e+00
3.247490953701321459e+00
3.309067372990031508e+00
3.159611839609644424e+00
3.263379294121300234e+00
2.672834841442369935e+00
2.761471365361808150e+00
3.132478214150961726e+00
3.109525997859052815e+00
3.178054054909637216e+00
3.318056884121964423e+00
2.945498610070276246e+00
2.476267999379985874e+00
3.132662336955595705e+00
3.297249473504547446e+00
3.104342248251206193e+00
3.305114835794423556e+00
3.134470764045926838e+00
2.932641578256153903e+00
3.279292605731212173e+00
3.098070188646897538e+00
3.121410097665557881e+00
3.157284768365668626e+00
2.998413620561449999e+00
2.784120471631327032e+00
3.068728390976210196e+00
2.822693781248915457e+00
3.204227732153766439e+00
2.767282840569350366e+00
3.281283548832485408e+00
3.033430687569690587e+00
3.127413051820619572e+00
2.929660896003202009e+00
2.968350894477735924e+00
3.063038382158012940e+00
2.886030526926699924e+00
3.054986556513587193e+00
2.073699326745504834e+00
3.229405400416149874e+00
2.798569787927385644e+00
2.986223061480927310e+00
2.981762679516010373e+00
3.248290322710509770e+00
2.460991826007971284e+00
2.777038649602411535e+00
3.136384371941260518e+00
2.751496528553466714e+00
3.149687528666856196e+00
3.205325028300251233e+00
2.776911529383387922e+00
3.281413972688874026e+00
3.065802992653310355e+00
2.782609539447659763e+00
2.788243752061943415e+00
2.663624778711318086e+00
3.322979809396978013e+00
2.812379347190543388e+00
3.307492027937651180e+00
3.012312170116019594e+00
3.061623889987743041e+00
2.643425067993693478e+00
3.155604185762471037e+00
2.275131974367667009e+00
3.268985594289284258e+00
2.906612281038328138e+00
2.913049109560884808e+00
3.265914723645887197e+00
2.517927160899889216e+00
3.016742330148417306e+00
3.229283739972166778e+00
2.779091836881632638e+00
2.915205495447553918e+00
2.782083260095799648e+00
3.308980769427971147e+00
3.197761530733178148e+00
2.764614536140223677e+00
2.458070353607383129e+00
3.113443940763477524e+00
2.955489600441330467e+00
3.119616718198127359e+00
2.791149951129025197e+00
2.916119251184956962e+00
3.251456785285284923e+00
3.020712198151086714e+00
3.128834130259309898e+00
3.169492151481483333e+00
3.061821384055924522e+00
2.794808698636237487e+00
3.044136583255535822e+00
3.254264796176370655e+00
3.276085998269751443e+00
3.247257011640953372e+00
3.013846031184439056e+00
2.902623182178144301e+00
3.274154122755332796e+00
3.272085544976944149e+00
2.319905879186566100e+00
3.264152889687752523e+00
3.091888756704208596e+00
3.311144113800429167e+00
3.132044560327932547e+00
3.304378810267283750e+00
3.196671696961461695e+00
3.327352944743827035e+00
3.164769862280440549e+00
2.896879537872317556e+00
3.016721932627757674e+00
3.331899756764220122e+00
2.772919390935943973e+00
3.298253082562415450e+00
2.370110188075978730e+00
2.679498767560288819e+00
2.611818942372480912e+00
2.879258822673043561e+00
2.943322921594404118e+00
3.255568765914434337e+00
3.234811447596030121e+00
3.130570921475585244e+00
3.261402489409077177e+00
3.324265056044469091e+00
3.008291373760008103e+00
2.997802832690187103e+00
2.899406679285007726e+00
1.706485095454091772e+00
3.264715507557442997e+00
3.092788241614082168e+00
3.162564078834837922e+00
2.961707834090288038e+00
3.194783711729918263e+00
2.964593590592680794e+00
3.266439140094224314e+00
2.951004116132151633e+00
3.276474083974858509e+00
2.978427149185292055e+00
2.996097840747109942e+00
3.148409398827177519e+00
3.184426523523453234e+00
3.078710790062111791e+00
2.761298029101206364e+00
3.176860006243750867e+00
3.007649940166351232e+00
2.770055991727312428e+00
3.227974364098940896e+00
2.968279774470095056e+00
3.321004917769573073e+00
3.079024670773221839e+00
2.792226829243462660e+00
3.331038795184939616e+00
2.916193472005581988e+00
2.644389573869530441e+00
3.250375680619266294e+00
2.716756821564338509e+00
3.163791567868962318e+00
2.143523075925711119e+00
3.216077784818310636e+00
3.261301606868455494e+00
2.962274303580835433e+00
2.864509646030700019e+00
3.259130160497037743e+00
3.299702577853307339e+00
3.064175185844431493e+00
2.964618633680609516e+00
3.236713553433488322e+00
2.355395925684477199e+00
3.110241818079203746e+00
3.082940520118103489e+00
2.724857310679554612e+00
2.970583880405691879e+00
3.053282850022788431e+00
2.770835944662191075e+00
3.287769526432552603e+00
2.831058254001999064e+00
3.297093191130973100e+00
3.314819616849057127e+00
3.156757412313532463e+00
3.155265306702100148e+00
2.859713612417223771e+00
2.875494652771188875e+00
1.697282203714590265e+00
3.170533850064341852e+00
2.918010110152037928e+00
3.040434867258540397e+00
3.279516031574431612e+00
3.329584608584359895e+00
3.022619282573360433e+00
3.274672551084821137e+00
3.281434299869356419e+00
3.012164598127530013e+00
3.021874285721435349e+00
2.960376439965176854e+00
3.038097766752976714e+00
2.917567202936673265e+00
3.210657010701496894e+00
2.697434850587268063e+00
3.270214304965712415e+00
2.693316246096243205e+00
2.844855368358661263e+00
3.295677711555954126e+00
3.181495334156509536e+00
3.313425434483194820e+00
2.311040453082034318e+00
3.317107783900331341e+00
3.310492275482729063e+00
3.231760645338293436e+00
3.145693083960724223e+00
3.161259169898094523e+00
3.075248032654251507e+00
3.090529744553927927e+00
3.037544567221289515e+00
2.216199021174905859e+00
3.271155627622583495e+00
2.902630440224190256e+00
2.715783784536324408e+00
3.210623799259084699e+00
3.301222964109749913e+00
2.747238166276848137e+00
2.308455932903113350e+00
2.721218541536137625e+00
2.698571376108671149e+00
3.154240171218817501e+00
2.961689161254157820e+00
3.125157881498540124e+00
3.213396181358661785e+00
3.159102077517775609e+00
2.536193541007131014e+00
3.212369391313576017e+00
3.333719293362237046e+00
3.245632884947849739e+00
2.720241993719771934e+00
3.305784813854586890e+00
3.073612453222428265e+00
3.193294614179255309e+00
3.036329095760740060e+00
3.040760720781294335e+00
2.899675914646270058e+00
1.504733988217917373e+00
2.497870722579966341e+00
2.776126730610895876e+00
2.887384865237999421e+00
3.329039278614441599e+00
3.327560682542761050e+00
2.862362090447012619e+00
3.293466361861478120e+00
2.802248767021313647e+00
2.938055029870590751e+00
3.137372032033897362e+00
2.849308336724092783e+00
3.201302281736543520e+00
2.913994298159575891e+00
3.294804248844104944e+00
3.006916195131024150e+00
2.885008458312157575e+00
2.782609539447659763e+00
2.936262010601538908e+00
3.077157206209529594e+00
3.069101501408363131e+00
3.220671975664661790e+00
2.953093551325989718e+00
3.308310888394507820e+00
3.179968502106004902e+00
3.047121184728801779e+00
2.802248767021313647e+00
3.332776214777244839e+00
3.117913120654844938e+00
3.203506833937573628e+00
3.012665985278754732e+00
3.297093191130973100e+00
3.003553970260917971e+00
3.141396106742621264e+00
3.147301331842007777e+00
3.297667604701525423e+00
2.913614122154288388e+00
2.499035986432206258e+00
3.084356050632378832e+00
2.796881775057837860e+00
2.853331303354731396e+00
3.165926399061917529e+00
3.133807468242824523e+00
3.016713979271901103e+00
2.584540061606726447e+00
2.790384753246911487e+00
3.252814671559204562e+00
3.087566466681391120e+00
3.128433882969871682e+00
3.211735124878108749e+00
3.297007264924245895e+00
3.307355145377787853e+00
2.614039190648062227e+00
3.233573921580133348e+00
3.316325589515779271e+00
2.680196381873690026e+00
2.957775059595616263e+00
2.912569991276230397e+00
2.928721350858495942e+00
2.500432543085071568e+00
3.135264370019852809e+00
3.327723806748858149e+00
3.027283551564100783e+00
3.073685477963425505e+00
2.914527578826436205e+00
3.143212549364043262e+00
2.970218161177152982e+00
3.252318888026309196e+00
2.611818942372480912e+00
3.316683031898179479e+00
2.389819883380837062e+00
3.307505451964198873e+00
3.006078613008040801e+00
3.237130409756617144e+00
2.439820277384333380e+00
3.192073674060048383e+00
3.092915642505635887e+00
2.361828405131943143e+00
3.127902626665671981e+00
3.209219917352351459e+00
3.154084476546779481e+00
2.640174079890540870e+00
3.189541749678409754e+00
3.194161277815369182e+00
3.312987425305383038e+00
3.212619481213766726e+00
3.168853356935594334e+00
2.894618326414019727e+00
3.212284975783996632e+00
3.209424772291010974e+00
2.845372327739142726e+00
3.270404948221208308e+00
2.325324689993519822e+00
2.658445350180559164e+00
3.201107765452818388e+00
2.792226829243462660e+00
2.872265772227225789e+00
3.264540877735965463e+00
2.865135595038228011e+00
2.996685402198902448e+00
2.861607116896978553e+00
3.282694828592394032e+00
2.441229895414451345e+00
2.497395879552641418e+00
3.129849440288841045e+00
3.327061647862145755e+00
3.032010713607845354e+00
3.199565570659419489e+00
3.244091728586234957e+00
2.806489016677112591e+00
3.160554340644745164e+00
2.475268619620574206e+00
3.145884376071520272e+00
2.589599929922723032e+00
3.145706458458985555e+00
2.693673786892589739e+00
3.125406936977295658e+00
2.602188980181812550e+00
3.115750092876012012e+00
2.984665934351669492e+00
3.067370250507869933e+00
3.156353008646794134e+00
2.561421961789857704e+00
3.126074407135315258e+00
2.905440144226151933e+00
3.113677859090983269e+00
2.969730997119035099e+00
3.231027501929359946e+00
3.239263109351246062e+00
3.138273681610435517e+00
2.662633383282745569e+00
3.049119244852399824e+00
3.073144026352938596e+00
2.526611132280810246e+00
3.284559383080192241e+00
2.874608427233924957e+00
3.252636654714689879e+00
3.298288192361878757e+00
2.261904154159630753e+00
3.143834840306819256e+00
3.098070188646897538e+00
3.296839643731096281e+00
3.246546326365203683e+00
3.270334531285596036e+00
3.071264071112111971e+00
3.120863826999143331e+00
3.015070540281522327e+00
2.778324311915555178e+00
2.920915554580759022e+00
3.192643493939496313e+00
2.699320312954059276e+00
3.046252768069447114e+00
3.277799660092846068e+00
3.223513644310513460e+00
2.870894485013329778e+00
2.851967412045905093e+00
3.019765296218070549e+00
3.293912284800502910e+00
3.121544085989013340e+00
3.141442918098554582e+00
3.090529744553927927e+00
2.565431127125821664e+00
2.620237865215985451e+00
2.792524629108390943e+00
3.117656400537743178e+00
3.223740581614201961e+00
2.143364183174951698e+00
2.622624995575851159e+00
3.090349282536183573e+00
2.983701486752703858e+00
2.819723617958767914e+00
3.226598531383052748e+00
2.831848615444647610e+00
2.427109286286893042e+00
2.784969760206950973e+00
3.190521472895159416e+00
3.147364955240927742e+00
3.291460431658318253e+00
3.330442871875046951e+00
2.869175441725531961e+00
3.109055165527202735e+00
3.049145228516167982e+00
2.609653477053760273e+00
3.305628953963442029e+00
2.893219175165034240e+00
3.237142073974116130e+00
3.317861476086207961e+00
3.240112745741984934e+00
3.297380110063511172e+00
2.861642617690026036e+00
3.212500064839574954e+00
3.229084554259394668e+00
2.942161839325213801e+00
2.878499181505747906e+00
3.106165167212952660e+00
3.178054054909637216e+00
3.199565570659419489e+00
2.926075265342854337e+00
3.203191630028433767e+00
3.003403877282834866e+00
2.924435598760792399e+00
2.816642875143219538e+00
3.045970267131457021e+00
3.207861999809570541e+00
3.214116027036728607e+00
2.743735272960201144e+00
3.241819001360165764e+00
3.211408608678659071e+00
3.279616090784208016e+00
3.297680732931582703e+00
3.328170165269569658e+00
2.919860495432572201e+00
2.609207895726857629e+00
2.636565799685830491e+00
2.800108963211044522e+00
2.969908498101204941e+00
2.631638352896450872e+00
2.565807944846535626e+00
3.035535436423822730e+00
3.127788097024627678e+00
3.226069554649370730e+00
2.897813692709266142e+00
3.315599353024403229e+00
3.107174548324715069e+00
3.198612291893978554e+00
2.931621198830263619e+00
2.926358090533764500e+00
2.737406226583542601e+00
3.164579098043753369e+00
2.950876044210356319e+00
2.638661417670679299e+00
3.266413289814579901e+00
3.290883839076716999e+00
3.307036730584152817e+00
3.167432914671015176e+00
3.238363667207166952e+00
2.484435721425067189e+00
3.208614846947719368e+00
2.882715002829908446e+00
3.068352411313266970e+00
3.120334871227070650e+00
3.027571729205388085e+00
3.069779917958480375e+00
3.242921470228318892e+00
3.223708180178995963e+00
2.262753090983286253e+00
2.695386719699697675e+00
2.850145892749017307e+00
2.585422083179229613e+00
3.153841216748639376e+00
3.222075748390462735e+00
3.223513644310513460e+00
2.935571478238780951e+00
3.282659813320843778e+00
3.092941985150211348e+00
3.185344457411468433e+00
3.306337417729454664e+00
2.822898514242583534e+00
2.812379347190543388e+00
3.129291843364124581e+00
3.179723771054166814e+00
1.673520892526273451e+00
3.281302536515224855e+00
3.287707735240335438e+00
3.025830164669490063e+00
3.328020639021974425e+00
3.069101501408363131e+00
2.959216655686334185e+00
1.763561886261803879e+00
2.793965495171246260e+00
3.295225723578979249e+00
2.391920565648327557e+00
2.696553721615241095e+00
3.307473093947123299e+00
2.873536655479758117e+00
2.494058660979619368e+00
3.112075005737626743e+00
3.177846896350868366e+00
2.797404383786498361e+00
3.198668322187170787e+00
3.233889559879277176e+00
3.166218278145993104e+00
2.628352496334392274e+00
2.583431859352743665e+00
3.016221917854395418e+00
3.060371793568545939e+00
3.114130753079924485e+00
2.948549572343099445e+00
3.268383071588910838e+00
2.999353194098983710e+00
2.993065705309912783e+00
3.192914463757719368e+00
1.697282203714590265e+00
3.292000829432540243e+00
3.140004421462632589e+00
3.297088105426245086e+00
3.047417744473474244e+00
3.280636498584396321e+00
3.255258024838293185e+00
2.858763552772134453e+00
3.084230115513068249e+00
3.258202630751786621e+00
2.653186704417395347e+00
2.521759639832974909e+00
2.987671245381585461e+00
3.321744908100424443e+00
3.296566578102158473e+00
3.090268097423537696e+00
2.715783784536324408e+00
3.305520429825739903e+00
3.257885181622516946e+00
3.146469081516404476e+00
2.601327653038303378e+00
2.854693065342050584e+00
3.110843908739455266e+00
3.144850371240491160e+00
2.466952218627568527e+00
3.329051423303772239e+00
3.007491894202376947e+00
3.209688894794189729e+00
3.154552918893648972e+00
3.096817401224765121e+00
3.250107035868725625e+00
3.042645681057648321e+00
3.143636340059090983e+00
3.099053601899730559e+00
3.057200355579282380e+00
2.699759975613084784e+00
3.096606974423271819e+00
2.868066024727514929e+00
2.919963259148984580e+00
2.746991357466117556e+00
1.882424265691983400e+00
3.284152344831947623e+00
2.601327653038303378e+00
3.175584092108391321e+00
3.199565570659419489e+00
2.482918564021083352e+00
3.248197682365044692e+00
2.638701429152176203e+00
3.267317102628313652e+00
2.143546649043790442e+00
3.063359897773030749e+00
2.888662637557837698e+00
3.095047423088935545e+00
3.322584455566574224e+00
3.318308590763917820e+00
3.099301619093176807e+00
3.152648536800090273e+00
3.160578896722360920e+00
1.886906601102694703e+00
2.641518077123349073e+00
3.270635197752400636e+00
3.103661325160141704e+00
3.027824427078380509e+00
2.414946351162994276e+00
3.161406653299478453e+00
2.832193056506330464e+00
3.251708321820825809e+00
3.017230766335720737e+00
2.935502047897450950e+00
2.976137059335362878e+00
3.123432942788669564e+00
3.073929951311922704e+00
3.131828962675652139e+00
2.861607116896978553e+00
3.030381605597055383e+00
2.629958364174298513e+00
3.023461501242303395e+00
2.942807936571334437e+00
2.906612281038328138e+00
2.832662482167636053e+00
3.184067760324107432e+00
3.201107765452818388e+00
2.683218049132436001e+00
3.146375247668976805e+00
