3.907070042136535193e+00
3.617540028602857394e+00
3.939228134566747919e+00
3.654241406466715247e+00
3.353330701163200089e+00
4.005657719320305787e+00
2.862862772506335141e+00
2.662838560605169214e+00
3.242608464171550242e+00
3.522574961024638629e+00
3.861072536275929501e+00
4.025380104740368559e+00
3.079249924561258567e+00
3.691997150654268367e+00
3.411687829483884826e+00
3.080634332923193330e+00
2.990803982504744774e+00
4.052130188406332323e+00
3.520384073379481116e+00
2.970186107945303355e+00
3.285772934310999815e+00
3.561965417024836267e+00
3.991899397688716267e+00
3.970789976742154170e+00
2.852457109518330647e+00
3.358036244777578005e+00
3.536860553614207259e+00
3.737809783444788536e+00
3.406983901947263860e+00
3.479154376379197888e+00
3.515047343792519818e+00
2.840824019374888820e+00
3.045796447802271878e+00
3.016512250372030746e+00
3.607038157627493913e+00
2.900649361342052757e+00
3.600551999476365062e+00
4.010173081647986137e+00
4.087569721362760866e+00
3.993296028566806655e+00
3.568398830298574964e+00
3.498026198685741495e+00
3.879830078381554692e+00
3.809017519264442431e+00
3.552920843159625974e+00
3.383638158194040013e+00
3.985080234505762764e+00
4.018904950074687399e+00
3.961811429014051811e+00
4.042158643624604863e+00
3.157930762930750035e+00
3.411825048995603460e+00
3.750119924351642098e+00
4.034352996461885610e+00
4.040141805524656959e+00
3.596429683213951733e+00
3.845436392984431517e+00
3.961811429014051811e+00
3.341092528017674201e+00
3.334548189956468622e+00
3.809692562744601219e+00
3.149394540589655733e+00
3.326946004399192525e+00
3.430144673009994705e+00
3.688047884098774265e+00
3.912952804788584427e+00
3.445832857831703233e+00
3.372854896689960302e+00
2.902855992337792568e+00
3.790739937522817460e+00
3.093007392602828531e+00
3.526422134444836765e+00
3.098554469465374606e+00
4.088925583219655380e+00
3.856475675630691491e+00
2.929407689897296052e+00
3.576065282172784521e+00
3.396886187143700386e+00
3.504971081767090713e+00
3.606265695812752803e+00
2.737762570477823676e+00
3.136872355018957226e+00
4.061077657807966368e+00
3.707887703141902414e+00
3.981886994497074284e+00
3.651033625012522599e+00
3.615740522298832804e+00
3.496423443258148023e+00
3.568820878304658883e+00
3.203944328999962288e+00
4.010514050812859388e+00
4.085556069054955053e+00
4.009585115462762417e+00
3.255386235045943266e+00
3.558606857729968098e+00
3.724738262838426905e+00
3.241230290770342748e+00
3.952358968910302472e+00
3.447796851716455002e+00
3.805030091820379212e+00
2.339654220399157047e+00
3.965442602874307276e+00
2.645316177287794002e+00
3.420788738847479582e+00
3.876122549807124784e+00
3.748242062940298602e+00
3.426733407703967060e+00
3.538523903763532541e+00
3.299028091678354535e+00
3.270791456662617058e+00
3.936342267577530585e+00
3.198768301442221684e+00
3.938692575540874596e+00
3.594820834053295222e+00
3.442697673546807113e+00
3.804438266459233553e+00
4.052789330027124493e+00
3.975925706844988472e+00
3.792092028833284889e+00
2.814188438577556628e+00
3.987615849771042331e+00
3.662617307496802255e+00
3.044585877979253841e+00
3.366373187958969115e+00
2.867482566797636245e+00
3.572712977696193892e+00
3.054638558573657736e+00
3.463404529904640317e+00
4.055563996815182648e+00
3.551233791252392358e+00
3.931296937399565650e+00
3.497780890305609347e+00
3.569912394289580515e+00
3.107889366464397618e+00
3.400107568692506632e+00
3.244512617933300369e+00
3.997699030789410024e+00
2.739440318348814074e+00
3.571742441188709538e+00
3.770633649082570482e+00
2.886337815773271309e+00
3.336757507546706414e+00
3.127503055143515898e+00
3.584932484444517620e+00
2.979731782814116769e+00
4.029369231738285428e+00
2.974269407329057202e+00
3.517876108382125278e+00
2.727279069016508295e+00
4.041976787553519301e+00
3.097447068157055838e+00
3.923061285793471242e+00
3.771794745266562110e+00
3.030496204639530511e+00
3.657218978199106907e+00
3.498279394833517575e+00
3.966982873459029335e+00
3.546884713163980685e+00
3.969444653317265814e+00
3.412169344756152078e+00
3.805193993966405230e+00
3.598394351629355725e+00
3.878861749498798250e+00
3.776407065726694157e+00
3.645374870530877498e+00
3.709424805616484022e+00
3.675478240293286181e+00
3.402948114943399105e+00
4.050405698398659382e+00
3.410753129722488453e+00
3.838868638492978658e+00
3.484634134653013415e+00
3.017444284371139762e+00
3.828748956758464050e+00
4.087932608752257835e+00
3.365631187649560818e+00
3.278423910650945849e+00
4.005863273003105185e+00
4.039942677130486715e+00
3.607235146360029177e+00
3.963550015906379009e+00
3.425225029755904149e+00
3.288267435433116948e+00
3.259089416504632464e+00
3.194121592128920106e+00
2.851101756798440245e+00
3.383099937482934916e+00
3.072677672233071533e+00
3.384205412897998588e+00
3.998045511761347814e+00
4.026366271629557403e+00
3.461338388283080381e+00
3.623369714915606554e+00
4.038280142980102738e+00
3.741416042861008595e+00
3.525726307416823690e+00
3.667006507695291351e+00
3.980349874652246989e+00
2.730149005748538471e+00
3.072509345882137755e+00
3.809470818166851735e+00
3.862242310165575176e+00
3.404995504060083888e+00
3.888909450651742983e+00
3.136037594529490047e+00
3.739098671714323086e+00
3.656714669760716685e+00
3.699882033640272017e+00
3.692751067470307458e+00
3.956265152873679192e+00
3.264450760694595832e+00
3.590204778551064457e+00
4.006163021126187829e+00
3.689881407788085710e+00
3.979522413338171916e+00
3.703872645414395759e+00
3.922732380644923911e+00
4.063640175142514188e+00
3.915577902790364551e+00
3.837210769054401283e+00
4.000973248555986572e+00
3.426672203448071219e+00
2.690874563787753360e+00
3.228806890257222229e+00
3.888518284220467969e+00
3.766162835047297541e+00
2.735616281830635543e+00
3.781479551255693572e+00
3.932215054115112629e+00
4.082159433473254495e+00
3.852983686204844105e+00
3.959180814938166648e+00
3.022908670267713926e+00
3.455420893135976890e+00
2.985772817030854398e+00
3.600551999476365062e+00
3.847042542334159432e+00
4.053503541305034652e+00
3.961439674693622681e+00
3.915255058911394137e+00
3.465153337917558751e+00
3.726821501459150809e+00
3.954697572752865931e+00
3.442332990031395479e+00
3.744947720325974228e+00
3.033150405856007481e+00
3.140526731415110184e+00
3.796069608613479751e+00
3.845265779723933353e+00
3.299228392510391572e+00
4.049196164694031985e+00
3.859130629970266124e+00
3.370903881279289749e+00
3.277544060524945291e+00
3.263850338631292036e+00
3.621111260813266952e+00
3.769002204172393622e+00
3.674441513236033963e+00
3.415204791299276454e+00
4.017037943773535957e+00
2.584912907047868025e+00
3.461338388283080381e+00
3.891500143725458827e+00
3.707038072627757863e+00
4.058845474426962419e+00
3.795712750276368119e+00
2.791130250297789051e+00
3.794149576278693647e+00
3.061322639355824382e+00
3.426092980548260059e+00
2.096331925720340106e+00
3.914187531580825219e+00
3.495843190557360369e+00
3.337287358964520667e+00
3.865919056556752498e+00
3.978700638401713174e+00
3.406983901947263860e+00
3.699421197154239227e+00
3.996773975228217424e+00
3.268353554729219290e+00
3.727790287267811919e+00
3.854289731453204748e+00
3.629686312896159617e+00
3.951157125736117770e+00
3.844477617808615744e+00
3.235599512930271704e+00
3.075906989094292943e+00
2.939997422799744076e+00
3.421375663500775044e+00
3.295349877835197283e+00
2.650434708778878878e+00
3.193025602567167276e+00
3.291625407625585975e+00
3.866319571981329695e+00
4.035926898798139817e+00
3.912829764290217671e+00
3.443857462962825355e+00
2.846745872107935948e+00
3.681882499262030706e+00
3.309464224295640467e+00
3.023935572225399326e+00
3.377824528234132817e+00
3.629026414073327267e+00
4.011247168370804417e+00
3.693199733400019280e+00
2.769272622709863629e+00
3.419636468967505394e+00
3.010392484439169625e+00
3.269861736778303829e+00
3.339420503409098018e+00
3.377269791032163848e+00
3.399384234406129135e+00
3.507621954937296227e+00
3.462256705394393563e+00
2.613106508181257670e+00
3.994873903017046146e+00
4.085658265979864368e+00
2.932072063887276148e+00
3.873490075887523698e+00
3.858642169256942367e+00
3.261700864834505165e+00
3.848492584578506737e+00
3.978124709275113524e+00
4.023107565860821744e+00
3.614580752727529322e+00
4.011694940008016630e+00
3.937868358078741693e+00
4.089960681497247563e+00
3.776959800140909707e+00
3.376767200156368443e+00
4.033849620795552759e+00
3.499317294710056814e+00
3.208799889018686180e+00
4.070030969323119585e+00
4.020744649005086657e+00
4.000728844097637626e+00
3.447393949926309986e+00
3.384361487963112758e+00
3.835407745433319082e+00
3.894609084101869456e+00
3.900073597161906935e+00
3.856473929169840886e+00
4.041886759356800418e+00
3.518785747829522137e+00
3.996076688101096508e+00
3.788260271563764103e+00
3.792682167481902678e+00
3.969913887041744083e+00
3.641047059276320663e+00
3.295349877835197283e+00
4.092761518924331376e+00
3.788147205534041717e+00
3.609429306409947635e+00
3.560480885539304197e+00
3.258287447376619017e+00
3.328635652563242342e+00
3.856057593437904440e+00
3.940323400198134429e+00
3.739614326014596202e+00
3.825285034426251674e+00
2.239282503879807429e+00
3.909553446090351159e+00
3.796083675069056085e+00
3.387561177061213957e+00
3.102676098870529753e+00
3.375631990025848683e+00
4.014371110536814058e+00
3.818954405138807129e+00
3.842266780569453921e+00
3.729684470497599325e+00
3.472649494486501620e+00
3.592424995313826752e+00
3.825290476011502516e+00
3.241151756917631577e+00
3.119858787668861044e+00
3.876048262710011905e+00
3.307997391358346029e+00
3.251024487756778658e+00
3.587618231316636486e+00
3.514834875290456129e+00
4.008028749976269900e+00
3.987864453066183312e+00
3.478508986506513523e+00
2.525167719673844680e+00
3.638754338482288464e+00
3.438129192611246054e+00
3.219801295002618691e+00
3.489809065364937180e+00
3.634899772250039351e+00
3.667390112339880659e+00
4.081112306364301112e+00
3.643820967872028582e+00
3.351206556095525091e+00
3.485571551225540077e+00
2.723639924684858382e+00
4.039620224850716035e+00
3.472138204012670482e+00
3.996624727422414480e+00
3.667655508235868389e+00
4.015575806467733599e+00
3.675700907945568474e+00
3.764766895328566676e+00
3.353390504675077821e+00
3.471262342860237382e+00
3.473130763206237148e+00
3.406583341393460529e+00
3.842532434456617185e+00
4.004961532231549270e+00
4.074414358213996223e+00
3.995782296145875545e+00
4.027010746320613066e+00
3.639664861092985149e+00
3.814099134510651190e+00
3.755406433848878844e+00
3.997505844259004348e+00
3.815433882042533753e+00
3.439289601352956360e+00
3.821872669196053174e+00
4.067458586516209174e+00
3.285919736975204231e+00
4.049692523873975603e+00
3.346878868333324153e+00
2.769856654837446808e+00
3.363244829384797630e+00
3.365796497700992873e+00
3.591947109974112706e+00
3.828786587606205050e+00
2.747921738840010342e+00
3.247366999568488843e+00
3.948418972764855539e+00
3.861281527300011618e+00
3.894285549717404038e+00
2.987728530138668237e+00
2.969034106953855723e+00
2.694758086050577539e+00
3.834919894897224069e+00
3.540289875022634813e+00
3.866637790627294624e+00
3.646006585674741896e+00
3.422668905190338950e+00
3.243397707155728060e+00
4.018933510598611036e+00
3.977328542201560069e+00
3.823765138239564543e+00
3.543404760522420816e+00
3.792553253215597220e+00
3.622351339554602756e+00
3.258368076979639039e+00
3.983023843321181090e+00
3.732758643649062069e+00
4.042312615590567759e+00
3.933836426612826287e+00
3.966076379093141036e+00
3.324327256157341814e+00
3.860944893607370698e+00
3.554902885869630769e+00
3.991883683057546151e+00
3.724024692165933459e+00
3.953134135260836235e+00
3.935322141268114748e+00
2.388289728630366149e+00
3.921055585375476049e+00
3.946872304339080539e+00
3.665067181544811703e+00
3.820159619610640434e+00
4.089137709581681435e+00
3.402140774411867241e+00
3.226322555415662041e+00
3.962454131392123102e+00
4.002706669590509136e+00
3.966373920524635110e+00
3.383631577434993432e+00
3.938403145586029996e+00
3.713807133437326158e+00
4.042649623934997827e+00
3.631333666675089500e+00
3.059380560401292470e+00
3.139033660624654942e+00
3.779923430909347459e+00
3.427047611154287576e+00
3.877252312744150053e+00
2.356325833295359828e+00
3.809169174795429047e+00
3.962539082280433611e+00
3.607187085439681251e+00
2.922136530849254843e+00
3.556241807344714623e+00
3.775827384868760905e+00
3.154291518248494963e+00
3.072677672233071533e+00
3.837279615647210207e+00
3.427951328899301320e+00
3.547995540100759015e+00
4.066890701373130135e+00
3.233957499507903677e+00
3.433373045817643909e+00
3.922861751071495373e+00
3.280470169108124612e+00
3.632244338772427472e+00
3.853913759448075904e+00
3.733102639890697017e+00
3.727605065285864328e+00
3.818585690476644867e+00
3.951157125736117770e+00
3.335401393035875017e+00
4.090825628556431504e+00
3.291310606526410165e+00
3.628991454022224339e+00
3.767186355191630032e+00
3.352781514507834792e+00
4.061020946032513734e+00
4.079535666140559513e+00
3.486244852240125702e+00
3.772825858956596612e+00
3.512934572761912122e+00
4.043266253556554446e+00
4.071577229144509147e+00
3.999891252767524108e+00
2.888797171633189276e+00
3.839581488186936120e+00
3.963424606293651564e+00
3.528022960752611681e+00
3.482011222750695634e+00
3.919776341277903864e+00
4.029725091634923650e+00
3.867672340013455834e+00
3.629389860176847726e+00
3.421852679767096284e+00
2.985902025338692756e+00
4.011416580023368539e+00
3.709927519243799932e+00
3.737371588917592913e+00
4.017713725962384075e+00
3.740604549410871726e+00
3.700272596638769951e+00
3.795433013814209389e+00
3.811912945161481048e+00
4.081780667578015276e+00
3.299494284473328598e+00
3.875080387199748344e+00
3.796496066381626733e+00
4.041216347020601063e+00
2.684282794876143186e+00
4.005893673858159865e+00
3.430672774260208335e+00
3.528821141594790767e+00
3.526101680996597931e+00
3.856898369264158521e+00
3.874823800829843901e+00
3.793906171801834759e+00
3.478919759036375403e+00
3.759431247213406380e+00
4.085661482607008566e+00
2.836842534746906619e+00
2.919096721321064347e+00
3.991680950822499963e+00
3.479154376379197888e+00
3.447124731015819510e+00
3.358762187182270154e+00
3.832474398619936551e+00
4.049978213592647869e+00
3.583224341487038611e+00
4.038888263989481864e+00
3.879072769512800889e+00
3.861872655423528311e+00
3.425165775779786426e+00
3.598579578772828302e+00
4.061708681226682494e+00
3.646313008750706519e+00
3.697948944407753125e+00
3.716402650764479620e+00
2.391886357494803494e+00
2.055376781062980829e+00
3.784501609902426456e+00
3.674441513236033963e+00
3.090019191073583915e+00
3.919864066778413925e+00
3.131220005515229943e+00
3.501093426757299287e+00
3.816632023425854836e+00
3.468784601947084933e+00
3.579475762244535453e+00
3.216411068944045493e+00
3.804864496287040598e+00
3.697982537546501636e+00
3.431509944705470438e+00
2.914885565471607265e+00
3.309824051258478228e+00
3.527369520965315086e+00
3.648059203410330298e+00
3.427951328899301320e+00
3.959269225909737511e+00
3.693199733400019280e+00
3.885868128858057435e+00
4.030470300091507418e+00
3.358196895090571843e+00
3.093973389210383562e+00
3.820646886800243891e+00
4.072587194566072100e+00
3.840785055915166613e+00
3.625961796627210632e+00
3.995394969989138456e+00
4.038417529497653646e+00
3.805263272715237566e+00
2.743997472857985009e+00
3.678806046407921748e+00
3.982555234047547632e+00
3.742997351186039712e+00
4.037688097903068929e+00
4.011825301544179823e+00
3.853290130794110091e+00
2.857791773924495349e+00
3.209104850271887521e+00
3.549646244261931649e+00
4.032678399137445524e+00
3.314453635144620769e+00
4.015238381202464346e+00
4.048494509109504591e+00
3.078107999430046426e+00
3.962454131392123102e+00
4.067086472316445267e+00
4.053312330405844044e+00
3.713806768790449020e+00
3.741225193306483732e+00
3.935948875306012340e+00
3.375694355682272274e+00
4.028536589603417539e+00
4.043109075567199007e+00
3.972989635998689817e+00
4.042796633285634655e+00
3.814306545798734405e+00
3.868061189161534408e+00
3.437920990586535108e+00
3.993128851931572409e+00
3.189459402954165412e+00
2.992982069805033785e+00
4.062452316659475038e+00
4.002804589313109673e+00
3.439527456527886162e+00
3.866113415750489946e+00
3.298166344345567769e+00
3.931305186050075839e+00
2.533251412082635490e+00
4.053534296828880557e+00
3.608712598567000107e+00
3.199029987822986865e+00
3.608199583763626705e+00
3.779694354393148714e+00
2.899805518253879999e+00
3.760443154487098205e+00
3.815761283709686591e+00
3.537412019424042597e+00
3.975587995931960439e+00
2.886337815773271309e+00
3.739347297289857153e+00
2.789845792728439022e+00
2.671760118112250559e+00
3.960762421990823512e+00
3.263729803282183095e+00
3.215239370416475673e+00
3.195026984792711300e+00
3.940850662309232977e+00
3.429860936859727705e+00
3.195713297546148191e+00
3.824764219905609330e+00
3.635427783350996922e+00
3.936126172574748061e+00
3.937914207506936215e+00
3.704280453239713111e+00
2.763359938328359355e+00
3.087492964017046315e+00
3.902980979423627872e+00
3.823716776282564123e+00
3.728052381558064177e+00
3.760816001860688207e+00
3.804438266459233553e+00
2.670728188930586722e+00
3.954234241356843427e+00
3.602971920628498470e+00
3.049973397133008302e+00
3.782532095455558796e+00
3.838028590000933882e+00
3.832378272912110528e+00
3.283059177848826060e+00
3.090019191073583915e+00
4.001343121573725625e+00
3.603584659590524986e+00
4.005416413927289199e+00
3.649598826343456004e+00
3.525045216730836817e+00
3.808549853498990778e+00
4.006163021126187829e+00
3.725836595769400184e+00
3.667691781800447970e+00
3.495587048512302175e+00
3.980379453541587953e+00
2.931322001690481738e+00
3.938520017833492481e+00
2.767211008448705378e+00
3.773033015195286666e+00
3.639266217268210646e+00
3.312637186524698407e+00
4.002247257144340153e+00
4.039180945404019063e+00
3.391021016361392526e+00
2.431110856693641686e+00
3.754084269375726368e+00
4.053670349796425043e+00
2.811686888046208921e+00
4.049263915222490517e+00
3.852983686204844105e+00
3.953079188884981665e+00
2.959909943071189709e+00
2.939595238348943429e+00
4.039942677130486715e+00
2.918665329141877152e+00
3.343306541692116163e+00
3.969037103404924771e+00
3.697327774589326488e+00
3.610359964434233682e+00
2.391886357494803494e+00
3.793644897388244175e+00
4.047282984806619410e+00
3.418432306114992159e+00
2.852887704808740654e+00
3.680852451493784372e+00
3.762731737669810173e+00
3.614625201379870312e+00
3.228678345847785014e+00
3.925298807780909449e+00
3.952996156087348112e+00
3.974033530895868083e+00
3.540865257867753524e+00
2.920453614315794866e+00
3.586014258902401330e+00
3.893761561190040688e+00
4.054727133032163700e+00
3.977328542201560069e+00
3.739614326014596202e+00
3.878995102888007640e+00
3.751472546030905075e+00
2.633183006547152871e+00
3.700153781367402139e+00
3.678422235372294846e+00
3.749618732201201343e+00
3.465366949256258877e+00
3.358685440053906568e+00
3.669383835112012271e+00
3.621786396618164705e+00
3.830371131578666599e+00
3.292581807126274906e+00
3.770332295311805915e+00
3.572758135374430655e+00
4.091074254199378757e+00
3.899108716751852111e+00
3.040701668389095502e+00
3.903850302860270016e+00
3.935873975862461016e+00
2.923089187734884131e+00
3.511935343603011184e+00
2.239282503879807429e+00
4.036541264050129918e+00
3.161200045756295207e+00
3.739113523103308800e+00
3.981886994497074284e+00
3.659607422888747408e+00
3.827098094242294746e+00
3.271824289498031391e+00
3.956642287970062455e+00
3.943438120174071138e+00
4.048682291150759838e+00
2.988021561813714477e+00
3.692828422345379558e+00
3.208799889018686180e+00
3.839894622458023932e+00
3.564906787542290179e+00
3.184181557177688582e+00
4.020322730937717637e+00
4.032816230092119980e+00
3.650582342897061849e+00
3.798850816073503722e+00
4.026721000217723834e+00
2.790079209626605383e+00
3.728998766508288654e+00
3.328598171271456518e+00
4.051886666202218379e+00
4.048411650587040889e+00
3.485571551225540077e+00
2.638577444623416923e+00
3.815486057494252403e+00
3.614661312159567874e+00
3.758208930960874827e+00
3.965071737994276369e+00
3.848713424518984016e+00
3.613026744840602156e+00
3.474564218308733299e+00
3.800425513686955803e+00
3.420788738847479582e+00
3.448900339113455615e+00
3.756005654051353559e+00
4.015221874417685299e+00
3.897136903313097811e+00
3.862474804293848152e+00
3.850880872958614365e+00
3.614379934480434375e+00
4.065844982269043228e+00
4.055311892240055727e+00
3.153868907212242778e+00
3.129757137614217033e+00
3.446747513813492869e+00
3.852983686204844105e+00
3.451489021339097629e+00
3.154424051720082112e+00
3.896845159127420466e+00
3.938201231774514532e+00
3.685824278110890084e+00
3.294359323294670627e+00
3.845673703408561295e+00
3.579965276090369297e+00
3.358946872146411966e+00
3.840491214751882154e+00
3.321849702703796314e+00
3.087717943432887413e+00
3.518785747829522137e+00
3.837789778482611602e+00
3.921462525926924680e+00
3.441736339539809286e+00
3.848805359937940818e+00
3.416375756623331483e+00
3.904847845343747625e+00
4.079182592352928793e+00
3.225433787442406608e+00
3.402749257845907760e+00
3.607187085439681251e+00
3.240559009050668848e+00
3.951118463678953141e+00
3.948096734788643758e+00
3.907928158379942118e+00
3.723345403106898210e+00
3.866044920111863625e+00
3.621530878637522655e+00
3.786345980840347458e+00
3.627236920499135042e+00
4.010412068562250631e+00
3.370156785569460745e+00
4.055663142273187916e+00
4.077191452462724186e+00
4.090487004091958312e+00
3.717565770816504411e+00
4.026416555361781668e+00
3.603976278054652926e+00
3.083971401523871947e+00
2.978946263772012770e+00
2.988395056789222792e+00
3.360673662189438637e+00
3.496869931316241242e+00
3.648026141459582927e+00
3.740452364059493107e+00
3.545336614565204769e+00
3.465521580537852309e+00
2.591918852191589906e+00
3.156573423534373646e+00
3.140212517107583423e+00
3.730650292445735872e+00
4.083768488585309164e+00
3.617489822762762319e+00
3.828105331242496412e+00
3.582563298023623499e+00
3.880682270640176235e+00
3.825937062424957347e+00
3.110381879117738446e+00
3.302093079699495171e+00
2.920453614315794866e+00
3.183009480237114719e+00
2.585044083239686152e+00
4.008028749976269900e+00
3.978791403170656604e+00
3.761263678541598932e+00
2.654533368812247662e+00
3.815433882042533753e+00
3.588771070500067051e+00
3.196719212221898143e+00
2.980423640911847638e+00
3.796392656103509289e+00
4.020389659934445525e+00
3.208157531205408031e+00
3.922861751071495373e+00
3.341350210551268685e+00
3.607700642487710496e+00
3.542737827566494246e+00
3.892150849254737199e+00
3.686839804383406083e+00
3.770332295311805915e+00
4.057072337853290911e+00
3.709658234498407037e+00
4.022481365766813255e+00
3.128370958437055371e+00
3.784504831126590751e+00
3.246000110151392448e+00
3.105984807121748847e+00
3.900073597161906935e+00
4.008570596183224310e+00
3.902604663798954210e+00
3.823479077443502572e+00
3.824198739622310939e+00
3.380440107889473023e+00
2.988025366678330741e+00
4.023000120965194881e+00
3.501412317677165653e+00
3.511169990735400148e+00
3.943052938626724568e+00
3.807736665740840021e+00
3.959590767897395835e+00
3.538284019185942153e+00
4.050585752543048201e+00
3.205187863250354319e+00
3.415204791299276454e+00
3.667613014339246913e+00
3.870538055017455292e+00
2.950745400327995593e+00
3.861072536275929501e+00
2.935413089698348355e+00
3.885404960557109710e+00
3.639374484650525154e+00
2.949361488999429515e+00
3.810140800424488994e+00
3.631971927958259627e+00
3.198359055649373062e+00
3.554902885869630769e+00
3.197187994017518520e+00
3.321330421494479435e+00
3.719117626397562937e+00
3.992657080791467639e+00
3.118060378567359070e+00
4.018696848064872817e+00
3.795433013814209389e+00
3.999237862964961643e+00
2.890693299200705280e+00
4.052284814271089886e+00
3.749785461045277657e+00
3.205485742482614864e+00
3.980379453541587953e+00
3.563343067384113994e+00
3.478136703872139357e+00
3.493498260017760870e+00
2.509676972189748501e+00
4.053546225175670870e+00
4.041030258245954521e+00
3.769890861113479374e+00
4.060437500206446337e+00
3.968494151399213798e+00
3.455888993069879511e+00
4.029081885431173404e+00
2.401454376072374775e+00
4.024231758311649365e+00
3.981674111028581819e+00
4.065806221870889026e+00
3.586061225350859250e+00
2.892465955196658278e+00
2.918665329141877152e+00
4.083732896574920446e+00
3.404959033635229559e+00
3.195268476420817905e+00
3.144720514798393207e+00
4.067281775261948340e+00
3.607755036523690784e+00
3.827533304711656648e+00
3.842967490697011712e+00
4.058732899262627924e+00
2.248861321212024311e+00
3.856858337153788341e+00
3.590207805873135705e+00
3.866974837588556646e+00
2.766603228951555860e+00
3.587402854673520824e+00
3.596486525370237608e+00
3.819645530872331385e+00
3.588779626498237452e+00
3.962875673517697095e+00
2.646207623081342053e+00
3.998854283877771199e+00
4.053312330405844044e+00
3.177554039616333981e+00
3.676781316759501816e+00
3.195713297546148191e+00
3.339189476311489102e+00
3.541734035180332363e+00
3.905103441532622011e+00
3.149765767549223661e+00
3.766714740772242553e+00
3.887290814602665456e+00
3.991708339924986859e+00
3.498650931347400128e+00
3.393292976542646056e+00
3.491284827220412001e+00
3.343971931042001966e+00
3.815433882042533753e+00
3.851597063408419785e+00
3.775216333263927027e+00
3.475121947966000935e+00
