7.104744069283878971e-02
7.510164575511517338e-02
7.701166955845666073e-02
7.837080120273122452e-02
7.427387662673136381e-02
7.710604826028294445e-02
7.884090272745764016e-02
5.635902151135631366e-02
7.076878128639529919e-02
7.476700190448951067e-02
7.530727102659726113e-02
7.875499753809556136e-02
7.837591154098438873e-02
7.630807392176039428e-02
7.823203528053260247e-02
7.377798820074479846e-02
7.050423865979867089e-02
7.564958960235917962e-02
7.806518046050713033e-02
7.226270734241165006e-02
7.527169878738546038e-02
7.881306026989251534e-02
7.617441354325076019e-02
7.398899046716039818e-02
7.730186875880917796e-02
7.783221641264667645e-02
7.874014263557324589e-02
7.027392244997304749e-02
7.654844154898779451e-02
7.876663660115590382e-02
7.836945848986903718e-02
7.590513140753624155e-02
7.702038349534884309e-02
6.994890414696150471e-02
7.729356615040383627e-02
7.029319627537028436e-02
7.861900951142020144e-02
7.319824238051679532e-02
7.861108507863062700e-02
7.129223140126819680e-02
7.146131513769002352e-02
7.624231677966079868e-02
7.494823536744757431e-02
6.947518537989531839e-02
7.066462069054629813e-02
6.997104458746759847e-02
7.853479535446736270e-02
6.231161355757532799e-02
7.426680148615162624e-02
6.852022568325116803e-02
6.655685353258938841e-02
5.952247867923191743e-02
7.786556545932558915e-02
7.353236356766039428e-02
7.185083221669545661e-02
7.878254599162072547e-02
7.589679554236679337e-02
6.791450942614928044e-02
7.365467604459266515e-02
7.166203923703587386e-02
7.802768827498958448e-02
6.994234420571976418e-02
7.437277710033832201e-02
7.495645539632225796e-02
7.127557525446119591e-02
6.736272394225049920e-02
7.837941565059855509e-02
7.479192325417102771e-02
7.329078762507784672e-02
7.686225995283822721e-02
7.586373898428445950e-02
7.285578261674846567e-02
7.195391543528531497e-02
7.707693693624879938e-02
7.071594434751826697e-02
7.729380275989362892e-02
7.410128520677740360e-02
6.797776842485121762e-02
7.110636385839792795e-02
7.129223140126819680e-02
7.227637096858685606e-02
7.450389962959760859e-02
7.842806149965575457e-02
7.671369867023984657e-02
7.776305331652542951e-02
6.907251902879882333e-02
7.835620001610790752e-02
7.287255968362421621e-02
7.446877891934219895e-02
7.513484530340619472e-02
7.419824094951497917e-02
6.323917548747223782e-02
7.404423733243922778e-02
7.581138945753963798e-02
6.663998319204139653e-02
7.016629478480972126e-02
7.620345790531958541e-02
7.799949451639903719e-02
7.728346118090365091e-02
7.887424604080368884e-02
6.730835584615990630e-02
7.852961958451334934e-02
7.127336150449778418e-02
7.836372302915682597e-02
7.776897810386701471e-02
7.694677541091679562e-02
7.848141101844809120e-02
7.323211293425699320e-02
7.737143191755138649e-02
6.202335214269948105e-02
7.660499733294870439e-02
7.306018289583691983e-02
7.814378774016592089e-02
7.358079024998950834e-02
6.725189422409197371e-02
7.785241484777508103e-02
7.860985571534769012e-02
7.604871434711624190e-02
7.584998855632246739e-02
6.998638315903156493e-02
7.205922601347823642e-02
7.900245544485426374e-02
7.902610352826584805e-02
7.361036767980903839e-02
7.400330303802489518e-02
6.858215803537578981e-02
7.348174830779467814e-02
7.250802735846340052e-02
7.569741919490247106e-02
6.810505927216287114e-02
7.431025444907776722e-02
7.642353050457988128e-02
7.183689893504599522e-02
7.833482292870928843e-02
7.471001218930789500e-02
7.436565409345056998e-02
7.744220089197095813e-02
6.646276819359632493e-02
7.105456035854197661e-02
7.807793326092710151e-02
7.890246962742802905e-02
7.533682187110703199e-02
6.954149670370851632e-02
7.872314326887655533e-02
7.339942509629197864e-02
7.324701086170248843e-02
7.104735041641639659e-02
6.799017522511642542e-02
7.530730629250226293e-02
7.706187352099769239e-02
6.963855361759577201e-02
7.705487975881436524e-02
7.758321705819956615e-02
7.812709940130031783e-02
7.437241022450824524e-02
7.241566877612715114e-02
7.020469256138242575e-02
7.492121208212013106e-02
7.758709376367919908e-02
7.685879962445391067e-02
7.732772896881955071e-02
7.028361541846471494e-02
7.265377501540150329e-02
7.762639313850551448e-02
6.072391382563362139e-02
7.762195470384671003e-02
7.523170678038389181e-02
7.390133750117980349e-02
7.478248484231765636e-02
6.431197934151502982e-02
7.806425597633945279e-02
7.487480660747909689e-02
7.173193790425222427e-02
7.490514274022155861e-02
7.872440944658892770e-02
7.789991223094704098e-02
7.052637054429002073e-02
7.861911872401215751e-02
7.674313702687404759e-02
7.301339555447858287e-02
6.585029151051383089e-02
7.855903574489703223e-02
7.019040145927943342e-02
7.462968913118533942e-02
7.733845634134822733e-02
6.643693822367481572e-02
7.752782597671667442e-02
7.233616864539388347e-02
6.729777163089782632e-02
6.204472149214494692e-02
7.819639064849023824e-02
7.645588811312314936e-02
7.872005295906069067e-02
7.186130191156292479e-02
7.785184781102177931e-02
7.749390053534747913e-02
7.860290607796475981e-02
6.775339807108661516e-02
7.635967505859470039e-02
7.529990315043882942e-02
7.556142141176898364e-02
7.613240979483473780e-02
7.575062467862864191e-02
7.361036767980903839e-02
7.792099701187991945e-02
6.852114930416014493e-02
7.673864597043252023e-02
7.762347435307329069e-02
7.702368529514358464e-02
7.850805793026408019e-02
7.827239852490616712e-02
7.417816092837802022e-02
7.621187937116688516e-02
7.122330027947236519e-02
7.583840809063122079e-02
6.918677498013683924e-02
7.886836221998116958e-02
7.779198685289033521e-02
7.814426511436052547e-02
7.374489677204290605e-02
6.271534425872120344e-02
7.309043410148574615e-02
7.884701012624692473e-02
7.756079408903329697e-02
7.410082104000667580e-02
7.841925941212940510e-02
7.285500348151849326e-02
7.772882143987967785e-02
7.846852161602588249e-02
7.469499602049020637e-02
7.821603843197660888e-02
7.055916187429900344e-02
7.811584070424991422e-02
7.884131175856461116e-02
7.560620099873878452e-02
7.263562186168343038e-02
7.231819717361204214e-02
7.470207551444486838e-02
7.632930782268597392e-02
6.772693827839790237e-02
7.815975036170881574e-02
6.974799654386322489e-02
7.677217030084214355e-02
7.888865681289669585e-02
7.009693245198882205e-02
7.542552469977120699e-02
7.296565150333270133e-02
7.798127760438874900e-02
7.537229179777096832e-02
7.840544512064355487e-02
7.617515587466536231e-02
7.589451591391019325e-02
7.197769470128850822e-02
7.383272277682456641e-02
7.685299500214584634e-02
7.457947728719896419e-02
6.978223868466244817e-02
7.712204538652606134e-02
7.212162081971530692e-02
6.570682485222870128e-02
7.696041142783574540e-02
6.894643371449861446e-02
6.982863164730955530e-02
7.124011614223130229e-02
7.564208658638794935e-02
7.862326926061639909e-02
7.305596538975646370e-02
6.736643914414017220e-02
7.717788409695430785e-02
6.918258644822039560e-02
7.656668009010395015e-02
6.239181580436943542e-02
7.772967674540172400e-02
7.487480660747909689e-02
7.043822512002237413e-02
7.581138945753963798e-02
7.641702935497718396e-02
7.535403947885498110e-02
7.012694471322833412e-02
7.761943042129512693e-02
7.454667182240175272e-02
6.784755760643018663e-02
7.602845543649075499e-02
7.581441372840173887e-02
7.330931613707199201e-02
7.023122697452287289e-02
7.150754166655663713e-02
7.830720491336728983e-02
7.742298352950210960e-02
7.839038925214032727e-02
6.894167805315676301e-02
7.324313827841125168e-02
7.583255843128627882e-02
7.277867358747593107e-02
7.415518092251567606e-02
7.504112040237578829e-02
7.143363400917752959e-02
7.901562344465615229e-02
7.560088124817286592e-02
7.751370291508428989e-02
7.126672213071298667e-02
7.114827660256739517e-02
7.405226200470735320e-02
6.756001652663502777e-02
7.059817260101679259e-02
7.838374160683102276e-02
7.842806149965575457e-02
7.614274428753348145e-02
7.707868674272284892e-02
7.277332480620909982e-02
6.618126408538713146e-02
7.853535829519382727e-02
6.682683439000373926e-02
6.690017004240148002e-02
6.964946032004068477e-02
7.885881193054598837e-02
7.774937436893417098e-02
7.464836045525798103e-02
7.075232614353293981e-02
7.258502764799118490e-02
7.273888727213526084e-02
7.463131702642283871e-02
7.030542108993881323e-02
7.845168984394595979e-02
7.689315098946394866e-02
7.119454691347522346e-02
7.356733878340529498e-02
7.877103293504229831e-02
7.366931150441247134e-02
7.094240122027559159e-02
7.400738981609282507e-02
7.113813563223150838e-02
7.334852527284393964e-02
7.618738379459967514e-02
7.421743332460054021e-02
7.732426227210741077e-02
6.576016713113976009e-02
7.294157550900404186e-02
7.807481306300637081e-02
6.489923892442532594e-02
6.869131912707421295e-02
6.576293597141841252e-02
7.665831351029361862e-02
7.327871033271630974e-02
7.845582162380310143e-02
7.862270452918189434e-02
7.279132750855386857e-02
7.621530487265809617e-02
7.699841702038918989e-02
7.604992869927683363e-02
7.890282463790088130e-02
7.707581813136483995e-02
7.316940052395680405e-02
7.895222200829851711e-02
7.609125297682037270e-02
7.273602171538399996e-02
7.282158636716330735e-02
7.787250962976713375e-02
7.596968758255694121e-02
6.886896374455185599e-02
7.835560826850443417e-02
7.710039297074755549e-02
6.769578254243932558e-02
6.226446063309808154e-02
7.912486703204595073e-02
7.264076788497146608e-02
7.766665977814153632e-02
5.403834309932935287e-02
7.491786793689661494e-02
7.507747068615890085e-02
7.487775692846565523e-02
7.842752407352907018e-02
7.625130809272506749e-02
7.717573741937223952e-02
7.614603418152639247e-02
7.874014809001150805e-02
7.604109903301768669e-02
6.944098982539054221e-02
7.146212603252839746e-02
7.571006170731642282e-02
7.714667590429778732e-02
7.869482688749138144e-02
5.959626488998805149e-02
6.875432348505874924e-02
7.398899046716039818e-02
6.777605836811467777e-02
7.345803531445974088e-02
7.143060727493447115e-02
7.314663130319984385e-02
6.536126279908258119e-02
7.608812500336692430e-02
7.401677322232294576e-02
7.497616653313177171e-02
7.816476827970837704e-02
7.812478650308314621e-02
7.591842817215703476e-02
7.854004371645582905e-02
7.711522538040055386e-02
7.839405157469961360e-02
6.070142164785048700e-02
7.731575426534940954e-02
7.717093035719101157e-02
7.825323407019874056e-02
7.381866591315487669e-02
7.823377786780431886e-02
7.786282186862884813e-02
7.110486523641129653e-02
6.510204917511355771e-02
7.653653322291073535e-02
7.246537117225483604e-02
7.755394832149881124e-02
6.875432348505874924e-02
7.849355792585133162e-02
7.595031200729571164e-02
7.333780070455737932e-02
7.599032670272734546e-02
7.473871677853748119e-02
7.807048625971357847e-02
7.899055898101056683e-02
7.798160116698482636e-02
6.721857009487144929e-02
7.203556871428201669e-02
7.084534675784480429e-02
7.215836924125078322e-02
7.670418101200847383e-02
7.880373308896652940e-02
6.677255046789308535e-02
7.198208043511662713e-02
7.016732281242842040e-02
7.841165221523736795e-02
7.109088266423106706e-02
7.602989879532499884e-02
7.654844154898779451e-02
7.643127003350141946e-02
7.887424604080368884e-02
7.301546047151852292e-02
7.519917010944833502e-02
6.866640346463986910e-02
7.855948688212568976e-02
7.248099028152317491e-02
6.634472131179529331e-02
5.596544223399316231e-02
6.556416294853859017e-02
7.585775250383652857e-02
5.576654538914017911e-02
7.785971336710932611e-02
7.780686842626169386e-02
7.710822916257559223e-02
7.291299808462060883e-02
7.729033784849267952e-02
7.113113685641159201e-02
7.135790148970885816e-02
7.539474780159163836e-02
7.888161931422743578e-02
7.904948402014315423e-02
7.836372302915682597e-02
6.888426367287052432e-02
7.670085931303158300e-02
6.784802541645655605e-02
7.560620099873878452e-02
7.567544581413498950e-02
7.014920093506807341e-02
7.228504269327587495e-02
7.437241022450824524e-02
7.906477158347767487e-02
7.508984295889412075e-02
6.662277479747358289e-02
7.683366454442455695e-02
7.896356345529259579e-02
6.915588791677791669e-02
7.200718206215125927e-02
7.713622354471155740e-02
7.808001809168689522e-02
6.887884623526412120e-02
7.237094539959211537e-02
7.670916998871753212e-02
7.595064551755306703e-02
7.799048071632892765e-02
7.827271091370802125e-02
7.900718390495453658e-02
6.970058766201482625e-02
6.577554466660134880e-02
7.206452481238097285e-02
7.797607232572886793e-02
7.770313747106516455e-02
7.196033970237179778e-02
7.197769470128850822e-02
7.821041795325789359e-02
7.520691415767026544e-02
7.911867969912081411e-02
7.779737967594990700e-02
5.891574952662906317e-02
7.548839529061932008e-02
7.504132100650996728e-02
7.458174282139196087e-02
7.627339147128009422e-02
7.620345790531958541e-02
6.981782460053040373e-02
7.062827733003992914e-02
7.319150975154062322e-02
7.772733497767286837e-02
7.858309096508071800e-02
7.753670678193895494e-02
7.773916776514555593e-02
7.319846425141765534e-02
7.113459103868653710e-02
7.710514117745292939e-02
7.072831254424856440e-02
7.728293998052156166e-02
7.680387043918721068e-02
7.906432394391471608e-02
7.696041142783574540e-02
7.201602582749458414e-02
6.530811698696430134e-02
7.670418101200847383e-02
7.873809565898222396e-02
7.468344465140269728e-02
6.933914161905767315e-02
7.751057080488063522e-02
7.089888412371569970e-02
7.887382103048884430e-02
5.842278439937061835e-02
7.320610894918541667e-02
7.168278107989040082e-02
7.710306966376183346e-02
7.910952715000943436e-02
7.115434825082617154e-02
7.202085189620396899e-02
7.768601621531628920e-02
7.780333717361759271e-02
7.444873904623468264e-02
7.170537635885011751e-02
7.331129455445856147e-02
7.134155284229549976e-02
7.775444986219944010e-02
7.639815941633716634e-02
6.808182290167080764e-02
7.171432935924476615e-02
7.541017591494691974e-02
7.055294206294625281e-02
7.890082859758969225e-02
7.497258860713883200e-02
7.901554792738912925e-02
7.483011129349280421e-02
7.659041651026589348e-02
7.683499506448251970e-02
7.912773718362944853e-02
7.400000790628967484e-02
6.955314887565063053e-02
7.884075069006500625e-02
7.374077591265106035e-02
7.524282906924088798e-02
7.306293879155698057e-02
7.149745713306557282e-02
6.427026556451172212e-02
5.874268290221755506e-02
7.853706926633569063e-02
7.868922226512466145e-02
7.680115201872006470e-02
7.453858378076312630e-02
7.907345824413446189e-02
7.755641269994818787e-02
7.743586261679760718e-02
7.167013868083503547e-02
7.237054260867573086e-02
7.197599321590693322e-02
7.824462286032266012e-02
7.888580433964072214e-02
7.572094572339918561e-02
7.127557525446119591e-02
7.468617004868569054e-02
6.576628809568042799e-02
6.625646048893923945e-02
7.686926149174411194e-02
7.617974591866108480e-02
6.775265895555308837e-02
7.604585210980137344e-02
7.555046937178711008e-02
7.756039552696517014e-02
7.275936817478706464e-02
7.872627689350585045e-02
7.426473180295010967e-02
7.233623406984247828e-02
7.590885721058444890e-02
7.235297866151063628e-02
7.712874520648702048e-02
7.545887222738779931e-02
6.231161355757532799e-02
6.743075457346818513e-02
7.584985755693010590e-02
7.447483692026335422e-02
7.572271282195139341e-02
7.087171304806808014e-02
7.863870751862665764e-02
7.734430148364326851e-02
6.215768549958870792e-02
7.654176342254782883e-02
7.656147456493118952e-02
7.309277746563679068e-02
6.434847061865310580e-02
7.453399958387535440e-02
7.441794666446241435e-02
7.690410021685653574e-02
7.264076788497146608e-02
5.596544223399316231e-02
7.115677388919891544e-02
7.910239908876956494e-02
7.816124810531130396e-02
7.407309045575105610e-02
7.847768713583631872e-02
5.838712256546625678e-02
6.623792054058692813e-02
7.659230553669302277e-02
7.859377931788973093e-02
7.077862598048370590e-02
7.048269247158781003e-02
7.704186272836581473e-02
7.706905022329807453e-02
7.058832114626978349e-02
6.587884882987823931e-02
7.437840123496190781e-02
7.578876934578704372e-02
7.725788821538415174e-02
7.043822512002237413e-02
6.541323319331357466e-02
7.751893094885572988e-02
7.701181857874112024e-02
7.141969549780538551e-02
7.854304891054396387e-02
7.276196281357541484e-02
7.839224995525612139e-02
7.729691964374928170e-02
6.392369219118509971e-02
7.294417032359533370e-02
7.358633160227330550e-02
7.753779422292664258e-02
7.619468099329027022e-02
6.350717041678539954e-02
7.878310447844766307e-02
6.772693827839790237e-02
7.735396015367312916e-02
7.438394072457867046e-02
7.856902723304461100e-02
7.562252895691411181e-02
7.591911816880535235e-02
7.645346961784478534e-02
7.258542346418392355e-02
7.512387022967267902e-02
7.835305843915496560e-02
7.603468624100206963e-02
7.795988515328756974e-02
6.539171412027106056e-02
6.154581591947399372e-02
7.820900743083879225e-02
7.005874095811982782e-02
7.637576744078310165e-02
7.283189059332416393e-02
6.931379490085858019e-02
6.448853860637066004e-02
7.878402931697534028e-02
7.770288459349014576e-02
7.556764379552040334e-02
7.312405682509548477e-02
7.834472233914818728e-02
7.654176342254782883e-02
7.622460890473406470e-02
7.747883341099560950e-02
7.898974163919222913e-02
7.861815980367423129e-02
6.410558213670157490e-02
7.772549588911689677e-02
7.571841327884845652e-02
7.031131819042171771e-02
7.721675967629562654e-02
7.651005155516096834e-02
7.123900204458639973e-02
6.781194171332963205e-02
7.869166656137674409e-02
7.615988127257682094e-02
7.792828325057865602e-02
7.780642228568888930e-02
7.458493895654541572e-02
6.886893540789723600e-02
7.817760493083719675e-02
7.464969954229977445e-02
6.886433596058479101e-02
6.873795245764681427e-02
7.782182327095030216e-02
7.656933712465988084e-02
7.321743355798294994e-02
7.395376111915380468e-02
7.839178208266463221e-02
7.470935803092088046e-02
7.786556545932558915e-02
7.496710940718005756e-02
7.830987589380347669e-02
7.528327731943927625e-02
7.170302300878969581e-02
6.678918845313938646e-02
7.429074126570163472e-02
7.254151016098200899e-02
6.971648498254387483e-02
6.833120917458804233e-02
7.852181869041154061e-02
6.931728629020310339e-02
7.098223191688030065e-02
7.635444428922158466e-02
7.469141977735008209e-02
7.256736107984601558e-02
7.162693006568007781e-02
6.977322339143313124e-02
7.385644820196902993e-02
6.850850159951661633e-02
7.306018289583691983e-02
7.865513655163178242e-02
7.695013843354907290e-02
7.396153306847504105e-02
7.110486523641129653e-02
7.743045722272784426e-02
7.535250834414838894e-02
7.749166854464981102e-02
7.400000790628967484e-02
7.068332632025356443e-02
7.581476333820115487e-02
7.097598676878494328e-02
7.206950571161020724e-02
7.888311179422353991e-02
6.777178170260714229e-02
7.661204953239808546e-02
7.882194438980404116e-02
7.646593649282532046e-02
7.708616644835439291e-02
6.139939837617986590e-02
7.912486703204595073e-02
6.784531967298550181e-02
7.677394889975283632e-02
7.494389026190283187e-02
7.426737925707757593e-02
7.898110380342288073e-02
7.912771170075223737e-02
7.698272907760050909e-02
7.712223820973312938e-02
7.876233707735798284e-02
7.185444356890510753e-02
7.810558574167053569e-02
7.753805728036060330e-02
7.671724098733738451e-02
7.725056805580328423e-02
7.167106557095896668e-02
7.802538004210209099e-02
7.435247286515449250e-02
7.765603202667897831e-02
7.542576611505810713e-02
7.799048071632892765e-02
7.567544581413498950e-02
7.848556135319564864e-02
7.156577074517675441e-02
7.837941565059855509e-02
7.511627928233137463e-02
7.707693693624879938e-02
7.107558352554503578e-02
7.449882328276390131e-02
7.341967167517744752e-02
7.104128435191563173e-02
7.615258482340385437e-02
7.504112040237578829e-02
6.831026670453466121e-02
6.890159872417718490e-02
7.707988485980445115e-02
7.492897763852288118e-02
7.684285324445495891e-02
7.244905038660943986e-02
7.495645539632225796e-02
7.802137253844719511e-02
7.534187028147176779e-02
7.757122521472303855e-02
7.306293879155698057e-02
7.665161498066022649e-02
6.642131860581715341e-02
6.861109479840456216e-02
7.424601731115669512e-02
6.726275854931031140e-02
7.294033583562239964e-02
6.271930805939170128e-02
7.833482292870928843e-02
7.665037073122964173e-02
7.834431831157979975e-02
6.333976893777110151e-02
7.894374298690949587e-02
7.617293009642839285e-02
7.447158698405105526e-02
7.883136218435599085e-02
7.417749337981993651e-02
7.567703490221923401e-02
7.018748154347598245e-02
7.884306669614905838e-02
7.622603214763334911e-02
7.820148859525430374e-02
6.804810583259571222e-02
7.006464981604430819e-02
7.624722658220942084e-02
7.058326729336358851e-02
7.609772178002051357e-02
7.099691130054801291e-02
7.873265368790972885e-02
7.005162025270902926e-02
7.219916399116858841e-02
7.506143793703379252e-02
7.826375532453050399e-02
7.369781302926012301e-02
7.824778002326981952e-02
7.193487065685685855e-02
7.770833111182973152e-02
7.098295176749772062e-02
7.564978857060956907e-02
7.908778415695656705e-02
6.603217362678635849e-02
7.595086944601611711e-02
7.448314443767464765e-02
7.309349693876594778e-02
7.597578790922021597e-02
7.592495210811875395e-02
6.648231454595501799e-02
7.755906361051966014e-02
7.695272769470558327e-02
7.373997695956088783e-02
7.130032491855850529e-02
7.468874454587606793e-02
7.762760013619091071e-02
7.590040833312318436e-02
7.457012180112164434e-02
7.113813563223150838e-02
7.874014263557324589e-02
7.553404890931780802e-02
6.749096785599108250e-02
7.434606548761954481e-02
7.734603159877889711e-02
7.407202377445959440e-02
6.800989482347694071e-02
7.352825804083060190e-02
7.619887168844520497e-02
7.856148994498519944e-02
6.911856216090718485e-02
7.640346855434770879e-02
6.608422861612141264e-02
7.842995833629301528e-02
7.893997806172609044e-02
7.503778351744420927e-02
7.071559666171539638e-02
7.663621141991426577e-02
7.008704188154844805e-02
7.005157678672527255e-02
7.776057433391178608e-02
7.630423401431385422e-02
7.405808402617895803e-02
7.439184413407062824e-02
7.510235622259846255e-02
7.841897213421573920e-02
7.256736107984601558e-02
7.100448501951121816e-02
6.549610915080555928e-02
7.566176076315934973e-02
7.308848794116185044e-02
7.596273353702669151e-02
7.615814463510439669e-02
7.034398774964589762e-02
7.609545919712976114e-02
7.360386407633238981e-02
7.477758738689194162e-02
7.568796171875163958e-02
7.714667590429778732e-02
7.544595311191555631e-02
7.242074658393479747e-02
6.761168695088479175e-02
5.918406410841994120e-02
7.536304074576496981e-02
7.409654570393563178e-02
7.677217030084214355e-02
7.045156187408160853e-02
7.321080266091452293e-02
7.690306326724954955e-02
7.441744669829326864e-02
7.849559586261373179e-02
7.885109833807139867e-02
7.777142488158809985e-02
7.202738594961652363e-02
7.553221416100271146e-02
7.426446621739188347e-02
7.032381329078306320e-02
7.547259837575305552e-02
7.683976893831495625e-02
7.786842625053309874e-02
6.506352789710782847e-02
6.858780579314005532e-02
5.225525361253360868e-02
7.771350779997249214e-02
7.118803138592212643e-02
7.186102430176297129e-02
7.215190619285848095e-02
7.530106848802423092e-02
6.577554466660134880e-02
7.824778002326981952e-02
7.770431874971692188e-02
7.756060534551635632e-02
7.820136740623544191e-02
6.653568929753758687e-02
6.566669178652637107e-02
7.743210657656054985e-02
7.256001515761449638e-02
6.948303489738502647e-02
7.769364214879773134e-02
7.419824094951497917e-02
7.640655506931215424e-02
6.648980624770230163e-02
7.110486523641129653e-02
6.982472026003551380e-02
7.752592310485016680e-02
7.883970155863358198e-02
7.861627552351029002e-02
7.269163623055849288e-02
7.746982310168618047e-02
7.859252514401569856e-02
7.761365514610582550e-02
7.615324451318310206e-02
7.714507446876324448e-02
7.385713968335566593e-02
7.131466743768601069e-02
7.842705750894281291e-02
7.384908130893136358e-02
7.092607491282339194e-02
7.890263397034479043e-02
7.910237243050334544e-02
7.736752255556288149e-02
7.800765244224662498e-02
7.737856783591760823e-02
7.247951040997066552e-02
7.335208671474441333e-02
7.203509229745003184e-02
7.343397735444204266e-02
6.842729790109434995e-02
7.640554714141242765e-02
6.807381284783782516e-02
7.764342569597568189e-02
6.784761200200441211e-02
7.580376033643128342e-02
7.447979262005764711e-02
7.687010916227990376e-02
7.814426511436052547e-02
7.135998369259653751e-02
5.700952588851612712e-02
7.819555275729138388e-02
7.807175089406687141e-02
7.600444081139400010e-02
7.848556135319564864e-02
7.173446462793146849e-02
7.869705749706290554e-02
7.716311275650579449e-02
5.419586198613227795e-02
7.850393243230201212e-02
7.604820848079205109e-02
7.878944860152756191e-02
6.742123577201160345e-02
7.651284879208489209e-02
7.622374754134712826e-02
7.632142250549966978e-02
7.837039892131515695e-02
7.644194112097826843e-02
7.560442600388700418e-02
7.588108647228325454e-02
7.488746289319511695e-02
7.619887168844520497e-02
7.849017571677176230e-02
7.529918313492293958e-02
7.408449030794830859e-02
7.341290323070476243e-02
5.912769667397482776e-02
7.227693368442154875e-02
7.419832105738501105e-02
7.277601645796863417e-02
7.163471743353033716e-02
7.708580888101565498e-02
7.805050179341241345e-02
7.729532481141664080e-02
7.685162734780427718e-02
7.428744944424495178e-02
6.943396399919977979e-02
6.373593713332752209e-02
7.678529843152782919e-02
7.363700315508843464e-02
7.266628074631381606e-02
7.892012914201577967e-02
7.193487065685685855e-02
6.751264006718316057e-02
7.484464041125725442e-02
7.879069369403755851e-02
7.543089520997084407e-02
7.841411339481313414e-02
7.487815831415525758e-02
7.906575829995250715e-02
7.013783612090490616e-02
