1.065206998600193966e+00
1.179609612910779592e+00
1.193915754672607132e+00
1.242607770431549907e+00
1.196604948056991802e+00
1.167680736515521733e+00
1.214899745329842018e+00
1.230159302522471965e+00
1.226328913415420052e+00
1.149396099109709857e+00
1.065206998600193966e+00
1.214002237603629464e+00
1.179609612910779592e+00
1.193915754672607132e+00
1.262371121310609023e+00
1.242607770431549907e+00
1.254415881904424657e+00
1.196604948056991802e+00
1.167680736515521733e+00
1.230159302522471965e+00
1.065206998600193966e+00
1.179609612910779592e+00
1.262371121310609023e+00
1.167680736515521733e+00
1.152397112057476525e+00
1.155682242517737990e+00
9.785000588486787443e-01
1.113620223709024248e+00
1.212724623627366327e+00
1.254233584040906901e+00
1.149657744138303794e+00
1.214002237603629464e+00
1.193915754672607132e+00
1.262371121310609023e+00
1.254415881904424657e+00
1.167680736515521733e+00
1.214899745329842018e+00
1.152397112057476525e+00
1.266753712493234652e+00
1.212724623627366327e+00
1.193915754672607132e+00
1.262371121310609023e+00
1.254415881904424657e+00
1.167680736515521733e+00
1.214899745329842018e+00
1.230159302522471965e+00
1.149396099109709857e+00
1.254233584040906901e+00
1.145144787037307044e+00
1.262334979817011149e+00
1.065206998600193966e+00
1.193915754672607132e+00
1.242607770431549907e+00
1.196604948056991802e+00
1.152397112057476525e+00
1.212724623627366327e+00
1.254233584040906901e+00
1.145144787037307044e+00
1.196989823393953989e+00
1.202604082523446971e+00
1.065206998600193966e+00
1.214002237603629464e+00
1.179609612910779592e+00
1.193915754672607132e+00
1.262371121310609023e+00
1.196604948056991802e+00
1.167680736515521733e+00
1.230159302522471965e+00
1.145144787037307044e+00
1.262334979817011149e+00
1.149657744138303794e+00
1.193915754672607132e+00
1.126141419469197213e+00
1.196604948056991802e+00
1.167680736515521733e+00
1.240721131372068742e+00
1.230159302522471965e+00
1.090631776563280475e+00
1.266753712493234652e+00
1.212724623627366327e+00
1.065206998600193966e+00
1.214002237603629464e+00
1.193915754672607132e+00
1.262371121310609023e+00
1.242607770431549907e+00
1.155851348462307193e+00
1.012317251988101852e+00
1.167680736515521733e+00
1.214899745329842018e+00
1.230159302522471965e+00
1.065206998600193966e+00
1.214002237603629464e+00
1.179609612910779592e+00
1.230578363107974527e+00
1.262371121310609023e+00
1.126141419469197213e+00
1.155851348462307193e+00
1.196604948056991802e+00
1.167680736515521733e+00
1.214899745329842018e+00
1.065206998600193966e+00
1.193915754672607132e+00
1.262371121310609023e+00
1.242607770431549907e+00
1.254415881904424657e+00
1.196604948056991802e+00
1.167680736515521733e+00
1.220714920338827003e+00
1.230159302522471965e+00
8.620691833058835574e-01
1.065206998600193966e+00
1.262371121310609023e+00
1.126141419469197213e+00
1.196604948056991802e+00
1.220714920338827003e+00
1.214899745329842018e+00
1.230159302522471965e+00
1.262560593875733383e+00
1.247737703284197197e+00
1.254233584040906901e+00
1.065206998600193966e+00
1.193915754672607132e+00
1.262371121310609023e+00
1.242607770431549907e+00
1.254415881904424657e+00
1.196604948056991802e+00
1.214899745329842018e+00
1.152397112057476525e+00
8.620691833058835574e-01
1.090631776563280475e+00
1.065206998600193966e+00
1.179853176500531786e+00
1.193915754672607132e+00
1.242607770431549907e+00
1.218819952185794087e+00
1.167680736515521733e+00
1.183679329275924008e+00
1.214899745329842018e+00
1.212724623627366327e+00
1.254233584040906901e+00
1.065206998600193966e+00
1.215178617074183176e+00
1.193915754672607132e+00
1.058770977930623580e+00
1.262371121310609023e+00
1.254415881904424657e+00
1.012317251988101852e+00
1.183679329275924008e+00
1.214899745329842018e+00
1.230159302522471965e+00
1.065206998600193966e+00
1.179609612910779592e+00
1.193915754672607132e+00
1.262371121310609023e+00
1.242607770431549907e+00
1.196604948056991802e+00
1.167680736515521733e+00
1.214899745329842018e+00
1.230159302522471965e+00
1.188882590436143083e+00
1.090548607290520167e+00
1.193915754672607132e+00
1.242607770431549907e+00
1.167680736515521733e+00
1.183679329275924008e+00
1.214899745329842018e+00
1.152397112057476525e+00
1.199509426376641930e+00
1.090631776563280475e+00
1.266695453791554682e+00
1.149657744138303794e+00
1.210811885779946140e+00
1.193915754672607132e+00
1.262371121310609023e+00
1.242607770431549907e+00
1.135809154533011345e+00
1.167680736515521733e+00
1.183679329275924008e+00
1.214899745329842018e+00
1.230159302522471965e+00
1.065206998600193966e+00
1.193915754672607132e+00
1.262371121310609023e+00
1.242607770431549907e+00
1.194910387528173468e+00
1.167680736515521733e+00
1.214899745329842018e+00
1.212724623627366327e+00
1.254233584040906901e+00
1.104706030774165182e+00
1.065206998600193966e+00
1.159259876620713836e+00
1.262371121310609023e+00
1.242607770431549907e+00
1.012317251988101852e+00
1.240721131372068742e+00
1.152397112057476525e+00
8.620691833058835574e-01
1.090631776563280475e+00
1.212724623627366327e+00
1.065206998600193966e+00
1.193915754672607132e+00
1.262371121310609023e+00
1.126141419469197213e+00
1.196604948056991802e+00
1.167680736515521733e+00
1.214899745329842018e+00
1.230159302522471965e+00
1.226328913415420052e+00
1.199509426376641930e+00
1.065206998600193966e+00
1.007714793392614050e+00
1.179609612910779592e+00
1.193915754672607132e+00
1.242607770431549907e+00
1.194910387528173468e+00
1.196604948056991802e+00
1.167680736515521733e+00
1.230159302522471965e+00
1.226328913415420052e+00
1.262371121310609023e+00
1.177763659227102799e+00
1.196604948056991802e+00
1.167680736515521733e+00
1.225365949925915965e+00
1.230159302522471965e+00
1.199509426376641930e+00
1.266753712493234652e+00
1.254233584040906901e+00
1.145144787037307044e+00
1.179609612910779592e+00
1.262371121310609023e+00
1.196604948056991802e+00
1.167680736515521733e+00
1.214899745329842018e+00
1.230159302522471965e+00
1.155682242517737990e+00
1.199509426376641930e+00
1.090631776563280475e+00
1.188882590436143083e+00
1.065206998600193966e+00
1.193915754672607132e+00
1.058770977930623580e+00
1.116814866122932903e+00
1.072440375756570807e+00
1.240721131372068742e+00
1.230159302522471965e+00
1.199509426376641930e+00
1.189078940853023347e+00
1.219675604151926773e+00
1.090548607290520167e+00
1.159259876620713836e+00
1.262371121310609023e+00
1.242607770431549907e+00
1.194910387528173468e+00
1.116814866122932903e+00
1.072440375756570807e+00
1.240721131372068742e+00
1.095435452079050354e+00
1.104706030774165182e+00
1.065206998600193966e+00
1.214002237603629464e+00
1.090548607290520167e+00
1.193915754672607132e+00
1.262371121310609023e+00
1.242607770431549907e+00
1.194910387528173468e+00
1.167680736515521733e+00
1.214899745329842018e+00
1.230159302522471965e+00
1.065206998600193966e+00
1.210811885779946140e+00
1.179609612910779592e+00
1.193915754672607132e+00
1.262371121310609023e+00
1.242607770431549907e+00
1.196604948056991802e+00
1.167680736515521733e+00
1.183679329275924008e+00
1.214899745329842018e+00
1.065206998600193966e+00
1.179609612910779592e+00
1.193915754672607132e+00
1.262371121310609023e+00
1.242607770431549907e+00
1.167680736515521733e+00
1.214899745329842018e+00
1.230159302522471965e+00
1.095435452079050354e+00
1.145144787037307044e+00
1.065206998600193966e+00
1.215178617074183176e+00
1.090548607290520167e+00
1.193915754672607132e+00
1.262371121310609023e+00
1.242607770431549907e+00
1.196604948056991802e+00
1.167680736515521733e+00
1.214899745329842018e+00
1.230159302522471965e+00
1.065206998600193966e+00
1.214002237603629464e+00
1.193915754672607132e+00
1.262371121310609023e+00
1.242607770431549907e+00
1.196604948056991802e+00
1.167680736515521733e+00
1.214899745329842018e+00
1.230159302522471965e+00
1.262560593875733383e+00
1.065206998600193966e+00
1.212161436547604110e+00
1.193915754672607132e+00
1.262371121310609023e+00
1.012317251988101852e+00
1.167680736515521733e+00
8.620691833058835574e-01
1.212724623627366327e+00
1.254233584040906901e+00
1.145144787037307044e+00
1.065206998600193966e+00
1.196604948056991802e+00
1.167680736515521733e+00
1.214899745329842018e+00
1.113620223709024248e+00
1.212724623627366327e+00
1.254233584040906901e+00
1.189078940853023347e+00
1.128791020882767615e+00
1.098745998364575316e+00
1.193915754672607132e+00
1.242607770431549907e+00
1.196604948056991802e+00
1.167680736515521733e+00
1.240721131372068742e+00
1.230159302522471965e+00
1.226328913415420052e+00
1.155682242517737990e+00
1.188882590436143083e+00
1.212724623627366327e+00
1.065206998600193966e+00
1.210811885779946140e+00
1.007714793392614050e+00
1.193915754672607132e+00
1.196604948056991802e+00
1.167680736515521733e+00
1.214899745329842018e+00
1.230159302522471965e+00
1.262560593875733383e+00
1.258028694905597877e+00
1.065206998600193966e+00
1.214002237603629464e+00
1.193915754672607132e+00
1.262371121310609023e+00
1.242607770431549907e+00
1.254415881904424657e+00
1.196604948056991802e+00
1.167680736515521733e+00
1.220714920338827003e+00
1.214899745329842018e+00
1.065206998600193966e+00
1.193915754672607132e+00
1.242607770431549907e+00
1.196604948056991802e+00
1.167680736515521733e+00
1.214899745329842018e+00
1.230159302522471965e+00
1.254233584040906901e+00
1.145144787037307044e+00
1.167992745645927588e+00
1.065206998600193966e+00
1.215178617074183176e+00
1.193915754672607132e+00
1.262371121310609023e+00
1.196604948056991802e+00
1.167680736515521733e+00
1.220714920338827003e+00
1.214899745329842018e+00
1.230159302522471965e+00
1.155682242517737990e+00
1.065206998600193966e+00
1.215178617074183176e+00
1.193915754672607132e+00
1.262371121310609023e+00
1.126141419469197213e+00
1.254415881904424657e+00
1.196604948056991802e+00
1.072440375756570807e+00
1.214899745329842018e+00
1.230159302522471965e+00
1.065206998600193966e+00
1.193915754672607132e+00
1.262371121310609023e+00
1.126141419469197213e+00
1.254415881904424657e+00
1.196604948056991802e+00
1.230159302522471965e+00
1.262560593875733383e+00
1.199509426376641930e+00
1.188882590436143083e+00
1.065206998600193966e+00
1.215178617074183176e+00
1.262371121310609023e+00
1.242607770431549907e+00
1.254415881904424657e+00
1.196604948056991802e+00
1.167680736515521733e+00
1.220714920338827003e+00
1.182693462094012382e+00
1.199509426376641930e+00
1.065206998600193966e+00
1.253438380834440702e+00
1.090548607290520167e+00
1.193915754672607132e+00
1.262371121310609023e+00
1.242607770431549907e+00
1.155851348462307193e+00
1.196604948056991802e+00
1.167680736515521733e+00
1.214899745329842018e+00
1.065206998600193966e+00
1.214002237603629464e+00
1.179609612910779592e+00
1.196604948056991802e+00
1.214899745329842018e+00
1.152397112057476525e+00
1.229007690513024276e+00
1.266695453791554682e+00
1.212724623627366327e+00
1.254233584040906901e+00
1.065206998600193966e+00
1.193915754672607132e+00
1.262371121310609023e+00
1.167680736515521733e+00
1.214899745329842018e+00
1.230159302522471965e+00
1.247737703284197197e+00
1.203970090955811090e+00
1.266695453791554682e+00
1.212724623627366327e+00
1.065206998600193966e+00
1.215178617074183176e+00
1.179609612910779592e+00
1.193915754672607132e+00
1.262371121310609023e+00
1.242607770431549907e+00
1.196604948056991802e+00
1.167680736515521733e+00
1.214899745329842018e+00
1.230159302522471965e+00
1.065206998600193966e+00
1.215178617074183176e+00
1.193915754672607132e+00
1.262371121310609023e+00
1.196604948056991802e+00
1.167680736515521733e+00
1.214899745329842018e+00
1.230159302522471965e+00
1.226328913415420052e+00
1.212724623627366327e+00
1.242607770431549907e+00
1.065076581584084359e+00
1.240721131372068742e+00
1.230159302522471965e+00
1.113620223709024248e+00
1.145144787037307044e+00
1.240345890955897534e+00
1.186636653022008714e+00
1.148089069349251368e+00
1.202604082523446971e+00
1.193915754672607132e+00
1.072440375756570807e+00
1.230159302522471965e+00
1.155682242517737990e+00
1.199509426376641930e+00
1.266695453791554682e+00
1.212724623627366327e+00
1.254233584040906901e+00
1.173194408849150383e+00
1.058395503291975626e+00
1.065206998600193966e+00
1.214002237603629464e+00
1.194910387528173468e+00
1.116814866122932903e+00
1.167680736515521733e+00
1.230159302522471965e+00
8.620691833058835574e-01
1.212724623627366327e+00
1.254233584040906901e+00
1.145144787037307044e+00
1.065206998600193966e+00
1.193360582211461018e+00
1.179609612910779592e+00
1.193915754672607132e+00
1.242607770431549907e+00
1.235785920929202142e+00
1.196604948056991802e+00
1.214899745329842018e+00
1.230159302522471965e+00
8.620691833058835574e-01
1.065206998600193966e+00
1.193915754672607132e+00
1.242607770431549907e+00
1.196604948056991802e+00
1.167680736515521733e+00
1.240721131372068742e+00
1.203970090955811090e+00
1.145144787037307044e+00
1.240345890955897534e+00
1.167992745645927588e+00
1.149657744138303794e+00
1.193915754672607132e+00
1.262371121310609023e+00
1.242607770431549907e+00
1.012317251988101852e+00
1.167680736515521733e+00
1.214899745329842018e+00
1.230159302522471965e+00
1.149396099109709857e+00
1.188882590436143083e+00
1.065206998600193966e+00
1.210811885779946140e+00
1.179609612910779592e+00
1.262371121310609023e+00
1.196604948056991802e+00
1.220714920338827003e+00
1.099411559710990804e+00
1.214899745329842018e+00
1.262560593875733383e+00
1.155682242517737990e+00
1.149657744138303794e+00
1.193915754672607132e+00
1.262371121310609023e+00
1.242607770431549907e+00
1.196604948056991802e+00
1.167680736515521733e+00
1.220714920338827003e+00
1.214899745329842018e+00
1.230159302522471965e+00
1.262560593875733383e+00
1.193915754672607132e+00
1.242607770431549907e+00
1.196604948056991802e+00
1.240721131372068742e+00
1.230159302522471965e+00
1.226328913415420052e+00
1.199509426376641930e+00
1.145144787037307044e+00
1.262334979817011149e+00
1.188801461415964766e+00
1.065206998600193966e+00
1.159259876620713836e+00
1.242607770431549907e+00
1.116814866122932903e+00
1.167680736515521733e+00
1.240721131372068742e+00
1.230159302522471965e+00
1.262560593875733383e+00
1.212724623627366327e+00
1.254233584040906901e+00
1.253438380834440702e+00
1.179609612910779592e+00
1.193915754672607132e+00
1.262371121310609023e+00
1.135809154533011345e+00
1.196604948056991802e+00
1.214899745329842018e+00
1.208018780273479864e+00
1.155682242517737990e+00
1.203842023772272674e+00
1.065206998600193966e+00
1.242607770431549907e+00
1.196604948056991802e+00
1.065076581584084359e+00
1.214899745329842018e+00
1.212724623627366327e+00
1.254233584040906901e+00
1.237734920211000178e+00
1.219675604151926773e+00
1.240345890955897534e+00
1.065206998600193966e+00
1.214002237603629464e+00
1.159259876620713836e+00
1.196604948056991802e+00
1.072440375756570807e+00
1.230159302522471965e+00
1.199509426376641930e+00
1.188882590436143083e+00
1.203970090955811090e+00
1.212724623627366327e+00
1.065206998600193966e+00
1.215178617074183176e+00
1.210811885779946140e+00
1.262371121310609023e+00
1.242607770431549907e+00
1.167680736515521733e+00
1.214899745329842018e+00
1.230159302522471965e+00
1.203970090955811090e+00
1.191034606455283695e+00
1.215178617074183176e+00
1.262371121310609023e+00
1.242607770431549907e+00
1.214899745329842018e+00
1.212724623627366327e+00
1.254233584040906901e+00
1.145144787037307044e+00
1.262334979817011149e+00
1.202604082523446971e+00
1.142969697882732394e+00
1.215178617074183176e+00
1.210811885779946140e+00
1.262371121310609023e+00
1.126141419469197213e+00
1.196604948056991802e+00
1.214899745329842018e+00
1.230159302522471965e+00
1.212724623627366327e+00
1.254233584040906901e+00
1.145144787037307044e+00
1.065206998600193966e+00
1.007714793392614050e+00
1.193915754672607132e+00
1.196604948056991802e+00
1.065076581584084359e+00
1.214899745329842018e+00
1.230159302522471965e+00
1.199509426376641930e+00
1.254233584040906901e+00
1.145144787037307044e+00
1.065206998600193966e+00
1.193915754672607132e+00
1.135809154533011345e+00
1.196604948056991802e+00
1.167680736515521733e+00
1.214899745329842018e+00
1.230159302522471965e+00
1.266695453791554682e+00
1.212724623627366327e+00
1.095435452079050354e+00
1.065206998600193966e+00
1.214002237603629464e+00
1.159259876620713836e+00
1.242607770431549907e+00
1.196604948056991802e+00
1.167680736515521733e+00
1.230159302522471965e+00
1.266753712493234652e+00
1.254233584040906901e+00
1.093785987374675583e+00
1.193915754672607132e+00
1.220714920338827003e+00
1.183679329275924008e+00
1.214899745329842018e+00
1.230159302522471965e+00
1.264727940040701659e+00
1.113620223709024248e+00
1.212724623627366327e+00
1.254233584040906901e+00
1.145144787037307044e+00
1.159259876620713836e+00
1.262371121310609023e+00
1.242607770431549907e+00
1.250008494387139457e+00
1.194910387528173468e+00
1.167680736515521733e+00
1.214899745329842018e+00
1.152397112057476525e+00
1.125019424014042313e+00
1.254233584040906901e+00
1.065206998600193966e+00
1.007714793392614050e+00
1.193915754672607132e+00
1.262371121310609023e+00
1.126141419469197213e+00
1.196604948056991802e+00
1.167680736515521733e+00
1.230159302522471965e+00
1.155682242517737990e+00
1.212724623627366327e+00
1.065206998600193966e+00
1.193915754672607132e+00
1.242607770431549907e+00
1.196604948056991802e+00
1.072440375756570807e+00
1.214899745329842018e+00
1.230159302522471965e+00
1.226328913415420052e+00
1.212724623627366327e+00
1.237734920211000178e+00
1.065206998600193966e+00
1.193915754672607132e+00
1.262371121310609023e+00
1.254415881904424657e+00
1.167680736515521733e+00
1.183679329275924008e+00
1.214899745329842018e+00
1.113620223709024248e+00
1.212724623627366327e+00
1.254233584040906901e+00
1.065206998600193966e+00
1.214002237603629464e+00
1.262371121310609023e+00
1.242607770431549907e+00
1.196604948056991802e+00
1.167680736515521733e+00
1.235251367199093675e+00
1.214899745329842018e+00
1.230159302522471965e+00
1.212724623627366327e+00
1.065206998600193966e+00
1.230578363107974527e+00
1.262371121310609023e+00
1.242607770431549907e+00
1.196604948056991802e+00
1.214899745329842018e+00
1.230159302522471965e+00
1.155682242517737990e+00
1.123042572468854639e+00
1.095435452079050354e+00
1.179609612910779592e+00
1.193915754672607132e+00
1.262371121310609023e+00
1.196604948056991802e+00
1.214899745329842018e+00
1.230159302522471965e+00
1.226328913415420052e+00
8.620691833058835574e-01
1.266695453791554682e+00
1.145144787037307044e+00
1.065206998600193966e+00
1.193915754672607132e+00
1.262371121310609023e+00
1.242607770431549907e+00
1.254415881904424657e+00
1.012317251988101852e+00
1.072440375756570807e+00
1.099411559710990804e+00
1.199509426376641930e+00
1.249201525495683196e+00
1.210811885779946140e+00
1.159259876620713836e+00
1.196604948056991802e+00
1.167680736515521733e+00
1.240721131372068742e+00
1.230159302522471965e+00
1.212724623627366327e+00
1.253490046363850086e+00
1.254233584040906901e+00
1.104706030774165182e+00
1.065206998600193966e+00
1.159259876620713836e+00
1.242607770431549907e+00
1.194910387528173468e+00
1.116814866122932903e+00
1.214899745329842018e+00
1.230159302522471965e+00
1.113620223709024248e+00
1.212724623627366327e+00
1.254233584040906901e+00
1.065206998600193966e+00
1.193915754672607132e+00
1.262371121310609023e+00
1.242607770431549907e+00
1.196604948056991802e+00
1.214899745329842018e+00
1.230159302522471965e+00
1.226328913415420052e+00
1.212724623627366327e+00
1.145144787037307044e+00
1.210811885779946140e+00
1.193915754672607132e+00
1.262371121310609023e+00
1.242607770431549907e+00
1.167680736515521733e+00
1.240721131372068742e+00
1.230159302522471965e+00
1.149396099109709857e+00
1.212724623627366327e+00
1.254233584040906901e+00
1.065206998600193966e+00
1.193915754672607132e+00
1.262371121310609023e+00
1.242607770431549907e+00
1.196604948056991802e+00
1.167680736515521733e+00
1.220714920338827003e+00
1.230159302522471965e+00
1.240106820196571924e+00
1.203970090955811090e+00
1.065206998600193966e+00
1.193915754672607132e+00
1.242607770431549907e+00
1.196604948056991802e+00
1.167680736515521733e+00
1.192312176394226153e+00
1.182693462094012382e+00
1.226328913415420052e+00
1.149396099109709857e+00
1.212724623627366327e+00
1.065206998600193966e+00
1.193915754672607132e+00
1.262371121310609023e+00
1.242607770431549907e+00
1.196604948056991802e+00
1.167680736515521733e+00
1.220714920338827003e+00
1.214899745329842018e+00
1.230159302522471965e+00
1.264727940040701659e+00
1.193915754672607132e+00
1.262371121310609023e+00
1.196604948056991802e+00
1.230159302522471965e+00
1.182693462094012382e+00
1.155682242517737990e+00
8.620691833058835574e-01
1.113620223709024248e+00
1.125019424014042313e+00
1.254233584040906901e+00
1.065206998600193966e+00
1.126141419469197213e+00
1.196604948056991802e+00
1.167680736515521733e+00
1.214899745329842018e+00
1.230159302522471965e+00
1.262560593875733383e+00
1.116457635656565639e+00
1.189078940853023347e+00
1.209064507122268539e+00
1.065206998600193966e+00
1.159259876620713836e+00
1.126141419469197213e+00
1.155851348462307193e+00
1.196604948056991802e+00
1.167680736515521733e+00
1.214899745329842018e+00
1.230159302522471965e+00
1.212724623627366327e+00
1.095435452079050354e+00
1.090548607290520167e+00
1.193915754672607132e+00
1.072440375756570807e+00
1.220714920338827003e+00
1.152397112057476525e+00
8.620691833058835574e-01
1.249201525495683196e+00
1.254233584040906901e+00
1.145144787037307044e+00
1.196989823393953989e+00
1.065206998600193966e+00
1.193915754672607132e+00
1.262371121310609023e+00
1.242607770431549907e+00
1.194910387528173468e+00
1.116814866122932903e+00
1.167680736515521733e+00
1.230159302522471965e+00
1.212724623627366327e+00
1.145144787037307044e+00
1.149657744138303794e+00
1.193915754672607132e+00
1.058770977930623580e+00
1.155851348462307193e+00
1.257508659006019824e+00
1.250058464179637951e+00
1.167680736515521733e+00
1.220714920338827003e+00
1.214899745329842018e+00
1.212724623627366327e+00
1.065206998600193966e+00
1.193915754672607132e+00
1.262371121310609023e+00
1.242607770431549907e+00
1.252670625643395264e+00
1.250058464179637951e+00
1.167680736515521733e+00
1.214899745329842018e+00
1.230159302522471965e+00
1.182693462094012382e+00
1.065206998600193966e+00
1.262371121310609023e+00
1.242607770431549907e+00
1.214899745329842018e+00
1.230159302522471965e+00
1.264727940040701659e+00
1.212724623627366327e+00
1.173194408849150383e+00
1.262334979817011149e+00
1.167992745645927588e+00
1.065206998600193966e+00
1.210811885779946140e+00
1.159259876620713836e+00
1.262371121310609023e+00
1.242607770431549907e+00
1.254415881904424657e+00
1.167680736515521733e+00
1.214899745329842018e+00
1.230159302522471965e+00
1.199509426376641930e+00
1.065206998600193966e+00
1.262371121310609023e+00
1.242607770431549907e+00
1.196604948056991802e+00
1.167680736515521733e+00
1.220714920338827003e+00
1.214899745329842018e+00
1.226328913415420052e+00
1.199509426376641930e+00
1.254233584040906901e+00
1.065206998600193966e+00
1.179609612910779592e+00
1.193915754672607132e+00
1.242607770431549907e+00
1.196604948056991802e+00
1.192312176394226153e+00
1.214899745329842018e+00
1.230159302522471965e+00
1.258028694905597877e+00
1.212724623627366327e+00
1.210811885779946140e+00
1.193915754672607132e+00
1.242607770431549907e+00
1.214899745329842018e+00
1.230159302522471965e+00
1.264727940040701659e+00
1.199509426376641930e+00
1.203970090955811090e+00
1.212724623627366327e+00
1.254233584040906901e+00
1.149657744138303794e+00
1.193915754672607132e+00
1.242607770431549907e+00
1.196604948056991802e+00
1.167680736515521733e+00
1.176185172172281801e+00
1.214899745329842018e+00
1.230159302522471965e+00
1.226328913415420052e+00
1.199509426376641930e+00
1.065206998600193966e+00
1.242607770431549907e+00
1.167680736515521733e+00
1.240721131372068742e+00
1.230159302522471965e+00
1.240106820196571924e+00
1.212724623627366327e+00
1.254233584040906901e+00
1.145144787037307044e+00
1.219675604151926773e+00
1.065206998600193966e+00
1.090548607290520167e+00
1.193915754672607132e+00
1.196604948056991802e+00
1.167680736515521733e+00
1.214899745329842018e+00
1.230159302522471965e+00
1.199509426376641930e+00
1.212724623627366327e+00
1.254233584040906901e+00
1.065206998600193966e+00
1.179609612910779592e+00
1.262371121310609023e+00
1.242607770431549907e+00
1.196604948056991802e+00
1.214899745329842018e+00
1.152397112057476525e+00
1.212724623627366327e+00
1.254233584040906901e+00
1.145144787037307044e+00
1.193915754672607132e+00
1.262371121310609023e+00
1.196604948056991802e+00
1.214899745329842018e+00
1.226328913415420052e+00
1.266753712493234652e+00
1.212724623627366327e+00
1.254233584040906901e+00
1.145144787037307044e+00
1.202604082523446971e+00
1.065206998600193966e+00
1.210811885779946140e+00
1.193915754672607132e+00
1.242607770431549907e+00
1.196604948056991802e+00
1.192312176394226153e+00
1.230159302522471965e+00
1.182693462094012382e+00
1.199509426376641930e+00
1.188882590436143083e+00
1.007714793392614050e+00
1.193915754672607132e+00
1.242607770431549907e+00
1.155851348462307193e+00
1.196604948056991802e+00
1.167680736515521733e+00
1.188882590436143083e+00
1.212724623627366327e+00
1.254233584040906901e+00
1.119661331843545549e+00
