5.712781484944290345e-04
6.058671912974447410e-04
4.625965224866249430e-04
7.408943700903740078e-04
9.815083645003011125e-04
3.212846483744874774e-04
1.072516212384339420e-03
4.622109839455507498e-04
1.871046977962226516e-03
9.422784662196770746e-04
1.002397054825468524e-03
7.663319607331640091e-04
1.734608007690894259e-03
5.479959937284791839e-04
7.478851494006048426e-04
3.071859675348854557e-04
7.245790092970949298e-04
3.180701960448527646e-04
6.359522375711658231e-04
4.561190186835410438e-04
2.907890903612795046e-04
6.485546494318913729e-04
1.352230689102142808e-03
3.588479713933459981e-04
4.685293810081630887e-04
6.299360358228153029e-04
5.534450884935853548e-04
1.105356530467274754e-03
5.404340456077206265e-04
3.973479008213721833e-04
6.404130040206741431e-04
3.305442549371149282e-04
4.281252630905530441e-04
5.912121660516872967e-04
2.044203151302267235e-03
2.603288472866474319e-03
9.694540872957433525e-04
6.904403189083266768e-04
4.612204366352488233e-04
1.278824895149865493e-03
1.014968490350989620e-03
2.504862400975812618e-04
3.925534057190693100e-04
7.448524114170540196e-04
8.087669218948147611e-04
4.759004033993068181e-04
4.396385851443491608e-04
9.699317556572962249e-04
7.012652188042785848e-04
1.085599402406182403e-03
1.016010953344223360e-03
6.823239098005716647e-04
4.381857439938878257e-04
4.132807503589183110e-04
6.037846781448819424e-04
3.748675063536589000e-04
1.109419524509400916e-03
5.772698102973504225e-04
1.110490730113980126e-03
8.628847436413776030e-04
1.407652209584859052e-02
1.550642169854118914e-03
4.293687957834230033e-04
4.453456646171071029e-04
6.542030521833777472e-04
4.210246914183409699e-04
7.158541560239985516e-04
1.085116695590765661e-03
1.103390453171302233e-03
3.943970576664879027e-04
2.774147454684905423e-03
2.558851197468632165e-04
3.988159036898479516e-04
9.430379535830668699e-04
6.040449807944896568e-04
3.125335146321221659e-04
6.006190760150418532e-04
8.133636631147103842e-04
7.052917512664432951e-04
8.977414089552356383e-04
2.132947910187530977e-04
3.811568486337295510e-03
3.112821424268919683e-04
4.251526320436600694e-04
1.567470489779448613e-03
2.027740574090282626e-04
1.909044551449410590e-03
2.593799710306211783e-03
5.656386148442879309e-04
2.389068061888436050e-03
4.312867641133838578e-04
4.369839298506058558e-04
9.392899408588537696e-04
1.439401939473555249e-03
6.888880531827687578e-04
4.924655898126337195e-04
1.360465199386975293e-04
3.926251023058864348e-04
5.960283623015054941e-04
2.658413754251313086e-04
7.799357464228832927e-04
5.039289707179665703e-04
3.829484229624089461e-04
8.516138606013702031e-04
3.398162322498428389e-04
1.035615522561318582e-03
3.834293738983338075e-04
6.463836978113153987e-04
8.319078071154503229e-04
2.299009771860203652e-03
7.109830195743183957e-04
4.195455350417007321e-04
6.016109730323953610e-04
8.059570509326390150e-04
8.969439758369328330e-04
6.744073853757233264e-04
6.739015724940759875e-04
5.402174465920630891e-04
6.556680921647602914e-04
4.330870016444740220e-04
5.946279209867120488e-04
5.126698256408474593e-04
3.852864331728799059e-03
9.542961616051325816e-04
3.744082882109077328e-04
6.689994237679558215e-04
1.056051553365994211e-03
4.489284646884988570e-04
1.182034527670772737e-03
8.392190403229801872e-04
3.834299273272137338e-04
9.874747408032502442e-04
5.491786666522104239e-04
5.740691016048032067e-04
2.323226990211478256e-04
7.245790092970949298e-04
7.380797440861077167e-04
3.740865197965242191e-04
4.468016511181649528e-04
8.945875303839653358e-04
9.157432861948515673e-04
5.757320098352030962e-04
3.480752369844625346e-04
7.800130560553181300e-04
7.569003376788367363e-04
1.051116623807604906e-03
2.368961661874638316e-04
2.970936023678386159e-04
8.090090417902367093e-04
8.722328188884598829e-04
7.790411281806045203e-03
5.569570484705719171e-04
2.531864050090166379e-04
5.445253467149561381e-04
4.602444080939807614e-04
5.323893971454689376e-04
5.939400529960747006e-04
8.416015880562530875e-04
5.450945381544631402e-04
2.314773791571165173e-04
1.935165697262080948e-03
3.689692554902377145e-04
8.735321463726776481e-04
3.821617084212990557e-04
1.686878881419331564e-03
4.554029679570385119e-04
1.659845178841401014e-04
1.755201630885618990e-03
5.064667513599326173e-04
9.337275982346077662e-04
8.615942662887589787e-04
7.053328900545950512e-04
5.351104528169216452e-04
2.525748621585192574e-04
4.643150808286373239e-04
1.230691291974801227e-03
6.951213753971940577e-04
4.330004690337137859e-04
6.155719520174204960e-04
7.269629020246573840e-04
1.442173977854542934e-03
6.060908271900767360e-04
7.730683559125927111e-04
6.920141898971863192e-04
4.107502200870171154e-04
7.296438487414142610e-04
6.341642739025816003e-03
8.227024407973584919e-04
5.493861902716065367e-04
1.276556190146723975e-03
8.444070333785420445e-04
7.775087838541257018e-04
4.227433689124915936e-04
5.264068735815547384e-04
7.233433845981874881e-04
2.320576990660833453e-04
2.118096445268895841e-03
1.525491030390976324e-03
3.636901445082280928e-04
6.060697045911880073e-04
1.312428467406887315e-03
1.408728713280617013e-03
4.113196972775020103e-04
1.125502297042033778e-03
1.343507756853557986e-03
4.724717748287711547e-04
4.264591275076636250e-04
3.394203127873806855e-04
7.942982211353147347e-04
2.667713415057298477e-04
7.466402887997538804e-04
2.395309464106173611e-03
1.117688561680512793e-03
4.273777496726700767e-04
4.110705051901542830e-04
4.082290265460509181e-03
1.330391290727108182e-03
8.433902141807692390e-03
2.783316432148824951e-04
5.778322440347945623e-04
7.260951836649753247e-04
4.237679471867881196e-04
1.470367253467707962e-03
1.344736897173442547e-03
3.868560358613745091e-03
1.343272883011595439e-03
7.277856132847969686e-04
5.419462816490252469e-04
3.222361567196441482e-04
1.035679196513924994e-03
7.019490425273838471e-04
6.982326243612263679e-04
4.351101800664858646e-04
5.554815956194834523e-04
1.242307966987909020e-03
2.931170730658176301e-04
7.628712882951729259e-04
9.951851630575394691e-04
4.250325825880208082e-03
4.284114856470389835e-04
5.140689638492228859e-04
5.444119263930181397e-04
5.371546402380863701e-04
6.684968469142174444e-04
1.054862892422433638e-03
1.596866664497258821e-03
1.325052694535535378e-03
2.355275386639998914e-02
8.010913466181098430e-04
1.434213038078157047e-04
3.117500744934690801e-03
6.971104819119056974e-04
1.372165994745327185e-03
4.696004904049792426e-04
3.299086200453953577e-04
6.488004121995255384e-04
4.943490133628429973e-04
7.105200607041952179e-04
2.173063467117264500e-04
7.180368837694820969e-04
6.161397791816871933e-04
4.512472940208040123e-04
1.273867180036096199e-03
2.636601385907854202e-04
5.940162536825990694e-04
5.048737471917692614e-04
1.009580055245388715e-03
1.197969271950369242e-03
6.790260081977979095e-04
1.185065135099389261e-03
6.740891233824331799e-04
3.227383559855018583e-03
7.589479132692643001e-04
5.684307512779349135e-04
2.917735715730182988e-04
7.717246838005734555e-04
2.802416664386001358e-03
1.352517512005450969e-03
2.000595949107721104e-04
6.680498052807334669e-04
1.459125948923558356e-03
3.298936379765309728e-04
2.046620562665305378e-04
1.682176303925565991e-03
1.170466736668500287e-03
6.214408668411726400e-04
3.800995950953992356e-04
1.212551305723227413e-03
2.884568813460614846e-04
5.616493366554629494e-04
1.473407566045440700e-03
2.453462171392531573e-04
3.328186606632170183e-03
4.869905468707752517e-04
4.439702151007027860e-04
1.493953619381572628e-03
6.844134777098710449e-04
4.299889067433982650e-04
8.737747875240607339e-04
6.283865572840836638e-04
8.912724120114929845e-04
1.214248882343467624e-03
1.514737195443858521e-03
9.086281222675327701e-04
8.035193489639346149e-04
6.830884168383402014e-04
2.640900424778464635e-04
4.347726416791155408e-04
1.032679449277341564e-03
8.757024361070630180e-04
3.021353049045889154e-04
1.276471145788400392e-03
4.107502200870171154e-04
2.819985260571866281e-04
1.240066401240481984e-03
4.800633145292541783e-04
4.755123129096026718e-04
1.813734342241522021e-03
1.048073495340730299e-03
2.279339069669270859e-04
5.186014194934762418e-04
6.072851803873812989e-04
1.359193315657031840e-03
4.718620475318267035e-04
6.413291575299533273e-04
2.852930518415800138e-04
6.714810657320087342e-04
7.423870978122926135e-04
6.468448879113379221e-04
7.177851708166596177e-04
5.999955195168140938e-04
1.959990782963291691e-04
5.488490850563774309e-04
3.420334747878165890e-04
2.207839657411406632e-03
1.029129721697682456e-03
7.722178280122146297e-04
6.559243126618398900e-04
5.097374758130549660e-03
3.308000302484606007e-04
8.515396187230156455e-04
4.593478316934714490e-04
6.123181247810201939e-04
6.834733075718141346e-04
1.277043646344839687e-03
6.795901985260030271e-04
7.685080563210334439e-04
4.294894657914991422e-04
2.210311214889783445e-03
3.302136547389780317e-04
2.298862502838602828e-03
1.537010514266165572e-03
3.853489514685570294e-04
7.051285822562221479e-04
9.963334470404884655e-04
4.735448030957552126e-04
9.068921764503115731e-04
3.991816171700781984e-04
2.463459284884769729e-03
1.070626205999709131e-03
3.492555344797750299e-04
2.453462171392531573e-04
3.012598946549445932e-04
1.055158026388319098e-03
2.739642321550266046e-03
1.451251204782685574e-03
6.121444123969234808e-04
5.714453253285727442e-04
4.981649186801188987e-04
3.143532666223597329e-04
7.159374045838610284e-04
4.642839309780569202e-04
4.669518459429145766e-04
1.191454022048911952e-03
4.548422357113710013e-04
6.115498154622868573e-04
1.029251263672909585e-03
1.247198248258261531e-04
5.677887738431536789e-04
8.438650499944391021e-04
3.782237074233527670e-04
4.928306356869042483e-04
3.464391694574700639e-04
1.886331398588229902e-04
9.683507062101293127e-04
1.007257484140571284e-03
8.305172121424043551e-04
2.029256336218963810e-03
7.977252609268803592e-04
7.057867947968666893e-04
2.189166120775475435e-04
4.669271395284581338e-04
3.470424305832465637e-04
4.390189716928799167e-04
8.105109137751348404e-04
4.348717314481807014e-04
6.296586908438933303e-04
2.714665444975660705e-03
6.741155333904723943e-04
2.449316247884028618e-04
2.576894734682095905e-04
2.395309464106173611e-03
5.414865785888047824e-04
1.058557725890235625e-03
8.532612004186601986e-04
3.975207595170175321e-04
7.274590956688017267e-04
5.925676747236365612e-04
1.011938155382701918e-03
5.566327968365010178e-04
2.114276958242270257e-03
1.813734342241522021e-03
7.411545155753487433e-04
7.419178629563836841e-04
2.896322768036594286e-04
2.673237871112303893e-04
7.071842731393705207e-04
5.660205937629358237e-04
9.270993179430539596e-04
5.612292643230991102e-04
1.142831169666761511e-03
6.085175839985839091e-04
8.211209352003331343e-04
1.053838789320541086e-03
8.375494036840033666e-04
3.285283837157877370e-04
5.889967331912901753e-04
4.459697177912019632e-04
1.964843691475981913e-03
2.638081085213475185e-03
1.105975876782348041e-03
2.281075089184701754e-03
1.508288194095318583e-03
5.147205517897580690e-04
4.078235852509068480e-04
9.611295766898164715e-04
4.166688353346831276e-04
2.827329397683301065e-04
2.358664767057805302e-04
6.195518587348446040e-04
3.994116356252912941e-04
6.902476917490502463e-04
6.637564707017025965e-04
1.383842993614191287e-03
5.880759352100510800e-04
1.969757202815776258e-03
7.263474175002401258e-04
1.009178203081765712e-03
5.001222032263970621e-04
1.228660488649232314e-03
9.821985707727208526e-04
4.111190988825701468e-04
5.437611826807582432e-04
1.012332380805375633e-03
9.195416166303391941e-04
1.202562930659565156e-03
1.746223710534309864e-03
1.706764886116684306e-03
4.235448105488381540e-04
1.094072063663133329e-03
2.397865792009249309e-04
6.529237305933044107e-04
2.843097658572721256e-03
8.406597354323041421e-04
3.960700061574415213e-04
2.984661374204694790e-04
4.771586626344428549e-04
1.899223310972237557e-03
3.303751379329236486e-04
7.745537121302056328e-03
2.503749813048311611e-04
5.579908315498635423e-04
1.863802238118902974e-03
5.462750496924495200e-04
2.157519243287211227e-03
3.842747568160970293e-04
1.152957329422957039e-03
2.608249791126812265e-04
1.068467621309380057e-03
2.548040091562492403e-04
4.768135320334060227e-04
6.361606468954653440e-04
6.021899974565798333e-04
6.344871416306058828e-04
3.357505463504420495e-04
4.240538637236548197e-02
6.202585679900940278e-04
7.596004629368675832e-04
1.486807924930904582e-03
1.285815112646649435e-03
4.061024942996467146e-04
6.043923552169335953e-04
8.353196231646268372e-04
1.185171055785712692e-03
1.112936984639514154e-03
9.337275982346077662e-04
1.196672466564714481e-02
3.979445782664280790e-04
1.051918935833231431e-03
6.846837866009925161e-04
3.888483601713086453e-04
4.640466323151058422e-04
1.482507388513073371e-03
1.387322843564069586e-03
3.604543810242762190e-03
7.483349430488243827e-04
4.113888628472083409e-04
2.662783233788667409e-03
3.120635586370901020e-04
3.226670747425543825e-04
1.721515565071144241e-03
7.446643875402833091e-04
7.473932766794977312e-04
3.517727583735519780e-04
4.305812680462838210e-04
8.066440333726225065e-04
1.214430442740641091e-03
4.302409632718262643e-04
6.240485868535651862e-04
7.949699009371990555e-04
8.027798104877488473e-04
8.141909301454884184e-04
6.718375746823164896e-04
4.782541506032206551e-04
2.978910332266154672e-04
1.115248896263619852e-03
7.610661820328410787e-04
6.321243839777697946e-04
1.108381481415492619e-03
4.099835737526355117e-04
1.097210908656675015e-03
5.847171494448402977e-04
1.506902687883903444e-04
7.372733470266687808e-04
3.458517304728592765e-04
5.256266477642482313e-04
6.242930996316487912e-04
8.345239858919636542e-04
9.262333615081828116e-04
5.317374357537605570e-04
7.783516562373966061e-04
1.335389640685669208e-03
1.591853710359390078e-04
8.087669218948147611e-04
7.870548539903819132e-04
8.678323520876605893e-04
1.098479375527289248e-03
8.129590989178653608e-04
7.786716255767890324e-04
6.006249893999789525e-04
3.599580739230426123e-04
4.184468157640947820e-04
2.509202152956804973e-04
1.876043854631885425e-03
1.357454979157859086e-03
6.816834739799843695e-04
8.784740989576074813e-04
4.427197947070513604e-04
1.214855675109019397e-03
5.696735232365917820e-04
2.350626110828029670e-03
4.965962568980142279e-04
3.274078401663374255e-04
9.196651512381562874e-04
1.225058097690626211e-03
5.547515182384101136e-04
4.418960795387426701e-04
7.574023530796161188e-04
6.329249228914773104e-04
4.895547546766938676e-04
8.867406838246678002e-04
3.577517997920413081e-04
7.449990162878190620e-04
2.416609918661799528e-03
1.017633450372424026e-03
5.318408963183796556e-04
8.281357490113081888e-04
1.259706631058053880e-03
1.143007646251997149e-03
1.394796448907202223e-03
6.020528424857370456e-04
2.744582770265287176e-04
5.427432794732386500e-04
1.543467594050154960e-03
5.793505180938994482e-04
5.550225943793944032e-04
6.100760870894067142e-03
3.431867435090473427e-04
1.952584941592346458e-03
4.566250739808154512e-04
6.102936585279531215e-04
1.123092777069222784e-03
5.802440187151565367e-04
4.958661331824239368e-04
8.169827449697673579e-04
2.884742053896604663e-03
4.201756032079254576e-04
7.108895510236971872e-04
5.803304967811531018e-04
4.554029679570385119e-04
1.669614257601080912e-03
5.279158165530023006e-04
3.344286561652791250e-04
5.890172846364967203e-04
1.392165683076338444e-03
5.029013855520486631e-04
5.983531609295278776e-04
4.568203571972699519e-04
5.724299588863248928e-04
1.421837404106968171e-03
2.269617019787810094e-03
1.611387104539546656e-03
9.331746106410146891e-04
3.836190366471313212e-04
3.620938583490952148e-04
1.295740357584240950e-03
4.421830000657838225e-04
1.013430797297463137e-03
3.903730244508345432e-04
3.640764850413910733e-04
4.533601645742439180e-04
3.739224808268493670e-04
1.825289319631517772e-03
7.707544528821594137e-04
3.543108429614503585e-04
2.953283112244341657e-04
5.370728560933974360e-04
7.662777885426904495e-04
3.546084837375492209e-04
7.662348479152828774e-04
9.777749769394395492e-04
7.335596796794937322e-04
9.727455434406247605e-04
7.541743279133322634e-04
9.196651512381562874e-04
5.281702051107979275e-04
8.674046669804103601e-04
4.475273746792213778e-04
4.230247049143303923e-04
5.433705222125475610e-04
6.844169522039774247e-04
5.102668882382406599e-04
3.485258053187370716e-04
5.021288072090071162e-04
7.200427444441776913e-04
4.391309064659391264e-04
1.330815785716043609e-03
7.808492576942701290e-04
1.571295458374799819e-03
4.826832013783663748e-04
4.669271395284581338e-04
8.086189278892894810e-04
1.096462361888010531e-03
1.412049909699557076e-03
7.627871144318937703e-04
3.314198016049184087e-04
8.814451021770573031e-04
5.961865466449570161e-04
2.699661516315067858e-04
1.349069707580772453e-03
1.105975876782348041e-03
1.653551334656744873e-03
6.626359089054523806e-04
4.122378654550172528e-04
3.601313187310363809e-04
5.429893147343580568e-04
4.501292892651823497e-04
6.343914011031764888e-04
6.644518473401718082e-04
7.205500640297678476e-04
4.968555423507176744e-03
1.539667497527298645e-03
3.251981430566535584e-04
6.042184395534196031e-04
5.230903719925193967e-04
2.775368215269699264e-04
7.383069804795215629e-04
6.124264513402972836e-04
6.738518584848612663e-04
3.851218355823804017e-04
1.469956935694578045e-04
6.026625519600328123e-04
6.267841891217208012e-04
8.876550968800716711e-04
8.449476178297338517e-04
1.009641239376262226e-03
6.381543777824103241e-04
2.577850474085104961e-03
2.944564133895660285e-04
2.956389754197945546e-04
7.431806579529184626e-04
8.901196643827803245e-04
5.912121660516872967e-04
5.245475676408536915e-04
1.610717739198569334e-03
4.057704415916705784e-04
2.786402183622437891e-04
3.116238301781203883e-04
4.232072245917166322e-04
5.621189824040804086e-04
3.724275430088154742e-04
5.039289707179665703e-04
6.869149174087646817e-04
3.186230758886847425e-04
4.516506554972564099e-04
2.782464428031989311e-03
7.005198670063726533e-04
7.132601735722373781e-04
5.057003229020920953e-04
1.454205572119348505e-03
4.265733248781544045e-04
3.939718602775409487e-04
9.313013982296050467e-04
2.809390148276603278e-04
1.721461767695721748e-03
4.968805626393204417e-04
6.488004121995255384e-04
1.803645818064599990e-03
5.298056155551563806e-04
5.856376705169539891e-04
4.965962568980142279e-04
1.630319831726600218e-03
7.180490859027456466e-04
5.606439169649900418e-04
1.207979645029578228e-03
6.458070479683534430e-04
3.162832170470900386e-03
1.376094756184524735e-03
6.588790293543808152e-04
1.838408331120611541e-03
4.286823225750159604e-04
4.106496162954911995e-03
6.642616208359232270e-04
4.845130876002828771e-04
3.394895019396685417e-04
4.488451356890770698e-04
6.413063815940446815e-04
5.511694537778117752e-04
9.504195945704400645e-04
6.885354914225626840e-04
8.245016222884327508e-04
8.508940852151879869e-03
5.865586847164338787e-04
1.025429123405988564e-03
2.046853271045327629e-03
5.896269575396871849e-04
7.140232497013505701e-04
6.283865572840836638e-04
6.951213753971940577e-04
5.109846359525177777e-04
9.526825606841555138e-04
4.538127504300390165e-04
1.163635801289277221e-03
1.498014496311313865e-03
8.255669165261419985e-04
1.142352090347585440e-03
1.232001465346042011e-03
3.867126860635349689e-04
8.678323520876605893e-04
6.739015724940759875e-04
6.242510093628224040e-04
9.577401365342804113e-04
1.303195691341770338e-03
3.732396143560307651e-04
7.600089251757747005e-04
3.671723041155486897e-04
3.247369151588936015e-04
1.518605647017706685e-04
8.217807905219623801e-04
2.812966841459700173e-04
4.591882216782762352e-04
3.438059213503904480e-03
8.935472147747152262e-04
6.692002720903317140e-04
5.291690857550413211e-04
1.160852871928574675e-03
1.608061110666800849e-03
4.536592593407644410e-04
9.582323279592514951e-04
1.120036279632075993e-03
5.334513159753485325e-04
1.150703248195114299e-03
9.054892261857280149e-04
4.984585985007636147e-04
2.931170730658176301e-04
5.881073851532545981e-04
8.984045249409306757e-04
4.461093026775537367e-04
1.853954702737021240e-03
9.599085760365392000e-04
5.277882875600760750e-04
1.464759907039952635e-03
1.091842563202472275e-03
8.673404216244375931e-04
7.144162784518530993e-04
3.294133186353154783e-04
3.024916005455360987e-04
4.085152077783617101e-04
5.886363546461368052e-04
8.433902141807692390e-03
1.017888571841243407e-03
5.696011209540814777e-04
5.391236365854760321e-04
4.429168967402883749e-04
4.485759153748414578e-04
1.612502772487095590e-03
4.599544452345004125e-04
7.227890737049238318e-04
4.117782704270801027e-04
8.817703563837489371e-04
4.669271395284581338e-04
4.470729408402360867e-04
5.127151259642824749e-04
2.328737694159200059e-04
3.257450510642519539e-04
1.549403468617470978e-03
1.282437372544913525e-03
2.528974193001919807e-04
1.311640890805066198e-03
2.563169080682673774e-03
7.457097747549466110e-04
5.937077546741835639e-04
5.980849331361518190e-04
1.572049635765679961e-03
1.891597615080350004e-03
8.952155073753904945e-04
1.182801433845661471e-03
3.036022148678616060e-03
2.552597480001052451e-04
8.615078293385435492e-04
7.882263073109630792e-04
1.545132774077066827e-03
6.539934418671415747e-04
4.682941022867302054e-04
3.977990989660981245e-04
6.844134777098710449e-04
2.525639748239768851e-04
5.736230593042555099e-04
2.950477844076700531e-04
6.957680289899274666e-04
5.140559754302238132e-04
3.975207595170175321e-04
4.548422357113710013e-04
1.612502772487095590e-03
4.995348420231587091e-04
3.820874856261675099e-04
4.720938811518336623e-04
4.673162914327386825e-04
7.285592823671668003e-04
8.181858981307617382e-04
3.191361935641568652e-04
9.615468299677865267e-04
8.661068656352794446e-04
4.872526628825270571e-04
3.267611746832215663e-04
1.043459856894657931e-03
5.286069940112933475e-04
8.459760320442099701e-04
4.095867551974285503e-04
5.628444086725151608e-04
5.041983681554442539e-04
7.133243615709274846e-04
4.600395191889646929e-04
3.571821253409675277e-04
1.392796170908683871e-03
3.387442912833599890e-04
4.666140021858623463e-04
5.326103839298474254e-04
4.878917496703477803e-04
4.877725826615869251e-04
4.540459336551096940e-04
1.325818945381380043e-03
4.316970191053965018e-04
5.933002721176424939e-04
7.345326814335135460e-04
3.036022148678616060e-03
5.733515724740913993e-04
6.788000307789409391e-04
1.085015960601064559e-03
9.729262810906457023e-04
9.200981946382857934e-04
6.361906606691340033e-04
8.591032962411263062e-04
6.425239208750883023e-04
8.877675702731541380e-04
5.052617111749238684e-04
3.770354181189346145e-04
9.952725726659350253e-04
2.437999046856796973e-04
2.255669114788053434e-04
9.106746519171176084e-04
8.165722524207512942e-04
4.755654473573479478e-04
9.035604917841288030e-04
9.743095364975866163e-04
1.191972204508709790e-02
6.156394724472314534e-03
4.095282353822203743e-04
4.654099496490418197e-04
7.144413705471585078e-04
1.814667366267021980e-03
9.617613678216184285e-04
3.924402440881992276e-04
9.363611210298654125e-04
1.802235513963030677e-03
7.977173590500021656e-04
1.734608007690894259e-03
1.870704948124960430e-03
8.068280520348229505e-04
3.033520003793652728e-04
2.454012672767132575e-04
3.494128969234294160e-04
5.163524987816911667e-03
3.632695286974454638e-04
9.046032935267004759e-04
3.906935673051718794e-03
2.572491628402135983e-03
3.249605836572027067e-04
7.144162784518530993e-04
5.207981327946000199e-04
4.440064578442858576e-04
1.478572764709433626e-03
1.466170629612743598e-03
6.432721039597082092e-04
4.924655898126337195e-04
4.003765260310803787e-04
4.647504161853437772e-04
5.781350955884603446e-04
9.677882454600703717e-04
5.849914428155362838e-04
6.467375257047964111e-04
3.144232713346905694e-03
3.475414916895013277e-04
1.723787088965676360e-04
9.206694587485204440e-04
7.750815725400159954e-04
3.300978330655239610e-04
5.773664233440875971e-04
4.920354290991939359e-04
2.923921402098884469e-04
1.408728713280617013e-03
5.664195849967015514e-04
6.764547219335944467e-04
5.652654702264417854e-04
6.123292450137679532e-04
3.755262440816375686e-03
5.347071097228676614e-04
4.621535773702238744e-04
6.554212515896107967e-04
1.689320465485213106e-03
5.559552584047761049e-04
1.861743840230707181e-03
5.501265940200129314e-04
5.391959620288216395e-04
6.592356875771473307e-04
1.392801783331885836e-03
1.099779858108851935e-03
4.918328732393814021e-04
1.822413939967559892e-03
6.187204449381061193e-04
4.337777993920367684e-04
7.024274254339192558e-04
9.360402249203345982e-04
8.169827449697673579e-04
4.999646406641975686e-04
4.098806614097928193e-04
3.830698426404795156e-04
8.677441759261285284e-04
5.956697231036445130e-04
9.716029523585815487e-04
3.297492835288798481e-04
6.396757817458229457e-04
7.259399817837071649e-04
2.105882089782608541e-04
9.844172501192998553e-04
5.844454057493934538e-04
2.064507002677332028e-03
1.054629229656018881e-03
3.773775057125561164e-04
3.679179173131149477e-04
8.626324738669601064e-04
9.315640477930806507e-04
1.363022104768868469e-03
9.039801240094128476e-04
7.536255172261851218e-04
6.865045515935551184e-04
4.437411915851741497e-04
2.809425271206578405e-04
7.645460014393945644e-04
6.739256325923750988e-04
1.299923858700856652e-03
1.100674828261139849e-03
8.213275275699106689e-04
1.799849836356642429e-03
1.328031773796205846e-03
8.955346311237876930e-04
8.041829200727418098e-04
2.272344334542069754e-03
1.813734342241522021e-03
7.949699009371990555e-04
