7.373760096240449901e-07
1.438607296991006817e-06
7.706821788803428009e-06
9.837937218674315340e-08
1.971574429919315037e-08
4.222435370744861917e-08
4.792637867202303455e-09
1.298157611196463775e-07
1.327688566949904866e-08
1.297589081618658972e-09
1.316849518780749113e-06
4.603717709652389899e-07
9.770764450497222700e-08
1.558710748255259334e-06
1.652581801876458674e-06
2.295604258592529778e-08
4.043812844388739661e-09
3.635264696774406222e-07
9.837937218674315340e-08
1.142128830908598916e-05
7.373760096240449901e-07
1.316849518780749113e-06
4.603717709652389899e-07
9.770764450497222700e-08
7.319006690387404538e-10
9.266402964173604562e-07
3.530799282870339775e-06
9.837937218674315340e-08
9.536831232254125421e-10
7.947784011298569240e-07
4.315470669287357437e-06
5.220543086829393881e-08
1.192953296495675889e-06
8.376132265194318874e-08
2.462824290995939792e-09
1.845086919395637238e-06
8.175615368092774825e-09
1.298157611196463775e-07
2.010400840286835722e-07
6.890056093509159100e-07
4.315470669287357437e-06
1.316849518780749113e-06
5.220543086829393881e-08
9.266402964173604562e-07
4.355883475752735805e-07
3.635264696774406222e-07
5.757621154296454563e-07
1.845086919395637238e-06
6.597358127988419659e-07
7.419586455792415679e-05
7.373760096240449901e-07
8.419385091634380708e-06
1.316849518780749113e-06
4.874626932182866277e-09
3.398965177619236753e-06
4.222435370744861917e-08
4.056893794729644297e-08
1.298157611196463775e-07
2.010400840286835722e-07
7.884637033022830893e-03
2.419782917636036484e-06
1.316849518780749113e-06
2.575980889608343732e-06
9.837937218674315340e-08
1.083393466994448326e-05
2.491340273712669448e-09
1.298157611196463775e-07
2.010400840286835722e-07
9.709044691573836487e-08
1.707960301711761621e-09
4.720952834138651665e-06
1.316849518780749113e-06
4.603717709652389899e-07
5.220543086829393881e-08
6.195407584813884887e-09
3.635264696774406222e-07
4.868798585563948770e-08
2.462824290995939792e-09
8.175615368092774825e-09
4.260051277755677645e-07
9.345053038744165674e-06
5.220543086829393881e-08
9.266402964173604562e-07
1.869984228034334121e-09
1.192953296495675889e-06
9.837937218674315340e-08
2.769654814309299277e-08
1.083393466994448326e-05
2.462824290995939792e-09
2.491340273712669448e-09
8.419385091634380708e-06
5.220543086829393881e-08
4.355883475752735805e-07
1.700804097640924551e-09
4.792637867202303455e-09
2.491340273712669448e-09
3.604003753652526747e-06
2.010400840286835722e-07
1.707960301711761621e-09
6.841670416648261749e-06
7.373760096240449901e-07
1.316849518780749113e-06
5.220543086829393881e-08
1.192953296495675889e-06
2.414777779854578229e-07
4.222435370744861917e-08
4.792637867202303455e-09
1.298157611196463775e-07
4.084179957670488766e-07
3.186133015544630315e-07
2.317155008670281774e-05
4.720952834138651665e-06
4.603717709652389899e-07
5.220543086829393881e-08
3.544250907404860977e-03
9.837937218674315340e-08
9.536831232254125421e-10
2.491340273712669448e-09
1.297589081618658972e-09
4.024822330298523520e-06
1.316849518780749113e-06
2.521980769109887561e-07
5.220543086829393881e-08
9.266402964173604562e-07
3.334953076044849980e-09
3.635264696774406222e-07
2.549172542344238728e-08
2.414777779854578229e-07
7.947784011298569240e-07
6.597358127988419659e-07
7.373760096240449901e-07
1.438607296991006817e-06
9.345053038744165674e-06
4.603717709652389899e-07
7.319006690387404538e-10
1.192953296495675889e-06
1.036378626029755644e-08
2.491340273712669448e-09
1.298157611196463775e-07
4.084179957670488766e-07
1.438607296991006817e-06
4.603717709652389899e-07
7.319006690387404538e-10
9.266402964173604562e-07
4.355883475752735805e-07
3.635264696774406222e-07
4.222435370744861917e-08
2.462824290995939792e-09
2.491340273712669448e-09
4.260051277755677645e-07
1.438607296991006817e-06
1.316849518780749113e-06
3.334953076044849980e-09
3.635264696774406222e-07
9.837937218674315340e-08
1.354031669111433671e-07
2.462824290995939792e-09
2.010400840286835722e-07
3.186133015544630315e-07
4.012363857469371852e-06
7.373760096240449901e-07
1.438607296991006817e-06
4.321390890218817010e-06
3.334953076044849980e-09
4.939309612637945496e-08
2.489538305092004519e-03
8.096296021277330614e-07
1.298157611196463775e-07
2.010400840286835722e-07
7.884637033022830893e-03
2.419782917636036484e-06
1.438607296991006817e-06
1.316849518780749113e-06
2.521980769109887561e-07
5.220543086829393881e-08
1.920576662714660666e-04
3.635264696774406222e-07
2.193301396947922759e-04
1.852742198398740785e-08
4.939309612637945496e-08
7.373760096240449901e-07
7.706821788803428009e-06
1.083393466994448326e-05
4.792637867202303455e-09
1.298157611196463775e-07
4.084179957670488766e-07
1.327688566949904866e-08
7.419586455792415679e-05
4.014472806655344510e-07
3.186133015544630315e-07
1.438607296991006817e-06
2.127527723748500402e-06
5.757621154296454563e-07
1.354031669111433671e-07
9.536831232254125421e-10
6.511458253295863855e-05
2.462824290995939792e-09
3.604003753652526747e-06
1.297589081618658972e-09
5.997751284334869693e-06
7.373760096240449901e-07
4.720952834138651665e-06
7.706821788803428009e-06
5.220543086829393881e-08
3.775256723131727509e-06
5.757621154296454563e-07
9.536831232254125421e-10
2.491340273712669448e-09
1.298157611196463775e-07
1.431682242647497766e-06
7.373760096240449901e-07
1.438607296991006817e-06
5.947114094664107073e-05
9.770764450497222700e-08
2.127527723748500402e-06
1.852742198398740785e-08
2.769654814309299277e-08
2.491340273712669448e-09
1.298157611196463775e-07
7.947784011298569240e-07
4.315470669287357437e-06
4.321390890218817010e-06
5.220543086829393881e-08
3.635264696774406222e-07
3.228430558618916146e-07
9.536831232254125421e-10
1.931878407509118008e-05
4.868798585563948770e-08
2.462824290995939792e-09
4.084179957670488766e-07
4.603717709652389899e-07
4.874626932182866277e-09
1.869984228034334121e-09
2.575980889608343732e-06
2.769654814309299277e-08
1.971574429919315037e-08
4.222435370744861917e-08
4.868798585563948770e-08
7.895603841452719575e-05
2.491340273712669448e-09
2.419782917636036484e-06
4.321390890218817010e-06
1.869984228034334121e-09
3.635264696774406222e-07
9.837937218674315340e-08
4.222435370744861917e-08
1.297589081618658972e-09
2.318354247813642767e-08
1.316702658473535692e-05
6.420398679139737935e-07
7.373760096240449901e-07
1.438607296991006817e-06
4.321390890218817010e-06
9.045460280076850343e-04
2.414777779854578229e-07
2.462824290995939792e-09
4.260051277755677645e-07
1.093776800740412133e-05
2.010400840286835722e-07
1.252986501837135538e-06
4.720952834138651665e-06
1.316849518780749113e-06
1.009817518296017465e-05
5.757621154296454563e-07
2.769654814309299277e-08
9.133358607487633893e-09
1.971574429919315037e-08
1.458049037338881190e-08
1.298157611196463775e-07
2.010400840286835722e-07
7.373760096240449901e-07
1.438607296991006817e-06
9.837937218674315340e-08
9.857799183115858843e-08
1.083393466994448326e-05
2.491340273712669448e-09
1.242475064166546663e-08
5.682168445451463038e-07
2.318354247813642767e-08
1.316702658473535692e-05
7.373760096240449901e-07
1.316849518780749113e-06
9.770764450497222700e-08
1.305280742031273157e-09
3.635264696774406222e-07
9.837937218674315340e-08
2.489538305092004519e-03
9.536831232254125421e-10
1.458049037338881190e-08
4.260051277755677645e-07
7.373760096240449901e-07
4.321390890218817010e-06
2.521980769109887561e-07
1.869984228034334121e-09
2.127527723748500402e-06
9.837937218674315340e-08
1.971574429919315037e-08
1.083393466994448326e-05
8.175615368092774825e-09
4.084179957670488766e-07
7.373760096240449901e-07
4.720952834138651665e-06
5.220543086829393881e-08
2.035691965026464810e-09
4.043812844388739661e-09
4.355883475752735805e-07
3.635264696774406222e-07
5.757621154296454563e-07
9.385314730377214711e-07
2.491340273712669448e-09
7.373760096240449901e-07
2.035691965026464810e-09
3.635264696774406222e-07
9.837937218674315340e-08
2.414777779854578229e-07
3.466994838337157225e-04
2.491340273712669448e-09
2.010400840286835722e-07
4.014472806655344510e-07
9.709044691573836487e-08
9.770764450497222700e-08
3.334953076044849980e-09
3.635264696774406222e-07
9.837937218674315340e-08
2.414777779854578229e-07
4.260051277755677645e-07
7.947784011298569240e-07
2.918694339679991706e-05
6.597358127988419659e-07
1.707960301711761621e-09
7.373760096240449901e-07
1.438607296991006817e-06
4.321390890218817010e-06
5.220543086829393881e-08
9.266402964173604562e-07
4.043812844388739661e-09
1.192953296495675889e-06
3.228430558618916146e-07
1.661688660590635543e-05
8.096296021277330614e-07
7.373760096240449901e-07
1.438607296991006817e-06
5.220543086829393881e-08
5.438972383746693148e-05
7.768336684393590269e-07
3.635264696774406222e-07
1.298157611196463775e-07
1.883628259322638082e-05
5.240982056370644264e-06
2.969282530021723896e-07
7.373760096240449901e-07
1.438607296991006817e-06
4.603717709652389899e-07
5.220543086829393881e-08
9.266402964173604562e-07
3.635264696774406222e-07
2.193301396947922759e-04
4.868798585563948770e-08
1.036378626029755644e-08
8.175615368092774825e-09
2.419782917636036484e-06
9.345053038744165674e-06
9.770764450497222700e-08
1.331108693985346158e-06
1.971574429919315037e-08
1.931878407509118008e-05
4.222435370744861917e-08
1.036378626029755644e-08
2.491340273712669448e-09
2.010400840286835722e-07
8.419385091634380708e-06
1.316849518780749113e-06
4.603717709652389899e-07
5.220543086829393881e-08
3.334953076044849980e-09
1.192953296495675889e-06
3.278128593859872555e-06
4.868798585563948770e-08
2.491340273712669448e-09
7.272903871088572306e-08
1.438607296991006817e-06
1.201941887075296286e-05
5.220543086829393881e-08
2.295604258592529778e-08
3.775256723131727509e-06
3.635264696774406222e-07
9.837937218674315340e-08
7.895603841452719575e-05
1.298157611196463775e-07
7.947784011298569240e-07
7.373760096240449901e-07
9.770764450497222700e-08
5.220543086829393881e-08
9.837937218674315340e-08
1.083393466994448326e-05
1.298157611196463775e-07
6.597358127988419659e-07
9.709044691573836487e-08
4.012363857469371852e-06
1.855756945545783269e-08
1.438607296991006817e-06
1.201941887075296286e-05
5.220543086829393881e-08
4.874626932182866277e-09
3.334953076044849980e-09
9.837937218674315340e-08
1.971574429919315037e-08
2.462824290995939792e-09
2.491340273712669448e-09
2.010400840286835722e-07
9.770764450497222700e-08
1.582314741732659153e-09
3.635264696774406222e-07
7.444976407974067179e-09
6.294787219923531641e-06
3.651078056541393838e-03
3.186133015544630315e-07
5.945861553400296635e-06
9.995633839146796999e-09
5.240982056370644264e-06
1.316849518780749113e-06
2.521980769109887561e-07
3.635264696774406222e-07
9.837937218674315340e-08
1.036378626029755644e-08
1.845086919395637238e-06
8.175615368092774825e-09
1.785746884412298805e-08
3.651078056541393838e-03
3.186133015544630315e-07
1.438607296991006817e-06
1.316849518780749113e-06
4.603717709652389899e-07
3.198333224224190574e-05
3.278128593859872555e-06
1.294996565869400992e-06
9.536831232254125421e-10
1.298157611196463775e-07
2.010400840286835722e-07
5.604865235858958279e-09
1.438607296991006817e-06
2.035691965026464810e-09
3.334953076044849980e-09
1.700804097640924551e-09
4.868798585563948770e-08
1.298157611196463775e-07
7.444976407974067179e-09
1.133366487317084862e-05
9.048240185034921487e-08
4.953306120072428983e-07
2.419782917636036484e-06
1.438607296991006817e-06
5.220543086829393881e-08
3.635264696774406222e-07
2.193301396947922759e-04
7.895603841452719575e-05
1.458049037338881190e-08
1.298157611196463775e-07
4.084179957670488766e-07
1.327688566949904866e-08
1.316849518780749113e-06
2.035691965026464810e-09
1.652581801876458674e-06
4.792637867202303455e-09
2.491340273712669448e-09
1.298157611196463775e-07
2.010400840286835722e-07
9.709044691573836487e-08
1.252986501837135538e-06
1.707960301711761621e-09
1.438607296991006817e-06
1.316849518780749113e-06
4.603717709652389899e-07
5.220543086829393881e-08
1.652581801876458674e-06
1.192953296495675889e-06
9.837937218674315340e-08
2.769654814309299277e-08
1.354031669111433671e-07
1.700804097640924551e-09
7.373760096240449901e-07
1.438607296991006817e-06
7.706821788803428009e-06
2.521980769109887561e-07
1.652581801876458674e-06
2.295604258592529778e-08
7.768336684393590269e-07
3.635264696774406222e-07
9.837937218674315340e-08
9.857799183115858843e-08
4.720952834138651665e-06
4.099919880334648432e-05
5.220543086829393881e-08
7.319006690387404538e-10
7.768336684393590269e-07
9.837937218674315340e-08
1.852742198398740785e-08
2.462824290995939792e-09
2.491340273712669448e-09
1.298157611196463775e-07
7.373760096240449901e-07
1.316849518780749113e-06
2.769654814309299277e-08
1.298157611196463775e-07
7.947784011298569240e-07
2.010400840286835722e-07
9.709044691573836487e-08
4.012363857469371852e-06
6.089876666631675380e-08
9.048240185034921487e-08
7.373760096240449901e-07
1.438607296991006817e-06
9.837937218674315340e-08
2.769654814309299277e-08
3.944260246552147084e-07
2.491340273712669448e-09
1.298157611196463775e-07
4.084179957670488766e-07
2.010400840286835722e-07
9.709044691573836487e-08
1.438607296991006817e-06
1.316849518780749113e-06
1.869984228034334121e-09
3.635264696774406222e-07
3.228430558618916146e-07
2.769654814309299277e-08
1.354031669111433671e-07
2.491340273712669448e-09
1.298157611196463775e-07
2.010400840286835722e-07
7.373760096240449901e-07
1.438607296991006817e-06
4.099919880334648432e-05
2.619562782564345620e-06
1.007244402367592915e-08
1.083393466994448326e-05
6.511458253295863855e-05
2.462824290995939792e-09
4.260051277755677645e-07
1.417417654236106685e-06
7.373760096240449901e-07
1.316849518780749113e-06
5.220543086829393881e-08
9.459537753665746562e-01
2.127527723748500402e-06
3.228430558618916146e-07
3.811609179109873205e-07
2.414777779854578229e-07
4.260051277755677645e-07
2.010400840286835722e-07
7.373760096240449901e-07
7.706821788803428009e-06
7.600616850056900013e-04
1.305280742031273157e-09
3.635264696774406222e-07
9.837937218674315340e-08
4.222435370744861917e-08
2.462824290995939792e-09
9.202284082366428183e-07
6.597358127988419659e-07
4.720952834138651665e-06
1.316849518780749113e-06
2.619562782564345620e-06
5.220543086829393881e-08
9.266402964173604562e-07
3.334953076044849980e-09
4.355883475752735805e-07
3.635264696774406222e-07
3.091962209026415808e-06
1.083393466994448326e-05
7.373760096240449901e-07
1.438607296991006817e-06
7.706821788803428009e-06
9.770764450497222700e-08
5.220543086829393881e-08
1.652581801876458674e-06
9.536831232254125421e-10
4.792637867202303455e-09
1.458049037338881190e-08
1.298157611196463775e-07
2.317155008670281774e-05
1.438607296991006817e-06
1.316849518780749113e-06
9.837937218674315340e-08
1.700804097640924551e-09
1.083393466994448326e-05
2.462824290995939792e-09
8.175615368092774825e-09
3.136269559605946693e-05
2.010400840286835722e-07
7.373760096240449901e-07
1.438607296991006817e-06
4.321390890218817010e-06
5.220543086829393881e-08
1.192953296495675889e-06
4.084179957670488766e-07
1.297589081618658972e-09
2.010400840286835722e-07
5.604865235858958279e-09
4.012363857469371852e-06
1.316849518780749113e-06
9.770764450497222700e-08
4.874626932182866277e-09
1.869984228034334121e-09
2.127527723748500402e-06
1.354031669111433671e-07
4.222435370744861917e-08
4.084179957670488766e-07
6.597358127988419659e-07
7.272903871088572306e-08
7.373760096240449901e-07
1.438607296991006817e-06
1.316849518780749113e-06
9.770764450497222700e-08
1.275245796447889111e-05
9.837937218674315340e-08
1.852742198398740785e-08
6.511458253295863855e-05
9.202284082366428183e-07
6.597358127988419659e-07
7.373760096240449901e-07
1.438607296991006817e-06
1.316849518780749113e-06
3.228430558618916146e-07
1.083393466994448326e-05
4.260051277755677645e-07
4.084179957670488766e-07
2.010400840286835722e-07
2.262734678871764630e-07
9.709044691573836487e-08
7.373760096240449901e-07
4.720952834138651665e-06
7.706821788803428009e-06
1.305280742031273157e-09
9.837937218674315340e-08
1.331108693985346158e-06
2.462824290995939792e-09
2.491340273712669448e-09
1.297589081618658972e-09
3.186133015544630315e-07
7.373760096240449901e-07
7.706821788803428009e-06
5.220543086829393881e-08
1.869984228034334121e-09
1.192953296495675889e-06
9.837937218674315340e-08
2.193301396947922759e-04
1.852742198398740785e-08
9.709044691573836487e-08
5.604865235858958279e-09
1.316849518780749113e-06
4.603717709652389899e-07
9.266402964173604562e-07
3.334953076044849980e-09
3.635264696774406222e-07
5.757621154296454563e-07
8.096296021277330614e-07
7.895603841452719575e-05
2.491340273712669448e-09
9.202284082366428183e-07
7.373760096240449901e-07
1.438607296991006817e-06
1.316849518780749113e-06
4.603717709652389899e-07
5.220543086829393881e-08
3.635264696774406222e-07
1.700804097640924551e-09
2.462824290995939792e-09
4.260051277755677645e-07
4.084179957670488766e-07
2.419782917636036484e-06
7.319006690387404538e-10
7.768336684393590269e-07
3.635264696774406222e-07
9.837937218674315340e-08
8.096296021277330614e-07
3.515721030080333229e-08
2.462824290995939792e-09
2.491340273712669448e-09
1.298157611196463775e-07
1.869984228034334121e-09
3.635264696774406222e-07
3.091962209026415808e-06
9.536831232254125421e-10
4.222435370744861917e-08
1.298157611196463775e-07
1.543893725826501877e-06
1.297589081618658972e-09
2.010400840286835722e-07
7.884637033022830893e-03
2.317155008670281774e-05
1.438607296991006817e-06
1.201941887075296286e-05
4.874626932182866277e-09
3.635264696774406222e-07
2.556844787934775176e-08
4.084179957670488766e-07
3.651078056541393838e-03
3.186133015544630315e-07
1.707960301711761621e-09
9.345053038744165674e-06
2.769654814309299277e-08
1.700804097640924551e-09
4.222435370744861917e-08
1.845086919395637238e-06
8.175615368092774825e-09
4.024822330298523520e-06
1.707960301711761621e-09
4.134547759777570209e-08
4.012363857469371852e-06
7.373760096240449901e-07
8.419385091634380708e-06
1.316849518780749113e-06
9.770764450497222700e-08
5.757621154296454563e-07
2.414777779854578229e-07
7.895603841452719575e-05
1.845086919395637238e-06
1.417417654236106685e-06
1.297589081618658972e-09
7.373760096240449901e-07
8.419385091634380708e-06
3.654802478290351570e-05
2.521980769109887561e-07
3.635264696774406222e-07
3.278128593859872555e-06
4.792637867202303455e-09
2.491340273712669448e-09
1.298157611196463775e-07
6.597358127988419659e-07
2.317155008670281774e-05
4.321390890218817010e-06
9.770764450497222700e-08
9.837937218674315340e-08
1.354031669111433671e-07
8.175615368092774825e-09
7.947784011298569240e-07
1.996014049262642750e-07
2.010400840286835722e-07
4.014472806655344510e-07
2.419782917636036484e-06
9.345053038744165674e-06
4.603717709652389899e-07
5.220543086829393881e-08
3.635264696774406222e-07
1.083393466994448326e-05
3.604003753652526747e-06
2.262734678871764630e-07
1.707960301711761621e-09
4.012363857469371852e-06
2.419782917636036484e-06
4.720952834138651665e-06
9.770764450497222700e-08
7.319006690387404538e-10
1.769488746190976463e-04
1.192953296495675889e-06
9.837937218674315340e-08
1.700804097640924551e-09
4.792637867202303455e-09
2.491340273712669448e-09
2.317155008670281774e-05
1.438607296991006817e-06
1.316849518780749113e-06
2.035691965026464810e-09
1.192953296495675889e-06
7.319317785020188596e-07
8.175615368092774825e-09
1.298157611196463775e-07
3.186133015544630315e-07
1.252986501837135538e-06
7.373760096240449901e-07
1.316849518780749113e-06
4.603717709652389899e-07
9.770764450497222700e-08
1.305280742031273157e-09
7.768336684393590269e-07
9.837937218674315340e-08
2.462824290995939792e-09
1.458049037338881190e-08
7.947784011298569240e-07
7.373760096240449901e-07
1.201941887075296286e-05
4.355883475752735805e-07
2.127527723748500402e-06
9.837937218674315340e-08
2.491340273712669448e-09
1.298157611196463775e-07
4.084179957670488766e-07
1.297589081618658972e-09
6.597358127988419659e-07
7.373760096240449901e-07
1.438607296991006817e-06
7.706821788803428009e-06
1.582314741732659153e-09
7.768336684393590269e-07
2.127527723748500402e-06
9.837937218674315340e-08
6.511458253295863855e-05
2.462824290995939792e-09
1.458049037338881190e-08
1.316849518780749113e-06
5.220543086829393881e-08
4.355883475752735805e-07
3.635264696774406222e-07
9.837937218674315340e-08
1.354031669111433671e-07
1.298157611196463775e-07
4.084179957670488766e-07
6.597358127988419659e-07
3.186133015544630315e-07
2.317155008670281774e-05
7.319006690387404538e-10
4.939309612637945496e-08
1.700804097640924551e-09
8.175615368092774825e-09
1.298157611196463775e-07
4.084179957670488766e-07
1.297589081618658972e-09
6.597358127988419659e-07
3.651078056541393838e-03
2.419782917636036484e-06
1.438607296991006817e-06
1.201941887075296286e-05
9.266402964173604562e-07
1.192953296495675889e-06
5.757621154296454563e-07
2.193301396947922759e-04
1.852742198398740785e-08
2.462824290995939792e-09
2.491340273712669448e-09
7.373760096240449901e-07
1.438607296991006817e-06
9.770764450497222700e-08
5.220543086829393881e-08
7.319006690387404538e-10
1.652581801876458674e-06
1.869984228034334121e-09
3.530799282870339775e-06
3.228430558618916146e-07
4.939309612637945496e-08
1.316849518780749113e-06
2.521980769109887561e-07
2.035691965026464810e-09
1.275245796447889111e-05
9.837937218674315340e-08
1.700804097640924551e-09
4.222435370744861917e-08
7.895603841452719575e-05
4.084179957670488766e-07
2.010400840286835722e-07
7.373760096240449901e-07
1.438607296991006817e-06
4.603717709652389899e-07
3.635264696774406222e-07
9.837937218674315340e-08
1.931878407509118008e-05
6.511458253295863855e-05
1.036378626029755644e-08
3.604003753652526747e-06
4.084179957670488766e-07
7.373760096240449901e-07
3.654802478290351570e-05
4.874626932182866277e-09
1.192953296495675889e-06
2.193301396947922759e-04
4.939309612637945496e-08
2.491340273712669448e-09
1.298157611196463775e-07
7.444976407974067179e-09
2.262734678871764630e-07
7.373760096240449901e-07
4.720952834138651665e-06
1.316849518780749113e-06
2.521980769109887561e-07
5.220543086829393881e-08
7.768336684393590269e-07
3.635264696774406222e-07
9.837937218674315340e-08
1.700804097640924551e-09
2.491340273712669448e-09
7.373760096240449901e-07
1.201941887075296286e-05
9.266402964173604562e-07
4.043812844388739661e-09
4.222435370744861917e-08
1.297589081618658972e-09
1.707960301711761621e-09
1.316702658473535692e-05
1.855756945545783269e-08
1.774833228982900991e-08
7.373760096240449901e-07
1.438607296991006817e-06
1.316849518780749113e-06
9.770764450497222700e-08
5.220543086829393881e-08
3.635264696774406222e-07
2.491340273712669448e-09
4.084179957670488766e-07
2.010400840286835722e-07
1.855756945545783269e-08
1.438607296991006817e-06
4.321390890218817010e-06
5.438972383746693148e-05
7.768336684393590269e-07
3.635264696774406222e-07
5.757621154296454563e-07
9.536831232254125421e-10
1.971574429919315037e-08
4.084179957670488766e-07
6.597358127988419659e-07
9.345053038744165674e-06
5.220543086829393881e-08
4.355883475752735805e-07
5.757621154296454563e-07
1.354031669111433671e-07
2.491340273712669448e-09
4.084179957670488766e-07
1.707960301711761621e-09
4.012363857469371852e-06
1.457714893882254778e-05
4.315470669287357437e-06
9.770764450497222700e-08
5.220543086829393881e-08
2.035691965026464810e-09
1.652581801876458674e-06
3.775256723131727509e-06
2.127527723748500402e-06
4.260051277755677645e-07
1.093776800740412133e-05
4.024822330298523520e-06
7.373760096240449901e-07
1.316849518780749113e-06
4.603717709652389899e-07
7.319006690387404538e-10
4.874626932182866277e-09
4.043812844388739661e-09
1.192953296495675889e-06
9.837937218674315340e-08
9.536831232254125421e-10
1.083393466994448326e-05
7.373760096240449901e-07
1.438607296991006817e-06
1.582314741732659153e-09
9.266402964173604562e-07
3.635264696774406222e-07
9.837937218674315340e-08
3.515721030080333229e-08
4.222435370744861917e-08
1.458049037338881190e-08
1.297589081618658972e-09
4.315470669287357437e-06
1.438607296991006817e-06
1.316849518780749113e-06
5.438972383746693148e-05
7.430597797968374607e-09
4.874626932182866277e-09
5.757621154296454563e-07
2.193301396947922759e-04
1.354031669111433671e-07
3.090445966268981319e-04
1.316849518780749113e-06
5.220543086829393881e-08
1.869984228034334121e-09
1.009817518296017465e-05
3.228430558618916146e-07
2.193301396947922759e-04
2.462824290995939792e-09
2.491340273712669448e-09
1.298157611196463775e-07
4.024822330298523520e-06
4.315470669287357437e-06
1.316849518780749113e-06
1.582314741732659153e-09
9.266402964173604562e-07
2.625542984608069033e-06
1.192953296495675889e-06
9.837937218674315340e-08
1.700804097640924551e-09
3.604003753652526747e-06
2.010400840286835722e-07
4.315470669287357437e-06
4.321390890218817010e-06
3.635264696774406222e-07
2.769654814309299277e-08
9.536831232254125421e-10
8.175615368092774825e-09
1.298157611196463775e-07
3.136269559605946693e-05
2.010400840286835722e-07
7.272903871088572306e-08
7.373760096240449901e-07
1.316849518780749113e-06
4.603717709652389899e-07
1.007244402367592915e-08
3.635264696774406222e-07
1.852742198398740785e-08
1.971574429919315037e-08
1.036378626029755644e-08
8.175615368092774825e-09
1.298157611196463775e-07
