3.227542952917098439e-03
2.566572346020162864e-04
3.061243030588921212e-04
1.712280430605760953e-04
1.288848312646041641e-03
4.330452044726407082e-04
1.285015403335962314e-03
1.359003909134285986e-03
4.498730105518691270e-03
6.871084807216496296e-04
8.133383613106407329e-04
2.278354167678296553e-04
1.197582151751303567e-03
1.136142449247826798e-03
1.753354626286430422e-03
1.417681641888284829e-04
3.575961607663132491e-04
9.126585545313880415e-04
5.427485117064721320e-04
4.217492714520388155e-04
1.009527373743741982e-03
9.136610123805520610e-04
3.194457854829284445e-04
1.837022040428725475e-03
3.242103490469510794e-04
1.647848202015543117e-04
2.154285576233500726e-03
3.023437322048042769e-04
6.012007383557597560e-04
2.595198590271190816e-03
4.530087902484974146e-04
3.751028906487216996e-04
4.894850622658681412e-04
1.366450546051692968e-03
1.233290853083701070e-03
4.910369398731554650e-04
1.647832332385540431e-03
8.817173907585690177e-04
8.039973055476073776e-04
3.258592162329471955e-04
9.632265227578271213e-04
1.539151840249635165e-03
4.457977307282437029e-04
8.075569046923157090e-04
3.140483316488912671e-03
4.878903798890139019e-04
1.946177207433035265e-03
9.138193635804713532e-04
2.093508258967860611e-03
1.319028641769113847e-03
2.580822335947246561e-03
7.315676729110895046e-04
2.176235430184173003e-04
1.575628416743572247e-04
3.169948587719529417e-03
9.331761931484894692e-04
6.414980140970236817e-04
3.842825358070433238e-04
2.411729717811265982e-04
1.347188565002768344e-03
4.444260523810284326e-04
1.479593845917431772e-03
5.136513524953455808e-04
4.372370583344920101e-04
5.913880433312606547e-04
2.435310046961999386e-03
6.531134778271062034e-04
1.146656023145761804e-03
4.038771503659964240e-04
5.968272494703386706e-04
3.316663713392789255e-04
1.111569449530009322e-03
1.834693618208591394e-03
3.273551883196857315e-04
5.954631717959099233e-04
3.746877505351827896e-04
4.457913877442765886e-04
3.085815897812016788e-04
2.483513969669846281e-03
3.697638863290053646e-04
1.566311400942111244e-03
1.004216867264742059e-03
1.597728735953969723e-03
5.502067572842317660e-04
8.874123116461513430e-04
5.797243428716805863e-04
2.054259330616264954e-03
4.345290280364177103e-04
1.293787014335564005e-03
3.897869666467809312e-03
8.233349444057626873e-04
2.591105493160078977e-03
5.481139002358996351e-04
6.880588994981140863e-04
1.093912947126877413e-03
4.277538540642057598e-04
1.011975149735716041e-03
4.056558457439714618e-03
9.049853618761070657e-04
1.616589278367728969e-04
5.185210075739155391e-04
2.520030790369651706e-04
5.050007333398875368e-04
3.751028906487216996e-04
2.902625795869763470e-04
2.810079631302055386e-03
2.659715575748988954e-04
1.244295692629565761e-03
6.998200923127012975e-04
4.066566975970314956e-04
5.535869293115229257e-04
5.176083925352593105e-04
3.541726113015501612e-04
1.488510536389420311e-04
5.830843491627113202e-04
1.277953504076198175e-03
2.306870572278371971e-04
2.718981487598745540e-04
5.435508513886947455e-04
1.712274794132001435e-03
3.466251956184607024e-04
2.198225064639581713e-04
3.310224294066626150e-04
7.913450785171497522e-04
1.490680063438142304e-04
6.301565513363721616e-04
3.818236552286204317e-04
9.322504605389435968e-04
1.993699023492727981e-03
2.443880029529527532e-03
2.318171189999291854e-03
4.847929118084841880e-04
4.228191437413332944e-04
4.404011703254187408e-04
3.318083218387799156e-04
9.721300766696194156e-04
2.401403844508625174e-04
5.359867624281654296e-04
3.663433497753417053e-04
4.198076157295631077e-04
1.332404367924109288e-03
6.410563404399020546e-04
6.217883390310444125e-03
4.812740408544072734e-04
8.617649048254117511e-04
4.728613210075501157e-04
4.101937451507166777e-04
1.206648490623444755e-04
6.835486580828775477e-04
3.423390141288496641e-03
1.512860414499701042e-03
2.084240705293024729e-03
1.530097494484231730e-04
2.063855342734582216e-04
1.131515050639074352e-03
1.932061379036541194e-03
4.113461308351443559e-04
1.594362748405176908e-04
8.096073716791345751e-04
2.827725084811234541e-03
3.494233493966284560e-04
2.088153302359756355e-04
4.527118840580254713e-04
7.368471198922714590e-04
4.602012483135852448e-03
7.859933459426646186e-04
4.464906900318895539e-04
2.663965675171616442e-03
2.347809573204153594e-03
5.642401377945945604e-04
1.596028510021749213e-03
3.338949154847719192e-04
6.055428613585865996e-04
4.139041967681638149e-04
6.965993484294149890e-04
5.226456383184729156e-04
1.464011000901163130e-04
1.256688239517820454e-03
1.944728541850657285e-04
2.105238855882860406e-03
1.158787192901200754e-03
2.260726629509996442e-03
3.977238397197663234e-04
3.342593733792905385e-04
3.221333560532708517e-04
4.226068568988340201e-04
5.524797094460742958e-04
1.951692769794153215e-03
2.700528761204390969e-03
3.951651815267673068e-04
2.618799717418770871e-04
1.886136315643620678e-03
1.014486582773402226e-03
1.976962857285595725e-04
5.358406622707251234e-04
5.429343447292263010e-04
6.959022454693353753e-04
6.322402043112803011e-04
4.410799571755464341e-04
1.488665368084763534e-03
3.355889755762388790e-04
4.762928326669548223e-04
5.043948365560807241e-04
9.919979976138199994e-04
5.023145439169816743e-04
7.365771610356030164e-04
6.707634539592367395e-04
3.292131957715690614e-04
1.205535124654513257e-03
1.859938594600325356e-03
2.696787506206302972e-04
5.328807891844353651e-04
2.413143497250448688e-03
1.961116143943335928e-04
1.153561480821358853e-03
1.489999967801526300e-03
8.642414166296812431e-04
2.510503548227033407e-04
8.283812949865568785e-04
1.345861893374098069e-03
4.144607003260531298e-04
1.569400945618447624e-04
9.748708199381514146e-04
5.814590251040963097e-04
2.697928254442597462e-04
4.542259363975611574e-04
5.614092602629999719e-04
2.403951533104622170e-04
2.695863482130262745e-04
2.443080262011523840e-03
3.980545442918296054e-03
4.605804305874992887e-04
9.033125724931167968e-04
4.810817908884070220e-04
7.343775537842180600e-04
7.269631899363054655e-04
2.382598902119135997e-03
6.578025976933923663e-04
2.817755154813811097e-04
3.651511353925298436e-04
6.885525937401405392e-04
5.436763544152811841e-04
1.542962433964389967e-03
7.010315844017676098e-04
9.438759096902879942e-04
2.549113295819148244e-03
2.331543499077542850e-04
1.104270985917204509e-03
3.410017302138790111e-04
1.537163745674691509e-03
3.343052938759402031e-04
6.782033322465750311e-04
1.695372245696764478e-03
7.236961124912178562e-04
3.245042022548648018e-04
7.845465988004146412e-04
3.421293641472682645e-04
4.216967658142497383e-04
2.162624362072639809e-03
3.235299980691540961e-04
5.954457037675716735e-04
6.870642712196075707e-04
1.042232701627331679e-03
1.697066465413729587e-03
5.837536666862625174e-04
6.096376481108329096e-04
3.528204688397480033e-04
7.952939603183921662e-04
2.565430168842746045e-04
5.763450749632578491e-04
4.672537685320993358e-04
1.285673527614562698e-03
7.576050683649604564e-04
1.706394751507230327e-03
6.694298312350060965e-04
5.242279191101172726e-04
3.489792680619608874e-04
5.365103572261212131e-04
1.655436485996986075e-03
2.819103278924743649e-04
5.038520286439673521e-04
1.063799929512081709e-03
5.281846386774362518e-04
1.378594626441213703e-03
3.514634915013758868e-04
1.211829151251208811e-03
4.183879081594612734e-03
8.809844842683781313e-04
7.421337726337568505e-04
4.361368143374801522e-04
1.359588328409718806e-03
5.364326121550842298e-03
5.578392737038271503e-04
1.180886079392622166e-03
9.286649603395224746e-04
6.069114023718102588e-04
1.060392328697100633e-03
2.593623922362659102e-03
4.966428611764914063e-03
9.631090777324697368e-04
3.772667238178925748e-04
4.195885098253057736e-05
7.780623913326822341e-04
9.470269512682418130e-04
4.693044538313118096e-04
2.399195667170043404e-03
5.596308445865152883e-04
7.786511484330314870e-04
5.049807113936949626e-04
3.118750210145768836e-03
7.116665277449895407e-04
3.281277479522881017e-04
2.110637063497535632e-03
3.582332835807789870e-04
2.179635555403107699e-03
3.779456602376299497e-04
6.726371124073774778e-04
3.229021825150961552e-04
5.041185992840925252e-04
9.037837682786328949e-04
6.635073988281536914e-04
4.165295467669817976e-04
4.287595753800355200e-04
1.479701016965448944e-03
4.943602679286550686e-04
5.733284041013220764e-04
3.619015336942252910e-04
6.870165511141591201e-04
4.791714270556428801e-04
1.362954940433915409e-03
9.113094766544290468e-04
2.349024877012413984e-03
5.127334629305434254e-04
5.233759036700619260e-04
7.917385432048038929e-04
3.254184451994650827e-04
1.170254880767204742e-03
1.042455189308725888e-03
5.602255562591075934e-04
6.743990490721402369e-04
4.054166273695943403e-04
6.067038223142605163e-04
5.254479486148738937e-04
6.984407571393529916e-04
2.491059500021355053e-04
6.110122993733431429e-04
7.192328330139933839e-04
1.236850968016494495e-03
1.057338453434742125e-03
1.326026047521914253e-03
5.578853549187507907e-04
7.955698192807885956e-04
1.090999747017550080e-03
5.303755513348577897e-04
3.776249316369024046e-04
6.485203974083683437e-04
4.437944377859656415e-04
3.568688778212534434e-04
8.970532890619389681e-04
5.083598657274068658e-04
8.847194254903775886e-04
4.139041967681638149e-04
6.653687887626545325e-04
1.296718926323605801e-03
5.492179701563403103e-04
1.024490432534196907e-03
4.718092816550467877e-04
1.227156241049235340e-03
6.755491678464098457e-04
8.072608640705619199e-04
2.380052518725014887e-03
1.266025949989508983e-03
9.213314415303641963e-04
1.150813040972697120e-03
5.358406622707251234e-04
4.976998871596027179e-04
4.604651016798574220e-04
2.853680054257118370e-04
8.525640579120324740e-04
7.113758120033266503e-04
2.902838485785373115e-04
3.140382216271467471e-04
1.705287665872236682e-03
9.939720016874733794e-04
6.612389839082358917e-04
1.544076380957221627e-03
4.248223735179642181e-04
2.833090013752927639e-04
1.780404841381139427e-03
3.479279214661574159e-03
4.803078907489529174e-04
5.114526341613149542e-04
3.937342991702079973e-04
2.847615952279940296e-04
6.861524813993026767e-04
6.789378673823897280e-03
6.711738665406964633e-04
1.303603047441885239e-03
2.195376499825929311e-04
5.470330915384060246e-04
5.089214707484421415e-04
7.104224630724025220e-03
5.334645394057949738e-04
3.516636024850558744e-04
1.582263671279455835e-04
9.737459610166390245e-04
7.161280426972745474e-04
5.700198023301756645e-04
5.678307079211496146e-04
1.595516827321488554e-04
2.254530000277574654e-03
6.886445754437094764e-04
4.272070503737398790e-04
6.870762417621426466e-04
1.173159121216725900e-03
2.246537591738155060e-04
1.529525797651932030e-03
4.164984071129969150e-04
1.269284352601494524e-03
7.273722253875987767e-04
4.055281021028212039e-04
7.814864121851774472e-04
5.556849668024468848e-04
2.420480320025871282e-04
1.434196334239076949e-03
1.012354642568915860e-03
8.448563030979056639e-04
9.572178844736653220e-04
2.340217979686721409e-03
3.578853456072815693e-04
1.736574323875683711e-03
3.447890167440480647e-04
5.704505684981080876e-04
1.564571399745903974e-03
4.481860139718202773e-04
4.725068930941898893e-04
1.951844800866492748e-04
2.316183436557168161e-04
3.957263204581292697e-04
1.022702512330813957e-03
5.997325682708305218e-04
2.501933699281648775e-04
8.615355224981033691e-03
4.138610129347289855e-04
3.745158925505553981e-04
6.573500477685614721e-04
8.943157880093948429e-04
1.000069358183440288e-03
2.106076669978116625e-04
3.368980651775019090e-03
2.118227892753876609e-04
9.136610123805520610e-04
4.444535156698005158e-04
3.774854795169904544e-03
2.588272918276390876e-04
1.339907279069821712e-03
1.425440664977246268e-03
4.367619920256672617e-03
5.168766875151418116e-04
6.417041962507985921e-04
5.116359918034827422e-04
4.949695884245691041e-04
2.833500986805299231e-04
1.711207992570683376e-03
9.748735557519355895e-04
1.456273160430610969e-03
9.024246224834150520e-04
6.785280322257312719e-04
8.464210557159742394e-04
5.533273009996120045e-04
1.078662915237760559e-03
3.775395873763870902e-04
1.010584839893869432e-03
3.548037847346321993e-03
3.168237856310473989e-04
1.592591200123200535e-03
3.358131943226446369e-04
2.729167527177582954e-04
5.837536666862625174e-04
5.410774860537430949e-04
7.729571145352172540e-04
5.012758113005783955e-04
4.118261748704588358e-04
5.315188750256946183e-04
1.581434027416381066e-03
2.279740148204997905e-03
1.599573576096513777e-04
4.605579165997748152e-04
1.885660082959806499e-03
7.958454502698359507e-04
6.261777336422452668e-04
1.078662915237760559e-03
6.942433287204783417e-04
4.497188506282777691e-04
4.714835454575781108e-04
1.272085690666647844e-03
2.466998713883616586e-04
4.544385779968540344e-04
5.173355252533005932e-03
5.850792166941592119e-04
1.340280939696801609e-03
3.447890167440480647e-04
7.336221664533138778e-04
6.776634037697842157e-04
6.472100291322999306e-04
7.407791955148498647e-04
3.885922713365564632e-04
5.544951609573478286e-04
2.343875746364531307e-04
8.620189419221602634e-04
1.340280939696801609e-03
4.748428361033563681e-04
5.278476126056412532e-04
9.376701302203709846e-04
1.855062671899605005e-04
1.516663156155637158e-03
8.310535630613485230e-04
3.138389888099985480e-04
5.658253236561287510e-04
1.031938127126841645e-03
4.070511361368747390e-04
2.221853597523181303e-03
6.306515973947727323e-04
3.300930022342653974e-04
2.757926382782514515e-04
6.277719411303056898e-04
1.556124698616719471e-03
9.490717753800612718e-04
8.522021324057530659e-04
6.068224776061935518e-04
3.222954978023958791e-04
1.413933836169886616e-03
5.282427863008038208e-04
2.535714728958218551e-04
6.944707825463039986e-04
4.432953954905093910e-04
8.163771570148897717e-04
1.985790621383837044e-03
5.579443058578952138e-04
1.165871390471486489e-03
1.805309799474298128e-03
2.166416041934884386e-03
9.315877819086576094e-04
1.741396159489616699e-03
8.064228940543666712e-04
1.001236218786014445e-03
1.612776962474005669e-03
5.555194167869803405e-04
5.234785339774526052e-04
1.529777436208742698e-03
1.170412182996488420e-03
1.122516952984398478e-03
3.527028948621723035e-04
1.857449991345412176e-03
2.147130125817054824e-03
5.440201730904093737e-03
7.794296638217826931e-04
1.005547329886993888e-03
1.079717351646764011e-03
9.664236175076987290e-04
3.077046778150249262e-04
5.630455914685592164e-04
4.054499316487394380e-04
4.677570612190181504e-04
8.187928134951694917e-04
9.411361957564184227e-04
8.458425682025595173e-04
2.245575963689054155e-04
7.603622810113709607e-04
9.873511491619876932e-04
2.718456487750124423e-04
8.818697100583004289e-04
4.794180795964969924e-04
2.803361990089325070e-03
3.541726113015501612e-04
7.256692575289333666e-04
1.476495021693146822e-03
8.666597491703900962e-04
1.534745865093453589e-03
6.227591908300668822e-04
3.403974965692526094e-04
2.990041025985978700e-04
1.857449991345412176e-03
1.671595761480479479e-03
7.676712761222276651e-04
9.917926782115670057e-04
4.869533419539862160e-04
4.995491751494990276e-04
2.084588283027500374e-03
1.723982127363875511e-03
1.753592060198485192e-04
3.943481325668211131e-04
7.297900305494420085e-04
3.697133413980712466e-04
1.679753535201675705e-03
1.323722959740470740e-03
2.518123146750046075e-04
1.658588824719111048e-03
8.308984226343210395e-04
3.223161171821275085e-03
2.286419575445137325e-03
2.578448508861377192e-03
9.349641684428113908e-04
6.174083647397320129e-03
4.778632146682651265e-04
5.302867923105594305e-04
5.628405258141323591e-04
1.470183059552168225e-03
4.641071385603490196e-04
5.766374702864409361e-04
2.535381046844252181e-03
4.715912210329971811e-04
7.965918287158246184e-04
8.615355224981033691e-03
6.325293762639890970e-04
4.128360795217019159e-04
1.114821472171198188e-03
4.778632146682651265e-04
1.790638198479845618e-03
2.660895276115489124e-04
9.438759096902879942e-04
1.148265253592866417e-03
1.421404486841620646e-03
1.789503313404335483e-03
1.299176608035595808e-03
3.730333288073922203e-04
3.123525699624933333e-04
2.319541964093284532e-04
1.113146998690042961e-03
4.701777788355596924e-04
9.824384561451147914e-05
6.744914447194180198e-04
5.535869293115229257e-04
4.651130613850644750e-04
6.985225978192346856e-04
7.202208082755182789e-04
1.361623329308102228e-03
1.581556876522304846e-03
4.415874195729396095e-04
9.310565901860136731e-03
6.284409813785565109e-04
2.955320406301983048e-04
2.803361990089325070e-03
4.583010112123331878e-04
6.524807522793054596e-04
6.252804347974533347e-04
1.651519819617770952e-03
2.148532954827474392e-04
3.494343037145490258e-03
8.198132354426634861e-04
1.871632060940777679e-04
7.377663028374154604e-04
2.416686562036184929e-04
2.799315323142531967e-04
2.483895115364782250e-04
2.815058477636979829e-04
2.261940607583539514e-03
3.339124472294804566e-04
2.815297372216944358e-03
6.814778787050383051e-04
4.947886125534037456e-04
1.295747492121004409e-03
1.395140288034945621e-04
8.165278495081112597e-04
2.257245849073001749e-04
4.281412546486949183e-04
1.805375335751670512e-03
2.934544966684876979e-03
6.307073894884661011e-04
2.603347115552038420e-04
3.426677234593545045e-03
2.371184678458277816e-04
1.242540104591714073e-03
1.389221573303105021e-03
5.744687317232426149e-04
8.803288907563194994e-04
2.793713305876091568e-03
2.460314254985924856e-04
9.408816334867778656e-04
1.817727922934880315e-03
9.089116651322524292e-04
1.613542199900103939e-04
1.847450224434938996e-03
7.492112374812078283e-04
1.469046069219608671e-03
2.431047289386570678e-03
6.860881342096530021e-04
1.912412464268767797e-03
1.540077555520397417e-03
1.370256173960901058e-03
1.909021481792717379e-03
7.821869754893602230e-04
5.557081135001177511e-04
3.234479522055617767e-04
1.437605103042140361e-03
6.436033675207441683e-04
6.525997758326320970e-04
2.675771938214430157e-04
2.060335037638537630e-03
1.124144000226329253e-03
3.442574983856038309e-04
7.168644172374485837e-04
6.216889803985426377e-04
2.507285946888960842e-04
6.705950184165573001e-04
1.360925676285976898e-03
5.065201101643907345e-04
4.316681511370871267e-04
1.782253048333656440e-03
1.030229353317526405e-03
6.217735473443913256e-04
3.871638071854197885e-04
4.938277529035798273e-04
5.819366920826321088e-04
5.088042073659133566e-04
4.808458310523609693e-04
1.971625846386252604e-03
4.824180220986382692e-04
6.673466042648158953e-04
9.716990613793453132e-04
1.552144366770071221e-03
3.103358359359097022e-04
6.843740663624948897e-04
1.066875785451911742e-03
3.319150032570212356e-04
3.281824321577839470e-03
1.236550693915126637e-03
1.379533110422135039e-03
5.635781968222820142e-04
1.044279085796450627e-03
2.416686562036184929e-04
7.780623913326822341e-04
9.207889092893684849e-04
2.491059500021355053e-04
2.510503548227033407e-04
9.791867246823151866e-04
6.887498811491190578e-04
8.158971968159535069e-04
8.666597491703900962e-04
1.574140486055365955e-04
1.530704263454432234e-03
8.237692201654936040e-04
6.472929794663348025e-04
4.420540343698677846e-04
2.521761940543143987e-04
5.390988177462972255e-04
5.362279219915243745e-04
1.013887284506705079e-03
2.834849728273209496e-04
2.857848117630612571e-04
5.062613262317416365e-04
4.948217190024081736e-04
8.751638786802838979e-04
6.736580920628947901e-04
1.822461710616233113e-04
1.264208279881426584e-03
1.929151321057294291e-03
6.835486580828775477e-04
1.565957891725141193e-03
7.610872810940849924e-04
1.648468048746040129e-03
1.479593845917431772e-03
8.488982203248478329e-04
5.094759738046592077e-04
9.855586699655206548e-04
5.231248641234714824e-04
1.581145154734571294e-04
7.654833285820594182e-04
6.966804514420727205e-04
9.810013193211888569e-04
6.296589145140998184e-04
2.581868863087156182e-03
1.219984347044117287e-04
8.385368041205243676e-04
2.874957162754890870e-04
6.182746198779445843e-04
3.967058998686110133e-04
1.280443080390188462e-03
7.701065805407474214e-04
2.747282533762499240e-03
3.799623474019483190e-04
8.501520001811961645e-04
4.238991314023903348e-03
1.989328143772900546e-03
8.057942467921648056e-04
2.408785706915278957e-04
3.941090111322276442e-04
6.009787889513245772e-04
5.638454703048254588e-04
4.273409371390395582e-04
4.818798612341274154e-04
8.766800048128287537e-04
8.145627619567938956e-04
4.966428611764914063e-03
3.885058498116801540e-04
1.001236218786014445e-03
6.179073174705676345e-04
4.038771503659964240e-04
1.027115678932123298e-03
4.665818901101291961e-04
3.169219617351945310e-04
3.466707028553589909e-03
2.270901480175454006e-04
1.059851469429328417e-02
1.323101299166074213e-03
3.998168302467468901e-04
1.190675703377597899e-03
1.620911036129539951e-04
1.892181727972774125e-04
1.960882072435579399e-03
9.542126774304379895e-04
3.751028906487216996e-04
7.812446143083028515e-04
4.135292110041743560e-03
3.582332835807789870e-04
1.648776556203922347e-03
3.999000371510735754e-04
1.870538430671295433e-03
9.002713376575274947e-04
3.897601887340883167e-04
1.068499202834016608e-03
8.192063656799229232e-04
1.809394094422469169e-03
1.464450123434206169e-03
5.068979132727739973e-04
5.053328033530501452e-04
4.007088123531747995e-03
9.204173507193555556e-04
7.377349508198815771e-04
6.541817593942658845e-04
2.215417604853231644e-03
1.124338026529387745e-03
1.121619351210265429e-03
4.666735582167443898e-04
4.009868282794494076e-04
2.869095828808919391e-03
1.766630444977415745e-03
4.866652315327799853e-04
2.483342014065900391e-04
5.280645571198995481e-04
2.398594623016715027e-03
7.780623913326822341e-04
3.920178393043867709e-04
7.469868986236979621e-04
8.292014079613673838e-04
2.074256650280421703e-04
3.842459371884434163e-03
9.701511214040469061e-04
4.257115850518020930e-04
1.587160005158419485e-03
3.443870313418910859e-04
4.083996335465131479e-04
5.452956520460782667e-04
6.454916620238327707e-04
7.628439360129596596e-04
3.460406637410431258e-04
4.902036986658318222e-04
6.598198982703198543e-04
3.862685730071341414e-04
3.831844450939891813e-04
9.166289435983860116e-04
1.461362724661266878e-03
5.161398416317581955e-04
1.830785521327835423e-03
1.168878473371579929e-03
4.796974387837790168e-04
4.352490130506222674e-03
2.112335128742386450e-04
8.722260591528339241e-04
4.362317537237128695e-04
1.005558885204713496e-03
2.116953308637742836e-04
3.854427369884002013e-03
2.044067433628339559e-04
2.361636566028747167e-03
4.918360098200740601e-04
3.539969185820300785e-04
4.033230728588540147e-04
7.145057788007056106e-04
1.171185143148061915e-03
3.375058054588266857e-04
2.839375200318542238e-04
5.704505684981080876e-04
2.370241783365618828e-03
5.631084865710634865e-04
1.059825321413615474e-03
5.893674618122503490e-03
2.556954067520022622e-04
7.588309649725994907e-04
2.113831126721533646e-04
3.397048626779533499e-04
2.729167527177582954e-04
9.406699613693141147e-04
7.909353850372572749e-04
2.560706066205580456e-04
8.073240966635089003e-04
4.530532437829830859e-04
6.998200923127012975e-04
6.480686119234368514e-04
1.638007647343362643e-03
5.865563978625611607e-04
5.969770617818030353e-04
1.075585686150796767e-03
5.759779613740196496e-04
5.780897366709772042e-04
1.021388250699084782e-03
4.991520069556621688e-04
4.480107772182487865e-04
6.879562257098222359e-04
3.121620392006729241e-04
9.596720612242029633e-04
5.869852763895773949e-04
1.144136653014830168e-03
1.581629230297058528e-03
6.504465059646355853e-04
3.290068606360001973e-04
3.930679819310327772e-04
2.117306527274698518e-03
2.218903839542042591e-03
4.674016125209746347e-04
1.745096140391278047e-04
4.818798612341274154e-04
1.667894184292300719e-04
2.927789016449320507e-04
4.401386249254025593e-03
6.118125376187904044e-04
5.467556212392747639e-04
1.131722466429273830e-03
1.622797224656741819e-03
6.343748573857970656e-04
1.129641204960397634e-03
6.770472206237127238e-04
4.814903180263658210e-04
7.594851449593429879e-04
1.702712438876650839e-03
7.493002022392919893e-04
3.725854968822759229e-04
1.460088291872776610e-03
1.057463170002552423e-03
9.748469320021786906e-04
1.118964450586738563e-03
5.372875267502894448e-04
5.544951609573478286e-04
1.709501298428021271e-04
1.152021321490104971e-03
4.809495819091380553e-04
5.830843491627113202e-04
8.163426393422559607e-04
3.097307641171065341e-04
1.134074491819899366e-03
2.858468829706871535e-04
1.080032014238858657e-03
4.730298930009519125e-04
1.266708930305269468e-04
2.533889207477026443e-04
8.788282187296180860e-04
6.192092750730848749e-04
2.409111239762793625e-03
2.386186961585799043e-03
6.327223889807345085e-04
5.106892369516230793e-04
2.974956758346004653e-04
5.999657546292117049e-04
3.288652374787606313e-04
1.426335653707411699e-03
1.981943281197895163e-03
7.366373078216088615e-04
2.470552789842602121e-04
2.093291434038489340e-03
9.714474253558916337e-04
4.553347260527069442e-04
1.219984347044117287e-04
7.473728165858420759e-04
6.352098323195825820e-04
1.502742010106381660e-04
2.121858859398653761e-04
3.635854668773111538e-04
3.862728194663729640e-04
6.803058849164813184e-04
5.360386494843710900e-04
3.241286530060582681e-04
5.211074511171494240e-04
2.667744118581204748e-04
5.539493978022098789e-04
3.067406167928837563e-04
1.096829042871654480e-03
6.185805653427863416e-04
1.344019466180584703e-03
2.629008050686644504e-04
3.252706742876028119e-04
1.163098684587564801e-03
8.655947922089100377e-04
2.294626566562461140e-03
1.030521608941409187e-03
7.373216635454680123e-04
2.922119704141365915e-04
1.362285791115281763e-03
8.458364146673155509e-04
1.525821813079178760e-03
2.885029147742829581e-03
