9.805115125626011861e-04
2.740905306609681298e-04
5.752655614035654969e-04
7.610067789575957441e-04
4.168420154470160667e-04
7.481485642260846027e-04
3.726077422400225964e-04
6.597904451348235834e-04
4.844232996089142774e-04
1.253539283882866128e-03
1.138956035418400414e-03
1.787753163885958622e-03
3.915908505400705940e-04
1.440036285605326505e-03
2.306150574571936662e-04
7.520685472790787683e-04
9.630249728129379938e-04
8.231709621346420527e-04
4.222482394609095892e-03
1.429020909720293917e-03
1.463923747683111391e-03
1.056869875016550747e-03
3.334378859784624827e-04
7.689860809101998042e-04
4.771891719820848653e-04
1.383466708027243251e-03
1.187885590498744806e-03
4.451517263508209281e-04
9.192222919496087236e-04
7.036786178097943247e-04
2.049400484924996258e-03
3.099330631133524641e-04
1.009277874846622926e-03
1.970057199081921839e-03
2.541023643871137723e-04
1.861928399900674097e-03
5.185273204895548237e-03
9.193262887569007011e-04
6.485269863397741426e-04
6.700849903517448834e-04
7.539677620271573307e-04
4.927760774699189343e-04
1.461109680220500518e-03
9.160250276718297788e-04
1.634802897404967915e-03
7.646479441981018921e-04
4.267777296308881887e-04
3.081051635461224238e-04
6.343340248546590907e-04
1.527230507919394124e-03
6.312454568879343917e-04
2.803845083568489707e-04
4.115933148659024765e-04
1.725981050530734024e-03
1.621047058240575041e-04
1.645366766869233149e-03
1.195256911301400236e-03
2.497997287374494491e-03
2.632582433505920028e-04
6.822203693345464367e-04
4.102251210543074304e-04
1.598082388511599646e-03
2.046076690678159601e-03
2.237587035757116101e-03
2.503727035415874089e-04
6.181563523431598791e-04
1.340434554834198707e-03
7.079096149580281321e-04
5.274754614746600401e-04
9.142240530899796176e-04
9.770987581716927741e-04
4.268353400833328239e-03
6.364900122325935997e-04
5.507665817864737653e-04
1.109180464143036263e-03
4.594376254384870649e-04
2.062051150637936661e-03
4.396482226135051607e-04
8.845886878166018055e-04
1.119042534874281365e-03
1.708083132753657456e-03
1.261825888798974796e-03
1.268192801262503630e-03
1.459402016273667144e-03
4.866836273407732037e-04
1.222680519978616232e-03
5.165362154436792296e-04
7.340874243713457021e-04
2.418221773100113353e-04
1.267787384019625164e-03
7.555627108216578149e-04
1.252117102311257630e-03
1.838024723271344243e-03
3.790179136543729631e-04
3.396018804681980008e-04
7.260472418859572914e-04
4.126400964053846855e-04
1.447520291147376707e-03
6.801201769724983829e-04
5.115267771763881265e-04
6.853272232559405423e-03
4.856743402668684591e-04
5.716009538457932733e-04
1.371559335505185542e-03
6.820056407757575006e-04
4.162529485899123770e-03
1.065242382840679829e-03
6.596188723330259629e-04
3.118600150822951260e-04
5.560444858431436068e-04
1.853415364210467145e-04
6.244545608452806802e-04
7.842724020268508579e-04
1.363727438700212133e-03
3.018578467903229134e-04
2.633620236753093837e-04
6.946706643134883214e-04
6.832223569394653287e-04
6.370601948389079767e-04
1.023544241324118604e-03
8.505089683998429909e-04
6.502728107398070192e-04
6.149924063857983543e-04
6.986337458296921045e-04
3.885341849610465369e-04
6.747837320697564660e-04
1.970316845213264563e-03
2.760489313366928628e-04
8.189728416261790730e-04
1.201155574293739274e-03
2.380735099517415556e-04
2.365766397990379851e-03
2.686788068413984397e-04
8.007356074098295837e-04
3.031584179181730904e-04
7.138213146974715408e-04
7.976172945178965383e-04
3.844077268259234160e-04
1.202147788413691736e-03
2.510599242230753870e-04
4.378434309552639223e-04
5.703975884830116312e-03
4.696972317993659287e-04
6.416380148201595700e-04
1.002395223216446954e-03
2.270891431527876725e-04
6.152437822452376786e-04
5.701836911160359676e-04
9.558835628747301520e-04
8.703299576011961280e-04
6.160630627798839663e-04
9.348550690838244859e-03
6.172709824367455557e-03
5.309952384082087910e-04
5.917190546936550860e-04
4.351468325886206846e-04
6.423104596987909637e-04
1.621047058240575041e-04
1.405342153410887689e-03
4.563470522204565423e-04
2.535701268339736296e-03
7.179319515596107237e-04
2.149692932559473793e-04
4.099968869986318613e-04
3.918208263361808229e-04
1.389396387065584002e-03
3.114404465830499587e-04
3.370778899029153804e-04
2.196460857797645754e-04
8.426277335274009106e-04
1.081801316654685402e-03
5.560204488009879700e-04
7.056299478883826292e-04
4.252185825721647105e-04
3.452677903784338843e-04
4.014215590031005622e-03
1.458467803819530869e-03
2.300020092186010187e-04
3.543446906428827079e-04
3.922364046051340274e-04
6.824602305887229967e-04
1.388420029179326508e-03
7.569565885003577471e-04
9.627083076260502291e-04
5.347911323857753663e-04
5.516457512315512714e-04
4.185288440418678639e-03
2.525148370911118830e-04
5.046027688558426443e-04
7.213350204353591658e-04
5.491745615474515887e-04
6.259106003285307314e-04
3.906531330056022856e-03
4.634035834651411461e-04
3.312825448480401290e-04
4.189328101439556166e-04
5.473140167153115604e-04
8.297763364360934537e-04
6.165664643102375343e-04
4.198862354784944082e-04
2.349644536358858494e-04
1.395619084656382451e-03
4.721164425233371109e-04
4.919856397026344105e-04
6.584869915563804164e-04
4.725969704292853099e-04
4.317881023158550683e-04
6.709606363565873925e-04
1.021866926545991804e-03
5.818668976441328548e-04
3.360640306843782287e-04
4.062327390986448204e-03
1.568964257109537602e-03
1.103892706340791610e-03
1.279029230886298248e-03
2.194339037805611084e-03
6.950160395949348761e-04
2.019309460316849689e-03
6.926279891857424530e-04
2.081227062015739550e-04
4.491326237020408420e-04
6.385438034341692258e-04
3.393046272600867158e-04
7.679720710429125590e-04
5.705769153558688410e-04
5.138448261313389651e-04
4.316455141363207348e-04
1.832494181401419164e-04
6.351950979436668141e-04
1.017900581151528344e-03
4.292166224247581695e-04
2.449982062552169136e-04
5.516457512315512714e-04
5.814596891277749088e-04
2.712749157659744177e-03
4.509905369098189220e-04
8.357493690515521191e-04
4.812041794492977025e-04
7.872582288532885232e-04
3.474858326004211955e-04
5.001823116124203862e-04
3.553208434934018679e-04
4.797244616807335772e-04
4.917479739051494039e-04
6.494840021277229966e-04
4.255980830051197725e-04
1.420397135875799003e-03
8.595175475006278055e-04
4.651048855688547220e-04
1.744418931343852050e-03
8.232852661114814724e-04
3.225653067609963510e-04
8.979736555732222708e-04
8.161010423495322587e-04
2.686126927878999598e-04
3.423117419484427164e-04
2.902512437454222473e-03
4.016907970420089563e-04
7.692155472618827971e-04
8.538080045358071224e-04
5.091074494169834080e-04
5.401259002193396341e-04
1.009212569873979819e-03
7.089525467076789088e-04
3.452926204073114894e-04
8.465984602223146317e-04
4.720501486242906176e-04
1.880550382205457317e-03
5.104624528378370451e-04
3.725169609723674182e-04
7.117690017765191529e-04
6.630672520936940501e-04
4.831140562280500307e-04
5.355331213299464529e-04
9.115580677721725608e-04
9.206351184725242685e-04
6.192914467718086801e-04
5.626706973869705780e-04
4.002076157600335912e-04
4.150734134150103568e-04
9.739875916964578322e-04
7.059177679961474959e-04
1.680403299680433482e-03
4.929991653715389867e-04
3.639926626620191641e-04
8.406634233227488822e-04
3.305989281115829571e-04
7.237542446707867332e-04
1.578666559417763252e-03
1.363812315140152092e-03
1.296927493086058765e-03
4.845026178151077656e-04
6.581706675250955513e-04
3.209779369206743039e-04
2.335874590053120450e-03
1.577176337611035494e-03
8.480486599112408959e-04
4.305875559841934336e-04
8.857533384886039822e-04
1.357767854311688407e-03
6.549848939658584274e-04
5.231229603681912185e-04
9.658552714740294013e-04
9.932570847473601652e-04
3.350499612529213062e-04
3.244558337821456715e-04
6.028540090358625514e-04
7.539176728446783009e-04
2.059695703550778838e-04
6.813522305932984482e-04
7.562812702379742829e-04
2.349644536358858494e-04
8.337144913284781677e-04
1.111890051041702909e-03
7.610067789575957441e-04
3.606958300245968665e-04
4.832000630352960941e-04
2.086345936480367511e-03
6.161206371216651620e-04
7.514000317830918331e-04
1.984925467961092416e-03
5.380632858412808493e-04
4.318744350171617300e-04
1.420466290326359527e-03
3.364445950114422772e-04
6.011567150958781712e-04
8.121461311014718278e-04
4.996743199268574402e-04
4.526615883315017702e-04
9.755954040994810903e-04
6.194311650694683336e-04
2.821401288471505112e-04
5.132818171970155493e-04
2.398241444414287067e-04
3.622563406036373988e-04
3.042815459739556683e-03
8.061525216789403644e-04
3.589337290751035831e-03
5.519766433491077404e-04
2.524663337109173816e-03
2.821401288471505112e-04
7.117690017765191529e-04
7.617116805347058303e-04
7.170681736503389673e-04
7.300835555638386090e-04
5.395860692512861228e-04
4.782574527699964611e-04
3.749920032554141577e-04
4.071691934338293696e-04
4.464642475348720892e-04
6.560485562240812299e-04
2.349644536358858494e-04
6.799447685983532911e-04
8.878447657659851739e-04
1.090302481051004177e-03
6.336998719963046365e-04
4.147058461921555926e-04
6.790571579390607560e-04
4.992582666744680266e-04
1.935090147152071548e-04
2.349644536358858494e-04
3.554473536386776951e-04
5.730266648301985148e-04
2.934847711252863982e-04
7.968985649093373929e-04
4.064443747283589116e-04
1.203521607484861174e-03
1.172536935080710843e-03
9.962897701746593199e-04
2.723374550260550210e-04
5.429691808544694466e-04
1.062631363785624967e-03
3.489481050826719142e-04
3.925124265156501352e-04
3.377721141793956655e-04
3.470008158800234042e-04
1.144061671127037660e-03
1.908308351370979240e-03
3.190917542732131409e-04
7.140499337879557254e-04
1.221710752819107166e-03
6.542390416162769751e-04
7.443481827707355402e-04
4.333935390207997447e-04
7.240363521243748561e-04
8.302174754384310934e-04
3.188373348471925457e-04
1.066552510479843200e-03
9.003495754112110245e-04
6.758864671716739584e-04
3.781043310337732391e-04
6.957621806749736230e-04
3.956085886342585074e-04
4.151014125324492500e-04
4.195875870224687401e-04
9.512424959195987188e-04
5.845263694281001244e-04
5.702478184995716853e-04
4.846691069967167345e-04
6.986581312176317086e-04
5.533832379028524309e-04
7.546072786524254819e-04
1.696016761937487989e-04
2.473562209060834187e-04
1.621047058240575041e-04
8.415766386716378410e-04
4.296167686325922676e-04
7.533715619866619261e-04
4.507842260299994852e-04
3.404523077797772359e-04
6.848024289147853962e-04
7.162617686999151823e-04
9.199118785383881246e-04
7.139403298576512151e-04
4.106030297243680395e-04
9.855226911249345863e-04
2.237028645927558249e-03
1.320402562120764683e-03
5.548065312521565512e-04
1.984329804739642066e-03
9.570246530630873360e-04
6.172709824367455557e-03
1.014176147110277182e-03
5.707653606541902023e-04
4.929991653715389867e-04
1.602170617430354223e-03
1.070206109732328237e-03
1.832494181401419164e-04
2.889237033001697957e-04
5.916311082124881384e-04
9.631009510259696095e-04
3.607940758183643057e-03
1.121981893874968812e-03
1.906237630537908640e-03
5.599257236212587963e-04
9.327203898515699183e-04
7.401942825393668024e-04
6.631421792104707103e-04
2.980188250016933631e-04
1.414086956794305839e-03
6.029965329012344907e-04
4.061836692121633969e-04
8.003581528238061646e-04
4.012980345564644258e-04
5.337189625650774240e-04
8.356153259185787260e-03
8.017084221148662159e-04
9.341857939825289493e-04
8.551746480317528199e-04
1.474511531521107690e-03
4.366555808746608032e-04
1.422002011261402953e-03
1.992332918079532027e-04
7.810106961714398909e-04
4.253032714208654147e-04
9.338795835142022156e-04
7.244651704733467935e-04
2.187137074415636002e-03
3.114497928986884848e-04
4.287552365900874842e-04
1.682065652932195239e-03
3.979542525600730123e-04
1.268820556118055833e-03
6.681181742938831344e-04
8.600597530076385970e-04
2.901218387698220537e-04
6.266763417947537971e-04
7.416482182701119707e-04
6.898593463521842609e-04
1.652689603035105512e-03
5.126942251000274385e-04
2.333461916168691041e-03
5.208975580177264107e-04
6.183561576429257587e-04
3.259353568870829339e-03
5.079239967668094675e-04
6.659683378217898199e-04
5.543065147165171990e-04
6.003879069828236669e-04
4.067110845567043875e-04
3.981383034142446046e-04
6.293730121276223857e-04
3.751273395785045860e-04
6.183561576429257587e-04
4.639296756248162618e-04
5.564386006752990253e-04
5.309952384082087910e-04
7.456960534955205241e-04
1.056633713360101640e-03
6.986581312176317086e-04
1.020796893341571537e-03
5.479683640527296083e-04
6.302815884931179573e-04
6.674673118211036987e-04
1.169482461975781748e-03
8.297763364360934537e-04
4.993549755503648045e-04
2.702436864659037413e-04
9.390276779923648802e-04
5.681395338845926252e-04
5.567819300393779839e-04
2.349644536358858494e-04
6.183561576429257587e-04
1.712584277255064461e-03
6.183398036589022066e-04
1.371337420985004052e-03
1.788829746012807979e-03
3.981214662472893988e-04
4.028835881842605590e-03
7.650072318502295016e-04
3.804448977662842923e-04
1.222584491901526757e-03
1.173258008323236354e-03
1.043460060548228067e-03
4.233646830994299178e-03
3.254153246808263577e-03
3.474039796077711835e-04
1.654471902634663651e-03
3.241463461519795129e-04
9.279586022051068478e-04
1.970316845213264563e-03
5.557094434406733294e-04
4.812041794492977025e-04
8.143455261312480082e-04
6.933733580795613943e-04
5.923190194225871332e-04
9.869601356890308087e-04
5.915304194837457501e-04
5.586485483420468127e-04
2.581885989069188873e-03
7.976618096911177206e-04
1.459402016273667144e-03
2.157988996740631011e-03
5.682150841638303716e-03
6.725961621528966016e-04
1.127664479458053348e-03
6.836014448603819739e-04
9.701318451011366932e-04
7.911237299265073877e-04
5.245581269906267287e-04
5.202300562361374895e-04
5.156617443162085429e-04
5.043802230959106882e-04
5.184008038413234981e-04
7.973547827406252553e-04
4.501831189885562544e-04
9.637070821204354052e-04
5.030764343337965549e-04
7.088984443870438882e-04
5.338668812074468840e-04
1.351032837044562193e-03
6.571556561419348175e-04
7.994557608579057817e-04
8.279291974078826100e-04
4.103795138596071611e-03
5.998968923630548051e-04
1.099027530663212408e-03
1.101630257809594780e-03
1.621047058240575041e-04
9.663470244026926446e-04
1.109180464143036263e-03
5.439176534012960581e-04
3.945115746360301160e-04
2.647082274806884751e-04
5.679714738659022606e-04
2.419958666615623156e-04
8.815722602415790006e-04
1.482940349805091226e-03
2.778721440888661355e-04
7.145611850622931313e-04
1.021178413136594786e-03
1.860999475916374135e-03
5.702075374806507904e-04
7.302817278320692957e-04
5.415230493046218263e-04
6.439344080138858931e-04
6.955590576651726580e-04
3.610960496141931656e-04
6.622960719617252507e-04
2.578668145047791484e-04
1.423357162218309409e-03
3.357104486121153066e-04
8.520797745282257876e-04
5.136648071493794994e-04
6.629435396508402212e-04
4.574692856406904155e-04
4.973817223026371628e-04
1.849746890497556322e-03
4.802852054868642323e-04
4.554132457789549990e-03
5.912153985709748052e-04
1.108588790540045079e-03
1.262594492711904826e-03
3.749148827983405687e-04
1.017539151299130373e-03
7.825076549199216740e-04
1.613125784720588181e-03
5.545049234942444434e-04
4.796685854027864563e-04
2.629115872194513997e-04
3.452926204073114894e-04
4.022397321555079694e-04
4.771891719820848653e-04
8.291171420598109467e-04
6.433603215515430350e-04
5.273777194502505573e-04
4.088170942655942582e-04
3.469787243448130363e-04
1.924873045327291522e-03
7.445001266615124862e-04
5.533832379028524309e-04
1.075252935122998849e-03
1.215791259192322907e-03
2.981781505789440250e-04
2.527086718503861770e-04
3.017448973937120237e-04
2.292117913902719164e-04
7.257990711862534602e-04
6.953837527547150534e-04
7.648189632799592790e-04
1.333937319916268490e-03
5.889708452492233362e-04
3.349237805594854739e-04
2.762552221965327562e-04
3.464356398049353494e-04
4.866232016848546279e-04
5.353903363104914543e-04
6.992070087774057523e-04
7.981779342910394568e-04
1.757355997080448312e-03
5.607675381948243115e-04
4.204738728558634719e-04
2.023043143882167876e-03
1.832494181401419164e-04
1.713295698418799452e-03
5.674392626332155085e-04
4.137552534281499646e-04
1.182585128319466484e-03
5.354740582231700763e-04
2.329847286848246561e-04
6.554168562030941291e-04
2.875432693258869179e-04
5.604894215290796063e-04
4.714386892135881326e-04
5.838111556332915711e-04
4.602743968017003755e-04
6.902434571328479578e-04
3.711810866010359085e-04
1.832494181401419164e-04
4.301161336473946647e-04
8.235591610700521191e-04
4.521917827052233420e-04
1.353348232900792496e-03
7.456960534955205241e-04
8.382547540752056806e-04
3.686273466368251528e-04
6.080695604903029686e-04
2.497427698225974414e-04
2.364307557575957039e-04
3.823864636116778236e-04
4.953550589258562224e-04
4.603361775270392304e-04
1.024208870361342869e-03
2.900168847982326562e-03
1.519505150737198969e-03
8.426450046438668275e-04
5.766593255752372168e-04
6.172709824367455557e-03
6.262636153753633550e-04
2.107428981870283595e-03
6.319771032227191471e-04
7.775302208208181376e-04
1.594299846691669660e-03
7.775365144693221825e-04
8.328796947881491252e-04
1.629659014118739480e-03
5.214032261551522583e-04
3.864038517058155818e-04
4.566682249094947544e-04
5.322383005769949164e-04
1.267709259191699897e-03
5.408030056827985979e-04
1.340359304827810948e-03
4.182419342578764555e-03
5.693737076254100620e-04
2.915531523645507775e-04
1.678305038066083216e-03
9.318760321116622810e-04
4.149364543304667752e-03
6.266763417947537971e-04
8.707584347424683841e-04
7.550747731646106778e-04
7.068953510551305225e-04
5.188602078386956922e-04
1.437402675401068357e-03
1.621047058240575041e-04
3.430936779271846152e-03
3.932998359907801853e-04
4.052479281033921719e-04
5.533897830102205151e-04
5.381960423710376766e-04
7.568251949637576272e-04
3.354273299887825140e-04
2.836364189112413302e-03
4.621898210270869228e-04
5.842764494647458050e-04
1.926123437692206985e-03
4.181617249327187905e-04
1.652995700980709444e-03
2.456055344109110629e-04
2.686609477594001198e-03
2.928570747209625902e-04
4.297928890339437064e-04
5.776433487823733970e-04
6.300905503013222312e-04
6.195921144313618198e-04
1.131978593819001630e-03
6.075130288146359621e-04
2.449294604584025068e-03
2.192160448599386226e-03
3.758433715334332501e-04
4.764108885873249511e-04
7.022564620283248396e-04
4.873197703889721802e-04
9.655287141664177378e-04
5.061341218701284530e-04
7.104466999989531104e-04
2.672949451025209786e-03
1.714649348120232024e-03
8.387200247395537687e-04
1.565489157409177476e-03
9.826599268857338400e-04
1.599518666682209515e-03
8.656768668379099477e-04
8.693866219700509268e-03
6.613974932873892178e-04
1.177073846196397076e-03
5.691914403195709850e-04
5.996446357007212099e-04
6.966392525269889937e-04
4.285343892069199486e-04
9.099238310558546488e-04
1.461099260999172136e-03
2.109321477380809301e-03
5.696476377287486639e-04
3.078582972082993807e-03
5.152933493359200014e-04
2.594389096373086383e-04
1.621047058240575041e-04
1.223039371817944906e-03
6.082714437328908897e-04
8.337144913284781677e-04
9.605191912219583628e-04
2.868418348411560853e-04
3.221338494425761748e-04
1.042237685757344467e-03
3.555034571499185751e-04
6.345555110074154988e-04
1.043460060548228067e-03
9.683681834414336427e-04
6.223577443441388746e-04
3.526857712243372024e-04
1.246247548986866623e-03
4.348766446626181029e-04
6.402746134024130944e-04
9.800903734164903049e-04
1.005502580369709020e-03
1.563663041395025504e-03
4.668400878855209052e-04
2.189788906547813618e-04
3.120203576311489629e-03
3.084064559171070742e-04
7.363669842699974459e-04
1.091409192768711582e-03
2.541023643871137723e-04
6.727604027929228250e-04
1.143460360963248230e-03
2.458319576480906023e-03
9.357673574597096195e-04
3.875803284287274099e-04
5.919691816130675990e-04
8.308001872689820336e-04
2.484480327708632973e-04
7.672166871096091538e-04
2.561067458583954435e-03
2.874206731513252126e-03
5.990175120955161395e-04
1.137264261306112842e-03
3.126014845237569157e-04
5.630979489490699642e-04
2.848164881930818990e-03
5.279450020581043799e-04
5.861829135830544553e-04
4.049887295934518489e-04
1.476200237810230921e-03
4.225725508708548105e-04
6.859767136375652212e-03
2.582688896622742174e-04
4.519306382163953864e-04
4.099108706679743873e-04
1.126804168347695853e-02
1.121204454060014191e-03
4.699132025540408942e-04
3.157705160781748717e-04
1.869099325454014909e-04
3.319580625509811408e-04
2.051662508415546312e-03
6.742683128649833808e-04
2.096187597768028876e-03
1.688717363220151825e-03
6.344134254138471740e-04
4.126913703259870217e-04
5.019857893932723599e-04
1.236257141742102151e-03
4.233906654164698059e-04
1.211176792030084970e-03
3.877560986997078633e-04
2.466141885503288678e-04
3.342794059339872486e-03
2.515062947468109161e-04
5.089239868313579418e-04
2.959124083670102465e-04
4.010379632718579792e-04
7.586952783979847726e-04
3.002316975851328121e-04
5.354215694689156086e-04
6.833806013731325317e-04
6.185924796102659469e-04
1.072945096588166780e-03
1.448665035873208246e-02
9.793092128620999471e-04
3.452814575127415974e-03
3.148780173632720510e-04
4.804793731059450301e-04
9.702614530509124724e-04
9.204055283700223302e-04
6.115743450561570782e-04
8.904130267708485272e-03
4.810949969665489741e-04
7.831791588899526856e-04
8.970725678163653845e-04
2.349644536358858494e-04
1.897529135850131721e-03
5.848313149428341394e-04
4.115933148659024765e-04
8.341317401864059827e-04
5.231617844824547597e-04
5.295537850707006042e-04
6.637791457819563600e-04
1.774774143094076965e-03
1.108588790540045079e-03
3.089426355518487088e-04
6.979321028409128267e-04
6.521090612832773897e-04
1.585395948743718647e-03
1.387041324376942072e-03
4.258635432764922729e-04
7.561416865860843151e-04
2.955305383188425086e-03
6.028540090358625514e-04
7.805104313111578974e-04
9.185008501318371512e-04
4.291642531982918138e-04
4.466017790904942418e-04
3.424395958212804892e-04
8.017977565426280583e-04
5.015504823813727144e-04
4.691572795932018834e-04
3.778691480818384277e-04
9.155501964156219407e-04
4.059637629679394943e-04
3.610960496141931656e-04
1.587851751797170891e-03
2.983361851806291430e-04
6.609453095832223610e-04
3.002179217196994550e-04
1.602950465134319420e-03
8.793571131924480264e-04
5.263900447099143258e-04
4.895651253946669461e-04
5.875527989333243113e-04
2.249107086227956822e-03
4.770023854979024507e-04
3.750300220431563550e-04
4.173189017905847161e-04
4.819370890393495600e-04
7.646479441981018921e-04
2.933778593049515154e-04
6.385961140922065578e-04
5.041364903504442488e-04
7.282363828468435812e-04
7.078791340468143555e-04
8.630782333520631289e-04
7.840471919874163718e-04
4.736560110496320546e-04
6.657215109508541956e-04
9.496898469488943527e-04
1.665855042256292806e-03
7.865318186086163671e-04
9.450497143973803343e-04
1.105707692715231791e-03
2.095994445628337945e-03
5.195429375777356170e-04
6.931545427097629509e-04
1.284075070867598221e-03
2.246693967421985096e-03
3.631962840135921958e-04
3.393046272600867158e-04
5.133116767593950708e-04
3.679057889149393661e-04
5.009659476085313824e-04
4.354667425575653168e-04
5.159534933304689083e-04
8.370791311574884205e-04
3.021931972939240077e-04
5.636428834758366998e-04
8.317776477284817603e-04
3.765078589506990793e-04
3.336726840489195856e-04
5.560074168983429599e-04
1.712142293010078325e-04
5.151032560233326793e-04
7.500481031716920138e-04
1.989375378538686331e-03
7.458213095129376594e-04
2.412850432067463588e-04
9.117558255450760804e-04
1.519332193143226647e-03
2.019309460316849689e-03
4.661509504027128289e-04
3.546798713781833647e-04
3.614387748682885157e-04
5.507665817864737653e-04
3.112193079730587336e-04
4.113053083316922567e-04
1.635640322502069591e-03
1.211828989746357435e-03
2.330097574400259882e-04
4.784502188494679006e-04
1.018763377395824664e-03
4.317688286464751307e-04
1.108097879510803324e-03
8.279291974078826100e-04
5.338870421589626608e-04
6.377321278694380322e-04
4.290706485666861796e-04
7.161015278086766680e-04
9.235988904406770058e-04
5.374004465299487025e-04
2.657069932414406720e-03
2.848164881930818990e-03
5.159534933304689083e-04
1.423068825114771636e-03
4.233906654164698059e-04
4.169193644987904414e-04
2.537945852038413349e-04
4.346750637091983255e-04
7.576145667259030639e-04
7.302831909675242114e-04
7.930455160113997681e-04
9.063643673664851033e-04
6.586304428365797985e-04
1.138956035418400414e-03
5.114885666184832563e-03
1.993884485536217156e-03
1.234498711935843934e-03
5.300376544640171810e-04
1.267787384019625164e-03
3.553287080456930640e-04
1.101789435998568999e-03
1.140630806873072596e-03
5.768020860561892584e-04
5.599257236212587963e-04
7.928837211166071602e-04
4.605785206703167647e-04
7.260472418859572914e-04
5.934742347270803055e-04
6.932505224931979773e-04
2.469384618336353289e-03
9.354315942930688807e-04
9.306569244074163654e-04
2.568995593040367814e-04
5.570434991880172156e-04
1.188577661881397686e-03
1.077490021454688028e-03
2.515061516659868827e-03
1.235501137329749963e-03
7.519630016307699786e-04
4.550107132847527641e-04
3.075313743747692431e-04
1.542556873818902484e-03
1.467225760533155286e-03
5.679084903567171430e-04
3.410514838775502433e-02
5.079239967668094675e-04
6.675280197724186432e-04
4.705375205695132073e-04
4.893748136148251375e-03
3.476141152592420337e-04
7.229289114206783641e-04
