6.524082544941688403e-04
4.060525921735812834e-04
7.897717584146680741e-04
2.618567335825425224e-03
6.520874557840491536e-04
4.553091674653361818e-04
1.856933044644050457e-03
6.037202892852665042e-04
4.381741881811736022e-04
4.067548452210202376e-04
7.047567009759794776e-04
7.722241945876766583e-04
6.373350036820331355e-04
4.940226181658535689e-04
8.191291201049690851e-04
3.011065919229758444e-04
8.560666107455336274e-04
2.903533712240761837e-03
8.003231174937777562e-04
4.621307112651425360e-04
1.560984607094390020e-03
5.892991922814522048e-04
5.647796750203616092e-04
1.172713146704025154e-03
7.153288504102607581e-04
5.971368512086041008e-04
7.821030276816512720e-04
1.108786719494498545e-03
7.353425675733216149e-04
4.028459549995371696e-04
6.794767801754212667e-04
6.417665773514941900e-04
8.919189190937777635e-04
1.595233055400237287e-03
4.983312132560325939e-04
7.248727385382182061e-04
6.676510699471614610e-04
3.030471262146968705e-04
8.400666043909080791e-04
8.647489876853699416e-04
4.583256556861915808e-04
3.891544826478005319e-04
1.310973182843814307e-03
7.171367308527680073e-04
7.021103703736395656e-04
3.983164225944227387e-04
9.380202555209082730e-04
1.228221553725311523e-03
1.206228005609538169e-03
1.514865200303661466e-03
7.565584261289070656e-04
3.837244900571807628e-04
2.072126122250225657e-03
9.955426686081645781e-04
4.863110926452878305e-04
1.831767561562392061e-03
3.949407082809169725e-04
4.014313380062254385e-04
1.896262844686502505e-03
4.344266672675212572e-04
3.196225844023663806e-04
1.029960620855696835e-03
8.133081657964887339e-04
8.617527372682810653e-04
7.314918294960096610e-04
6.139743487035410723e-04
9.179965771914796405e-04
9.133046826228407222e-04
6.633968358555148099e-04
2.576612865915006625e-03
7.094990982450038661e-04
4.097814867522186219e-04
2.197599964826947236e-03
8.838909334652053293e-04
5.683912960415901270e-04
6.939395589503722858e-04
7.148088262699328361e-04
4.932407296215167826e-04
7.760674200826838840e-04
1.469941037311409604e-03
1.017278367414279489e-03
4.468211771902005241e-04
3.512670642865301429e-04
1.155149352065186529e-03
3.028856063515527382e-03
1.249040587249683216e-03
3.329000677837172929e-04
8.503910863839473418e-04
6.599704383543871433e-04
1.142948135131175097e-03
2.902167191161317012e-04
1.126497077844364897e-02
4.497614125432472499e-04
5.956257626975158381e-04
5.925220745286712692e-04
4.775525693028067307e-04
4.990826807305478617e-04
1.292963679930723107e-03
4.280151128586328810e-04
8.950439167968267037e-04
9.483493201687007114e-04
6.407064838056039787e-04
1.229403462027801224e-03
1.162328245935375813e-03
1.146610317103660117e-03
5.719586202104151584e-04
7.065288240911228113e-04
7.153398592877778170e-04
3.440764460631037455e-03
6.573772539209323537e-04
4.501565750779225154e-04
1.790047241862047873e-03
9.161332120551871766e-04
1.123123801185467972e-03
8.185513748212713955e-04
5.114191562737443152e-04
8.796372946294939328e-04
1.116559450679856756e-03
8.213696806042394870e-04
5.976285293961112631e-04
1.077279015631360786e-03
1.321047470957309065e-03
8.430190749936206616e-04
9.047747429254003517e-04
3.681733257046948364e-04
5.329287307479623620e-04
1.379350179131108925e-03
7.555919918246650508e-04
3.913923408096322935e-03
5.633169207729527960e-04
2.162419851266481844e-03
4.575090189144545702e-04
9.451724289233382360e-04
9.064799321053764640e-04
5.961715432279372914e-04
2.773146468170538241e-04
4.429598649874086163e-04
6.801391103262294496e-04
1.618813017249905260e-03
5.818595075131749320e-04
1.115783850420175001e-03
4.598923348592808685e-04
1.174843675129786129e-03
8.408378890705126181e-04
9.239196965888998858e-04
5.960357026466257466e-04
7.098211136111379866e-04
7.004768942149398403e-04
1.070751485223187579e-03
6.941607811504837966e-04
3.116425049161807470e-04
1.028677073869651909e-03
7.353290241162624332e-04
8.390730776190734623e-04
4.825742072190724588e-04
5.994499785329117630e-04
2.397512803367845364e-04
7.088149119997485008e-04
1.018911336338888547e-03
6.637492475400614102e-04
3.465566145822505766e-04
5.162090543887503432e-04
6.257803851340283359e-04
5.714627308523706050e-04
1.440556165335778660e-03
7.377754345013024266e-04
5.182533809380981092e-04
4.472399190963158647e-03
6.326923225618411896e-04
7.028048688444761983e-04
7.496559013343347556e-04
7.675099230072100374e-04
4.756873415147411569e-04
4.355655194873004612e-04
5.497488991700015537e-04
1.385225900753710463e-03
9.349307647355037040e-04
7.797849895987867593e-04
4.848399356378112982e-04
2.156721131748527351e-03
1.393668972612851185e-03
6.401738662782061355e-04
5.109421989582450764e-04
7.896472838442012733e-04
9.409376120890812229e-04
1.191234974345597043e-03
1.439032253601350234e-03
1.881555384508653683e-03
4.292722232972690411e-04
1.227977665050501970e-03
5.999982607425217822e-04
1.028677073869651909e-03
1.356311281896791518e-03
9.888822984852770320e-04
4.986919904190144880e-04
5.799727330277876626e-04
1.230161744549931706e-03
4.897848754453652332e-04
9.562053430600712467e-04
4.349426511875258421e-04
3.925379876666274838e-03
3.086096784898333806e-04
8.667044406162733271e-04
1.429549397816107974e-03
8.312643408620518700e-04
3.020587059515967275e-04
3.422639421065259372e-03
6.808183511608570382e-04
7.778485612450034177e-04
6.866837601949737002e-04
1.598005953494208500e-03
1.087095984137721781e-03
8.288625362378173678e-04
9.289695328244057743e-04
1.102505422089428231e-03
4.848399356378112982e-04
1.120821722587082327e-03
5.350068322965400441e-04
8.869805066491269442e-04
1.439235828152197290e-03
2.606541004025405856e-03
7.453827885331699120e-04
1.330585681273460186e-03
1.050060065789558926e-03
5.216728198231708729e-04
8.868129635776346269e-04
1.453465947883538726e-03
1.655470252040591554e-03
5.110402431631388617e-04
4.475604345148209923e-04
5.372699741342929197e-04
2.595658439683531157e-04
4.300896605100498478e-04
5.285853605302147677e-04
4.266208262549354611e-04
5.822920462949482227e-04
7.637292884200837066e-04
5.788010993501362892e-04
1.313854143974820497e-03
8.970004000978748721e-04
4.380226184554429874e-04
2.200108756344723929e-03
4.554908852410008012e-04
9.283696819345341926e-04
5.110204323903452589e-04
1.082837926729288049e-03
5.705728082278215679e-04
3.191938188217987812e-04
1.057112735247858065e-03
8.400587264882355357e-04
1.232472417452158860e-03
8.351895282243953925e-04
1.163801646347784003e-03
8.341607228917519070e-04
1.228509155439158965e-03
3.979280075693017687e-04
9.283696819345341926e-04
7.059053909796058398e-04
1.108652899660328775e-03
1.421343048206236137e-03
4.309183094607373326e-04
1.182457772400153425e-03
1.016085539642610450e-03
7.065043071209886312e-04
1.074177735201995798e-03
4.714485448586208031e-04
3.583052021744532372e-04
6.558926395248982494e-04
1.277227732682155751e-03
3.510507104842732536e-03
1.415029938985533798e-03
4.583494087261528972e-04
7.146640609953244056e-04
1.059844781255442608e-03
5.637851958884619423e-04
1.073794072023566458e-03
1.452561373341239000e-03
6.073068584196348024e-04
8.897909874107534254e-04
1.002394114318708998e-03
4.582752373548955164e-04
6.407064838056039787e-04
5.783524371431284124e-04
3.149418984540341580e-04
5.635759607000641758e-04
3.606640622549969841e-03
4.921434155145414015e-04
2.139785643208348079e-03
6.145904501669289437e-04
6.606923385326444586e-04
1.198175687329314449e-03
5.220353893577810329e-03
3.066114016167261315e-04
1.286987079678293547e-03
2.227368818284777960e-04
6.845480078419552677e-04
9.194109677921270991e-04
7.555919918246650508e-04
6.004120621436667693e-04
1.309351346611062382e-03
1.365023623643219896e-03
4.957593020333339118e-04
5.542341013723460844e-04
9.364784076660874392e-04
9.377558207440795475e-04
9.319147100357073627e-04
1.156802337665284799e-03
3.983164225944227387e-04
2.754858143187030812e-04
4.545502198983312776e-04
6.817199796905537351e-04
1.173168321031602167e-03
5.190926936111982855e-04
5.760097988236682854e-04
4.866700572305996818e-04
4.390253327814420568e-04
6.365402361833175874e-04
5.243082700430429623e-04
6.472546133831670601e-04
1.288038106476440759e-03
1.735204189313528569e-03
1.798210390997995005e-03
5.473537247292045889e-04
4.502205049045737532e-04
6.588652058310894922e-04
1.612738790430851476e-03
7.375653522068128989e-04
7.453133246889039618e-04
1.005831065344935408e-03
4.452296023856285230e-04
6.682824711818167313e-04
8.245544341358145577e-04
4.795672248891755577e-04
3.705912266814428524e-04
5.138358935429967848e-04
7.424477284262785259e-04
6.024473038953137398e-04
6.139344035248138313e-04
8.810583435625839741e-04
8.351081769833424654e-04
6.092093293285357836e-04
2.843169584548206163e-04
5.028717835881225603e-04
4.602103490706399200e-04
9.895159195832373047e-04
6.049461086443948905e-04
7.028245510577146556e-04
7.884648458529511629e-04
5.947458651601012598e-04
5.819643133594253493e-04
4.983848049968117675e-04
6.563031759423412163e-04
9.203301679137388140e-04
5.305537654628586942e-04
7.573994365648532411e-04
3.734710094912436769e-04
9.174265779382240193e-04
5.823493073477948017e-04
3.176005063055369602e-04
4.308098577287680989e-04
4.099098681538912458e-04
1.513601780092974644e-03
1.527411617307953022e-03
1.354532555714816266e-03
1.091998422203300590e-03
1.057112735247858065e-03
2.348098632119517172e-03
1.274336454479096112e-03
7.201307211840401448e-04
7.940548490745470917e-04
7.183741164451944465e-04
2.009385232726874481e-03
4.337859565490698329e-04
9.823040319553652533e-04
7.993369871497541836e-04
9.929777922557225366e-04
5.004287673567991155e-04
1.025108913487553881e-03
5.391635858837117183e-04
8.858893358406432200e-04
7.912217857551900185e-03
6.341523357755093080e-04
7.131173026272125516e-04
6.030019871972478124e-04
8.722593554507291919e-04
1.214128002030825893e-03
4.035137911674132509e-04
8.428600214479374650e-04
6.145338377503583487e-04
7.676727089774929838e-04
6.323301294993286447e-04
8.273333065383512092e-04
5.858745753199513014e-04
2.625984618094766819e-04
1.620031414186349139e-03
1.480222559974121114e-03
1.165381355837242540e-03
7.744688686156214318e-04
2.589857554328853966e-04
4.136586359695180581e-04
9.646786958050944860e-04
4.881193431445798284e-04
3.282086402962988638e-04
5.610901946155831804e-04
9.988904999807246814e-04
1.118646951600296008e-03
1.372186676777033135e-03
1.446774381191657946e-03
2.734809925259623414e-04
1.051746101420849037e-03
8.640259461005316130e-04
2.340436499868301691e-03
3.169741133699468714e-04
6.400719696722077410e-04
5.976422838978745098e-04
7.993369871497541836e-04
1.695173122051478855e-03
7.760674200826838840e-04
4.334316004647413697e-04
3.643896028881478356e-04
7.150309341743995824e-04
3.610854316368186569e-04
3.731079845111712808e-04
2.759434558257810050e-03
5.339539998815834429e-04
2.522272912202466982e-04
7.033958502017299786e-04
4.449595378091326025e-04
1.994690797045385773e-03
1.405755630192080880e-03
5.720094088422672833e-04
4.412701472188284993e-04
7.983751727813677033e-04
9.295765732807703945e-04
1.729438796456528359e-03
1.297780079265160955e-03
2.607557889440824199e-04
6.173566521127354500e-04
4.854866915785370496e-03
3.235974045874793082e-04
9.766340193857164353e-04
9.999354046320929959e-04
9.274723802772045144e-04
2.069453416260393086e-03
2.684985665771258412e-03
8.794625243209443178e-04
1.127540046890872704e-03
2.099572559031937999e-03
3.895250205664370574e-04
1.013142793364082972e-02
1.271208896402263849e-03
6.597053519405472483e-04
7.893178177318058717e-04
1.633000428409692173e-03
4.143572366476567831e-04
1.280091784835159230e-03
7.102253994188367477e-04
7.901672785154887062e-04
1.092974666523875617e-03
5.112984577518046511e-03
7.443042272347437111e-04
2.968956648770210973e-04
6.278491397997506456e-04
5.690951125519001308e-04
8.858893358406432200e-04
4.828748118588708192e-04
7.270037685660565461e-04
1.700348518717229073e-03
5.497364626658859596e-04
4.438268166977833783e-04
3.775753117495269664e-04
5.079056591421077672e-04
6.523500443859452233e-04
1.160667224213244621e-02
5.731670750955976780e-04
4.667176055870304028e-04
1.698906015793661545e-03
5.158238434320657232e-04
4.424789140178637297e-04
1.243856721703106346e-03
8.478257471278011085e-04
2.766807646905930333e-04
3.113685446049302354e-04
1.330035579740824168e-03
7.424267906955305581e-04
8.713851091908444285e-04
7.286279828136208803e-04
9.497131716521498837e-04
4.095001551474757376e-04
2.580171038001279776e-04
4.539352790647633272e-03
8.245298409634593036e-04
1.222247159186735065e-03
3.610839838070193340e-03
1.854021635036845993e-03
4.939296671374112258e-04
1.293327003229337736e-03
3.770263547386471263e-04
6.374664867326959757e-04
5.273363078049758375e-04
2.401808427572589110e-04
9.122923220426006887e-04
4.821741570369141071e-04
7.716420250103786516e-04
3.984434784861128260e-04
7.898310451868543200e-04
1.005163252912962164e-03
4.568964811872405904e-04
9.482533285965205746e-04
6.812661958506714341e-04
6.537354231726003832e-04
2.995262013877759456e-03
1.421898932035467033e-03
3.438797821841401629e-04
6.415282727449391972e-04
3.192162353923213452e-04
5.969435387308049280e-04
4.734137029157082263e-04
6.096014484737867327e-04
5.471092868566463426e-04
7.291222838497203292e-04
6.960983925194912233e-04
4.405117608289020885e-04
1.404003899540555130e-03
8.629466317912035155e-04
1.903800437410089683e-03
3.387871848574327540e-04
7.971901055884568444e-04
6.541798784747833266e-04
5.983980723962506552e-04
8.246620622322064619e-04
1.423024086798648728e-03
6.380045259594292880e-04
4.384304048019479452e-04
1.158611477702584667e-03
9.383596697691071924e-04
4.125588971245877689e-04
7.056054530373994695e-04
8.807457648515453234e-04
4.712633897704224576e-04
6.576016617305662382e-04
4.233387186264188883e-04
8.693653914799189929e-04
5.743031542182938090e-04
1.399058213048672570e-03
5.807360564567287144e-04
7.875948569196903389e-04
7.348524299036434228e-04
8.213763265111362344e-04
4.054209730848324159e-04
4.140728497314136256e-04
8.277115718409557357e-04
1.368994237966248599e-03
3.998283947758136773e-04
5.071094020572635124e-04
1.657194997392189961e-03
4.243216083480794501e-04
1.266712346494740802e-03
7.168792318910524944e-04
1.256631312513565614e-03
3.413570404988634961e-03
3.281471103841817304e-03
5.936633074371042281e-04
4.312182802772173188e-04
8.677496705121577484e-04
1.178859232060130643e-03
1.064351732226127660e-03
3.830956985845276452e-03
7.018058926364960847e-04
4.148011305810832337e-04
2.955926712092203775e-04
7.238403377168725963e-04
1.839805081467017506e-03
8.762112111203616480e-04
6.557614573980784364e-04
1.017555881599770031e-03
4.794260006014836799e-04
1.498959410243751308e-03
7.921219864669490482e-04
8.562762543971164358e-04
6.486219537139850059e-04
1.132198395881143897e-03
6.321195164230925456e-04
6.412729655116101383e-04
1.124044105908268958e-03
8.592501859400640063e-04
9.289695328244057743e-04
7.254125395444096245e-04
7.842477331011902825e-04
4.931118181451205149e-04
6.443788510896297913e-04
3.546561021071152034e-04
3.424523902721702141e-03
5.807173836491411186e-04
8.339977235231488956e-04
1.208523024447308520e-03
2.942311006715453143e-04
9.027796010120221976e-04
3.501540762947054092e-03
3.059604920369858941e-04
5.808684993841494934e-04
2.035165584980616702e-03
1.198587098979932326e-02
9.268750271026916917e-04
5.379709109997817158e-04
5.607385445550940213e-04
5.778309182406584114e-04
2.612809318682173757e-04
9.803928511862599997e-04
4.703164974480751647e-04
7.101196499493250954e-04
8.243831078511017858e-04
3.351368188212812166e-04
6.247319609951852357e-04
6.296336611913858159e-04
5.139170365772859246e-04
5.042980713400953188e-04
5.019022313262962599e-04
1.488510640860931560e-03
7.093586084551945338e-04
6.092863902061026798e-04
7.950194084409143358e-04
1.260702789446897223e-03
3.610139445058483504e-04
8.840942101368340226e-04
1.008746279033263327e-03
4.243216083480794501e-04
4.664593297572195373e-04
3.605096069080014620e-04
4.197617927434235262e-04
2.830938752286139056e-03
4.728903898620607192e-04
1.980975620581767451e-04
5.269496648008088844e-04
1.519070138508555722e-03
1.091633107916302036e-03
6.377622434983836169e-04
8.179278994502058074e-04
4.327814731233953086e-04
6.063054640052557842e-04
1.393926461504331905e-03
3.320905186905697705e-04
2.519207505237354861e-04
3.038677614305119404e-04
2.148888024324357039e-03
7.165748155927721252e-04
8.073161710123200616e-04
1.722730713468407625e-03
1.197457254192139421e-03
3.203647576639695525e-04
3.038677614305119404e-04
3.396302585572280358e-04
8.408378890705126181e-04
1.134734447218803963e-03
7.949174286757672118e-04
8.627448445873997247e-04
3.140228488450275352e-04
5.944465185970213309e-04
1.129345468255923317e-03
7.000389938077235556e-04
7.045282948719387706e-04
1.526997141209110800e-03
7.480176278161202895e-04
6.199490272259450870e-04
3.206953603659149703e-04
1.117790216772717848e-03
9.332214303771359763e-04
9.229555093332790462e-04
5.323996619000676564e-04
3.859105527966351238e-04
3.976779916850762685e-04
3.429909121496778866e-04
5.797180931180536409e-04
7.442255694604755709e-04
8.136902993549891992e-04
3.061621566759795826e-03
4.024425250688016772e-04
7.180712228579600896e-04
7.122125320989990214e-04
7.104421476787684507e-03
3.736473734789416299e-04
6.988944805677977214e-04
1.415769538371783017e-03
9.295765732807703945e-04
3.017418836836692725e-04
1.579023880124360473e-03
8.219442581549226941e-04
2.702626321930123583e-04
4.416202033902745018e-04
1.733042302806026523e-03
1.464113498140736140e-04
8.801305561769732014e-04
3.490142067941601678e-04
2.937486819294705866e-03
9.439171577227316399e-04
2.732829508227319808e-04
1.174843675129786129e-03
1.885809158912816075e-03
5.112984577518046511e-03
7.143376193286940165e-04
4.053144681166957319e-04
5.433257204146363590e-04
1.674434196578149583e-02
4.758185324538635286e-04
8.039279258727614506e-04
8.715351876647503809e-04
5.374298133152615679e-04
7.047309169563965381e-04
1.153612439595236121e-03
8.564244386261517282e-04
2.208305372840120573e-03
8.287584332949912182e-04
6.972359253670476790e-04
2.009385232726874481e-03
5.858745753199513014e-04
6.719251846394514891e-04
2.307356822799399079e-04
5.908295693117502669e-04
4.610401371641784161e-04
3.883501125036957925e-04
4.701577213563347640e-04
5.169173213800586173e-04
1.090276833674366785e-03
8.358562244304406502e-04
8.017841539346520731e-04
3.325006267496411231e-04
3.471410005002297698e-04
1.671634757991332862e-03
4.935170224395795573e-04
6.813118037849871193e-04
5.915180584865218022e-04
5.552082796451453250e-04
4.284310937270496182e-04
9.173868471267393769e-04
6.326923225618411896e-04
4.291752236286497878e-04
1.502640324309274713e-03
3.191042624088354508e-04
5.908525685902429230e-04
8.361333765655547517e-04
1.518539529492990859e-03
7.600917154633245014e-04
8.064101376627554616e-04
2.472504772673781988e-04
2.667085161167131319e-03
1.197457254192139421e-03
5.876079641940263514e-04
7.114444618726703052e-04
1.201802839926903715e-03
9.364622246450788993e-04
1.154293296932007874e-03
6.727275211361573651e-04
4.504018350514844078e-04
3.711017517719925681e-04
1.271208896402263849e-03
6.726770904148640694e-04
3.562424642592242671e-04
8.771002490543766380e-04
5.822920462949482227e-04
7.694291594287449134e-04
6.702049260051886346e-04
7.376777691937410958e-04
6.673500723588939813e-04
1.006805515878330228e-03
8.897944207707860105e-04
8.567576897160292812e-04
7.477413205255809122e-04
1.720788543816033009e-03
9.111532598422148518e-04
6.037651445643453345e-04
4.743327497718297439e-04
1.058517995211578867e-03
9.881244847431346848e-04
3.028856063515527382e-03
5.533801523334316939e-04
4.318271369531625939e-04
1.469594610696186394e-03
6.676507581922818454e-04
7.061880553791857838e-04
7.585810944908350038e-04
6.713923855893029306e-04
4.983848049968117675e-04
1.721520074736871027e-03
4.370130826363813380e-04
4.847906626249450651e-04
9.016047910399571392e-04
5.365302190681000465e-04
6.908249773744623264e-04
5.174496518961906868e-04
5.510764373910994208e-04
9.213086390283813402e-04
1.345758798180089581e-03
5.909720918444947299e-04
1.315275018359306344e-03
4.752045800664338095e-04
1.918729371355592421e-03
9.007713330666510540e-04
1.208834880849040620e-03
1.949362660039469751e-03
1.196481934759878766e-03
8.613217050479907632e-04
9.226985419757151828e-04
3.990165293197059349e-04
7.872689721620918608e-04
1.165891001201274603e-03
4.669027902008855702e-03
3.522917868061478577e-03
1.009070183215701440e-03
8.969116147435216230e-04
1.723713864761559000e-03
4.571860527967729721e-04
2.510892447346206114e-04
2.480891537336169742e-03
6.654417694259341133e-04
1.410559785533036870e-03
5.956257626975158381e-04
5.042980713400953188e-04
3.913106055529815301e-04
1.502640324309274713e-03
6.684066010890989291e-04
9.528824984898106839e-04
1.650766514906721119e-03
5.469140031879744226e-04
5.216179761456184822e-04
3.898593276724523723e-04
5.002228402170656642e-04
1.256486899733282470e-03
3.652749654923976327e-04
8.447385691154269197e-04
2.272031902529937381e-03
5.873745059030481769e-04
1.089303050503350216e-03
7.219329591256256002e-04
6.842987967144168382e-04
6.411430185668772538e-04
7.793934281971281151e-04
5.986267102843515148e-04
6.024647108874844415e-04
1.138405731680797867e-03
1.784557770639494259e-03
1.729438796456528359e-03
4.901852028306572960e-04
1.039704074582891531e-03
6.719834942946980747e-04
1.901823331306470074e-03
3.744728699194333518e-04
6.213363442095857494e-04
4.596250721305275891e-04
1.306135143385727705e-03
1.074411343727559812e-03
8.587408475139436627e-04
8.365769218477799767e-04
1.074644184188742200e-03
2.629268202749002734e-04
1.209186072736204978e-03
1.791856033468408474e-03
3.278144837815005937e-04
9.740085761361933891e-04
4.013884321049296638e-04
7.565918528059438443e-04
8.640992583652989988e-04
4.821741570369141071e-04
7.446209516174809783e-04
4.715982892785163904e-04
8.824637322821574353e-04
6.541798784747833266e-04
9.328161145608166111e-04
6.309726996200034667e-04
5.434869431504403764e-04
1.047738552705552214e-03
3.124508823474456284e-04
5.648657748832321308e-04
6.433668156363491842e-04
1.297592852267104302e-03
1.432637365768895049e-03
1.020650316590532552e-03
1.622898349509152528e-03
8.855679539405622580e-04
4.525395638924570459e-04
1.434426338291859299e-03
1.117820194029523840e-03
5.987301672086069951e-04
6.446774345414742766e-04
4.888867991760890291e-04
1.161346420537749538e-03
4.935428050045847191e-04
7.875948569196903389e-04
1.629640410316046673e-03
6.959047971087811181e-04
8.622508976408100505e-04
7.171699696281086302e-04
9.556812751760547942e-04
5.776290605592370635e-04
1.013190740901737498e-03
8.440541232617306900e-04
6.442600646560577579e-04
6.995711188546162133e-04
5.381660996472711986e-04
4.463314628090837605e-04
7.850077666306026422e-04
1.768074553819987170e-03
5.873745059030481769e-04
3.675383893164954272e-03
3.372843640246071372e-03
7.963350896804028724e-04
5.722480125666285378e-04
1.201215052752892167e-03
6.868178906445669349e-04
3.543978339268994988e-03
6.133256963406213003e-04
8.065996172269424827e-04
6.257874933902001597e-04
2.395605920956558063e-04
1.457891019056373021e-03
4.004383680002584437e-04
6.336426728624202026e-04
9.297484286113741380e-04
5.576191833959787169e-04
4.840201088710437897e-04
6.543336478432289303e-04
7.205291233038583609e-04
4.212431635426780083e-04
1.701597215739479238e-03
8.253412956711775892e-04
5.619764672152521108e-04
3.899985845624933268e-03
6.011062258246517446e-04
1.211686667398489134e-03
7.048011398689075970e-04
5.839521032619117121e-04
7.972422334102396849e-04
5.173236226046849101e-04
1.505380482543798495e-03
4.213788611439254583e-04
2.009385232726874481e-03
5.878490410211580303e-04
1.006805515878330228e-03
7.639455761569081309e-04
1.162628094605336988e-03
1.286987079678293547e-03
7.994311736806232385e-04
1.145962139245009122e-03
8.827695334255230902e-04
1.040951840477247073e-03
1.579242767666953458e-03
4.088445609362624500e-04
1.455593850457828327e-03
4.702645191054159561e-04
7.914730980587514429e-04
9.224339513943423862e-04
9.471499355427319281e-04
9.000702088703789938e-04
5.770397041103548759e-04
4.272452813672972791e-04
7.569613090372080471e-04
4.233387186264188883e-04
2.846998217813277721e-03
1.125574000757645311e-03
8.181462611695450391e-04
3.872988725753597904e-04
8.487754651374871924e-04
3.313923772380775960e-04
6.382215327694121514e-04
1.051240161116442180e-03
2.746816865849622483e-03
1.249918737280301083e-03
6.794787199082165515e-04
5.774350825139590478e-04
7.361752152412249540e-04
8.830642958536603915e-04
1.674143227200917267e-03
5.704554357594505357e-04
1.056857441066145651e-03
3.396065068993865069e-04
8.485385819794963053e-04
8.324529959699092114e-04
6.160714275883478032e-04
3.978405211832440223e-04
6.859430182504459156e-04
3.011897059374761651e-04
4.535421592735888676e-04
1.623328689244436752e-03
1.377457385859487708e-03
1.142930158090727476e-03
1.385853741808195207e-03
6.408053902406649115e-04
4.711593752895940177e-04
1.368237430196019878e-03
6.855236935787310717e-04
4.067931535978651868e-04
5.040706974041918136e-04
1.255271361656591905e-03
1.064381387967513895e-03
1.287790342680560172e-03
3.593066653882034034e-04
1.035098592178063884e-03
8.957306438113223600e-04
4.389023386908010656e-04
9.943128076646722685e-03
1.233394548823343179e-03
