5.204295558631796912e-04
6.278019701266196505e-04
1.350026617662517534e-03
1.030742341002995445e-03
5.116282180896147011e-04
4.771175790700052637e-04
1.254562605732188231e-03
1.343156593462674700e-03
6.284893767602652177e-04
7.867520218993394841e-04
1.245093073361613076e-03
3.045122863919003217e-04
7.032572162865037817e-04
4.531983374315133421e-03
9.178204697979102820e-04
3.935095668787756944e-04
3.693492017253077265e-04
1.019722797828675120e-03
5.119969714153303590e-04
4.286704470069627767e-04
4.944497872810056822e-04
6.266892202950178400e-04
3.535877014538027453e-04
6.320087159505580459e-04
1.062083850017901893e-03
9.725838475109652246e-04
5.293672162057224762e-04
9.485262005874533229e-04
7.883797069471881486e-04
9.880876709457545905e-04
5.814285607163983786e-04
6.457073469454799710e-04
7.509228221780939487e-04
6.618609677859325652e-04
2.853229669199840602e-03
4.107584292958296789e-04
7.844037928036919766e-04
7.243379851025717004e-04
3.429536983504297381e-04
6.448980061914787306e-04
7.959718404232148797e-03
1.592386077939481363e-03
1.017328018473346403e-03
7.193582343551298318e-04
6.045446885787838804e-04
9.479154373264897125e-04
1.214000099911166381e-03
9.141107945908052501e-04
8.120763611681744779e-04
1.310416591087038484e-03
1.616717843459912094e-03
9.488977332428325320e-04
4.361443746703393674e-04
1.527685686473505625e-03
5.574789630054453838e-04
4.366126491278205196e-04
1.009793215013647660e-03
4.413790772717989213e-04
7.433968664099765413e-04
5.855948303575594493e-04
3.693298702825676912e-04
3.027414501202833116e-04
1.559366505237708622e-03
6.822292290391676400e-04
5.061457047500745416e-04
9.082220086550263274e-04
5.282806941655820076e-04
7.769778344359130375e-04
3.529747500329910494e-04
5.308140270746488417e-04
4.990511158742040338e-04
4.689237671384401162e-04
6.618609677859325652e-04
4.816966882718422879e-04
5.570799705568969329e-04
5.733538797656142789e-04
1.618668636105683291e-03
1.340397630448197236e-03
3.632088500237843883e-04
6.591466132974867914e-04
1.107980348111608929e-03
2.751995831098844394e-04
5.852986501763859754e-04
2.518495422456067459e-03
1.927731927242652254e-03
1.090076540500202256e-03
4.446186319423756301e-04
8.587635193680721131e-04
1.708131795083826353e-03
1.046731679349197303e-03
9.717760784318363711e-04
9.615714069908904652e-04
1.671568446958374837e-03
4.827685579890915739e-04
3.016567713497781853e-04
1.175402666624612803e-03
8.227477297309667087e-04
1.493601888805082701e-03
2.271223068214410414e-03
5.941319822103477985e-04
6.019012348475597570e-04
3.840503174918160245e-04
2.114831131083270337e-04
4.446186319423756301e-04
2.099480182388792360e-03
1.252664796264195760e-03
1.945644004375589797e-03
2.517176757214518393e-03
8.879684502456602468e-04
8.140965196929677433e-04
1.302596740083890271e-03
8.107657283951079765e-04
1.870471718770118147e-03
8.180793037297250580e-04
7.807833251966568838e-04
2.019407201892161382e-03
1.416722283039461693e-03
1.075874434593041776e-03
7.884166780857415364e-04
1.172679756590313226e-03
8.058340012755654379e-04
1.255533195603034070e-03
8.382990506782172970e-04
6.650461240915748811e-04
7.654316291158569678e-04
5.202341325949991690e-04
5.054727588428017211e-04
6.590626506699646036e-04
3.514139400406967781e-04
4.481437013747989733e-04
3.113339426567281296e-04
7.730704294479461133e-04
5.866528065569428770e-04
7.235979460626624322e-04
6.379433444062077366e-04
9.357500388340767462e-04
7.236807336683862262e-04
6.233358816604217881e-04
1.266571515722133591e-03
7.447126332139154597e-04
8.028869767344336186e-04
4.909891372875186451e-04
1.461094197717562179e-03
1.116201278616671009e-03
3.973140425115355250e-03
9.982014438515577140e-04
1.710901813468321698e-03
5.667583138763112238e-04
1.224621275991250860e-03
5.701447543198808312e-04
6.962332107530449935e-04
6.867745462098028865e-04
5.536825530100682961e-04
4.361045779782371946e-04
7.042619456275243895e-04
1.088310019839992598e-03
8.005142214491618507e-04
5.888976521363144690e-04
1.121922729569025659e-03
1.693208649315573831e-03
3.703468536988357659e-04
5.287367621376642046e-04
2.985726022025668794e-04
1.636079740478307495e-03
3.391729535761131434e-04
7.081884741442682303e-04
2.892628510035363289e-03
3.155734236475753901e-04
6.317767375448592963e-04
1.092939811896416437e-03
1.136511332413907152e-03
1.046903879319159006e-03
1.076790618909356919e-03
1.323138103533284121e-03
4.653698182100339423e-04
4.968197279013125906e-04
8.538163810635239145e-04
5.978148885900999446e-04
1.218106274081421020e-03
5.908857856009451688e-04
3.078266395222126152e-04
9.730577087549068058e-04
2.134054714268103839e-04
4.937130996588349032e-04
8.604731672492558396e-04
1.924781065383887298e-03
1.939970982560234192e-03
1.292405903139746091e-03
7.853670093308758385e-04
9.375459938771459707e-04
2.257793951925593599e-03
2.785326089016373560e-03
7.510257897659370014e-04
7.682913376424700853e-03
1.144060737156239174e-03
3.286750389467136451e-04
6.338115468364695186e-04
1.224107739878660178e-03
8.642164209449217224e-04
2.594372488390976270e-03
1.283651004097978920e-03
6.110338587599445327e-04
1.148862318053323322e-03
8.652462373391311664e-04
9.536174713920928143e-04
5.841808310436487264e-04
6.904872931212458539e-04
1.586351652229836279e-03
1.983468688366055079e-03
8.977622723429672710e-04
2.565616562779132921e-04
1.016589511385241479e-03
8.520644948909186431e-04
1.175158888591011034e-03
5.657479132965661031e-04
3.918370481666612749e-04
3.299682505722796502e-04
9.309386547444369140e-04
1.163583784239089619e-03
1.778259270224146361e-03
6.867131946819429126e-04
6.706809160703665861e-04
3.074416551848458161e-04
6.480179650361260696e-04
9.660007696485618496e-04
1.218375770764228540e-03
4.961387026381552587e-04
6.738457582920371908e-04
1.561563482966180907e-03
3.859579403322356658e-04
1.595231243412799154e-03
2.050757492130479871e-03
4.300551781052831682e-04
1.158951271180601707e-03
9.889609120982015365e-04
2.682967961045184483e-03
3.184237746662411939e-03
1.124878450303958563e-03
1.934040677696432760e-03
6.222407583567380078e-04
1.498945024910568408e-03
4.194986081429529076e-04
9.547142407436831884e-04
6.430065345378971299e-04
2.512873822884592601e-03
2.460585436527407480e-03
1.070421016441784568e-03
4.271563682848347450e-04
6.790099945414063186e-04
5.266907730298615994e-04
7.501533958335541248e-04
6.691835046154254608e-04
9.604479965019516088e-04
5.936700592785915023e-04
1.434435407148871439e-03
9.482702977641469704e-04
5.366607509966888831e-04
6.143095991545256384e-04
6.790198213516664746e-04
3.449065605219554884e-03
9.406218833777976610e-04
4.767920790470057827e-04
1.337109483855010049e-03
4.437925080285824004e-04
6.561545003647205158e-04
8.427344579623756351e-04
2.007926262114565342e-04
6.590457425243439072e-04
6.479505845070744705e-04
2.614118688179554268e-04
3.538861474840223481e-03
7.943909419832820284e-04
1.112451946988009472e-03
2.579660183216448202e-03
8.814931167170367635e-04
6.417536594842423959e-04
1.745650927717481244e-03
1.551909857513569888e-03
4.596083854380991025e-04
2.392143189621022176e-04
7.574494715598008559e-04
7.866766433018021693e-04
9.986639599111049245e-04
2.907522982422984493e-04
1.024632692070559211e-03
3.862238082043102172e-04
1.172821618779357070e-03
6.238862585328503298e-04
1.863060834623435401e-03
9.528992623416364773e-04
1.023538020117258172e-03
6.249296017967881627e-04
1.001302600196750077e-03
1.625716070140989077e-03
4.212931200871769576e-04
1.464417197619307612e-03
1.374471583392076991e-03
4.463421264731583520e-04
7.213884048905669279e-04
4.883225628503814466e-04
4.990511158742040338e-04
4.905067544280856864e-04
8.880805184589916348e-04
9.391723173028824817e-04
6.691835046154254608e-04
6.895220604222709491e-04
9.056829691355649777e-04
1.238449291085566865e-03
1.586415935358505367e-03
5.181393065947143863e-04
3.429042360485404640e-04
1.123060431366991766e-03
1.416871087309871024e-03
1.332500624842722402e-03
9.997967705275979510e-04
7.717124466036202153e-04
7.078459139644587179e-04
5.080257801291776770e-04
1.018133214406274261e-03
4.526728864232627998e-04
3.113339426567281296e-04
9.510304701639907005e-04
2.051806516224620978e-03
9.756252301398960023e-04
6.961563251213559109e-04
5.416302722139756205e-04
7.802249740097136387e-04
1.161608365159292298e-03
3.233699449545114494e-04
1.105814943196854272e-03
1.174840031435096842e-03
7.719253235556584143e-04
5.270921518722152714e-04
5.487902171603371935e-04
2.679553259368108471e-03
2.430677412083441600e-03
8.745136997921306495e-04
5.212071056017294948e-04
9.177384126058766309e-04
4.378047946379548549e-04
6.665821690557940851e-04
3.505696965117848364e-04
9.932497755854076144e-04
1.324544073523847582e-03
1.193513877812390047e-03
7.349589596513338412e-04
3.697751213810437552e-04
5.662543101806534907e-04
7.140457105345220188e-04
5.870664147662436145e-04
7.016619165567006700e-04
1.214539478258574610e-03
1.473099759544979495e-03
9.562008521611561332e-04
1.099416654098993480e-03
1.474326097536451117e-03
3.130313443378105083e-03
5.711954165423912188e-04
5.722503006553945198e-04
1.598628727825766177e-03
1.149988242194097685e-03
8.782333222759576216e-04
3.163331576012507027e-04
2.163018477146595785e-04
6.754299014454700958e-04
4.063586762093646543e-04
8.183206365977022719e-04
3.749526979748932253e-04
2.500561605056267670e-04
1.207871796707898557e-03
8.561801236683959501e-04
5.058947889428610243e-04
6.397075853553124995e-04
9.465788454230850569e-04
6.103331911644705506e-04
1.452918289401117582e-04
7.926111871730616952e-04
5.450454665329602369e-04
4.942189972555518368e-04
6.391516780342766397e-04
8.276300978447821786e-04
5.110387510292321942e-04
4.986594502384369574e-04
1.824597353643980704e-03
6.154256938069517339e-04
3.176301335834308902e-04
1.159771516610641831e-03
4.734992674350138055e-04
9.830580362867619854e-04
1.220503815179137469e-03
7.048703757735890222e-04
4.348310885450742112e-04
2.062592386294300612e-03
6.446092956354063271e-04
1.569456280407357596e-03
9.925330351192428874e-04
1.990534918496070834e-04
9.287122374688505134e-04
5.566971834260072251e-04
5.990850237324087937e-04
3.546757373255366060e-04
6.850309901798407822e-04
5.419028874562570579e-04
1.143929875512306659e-03
1.112307186369848469e-03
1.564626223063274183e-03
4.090388302803411934e-04
2.384651916220006766e-03
5.247790230893412469e-03
7.036862557079455113e-04
3.605023142488366543e-04
5.288982066668575406e-04
3.475124542460291538e-04
1.682883041383225874e-03
3.316451838774055845e-04
2.241442955584604241e-04
7.717124466036202153e-04
6.789167329846229788e-04
4.268550802960952039e-04
3.745593877213159394e-04
4.283077782570413896e-04
1.345805206741574212e-03
6.930025874650771979e-04
4.806473432680775991e-04
4.593553290071384233e-04
3.146275730156957058e-04
1.390011908634393445e-03
7.189400994451268815e-04
1.502874969645683805e-03
1.402774266458771575e-03
1.941530938132576302e-03
1.179341574923957600e-03
6.553441201576851042e-04
4.989100831544665809e-04
2.169290853772978030e-03
7.561545763335872838e-04
5.749729949201060281e-04
1.303833015444552657e-03
7.343304468624670036e-04
3.398030805393813508e-03
9.993915450194584653e-04
9.734265574248133395e-04
1.131317046584356121e-03
2.215136466367304512e-03
1.044933284204772623e-03
1.406490159439946095e-03
8.772003068169780373e-04
1.395474364382426422e-03
6.573273872758324731e-04
6.183396172798481978e-04
2.063477232947630129e-03
5.351004710896024906e-04
8.541595391664445151e-04
5.971583327777708113e-04
1.196084287948278755e-03
4.340158332550527907e-04
8.647298187807089852e-04
1.234579551547865944e-03
8.966935613395160499e-04
1.161640426219722952e-03
8.580386126562757412e-04
5.806443367132186738e-04
8.539016955028109514e-04
9.123204482248644439e-04
9.131829256614271877e-04
7.603891357464263477e-04
7.734717012238485944e-04
9.438734902077497392e-04
6.306406031156192070e-04
3.296716535963496448e-04
1.119487490229589951e-03
1.949952513044048564e-04
1.732298874366059761e-03
5.849708738135327938e-04
7.376992494934192773e-04
4.751136471019370196e-04
2.168776216037149405e-03
9.637861372314176405e-04
5.114097764233294877e-04
7.136923660425557869e-04
5.454294155552148575e-04
1.202324667673561028e-03
8.592923819793479986e-04
1.487385919869872687e-03
8.616701828411449295e-04
1.116545208385230116e-03
8.184639111876840754e-04
1.145321030438746068e-03
3.521811385200627380e-04
3.403864339812754259e-04
1.401198850915872903e-03
5.378243649896873512e-04
2.369659487989977508e-03
4.529066505121430030e-04
1.860106583957354086e-03
9.703241731213560657e-04
5.118512854591686888e-04
1.005472630814541754e-03
3.125073004408829985e-03
2.626394878043284559e-04
1.406735784868169475e-03
1.049668672063704296e-03
2.067632026691231494e-03
1.209786113667565399e-03
7.505623019792592807e-04
4.041910375961874275e-04
4.413790772717989213e-04
1.695978316323575302e-03
9.303987618351768985e-04
6.792169259452470820e-04
6.749645447376734914e-04
2.177336036937443323e-03
9.478013777142862408e-04
6.128283479190903965e-04
7.096241109373360939e-04
2.070776216955708474e-03
1.287271065521945279e-03
6.793636438405522638e-04
7.343304468624670036e-04
1.463629520502343845e-03
9.986639599111049245e-04
9.587153926250967803e-04
1.079481343341684050e-03
1.111520543288356967e-03
5.947401655227464029e-04
3.433829644256921254e-04
1.898985907168491754e-03
1.826769746970638344e-03
5.590296521657785785e-04
7.968518201102283219e-04
3.326771369533550095e-03
3.538861474840223481e-03
3.973954387622529155e-04
8.619391188561489241e-04
9.869571665280377822e-04
2.987740108657225158e-04
1.728287954898025678e-03
1.285597599454164778e-03
4.243831428088977020e-04
9.095894172590360607e-04
3.781832405654028651e-04
4.521280643855132972e-04
9.438553125535914697e-04
9.681995061674193844e-04
1.350026617662517534e-03
1.034261159442476877e-03
1.402934965263231103e-03
1.107038081397359632e-03
3.212237988624512173e-04
1.721812928341697434e-03
2.932989863139670410e-03
7.199803979618029986e-04
1.793823305216523441e-03
8.869247103077370882e-04
7.603891357464263477e-04
2.190293415776020658e-03
4.866823244847105312e-04
1.201463096448200825e-03
7.399866262972902738e-04
6.118882546422185461e-04
9.234721639610610341e-04
7.973042739842809909e-04
8.532637869137609790e-04
9.416902759521692283e-04
9.711723969643639050e-04
1.049944367097850519e-03
5.515507164956468195e-04
5.374598826696567718e-04
1.902117719637850222e-04
4.478928347951482373e-04
1.450395390403605000e-03
3.066860547718215212e-03
4.443700204905753578e-04
5.773402526559758647e-04
1.496099806528456951e-03
7.304425667719465247e-04
3.885375320844602562e-04
1.014278750917190159e-03
4.575619026474816542e-04
5.592026960761679140e-04
2.098834224903230097e-03
1.287746356050008473e-03
8.864742038347105547e-04
1.308091474411355194e-03
4.480143007780655910e-04
6.896738303711146640e-04
6.342239981414319770e-04
1.239122300128750465e-03
1.238442622815566670e-03
1.681035150602876302e-03
4.298998427384145057e-04
4.518967641493428942e-04
7.666427280166168224e-04
1.652152895383598909e-03
2.687074301332174724e-03
1.089701726180915308e-03
6.281405088302288329e-04
1.785281949254726146e-03
2.739441333253333903e-04
7.524795907725890685e-04
1.427148153762970500e-03
7.886813964235125669e-04
2.372684778595546880e-03
1.784101253883508577e-03
9.837802456881062155e-04
2.441413956776771008e-03
6.069142703485088351e-04
6.955283553162497833e-04
1.314737389972424645e-03
6.206372722823406095e-04
9.456614460561007856e-04
1.356828170872868399e-03
1.282318568823758668e-03
2.910671155572479578e-04
7.824155848965923775e-04
1.376104058835000412e-03
4.446186319423756301e-04
4.387865483462586821e-04
1.700199575304933361e-03
1.409691994700872043e-03
5.942842710318211631e-04
1.318352153083824979e-03
4.077308289311022270e-04
5.990624420338647301e-04
3.535877014538027453e-04
1.962637066328148418e-03
6.152393027014932750e-04
4.728903870920175725e-04
1.184787738174888482e-03
8.491022990180404880e-04
1.227539742807567122e-03
1.232761938722768107e-03
6.142770419686986857e-04
8.290015767662158421e-04
1.033389419854999517e-03
4.093337474255361280e-04
3.262274461446795283e-04
1.460078731510673069e-03
1.588397105798775629e-03
9.989013122749426220e-04
3.332608977328190090e-04
5.716967269352784750e-04
2.289061771363449030e-03
1.322875359313534270e-03
4.427561718781714050e-04
6.215893981998625974e-04
7.604532636184152018e-04
2.819253845621375954e-04
1.325282716604244153e-03
5.736816083297901180e-04
7.440394038603265247e-04
3.884412713135419921e-03
5.446954990922682613e-04
4.892334688817720012e-04
2.907522982422984493e-04
8.425818207299719557e-04
1.207501222383889879e-03
5.526527445413107050e-04
8.792341071304249790e-04
8.997680514651656882e-04
3.482127830299777509e-04
2.066836520261275314e-03
2.586297902411162711e-03
1.444097226243421439e-03
1.082387524566807719e-03
8.483269147495231402e-04
6.823719144564581235e-04
3.397270206594946856e-04
6.498760159911937985e-04
3.214400133719486942e-03
2.257793951925593599e-03
5.365895489785926960e-04
7.106622632719650267e-04
2.436778992968573372e-03
1.658917007364723618e-03
8.243220852956153512e-04
1.630469737543677449e-03
5.978678138043182861e-04
4.813694662803782868e-04
8.361957874802411440e-04
6.180435229456504110e-04
1.195398212786733189e-03
5.597690944715676131e-04
3.429515300896359537e-04
7.790781922163014664e-04
3.128605933419442882e-03
1.246568127953020123e-03
1.325282716604244153e-03
5.839712885419371660e-04
5.221266042664673025e-04
3.729931858756068558e-03
1.339770485831285034e-03
7.075295637368598546e-04
7.485210363712326703e-04
8.279699324324122202e-04
9.410608118783515136e-04
8.379117652673108863e-04
1.342691088447107734e-03
6.500233669208398558e-04
1.563128422059985052e-03
1.230657152758147079e-03
9.759259397215752857e-04
1.349000346358351010e-03
1.745650927717481244e-03
5.450484656174180110e-04
7.994342476508275964e-04
3.968627160060415079e-04
3.690536343615272749e-04
8.570482751934579849e-04
2.249021341139335450e-03
6.936630089984782482e-04
4.043879139897150511e-04
1.989585345944745818e-03
9.485262005874533229e-04
1.200457416595399713e-03
8.997532838917715169e-04
4.472129185296713229e-04
1.132537035738202412e-03
5.833063021943591785e-04
3.206124076881835725e-04
1.007901133155975895e-03
8.141464048282288490e-04
1.907691100775587515e-03
1.667019758881041827e-03
3.849485568928833444e-04
4.097735062483498763e-04
8.151738072947680184e-04
1.538968655997331259e-03
1.130159562457856270e-03
1.040816436946800970e-03
3.699983949489819564e-04
5.954348753262145516e-04
5.790277197682605886e-04
1.674870913710467925e-03
6.267667643849404984e-04
1.473351143086165009e-03
1.366390821733561717e-03
8.754058712155081542e-04
3.883461825833734132e-04
1.043351405157249417e-03
8.675208532745173288e-04
4.130940726905001298e-04
8.050766337321952487e-04
2.568716904369065823e-04
1.458076820565992748e-03
6.119374206162498438e-04
5.361062550032695377e-04
5.114097764233294877e-04
9.040148405196795408e-04
2.144039951133873845e-03
2.546866081300756986e-03
3.280500506279898968e-04
1.625716070140989077e-03
5.718164305913560298e-04
6.714557092368094197e-04
1.245019890715985981e-03
1.520719899173010592e-03
4.902934819705314544e-04
7.734717012238485944e-04
6.028445838654200454e-04
1.291110327316180063e-03
9.008787473669251046e-04
1.069793210511930893e-03
5.956828123910422887e-04
2.064572840449350934e-03
1.717132620286649855e-03
8.824836247209265610e-04
2.257570013704898737e-03
1.095977221624887645e-03
1.052632455673167995e-03
7.340379165430356871e-04
2.151443322151627702e-03
8.276548008852531229e-04
2.882346439579400264e-03
9.466410457023468738e-04
8.286962859791969973e-04
5.570799705568969329e-04
7.714965224979046304e-04
4.666646755743499237e-04
2.273910421975541450e-04
1.409779098712057518e-03
6.371106173191931361e-04
2.170376675081202593e-04
4.711456382213605426e-04
8.907308368070284603e-04
6.122532832704580827e-04
2.616590172340013047e-04
4.001848589695993766e-04
8.654015012465915598e-04
1.965248765550574924e-03
9.456614460561007856e-04
8.203695715771207493e-04
2.267664595135311656e-03
1.097611440070942867e-03
3.931907450888178683e-04
1.416871087309871024e-03
9.220912694415966298e-04
8.334817158491316649e-04
1.325692593704112625e-03
7.102171693763219620e-04
1.641662788224596600e-03
1.212635863219997103e-03
5.191679305266748770e-04
7.299560916334899962e-04
2.442886457214286954e-04
1.044815567771915791e-03
5.755362669110589829e-04
8.699664044881481742e-04
6.812158744790635864e-04
1.084295030354879728e-03
3.516890593839556794e-04
3.604149780361063597e-03
5.890128413728155802e-04
1.979077565058222962e-03
3.435722591860484337e-04
3.424287156450401171e-04
6.711053047168093677e-04
9.937953759663747944e-04
1.030842843426149147e-03
2.863104444516374010e-04
1.443950716961483940e-03
5.218714237642270827e-04
3.578319044686810186e-04
1.331452056529661924e-03
7.096241109373360939e-04
2.064572840449350934e-03
6.812648067858461396e-04
2.500561605056267670e-04
9.004370770851091547e-04
1.156855704047995721e-03
5.406124222616853553e-04
3.879791844397891725e-04
8.377927611575012494e-04
1.377929486239006917e-03
1.647150968964117279e-03
4.400553349404744043e-04
8.744632199418573898e-04
7.762997575601663335e-04
2.615840675349383540e-03
5.016030721498882655e-04
5.793725357263587641e-04
8.973893065908440311e-04
8.419217461012805078e-04
4.010073650837710940e-04
2.138041880259345263e-03
2.028282780632340195e-03
3.191670959277779032e-04
6.791567361145900601e-04
9.987680199540647976e-04
6.664290339274315687e-04
1.308976117410910094e-03
1.174949361864707038e-03
7.073391856427013779e-04
2.417031170202087707e-03
5.372740088562964669e-04
6.749076081632605093e-04
6.413324101838614776e-04
1.493311297736228888e-03
2.945191735873583312e-04
1.704143791170433181e-03
5.554868609931910232e-04
1.318352153083824979e-03
7.786132801769447354e-04
3.980045058300037304e-04
4.968197279013125906e-04
2.433064536664900860e-03
1.566148038579664916e-03
7.603891357464263477e-04
4.235294132201858960e-04
1.192362338565232252e-03
6.180435229456504110e-04
4.512806883410999149e-04
4.346332331523405034e-04
7.782024872135385844e-04
4.053819914573484175e-04
5.493258620751150997e-04
1.984325249073902453e-03
1.464747027329958359e-03
1.230455528459587595e-03
8.266409374068722999e-04
8.836261501459614053e-04
4.378534920510517426e-04
8.893920586265202221e-04
3.300097203747907209e-04
2.331596696255426593e-03
7.782655004359322667e-04
4.070139723112769169e-04
8.390645950410064195e-04
5.282806941655820076e-04
1.107038081397359632e-03
5.942842710318211631e-04
7.833205757897048708e-04
1.523525001492821891e-03
1.917295159476732451e-03
3.084893097674944315e-04
1.052298064552505390e-03
4.559933470872771285e-04
4.244407371366444169e-04
1.383761762239077257e-03
4.940115740819507432e-04
3.820065597143092444e-04
2.239078899564893310e-03
3.764851121930010624e-04
8.410941098320227297e-04
3.819891860720637405e-04
5.216044987242219157e-04
1.199827604472811097e-03
5.316173967579399407e-04
8.151269671870434554e-04
4.050294935848171166e-04
3.244333274654388494e-03
2.441413956776771008e-03
1.375439147705836279e-03
4.595001008965146692e-04
4.754729324687299473e-04
6.418638475779934712e-04
3.273724346547496854e-03
1.311940404200626466e-03
1.161938665221497408e-03
6.822600009944731298e-04
1.458828000651125325e-03
7.688814816003619254e-04
4.504666008327911871e-04
4.262543517373628028e-04
1.624608264981702204e-03
6.575718421543854221e-04
9.909721207163508811e-04
1.457367078515085053e-03
3.463093945447138968e-04
1.584693963669598412e-03
7.119298174304964808e-04
6.879114492683979093e-04
7.295766323141814926e-04
7.844037928036919766e-04
1.377410771981959613e-03
7.358100589968213619e-04
7.526467904140646476e-04
9.328539136226330405e-04
1.362914944749348423e-03
3.868675625347310848e-04
5.494081785199417039e-04
4.852100121040340544e-04
1.453595256107264970e-03
7.595702438358273908e-04
8.212770150455618329e-04
9.533157140110847839e-04
2.633635351440030237e-04
4.945684864986921603e-04
1.718964908585738889e-03
4.593553290071384233e-04
5.178726418441117725e-04
1.321204666708323833e-03
4.290070908496994209e-04
1.077389420533478260e-03
8.070923317844561681e-04
8.390645950410064195e-04
9.296894784041624584e-04
8.966935613395160499e-04
8.300921967226637058e-04
2.419212288583743936e-04
5.208550082214919276e-04
6.990068819177827891e-04
1.169199788282317999e-03
6.257645556829371722e-04
6.784555641094680220e-04
3.543790152800634996e-04
6.287207523983197929e-04
7.884166780857415364e-04
1.116386332249717350e-03
7.553687678604254939e-04
9.379130516681362037e-04
2.018395955111577152e-03
1.927753290545723697e-03
1.042837962343423717e-03
7.518903170057666474e-04
1.090097317846110483e-03
2.990888947263727234e-03
3.034556996486223500e-04
8.864725408892695909e-04
1.775213732496802241e-03
6.324379563092729977e-04
7.297109122824245757e-04
1.198803016349577096e-03
9.665164612870076697e-04
8.284114148330277722e-04
1.835254016078375532e-03
1.811954503090460302e-03
1.084182074247825927e-03
1.350059965234014052e-03
1.452037619020257351e-03
1.278408495091379327e-03
1.435081111196725599e-03
6.874996787428138507e-04
1.066877140215787261e-03
5.586932090011809170e-04
5.827668527223581890e-04
7.431201611721088623e-04
4.794505234634945275e-04
3.755682806813071418e-04
4.851748256065314914e-04
