3.061344220201729920e-06
2.237346862586884599e-03
2.481602624766245780e-05
7.395559065032672311e-08
1.511247848408631828e-02
1.443125106235976617e-05
1.314358714924685812e-04
3.154308726621670638e-05
2.664752243922085921e-03
5.505267693618281187e-04
3.269652708369214232e-06
2.108400825151018704e-06
6.286275595879160273e-03
1.803324764111142336e-04
1.456176054188019596e-05
2.743189787320751607e-04
7.334340326769372585e-05
2.916678887094880784e-05
3.687127313875345979e-06
1.239979010057901175e-05
1.613000509663713045e-07
1.406252441896554831e-07
8.272760599183768589e-06
4.668498248848842232e-04
4.321775486018861811e-06
2.049835655565190214e-05
4.670110667341037724e-06
9.989448037332829267e-04
2.946042203298855385e-06
1.341291439408115873e-06
4.158131592951641478e-04
1.026303728269488635e-04
2.482862602337427657e-05
1.470787498947987640e-05
1.440232285051801468e-05
6.155581614291055548e-07
2.743189787320751607e-04
2.299453123389318533e-04
1.485262156080041954e-04
1.317862290117716509e-02
1.115161975963989515e-06
2.691593060985966070e-08
4.218792154175759796e-05
4.212491157216298639e-03
1.650564953313120794e-05
6.064658140383889984e-05
8.631600826724248644e-05
2.681828558823052969e-04
6.126020506117217437e-06
1.452878291165727003e-04
1.632457198326912700e-05
1.650564953313120794e-05
5.118981230191924455e-05
2.448488922783805945e-05
2.267702316209575268e-05
9.160322828087929050e-05
1.701631021283550178e-07
2.597842911646591334e-05
4.245353994849351088e-05
3.529463009876191923e-03
4.265763318832310365e-07
1.103769152652015915e-03
4.031898512062131860e-04
9.493435333933123382e-09
2.059856642172036391e-05
3.709946850470522393e-05
2.546465707956778414e-04
3.878197000790684144e-04
5.561616337126491356e-06
2.246028620453071808e-06
1.580377251269681633e-06
1.147942267967231752e-06
2.050206133210708685e-08
2.060890132259346483e-06
1.609290189566179902e-04
1.587727419587831398e-05
4.500332076646434352e-05
1.326061905976729904e-04
9.700945766516024579e-04
5.768238757815059804e-04
5.990218198467207140e-04
6.339180316521072025e-05
7.735190655255017641e-04
8.427824158449480342e-07
6.584060116370538400e-05
1.573396754850283143e-06
3.728444932929881597e-05
1.189237566774183335e-06
1.284711109344453856e-07
1.345016574575178423e-05
2.801845133410921815e-04
2.506620344940476311e-06
4.594147545537456410e-08
1.111981308935804948e-05
3.162111790862668107e-04
1.570476097781956860e-04
4.289987655129070258e-05
5.791978664413716116e-02
1.580785628477622873e-05
1.005978752361323954e-05
7.711049989808058417e-05
3.227769204853312009e-05
2.338462556073520605e-06
1.566589731811414594e-03
5.614865488690901934e-08
1.728422119413413090e-07
6.707185472055437873e-05
1.324622758285756306e-04
8.464790938163643157e-06
3.607557283114981307e-05
3.865418253259416878e-06
7.865231724891235884e-03
4.422205560490379175e-07
9.475389014137844401e-03
1.638286430175584472e-03
2.194541092829561252e-03
1.250631516431912852e-05
4.277112096994832580e-02
3.264540886083701007e-04
9.046262172366215223e-05
3.104210730367772947e-07
6.187882646581537353e-05
2.614595718699167946e-06
2.862957754213146973e-03
1.728422119413413090e-07
4.669100434773056047e-06
3.782287224339927123e-05
2.226049038713775910e-04
1.174202157549580184e-05
4.687552786162511170e-06
2.325681425429184952e-05
1.026303728269488635e-04
2.194541092829561252e-03
9.643263472080490105e-05
3.241548455008274324e-05
2.126367546929794307e-06
7.880310421430397269e-03
4.407959778210123353e-05
1.630998266927845047e-04
3.080270829103252223e-05
6.884831904695343653e-05
1.880750426864896338e-03
5.687438425825178554e-07
2.644602607052802794e-04
1.607324368038303821e-05
2.132473751562647638e-04
1.773700207403565053e-07
2.165980810610519905e-05
2.008838536333254834e-02
1.902449113297688410e-04
3.548581146306945135e-05
7.422869395261074267e-05
1.472839228878812523e-02
1.664654673601782635e-07
1.200292122248690059e-03
1.316809899172974389e-05
4.457007210025685807e-05
7.789282084037847895e-06
1.868302724473951126e-02
2.212943339149643409e-06
9.561933865153840887e-06
2.504607731137801997e-05
7.230154954853729489e-07
8.145712979025656166e-04
1.462855476902014725e-03
1.419109532831343941e-06
1.039877155434460033e-05
4.115017006735246254e-06
1.810231847267388663e-03
2.156476952973456358e-05
5.495901061686611036e-05
5.675734134832026994e-06
4.764694324162659425e-05
5.981974934759700535e-05
5.705443111197379142e-04
2.842536378293762810e-06
2.712179056882752130e-05
9.445769978545536218e-06
1.123721721286835215e-03
1.294479448656805139e-03
1.303670974269837107e-05
2.338462556073520605e-06
6.625529623899882939e-04
3.955140869241759681e-06
2.262562336527102407e-05
3.139818237284011508e-04
2.721088378077794538e-06
9.044399749907228197e-06
1.706687598027038615e-03
1.103834578976789407e-03
1.519435842664899894e-02
2.790129801664971790e-05
5.035732762589105807e-03
5.688292425633443948e-05
3.335874980971342471e-05
8.778164385202206371e-05
2.157046914699934734e-05
8.079369706544656693e-06
1.096253854269518780e-06
3.921538034580350322e-04
1.373095617460615148e-03
2.782698320163401982e-04
5.741394263196563777e-07
3.607245537163167461e-05
1.166718873857214311e-04
4.588761589235710800e-03
1.172841526706838290e-06
8.609589524169985856e-05
5.542450275556000578e-05
1.757503228549172421e-05
1.836139341186557392e-03
1.485830488491519966e-06
4.582197674408442116e-07
3.372383485723884537e-07
2.325106053319161335e-08
9.867400128789081200e-05
1.824348258974458487e-02
1.083345935562937548e-03
2.606932596044698579e-05
2.664752243922085921e-03
4.831443703863864606e-07
1.026792867924531253e-05
1.030713469892666548e-04
1.829264371000818975e-03
1.323721339273025798e-05
1.327611129752921540e-03
7.369878556414880210e-06
8.609589524169985856e-05
3.084297990115875089e-05
5.768238757815059804e-04
2.910282530900864108e-05
7.230154954853729489e-07
1.934569399582760756e-05
1.342608042585763601e-03
3.033797828623296467e-05
1.767453492660952892e-05
1.018332472299125225e-05
1.652501483647941832e-05
1.869731873780038252e-03
4.885477877479809782e-05
2.910282530900864108e-05
1.545789024663623719e-06
5.126351728152125394e-05
2.670610699823545840e-05
1.055540371879845298e-04
2.354782388342549219e-05
2.545380739796363357e-04
5.150603689754460271e-04
7.367924430647022957e-07
3.778029844872321247e-07
8.266250402374083448e-07
2.692731621811769033e-04
7.230154954853729489e-07
3.510057568776034531e-06
4.831104665418601993e-05
1.890694246700537631e-05
1.306862863457278927e-04
4.321775486018861811e-06
9.003162379997610302e-05
7.519718474848954940e-06
1.251702989164458449e-04
3.309925908994775636e-06
3.579192226577675487e-04
5.343534408999202463e-06
1.327611129752921540e-03
1.558563726950412171e-05
9.390563455502347638e-04
1.319841730549008660e-05
6.322509610288411957e-05
1.969170601717149451e-06
1.613000509663713045e-07
2.328840495795929421e-04
2.040250802145250034e-05
3.215616350451110463e-07
5.017697044937978149e-06
1.323965449649010698e-06
3.851412220285529503e-05
7.421923638193818340e-02
1.511659224134466028e-03
2.118529518981356294e-05
1.409451480337928870e-03
7.056176862060057177e-04
6.625529623899882939e-04
8.586029088576655898e-06
1.366660696172202686e-05
5.741394263196563777e-07
3.080270829103252223e-05
9.939638457998947187e-05
3.414293836948038212e-04
3.977071708577539964e-06
4.117747491321926718e-05
7.230154954853729489e-07
2.040250802145250034e-05
5.967814681415799217e-05
2.921517689799914204e-05
1.701631021283550178e-07
7.367924430647022957e-07
5.778222882244610876e-04
5.915004293143120135e-08
2.986354278515204047e-03
1.924540899754761180e-06
3.291960357577610884e-04
1.715507281268504756e-04
1.964677874856599501e-07
1.071686889248689112e-06
7.665218854961817661e-06
1.359405344212367220e-05
1.305097423125630103e-06
2.165985603430451798e-05
1.149472142894077294e-02
1.085301484211742878e-06
3.278089210694998755e-04
6.240425983527916843e-05
1.165976825023457177e-05
4.121360434700219064e-05
1.386596862910905142e-04
5.613338753996119190e-07
1.872042406498238584e-05
6.065477467945302461e-05
2.934062434023214941e-07
3.907090768435642590e-03
8.638912065436132212e-07
8.987572598189516056e-06
6.427134430545878439e-06
9.360254753633222839e-07
1.064172299988184876e-05
1.141453854528007392e-04
1.399813239989448476e-05
2.817424209972473992e-05
3.154308726621670638e-05
2.548165503253738834e-03
2.194541092829561252e-03
1.355513196048006093e-04
1.206853618243634130e-04
1.282629157428262064e-05
1.287777097561462366e-06
4.592756495404555706e-05
3.361542033478475604e-06
1.427278479391602395e-05
7.399071617986800030e-06
1.102849506884427231e-05
5.332540993998596411e-05
1.198401972106521372e-04
2.395587825293206245e-04
1.165067143516912700e-05
3.493118119689144581e-04
6.392580510339135292e-06
3.851412220285529503e-05
2.721088378077794538e-06
2.354893852910226935e-05
1.004407068797029760e-05
7.665604047305915155e-06
4.801178371649838042e-06
2.515404110154459828e-04
6.685339161647918042e-08
2.538771967181514887e-04
5.343534408999202463e-06
6.583166397361713879e-07
2.037600904961674113e-05
3.898933289046952736e-06
1.788138190089537863e-06
2.411238919808695528e-06
3.004376638047680400e-05
8.566041813510550352e-07
2.371988534928138551e-07
7.421228373406162141e-06
6.208243190669194959e-05
5.120314061293205696e-03
9.665861511836114925e-04
2.409034560545901025e-06
2.910282530900864108e-05
1.433821826984017398e-04
3.217286277513387244e-04
4.363125452264740231e-03
9.674174257955903529e-06
6.509255273659868507e-05
2.101364881843781579e-04
1.897163903745577087e-06
6.860307011443969258e-05
4.187971217085245032e-06
3.130710161650778736e-05
2.908676049306399688e-04
2.691593060985966070e-08
2.194541092829561252e-03
3.304496621343109425e-03
4.076347507687579606e-03
2.586205684384387981e-06
4.537434049740025026e-05
6.183652702852860039e-06
3.138734015385223121e-07
1.858851798310764825e-05
8.530418148062731461e-04
3.402104328340279003e-07
2.163385908419770975e-04
7.936386442272379553e-05
1.018715686425693257e-04
7.125185285099361028e-04
2.898940805247965675e-05
1.330705820585974990e-04
4.627999303057766908e-06
7.105963894755846209e-05
2.304748283305592437e-05
7.129474250421977436e-04
1.409880270146800261e-05
1.272995231472752053e-06
5.151012446221088243e-04
4.856644162565827683e-04
2.689544184420327667e-05
7.650634696871209530e-06
3.332262431732294750e-06
1.627445322491230725e-07
1.707553156816140694e-04
8.734400034774740724e-05
7.080658711705575552e-06
7.027504974820108325e-05
1.675204760981502926e-04
1.389241853906117842e-04
7.882094214979240760e-05
1.145810781400544241e-06
4.407644549380324061e-05
4.265763318832310365e-07
2.553230800733295789e-06
1.576129536408914418e-05
5.288412285560483014e-05
6.917360336882074755e-04
2.936276594706421159e-05
5.973814429888336835e-07
3.148125839839356507e-06
4.134654788579094470e-04
2.246028620453071808e-06
2.506620344940476311e-06
1.030682080483022254e-05
8.255373548623726621e-04
2.293340178991110231e-04
1.570476097781956860e-04
1.814783186897439632e-06
3.166244936131018017e-06
1.848784307751756822e-03
3.148125839839356507e-06
3.367252374776507040e-06
1.221978690862532586e-02
2.902248156984822463e-06
2.573023202968373662e-06
2.078259446942691785e-04
9.981387193956240773e-07
3.575669488851231971e-05
5.542450275556000578e-05
3.010771332591147914e-06
5.915004293143120135e-08
5.994978522151823714e-04
8.713009585865800645e-07
3.296195007938293822e-04
1.775800287135421898e-03
3.256718146757099012e-04
4.422205560490379175e-07
1.285561163665635277e-05
4.365360561426587824e-04
4.035701019797771622e-05
8.280624568072882887e-07
3.430154319705374089e-06
8.417032395779319794e-07
3.184582428904278830e-05
2.823557810766660277e-08
2.194541092829561252e-03
1.456057047307259640e-04
6.240425983527916843e-05
8.971868973961874967e-06
1.001673967536527502e-04
5.104563012865731162e-04
6.895811970423415462e-05
7.230154954853729489e-07
3.622531566169529026e-04
3.413633225415956907e-05
3.820808373235725394e-04
8.904637123043307283e-05
5.250278959472125381e-04
1.387559213380085602e-05
1.053451096636324655e-04
8.075080867907428323e-03
6.345057100195288999e-04
4.265763318832310365e-07
1.356402736851172080e-04
2.988386184728057389e-04
2.832421612387543391e-05
2.338462556073520605e-06
1.000708263931300969e-04
2.692731621811769033e-04
1.204804860672336785e-05
3.897114383939966065e-02
1.177998665533780061e-07
1.177282017193165257e-06
1.026792867924531253e-05
4.594953761213618759e-03
1.413416158090946827e-06
2.902311997080078349e-05
2.684407386463262307e-04
4.122760920787650444e-05
3.967442030532794940e-05
6.183652702852860039e-06
1.056763600681786923e-04
2.420763526784869422e-06
1.027903751839144877e-05
5.616954135003189683e-05
5.981650796222880276e-06
4.155173265183212237e-05
5.541810475603477537e-07
1.593539377768057712e-04
4.730075221284152712e-03
9.044399749907228197e-06
4.528915761649127884e-04
3.104210730367772947e-07
4.409796686525781380e-05
8.072630900651198713e-05
4.567407051241520466e-03
1.267253121574133876e-03
4.422205560490379175e-07
4.346803980475221136e-06
1.959734010154113367e-04
7.230154954853729489e-07
2.142243367760953947e-07
4.831443703863864606e-07
4.594147545537456410e-08
2.581213760197220231e-04
4.486892503727988176e-06
5.092198638635070726e-05
1.665949608883795770e-04
7.491338944026568445e-06
1.346411139785320574e-04
7.189747820804202934e-06
2.980189495497785038e-07
8.146873254612439427e-03
2.194541092829561252e-03
4.997331312681402591e-05
4.146399571235337617e-04
1.161657269012079507e-05
7.821636838268635145e-04
5.781734229201047209e-04
4.087033805695749924e-04
1.573396754850283143e-06
3.143470799218700296e-05
2.506620344940476311e-06
1.828973941522793174e-04
3.433516200770444116e-05
7.027504974820108325e-05
1.677487786555200604e-05
2.568159989584408429e-04
4.495224660512891509e-05
3.744149768737772875e-06
1.513558378542393746e-04
1.531937381444897565e-06
1.105119084970934489e-07
2.085983017140383569e-06
4.118635079344411948e-03
2.874488593546618403e-07
1.371181785519454126e-05
6.685339161647918042e-08
4.129425150012667141e-06
3.456086626591345163e-07
5.430600129222789641e-04
5.046088393031706145e-04
1.201102910780274042e-06
4.422205560490379175e-07
2.293340178991110231e-04
4.614848849485393765e-04
2.753636670388334560e-06
6.240425983527916843e-05
1.755374557609155485e-06
1.325178178135009713e-06
5.899865073620177676e-04
4.250169002307418510e-04
2.973635056644136690e-06
4.548342927486289774e-06
2.864334162037973381e-04
1.303724339440990752e-03
1.828973941522793174e-04
4.422205560490379175e-07
1.147942267967231752e-06
7.133349008454945657e-05
1.236739111754590328e-03
5.689867736767636628e-04
7.392451028737089521e-06
9.140575798061319895e-03
3.693865042867258252e-05
9.506252484684530333e-04
8.560653315729822431e-05
3.895278004063035726e-05
4.753900275640797117e-06
8.747732560728755877e-07
7.031681810291684140e-03
4.225076395922255077e-04
1.026792867924531253e-05
3.965214561613891731e-06
1.140911152103847894e-06
1.323721339273025798e-05
2.576105258155652646e-05
3.162111790862668107e-04
4.981342421755044340e-05
5.101418780674458813e-04
2.611338067758810412e-05
7.783692951565182594e-04
1.828973941522793174e-04
1.026171905682771936e-06
2.139650506107419381e-05
8.696242360085118539e-06
3.998994424641282984e-05
1.010323087730400455e-05
1.093465480480693489e-05
2.001436861079991698e-03
3.723549814908277999e-05
8.458900069392436341e-04
6.884831904695343653e-05
9.591971055659974160e-04
4.796218868713721388e-04
1.986678715718375430e-04
6.130709743349536296e-07
8.322849375299096381e-05
3.139818237284011508e-04
3.074658734270956616e-04
1.087598848525893596e-04
1.387559213380085602e-05
5.163695216689187989e-05
2.293340178991110231e-04
1.056444047142291939e-03
1.416206507598991973e-05
5.539600087340945450e-04
1.290476548749963691e-03
8.342081337296699221e-07
5.826185542385036407e-03
3.457333675923181075e-04
3.743635406224969345e-06
1.041169659954701565e-01
3.599288415577025531e-05
2.564357743083103765e-06
2.691593060985966070e-08
6.685339161647918042e-08
8.155346236941834659e-06
4.710074410050067083e-05
3.788437356759431968e-04
4.837298580084377797e-05
1.633408549859881475e-06
5.772707749213048124e-06
7.544284538046680186e-05
2.627932245275282661e-05
2.937494591303404590e-04
2.088501923870516303e-05
3.350020018849597658e-03
3.093698401535336408e-07
4.203020702259523441e-06
1.461227751046308784e-07
1.171804848536220303e-06
9.561933865153840887e-06
6.630782308788961844e-04
1.425183838323367165e-04
5.462374557405545322e-06
7.856342044327645604e-04
1.735862833586109295e-05
6.022566537023354012e-05
7.755039298829189071e-04
3.778029844872321247e-07
4.918386419326685961e-07
1.650564953313120794e-05
2.842536378293762810e-06
2.673795377614486496e-07
5.265705867783897339e-04
2.457482773928659531e-04
2.509026346898823065e-04
1.318802571195942741e-06
1.192777571292905027e-03
1.379665528396140962e-02
1.367431017116252046e-05
6.027134286426046039e-03
7.230154954853729489e-07
2.431547604898395572e-06
1.607324368038303821e-05
1.345208904289413749e-05
1.193125617164211919e-04
2.634896947021372511e-05
2.677556854791985434e-05
4.715612351206323484e-05
1.600544400781356177e-05
1.876179096429144490e-06
2.692731621811769033e-04
3.065460421432815560e-05
7.984115503482401349e-04
1.607324368038303821e-05
2.513255143418886754e-06
6.988302064605937239e-06
5.149726529785516108e-03
3.005688445509150857e-07
1.171688924739425748e-05
1.004407068797029760e-05
5.990709146724225963e-03
8.442508471573818530e-08
7.665218854961817661e-06
4.919096445179581749e-06
5.680930787533500398e-07
5.991092491294699963e-04
5.154803892186954047e-06
1.032059842053387455e-07
5.719196800609190881e-04
5.772707749213048124e-06
2.330420332388355269e-03
5.389722395135029191e-06
9.838754209134418995e-06
2.278911905448519480e-05
1.125748113839841230e-06
1.329941729013335001e-05
1.097380429244823510e-03
1.011248604134484591e-04
6.183652702852860039e-06
1.555336322287868096e-03
2.568159989584408429e-04
8.079369706544656693e-06
3.429763907512241705e-06
3.094261440192954738e-04
1.205543424719562824e-04
3.778029844872321247e-07
1.411754500451039695e-04
5.616776901062823504e-04
6.950748499533596943e-06
8.797528534797617475e-06
2.747673386233383339e-03
9.774237532879882301e-06
6.511787685964095619e-06
1.852597658995066947e-04
7.869442469842554888e-06
2.575509825649578674e-06
4.729232877162155426e-05
7.657393398039656542e-04
2.980189495497785038e-07
2.417986328936118720e-05
1.589181814126476184e-05
2.597887695786667544e-03
8.915778988011698215e-06
2.099426562377920431e-03
6.240425983527916843e-05
4.253239511806298352e-06
9.083608539828296391e-05
1.711526814162014904e-05
1.140035603383394820e-06
2.797371466932278911e-06
1.026792867924531253e-05
3.465086191623457927e-07
2.408023019851174165e-05
3.493118119689144581e-04
1.583242730613730164e-04
3.797937905015551577e-03
2.573023202968373662e-06
7.789282084037847895e-06
5.620350202671335746e-04
1.205192544303133927e-03
3.622531566169529026e-04
1.109451614128823574e-04
3.192415299510241466e-05
1.407139808998455165e-02
1.851082855392983592e-05
1.897163903745577087e-06
4.704476780980317462e-06
1.576929708311643193e-06
9.203006229451877954e-07
1.114390824280754107e-05
2.074065566983608962e-06
1.147013904081063381e-03
4.029717586266869866e-08
1.590843504139072653e-05
1.164764845611331761e-04
2.634101290389061906e-02
3.795377952943152481e-05
2.118529518981356294e-05
2.952369862813416352e-04
3.545091567588238885e-05
8.418032593888227213e-04
3.963342384227323564e-07
1.416206507598991973e-05
7.027504974820108325e-05
1.262621329987174893e-05
1.264320868427246873e-04
1.407139808998455165e-02
2.935124811243702360e-06
6.657252478694433577e-06
2.691593060985966070e-08
7.181029798252540580e-05
3.278089210694998755e-04
4.115017006735246254e-06
7.575863578928326457e-04
8.152426661118234062e-06
9.089944422852553945e-04
3.148990100058885822e-05
5.346811304604513060e-05
7.164337493489612353e-05
6.806246727470211430e-07
5.575087719161405612e-04
1.523457171577121956e-04
8.172663578275766323e-07
6.685339161647918042e-08
1.925820063250797696e-05
1.692612905943756291e-06
2.325304054651080860e-06
9.238070028500068923e-05
1.256653052116743149e-03
6.267977826916237350e-05
3.491739439783903986e-06
6.218382769339222266e-03
2.823557810766660277e-08
5.827619654750320830e-03
6.279480966043129609e-06
1.064172299988184876e-05
1.264794125072601005e-04
2.275826318855307879e-05
4.307397004502854171e-05
5.711001471722085737e-05
4.276701326606855067e-06
4.825555222301263148e-07
9.235299699186043355e-06
1.869287604811370235e-07
9.694051358052084496e-07
1.373628387414701363e-02
5.741394263196563777e-07
5.343534408999202463e-06
1.645290730635380787e-05
1.150394017822510529e-06
2.725645507401912326e-04
3.131770255984003273e-06
3.005823842523124549e-06
1.858851798310764825e-05
9.912652770034232545e-05
1.216688913149533469e-05
2.898940805247965675e-05
2.253849794239293301e-03
8.358883172347547858e-06
1.026792867924531253e-05
9.120203313928148205e-06
1.406252441896554831e-07
1.738179773467829784e-05
2.272291552577354018e-05
5.762767668396148344e-04
3.698027859641505323e-07
5.338390433922231602e-06
2.678481398337958022e-05
4.378623086317283282e-06
2.025117464590288113e-04
1.195540933008523871e-06
2.842536378293762810e-06
3.634930778229479532e-05
3.544247435508088693e-07
2.409034560545901025e-06
2.255253129719299634e-07
1.125748113839841230e-06
2.730263866885747877e-05
7.788995620297998134e-06
7.262515623189407105e-07
2.609527560004820559e-04
2.104637456487167967e-04
6.015016048185874381e-08
9.176587745247797223e-05
2.797429697277325003e-04
9.081720666628349386e-06
1.728422119413413090e-07
8.874927967049328539e-04
2.743189787320751607e-04
6.806246727470211430e-07
1.677420391719951096e-06
4.594147545537456410e-08
9.912652770034232545e-05
7.916296870792468562e-06
2.376579592173975412e-03
9.113407624974940579e-05
3.593439458531225568e-06
2.499387277440400564e-04
3.934687839497708300e-04
1.596162346029728629e-05
1.469241518896241062e-04
6.298167878813418219e-04
6.381662815070134889e-05
2.312446185278799597e-05
3.341204886226030782e-04
1.327804955886508762e-05
3.361542033478475604e-06
2.197768864149613095e-03
2.154558758063022939e-03
5.903084512333091138e-05
5.287905503555970709e-05
1.214239638477300964e-04
7.230154954853729489e-07
8.464790938163643157e-06
1.141453854528007392e-04
2.402852980961846664e-05
1.092111581131095414e-04
2.402077367213324236e-05
4.323954654167027592e-05
3.358554442158363882e-03
1.534487118171182544e-04
1.217746665020400041e-04
6.799570933591654728e-04
5.151012446221088243e-04
4.942442540894315220e-05
2.842536378293762810e-06
5.061007750274743254e-07
1.316005458522009760e-06
1.264320868427246873e-04
2.025117464590288113e-04
1.610503001529778419e-04
3.793321606398774508e-04
9.862610395893668821e-06
1.285561163665635277e-05
2.457724153415350612e-05
1.246890467985609693e-05
3.497232628678750897e-05
5.388030788004303552e-03
8.239250694084681052e-05
4.838372394095505569e-05
1.110447961930576672e-04
3.148125839839356507e-06
1.653888924977705153e-06
8.817533464558199646e-04
2.743189787320751607e-04
2.273781198901514671e-04
1.586574826504158996e-04
1.011248604134484591e-04
3.216900028989141103e-06
4.120079212062481655e-08
2.194541092829561252e-03
4.905691910301567635e-07
1.774681093394941532e-05
1.675204760981502926e-04
1.934569399582760756e-05
9.604507223200804385e-04
8.317677663605214012e-08
1.264320868427246873e-04
1.304634305630592332e-04
2.135531626047830304e-03
2.763505260316715859e-05
3.545228406226311744e-05
5.855908470735260743e-06
2.162682802577548663e-04
1.841653324347387877e-03
1.871692303229697908e-06
8.264603983676757323e-05
1.387559213380085602e-05
4.453633111575461009e-06
3.599288415577025531e-05
1.261439258595288028e-05
1.641543570899376439e-05
2.691593060985966070e-08
2.393162421423807962e-04
5.061007750274743254e-07
1.472689946043153437e-04
1.966600467028611126e-05
2.474332559550424264e-06
5.397761722812334317e-06
1.272142091746190104e-04
1.026266373078184952e-03
2.325106053319161335e-08
6.341200753878273354e-04
1.934569399582760756e-05
3.359202990039748685e-04
2.039219977445073969e-05
5.159652745556559175e-05
4.250169002307418510e-04
9.119315605341123381e-05
4.089012683635940158e-06
7.791228670244937544e-03
3.350020018849597658e-03
3.544247435508088693e-07
1.073175473010574716e-03
1.001584715056724056e-02
1.803616655186592147e-05
8.787823729371792360e-07
7.424490813123572983e-04
8.990882259270092328e-04
1.004407068797029760e-05
7.327855504994534970e-07
4.911099636725926115e-06
2.949318877543227797e-08
9.619094813628987009e-05
6.240425983527916843e-05
1.452890506064717559e-05
5.380882293373413256e-06
2.325304054651080860e-06
2.270132806831894897e-05
1.249910448701240752e-05
8.006853695778988380e-05
1.164631907727641896e-04
6.410634553265345988e-05
2.156476952973456358e-05
1.287777097561462366e-06
9.044399749907228197e-06
2.788483645513071076e-04
7.367924430647022957e-07
2.536124070222772319e-03
6.612207177872990449e-02
1.249910448701240752e-05
1.414273329530193156e-06
6.445332525957638588e-06
1.855679356544979249e-05
1.925820063250797696e-05
2.568159989584408429e-04
5.542784870301863977e-06
6.575280143728482591e-05
2.465175666872334323e-05
