5.602256478239756943e-04
6.717793845864259176e-04
1.277475551613545994e-03
4.662531722762945988e-04
5.550656669950540089e-04
3.714842297159127917e-04
2.784641716519604634e-04
8.057957280292392084e-04
1.212280578713217146e-03
7.981788525202947833e-04
5.865746229397549808e-04
1.545187866220391589e-03
9.630410311363467400e-04
6.270241144068366577e-04
4.934766378109441045e-04
8.310344659138250165e-04
1.375937761058978895e-03
1.363409685194348414e-03
1.284330323161539389e-03
4.998126300242267984e-03
7.065284267445957108e-04
5.537458636435571872e-04
5.169873077529230825e-04
3.214543011454971456e-04
8.431701204817600593e-04
1.183158430151374932e-03
4.642154692940786138e-04
1.325891687476271705e-03
9.313146840359389292e-04
5.058514968503269186e-04
9.584990339087754449e-04
1.198230537981709960e-03
5.926495999641305653e-04
2.887990757794540661e-04
5.456949521125506897e-04
6.621478703022269608e-04
9.955731868746193255e-04
3.137143653041238496e-04
1.416589131933249698e-03
9.483358408583937842e-04
2.461151407650446240e-04
7.565442583057044616e-04
3.539311607882667443e-04
5.877707918411954153e-04
6.302581351184777898e-04
1.330932519925773390e-03
1.042193712333239122e-03
7.833033391797677731e-04
8.816496355570908709e-04
8.766557371663464670e-04
8.418684837743385793e-04
5.864861393724286323e-04
7.364262322030021464e-04
6.697711041956395245e-04
1.730620160929121796e-03
1.691094035993081048e-04
5.452360376394210350e-04
1.363409685194348414e-03
5.030909142040415529e-04
2.016163912833577026e-03
8.833078261893459460e-04
5.869346020653982976e-04
6.994182425805892328e-04
3.487621640381989509e-04
4.701636038650259673e-04
2.508725770333963996e-03
7.807756972486775684e-04
8.547169085344969233e-04
5.994985450249873393e-04
6.013800168116054850e-04
8.153437772306708310e-04
1.592377977342289636e-03
4.010082509846676804e-04
4.011541963504273740e-04
1.392585514774246237e-03
3.265787607015577915e-04
2.236306397673032496e-03
6.966732458034903845e-04
2.885208616018528939e-03
5.828879183956095934e-04
5.629759894004968167e-04
1.042017991151116376e-03
7.173744181733103303e-04
2.069112953331259542e-04
3.551900796976756162e-04
1.040781292462741696e-03
6.372039916290902876e-04
8.358841276963586498e-04
7.467586890618722667e-04
6.348232804978465923e-04
1.034915202630101684e-03
7.961115138174627067e-04
3.831040130716351338e-04
6.810905480502416629e-04
5.284564298000633343e-04
3.414303291298170849e-04
5.624762328573086438e-04
7.849247248607019471e-04
4.687960985342447305e-04
3.126963271559672717e-03
1.160679088959339642e-03
4.134985338902913421e-04
5.890214303935945809e-04
6.280552970173437473e-04
5.804192533101702441e-04
2.698547541673203720e-04
4.242538988764594089e-04
6.549108993696615109e-04
4.583132489006329748e-04
7.539550028341718627e-04
1.604663746286653881e-03
1.124031328957052515e-03
3.640283775092480558e-04
8.169937389445157275e-04
1.370796202277653692e-03
4.477804585731465226e-04
6.519726441816336114e-04
2.952202307958578034e-04
1.035574572013869257e-03
1.363409685194348414e-03
5.865746229397549808e-04
8.541409975352616188e-04
5.396595285930415754e-04
6.025409105117386383e-04
9.754151590193640671e-04
5.066973742454422168e-04
7.896432733071884333e-04
5.433021209920901092e-04
6.196933795162125553e-04
7.985310958895608336e-04
1.964941004408771522e-03
1.774105180544007909e-03
4.842713752610169615e-04
9.234820449617637151e-05
6.976797308917139992e-04
2.721304069536627018e-04
8.664873256654868601e-04
7.326799613282744409e-04
5.933495836167845252e-04
2.753082533182259748e-04
3.252297026086348056e-04
4.431419026101120098e-04
5.621714484368022131e-04
6.182792719552754725e-04
1.265245025267261719e-03
3.387881620507272439e-04
5.875255100959577521e-04
8.505833008327761411e-04
5.258242886137891575e-04
6.305290036663416513e-04
8.551708229238709057e-04
2.276110125523058553e-03
7.562841438857997303e-04
5.332217912160273302e-04
4.807555118332426463e-04
2.955683303261177203e-03
5.099505011373118863e-04
1.163799358550133244e-03
1.180663050048911178e-03
1.040327065329499584e-03
5.470154705649643611e-04
5.856111227710620757e-04
1.046454687262971623e-03
1.312561439507267669e-03
1.132929776628827621e-03
2.193292949178339557e-03
1.046109515288254051e-03
3.391158653920867887e-04
8.885845893917770173e-04
4.637404275090429521e-04
8.144391116120493820e-04
1.001190959208047735e-03
6.713277195068440700e-04
3.298354096392421800e-04
1.428717914942236912e-03
9.741889679268067028e-04
9.234820449617637151e-05
5.678383861564189955e-04
5.504752533716103990e-04
4.860935334340663375e-04
2.131329123479647029e-03
2.174509183382842691e-04
3.861184997705002309e-04
1.107475104454943736e-03
6.816366752017366483e-04
4.424050092527949721e-04
2.472949532244710980e-04
7.610124616906492915e-04
8.152740927746946658e-04
2.716908225337638389e-03
9.894249838337651395e-04
8.174586824607333983e-04
9.581565514708442971e-04
3.766099519842443580e-03
6.050139597483182021e-04
8.237142943537729316e-04
2.069112953331259542e-04
7.056071224959893943e-04
6.592960066285060913e-04
4.399575550042639444e-04
6.679861138039338035e-04
1.124129562610762852e-03
8.062800156909558438e-04
2.106240907068574874e-03
5.014909049512195896e-04
3.861840965445136227e-04
4.107896777523701768e-04
7.704923411918321741e-04
1.233149643450036749e-03
1.178159741892164042e-03
9.810047187276667389e-04
1.251463282282706075e-03
6.666250538314765026e-04
6.264223105415075077e-04
3.083149618427987295e-04
7.146170339112269815e-04
8.092476871596980927e-04
1.145070653519972715e-03
7.644829976291542956e-03
3.011289957198157977e-04
1.556739496096250360e-03
1.288170556042841268e-03
1.881562137323833763e-03
8.633958193157092271e-04
3.246824842542926637e-04
1.674642601377996504e-03
4.030591167793499616e-04
4.268293771064172082e-04
6.639558938718625233e-04
3.342430957676277331e-04
8.833078261893459460e-04
2.900405116572786469e-04
5.333267338743285851e-04
1.008335751548754830e-03
8.982077914275890876e-04
8.397684520955754541e-04
1.494735723640646177e-03
4.893124319792108590e-04
6.575732491325591471e-04
4.993523174137616148e-04
7.433395243496538447e-04
6.364160148770669177e-04
2.646110798609471650e-03
1.030884709236126566e-03
3.904808052282634232e-04
8.578935976335937434e-04
1.639902605239136743e-03
5.166072457383627352e-03
3.435921111425205201e-04
2.738999258925995869e-03
7.310694635488411202e-04
4.403318084019759715e-04
6.271564863335017063e-04
1.864551272796341388e-03
2.124199041711045922e-04
1.976313551985015796e-03
6.280552970173437473e-04
5.490197893333266565e-04
3.933338869880400332e-04
4.606751641393133775e-04
9.681526919863106019e-04
1.023163478914651753e-03
4.267644808613246582e-04
1.163186745289592275e-03
1.030708739214736920e-03
8.816496355570908709e-04
7.312852314695226152e-04
5.228885785905361579e-03
6.799836284588632899e-04
6.976773208935983231e-04
4.549750315758883750e-04
1.616883329345002607e-03
8.239459444961474976e-04
5.050051451172549036e-04
7.829814352857095800e-04
1.325810532122361982e-03
4.570013202264120757e-04
5.936564655582023640e-04
6.481637740952843948e-04
5.932188512226934177e-04
3.647411808750502041e-04
6.668039790726555151e-04
1.296967156471213372e-03
5.420340389846733942e-04
4.389348568213424285e-04
4.359321243232482969e-04
1.203518996961137986e-03
4.124730852421901032e-04
1.642682199111964890e-03
5.707901996478306587e-04
1.023163478914651753e-03
8.566517120642108121e-04
3.115470408066155911e-04
3.879741642948439199e-04
1.261385816921639343e-03
7.976777065806318944e-04
1.563631541305283371e-03
4.542151604689136568e-04
7.911805813579220322e-04
1.849682985357500734e-03
8.633952160344435722e-04
6.636766400892721469e-04
5.111839958512042490e-04
5.186022665210585384e-04
5.995942963770191239e-04
4.356439625351300944e-04
3.064291171837416495e-03
3.507197211093292461e-04
1.777300541778811804e-03
1.012298426432540555e-03
1.514002403549137002e-03
4.636605843619777683e-04
7.002867537443033513e-04
5.748958283670194732e-04
4.254645540864049227e-04
7.181228677131465269e-04
6.119058670045168357e-04
1.275795946181281903e-03
3.757515289284635968e-04
4.685722815847000546e-04
3.992889620387456259e-04
2.053416763816541340e-04
1.644610210655100477e-03
9.431685649141431128e-04
4.235645346814570131e-04
1.691094035993081048e-04
1.119352465997381198e-03
3.880263097110476893e-03
6.179754103021015306e-04
1.605337253348583298e-03
1.285691496315687164e-03
1.586165672261327392e-03
3.846347811223656461e-04
5.590538198822676570e-04
3.365728376434494375e-04
5.937979542550691353e-04
9.161501800924743691e-04
1.010466192167876242e-03
4.385993503094182664e-04
5.798098488068773558e-04
1.090611953697774583e-02
8.976278499193601681e-04
8.236288997595311726e-04
1.082760616069104471e-03
8.052905046036384516e-04
6.138094029956690529e-04
6.549108993696615109e-04
5.030909142040415529e-04
3.561609821729363025e-04
5.452394586643273186e-04
1.132704212057810767e-03
9.716632769376042479e-04
6.622273059460961897e-04
1.362590600273931802e-03
1.003673212823020990e-03
8.455137469433749841e-04
4.482933449300283862e-04
2.510246341640126177e-04
9.939249201227923908e-04
9.145997780540922805e-04
2.778980276329590191e-04
3.905222611287226210e-04
3.748622095375842814e-04
1.553792392381740889e-04
8.259684139316010761e-04
6.897482884575280564e-04
4.356561031129237756e-04
1.022162378648877297e-03
4.275327343264048578e-04
6.759115760210554665e-04
1.298777176278948344e-03
1.702074075295277426e-03
5.593955732048427150e-04
3.908163493868136904e-04
7.380866143895228665e-04
1.078110387816718372e-03
4.092132901900911003e-04
3.494155409543067410e-04
2.165805175623043265e-03
5.283439069546576631e-04
7.156130429390825543e-04
3.766099519842443580e-03
2.634619539214669379e-03
2.933411410854027150e-04
1.003329480176474824e-03
4.404720090441835542e-04
2.528129779915263935e-03
9.968906992961850365e-04
2.320548846705386761e-03
3.545280629273429200e-04
9.769510368647102774e-04
3.545576973957253325e-03
5.040081524548950791e-04
3.863068736435242533e-03
2.719048677767142274e-03
4.511703713880787429e-04
7.409188965257489535e-04
4.753579246198440505e-04
1.383237554076074353e-03
3.763728381646604874e-04
3.919487906495453282e-04
5.769421619600756607e-04
5.475170900717433271e-04
7.709789337614752222e-04
7.650543754433795484e-04
1.485549013766121820e-02
6.718809133362883520e-04
1.265775032856303632e-03
3.313331824846446876e-03
2.721301641069218840e-04
3.374044589534143596e-04
6.029904057020349806e-04
5.193898190276049435e-04
3.588954745528110811e-04
6.080324922703562009e-04
6.481418998132250971e-04
2.392456022017888325e-04
3.668571273871631564e-04
5.841354503837010948e-04
9.607495015725213633e-04
8.139156698243691637e-04
1.233827255883166059e-03
1.476481253849820045e-03
2.193292949178339557e-03
6.023951904920165105e-04
7.685891738391520053e-03
3.487014849828061740e-04
5.917868037939519321e-04
7.007343314956135686e-04
4.506900838671982438e-04
1.095621678903457505e-03
5.474304519943322704e-04
4.329482346527892267e-04
4.404689833475974262e-04
1.035128317384548073e-03
1.437162999917027074e-03
4.088571103698438445e-04
7.568479709547179394e-04
3.028663229986090300e-04
3.128236414125303987e-04
6.930426756456785613e-04
6.236095774425910428e-04
4.890486339232451253e-04
4.642602633673432642e-04
8.447511572663175122e-04
8.136114646154077789e-04
3.764541758259833549e-03
7.385573636086135247e-04
6.087539489637746031e-04
6.702351217983552921e-04
8.993765646063505131e-04
1.005317884680277099e-03
1.303252028716661397e-03
2.168087459955119530e-03
8.101440220230109656e-04
9.587775979201018433e-04
8.650353261270535320e-04
6.246158099325144165e-04
3.727411679734790075e-03
9.262239145576669011e-04
2.383999682308029122e-04
2.770779347766818721e-04
1.840361197631362440e-03
3.081085099949801374e-04
7.511456757845517366e-04
1.652243856790423348e-04
6.801407805691577890e-04
7.575437759702133853e-04
1.886624714221198779e-04
3.535852494909883176e-04
1.396642887262698014e-03
1.991149487182480339e-03
6.182509525592599703e-04
3.313138595955297024e-03
8.972807868641712340e-04
8.080022785707675209e-04
5.037472348760665400e-04
1.408403500627423109e-03
5.383072654230749250e-04
1.026921119001537874e-03
1.112914385644275849e-03
3.707791625936437984e-04
4.394391347850379673e-04
9.065010873156634751e-04
7.177107924685835775e-04
7.865963784900047205e-04
5.372161453997663112e-04
1.467674746617777561e-03
3.580996228695206788e-04
5.158726259486437309e-04
5.142229000594094332e-04
4.648961085424200223e-04
3.754106966976914666e-04
1.273760538075532564e-03
9.860632069469260890e-04
6.715852845735724311e-04
1.508404711598283635e-03
4.220008658152903515e-04
9.228524717620931964e-04
5.857284261428284764e-04
8.185150680737501069e-04
6.205500137590635361e-04
5.079752099758467424e-04
7.997865414905559831e-04
5.277815527449206427e-04
3.117860433335452666e-03
7.897463605926771614e-04
2.410979083136787870e-04
1.156802401997347697e-03
1.106405492541894832e-03
1.208780953575442360e-03
1.058625679742917656e-03
2.311798105559577897e-03
9.535338677328969361e-04
4.443729658894725776e-04
5.104085261937452156e-04
7.250264038562745199e-04
9.062679472944011128e-04
2.786062804927537558e-03
5.899034676991831132e-04
1.964941004408771522e-03
5.132685832897457062e-04
7.881633255930666502e-04
7.249474144394848834e-04
9.588976578685301641e-04
7.125008990692869269e-04
1.055637380649053188e-03
4.508602342057400642e-04
2.018051690944276059e-03
5.473397273622653469e-04
1.632940701368975310e-03
7.476956972327562746e-04
1.076792424828495760e-03
1.702868427137205990e-03
1.834747831754607534e-03
9.343542124643966409e-04
3.429938025170627732e-04
1.207983514225634443e-03
7.120680651207558472e-04
4.992747976734918927e-04
2.421311512183245244e-03
1.655694244582984597e-03
1.046721571141399389e-03
9.121037631797630297e-04
5.846224853517833142e-04
2.783913747123818489e-04
6.429287527495638208e-04
5.019407621473531310e-04
8.194886188298879928e-04
7.917023684154304635e-04
9.797555261062875637e-04
4.180278276637093386e-04
1.497938796950066794e-03
3.772996642618688654e-04
4.330885052851620029e-04
4.328341702067303254e-04
9.377527994807688351e-04
7.409781996353233475e-04
1.150565681468123562e-03
8.105696254776542870e-04
8.989383250727722534e-04
1.001190959208047735e-03
1.839148952366941904e-03
6.354185426471041249e-04
5.333267338743285851e-04
6.862944002040683973e-04
3.028663229986090300e-04
3.666149850691932861e-04
1.691094035993081048e-04
1.602964294440731904e-03
3.508129436802751326e-04
1.205936652189048110e-03
8.649045807241518159e-04
6.385271908139065122e-04
9.161501800924743691e-04
3.305309296822698021e-04
1.027728208876511028e-03
1.026918829816994777e-03
1.753667677332491730e-03
1.154237273754060234e-03
9.894249838337651395e-04
8.928808281129394170e-04
7.628376486270494654e-04
8.253773815193706431e-04
1.225069892482671388e-03
3.270404697475013810e-04
7.057996118297848705e-04
5.961627442176118145e-04
5.151749981866616613e-04
4.898112178269732999e-04
8.051857500980687645e-04
9.575273678123685708e-04
2.239940302602474488e-03
4.086629022527205187e-04
3.797096716826516027e-04
5.285529319885575675e-04
9.487560050024596361e-04
8.382342358483282647e-04
1.040890294017274547e-03
3.810054110822534311e-04
7.127439231657834579e-04
1.319155100766669989e-03
2.523988547275005708e-03
1.163376927189387587e-03
8.587539185250321529e-04
1.086153336759914300e-03
1.182463421281433700e-03
3.197235977167011680e-04
1.308307623326302556e-03
3.739786482720364375e-04
6.954775706598006731e-04
7.763491559576692676e-04
8.526746720925406807e-04
5.606567158323295897e-04
4.240471219654669017e-04
4.488528936608400088e-04
2.907737327846325365e-04
1.105466037180302934e-03
4.135647777927015014e-04
1.151799060366530359e-03
8.070380579252978527e-04
2.984544685506103378e-04
2.031049188059420082e-03
1.363409685194348414e-03
1.008594577200202591e-03
8.493019996782394995e-04
3.953010040751823322e-04
7.943692165321000406e-04
3.333619387765054888e-04
5.131526685855587787e-04
1.601928651054873717e-03
9.259256846350236636e-04
8.325528988284838306e-04
3.750177753856444762e-04
6.799170653266795473e-04
2.831027566829854170e-03
5.473397273622653469e-04
4.526293135273898338e-04
7.704923411918321741e-04
1.776525418359177532e-03
4.067988260027150015e-04
3.592123243985512367e-04
5.337830411941479414e-04
2.028668953547485456e-04
7.254337914197572486e-04
1.334265209346784109e-03
8.355971903996876502e-04
6.390180592547103910e-04
4.212507357197648621e-04
1.691094035993081048e-04
3.570643067415707646e-04
4.904009256518740466e-04
1.800137293167956322e-03
5.532160807003179935e-04
1.007288707746321465e-03
8.080022785707675209e-04
6.699757878726802455e-04
6.621478703022269608e-04
1.668746977906491926e-03
6.918725185851097017e-04
1.075231403368030660e-03
4.766801315127729448e-04
8.239805716491893379e-04
6.793477054039301051e-04
7.408302401383264806e-04
7.837400167799826777e-04
7.973792155138643197e-04
6.393544765909136163e-04
7.653548114431372833e-04
8.039163898280450669e-04
7.195903295957584416e-04
5.802609609705255706e-04
1.024783013463072051e-03
4.765859941266321616e-04
6.137233556767442881e-04
5.047732265439796749e-04
5.100446632613279919e-04
1.866445234699273684e-04
6.195111966302447454e-04
3.739452872220671328e-04
6.782764360855944022e-04
9.844481248720963508e-04
2.272620911021027974e-04
6.622273059460961897e-04
8.125980143046036049e-04
5.793370236520444883e-04
7.312852314695226152e-04
9.132257379004973634e-04
3.440324623320866523e-04
4.842098159360727063e-04
5.141827274234127016e-04
4.156008167011583264e-04
1.075001769935531688e-03
7.269554402555141685e-04
8.110259865377445572e-04
5.946733949972485495e-04
7.092513099685611704e-04
1.161047237126896364e-03
8.118104807565836804e-04
7.045588845368573735e-04
7.512616129140304308e-04
4.385420189015209092e-04
7.941631557654184326e-04
1.039334087724651809e-03
6.214317293773039767e-04
6.311423553836638042e-04
3.265787607015577915e-04
1.196842837287761521e-03
8.127992987154559167e-04
6.585530290816401806e-04
9.552823207530031571e-04
1.377063644712967676e-03
9.476772446149939102e-04
6.094869676802130987e-04
2.784641716519604634e-04
3.900573059055168152e-04
6.449255319470306638e-04
3.941361211502787286e-04
3.533990643882729886e-04
5.910942815900637826e-04
6.766261281154543851e-04
4.579610868351155972e-04
9.844481248720963508e-04
1.057764173672317946e-03
3.244062313664334554e-04
6.582975351968734347e-04
9.529230945893099602e-04
9.681721199442149331e-04
1.622522316505556350e-04
6.938890904002644735e-04
5.960747274189715601e-04
9.294671108116736493e-04
1.055167401650372984e-03
4.683850270328746728e-04
2.541397614114090887e-04
8.987431129734083221e-04
3.849479310221526254e-03
6.936015607500113818e-04
4.728641374806119959e-04
1.106405492541894832e-03
1.066122051741856536e-03
1.362590600273931802e-03
1.042447247864755362e-03
4.382677194600644380e-04
1.260113123010815931e-03
4.556433943240780979e-04
1.245767439674392218e-03
1.116895837968275842e-03
2.960444578742819194e-04
3.912326810409957716e-04
1.949088665725574843e-04
1.816201027715520777e-03
5.825906383155285981e-04
4.805871278123538927e-04
5.228123059473351692e-04
3.068437347433921616e-04
6.956575098197578322e-04
4.419117210231917996e-04
3.126166952103611655e-04
1.939002758625505080e-03
1.137591245648271118e-03
2.442874657889854400e-03
3.884735550203182440e-04
9.613490966132034543e-04
5.898965616737648085e-04
4.638475662923305528e-04
5.736090237940272849e-04
8.289024155696356286e-04
6.880547087460417910e-04
2.952987174435611479e-04
8.336446663555898773e-04
1.464966671547890051e-03
3.415542015638489888e-04
4.937423596455953450e-04
3.382893787327968869e-04
3.117959845884526711e-04
2.041363720250789163e-03
5.372216621167138313e-04
1.423529331021250108e-03
8.655389475213769038e-04
5.017488239993743698e-04
5.621714484368022131e-04
3.475983995613551544e-04
4.711972108320214596e-04
3.766099519842443580e-03
6.063430781965973822e-04
7.793303602707603349e-04
7.822454954062743691e-04
9.411779627230519585e-04
1.159060536163202329e-03
1.904083293850144512e-03
3.839304282078105646e-04
5.591933944118159623e-04
3.159791995444974941e-04
1.066461601312461514e-03
5.895363187693018498e-04
8.822871142581751236e-04
5.582029456576780794e-04
7.168234132201488579e-04
2.647935836000357181e-03
1.368698467713317518e-03
1.371514292009539922e-03
1.819289543110551082e-03
3.915700705330710219e-04
2.114565537578900773e-04
9.612319321697387507e-04
1.005445779447020375e-03
5.887624983358357572e-04
6.205367263901349819e-04
5.279820599835366663e-04
9.879541828321054472e-04
5.002814124103723351e-04
2.069112953331259542e-04
2.741579224693090804e-04
5.218987961407896021e-04
7.011584336648023219e-04
4.609671585958451221e-04
1.294999922853216174e-03
7.399320505448522692e-04
3.045130506128295366e-04
3.138068347597870126e-03
5.314870544417813533e-04
2.069112953331259542e-04
1.169716253379518220e-03
6.182852002873846526e-04
9.725097107086566215e-04
2.109210519322214390e-03
6.748074503854707045e-04
4.024163828313483864e-04
9.007693162755392273e-04
9.505940159049205279e-04
3.766099519842443580e-03
6.575654794961158104e-04
9.654729094470652787e-04
8.026219599218229091e-04
9.235086650778732758e-04
5.835577631560369101e-04
1.332059107914815993e-03
1.068222117747101964e-03
3.281343762944591335e-04
4.861361377051155079e-04
6.314103124895029161e-04
1.306815945500939494e-03
6.802733705043781647e-04
5.010046052220391410e-04
5.058823205428626853e-04
5.860019742683859672e-04
9.968906992961850365e-04
1.369449199348035271e-03
5.401127356200354076e-04
5.142954455712940619e-04
4.857677945267967982e-04
5.761970854259524169e-04
6.296068525988764847e-04
9.281054879820739437e-04
6.499011802594619087e-04
9.751349876057218173e-04
8.716830100242174001e-04
6.699682835901712638e-04
5.631863851739183930e-04
1.225851820635971527e-03
6.271564863335017063e-04
4.079756490416715188e-04
3.073447602909567416e-04
3.317300624981103893e-04
9.127797021106099501e-04
2.787496270838094232e-04
3.304269402346053262e-04
2.949422818919275862e-03
3.954310219725579579e-04
2.029757583360557865e-03
4.320997584833738436e-04
8.785385574162228768e-04
4.407915929507622227e-04
5.926495999641305653e-04
4.838639163764870202e-04
4.785862064117228122e-04
1.066499265011279247e-03
1.095612529031146079e-03
6.438075933846489638e-04
5.132685832897457062e-04
1.055167401650372984e-03
1.781436643783040289e-03
9.831671174028945494e-04
2.349813253028515316e-03
4.805871278123538927e-04
6.203432266100280309e-04
6.162552421810883491e-04
8.381536879056837065e-04
1.087570325578200627e-03
1.155049266665637711e-03
1.604663746286653881e-03
4.303414584370557783e-04
4.111843250286883024e-04
4.972082666130605818e-04
8.583755269121991823e-04
3.028663229986090300e-04
3.020945744989129555e-03
1.214547356930543130e-03
2.200319439668387694e-03
1.198011936783112364e-03
6.654011487635380900e-04
4.568436008904897807e-04
1.126094666001472948e-03
4.895998968144096939e-04
3.388690927039159605e-03
4.407230969864472090e-04
7.517519629368043426e-04
8.587539185250321529e-04
5.660192760918964861e-04
8.303946121041075584e-04
7.119120601892100445e-04
5.442753838577707535e-04
6.897482884575280564e-04
8.051850504774626330e-04
5.123382779465304694e-04
2.789328048467006440e-04
1.189160942608058318e-03
9.407988236342017078e-04
7.398654649424007967e-02
5.612338426004787138e-04
6.423257090857753537e-04
5.486069636094466698e-04
7.600813592028178968e-04
9.608906574126134395e-04
5.473397273622653469e-04
4.792845726122646932e-04
1.414879616511129220e-03
1.128399509484788975e-03
1.609533479355436001e-03
3.211041429735235985e-04
8.336542220579644348e-04
7.066737042917610890e-04
6.151729118931448552e-04
4.689633502317349192e-04
6.808324167015056879e-04
2.943874120580963153e-04
1.453304894513702140e-03
8.849375669950032769e-04
7.250264038562745199e-04
3.871259401789948150e-04
5.793436141489905194e-04
7.037158406675501606e-04
5.929312626621179591e-04
6.812912883588526092e-03
3.157252708056450426e-04
5.472527287499444207e-04
8.155813658348623051e-04
5.677077918976294792e-04
9.038024205868361825e-04
5.734727818098700990e-04
2.406929896150074863e-04
4.220368256193854492e-04
2.236306397673032496e-03
8.172955147579375563e-04
5.996695705982624811e-04
7.256039843351289346e-04
5.843661071659524446e-04
2.145872730671373127e-04
5.165890374139221579e-03
1.049086126335342217e-03
1.207354877150186145e-03
7.079394443485462901e-03
2.177552662634363258e-04
4.550013430198634524e-04
3.577568596520566604e-04
2.285477683704546163e-04
7.125509535251140641e-04
7.666243649113394648e-04
9.082117692983935654e-04
7.619166569738490893e-04
1.160064701335150475e-03
6.029904057020349806e-04
5.672726966283416676e-04
8.603214684345563811e-04
7.257714291527088673e-04
6.738106196055171230e-04
5.153764070619859050e-04
2.669808031398200523e-04
2.041363720250789163e-03
1.072788300684494531e-03
3.662926069582560034e-04
7.941631557654184326e-04
1.419795474717162453e-03
1.387274623740347755e-03
1.152588899923131203e-03
7.640166011785593653e-04
5.969792819660278693e-04
3.983688778883795771e-04
8.109581806711468497e-04
6.112814640690685235e-04
5.420550158372031309e-04
7.221711889671476696e-04
1.196104199622740998e-03
1.012969405493579318e-03
7.896432733071884333e-04
3.158039767823109419e-03
5.358601539475180186e-04
2.622699402253902533e-04
6.755722731479927657e-04
