9.104251614837076704e-04
6.005447301976040439e-04
2.693636447208909348e-04
8.432196600803284819e-04
8.562749670329659326e-04
7.322777736641235789e-04
2.713812023532811675e-04
8.172239006843219980e-04
7.577069883338734269e-04
5.170745173578364384e-04
6.788809660335424177e-04
1.395219078858727551e-03
1.968778779370129435e-04
5.226618452024938246e-04
1.063457928659639930e-03
1.283968135847230732e-03
5.194062492574026213e-04
7.657785745989507216e-04
5.578807314018944174e-04
1.577392437212540638e-03
6.089936328288141467e-04
4.887728456653813109e-04
4.319285877927415518e-04
8.243742655556607997e-04
1.775839920381552632e-03
7.215077804202908122e-04
3.878020002785540063e-04
8.929463979809376326e-04
7.758214855418599709e-04
7.914682551746644174e-04
7.594448104208411819e-04
5.752694122673229250e-04
4.789359670088351429e-04
5.668031791416866744e-04
5.618232104699097612e-04
1.662525335849350918e-03
4.043803505516669868e-04
3.571490952332458959e-04
9.018353914324725093e-04
1.927430391652639515e-03
7.581359662173039245e-04
7.825857341779770149e-04
3.302880638348226609e-04
1.961131081074822709e-03
7.250505861528315455e-04
2.578310637079352270e-03
9.422500109548799605e-04
1.078588051295322273e-03
4.151312771618131470e-04
6.881608881483449597e-04
9.045569661238396118e-04
2.748966555610657782e-04
5.741432316690543236e-04
9.533586595619746593e-04
4.741570447941715802e-04
9.470256929980716814e-04
7.630966213884049238e-04
7.230124978115218043e-04
1.135578935080594921e-03
1.172733134392024874e-03
1.956397123937152985e-03
1.664291239985068581e-04
1.122903913052069030e-03
8.155206763106131150e-04
1.011347501456996700e-03
9.377640351612028359e-04
8.475251493351512472e-04
6.047556905649177552e-04
4.740654725447373576e-03
3.645463232915865243e-04
8.925714900827148510e-04
5.784392046509337143e-04
1.426616366976112601e-03
2.550478792500252175e-03
4.647109804676137425e-04
1.011347501456996700e-03
4.732818220811913531e-04
2.460970219523032389e-03
5.183970271242589788e-04
1.260807928052401277e-03
4.528233427183372549e-04
1.486313943173808326e-03
3.479379921119233623e-04
5.933733986250916068e-04
8.961137124821438437e-04
1.015681319974555148e-03
5.495215219187427882e-04
1.160447876019317414e-03
5.521093683885028173e-04
6.700550706086335446e-04
9.538791507288298414e-04
5.778235513484592792e-04
7.701811819541342589e-04
2.283548633734864327e-03
6.666564257628300027e-04
6.989991875809073571e-04
4.143479490683314552e-03
8.362282985241845969e-04
4.970764711503407969e-04
2.995679382931055578e-03
1.073797942102938012e-03
2.711845591988983929e-04
1.358479258615754573e-03
4.189075086651061763e-04
1.542544035127365936e-03
7.337658699191414342e-04
8.530945660689942924e-04
5.932720552207356932e-04
1.573287062394194665e-03
7.034995868148313271e-04
1.215098663808678991e-03
2.360060027840534273e-04
4.369967845380352193e-04
4.515053564682483056e-04
5.742735219610432167e-04
2.984411178905496285e-04
2.840199545814323383e-04
5.580990348909280890e-04
1.389944180115590140e-03
2.771108319102928534e-03
8.319780034407704911e-04
1.116172445568766255e-03
5.454875312781980743e-04
6.649494376514371915e-04
6.812031921451702342e-04
5.800631817539675817e-04
4.252143292140295031e-04
6.188731558737281318e-04
3.245788538415012546e-04
7.560348267502816711e-04
7.049546151397644705e-04
7.560342217963718966e-04
4.196334850561095754e-04
4.406433336118098921e-04
9.887760196431159311e-04
1.109666061602187365e-03
4.805091522345411657e-04
9.154227717395125100e-04
8.529326724835788447e-04
9.508134632830275062e-04
3.926386162459604605e-04
1.059908153469090331e-03
2.305087067565578934e-03
5.318839433085041472e-04
2.547930439258580255e-04
1.131356549732153490e-03
5.901282343821049638e-04
1.553027390226183191e-03
8.199628352529778194e-04
5.752382539912154810e-04
2.258797575158909537e-03
4.512602957577281897e-04
1.559251933344460743e-03
8.574390047576922746e-04
1.462685039595918801e-03
5.730303992351985917e-04
1.952160225410944127e-03
6.866861059768161269e-04
1.113262112143649681e-03
5.590968096198230351e-04
2.143343944912746383e-03
6.233976130953886204e-04
4.327524485889065872e-04
1.771683397722603574e-03
7.599559285391548373e-04
6.934180270936065541e-04
1.949541976653420845e-03
9.740428998332401967e-04
1.021813149699257002e-03
1.609878959272906468e-03
3.436009874022090990e-04
6.476286480745321091e-04
4.914011419235600692e-04
5.372045266706501274e-04
8.793426876224690264e-04
1.021644363057023618e-03
6.873609369692349792e-04
1.136590229381610750e-03
3.411549869685994926e-04
5.259485173866848594e-04
2.748153943887441872e-04
1.998018571762875169e-03
3.809022465676874030e-04
6.018402523936941311e-04
9.568402836770264564e-04
9.087781637805955907e-04
6.029533564504647785e-04
5.618022098648010193e-04
1.270093490673768460e-03
9.019332164666546588e-04
6.538717658574059099e-04
1.742625764392768950e-03
1.005528277508792746e-03
1.738438801483103762e-03
7.381005283945206268e-04
2.083245868885234223e-04
7.590006588469489120e-04
1.253670909999574524e-03
7.988464756211048666e-04
3.629179936333656723e-04
4.516134596793604000e-04
8.942480784106573554e-04
5.461713104202570168e-04
4.829181550383255346e-04
7.661785719175133024e-04
7.242440180063248112e-04
7.629979295280929106e-04
2.145117121120274171e-03
4.856774955256630967e-04
1.176375510042000291e-03
4.762887822805815172e-04
6.688472852818570314e-04
1.803352888962281428e-03
6.092139393364728048e-04
9.079352714472563963e-04
2.468522900802951666e-03
1.809102154121795336e-03
8.482450350921386887e-04
7.984356483920949064e-04
9.475819796694778850e-04
1.123987702679295295e-03
1.948392913446983597e-03
6.296610313018632292e-04
1.938170114862229881e-04
5.541826560759895029e-04
2.362277989127148110e-03
9.787580067485404569e-04
3.635831681939313354e-04
6.905552540833291694e-04
6.137761853088170242e-04
1.550993722880974991e-03
1.698445893111846013e-03
1.793971236381069773e-03
1.721915582933407785e-03
7.086403752097606866e-04
1.379187231814283732e-03
7.428440908616888239e-04
6.075676455300546954e-04
8.758977210753513855e-04
2.997164055187892312e-04
3.668388604475764439e-04
4.889654027096869459e-04
1.398738726089040303e-03
5.134093256262024785e-04
3.013218011608075736e-04
3.599955773116443971e-04
1.428186747199886291e-03
1.543294704302781853e-03
7.262790921806469352e-04
7.942405670056324266e-04
4.766257584072552890e-04
3.173164770156452954e-04
7.250505861528315455e-04
1.008995541225463479e-03
1.093966294819705143e-03
3.736050644281950365e-04
1.926373435374793396e-04
3.866670150607534151e-04
2.680231657696146067e-04
2.582100502885334870e-03
1.087687743528686479e-03
5.595491061178005333e-04
9.422500109548799605e-04
9.830174629689488602e-04
4.759750969412108730e-04
1.982278538199691109e-04
1.167468094921161707e-03
1.005278462394477599e-03
1.879573154421268141e-03
3.915041782095589644e-04
5.232430014408608358e-04
1.722294551044620172e-03
4.316184579301360715e-04
5.372045266706501274e-04
1.285776059257302166e-03
1.133807690339843797e-03
1.578677015774156188e-03
1.118508241048369245e-03
1.830526784042773051e-03
1.240860459732625763e-03
1.621532477117503023e-03
1.672105366357096471e-03
3.897864605832162448e-04
1.295250246482902408e-03
1.080079889432717863e-03
2.170315893384789133e-04
1.235091348468630263e-03
5.154175569962362452e-04
6.117082087209153125e-04
5.771437400391876043e-04
6.410091254441805438e-04
3.739719578166512026e-04
1.612466361516436044e-03
7.369004288852548613e-04
2.206978147951769444e-04
2.053500970851406416e-03
2.320207157881027987e-04
4.265152942658495669e-04
8.468465197103910991e-04
6.484335199120270761e-04
7.078568890418297180e-04
1.205466472054856448e-03
4.302802237976683384e-04
6.199186725034194984e-04
1.071667213934615137e-03
1.720973845688532648e-03
2.883654432295200323e-03
5.175979816950150580e-04
9.018353914324725093e-04
1.577687280122141988e-03
1.763284025921409929e-03
6.490332361975805148e-04
1.329068385625465894e-03
5.380213171610020691e-04
9.201881371316731565e-04
4.012454691018795178e-04
1.467217838630707890e-03
5.431907703841945155e-04
6.389563777359756223e-04
1.990613263548148058e-04
6.123896064396213606e-04
4.936158679373646484e-04
1.485304525383407577e-03
3.550780937800566278e-04
1.869631242795456337e-03
9.064466932090598037e-04
2.752352498377449996e-03
7.127289881471095311e-04
4.427116394405415699e-04
1.030523384555183906e-03
6.933212676111523117e-04
8.562749670329659326e-04
8.373701097935151412e-04
6.961790255166089032e-04
1.439295253883810183e-03
1.254179996910268326e-03
3.576788971424321208e-04
5.652397842180790794e-04
4.449854684880879055e-04
2.052313613658976552e-03
6.645853604654245253e-04
6.521341255795634183e-04
1.208100667558958344e-03
1.653036724413882051e-03
9.397427328936906439e-04
9.201900843906246803e-04
6.869203523910271010e-04
1.784830230445523611e-03
6.989583717944111881e-04
9.242272075566484221e-04
1.115115431236918860e-03
7.560342217963718966e-04
1.871592065466963712e-03
2.628626035952262227e-03
2.587222676604562007e-03
5.123187012847729791e-04
7.105373433712663337e-04
1.467217838630707890e-03
7.704021144173409455e-04
3.975882832043972051e-04
4.163169486842838163e-04
3.934045125639462322e-04
2.383313622510394329e-04
8.709266871840439916e-04
2.600003835664426582e-03
1.122028216989970004e-03
7.481373224019515541e-04
1.018929668463128832e-03
8.622172348369234280e-04
9.094122554110006850e-04
2.562215368068689308e-03
7.087846717621556223e-04
3.912811933085266259e-04
5.318839433085041472e-04
3.173164770156452954e-04
2.372863111956081733e-04
1.929413326115451965e-03
1.064403536453354402e-03
1.759906670194701702e-03
8.486872947954829339e-04
7.190795901260994263e-04
1.475598774549921437e-03
1.237246632625821309e-03
1.530985016318213389e-03
1.094876833587063577e-03
5.135230534746681140e-03
1.134310221377870164e-03
9.390609118841549080e-04
5.730368057569001873e-04
5.078395008019878252e-04
7.658365525755982247e-04
1.117335613713011950e-03
9.643978153607376700e-04
8.880572577556311142e-04
2.131467816854814754e-04
6.800798098557899515e-04
1.428533604864052134e-03
5.973457651909988824e-04
4.304398377341452000e-04
1.384703174673556584e-03
2.467208309870275521e-03
3.812989832081347210e-04
1.848998511925833673e-03
5.372045266706501274e-04
5.886406428522789796e-04
6.653487255893002997e-04
7.000703531759858633e-04
6.332205426604032520e-04
8.452654768222920374e-04
3.732907920932039113e-03
1.182887175192890014e-03
2.305087067565578934e-03
1.388676393251903627e-03
4.225051352797573882e-04
4.941909524781626763e-04
3.303220497779753339e-04
1.255363556961554793e-03
5.412275961812458916e-04
7.384277947884823655e-04
5.046976713543545106e-04
2.357792195970456490e-03
4.504121429204625978e-04
5.199238742772739922e-04
3.292681863890259777e-04
3.978923076617188058e-04
3.882042749783269587e-04
1.564599856128401530e-03
1.115249237202435052e-02
5.868107433975941348e-04
7.774943445589588319e-04
2.014868549020179533e-03
6.021541283297070311e-04
5.063085508553492008e-04
7.521935995079248160e-04
1.011347501456996700e-03
1.663984968207924938e-03
1.109061838208325827e-03
1.290434518205152425e-03
8.585729926392346358e-04
7.623363406990234237e-04
4.210222464656370790e-04
2.569139398274139161e-04
8.150958363009520478e-04
9.936724899806148072e-04
8.851957246228283997e-04
4.013629084995652880e-04
6.574673895204237407e-04
7.754404402362249319e-04
1.115249237202435052e-02
3.136849373962887931e-04
1.115115431236918860e-03
4.093295206446500027e-04
2.612517934493140386e-03
9.410328282619612530e-04
6.783169434355668537e-04
6.714382282772798959e-04
8.437800453143828091e-04
4.066214517605195862e-04
6.869203523910271010e-04
4.524837897938121080e-04
1.700387893101293422e-04
9.201900843906246803e-04
2.155743894542315117e-03
1.104230746927987875e-03
6.070939831361308377e-04
2.411742495003611319e-04
3.234036493012190129e-04
9.133145590191114145e-04
9.900522015635340387e-04
2.991194354118157403e-04
1.013345120386112451e-03
1.003719290479560032e-03
1.366773338240413055e-03
5.689762991672369990e-04
5.343421711938326976e-04
5.720343727374701398e-04
1.121973513072987592e-03
7.040725769285555245e-04
8.289490847902008424e-04
9.113333270956768895e-04
4.007393796729012995e-04
1.039185444197584293e-03
9.320555064645641820e-04
1.232733015080990455e-03
3.689812361535908737e-04
3.736203653039346347e-04
4.398905815264728819e-04
6.480157233459869987e-04
1.539413980442509190e-03
4.003894562029835570e-04
8.314156046400841566e-04
4.791187844938450506e-04
6.161658724713225174e-04
1.125980907589503935e-03
6.473263300488205649e-04
6.199186725034194984e-04
6.525333054894287381e-04
6.529323242027972604e-04
5.711883188990876182e-04
4.937404292293459673e-04
5.074601370124757430e-04
4.743962762848871967e-04
2.820724668351015196e-04
1.053415236039048370e-03
8.360068991704324793e-04
2.180727899167208932e-03
2.596907673738923887e-03
6.869203523910271010e-04
9.850986841740878332e-04
9.151019797738781103e-04
7.432581846012269958e-04
4.423951351504981015e-04
3.594520192855154726e-04
4.547798723085953558e-04
1.008665826893858459e-03
4.599627779389819080e-04
1.772561522282822431e-03
2.463611258134839883e-04
2.405191867367843664e-04
2.497936474365705542e-04
5.892827751946648615e-04
3.736203653039346347e-04
3.792222426667492935e-04
1.449886921992574575e-03
4.913042285825632753e-04
3.710917131277305641e-03
1.566984865893714801e-03
2.978471726479662999e-04
6.155276925961686123e-04
5.264474231943350267e-04
4.842151478719259380e-04
7.578554377251236042e-04
2.292317600839258542e-04
6.683342010189538985e-04
3.121434367798350882e-04
8.881625899833146560e-04
6.493464451962513645e-04
1.686228827108394480e-03
7.538226937405610034e-04
1.079456660510680777e-03
3.353566130085595606e-03
1.215776720188518857e-03
1.211532627949424637e-03
2.792165452223482718e-03
1.779909969399669353e-03
4.095235889183658040e-04
7.214464739131096465e-04
7.780573011330492363e-04
1.577211065848064435e-03
1.129517956597235690e-03
7.324167918080937579e-04
2.067980783612988812e-03
5.604375978184880733e-04
2.396809002383225740e-03
3.739097796722268600e-04
8.622172348369234280e-04
2.272252142283365858e-03
4.816884542750191046e-04
3.252654106279212975e-04
8.447007268782664394e-04
8.973022609887866758e-04
7.788300050527798045e-04
1.009562765028599804e-03
1.065876926031213406e-03
5.353444368969855925e-04
5.585909695805197977e-04
7.683194668718859328e-04
4.107222703572985896e-04
4.371747352903140134e-04
1.426723156042250485e-03
9.088413365322652385e-04
2.717712742177183158e-03
8.318539058402431123e-04
4.996695723124360521e-04
5.648414985305378775e-04
8.541649305648425523e-04
2.282288838685993422e-03
6.500348613752159098e-04
9.979675110340369137e-04
5.464069739854903905e-04
3.608896746711235271e-04
7.755608781834975006e-04
5.998330377210331398e-04
6.296661402879826994e-04
5.869655108673610573e-04
1.800474854611284342e-03
6.713386593610459621e-04
6.912763082087893278e-04
6.778437878454417935e-04
7.964624608296855604e-04
2.008113162591123463e-03
2.813268030251822160e-03
4.401427056957395579e-04
3.060199086949325986e-04
2.730480105133906328e-04
7.658148503242189929e-04
2.356380435488537092e-03
1.672430260812153265e-03
6.866861059768161269e-04
1.319373426549101799e-03
1.483218923874557709e-03
1.620186910713421798e-03
9.994955791036374236e-04
1.122616580997277307e-03
5.038755170825490702e-04
1.041766280055306162e-03
4.201548877774121337e-04
9.850986841740878332e-04
8.556013776551035831e-04
1.355664137767606482e-03
1.528131110459184615e-03
6.642094144499912766e-04
9.723524280929896632e-04
1.166297319460771371e-03
3.375130895383742901e-03
1.968778779370129435e-04
9.215649946105096630e-04
1.192706084771745587e-03
1.607288411150791050e-03
9.910876752499155323e-04
7.643491603396004256e-04
8.384872439023326402e-04
3.601541354375563061e-04
7.658635387539772851e-04
5.015500823433503667e-04
1.036912699721270151e-03
1.081135434274871701e-03
6.493749872355385243e-04
4.921868819690116380e-04
8.287651436835758584e-04
8.431817645173404156e-04
4.390980181466520578e-04
5.282103619707173830e-04
4.299812217227038519e-04
1.810432652337876048e-04
2.547060016236242464e-04
2.099378416153895900e-03
1.792524053403165988e-03
1.256632917365938136e-03
2.090971186342232505e-03
8.351595857344209584e-04
2.623707086528855557e-04
3.732125981310566642e-04
3.173164770156452954e-04
1.316188570316853459e-03
1.341563749839905706e-03
5.296266278385947535e-04
5.118522750262764157e-04
1.105771760360193612e-03
9.043281821163010221e-04
1.738438801483103762e-03
4.108220770766947221e-04
5.974731056570865449e-04
1.257632858140083146e-03
1.285669041799900915e-03
7.556514894917063701e-04
1.385096895164118118e-03
5.163690378992758694e-04
3.980789574847803784e-04
5.161123646643494926e-04
7.560342217963718966e-04
6.971347329597755256e-04
6.521341255795634183e-04
3.053762654594591544e-04
2.259273360613764121e-03
6.552195417279105391e-04
1.392380596250744661e-03
9.547547948167272322e-04
3.406322385053986456e-04
3.411373330485548637e-04
2.813268030251822160e-03
5.605866164024606111e-04
1.126266332194748605e-03
1.664291239985068581e-04
1.287229424979793955e-03
3.320255494386169519e-04
4.245406068592368510e-04
2.856922490069146309e-03
7.535300475256715260e-04
8.087601110749785896e-04
1.807109917493903220e-03
1.487708422266623273e-03
1.025207340055913751e-03
9.469883094758394394e-04
7.185767330572952714e-04
2.502978477117688994e-03
5.277623265621863430e-04
1.117011997367201200e-03
1.403320337408319601e-03
6.866861059768161269e-04
6.624610593027840770e-04
5.607791496671199168e-04
7.361243365989934709e-04
1.825151836965464716e-03
1.128478421301163477e-03
9.048394042617650696e-04
7.880799705681459412e-04
5.994638094115509706e-04
4.798698710202886739e-04
1.671195762790658431e-03
7.658365525755982247e-04
1.828730946564018339e-03
1.218424265729113045e-03
6.588937253311215759e-04
5.922845413918647120e-04
4.408505698051413935e-04
1.073635162641055872e-03
5.873532162216388861e-04
8.538852585085058081e-04
1.321753713835844115e-03
2.959213453864566732e-04
5.361547559395101565e-04
1.008089896219033004e-03
6.514773687203011688e-04
2.084447344712708587e-03
3.152575735329545209e-04
5.216451159788355278e-04
4.239906836023613068e-04
6.856711618660860747e-04
3.712554553265773002e-04
3.503866120962296072e-04
5.615580674073279623e-04
8.371955779075096037e-04
9.147498183994693614e-04
7.086403752097606866e-04
6.473988918402623230e-04
1.165273984780703905e-03
7.822354721363546917e-04
1.403668380866429600e-03
8.609272793564198790e-04
1.507902172606355841e-03
3.626231013104875742e-04
1.145149356169387856e-03
2.856557448320445457e-03
9.037837716313431484e-04
6.307332178593284171e-04
1.010570139622285219e-03
1.451864952991110697e-03
1.337789550814089687e-03
1.539014375371384265e-04
5.330863885705447707e-04
1.063898575154129372e-03
1.367247317311538627e-03
1.157951586259311008e-03
7.939850200372899512e-04
8.001880031765593471e-04
5.510244720277291883e-04
1.516194976006335652e-03
5.278585392929494632e-04
7.571660598304425557e-04
4.966629338721618211e-04
2.654529772704530984e-04
6.320727659793735865e-04
4.515127976776542318e-04
2.579151617374294495e-03
7.981361188088654862e-04
9.583072899094838282e-04
7.274331770066438116e-04
1.990613263548148058e-04
5.651545078158878681e-04
1.735534133705504732e-03
8.557764085557116552e-04
1.905274395821355497e-03
7.588584063010528650e-04
7.434555305259020344e-04
1.196515995810031431e-03
2.087388070229102398e-03
4.473380558506702583e-04
3.420270041650344301e-04
5.223902410597246627e-04
7.720003244842498077e-04
5.785440310745251780e-04
9.088413365322652385e-04
6.963349269862466112e-04
4.316184579301360715e-04
1.320676945379776427e-03
2.640161394060930398e-03
4.066717821756465684e-04
6.961790255166089032e-04
1.285489728654275925e-03
2.569139398274139161e-04
4.834379350030150891e-04
4.327524485889065872e-04
3.546991193525204748e-04
1.993477807449717774e-03
1.804776858720826124e-03
1.569224698444235963e-03
2.235556663309603946e-03
1.079965950607587877e-03
5.602767263538052959e-04
1.223031608558261367e-03
7.120998126876462372e-04
7.495179178908251963e-04
5.021322257428238170e-04
1.257921606667000442e-03
5.853440197903484084e-04
2.071027345726989596e-03
3.244862869155106335e-04
3.702388769606041255e-04
3.867828663822544914e-03
6.005447301976040439e-04
3.364663569894289254e-03
1.078275309245941638e-03
4.700010575814848835e-04
1.536646442068370427e-03
3.083435824986003378e-04
1.049884981560808388e-03
3.355896390590667588e-03
6.050483171272725766e-03
5.739169954007501597e-04
1.472513296725261713e-03
3.375757178150761025e-04
3.178414649767844738e-04
1.069909513726770940e-03
6.104780537619614814e-04
7.436788103336192200e-04
5.170745173578364384e-04
9.275622153146679443e-04
5.463291072950397353e-04
6.623455128551792789e-04
7.712132401152253141e-04
7.126612746073625240e-04
3.897864605832162448e-04
1.344078126134718625e-03
5.296263327073309247e-04
3.479806700571198819e-04
1.083818741492672448e-03
5.634460390456861711e-04
3.029301589883661751e-03
6.475777322109049555e-04
7.922615391296807278e-04
6.854635901286261750e-04
7.240925584899974860e-04
8.723197033014016893e-04
6.976129921342579020e-04
6.417094019490225329e-04
2.412590305692475286e-03
8.689759613232447702e-04
5.277264344301701776e-04
2.169458028649895150e-04
1.960064053761423342e-03
1.222818996828499384e-03
4.793687931858236985e-04
5.608359273926040965e-04
1.091406989924587024e-03
1.334639447728735908e-03
1.608623271664092044e-03
7.862300447845974299e-04
1.514812968594651680e-03
1.010818978038109401e-03
1.410925809437844490e-04
2.999331801475248627e-03
7.440130072955124674e-04
4.223971036936034827e-04
7.916720929720499726e-04
7.318924663568926025e-04
8.876661348135362652e-04
8.339755048610876520e-04
3.119089391362712006e-04
5.927322999418333091e-04
2.485612677884861850e-03
8.127862000666683309e-04
7.999147624908426943e-04
1.461156808660928064e-03
3.426276577114974317e-04
2.401376225255185803e-03
1.444733353614576984e-03
6.287572635076680216e-04
1.539413980442509190e-03
7.831422839682988715e-04
3.500630875475033849e-04
1.937632528957301684e-03
5.176030634749476805e-04
1.448758819603732399e-03
5.381391608861393503e-04
1.152262319326392837e-03
9.114776988313233767e-04
6.762412329443641618e-04
6.224982129187698297e-04
2.375700166570424079e-04
6.762412329443641618e-04
2.518172241324925700e-03
1.061934589446482348e-03
1.248570595285188609e-03
3.338899379553116466e-04
4.812158733802264369e-04
1.113138896396415056e-03
4.997894820473412205e-04
4.355210126291704617e-04
6.027356447975499567e-04
4.854343246141543241e-04
6.148198346771271755e-04
7.869049494564563270e-04
7.828859970626325269e-04
2.564783645153119029e-03
6.628762990447002040e-04
7.429227683097835511e-04
1.287446068881077307e-03
3.913832812085519717e-04
1.160287374905834322e-03
2.332119301204951291e-03
1.241085754693306174e-03
1.207663559320606202e-03
9.838590624029566224e-04
1.100500147447129942e-03
8.433993915235429633e-04
5.873532162216388861e-04
4.981743680091450669e-04
9.818492769931269192e-04
8.297529608609990632e-04
2.142488503394405976e-04
1.256529245094179913e-03
9.229266038706087022e-04
1.116172445568766255e-03
1.559201851151298824e-03
5.145636145183274997e-04
6.371591896300047219e-04
2.309201842587315008e-04
7.939850200372899512e-04
5.938045969628215912e-04
6.829754320920087109e-04
1.238907411476088908e-03
1.160938923440710865e-03
2.672501597152015314e-04
4.508576761432155099e-04
1.323471325791735062e-03
1.028270148940196513e-03
2.883459376553613052e-03
1.248570595285188609e-03
1.249417679348913341e-03
6.235542117860132195e-04
8.366699927323391047e-04
1.105086251447104373e-03
1.099767699677290473e-03
1.157138213358343626e-03
1.117219482244076511e-03
1.428682659111689618e-03
7.834958395538253783e-04
3.834696046523480991e-04
2.940515401259167702e-03
1.123987702679295295e-03
9.047575198253424503e-04
4.690720545997154934e-04
7.949722654129849023e-04
1.164585530215330724e-03
8.243742655556607997e-04
1.102248762475293306e-03
5.515130051858697490e-04
5.787718079374271985e-04
2.518756610343255136e-03
9.045569661238396118e-04
1.517146334514906910e-03
1.011151001621878910e-03
4.204080091946195245e-03
6.394378777681709435e-04
3.479379921119233623e-04
5.229025466472952488e-04
9.531906123251980599e-04
1.221429917278871137e-03
1.132458974576677204e-03
1.483218923874557709e-03
4.084643860073866833e-04
1.793971236381069773e-03
2.767971639966378215e-03
1.571620356516029724e-03
5.333083242720696154e-04
1.250439136568474519e-03
1.408637725704876527e-03
3.279445390710225647e-04
3.478293017115407972e-03
5.330961912543575590e-04
6.636964324172836983e-04
6.904123482141876844e-04
2.123123996867988094e-03
5.625890555188383909e-04
2.426348881778451355e-04
2.345662920421135670e-03
4.666619508974048126e-04
3.851193813512783330e-03
2.188701985905683409e-03
9.306283111832273740e-04
3.259608132386507349e-03
5.819202200361990986e-04
1.603078364798523822e-03
4.770381263010299599e-04
7.939016921302716754e-04
2.369510746815983910e-04
4.922847020415371594e-04
3.003372223194610609e-03
1.809054645802732298e-03
1.043280580488389073e-03
2.457918480380662891e-04
7.568977480094586001e-04
7.050586120863965934e-04
3.129017636985184213e-03
5.368624720514405093e-04
1.271132436149620230e-03
1.514765509244158075e-03
4.920884919772237258e-04
6.676882719440948959e-04
