8.660360853376193905e-06
1.546618271290487874e-05
4.542737462854411245e-05
1.414469940539440621e-05
2.619459728952823059e-09
3.316429456656949268e-06
3.302754988071964393e-04
4.269559067103376580e-06
1.155449673869603058e-06
2.365051047172763068e-08
8.660360853376193905e-06
1.546618271290487874e-05
5.061155462089007428e-07
1.414469940539440621e-05
2.619459728952823059e-09
3.302754988071964393e-04
2.290073422528235703e-01
4.269559067103376580e-06
1.155449673869603058e-06
2.365051047172763068e-08
8.660360853376193905e-06
1.546618271290487874e-05
6.776646815761240127e-04
2.619459728952823059e-09
3.316429456656949268e-06
4.633718852738646593e-07
4.010306274201645704e-02
1.155449673869603058e-06
4.401560241075291565e-04
1.118157139064026724e-08
8.660360853376193905e-06
2.595017774445542444e-04
5.435594794381677598e-04
4.620163982751235635e-05
1.414469940539440621e-05
2.619459728952823059e-09
3.316429456656949268e-06
3.302754988071964393e-04
1.703664862707853639e-02
1.155449673869603058e-06
8.660360853376193905e-06
1.546618271290487874e-05
1.778767671329244541e-05
2.619459728952823059e-09
3.316429456656949268e-06
3.302754988071964393e-04
4.269559067103376580e-06
3.534224067770281230e-05
2.365051047172763068e-08
1.118157139064026724e-08
8.660360853376193905e-06
5.061155462089007428e-07
9.452135385353200485e-06
1.414469940539440621e-05
2.619459728952823059e-09
1.588882907515264391e-04
3.302754988071964393e-04
4.269559067103376580e-06
1.155449673869603058e-06
2.365051047172763068e-08
8.660360853376193905e-06
1.546618271290487874e-05
5.061155462089007428e-07
4.620163982751235635e-05
1.414469940539440621e-05
2.619459728952823059e-09
3.316429456656949268e-06
3.302754988071964393e-04
1.022686933780082721e-06
4.269559067103376580e-06
8.660360853376193905e-06
1.546618271290487874e-05
5.061155462089007428e-07
4.485794598336708718e-05
2.619459728952823059e-09
3.302754988071964393e-04
4.269559067103376580e-06
1.155449673869603058e-06
4.401560241075291565e-04
1.761176203118107246e-06
8.660360853376193905e-06
5.435594794381677598e-04
5.061155462089007428e-07
3.138741519924019243e-05
1.414469940539440621e-05
2.619459728952823059e-09
3.316429456656949268e-06
3.302754988071964393e-04
4.269559067103376580e-06
1.155449673869603058e-06
8.660360853376193905e-06
5.061155462089007428e-07
1.414469940539440621e-05
4.407740646615608103e-07
3.302754988071964393e-04
1.155449673869603058e-06
2.365051047172763068e-08
4.401560241075291565e-04
1.118157139064026724e-08
8.240073066228568047e-06
8.660360853376193905e-06
1.546618271290487874e-05
5.061155462089007428e-07
9.452135385353200485e-06
1.414469940539440621e-05
2.619459728952823059e-09
3.316429456656949268e-06
7.696545094036019460e-07
3.302754988071964393e-04
2.045522002806028010e-04
8.660360853376193905e-06
1.546618271290487874e-05
4.620163982751235635e-05
1.268202053179847202e-03
3.316429456656949268e-06
3.302754988071964393e-04
7.184347533648491281e-04
1.155449673869603058e-06
2.365051047172763068e-08
4.401560241075291565e-04
2.340873153836159619e-04
1.546618271290487874e-05
4.102185539933705547e-05
5.061155462089007428e-07
2.619459728952823059e-09
3.316429456656949268e-06
3.302754988071964393e-04
4.269559067103376580e-06
1.155449673869603058e-06
2.365051047172763068e-08
8.660360853376193905e-06
1.546618271290487874e-05
5.061155462089007428e-07
1.414469940539440621e-05
2.351147205093545954e-07
3.316429456656949268e-06
3.302754988071964393e-04
4.269559067103376580e-06
1.155449673869603058e-06
2.365051047172763068e-08
8.660360853376193905e-06
1.546618271290487874e-05
5.061155462089007428e-07
1.414469940539440621e-05
2.619459728952823059e-09
3.316429456656949268e-06
3.302754988071964393e-04
4.269559067103376580e-06
1.155449673869603058e-06
2.365051047172763068e-08
8.660360853376193905e-06
1.546618271290487874e-05
5.061155462089007428e-07
1.414469940539440621e-05
2.619459728952823059e-09
3.316429456656949268e-06
4.213404268318412892e-05
4.010306274201645704e-02
4.269559067103376580e-06
1.155449673869603058e-06
7.410111303016993049e-03
1.546618271290487874e-05
1.707721997852287767e-05
1.414469940539440621e-05
2.351147205093545954e-07
3.316429456656949268e-06
3.302754988071964393e-04
4.269559067103376580e-06
1.155449673869603058e-06
2.365051047172763068e-08
8.660360853376193905e-06
2.424771432978252349e-05
1.656411546602263731e-05
6.921594288338637352e-04
2.619459728952823059e-09
3.316429456656949268e-06
3.302754988071964393e-04
2.045522002806028010e-04
1.155449673869603058e-06
2.365051047172763068e-08
8.660360853376193905e-06
1.546618271290487874e-05
5.061155462089007428e-07
1.414469940539440621e-05
3.316429456656949268e-06
3.302754988071964393e-04
5.265547360061344121e-07
4.269559067103376580e-06
1.155449673869603058e-06
2.365051047172763068e-08
8.660360853376193905e-06
7.568913360534978421e-04
9.452135385353200485e-06
1.414469940539440621e-05
2.619459728952823059e-09
3.316429456656949268e-06
3.302754988071964393e-04
4.269559067103376580e-06
1.155449673869603058e-06
2.365051047172763068e-08
8.660360853376193905e-06
1.546618271290487874e-05
5.061155462089007428e-07
1.414469940539440621e-05
2.619459728952823059e-09
3.316429456656949268e-06
3.302754988071964393e-04
4.269559067103376580e-06
1.155449673869603058e-06
7.234084315335479759e-07
3.043726497654401482e-04
1.546618271290487874e-05
7.165185401372060718e-03
5.061155462089007428e-07
9.452135385353200485e-06
1.414469940539440621e-05
2.619459728952823059e-09
3.316429456656949268e-06
3.302754988071964393e-04
4.269559067103376580e-06
8.660360853376193905e-06
1.546618271290487874e-05
1.778767671329244541e-05
3.000670030023187360e-05
1.414469940539440621e-05
8.012253283027774078e-08
3.302754988071964393e-04
2.290073422528235703e-01
4.269559067103376580e-06
1.155449673869603058e-06
8.660360853376193905e-06
1.546618271290487874e-05
5.061155462089007428e-07
2.154925766402518338e-05
6.776646815761240127e-04
2.619459728952823059e-09
3.316429456656949268e-06
3.302754988071964393e-04
4.269559067103376580e-06
1.155449673869603058e-06
8.660360853376193905e-06
5.061155462089007428e-07
3.138741519924019243e-05
4.620163982751235635e-05
1.414469940539440621e-05
2.619459728952823059e-09
3.316429456656949268e-06
3.302754988071964393e-04
4.269559067103376580e-06
1.155449673869603058e-06
8.660360853376193905e-06
1.546618271290487874e-05
5.061155462089007428e-07
1.414469940539440621e-05
2.619459728952823059e-09
3.316429456656949268e-06
3.302754988071964393e-04
4.269559067103376580e-06
1.155449673869603058e-06
2.365051047172763068e-08
8.660360853376193905e-06
5.061155462089007428e-07
1.414469940539440621e-05
2.619459728952823059e-09
3.316429456656949268e-06
1.010228010995156168e-02
2.089441389983250270e-04
2.365051047172763068e-08
4.401560241075291565e-04
1.118157139064026724e-08
8.660360853376193905e-06
8.094879204282874174e-04
1.546618271290487874e-05
1.158332660920069089e-04
1.414469940539440621e-05
2.619459728952823059e-09
3.316429456656949268e-06
3.302754988071964393e-04
4.060883489327757453e-05
4.401560241075291565e-04
8.660360853376193905e-06
1.546618271290487874e-05
5.061155462089007428e-07
2.619459728952823059e-09
3.316429456656949268e-06
3.302754988071964393e-04
5.726460488801503196e-06
4.269559067103376580e-06
1.155449673869603058e-06
2.365051047172763068e-08
8.660360853376193905e-06
1.546618271290487874e-05
5.790791319814795273e-05
5.061155462089007428e-07
1.656411546602263731e-05
1.414469940539440621e-05
9.206219148702121914e-08
3.316429456656949268e-06
3.302754988071964393e-04
1.155449673869603058e-06
1.546618271290487874e-05
5.061155462089007428e-07
2.619459728952823059e-09
3.316429456656949268e-06
3.302754988071964393e-04
4.269559067103376580e-06
2.365051047172763068e-08
4.401560241075291565e-04
1.118157139064026724e-08
4.749045801000613457e-06
8.660360853376193905e-06
5.323043905898778433e-02
1.546618271290487874e-05
5.061155462089007428e-07
1.414469940539440621e-05
2.619459728952823059e-09
3.316429456656949268e-06
3.302754988071964393e-04
4.269559067103376580e-06
1.155449673869603058e-06
8.660360853376193905e-06
1.546618271290487874e-05
8.516359462415240469e-05
9.452135385353200485e-06
3.316429456656949268e-06
3.302754988071964393e-04
7.131421820292491165e-02
4.269559067103376580e-06
1.155449673869603058e-06
2.365051047172763068e-08
3.043726497654401482e-04
1.546618271290487874e-05
5.061155462089007428e-07
1.414469940539440621e-05
2.619459728952823059e-09
3.316429456656949268e-06
3.302754988071964393e-04
1.411673667714492971e-04
1.155449673869603058e-06
4.401560241075291565e-04
8.660360853376193905e-06
1.546618271290487874e-05
5.061155462089007428e-07
1.414469940539440621e-05
2.619459728952823059e-09
3.302754988071964393e-04
4.269559067103376580e-06
1.155449673869603058e-06
4.401560241075291565e-04
1.118157139064026724e-08
8.660360853376193905e-06
1.546618271290487874e-05
5.061155462089007428e-07
1.707721997852287767e-05
1.414469940539440621e-05
2.619459728952823059e-09
3.316429456656949268e-06
4.269559067103376580e-06
1.155449673869603058e-06
1.184409791612217125e-05
8.660360853376193905e-06
1.546618271290487874e-05
6.611347020193064996e-05
5.061155462089007428e-07
1.414469940539440621e-05
2.619459728952823059e-09
3.316429456656949268e-06
4.780899937126417893e-07
3.302754988071964393e-04
4.269559067103376580e-06
8.660360853376193905e-06
1.546618271290487874e-05
2.517754918082512226e-04
5.061155462089007428e-07
1.414469940539440621e-05
2.619459728952823059e-09
3.316429456656949268e-06
4.269559067103376580e-06
1.155449673869603058e-06
2.365051047172763068e-08
8.660360853376193905e-06
1.546618271290487874e-05
5.061155462089007428e-07
1.414469940539440621e-05
2.619459728952823059e-09
3.316429456656949268e-06
3.302754988071964393e-04
4.269559067103376580e-06
1.155449673869603058e-06
8.312088304168631695e-07
2.648982085417541884e-04
5.061155462089007428e-07
1.414469940539440621e-05
2.619459728952823059e-09
3.316429456656949268e-06
4.269559067103376580e-06
1.155449673869603058e-06
2.365051047172763068e-08
4.401560241075291565e-04
1.118157139064026724e-08
8.660360853376193905e-06
1.546618271290487874e-05
5.061155462089007428e-07
1.414469940539440621e-05
2.619459728952823059e-09
3.316429456656949268e-06
3.302754988071964393e-04
7.629427227173078078e-05
4.010306274201645704e-02
4.269559067103376580e-06
8.660360853376193905e-06
1.546618271290487874e-05
3.980369378536685544e-05
5.061155462089007428e-07
8.500167727383375795e-05
2.619459728952823059e-09
3.316429456656949268e-06
3.302754988071964393e-04
4.269559067103376580e-06
1.155449673869603058e-06
1.067638990237064532e-03
1.546618271290487874e-05
7.450839128025709508e-05
1.414469940539440621e-05
3.316429456656949268e-06
3.302754988071964393e-04
4.269559067103376580e-06
1.155449673869603058e-06
2.365051047172763068e-08
4.401560241075291565e-04
8.660360853376193905e-06
1.546618271290487874e-05
5.061155462089007428e-07
2.619459728952823059e-09
3.316429456656949268e-06
3.302754988071964393e-04
4.269559067103376580e-06
1.155449673869603058e-06
2.365051047172763068e-08
4.401560241075291565e-04
1.546618271290487874e-05
5.061155462089007428e-07
1.414469940539440621e-05
2.619459728952823059e-09
3.316429456656949268e-06
3.302754988071964393e-04
1.155449673869603058e-06
4.401560241075291565e-04
1.118157139064026724e-08
3.461707658856279550e-07
8.660360853376193905e-06
1.546618271290487874e-05
5.061155462089007428e-07
1.675361369741332245e-05
2.619459728952823059e-09
3.316429456656949268e-06
3.302754988071964393e-04
7.131421820292491165e-02
4.269559067103376580e-06
1.155449673869603058e-06
8.660360853376193905e-06
1.546618271290487874e-05
1.478890623401178292e-04
3.980369378536685544e-05
5.061155462089007428e-07
1.823335520714254631e-03
1.414469940539440621e-05
3.316429456656949268e-06
3.302754988071964393e-04
2.045522002806028010e-04
8.660360853376193905e-06
2.595017774445542444e-04
1.546618271290487874e-05
5.061155462089007428e-07
1.414469940539440621e-05
3.316429456656949268e-06
3.302754988071964393e-04
4.269559067103376580e-06
1.155449673869603058e-06
2.365051047172763068e-08
8.660360853376193905e-06
1.546618271290487874e-05
5.061155462089007428e-07
1.414469940539440621e-05
2.619459728952823059e-09
3.316429456656949268e-06
3.302754988071964393e-04
4.269559067103376580e-06
1.155449673869603058e-06
8.312088304168631695e-07
8.660360853376193905e-06
1.546618271290487874e-05
1.778767671329244541e-05
1.414469940539440621e-05
8.012253283027774078e-08
3.316429456656949268e-06
7.629427227173078078e-05
4.269559067103376580e-06
2.365051047172763068e-08
4.401560241075291565e-04
7.773083981581914133e-04
1.546618271290487874e-05
5.061155462089007428e-07
1.414469940539440621e-05
2.619459728952823059e-09
3.316429456656949268e-06
3.302754988071964393e-04
1.155449673869603058e-06
2.365051047172763068e-08
3.950688482517619726e-02
8.660360853376193905e-06
1.546618271290487874e-05
5.061155462089007428e-07
1.414469940539440621e-05
2.619459728952823059e-09
3.316429456656949268e-06
3.302754988071964393e-04
1.399276827269961164e-04
4.269559067103376580e-06
1.037096767530174419e-04
8.660360853376193905e-06
1.388197657560363884e-03
1.707721997852287767e-05
1.414469940539440621e-05
2.619459728952823059e-09
3.302754988071964393e-04
4.269559067103376580e-06
1.155449673869603058e-06
8.312088304168631695e-07
4.401560241075291565e-04
8.660360853376193905e-06
1.546618271290487874e-05
5.061155462089007428e-07
6.921594288338637352e-04
2.619459728952823059e-09
3.316429456656949268e-06
3.302754988071964393e-04
4.269559067103376580e-06
1.155449673869603058e-06
8.312088304168631695e-07
8.660360853376193905e-06
2.619459728952823059e-09
4.780899937126417893e-07
3.302754988071964393e-04
4.269559067103376580e-06
1.155449673869603058e-06
2.365051047172763068e-08
4.401560241075291565e-04
1.118157139064026724e-08
3.461707658856279550e-07
8.660360853376193905e-06
5.435594794381677598e-04
5.061155462089007428e-07
2.619459728952823059e-09
3.316429456656949268e-06
3.302754988071964393e-04
4.269559067103376580e-06
3.534224067770281230e-05
2.365051047172763068e-08
4.401560241075291565e-04
2.340873153836159619e-04
1.546618271290487874e-05
4.102185539933705547e-05
5.061155462089007428e-07
1.414469940539440621e-05
1.254968587347520496e-07
3.316429456656949268e-06
3.302754988071964393e-04
4.269559067103376580e-06
1.037096767530174419e-04
8.660360853376193905e-06
1.546618271290487874e-05
5.061155462089007428e-07
2.619459728952823059e-09
3.316429456656949268e-06
3.302754988071964393e-04
2.715155108158199984e-06
4.269559067103376580e-06
1.155449673869603058e-06
2.365051047172763068e-08
3.043726497654401482e-04
1.546618271290487874e-05
5.061155462089007428e-07
1.414469940539440621e-05
2.619459728952823059e-09
3.316429456656949268e-06
4.269559067103376580e-06
1.155449673869603058e-06
7.234084315335479759e-07
4.401560241075291565e-04
8.660360853376193905e-06
1.546618271290487874e-05
5.061155462089007428e-07
4.326500627384362177e-04
2.619459728952823059e-09
3.316429456656949268e-06
3.302754988071964393e-04
4.213404268318412892e-05
1.155449673869603058e-06
4.401560241075291565e-04
8.660360853376193905e-06
1.546618271290487874e-05
5.061155462089007428e-07
9.452135385353200485e-06
8.012253283027774078e-08
3.316429456656949268e-06
3.302754988071964393e-04
4.269559067103376580e-06
1.155449673869603058e-06
4.401560241075291565e-04
8.660360853376193905e-06
1.546618271290487874e-05
5.061155462089007428e-07
7.450839128025709508e-05
1.414469940539440621e-05
2.619459728952823059e-09
3.316429456656949268e-06
3.302754988071964393e-04
4.269559067103376580e-06
1.155449673869603058e-06
2.340873153836159619e-04
1.546618271290487874e-05
5.061155462089007428e-07
1.414469940539440621e-05
2.619459728952823059e-09
3.316429456656949268e-06
1.010228010995156168e-02
4.269559067103376580e-06
2.365051047172763068e-08
4.401560241075291565e-04
8.660360853376193905e-06
5.061155462089007428e-07
1.414469940539440621e-05
1.254968587347520496e-07
3.302754988071964393e-04
4.213404268318412892e-05
4.269559067103376580e-06
3.432438593022696816e-03
2.365051047172763068e-08
4.401560241075291565e-04
8.660360853376193905e-06
1.546618271290487874e-05
5.061155462089007428e-07
1.414469940539440621e-05
2.619459728952823059e-09
3.316429456656949268e-06
7.696545094036019460e-07
3.302754988071964393e-04
4.269559067103376580e-06
1.155449673869603058e-06
3.043726497654401482e-04
3.079519916088441396e-03
1.546618271290487874e-05
5.061155462089007428e-07
1.414469940539440621e-05
2.619459728952823059e-09
3.302754988071964393e-04
3.170134383237153280e-07
1.411673667714492971e-04
1.155449673869603058e-06
8.660360853376193905e-06
5.061155462089007428e-07
1.414469940539440621e-05
3.302754988071964393e-04
4.269559067103376580e-06
1.155449673869603058e-06
2.365051047172763068e-08
1.546950048145170724e-02
1.118157139064026724e-08
1.309838832026607656e-05
8.660360853376193905e-06
1.414469940539440621e-05
2.619459728952823059e-09
3.316429456656949268e-06
3.302754988071964393e-04
4.269559067103376580e-06
1.155449673869603058e-06
1.346324302193505941e-02
1.118157139064026724e-08
3.461707658856279550e-07
8.660360853376193905e-06
8.461565355503877089e-03
1.546618271290487874e-05
1.414469940539440621e-05
2.619459728952823059e-09
3.316429456656949268e-06
3.302754988071964393e-04
2.455247407999683546e-04
4.269559067103376580e-06
1.155449673869603058e-06
8.660360853376193905e-06
1.546618271290487874e-05
5.061155462089007428e-07
8.500167727383375795e-05
1.414469940539440621e-05
2.619459728952823059e-09
3.316429456656949268e-06
3.302754988071964393e-04
4.269559067103376580e-06
5.535695124217707174e-05
8.660360853376193905e-06
1.546618271290487874e-05
4.542737462854411245e-05
9.452135385353200485e-06
2.154925766402518338e-05
1.414469940539440621e-05
2.619459728952823059e-09
3.302754988071964393e-04
4.269559067103376580e-06
2.105934342794133960e-04
8.660360853376193905e-06
2.619459728952823059e-09
3.316429456656949268e-06
3.302754988071964393e-04
3.170134383237153280e-07
4.269559067103376580e-06
1.155449673869603058e-06
4.401560241075291565e-04
1.118157139064026724e-08
5.917567928404398533e-06
5.061155462089007428e-07
1.414469940539440621e-05
2.619459728952823059e-09
1.165575493355552503e-04
3.302754988071964393e-04
1.155449673869603058e-06
2.365051047172763068e-08
4.401560241075291565e-04
1.118157139064026724e-08
5.973139945800150848e-05
8.660360853376193905e-06
1.546618271290487874e-05
8.063317377620516204e-05
5.061155462089007428e-07
4.971223537003790051e-04
2.619459728952823059e-09
3.316429456656949268e-06
3.302754988071964393e-04
4.269559067103376580e-06
1.155449673869603058e-06
8.660360853376193905e-06
1.546618271290487874e-05
5.061155462089007428e-07
1.414469940539440621e-05
2.619459728952823059e-09
3.316429456656949268e-06
3.302754988071964393e-04
7.629427227173078078e-05
4.269559067103376580e-06
1.155449673869603058e-06
2.648982085417541884e-04
1.388197657560363884e-03
2.154925766402518338e-05
1.414469940539440621e-05
2.619459728952823059e-09
3.316429456656949268e-06
4.269559067103376580e-06
1.155449673869603058e-06
2.365051047172763068e-08
1.118157139064026724e-08
8.660360853376193905e-06
1.546618271290487874e-05
5.061155462089007428e-07
1.414469940539440621e-05
2.619459728952823059e-09
3.316429456656949268e-06
3.302754988071964393e-04
3.832226989909639169e-04
4.060883489327757453e-05
2.365051047172763068e-08
8.660360853376193905e-06
1.546618271290487874e-05
5.061155462089007428e-07
6.921594288338637352e-04
3.316429456656949268e-06
4.269559067103376580e-06
1.155449673869603058e-06
2.365051047172763068e-08
4.401560241075291565e-04
1.761176203118107246e-06
8.660360853376193905e-06
8.094879204282874174e-04
1.546618271290487874e-05
5.061155462089007428e-07
1.414469940539440621e-05
2.619459728952823059e-09
3.316429456656949268e-06
3.302754988071964393e-04
4.269559067103376580e-06
1.155449673869603058e-06
8.660360853376193905e-06
1.546618271290487874e-05
5.061155462089007428e-07
1.414469940539440621e-05
2.619459728952823059e-09
3.316429456656949268e-06
3.302754988071964393e-04
4.269559067103376580e-06
1.155449673869603058e-06
2.365051047172763068e-08
8.660360853376193905e-06
5.061155462089007428e-07
1.656411546602263731e-05
7.450839128025709508e-05
1.414469940539440621e-05
2.619459728952823059e-09
3.316429456656949268e-06
3.302754988071964393e-04
4.269559067103376580e-06
1.155449673869603058e-06
8.660360853376193905e-06
1.546618271290487874e-05
1.707721997852287767e-05
1.414469940539440621e-05
2.619459728952823059e-09
3.316429456656949268e-06
3.302754988071964393e-04
4.269559067103376580e-06
1.155449673869603058e-06
2.365051047172763068e-08
4.149130718045614726e-04
1.546618271290487874e-05
5.061155462089007428e-07
3.841990686851772278e-04
1.414469940539440621e-05
2.619459728952823059e-09
1.622956290003143621e-04
3.302754988071964393e-04
4.269559067103376580e-06
1.155449673869603058e-06
4.238303765586428143e-04
1.546618271290487874e-05
5.061155462089007428e-07
1.414469940539440621e-05
2.619459728952823059e-09
3.316429456656949268e-06
4.633718852738646593e-07
3.302754988071964393e-04
2.841382019997533729e-04
2.365051047172763068e-08
8.660360853376193905e-06
1.546618271290487874e-05
5.061155462089007428e-07
1.031732179121690185e-04
1.414469940539440621e-05
3.316429456656949268e-06
4.269559067103376580e-06
5.786453992670232251e-04
2.365051047172763068e-08
4.401560241075291565e-04
2.340873153836159619e-04
1.546618271290487874e-05
5.061155462089007428e-07
4.326500627384362177e-04
9.206219148702121914e-08
3.316429456656949268e-06
3.302754988071964393e-04
4.269559067103376580e-06
1.155449673869603058e-06
2.365051047172763068e-08
8.660360853376193905e-06
5.435594794381677598e-04
1.778767671329244541e-05
9.452135385353200485e-06
1.414469940539440621e-05
2.619459728952823059e-09
3.316429456656949268e-06
8.780477190379247241e-07
3.302754988071964393e-04
4.269559067103376580e-06
8.660360853376193905e-06
2.843109256936367929e-03
1.546618271290487874e-05
5.061155462089007428e-07
1.414469940539440621e-05
2.619459728952823059e-09
3.316429456656949268e-06
3.302754988071964393e-04
4.269559067103376580e-06
2.365051047172763068e-08
8.660360853376193905e-06
2.082944398969030757e-03
1.546618271290487874e-05
5.061155462089007428e-07
1.414469940539440621e-05
2.619459728952823059e-09
3.316429456656949268e-06
1.010228010995156168e-02
4.269559067103376580e-06
1.155449673869603058e-06
8.660360853376193905e-06
5.061155462089007428e-07
1.414469940539440621e-05
9.206219148702121914e-08
1.588882907515264391e-04
3.302754988071964393e-04
4.269559067103376580e-06
1.155449673869603058e-06
1.118157139064026724e-08
1.616753989335342924e-07
8.660360853376193905e-06
1.546618271290487874e-05
5.061155462089007428e-07
3.138741519924019243e-05
1.414469940539440621e-05
2.619459728952823059e-09
3.302754988071964393e-04
4.269559067103376580e-06
1.155449673869603058e-06
2.365051047172763068e-08
8.660360853376193905e-06
1.546618271290487874e-05
4.102185539933705547e-05
5.061155462089007428e-07
4.971223537003790051e-04
2.619459728952823059e-09
3.316429456656949268e-06
3.302754988071964393e-04
4.269559067103376580e-06
1.155449673869603058e-06
8.660360853376193905e-06
1.546618271290487874e-05
2.424771432978252349e-05
9.452135385353200485e-06
1.414469940539440621e-05
2.619459728952823059e-09
3.316429456656949268e-06
1.022686933780082721e-06
4.269559067103376580e-06
1.155449673869603058e-06
8.660360853376193905e-06
1.546618271290487874e-05
5.061155462089007428e-07
1.414469940539440621e-05
2.619459728952823059e-09
3.316429456656949268e-06
4.633718852738646593e-07
3.302754988071964393e-04
4.269559067103376580e-06
1.155449673869603058e-06
8.660360853376193905e-06
1.546618271290487874e-05
5.061155462089007428e-07
1.414469940539440621e-05
2.250807776326243053e-07
3.316429456656949268e-06
3.302754988071964393e-04
4.269559067103376580e-06
1.155449673869603058e-06
2.365051047172763068e-08
8.660360853376193905e-06
1.546618271290487874e-05
7.542446912591275999e-05
1.548077254139477866e-05
1.414469940539440621e-05
1.281935564121808902e-07
3.316429456656949268e-06
3.302754988071964393e-04
4.269559067103376580e-06
1.155449673869603058e-06
8.660360853376193905e-06
1.546618271290487874e-05
5.061155462089007428e-07
4.485794598336708718e-05
1.414469940539440621e-05
2.619459728952823059e-09
3.316429456656949268e-06
3.302754988071964393e-04
4.269559067103376580e-06
3.534224067770281230e-05
8.660360853376193905e-06
2.595017774445542444e-04
5.435594794381677598e-04
4.326500627384362177e-04
2.619459728952823059e-09
3.316429456656949268e-06
6.258398815804304242e-05
3.302754988071964393e-04
1.155449673869603058e-06
2.365051047172763068e-08
8.660360853376193905e-06
1.546618271290487874e-05
5.061155462089007428e-07
1.414469940539440621e-05
2.619459728952823059e-09
1.588882907515264391e-04
3.302754988071964393e-04
1.155449673869603058e-06
2.365051047172763068e-08
4.401560241075291565e-04
8.660360853376193905e-06
5.061155462089007428e-07
1.414469940539440621e-05
2.619459728952823059e-09
3.316429456656949268e-06
3.302754988071964393e-04
4.269559067103376580e-06
1.155449673869603058e-06
2.365051047172763068e-08
4.401560241075291565e-04
