3.350707417266572067e-03
3.165568102148901865e-03
3.152170286643413578e-03
2.174849962467191415e-03
3.012470183869604169e-03
3.537661075114026214e-03
2.417317739691976497e-03
3.021895492113282986e-03
2.070479556298889402e-03
3.213208770113940016e-03
3.121069881516409100e-03
2.306003255899886396e-03
3.209185863621386459e-03
3.618589487708216874e-03
3.553097104839298553e-03
3.344128500468550313e-03
3.056429062018768423e-03
2.016135351074452992e-03
2.817800073202484951e-03
3.406261348509251677e-03
2.244642048027011873e-03
1.980231815048839449e-03
3.613992113151783848e-03
3.469214564713127801e-03
3.320660255282046822e-03
3.227140536242016806e-03
3.388079777006883318e-03
3.550694366224534278e-03
2.936473902517366605e-03
2.344384267421485268e-03
2.682531461343475292e-03
3.284560076528084821e-03
3.199955334952990678e-03
3.163901177156892668e-03
3.316876985361543514e-03
2.707234943615733063e-03
2.254172789886422362e-03
3.327609713911500698e-03
2.265585544556738759e-03
3.263631745471024231e-03
3.237099538720541927e-03
3.401846697727002947e-03
3.267472218461616416e-03
3.331354908773661271e-03
2.905196351550676237e-03
3.522437405889844095e-03
2.870595465996141071e-03
3.415168794807216680e-03
2.758463214825470841e-03
2.672305762802588275e-03
3.644877308308923022e-03
3.265485098688245338e-03
3.015683271435065302e-03
2.620017884001712202e-03
2.003176132936118452e-03
3.060172038168389782e-03
2.466916354550194312e-03
2.074631584512855176e-03
3.252401217568833859e-03
3.115732957989113781e-03
3.577237257734375980e-03
3.274476846328385100e-03
3.440518737360837367e-03
3.019250085677656174e-03
2.579340110282301798e-03
3.039475421821480339e-03
2.347005503730464123e-03
2.962185527172387332e-03
3.432090250814677675e-03
2.585014637518623457e-03
3.215778145614878528e-03
3.262505513177527995e-03
2.398198345935439405e-03
2.859757192663828999e-03
2.079935077625644398e-03
2.898537706620156994e-03
2.631586888242973959e-03
2.903813403486301542e-03
3.153265715719462577e-03
1.879002725768192565e-03
3.603871357188192463e-03
2.550617252905429486e-03
3.356035334441597948e-03
2.565557893659980646e-03
3.246270198779534818e-03
3.480720485242584476e-03
3.275074117580465110e-03
3.461126667497382153e-03
2.881073912435907700e-03
2.356130783161309791e-03
3.312807481407641259e-03
2.436779567898941443e-03
2.641949090641023973e-03
3.650457684602180248e-03
3.260270696993106902e-03
3.506013818108351995e-03
2.799355045364289481e-03
3.428428593328563222e-03
2.830597538766061946e-03
3.019325045520717191e-03
2.705369406621427504e-03
3.513500862974447241e-03
3.419214637389565020e-03
3.334905523232642097e-03
3.531105972681343550e-03
3.630588937713916196e-03
3.549558120902058730e-03
3.016696406012615156e-03
3.495777604883842926e-03
1.960727960674565288e-03
3.426759717799173974e-03
2.699742689801152597e-03
3.544580349279893502e-03
3.315056629455543497e-03
2.943872754944284759e-03
3.486815866216281742e-03
3.226237960104095474e-03
3.262367664985567437e-03
2.539479168253806155e-03
3.633747781854642332e-03
2.711672122836121957e-03
3.652373638533486493e-03
3.241400441811194584e-03
2.590297952913837767e-03
3.459511795110278148e-03
3.045642370839274533e-03
1.912509422154533723e-03
2.061776824443467462e-03
2.862356656229540688e-03
3.318361973716613990e-03
2.433697151968334041e-03
3.294680054253744210e-03
3.485380518854804335e-03
3.639829259982544848e-03
3.434722724190192485e-03
3.077394530570987975e-03
2.545779108720034895e-03
2.814369794370034754e-03
3.077437156245775574e-03
2.687430819029057449e-03
3.073597240474405974e-03
3.268481081854713276e-03
3.264840345983418754e-03
2.298904321021558780e-03
3.621533017759081229e-03
3.619439303673908405e-03
2.748426594982948754e-03
2.461538457501545856e-03
2.418939321056842728e-03
3.492365523653552691e-03
3.338064018917465646e-03
2.527701272240855546e-03
3.452050417192183054e-03
3.047158606278164289e-03
2.361652619082264294e-03
3.489021358519596959e-03
2.989693122833675821e-03
1.985262075588482313e-03
3.451954921913809749e-03
1.915171605836420111e-03
3.486367953672410338e-03
3.054009284795743736e-03
2.996373459107238863e-03
2.346117044193614474e-03
3.584522220535482379e-03
3.585814676148547410e-03
3.399955727306884501e-03
2.407441750854554495e-03
3.225236460797546636e-03
3.572168359855678373e-03
2.367762301728210811e-03
3.375573555663811173e-03
2.785503472818596712e-03
2.650289543052929131e-03
3.361801269551841550e-03
2.938603533459406558e-03
3.472230530620654815e-03
2.304749848132016474e-03
2.535368392927615008e-03
3.595695394114802740e-03
3.315050147950965656e-03
2.971320292245421824e-03
3.512843725232771275e-03
1.963577099228016199e-03
2.886867284848171518e-03
3.161422016936819672e-03
2.198116559873781843e-03
2.849690161536815817e-03
2.890645306062804721e-03
3.478274165741452196e-03
2.598075714520663160e-03
2.883384756851863420e-03
2.893431862029104042e-03
3.462745451446089858e-03
3.518193454419098025e-03
3.622698092881638729e-03
3.433370201093730034e-03
2.641113453126479535e-03
3.318593750090948011e-03
2.347995267457441033e-03
2.544543521714362055e-03
3.047721789623081094e-03
2.689557385189938945e-03
2.561786309953440442e-03
3.554673813474059328e-03
2.750515567588956989e-03
2.700449251333989810e-03
3.252275507958295869e-03
2.577009823744817914e-03
2.498348241060919985e-03
2.910961530417882897e-03
2.972223220265642497e-03
3.391297189053925874e-03
2.902171085386880990e-03
2.187817422589304582e-03
2.575212951625270238e-03
3.433760996010809096e-03
3.379913468065001269e-03
3.335500645870558348e-03
2.575733213522810299e-03
2.725823332522929812e-03
3.486159667092952885e-03
3.566573116166258869e-03
2.834489803849992145e-03
3.313088356610305579e-03
3.567405977599914270e-03
3.643116204496003527e-03
3.068868006488396395e-03
3.604484909465334886e-03
2.066716648142592674e-03
2.591165322616076089e-03
2.042855169807289428e-03
3.579040438041279377e-03
3.509565861680347381e-03
3.506857668423004389e-03
3.451579457954663966e-03
2.205952027596518993e-03
2.414391857083720509e-03
2.769348015333117190e-03
3.607786319976917337e-03
3.637242057281759363e-03
2.339875153740211475e-03
3.138985747613641953e-03
2.834489803849992145e-03
2.467699182634210987e-03
3.143832589321700430e-03
3.077366034282264743e-03
3.201756133521753162e-03
3.083873670969666542e-03
3.201828522747432893e-03
3.638964005944844617e-03
2.259086399158473629e-03
1.807360017839999486e-03
1.892959863654537691e-03
2.904728879878496969e-03
2.814316569953503096e-03
2.460642094292522439e-03
3.177036553443686115e-03
3.253641631864220927e-03
2.727508384148379789e-03
2.347143328914521807e-03
3.433498920049787330e-03
2.165348829949250049e-03
2.504591014194759539e-03
2.711020907198474945e-03
3.407695633713481945e-03
3.232919211172375490e-03
3.356295313366019790e-03
3.152066596498113299e-03
2.958926278164648177e-03
1.767958763309771539e-03
2.857345551456176146e-03
3.427221279014666232e-03
3.531557202067363548e-03
3.035355229526343242e-03
2.588658894723513786e-03
2.936142862738428533e-03
2.837187237039485825e-03
3.250431706559234538e-03
3.118316012615168342e-03
3.068223717751206690e-03
3.566573116166258869e-03
3.003278716026875662e-03
3.067312968588897445e-03
3.197152361623469431e-03
2.872185898911833180e-03
3.011962241871537528e-03
3.143487851686387578e-03
3.148378670635642793e-03
3.309798665181099518e-03
3.194300305703733339e-03
2.961702803423275042e-03
3.008449658446625194e-03
2.673812176205731667e-03
2.744483976984913795e-03
3.364792363472720368e-03
3.414622593439908295e-03
2.431593563109115883e-03
2.162328350070536614e-03
3.113927700640350266e-03
3.118115352283931923e-03
2.288864286271169793e-03
2.272092928551642122e-03
3.487982284593234977e-03
3.243955276085824530e-03
2.981636559678009848e-03
3.616991593089446434e-03
2.753053756975790307e-03
3.626665119682737082e-03
3.530188904714467914e-03
3.604574869784609066e-03
3.546870854997673499e-03
3.106724759242196401e-03
2.562425866733256032e-03
2.593033559288348937e-03
2.376146973280984873e-03
2.526428463972474423e-03
3.227751472797202488e-03
3.369673496167010802e-03
3.098006423616456954e-03
2.803356875372353067e-03
3.654606263170469705e-03
3.309995900937711191e-03
2.927095796781510779e-03
2.740065159273091105e-03
2.352733434066309019e-03
3.443568687667662980e-03
3.533611282556305480e-03
2.495185589613976157e-03
2.159512196994959124e-03
3.317188899922226576e-03
3.639829259982544848e-03
3.207716797055202001e-03
3.119635309483760610e-03
3.604606209762294556e-03
3.644877308308923022e-03
2.720113165161214264e-03
2.442805052846136905e-03
3.178670639763775570e-03
3.159114421046623974e-03
3.061079496010726819e-03
2.375174208957967978e-03
3.327018801120503431e-03
3.534427664406654401e-03
3.455466800276240594e-03
2.779840643313197419e-03
2.993316477330160413e-03
2.030360169665511826e-03
2.377250350262028172e-03
3.257813748067181579e-03
3.147455925630097268e-03
3.531387692865898750e-03
3.475129743030435769e-03
2.573820479323569652e-03
2.427101983317412823e-03
3.402239447232524496e-03
2.370079209470235190e-03
2.899441119261241939e-03
3.468852019259568466e-03
2.667796633233291380e-03
3.415506638606198315e-03
3.504139023282565844e-03
3.133299300392826912e-03
2.952104624554220073e-03
3.394443471654707070e-03
3.417154655051511235e-03
3.534994419746854966e-03
3.537557966687684963e-03
2.200081397958456551e-03
3.459702018036090246e-03
3.236415174138630897e-03
3.478741350986131256e-03
3.558007655586396551e-03
3.273265200010786607e-03
3.295565484412647447e-03
3.061249821982039987e-03
3.353555676856390631e-03
3.041678320921266040e-03
3.058159435022445981e-03
2.101229971327333700e-03
2.182369413616916734e-03
3.393914794432901019e-03
3.525057137359219328e-03
2.581490135442580415e-03
2.459514261112231114e-03
3.124824996256899030e-03
3.528237950842918330e-03
3.354626213105168370e-03
2.565712611177461445e-03
2.501049486612189326e-03
3.498191490297158663e-03
3.322016257178184682e-03
2.727231800843595531e-03
3.118316012615168342e-03
2.975088472637409977e-03
3.615505511977148805e-03
2.187625112895361795e-03
2.915654490491984430e-03
3.001534637538475717e-03
3.310040171564578287e-03
2.728088222560037281e-03
2.993973748014498466e-03
3.287988263815779921e-03
2.445640167296381836e-03
1.862320168952591058e-03
3.293932948428790215e-03
3.426303403136981163e-03
2.474558633500482940e-03
3.125420189576543113e-03
3.083972748837622048e-03
3.402454025466723417e-03
3.115000125842639408e-03
3.082054282942039026e-03
2.930182435224532554e-03
3.314565021116735316e-03
3.580125920528778611e-03
2.657375521574308064e-03
2.841750793499769022e-03
2.740678167096269845e-03
2.381741904459182182e-03
3.057260454858645119e-03
3.528530641453706766e-03
2.587683144102726623e-03
2.778573611226408356e-03
2.155998052249839987e-03
2.214103221588260145e-03
2.542117026533004948e-03
3.502527544470875574e-03
2.981661908381037958e-03
3.369153586195724505e-03
2.552254174176054984e-03
2.482717375609591777e-03
2.785550037573300726e-03
3.586513093019872561e-03
3.274780313191207916e-03
3.579832128015528539e-03
2.006870593758171544e-03
2.958112482840361164e-03
2.013903066631083510e-03
3.659082455174587824e-03
3.389197525929959782e-03
2.056531691706172272e-03
2.021798786276070292e-03
2.346117044193614474e-03
2.707896104592295763e-03
2.436464550309731976e-03
3.544537939199030561e-03
3.095752736785089762e-03
3.174642074460769237e-03
2.617413801431128784e-03
2.945773421381145309e-03
3.652682204600153637e-03
3.267531718912905503e-03
3.355248276856965216e-03
3.647053268710769274e-03
3.277666831079199209e-03
3.499160573354823545e-03
2.250367010301870981e-03
2.932984269727055820e-03
3.415168794807216680e-03
2.676383260918450968e-03
3.655830899761104702e-03
2.575219218347986078e-03
3.593186990909694525e-03
2.886867284848171518e-03
1.912415429833070821e-03
3.371975284535792643e-03
3.666425184672298353e-03
3.161007193354784407e-03
2.800614796098061052e-03
3.599118137082227189e-03
3.034396128906558139e-03
2.494029812446605689e-03
3.314565021116735316e-03
3.419056388662963103e-03
3.552663615812800234e-03
3.321149489226309873e-03
3.588103764594700526e-03
3.264116739205333295e-03
2.714914601999858512e-03
2.933266225960680200e-03
3.372424192839186194e-03
3.159996256257556393e-03
2.763675551938972116e-03
2.901757411549966883e-03
2.589081791807788628e-03
2.525090541963582319e-03
2.749543061019735831e-03
2.657610700857201622e-03
2.766232280455054992e-03
3.490081687683012010e-03
2.659419316295408807e-03
3.425164065022253713e-03
2.872765096944346862e-03
3.411024432696164836e-03
2.997539965202866002e-03
3.117286105444401403e-03
3.627963978074961841e-03
3.115490561624784278e-03
3.195747081028263610e-03
3.259784019917637363e-03
2.884149340978461526e-03
2.042855169807289428e-03
3.020305997412425694e-03
3.232293940233274716e-03
3.197082338426526782e-03
3.606049478489555329e-03
2.441087468721161915e-03
2.373235541558487739e-03
2.382748950936044389e-03
2.459776541999809940e-03
2.356684675118752518e-03
2.968785058541999200e-03
2.706555893832520397e-03
2.515553077504860836e-03
3.327295320678285654e-03
2.886367809750188702e-03
2.941644719938425051e-03
3.571328623822712153e-03
3.433760996010809096e-03
2.883420725293149144e-03
2.622827722907577434e-03
3.200428560750011482e-03
3.482697283169855496e-03
3.082034999141971838e-03
2.426577946388666293e-03
3.472096121205908194e-03
2.461813909382005658e-03
3.492733686079832305e-03
2.735561291706635478e-03
2.883420725293149144e-03
2.031101450717974228e-03
3.436161002975334899e-03
3.079970169490750444e-03
2.341563222934026339e-03
3.558007655586396551e-03
3.566323112254612439e-03
3.510389623334032004e-03
2.830619232895370888e-03
2.360570270981755467e-03
3.101436392321239681e-03
2.972223220265642497e-03
3.054009284795743736e-03
3.663574031334137712e-03
3.025723182510611352e-03
2.083172698144035093e-03
3.246352069014905861e-03
2.139006406986594319e-03
3.041758778296550780e-03
3.309863611745674644e-03
3.366348739362666487e-03
3.006512893079007261e-03
3.652080057081428383e-03
3.331512442234166402e-03
3.214375077948130807e-03
3.597603176793676052e-03
3.135904235711582753e-03
3.489671886671219265e-03
3.586868011293579354e-03
2.265585544556738759e-03
2.617186276048202170e-03
2.899460003957272415e-03
2.764808898153216839e-03
3.572276734244068420e-03
2.901610627359405090e-03
2.558440768334251623e-03
2.336759607122781187e-03
3.062367316034134493e-03
2.704499179368153108e-03
3.517016756477646562e-03
3.378338974678753333e-03
2.346901432408196250e-03
3.604606209762294556e-03
3.145598000098883025e-03
3.655569653999522078e-03
3.233990565651201615e-03
3.583303470022001277e-03
2.088317418970816498e-03
2.763807070625171579e-03
2.729868010652921999e-03
3.379201163342990255e-03
3.606156054900325290e-03
2.720421482957321915e-03
3.572205886645993776e-03
3.281432418075949653e-03
3.019911192529455609e-03
3.245477647682850145e-03
3.399334045895969700e-03
3.182202788079946214e-03
3.472187737033856532e-03
3.091764009495116816e-03
3.494773168032851152e-03
3.283118556202214728e-03
3.436161002975334899e-03
3.629933372902978145e-03
3.532115757515868343e-03
3.630068505531893440e-03
3.224264027666473402e-03
3.357944465758702299e-03
3.477926439771158833e-03
3.424736422358476591e-03
2.678883010197131726e-03
2.558809675644198138e-03
3.563604794317391973e-03
2.329309491469803116e-03
2.219817338950212313e-03
3.138288248490259547e-03
2.863224489782107383e-03
3.188024395628855437e-03
3.587278180632608865e-03
3.550435907570522430e-03
2.574120406735251870e-03
2.753276682591285392e-03
3.070987162996942181e-03
3.184592188190031679e-03
3.456281956047940751e-03
3.411729603783768272e-03
3.337317382302089092e-03
3.501597602754639993e-03
3.624604074444759839e-03
3.570646299043318990e-03
2.730141376173541266e-03
3.590064546791718256e-03
3.002596425266451999e-03
2.103891129055487311e-03
2.409611654418813281e-03
2.871686432519387090e-03
1.909943607259354231e-03
2.962185527172387332e-03
3.604335128968677061e-03
3.517806468240822909e-03
2.949159326843679534e-03
2.174036548106967649e-03
2.960093795756577831e-03
3.010114685078523790e-03
3.537557966687684963e-03
2.445294496598708536e-03
2.260885210525497881e-03
2.909150199168379376e-03
3.613850171139554833e-03
2.795695357709743721e-03
2.647195220052217090e-03
3.458098846288292210e-03
3.524688375229882535e-03
2.285147441805475410e-03
3.467049394645473678e-03
2.913791176277734808e-03
2.908952455550965679e-03
3.214801163616421830e-03
3.071864928953065184e-03
3.268789273141714351e-03
2.943687048226273188e-03
3.580091618602568998e-03
2.852701706468368636e-03
2.814572858900272079e-03
2.406236178698686889e-03
2.187777169166451804e-03
3.343815017640341426e-03
2.337617630409107028e-03
3.286277507073505355e-03
2.604809767843379188e-03
2.714388969132495479e-03
2.516856962231155473e-03
2.895942516795564116e-03
2.908189221052184630e-03
2.596091901278870136e-03
3.388020148597716864e-03
2.896526088246397998e-03
3.444190255551381457e-03
3.422678951634383019e-03
3.175000480436876785e-03
3.438683582975428886e-03
2.896037961618911846e-03
3.578568758483276907e-03
3.222238143030017182e-03
2.207890972567782065e-03
3.511671503411299688e-03
3.183364255422197441e-03
2.854246741493444289e-03
2.108434099429018146e-03
2.931600664962975659e-03
2.369037305149162068e-03
2.810059973239469218e-03
2.781406198927959331e-03
2.839450354038904403e-03
3.402239447232524496e-03
3.215036215458787205e-03
2.368493235610284915e-03
3.354630225613749843e-03
2.072993467546305896e-03
3.630588937713916196e-03
3.336364977185048673e-03
3.028385845344491213e-03
3.092078029945805658e-03
3.296326339562337046e-03
2.877453558611152429e-03
3.560108578268679665e-03
3.535276814385400219e-03
3.018508194111402341e-03
3.390357467020484877e-03
2.244642048027011873e-03
2.018081394723754245e-03
3.117307124662955890e-03
3.485602096790121895e-03
3.598646503471776038e-03
3.481829670667571479e-03
2.847227074352453799e-03
3.047725501591348578e-03
3.553097104839298553e-03
2.617413801431128784e-03
3.392621241496866953e-03
2.074870680308860821e-03
2.098102148320455437e-03
2.720268904270311053e-03
3.490081687683012010e-03
3.106458644617793047e-03
2.565061050683391502e-03
2.609634913288222391e-03
3.274417557303738267e-03
2.644923067425222069e-03
3.548235878484853716e-03
3.479922827823750398e-03
2.337841395604877207e-03
2.882649256260141728e-03
2.416516209502591120e-03
2.581784614731860630e-03
2.085386971441007768e-03
3.357944465758702299e-03
2.924234122647142390e-03
3.431997742011942340e-03
2.242626138385820332e-03
2.832791300256292787e-03
3.398657524456131975e-03
2.655212797729239113e-03
3.472002785366255177e-03
2.723291005471786298e-03
2.174849962467191415e-03
3.002610102298135849e-03
1.941970038851566173e-03
3.503485749062934702e-03
2.360853433144056209e-03
3.090890005112287547e-03
3.599433232009159687e-03
3.398956681938932693e-03
3.278465214787226571e-03
3.337925248831572368e-03
3.239536997747443584e-03
2.847813628467377352e-03
3.045527035547995233e-03
2.012783054895703194e-03
2.165348829949250049e-03
2.953165424701425720e-03
1.940186712352539797e-03
3.478320756171689957e-03
3.009917282218991207e-03
3.122608171634545793e-03
2.833188269812885515e-03
3.615505511977148805e-03
3.655346484686798798e-03
2.321514304693296851e-03
2.535998413279511119e-03
3.030266513012374111e-03
2.872765096944346862e-03
3.320876517164588447e-03
2.494064164891529514e-03
3.047688848705060877e-03
2.334641154803398112e-03
2.268170726081659549e-03
2.895549196168321904e-03
3.013897343275992891e-03
3.258443007896301424e-03
3.121451376234178274e-03
2.462758124673421981e-03
3.174651640203875712e-03
2.285147441805475410e-03
3.327295320678285654e-03
3.416374329322424165e-03
3.322166410365682936e-03
2.266614556218728756e-03
3.662156017794720303e-03
2.443914849852156686e-03
2.606726372956670937e-03
2.882649256260141728e-03
3.343495602940937343e-03
2.249333174615009145e-03
2.799643733676928335e-03
2.550659831228051493e-03
3.262367664985567437e-03
3.478730655667007857e-03
2.051502974688757842e-03
2.856410462610518668e-03
3.111215186005439424e-03
3.541408107629818048e-03
3.242854162665715408e-03
2.833639093322474090e-03
3.594306775648942881e-03
2.872765096944346862e-03
3.490541470349805327e-03
2.802244819347381784e-03
3.361261850598404582e-03
3.659006811950060375e-03
2.908520591330811516e-03
3.250832385077573935e-03
3.597857140968802048e-03
3.481787846677872854e-03
3.356343092524372192e-03
2.640539087912065555e-03
2.258887771013304638e-03
3.643350817118740786e-03
2.661275361786345946e-03
3.336428428750853187e-03
2.547461104211455000e-03
3.200907962353505276e-03
3.653805832044236448e-03
3.058659714848452164e-03
2.812987018266509265e-03
3.566323112254612439e-03
2.219139603125949104e-03
1.827188728618360947e-03
2.738618812990968338e-03
2.609529900434464159e-03
2.343874523573291624e-03
2.669025678753835906e-03
2.779840643313197419e-03
2.658058278596627140e-03
3.347032583170952286e-03
2.575733213522810299e-03
2.695200344441076382e-03
2.605126063079018714e-03
3.488339568799681423e-03
2.622216320044305424e-03
3.041729307253786610e-03
2.091619506539289537e-03
3.060812774201737869e-03
2.690951974685963470e-03
2.174849962467191415e-03
2.562129434937280431e-03
3.171131310374292449e-03
3.013897343275992891e-03
3.654590699219422041e-03
2.082894543808657024e-03
3.187968555410468710e-03
2.570803671379152337e-03
3.450631501063861854e-03
3.041427157630408919e-03
3.223942550595231341e-03
3.655346484686798798e-03
2.126868809742588160e-03
2.752430561646044931e-03
3.405716257643650810e-03
3.470675445233814549e-03
3.582913110242270244e-03
3.526910396708425946e-03
3.638937731874135155e-03
3.464463907696273270e-03
2.454673303422026318e-03
2.535368392927615008e-03
2.835533114025744900e-03
3.113039896361896770e-03
1.923674906866830328e-03
2.910002434775075825e-03
3.663573558119281089e-03
3.593592929005428628e-03
2.273364751683871338e-03
2.993316477330160413e-03
3.257940385181507317e-03
3.187893687174176306e-03
3.631223617264004930e-03
3.257535321240724764e-03
3.074902749187749182e-03
2.892990025538761008e-03
3.298217085176809171e-03
3.341534403100347977e-03
3.430668696879588322e-03
2.017483062516806439e-03
3.532323307518187537e-03
2.924852744841249796e-03
3.624631916274968779e-03
2.404909429075947729e-03
2.634520701256953985e-03
2.956794669755583027e-03
2.249195075940899242e-03
2.844979188291831863e-03
3.501055644041585133e-03
2.732148711265524558e-03
2.957883356214767445e-03
3.579946882543674509e-03
2.938603533459406558e-03
2.920560170515079483e-03
3.252113096032419916e-03
2.712940473844935568e-03
2.356684675118752518e-03
3.067300694405999950e-03
2.545648228102696635e-03
2.963141153828467191e-03
3.494266168319202105e-03
2.232465585884232506e-03
3.236053174212570605e-03
2.327237556949425610e-03
3.147341551959008995e-03
3.452213788398364371e-03
3.374158202804343563e-03
3.095752287174406009e-03
3.513668184435422837e-03
2.995947239884905015e-03
3.254762514039496318e-03
3.193587517952653759e-03
3.563604794317391973e-03
3.327295320678285654e-03
3.647039332959982859e-03
3.207150162513315930e-03
2.883068487968777713e-03
2.995947239884905015e-03
3.633865034573178967e-03
2.515553077504860836e-03
2.753355680016639651e-03
3.666425184672298353e-03
3.044530251175983377e-03
3.015251036368658127e-03
2.861760614732019713e-03
3.583619409725409544e-03
2.867779669055000192e-03
2.253237296941859938e-03
2.939599238279867830e-03
3.322652485923308259e-03
2.168743250856063239e-03
3.013887009083683274e-03
2.792805927416886110e-03
3.119536547582092093e-03
3.645694695534661654e-03
2.883068487968777713e-03
3.530621309346137961e-03
3.144696454305274166e-03
3.645444381475065367e-03
3.055642548341302826e-03
2.987127480018125086e-03
2.655789217990508870e-03
3.659876535858623808e-03
2.667913432477292315e-03
2.855975864513296200e-03
3.322649488705867443e-03
2.383018172407642618e-03
3.251108242482978524e-03
2.224322564787488844e-03
3.398382304090383221e-03
3.067224245596128409e-03
2.993833582298297685e-03
3.276095562268775511e-03
2.639513980931313189e-03
2.946212939912963135e-03
2.935344930308677637e-03
2.724126693891689658e-03
2.258291833802947204e-03
2.973006628099543990e-03
3.135857248014571261e-03
3.565901498143407393e-03
3.420842765489949099e-03
3.103195236691802875e-03
3.069081933134245634e-03
3.289576946570393033e-03
3.548797566749746328e-03
2.219185791234117543e-03
3.213508014283680912e-03
3.023149004214127893e-03
2.841226987441790308e-03
2.928679093183395032e-03
3.590922521046895164e-03
2.876437337730027455e-03
2.004405206175883993e-03
3.072519722903628136e-03
3.617015594853712629e-03
2.388462810141532902e-03
2.462258819534401434e-03
3.425228662525696410e-03
3.208170628111134057e-03
2.867402004127279046e-03
2.751844584789105846e-03
2.632866105858140595e-03
2.099278187655134915e-03
3.008419683060639758e-03
2.515582577394810063e-03
3.167396546901414187e-03
3.412991163039695661e-03
2.087807509294670356e-03
3.041758778296550780e-03
3.292501288147173851e-03
3.651654740669355546e-03
2.307842258857102039e-03
2.273364751683871338e-03
2.204202092577609365e-03
2.502576914729214962e-03
3.574103591668886977e-03
3.514018356026001044e-03
3.111679461750806001e-03
2.775288046333478607e-03
2.964369754709993837e-03
2.518965184188146685e-03
2.975835322839526838e-03
3.065584311594240531e-03
2.735658068086697058e-03
