2.999239376956924774e-03
2.787452139385836365e-03
2.541086726127969077e-03
2.384474558537966020e-03
2.800200326806497313e-03
2.949706292314429896e-03
2.348873790897212759e-03
2.300568991249780839e-03
2.313458935795824952e-03
2.860259978270289407e-03
2.407252555006827305e-03
2.907641884702264010e-03
2.278441233203925328e-03
2.869887190158218384e-03
2.379326378705464307e-03
2.923917518430341460e-03
2.459761486142260541e-03
2.321148901514908172e-03
2.769186018384934504e-03
2.744575303600436857e-03
2.111564629152798238e-03
2.034130957836245528e-03
2.933241814658353423e-03
2.047224398820556273e-03
2.948799681586005729e-03
2.525706780589362203e-03
2.334038695176720961e-03
2.464702620952771012e-03
2.381061398353671518e-03
1.964035439886128651e-03
2.906305140089339954e-03
2.655615843496026557e-03
2.716943881120262999e-03
2.513703743301273774e-03
2.540674261471243239e-03
2.513684537297801707e-03
2.633246716687423494e-03
2.930646885561473836e-03
2.672044255891461821e-03
2.535275545025998320e-03
2.210231263644826891e-03
2.877534109523276467e-03
2.447638146833351711e-03
2.325572732830175158e-03
2.169507604263012229e-03
2.841074207314698251e-03
1.983602695179189062e-03
2.565180016152134555e-03
2.878477495845876890e-03
1.990346486783770019e-03
1.793798320684437866e-03
2.784068702949376445e-03
2.850744296870369107e-03
2.607653605669737161e-03
2.974386880075779484e-03
2.058138173991126349e-03
2.703596475210362331e-03
1.925346225825941802e-03
2.998515128708862353e-03
2.697279992563869980e-03
2.739118833869184661e-03
2.091655579900245001e-03
2.811806475020527281e-03
2.794037408446302471e-03
2.858355486129722338e-03
2.538606925439168549e-03
2.422379100251309102e-03
2.788179628999752462e-03
2.907983350288013708e-03
2.615789322317306400e-03
2.845857129981716176e-03
2.534552364542669300e-03
2.518831944142208880e-03
2.260150583031946339e-03
2.965796720428641366e-03
2.370597714494234939e-03
2.817019943400213017e-03
2.386553336979361974e-03
1.958637400413976333e-03
2.738319130642778189e-03
2.798734608288858290e-03
2.491921397004963432e-03
2.407806009671917963e-03
2.215221038383403951e-03
2.604633618456871948e-03
2.324655449984857226e-03
1.886989531240580546e-03
2.873113227069109665e-03
2.779383881069275117e-03
2.219337224090562992e-03
2.560654127957652168e-03
2.923905507921416378e-03
2.661410271788325690e-03
2.749934528877910535e-03
2.835222652845481757e-03
2.030414287389054745e-03
2.120181712062607290e-03
2.043939337210493295e-03
2.276427809795750559e-03
2.475804364515836638e-03
1.891030000663939531e-03
2.424722809447347506e-03
2.028869298201574963e-03
2.642819465184147523e-03
2.346226113099708285e-03
2.709596266708250850e-03
2.731293692618209402e-03
1.859959736233945124e-03
2.604416630996149017e-03
2.001373187298097472e-03
2.666836375876904808e-03
2.903416358903258485e-03
2.201691936435378437e-03
2.678622946021772932e-03
2.672114541773661697e-03
2.864990841454153302e-03
2.615370047820243966e-03
2.838874320487252967e-03
2.360160324545475599e-03
2.330745173850133460e-03
2.735246196148504328e-03
2.550544687662400622e-03
2.725090072100069295e-03
2.788115777214857441e-03
2.341242038974779890e-03
2.743251962876433036e-03
2.880349737509283175e-03
2.295011066154533253e-03
2.117470268392923974e-03
2.847383988129744900e-03
2.804041286717624641e-03
2.807765786804812102e-03
2.798734608288858290e-03
2.025035429836410938e-03
2.092422496339695504e-03
2.963442048598553293e-03
2.116273267941939148e-03
2.532307149827655191e-03
2.924455229090872424e-03
2.341054751269901722e-03
2.740128350833666467e-03
2.472068017726950992e-03
2.966725006004895283e-03
2.171420686778518030e-03
2.460492691128326765e-03
2.984979810068652366e-03
2.481424383734681487e-03
2.044040860663308423e-03
2.851433018740737700e-03
1.794626115942836182e-03
2.316948757495689102e-03
2.106885305231418880e-03
2.269061959025089111e-03
2.843379058320109204e-03
2.446595104851186087e-03
2.893161096498079055e-03
2.823240454205518113e-03
2.205081396243530837e-03
1.979663926133764726e-03
2.003990149976278556e-03
2.373181436122177249e-03
2.982477333807440761e-03
2.929505474771771593e-03
2.717194918375161541e-03
2.695422362083033097e-03
2.833413405264673286e-03
2.215920810144829389e-03
2.028226525831445821e-03
2.777206276361739428e-03
2.657895050364603509e-03
2.730662715417806179e-03
2.500124856848868170e-03
2.380207768093183310e-03
2.202014406052040917e-03
2.425472480071329175e-03
2.315044945390204098e-03
2.918785154031836894e-03
2.290749679200464878e-03
2.365309401521815697e-03
2.737810969917480342e-03
2.941324784216135975e-03
2.282763083869246770e-03
2.438333545632343554e-03
1.958240773293358147e-03
2.029978420754813793e-03
2.232622309830826872e-03
2.018380504790355523e-03
2.211772054982248225e-03
2.659237480819187475e-03
2.653302554472013186e-03
2.628650903545311657e-03
1.842403716735738087e-03
2.678024278461045658e-03
2.378179760484878426e-03
2.655819092869193907e-03
2.995098695300117252e-03
2.483327142068379213e-03
2.716842973904454173e-03
2.730678278725419753e-03
2.955215718275529951e-03
2.645792768999401592e-03
2.344399444186994527e-03
2.145198052431947743e-03
2.903245858362211648e-03
2.856897428885761276e-03
2.963656813279186893e-03
2.815590045626018348e-03
2.707810279552583504e-03
2.598614505821986252e-03
2.284207012419864520e-03
2.688215868496993382e-03
2.740163359428980389e-03
2.301744659609355516e-03
2.626064932932568007e-03
2.410347747409987383e-03
2.908918901897237369e-03
2.305697148189022033e-03
2.101071089808343416e-03
2.803360659405890534e-03
2.873363367759383582e-03
2.649123701757783583e-03
2.991300524987016221e-03
2.054145793620728438e-03
2.076502480697494431e-03
2.096804104722975372e-03
2.749384178839556995e-03
2.867680942916754714e-03
2.898229332214139441e-03
2.864125609658476831e-03
1.886989531240580546e-03
2.920837045111044153e-03
2.110732466893553913e-03
2.942208720035457449e-03
2.904047886275296520e-03
2.884176382874416647e-03
2.939979875122465929e-03
2.857856687881688874e-03
1.812463116779179911e-03
2.454148566787624393e-03
2.241483427406066979e-03
2.205126855365482832e-03
2.113819579386791436e-03
2.720640413131582194e-03
2.864857906913128530e-03
2.328937764112276598e-03
2.816864656276204474e-03
2.282994272889357374e-03
2.811707524976028889e-03
2.484150553562633305e-03
2.849425732192504158e-03
2.711419179106396449e-03
2.066498803527328822e-03
2.796659070981117635e-03
2.823968983273453161e-03
2.424390278139869001e-03
2.458656295316809237e-03
2.677527901124306543e-03
2.442640581014562245e-03
2.627600640801709773e-03
2.371542409993456640e-03
2.710113518175603659e-03
2.644034311264091292e-03
2.170501999122885148e-03
2.661719499896220663e-03
2.746338496460119186e-03
2.445839258026117399e-03
2.690277649112382367e-03
2.313465027346362380e-03
2.284682003757256778e-03
2.717565063746619873e-03
2.693563276375459791e-03
2.885295887372557773e-03
2.886594835901973646e-03
2.769487014049516055e-03
2.936176110699932704e-03
2.621264746022707037e-03
2.962791163570921774e-03
2.234703925375291361e-03
2.486726994021964000e-03
2.748564920808750645e-03
2.383521639215344708e-03
2.161926511500739546e-03
2.738313986307421184e-03
2.566057482976040732e-03
2.688215868496993382e-03
2.532713106430547340e-03
2.590899499153524310e-03
2.813004013211065080e-03
2.699345067319773150e-03
2.420735143086249260e-03
2.145198052431947743e-03
2.917527227613948143e-03
2.027362141674686306e-03
2.458325557084662175e-03
2.008009314337344184e-03
2.137633902811368961e-03
2.872440856334864540e-03
2.632773786104689734e-03
2.905717015028637558e-03
2.895807830060733931e-03
2.513703743301273774e-03
2.544633696946581747e-03
2.344278051952568102e-03
2.805205910985595838e-03
1.972175034185591046e-03
2.339646199885689511e-03
2.642078630830898764e-03
2.609142163425354471e-03
2.492447312226624828e-03
2.721242651632338819e-03
2.742815228422445031e-03
2.818028518389152116e-03
2.508780991883026619e-03
2.224535394363114787e-03
2.860067641897058068e-03
2.343415903769731530e-03
2.128507085180837612e-03
2.445721504964974875e-03
2.150752239348115245e-03
1.876551812332667886e-03
2.800550736841428325e-03
2.166813542482974413e-03
2.630348802762979589e-03
2.886594835901973646e-03
2.548538720735487716e-03
2.528229991817006021e-03
2.563715733259945648e-03
2.796313276030186479e-03
2.587311493113729662e-03
2.655678641605813475e-03
2.890505910756335176e-03
2.317975228472672101e-03
2.457069493339557667e-03
2.550824576067722751e-03
2.991266740360414705e-03
2.966147567660850325e-03
2.800909568761876869e-03
2.069330096689360812e-03
2.943076457825886776e-03
2.968691235119582522e-03
2.354945977574769613e-03
2.621090790554199326e-03
2.557509045660365157e-03
2.598056294303174776e-03
2.634720111674879531e-03
2.879247599226765573e-03
2.784108433111458138e-03
2.037287683411233459e-03
2.184889028050885154e-03
2.768805774009323699e-03
2.465582807504440067e-03
2.657933290181701928e-03
2.079697245650084618e-03
2.306779749005537401e-03
2.096861041879187829e-03
2.619779373636459043e-03
2.638421835780552140e-03
2.064148861211745171e-03
2.292262099766630926e-03
2.563020574807413528e-03
2.652781808076717408e-03
2.777635511556162101e-03
2.347367691176051232e-03
2.307881444198510348e-03
2.656735194423515828e-03
2.227201220805832653e-03
2.936857444616362573e-03
2.480179300050384603e-03
2.050333571149637671e-03
2.626525221912065326e-03
2.148823980561693700e-03
2.166813542482974413e-03
2.503756208525367323e-03
2.952437012731939231e-03
2.726470965759733838e-03
2.717403992853376516e-03
2.880349737509283175e-03
2.991158483392194600e-03
2.936615194116926585e-03
2.870144031400584644e-03
2.700736525303042840e-03
2.392880656581834915e-03
2.831657826043727788e-03
2.775556576758967612e-03
2.583339021981450982e-03
2.374463235565667935e-03
2.631210314519456198e-03
2.880992473402183528e-03
2.288741644692205389e-03
2.872268943061189773e-03
2.529138376567417225e-03
1.939259612915013916e-03
2.559665312708048722e-03
2.833857432799514499e-03
2.763212933393739603e-03
2.711877694926682295e-03
1.952843871479332605e-03
1.923402257305630849e-03
2.897680384357262731e-03
2.034532888498038084e-03
2.289443985581744636e-03
2.716277651130595203e-03
2.999877850468137073e-03
2.627607822035701781e-03
2.485176336867410234e-03
2.880828678877514308e-03
2.350171315964362170e-03
2.966756396542906231e-03
2.807223212628302302e-03
2.365065902756290257e-03
2.883728682620659550e-03
2.888393666285687597e-03
2.457970734599720323e-03
2.475599373767982045e-03
2.723325484757788996e-03
2.571831295743921223e-03
2.902867554447406771e-03
2.915783600106002134e-03
2.150752239348115245e-03
2.808481797215204266e-03
2.486823273732941680e-03
2.081924946763504154e-03
2.532370112691768177e-03
2.966921752054182786e-03
2.335954994198585766e-03
2.932624476197102144e-03
2.769213229369819115e-03
2.431664631117758796e-03
2.925821685851791483e-03
2.831390276613392383e-03
2.870943096286466580e-03
2.644034311264091292e-03
2.604095721753997127e-03
2.728826832834448709e-03
2.936801188477181513e-03
2.527592519357119757e-03
2.999574001228581983e-03
2.974258721966399881e-03
2.469889865756157588e-03
2.165529460508862185e-03
2.527953824479715721e-03
2.890908090719200140e-03
2.643617731788749838e-03
2.097460639904614316e-03
2.157979227647007121e-03
1.983881081169043114e-03
2.896971612280383867e-03
2.524815037917473113e-03
2.381296737665567279e-03
2.786062790849992005e-03
2.487629997554275177e-03
2.374181658878127786e-03
2.887680081107798103e-03
2.530647468109496062e-03
2.695639367160250661e-03
2.536775896143394094e-03
2.475302168214914625e-03
2.330919221653762492e-03
2.653246933891817341e-03
2.972657989596770058e-03
2.826462222724063222e-03
2.934594687779895107e-03
2.382131180166416513e-03
2.806502685602847279e-03
2.394433774043295236e-03
2.289857237154426916e-03
2.576003919994357058e-03
2.514715245408302886e-03
2.039375228209928774e-03
2.988500606857113443e-03
2.710113518175603659e-03
2.479906302641779730e-03
2.817056210752687077e-03
2.823127358842353763e-03
2.656660033761255001e-03
2.907089386860580316e-03
2.458139489070990114e-03
2.506469435198305229e-03
2.627134611245808896e-03
2.670481495193031268e-03
2.330449553558180259e-03
2.785044645935761884e-03
2.577293421561700076e-03
2.577826911648900543e-03
1.994059870895911225e-03
2.096107548588748044e-03
1.950849664295372776e-03
2.122286119644490633e-03
2.382346497415993841e-03
2.784275912751147785e-03
2.198788758817274772e-03
2.991862608364417517e-03
2.897532715659891997e-03
1.816768357050537429e-03
2.896382989781510955e-03
2.970410356906772516e-03
2.015424671219081219e-03
2.432715122655750798e-03
2.424782394511062165e-03
2.489167804927942037e-03
2.903143158396269147e-03
2.976758729360493797e-03
2.619552325047849566e-03
2.009717957105756903e-03
2.301871994457015905e-03
2.328363939858500882e-03
2.748401671366676804e-03
1.986643578738030332e-03
2.637665380687649781e-03
1.948794505069886308e-03
2.865349505829727604e-03
2.900592925548544504e-03
2.687557966821458970e-03
2.136505720049041140e-03
2.109340996198813458e-03
2.144288605617428872e-03
2.197681679383255322e-03
2.716277651130595203e-03
2.851723277478755703e-03
2.878836300162496489e-03
2.988290542367179163e-03
2.050333571149637671e-03
2.218461545265702946e-03
2.730775823246469648e-03
2.604416630996149017e-03
2.393967192666633832e-03
2.369391807164375474e-03
2.731871167372351087e-03
1.941577622985251163e-03
2.894529007152621229e-03
2.833276017180131907e-03
2.872990995354042423e-03
2.226979623562408764e-03
2.973075686632181604e-03
2.840514733609251618e-03
2.900839694113503328e-03
2.732126044445127785e-03
2.678769260600377764e-03
2.914742873688690519e-03
2.543934844623462616e-03
2.246146594436199562e-03
2.601351875944984092e-03
2.590585127252261529e-03
2.837464972859973615e-03
2.813584139567869898e-03
2.740525452681527845e-03
1.999035196871971551e-03
2.755184640382032490e-03
2.494684675243913352e-03
2.517579018935693115e-03
2.584344770757442816e-03
2.527953824479715721e-03
2.830378784186985026e-03
2.623805679195127111e-03
2.849770505567992586e-03
2.849436271069169611e-03
2.211804618881743970e-03
2.944061433776093591e-03
2.415559583775840451e-03
2.109949593933756629e-03
2.231468503179987600e-03
2.654102757002227593e-03
2.930835841330917818e-03
2.265975162297008665e-03
2.758318549575387857e-03
1.893441944148327276e-03
2.511002921148849064e-03
2.596277411113358767e-03
2.515383003388010300e-03
2.891715446687236242e-03
2.827263691654891779e-03
2.639702470876119193e-03
2.981193698470339330e-03
2.513717467633932827e-03
2.253200024914837896e-03
2.225861455665429419e-03
2.585369161669179468e-03
2.589075746697917617e-03
2.690979502671802647e-03
2.903117189983725130e-03
2.600854716144388248e-03
2.099094732808324138e-03
2.157979227647007121e-03
2.782316112104528307e-03
2.943577616759159542e-03
2.892605889521676285e-03
2.817112090877958459e-03
2.523718541324740557e-03
2.524220687717061446e-03
2.684988082261142474e-03
2.457243997355491177e-03
2.164963523606970065e-03
2.557932560614098287e-03
2.428076683896455458e-03
2.012258048349650514e-03
2.284199453340334234e-03
2.168429120958906883e-03
1.912768031636795200e-03
2.041618155550021033e-03
2.009321409941275047e-03
2.650636083086118765e-03
2.457629025087856942e-03
2.331920463639254940e-03
2.519878754611007497e-03
2.612682867663107880e-03
2.806469750284017444e-03
2.981792662341590898e-03
2.279104810949683386e-03
2.561039298879718047e-03
2.630124158899175679e-03
2.931606640754487892e-03
2.475950631325014601e-03
2.358043303997724334e-03
2.684604774137183333e-03
2.542385507257376599e-03
2.926883458657729333e-03
2.544354553008782403e-03
2.676748957393569432e-03
2.125848497245503947e-03
2.645203097593769488e-03
2.019613124826740054e-03
2.372435516749736746e-03
2.366146209918298850e-03
2.972592228182618229e-03
2.049916898230026967e-03
2.539369705586996904e-03
2.992867317740729744e-03
2.869472150556918143e-03
2.216085786375575351e-03
2.018392369297726009e-03
2.976059369611826037e-03
2.413515453580072564e-03
2.476446193173768417e-03
2.311913365358719049e-03
2.282437832393744218e-03
2.526452019865658809e-03
2.943675196381839373e-03
2.149175293584591230e-03
2.405454976460714381e-03
2.724083136745636489e-03
2.826795689605443064e-03
2.734116749971344552e-03
2.367785564550305231e-03
2.892856950738639365e-03
2.470783557121119904e-03
2.668706525824387360e-03
2.767591973309155295e-03
2.583444277964439938e-03
2.655270238454017322e-03
2.935500277627706156e-03
2.645936774421407851e-03
2.373181436122177249e-03
2.023029890557076840e-03
2.052203439436594591e-03
2.805931207855493457e-03
2.110592940196606010e-03
2.360911874579704924e-03
2.436652526627898496e-03
2.201083050179448216e-03
2.543060798762825613e-03
2.612343919377444444e-03
2.851944883141984809e-03
2.782051815996074325e-03
2.158354766695601452e-03
2.559708498068380758e-03
2.818003501887687140e-03
2.141426832757937354e-03
2.801276026509843912e-03
2.391636186498495836e-03
2.855641305843953804e-03
1.922321575937370550e-03
2.330416292982243585e-03
2.579085738014920935e-03
2.204631690047190260e-03
2.164336937720672156e-03
2.884206618174666240e-03
2.480258206478748104e-03
2.315783233310618732e-03
2.958368103955271756e-03
2.427178191303785634e-03
1.895243940188993297e-03
2.385915482498188276e-03
2.580411724666695911e-03
2.921839532113476839e-03
2.466597824830749335e-03
2.550411200599548948e-03
2.839471998385477251e-03
2.237699678258115148e-03
2.573502237769682496e-03
2.664484830776778050e-03
1.891030000663939531e-03
2.958037748881124814e-03
2.175261021831384305e-03
1.966904779323604135e-03
2.140923787595042441e-03
2.221545219206447382e-03
2.917663206548682699e-03
2.286964127602566805e-03
2.964944648646496064e-03
2.560780335121558456e-03
2.525776338627025268e-03
1.802545341228871997e-03
2.626763020520166136e-03
2.317310451408797004e-03
2.963764071005276987e-03
2.979404271440796656e-03
2.489580975009673177e-03
1.815108678719692167e-03
2.421007557610374734e-03
2.902766487864299506e-03
2.722500718293176334e-03
2.209944574974964486e-03
2.791380108167471931e-03
1.991096334843693062e-03
2.686036496774105511e-03
1.943656140004548522e-03
2.850264424779895209e-03
2.543691635006912338e-03
2.524109571210052857e-03
2.495132570448848047e-03
2.361498095832685606e-03
2.606545954562295569e-03
2.750958852568604219e-03
2.801507642767336707e-03
2.444861200653228837e-03
2.600828339799827506e-03
2.219629373615111378e-03
1.939030005869506494e-03
2.480444858122463764e-03
2.080449367297554624e-03
2.141650298062224358e-03
2.393929619858343842e-03
2.373181436122177249e-03
2.998182767624714504e-03
2.693678423536388818e-03
2.409050137546443239e-03
2.556559668597377030e-03
2.975878401859296651e-03
2.311549450639219065e-03
2.474711467202607429e-03
2.928834680162243319e-03
2.335647440518629110e-03
2.956432466969658411e-03
2.937473682966809749e-03
2.716277651130595203e-03
2.209274457711072823e-03
2.426241053015947523e-03
2.784108433111458138e-03
2.739006054733908804e-03
2.691891032795470408e-03
1.971463542479556189e-03
2.679781170853136763e-03
2.254757835322764546e-03
2.048941366331769043e-03
2.971475696441023238e-03
2.679300527906194364e-03
2.629532313387452670e-03
2.044040860663308423e-03
2.672474021424617058e-03
2.604891254705160412e-03
2.845857129981716176e-03
2.167964668508826076e-03
2.415951778702994397e-03
2.533096221326474815e-03
2.989973213187746906e-03
2.881552967696537383e-03
2.578925421448300878e-03
2.855262739822669611e-03
2.711657690726104047e-03
2.563016774685183616e-03
2.955541638166621007e-03
2.851944883141984809e-03
2.810510485928833201e-03
1.930202848170799223e-03
2.277565623681920837e-03
2.245214656863835610e-03
1.870750698929250864e-03
2.745665064645276109e-03
2.984915714465139706e-03
2.664217963903299166e-03
2.343667773540147534e-03
2.318461967544047011e-03
2.259078162792344142e-03
2.859718143000932519e-03
2.557269966926580505e-03
2.973075686632181604e-03
2.890289766231364695e-03
2.052359670979365946e-03
2.350369805166881675e-03
2.883979410434385320e-03
2.635917550235703129e-03
2.255812415714977901e-03
1.890434699807406116e-03
2.770640486595182111e-03
2.904261558094168531e-03
1.914879094492238877e-03
2.097589372156937609e-03
2.950616859606249986e-03
2.280354906271946005e-03
2.804033658399305174e-03
2.383521639215344708e-03
1.847175478220569426e-03
2.788115777214857441e-03
2.907094385700892056e-03
2.892469253335861780e-03
2.094119726675978260e-03
2.666260589611819595e-03
1.995125960654479513e-03
2.121843468377042005e-03
1.816554098936587393e-03
2.368304737335165475e-03
2.480404027558802751e-03
2.647294537082084225e-03
2.543012317068226152e-03
2.454489610172036831e-03
2.506469435198305229e-03
2.172800966939272913e-03
2.468013777533024315e-03
2.636018409633465558e-03
2.841989269960051769e-03
2.937766706139960816e-03
2.207312151426271164e-03
2.815163056431715070e-03
2.959340740905268968e-03
2.832130370352284408e-03
2.771536730924497368e-03
2.589303269856118618e-03
2.533126683853331729e-03
2.337000575232307635e-03
2.882562710237569249e-03
2.207285119135112168e-03
2.621519972872291514e-03
2.883747626171856426e-03
2.953078286696078809e-03
2.596259856502727316e-03
2.783976069518317390e-03
2.187372023380455485e-03
2.359114402383303589e-03
2.464893046253566200e-03
2.821143377690258323e-03
2.001951645798762634e-03
1.960986086359776601e-03
2.822093601874643785e-03
2.985417140841301921e-03
2.791868136745707506e-03
2.710751952549579104e-03
2.193440436825701972e-03
2.087908002955413123e-03
2.337521992513554372e-03
2.836365794199283141e-03
2.725617860289586587e-03
2.254154951217647584e-03
1.937535890654220726e-03
2.235884528789209083e-03
2.457833588358091827e-03
2.387835168782643288e-03
2.082913265309483623e-03
2.612059526357301403e-03
2.924053653666575537e-03
2.683662968769063954e-03
2.082119231870620691e-03
2.963276323226884858e-03
2.980010717535379154e-03
1.905108503006282435e-03
2.716277651130595203e-03
2.996757566711564461e-03
2.458325557084662175e-03
2.767196297725781941e-03
2.215637708820923733e-03
2.597040216740357545e-03
2.878681916734306210e-03
2.210231263644826891e-03
2.652447055610416930e-03
2.516872024801024375e-03
2.416365809157301238e-03
1.838931721265387939e-03
2.706280289903235242e-03
2.456838022103785199e-03
2.772722789343446976e-03
2.358699549710182447e-03
2.474172080063217951e-03
2.719156006836577228e-03
2.992877951028483086e-03
1.931543844508841522e-03
2.657200195030806362e-03
2.379426602463146669e-03
2.356934993161205819e-03
2.820518131825836862e-03
2.004928248013486056e-03
2.773513374420775654e-03
2.215133949309342713e-03
1.966904779323604135e-03
2.212524278460422690e-03
2.883558496505103999e-03
2.957212214694279143e-03
2.792741347126430525e-03
2.151615552946467211e-03
2.379426602463146669e-03
2.233020466459456621e-03
2.497218053785199218e-03
2.463810131682678956e-03
2.570910530217098127e-03
2.481252942077571966e-03
2.803257546928280847e-03
2.844614380167959262e-03
2.976485156697010904e-03
2.712109279258401867e-03
2.440668515695501931e-03
1.928726056044193556e-03
2.407419661253737582e-03
2.547133474952719551e-03
2.513564990486198518e-03
2.147534830947583299e-03
2.340900447634451133e-03
2.255812415714977901e-03
2.912623661794794781e-03
2.161415344136346454e-03
2.500124856848868170e-03
2.589571160514341983e-03
2.290749679200464878e-03
2.445869589478364813e-03
2.896255903365910211e-03
2.722415592954307781e-03
2.405087870939021620e-03
2.315656448745941585e-03
2.702020660582386824e-03
2.500967432033454792e-03
2.918418843033408587e-03
2.255791957680752455e-03
2.701671709570470196e-03
2.387669513962007752e-03
2.680712675310629491e-03
2.475403080234721363e-03
2.487282415112190229e-03
2.197540749188013707e-03
2.958135334319848906e-03
2.823521478403132924e-03
2.525706780589362203e-03
2.366428270010671655e-03
2.199096354308021500e-03
2.751838207657487934e-03
2.826116631137493874e-03
2.778749058505912417e-03
2.368027861858476926e-03
2.112046148574081225e-03
2.960653815208511529e-03
2.966127491117478109e-03
1.899213055260857378e-03
2.611156428091968018e-03
2.732126044445127785e-03
2.496975976045954365e-03
2.657933290181701928e-03
2.994551271071063843e-03
2.878907690026560190e-03
2.052419594197159129e-03
2.228856600623064718e-03
2.915555093881369922e-03
2.672073983945401788e-03
2.742668018226352908e-03
2.338373234473423677e-03
2.878480722475183946e-03
2.335322967692424374e-03
2.639877299762278043e-03
2.714515586224684057e-03
2.079434152822165309e-03
1.998743626834725493e-03
2.374463235565667935e-03
2.764689343064329410e-03
2.443645533856435986e-03
2.063737629660699398e-03
2.219654349519665539e-03
2.724981720898704031e-03
2.176273985501998420e-03
2.091708395174409103e-03
2.251862735420057625e-03
2.551957132789647864e-03
2.861507775809394704e-03
2.096794898255433057e-03
1.791366838083876568e-03
2.900094405436894757e-03
2.548256460955052819e-03
2.516872024801024375e-03
1.896761837977396737e-03
2.908662562704457909e-03
1.863226295457862114e-03
2.617347942658197930e-03
2.004199603044383004e-03
2.741036845312972044e-03
1.954017068119103407e-03
2.155663681085622299e-03
2.985993866611896981e-03
2.624280938078054574e-03
2.938604708327025548e-03
2.656148572288494908e-03
2.809546083715001082e-03
2.323104071132756250e-03
2.820064197016603717e-03
2.393967192666633832e-03
2.000440679422261538e-03
2.025072447486894484e-03
