1.415917967861551885e-02
9.148825561009632165e-03
1.822673484510572636e-02
1.428646906525463979e-02
1.675978531930182730e-02
1.261035840906460023e-02
1.166320865877211628e-02
1.232408428159359817e-02
1.366573564311521563e-02
1.518032249130997664e-02
1.833913218625269487e-02
6.548783190690108530e-03
1.075627218524966532e-02
1.262985873358634346e-02
9.284845126664907633e-03
1.313819783867359661e-02
1.077014135532565128e-02
1.582388651796005213e-02
1.993677515864504535e-02
1.409374587980685538e-02
8.351716882712726178e-03
1.112928789391747983e-02
1.784086980056273641e-02
5.331830233802846084e-03
1.591556211137130916e-02
9.277008304550634493e-03
1.270191732823488032e-02
1.630268438377193568e-02
1.724257713943715478e-02
1.900894715407595859e-02
1.585901560489530113e-02
1.350989391041437261e-02
1.887460451293242539e-02
1.580704019116114384e-02
1.147089500530785490e-02
1.066074598275313159e-02
1.428005069548047429e-02
8.169925504874475317e-03
1.181364946830775788e-02
1.150760214500823678e-02
4.856759293280408195e-03
6.743407482942519182e-03
1.686386516984042863e-02
1.424970535391663004e-02
8.500504809832828274e-03
1.008104054402529301e-02
1.626583872396762664e-02
8.507758852827458640e-03
8.663839218462135103e-03
1.766274340580254246e-02
1.481948872118871684e-02
1.276515044509214138e-02
1.380568149366118332e-02
8.459567330864276383e-03
1.984606123850989404e-02
1.711001860610154163e-02
1.380954956428228492e-02
1.965058812949876249e-02
1.571735328767609116e-02
1.572471392602704104e-02
1.369648874226818587e-02
6.387186616950896179e-03
1.499673826562279884e-02
1.984606123850989404e-02
1.556681254463764333e-02
3.604435187083095127e-03
1.713061316426819219e-02
1.280980402182998329e-02
1.628000676347608061e-02
1.682287375286603201e-02
6.743407482942519182e-03
1.702088995645608879e-02
1.719318345219201377e-02
1.449222155883748628e-02
1.525766664484964029e-02
1.954732274529396782e-02
1.724096008298970154e-02
8.460561878508753714e-03
8.928638305697211494e-03
1.965224532602673213e-02
1.774211042196938495e-02
1.725675650998097915e-02
7.235319420883367693e-03
1.071780109040792323e-02
1.858330815469046160e-02
1.311968745453360660e-02
1.952279395147714716e-02
7.264402504518178635e-03
1.580357044582647932e-02
1.809759501091888143e-02
1.160278459401455076e-02
9.797906055620806895e-03
1.763033294241527285e-02
1.860735043227396482e-02
1.568416768710950010e-02
1.293330172648284038e-02
1.234360139739336046e-02
1.707537091417104039e-02
1.846474875085640094e-02
1.157869302786301152e-02
5.481749085797119579e-03
1.603708418281601239e-02
1.946791997175466998e-02
1.375711768045811620e-02
8.969592937035955962e-03
1.185570668297781030e-02
1.979620362935731806e-02
9.722384812349660344e-03
1.979555538692338162e-02
4.941450714720732260e-03
7.120952437358162544e-03
1.231023336771007622e-02
8.376114841771389180e-03
1.316337842569606856e-02
1.268738447223728867e-02
1.922697972122571278e-02
4.710420176718881601e-03
7.300758993654241427e-03
1.842398767528319672e-02
1.844231833594900047e-02
5.904879983175498510e-03
1.434627346797663974e-02
4.475849160680665448e-03
1.155938226944526644e-02
1.591133221711186693e-02
1.642287375505409666e-02
1.620692643255811430e-02
1.857078202997915206e-02
1.402025962253109631e-02
8.539837666153828055e-03
6.751258006577806441e-03
7.536992154226373163e-03
1.361689481073934983e-02
1.269898331091207262e-02
1.958916249664392761e-02
1.276199322544253542e-02
1.349457498428415468e-02
1.229058086292504973e-02
1.768531079607836565e-02
1.742785752960366100e-02
1.667486948963166696e-02
1.860073286817882920e-02
9.749768989466688074e-03
1.277543656050689549e-02
1.827772141712632331e-02
5.022608012219573898e-03
1.537448539418217151e-02
3.072198523317950115e-03
1.655705421649296058e-02
1.788269315032511506e-02
9.961776022091318669e-03
5.635463032359594449e-03
1.120421809052057210e-02
1.047078813720497478e-02
1.778043252143383587e-02
1.836993406498029294e-02
6.669682271766015635e-03
1.498966193967244016e-02
1.405318374425160513e-02
1.684979059933063017e-02
7.361563166443195819e-03
1.659700647437509918e-02
1.314538967736151448e-02
1.466650372289193122e-02
1.705081377702895654e-02
1.096453433448803944e-02
1.280980402182998329e-02
1.591909458710747891e-02
1.661451879414424168e-02
1.097894701380284013e-02
5.078226764851784258e-03
1.617238226524633088e-02
8.988204687272674173e-03
1.510089834321436120e-02
8.221884828839967629e-03
1.681607723081373143e-02
1.175307174991004761e-02
6.377428501615602444e-03
1.920475793980231521e-02
1.246363837920611006e-02
7.456497357348508721e-03
1.202492853168732855e-02
1.233950855726632413e-02
1.911718132374786230e-02
9.719345511741528387e-03
1.599900928589040316e-02
1.790611295641999015e-02
1.747929200188469770e-02
1.836993406498029294e-02
1.360009305728848879e-02
1.274898367622528256e-02
1.422633692548040327e-02
1.025255931799868951e-02
1.340176962843431067e-02
2.865316510662475544e-03
1.269236911742258750e-02
1.705833815291514163e-02
4.135331596594229650e-03
1.704720353234023822e-02
1.289748610876933349e-02
1.202840837796824436e-02
1.918787857684170484e-02
5.894666119719733921e-03
1.732064738700822559e-02
1.310009976079620775e-02
1.720068899917296876e-02
1.702961097170890142e-02
1.263880488510146262e-02
1.535297375248659973e-02
4.961464824753849916e-03
6.472070435878377569e-03
1.208380545721590184e-02
1.738321975333115277e-02
8.408199755195093841e-03
1.529219524073427774e-02
1.920734049820490424e-02
1.977835576844121784e-02
1.026411600569516677e-02
1.555232876247343576e-02
5.745251314503702425e-03
1.398418445054663145e-02
1.092636554722050193e-02
1.890943949123320700e-02
1.671709041768512996e-02
1.145014103768936600e-02
6.094307001923952513e-03
1.623799903224813074e-02
1.189132100032280412e-02
4.151022731367887998e-03
1.372147439591677939e-02
1.988605408290802096e-02
3.399000488307759790e-03
1.766365562500231759e-02
1.717695466080019356e-02
1.764974927971885849e-02
1.384104360650732779e-02
1.858766942970706965e-02
1.218457294765271266e-02
9.143458645959154363e-03
1.974684268461623579e-02
1.248157345826758115e-02
1.501627135954927174e-02
1.186093719154486699e-02
1.994092139478489609e-02
1.717557593519674838e-02
1.399910888416557725e-02
6.081895083027386538e-03
5.175588869030717243e-03
8.818722639557222479e-03
1.543499840752947556e-02
1.891517151172779007e-02
8.437365365025248365e-03
1.921017500808619091e-02
1.121832493467496937e-02
1.241278896839980925e-02
1.030791181571702117e-02
1.796265535449477826e-02
8.928638305697211494e-03
1.139149627737450626e-02
1.714465868613819846e-02
1.472538469716545492e-02
1.510200334767529753e-02
1.283159006449733491e-02
1.916428430299070215e-02
9.579285641031189819e-03
1.815378786001886971e-02
1.393322378835224438e-02
1.330302275239540755e-02
1.353527299888088002e-02
2.396750349475281622e-03
4.057269840676050107e-03
1.883845414642707980e-02
1.803992941150316803e-02
1.487323950934780863e-02
1.729312512068992974e-02
8.473546347556974723e-03
1.699950688824430206e-02
1.843767062663651674e-02
1.440053365365881986e-02
1.126449464153531782e-02
7.355780237281540901e-03
9.654084575622180406e-03
1.065717366707991630e-02
1.657212851713991617e-02
1.655853607468132926e-02
1.562229350128896063e-02
7.754017861167047596e-03
1.634666324948291435e-02
1.545833638891412100e-02
1.627464578510144991e-02
1.807200576090887967e-02
3.129973774980935632e-03
1.747280698145739844e-02
1.022967842350376230e-02
1.581877751716591340e-02
1.743025176482810440e-02
1.449116166289506763e-02
1.026579969354585696e-02
1.113919924351298128e-02
1.889832277991568624e-02
9.495013459493707036e-03
1.707878899544537643e-02
1.355589900198642811e-02
1.571371731626568582e-02
1.881860654210403341e-02
1.227175881815586317e-02
9.873428673712825177e-03
1.718691525143854412e-02
4.853668886861069176e-03
1.754058468126314455e-02
1.314868503144097679e-02
1.408838995354192401e-02
1.768674718576055196e-02
1.835869244519247254e-02
1.973216918078661217e-02
1.458956629468398380e-02
1.312046867467488512e-02
1.723854837926967407e-02
1.701191151614415281e-02
1.635543676130402774e-02
1.372622964597156568e-02
1.948575537068189187e-02
1.463177380288424763e-02
1.379289276739729952e-02
7.857554011191756824e-03
1.741771216514383103e-02
1.744783406293271347e-02
1.698844673076200032e-02
4.833466929853313075e-03
4.899029129905517824e-03
6.193293565995443110e-03
8.750876938947275280e-03
1.524233574756211559e-02
1.311124001340187653e-02
1.566937780134373959e-02
8.712690710063999283e-03
1.076152717000259697e-02
1.778377353754500081e-02
5.454907281085073778e-03
1.569493706037680680e-02
1.581708142765956074e-02
6.030955640337481993e-03
1.562169767956901947e-02
1.208196605918765432e-02
1.029505001611094248e-02
1.713357962246299729e-02
9.718778213810752922e-03
1.847347614893506476e-02
1.601745074745325806e-02
6.477171745296767327e-03
1.751185540513651787e-02
1.987664280240772352e-02
1.877721880716371611e-02
1.470063127681772372e-02
1.352824518503846669e-02
1.750302125537832321e-02
1.809772872715954828e-02
1.701798977705347091e-02
4.254318347783996035e-03
1.033616467415682770e-02
7.678089888219637518e-03
1.442906478758812158e-02
1.792232116827696328e-02
1.102375345510012671e-02
1.600260466823202887e-02
1.117340229308070448e-02
8.137859369160888381e-03
1.318150906520138693e-02
6.745981865109804826e-03
1.647239389104076732e-02
1.217514772666433188e-02
1.262365923865847381e-02
1.828679040626795052e-02
1.423254287639098489e-02
1.160824100139187971e-02
1.330449651306116546e-02
1.344417192849915385e-02
5.683304049777174703e-03
2.496388209879340896e-03
1.341679100601748942e-02
1.557522576604682130e-02
1.728012070958017538e-02
8.523049757615825534e-03
1.324322175693024191e-02
8.890437874296204177e-03
1.474293398174150033e-02
1.252756143663332628e-02
8.934279383910836980e-03
1.764391267632278715e-02
1.579698130818206481e-02
1.089119163448442305e-02
7.587304662292439217e-03
1.937560628989464309e-02
6.200755937879245255e-03
1.540239239526644890e-02
9.739767741991780386e-03
1.738607631116106944e-02
7.357219139607664750e-03
1.371753469558964662e-02
1.754536752721111426e-02
1.135908212377190543e-02
9.673118469376563305e-03
1.319013135875180681e-02
7.737870077503190488e-03
6.643356560165457857e-03
1.413857024482500710e-02
1.499311594690400790e-02
1.704826099821391341e-02
8.189644207769138096e-03
1.367056294330248195e-02
1.515131965266456465e-02
6.053387894839109412e-03
1.802658443391992257e-02
1.022152246949382254e-02
3.435539823895003477e-03
1.821552337321191012e-02
1.945846167466947635e-02
5.468522361142739811e-03
7.794796529387638430e-03
1.477670121713057019e-02
1.745700633996202789e-02
9.092449625943346478e-03
1.279508978062124033e-02
9.642749488770781599e-03
1.632209517587506972e-02
6.027031449361786898e-03
1.469558888218256559e-02
4.052074322892419526e-03
1.941603632437985741e-02
2.701225351973541265e-03
9.048035713860013915e-03
1.011744985134620592e-02
7.663127207269074780e-03
1.773443864242920526e-02
4.250915536253705579e-03
1.824676963534929697e-02
1.892585166034707611e-02
1.840545326677784851e-02
1.624033329213046134e-02
1.131711899902567223e-02
9.278399629449088012e-03
6.573495879856413801e-03
1.141637079214290022e-02
8.044436612094682526e-03
4.541547205963389518e-03
1.962971055275272020e-02
1.286805001007305937e-02
6.678646376217589088e-03
1.858739904985104441e-02
1.913426892058368162e-02
1.880521599768230842e-02
1.789231262267808320e-02
1.279179918348596727e-02
1.950042923587995067e-02
1.635427868687067826e-02
3.014014409019316436e-03
1.901344863885393380e-02
1.420656753556846438e-02
1.652392906795881536e-02
1.626681988920691130e-02
1.096269422347933772e-02
9.653926437645446099e-03
1.495090598394042784e-02
1.464406070758059349e-02
1.406571444964513883e-02
1.205570035459595929e-02
8.394131953210186986e-03
1.866514857625826279e-02
1.772754341254095117e-02
1.262625983342760029e-02
1.984590954955064296e-02
1.088258448435665444e-02
1.746016171545859003e-02
1.431117260106716527e-02
7.315129201724014305e-03
1.390947921488536534e-02
1.830803452549979032e-02
1.849624567127369085e-02
8.832595073569227476e-03
1.693875230942193735e-02
1.730107818130875372e-02
1.286841989325620585e-02
1.691187021337743623e-02
1.683159574105343864e-02
8.634437881447725588e-03
1.728638852029685397e-02
9.351358391257657068e-03
1.344975123660203248e-02
1.066129660078972245e-02
1.769387660698691980e-02
1.019193621806021958e-02
1.778790827755145562e-02
1.949125657134878273e-02
1.726354886683633891e-02
1.880597633363407378e-02
1.664391679712059341e-02
1.937560628989464309e-02
5.232908195001642095e-03
1.681466154604835048e-02
1.936222128843537171e-02
4.865305766791701639e-03
6.192812068031264446e-03
7.562577227564029267e-03
1.860676832354708418e-02
1.046473420028524309e-02
1.466094027179918463e-02
1.211526164690372720e-02
1.561762683717586413e-02
9.925574708595659087e-03
1.295907563666770512e-02
1.734869382560201567e-02
1.350418808878514620e-02
1.379225413874759359e-02
1.350373851121407232e-02
1.926920892437834418e-02
1.995563308542798106e-02
8.468415496705010426e-03
1.590505696091502538e-02
1.072635591819654649e-02
1.173144885232106638e-02
4.865305766791701639e-03
9.723000961598383257e-03
1.420034596176451835e-02
1.733864160605546809e-02
6.053387894839109412e-03
1.376454378584797238e-02
1.930806584545479918e-02
1.531243261227645258e-02
1.960924220501700926e-02
1.815522481062308013e-02
9.034117089381329957e-03
9.059804110866254839e-03
5.805901064493776235e-03
1.510667966549793240e-02
1.840435448313408953e-02
9.495013459493707036e-03
6.856936339827870812e-03
4.518290154559555585e-03
1.507211358312106342e-02
9.879882469907510026e-03
1.659533962120954970e-02
1.549128455650326981e-02
1.117824576902108798e-02
6.725348044908847391e-03
1.938993316586198196e-02
1.873742957721629895e-02
1.804110061160376158e-02
1.029743430647138934e-02
1.833367847219180211e-02
6.622061394840316959e-03
1.199916201287792514e-02
7.043742769926541331e-03
6.972114705309047020e-03
1.571371731626568582e-02
1.956044819502123638e-02
6.563024972563021205e-03
1.540030710405444411e-02
9.780740670007729426e-03
1.652603467453988076e-02
1.873742957721629895e-02
1.091494003732140089e-02
1.233508550642067533e-02
7.424941047739190211e-03
1.835968758436493792e-02
5.271138821115304088e-03
1.785925377602159969e-02
1.603947170689434126e-02
1.774886004455890690e-02
1.297970837804400014e-02
1.419863696701110893e-02
1.637347501704537744e-02
1.374234816039851363e-02
1.331741756849007946e-02
1.946247557877576681e-02
1.813869667560537649e-02
9.756522936550509131e-03
1.239825579058211058e-02
1.858852405514647282e-02
1.217632019159223776e-02
1.701494772912613002e-02
1.023463839682479774e-02
8.208615702263263869e-03
9.919578815826219156e-03
1.122964296147559334e-02
1.103738915185903391e-02
1.523410208581014828e-02
1.189132100032280412e-02
9.739767741991780386e-03
1.648394457842120020e-02
1.925521731908360137e-02
1.608515991821329524e-02
7.920647281942626641e-03
1.754256864917742506e-02
7.234247773208924912e-03
1.654999235417713849e-02
1.465060699604387590e-02
1.175307174991004761e-02
3.019742248310898491e-03
7.691288320868917491e-03
1.973957546231439389e-02
1.550683359225492330e-02
1.261200842138926123e-02
1.885730723528169714e-02
1.337455215598245054e-02
1.222897482959287886e-02
1.012779362591562093e-02
1.974241132837516177e-02
1.666224609448904367e-02
8.369044271885487177e-03
1.384104360650732779e-02
1.831499390416417919e-02
1.264056419203428427e-02
1.565614442272392215e-02
1.489076961276963526e-02
1.853657943970325739e-02
1.283806955006449452e-02
1.474366712597381841e-02
1.753935119762696157e-02
8.362136619974388715e-03
5.628218048284405056e-03
9.587505511721189366e-03
1.020423259258254438e-02
1.247800946161467008e-02
1.019193621806021958e-02
9.599994956920919822e-03
8.437365365025248365e-03
4.619382426453078581e-03
1.719608885484609495e-02
1.656558537103961642e-02
1.765878858083749434e-02
1.460773132374767677e-02
1.332260456135343600e-02
1.533597647534197354e-02
1.659275242998481045e-02
1.292899865495860008e-02
1.858766942970706965e-02
1.612071678978236472e-02
1.278779074165618639e-02
9.932987784255616071e-03
6.359328147959676658e-03
1.475493317514127434e-02
4.888090337841536313e-03
1.071260661130304069e-02
1.354661040802847966e-02
1.449627597355276389e-02
8.287552365213323238e-03
1.886524368742319158e-02
1.766603619670488456e-02
1.097098616506190887e-02
1.671704046838873997e-02
1.795872140092133473e-02
1.352323953241519119e-02
1.894107608246572289e-02
1.894426503545036666e-02
1.558338869865105204e-02
1.268183985908314000e-02
1.948380301836498754e-02
1.714200777002163750e-02
1.337936447395879705e-02
1.155741752036863745e-02
1.481948872118871684e-02
9.923255446952690753e-03
1.950780569659907315e-02
1.751186871753017751e-02
1.855247885253568166e-02
1.635172916132015750e-02
1.820054199388321248e-02
1.044621777634135648e-02
1.755400046725728164e-02
1.591556211137130916e-02
4.113753890730677092e-03
7.001845800117575958e-03
6.027265541578208895e-03
7.080378141278470712e-03
1.808371803027901403e-02
1.867515906198516026e-02
1.681531048739335829e-02
5.575388918065945013e-03
1.709758440121226034e-02
1.753738201382850498e-02
8.459567330864276383e-03
1.167599963152963008e-02
1.757377067295785508e-02
1.558798082297774626e-02
1.452644357583999027e-02
1.924314418990031098e-02
1.059316807965543158e-02
1.585562740931906189e-02
1.228389024388709151e-02
1.610442842101830752e-02
1.570316458066069176e-02
1.567909865575605952e-02
1.811252815232665056e-02
1.639601237909269968e-02
1.833197521032620819e-02
1.422774432510362855e-02
1.870004866310544245e-02
1.229134769761040281e-02
1.883917178582898699e-02
1.442401443035473685e-02
1.762212150694078897e-02
1.290931874608055793e-02
1.815435606871846491e-02
1.906786474045048252e-02
1.850724305557945731e-02
1.880399985823961659e-02
1.126867780322923264e-02
1.580503927901930755e-02
1.319428089627084841e-02
1.127441380578078287e-02
1.550683359225492330e-02
1.961194428756755578e-02
9.659871236144566137e-03
1.539974399396386653e-02
1.843557379658600226e-02
1.873984782847841479e-02
6.042775161684791653e-03
7.702323863211199204e-03
1.888875428851893162e-02
1.224266544595663600e-02
1.546362576038583236e-02
1.991273403415072182e-02
1.706296903230275497e-02
1.619192489925915315e-02
1.942812179953401497e-02
1.988605408290802096e-02
1.896511055961231859e-02
1.515976494807792264e-02
5.905552012918214785e-03
1.877495966424599927e-02
1.637814764114118443e-02
1.499673826562279884e-02
1.562986498965873716e-02
1.568079299400260140e-02
1.818524090359265738e-02
1.474293398174150033e-02
9.035472276987335100e-03
1.719822484284929537e-02
1.249158682867503034e-02
1.188164856781231439e-02
1.561275250593862837e-02
1.319026818722274404e-02
7.669676666689321208e-03
9.678847347956608810e-03
1.437851301314266826e-02
7.770979565256025921e-03
1.221860762948046887e-02
1.725868627441442052e-02
1.336865980826792977e-02
1.265592182777315958e-02
1.791681939311746269e-02
1.294159459598853701e-02
1.636782266104807801e-02
1.312145885173988079e-02
1.991246073204617703e-02
1.782495102775271539e-02
1.660414294800089535e-02
6.763062003556965726e-03
1.772626010895737847e-02
1.540333554245058682e-02
8.430571138613601051e-03
1.773536872207809312e-02
8.732328469649578914e-03
1.198207217494298878e-02
1.957620508439884832e-02
1.179608598242977077e-02
7.703108133522792826e-03
1.225130632613685711e-02
1.981326216646057611e-02
1.819050968333720333e-02
1.079462093059647097e-02
1.797405594588149039e-02
1.747380047207943918e-02
1.252123704088881073e-02
1.621083999672085982e-02
7.188301376328649905e-03
6.365840034485479790e-03
1.820222836279711612e-02
1.346855272269307548e-02
8.220856254700615109e-03
7.790751152825547629e-03
1.529722767791099995e-02
1.247817802100295581e-02
1.157497482539892979e-02
1.147427204527328923e-02
1.800426658237246416e-02
1.625873873687685989e-02
1.439705190542669815e-02
1.947247078697722858e-02
1.121261703552966019e-02
8.787686423437557001e-03
9.156672264715835438e-03
1.019193621806021958e-02
1.857244040830826129e-02
1.602418977702482414e-02
9.272413682199165397e-03
1.460462612481193759e-02
1.262365923865847381e-02
1.153513303666676461e-02
1.850703201780161400e-02
1.407797615603162064e-02
1.901588412775721132e-02
1.059275805710540447e-02
1.233508550642067533e-02
9.204272517940500706e-03
1.254810538223515015e-02
1.980517512243964995e-02
1.739283264841554391e-02
8.096397423707706043e-03
1.289947790690981061e-02
1.908796461223218749e-02
1.329857523735443296e-02
7.731615862007469586e-03
9.718778213810752922e-03
4.791071415296480410e-03
9.287758419312629882e-03
1.349357993019825556e-02
1.487489753850530956e-02
8.581823032688260661e-03
1.424179519708289668e-02
1.847258474435260062e-02
9.672542741187022466e-03
1.636169565270074663e-02
7.372897350218042718e-03
1.761644524274158519e-02
1.498358333463445727e-02
1.834697610631947501e-02
1.348434893339694324e-02
1.696781056238332377e-02
9.208773828019050853e-03
9.404553070555553979e-03
1.955328318033918572e-02
1.371365413948638992e-02
6.454699227286246621e-03
8.080572274762404944e-03
1.153079594079708947e-02
6.509660003111684967e-03
1.678207338239951635e-02
1.612815964670214972e-02
1.965658518754814094e-02
1.689267495675248962e-02
1.778109682655878987e-02
1.610623086309079244e-02
1.668703217223499805e-02
1.048283612488651838e-02
1.161510353421667772e-02
1.480164733050171218e-02
1.862383074693449783e-02
1.865772003996570699e-02
1.470289181721879182e-02
9.934194986865549706e-03
1.587572487199430740e-02
7.954244901499039552e-03
1.776892586862948917e-02
1.717695466080019356e-02
1.978518920020435820e-02
1.026696698193321593e-02
1.923796250280302225e-02
1.591919485571750836e-02
1.816677927091199518e-02
1.199916201287792514e-02
1.826095698009987459e-02
8.872715466277852903e-03
5.841727892484051624e-03
1.884649001127435344e-02
1.043027651817264416e-02
1.653481515696698240e-02
1.694295039893029681e-02
1.335015353045622410e-02
1.190354688855211999e-02
6.170230033853422308e-03
1.814959468708381152e-02
1.350142970307663046e-02
1.543692881383763003e-02
3.273721924720666629e-03
1.217632019159223776e-02
1.965899609046073068e-02
8.955018903392147900e-03
1.489100991365516734e-02
1.748657411451320920e-02
1.402440344820261864e-02
1.423379922733815361e-02
9.411595415558275321e-03
1.055733762458347172e-02
7.595984363435990573e-03
1.786824727708575741e-02
6.002971523089188459e-03
1.310279761536863735e-02
1.474857410906676471e-02
1.592355099153220169e-02
1.184712386163657913e-02
1.773752776789584359e-02
1.768639977439637190e-02
1.690891105480502379e-02
1.936087863690518981e-02
1.828946721801220227e-02
1.642432866706823938e-02
8.467971184040256477e-03
1.179344344785204085e-02
1.542327394873711267e-02
1.819242707139313853e-02
3.631412690219979356e-03
1.762515742720867362e-02
6.727153979072416495e-03
6.521570763910898919e-03
1.117310933924327461e-02
1.649797399776990747e-02
1.279976365195208132e-02
1.562229350128896063e-02
6.643356560165457857e-03
1.770712616050498095e-02
1.248341799693753612e-02
1.168545261309135094e-02
1.002670401754505135e-02
6.760067447210206179e-03
7.806370784325557602e-03
1.120421809052057210e-02
1.803060023980977700e-02
1.556907159421676463e-02
7.895295054551058206e-03
1.763033294241527285e-02
1.449116166289506763e-02
1.324954300494022782e-02
1.782169213271584535e-02
8.763786018353356133e-03
1.368764841113301149e-02
8.370964173403957695e-03
1.207605730672207424e-02
1.995833091532787582e-02
1.411845964027147113e-02
1.465551660307424543e-02
1.600142747733260956e-02
1.334588015636873140e-02
1.841044029217853151e-02
1.653275830771457067e-02
1.301256231702329312e-02
1.103473388258437160e-02
1.965571349473669779e-02
1.158012811990764487e-02
1.787000358130821920e-02
1.426025434731181298e-02
1.894056868933163829e-02
9.193979682084327948e-03
1.623525430648232321e-02
1.607971431902069023e-02
1.773637643591556914e-02
7.132992919558021200e-03
1.452469129788317576e-02
8.738996781671956940e-03
9.035626993469061952e-03
1.427899786635211318e-02
1.610768599728373135e-02
1.971773971630015609e-02
1.759013093198355873e-02
1.695708888591624525e-02
4.202800861383005314e-03
7.675010682982544991e-03
1.362836682870994555e-02
9.299362741431128551e-03
1.723854837926967407e-02
1.338225666045999955e-02
1.379387598214392233e-02
1.937187237655018171e-02
5.798958848440854789e-03
1.116117180460583606e-02
1.195889087574973468e-02
1.280520468240329071e-02
1.364835181138764411e-02
6.229959736851399532e-03
1.418022133780743460e-02
1.627654021270869347e-02
9.817942543146834442e-03
1.636467476757676176e-02
8.669335749641574745e-03
7.678811025987535704e-03
3.172444400639586569e-03
1.080029104832676973e-02
1.436651944183283541e-02
1.525044360022359199e-02
1.481600930835314661e-02
1.276515044509214138e-02
1.324018912021009652e-02
1.675978531930182730e-02
1.957751951680724439e-02
8.921990933454524916e-03
8.284864981350285179e-03
1.677735921942360639e-02
1.795301671716541606e-02
1.626548449674327518e-02
8.275106495148162877e-03
1.922441254683486186e-02
4.698492474574936066e-03
1.905026984756339956e-02
1.292899865495860008e-02
1.682287914919103691e-02
2.290065493943906592e-03
8.928964876234108880e-03
1.833099047970533982e-02
8.022725018136861452e-03
1.520442718608548335e-02
