2.947069186143754793e-01
2.865330723867482443e-01
3.113864340394042474e-01
1.154526173098607417e-01
1.189144474134612300e-01
1.563417745749162979e-01
1.961364374072820105e-01
6.595483296777632232e-02
1.959214788976121058e-01
1.399568964800928239e-01
7.385732730502082843e-02
2.424162753033169415e-01
3.467909946192822002e-01
1.020695394717372334e-01
5.683346479804295831e-02
1.991170791731778911e-01
4.283906568188351749e-02
3.354277685564203138e-01
3.105735385028454143e-01
2.388788460265227620e-01
2.945378119496984137e-01
3.477002869518415751e-01
2.253660144148149080e-01
1.726668111514913229e-01
3.175103434250681200e-01
1.908644519536885353e-01
1.214076693335964380e-01
3.458737198408349811e-01
1.999436587655372410e-01
1.416264397676284537e-01
3.104808632792439571e-01
1.871729752245809564e-01
1.629505697597285752e-01
1.645032680796534308e-01
1.934062737762652362e-01
2.839077686314080418e-01
2.546279693823600976e-01
2.705962865910992998e-01
2.695551274421141841e-01
1.693105834590410697e-01
1.361041847153374451e-01
3.254111312008175494e-01
3.413776173256908852e-01
1.206205900381950996e-01
1.200638600763800495e-01
3.444161225323790210e-01
2.151661248351338651e-01
1.099973779071172220e-01
1.018691950673156071e-01
3.415740985496622528e-01
1.975707763499075509e-01
5.131109903736005146e-02
2.071716893897973255e-01
2.177528082680438848e-01
1.012727128524811421e-01
2.917848200503415090e-01
6.084746590978237779e-02
1.431245788578980327e-01
3.077894032400517177e-01
1.750964443639849988e-01
1.326056337793689865e-01
1.864228016479835826e-01
1.207957095463735170e-01
1.460800423895273481e-01
3.020242036600863655e-01
2.507577154388760388e-01
3.061606184706979761e-01
5.940247076886622651e-02
1.424071119074390990e-01
2.835552446189631981e-01
5.220622500329928639e-02
1.075069533674760658e-01
2.408460470592634628e-01
9.394987763390895419e-02
1.378465565816372751e-01
3.041926161001953233e-01
2.466885731307132679e-01
3.225331350921498141e-01
1.341347116928032490e-01
1.684861179441243251e-01
1.270889634182809924e-01
2.145073939371939242e-01
1.457393320910851386e-01
1.563876275205844935e-01
2.041555584321517458e-01
9.596857873466617395e-02
1.392695245300599183e-01
4.346986776148051984e-02
9.845786143241584687e-02
9.788721630591873391e-02
1.461249139946240727e-01
2.673089373642610345e-01
1.400669706731892672e-01
2.717239874647044418e-01
2.382225437807617419e-01
3.010051560861791708e-01
2.914429528416657145e-01
7.312175406917575948e-02
3.317078971124776676e-01
3.316264168650583377e-01
2.618945368999063827e-01
2.199048259082468371e-01
1.944077409199960749e-01
1.986588419458096000e-01
3.242787217191859805e-01
1.834938912361249175e-01
2.006360455705803458e-01
2.069238455273320343e-01
3.085645102499827153e-01
2.372026951869971312e-01
1.069093407497665321e-01
2.856716724821163345e-01
6.994028522257969560e-02
1.686134203552829003e-01
2.382225437807617419e-01
3.299837234685622511e-01
2.244701120945834516e-01
3.033425667540297077e-01
6.601851466465540053e-02
1.880993543915986665e-01
2.448325183579046216e-01
2.120022428379927104e-01
3.304870255467363682e-01
2.833141519778384354e-01
1.586408457500075864e-01
3.118954974730521745e-01
1.208420255738798244e-01
1.603882993090987030e-01
1.529485352824251354e-01
3.450587122514685579e-01
3.315892182969940039e-01
1.697167919776813305e-01
2.842242816129996741e-01
7.895051980332397357e-02
8.352900650760311518e-02
2.925810696283823176e-01
1.932851016664885180e-01
2.001200712271767324e-01
2.140806263390465647e-01
2.970255321114815827e-01
2.482769242071473925e-01
2.445974018429507846e-01
3.072463554689341958e-01
1.842964490127375621e-01
1.307948469262739388e-01
3.320876944320208524e-01
2.929381785539071359e-01
1.800362573153954926e-01
1.216156290153000002e-01
3.319548108724748592e-01
3.436208022086657543e-01
1.048536508130381156e-01
3.059984876811489007e-01
1.766505787362715740e-01
3.071470229374338445e-01
7.690948344625085642e-02
1.645102284769942025e-01
3.391705621365272427e-01
3.405290131774681428e-01
2.006360455705803458e-01
8.073830981211214952e-02
1.397165668191515941e-01
1.459923478071088743e-01
1.789574334030272218e-01
2.503005066181043792e-01
2.990215007593379770e-01
2.999766830855827848e-01
9.089624446649496869e-02
2.363383838562809203e-01
3.335103475501034476e-01
2.097277467416946151e-01
1.323663230330922036e-01
9.907186732239001148e-02
2.007716382478128836e-01
4.570645559097138294e-02
1.595271180332340499e-01
1.254214889337772199e-01
1.054904496648266105e-01
1.937684609973457095e-01
3.391705621365272427e-01
1.163672614859534299e-01
2.034027481775406709e-01
1.021903914071664449e-01
2.189772177659968788e-01
1.364346514215592221e-01
3.402176653535155665e-02
3.474540437310749685e-01
7.321844244602178364e-02
2.208455203097906827e-01
3.471435383265615293e-01
1.159231152794993752e-01
2.940113681425201575e-01
1.261037338726669899e-01
2.301087802495193901e-01
9.304920335165405010e-02
2.126410495693754343e-01
2.625036406255935595e-01
2.040929181033994677e-01
1.743888278934803415e-01
2.942506777316573063e-01
8.324297567013631827e-02
1.326056337793689865e-01
3.471483869323062077e-01
1.305347401930568307e-01
3.012528069315775769e-01
3.122937004949185580e-01
1.876056848478788452e-01
1.270228117590511130e-01
1.958774144445134813e-01
9.922767045754621318e-02
2.740564054755350032e-01
2.269944605759601497e-01
6.639514895513408399e-02
1.319262860467652343e-01
9.576170599731501087e-02
2.139390420685763627e-01
1.547746571701056340e-01
1.156163737299473332e-01
1.305137187733041160e-01
1.764546226139126484e-01
1.463229743063817756e-01
1.008293382321203552e-01
2.330155199831606683e-01
1.197701864491596407e-01
2.607618606189043842e-01
3.385877986903099712e-01
1.886581627553723106e-01
1.193646177579223422e-01
1.984516088650079280e-01
7.986091586226910788e-02
7.287303626891097896e-02
2.077091842031465740e-01
1.427323272454740499e-01
2.182109729409956456e-01
2.370620955356726733e-01
1.908644519536885353e-01
1.187993663379167814e-01
1.089284718368251637e-01
2.999623470193586994e-01
2.008122719478772911e-01
3.207238479237528028e-01
1.123653120706117892e-01
1.146871717599903667e-01
3.462196678301526220e-01
1.845408475022696226e-01
1.373422231431545848e-01
1.101208250805270072e-01
3.046920717578102122e-01
7.540153640514289657e-02
3.489647837005935838e-01
7.635534724525359918e-02
1.733716184911281710e-01
1.686007545456519874e-01
2.522334058444499205e-01
3.146120824472985467e-01
1.560492553292570084e-01
7.971664466700791041e-02
3.316267305445630420e-01
2.370841280858318190e-01
1.460752831648013395e-01
9.787693675913861080e-02
1.923042249213327837e-01
1.773652256624161094e-01
1.641883124516272108e-01
1.215439772779311062e-01
3.391705621365272427e-01
2.929253604690185142e-01
1.479990694628204040e-01
1.724597060632397372e-01
2.012206831446144706e-01
1.113453789722892440e-01
1.632036661202828365e-01
1.555292133787011810e-01
3.223302898824148555e-01
2.497889217291950348e-01
1.845494706617792080e-01
3.269305781977883130e-01
1.036232599211342337e-01
2.503876376372771162e-01
3.214383851149271720e-01
2.070721378385143308e-01
2.564128655908907151e-01
2.315963712198164104e-01
2.066937424841976401e-01
2.766546536325177885e-01
2.096281192867605336e-01
5.406748257045658479e-02
3.052202566371550185e-01
3.142169054327937916e-01
1.922814756927882507e-01
3.325176097747437609e-01
3.093817872535760127e-01
3.139705284937772123e-01
3.148315180563543425e-01
2.646692422449123394e-01
3.176061013129142380e-02
3.387299095281106620e-01
3.174758543931036625e-01
7.986091586226910788e-02
3.084255835808465407e-01
3.266722195362886660e-01
2.143092190922129825e-01
3.328241990486845436e-01
2.803453760486198099e-01
1.714214690853660683e-01
9.261350895978912035e-02
1.187993663379167814e-01
2.558052349041358697e-01
1.481790819227660760e-01
1.263911859581418051e-01
7.479624872469005370e-02
6.613647676245512641e-02
2.439193958236623716e-01
1.544804509909800949e-01
1.886581627553723106e-01
9.583724565271664608e-02
1.686134203552829003e-01
1.427686369425080481e-01
2.348117669871528923e-01
2.123244768454019826e-01
9.268756192857711962e-02
2.702426596497884970e-01
1.041623065782489588e-01
2.867899850616265067e-01
3.282153812921925762e-01
2.613733604173773539e-01
1.311606960395103327e-01
3.050252393357139602e-01
3.137933159345544509e-01
1.915059728318120047e-01
2.561418042808214501e-01
2.405231484146374832e-01
7.432659185589531037e-02
1.737075161744122132e-01
2.001200712271767324e-01
2.913940408267836069e-01
2.766546536325177885e-01
1.956439069986593560e-01
3.469647266989802636e-01
1.633628544555946194e-01
2.716736716726306788e-01
3.487525621177962609e-01
2.550338553875318159e-01
3.458220288623998773e-01
1.422332979858182411e-01
2.591402264238580888e-01
2.018692059147853546e-01
1.785074843789280219e-01
1.991462260610711021e-01
2.641099940013825198e-01
2.673771610016897893e-01
1.252166258768644680e-01
1.655606983509755603e-01
2.450035130871287548e-01
1.501588744338834269e-01
2.353143817517132919e-01
2.627704971080856433e-01
2.328135853368235031e-01
3.263069841521407666e-01
3.113272031956923480e-01
1.477479306555904148e-01
2.130379049875791575e-01
3.334410863021827764e-01
1.309112601238505147e-01
1.391629092666499534e-01
2.751280500702415477e-01
1.573677965790290234e-01
2.708955491639187252e-01
1.087423964259144338e-01
2.271024021608832877e-01
9.324605030553688445e-02
1.906099311670583496e-01
7.320125815162568939e-02
2.346454521394348569e-01
6.290870196818172666e-02
2.564305300168215895e-01
1.584592798973627481e-01
2.468099440703421521e-01
1.509846527040266118e-01
3.348351565003931940e-01
1.305264078810390860e-01
2.133572556698063172e-01
2.011573022683642020e-01
2.388120673259800375e-01
1.824927705091891617e-01
1.340506681399028233e-01
2.308532363676311927e-01
1.641014035464848919e-01
2.497013450079700880e-01
1.469701132487619133e-01
1.071161591919873174e-01
2.157224331331704104e-01
1.294305205045777063e-01
3.116093101862579817e-01
2.649467716628015612e-01
2.217606200358980262e-01
2.232766495247685834e-01
2.285578801300564011e-01
3.265811508629687387e-01
1.387397217126892512e-01
2.772404070723358260e-01
2.403450085400382352e-01
1.788273312954515304e-01
2.863389877622238289e-01
6.235283687464530933e-02
1.673921908170587225e-01
2.820966594162664931e-01
2.328104294156647935e-01
3.274213602664122758e-01
3.202486480252719203e-01
2.419436762736458524e-01
1.008293382321203552e-01
1.558949783080385287e-01
1.172343091626779216e-01
3.210645296418574435e-01
2.704441225714024899e-01
4.375323033319948596e-02
1.714657831477952588e-01
3.328907391703220808e-01
1.661755701165667232e-01
3.411466087388697610e-01
2.774612596024902400e-01
2.564128655908907151e-01
1.484396361325740488e-01
2.510377505733413783e-01
8.795325575516164951e-02
1.027033884551928206e-01
2.761249341356899478e-01
2.166639504145494999e-01
2.750026801210296856e-01
1.006066727415125678e-01
5.387781081924550991e-02
2.725818724438615059e-01
1.448613418633794281e-01
2.140953674064377810e-01
3.108321428880516657e-01
5.432960123604879676e-02
1.983966087113503141e-01
1.811925853042689882e-01
3.364865731160679441e-01
1.131422918237422470e-01
2.336975819436017676e-01
3.087929290177094388e-01
3.180265921064777124e-01
2.960433347125731585e-01
2.114122878212839896e-01
9.370371042713716847e-02
3.118736104412802024e-01
3.425568416672587491e-01
1.244862565293429757e-01
3.327274528871549952e-01
2.319500081228851041e-01
1.787101617544872012e-01
1.832970485621999157e-01
1.016113398325108330e-01
1.977369358079504938e-02
3.488083960606739309e-01
6.933380836470903752e-02
1.710659448255993642e-01
1.522305891727551430e-01
1.505314420016715948e-01
2.984840941792477609e-01
1.876056848478788452e-01
1.225100743695270583e-01
1.148752515301122851e-01
2.798527000981922419e-01
2.835540066233012135e-01
2.757782494766929382e-01
1.435934791570075697e-01
2.524106414775905138e-01
1.265150986459130655e-01
2.308235245351981380e-01
2.246500231459376828e-01
3.267129925292682202e-01
3.438028515335882496e-01
1.847658976742990455e-01
1.934062737762652362e-01
1.605511424130139364e-01
7.615297058773159988e-02
1.823983489920495138e-01
1.878254785874183819e-01
1.806294660123203000e-01
2.912662145009137227e-01
1.839297909639148187e-01
2.374305673660219718e-01
1.426250382571078168e-01
2.932926682440953337e-01
9.544363197773174379e-02
3.419984658484275242e-01
2.265327732062222266e-01
2.562142958068522325e-01
1.905320693476382499e-01
1.453954787901577117e-01
7.260382588872468790e-02
3.028204806877126676e-01
2.454028825260226310e-01
3.111942682860201481e-01
1.183373551128192175e-01
2.316253080599331438e-01
1.405258119648831461e-01
2.370771132085540689e-01
1.324523949120080257e-01
1.176453856058283648e-01
1.068164090872817662e-01
2.575579190158955312e-01
9.901657490798068673e-02
1.571513332898993864e-01
2.173919435605797534e-01
2.538202831583248886e-01
1.364112167891057825e-01
1.578810504073632215e-01
1.690512279593113787e-01
1.172343091626779216e-01
2.697908827410756549e-01
8.172874628977074007e-02
2.108030099744025165e-01
1.254214889337772199e-01
1.323435659548914956e-01
2.235723375699053550e-01
3.225556651199586455e-01
2.645003241368756863e-01
1.526430440766081975e-01
3.232619229982978126e-01
1.791485212237030056e-01
3.363967173401970490e-01
1.534886102662114671e-01
5.940148872963019189e-02
2.170779821559065959e-01
2.261697029490595534e-01
2.893355128907344476e-01
2.634716461556017575e-01
7.613721270631219895e-02
1.049965167108634079e-01
1.103645588351160889e-01
3.026654500846545637e-01
9.292086761858779631e-02
3.039983146170319173e-01
1.329033018030624791e-01
2.155048594483341129e-01
1.881549557057667910e-01
1.075004171999806440e-01
1.685874830354934795e-01
2.112543716190858900e-01
7.962298168628559325e-02
8.806889418223924626e-02
2.038819471923831173e-01
2.697786839967460382e-01
1.066271903909394581e-01
2.707582772162235307e-01
3.459607599083002194e-01
1.959554411564627951e-01
2.503502935455347855e-01
1.556246175162019629e-01
2.789274226973721404e-01
1.588468551215623803e-01
2.814574791050423186e-01
2.176676861635301607e-01
1.662372894625485931e-01
3.341131539039003395e-01
3.292096894352039005e-01
1.324523949120080257e-01
2.306888262782181842e-01
2.989572831521715712e-01
1.617095238173189842e-01
1.773822891967127835e-01
1.602900597723169729e-01
2.743416843357655011e-01
4.476543347619770657e-02
1.671907463019216278e-01
1.071688724900813489e-01
2.188250812147987112e-01
2.715452400742416894e-01
1.413361224425512541e-01
1.726668111514913229e-01
2.824726070826006352e-01
1.479000015859932571e-01
1.206279547760467918e-01
1.301114239440277209e-01
9.337135120637728158e-02
2.709182813431304515e-01
2.691950729820279387e-01
3.383756346086954636e-01
2.292005472420585166e-01
1.426937227837090927e-01
2.948789000220519152e-01
1.959538766865389914e-01
2.336891179593916512e-01
3.454191433040237347e-01
1.759027036325198357e-01
1.326851830951690792e-01
1.083038383559724455e-01
1.624591753794354387e-01
2.445370092919963989e-01
5.917109711245280290e-02
1.898783205934582718e-01
1.766323274664345910e-01
2.916656256701673500e-01
1.525730111446242376e-01
1.303008559954747236e-01
3.145327649593963604e-01
2.218968087676031209e-01
2.713489631350645137e-01
2.767827393618668141e-01
2.685336775405227638e-01
2.707928077263265787e-01
3.333287736653452460e-01
2.519908329514958245e-01
9.970929941719888778e-02
2.438067870680798166e-01
2.956383640407019842e-01
2.450716099444384399e-01
2.192554565708574876e-01
1.562795158149926367e-01
3.069619851077340367e-01
1.085587742220101848e-01
8.744962881255818887e-02
1.666363860807608954e-01
1.081744263620918606e-01
2.441828041992614162e-01
1.958774144445134813e-01
1.083865142962430334e-01
2.713489631350645137e-01
2.129377882799529664e-01
1.925492595722099742e-01
1.252552894622635526e-01
1.891141553338428205e-01
7.624439298272447929e-02
1.356607734734917581e-01
1.525510931207958720e-01
3.418059647305077275e-01
3.160942881625934398e-01
2.697376173563846291e-01
1.489107068377717169e-01
1.164590257114639649e-01
2.756017989586329597e-01
3.369469893720853926e-01
3.130221527830860939e-01
3.049003574966253072e-01
7.930103011735982477e-02
8.970937465339945405e-02
1.741213058561519311e-01
2.486058269781274144e-01
9.965999806802199046e-02
1.507849495266232465e-01
9.417077505145853011e-02
2.220524957793527654e-01
1.392263298818365025e-01
1.266402500247871266e-01
2.468365345318247195e-01
2.252545044291732468e-01
1.183833761582100269e-01
1.578810504073632215e-01
1.144778635054158611e-01
1.451006771318266442e-01
2.187210484311837844e-01
1.099314138267708935e-01
3.493109104841750634e-01
1.940766381646004124e-01
3.446662060414890094e-01
1.916248398001046127e-01
1.371656153096235120e-01
2.439357606373402654e-01
2.588093285724825665e-01
1.791485212237030056e-01
1.710100468660362971e-01
1.255233996535537189e-01
1.130853085036806899e-01
2.666561531217124803e-01
3.297972581339039255e-01
2.869926318272648103e-01
9.746523415149023484e-02
1.190033275533802781e-01
2.993992165747205725e-01
1.639983801811442932e-01
1.938632731699860834e-01
9.916313006397017848e-02
1.640063660182309313e-01
7.114722470044823610e-02
5.313236044977172334e-02
3.407825203401489977e-01
1.772232896104319055e-01
1.456566816806826037e-01
2.282977965353490679e-01
3.319050021796304817e-01
1.520605047070417992e-01
2.538803416176154681e-01
7.690948344625085642e-02
1.235174319772273377e-01
1.787925790603320242e-01
8.781699128210929128e-02
2.631070955143937073e-01
3.190647005391444302e-01
2.505226382220586134e-01
1.584075051192888883e-01
8.172874628977074007e-02
1.242448515039133450e-01
3.251911449011427591e-01
2.484645915874871547e-01
1.741002437524008795e-01
2.409672789118351421e-01
8.194033430251081163e-02
1.696083270552996847e-01
2.927238974795230986e-01
2.850689806790596692e-01
3.234447521798629044e-01
3.111416294904297275e-01
2.080793862315418741e-01
2.160439762157200516e-01
3.336466975778525912e-01
1.291270611705173654e-01
1.101889996039376318e-01
1.032211079732566206e-01
1.692268649824674731e-01
1.698875004371580844e-01
1.503601009832787050e-01
2.638368646320519151e-01
1.025284042424940006e-01
1.995007494977765194e-01
1.945559326800882227e-01
2.274087913524794058e-01
2.407994874591398993e-01
1.633453857590620173e-01
1.078003489510823698e-01
1.690852923373883099e-01
1.213878726908524941e-01
1.255233996535537189e-01
2.040554971624672087e-01
3.341627827082259694e-01
9.892079246109355961e-02
1.349118838275504551e-01
1.708292578568121611e-01
3.109180437362979443e-01
2.334467353325656580e-01
2.506163833247675443e-01
1.611980919124067768e-01
2.869907430176967811e-01
2.113565235727493108e-01
1.122880496408556056e-01
2.922714410391482054e-01
4.712617878334794674e-02
2.336886898522381739e-01
3.001570140622417671e-01
1.662570781713127999e-01
2.766354055644684173e-01
2.566548277874835526e-01
2.627687008495570575e-01
2.432576532185145024e-01
2.114122878212839896e-01
1.520352234753571397e-01
3.196539653923318736e-01
9.422294866239075417e-02
1.171861946697215634e-01
2.595116740888272489e-01
2.689724046581955519e-01
9.456949942636928841e-02
1.477534769812638427e-01
2.301274395563326081e-01
1.713680537186238473e-01
1.471828486124091839e-01
2.213919860952224816e-01
1.861921824481172216e-01
2.199048259082468371e-01
2.489196554828710106e-01
1.942308534201517556e-01
1.451118477693927322e-01
2.680718231446937994e-01
1.895385755613381851e-01
3.354300161353814258e-01
2.218052686128321183e-01
1.485992921504891151e-01
2.969278882383761808e-01
8.794029539707678977e-02
2.770816506511641908e-01
1.633453857590620173e-01
1.555433447738900354e-01
2.860941515296641091e-01
1.003750911784608707e-01
3.181741163382009185e-01
2.459584986933607831e-01
2.797388129903509157e-01
2.529482718493404336e-01
1.504137605758130436e-01
2.112543716190858900e-01
3.497150940718603551e-01
3.304870255467363682e-01
1.972600933415900315e-01
4.078038652463295000e-02
1.569979692413964734e-01
1.029224074313384446e-01
2.835552446189631981e-01
1.307988916788813405e-01
3.443075368719686891e-01
3.071470229374338445e-01
1.555913860231886159e-01
1.092986002702293069e-01
1.763134749023362591e-01
2.895469291051506189e-01
5.937223691749113352e-02
3.025778615269614225e-01
1.068493722738280416e-01
2.371297838102215116e-01
1.832518611938057929e-01
1.234812636864545121e-01
2.108193861192418639e-01
3.294965817244185913e-01
2.149811261943816720e-01
1.808924235376885570e-01
2.712990658222479423e-01
2.033953307558454271e-01
2.640350069577075409e-01
2.755530085800099727e-01
3.327052636143553732e-01
2.943734636821122019e-01
2.969962366196615688e-01
2.275876850329481282e-01
1.583805877282353780e-01
1.372721901276123813e-01
9.650384034777657882e-02
2.574382030544001831e-01
2.981589353004453491e-01
5.230970875327881076e-02
2.317369347202465624e-01
2.252462621375560248e-01
1.301930545084795943e-01
3.334410863021827764e-01
3.475737466611980575e-01
1.079365731266189732e-01
2.802246384809456980e-01
2.780498257586374589e-01
1.851410875640935039e-01
5.237420084867689535e-02
1.236837956953751871e-01
1.362627635256180025e-01
2.982795053850754718e-01
2.477289783364455267e-01
2.945844982260694689e-01
1.458411192528558942e-01
7.852346353384723199e-02
1.924179423531526267e-01
3.282446861083926359e-01
1.476732560347991108e-01
2.984662751642319645e-01
2.006646472899525635e-01
2.839077686314080418e-01
2.188528601434776844e-01
2.685662376998515510e-01
1.052593397378758372e-01
2.525629202350769265e-01
2.780498257586374589e-01
1.726004498762120642e-01
1.083865142962430334e-01
2.133527825851979920e-01
1.291945619416046409e-01
1.599600278803819109e-01
2.763295269270683585e-01
9.796246891626850251e-02
6.093215467484761755e-02
1.907042840878064305e-01
1.325197114362777207e-01
1.863331416813558128e-01
8.113773982731979639e-02
3.042372089535158586e-01
2.705760462834849722e-01
2.745295398756088523e-01
2.633629450795236249e-01
1.272292836020100792e-01
3.301875989796478894e-01
7.176098119335894143e-02
1.037889319051918530e-01
1.670764019851558591e-01
3.442054842800971737e-01
1.604778340302454032e-01
1.739411373169337804e-01
2.743416843357655011e-01
1.724642968153347611e-01
2.328104294156647935e-01
2.898544898719101481e-01
3.379774438104256040e-01
2.761958101257758758e-01
2.379988311896675535e-01
2.403910893353603806e-01
2.575610269513272099e-01
1.602272766810421412e-01
1.153264448100565498e-01
1.519390666534058409e-01
1.784700535814734979e-01
3.398430630480704928e-01
1.810735287593739640e-01
1.493692707296183086e-01
2.769095158326862621e-02
2.880656897850568665e-01
2.853932876140099495e-01
1.092986002702293069e-01
2.008188839599086561e-01
1.461847412144175740e-01
1.942822316187794718e-01
2.091568973896569261e-01
3.106150172889854955e-01
8.989143650220672577e-02
1.539975027598163293e-01
2.685489828635440057e-01
1.305264078810390860e-01
2.492237891658687921e-01
3.271573324713886177e-01
1.337279149636215470e-01
1.724159712088088880e-01
1.301930545084795943e-01
2.948568032755108370e-01
3.195183247960574624e-01
3.383491856425090427e-01
1.620531432755060175e-01
3.394714761280061555e-01
1.576275039484838492e-01
1.095428545457789865e-01
3.335465447930122673e-01
2.669128940684782902e-01
3.423848574180923809e-01
7.898951698902764718e-02
3.395810032041327031e-01
1.934398261035303601e-01
2.519540538444520889e-02
1.871310690138888455e-01
3.267129925292682202e-01
2.274415694456949077e-01
3.271797354829826809e-01
9.778310564751831191e-02
2.304763892111894585e-01
2.276020722248484618e-01
1.022323797322437083e-01
3.375143226126925966e-01
3.136416316416996697e-01
7.327906050870394705e-02
3.098504230281663996e-01
2.252507195417928487e-01
1.399524064182089134e-01
3.065055502629569495e-01
2.867899850616265067e-01
1.178694301257276339e-01
1.601877898079925866e-01
2.013777033946869410e-01
3.317226329140242624e-01
2.377087453232076819e-01
1.547409260922976149e-01
1.764114993574553425e-01
1.906569085644432837e-01
3.013360886365939462e-01
2.206807371437882193e-01
3.239542073293147362e-01
2.570948657964594042e-01
2.928218443050126241e-01
1.097432461418342275e-01
2.696858219857221628e-01
8.531215986788998062e-02
2.678221921636342873e-01
2.382327710706612645e-01
2.355283458776412653e-01
2.012527958522378480e-01
3.154373251432456282e-01
1.628660494326776009e-01
2.420331394946598491e-01
1.202020756332161516e-01
1.864228016479835826e-01
1.386885184287015571e-01
1.857502912472347445e-01
2.042472918116335356e-01
2.959213068311049577e-01
1.945981081889729958e-01
2.000321958018859980e-01
2.481541755673188632e-01
2.018020901096951036e-01
2.778800661662610971e-01
3.109180437362979443e-01
7.860225944257440145e-02
1.651986771971368784e-01
2.477831007302163380e-01
1.977342227196923763e-01
2.379423684882977785e-01
1.325545591050057703e-01
1.183142746294326142e-01
1.886581627553723106e-01
1.061906825586370895e-01
2.572053770449233001e-01
1.550688921179414759e-01
2.975663035120921229e-01
7.702527420464849728e-02
1.959475534206573111e-01
2.847903499546283190e-01
1.876507152552464586e-01
1.520019415939486140e-01
6.943035334902346312e-02
1.093042452210223336e-01
2.624885680188644987e-01
2.319221732428496108e-02
2.190226088115373726e-01
9.276948753135270953e-02
2.001831934111214795e-01
3.358331095730874849e-01
3.479076602704160304e-01
2.871021025159776752e-01
9.920563256697301213e-02
