4.884443602577446739e-03
5.482195946123433541e-03
7.103678050982058408e-03
6.917618009307192548e-03
6.866301554605244543e-03
3.135980072417457899e-03
6.681134812926645301e-03
4.315419646240973954e-03
4.810539997927269426e-03
4.873275203104349140e-03
3.489013934868657324e-03
5.218802518112768650e-03
4.058873928724129020e-03
5.669273082649603154e-03
6.600477535593821457e-03
7.077395126094950667e-03
7.244931892071725978e-03
7.254181844865105998e-03
4.405989883135820462e-03
5.647902862679118896e-03
4.640338520765894745e-03
5.367449249049756343e-03
5.244067702797957677e-03
5.642547675872042721e-03
4.297713188471280130e-03
7.223632052479831908e-03
6.644409249788351887e-03
5.695155024866126875e-03
7.522733047506340205e-03
6.668015801745030835e-03
4.382483399660902848e-03
7.259568135072431636e-03
6.943317305309403692e-03
5.322768872316633280e-03
5.072904577976822260e-03
5.289977799688483362e-03
4.295145145168212733e-03
4.280825249300576965e-03
5.684434972059644944e-03
3.995143039444652884e-03
7.204918658288324285e-03
4.955554895939899562e-03
6.714067976848700665e-03
3.550810080092880842e-03
3.261121049866369352e-03
5.334188278909439071e-03
7.067732372734151884e-03
6.139790110312576786e-03
5.998655454783374461e-03
3.507112910481918755e-03
5.660571742351492436e-03
5.948653821616857809e-03
7.260926200524656787e-03
4.743709025999295198e-03
4.136424461341564433e-03
4.216550445750798584e-03
6.865782908328819240e-03
7.317319440429604326e-03
6.310854822967486115e-03
6.658412735928650322e-03
4.227177929497111589e-03
7.307493010635093475e-03
5.887263034109009238e-03
6.040177225033551561e-03
5.964087977579653373e-03
3.651691737966903609e-03
6.515276040090382803e-03
6.690307790911619555e-03
6.733146789281226063e-03
2.204270071089260707e-03
6.476441022494332234e-03
7.135537996933079448e-03
6.597975336208448081e-03
4.151485463184813318e-03
7.276196739645182307e-03
6.409456706765872397e-03
2.873968977203817179e-03
5.215633266782380810e-03
7.104140129195714998e-03
5.717185470493258564e-03
5.498558983709391466e-03
5.871365721213469072e-03
6.024618930923360781e-03
5.785452643700843452e-03
4.134485772758982047e-03
4.342467611392385532e-03
3.425502912181933694e-03
5.703879635428498254e-03
5.717525005519375966e-03
5.190079716007893820e-03
4.469323756968065359e-03
5.622338256782056717e-03
5.761000228495493855e-03
6.323366716917993256e-03
6.683860361194287822e-03
6.072941742941198248e-03
7.241801611961213442e-03
6.257972501708188549e-03
7.365993366744382626e-03
7.211038933408955506e-03
5.976468119566509009e-03
5.064892454001320571e-03
4.096358743183106665e-03
3.537499103119297762e-03
5.289704172554717150e-03
5.109275627081877671e-03
5.972261404396120299e-03
2.050211469236255454e-03
6.044844610851226110e-03
6.030532575720759167e-03
5.929231053658732056e-03
7.192207868237043833e-03
5.985164261120825765e-03
6.813370677208591304e-03
6.499842619340502961e-03
4.515587165745832583e-03
6.710211235929382581e-03
4.548060650871599275e-03
6.274402500011004927e-03
2.292022787203176672e-03
4.935673091121771383e-03
2.151434409585820801e-03
4.890013460231281382e-03
2.100511206499084977e-03
4.609757118934233906e-03
5.208954283483982831e-03
6.592452619434430346e-03
3.968131751051062230e-03
5.552528369001674853e-03
4.992801795477586416e-03
7.195181993217857064e-03
6.582919072961720443e-03
3.117251547953980503e-03
5.013533673432260182e-03
5.692647586767119600e-03
6.120994315893870351e-03
4.122102074348541964e-03
5.580882968799837779e-03
6.428087341951421035e-03
6.548923339091699061e-03
4.102754181601135294e-03
5.340667781654439422e-03
5.328987036848724899e-03
7.470636734734256192e-03
3.702388767117091237e-03
4.231002063264370505e-03
5.344732037240248687e-03
6.896762703288429955e-03
5.797290047186484836e-03
6.130790223326089070e-03
6.505707462687192709e-03
4.576726435296992607e-03
7.198667801612542577e-03
5.566330720170459267e-03
3.118689455338060669e-03
3.457618353234000186e-03
4.650309547790007839e-03
5.691581821301746474e-03
6.074935137967167262e-03
7.533859017978468062e-03
4.113707921808972337e-03
6.834278658008898291e-03
5.138913875480178098e-03
6.809284322773109105e-03
6.552078642302981010e-03
6.317205379293457101e-03
4.942655645252623693e-03
7.389235025660999441e-03
3.645432292036871781e-03
6.024380767498755708e-03
6.768264261386490975e-03
5.075996650247926838e-03
6.955118074798364268e-03
6.724302297736742956e-03
3.171810107874754869e-03
4.926007950098301724e-03
7.536794522481775165e-03
5.785452643700843452e-03
6.027084831128918553e-03
4.340667483742175099e-03
7.053881572678186683e-03
5.291067550893853097e-03
5.498890369585620989e-03
3.761855253561528691e-03
4.778294219537700289e-03
7.371068662318490568e-03
3.405492998475906537e-03
2.349480010159924262e-03
3.994327579486514970e-03
6.397411252319778335e-03
5.333391542708728478e-03
2.381799017420644336e-03
6.996764899919059345e-03
7.104495203031369228e-03
7.415958131618938243e-03
4.601545913512631279e-03
5.819642767762996279e-03
3.391125418459174472e-03
6.644583559590689671e-03
4.629445276753461555e-03
6.428459247792198301e-03
7.371585141944175107e-03
7.132748692013113866e-03
4.770064337808791431e-03
5.295393978025361888e-03
6.537002540823310705e-03
4.547685819889469780e-03
3.499942504576526638e-03
5.364332673555296908e-03
5.295850986277422096e-03
6.312688306479580756e-03
5.951295480920795050e-03
6.832673816811403282e-03
7.339890668259139821e-03
3.206068213325041511e-03
6.999213534686333192e-03
6.683728227154854713e-03
3.132074909197523141e-03
6.711610535640857855e-03
7.054308711382376203e-03
7.361173926185751726e-03
6.451159028835518755e-03
6.560451862911501932e-03
5.517167495939261784e-03
5.788718570801767820e-03
6.476075298874233929e-03
6.384053014380431518e-03
6.900738875810575115e-03
6.320843384204800387e-03
6.552352896783329023e-03
3.790133248767425279e-03
5.340426466930048126e-03
7.384151075544131103e-03
7.091120983367962816e-03
5.012376162558617419e-03
3.727159919539790520e-03
4.795491514070172531e-03
4.594015961913588617e-03
4.202036128030720713e-03
6.797995206479376384e-03
6.916509698728584912e-03
5.740004371874279573e-03
5.552014260191666037e-03
3.761855253561528691e-03
5.751363203930174618e-03
6.506860057537191752e-03
5.766409861118497807e-03
3.357200139979709102e-03
5.750933163956958860e-03
6.659222084538735618e-03
6.573768520053279753e-03
5.785191103184151619e-03
7.269262448176868306e-03
4.461452154354796605e-03
5.330936360626353961e-03
7.185510810284988399e-03
6.992250122302654317e-03
4.910641282611630590e-03
3.168982550720066647e-03
6.039560384134681770e-03
6.427651888331798249e-03
2.957506017901449357e-03
5.998021016288637187e-03
7.407878077544120116e-03
5.078661384799279185e-03
6.152174155054479510e-03
5.564511512190515111e-03
7.243759212560103855e-03
3.916259493329794610e-03
3.622685676802288313e-03
5.044427264844979913e-03
2.828205593511666331e-03
2.772008633911752368e-03
4.797927005290992045e-03
5.969910254472705208e-03
6.904077184963321352e-03
7.410041926755889935e-03
3.086342734828048835e-03
6.407342760020517773e-03
7.060635197843385773e-03
4.511283168191872368e-03
6.963376776328113194e-03
7.008136592059593939e-03
6.535051148695356429e-03
7.024308361281645166e-03
7.471082308798017088e-03
7.093179234906586174e-03
5.942645385536440318e-03
3.737934270201842286e-03
2.796214485849132618e-03
7.148849220134951589e-03
6.337463758929640263e-03
6.203077358171691508e-03
4.244877784293885244e-03
4.928185249109429990e-03
6.416975923502941763e-03
6.228296545483695892e-03
5.050801531376453851e-03
4.691076420574570582e-03
4.825031671548998292e-03
7.419600083043631153e-03
2.438569814533220192e-03
6.789013281346926651e-03
3.299706777279053527e-03
5.955081347635391049e-03
6.853495647320979184e-03
2.853698649473112876e-03
7.431040898739010164e-03
5.685891291778355158e-03
5.029748547716790877e-03
4.542998050529690156e-03
6.169085495467137303e-03
4.918367894214964106e-03
6.271447920624205648e-03
5.012398016465070133e-03
6.657634607913196292e-03
5.413722365567480953e-03
7.424972811562921202e-03
7.133466622581355158e-03
5.497300396441512534e-03
6.989844064955116204e-03
7.186673936561123119e-03
5.716548689150322861e-03
6.468121366967527833e-03
6.304907612839819910e-03
5.783596546905693699e-03
7.051101741786466176e-03
5.213868345277239066e-03
6.441795587589264731e-03
3.247761659020428557e-03
6.993708663029051323e-03
3.118551600530447207e-03
2.646883915189818508e-03
6.651851021899351547e-03
5.738388692590076952e-03
4.098419498490040759e-03
3.695883023329963463e-03
4.411128176979989962e-03
7.346060849698849218e-03
7.116749012657715492e-03
3.262808319336842847e-03
6.720093861553691136e-03
5.088591225766624093e-03
6.581081764027378600e-03
7.202830438057115231e-03
4.104384042796247432e-03
6.011608218060520044e-03
7.150034204862854535e-03
6.866814645204839807e-03
5.857309882111444432e-03
5.606187626317314307e-03
6.358477179601453033e-03
7.505259782772593508e-03
7.354992984049655430e-03
6.776933191416889893e-03
4.015034846775093411e-03
4.741296361172545742e-03
7.061177445310976540e-03
6.373668577819812699e-03
6.299458949783568601e-03
6.809725357264785443e-03
4.243800368722870642e-03
5.029348799629919028e-03
5.511244744667878788e-03
3.951041651620386744e-03
4.908281467532175750e-03
5.884478289989876140e-03
3.039952861841396271e-03
4.992801795477586416e-03
6.437746349005737771e-03
4.916858890182420477e-03
2.630834676291559943e-03
5.417200703346836989e-03
6.659246643137871693e-03
6.950789233662313209e-03
4.056293716026920793e-03
5.116077788830305888e-03
7.165883428757601967e-03
7.051834448467712499e-03
6.114476133764824503e-03
6.155752663204386819e-03
4.609603049516894369e-03
6.963376776328113194e-03
7.091120983367962816e-03
7.425213758917272727e-03
6.670571168180621478e-03
3.579039351033360371e-03
2.963354310609953197e-03
4.634295087475175622e-03
6.504299258719307975e-03
5.934999325249675980e-03
5.692020789731196129e-03
6.253304693331926054e-03
4.264423268405322098e-03
6.435031105655436567e-03
4.398569329053652124e-03
6.815182568186715917e-03
5.817048083734204476e-03
3.277347414467566937e-03
3.212676346281609537e-03
3.814206145148615890e-03
7.220184467360273028e-03
3.779867352549972845e-03
4.791504575187591382e-03
3.717772510565257003e-03
4.291994828563730144e-03
5.241587699024324344e-03
2.945425117264125273e-03
4.383075047263328833e-03
5.033109751263529705e-03
3.550810080092880842e-03
3.480520158146479821e-03
7.222132467681987786e-03
4.813932055694782053e-03
2.948493495800503898e-03
5.615119047102608285e-03
6.449988294190551509e-03
3.529167204588879413e-03
3.519096269542137945e-03
4.257315261178047303e-03
5.850713866122679227e-03
4.880048764886011844e-03
3.740275551806679279e-03
3.247605138185778988e-03
7.304247097305776107e-03
5.511490184318612422e-03
3.997028885950540053e-03
6.492284194932950933e-03
2.767819840196180780e-03
4.559637488720689850e-03
7.061990585527200270e-03
5.701082506029688315e-03
6.212514212951534588e-03
6.595936105275444772e-03
6.704829235551277092e-03
4.796193354422006311e-03
6.629376312978819269e-03
2.634104203280984453e-03
6.826604188567940781e-03
3.908133417387825090e-03
3.410636377479087360e-03
6.414211573869357808e-03
7.406568684451068398e-03
3.734401172139017924e-03
7.354154817914014194e-03
6.402953747529577591e-03
7.148457441395348645e-03
5.882299961645773984e-03
6.915797841013703560e-03
5.237667583179717729e-03
4.385926739358386207e-03
5.674163057852010805e-03
5.149926345388244897e-03
4.246310617087617652e-03
7.195265862434922256e-03
4.675987436550395164e-03
7.074962244461485521e-03
4.894825493732530772e-03
7.449941393722750438e-03
6.913042758733620521e-03
6.610003567898046876e-03
3.154069478927768767e-03
5.328430751363490842e-03
3.599932200317723045e-03
4.241338463228748641e-03
7.206887535357313530e-03
5.451524962328326528e-03
7.092929793548526790e-03
6.088981071745163016e-03
6.043813790232528162e-03
6.031549976648174424e-03
4.399648350772879420e-03
2.345383295011195524e-03
7.413198529455071115e-03
3.168321494615517799e-03
7.426264463584993439e-03
6.131244775252739712e-03
6.641532752166844772e-03
4.879068484514936278e-03
6.157150707445887584e-03
4.298125866849820086e-03
7.143603719140282152e-03
2.491627044515849938e-03
3.553977042433922092e-03
6.775031269919348960e-03
1.817437055437762109e-03
7.123092444943938603e-03
4.122229090469099917e-03
6.986423508418250494e-03
5.603963148433260474e-03
2.351105821856537721e-03
2.461674316990563639e-03
7.311304502365239058e-03
2.114474340769022243e-03
6.960561978334240535e-03
6.031280746211257690e-03
4.383949745356698936e-03
7.533859017978468062e-03
3.009922151265917271e-03
4.555833270807574734e-03
4.195041700284814559e-03
4.130604326461883094e-03
4.098419498490040759e-03
4.471325524118980807e-03
7.418280646341715578e-03
5.517439843841249331e-03
4.381150930327363212e-03
5.425847959944979544e-03
5.966896439296922802e-03
5.538111564209894158e-03
7.061990585527200270e-03
5.664730690245356297e-03
5.552014260191666037e-03
6.788987640347276739e-03
6.844044681827997356e-03
7.334505985604282061e-03
7.179999528954057048e-03
5.417354655797748664e-03
7.433814867748782945e-03
3.819151684783039964e-03
6.010082086035320285e-03
6.936320867965355130e-03
5.901052623758904284e-03
4.366503612897944947e-03
6.863597902978061174e-03
4.325117893574692389e-03
6.712783879105872244e-03
6.353248081151546996e-03
6.833534696099314090e-03
5.124780573984025894e-03
6.713145532651919323e-03
6.968944550893946266e-03
4.448777920184291725e-03
4.375912007151816496e-03
4.250301703063136087e-03
6.753149130347764657e-03
5.317467404239236035e-03
4.470629971507534411e-03
6.971917464290919297e-03
6.792166112324704748e-03
5.797953265489858184e-03
6.168002330897934607e-03
5.664021092640325085e-03
5.554398112474896038e-03
6.189050824124800280e-03
3.617109439524496088e-03
5.097315968457248256e-03
6.203033562296769200e-03
5.511930212868964597e-03
7.131071484514733133e-03
7.363448114126646370e-03
2.772986865646587685e-03
5.696368741198699903e-03
5.870282068081570000e-03
5.354774949750874813e-03
5.854217693463337202e-03
4.969291328856131375e-03
6.463728359898225986e-03
5.639269746979514407e-03
5.738745251649046177e-03
3.944257938356591706e-03
6.554305606690132881e-03
6.973217996238113142e-03
3.135999795858069109e-03
3.791302850875387809e-03
5.054873179627597177e-03
5.872939253979596666e-03
3.143276009901096839e-03
4.316442265627524512e-03
7.380941238367706887e-03
3.790229631805178481e-03
7.143746084735259037e-03
3.815466682399514062e-03
6.535736941319628471e-03
4.726969130075647438e-03
5.559114119134969667e-03
2.656375768805808828e-03
5.012561318232793862e-03
5.500930547656224419e-03
5.547380903133738127e-03
2.996212678638737921e-03
7.521774284141343435e-03
6.915166222301556871e-03
2.002561441621733031e-03
5.690870744987563609e-03
3.770501375485840658e-03
4.132965054647966437e-03
6.633428212175338304e-03
6.338338762918506800e-03
7.392714811000044781e-03
7.222984837875911016e-03
5.452891814743403461e-03
5.565296917813412902e-03
7.226448106294179954e-03
4.907072339278009503e-03
5.094717041889460993e-03
5.047679640583951563e-03
4.652031339434376488e-03
3.369012373384315875e-03
3.785127263551299817e-03
2.534666693045548556e-03
6.371862656352934515e-03
6.444145436618604200e-03
5.275541380784447287e-03
6.969756064368439960e-03
7.380919301087255496e-03
6.420172726835254341e-03
3.595593777523553580e-03
5.398330272923657427e-03
4.949657667542886087e-03
6.503203875910034543e-03
5.606187626317314307e-03
2.702358106666839180e-03
3.373525097837263512e-03
3.721005938518707947e-03
3.929478273975427552e-03
6.409755312442706743e-03
6.694040308128661534e-03
7.055671859093127704e-03
6.148875706467884020e-03
7.222363151673209455e-03
2.560243078148983185e-03
2.320872339939581124e-03
6.887109365774386240e-03
5.180364460248321028e-03
3.894117376892862296e-03
5.889636243800281355e-03
3.287420526222546539e-03
3.108303212813515702e-03
4.546050388192276331e-03
5.664730690245356297e-03
7.229839441798786848e-03
3.777206840485127642e-03
6.738487183896003929e-03
2.782888622913203078e-03
4.341452699883713469e-03
6.203008543456935142e-03
5.493944953506006527e-03
6.854655658579631231e-03
4.585065137955144851e-03
5.367449249049756343e-03
5.912162800036485297e-03
5.430011100432305046e-03
4.223823037595362401e-03
2.342500425101244968e-03
4.146852918727641189e-03
7.483545461183830141e-03
5.792586945265723944e-03
7.298201052420319641e-03
6.375134825959747828e-03
4.078921531237924419e-03
5.289977799688483362e-03
6.873075026569641643e-03
6.822621652735673739e-03
7.198667801612542577e-03
6.243654656426412750e-03
3.995143039444652884e-03
5.132336533349086613e-03
6.696928943725046456e-03
4.099004222830911551e-03
7.000157203967172920e-03
6.645763109520296322e-03
2.646329478005563732e-03
7.430040378676057260e-03
4.643498427765261824e-03
6.319852999463537908e-03
6.855526709158227608e-03
7.274027637935259055e-03
6.804032966527454214e-03
7.041317656647274811e-03
3.852981196311828886e-03
5.537370429697392044e-03
7.104085880449345809e-03
6.884890615261471392e-03
5.690415449253475449e-03
5.808962177609042037e-03
6.996473811558218646e-03
3.594064390034925043e-03
3.502517593224696059e-03
6.579831901041906413e-03
5.723484460982254142e-03
4.041764075304873222e-03
6.396259415148571395e-03
7.491084145940250620e-03
3.379331363354435257e-03
6.669397490399540072e-03
5.932332828545488525e-03
6.275539216013152795e-03
6.010296449812165855e-03
7.289756750651800801e-03
7.277599777906922085e-03
6.691034687297143027e-03
6.462188483879706923e-03
7.186406061018903689e-03
4.514821528734931297e-03
6.468590184912268413e-03
5.666667847744403554e-03
7.054783074675326920e-03
7.268669726363571025e-03
5.240074281783520943e-03
5.654064565626205040e-03
7.086300596800415748e-03
2.753969353012235971e-03
5.941720319085163834e-03
6.890312904507544384e-03
7.466138214208328794e-03
7.305583836679938048e-03
7.482560176891500658e-03
4.914464849019212038e-03
3.341412118541017915e-03
4.022124811713043320e-03
5.394708872833779874e-03
3.278252960561474274e-03
7.445534070306057163e-03
5.137826711161825460e-03
6.128427800993430964e-03
5.221953888902948308e-03
5.031517286649117744e-03
3.159687982788266132e-03
6.520555879658568137e-03
7.397939336379442607e-03
4.404745042950240427e-03
6.170300487285696259e-03
4.849727067968468384e-03
5.688803670279676469e-03
4.868433010042912817e-03
5.697578379166971276e-03
5.165704647409911400e-03
6.197743587559451962e-03
6.683728227154854713e-03
6.137041122824852916e-03
6.197330298670936967e-03
6.452407835892691283e-03
5.654339837176365971e-03
7.015953722953164468e-03
1.885461914837361416e-03
6.886998513246271950e-03
7.131443013234373129e-03
6.107722401595624268e-03
5.898098315205395695e-03
5.026239309969430386e-03
3.043953111182162719e-03
4.992524273640925811e-03
4.648292524508548622e-03
6.641425987769748220e-03
7.068619613702645070e-03
4.930462062475935922e-03
7.078226524791596426e-03
5.471672869526054798e-03
4.352066191058126705e-03
7.135537996933079448e-03
4.645406470647432846e-03
2.558905832376447489e-03
4.493045401351408903e-03
4.502514646406520320e-03
5.649661017742250643e-03
7.202600624338841018e-03
5.363203045291907792e-03
6.052051271188746071e-03
3.577056374214513442e-03
4.453349061441917202e-03
5.976324501342888951e-03
4.365228220941781874e-03
7.198524037648116811e-03
6.676083952808834626e-03
5.741877322420807332e-03
4.625914852072049270e-03
6.257838419836909104e-03
3.325115684753791011e-03
7.491509969641716241e-03
3.964768779575745562e-03
6.003883060538688435e-03
3.423522004276347962e-03
6.024618930923360781e-03
6.392851331390690672e-03
6.807332806390153576e-03
4.805067115140132343e-03
6.562805069474150071e-03
4.813932055694782053e-03
1.803992766706347204e-03
6.248649317519328755e-03
4.028093220370032937e-03
7.003672250536550556e-03
7.006388074867601380e-03
7.466793251533081037e-03
5.307934003218442269e-03
5.172073562739562536e-03
3.972771732039359627e-03
6.818187676272083331e-03
3.046988890660771738e-03
2.722101876484373136e-03
7.144592899934292841e-03
2.945684298886350628e-03
7.277836546265615408e-03
3.594353602636769264e-03
5.174017182466148466e-03
5.517438544337086199e-03
7.063349708198148579e-03
2.534058047076032365e-03
6.464908144712465214e-03
7.216854260670677729e-03
5.274817704162446455e-03
2.936817101134084167e-03
4.987998230597666394e-03
3.342795801237036755e-03
2.262332265480733896e-03
5.720002399402171998e-03
4.658099342500224109e-03
4.688523818731740386e-03
5.575143148196121459e-03
7.243374402327980299e-03
5.662926658365198714e-03
4.863169931827038793e-03
7.530689238484991437e-03
6.592290105545270222e-03
6.396168703780413106e-03
5.716548689150322861e-03
5.687846234114361452e-03
6.511891044363049379e-03
4.831992408330598732e-03
4.965470073429094876e-03
6.922326985575721209e-03
6.674735042493370150e-03
4.690180025245181336e-03
2.668715956696448947e-03
2.835354019474600317e-03
5.946776316298875084e-03
7.396487506740602805e-03
7.013116499767620311e-03
6.364692701440010161e-03
5.850713866122679227e-03
7.217952211798099593e-03
4.254465802705641349e-03
4.703938888138532726e-03
5.661504990473352136e-03
5.341485976729976395e-03
3.448741940637256847e-03
2.758309740924297631e-03
5.970204857212598436e-03
7.202600624338841018e-03
7.067732372734151884e-03
3.082553675449630718e-03
6.144198765897452251e-03
6.792499627365927890e-03
6.204725613186574777e-03
7.487424335435856511e-03
3.661692357177064646e-03
5.797290047186484836e-03
3.398738070898798223e-03
3.806285880204257534e-03
5.513978426961225164e-03
5.867593451700215366e-03
2.866682408440091815e-03
5.949902310107243672e-03
2.132932494465672544e-03
6.087104277955835731e-03
5.275541380784447287e-03
3.433543548036858354e-03
5.384466518524750125e-03
6.233252957059379554e-03
6.999586834216772399e-03
3.545828729916277160e-03
5.700608323755473189e-03
6.688341793844692663e-03
5.558064887946422700e-03
3.035315184317534561e-03
2.209586938288478093e-03
7.438020210580873100e-03
4.238218839210864189e-03
5.166052906601594982e-03
3.107189515466069786e-03
4.126705028811206502e-03
7.360583206793232247e-03
5.309901596085608508e-03
5.741287758486044238e-03
2.605047636473216237e-03
6.866146868214319937e-03
5.276106532972754497e-03
5.812447894036264391e-03
5.767498083821332062e-03
4.625963583943739146e-03
7.000299116403133418e-03
4.632815699813152069e-03
4.982663226196689006e-03
6.830566334524819025e-03
5.546179819673301495e-03
5.960212162351612511e-03
5.259606859620152841e-03
6.133603729778283435e-03
6.423104641256210251e-03
4.797652777418614199e-03
5.308310389172586630e-03
7.223475558976554314e-03
3.585482445365588237e-03
4.361382800057390582e-03
4.067766033952074228e-03
7.260870748570450416e-03
7.125394483287232454e-03
4.712388615535826816e-03
5.341682494659637410e-03
4.988057776207029809e-03
4.740926460623002756e-03
5.655058525547174489e-03
6.551607073279149332e-03
6.824327286423768207e-03
6.140230161585552224e-03
3.346349356313850585e-03
4.059781890133041214e-03
6.320843384204800387e-03
4.542416514845469717e-03
6.878079736099496945e-03
6.333063098762374034e-03
2.975805012093633156e-03
3.566432202980780210e-03
6.294857267030260807e-03
4.104384042796247432e-03
5.360979402858480174e-03
3.110268841758026363e-03
6.713889672967611119e-03
4.404060869623962690e-03
7.461059934805610444e-03
4.614217439678543892e-03
7.138036346250171277e-03
3.642875635089571490e-03
4.301462049807998692e-03
6.289060024336840665e-03
5.615119047102608285e-03
7.169792946922754102e-03
3.919349994844032598e-03
6.523320605412503102e-03
5.444765776588658679e-03
5.975863973940030716e-03
4.935255092548371247e-03
6.908124166286516536e-03
6.252619360814404455e-03
7.415638412843256547e-03
4.722194736396366499e-03
4.601360662809259386e-03
6.384680406201540502e-03
3.686861892726399359e-03
5.660215563058397341e-03
6.845720103084412984e-03
6.638315246097696576e-03
7.010445263019785336e-03
5.785452643700843452e-03
3.737823399341324692e-03
5.956914383771799715e-03
5.012635629575327295e-03
4.069183140333789382e-03
5.278263755685748404e-03
6.660021138419261640e-03
6.704829235551277092e-03
5.964297164946974830e-03
6.596882945976308664e-03
5.451524962328326528e-03
2.985841003305942688e-03
7.440012831546795151e-03
7.015552275539904681e-03
7.321566806021028405e-03
5.284503164625677964e-03
4.880048764886011844e-03
4.231942121486187251e-03
5.451524962328326528e-03
5.424714046605353009e-03
4.870817756087246139e-03
6.115902670297531339e-03
5.603632222527860605e-03
7.433603569223149084e-03
4.306867335845948087e-03
4.367583038253323655e-03
5.157221504786766234e-03
3.554095754191438639e-03
5.833110270075892931e-03
3.616037153061486126e-03
7.251955534824628194e-03
6.026905399787592724e-03
2.772647301806584978e-03
6.456154784152096961e-03
6.265913257478494813e-03
6.909725452230946509e-03
2.582345258987843971e-03
2.482784905870949032e-03
4.113707921808972337e-03
6.190855162465940323e-03
7.347579350329675775e-03
5.012398016465070133e-03
3.988769054642551416e-03
5.689981246631205247e-03
4.359362074716291620e-03
3.162013616474087033e-03
7.249213822502307593e-03
6.013287545758269279e-03
5.034484209545066723e-03
6.150914189396693155e-03
6.502142347355653607e-03
6.786271479804620484e-03
5.253353032537313658e-03
6.144055677044631125e-03
5.375817250550385742e-03
6.352003528204400520e-03
