1.201557860119383718e-03
8.712602971868132476e-04
6.648738639991312073e-04
7.149180950772148282e-03
4.839865741868518167e-04
1.355625845434757417e-03
1.572680031728069736e-03
1.448237619828814798e-03
7.019757855433974474e-04
9.725365768944122056e-04
1.090086301926584521e-03
1.191798305606892646e-03
8.586826513215148858e-04
8.567696677970588169e-04
9.336351444536931899e-04
9.643321561444937471e-04
8.222502491096166793e-04
6.139549508245335796e-04
3.624676178564442165e-03
7.564241940918007981e-04
1.316750014373912429e-03
4.719864821255396635e-04
6.968076242600461335e-04
6.681745229055350644e-04
1.040720850926194060e-03
1.208649638412254276e-03
6.127520342589419739e-04
2.052189923633495911e-03
5.689513041623053087e-04
1.407152197691640457e-03
8.047234474148917292e-04
1.078551540562578499e-03
8.854561769917781815e-04
1.113284095118940043e-03
9.272106631635048312e-04
8.776541822150658000e-04
5.801435445694846449e-04
1.069775716478183446e-03
8.842250528885550655e-04
1.161116734046790163e-03
1.027791808565088703e-03
7.573548377295584791e-04
7.454825039461852399e-04
2.684674938672419048e-03
6.549152130594651988e-04
8.626745801407067560e-04
1.678253663464939665e-03
5.353326031120599852e-04
6.620121525826661371e-04
8.148118285604446761e-04
8.555655675934624362e-04
1.197561481001036725e-03
1.172990269281289598e-03
7.757625038932220059e-04
7.889260795576048769e-04
1.137300320185416318e-03
8.975898214668171643e-04
8.561567794287437217e-04
9.975533571289644033e-04
1.105779917030843933e-03
8.642843496013770301e-04
5.424306722636778808e-04
1.724750051348776297e-03
1.253496128258981554e-03
1.420893705235478635e-03
7.201015410143926914e-04
1.327794413049544851e-03
1.282108630312100810e-03
1.868227707201687918e-03
7.246831058566956425e-04
1.017470853989337932e-03
5.566070867414901627e-04
6.508830827096646334e-04
5.423745184945992330e-04
9.584697180736991224e-04
9.377070303614564849e-04
7.359181862412369612e-04
6.552471230509720503e-04
1.120715008972540802e-03
1.273452513437019684e-03
1.006686236356606505e-03
5.841443668536868425e-04
1.851449604811664530e-03
2.934103416242099353e-03
7.389001358710123746e-04
5.770425290965733528e-04
5.560948159791378066e-04
7.691007051303596926e-04
1.212760957650032851e-03
1.552859960186203734e-03
1.211153504404186357e-03
1.014966636847106475e-03
1.013027151097586594e-03
8.007992210537729846e-04
6.603508677282261645e-04
7.816387001275125783e-04
7.193286176178681794e-04
8.602145734173008255e-04
8.691283638867470596e-04
1.260723293191767791e-03
1.290982459406025138e-03
5.698813164426586985e-04
7.135110579175197448e-04
5.584305281879680316e-04
1.080426282567875347e-03
7.404760919271884123e-04
4.121056813189404380e-03
7.424944373264495863e-04
6.976380286117284286e-04
7.118542266078274920e-04
7.100950884883944518e-04
7.277182338037884238e-04
6.509002544375566820e-04
8.600293859774488974e-04
5.609818522176956111e-04
1.207520524537994975e-03
2.489333386786655479e-03
2.561920226353963867e-03
9.246043840777523354e-04
1.044097762480503339e-03
8.003913201092811109e-04
1.049875650776112062e-03
8.696760740627994040e-04
6.226663515658079507e-04
1.048603255660068585e-03
8.204920956741897390e-04
9.883286263155952132e-04
7.547015464348061321e-04
6.367512888412822343e-04
1.028233184638848189e-03
1.022158982451036764e-03
1.138583908989393824e-03
5.118287810658498889e-04
6.090361215314686735e-04
1.238851025589643700e-03
1.027347960011027340e-03
5.814282365426511794e-04
7.198076619748660244e-04
5.702588544950271728e-04
5.456983631900314945e-04
7.885991915276417989e-04
8.582509981509791512e-04
5.724069136872354845e-04
6.775568457352144480e-04
9.650308096071646968e-04
6.026686112424519412e-04
8.256561232313109223e-04
1.006283059836633222e-03
1.754010292634087392e-03
1.179954472378905942e-03
7.070495695705959413e-04
8.426595068373192356e-04
7.790058539636598089e-04
5.298764933613363563e-04
9.012964573152529388e-04
6.192985919398475130e-04
1.732355337992138493e-03
1.063332148169892971e-03
8.240665927621656671e-04
5.153445911572428857e-04
2.354383943883960831e-03
7.589742519603776254e-04
7.138879682702663383e-04
1.777647783977779651e-03
9.553505413531496919e-04
6.085498560565668919e-04
9.022566689878410784e-04
9.300716870836215310e-04
7.816909964177931429e-04
5.997301810658243679e-04
8.985141417559901894e-04
1.002693592305498515e-03
1.066951899051888936e-03
6.898953220609750506e-04
1.752502362457869240e-03
5.609818522176956111e-04
6.791448091336355422e-04
1.175344173100333805e-03
1.744367838693318710e-03
8.103066553718570476e-04
9.650599327932760964e-04
4.934459935941656189e-04
9.804355302632933311e-04
9.716358197420347674e-04
6.443146383961522372e-04
7.489839996596598954e-04
6.167860157371660461e-04
5.206729736780334877e-03
5.867580519056523518e-04
4.954539545168545282e-04
5.322343362874399795e-04
5.298764933613363563e-04
8.179155781899323518e-04
9.947127337643279707e-04
2.561231808237980200e-03
6.641676461157308090e-04
6.289956749981906198e-04
8.797081182458459363e-04
1.362568492917938219e-03
7.334347898647262899e-04
2.366533480430851443e-03
1.087300337899564911e-03
7.190951708425614508e-04
9.571294059049546442e-04
4.915831786886363424e-04
5.279595803075568276e-04
1.671371302856060380e-03
8.661159562581090309e-04
9.531777660101989954e-04
1.110312751347223821e-03
7.796717680965746348e-04
7.589435437407084789e-04
6.715167130663388714e-04
7.225711785132413840e-04
8.215267641475448770e-04
8.486202830989731001e-04
5.795444162778861643e-04
9.434324353442760528e-04
1.319911995068982291e-03
1.046297028178049589e-03
6.136243300629378155e-04
5.477969409671684664e-04
5.147952755222853999e-04
1.331705391045525039e-03
9.513870661742103614e-04
1.353855871864139207e-03
6.480946883059290637e-04
7.077867517771402849e-04
7.359181862412369612e-04
6.666946205646155470e-04
7.301518144524860943e-04
1.698352476889405114e-03
8.379988207683267392e-04
8.264296870664799340e-04
7.147184385483162971e-04
6.660194421410384159e-04
6.909460831723404422e-04
6.246376093325199230e-04
1.135931761970982584e-03
5.879670022169016875e-04
2.853939750447462200e-03
3.289621846763744143e-03
5.559296567672197473e-04
1.063272968535828667e-03
7.514880018617285705e-04
5.974082765344187465e-04
2.137886032373087150e-03
2.148320752356900742e-03
8.159409483369939190e-04
7.660241398482276398e-04
5.086051887304733881e-04
1.227977333109104424e-03
6.474628411331429705e-04
1.731454051252589738e-03
9.576470723799973420e-04
1.549844496024902450e-03
5.210463237373512153e-04
1.153432681825103997e-03
1.448269248919684202e-03
3.315385371174537840e-03
8.305719369373007477e-04
8.554955657199384044e-04
5.424306722636778808e-04
1.253496128258981554e-03
1.436355572653759535e-03
7.243293857512921388e-04
6.475975687965774110e-04
6.045808323037808697e-04
2.614088836122829915e-03
6.220782162763249497e-04
6.607726757258495240e-04
1.208900306515125729e-03
7.826074373170726880e-04
1.306466202039423437e-03
7.452443978551333281e-04
7.028521977555850318e-04
9.469056795709000426e-04
1.821945114610046225e-03
6.725370440375646802e-04
8.759118260180275744e-04
1.546600018129979043e-03
6.797237848422156559e-04
9.006984758159733342e-04
1.676021217193136067e-03
8.424802354677629612e-04
6.093366333441872437e-04
5.706697987611455448e-04
6.328878821210556175e-04
6.497225278551321467e-04
1.065892578024996932e-03
8.892820591001159968e-04
1.051594550466589725e-03
8.893838702411106106e-04
7.044861204458838884e-04
1.576220451304723331e-03
5.702588544950271728e-04
8.383548284857181027e-04
1.183036617041822525e-03
2.788350726613389452e-03
6.218220023697640635e-04
8.426595068373192356e-04
7.252749006047560631e-04
6.315025563042160573e-04
1.288728008106609620e-03
6.785079041267406659e-04
6.809389162153643921e-04
6.900886914591888941e-04
5.649392663093345899e-04
1.238112116263200219e-03
6.636999796447415377e-04
5.920902648365923039e-04
6.632069975767724418e-04
6.309209475316344094e-04
1.524605427476657862e-03
8.628695618276017434e-04
5.650210216699237458e-04
9.258557905704221198e-04
6.792040192328779695e-04
1.970151226759011588e-03
1.190846702026544281e-03
1.280131202488292734e-03
9.409346783260441388e-04
8.258496959100828424e-04
6.388904950545076181e-04
7.294472450538510558e-04
9.198874791860452106e-04
7.849724077520266879e-04
5.788159812977726340e-04
5.613943128801091899e-04
7.938409435010198006e-04
8.553061287946746999e-04
1.374232482486660838e-03
1.448336781407291241e-03
2.614088836122829915e-03
2.406204858264853613e-03
5.072391926061344241e-04
7.568417350959095579e-04
7.054655806740442849e-04
6.793237137802834828e-04
7.580981645551030691e-04
1.536603368823722315e-03
1.190130671028742952e-03
9.121952948040680693e-04
6.699603357227854441e-04
6.999933382081046339e-04
6.095228919225515862e-04
5.596550595747800533e-04
5.148919397674727848e-04
7.521534209386338639e-04
5.556866714401338583e-04
5.580839645716507589e-04
9.799296187767547045e-04
7.273461261599320276e-04
8.828065492881869607e-04
1.570633599347119125e-03
1.003996629416046898e-03
5.752581520679287113e-04
9.998559985406356085e-04
5.942761489252987696e-04
1.347601417289391330e-03
6.180673878678763023e-04
2.114492575067245927e-03
1.209277528423305902e-03
6.462763681372238203e-04
6.562721079359023569e-04
2.194912624134142624e-03
1.008083910179209675e-03
1.293226708857082158e-03
1.410588155363863647e-03
1.498320682730712059e-03
8.556689178271283938e-04
7.552717864171290757e-04
1.033652045829026476e-03
6.979728784539213039e-04
1.251102052205994332e-03
1.868227707201687918e-03
5.961826375051630308e-04
1.192372696227133591e-03
6.610667438610070548e-04
5.321124894914403859e-04
6.502630297824383340e-04
7.132538647089584722e-04
6.219659068846846838e-04
9.947127337643279707e-04
1.382188916075887796e-03
9.933465775497337183e-04
5.516400944382453611e-04
6.971717209314936582e-04
8.806622175012177121e-04
6.489209788518192487e-04
6.881216380020081921e-04
6.244308363523857130e-04
5.411907635044380452e-04
6.345774036312220798e-04
9.791914377680524095e-04
8.636690462263044285e-04
9.653800652120438303e-04
7.607983195089426621e-04
6.301996805369941774e-04
9.171756136476146015e-04
4.999986333011102084e-04
6.186567391811581031e-04
8.456823648342129147e-04
1.086689301998503736e-03
7.459655516763209629e-04
1.383091007741879324e-03
5.614582069808480734e-04
1.775241413014948949e-03
1.303132274689363084e-03
7.557578494395958326e-04
2.266804173653807781e-03
6.367249680290302779e-04
5.787013752694132422e-04
1.386213772065634587e-03
7.066030858903540575e-04
2.146169159565088427e-03
7.719388978451308244e-04
5.721607900118421287e-04
1.766150543270833453e-03
6.491520459618093991e-04
5.551512734557565582e-04
4.868665726941545473e-04
4.960587674486165513e-04
5.758660489001875748e-04
9.700017960917741659e-04
8.135461274304022286e-04
1.274613715300671954e-03
1.043582249357087642e-03
5.845378463376447054e-04
1.399082453397268140e-03
6.095205151738997476e-04
6.848657363203176484e-04
5.158722087318220930e-04
2.874200264816392271e-03
9.505796295178042116e-04
1.557627161561440021e-03
7.243939267930781965e-04
6.012581974734504831e-04
9.428120040711205144e-04
1.432705860479137209e-03
1.800133026021204490e-03
8.753112600894988023e-04
5.861813252195249933e-04
8.179260515860399799e-04
8.394208553110631956e-04
1.271868678527170865e-03
7.057239719780572908e-04
6.825440869281756929e-04
8.739975012665529520e-04
3.635121001506437174e-03
5.256144491542629220e-04
1.074324698616277657e-03
2.002072086132300650e-03
5.123526930368997763e-04
7.077084745389013729e-04
5.415789582157936287e-04
5.152539448201780628e-04
8.756158184794782555e-04
6.203723855576150255e-04
8.157943568867459614e-04
8.453608032885811304e-04
7.186484437885942060e-04
1.002777109812461693e-03
1.004382689609068695e-03
4.455784517199436884e-03
7.170716347183815923e-04
6.620121525826661371e-04
7.883896481880867720e-04
5.895465996830929339e-04
9.395296531258383885e-04
1.546600018129979043e-03
1.305555439785269093e-03
9.166898198901927844e-04
6.441118039421453315e-04
6.974762172611336051e-04
6.286480809616199926e-04
8.760038155745437536e-04
7.077867517771402849e-04
1.165105131660218582e-03
9.715738216047648977e-04
1.505065038603883854e-03
6.265459848638646467e-03
5.316374215253929928e-04
1.859917279922124102e-03
7.024445280540542440e-04
8.231976842074322604e-04
1.046072313685917840e-03
9.201421920225720920e-04
6.495571510546186171e-04
6.496386985459238128e-04
1.437626047094265995e-03
5.929493832768948725e-04
1.320318369411889329e-03
7.942332080977393275e-04
5.005443253335004929e-04
1.457547670652375223e-03
1.168673821252964569e-03
7.237552399995571999e-04
8.994724779317614513e-04
1.415520249619750407e-03
1.178988579163791316e-03
1.128086819120045379e-03
5.843693928151273784e-04
6.949920883343819805e-04
5.325189277327152483e-04
6.506186024245674219e-04
1.080426282567875347e-03
5.823953664619372760e-04
6.200472241222095959e-04
5.574115262314075772e-04
6.588486844807037428e-04
1.551974833521887597e-03
1.236393376012235147e-03
1.963660770978997543e-03
8.431981466793826967e-04
1.198270245305744011e-03
8.900787968243601680e-04
5.991663354701089834e-04
5.908988171679641207e-04
5.959030904910628344e-04
6.616573822765257126e-04
5.688092192498719283e-04
7.398740861859473333e-04
8.882400483176691947e-04
6.362407783548655257e-04
6.233108742400931537e-04
9.609434739167731394e-04
6.384722312032442212e-04
1.265298347581227025e-03
6.246615962346525669e-04
1.219801814291839427e-03
1.877931029945001558e-03
6.868805101376849803e-04
5.976391449522203267e-04
3.033827641914217318e-03
7.767468395777967502e-04
1.058768951441152505e-03
1.255697838271144836e-03
4.948307873882467570e-04
8.556435536015696494e-04
5.891800682311039471e-04
2.684674938672419048e-03
1.177812652739732143e-03
1.078463030333266489e-03
5.801435445694846449e-04
8.780914363635660552e-04
1.133760585526829645e-03
6.947425642893111705e-04
5.496778576171172312e-04
8.259732620267988329e-04
1.344909111236368025e-03
9.509908733516324146e-04
8.972614415178310852e-04
7.849724077520266879e-04
6.795932040940624343e-04
8.141252063064510509e-04
8.621181176424372837e-04
1.020336112919845292e-03
7.376830797218118796e-04
7.665365847041318535e-04
1.856838395298047962e-03
7.392978371744247067e-04
6.137334410662889476e-04
5.406352699252807252e-04
9.471433268999227212e-04
7.203785344309518923e-04
7.527166167737200497e-04
7.720405206816084937e-04
7.541075696971531218e-04
7.835928361307957328e-04
1.019942195959800714e-03
5.500738956215022986e-04
1.961525849061743643e-03
3.216371475560894470e-03
4.813050226573679664e-04
7.049840000132055534e-04
1.433230701199463041e-03
8.751305897661892323e-04
5.046157422968702714e-04
9.116503637091931487e-04
6.850928149352543623e-04
1.012956792075156735e-03
6.811416440395193228e-04
6.425005156319137448e-04
8.200581318066588231e-04
5.126431358150537743e-04
6.036274537690270456e-04
9.626141006447560752e-04
5.655295367466534702e-04
6.843883564957176785e-04
6.134455826035377932e-04
8.695333280256520216e-04
6.515107106105217077e-04
7.700648177465817040e-04
1.295011362098213601e-03
5.917346295983952386e-04
6.138941607169117040e-04
1.152562084035408177e-03
1.374112681715428498e-03
5.128717309350312812e-04
9.281017119288063498e-04
7.002556635567044798e-04
6.267240472403807139e-04
6.762118501358577822e-04
7.604020526725608405e-04
4.809407468159977283e-04
4.520085415203196877e-04
1.104112019659558462e-03
7.727223550740611830e-04
7.246789905336676512e-04
5.783803080397566547e-04
8.249145361635071977e-04
1.382937794417303523e-03
6.217961122781986549e-04
5.563089680561492806e-04
8.537024828703471341e-04
8.179155781899323518e-04
1.167339128332460420e-03
7.810039632734647403e-04
9.313996117801036454e-04
7.946234917357085197e-04
3.196128260974724807e-03
1.186112905583350946e-03
6.391150546290628792e-04
1.065066502337578148e-03
4.717303854241237807e-04
5.593373915742626268e-04
1.053890343202141871e-03
1.141063422761626591e-03
4.552251117352166393e-04
6.327301048718037002e-04
1.548074283565720145e-03
7.188930189178454428e-04
1.174608207040788756e-03
7.020466521563433664e-04
5.195322107583579896e-04
1.210916946823132083e-03
4.892320186563693446e-04
4.529377256634655596e-04
7.935586259423597737e-04
7.433920795518563678e-04
8.423990103987233011e-04
4.890550759247792260e-04
6.305992101836313752e-04
1.123905331564203957e-03
7.281266264774096091e-04
8.575012793801283948e-04
1.161693185937818194e-03
1.652104787539781378e-03
5.148474119412779900e-04
9.850266938120060684e-04
1.078229788739549144e-03
6.616573822765257126e-04
5.986702117012586682e-04
1.064962670584569237e-03
1.098688836299434226e-03
6.425005156319137448e-04
7.489839996596598954e-04
5.079248052002196352e-04
1.721944873366642670e-03
6.119732884602485570e-04
6.420099201496018296e-04
5.733698967151009416e-04
9.122088865913109646e-04
4.536224788110815374e-04
7.080858631844717159e-04
7.729871783914974738e-04
8.901375553482687199e-04
1.759956480120014946e-03
1.095512050664907474e-03
1.551974833521887597e-03
7.841148970453872252e-04
5.937792079536168997e-04
2.690295850930364899e-03
8.760038155745437536e-04
2.001707496282537774e-03
1.750816559459716275e-03
5.519768898205179705e-04
7.848691801547174208e-04
8.051069964252530577e-04
5.934674033889432085e-04
1.777647783977779651e-03
9.411984818441253330e-04
5.928082994383331852e-04
7.398740861859473333e-04
8.405025960961793859e-04
1.063533318851640373e-03
5.257130877677868800e-04
5.961872173042018436e-04
8.756184981893860029e-04
1.862981989639319377e-03
9.810622363916497377e-04
4.821091383981631435e-04
9.107973668842818263e-04
7.032503488451303988e-04
1.772800193369058336e-03
7.764178071505851422e-04
8.725647742278882244e-04
5.189084123769433562e-04
1.819767705810742230e-03
5.088635451002133632e-04
5.131080532062846141e-04
2.163046898830216919e-03
9.636898871465828615e-04
7.170716347183815923e-04
1.722402658548033210e-03
5.095610940317579210e-04
6.710301661030045918e-04
9.783301022119113722e-04
2.082956520793323354e-03
8.690543878384278951e-04
7.449615612000100046e-04
6.088181808100876164e-04
6.260307000586893709e-04
1.055052351627838508e-03
1.069626687191284299e-03
8.696572330708329497e-04
1.112920258907350735e-03
7.809242497598858478e-04
5.739927714063425062e-04
5.391735486365022189e-04
8.312074269212507780e-04
1.384979219556129295e-03
8.572468081972868569e-04
6.502630297824383340e-04
5.014127881629531049e-04
1.306466202039423437e-03
6.842409809840036862e-04
8.546952155860569698e-04
1.042786398445790441e-03
1.546600018129979043e-03
9.500837197005036240e-04
1.223343464426688947e-03
5.391735486365022189e-04
5.702588544950271728e-04
5.636907875056527484e-04
1.041273375702273006e-03
1.070705992471122133e-03
8.551185492397998886e-04
8.037678270494629223e-04
6.654766149235878756e-04
1.343090481298127780e-03
8.047234474148917292e-04
1.737139448015149676e-03
8.362144485813380367e-04
1.411056240658338252e-03
1.306466202039423437e-03
6.871942326796020607e-04
7.549892000612546360e-04
6.941071846539075213e-04
1.385359431736324278e-03
7.552179395927030971e-04
6.955747490046727561e-04
2.467497725639137673e-03
1.018576977589091045e-03
7.616793128787728269e-04
1.212399753892397366e-03
6.861562475428155047e-04
1.563085247080414370e-03
5.955670102156620550e-04
1.546600018129979043e-03
2.373540015530847379e-03
5.076734351986653430e-04
6.752113039397564980e-04
8.849408022173131617e-04
5.001173009904595623e-04
1.293398337864325350e-03
6.783676023516395197e-04
7.170234873994873158e-04
1.829339974708498948e-03
1.141570780220716548e-03
6.547105096491089102e-04
5.088635451002133632e-04
6.181204618953435852e-04
1.005618495957606370e-03
6.349538810190822908e-04
5.275561666461344888e-04
6.790276653637018680e-04
5.945554851266560527e-04
5.048684703487193960e-04
5.327062524857347284e-03
5.773914175468229789e-04
1.276888009260236352e-03
7.348925466018567778e-04
7.425514381158540740e-04
7.741572749146728759e-04
1.530786535158444161e-03
8.497222690421875292e-04
1.241877036288904128e-03
9.694237674960012874e-04
1.788497667485661365e-03
1.797494860233847655e-03
1.198136595108829439e-03
8.776541822150658000e-04
1.309292723594218276e-03
1.005694552550366258e-03
5.664875932430848233e-04
9.407048959985876051e-04
1.251189787112871399e-03
5.547090599217567022e-04
5.018797796443111303e-04
3.855951528427679475e-03
5.082882528520436339e-04
1.404794567512463680e-03
8.531107029571101874e-04
7.180632491310552082e-04
2.383419288963248197e-03
7.190412555641787764e-04
8.961645576110018269e-04
1.127450512202548931e-03
6.606866104140525931e-04
9.463386003912740421e-04
8.453050714692310038e-04
8.628695618276017434e-04
5.653920904753686897e-04
6.719808772227190254e-04
1.345387053079574345e-03
7.969654493426585242e-04
1.516624611651940088e-03
1.209876392102731714e-03
5.689348348299347801e-04
7.849986180090810523e-04
8.529221991020036458e-04
6.093207303162995149e-04
5.558241615555766521e-04
4.774481288766527307e-04
1.314178748373363544e-03
7.861771760345859878e-04
6.596787279819436292e-04
8.626746645870769000e-04
6.527133499949127953e-04
8.275474209877391185e-04
9.327521329229451286e-04
9.474294727102598908e-04
7.139615954603942532e-04
1.139590502630110280e-03
8.780914363635660552e-04
8.114279747068410455e-04
7.443641850867896079e-04
1.204471424149428397e-03
1.019942195959800714e-03
6.579066561549827639e-04
1.561984158053812211e-03
9.749830132919307200e-04
8.429917844664351362e-04
7.186896136499066083e-04
9.258557905704221198e-04
6.710460778587405174e-04
8.028016595647718447e-04
8.688812675058432732e-04
9.997196104870413862e-04
7.410234938263299221e-04
1.871209800517681637e-03
7.269077658430453913e-04
1.173853289650769608e-03
9.697441321200468136e-04
5.167019836322764856e-04
5.663526073119313229e-04
6.802130823732321918e-04
1.291545082934880814e-03
1.038771996680595226e-03
6.769934447982058371e-04
7.590255565597727469e-04
1.856059825139680071e-03
1.460271876868936367e-03
9.255326240427782418e-04
6.017654131662858886e-04
2.081787217645394202e-03
1.417207370842738868e-03
1.116675979423576879e-03
6.890947404143966904e-04
7.493070325274033515e-04
5.672070774060827564e-04
8.563051374193127131e-04
5.986739168586114723e-04
5.326562739800089858e-04
9.073444826312556310e-04
5.480376071982974179e-04
1.751384416706183592e-03
7.417469953805346655e-04
1.395749546697709620e-03
1.205222342248454771e-03
5.780665919776729542e-04
5.275561666461344888e-04
1.299297042615574736e-03
1.103286277658834923e-03
7.883896481880867720e-04
6.487105313057124666e-04
6.678369213488757677e-04
6.861798617281283930e-04
8.962025277084326386e-04
1.264270823158638755e-03
1.066937158458578731e-03
5.593373915742626268e-04
7.136053271082552730e-04
7.927026309438655683e-04
7.609639652854089222e-04
5.045148151633292678e-04
7.588532091745321673e-04
1.155705820945069446e-03
1.805681021579072900e-03
6.760358365566870560e-04
1.273999693313719638e-03
1.081171401049339049e-03
9.461413561532686133e-04
6.169626001770470375e-04
2.110134360635076978e-03
9.633366282442012030e-04
5.945766191938971993e-04
8.479766887772781196e-04
2.531853442471867881e-03
8.985141417559901894e-04
7.820362635075879879e-04
6.263081319899758146e-04
1.410609871737173717e-03
8.289319689634819157e-04
8.712321159795308797e-04
9.749149685275587283e-04
3.388266314993797559e-03
6.003708971625646438e-04
1.546600018129979043e-03
2.349647194240528890e-03
1.041154877717141453e-03
1.577245334551859862e-03
5.982416750872025096e-03
4.955979687547433813e-04
1.245426801583307758e-03
1.732355337992138493e-03
1.015802583549643397e-03
7.568417350959095579e-04
1.090086301926584521e-03
1.385359431736324278e-03
7.689187141827167086e-04
8.252111365810545825e-04
1.138856606171852887e-03
6.127420410419878380e-04
6.526565366561462187e-04
7.746621423657583600e-04
5.609597311517804845e-04
1.821945114610046225e-03
5.388765213923011688e-04
5.274589732522618401e-04
2.463449006095617868e-03
1.172013009974450914e-03
7.150818718372296953e-04
7.506340916030722647e-04
7.387426774321444742e-04
6.678369213488757677e-04
6.071486533120295376e-04
1.234753958679848506e-03
1.473836418304894265e-03
5.896292200501194449e-04
5.692608316990898417e-04
1.286168193154927459e-03
5.821700863413661496e-04
6.675224203966460259e-04
1.040915119031914212e-03
5.446420553100085474e-04
4.604326940772143621e-04
5.837859083631686142e-04
8.954616064991203052e-04
1.452680139347079695e-03
4.955277396024250405e-04
1.203245913204526243e-03
2.357847009274239951e-03
7.841638205347682168e-04
5.552927411538943151e-04
5.945554851266560527e-04
1.826786733917650993e-03
7.395041206270699507e-04
8.389306927861674016e-04
7.010351323563692718e-04
5.359377090756261251e-04
8.258496959100828424e-04
2.162070455992226494e-03
1.414533343776580273e-03
4.993792661811399455e-04
8.853464328064092727e-04
1.051308218776702413e-03
8.497222690421875292e-04
5.591167236848217223e-04
8.106958189971715705e-04
1.470739124571395070e-03
1.301831331450836867e-03
8.250272596841580616e-04
8.496193817558379043e-04
1.152223423604386556e-03
6.388755686111954662e-04
8.739975012665529520e-04
1.053205808120219814e-03
1.175641035980318390e-03
6.681331882165937944e-04
1.577245334551859862e-03
7.742825300183875208e-04
7.278455482629551856e-04
5.597341579398167066e-04
1.020625365757730140e-03
9.445169643578231510e-04
6.704364070579417727e-04
5.987012525918457544e-04
