6.288635082892188874e-04
4.428295924015406351e-04
8.387409188308904244e-04
6.037188890828643463e-04
1.907850842137406248e-03
5.221158458607052339e-04
1.815643263817982465e-03
6.501987013848123690e-04
6.731920104622122342e-04
4.645174556754653084e-04
8.364207410040547111e-04
5.104767648263877113e-04
6.797977354424695074e-04
4.698332061888254121e-04
2.032544825605050749e-03
5.382229834278133432e-04
4.346360649153081183e-04
6.219772467120657190e-04
1.886702175259984994e-03
7.416239272864841000e-04
3.212442709031773647e-03
9.073885672397627227e-04
8.761327566839720521e-04
6.741707009817018070e-04
1.237440078375061456e-03
5.204506603990342786e-04
6.078261466297175085e-03
4.868516665336947787e-04
4.824107605952783397e-04
8.703994970978706780e-04
1.370839981201655081e-03
5.308965682570325690e-04
1.665551862396683069e-03
5.225692643650694039e-04
5.195795363449299967e-04
6.334833168051412630e-04
6.362721236601291295e-04
5.020274085889937440e-04
6.943595640304326810e-04
5.311424483312918686e-04
6.266119538126815143e-04
4.507782125651767636e-04
8.833066600162838575e-04
6.582477838051201341e-04
4.878857514003941847e-04
7.383582100662694405e-04
8.440318412114587504e-04
5.310386034021826645e-04
5.736866467430517006e-04
1.196493095660097110e-03
7.105784523148909581e-04
6.247277955227397480e-04
6.411275609921916275e-04
4.730337217533806221e-04
1.125870755051147209e-03
1.032149603669209673e-03
5.682077095464914841e-04
5.033283975481853871e-04
9.905039496650922242e-04
7.775626958438384756e-04
4.878861976750513874e-04
7.733321630068240235e-04
8.256078820098320444e-04
5.878999405776235082e-04
7.851717084656128706e-04
1.621914430366533334e-03
5.974470845171530155e-04
7.024120873957269634e-04
5.385867189950970446e-04
6.573261535104575615e-04
5.451777300553172943e-04
5.508188781169681475e-04
4.491722509155919216e-04
4.800862788240316367e-04
5.025226467511178683e-04
5.801209122289935653e-04
4.764983505138107971e-04
1.003161929053737614e-03
5.920878947944556913e-04
6.351414173901350239e-04
5.856238402122716791e-04
1.807076138766203080e-03
9.710006655171859232e-04
1.271719146670601160e-02
5.365246270607376732e-04
5.882215445768785916e-04
5.830222070555395866e-04
5.240494624210239542e-04
6.792694546541333837e-04
8.859980499700769417e-04
2.265953165856753482e-03
5.967148513789398206e-04
4.432661233804680544e-04
4.647916225884790782e-04
1.043628689000912317e-03
4.940276754246680909e-04
7.628746423372481439e-04
6.233802798996814333e-04
5.909748685934030103e-04
7.990304251130458382e-04
5.534710071337935969e-04
3.191034706392176668e-03
5.630593426372966590e-04
5.817789642221713169e-04
4.857813229077134970e-04
5.948848208910919233e-04
8.281864276070043454e-04
6.214374825714477201e-04
5.702606106045563427e-04
1.512992364673314445e-03
6.081030932385349773e-04
6.021783744097043917e-04
4.455574713000033269e-04
4.513841365645914361e-04
4.366956574045757289e-04
6.370851125067865644e-04
5.221863502071133131e-04
6.901151938656338754e-04
5.629450833451362648e-04
9.071190787194926891e-04
4.346153239895862567e-04
6.364540194219175809e-04
4.126678949342635480e-04
9.053118011394679227e-04
4.534918999399259508e-04
7.277598411285510563e-04
9.378707132313691269e-03
1.040290453838093113e-03
5.058623312803353471e-04
4.561672403774013587e-04
4.950957972733292540e-04
8.232796625120434924e-04
5.899459549517564825e-04
6.696903160981136334e-04
4.395493249084325856e-04
6.000255432470757034e-04
4.931774271553477935e-04
3.515560523941488758e-03
7.828116841094599548e-04
7.228259667121728418e-04
5.650067886225611929e-04
5.196090840328602923e-04
6.151736867625472215e-04
6.515806794272052714e-04
7.666761185475194466e-04
3.982920966571991319e-04
6.310097898917884545e-04
1.036482823485882811e-03
8.002787074190165651e-04
7.382583262439627175e-04
8.792020271670278938e-04
1.170881692704462502e-03
7.644341634367487603e-04
1.449924357515372563e-03
1.592449769667406969e-03
9.564122891661743127e-04
8.811952060305459043e-04
7.399801658497874622e-04
5.437716489378215242e-04
5.268127385432212458e-04
1.339842572365479607e-03
4.931046548349814467e-04
1.275765844239385750e-03
1.865717255699115987e-03
6.882364137691392332e-04
5.398235959637088686e-04
4.787551148586934990e-04
5.909748685934030103e-04
9.255340734848133870e-04
6.066543419519797352e-04
6.195267376783656754e-04
4.620643869897648722e-04
7.393298370961352969e-04
5.731940910910067466e-03
5.649867932977876636e-04
1.598118750897415145e-03
4.305683482802567276e-04
8.946231011846594904e-04
4.693578536556444357e-04
7.140702043031417045e-04
7.375325848803828939e-04
1.033312655157420058e-03
4.791298375525263162e-04
5.629117572311921700e-04
5.638082694055359181e-04
6.349857590968640544e-04
6.510284965626131869e-04
6.565460836983105829e-04
5.887740857524832640e-04
1.133220726790329196e-03
7.429028464129305582e-04
5.738369479805085311e-04
5.326914203068079797e-04
1.358905993033204590e-03
5.323326740799401392e-04
1.016604046669052682e-03
6.724285925194552465e-04
6.258638187332446609e-04
8.732386344920123463e-04
7.345755094090112907e-04
1.685427329960343746e-03
8.045995040597605369e-04
7.578644374838830163e-04
6.067945191167149104e-04
6.360785142579173821e-04
4.301275220291340962e-04
6.436009350266517310e-04
6.891238585713584672e-04
1.139083125390230470e-03
1.112181884650933084e-03
2.570579169365812527e-03
1.070469092168273555e-03
5.315623695234947743e-04
1.040880980383249079e-03
1.612827893806438422e-03
5.688877260395943476e-04
4.827755109408555546e-04
7.242124143611463174e-04
7.276151151007990417e-04
7.457856056500123494e-04
4.880664240766682577e-04
5.475532086963131543e-04
5.631249993169785842e-04
5.728790036399181076e-04
7.707751763650158182e-04
5.351829063445286572e-04
1.467102015035301856e-03
9.567273042435277134e-04
4.929209811839745537e-04
5.544390823819081481e-04
7.085353408219708434e-04
5.833202894916590707e-04
4.600021727082485184e-04
6.365592209936721214e-04
7.666761185475194466e-04
1.083455274937973091e-03
5.308128675522138509e-04
6.393181861110206312e-04
7.542973943041704965e-04
1.330169858828293174e-03
1.091241066847193318e-03
6.031271295693339547e-04
5.513149056545033370e-04
8.864689738136963043e-04
1.496295295047348883e-03
5.209511424667714191e-04
6.976141188498687952e-04
6.414358875971712913e-03
7.694826335198140174e-04
5.780929347236704206e-04
8.963971612542842885e-04
5.333485417461526074e-04
7.682622158306970893e-04
9.751567764840723788e-04
4.446513805773060607e-04
4.432661233804680544e-04
5.099990950861771257e-04
5.774911886171489898e-04
7.255157543298346341e-04
6.144620206027781367e-04
1.144467031433876476e-03
5.626411590674337132e-04
8.699329471502277328e-04
4.980055194705574305e-04
2.091366126163157497e-03
1.746863741755275449e-03
1.166491768371829022e-03
7.459526979392024472e-04
9.442305718493392615e-04
5.128752044817131220e-04
5.560929504063293755e-04
5.329246705656477635e-04
4.715498994790996365e-04
4.460333549846374731e-04
4.724578305483929930e-04
1.459062253476080739e-03
7.740293494266535989e-04
9.537821596306593009e-04
7.749808223581659220e-04
6.249245717810578398e-04
1.339842572365479607e-03
6.391937278557296032e-04
4.068324529233149933e-04
5.503871042920507450e-04
4.915552884189851660e-04
1.088052898597465477e-03
4.571760858845945767e-04
5.090327224564892465e-04
4.606641918326610362e-04
5.127318388636577847e-04
9.073885672397627227e-04
1.455671050044123104e-03
3.495083676144361811e-03
4.396888123756299642e-04
5.185496740284371072e-04
9.200884569623868792e-04
6.472316786111334975e-04
8.167190445427195949e-04
2.017607250414971565e-03
5.899509174156008454e-04
6.159214828165147015e-04
5.342782358889968221e-04
6.693466219906611496e-04
6.295065538004940156e-04
7.950247296349426031e-04
9.981956290752128265e-04
4.347489756907542565e-04
8.141346578134418420e-04
8.775852350952823878e-04
7.474354680195059242e-04
6.560088410220650578e-04
4.771649740032448935e-04
9.146018855171005307e-04
9.719872250539911794e-04
5.362019626817145484e-04
1.084816033467823080e-03
5.602630080097856236e-04
1.168012322320824718e-03
4.576302117100681990e-04
6.842081564199011803e-04
7.711984791572265487e-04
4.063491151033153019e-04
8.196671128608339031e-04
7.075031454852703751e-04
8.924598864510676754e-04
2.302203565645278942e-03
1.157294885235125772e-03
5.185430197433790224e-04
1.065981220280769236e-03
1.770000010694767426e-03
1.007343221860262320e-03
1.144445934037570823e-03
6.061364767447279629e-04
1.007594180551330508e-03
6.499295364798914803e-04
4.568286986921601153e-04
5.355042549182618614e-04
6.621174305689439326e-04
1.974836519501974638e-03
6.816071593273309321e-04
1.534272352792115986e-03
4.964875842217827051e-04
9.531207367475687774e-04
4.275984672942644894e-04
6.597753470865938726e-04
1.123606323920720625e-03
8.500523854958950921e-04
5.456329926622813633e-04
1.077771655202046852e-03
6.325598318279826741e-04
4.845837539247795588e-04
5.271804730306682693e-04
1.165184103380503041e-03
5.611803548837499813e-04
4.514157788652941325e-04
1.706259779944923217e-03
5.741837574444751168e-04
4.972936548728069126e-04
4.931328886390770041e-04
4.650179886525948191e-04
8.438939052515286509e-04
5.039960313680216146e-04
6.625829642743726912e-04
4.228844855247284392e-04
6.630027285704208915e-04
5.111585773971300548e-04
7.635559589731847870e-04
9.722785945077881903e-04
5.590252477327277729e-04
1.004378348925858040e-03
6.594283879568580342e-04
8.575244729237158385e-04
1.610862662509552658e-03
4.075669681568420705e-04
1.185359858170748851e-03
6.359716110682136483e-04
6.273172008195248119e-04
6.808849390741113141e-04
5.976555081968753114e-04
4.851623455837027416e-04
1.445162007792240213e-03
1.087018065331188518e-03
5.782042811454385497e-04
5.581280681546950699e-04
1.091049765686376034e-03
5.905817576027789758e-04
6.932705306643583299e-04
7.681238808706721986e-04
7.821791213771180258e-04
5.988882436892007657e-04
6.237175086430457377e-04
4.379334940972749723e-04
1.367351303144508784e-03
2.231694547196388673e-03
1.461565650920840839e-03
8.398868948865629387e-04
4.835344414693708618e-04
5.240863197311514902e-04
8.157683540441672742e-04
5.812543302859675366e-04
8.275661127863307960e-04
7.098963407125062847e-04
7.794679687966452790e-04
1.470649397194593276e-03
4.740537400776556761e-04
5.000985755759294014e-04
6.629829239876577646e-04
6.614083002034744320e-04
5.463346031750503703e-04
4.403694013417412787e-04
8.074804878395556041e-04
4.403518742039512122e-04
5.386458145198601190e-04
6.412844816566040272e-04
6.292813829797459877e-04
7.749171214068683580e-04
1.111197956580876759e-03
6.273172008195248119e-04
1.124124490499833458e-03
1.974836519501974638e-03
6.762033844029751665e-04
8.819535719020409059e-04
1.058524950328512421e-03
6.063878571024850211e-04
5.526812623006582608e-04
7.562429760836079972e-04
4.750189322733385628e-04
6.082902975480850667e-04
4.444354012555636296e-04
5.938510994357006165e-04
1.135250058962433218e-03
5.940263529926152752e-04
4.799190874740679033e-04
4.861036549309917542e-04
6.935121546128598111e-04
5.559439529097063432e-02
1.648414885923653837e-03
1.565136673191554976e-03
5.630529443121111205e-04
6.728339902267766208e-04
1.134668362950778291e-03
1.123923905727365700e-03
1.606624687383424776e-03
4.998226772181024779e-04
5.243382192833664825e-04
6.101993530349189695e-04
1.588405441023641633e-03
4.998550788139607872e-04
4.197030959656537752e-04
6.268127470326591765e-04
4.557297900481034766e-04
4.872539633027815555e-04
5.848212763719611408e-04
8.401806745034555261e-04
5.778552052392792963e-04
5.434690096079312959e-04
8.153990504283033149e-04
1.284560290497720409e-03
6.430597014186299623e-04
1.149272369246928400e-03
1.333732044702876400e-03
6.694017561076486293e-04
6.815592668578886355e-04
6.677270709884426756e-04
7.134552812411512363e-04
4.132276845767091610e-03
7.736589389776882307e-04
6.594916677961512813e-04
9.984930384675182700e-04
1.042953202963167866e-03
6.729742781433135142e-04
4.728024478984813018e-04
5.237298369473056357e-04
6.402471521621293975e-04
3.137532527800575115e-03
7.211399331378270808e-04
5.648176370617062408e-04
9.420753238171938795e-04
6.870486642638843483e-04
4.940593904735282203e-04
6.157542004133885081e-04
4.750176988995991599e-04
5.245129039721317232e-04
5.559439529097063432e-02
9.152002458550512892e-04
9.117998173324479540e-04
6.960198842596686123e-04
8.094418680550944300e-04
8.507115146725077173e-04
1.974836519501974638e-03
8.153494831615861957e-04
7.148557462390505053e-04
6.028218495043271251e-03
5.949561937208598834e-04
6.396663642820253322e-04
6.866745038689777564e-04
4.802680574230215279e-04
8.101410655833003001e-04
5.614331364255371708e-04
7.646250308546361256e-04
4.744669113906336915e-04
9.211732296775170881e-04
6.518738021581818630e-04
5.880133445427146400e-04
9.819021713330356414e-04
5.308965682570325690e-04
5.175164186716045295e-04
4.812149100060939618e-04
6.227724721093497217e-04
6.400835768657441418e-04
5.584099945447604024e-04
1.082962586272290945e-03
4.918345402228410917e-04
5.619960573943017044e-04
7.268907210261590273e-04
5.464369334414351199e-04
1.336794906578947202e-03
4.103727139028324599e-04
1.215997084873024535e-03
9.124210541875260594e-04
4.836119258379875489e-04
8.264666977905100369e-04
8.253001159803495133e-04
1.467644188598671556e-03
7.944804426688029499e-04
1.015920323905383001e-03
5.204412281868272486e-04
7.892621875791357025e-04
4.881624790528662160e-04
6.838631952413562259e-04
6.138958058647884641e-04
5.594853164479957107e-04
6.053250753848560001e-04
4.768439871531744852e-04
9.762695787302748439e-04
6.075232966737418921e-04
8.028447281794187131e-04
1.005615203364752189e-03
4.566894714633285002e-03
1.492723090136004833e-03
6.695473270569200037e-04
1.446111829524572437e-03
7.133093079678740457e-04
6.653912618704624750e-04
7.410975339687341608e-04
1.376686078627808703e-03
4.418649444972445580e-04
4.604796705613080528e-04
5.514743087065541744e-04
6.116394324803463246e-04
5.275247939179995111e-04
6.579984366225005493e-04
1.098679197421095289e-03
4.961800732907025368e-04
4.813648969584626036e-04
2.182879090948070672e-03
9.355040992332593931e-04
5.809127316312405606e-04
1.170043466444117440e-03
5.253850563297442124e-04
4.806123361019617448e-04
4.970166269526911243e-04
5.016394361161019035e-04
5.472705043124920319e-04
6.314393924145845745e-04
4.882509528341895562e-04
7.794831219641663910e-04
8.318284079634535519e-04
5.396545049152283143e-04
7.854779170873969372e-04
4.713081610600238598e-04
1.619481903784217476e-03
5.603941152403397064e-04
5.845253243162018423e-04
5.743541115475868245e-04
1.029259032757616097e-03
5.896433351714931454e-04
4.122095736775599614e-04
5.302345374987181472e-04
9.643112648533746145e-04
5.267977960634293326e-04
4.812508697737084211e-04
6.344311646092024330e-04
6.045002020176860023e-04
9.961206630250962757e-03
7.191082588244570792e-04
4.408665451979656481e-04
1.392586452722852607e-02
6.925556756796504400e-04
4.592195619944700806e-04
1.792533276805398064e-03
1.303996900087384374e-03
9.346748968320491924e-04
8.545785640773436885e-04
4.132276845767091610e-03
4.614711500072166367e-04
6.716944740390433941e-04
5.297293881610858979e-04
5.029325096388693973e-04
5.012769972953406462e-04
6.348647233935663606e-04
1.163243698432496953e-03
1.199061144202269013e-03
7.579530917944297085e-04
7.656790862938940264e-04
1.032170601021778792e-03
6.561789556974808885e-04
9.071829975419296770e-04
4.413090703048907332e-04
7.585639213415803616e-04
4.525422258621437715e-04
5.072060679181600914e-04
4.118899996187034857e-04
5.461059398203292701e-04
6.854604770207810976e-04
7.762977218894366940e-04
4.730366342453408467e-04
5.883935882989657380e-04
4.664761307088683274e-04
4.669236118604398657e-04
1.597323741981672386e-03
8.425459173532131316e-04
4.864881298907630029e-04
5.347275576196970854e-04
1.344024371738614587e-03
2.035410622119997962e-03
1.890053927595312456e-03
4.750189322733385628e-04
4.186860472714005891e-04
6.144620206027781367e-04
5.605411252841254258e-04
9.646293795677132483e-04
4.471520683519401330e-04
4.312346087145999506e-04
7.461966117208659877e-04
5.244826857459774149e-04
5.883935882989657380e-04
4.877459596484129130e-04
5.369517207791871249e-04
5.299633284186204725e-04
1.310633191319557920e-03
4.564758280964608924e-04
5.368114889471726743e-04
5.385580797091782390e-04
5.315623695234947743e-04
5.975900678243249893e-04
5.141335118041024136e-04
6.463360886137141988e-04
5.448941684126792874e-04
6.095935828651997523e-04
5.620548428063113769e-04
5.069764056790682658e-04
6.399924851650023918e-04
4.531861912419495844e-04
2.399790448005372119e-03
4.340045007015728008e-04
6.259861881189548007e-04
8.310197927702214380e-04
7.074077575336035120e-04
4.208350995622288414e-04
5.881792117600400174e-03
4.019669334443604558e-04
5.947684087008281396e-04
5.719421482994164552e-04
8.154556715411305154e-04
8.019809620510507915e-04
5.870562568984617844e-04
6.046899308949502594e-04
1.064564567883861078e-03
5.390860331870132860e-04
5.032967369385864080e-04
9.087654978790103352e-04
1.639378278774285703e-03
7.271116821268494828e-04
4.177714639867968413e-04
1.220253811902562678e-03
1.481315899121892149e-03
1.484873370217460907e-03
5.193608082583528939e-04
5.248694199393611360e-04
1.094535706243785237e-03
6.579984366225005493e-04
5.320108325823605551e-04
5.043240186098199617e-04
5.170175443522901726e-04
5.949561937208598834e-04
5.310621565106139362e-04
5.604407726205085268e-04
7.150853069320065730e-04
5.892960512200764696e-04
6.953590308171801824e-04
6.750296074851318100e-04
1.021523325767581840e-03
4.702973589854594146e-04
6.404060644392220187e-04
1.053478016130113140e-03
8.321956319364780643e-04
8.800806191511961231e-04
6.520765875966098466e-04
9.014031434011512533e-04
1.134668362950778291e-03
1.476414972387235947e-03
8.002245961716286530e-04
1.556549480304623718e-03
8.099612165965987222e-04
1.199064707079365230e-03
3.979290756103362340e-04
6.699139611889766725e-04
5.745819239696988269e-04
7.677813421306941503e-04
8.411783649472950831e-04
4.471520683519401330e-04
6.698697537398121214e-04
4.394823390141988661e-04
5.616377212087399380e-03
5.157946325391181723e-04
2.046980914944745295e-03
6.619456895752386452e-04
6.205083808765951038e-04
5.402467661833827749e-04
4.424685435851091145e-04
5.371580644748582146e-04
6.124709564494910550e-04
6.498243784336617040e-04
4.949068873712818501e-04
5.337680318038359349e-04
5.303245296413325142e-04
5.581280681546950699e-04
6.488977413920115353e-04
6.881433179226107647e-04
5.351209748668544911e-04
8.599004911634894679e-04
5.508973506950727616e-04
5.383286851752213829e-04
4.707825565056787719e-04
1.318455414831672329e-03
6.554557299297902135e-04
6.461755632614219055e-04
6.797063376921479811e-04
7.017330209637540192e-04
1.989453302518747000e-03
2.008563803030743132e-03
1.829350283323332230e-03
8.118778720164992850e-04
9.436282174276655653e-04
2.283505585688214417e-03
6.708677459193007316e-04
5.229822772741921739e-04
7.420178974934671118e-04
7.528259453109590032e-04
6.433368807155947404e-04
6.633746918971920956e-04
5.536125324162417208e-04
3.191034706392176668e-03
1.225962728880179665e-03
9.052053088701134771e-04
4.959984900076222503e-04
4.149969522205526206e-04
1.428469098971345795e-03
2.809004964555995767e-03
7.264975913287603651e-04
6.705977570140547305e-04
6.386019723089404266e-04
5.299656767042390569e-04
7.849563620426986202e-04
8.473744607646842416e-04
7.091512032712294798e-04
5.198128544872663475e-04
1.481669228315621745e-03
4.314726612648708414e-04
1.439234559777988242e-03
6.085975511159029145e-04
7.328363655695399733e-04
8.344235214178887276e-04
6.812200026959033556e-04
2.071288803506845817e-03
4.358778726813038900e-04
7.935652553177166037e-04
4.288847876949220201e-04
1.407548057708627376e-03
5.679740604590354089e-04
4.348870206204254098e-04
7.295792568379214299e-04
8.207222470320064706e-04
9.121750477201756710e-04
8.237139813938903132e-04
2.158343118962081138e-03
1.917757286139811250e-03
5.251586927416409221e-04
5.713088750507085145e-04
4.673014110452202580e-04
6.711951860659370449e-04
9.072829590432090292e-04
3.849242249664922965e-03
9.461743970490359406e-04
8.020136390346409251e-04
5.268187973535760384e-04
6.078861794895102505e-04
8.224133505271480262e-04
6.712120969672701748e-04
7.197867056531210422e-04
5.247308433322248533e-04
9.804793016330009409e-04
7.692886236470563308e-04
1.022897077019709012e-03
7.074359415757382414e-04
1.059684912399090715e-03
1.739469234646145177e-03
4.812149100060939618e-04
6.340490295741467615e-04
5.808308362658714998e-04
5.192009315773446054e-04
7.198606089842079061e-04
4.880664240766682577e-04
8.453093504329026739e-04
7.690189698511305056e-04
4.266417520439654150e-04
4.876582230538097692e-04
4.830089858363576373e-04
4.693301640180703462e-04
4.149261098430838250e-04
5.577549492604113104e-04
5.818227492153550803e-04
8.063494018820181568e-04
1.728517829921704871e-03
9.550830036669787386e-04
8.243649025572835328e-04
8.945467238299225103e-04
5.053482662508283242e-04
6.070558700880081607e-04
4.114348686328591818e-04
4.731582193162030010e-04
7.079980923765460217e-04
2.480687648606543123e-03
4.924996491708924723e-04
1.729425290637845751e-03
4.689765948342891014e-04
4.807421081260223900e-04
4.056383867535238411e-04
4.447773581998632039e-04
5.514507195091855087e-04
7.136066510755771164e-04
5.963284120401177646e-04
5.245566915875692461e-04
6.228262798043058537e-04
4.958685218016965811e-04
3.554424014910869453e-03
5.744213689545037572e-04
5.457412320245246798e-04
9.670358025881708227e-04
6.693972190682776933e-04
5.664963547247879464e-04
4.858441751793751619e-04
4.655150914819077739e-04
4.858319474753565719e-04
4.610162770165321822e-04
4.752532399440161787e-04
1.948149456083653414e-03
4.784930114425649142e-04
5.177938903971674627e-04
4.428896475009980985e-04
8.746071992918682831e-04
4.905122864024527747e-04
5.278517486928716680e-04
1.166491768371829022e-03
7.009965548531899319e-04
6.276015619041564342e-04
6.321981261837076281e-04
4.921366604067820005e-04
7.705524011903645441e-04
5.308552371847093717e-04
9.927993589972093288e-03
9.519372109634375049e-04
5.597181646676456859e-04
1.229701447227488477e-03
6.688971920765216829e-04
6.406758471495260397e-04
7.270143499472257135e-04
4.839497596338689480e-04
4.692990351407197143e-04
8.350012764702568818e-04
4.922504434417242702e-04
5.344189168521700775e-04
5.999442063782395177e-04
7.819738430991346034e-04
5.221693641316227028e-04
6.508958209898838996e-04
5.987251696592864412e-04
5.383041634560984572e-04
6.398134592237871791e-04
9.094007219706787574e-04
1.005691745216145266e-03
2.075692907167881688e-03
5.959998625848755404e-04
9.465861615803924239e-04
4.635380278878287576e-04
5.219274590992944345e-04
9.245622187565122286e-04
4.396200766169441757e-04
9.718535415748564199e-04
6.247019177153922530e-04
1.109180269347183421e-03
4.856972880626525026e-04
8.963971612542842885e-04
6.809906343470148275e-04
1.842486754272255932e-03
4.526823521951718848e-04
2.064160741050488114e-03
5.631374295085434358e-04
6.323959196466134251e-04
6.068836716688523827e-04
5.436367230127028870e-04
6.611087369952076869e-04
1.427254274394140852e-03
4.229189574004755137e-04
5.498922277134106950e-04
6.390710577911626507e-04
4.361338531534889431e-04
4.040375071757835697e-04
4.485811276214062612e-04
4.940784495721524091e-04
8.217745413495718826e-04
6.185022246354245686e-04
8.209492345682062927e-04
1.556549480304623718e-03
5.266332980994122177e-04
6.515806794272052714e-04
4.670073970611397416e-04
7.593313375776072774e-04
8.122641027506716195e-04
1.078185654686192796e-03
1.163243698432496953e-03
5.821285473472252768e-04
7.156823473023408945e-04
7.821411657814389016e-04
5.410810441279825236e-04
8.291133378709640914e-04
4.480845164653112335e-04
6.233802798996814333e-04
4.343079045196498143e-04
6.247019177153922530e-04
5.639336297251590314e-04
5.871412373191664969e-04
6.396515191148681488e-04
1.338344855896566720e-03
5.738234886655990859e-04
8.568785194434098799e-04
1.856530101264235394e-03
4.643621172916772492e-04
4.291668014204093416e-04
6.592095024967103761e-04
1.180818465538749406e-03
5.016766594268134462e-04
1.254104635594256289e-03
4.558180984393145124e-04
6.463940681904462417e-04
1.010938475080180345e-03
5.309247334280187310e-04
7.560998516219971915e-04
5.513570207729060054e-04
5.325103589257727116e-04
1.043298194426018266e-03
8.266610557184623067e-04
1.476777166120186698e-03
1.917757286139811250e-03
6.598670206918696209e-04
5.220447923289002349e-04
8.870404289295050508e-04
1.516785314225438733e-03
5.030457597053165919e-04
6.247019177153922530e-04
1.275620395865957298e-03
1.413758348949736062e-03
1.559081314621749148e-03
5.262718945915110342e-04
5.807599233219011689e-04
1.639378278774285703e-03
6.321098159011587572e-04
9.150145127448336977e-04
6.247315822506772573e-04
8.277391029012158390e-04
6.594283879568580342e-04
4.348870206204254098e-04
4.050861705798086644e-04
1.437673723686268886e-03
1.167089352353657596e-03
7.640831951517591553e-04
5.521487299326794307e-04
1.374681029890299213e-03
2.526145256422008666e-03
1.188893801000006885e-03
4.979902379518261245e-04
6.619003631815438549e-04
4.563950725355874101e-04
4.492075907413001397e-04
5.221147751092983149e-04
4.735289487833228730e-04
6.254871240031615633e-04
9.072833878627634390e-04
8.029664311392569007e-04
