2.025040775696829339e-03
1.092337048326149371e-03
7.369567906719962829e-04
1.436838067214371182e-03
1.098543650337545103e-03
5.602544694140137831e-04
9.018102112797947260e-04
9.189407752045784068e-04
1.333773720537632284e-03
6.986899563191386296e-04
1.561558117708133605e-03
8.123673386201605943e-04
5.492070245281520944e-04
8.299097093579241649e-04
6.737139380882710632e-04
7.793799122709449499e-04
6.907136435849909901e-04
1.068278258744758237e-03
8.189141439477102104e-04
4.997427087283372619e-04
4.981598039425926992e-04
3.233002430421340941e-03
2.080498202612805075e-03
1.201192376884578032e-03
1.123543204470718202e-03
7.476272702791053604e-04
5.990682867091576269e-04
5.245389185354376637e-04
8.475184974694281856e-04
8.851587244582085224e-04
1.223950669123573514e-03
7.268684767913451009e-04
6.371432216731131963e-04
1.742140672139977017e-03
5.711484738706111000e-04
5.503864649879522614e-04
6.942203036850437504e-04
6.248226274896032757e-04
9.506542687214120883e-04
6.005856344760203847e-04
1.886102224385430119e-03
6.648667271858745183e-04
6.260221239530250944e-04
5.232707483645161316e-04
2.055505805860711067e-03
2.841363833441352352e-03
1.249341090427538671e-03
5.714151276962882529e-04
6.338109180701294179e-04
5.045006187289422786e-04
6.486957806142025322e-04
6.933990978552166933e-04
7.191798317820792151e-04
6.800602203201098301e-04
6.482232143408659828e-04
6.425119127490394513e-04
4.648708370576018207e-04
1.243106585257171401e-03
5.788626102947015770e-04
7.942209259835896059e-04
1.587640115121027266e-03
1.379147264774729757e-03
3.318498796091673940e-03
1.201192376884578032e-03
5.362144005044479919e-04
7.080492373530382485e-04
5.899989277180954853e-04
9.061132440896056814e-04
6.517218879665039998e-04
8.440244519418968515e-04
5.855676593286083653e-04
7.182354671093970711e-04
6.177113902854286043e-04
6.730656556345824670e-04
5.964534565284532143e-04
8.158884283124185916e-04
1.278753680700109438e-03
1.501309005519843630e-03
8.074964124914959249e-04
5.759361309804077091e-04
5.696404073713638022e-04
6.510601754107318015e-04
7.190875481324765636e-04
9.635867496550636112e-04
6.437855072370827570e-04
7.863954950895967692e-04
5.461055298493146682e-04
4.666342799525998440e-04
1.811836919915631129e-03
9.726301352115687649e-04
5.670497687863522039e-04
1.282301730960413305e-03
6.096433403381439423e-04
9.048002733668433599e-04
1.017428726255042992e-03
6.038158651696426925e-04
6.507787803491547288e-04
6.230947357672398127e-04
9.832371772969851226e-04
1.266593361541157358e-03
7.894284820317682382e-04
1.729566006567233392e-03
5.204571517976152705e-04
1.144163500128742364e-03
2.986003186869389415e-03
4.819964459408865374e-04
4.844260871361374845e-04
5.434828212225465338e-04
8.548405797975515983e-04
5.910955655555965270e-04
6.587190782565022912e-04
6.035338668865599960e-04
8.690596241707172157e-04
8.034714973280551948e-04
6.653026587979776448e-04
6.433877397159228420e-03
4.964115702767647091e-04
3.578298318076332789e-03
4.598145969170155034e-04
5.781868489874527782e-04
7.915539650930448297e-04
6.568546350749153006e-04
4.832466858374371904e-04
7.308299964831152127e-04
7.094224531714569829e-04
8.301480320419801339e-04
2.102096568900710741e-03
7.477694210359246739e-04
7.965394920874953972e-04
7.156466149010555413e-04
6.459852724596551682e-04
6.303736186339713513e-04
7.333212709978552271e-04
7.726008947744338225e-04
5.829643610510071771e-04
8.189908951897888504e-04
7.936528281496017887e-04
7.473193459318162651e-04
1.604231979425424027e-03
5.266357147871877876e-04
5.274314610583557454e-04
7.028571930884473405e-04
8.292928841110594560e-04
1.116981222218386667e-03
6.806663798928208869e-04
6.092079535945001947e-04
1.040284840427747621e-03
1.960518121374984785e-03
6.612501108063613192e-04
2.008164751229383170e-03
1.024076548185198906e-03
9.302872309908345521e-04
9.555858518908367421e-04
9.037533296055227580e-04
1.009341048190562839e-03
6.584091802219563814e-04
6.228877002476219601e-04
8.979921609344534983e-04
7.363721933310340192e-04
1.481210082543502581e-03
1.406687379047228716e-03
1.231869424820684509e-03
7.884130372123716000e-04
2.010214358276684980e-03
9.222059239756112432e-04
1.123807205780866843e-03
8.215676114156996888e-04
2.032605865515485499e-03
4.782247550644639147e-03
5.430181642239324509e-04
2.073783866217895205e-03
1.119100847437143288e-03
6.295877761034164794e-04
7.028571930884473405e-04
7.095826114532436659e-04
6.881730740815777177e-04
1.842996832431893989e-03
9.813618723381889192e-04
5.915346819306524680e-04
5.825689081881968434e-04
7.855761404769006891e-04
7.451975401671613944e-04
2.003139159681194617e-03
7.576920449286666040e-04
9.724718005921725601e-04
1.188726410649640136e-03
4.567751566374120015e-04
7.557201540518402759e-04
1.253126151363442853e-03
6.439937250623820270e-04
1.122383452594185455e-03
6.861668431430563387e-04
5.029923973506939721e-04
7.450985263309471696e-04
7.221801664966191183e-04
4.913133994712368547e-04
6.584091802219563814e-04
1.412333629307845843e-03
5.313750609391057044e-04
7.319342666148780183e-04
8.846378782991591713e-04
7.785298048611836953e-04
2.229781043292917552e-03
7.899910769463928126e-04
2.239730920809573662e-03
4.865763858985921726e-04
9.333260779181335896e-04
9.729927571637483636e-04
6.685547697805464037e-04
5.871294684800930797e-04
5.155294792353085857e-04
9.383645246526597667e-04
9.746193790381175439e-04
7.581029970456272396e-04
4.738149946612083517e-04
6.698554169230499199e-04
5.257109520645043615e-04
9.724718005921725601e-04
1.808314814063321412e-03
7.059078924848398049e-04
5.662194922301310796e-04
1.246707757256057232e-03
9.727372936534159223e-04
7.184896822818565530e-04
9.610085449880505226e-04
6.685391563654484795e-04
1.744926838124324659e-03
1.278753680700109438e-03
9.524304612642177804e-04
8.530672965125101793e-04
5.584083457120526646e-04
6.299114814741513810e-04
9.209624482499832428e-04
1.194182727552738554e-03
1.914059721675184962e-03
6.982539207824033653e-04
5.462544358115342452e-04
7.649580967146172618e-04
8.150885064345474553e-04
6.178843300105983519e-04
3.124528524625727090e-03
7.060716337976512529e-04
7.568875860991792050e-04
1.496236399875072254e-03
1.017153369621646682e-03
7.057309298841013675e-04
3.318498796091673940e-03
5.166489097731959915e-04
6.685391563654484795e-04
6.701836382528201467e-04
6.470558210171827376e-04
1.468238982049061610e-03
5.094652392103941841e-04
7.776773581959401955e-04
6.566041217611256814e-04
5.365907409248711363e-04
2.033715786880394786e-03
6.507375837925003176e-04
6.338960015595393937e-04
4.734930435603488651e-04
5.731139058214533132e-04
8.712535063252523429e-04
4.666342799525998440e-04
2.162027278810251755e-03
7.406315664042250127e-04
2.185033715733861789e-03
7.116962206222710464e-04
6.198550226504858643e-04
1.620925614509277505e-03
1.001890390621088065e-03
8.052815934613764262e-04
6.958335007596419541e-04
5.341246909268141047e-04
6.629158754755814934e-04
5.803230687398561400e-04
1.468238982049061610e-03
7.464205439952694299e-04
6.425119127490394513e-04
2.728068561563139899e-03
6.470345374184529458e-04
5.707361514344979356e-04
7.949204530354021195e-04
5.684725043052388325e-04
6.688036235533021323e-04
5.156639926896326156e-04
7.007719241256841688e-04
7.532965982628837646e-04
3.501532059400014329e-03
5.559001913587480886e-04
6.264470702985827383e-04
8.930741970507343397e-04
8.263174156023800083e-04
7.204654472939125151e-04
6.896311398115489598e-04
6.713673228903090789e-04
9.492590204115697186e-04
2.769152405110328948e-03
5.782334174804923876e-04
6.213366566468368421e-04
4.903709719134006703e-03
2.183352360068106356e-03
2.468589427141984309e-03
2.893493195565426720e-03
1.814164003145637234e-03
6.471135902817065936e-04
6.990397076030765424e-04
6.430846130209473023e-04
1.236804539842825158e-03
7.515858994453582893e-04
1.090383239655406521e-03
7.824829867428005669e-04
6.071193514812299030e-04
7.542450452832181063e-04
4.691594716684170663e-03
7.379774244752921675e-04
9.658042234312024790e-04
9.281138650748306127e-04
4.620286390696242210e-03
1.353189893720153523e-03
1.290436217797709829e-03
6.225842844602071536e-04
1.020654876101034563e-03
8.577372072625555517e-04
1.219251762944293868e-03
9.553298372878812677e-04
1.187570563157882078e-03
9.172527689589493778e-04
4.619077555372027959e-04
1.407574909677782515e-03
9.189407752045784068e-04
8.721614031235787757e-04
1.439680017250816700e-03
6.490949704680430742e-04
6.227982116372848820e-04
5.647578315769029734e-04
7.293541778937043078e-04
6.553604475667713100e-04
2.640651869006545912e-03
6.056224908803285690e-04
6.528263777895855447e-04
5.080230150427002917e-04
5.658148031323865373e-04
7.667621993570813413e-04
2.095074438119708636e-03
5.841748735061894938e-04
1.303267531365288022e-03
1.035484496117533917e-03
7.639686858646486728e-04
1.286969227366116389e-03
6.991080656632638231e-04
9.351029934970338199e-04
5.617338250818662429e-04
1.487441061951947849e-03
4.772327842346566124e-04
3.658720329173961814e-03
5.279505361334183803e-04
1.841382581199776155e-03
8.301480320419801339e-04
7.488697844437842239e-04
5.183965277767979205e-04
1.185188230308670352e-03
7.265735686994250061e-04
8.550030535690321442e-04
6.490835668269949064e-04
1.146652366015484372e-03
2.048903461965245493e-03
8.870290078377380616e-04
4.270944095397629509e-03
4.951618012512984217e-03
5.973698223997854712e-04
5.350095768182227705e-04
7.533314041465325253e-04
5.496463661948822405e-04
7.720554602224389412e-04
9.282950653873954646e-04
5.572088638150770939e-04
2.653346292481966167e-03
6.210810384694702294e-04
5.844549543866343769e-04
7.115602380977281358e-04
7.216223864701459215e-04
6.764057419959163550e-04
5.081241942500107052e-04
6.122422038261398150e-04
1.113504257803599184e-03
8.154503960667305266e-04
5.928450059139034204e-04
1.285829537308810343e-03
6.596328663355649751e-04
1.478007184794823039e-03
6.881111639438488789e-04
5.377792334583148025e-04
1.854842453889072370e-03
7.358621656676696829e-04
7.350597951199238245e-04
1.413529049194978127e-03
1.005856297579779245e-03
5.971868622013315822e-04
8.440106969019522346e-04
7.533649518978599796e-04
5.623259911756524256e-04
2.170648996345289541e-03
1.060520769583557380e-03
1.611113421853336723e-03
6.347897356098075204e-04
5.616884124126927209e-04
7.159922575769216363e-04
7.403675709114780536e-04
6.266197156901871530e-04
2.001927775898600711e-03
7.602543646917488346e-04
6.510601754107318015e-04
5.613906958679368850e-04
6.678049797840513412e-04
6.237300636964425091e-04
5.848083551467545904e-04
8.474553810753481398e-04
5.476936285635913967e-04
5.303143359775895453e-04
8.626717992869809698e-04
9.113713088177012416e-04
6.343342481059131626e-04
1.220670318656407989e-03
5.479657452921310457e-04
6.206565106188290408e-04
8.294177739316865774e-04
5.193234085444384338e-04
1.354029323975406048e-03
8.783244607342028396e-04
9.506298959024076347e-04
7.224503907917669172e-04
3.197483867101870436e-03
8.344758809364153903e-04
4.871219902215214522e-04
1.073480528964029833e-03
8.560410072031660001e-04
3.841439867617944814e-03
6.262373201700921271e-04
7.250822141697559802e-04
7.191317152302353043e-04
5.539237208832703974e-04
6.474287031857788336e-04
8.687746669613054121e-04
6.962968924316138538e-04
1.015974573080117866e-03
6.965842116126685609e-04
5.721900627234983603e-04
1.050212414843262627e-03
7.641812080493250083e-04
7.005304564897949556e-04
8.887023379515025063e-04
5.565503199151475983e-04
7.128172471260464356e-04
9.558029362593035462e-04
5.405179041800530024e-04
1.503740227303559593e-03
4.755384626525851468e-04
8.560378225558073519e-04
9.450520200242834915e-04
8.832405924916928407e-04
1.071059235054924817e-03
9.452408959306481074e-04
6.620787175778712272e-04
6.747923325853482724e-04
4.954247543847146952e-04
6.480325593634524671e-04
1.242701463499057630e-03
5.597269471670507108e-04
2.943902136588308349e-03
6.387825530815770215e-04
1.014625422716778367e-03
8.254593511916308562e-04
7.319745661365672411e-04
1.104799980307111804e-03
5.808514621985030619e-04
5.336886753624958983e-04
6.748415688950628114e-04
3.169826119777914303e-03
8.708238359200846240e-04
7.847620305988831741e-04
2.596510743508078246e-03
7.057213653154071308e-04
1.919282202542922774e-03
7.864233803048918149e-04
7.906865865494901559e-04
5.025551490763657423e-04
6.421138307558492408e-04
8.490718601147619277e-04
1.033647115325495632e-03
8.031201913310937043e-04
5.937217507471900715e-04
7.317341869046583604e-04
6.247165346236264972e-04
6.073865897259678355e-04
1.036392141007496607e-03
6.555072065856302728e-04
6.328663158609284991e-04
6.510947269663416815e-04
1.063559264436286832e-03
1.104218085463481687e-03
1.157031628549165612e-03
3.263860253301133045e-03
5.238892168905462518e-04
1.866237017459173404e-03
7.959368540572464915e-04
9.872008466162141265e-04
6.363611957082989604e-04
6.575978469938355275e-04
1.503740227303559593e-03
5.418282651072178118e-04
2.325955736478427932e-03
9.268452997326947530e-04
7.522467851298383478e-04
7.028571930884473405e-04
6.278440301203868854e-04
6.678569692792404042e-04
1.248966972594247335e-03
1.226173165998392222e-03
1.352197107888058374e-03
7.745929355316789802e-04
6.296756302468026678e-04
5.764986108511800178e-04
6.215604210187598453e-04
3.318498796091673940e-03
5.905434838604434796e-04
9.111711160986061056e-04
7.615399487632809258e-04
6.404039126454411004e-04
2.885759606189650019e-03
1.054434714959266413e-03
8.166383995542433796e-04
9.142004042286014332e-04
7.429361698162237218e-04
6.455838401025389963e-04
1.453367694308260738e-03
1.036590761512137847e-03
1.349746641315617557e-03
1.039195967097441978e-03
5.993220407743975360e-04
5.469078741498250218e-04
1.770239522401893069e-03
8.419961433623773285e-04
6.185337725479356664e-04
8.765323457047586187e-04
5.082898582947489516e-04
6.897660285357291952e-04
1.435383248073091944e-03
6.069484113424746799e-04
5.787359842708222164e-04
5.534823736671394372e-04
6.348557797385824368e-04
8.707864174320109618e-04
1.770239522401893069e-03
8.340768404083575985e-04
6.843393912376171274e-04
5.395713657209951289e-04
5.073914157907222135e-04
1.892522209498741052e-03
1.086487936821369958e-03
6.333782781766845744e-04
6.006242662569434825e-04
8.340768404083575985e-04
6.385173451613342056e-04
2.986616077155010342e-03
6.122085767599101669e-04
1.669380790929925109e-03
6.125140538474048175e-04
9.074471879274966174e-04
8.453078150805402825e-04
7.579798456465850799e-04
5.156701275513989957e-04
6.027721266967103145e-04
4.770935179447018462e-03
7.676009151035997858e-04
6.686599743862136919e-04
1.857259135345436674e-03
1.974093830432563541e-03
1.103339130348456043e-03
7.837857227524258922e-04
6.526841466544160966e-04
7.747702396806110080e-04
8.715360834284567549e-04
7.379558757990813600e-04
1.467953022444787705e-03
6.182159551045568338e-04
8.069532732816011352e-04
4.776291187363713520e-04
5.877225443053663446e-04
1.409865076284644997e-03
5.741593222888341595e-04
5.671725986511168618e-04
8.359385455163325642e-04
2.266602126205379420e-03
1.112286917611786776e-03
7.746711052285387700e-04
4.962078835092475614e-04
1.774581324845319816e-03
1.314517927363128202e-03
2.464642536640828090e-03
1.212571616337788710e-03
8.554806034223567208e-04
8.824930091408078299e-04
5.447999304142523693e-04
8.053776314469629927e-04
2.059609216462852423e-03
6.100601287879960522e-04
1.888857040734047508e-03
6.076263159668719152e-04
8.108919563801756823e-04
1.036201096657578908e-03
2.696025264295068800e-03
8.052815934613764262e-04
2.396244260568589340e-03
8.315982413923310532e-04
5.764001770428293144e-04
5.989436377402895069e-04
7.555573641941265876e-04
4.753352005113436552e-04
6.195030246563048648e-04
7.730018659068334805e-04
7.303825947027443128e-04
6.536015216451692995e-04
5.972455700285673628e-04
6.065900419789794877e-04
4.569456688523986475e-04
7.631542903892750635e-04
6.944068181507560790e-04
1.466944991574604300e-03
6.483333442659127213e-04
4.926803415032667520e-04
1.374044220056927371e-03
6.122537799040416243e-04
2.469628927617760136e-03
4.699082160046470042e-04
4.736413221758604942e-04
2.730585997690283904e-03
1.380010683398729407e-03
8.215722689993498274e-04
1.286969227366116389e-03
8.023388356696787346e-04
6.391344576634720850e-04
6.514491526047729106e-04
5.925541702087275568e-04
4.181108044975637150e-03
4.326143173511378184e-03
4.468739703744536171e-04
6.052448949916257401e-04
4.641572866969986963e-04
9.786420182371880720e-04
6.549105219630813480e-04
3.356147966056699343e-03
6.250045911978637436e-04
1.072207536260958967e-03
6.939588286067745020e-04
7.025331377176071519e-04
5.869484320376789667e-04
4.845588105087930610e-04
1.842996832431893989e-03
5.541968348281859280e-04
7.342388956648242216e-04
9.259034541844955160e-04
7.827122980433984158e-04
5.500613277841403430e-04
9.395171573956115829e-04
6.936306875053283678e-04
7.343034944142816031e-04
7.640661068277870534e-04
6.264031806203959043e-04
1.081129126066074798e-03
5.406404787314521591e-04
6.828746129976297425e-04
6.541189699935130025e-04
2.136123995605630245e-03
7.027282794578304775e-04
8.963104604276393630e-04
3.476883567067979870e-03
8.837957076743089549e-04
7.997783576449324534e-04
5.130093643268202660e-04
5.166489097731959915e-04
1.438045438879541858e-03
9.381033349318360906e-04
7.076554668556840622e-04
5.273289511089317150e-04
1.062463688732094395e-03
7.683239371574293597e-04
5.559018009131369478e-04
4.566897889687084847e-04
1.199750602045723466e-03
1.256337706332768698e-03
7.693875417212171037e-04
6.061298426390721895e-04
1.112616290167284380e-03
2.266602126205379420e-03
5.935816402714262988e-04
6.656645724859565913e-04
2.502135038361510532e-03
7.061587679804461884e-04
5.201659610819895502e-04
7.672663614727529436e-04
1.015327470965834153e-03
8.245284752835070402e-04
1.353850420459591815e-03
6.490779257750390599e-04
7.605451256143023293e-04
5.369238724302241150e-04
6.655749610815476190e-04
4.439252017726994220e-04
1.501386545974888517e-03
1.481793605584866671e-03
9.775001085036713958e-04
1.886414634491761534e-03
6.046625008514776474e-04
6.452103436226889078e-04
9.308382076611139118e-04
7.965394920874953972e-04
5.187341335112502028e-04
1.531359332276512226e-03
7.087012181066697182e-04
6.553604475667713100e-04
2.995135407982323604e-03
1.214063085546490065e-03
6.939588286067745020e-04
5.812655731489621818e-04
3.570428848337459798e-03
7.673767699685552293e-04
6.616207854894401181e-04
5.782184127023643882e-04
6.666962048143548628e-04
7.666868537541086806e-04
8.342948581920173060e-04
7.068089909432894065e-04
1.008980167234347714e-03
4.575099783981622791e-04
7.982756124976570682e-04
6.557848054770673910e-04
4.849301648511917325e-04
8.434716892749987739e-04
5.261876411321698239e-04
6.662645105968298615e-04
1.705534240824918687e-03
7.618960844485950061e-04
6.881788380749104782e-04
7.364060054938176367e-04
7.022904455196546424e-04
5.955310080440647099e-04
7.193355893139472337e-04
5.811879731870868426e-04
9.526786787686142201e-04
5.184995136035323816e-04
2.401920646059198423e-03
9.826580335637112411e-04
6.133493687271562422e-04
1.709255965174115996e-03
1.303267531365288022e-03
6.120693571587365297e-04
6.526125747661698853e-04
5.999467800490319511e-04
6.925573218346327319e-04
2.626155584254821415e-03
5.032871718499881729e-04
5.276821050234196692e-04
6.842720791827422693e-04
7.732488447005879395e-04
5.473608849993880001e-04
7.752010649425771340e-04
4.681075574764914518e-04
5.408658354329715741e-04
1.118475025965187533e-03
8.629054241384166279e-04
7.605451256143023293e-04
7.059639482712559960e-04
7.089788286440216461e-04
8.114252926166844139e-04
1.516551581625029052e-03
1.113797024762297385e-03
6.462398269514622266e-04
4.928187144525924754e-04
8.486874730437778559e-04
5.268453696795736977e-04
6.185607681193249678e-04
1.261211745452406547e-03
9.201454325431761153e-04
8.210632388975773075e-04
9.054809840543341778e-04
7.981164127270646289e-04
3.747173747369669100e-03
6.843372838445413268e-04
3.713155632107613315e-03
5.694085580518754150e-04
1.308175780351917596e-03
5.816683942042475070e-04
5.262687775605307027e-04
5.058980740813835654e-04
8.139133397131002997e-04
7.535502407374842756e-04
2.683361752239183697e-03
1.840466503322868647e-03
5.593498251203780566e-04
5.850302522253350741e-04
1.792742996987849212e-03
7.883388837435085757e-04
8.155773261027835039e-04
5.804746180608487969e-04
1.386579488583838081e-03
7.560593032209485731e-04
5.648660232619445850e-04
5.445538433065025665e-04
8.081633728556139856e-04
7.350889858071891960e-04
5.998103483624438095e-04
1.204762452532567038e-03
5.676877444935976178e-04
5.042840633146495558e-04
7.478309894251667983e-04
5.598398261295850064e-04
9.178899379419970398e-04
5.871010873492084076e-04
5.711136261439804605e-04
4.858663740635909200e-04
9.555858518908367421e-04
3.197483867101870436e-03
7.720397321932445916e-04
5.569058209156249823e-04
6.019084667390525289e-04
2.448387861009078924e-03
7.417506242549560007e-04
7.889991330776554212e-04
5.001488730190869906e-04
9.809057241795086923e-04
9.308997966300794000e-04
8.384932854012377415e-04
1.009927891929708350e-03
1.327533681968325876e-03
8.188694029457286054e-04
6.733923469928930570e-04
5.224458001604109824e-04
1.025206756498835223e-03
7.051026868928972563e-04
7.125231475787579790e-04
8.707864174320109618e-04
7.330493387184442919e-04
6.874996911726103006e-04
6.353786253796833965e-04
2.598154771990535388e-03
5.485302752791582819e-04
5.237145075407305742e-04
8.676482189587717388e-04
6.772694689393778718e-04
9.522189217135973828e-04
9.302872309908345521e-04
8.786541850568801732e-04
5.502892665985460036e-04
8.732783156650198494e-04
4.933529817918653245e-04
1.341422007087811992e-03
6.283783731965769063e-04
1.415531584192470261e-03
7.576058536623315326e-04
4.619077555372027959e-04
6.348557797385824368e-04
1.017624059286017461e-03
8.974808430062402058e-04
2.570290320343799045e-03
8.423328116645494804e-04
8.206139099872140387e-04
4.533215178500022108e-04
5.700416864142734833e-04
1.065284075385266932e-03
6.001851195678766914e-04
5.950506892420277805e-04
1.502825611053549074e-03
5.857445936738867650e-04
2.640651869006545912e-03
6.231040591645456341e-04
5.574434504859376383e-04
6.529351001635352305e-04
1.398833277596961194e-03
6.859987329087810287e-04
5.495073687019436191e-04
6.731303397636025348e-04
4.957394614909733975e-04
1.089034891151209258e-03
6.319982482063658770e-04
4.737416342464055748e-04
1.147747444046981003e-03
9.149044797929505079e-04
1.530640117475731395e-03
1.256337706332768698e-03
1.143474129018188503e-03
1.225646032697117957e-03
6.859614872467785290e-04
2.523367545374033578e-03
7.982756124976570682e-04
1.831100237592126530e-03
8.341615173103044409e-04
1.064482570016354272e-03
8.135051962956007165e-04
4.759434338208690866e-04
6.095516913103309802e-04
1.557506374333169231e-03
6.080534926087979375e-04
6.287080157126495638e-04
5.360115404589279112e-04
6.542837015107907245e-04
1.156864902329963205e-03
7.656481409001648659e-04
5.224458001604109824e-04
5.023296968833074975e-04
4.340785548732313602e-04
1.114647458318736555e-03
6.578758090579867697e-04
1.061217539890542145e-03
6.211234667282536023e-04
5.884342420027404222e-04
2.088435499251373346e-03
1.095995735079269154e-03
5.113929714436354391e-04
9.613054935504833321e-04
6.264031806203959043e-04
8.500977902056637775e-04
2.407711654958533468e-03
1.174863151657469735e-03
1.722444986509454263e-03
5.033738511914524934e-04
5.251011960632529126e-04
5.792762127361510572e-04
6.353168047772222125e-04
8.814077432047422818e-04
1.285046111085397800e-03
1.629614321882383960e-03
8.624505104146807473e-04
9.098124454857260766e-04
7.488916644014060806e-04
1.364683154571862253e-03
8.812738693013151938e-04
5.267640867488620950e-04
2.735647113259785570e-03
1.180759806955926534e-03
1.577908396994234623e-03
7.236305590586653100e-04
7.001939216145920382e-04
9.445777273804024845e-04
5.965777775234193912e-04
9.535375253720231904e-04
4.538356093490067259e-04
9.573241886546411282e-04
5.572088638150770939e-04
1.083786452930018789e-03
5.623169273081691502e-04
1.502584310773324560e-03
1.821661724887126913e-03
7.958894418237983954e-04
7.560593032209485731e-04
6.093458173150972891e-04
4.212812017317295842e-03
8.938275038042568094e-04
1.210861118052131364e-03
5.537709057134623239e-04
5.711835510890274489e-04
7.216223864701459215e-04
8.902167410958089500e-04
7.884130372123716000e-04
5.655728616724271752e-04
6.126475957284223395e-04
1.341422007087811992e-03
8.456082156213200326e-04
1.303267531365288022e-03
4.640102317743042821e-04
6.772633893474678916e-04
5.996681019196491852e-04
8.542312505386439768e-04
5.329491458996222543e-04
1.086514751816627846e-03
1.125158937258874696e-03
7.537752165346863799e-04
5.689662658289514757e-04
6.392236147440612812e-04
9.423488371577082518e-04
9.250014747900287470e-04
1.359335377223122240e-03
6.419915196770601329e-04
7.723493783138288054e-04
6.338547325642309490e-04
5.757915144568305195e-04
1.480399442234058265e-03
1.171209636760287172e-03
4.840999084453014478e-04
5.680514788596094898e-04
7.584474256027590741e-04
7.006490419964224187e-04
1.128674964069951558e-03
7.505952436150922433e-04
5.544122111140413998e-04
7.181985649546345852e-04
8.691457725178242198e-04
5.737771623668297578e-04
6.984640698951738360e-04
5.607480365728906768e-04
6.220936808364472192e-04
