4.653779509732776203e-03
3.992675187629436510e-03
4.737417258601621731e-03
4.645327571846668419e-03
4.240123779061483883e-03
4.742717973140804510e-03
4.399838617090871991e-03
3.371265382022636207e-03
4.149349301450236394e-03
3.622148194229090658e-03
3.511972843327398289e-03
4.670576956167017159e-03
4.208284235647660743e-03
4.623729001670805888e-03
4.357792913225562968e-03
4.695216155964116941e-03
4.525698671142702051e-03
4.239436715231918035e-03
4.071387310060047178e-03
3.972826089659447016e-03
4.498441949342770786e-03
4.631027929663598941e-03
4.051848154756980055e-03
4.325032685071845094e-03
4.399355889137476945e-03
4.151671839890612795e-03
4.500906134991232432e-03
3.482762352736786318e-03
4.598960265992563939e-03
3.813948861329138386e-03
3.304830082295160624e-03
3.648213091424359379e-03
4.222743737217211045e-03
4.311731969804928274e-03
4.810160017312742342e-03
4.063484353630937920e-03
3.669972195737964543e-03
4.373448448418495310e-03
4.156905512022906514e-03
4.481159336857490003e-03
4.759252041890272775e-03
4.432465776002813239e-03
3.637887812542745999e-03
3.532304293125637477e-03
4.808908312818571153e-03
4.755059501028191873e-03
3.483211771986676787e-03
4.776938387185672083e-03
4.018347040690759160e-03
4.719741911346580186e-03
4.211895413187283221e-03
4.097417872981902812e-03
3.822427912912468913e-03
3.596121569125537796e-03
4.802371281607036024e-03
4.739249057854047140e-03
4.427455446250821297e-03
4.337736599436564644e-03
4.534412153485541802e-03
3.894628211413413491e-03
3.583256449530556817e-03
4.442958729406910195e-03
4.529808360101785815e-03
4.210143116905429306e-03
4.576891563442962024e-03
4.650939759533291064e-03
4.721900683134678395e-03
3.984495500262170455e-03
4.308206330035618814e-03
4.237953028219484941e-03
4.233836559036285516e-03
3.766346326372523035e-03
4.776198288112372230e-03
4.425627287185210194e-03
4.716750965067345071e-03
4.103988063683182246e-03
3.728213614658324859e-03
3.519402177054336070e-03
3.772314559420774163e-03
4.687888751063268300e-03
4.533157481341327372e-03
3.785619104562384409e-03
3.384019281825767847e-03
4.706112368243238128e-03
4.614459777789883289e-03
4.264017918618698624e-03
3.604382210011439387e-03
4.590291749734730711e-03
4.233331186470828261e-03
4.445433664833050962e-03
4.768189270479044478e-03
4.571685828504597204e-03
4.749774972947909749e-03
4.248909612276332431e-03
4.144794868957066281e-03
4.818655163685424403e-03
4.717239394160074178e-03
3.787305958268669635e-03
3.708846497408662020e-03
3.629278256166071966e-03
4.184948090095225517e-03
4.722377471881381017e-03
4.392900386853904743e-03
4.214120039756364886e-03
4.664117067676928907e-03
3.874334785767649843e-03
4.653069062877486332e-03
4.593042894219632674e-03
4.394576476550502049e-03
3.682733014447250354e-03
4.815343596656007294e-03
4.792423375454889049e-03
3.606255026169941265e-03
4.436992576790746087e-03
4.663330115722038108e-03
4.078884370875038648e-03
3.757877214578143193e-03
4.638395144032816074e-03
3.805870018364240076e-03
4.806777047512826931e-03
4.121205282356517688e-03
3.834842395620025220e-03
4.060953782978406895e-03
4.595610334079950308e-03
3.436908643833819395e-03
3.881852005660400839e-03
4.291415400527971713e-03
4.154484272680049502e-03
4.009481566467546984e-03
4.311366731471430805e-03
4.521894220961465531e-03
3.384235686856478138e-03
3.706460099347725322e-03
4.034741235988030007e-03
4.793425042593566290e-03
3.853746774762281148e-03
3.649325918413595313e-03
3.684116906170723828e-03
4.286061440552144976e-03
4.198371352121440733e-03
4.617736287482460469e-03
3.823791233812527494e-03
4.017285268220292110e-03
4.488702568789896055e-03
4.579517258313231011e-03
4.722953803625575160e-03
4.817104933996224116e-03
3.765105521375696450e-03
3.909515640590338278e-03
4.686000822114327197e-03
4.555570379600082376e-03
4.643440649598664337e-03
4.075117539549970302e-03
4.679285647899549157e-03
3.957457564269745674e-03
3.825515715247824328e-03
4.471258912388101359e-03
3.935356816121738863e-03
4.743578197444432362e-03
4.497013689179678829e-03
4.566507638217996712e-03
4.631618306573815486e-03
4.779416299230902949e-03
4.289651762393559969e-03
3.653089608589188148e-03
4.440898224680297351e-03
4.326821843734324387e-03
4.431409761751346765e-03
4.569181539583194382e-03
4.729028946131531332e-03
3.881162094503239936e-03
4.646337120981062357e-03
4.555570379600082376e-03
3.714219091512328472e-03
4.578455107242669977e-03
4.139285289156987777e-03
4.372596665169224683e-03
4.262039329844707555e-03
4.397019298491384662e-03
3.510819762641006862e-03
4.757683004811800662e-03
4.048682802050451723e-03
4.202820031791435276e-03
4.147470603369546489e-03
4.496107719286641588e-03
4.542778744652042205e-03
4.691650641566870276e-03
3.896320081445011317e-03
4.510440342910222895e-03
4.419567939380232569e-03
4.657476934335568787e-03
4.673630212813164458e-03
3.956927452834149359e-03
4.372085722840883884e-03
4.575275774022426190e-03
4.278950859240001313e-03
4.302011328163021613e-03
4.258182921111658414e-03
3.511744782743365587e-03
4.284803534415878960e-03
4.349163848145711289e-03
4.726068593624963357e-03
4.585437522145239739e-03
4.676521653825581673e-03
4.310978213806580112e-03
3.531073215723865011e-03
4.134272375874686878e-03
4.589539126799833772e-03
4.563428234500484584e-03
3.545556349988301850e-03
4.607087262708533040e-03
4.226879731891649075e-03
4.479027796896364877e-03
4.575275774022426190e-03
4.660611642710903862e-03
4.172217567858734627e-03
4.663542855069921673e-03
4.711136168454342806e-03
3.563113899967994790e-03
3.662579926549705892e-03
4.782452434369527730e-03
4.466678496159194427e-03
3.630599939728542790e-03
3.222146907744124610e-03
4.796400630330564796e-03
4.518308439843037386e-03
4.209321960558619000e-03
4.512191822049255521e-03
4.544752874034323209e-03
3.536416366530499653e-03
4.349544910240528243e-03
3.266380434104569283e-03
4.284610924334317748e-03
4.204478891896295742e-03
4.703334177495111477e-03
4.255280821710822822e-03
3.789416890118552962e-03
3.786128052682333038e-03
4.131554317472336570e-03
3.773973062062344758e-03
4.675449388970643813e-03
4.466678496159194427e-03
4.213807105460335746e-03
4.497851987110343744e-03
4.349859051861386036e-03
4.688878594996670479e-03
4.441719203199065436e-03
4.491765473916281212e-03
4.717143502657474702e-03
4.214608709519623506e-03
4.219444200504257440e-03
4.255758291112391248e-03
4.545803368152723754e-03
4.250317963449662916e-03
4.743380202841603055e-03
4.266673101424802925e-03
4.529971557098818290e-03
4.288221562489201964e-03
3.805870018364240076e-03
4.415754558126680322e-03
3.611976680287295061e-03
3.955720668049570767e-03
4.808303723428070803e-03
4.130358650245625346e-03
4.806792586859395984e-03
3.538646654908204382e-03
4.389499424189402185e-03
4.565223741554614786e-03
4.804768778879208585e-03
4.421328603508202157e-03
4.586705130394688919e-03
4.470491264537163056e-03
3.923451315601507276e-03
4.511134052792136959e-03
3.457773201779945973e-03
4.438348827521190407e-03
4.007575813133212005e-03
4.207306913543491789e-03
4.258231418855771590e-03
4.133434111584164718e-03
4.682822075958511729e-03
3.510870963153967309e-03
3.896859175193368406e-03
4.739551513095755821e-03
4.032367558686657943e-03
4.253040698933841825e-03
4.667756874339372072e-03
4.358796968936456961e-03
4.195153784186830999e-03
4.728516385030108807e-03
4.663720479361647270e-03
4.789369995420660747e-03
3.707772555925224929e-03
4.127175532940739570e-03
4.562325753194283740e-03
3.888660501133098940e-03
4.401513859551637459e-03
4.350986150083923851e-03
3.604877395337991331e-03
4.784935180302265015e-03
4.669636403076952470e-03
4.011750442818183722e-03
4.201837564863661854e-03
4.724279495914104551e-03
4.583233142128523285e-03
3.687228786744154059e-03
4.641510932476954759e-03
4.538879519336122721e-03
4.309301245492759558e-03
3.349797065887366587e-03
4.082991178606423278e-03
4.700799877787908629e-03
3.983709302270649691e-03
4.256296237547337394e-03
3.573225158224833595e-03
3.660541369910575490e-03
4.687671792535492120e-03
3.954214000377948707e-03
3.977377466863903262e-03
4.373413935763960717e-03
4.580676408626813481e-03
4.454530938536968576e-03
4.445230563690474174e-03
4.608621950279016312e-03
4.003229490362730097e-03
4.755059501028191873e-03
3.964817849845337153e-03
4.267210292579821061e-03
3.928105736973251834e-03
3.660405662766814342e-03
4.149894016725199676e-03
4.410429488857204282e-03
4.175797298027483090e-03
3.936698012007138966e-03
3.920877865887963457e-03
3.984762436753394935e-03
4.412094080032458177e-03
4.287506628814609713e-03
3.778239495617796880e-03
4.463161424587234506e-03
3.805139754444411375e-03
4.811493157684894675e-03
4.261486162597992455e-03
3.763380268016854567e-03
3.682278598168711378e-03
4.115262021535294988e-03
4.003348873927761210e-03
4.559989970000911594e-03
4.241401843515525336e-03
3.895910439919427100e-03
4.570901436657769448e-03
4.585364595447773313e-03
4.484620848126029402e-03
4.241703228696545522e-03
4.598917434310153055e-03
4.688878594996670479e-03
4.028411076921190742e-03
4.746757507440983216e-03
4.129450015320322055e-03
4.585889642927777968e-03
4.544065260167430911e-03
4.755681785934814075e-03
3.701981578186101882e-03
4.157966218019455706e-03
3.743227576949039771e-03
4.397019298491384662e-03
4.119628375668532919e-03
3.294361850488882002e-03
4.311122398525039923e-03
4.527803150038933917e-03
4.766407963504512568e-03
4.254797506978836782e-03
4.794352670363943164e-03
3.504259521329323047e-03
4.078037715110063681e-03
4.127175532940739570e-03
3.783924570883963074e-03
4.538212520853160750e-03
4.425434206713552317e-03
4.177525330791354019e-03
3.766346326372523035e-03
3.655188949701237977e-03
4.191033330140819455e-03
4.375800385967867911e-03
4.503051812692468112e-03
4.086491178334766480e-03
3.644855141662360458e-03
4.187710156443656510e-03
4.641386721091465134e-03
4.334034778577256983e-03
4.346052590768620209e-03
3.852917129107305549e-03
4.754594609269034537e-03
4.107338671852167958e-03
4.068542386308894240e-03
3.542276554686046679e-03
3.550538324947869612e-03
4.228387562259220203e-03
3.642272708577498110e-03
3.687169233350971482e-03
4.011420466280281663e-03
4.649432069003687530e-03
4.714798062102435253e-03
4.672794232253016378e-03
4.445433664833050962e-03
4.730122664493694243e-03
4.366338581080030437e-03
4.434494745025635565e-03
4.332667043825543136e-03
4.113804367131526987e-03
3.864933418885407781e-03
4.157037052839080045e-03
4.746168142492575293e-03
4.330155056200187327e-03
4.632983831811370024e-03
3.668402393902548460e-03
4.295799691688485453e-03
4.688267427886333438e-03
4.400410444103912931e-03
4.155676108677620363e-03
4.125228241163424181e-03
3.592642602645047638e-03
4.386551450799940598e-03
3.774314888931113148e-03
4.209724782031449772e-03
4.139285289156987777e-03
4.369832309656406129e-03
4.780918841041243914e-03
4.660611642710903862e-03
4.207689338720174872e-03
4.680076739074601894e-03
4.052241732389813555e-03
4.195033391269128997e-03
4.722953803625575160e-03
4.390058280942674140e-03
4.211654737134484100e-03
4.541046786930291734e-03
4.601378403086549967e-03
4.347602024070692378e-03
3.878298476039147846e-03
4.081508843277233817e-03
3.934450091318964469e-03
4.164428659348438228e-03
4.320587589853126277e-03
4.678647958642809419e-03
3.948725539558519543e-03
4.621455863022315078e-03
3.896094335405689453e-03
3.644377237338876710e-03
4.320233945375621248e-03
3.649342683504989884e-03
4.369136508055779765e-03
4.180784052128898309e-03
4.375755803180559657e-03
4.459064906338914072e-03
4.537435529268663871e-03
4.674331414477973963e-03
3.465785486464856985e-03
4.326369466018670749e-03
3.558620259555875243e-03
4.403664320298868000e-03
3.948305127299029868e-03
3.923451315601507276e-03
4.455835012361256987e-03
4.608739424622702169e-03
3.753450464120245897e-03
3.817014670831842850e-03
4.168029806678469860e-03
4.373593273455093910e-03
4.806280107258243534e-03
4.452383808665985598e-03
4.656722399731751463e-03
4.209251371253475670e-03
3.854447577258296714e-03
4.812464201824078955e-03
4.243744662293042272e-03
3.847768374319986140e-03
4.504814746313585798e-03
4.778730627734617889e-03
4.808572563278002039e-03
4.491811714062728285e-03
4.481180084477071578e-03
3.680086627295660676e-03
4.815399349320335400e-03
3.888048137261074753e-03
3.629296812578288248e-03
4.738476709313532535e-03
3.931959086629660538e-03
4.599618397384652724e-03
4.252711781896142615e-03
4.254797506978836782e-03
4.233619155821606583e-03
4.470489988000789922e-03
3.713051617323858029e-03
3.825515715247824328e-03
4.351699296735185574e-03
4.506686841234624694e-03
4.159330899600654531e-03
4.552235249517292207e-03
4.704231044599601480e-03
4.425627287185210194e-03
3.419185684494381247e-03
4.005256607381463274e-03
4.569486357884754157e-03
4.408259463873170220e-03
4.805484083155659066e-03
4.755518897622833946e-03
3.931714888205192771e-03
4.519971285527306024e-03
3.151263808272948205e-03
4.566507638217996712e-03
4.121866394349769924e-03
4.670665981242237697e-03
4.414703119333167336e-03
3.675476042802534957e-03
4.077487022075762524e-03
4.758302596795129652e-03
3.446115311737746323e-03
4.036292651627722619e-03
4.231118503444646940e-03
4.248001242660138024e-03
3.814029619801317071e-03
3.461415483274203446e-03
4.465025728717161337e-03
4.240906284298033915e-03
4.763510831892263722e-03
4.440488022461760997e-03
4.534549261719235391e-03
4.546400768510833884e-03
4.658937735021387652e-03
4.177570165816260270e-03
4.380232506248095056e-03
4.097191899451022370e-03
4.142862381831378775e-03
3.826002974379342191e-03
4.304840217889303704e-03
4.201554546482054626e-03
3.719596016526675354e-03
4.121171994729542522e-03
4.198136486628456163e-03
4.584529876776134716e-03
4.160913826026116022e-03
3.852917129107305549e-03
3.634874109507031659e-03
3.907113102692123287e-03
4.001763461508462717e-03
4.564323242503459492e-03
4.548328983151351916e-03
3.847527743967655602e-03
4.471344882146660767e-03
4.453681803264332786e-03
4.383100715901160419e-03
4.468207433635294420e-03
4.664758904476160387e-03
4.457735484292484583e-03
4.010311708196680897e-03
3.689574272433739782e-03
3.957409815766943853e-03
4.574040501630078324e-03
4.591492481193153001e-03
4.282860183773565255e-03
4.479843670500081518e-03
4.791642034851417362e-03
4.342810524932103761e-03
4.784322425874316422e-03
4.310579133194363671e-03
4.339456655074654459e-03
4.000464790851254726e-03
3.673151443637937084e-03
4.316633897320030187e-03
4.362667125223033959e-03
3.559478620885642847e-03
4.617977003767846818e-03
3.819951924774257421e-03
4.217844512387199617e-03
3.909399143224780160e-03
4.486668943993483288e-03
4.745429681451012599e-03
4.264862122698330135e-03
4.268473872105603070e-03
3.564580558387486341e-03
3.357722436572913288e-03
4.617736287482460469e-03
3.774335258417132934e-03
4.626025008351523221e-03
4.203956452199497477e-03
4.294079424131055922e-03
4.228565498000907107e-03
3.868536693188126367e-03
4.640268605232387988e-03
3.853943833655587570e-03
4.501766678643477279e-03
4.748537757838296181e-03
4.191572618135540329e-03
4.594554887367900339e-03
4.563840871029260435e-03
4.594477219034491522e-03
4.284812922411369331e-03
3.957409815766943853e-03
4.626131022117216385e-03
3.837465946326621205e-03
3.594051344954234464e-03
4.280346679336985080e-03
3.728563307908810704e-03
3.316647808301899196e-03
4.816601499777421053e-03
4.371425666486274987e-03
4.103689480809524781e-03
4.085670382197075651e-03
4.387000560962167617e-03
4.291589977281416550e-03
4.674412092290451508e-03
4.085254826653256233e-03
3.533749894505265089e-03
4.213581622964016407e-03
4.236309940037814685e-03
4.260298227330427956e-03
3.923867299840716645e-03
4.744848084649172515e-03
3.423463872188616756e-03
3.926130178050423261e-03
3.494646457296865429e-03
4.432278118937350853e-03
4.113905748032607376e-03
4.668579634936605854e-03
4.708147391536474449e-03
4.620315258840639733e-03
4.236372119590854114e-03
4.256812120747671853e-03
3.602513896142802222e-03
4.590113587272449253e-03
4.070818279652217535e-03
3.930862648715838237e-03
4.435238991604112391e-03
3.456849331598771131e-03
4.456311327653409739e-03
4.127175532940739570e-03
3.899170400074624017e-03
4.004361661542427293e-03
4.661584550120571359e-03
4.349544910240528243e-03
4.122775375550365509e-03
4.245464288362567340e-03
4.157344827848810653e-03
4.137138575102422555e-03
3.732597026453015818e-03
3.518958276057674098e-03
4.726942410938272596e-03
4.462553863267918267e-03
4.610225123653082478e-03
4.203462556682076127e-03
3.566703614051481164e-03
4.030258294192793495e-03
4.778234774870324282e-03
3.896320081445011317e-03
4.424588106399134427e-03
4.419796718923248331e-03
4.603794240850380901e-03
3.577753041378422746e-03
3.305741686938941989e-03
3.943495365061378682e-03
4.141870465354713718e-03
4.479841219557674156e-03
3.900966276781120227e-03
4.542188218056786124e-03
4.507109106800946154e-03
4.057758334203957762e-03
4.813949986160557387e-03
3.394876780092193330e-03
4.794422442449782114e-03
3.205209632753028021e-03
4.572857026317819068e-03
4.655759832894248128e-03
4.368940732419003894e-03
4.067433996931662729e-03
4.211479882514780615e-03
3.685396089796370497e-03
4.415470278061255777e-03
4.654274749140050252e-03
4.690949731483950481e-03
4.005405727075707009e-03
4.634480642702919380e-03
4.652621253362153320e-03
4.105382364538642630e-03
4.198794920114636009e-03
4.637974920354029536e-03
3.209954340796177842e-03
4.574849983594746206e-03
4.525360756707538616e-03
4.731794273735285411e-03
4.704413688412388897e-03
3.925778172209680970e-03
4.738212021861693338e-03
3.764331044458341623e-03
4.706638200413168667e-03
4.004926230725239927e-03
4.513029311495484787e-03
4.524434147624435167e-03
4.044967635188356780e-03
3.822804106813582677e-03
4.497170092646668102e-03
3.844287578189360156e-03
4.456363344293131842e-03
4.344674974852181376e-03
3.984495500262170455e-03
4.680506770247134379e-03
4.304840217889303704e-03
3.606229762319534612e-03
4.029144433147031391e-03
4.411913669567091821e-03
4.293072037643168304e-03
3.487755683938031145e-03
4.095407048175202236e-03
4.232391077641046648e-03
4.584447907550036165e-03
3.885159079910565152e-03
4.717490691420420448e-03
4.565614042578196134e-03
4.473548785941623349e-03
4.300506180054645619e-03
4.382459277653240684e-03
4.793986821119103348e-03
3.856065746669080398e-03
4.339327649674254092e-03
3.779572389064627443e-03
4.771300406752370521e-03
4.504325747523935108e-03
4.315596633705866096e-03
3.412745227823302772e-03
4.610216376376988917e-03
4.770634449798489413e-03
4.167691886068868728e-03
4.385239398635125754e-03
3.919326388267552544e-03
4.701988466203181789e-03
3.688973335131233433e-03
3.519596600412621366e-03
4.243189675491601531e-03
4.681526203764612044e-03
4.414516232112913365e-03
4.545997718884085478e-03
3.639289981605654811e-03
4.697264084249469854e-03
4.420847508148509700e-03
3.635222326502888981e-03
4.669120887551659466e-03
4.148054352408839934e-03
4.363583356243051423e-03
4.420220548266377489e-03
4.179350183051397903e-03
4.786365960046599401e-03
3.687234595665669305e-03
4.400584149339350701e-03
4.063870126802014010e-03
4.420723166816838655e-03
4.758412546887099033e-03
3.821550102042585700e-03
4.540937371475860587e-03
4.436611028991892247e-03
4.073375331109307246e-03
4.624757247634995148e-03
3.778084175223479519e-03
4.614459777789883289e-03
4.466393157264591032e-03
3.542378158677501800e-03
4.709108061759328598e-03
4.553482634005719641e-03
4.230259819140088327e-03
4.748434296371046789e-03
4.431600109416386490e-03
4.278847438772596934e-03
4.047840910654004060e-03
4.245295344348082658e-03
3.934762904225190885e-03
4.114220740903890353e-03
3.647109854789068028e-03
4.260011261550604271e-03
4.743471218927389210e-03
3.381352375624201677e-03
4.227914835639993985e-03
4.774744157377880729e-03
4.254797506978836782e-03
3.468808092776686815e-03
3.478038784025006078e-03
3.994427325222052461e-03
4.563324872935578536e-03
4.782412147576269555e-03
4.503700435098247599e-03
4.520070197728976585e-03
4.666337859592758520e-03
4.731189838681643459e-03
4.530709205975709530e-03
3.751541295275396745e-03
4.702244894199939310e-03
4.725123990304431684e-03
3.577601915687278304e-03
4.330716068055114575e-03
4.271736645325323496e-03
4.517762408469558344e-03
4.598777916648327628e-03
4.406605097137845581e-03
4.790009279191839373e-03
4.158689124429771310e-03
4.330836022497822416e-03
4.292749074981927135e-03
3.344792119485609852e-03
4.372085722840883884e-03
4.653883806376316566e-03
4.723939603447592159e-03
3.966552290479300261e-03
4.205201576652458847e-03
4.242065472763440967e-03
3.989693536756373608e-03
4.761730317446504455e-03
4.193134399108560707e-03
3.652518603124175166e-03
4.551504548595177585e-03
4.090838234845484492e-03
4.819050379039777066e-03
4.501140582747455154e-03
3.925778172209680970e-03
4.148779205238576143e-03
4.613103423500009709e-03
4.561682682666605600e-03
3.486074375028134012e-03
3.483368614459358970e-03
4.144330732926212665e-03
4.683972496125210147e-03
4.750291249893691913e-03
4.431769893548586151e-03
4.127030329711683584e-03
4.546199964640493252e-03
3.942084459332554844e-03
3.780983917766301237e-03
4.050840385404749777e-03
3.858748775782438242e-03
4.795913151763612700e-03
3.510819762641006862e-03
4.818993654809851888e-03
4.383838096115935667e-03
4.061797385727599838e-03
4.037543034995485017e-03
4.415782896863596450e-03
4.199993073825465661e-03
3.492030018235824009e-03
4.549463243987040759e-03
4.528644051268565854e-03
3.876939270456560178e-03
4.338095814144215731e-03
4.349794732143485304e-03
4.215457793934378888e-03
4.623575181864734637e-03
4.769278371860885025e-03
4.586139621448197951e-03
4.552652715609872489e-03
4.520729637004995867e-03
4.342617255714871158e-03
3.898585366787241623e-03
3.429335439989964103e-03
4.156745381377152833e-03
4.665245635895902063e-03
4.251144501017635469e-03
4.146705626554651573e-03
4.320550946338840882e-03
4.010506333930756798e-03
4.626460788845143494e-03
3.277721940756901133e-03
4.023053396834092021e-03
3.678642601383574212e-03
4.246462192173419865e-03
3.452065444453975181e-03
4.691677346400550605e-03
4.612649200511902137e-03
4.670590291805733728e-03
3.891515234550105805e-03
4.334119273473753184e-03
4.568036771520215047e-03
4.555703908978843072e-03
4.044073631781500838e-03
4.553597400114267613e-03
4.681133064850957586e-03
4.748019245932289314e-03
4.704588705244892866e-03
3.755241342469408175e-03
4.457735484292484583e-03
4.738476709313532535e-03
4.648669559852186550e-03
3.918845894478634184e-03
3.886172354479380114e-03
3.983565046109342582e-03
3.597690457508042911e-03
4.299884359551910291e-03
4.233352939864737374e-03
4.632959713821256306e-03
4.506206605852366119e-03
4.730540135561949779e-03
3.556883468254974558e-03
3.727366660896650093e-03
3.922530801470170206e-03
3.879715849153312929e-03
3.758961543677761131e-03
3.554879823524696725e-03
3.553574567723431950e-03
4.056746879237087614e-03
4.086510487450291731e-03
3.521424144913455363e-03
3.762925369718096279e-03
4.755059501028191873e-03
4.753742035575478364e-03
4.280252132050440042e-03
3.768442237613150829e-03
3.324762356564547189e-03
3.795725708468448197e-03
4.758498950804947690e-03
4.396951925444337987e-03
3.415642679294746305e-03
4.445351687160095482e-03
4.599113516711127170e-03
3.749400410446344836e-03
4.479301988215242045e-03
3.792463933814195498e-03
3.617753910041370414e-03
3.932873791549079678e-03
3.845142618271242974e-03
4.366397551448346348e-03
4.337813692043802731e-03
3.625858071126748620e-03
4.309144621641444045e-03
4.094196177854649010e-03
4.207483543330346569e-03
4.561408203207221318e-03
3.499818436664698783e-03
3.546953946216632216e-03
4.788733586699405083e-03
4.496943943195105126e-03
3.514874413047813263e-03
4.322937680596184232e-03
4.110389280117098670e-03
3.460796438911241044e-03
4.774560040039792404e-03
4.174921463431870844e-03
4.681767739017596124e-03
4.524614901576252610e-03
3.780983917766301237e-03
3.714798641510278984e-03
4.377461228966801274e-03
4.431134679359624746e-03
4.776219419220546249e-03
4.242402348407232904e-03
4.547974921426703801e-03
4.450859008213357663e-03
4.569486357884754157e-03
4.717828780182602849e-03
4.406483717984376047e-03
4.562079429272431971e-03
3.961785685072650304e-03
4.354584285878957545e-03
3.661255245178159437e-03
4.627825451199299618e-03
3.847928319323595803e-03
3.610044338989875420e-03
4.257348452028899763e-03
4.645045477194648803e-03
4.200398213539714709e-03
3.557765006043521645e-03
3.571143036962163512e-03
4.416758507819444277e-03
4.366265733504949738e-03
4.743023032193659921e-03
4.560759477600440266e-03
4.624837226200917938e-03
3.707608187309316319e-03
4.073986663650441820e-03
4.418522688926624330e-03
4.642100749243098685e-03
3.836627214994807987e-03
3.753450464120245897e-03
3.577601915687278304e-03
3.793904219908068171e-03
4.765812034427802102e-03
4.311480578010178262e-03
4.749867550673144735e-03
4.455657577448698253e-03
3.785704936989096533e-03
4.598704782748324824e-03
4.420723166816838655e-03
4.313517712317903666e-03
4.079956379751824638e-03
3.984920851365829700e-03
4.354288671497149113e-03
3.232628402064764272e-03
3.463442540276595767e-03
4.793986821119103348e-03
3.367190486617612898e-03
4.803836912415022573e-03
3.366911398047907778e-03
3.534412718754154081e-03
4.676436155557376836e-03
4.256812120747671853e-03
4.539260287747548701e-03
