3.066676882689370331e-03
3.030384550496759838e-03
3.052888445750623174e-03
3.036558781990311880e-03
2.936202649634154366e-03
3.061465005087949352e-03
3.009038094720651799e-03
3.037317191703126779e-03
3.024769234152015988e-03
3.005532472657800047e-03
3.032569158024858540e-03
3.047581122322659541e-03
3.054729786652528225e-03
3.067545880570289075e-03
3.044232952091392285e-03
3.057502347096969358e-03
3.055508337099718981e-03
3.022106289467334748e-03
3.017836664391648771e-03
3.015426511669017789e-03
3.054446631998813250e-03
3.014027650203910530e-03
3.053843449118060546e-03
2.996208728437608181e-03
2.999948860258143911e-03
3.045836075193458781e-03
3.037532173803479327e-03
3.054451343320309809e-03
3.038546653791371777e-03
3.041929596006213207e-03
3.050290886447864537e-03
3.041342232951882007e-03
3.039409485547641017e-03
3.022459858122872149e-03
3.068664005003420014e-03
3.057372969559300074e-03
3.025189336645379284e-03
3.058146129767918935e-03
3.039334592986666153e-03
3.068786146973079970e-03
3.044872679289808114e-03
3.062613632298759846e-03
3.053281847240746014e-03
3.041135580405255473e-03
3.058629389159753676e-03
3.049366072679529464e-03
3.060654558834150721e-03
3.043097461938661617e-03
3.069143255120395167e-03
3.062634296816522158e-03
3.070718121969640176e-03
3.028821663069143112e-03
3.005391775123658887e-03
3.007534494988156441e-03
3.053205693366816027e-03
2.987904307359624291e-03
3.060002090261621996e-03
3.002459359476717347e-03
3.048469133849111314e-03
3.060872852364771718e-03
3.058480832528681116e-03
3.070557419689247565e-03
3.070229655432279905e-03
3.030858885040740337e-03
3.058900418164732255e-03
3.021841463989241063e-03
3.057669632406528025e-03
2.985636757634891301e-03
3.068648684730514685e-03
3.027525758048425775e-03
3.013448906223930267e-03
3.060674117863327812e-03
3.002081304714003789e-03
3.029120795720179147e-03
3.019262512742971333e-03
3.057535070709787098e-03
2.993391945979471599e-03
3.047406814672298271e-03
3.048160461623782014e-03
3.010539022719659497e-03
3.050653590393477121e-03
3.053943723299523075e-03
3.035645670415726416e-03
3.053256441817350352e-03
3.048914345199057498e-03
3.068440407654728520e-03
3.015125137344610087e-03
2.990233057136362609e-03
3.040802374509187986e-03
3.054235786771718718e-03
3.060404970850948755e-03
3.055669371765310383e-03
3.060715714784301503e-03
3.057087405872471048e-03
3.005308174997391515e-03
2.988977424507400019e-03
3.055994665339915786e-03
3.061102566344271400e-03
3.042450152647917239e-03
2.991233212574561512e-03
3.028171650546790123e-03
3.035233778632928994e-03
3.055338222887471391e-03
3.005440779841813369e-03
3.062967156482489066e-03
3.062422601329652279e-03
3.046142538345560785e-03
3.025724094070185270e-03
3.047785462035546879e-03
3.059082219688910587e-03
3.054446631998813250e-03
3.020863805732432964e-03
3.051755363189542422e-03
3.039401965891893979e-03
3.028346604838327329e-03
3.068693824488546822e-03
3.059118999054398665e-03
3.034613394496240169e-03
3.057207792750853831e-03
2.995835566297628226e-03
3.061891698960288264e-03
3.003897111073228036e-03
3.068121201709010214e-03
3.008601605851179191e-03
3.056524922804395965e-03
3.055559571302463029e-03
3.041184776724933231e-03
3.008032924475993047e-03
3.041230099425986343e-03
2.992836530613962077e-03
3.038054737210508886e-03
3.034572504075638572e-03
3.053147613204339281e-03
3.056106313566210597e-03
3.044782345684628709e-03
3.002902955077170997e-03
3.048507140452799344e-03
2.990233057136362609e-03
3.056224712543881283e-03
3.020155248937230266e-03
3.067550745868210561e-03
3.025147613442043856e-03
3.067098968936982605e-03
3.002874207662475751e-03
3.043044986474723046e-03
3.015105010525243566e-03
2.990233057136362609e-03
3.043667960201472053e-03
3.067175326736780103e-03
3.021135828550325451e-03
3.060157776210105721e-03
3.056350734286965212e-03
3.071248095816591153e-03
3.071161844894161348e-03
3.061172904472524679e-03
3.043642844008802133e-03
3.061335726098573726e-03
3.047409277813119786e-03
2.993894236398347494e-03
3.020242582549383537e-03
2.982788379008775859e-03
3.041862442895846511e-03
3.058050948132126287e-03
3.036463858080517761e-03
3.033898134276589130e-03
3.053136194604197905e-03
3.048653388070345950e-03
3.034742320216927622e-03
3.050897147029673923e-03
2.945659149912039157e-03
3.065239625980791492e-03
3.037913022331147940e-03
3.059216968479843216e-03
3.021449208477558837e-03
3.042807177901794662e-03
3.028551106253938360e-03
3.051319109972235565e-03
3.067551172118115725e-03
3.063062458626606820e-03
3.030753988796706586e-03
3.026770264672164201e-03
3.058832879236930702e-03
3.071184723180414231e-03
3.047114573462095591e-03
3.041258454178982426e-03
3.034589149772035782e-03
2.950307536231286474e-03
3.068311459136875870e-03
3.035401102091311171e-03
3.063836763638948420e-03
3.053332699892911603e-03
3.064128295170260793e-03
3.038451742891204455e-03
3.063649583472424776e-03
3.039969746597444029e-03
3.052115860051637323e-03
3.061288245312013875e-03
3.068056367396279193e-03
3.013669802659674039e-03
3.053314002485188819e-03
3.069344408979372829e-03
3.059296565026545060e-03
3.038274236080232716e-03
3.051906443317667361e-03
3.066576900103400779e-03
3.030400058899478544e-03
3.054585113397965783e-03
3.043268664897743649e-03
3.039334592986666153e-03
3.066279157247209924e-03
3.005800776747326059e-03
3.063938131106930425e-03
3.050197938318919243e-03
3.015780765530268106e-03
3.046063361017977561e-03
3.068691875711073228e-03
3.058007638800169618e-03
3.066802056735071919e-03
3.051233345723111147e-03
3.009938121034437877e-03
3.033783486087389923e-03
3.038149493746984675e-03
3.008048564120896842e-03
3.058629389159753676e-03
3.039966187954181148e-03
3.039002880278866142e-03
2.985645832076237217e-03
3.047423841434403549e-03
3.066487936893434046e-03
2.985357301023102827e-03
3.000085551743351953e-03
2.999740235926210731e-03
3.042613529096624587e-03
3.033520121809370369e-03
3.040749084396731933e-03
3.035401102091311171e-03
3.066449651146771656e-03
3.069110112138435584e-03
3.057105922001763197e-03
3.043209063690048739e-03
3.068589214133229416e-03
3.043759999859241457e-03
3.066318603348662866e-03
3.013269676375233876e-03
3.066771575250572691e-03
3.038885224527280299e-03
3.055606843826877937e-03
3.026082613795947045e-03
3.029662888153389182e-03
3.042657080913271569e-03
3.062218149282028810e-03
3.044369234522024958e-03
3.045553250011182652e-03
3.050797508668499740e-03
3.052835646961973414e-03
3.041965885654909427e-03
3.067015078132893577e-03
3.035332319146589325e-03
3.048636193322210204e-03
3.014674399807647665e-03
3.066636682159742076e-03
3.053765306408624119e-03
3.031938544170158234e-03
3.041754179592218079e-03
3.063661888380033241e-03
3.021936923238857133e-03
3.043474477513831433e-03
3.049656411694755091e-03
3.061307365771813969e-03
3.004027879957757528e-03
3.067544496202576597e-03
3.060404970850948755e-03
3.066409614164643162e-03
3.022567160053528899e-03
3.034895225912689724e-03
3.061113717315287752e-03
3.039353281165329580e-03
3.046384649214770556e-03
3.013599258790151253e-03
3.064225972763541007e-03
3.070405107740327520e-03
3.046682260099827736e-03
3.036903758791502372e-03
3.001016632658904011e-03
3.024494235604946978e-03
3.056811543459590254e-03
3.041389392616286082e-03
3.039287719789879501e-03
2.987014897413365917e-03
3.000714752496858040e-03
3.011970890338382112e-03
3.056227427383702983e-03
3.012370244095396131e-03
3.071208339759423471e-03
3.022363786161006219e-03
3.032653366788842959e-03
3.035594989612094927e-03
3.014674184440130009e-03
3.045112015636028922e-03
3.036285067305966468e-03
3.056930016430902883e-03
3.058722350825552466e-03
2.975832866347452414e-03
3.050929691753925810e-03
3.061355994551293730e-03
3.047145811887265118e-03
3.063901518608370608e-03
3.050895513115655083e-03
3.044084067183498200e-03
3.027438522798706587e-03
3.012209298236072190e-03
3.066128344939598582e-03
3.070189436879001803e-03
3.069077960523487053e-03
3.070171369727514241e-03
3.025680808179168329e-03
3.061190850430605803e-03
3.033700774692252907e-03
2.976804614168941827e-03
3.051821176051149921e-03
3.040362843538602696e-03
3.001136569025282790e-03
3.006498363984455233e-03
3.055575406204062618e-03
3.020190440572551385e-03
3.000726059269794369e-03
3.071562613893143688e-03
3.015655544052512141e-03
3.062799246803500110e-03
2.989040178359357765e-03
3.013106139546266674e-03
2.980026157026890391e-03
3.010779343932287050e-03
3.024109352822928511e-03
3.048221013904745241e-03
3.019220915000676332e-03
3.006867051675126724e-03
3.023032344059403513e-03
3.037894127164997033e-03
3.067587726435776641e-03
3.001136569025282790e-03
3.043013466572384255e-03
3.060546739157127792e-03
3.070616222706311696e-03
3.017722745189683857e-03
3.060004041186643355e-03
3.069774137934762077e-03
3.047675561395147073e-03
3.051200321318931971e-03
2.989040178359357765e-03
3.008645753413580551e-03
3.028874464057901457e-03
3.044341698498866274e-03
3.063536681553438636e-03
3.031687230767841391e-03
3.008048564120896842e-03
3.047406814672298271e-03
3.061356819688452850e-03
3.036645198724775927e-03
3.025787583687479694e-03
3.025779349957872719e-03
3.033009550712724260e-03
3.034158905190112443e-03
3.015855793665328348e-03
3.050226398642771203e-03
3.065400646833189250e-03
3.008584673891379242e-03
3.065736438917994293e-03
3.035636340970676150e-03
3.039928507704913602e-03
2.999093271924067015e-03
3.057429416278970892e-03
3.065505856107733802e-03
3.032978609615406308e-03
3.021426923998364600e-03
3.008835737525266188e-03
3.066727528305717744e-03
3.070249067483174152e-03
3.002717945216107007e-03
3.055063909988340112e-03
3.069539591600489552e-03
3.019134477868406444e-03
3.068480570541446285e-03
3.032882502666838474e-03
2.998362485716871313e-03
3.011118380095200234e-03
3.065374535584159538e-03
3.033897139694669703e-03
2.982932230007771281e-03
3.051465039761151569e-03
3.057994712988111770e-03
3.055670666251717339e-03
3.068564915194951694e-03
3.032978609615406308e-03
3.066122922620449342e-03
3.046122185901695145e-03
3.071575174766882389e-03
3.051139785860537690e-03
3.045450834624724261e-03
3.031935228322746919e-03
3.029079587377375097e-03
3.067240348604810540e-03
3.070899273072018321e-03
3.008241983006211626e-03
3.042587332958522107e-03
3.070668169694167927e-03
3.043781850399233414e-03
2.981290441035028532e-03
3.057292772237029180e-03
3.052533392549539384e-03
3.011309070206829707e-03
3.037795937521471298e-03
3.060939079499838070e-03
3.024039735214228107e-03
3.071027600213787571e-03
3.063452045516023604e-03
3.070889420751778294e-03
3.038632429661222711e-03
3.060809701763158707e-03
3.056863978047300208e-03
3.048297421292723956e-03
3.004867351934631219e-03
3.045264199242813871e-03
3.018379699919031441e-03
3.022116523586706148e-03
3.038679067388645738e-03
2.995422554924478953e-03
3.031822712033266538e-03
3.038248653280221489e-03
2.980426525700941541e-03
2.992746166813025320e-03
3.066872782972750004e-03
3.008048564120896842e-03
3.024706779151866559e-03
3.040405118597019722e-03
3.038448595078646966e-03
3.033700774692252907e-03
3.039176759301365910e-03
3.032774920602639493e-03
3.071373645003563219e-03
3.041351583575929197e-03
3.056737932825260087e-03
3.017128983200177521e-03
3.068662945562444528e-03
2.993205777727540439e-03
3.069093533146113363e-03
3.069551694589771340e-03
3.062454639251189353e-03
3.039334592986666153e-03
3.022874994884673823e-03
3.030868458650635630e-03
3.047490510137407932e-03
2.997253300524541954e-03
3.065347109048594323e-03
2.998542310446839117e-03
3.058431218011103438e-03
3.033486504399897019e-03
3.023138643807102548e-03
3.011080793982832786e-03
3.017186496989938613e-03
3.060840410952555841e-03
3.031876146708560853e-03
3.025350009381754489e-03
3.054446631998813250e-03
3.050187914615924440e-03
3.054839526305569604e-03
3.064657134316517255e-03
3.043740619877313182e-03
3.016269988097005500e-03
3.046801230312604948e-03
3.050870575702868855e-03
3.039196976275905689e-03
3.068791685145380067e-03
3.037077487389818614e-03
2.993624985796476852e-03
3.040464472664317942e-03
3.028352731341489752e-03
3.044236124528899422e-03
3.063090372556745520e-03
3.024535481094653769e-03
3.068645571868183070e-03
3.041255320306185742e-03
3.019463323433409403e-03
2.993391945979471599e-03
3.019860026474182734e-03
2.971597005721750631e-03
3.035770617835257916e-03
3.023407173028696063e-03
3.069076409036301800e-03
3.055288792230298478e-03
3.051708620765277487e-03
3.051551207192149291e-03
3.054446631998813250e-03
3.049096218756681444e-03
2.994091463916204870e-03
3.026082613795947045e-03
3.070538078108748896e-03
3.017310730442432278e-03
3.006865466704867085e-03
3.003239949774820852e-03
3.017314901408738557e-03
3.051836164640679173e-03
3.008048564120896842e-03
3.034926185251667595e-03
3.004692051311338204e-03
3.066712518355532626e-03
3.034747701746531509e-03
2.977481427932724550e-03
3.050530650896873808e-03
3.030657279139054722e-03
3.034508122993640009e-03
3.070073312171956673e-03
3.034597718045196207e-03
3.000782804941380926e-03
3.054016097926498183e-03
3.025483472871853905e-03
3.066065796558446136e-03
3.032792612485604201e-03
3.040875047560961421e-03
3.009541809340896511e-03
3.046357119325071063e-03
3.031770967640139494e-03
3.068033272636195262e-03
3.049323225545751831e-03
3.044325787040784610e-03
3.049350613740656104e-03
3.040812250595577651e-03
2.995344778968309606e-03
3.065422151322915942e-03
3.031080308200734697e-03
3.052405263722947348e-03
3.035218089985557317e-03
3.025118343282691587e-03
3.055533588946385617e-03
3.040717181322285384e-03
3.064775811552860121e-03
3.024286982620949180e-03
3.023721161814970759e-03
3.036384049118032169e-03
3.057703102544359879e-03
3.051708620765277487e-03
2.997852202642908165e-03
3.065677101412558198e-03
3.022815467849692024e-03
3.029409040353069679e-03
3.018688266836053093e-03
3.061506895426569994e-03
3.057679969535430885e-03
3.061288245312013875e-03
3.011203334856899644e-03
3.061406238164666831e-03
3.036328071143727658e-03
2.978220877876966172e-03
3.019106634281938303e-03
3.049181046320553062e-03
3.001373123138037415e-03
3.057207792750853831e-03
3.041237311066747467e-03
3.042456087046319611e-03
3.009852242599297782e-03
3.067214335664686983e-03
3.012209298236072190e-03
2.965110782769555739e-03
3.013626597696841391e-03
3.066981206656472191e-03
3.057578783632184348e-03
3.055509971175001619e-03
3.027231411117657298e-03
3.064355579982919273e-03
3.015032066973591992e-03
3.054120496213613613e-03
3.059735243906567745e-03
2.978220877876966172e-03
3.027840724076531764e-03
3.061603368522501124e-03
3.037893411614892188e-03
3.041230099425986343e-03
2.993460735154412043e-03
3.041839954370639983e-03
3.019758074044499255e-03
3.054558792581152371e-03
3.023758050244896439e-03
3.031771704699346131e-03
3.069800983411070158e-03
3.027419894487616732e-03
2.978220877876966172e-03
3.063777503407808661e-03
3.027017750723712264e-03
3.061924202342590322e-03
3.051187115950819602e-03
3.063165563217235942e-03
3.041230099425986343e-03
3.022051171836799555e-03
3.035846927157430288e-03
3.054235786771718718e-03
3.012330775893634627e-03
3.069532714153170878e-03
3.008955616145097840e-03
3.068385928041480332e-03
3.067024180580807911e-03
3.061886806716367093e-03
3.054446631998813250e-03
3.061399788425300545e-03
3.070234142097026664e-03
3.015672812848882445e-03
3.038863791302186257e-03
3.034513431728054749e-03
3.048548149242414750e-03
3.047486098262019473e-03
3.066462240149599259e-03
3.061047072441057827e-03
3.009979859481140205e-03
3.063151768620700141e-03
2.975257580193996394e-03
2.986348537553393939e-03
3.022503548548034855e-03
3.042678658791096377e-03
3.038984971575542891e-03
3.050759908186607625e-03
3.066045433662163786e-03
3.039409485547641017e-03
3.032882502666838474e-03
3.053119513184660537e-03
3.014674399807647665e-03
3.008387727822908232e-03
3.058998608888686705e-03
3.067791628640583433e-03
3.021815015601559285e-03
3.027547279540056258e-03
2.997068415947852851e-03
3.068502541249713313e-03
2.943880468438997075e-03
3.015639900612421959e-03
3.023167601884334255e-03
3.040992869480769675e-03
3.036888276488986828e-03
3.040924005159987425e-03
3.053402416165608250e-03
3.058873053817629320e-03
3.069514654943233944e-03
3.071562558265612461e-03
3.062393548623853004e-03
3.038451742891204455e-03
3.018951169742376157e-03
3.058660966902917479e-03
3.042295210988774611e-03
3.061172904472524679e-03
3.053534808927412143e-03
3.052613091720937730e-03
2.971765972795636923e-03
3.020697211616464074e-03
2.993598584064738072e-03
3.045424493053702601e-03
2.996152657146806345e-03
3.039101809853063732e-03
3.030529110964301671e-03
3.050587991610560160e-03
3.030528146389864855e-03
3.050515073323913518e-03
3.021958618761128208e-03
3.029547123252630814e-03
3.070985242546744876e-03
3.008048564120896842e-03
3.021936695473098622e-03
2.995422554924478953e-03
2.995124962990059706e-03
3.021958618761128208e-03
3.032495256934157179e-03
3.055748646249411248e-03
3.018740686332856225e-03
3.067725450779433191e-03
2.993264118902173518e-03
3.071482169885334478e-03
3.067263638095910940e-03
3.042884127334795526e-03
3.050058680350148203e-03
3.005233321585828662e-03
3.057567477183803506e-03
3.059021620376866507e-03
3.063469975769041176e-03
3.032170843186895136e-03
3.007822984677146518e-03
2.983337515637919483e-03
3.030656248323844622e-03
3.022610981351543658e-03
3.021306161016071648e-03
3.024712110411522520e-03
3.062719367862592589e-03
3.050651216030977539e-03
3.039105566837155617e-03
3.052796950997999081e-03
3.020959858397069282e-03
3.065344775274014052e-03
3.052131013128592425e-03
3.054830912883180639e-03
3.068883215748919278e-03
3.028523684606966582e-03
3.035068580328632512e-03
3.048527729503880575e-03
3.051205548441887801e-03
3.041260572634011013e-03
3.025616857554444192e-03
3.013626597696841391e-03
3.032978609615406308e-03
3.020137703386072906e-03
3.065580155526178782e-03
3.031883078967330045e-03
3.052343648239664968e-03
3.028551106253938360e-03
3.058747814685624632e-03
3.050831878549979670e-03
3.046189723581335836e-03
3.039384077597190835e-03
3.046349258298087191e-03
3.032595929642102790e-03
3.041230099425986343e-03
2.975844186420002323e-03
3.067372510108135487e-03
3.007232498893325830e-03
3.061681288285753900e-03
3.001187939575908174e-03
3.051421787635467172e-03
3.071282820258872375e-03
3.065798982494212510e-03
3.006026644132861816e-03
3.027972237632972630e-03
3.066576900103400779e-03
2.995541414534036440e-03
3.062553456155202997e-03
3.034066985230714046e-03
2.975606929615844803e-03
3.043532391407458362e-03
3.022686502003521340e-03
3.039185368437434878e-03
3.069387673070496717e-03
3.060442765457072750e-03
2.998427540790706176e-03
3.058441848162297624e-03
3.069339957992734975e-03
2.968935538246375225e-03
3.021690217192257721e-03
3.049424311524420207e-03
3.054446631998813250e-03
3.065344775274014052e-03
3.038001411444429551e-03
2.978220877876966172e-03
3.054871064234028922e-03
3.064594671743812396e-03
3.039334592986666153e-03
2.993162629207173943e-03
3.011021917162799277e-03
3.034777185503291334e-03
3.043763453665387052e-03
3.017403218548240368e-03
3.069892432367247754e-03
3.040127836949882770e-03
3.030311910242648125e-03
3.071429807406675025e-03
2.992360986532921225e-03
3.059347023710738689e-03
3.055351143769006669e-03
3.007533485420104021e-03
2.984306185786247435e-03
3.059614078548118093e-03
3.021723217414553839e-03
3.040928928093716930e-03
3.018396339368058408e-03
2.993162629207173943e-03
3.041009323096071498e-03
3.017589654506235876e-03
2.951066064600777004e-03
3.048552074652515018e-03
3.040689113199658046e-03
3.042708209859858962e-03
3.041853286078056821e-03
3.045312930867120904e-03
3.045299803212319148e-03
3.034345066817264319e-03
3.069606764963929771e-03
3.067028130171005340e-03
3.061383660967999937e-03
3.032431918319936082e-03
3.050588206296923465e-03
3.045242012449847664e-03
3.054940263172941685e-03
2.989040178359357765e-03
2.995784443561996628e-03
2.996867671634770650e-03
3.036581311712421936e-03
3.068675724319239878e-03
3.059755139308820062e-03
3.064969924865682156e-03
3.024416509464663422e-03
3.037742006155759455e-03
3.058879045129681701e-03
3.032475452811943077e-03
3.032536711593378145e-03
3.022390682634838212e-03
3.043971371930930848e-03
3.045863798150861158e-03
3.011591221712704713e-03
3.054291210139849742e-03
2.948101973234420851e-03
3.034684089019771755e-03
3.035401102091311171e-03
3.044965170419760073e-03
2.990126149280274842e-03
3.054792690429955580e-03
3.009994488682863917e-03
3.043430857546991497e-03
3.036869295803379821e-03
3.054446631998813250e-03
3.059377399926659774e-03
3.041860616879857489e-03
3.059220498032593112e-03
3.015912429855008292e-03
3.032285767637536884e-03
3.061897923344648192e-03
3.046503917852286681e-03
3.058008988774956957e-03
3.047248460073601409e-03
3.024594792353783954e-03
3.045424493053702601e-03
3.036022593183796553e-03
3.057431911180984608e-03
2.999020299690698284e-03
3.048941908288096102e-03
3.044705168739897903e-03
3.036363901526985265e-03
3.029193097998728827e-03
3.053857653126044232e-03
3.014175833167572708e-03
3.017722745189683857e-03
3.062731057676629925e-03
3.066662446506102872e-03
3.046161447368056149e-03
3.031664118800673179e-03
3.053177737424447695e-03
3.034344229871410552e-03
3.051497349735872444e-03
3.026595099734013562e-03
3.014209863478063689e-03
3.047151241891744161e-03
3.031883078967330045e-03
3.053768303465995496e-03
3.021665051319701728e-03
3.029214814258195283e-03
3.016848931779238761e-03
3.032851960597976199e-03
3.060514918963006675e-03
2.995443031129357749e-03
3.017765920762425884e-03
3.068731529502536325e-03
3.069012471069961986e-03
3.012877760901612294e-03
3.048295137991695672e-03
3.044175517859445089e-03
3.022956049499172810e-03
3.031662575431768279e-03
3.016779343708191931e-03
3.052793683848100369e-03
3.054446631998813250e-03
3.027855518507214030e-03
3.055268645145524549e-03
2.970580149781703542e-03
2.995124962990059706e-03
3.050870575702868855e-03
3.059603513584480215e-03
2.990233057136362609e-03
3.005338675303215017e-03
3.016395906354204202e-03
3.048297421292723956e-03
3.011962742343688229e-03
3.047966293312641146e-03
3.052066058839250726e-03
3.066654022266742524e-03
2.978220877876966172e-03
3.021943347625779749e-03
2.992161401340426730e-03
3.046422858010078803e-03
3.008645753413580551e-03
3.024594792353783954e-03
3.045605750546022741e-03
3.023544869941099597e-03
3.052004491674030137e-03
3.066959394495742675e-03
3.040236730874168458e-03
3.056224552709922715e-03
3.041230099425986343e-03
3.050997110255102528e-03
3.055670666251717339e-03
3.058480832528681116e-03
3.025397759735535749e-03
3.051448811419754745e-03
3.064845400627217234e-03
3.065580155526178782e-03
2.978051452375861385e-03
3.036148009890562560e-03
3.014674399807647665e-03
3.008241983006211626e-03
3.025456222097024084e-03
3.049427296098763951e-03
3.027410055982910058e-03
3.061465005087949352e-03
3.021958618761128208e-03
2.990233057136362609e-03
3.057621771431652882e-03
2.990657056361047637e-03
3.069487593119171048e-03
3.058352502505696201e-03
3.061230384075680835e-03
3.067118749337089528e-03
3.021930483154043178e-03
3.040028709351093664e-03
2.982027578668011020e-03
3.054414545425180802e-03
3.021094505892714648e-03
3.050283980121339111e-03
3.046359503773502300e-03
3.030289870896311910e-03
3.070178941599738948e-03
3.044449781329172655e-03
3.055214424220780572e-03
2.983153502874692081e-03
2.957209574410661970e-03
3.039287719789879501e-03
3.051395025010890209e-03
3.018961830431431646e-03
3.064769413306609597e-03
3.038664374151674868e-03
3.006914100886031588e-03
3.058050948132126287e-03
2.971594075287926646e-03
3.059791464235751476e-03
3.062475324843758930e-03
3.029549701503320581e-03
3.070829008257944422e-03
2.992823888779984863e-03
3.019803660173813777e-03
3.053634129615054316e-03
3.061482813828410830e-03
3.039409485547641017e-03
3.022776407141251290e-03
2.981331335053958795e-03
3.030305548486637683e-03
3.023510843389035779e-03
3.062850147302627335e-03
3.018933333577694667e-03
2.989040178359357765e-03
3.053591624889885527e-03
3.060228066237010575e-03
3.068571767089142612e-03
3.057848077768179212e-03
3.064969924865682156e-03
3.043084421978576801e-03
3.065603102775854311e-03
3.043849787686521858e-03
3.042560471598247142e-03
3.029372104817695116e-03
3.048733884070801460e-03
3.026055156212140163e-03
3.063728547310230928e-03
3.024570036350966371e-03
3.065080777457184109e-03
3.018027506447847584e-03
2.990233057136362609e-03
3.070280516540135202e-03
3.023146512761805231e-03
3.054308582629150157e-03
3.037196150871094083e-03
3.048011332569301301e-03
3.053222556369945741e-03
3.066908111248158823e-03
3.034417410722960173e-03
2.965779916748118375e-03
3.051004787277942880e-03
3.037958676758169361e-03
2.999351006780076861e-03
3.031568645702235713e-03
3.053015263953525772e-03
3.013004604208660217e-03
3.063018962456559580e-03
3.068748942475491796e-03
3.006687454145487784e-03
3.058647176589647694e-03
3.023338820045135510e-03
3.066288955293631872e-03
3.034066985230714046e-03
3.041095957550563750e-03
3.060872852364771718e-03
3.030129569619676409e-03
3.064807318932225369e-03
3.064557800956885757e-03
3.041098878146847664e-03
3.058174420500708781e-03
3.026549451967787754e-03
3.068222195223401470e-03
3.052392324206977363e-03
3.024132641606429132e-03
3.043498296720625884e-03
