1.870727982833044617e-02
3.491145927643769103e-02
3.579571550505780686e-02
1.494652420945972136e-02
2.533141646079446752e-02
4.229863434772340725e-02
1.808847300445189793e-02
3.166057547823453167e-02
1.232126862660603943e-02
2.896277591353588893e-02
2.848751323656316045e-02
2.600833969895949283e-02
1.851709610860699518e-02
4.241829234138003168e-02
3.960027546332736681e-02
3.091612797525858727e-02
2.818448373922253711e-02
1.209876588419921649e-02
1.068680790353839991e-02
3.203195341552408232e-02
4.060487339676328855e-02
2.475628334506617401e-02
1.010033565213762016e-02
2.852591226316159023e-02
4.104717235515132484e-02
4.118373922943525250e-02
3.046908248277487019e-02
3.629196316246165871e-02
3.578607349754100303e-02
3.305645195105691436e-02
2.405218431046673641e-02
4.175735146804541997e-02
3.437329192274003048e-02
4.165421675515788152e-02
3.532484618212847205e-02
2.083190223073400071e-02
3.328127503201139259e-02
3.398637506810726905e-02
2.932418037624037049e-02
1.086555765658223961e-02
4.028211307731286578e-02
2.597150821584165437e-02
9.543496876294643022e-03
2.613206963780765127e-02
4.259572562421534703e-02
1.896535002579095158e-02
4.007081733318530736e-02
3.927349823307116350e-02
4.071375883350559360e-02
3.469794087308373381e-02
3.800090568860722828e-02
2.804982422608447157e-02
3.557084416649332337e-02
2.913679608824635420e-02
3.384930343484016807e-02
8.300434348923309280e-03
4.092161422896340578e-02
4.000454044937519493e-02
4.086176511056033300e-02
2.595776383811822241e-02
3.987484681587444291e-02
3.414991545065702849e-02
4.055354295026112471e-02
2.399339289230113803e-02
1.260903314773538161e-02
4.261719233360227593e-02
3.315029410866310311e-02
3.574733872092640541e-02
2.372972835026363608e-02
2.159316758201308695e-02
2.584614919676548467e-02
3.789251278327222111e-02
4.216617318400556202e-02
4.148339417444715099e-02
4.075707775497242058e-02
1.116038606939007485e-02
3.974981685764993056e-02
2.809336124878024366e-02
1.363630343593805888e-02
2.352603123836404658e-02
2.755051670782297790e-02
3.427801973405695396e-02
2.755545543085532317e-02
3.500063791048246831e-02
3.787086052181438955e-02
3.608294385850456532e-02
3.401772439203584047e-02
3.925744860005170311e-02
3.898477404298642673e-02
3.684820929797009981e-02
2.980970378090747400e-02
1.607962901833947383e-02
3.925713451162724660e-02
1.334809898565405932e-02
3.994799026829816413e-02
1.562990617262676601e-02
4.132492316742972238e-02
4.149097694526424074e-02
1.746577987269444174e-02
3.422082595687995360e-02
3.629081715106707851e-02
2.104941358708276380e-02
3.920596780437906465e-02
3.598686746492735233e-02
4.030310772078002368e-02
2.171683349014134554e-02
3.469908921838793514e-02
3.098569539106088913e-02
4.179382686133996383e-02
3.610856681083190328e-02
3.278508720349990885e-02
2.405825629003600225e-02
2.920617310031606989e-02
3.545740462726974795e-02
3.777367322273963990e-02
3.629532488634268361e-02
3.441001743924596706e-02
2.956697087362844187e-02
2.894757693643064747e-02
3.484225882049495765e-02
3.909408849748134684e-02
3.569836594033354293e-02
3.666380081400832935e-02
3.956790593701255132e-02
1.777749727479689679e-02
4.154266926274660654e-02
2.987019629647524183e-02
3.434372202790935552e-02
3.448264614725744803e-02
2.962962011645457749e-02
1.379093875019707892e-02
2.903901446879693718e-02
3.410949569575210533e-02
4.031715443435933410e-02
3.798794420759916968e-02
2.326104665659954607e-02
3.305371669850074717e-02
3.866997744729572251e-02
4.281000634686643602e-02
2.262115750416764798e-02
2.149253216599327984e-02
1.807966145206151010e-02
2.837164953302217726e-02
3.209022127822541703e-02
3.933058050086595675e-02
2.502152736845474068e-02
1.385710417661540315e-02
3.429260032956062132e-02
3.964589050837648287e-02
3.378426628337927867e-02
3.012825410073085436e-02
2.974453041182198790e-02
4.292183261730438820e-02
1.680590245269038274e-02
2.440866603935881382e-02
2.106745709346102835e-02
3.552589352525635513e-02
4.051581407124969780e-02
2.664833800401916405e-02
3.566554984164341940e-02
2.898423526835561606e-02
8.234069593524141403e-03
2.930139486704915266e-02
3.279173043878334803e-02
1.246066578437351677e-02
7.320297068397857605e-03
2.905482419696502755e-02
3.984920904933787755e-02
3.322521588085201871e-02
2.776288939079163409e-02
3.970500699131136041e-02
1.968227037077584576e-02
3.485453810110022282e-02
3.169847366871419991e-02
3.098619744458540673e-02
3.881893419148126773e-02
1.000181786965145120e-02
3.523883372467140340e-02
3.422974910426523909e-02
3.566459933098268392e-02
9.540791844203349442e-03
3.810890032354861956e-02
4.253684866299543149e-02
2.840797922675226267e-02
1.064936913236629035e-02
3.532663246278749253e-02
2.081991889627652498e-02
2.088240337881403300e-02
3.363477775862082353e-02
3.437492014073453145e-02
3.243747373234630305e-02
2.547730056704553686e-02
2.430849877003693829e-02
1.511559897844517650e-02
8.151229953499899983e-03
2.016551959658027804e-02
3.965408612738047234e-02
2.209101516076303687e-02
2.766870022743258065e-02
1.705963525820542934e-02
2.920322176559343036e-02
2.714998193175759481e-02
1.307843581597286503e-02
2.471503805110734919e-02
2.150912249214877517e-02
4.220951661524823678e-02
3.128409611536867030e-02
2.725303564105722304e-02
1.020784822610359965e-02
2.829547518216060653e-02
2.228294492180801084e-02
2.596062172615761290e-02
3.890761797317872361e-02
2.324914971490395915e-02
2.350063110797594862e-02
1.269273213245264778e-02
3.654525884480810255e-02
2.406376073883431665e-02
3.864963780368246837e-02
2.815906794264096819e-02
2.677096415065552751e-02
3.582596256292282927e-02
3.103735009123948646e-02
3.790962966262526740e-02
3.654863442646303501e-02
1.145156454072874565e-02
3.866533564198796485e-02
3.777982410857900347e-02
1.112781479404633886e-02
3.773577116623012817e-02
3.663302015936009681e-02
4.104078934547349122e-02
1.086261734570417858e-02
4.118223138921263404e-02
3.709671396969156654e-02
2.592999947005059092e-02
4.305743111695607001e-02
4.227682798007558612e-02
3.078194592711638866e-02
1.701505328102307507e-02
1.062358614481662307e-02
2.166110284863769636e-02
3.969889654930145589e-02
4.037725392503699329e-02
3.472767503577605525e-02
6.398552725116168557e-03
1.699956169627737587e-02
2.364536946633893216e-02
2.624444182888933594e-02
2.222453246850176686e-02
3.889417361394270634e-02
1.150516561784586250e-02
3.263265062557992729e-02
3.175147545176693759e-02
3.395220543008053982e-02
3.613063710280202401e-02
3.403926987577884228e-02
3.705479787968482541e-02
3.222191454265577182e-02
3.204602256839265972e-02
1.355333854106796979e-02
1.978356012902127148e-02
4.194305152974681788e-02
3.298916767432978625e-02
8.725340812986127903e-03
3.884781820138835662e-02
1.089616112969876011e-02
4.011505037191013395e-02
3.075115698401057612e-02
2.525755007471748581e-02
4.019448915128415872e-02
2.797586720598232296e-02
2.649423248029643060e-02
3.751036852475866240e-02
2.266701874817735052e-02
2.545208960583514660e-02
3.963639898445322357e-02
3.053490716554910916e-02
4.217326344343676203e-02
2.590269255997458900e-02
3.043779909705651016e-02
2.811494126103217944e-02
2.694324090052948109e-02
2.633646737288503070e-02
2.797121124805666825e-02
3.384103214771969070e-02
2.498037973801605499e-02
4.189446740169542466e-02
8.458027431426937484e-03
3.107842530864189656e-02
2.941423533735269130e-02
8.671253207361928270e-03
3.840289137577885398e-02
1.979791292420484544e-02
4.111998568056291631e-02
3.014169273379755168e-02
2.613924487450111633e-02
2.711072901008223374e-02
3.930322126579544051e-02
2.018314006810387889e-02
4.158838341173627662e-02
2.992377095654012720e-02
3.030137063718278678e-02
4.131309417149627711e-02
2.139020451528112626e-02
1.820114714944786119e-02
3.872726347009011749e-02
4.288496084346514470e-02
3.544158892459832455e-02
2.415728129134097485e-02
1.852876827110118418e-02
2.506495857307435016e-02
3.577959322635200501e-02
3.800424505960534743e-02
3.433761855982062072e-02
3.176520659397043256e-02
4.177109867784042918e-02
2.917027545974337777e-02
1.028074833806264313e-02
3.915325545978672744e-02
4.115484006744320883e-02
3.097300396815842738e-02
2.222829745838870996e-02
3.293147162271236467e-02
2.867097445455549232e-02
2.629985590650595062e-02
3.293723776154411365e-02
3.484858427620642074e-02
2.624422546831766540e-02
1.976856402449588684e-02
3.508130591418437416e-02
2.967908536985658374e-02
2.115010076933956581e-02
3.266410198354900013e-02
2.746555023781173735e-02
3.356392514632891566e-02
3.386896752930969312e-02
2.157265899288023092e-02
3.975883363068864751e-02
2.633368666578491182e-02
3.581833346735056878e-02
2.030104559473264181e-02
2.908280233319611441e-02
3.198110928226459426e-02
2.958767310401447595e-02
2.111793706502055473e-02
2.583992888959257481e-02
2.931556854439216347e-02
3.544158892459832455e-02
3.336388478242205413e-02
2.472480878411160987e-02
3.055414439662506448e-02
1.677487651738000796e-02
3.428776841807233688e-02
4.016859589496138416e-02
2.962686136605717502e-02
2.874371039438265024e-02
3.334213228958129993e-02
3.728468729427453221e-02
2.728858481027324548e-02
4.295127755193915708e-02
4.089159035105456586e-02
1.948692874843532472e-02
3.223161835296955297e-02
3.968187184833178033e-02
4.088504792035697194e-02
1.899724647855937504e-02
2.346784110176945715e-02
3.860294145473031069e-02
2.669664633620391636e-02
2.368744445044270938e-02
2.814501410681392521e-02
3.727769671988874489e-02
1.976061837648274838e-02
4.268243777583095866e-02
3.267297448517466479e-02
5.616656067592389404e-03
3.039793937740882870e-02
3.009910445643519672e-02
1.476215243691718533e-02
1.870727982833044617e-02
2.547135582157745992e-02
2.687889783614825709e-02
3.918777481792670714e-02
4.078407858082055970e-02
3.949148647361128139e-02
3.865607784175221356e-02
3.521736785122729640e-02
1.375677672353436964e-02
1.423431758820698639e-02
3.043779909705651016e-02
2.710409229847017196e-02
3.918813627507915232e-02
1.776106250843047935e-02
3.576954842298712967e-02
2.659634451334660574e-02
2.348918570265883660e-02
4.210203461459408741e-02
2.194098743837066129e-02
4.079989605289867372e-02
4.266604415051257482e-02
4.188275446546277370e-02
2.039324231080166111e-02
2.542009690127015886e-02
8.891888879306969820e-03
3.711928387998855022e-02
1.444718226342989187e-02
3.991921073480139692e-02
1.656704043949305122e-02
4.055013196588298091e-02
1.768483863851687959e-02
2.645967650645427230e-02
1.373328088836232863e-02
1.770715875085692587e-02
3.301651180606622604e-02
3.703199846185528665e-02
3.497643218178832225e-02
3.418379036444592345e-02
2.342873931518670710e-02
2.037974965671270414e-02
1.768483863851687959e-02
2.614282643676543033e-02
2.631490855067377885e-02
3.318200740473409988e-02
3.859837044504616649e-02
1.150033426863269342e-02
3.614767665758001486e-02
2.555298585940582456e-02
2.072610909915525990e-02
3.808043719431482288e-02
3.754356076768275430e-02
4.269121447947585996e-02
1.391745995051269988e-02
2.752164491365156201e-02
1.534864211440682344e-02
3.053490716554910916e-02
2.402161990199480623e-02
3.941201524709723319e-02
2.917454411748760662e-02
4.226355787358936078e-02
2.190027275030330053e-02
3.799726227353701635e-02
3.461865277133004126e-02
1.767234360792410697e-02
4.059471610543152059e-02
3.650650310973556356e-02
3.746590505367556473e-02
3.304676167214751215e-02
3.002629412503747541e-02
1.844825595938274360e-02
2.779566278859574649e-02
1.671020678361633330e-02
4.105621318317349833e-02
1.382317927532381550e-02
3.771423482881161582e-02
2.211941363609699202e-02
3.292796400753396358e-02
3.704384673050301752e-02
3.003925835439770139e-02
4.261917399284867458e-02
2.644232550904119378e-02
4.130076718475745451e-02
2.449768152118873832e-02
1.740221900325625293e-02
4.172874118528934612e-02
3.987619023777039251e-02
1.524995053293937836e-02
3.686863232350240382e-02
4.258755905180000578e-02
3.326806519598052986e-02
2.291813387343125119e-02
3.206083406315948792e-02
2.402294521517671019e-02
1.583557190449842028e-02
1.931583519887232828e-02
3.822083108081787695e-02
1.910800339223224162e-02
2.982421224935967105e-02
2.430101277193923853e-02
3.885393558220462396e-02
3.187193391783849084e-02
3.428431769310442273e-02
1.227115770978670813e-02
1.779077696259966437e-02
3.848194955967283032e-02
2.470338120265905615e-02
2.251626535010430724e-02
2.948633266092846178e-02
3.921282247486468364e-02
1.204920602045122732e-02
3.575972904790544749e-02
1.505605338323544318e-02
2.560984658328325364e-02
2.449768152118873832e-02
4.119046952204904327e-02
3.340246602549411248e-02
2.612272676507647329e-02
3.192089418253219596e-02
4.187312360918515192e-02
2.157618001331725738e-02
4.113067371386515403e-02
1.240257674480744164e-02
4.241221644914822120e-02
3.476841378500974272e-02
2.576019383527465914e-02
1.554739924553045702e-02
1.494777102363506298e-02
1.209900492168957710e-02
3.908473928411826392e-02
3.044555508239824015e-02
3.979378751166792738e-02
3.846395637050968597e-02
3.786844641551476848e-02
3.577209167353957026e-02
2.866503550886496943e-02
3.710858322549096672e-02
1.379467659430454532e-02
1.448899728424310994e-02
3.422285256196846287e-02
2.942511690419614273e-02
4.223740530548344974e-02
3.659368076904839090e-02
3.579571550505780686e-02
3.387738782688477085e-02
3.909283986204179634e-02
3.740836947149116243e-02
1.979691819310101103e-02
3.855653360749476677e-02
3.086390193100053622e-02
4.236998764509218585e-02
9.310014011050008267e-03
3.845940513102140412e-02
1.837371036725714279e-02
4.311376477054856826e-02
2.859795420255183129e-02
1.971732097259624658e-02
2.948633266092846178e-02
4.159332647983984832e-02
3.962629102411049931e-02
4.059471610543152059e-02
3.576674162973694088e-02
3.102360544236847442e-02
1.270990673689330157e-02
4.114281889333964298e-02
3.975377657745186866e-02
2.593913270539886101e-02
4.165730421083809615e-02
1.976061837648274838e-02
2.405806390900032746e-02
3.019092189572156193e-02
4.115768717522116232e-02
2.446489581377140135e-02
2.904278299891558529e-02
2.397372719070105587e-02
2.346100725367289766e-02
3.341174290236639810e-02
2.844303694633055699e-02
2.731589535956128675e-02
1.776273746343570020e-02
7.942056584275183212e-03
2.379943901633367262e-02
1.809545089703462964e-02
1.147480011672032466e-02
1.677487651738000796e-02
2.119474661802290411e-02
1.785034628740482174e-02
1.702974673554678506e-02
1.840992436509109736e-02
2.711395368591825936e-02
2.943412381497836211e-02
2.190121772222988414e-02
2.858767311166237821e-02
2.090847368797463246e-02
3.837490954623017092e-02
4.308941424476264714e-02
3.386712906863445505e-02
4.291541023315146447e-02
2.062798596528102324e-02
3.998348050695118422e-02
3.264174182559811954e-02
3.675709204351183812e-02
3.294527837169624468e-02
1.824602603495821193e-02
4.072928148776626400e-02
3.932330693854733938e-02
1.830595348257425120e-02
4.030498780035074446e-02
2.219364737883432886e-02
2.397577063244505507e-02
3.021879350095076772e-02
4.266604415051257482e-02
4.015337965383955487e-02
2.654966730219135429e-02
2.739998562612224603e-02
2.865730006764050791e-02
2.683034666725898562e-02
1.793679974214202472e-02
3.657001084676941155e-02
2.614314424343927579e-02
3.891222497704539818e-02
1.816415177473437378e-02
2.331842342638017207e-02
3.562667668751792749e-02
3.786685206725640129e-02
3.347386730283214568e-02
2.597150821584165437e-02
3.199356161419561473e-02
1.704134552490551430e-02
2.475616875702572883e-02
2.400344097421763800e-02
4.130907824018904828e-02
2.901996542352194841e-02
4.092517780456979282e-02
1.831476507802971138e-02
3.559173725464928606e-02
3.258507292174855907e-02
4.004516155995503646e-02
3.258167606942626027e-02
2.836887628136842629e-02
2.031257024196791647e-02
1.920746842043555974e-02
4.174295117289658630e-02
1.816956120817731640e-02
3.925622370580044568e-02
3.616291032522045423e-02
1.980065843900519207e-02
3.572429758987590021e-02
1.372458178641923661e-02
3.662560678297108879e-02
3.746125462518842125e-02
2.948488998588536317e-02
1.361684142104585202e-02
4.207665468233684480e-02
3.192435110549372845e-02
2.582629523857143602e-02
2.314070811743040162e-02
3.833275997032492555e-02
2.262953929188176935e-02
3.624398290148563712e-02
3.859837044504616649e-02
2.254919629363594941e-02
1.681978841824639803e-02
3.248077406719589860e-02
3.345618086901622212e-02
3.509543354183752156e-02
2.328567407048640417e-02
4.054154626829147012e-02
4.067514144213661698e-02
1.510665168191102983e-02
3.721801530261282381e-02
2.044029187408635817e-02
4.024197600825415999e-02
1.150516561784586250e-02
3.433761855982062072e-02
2.434291707641506389e-02
3.997202101012369002e-02
3.478592769105788574e-02
2.212425094542554843e-02
3.833016694030076665e-02
3.250236871677773809e-02
3.563953409959258467e-02
3.227398653064413730e-02
3.095132985275994217e-02
3.613233433496214342e-02
2.545312065919291128e-02
1.995604189830827921e-02
3.169847366871419991e-02
4.003420033475171141e-02
4.241221644914822120e-02
4.295045890712703013e-02
4.115484006744320883e-02
2.955972269449365364e-02
2.331842342638017207e-02
2.624379950168889350e-02
4.224247003382779198e-02
3.019629021378474054e-02
3.192745945084705939e-02
2.293428858252610433e-02
2.190163881071536742e-02
2.163457967050992289e-02
2.656730496249391435e-02
2.847065710823500073e-02
3.145617198452028973e-02
4.292670776840792207e-02
1.583594822498322202e-02
4.109682894878235321e-02
3.315263091167346826e-02
3.423260130008948937e-02
1.647258851321407522e-02
1.881486659711129744e-02
2.920322176559343036e-02
3.308640351810993724e-02
1.906683629615741477e-02
2.613924487450111633e-02
2.528091143364191717e-02
3.569002876209095149e-02
2.590886349114476794e-02
4.308726032545762835e-02
3.208362708513236294e-02
2.150574549387430576e-02
3.888349124427920023e-02
3.689264065819863880e-02
3.093937191931557529e-02
2.609352397864008952e-02
3.784662448582938599e-02
4.067393870511062937e-02
2.834017697755642634e-02
3.033224478837959898e-02
1.966908306001789730e-02
1.178779428536593649e-02
1.739822046040311390e-02
3.613180114153235339e-02
3.259806706295854950e-02
3.584004080411521548e-02
2.236318854149628443e-02
1.780698422305021511e-02
3.883258469934723622e-02
1.746636971143229050e-02
1.755720391738279165e-02
2.853323760075315157e-02
1.204608951674360218e-02
2.273871609990717191e-02
1.130199448999848894e-02
3.128409611536867030e-02
3.816690475018030826e-02
4.109909505498302723e-02
1.954756743899928317e-02
4.209412815663880758e-02
2.350307618071506566e-02
3.255242437186005311e-02
3.386614713377964631e-02
3.562000829157511289e-02
4.200056715987386668e-02
2.444523886991219197e-02
1.128508282723089673e-02
4.199040521077090915e-02
2.708358781071376620e-02
3.597434017381896665e-02
2.451808496826426639e-02
2.405004686384266954e-02
3.781122241180490118e-02
3.473535166774213007e-02
3.010224243186087126e-02
2.832044159697269525e-02
2.683555825860053923e-02
1.878064600322224692e-02
2.582043061613980076e-02
1.405560767220363771e-02
3.397481997981373347e-02
2.362571027797524814e-02
3.067540575354460453e-02
2.143693488593428204e-02
1.400145624735319762e-02
3.791538302165943508e-02
3.335375817407602861e-02
3.102833454363288987e-02
1.460507823986060064e-02
3.253872428519054283e-02
2.313726530516056409e-02
3.319346890945527179e-02
2.985611450422227114e-02
1.618964733797565586e-02
3.922872316025025063e-02
2.215194216910130673e-02
1.773084447736596181e-02
3.958919476425593054e-02
2.040701911093413534e-02
3.142314715746910569e-02
4.033126933035336564e-02
3.128409611536867030e-02
3.461346199669652901e-02
3.494943049522203360e-02
3.399226450358630580e-02
2.746782206096350099e-02
2.920265381163350549e-02
2.397763482689775627e-02
3.350759018425967378e-02
6.139541890955526465e-03
7.437110579766393129e-03
4.249852884179416979e-02
3.719680540128066787e-02
3.708639950684116532e-02
2.428927926826825179e-02
2.277662706014453239e-02
2.918637664371186158e-02
3.095500126509231203e-02
4.178490384934931134e-02
3.148875937449645279e-02
3.387227707480981037e-02
1.571682302338590562e-02
3.992047277457756727e-02
1.086261734570417858e-02
1.716037984789268306e-02
4.002484055873110902e-02
2.431584569676065871e-02
3.175147545176693759e-02
3.827837138069779821e-02
3.804963708805642053e-02
3.998348050695118422e-02
3.774132961954992926e-02
3.202411706942988323e-02
4.277389557749649435e-02
2.320821978316240861e-02
3.070845910737829768e-02
3.746834687088153315e-02
4.297762282905340930e-02
2.257170949611930072e-02
4.141757453605813405e-02
2.835452661785299588e-02
3.826211026558976741e-02
8.493579717587157463e-03
2.726399797699191607e-02
2.768422686994680484e-02
2.176875595957126694e-02
4.032665128498238993e-02
3.886546997079900340e-02
4.295045890712703013e-02
2.911875673823517349e-02
2.955089682774285353e-02
2.198117396356758305e-02
4.050948499834219896e-02
2.994455293181341043e-02
2.141281689791046244e-02
3.119041076968698256e-02
1.960068817958127846e-02
2.345714287512332477e-02
4.181098533791423322e-02
4.011460785549950114e-02
2.921732789914827447e-02
2.051630657148431625e-02
3.970500699131136041e-02
1.161938324487438862e-02
2.254933875428024453e-02
2.870330385776615617e-02
2.660157762217698479e-02
4.157064976642334264e-02
1.946937218977397993e-02
2.415728129134097485e-02
1.083983531459475555e-02
2.853323760075315157e-02
3.654348975829427304e-02
3.461346199669652901e-02
3.298385638401991893e-02
2.875535629828521178e-02
4.003832590398088975e-02
4.284572468130903866e-02
3.904654143831250840e-02
4.264816393455179988e-02
1.460507823986060064e-02
2.659634451334660574e-02
4.276212650472960286e-02
3.521457007433539954e-02
3.998764545320118019e-02
4.117213195105254298e-02
2.970478641051910174e-02
2.562107401171425172e-02
4.074645542987162528e-02
2.612347319134432008e-02
4.043134145443140481e-02
3.173031016935085741e-02
3.027038463891924130e-02
4.050423914976979123e-02
3.940753428405450315e-02
3.126253991358615009e-02
1.953612330165563349e-02
3.330600346552793634e-02
4.227552211565644563e-02
3.371936109209632687e-02
3.979370333123810610e-02
4.204983063600516158e-02
4.164725062795111149e-02
2.398368855290995694e-02
4.186017553779430161e-02
3.982813957798864157e-02
4.149822108044273761e-02
3.182040388118695384e-02
2.965943316946922231e-02
2.524103160904799664e-02
1.968668424098585917e-02
1.892946714545797049e-02
3.335249737713581047e-02
3.981278930630578056e-02
8.897057177291185087e-03
2.826053897775814353e-02
3.926564096211553750e-02
3.467063904022948950e-02
1.920659390946739126e-02
3.186838672759140928e-02
3.816964727299072130e-02
4.036754397296923869e-02
4.300105136313815690e-02
1.813726843728340546e-02
3.947435912212186176e-02
3.757392850627376546e-02
1.927088965209619587e-02
2.273064421046940356e-02
3.331167739632077962e-02
3.908107556067759447e-02
3.903154311372705049e-02
4.262301989167380234e-02
3.187844751497005691e-02
2.144130717954090964e-02
3.630552043939009460e-02
3.730668315319289607e-02
3.195488562128546983e-02
3.594929769744138748e-02
3.699524628786771824e-02
2.254964491287119593e-02
3.335612626770687733e-02
1.083312688633076594e-02
1.358319654195591294e-02
1.703659044447452392e-02
3.562689147171754084e-02
2.368873150092427882e-02
4.115988325717077206e-02
1.485451798346280536e-02
2.969725926557808052e-02
3.013576143883303290e-02
2.810324579152064309e-02
3.751914647758750054e-02
4.264079144875957544e-02
2.602868809865209465e-02
4.249168742025157680e-02
3.710481094120827300e-02
4.247336176958695780e-02
4.124867123983615158e-02
2.748094448394646297e-02
3.676562200671434910e-02
2.889957318181806886e-02
3.095936155403231083e-02
2.215194216910130673e-02
3.265497477964990347e-02
3.554354401665468788e-02
1.787143732401112045e-02
2.815930561295849552e-02
2.274166672146450685e-02
3.094571360040612035e-02
2.737949255875738938e-02
3.067696323664266533e-02
3.683607413057012753e-02
3.244680490887058566e-02
1.436321650894141488e-02
3.843044645605263321e-02
4.230766514712886589e-02
2.136013510697260670e-02
2.576019383527465914e-02
3.969960717410714324e-02
3.849497655080976605e-02
1.781335443428117699e-02
1.864342541576460149e-02
3.496433833578457828e-02
2.225356463101270041e-02
4.291811659596830170e-02
3.786659975626410768e-02
3.612936213817381087e-02
3.039943257193099269e-02
2.737432675848341587e-02
3.859606842123632087e-02
1.963448080257763212e-02
4.282626645668762000e-02
4.293255405080518422e-02
4.141582249206054306e-02
3.692604793273406016e-02
2.886935674346288380e-02
3.886637367793593922e-02
3.200356959738632351e-02
2.091801908369623000e-02
3.696547191721204217e-02
4.214565240090135251e-02
3.080421757861109486e-02
3.700951203851873816e-02
3.265858476159606144e-02
3.929499044510671030e-02
1.871636117395555562e-02
1.588199597774393734e-02
3.362996200016907244e-02
3.385564545778009526e-02
4.241221644914822120e-02
3.660500761103659823e-02
2.017937721100725862e-02
4.307639029099202821e-02
4.184136404484654209e-02
3.326946882339837375e-02
2.709746917722575393e-02
4.187266953876121744e-02
3.830037780247561030e-02
2.562107401171425172e-02
4.013371200367800429e-02
2.303627717657441912e-02
1.903768387792000721e-02
2.920322176559343036e-02
4.050639929734800582e-02
4.023918867541775163e-02
1.578179199762683865e-02
3.291556523069159856e-02
3.904654143831250840e-02
3.838328242752891278e-02
2.837197044918036287e-02
3.209009422154790458e-02
4.093110320542333452e-02
