4.184382729911301918e-03
4.031082852101013081e-03
4.182314361893900607e-03
3.906846892548922201e-03
4.218737848733447419e-03
3.918356159642728299e-03
4.192641369989189015e-03
3.972101791260508954e-03
4.147192389058842500e-03
3.822169816400986572e-03
4.153238739303970542e-03
3.765653028462254137e-03
3.655010210173259208e-03
4.240139098291107432e-03
4.178996046175049821e-03
3.180596823113050319e-03
3.787692026463866744e-03
3.635244501970686954e-03
3.568092112459510593e-03
3.621400959327521814e-03
4.254548064047309480e-03
3.688576784197927783e-03
3.686595702209018340e-03
4.278974076755598897e-03
3.888724094378832527e-03
4.263034105172700157e-03
3.511005959124468851e-03
4.260165516661149412e-03
3.280592051969461864e-03
3.736236124208292507e-03
4.169645344159945803e-03
3.612662385045771300e-03
4.258571558562508803e-03
4.161077586897190574e-03
4.099184846977672533e-03
4.131946109767558814e-03
3.651426800137000210e-03
3.416324895070126620e-03
3.682965439443418570e-03
4.148659636681160771e-03
3.541070796970647791e-03
3.905246895260083752e-03
4.213655567524706227e-03
4.091466821250232082e-03
4.134937263078155602e-03
4.074419729114334143e-03
4.235539408835512290e-03
4.067372609850298387e-03
3.808477810382771087e-03
4.128454422530796961e-03
4.085823172804783215e-03
4.040603429487370397e-03
3.716697199712095528e-03
4.201186627014368360e-03
4.172817051636967811e-03
3.504013330542586624e-03
3.649174314186689940e-03
3.626245463247368579e-03
4.038361656887184264e-03
3.725888292290977996e-03
3.889169901534634752e-03
3.935466521908473347e-03
3.878531030079758728e-03
3.763064897216113463e-03
4.093312047223932222e-03
4.254482626346072632e-03
3.708617020152611340e-03
4.009140608084374099e-03
3.369398543881937762e-03
3.715323694702243624e-03
3.868862836326850043e-03
3.821215748975601793e-03
3.576038608654031822e-03
4.053681082745919442e-03
3.980322427768382895e-03
3.761843968338523907e-03
3.540194518146862201e-03
4.153999974213896419e-03
3.990376117866890199e-03
3.762921303292500290e-03
3.635994656388830473e-03
3.929130631509934052e-03
3.988517819513938065e-03
4.094493973016385610e-03
3.926452980546397097e-03
4.185390819357931100e-03
4.110586309061735680e-03
3.777759321751558014e-03
4.184970545552881178e-03
4.024571730503213700e-03
3.987693967994006619e-03
3.946008001853481759e-03
4.269756466756367483e-03
4.101960993683494844e-03
3.797728067549299702e-03
3.945240728640264476e-03
3.880714111170407900e-03
4.182876238179146847e-03
3.767929832448029936e-03
3.440032593663393604e-03
3.929307044418539965e-03
3.994001155487172244e-03
4.126333499529209053e-03
4.156477690653488828e-03
4.009853938740117613e-03
3.560486694670350616e-03
4.134716401057322854e-03
4.013189665000159445e-03
3.504102901726845361e-03
3.811762888809280304e-03
4.196453791346076503e-03
4.288610211468692375e-03
4.179295282420969829e-03
3.671804943436938681e-03
3.938665831212453949e-03
3.791618421681272437e-03
4.123244196423519678e-03
4.175178346196283322e-03
4.072909431576350603e-03
3.914624072417230427e-03
4.048012342111969100e-03
3.998782101592653765e-03
4.071796206428140129e-03
3.217032665471623865e-03
4.191501171002565661e-03
3.664362342657916365e-03
3.389693642004471333e-03
4.096864354702843894e-03
3.954422686443919907e-03
4.214968331398880920e-03
3.617664449808963116e-03
3.865115748480654756e-03
4.027497311499718055e-03
3.734545666322499485e-03
4.095546715192024782e-03
3.497449394557455848e-03
3.993787539086815497e-03
3.989956799588367971e-03
3.504069390278784397e-03
3.828497036736468184e-03
3.928074738016968000e-03
3.450947424291303262e-03
3.466175062444801225e-03
4.098134049071043908e-03
3.217032665471623865e-03
4.055766672147714802e-03
3.800297073518222116e-03
3.954563164573154932e-03
4.042573240347940161e-03
4.067282035801030732e-03
3.307250910363236478e-03
3.869444833762965448e-03
3.686426687323883598e-03
4.015056927204094239e-03
3.313786919141041912e-03
4.264730923859070405e-03
3.923877723475736011e-03
3.510808286087676797e-03
3.692408380648135729e-03
4.090285965829651427e-03
4.120193065850322883e-03
3.979827789183593492e-03
4.046906301150482443e-03
4.214430916526415438e-03
3.406360679588674601e-03
3.588213777381319292e-03
3.976149989966182817e-03
4.065447349234694793e-03
4.187499333032695080e-03
4.226704357919000392e-03
4.172894976999744036e-03
4.071299755179959810e-03
3.415680884286208426e-03
3.929086071787879497e-03
3.945486453906022796e-03
4.234266488927298372e-03
4.171410026198426636e-03
3.464857685113856278e-03
3.746043321196710837e-03
4.196203680288022875e-03
4.027596278755866954e-03
4.092771601740552607e-03
4.256513040919614015e-03
3.659285524533600984e-03
3.439372105188990766e-03
3.261680437027068488e-03
3.323692131531801996e-03
3.240305739001292200e-03
4.087608382467966539e-03
4.286082766993531273e-03
3.899553071229282502e-03
4.051071370869271764e-03
3.656290307899191794e-03
3.496006793025116348e-03
3.978961286317080764e-03
4.244415974595834237e-03
3.296973855369686891e-03
4.169249560183974600e-03
4.216919112828647863e-03
3.972730377940313432e-03
3.704581111475984019e-03
3.466728606342548303e-03
3.651359890116499460e-03
3.585280168863522708e-03
3.694299049214944466e-03
3.276104592780982455e-03
3.674293872727233713e-03
4.193328339635041951e-03
4.187780943769753642e-03
3.635758832161056862e-03
3.964386656685883054e-03
3.435392393397098971e-03
3.984890918118047347e-03
3.614700439929788983e-03
3.458681459403781418e-03
3.845570361217654724e-03
3.207997027215703841e-03
3.751646348493765937e-03
4.013312950036198798e-03
3.944457866596581992e-03
4.238664829915429408e-03
3.773572127276476895e-03
4.183780871656021458e-03
3.832789189635369548e-03
3.710506907502211967e-03
3.140258541743760033e-03
3.676974787272477632e-03
3.427574147403433281e-03
3.576759191597215191e-03
3.445512314451279652e-03
3.662758509626682334e-03
3.604209296008329538e-03
3.785480288565549849e-03
3.813893004850910529e-03
3.280307916864818110e-03
4.005926395267370849e-03
4.151975040915629848e-03
3.907187465861741878e-03
4.261357514537527508e-03
4.227370702551440027e-03
4.080305725484671686e-03
4.230590682923385595e-03
3.963379154244510774e-03
3.332489303526766332e-03
4.280006402030991225e-03
4.190204905422062302e-03
3.243112896643704848e-03
4.063471407234864677e-03
3.551728114750462260e-03
4.274718210868720322e-03
4.137909645035570474e-03
4.016945650187149844e-03
3.954819502046477350e-03
4.132314870906779632e-03
4.118627968035967063e-03
4.052676059768522444e-03
4.248812180673731433e-03
3.750130272140609917e-03
3.510443892989422235e-03
4.251839487945368451e-03
3.879223619467653608e-03
4.132524960390836569e-03
3.609157554260815186e-03
3.828446316289371969e-03
4.237917032313345475e-03
3.677940538571396883e-03
4.131113722508236892e-03
3.598477493897362343e-03
3.899638081703208844e-03
4.045745769125217405e-03
4.057020722080464589e-03
3.954819502046477350e-03
3.612938099638448100e-03
3.862902897986929696e-03
4.280110300691497907e-03
3.576375442096244289e-03
4.214102892605004619e-03
4.027444003053401098e-03
3.720006044204847775e-03
4.221535262664576939e-03
4.029074944198875879e-03
3.573496843478390222e-03
3.536906751371073250e-03
3.650949163842508692e-03
4.215753257981804357e-03
3.885541472503348248e-03
3.924008621339357232e-03
3.998915142501945595e-03
3.479884225505134026e-03
4.260987940765949451e-03
3.746724150080160860e-03
4.045449259993542761e-03
4.051255523672013872e-03
4.161213588950274378e-03
3.401967907501201455e-03
3.852359490495866224e-03
3.761099025129882936e-03
4.269725996081091129e-03
3.444872713061821693e-03
3.402307554873772611e-03
3.882345753701700597e-03
3.780939361331194220e-03
3.300756068070707233e-03
3.580014765653377791e-03
4.067774724345462646e-03
4.187739383889752670e-03
3.921513531535054421e-03
3.796498559375934174e-03
3.861260023754866603e-03
4.149871395223582449e-03
3.585822264389122369e-03
4.046413553879567651e-03
4.229448929501479493e-03
4.246991569295192892e-03
3.161332325485162464e-03
3.969483834918040299e-03
3.989223597721892889e-03
4.112651890823074315e-03
4.033451029822061017e-03
4.083900410231321686e-03
4.199355166892307367e-03
3.720079592807379841e-03
3.736924510002193663e-03
4.148392932261209948e-03
4.211034552775192591e-03
3.817652335722122783e-03
3.789129250765010774e-03
3.911676960250409785e-03
3.388126597542241367e-03
3.665766158500672212e-03
4.250641253726759536e-03
3.917906114732911185e-03
3.717240873497426427e-03
4.212580160616713129e-03
3.945934432598345934e-03
3.960301898279908195e-03
4.161042175741863115e-03
3.948829033279872835e-03
4.017856211407081282e-03
4.178395510557656595e-03
4.211434951385323831e-03
3.758650835539003969e-03
3.789853820564944697e-03
3.694714795991506633e-03
3.640581971088937500e-03
3.559250120631584496e-03
4.088966234803734917e-03
4.242278457004370479e-03
3.717305893299324010e-03
3.952984150257153606e-03
4.108947310760452040e-03
4.206358043964085296e-03
4.010863144377254004e-03
3.602875118957739667e-03
3.732887326210093063e-03
4.162336306246842109e-03
3.933690154548771453e-03
3.949143364101160257e-03
3.677574336320124822e-03
4.224772930815196524e-03
3.529562802749948089e-03
3.603261298211129365e-03
3.442253157408686932e-03
4.036692886806029362e-03
3.619124824825852189e-03
4.027444687315859424e-03
3.857427293834222656e-03
3.811762888809280304e-03
4.250345373026731023e-03
3.747933336144889868e-03
4.186561639879149768e-03
3.488725575998048549e-03
3.983969393307986405e-03
3.906846892548922201e-03
4.187170442224942037e-03
4.126779475260283943e-03
4.081394397965502040e-03
3.868428836604458597e-03
4.134015930248909586e-03
4.055742470615067083e-03
4.176776633119581167e-03
3.489757178632978650e-03
3.893400801315363008e-03
3.669172394363527136e-03
3.937363068965100271e-03
3.988517819513938065e-03
3.931761772147723127e-03
4.201579875590446926e-03
3.590401704807450259e-03
3.693275231203804569e-03
4.022322254369249672e-03
3.534047122930212680e-03
3.398882785609090573e-03
4.137143583680957977e-03
3.865194165301273285e-03
3.901993160239806968e-03
3.304194859203986485e-03
3.926974541348918560e-03
4.178221527164625512e-03
3.961928112023286458e-03
4.224534581793647388e-03
3.998917480797770790e-03
4.277785089175055455e-03
3.833213723743856324e-03
3.992456301743651896e-03
4.073281708389825742e-03
3.752334310370129301e-03
3.827615111003386528e-03
4.187034386470965541e-03
3.740686975789552469e-03
3.679656936700731202e-03
4.210737604090973411e-03
4.282591480827961303e-03
3.587178696545634867e-03
4.071154347948120408e-03
4.172969942675157883e-03
3.837970760574731244e-03
3.887976989805118529e-03
3.775319727695978633e-03
3.882423125941867909e-03
3.991327895006268126e-03
3.309718724096099608e-03
3.491860700488960082e-03
4.017008625865946606e-03
4.251362897759862827e-03
3.099726156469619943e-03
3.688756365430732181e-03
4.222344022468684302e-03
3.878165241937721851e-03
3.469795623272405385e-03
3.832525081538442919e-03
3.713316051179389211e-03
3.248746342941767271e-03
3.656627689135388479e-03
4.038837822842695872e-03
4.215793826901833262e-03
3.778519369400127389e-03
4.200393764998401613e-03
3.982965285164275643e-03
3.985730660256259217e-03
3.853820094896084035e-03
3.580526271609360111e-03
3.733805596475895348e-03
3.689342685551286714e-03
4.252205926064550785e-03
3.795380826522158982e-03
3.728804357660522352e-03
3.267007351248271511e-03
4.155230868930510219e-03
3.985112217510125218e-03
3.573897914121252142e-03
4.167628359138699293e-03
4.061240992712541326e-03
3.896198720810014129e-03
4.071460829252250904e-03
3.637532932624003811e-03
3.631817467162444003e-03
4.190126333265110567e-03
3.970533196003005541e-03
4.043884806587611999e-03
3.960406829518980064e-03
3.519261586715592867e-03
4.101081342719043593e-03
3.798337125946773564e-03
3.660769780837280166e-03
3.550302123597198420e-03
3.695880942923645759e-03
4.205578301561374577e-03
3.852330859340572389e-03
4.017920980819310664e-03
4.249305968195932377e-03
3.324463724633128399e-03
4.245617205276427941e-03
4.211428901291683347e-03
4.016600882991828471e-03
4.123509019201006265e-03
3.912909374056633763e-03
3.369366858847472682e-03
3.595164564103165740e-03
3.655307460438700622e-03
4.040524386532334117e-03
4.101193363122371087e-03
4.177982798821271507e-03
3.437952362930717359e-03
3.522924214009676928e-03
3.905319096121779351e-03
3.986402723428169800e-03
3.828751053728797048e-03
3.955219305303058278e-03
3.560827004923983879e-03
3.241698339194060748e-03
3.756755720707616059e-03
4.027774390692272395e-03
3.842889794868151708e-03
4.287505425662897773e-03
3.979874402704203749e-03
4.022280466463563561e-03
4.244858418316916487e-03
4.217370338955433832e-03
4.047708850683748825e-03
3.937859134331008273e-03
4.070422978580759583e-03
4.106980534711358183e-03
3.798845734298816543e-03
3.783524865023617755e-03
3.927988733531344485e-03
3.821647423946202861e-03
4.137022559275279482e-03
3.068171816034406894e-03
3.556124829562021857e-03
3.617888850200437056e-03
4.268734460352648953e-03
4.205953413299890961e-03
4.021213077590416775e-03
4.132146956590625891e-03
3.706517490716406196e-03
3.426687057986803168e-03
3.750103340226371672e-03
3.957232671226067547e-03
4.094070971012098853e-03
4.215659665796961039e-03
4.133781325899287158e-03
3.541070796970647791e-03
3.877045868618529505e-03
3.320505962342330027e-03
3.768552298790649006e-03
3.962303628249714757e-03
4.265824505691632323e-03
3.716673557770455889e-03
4.117818360763762266e-03
4.221884513915434914e-03
4.147585337911999237e-03
4.122755364839351087e-03
4.084845211065550596e-03
4.085096093534891504e-03
3.464170210628545778e-03
3.855909851106023144e-03
3.830003776419021316e-03
4.136928351320039686e-03
3.838638702311943096e-03
4.114076850337392011e-03
3.795357756205265144e-03
3.747956062770179016e-03
3.710724169320045278e-03
3.944440369099700902e-03
3.921729084593747472e-03
4.113055740657511027e-03
3.659285524533600984e-03
3.919187450525850325e-03
4.231305215563572510e-03
3.810139110741596596e-03
4.286020008882190750e-03
3.513128594406620189e-03
3.583986254952506532e-03
4.055766672147714802e-03
3.839244064202828287e-03
4.243549701157549661e-03
4.025237509833206988e-03
4.021700392700943393e-03
4.089337339248289363e-03
3.297001511948216383e-03
3.685824371489236379e-03
3.717829264800517203e-03
3.877977150893399672e-03
3.606039104713183122e-03
4.098633801771218825e-03
3.933235389829467521e-03
3.987885984749843342e-03
4.114836906162581791e-03
4.155384644968018043e-03
3.976801109745583575e-03
3.326519941742239316e-03
4.262869471626786096e-03
3.974149098267976826e-03
4.013366756857325926e-03
3.271821030958638708e-03
4.264293369571046238e-03
3.830476166119480344e-03
4.262039471275696871e-03
3.888573256620776915e-03
3.936393944207389195e-03
4.184349010444307279e-03
4.271714753913466618e-03
4.178996046175049821e-03
3.468396712236670142e-03
4.288025139597481140e-03
3.864789813072440957e-03
3.845441254377828921e-03
4.261574543345468188e-03
4.258441412284417506e-03
3.753691270454235368e-03
4.211301940182141101e-03
3.351635815295146009e-03
3.322363660336230193e-03
3.419639947255242052e-03
3.353497044643528012e-03
3.738839634642470398e-03
3.797149249496858600e-03
3.287359375386328039e-03
4.092811111558044071e-03
3.571236238397956959e-03
3.364697616685966008e-03
4.117584026422104609e-03
4.048729138836093706e-03
4.001209203806125117e-03
3.961171944477670862e-03
3.889319351873927588e-03
3.930423162141474455e-03
4.226024752227351688e-03
3.710225200434636925e-03
4.138031631915469952e-03
3.879207388875799585e-03
4.283569694294032948e-03
3.845357952873534619e-03
3.667332160476432200e-03
4.264293369571046238e-03
3.401750847177859808e-03
3.901508290934376129e-03
3.711744313399158515e-03
3.662182933887305099e-03
4.247449605675386076e-03
3.459707063270902640e-03
4.198109319371888526e-03
3.732564882249669001e-03
3.835812428840935061e-03
3.648532794229795116e-03
3.906046230087788923e-03
4.225337803936799960e-03
4.135383718458787543e-03
3.806265959473590071e-03
4.137909645035570474e-03
3.747956062770179016e-03
4.132314870906779632e-03
3.579176697601339427e-03
3.406801627755281017e-03
3.808679003027421340e-03
3.504562429505330735e-03
3.281198007136298424e-03
3.910638145329322496e-03
3.664513418189558822e-03
4.237103144666288373e-03
3.723312993652087149e-03
4.173255177251991577e-03
3.789238131221663204e-03
3.699359887209216838e-03
4.185390819357931100e-03
4.105378159132780543e-03
3.509782593100926797e-03
3.945039365149407250e-03
3.783139468643138652e-03
3.594819204352279855e-03
4.055084756523642808e-03
3.708265437009508961e-03
3.467338495096988077e-03
3.736836235042696134e-03
4.129718041808908870e-03
4.167883595543843238e-03
3.930199755850549356e-03
3.502684526832260375e-03
3.356108429571503377e-03
4.018140261698322641e-03
4.217097752841243719e-03
3.459469908546455690e-03
3.862863111232401128e-03
3.831907834855016563e-03
4.128980162309446242e-03
4.093187018622202605e-03
4.170984794377489979e-03
3.411417006210319507e-03
4.041205811221306246e-03
4.026793889066814826e-03
3.965128319042880711e-03
4.257441549465381010e-03
4.082008120599540588e-03
3.989555067491165966e-03
3.340019606466842952e-03
3.681999919598740074e-03
4.159221123438117639e-03
4.159116160327021652e-03
3.958239782805086926e-03
3.483792203014854805e-03
3.689590266436291836e-03
3.331151892444203684e-03
3.410900441723270938e-03
4.043400159271922853e-03
4.187499333032695080e-03
3.429854154838303179e-03
4.274051057540972920e-03
4.206433957558933061e-03
4.067745953980514591e-03
3.529562802749948089e-03
4.110715615804581835e-03
4.149037484480365065e-03
4.029087203952901215e-03
3.520860109779401503e-03
4.182897000214539848e-03
3.928170261226958393e-03
3.276715348770432162e-03
4.201396828782382603e-03
3.936398514739874663e-03
3.986360460470081760e-03
3.939629620281631661e-03
3.844587366515482031e-03
3.835412032081411161e-03
3.604245247287511493e-03
4.124283525003685780e-03
4.052382077138456419e-03
3.870746487085302209e-03
4.134572488808108126e-03
4.174711993247173965e-03
3.677810065778366368e-03
4.165562362189658731e-03
3.734355979632499219e-03
4.244007443321809112e-03
3.541342687203843584e-03
4.048710166756139782e-03
4.159777428889501090e-03
3.788268608310686562e-03
4.022033972957826664e-03
4.165136597375296637e-03
3.213303592312041247e-03
3.890300562347307790e-03
3.842081117549762254e-03
3.770479782389439885e-03
3.840287623206691502e-03
3.823193522902290815e-03
4.227867955179163799e-03
4.052123604751048207e-03
4.049825836768431407e-03
3.802289545012187653e-03
4.038425652953710199e-03
4.054291311033643083e-03
4.147962848207947285e-03
4.087805089724429186e-03
3.461466218184652485e-03
4.216390722760661632e-03
4.255902539101030953e-03
3.829262509524590866e-03
4.151538956479169928e-03
3.951482782285849031e-03
3.945696062749555824e-03
4.033144476569762611e-03
3.714186797011239088e-03
3.418601644978619403e-03
3.936479780835344840e-03
3.913601960786760973e-03
3.762604237678345443e-03
3.974149098267976826e-03
3.693884725476722242e-03
3.752216504486980027e-03
4.238692989292029874e-03
3.761621493952030035e-03
3.866212790479645663e-03
3.274608107653981682e-03
4.158071826157261688e-03
3.594637942725905939e-03
4.073298711174264813e-03
3.497903306577153544e-03
3.272049618952528084e-03
4.106469655932068821e-03
3.351845584574693337e-03
3.765802870202587457e-03
3.577789386807721760e-03
4.135572923116952355e-03
3.707366114436078802e-03
4.260242136485859095e-03
3.734023384745052167e-03
3.318824595090294483e-03
3.529789848985072538e-03
3.810384015362409255e-03
3.823184306673042300e-03
4.272335142223642954e-03
4.024561291944913841e-03
3.643877554602493497e-03
3.732564882249669001e-03
3.894987094525223514e-03
3.915767600904941810e-03
4.067647684701004851e-03
4.269696346145235646e-03
3.677246187809072447e-03
4.172961546240099365e-03
3.504319343749745345e-03
3.913346652425239540e-03
3.551241117516690509e-03
3.932533544109779143e-03
3.975843582991917501e-03
3.234815678144174322e-03
4.277932345446104796e-03
3.863447604453615521e-03
4.044778042873798003e-03
3.824390518025368689e-03
3.736924510002193663e-03
4.140204792512525850e-03
4.051193742771638275e-03
3.523127087607769159e-03
4.217841227649858984e-03
4.257001911126696500e-03
3.759895623143226333e-03
3.598464073143122204e-03
3.540246816230367514e-03
3.909462076946272104e-03
4.126779475260283943e-03
3.711535129247803613e-03
4.262371645173459837e-03
3.989783316886486887e-03
3.673671226733384552e-03
3.950583529892467277e-03
4.138787966706444603e-03
3.863850541205813942e-03
4.274145127041582143e-03
3.764072555984927619e-03
4.003961645532795946e-03
4.122127016694021769e-03
3.577789386807721760e-03
3.654042685290152456e-03
4.210688175956201623e-03
3.954422686443919907e-03
3.543624424853929374e-03
3.875338536475250381e-03
4.224875401277417876e-03
4.140371310787401352e-03
3.705238956780387144e-03
4.017141000252497790e-03
4.104358977655552659e-03
3.655061173910852113e-03
3.550643267807581695e-03
3.819712878142544205e-03
3.882423125941867909e-03
3.572313935140139507e-03
3.945792741255182284e-03
3.310073518713287349e-03
3.398882785609090573e-03
4.275821780285633811e-03
3.778519369400127389e-03
3.899076501751474154e-03
3.959199181349260313e-03
3.451269717643647497e-03
4.002483566958627004e-03
3.902678285759849947e-03
4.245446697496923875e-03
4.023182445093679942e-03
4.022923359215790223e-03
4.169249560183974600e-03
3.604433490680242734e-03
4.035540637679947695e-03
3.975936873006746114e-03
4.107420671374407105e-03
3.603335745278162146e-03
3.608814733036669244e-03
4.092429417695869071e-03
3.275573308712681660e-03
3.805078526223942825e-03
3.879714261813169487e-03
3.695440004677222508e-03
3.740785741119115673e-03
4.274082746227645876e-03
3.534483244736579682e-03
3.675000811581998969e-03
4.034248329272805897e-03
3.828290219279086026e-03
3.842341531007442863e-03
3.455588562105386431e-03
4.283395781763663958e-03
4.246111394100530317e-03
3.505075530082230571e-03
3.537132113801959299e-03
3.761886082403034792e-03
4.086820598024450829e-03
3.955216879899864889e-03
3.880456386913123078e-03
4.105592881440935787e-03
3.844439874389531976e-03
3.981143844802514757e-03
4.172488108172134683e-03
4.090584405796645825e-03
3.669897307454724096e-03
4.219891717191264630e-03
3.949143364101160257e-03
3.765305667160025183e-03
4.244312204536358421e-03
3.588674734985918945e-03
3.437429887833670823e-03
4.199586368497520636e-03
3.634442919687281507e-03
3.957810711720952980e-03
4.093312047223932222e-03
3.732046519623932138e-03
4.031673957625391685e-03
3.764244479730055951e-03
3.591058106221148467e-03
3.716461194016323737e-03
3.884875795878082495e-03
3.753322255865918639e-03
4.287569060156924336e-03
3.440006975399045614e-03
3.770103020961124672e-03
3.255807713144483022e-03
3.662363126827060215e-03
4.221513582515235355e-03
3.782763671770829686e-03
3.409139499048322031e-03
3.983103410484648867e-03
4.148847225830703742e-03
3.355260086885944286e-03
4.264338075024046333e-03
3.455262254653376254e-03
3.487450258148403707e-03
4.010839806453547589e-03
3.901508290934376129e-03
3.625235005287829725e-03
3.415080816190471137e-03
4.169645344159945803e-03
3.519593863197389982e-03
3.870419851777097148e-03
3.441534959879347013e-03
4.181646538525398554e-03
4.262298221718995896e-03
4.108750687766944514e-03
4.252086280497945590e-03
3.144354843708966653e-03
4.148601795061631139e-03
3.942452093222069756e-03
4.269900919561313464e-03
4.126122886851143166e-03
4.221744266042611049e-03
3.745160076045556553e-03
4.213435428486055415e-03
3.718447776436727137e-03
4.117353646642792943e-03
3.604234974537654998e-03
4.004262762533409431e-03
3.339226348745274239e-03
4.165236304337432971e-03
3.934347494766348048e-03
3.454165138922768614e-03
3.920459695758096372e-03
4.217511293666981534e-03
3.260934950685977912e-03
3.693725731048187830e-03
4.159507555119930713e-03
3.229075632805934043e-03
4.128632343915893295e-03
4.010863144377254004e-03
3.898101579796311826e-03
3.784743411611590433e-03
3.936089540003641016e-03
3.960180269834096684e-03
3.278031152592200854e-03
4.178712086262127874e-03
3.888576870104833594e-03
3.674999640193079078e-03
4.180539168390583205e-03
4.127817564874181056e-03
3.478239144735157176e-03
3.533828768870961833e-03
3.152511852971617585e-03
4.274250407102319141e-03
3.964672418203550597e-03
4.217574016263834005e-03
4.015670825537002303e-03
4.108977285011849827e-03
4.092398337448645979e-03
4.209247003946616633e-03
3.344734037155979497e-03
3.612457252972869556e-03
3.824900813130111855e-03
3.494231639452305329e-03
3.700134965428620182e-03
3.989361576488208161e-03
3.901521182032663057e-03
3.869319061849231869e-03
3.257684229537925399e-03
3.584354542164628395e-03
3.517466754905714671e-03
4.240839528169139221e-03
3.309726245134239977e-03
4.248255746869570790e-03
4.132565754567456631e-03
3.161247626711257818e-03
3.545575525351559593e-03
3.518115364271948153e-03
4.127583393205945007e-03
3.918412598288338600e-03
3.792360798940501692e-03
4.246816039426240530e-03
4.112501884447054834e-03
3.773752036062754788e-03
4.162839853561592710e-03
3.839971592210117933e-03
3.886905778672808051e-03
3.971065020032442036e-03
3.721763484845885123e-03
4.259472293321793328e-03
4.186950759514039382e-03
3.518710551910206319e-03
3.627380906903075134e-03
3.688307321661973576e-03
3.980806594365551496e-03
3.921644516967874930e-03
4.170643576939674774e-03
