6.137214739983821174e-04
6.571787789718947078e-04
9.411240417279974650e-04
9.999387084980709145e-05
8.137888552889955196e-04
1.171577632205703622e-03
3.205421573502162933e-04
9.947369635201334416e-04
6.805434455971941590e-04
8.092055349455956484e-04
2.121953533519328750e-03
2.648941646618622504e-03
5.409615656092426695e-04
4.255211349849810859e-04
7.463723873043586442e-04
6.706598420335757767e-04
7.342214788022654844e-04
9.693671732195568123e-04
3.371981654850605189e-03
7.376475635940485127e-04
2.362588698128710758e-03
5.164575667120260534e-04
9.742479852808605054e-04
6.558816105666627439e-04
7.418750798367919298e-04
9.612010462922663135e-04
9.920025052861461152e-04
1.303805107953495647e-03
7.681117585306897894e-04
5.064718213134901826e-04
8.335341870545523273e-04
8.882474296468479335e-04
7.793159153636763925e-04
7.304248376556423577e-04
1.726606945165421510e-03
4.959033528889297869e-04
6.361426420742490430e-04
4.548849874532723790e-04
4.020999182629671838e-04
3.750833297213467671e-03
1.287726899453742928e-03
7.466784669374740063e-04
5.930926756362034846e-04
1.551594280391997488e-03
1.056994735067200803e-03
7.972667171815493161e-04
5.090514554997948617e-03
8.736561428069602661e-04
9.984162206685652519e-04
4.601751097141966625e-04
2.138453469291924831e-04
6.656188425505480842e-04
9.237588158624226249e-05
5.647328928655836328e-04
1.679869748360676013e-03
8.909601542571271126e-05
7.918306257620205289e-04
1.025692836291902405e-03
4.955853379624383008e-04
9.009646272329056719e-04
6.524228722656333617e-04
9.762188146174606692e-04
5.343972625197806938e-04
9.798588354958915562e-04
6.717282232227713389e-04
7.264888062008956074e-04
9.999387084980709145e-05
9.652086010574751187e-04
7.724625953533411889e-04
4.510758051895209070e-04
4.329830216922842651e-04
8.061009986312446703e-04
5.530514903807673931e-04
4.792101547953443361e-04
8.476536692154881163e-04
2.165599468502776327e-03
6.904730465213455197e-04
6.762877889878805880e-04
9.701489202026665568e-04
5.754443815953628810e-04
4.648116177790675724e-04
8.174529091405215251e-04
2.102318017292751045e-04
1.804619031166105649e-03
1.262108900547463707e-03
5.068406521637598911e-04
6.294673246369699576e-04
4.282083578366061211e-04
9.453188435773261615e-04
5.505208804650786472e-04
6.713238024196180927e-04
5.865645696247977735e-04
1.110628687785260608e-03
4.072999319134283343e-04
8.830672172266408300e-04
4.755151083050463854e-04
4.254992309194231500e-04
6.120638040573787679e-04
4.339306156343813786e-04
7.993860382884779856e-04
6.381189178030306428e-04
5.771018908621057672e-04
6.884107181565591541e-04
8.154067322149403376e-04
6.573372526318510111e-04
7.306385669327860157e-04
1.974506466421783145e-03
9.166632998848798022e-04
4.784853792544621555e-04
1.543695009612213245e-03
8.694980691619182871e-04
5.190809362784352043e-04
4.876386508249606379e-04
1.406357692597920211e-03
7.621343316719370172e-04
5.659713890936909344e-04
7.371687243601639326e-04
1.525976294773559580e-03
9.049612960938575737e-04
1.359617745682086855e-03
7.084866269521816100e-04
1.123181795222871716e-03
5.505732949573427862e-04
6.994008637223695377e-04
4.908246678334889784e-04
1.066098189741734393e-03
8.516875227048175323e-04
6.349312099105699743e-04
6.661311472626304034e-04
8.285594945370844400e-04
6.682175546493411339e-04
2.648941646618622504e-03
1.861119841272503538e-03
5.839866152359482216e-04
1.525976294773559580e-03
6.919769396600531806e-04
7.694549073449368512e-04
1.846468028750925016e-03
6.007161065576348399e-04
8.893731452304952162e-04
5.455009497146637689e-04
6.486896357296645854e-04
1.662849777563960366e-03
6.099340025010825846e-04
5.562570454268658251e-04
4.055983892232604970e-02
5.695096800132110493e-04
3.687679346154977209e-04
1.261434080308409308e-03
7.642934245460044533e-04
4.711983079971426933e-04
9.046727502840122472e-04
8.742863600675982935e-04
9.999387084980709145e-05
7.219337712588768741e-04
7.544205159743827983e-04
5.844489971667920624e-04
1.066098189741734393e-03
4.453638720055601297e-02
5.498004465424783695e-04
4.876386508249606379e-04
8.837499886769587410e-04
8.935878722773558632e-04
1.028179315789179036e-03
4.912741935938212982e-04
7.829569707214469260e-04
4.061037551240099228e-04
8.592878332984466580e-04
7.092995571068319528e-04
9.237588158624226249e-05
8.195581235250886656e-04
8.477690125156918865e-04
5.864120107789932805e-04
6.958299185533960195e-04
9.999387084980709145e-05
1.159370581552049417e-03
3.657689324384720141e-04
5.507517303438156297e-04
9.752245886017159911e-04
1.748251288814670675e-03
4.814951856792578548e-04
8.152687698161992453e-04
5.412591763671251036e-04
3.455480154502228209e-03
4.226666102687017109e-04
4.524391487689646048e-04
4.024804471382063798e-04
6.347112129676958214e-04
5.329529687062672764e-04
8.004602646889976249e-04
8.126171473011037849e-04
6.473730540561380619e-04
7.411057326213108800e-04
7.947067969937853709e-04
7.094266777252227103e-04
7.145056342017579946e-04
5.923754409539399397e-04
5.689885785142929833e-04
4.050745873478333518e-04
2.877686379249243948e-03
7.476606330991237247e-04
3.239205377321906459e-04
1.560451848404284568e-03
7.547996748561575098e-04
5.619407609663125630e-04
1.756976502319354885e-03
4.185819465319356308e-04
6.279740365626866909e-04
6.338363188292579515e-04
6.243357249321972299e-04
2.138453469291924831e-04
1.556030559023179440e-03
8.780827553044399502e-04
5.983715713376126311e-04
1.635864446602394500e-03
5.484982511630748410e-04
8.914781278886798081e-04
1.957133815519385752e-03
1.196179222802620443e-03
5.190748573024019314e-04
1.013683498673969988e-03
5.395594564417262144e-04
4.232236945380197309e-04
4.947258409134238592e-04
3.736047320544964856e-04
8.536710860182619232e-04
4.981785850818351395e-04
6.478105657348506418e-04
8.446764387135513152e-04
7.082763368070912023e-04
1.936436659395654545e-03
5.637063106044445894e-04
1.418216207536225973e-03
1.184886858070806912e-03
6.790835963696767626e-04
3.051847624504803124e-04
9.860305025610146580e-04
2.001715345339841624e-03
1.206714535262997778e-03
9.185199421587785309e-04
2.102318017292751045e-04
6.465491136572617224e-04
2.598296744387784424e-03
4.118693698000469583e-04
7.284386861857013390e-04
4.621492831962638803e-04
4.116444904576533497e-04
7.434581060929138690e-04
5.234201977882011001e-04
5.610395842998547496e-04
8.765046258683855014e-04
8.256299711751635424e-04
5.864120107789932805e-04
4.159212193497101393e-04
8.950989806665934911e-04
7.266906897146497559e-04
5.574087489109754573e-04
9.934851009569636068e-04
1.866713632672906673e-04
7.815965584855459657e-04
4.393998527116022685e-04
1.262108900547463707e-03
4.681872379395318013e-04
6.144001906418068920e-04
6.719216254198238057e-04
9.863146556798973834e-04
4.796641895922708451e-04
9.237588158624226249e-05
6.766975136785159314e-04
6.434155131078719923e-04
4.606551026457858869e-04
7.447642768602484586e-04
6.359447935220429371e-04
1.478400125458029539e-03
1.122340762497220845e-03
7.546072064522808560e-04
6.221799540449440055e-04
1.006088338424426971e-03
7.351861963210387218e-04
1.418265085779346450e-03
3.949094404792051222e-04
1.437193616348752222e-03
1.199567475536672447e-03
7.994528693617920572e-04
4.642634869694997959e-04
4.361889712581626063e-04
4.315478050684078332e-04
1.478519621647706372e-03
1.663863355816406348e-02
7.427361677449764634e-04
4.392932683703360420e-04
6.540139420101506035e-04
7.417354687313884327e-04
6.360085217368706932e-04
3.719616852739684012e-04
7.890044379853201548e-04
5.937156022678498259e-04
9.186523930241861664e-04
4.178549913515085886e-04
1.196298106676770435e-03
5.623298123835423568e-04
5.798700882240022305e-04
4.343829512925461225e-04
8.066312899362009523e-04
5.357518702532220248e-04
8.100173318960866842e-04
7.641910752944069962e-04
9.273975476277592726e-04
7.193943321156786447e-04
6.904552679028035404e-04
2.138453469291924831e-04
7.519768062468850213e-04
1.958918134916711080e-03
8.281282003682002455e-04
5.682102169813818462e-04
5.214418369814922353e-04
1.916915601065513706e-03
3.067507413440838339e-04
2.765689031875429374e-03
3.664818697090940118e-04
8.126171473011037849e-04
7.902577996303366019e-04
4.876386508249606379e-04
5.555751914444386364e-04
9.999387084980709145e-05
7.814134781098905531e-04
7.018358387713631748e-04
5.633339971671371196e-04
7.043173389700644596e-04
1.554514910925272175e-03
1.446434379737632095e-03
2.102318017292751045e-04
4.019327335119275485e-04
4.346235175308935496e-04
1.055948922230491322e-03
5.312018059954782840e-04
4.479213038397354858e-04
2.061031312430906728e-03
3.272790181548353638e-04
2.232698287978676470e-03
7.003962311327449359e-04
6.108341971498411436e-04
8.512608390276672808e-04
9.871543859464673460e-04
7.884482467553541839e-04
1.866713632672906673e-04
1.380688959069947298e-03
6.182742006653836522e-04
4.802150241343285781e-04
6.409715663279406245e-05
5.474790163378583877e-04
8.468766857245851746e-04
1.843280234715461785e-03
8.095827672802686061e-04
5.450740201413960305e-04
1.359617745682086855e-03
7.772134552942550024e-04
6.595198495943539740e-04
7.390293640264816895e-04
2.538443876985918492e-04
8.871123006560655954e-04
7.282914176505954741e-04
3.489435731337351288e-04
1.841481435962716512e-03
5.894946976325342921e-04
4.855760995608165553e-04
1.022412647769071342e-03
5.631161949514501726e-04
7.453492180920241175e-04
6.907563853145146137e-04
9.829539881286049330e-04
8.115806773898468027e-04
4.420012212033745994e-04
8.531251074339517510e-04
7.310919139171098615e-04
5.463833080016456756e-04
6.697621155879892284e-04
1.058504367089642146e-03
4.153358225395014291e-04
7.178097467732794156e-04
4.876386508249606379e-04
1.101278901957147881e-03
4.006442216833742075e-04
5.447728031179150613e-04
1.418922360070008510e-03
8.262938943055367141e-04
1.066098189741734393e-03
8.650046290995669828e-04
4.694001972224679832e-04
4.522114952663687667e-04
4.138288094475914020e-04
9.427206240941216238e-04
5.068406521637598911e-04
3.870280852720988252e-04
5.810120756720648597e-04
4.826830622106288195e-04
6.533891144869206913e-04
4.328466944326565292e-04
5.120396160228528944e-04
8.033681391958972639e-04
6.426089147504297251e-04
2.275351918822297436e-03
7.829440412041305383e-04
4.926562043331821636e-04
5.917294122394689462e-04
6.409715663279406245e-05
5.961333536979734633e-04
2.595235518164515191e-03
6.875967113960659242e-04
7.480380490861961770e-04
6.688208881866033496e-04
4.135969274931744553e-04
8.972689022629300615e-04
1.115062509204438161e-03
4.195762061139060085e-04
9.166632998848798022e-04
4.343776613830408959e-04
7.701018710924118849e-04
4.200648406312456522e-04
7.144333729016511328e-03
7.497732305081665017e-04
6.942098289634452985e-04
5.222981698189330373e-04
5.185642752219405110e-04
4.195762061139060085e-04
1.131690233128065980e-03
4.674044617544936765e-04
2.237898731079682299e-04
7.297979576784707247e-04
6.119346358164218236e-04
1.045705015377319932e-03
2.034318205426646851e-03
4.474087182860988902e-04
4.855352678453230615e-04
7.115810805514937278e-04
9.285976101160274424e-04
6.213253182958172662e-04
4.076510867479514640e-04
5.290970045783372410e-04
6.186365453990359288e-04
7.357603158822542894e-04
2.648941646618622504e-03
6.712899309555863184e-04
2.008753663702845128e-03
6.511871558001412459e-04
2.396242011524713292e-03
5.076204745336073635e-04
6.122513772473049719e-04
5.577776986576343191e-04
4.806592320744752312e-04
8.463942903164876344e-04
4.573262703714335532e-04
6.812787499139030074e-04
8.065108845729505611e-04
6.101466740454422871e-04
7.314030306789093272e-04
8.254692498771514213e-04
6.147299851924258518e-04
4.784699488769502958e-04
9.368401380100317699e-04
7.311937840480504328e-04
6.370189672647530400e-04
4.544174931603152476e-04
1.103246417819240795e-03
7.815965584855459657e-04
4.558062053121517262e-04
7.641221464816185015e-04
7.165378732138855860e-04
7.439710390276426180e-04
6.390476659864450376e-04
8.299103696946260418e-04
5.741169340033539913e-04
4.136977214022807738e-04
6.993589145603277190e-04
1.650653624360395822e-03
9.186354078930019295e-04
4.591740212659633472e-04
7.178875707495213816e-04
6.802017867939280388e-04
6.719504681038880513e-04
2.102318017292751045e-04
6.848371567534756402e-04
6.253671324139554967e-04
1.060550839568541372e-03
1.052021888266455388e-03
6.666404164161484442e-04
5.013909549634982480e-04
2.633393139735489170e-03
6.221859504447590627e-04
3.051847624504803124e-04
9.833775077148167090e-04
6.934300089150455476e-04
4.955910757968438234e-04
5.107765451817549958e-04
8.615793111407301632e-04
1.211655297558461445e-03
9.237588158624226249e-05
4.513331737714808278e-03
6.495691639015132527e-04
1.695134779733631662e-03
9.059930420122546887e-04
7.699689484973175780e-04
3.859410280677320112e-03
9.907583660925683728e-04
7.559819125368191913e-04
1.170671131529073955e-03
8.938495024342489907e-04
8.179873547517264485e-05
9.504378270717211627e-04
4.382542557878310835e-04
8.126171473011037849e-04
3.810179342674767811e-03
1.010457507786659921e-03
6.195305973350525956e-04
6.631746944144603856e-04
8.416780079034738831e-04
7.588177430710887732e-04
3.773378222702254833e-04
5.111636025906349679e-04
8.288161914375335917e-04
8.126171473011037849e-04
1.068140131335910655e-03
4.590952159857865150e-04
4.559536958424422501e-04
6.415010037230693208e-04
5.422036746072965646e-04
9.063166185870796723e-04
1.168130857073407551e-03
4.409278631585070683e-03
1.470651700734792143e-03
3.835380292759150251e-04
2.859403560807796413e-03
7.590239783493601304e-04
7.977938439878234055e-04
4.136113410582279728e-04
6.185823993469850672e-04
4.603198420204615430e-04
4.141301539676219847e-04
3.653209390532083812e-04
1.866713632672906673e-04
8.397824766152991657e-04
6.152370398303460847e-04
5.740097438120640239e-04
6.027951005635852821e-04
5.741680732468321113e-04
1.074268710899232461e-03
5.012745465391648487e-04
1.132739035288975312e-03
6.334775038716428889e-04
1.002908318422659605e-03
5.158281281012897434e-04
9.667818242321286198e-04
8.698738920792069024e-04
5.889424301554266458e-04
5.237855445883796276e-04
4.420012212033745994e-04
5.711196462441635747e-04
7.329824870204427155e-04
3.820333828238618506e-04
5.250071909298952358e-04
4.727752257810717757e-04
1.907501818374116552e-03
7.758559278752540523e-04
9.655934190281002458e-04
1.029929063084799061e-03
3.185634051014709072e-03
4.930972238238926462e-04
9.516116303753483765e-04
1.352892333039952240e-03
6.004957577456985877e-04
2.138453469291924831e-04
9.431311338029239747e-04
3.889979324713321125e-04
1.253168575636756611e-03
1.774057180221783080e-04
1.394890343963169988e-03
8.590048361970963921e-04
7.360959442235342999e-04
7.770006895038730722e-04
9.584392644963442634e-04
8.688515792306211695e-04
1.150467856858516285e-03
6.124204788017309237e-04
1.969321004700358164e-03
4.134280950312573043e-04
2.099141642611873117e-03
4.587016309086332775e-04
7.391827990446226890e-04
1.042468283477853124e-03
4.897994328985968157e-04
1.014030837003226460e-03
6.209342787109844823e-04
5.153867190840883371e-04
4.624714756468588654e-04
5.789853699705899311e-04
1.866713632672906673e-04
6.384040117668848520e-04
5.212249070937363150e-03
4.566332795558514668e-04
1.398950430587789099e-03
4.630676855987857004e-04
6.102320071837422566e-04
6.067769352028445874e-04
8.096598370777029511e-04
5.734350312118862260e-04
4.398156071333444430e-04
1.866713632672906673e-04
5.176882525839216409e-04
6.441392162651990612e-04
6.733718391534828946e-04
4.910653667086357357e-04
1.101278901957147881e-03
7.092835736279551459e-04
3.389417726014061407e-03
5.424065863176486717e-04
6.860421566394526993e-04
6.657583380403549493e-04
1.770617425707836107e-03
6.517747015522845112e-04
6.087392000427968488e-04
8.460363263934196588e-04
6.624900144684711884e-04
6.584631000302848102e-04
8.211905065351662045e-04
2.368130201716945639e-03
6.397108322328572995e-03
9.121378184202137999e-04
6.964131789312178258e-04
7.099088235254814036e-04
1.348711999836791752e-03
1.799496612774914616e-03
9.187736400577748005e-04
7.434638638036708243e-04
5.127030163298257164e-04
1.143675887728113922e-03
9.495684203051334973e-04
1.226971538503384774e-03
1.551603279151080430e-03
4.856865401700022453e-04
3.051847624504803124e-04
2.138453469291924831e-04
4.784995931487818414e-04
7.737437382406500566e-04
9.503892035873798619e-04
1.663997357411363051e-03
1.978453058642062803e-03
1.551603279151080430e-03
2.450976983026094663e-03
6.848478018501930531e-04
4.676901752403076601e-04
7.519768062468850213e-04
4.371557602571607718e-04
5.659786362033193772e-04
9.544972206066530684e-04
1.244969084340332528e-03
7.037004258845211456e-04
7.611640884865058208e-04
1.065486625345532772e-03
7.717416419064079608e-04
1.461140397284525468e-03
5.802606192332269552e-04
1.490133361797196625e-03
1.089579185420336445e-03
6.993589145603277190e-04
7.358943026245585084e-04
5.574087489109754573e-04
7.828329004544047403e-04
9.389733759735010947e-04
1.543695009612213245e-03
1.087175530692167848e-03
4.506215120721318297e-04
1.195531370608780538e-03
6.028611453074541118e-04
1.146895431747883744e-03
9.069350784443894285e-04
2.300923652484856096e-04
3.231284525612268836e-04
4.618197830680323781e-04
6.578344913310254973e-04
1.095201536613844579e-03
1.475169856161995816e-03
7.141197095522004538e-04
8.662494144599963046e-04
6.473478774770917953e-04
1.066051795632727388e-02
5.118106619604903497e-04
6.767592755688695656e-04
6.653150714996966617e-04
3.051847624504803124e-04
4.628167952033809623e-04
2.138453469291924831e-04
6.691629149679744881e-04
5.047786460604469999e-04
4.458090092176112394e-04
6.817903538868351357e-04
4.167119030131038559e-04
8.980706042303795425e-04
1.047787999942207272e-03
1.198880927345112417e-03
1.630294660880027367e-03
7.845971507757752705e-04
1.058307985834831821e-03
2.463374727634731493e-03
5.077393736614613630e-04
1.244975317570985078e-03
7.970690952286073024e-04
5.642034753327256459e-04
8.135071893530073294e-04
1.674345207844580132e-03
1.551603279151080430e-03
5.455009497146637689e-04
6.754719019557366318e-04
4.800353679164815358e-04
7.450944034270025980e-04
4.609901696019208213e-04
4.784937837003760529e-04
8.201257471008384413e-04
4.938569530894941365e-04
6.688058489532517368e-04
1.470661642167126392e-03
6.808999776342305153e-04
8.383574801713447123e-04
1.093389711539046382e-03
4.516759454263286023e-04
6.377143477014450557e-04
7.753929931039998252e-04
2.300923652484856096e-04
1.370613009731960373e-03
8.765424818696238582e-04
1.285957688645792633e-03
1.441261805236077791e-03
5.074986214540364504e-04
5.619367952165358173e-04
1.510292129318237860e-03
6.991222520066006380e-04
7.095633733068437395e-04
6.510092662688712374e-04
9.331178366038457876e-04
3.673109179059683886e-04
1.364833195906544868e-03
8.126171473011037849e-04
8.000003789616319701e-04
4.948660207448880681e-04
6.058327591799756622e-04
3.263627469107669224e-03
1.066098189741734393e-03
2.538443876985918492e-04
3.796106545909843418e-04
6.832484077225605898e-04
8.460510184210785810e-04
4.332194006029843115e-04
1.344709725125746913e-03
9.127043487297611815e-04
4.454295516732914204e-04
9.894784614453220727e-04
6.495691639015132527e-04
8.909601542571271126e-05
5.840285818428122113e-04
4.868443269509894512e-04
7.610511186790228826e-04
5.432870904110093449e-04
5.790502614973589302e-04
4.886858031276520437e-04
7.229714996851353782e-04
2.320142655869469276e-03
2.284425640541915600e-03
1.774057180221783080e-04
9.237588158624226249e-05
4.221949399076308689e-04
2.691385460283122946e-03
5.474790163378583877e-04
6.462722666437652631e-04
4.577467997259583934e-04
5.638432960924760198e-04
4.346347834569174915e-04
8.770243607352425780e-04
1.770617425707836107e-03
4.243018791676315201e-04
1.022412647769071342e-03
6.735900664592365042e-04
5.635841225035654548e-04
6.439489473132669825e-04
7.780424186684880639e-04
5.270817748333074234e-04
6.537348910930845195e-04
8.868842809662395334e-04
7.530780784326955753e-04
2.018884554417278449e-03
1.509821431301875674e-03
9.446638436760694275e-04
5.233457913459720794e-04
5.972067862160645568e-04
3.956528444105159286e-04
5.077058035559357720e-04
8.308685022085782320e-04
1.121197560995421767e-03
1.244969084340332528e-03
5.985631829066704766e-04
7.266509192612025493e-04
4.568685636706686028e-04
4.982144301643078987e-04
5.224517308709918225e-04
9.609111287509908284e-04
6.079492206339650803e-04
8.577768107695910938e-04
6.159515269473029566e-04
8.179873547517264485e-05
1.597747282214668574e-03
1.085706237364415317e-03
4.529492519114953694e-04
8.522148648098228302e-04
9.999387084980709145e-05
4.541140714460012787e-04
6.213804237515343403e-04
1.231978960482394466e-03
5.839072165753776862e-04
2.173929566884580302e-03
8.709738253304733814e-04
7.924787194234975520e-04
4.438603398158121223e-04
9.077133128167168535e-04
8.328276996678827268e-04
4.133880962068292803e-04
6.588421638025951637e-04
1.586225807593639450e-03
9.600103290681582125e-04
6.479345120499617515e-04
7.144333729016511328e-03
4.063433106744316378e-04
6.409715663279406245e-05
5.686598016873479133e-04
5.818343179796490539e-04
6.073281923067138169e-04
1.336757486374141966e-03
4.572930272565727591e-04
8.789090561763664936e-04
4.420012212033745994e-04
4.101489041318033242e-04
3.581358944045597318e-04
1.066098189741734393e-03
5.974491670955683984e-04
4.496174030953744910e-04
8.448412538425649531e-04
6.129846266273141766e-04
9.569137944179960040e-04
5.937280181878087535e-04
1.101537923648643552e-03
2.850343465426760474e-04
8.175163903849294719e-04
6.318168594826333896e-04
5.827967255314664028e-04
6.515932123676620915e-04
4.709613255433903601e-04
6.694737700871491786e-04
1.123181795222871716e-03
1.162383328450822435e-03
7.695083578312289681e-04
9.127043487297611815e-04
8.620489711136797295e-04
6.492310939889829428e-04
1.130181385624108451e-03
2.102318017292751045e-04
4.186815541629686178e-04
5.309516405115079739e-04
8.272830863618809176e-04
4.135969274931744553e-04
7.370488378435753564e-04
4.879964144732936663e-04
1.367576822329435787e-03
4.414750192236193706e-04
8.460363263934196588e-04
1.337701368358773990e-03
4.040450608183162153e-04
7.689516322217066586e-04
2.396242011524713292e-03
7.890044379853201548e-04
8.748267787722014462e-04
5.776680771396769561e-04
5.762495818641396933e-04
5.058260823722787215e-04
3.975997127662694538e-04
4.642452286338019521e-04
7.621343316719370172e-04
7.829041483163447310e-04
1.680185006880120444e-02
7.512863614996109426e-04
1.406059650819599686e-03
8.491910904553806073e-04
5.197090402741706434e-04
3.972815420511629949e-04
8.126171473011037849e-04
3.497253070681557909e-04
3.873691515539454838e-04
1.153007302378487647e-03
8.047039398980161164e-04
3.867642078338769519e-04
6.506835992252162039e-04
5.556040593709460004e-04
6.386736258151277761e-04
1.102049556443509670e-03
6.015730238386096836e-04
3.714598975379062836e-04
5.214418369814922353e-04
1.866713632672906673e-04
5.623191355894579906e-04
7.355432669702580356e-04
4.234155231914040569e-04
1.355138940778220389e-03
1.197678583016110793e-04
1.568378239890305746e-04
1.799496612774914616e-03
2.102318017292751045e-04
5.250319232893805189e-04
1.066098189741734393e-03
1.150505195891694159e-03
9.221890635013788680e-04
1.160239474204838783e-03
4.738919697163233467e-04
6.284582688720315516e-04
8.807335922347719372e-04
4.848264886440501321e-04
2.648941646618622504e-03
9.086810724112785211e-04
7.834709584213258964e-04
1.303030966029759168e-03
1.196821922641730200e-03
1.711160151885959086e-03
7.616247917290862876e-04
1.244969084340332528e-03
8.868842809662395334e-04
4.701426732853887036e-04
7.020959229020745521e-04
5.229857380693729877e-04
5.047505564152310461e-04
9.817039874635306515e-04
4.280963625790869145e-04
6.813096279125933994e-04
1.244969084340332528e-03
6.976113179960311992e-04
3.555222707865678643e-03
3.998870454714446182e-04
5.460039823668378159e-04
1.172562735354457488e-03
7.096210983786173333e-04
7.176324046349129814e-04
1.307405193952916210e-03
1.244969084340332528e-03
7.179161127944922545e-04
9.031708396973114807e-04
9.069883285304538830e-04
5.262486426919896817e-04
5.677044157065575403e-04
1.032056246427271763e-03
9.298152726404478301e-04
5.267248508463702548e-04
4.276132521415884516e-04
5.193139106242613059e-04
5.250071909298952358e-04
6.138154477320036844e-04
9.483475052208414999e-04
2.175610931607435856e-03
1.438379706081556984e-03
8.164260096280155947e-04
2.005398264703433468e-03
4.330757858982013848e-04
5.730848704048131835e-04
1.992322954255823595e-03
5.766670614567213308e-04
1.410759478143638109e-03
5.090514554997948617e-03
8.101598280036803428e-04
5.402389963076383462e-04
1.460626912239692448e-03
6.431473585262421694e-04
1.301034537085724377e-03
1.145413919222714296e-03
7.557052696228063566e-04
8.045233855118033833e-04
1.158150443081363851e-03
8.264349299283977636e-04
5.018755459598817298e-04
9.582084137529353401e-04
5.403074359994212072e-04
4.634285193669044050e-04
5.621297632124576133e-04
1.761391189408610712e-03
7.429506770529896616e-04
9.488929131632562602e-03
1.307405193952916210e-03
6.817903538868351357e-04
1.550817446227034614e-03
7.289574243748517951e-04
8.959452267394264844e-04
4.214721927988927829e-04
6.383186099562490525e-04
8.914173640511125320e-04
1.600776000856355503e-03
8.293240015440064491e-04
8.909601542571271126e-05
1.008434146397097246e-03
