2.592766919846670008e-03
1.097852578685838687e-03
6.386659574081794948e-04
8.257900749935928987e-04
9.374150454409292677e-04
1.079627055151453604e-03
1.017902491657251369e-03
4.540668774424701216e-04
1.279506951964880538e-03
7.428367197471732932e-04
9.393518982316925291e-04
4.723033792783006414e-04
1.279241698883571863e-03
1.780516473308889694e-03
5.700378984100763855e-04
5.440845882092023916e-04
1.005495462343247801e-03
1.141456482461523534e-03
6.544903391196057454e-04
4.387615219888678971e-04
6.792109363989957483e-04
6.949868102080299830e-04
9.995539959410976345e-04
7.096944631225899454e-04
5.628735877866170977e-04
7.750597548545106385e-04
8.398291167704880801e-04
7.237466356299724225e-04
1.132196624618742173e-03
5.963744395493639130e-04
8.769914854037497804e-04
6.874295902912930939e-04
1.431083105028675955e-03
9.270126342927935892e-04
1.063983741665153237e-03
2.609658984041000971e-03
7.318120076379790954e-04
7.741330362693435224e-04
5.771116557719253122e-04
9.233388443615377214e-04
7.859488305709771928e-04
7.245701711887124127e-04
9.791974074417472348e-04
5.964388822273852461e-04
1.134466377268068772e-03
7.567071288541266051e-04
9.890444089127598936e-04
5.820356723196596412e-04
9.094363177624258674e-04
1.659319010773857746e-03
1.008907335336333864e-03
6.019353654705728073e-04
2.515216850199443639e-03
2.965265207292996485e-03
4.966886156788190287e-04
7.110574315456572470e-04
7.503195114292825468e-04
1.549465082393099808e-03
1.280995910076670541e-03
9.583671034966394350e-04
9.265450623866970182e-04
6.460959496157162073e-04
6.693937753146888669e-04
5.110233087752197919e-04
5.445724509915347020e-04
1.648076807818710417e-03
7.423442553302666202e-04
1.003864398961416132e-03
1.116419250711808090e-03
1.157904577557040786e-03
8.106118679358971253e-04
1.173770284669905248e-03
9.497046169337762002e-04
1.172091655829618365e-03
2.192444018317234438e-03
1.257741734159054667e-03
5.757216193679703898e-04
5.462015614072207982e-04
7.365077497372851277e-04
5.614501532585721875e-04
1.810220198562564149e-03
1.095609107613160346e-03
2.225405451833474026e-03
4.554421650900444124e-04
8.459333814980474469e-04
1.478621476901465642e-03
7.087476748767506437e-04
1.963665011383365893e-03
4.823765130321874968e-04
9.969162178758421856e-04
8.491693899375087019e-04
1.061513982765448054e-03
9.719318302022089424e-04
9.255350292548487684e-04
9.405134761964800607e-04
7.792630487071432275e-04
4.475678271519438955e-04
6.911814975322294130e-04
7.025012405481220181e-04
7.242400441231408147e-04
2.986969524031873359e-03
5.603545568481374745e-04
7.480159467957583170e-04
9.080251221864381805e-04
2.134978704983480496e-03
6.655625420553594419e-04
7.281206909692513945e-04
5.978220839193977131e-04
8.356910939865723822e-04
4.923574265568815209e-04
5.873188727503766103e-04
5.470410982016382911e-04
1.421092965044698985e-03
6.825708837334607242e-04
6.188691118771698276e-04
1.223998022283215217e-03
6.462495782142570720e-04
6.198033564748754850e-04
8.842971390860102131e-04
1.084245341252336675e-03
9.475813360268817414e-04
6.291635260271009672e-04
1.179417668117946480e-03
7.438986409410881795e-04
9.891352719709834221e-04
8.712131265453574398e-04
5.490564851251247738e-04
8.560033854504163053e-04
1.698247915583618421e-03
1.828847754455652230e-03
1.159306705734453220e-03
7.970321702958845260e-04
8.849824059618179592e-04
5.706434382509511724e-04
6.349591751647594776e-04
5.962264801824698974e-04
7.302457290919190259e-04
1.171196784217487172e-03
9.247346731841682129e-04
1.124948238050088286e-03
6.083654540415651219e-04
9.799638683535207440e-04
7.891517546296432590e-04
9.120959497549309793e-04
6.018107903722180177e-04
6.443254449220621460e-04
5.292875942241934270e-04
7.820363117659588116e-04
5.123071615207123184e-04
7.149097747597321813e-04
1.097852578685838687e-03
1.689067689741805814e-03
8.347620243540358927e-04
1.247383032262129729e-03
1.563644609989851483e-03
5.911720135784319418e-04
1.140674627830541186e-03
6.216993138744615491e-04
9.124993060956883935e-04
8.277472206209627844e-04
6.813220493436613658e-04
5.806274340686928912e-04
1.408558198327434846e-03
7.639276045167298253e-04
1.393190516732692105e-03
8.527599597523581251e-04
1.352573172191092040e-03
1.553881494445558294e-03
1.092194090968433848e-03
1.186328265323204978e-03
1.183337299615726127e-03
8.376570080918976013e-04
1.202353429282417745e-03
5.814524156209684028e-04
1.121666966159413220e-03
5.162146044233116137e-04
1.573737092746319705e-03
7.525307203294070773e-04
4.653442469509624143e-04
9.285339687201954722e-04
1.159306705734453220e-03
1.035767040100252483e-03
1.018528949947094392e-03
1.050729800977704981e-03
7.944756240740781126e-04
6.704655963862782243e-04
1.140723236841063859e-03
7.292164218100492161e-04
1.382824509519808018e-03
1.073194023909066755e-03
5.557370547487341331e-04
1.049396714505023255e-03
1.159108940594080978e-03
8.185057818062952371e-04
8.776485029742905506e-04
5.293521001436102789e-04
6.992637003765198988e-04
8.861743379571854467e-04
7.751881074295054012e-04
1.821730986921554166e-03
5.376595118927879335e-04
1.008907335336333864e-03
2.074723318577479606e-03
6.756908170942031201e-04
5.023224845911612854e-04
4.193935308302771531e-03
4.851427141568682836e-04
1.046689074778265997e-03
6.592620154687911559e-04
6.270054564542586455e-04
1.017416823263325720e-03
9.922768673039004082e-04
4.879640016202416121e-04
1.829172448542060484e-03
5.128779861869125307e-04
1.147294697406259136e-03
1.357313503381274997e-03
8.295852226643727050e-04
8.537404116702994880e-04
8.825351628563179963e-04
2.457834684612690643e-03
7.367270672463669583e-04
6.935942403919715879e-04
9.362774427482872591e-04
6.637275592181370986e-04
1.042856766718153151e-03
6.874825678771349664e-04
6.244204475406240143e-04
8.023383737276605686e-04
7.273991986273194458e-04
3.102714389259388951e-03
5.136092240206900682e-04
7.032237440276711783e-04
1.015875009692683573e-03
8.723618030329617331e-04
1.065208413310113995e-03
8.066203590564245381e-04
9.325368186282250805e-04
1.544380780366783057e-03
8.134845878475136741e-04
1.049993540554442504e-03
8.249932823744138841e-04
1.289682570320541339e-03
8.581029092988498846e-04
1.456746331548029998e-03
7.281206909692513945e-04
9.263006871366373214e-04
7.026735603698811526e-04
5.736263496758691382e-04
6.691716890037025965e-04
3.994805886060617491e-04
8.203363301511629874e-04
1.187327225202961054e-03
7.770112838197812399e-04
7.060699375865342681e-04
9.588837925081874396e-04
9.334178447720199940e-04
1.003249337568164288e-03
5.220420646060959860e-03
4.824305509226055506e-04
1.308206865975781877e-03
6.689075864624214295e-04
6.845372682009920502e-04
8.544617704395640785e-04
1.563644609989851483e-03
8.007634839090579156e-04
5.186874783166998222e-04
8.963955502397859439e-04
7.457963886856939411e-04
7.401373848601963158e-04
7.829585699843757182e-04
4.630178152761693037e-04
6.217571008504835803e-04
7.369143339009128586e-04
1.002746696857141758e-03
1.002480196210942713e-03
4.965443533090668120e-04
6.390194122748489190e-04
9.392113944883118256e-04
9.076738238691920606e-04
5.410719766710625576e-04
4.607552052021782500e-04
8.285746566136573251e-04
6.186931694584605224e-04
5.416524414525703511e-04
1.379811701258565207e-03
1.025089135131228985e-03
8.346800987326472455e-04
5.774040967775459412e-04
9.001969771122726293e-04
1.037869847782406634e-03
7.024056757285399846e-04
2.557844146917776212e-03
8.413800993094583056e-04
1.943458865768725712e-03
7.480159467957583170e-04
1.280613666326513604e-03
6.417477780673305288e-04
7.207310818239706218e-04
6.962802349550686063e-04
6.146022339888162871e-04
9.680047726434270593e-04
7.380273326950296609e-04
1.036039007322966986e-03
6.219399851671193876e-04
1.400872325624448467e-03
7.853338674891473942e-04
8.744218484509320250e-04
1.230926444930492431e-03
6.540380964282426846e-04
6.406960952750048515e-04
8.787645703533282374e-04
1.054166194141837980e-02
7.745526218295414921e-04
8.000940500566589052e-04
6.674332177678079549e-04
1.598727488922016679e-03
1.118789565337879183e-03
4.831003942681813958e-04
1.504036398096162200e-03
7.298995112682931091e-04
9.748358930782477071e-04
6.362495270231027572e-04
5.040036651774216538e-04
7.451749062503140817e-04
5.616358882308843505e-04
1.346064848357039247e-03
8.171310931664103709e-04
7.389134966935373243e-04
9.076738238691920606e-04
7.005611866071153292e-04
5.322474061955018371e-04
4.517012738533429336e-04
6.700014887185784486e-04
7.480159467957583170e-04
5.068162134220504256e-04
5.724712299227180867e-04
6.264669109317195974e-04
5.954415176100886272e-04
8.967243334928305751e-04
1.070868922871559548e-03
1.596588478398857334e-03
1.326542967426731171e-03
7.364392279316526926e-04
6.852775837125230649e-04
6.038207199692796449e-04
6.210684444885491680e-04
4.412177622915109884e-04
1.067265424196137168e-03
7.399414294214467884e-04
5.806274340686928912e-04
1.051058826516038016e-03
9.324495506327631434e-04
5.957549616203743547e-04
1.306953230253194136e-03
8.504076700239580466e-04
1.062908600615496135e-03
1.144545382967447102e-03
9.125260068961410856e-04
5.300389387818540488e-04
2.680594900632661017e-03
9.865928729551475158e-04
8.085987470171883407e-04
5.464886887028030417e-04
8.493738151891382527e-04
6.845372682009920502e-04
6.384334508424999340e-04
9.720889368922371520e-04
9.365981667831017269e-04
9.835849118315503903e-04
8.748353708491470948e-04
8.564871745296882962e-04
1.151875043848470765e-03
1.233791302441799177e-03
2.833182104569831588e-03
9.087633940121951984e-04
2.076245664052015199e-03
1.372016618815254671e-03
7.306965679364501188e-04
9.753255674800900225e-04
4.759269434082211148e-04
5.618098074469114441e-04
1.413673389537343193e-03
1.578160055483060530e-03
1.475218617282696024e-03
8.229506242216465131e-04
1.700563000986468924e-03
1.125822772520167258e-03
2.057507274502868005e-03
9.791085815884096114e-04
7.150480969860468269e-04
1.520646061003090447e-03
1.008034580604864634e-03
7.380467176492116642e-04
5.654420943585607715e-04
5.326226923162732767e-04
7.754586406122210675e-04
1.047227164736785378e-03
7.603316438538285918e-04
4.679247760600884669e-04
1.202771971223946150e-03
6.390065776500484683e-04
1.013121777313613506e-03
6.845483909603475303e-04
7.240560756684935465e-04
5.667676902548384518e-04
6.577604002101205410e-04
1.122229368751242193e-03
7.887951820642639597e-04
7.588213294500590483e-04
1.186675417138343932e-03
5.427039683319105981e-04
1.190854165939960428e-03
7.343933888150153003e-04
7.041531246823792270e-04
1.168398306683574549e-03
6.672795579121707866e-04
1.274382079983634852e-03
5.546926291235865268e-04
1.337252273095608556e-03
8.373363747210989250e-04
8.166350954540098394e-04
1.077521901592186663e-03
8.753678751500278002e-04
2.439359852154688278e-03
2.069948412856034790e-03
5.410064601582729397e-04
6.102126082522832352e-04
6.344566699399158648e-04
6.311512287002379352e-04
8.883662182583352586e-04
8.693819896915016198e-04
1.591010659800131755e-03
7.693250667013246504e-04
8.543931680147570044e-04
5.150478225009997397e-04
1.131557845968867273e-03
6.330414754142733641e-04
5.837072010661344861e-04
2.237783969334374186e-03
6.998405185731772053e-04
9.123794746236662699e-04
1.052133440623140206e-03
6.559207006850125560e-04
2.074723318577479606e-03
1.432454523202534571e-03
2.758548436271783012e-03
1.140236428472922274e-03
8.188942812157458092e-04
7.116958847580313061e-04
6.091444737007459947e-04
7.806023122990273823e-04
7.312605859262938813e-04
1.122284894035217471e-03
1.235111790727539760e-03
8.895333109945126630e-04
7.369373190713112646e-04
1.461209354624824720e-03
5.364168981727560678e-04
4.247933813195794517e-04
6.692741898430135724e-04
5.749511365900066440e-04
1.142472882574120836e-03
7.890121094436500660e-04
6.683980256771015647e-04
6.696165506947804064e-04
6.121359219327142864e-04
9.453407523976803178e-04
9.139313684408901985e-04
2.582129353498200178e-03
6.809519122770371765e-04
1.320450532304494242e-03
5.921417560788243533e-04
1.035831519901509075e-03
8.433625092250249472e-04
2.048347979779339967e-03
8.235157317093808353e-04
7.034584783142887971e-04
1.279237652596452697e-03
5.361996841654661497e-04
9.291864052541793121e-04
9.611308448490378780e-04
1.749159013493015429e-03
9.691176905560748046e-04
7.963600767758651508e-04
7.938402070237891460e-04
1.622019821702554241e-03
1.127110166813400077e-03
1.085039669377291759e-03
7.339000165128446978e-04
1.073316862996017253e-03
6.616791656227221123e-04
1.152068592257503906e-03
9.286521773155749547e-04
8.912806024452593059e-04
8.894391055682634474e-04
9.480948386818053393e-04
9.462142240707889593e-04
1.975417697775264797e-03
5.772742470848633281e-04
7.557706451459936031e-04
5.932825887171369866e-04
1.558597259976934836e-03
6.780601829040349858e-04
1.614257501997310926e-03
5.997550111704308927e-04
2.257617499332485039e-03
5.959752208459446121e-04
5.030503390452864239e-04
7.501481183484715000e-04
6.845817698005304732e-04
1.127195782880195674e-03
4.935382932553829391e-04
7.434284186578114057e-04
4.745763693039582276e-04
1.168232346811899245e-03
9.494186213469133157e-04
7.382338329884288080e-04
7.616993632852239651e-04
7.556718801356031474e-04
1.062416896452988068e-03
1.045490284227763552e-03
5.010383805322158549e-04
2.533734141141419458e-03
7.486791151454256707e-04
5.564760194294678846e-04
4.696839290084747418e-03
8.476680406825392493e-04
8.468865952336665373e-04
5.978220839193977131e-04
8.369010619814875717e-04
1.178314564858698628e-03
1.302715881661550921e-03
8.633676294215968496e-04
8.709311485700958148e-04
5.681635785252275080e-04
6.725250005623106039e-04
1.138221112895893830e-03
4.132350772480359539e-04
5.691999286092776309e-04
7.062601462784657983e-04
5.715030776165746325e-04
1.176192650882437523e-03
1.980886487706180841e-03
4.366956085306293893e-04
8.333818770836013941e-04
9.835774202786378654e-04
6.262807396880173266e-04
5.121145515288343586e-04
9.453407523976803178e-04
7.884108229351433376e-04
1.186696702215468604e-03
7.257116068081377862e-04
7.259044129207762198e-04
9.087316552572773359e-04
4.850504549257001917e-04
8.828414777458918781e-04
7.024825460892563213e-04
6.979482475348271556e-04
9.957544338510899897e-04
2.697500250636205611e-03
5.000380460692858227e-04
9.024574922816615708e-04
7.312605859262938813e-04
1.012566716149227060e-03
1.108064185357200042e-03
6.745597837958447300e-03
7.352146037229277545e-04
5.591047812171167589e-04
6.940422380663956647e-04
7.115930516346764085e-04
1.237365233602464015e-03
1.081336580434976141e-03
3.329990089228335778e-03
5.869813115543532625e-04
1.579195064695002211e-03
1.131560537040785094e-03
6.912956741453937792e-04
6.695930711194038884e-04
7.182023980189766428e-04
7.175722720058137945e-04
6.460959496157162073e-04
1.423930851583826793e-03
9.125121198925414045e-04
2.065959307649248549e-03
8.765095753715230293e-04
2.250514704914787466e-03
1.495352559194700016e-03
5.943043837181908283e-04
7.000034532433764643e-04
9.111349268053980195e-04
8.808078654862918451e-04
4.737263954197472359e-04
1.282757672320613499e-03
7.518681226279182823e-04
1.047651878333774990e-03
5.693380430914002019e-04
8.699017161420751843e-04
1.797758352737446885e-03
1.316126965510127289e-03
4.684862775248193147e-04
5.557370547487341331e-04
1.323854596278123841e-03
5.903897497631560489e-04
1.871913192412452730e-03
1.382746643517038937e-03
1.424968244460598013e-03
9.886068809413961662e-04
6.348547067114551070e-04
1.162193054602636815e-03
6.022173059469956543e-04
8.149739145475603814e-04
2.161432265538998365e-03
1.188742777068166551e-03
8.797670195034886084e-04
1.335274634529246213e-03
2.350414104189356250e-03
1.145952020190689610e-03
7.769440614502227385e-04
5.401380482932707609e-04
8.363108716195302890e-04
7.621944197004485496e-04
6.481803283226609874e-04
1.147644336682172124e-03
4.794678327087093005e-04
7.312605859262938813e-04
9.699099297156560514e-04
5.588448878730584591e-04
1.361949783719965329e-03
1.380576985291084510e-03
6.809519122770371765e-04
5.943149369978170931e-04
2.142552236602332603e-03
6.704655963862782243e-04
6.219661838505431348e-04
1.348806516843242820e-03
7.897156717104834292e-04
1.953849710539210058e-03
5.313441795020209949e-04
7.519782924552515738e-04
1.096339477242479687e-03
1.119356757845640146e-03
4.079025230681991316e-04
6.542684845192298093e-04
2.771650217630823587e-03
5.795901988521964809e-04
6.298751597465259127e-04
5.850019212813306613e-04
1.022670196883118362e-03
7.244588369054179950e-04
6.577938259845972835e-04
1.277417290378712270e-03
8.808078654862918451e-04
1.408558198327434846e-03
5.791800656042666966e-04
6.754251748380392341e-04
7.124693709349723793e-04
8.880288579626935278e-04
7.089840181570867964e-04
9.840367899724101683e-04
7.370222537596670797e-04
6.177737269055431999e-04
1.119356757845640146e-03
5.681871621947533419e-04
5.892213248993855143e-04
6.581676237079694698e-04
9.719318302022089424e-04
7.449679646008218773e-04
1.328640647235179587e-03
6.945997368850662665e-04
2.430940840970212229e-03
9.152185643404825259e-04
5.908966446634677247e-04
5.490738150208291117e-04
9.949335494352741158e-04
7.801681854554641657e-04
6.453100918303265052e-04
6.841930580742125803e-04
1.003249337568164288e-03
8.831333884366425815e-04
5.911789917285482790e-04
5.762734347000990267e-04
1.014794943799090816e-03
8.920135916982552650e-04
2.544765532796105026e-03
5.456614573343869599e-04
6.330414754142733641e-04
7.842165661231164991e-04
1.448885700696890717e-03
1.714174194731231740e-03
5.409513481281726837e-04
6.879980871516614251e-04
6.487990150919186339e-04
6.487860611675404796e-04
5.578509058424524058e-04
6.111170027441683878e-04
7.978226726400956467e-04
5.323746882013616301e-04
6.359475470233347119e-04
7.215552484121966551e-04
6.205438676423512875e-04
5.770732422698636715e-04
1.273530607218151343e-03
9.159670343167592398e-04
7.436014320273929027e-04
1.200498476102895319e-03
8.598010285775957917e-04
1.156996958902015713e-03
8.126540775765625805e-04
4.211188896770093337e-03
1.448762176100533167e-03
1.321581429483067874e-03
1.045296685970904240e-03
9.371894625429831377e-04
8.485876066416240182e-04
8.738739919507363405e-04
9.125579911095463596e-04
4.280958031265254347e-04
1.265550723901902232e-03
7.571839924590728545e-04
7.038941403975654742e-04
9.034137144726536121e-04
9.627042300549607488e-04
1.876442409615464895e-03
8.138230275976355253e-04
1.368643705131221324e-03
1.215863910342820193e-03
1.351605174464698194e-03
1.111502236388870173e-03
6.235775502489268769e-04
9.553394331560924107e-04
9.147786193287979787e-04
1.612314669754226146e-03
9.383072706267056020e-04
6.315208149687295434e-04
9.535198537489855729e-04
9.047221737036937380e-04
1.235500100644865758e-03
6.923229642379275569e-04
4.835177258486126456e-04
6.496287988903495661e-04
7.729187210390615079e-04
9.963617067087135459e-04
1.236509001096635588e-03
5.247851886603637503e-04
6.946811831711386829e-04
9.719318302022089424e-04
9.332434674454370086e-04
9.107992573783802240e-04
8.762332826427361721e-04
1.824856413157310581e-03
8.541299619518322303e-04
6.845817698005304732e-04
4.434168572189169685e-04
6.096813240989331761e-04
5.024053287429844795e-04
5.959189319136104848e-04
7.366338550177639393e-04
1.060255332670366262e-03
2.158509949517138388e-03
5.215020626137214675e-04
1.375410561035743775e-03
8.293612828985708106e-04
1.116849966175237959e-03
9.961491459478744384e-04
9.925795842391801991e-04
1.355567743604026241e-03
2.073992599680087034e-03
1.090233330230812878e-03
5.384193607440633609e-04
7.645514061762726616e-04
8.182994560983511238e-04
1.153882150097775743e-03
6.954315165712536984e-04
1.877235156779211026e-03
1.102131838247716582e-03
6.763376021696437378e-04
1.670392345910806870e-03
7.305137990675710262e-04
6.241834076073752039e-04
9.645825602778474069e-04
9.640452266291001061e-04
5.457537193788054982e-04
8.262714576786343076e-04
6.085474287717456202e-04
1.546786540160708994e-03
2.162279064529202318e-03
5.405469587000308589e-04
5.022702206390803302e-04
6.848950590543907528e-04
6.024343527458024018e-04
1.080247400466996912e-03
9.039010318379849711e-04
9.528900654004388276e-04
1.547305813729066672e-03
6.740966020513421619e-04
8.160450492299179369e-04
7.140484784168126811e-04
1.238492403383728221e-03
6.333337121873273707e-04
6.563803535637339820e-04
7.774272876972561233e-04
1.004581329626025093e-03
5.023287608353034159e-04
4.846788402843745761e-04
7.159893389872948235e-04
1.237785585756721917e-03
3.182526762973541309e-03
1.016942732329284517e-03
1.705509671662466331e-03
4.626041957926842348e-04
8.678373809794902435e-04
8.418551098684541470e-04
9.099095083215422803e-04
5.997715369261565586e-04
6.319702858067042942e-04
7.592288442788863072e-04
7.622032321519459216e-04
8.672740071000001848e-04
1.439631155415912805e-03
2.718087363629355033e-03
4.999537599996320501e-04
9.087633940121951984e-04
1.276715837049919927e-03
6.493583561330457414e-04
1.300517949775174256e-03
7.291437252531668975e-04
1.182922530426763806e-03
5.875922081134635905e-04
1.464298314201116459e-03
8.625761496037973302e-04
8.190639612220270782e-04
6.465265807596060109e-04
5.273208868814913824e-04
8.420011267701066641e-04
6.928781030461017782e-04
9.250970695893356464e-04
4.539096466490015512e-04
5.840964140725828481e-04
7.208938399538377230e-04
5.529944090803097859e-04
9.825228810022919486e-04
6.807290158382650874e-04
6.987140002938052553e-04
1.024359927386177477e-03
8.519077801303187982e-04
1.141087920140127984e-03
1.034362472494918016e-03
1.264932350918465372e-03
2.584081752081785963e-03
6.597269891673861490e-04
7.905840692321494103e-04
1.615386796053083383e-03
1.064687343702962500e-03
8.174862678703596550e-04
1.279576848410630963e-03
9.565137134990113737e-04
1.714174194731231740e-03
1.141726208004045437e-03
2.643983930102424256e-03
6.803750778112783526e-04
1.554163958024888702e-03
7.544039244610187571e-04
1.928144454965818834e-03
5.801847563804160644e-04
1.040872074293157108e-03
8.506775313990261149e-04
1.072674519015348301e-03
9.114692811035118164e-04
6.260422134968846074e-04
4.504547960733225310e-04
5.330242357184105002e-04
7.428980990703907541e-04
8.679883029166561527e-04
1.563644609989851483e-03
1.061513982765448054e-03
7.062888525428617304e-04
5.677296614418287160e-04
1.529022634247275900e-03
2.809399175893052478e-03
7.775826833093537303e-04
6.439847731518845344e-04
1.800758275503680592e-03
1.207472253473017114e-03
1.019601754349921908e-03
4.650491221079003823e-04
6.835659900386264034e-04
2.675175465502669520e-03
1.167238313274538168e-03
5.453091527176071214e-04
4.670300747648089873e-04
1.089094991853483329e-03
8.563121901998462394e-04
6.417691839484168702e-04
9.470922916316416515e-04
1.147177316670130749e-03
6.291647859816346848e-04
7.352146037229277545e-04
1.447560826953618726e-03
4.986797487021338467e-04
9.516046254344106333e-04
7.428980990703907541e-04
9.804437708450005739e-04
1.047498414152299049e-03
1.700563000986468924e-03
4.835177258486126456e-04
8.201525458085700973e-04
1.070688031794972449e-03
9.378026996175050463e-04
6.710619485432994932e-04
7.330117027256453531e-04
7.369143339009128586e-04
1.300641861314159268e-03
7.781809582120272550e-04
7.509741731787086339e-04
5.140766822984353364e-04
1.506173622657214608e-03
7.480948839053480409e-04
6.802126751351995080e-04
4.743373306735008650e-04
6.921754455467758575e-04
6.767494105724232087e-04
1.065061137052078629e-03
7.815565997679928484e-04
7.359715947917692003e-04
6.810568887068069090e-04
5.908522839770263563e-04
5.151286987228290148e-03
7.145480321970552060e-04
1.004769203024531406e-03
5.807858105725242524e-04
6.234628733331091469e-04
2.222983378290158303e-03
4.696284774833765514e-04
7.354104647457277225e-04
1.495352559194700016e-03
1.013809564993685365e-03
7.033172669324920219e-04
8.204010264521821409e-04
6.274861351832325710e-04
7.164950312096335545e-04
5.834166179645381908e-03
7.927165887315045780e-04
4.684210674833112092e-04
1.762035763655703030e-03
1.633587081415520956e-03
8.936621432241984887e-04
6.739963122671050258e-04
7.044313998577000566e-04
9.161093719741013894e-04
1.109221746500965939e-03
1.532931003270092928e-03
7.102486840835681332e-04
8.351059747502905146e-04
8.862600387647792980e-04
5.464945136150694367e-04
1.118256575839015341e-03
1.008468251923018248e-03
6.076110826311773797e-04
1.051114514243690727e-03
8.026313040414716259e-04
5.845404519632507387e-03
6.893151124972522054e-04
8.209540264559029394e-04
8.566108603352185933e-04
7.741330362693435224e-04
5.620913454520346225e-04
4.682855451614024913e-04
1.067265424196137168e-03
8.587340066249024443e-04
1.564420591090310772e-03
6.515940168381922134e-04
7.343211139354630795e-04
9.734459626927237982e-04
7.914599392287092377e-04
1.252304576870870391e-03
5.449787319494058153e-04
5.150094558745323256e-04
4.388682401974303322e-04
7.407267845906664525e-04
6.093649501181981360e-04
6.336502760996388451e-04
9.723608110233731552e-04
7.600229503491698650e-04
6.799456239787133672e-04
1.620890755927265276e-03
1.219870006085928488e-03
8.963915570516703792e-04
6.924848421810776353e-04
5.741878210150116015e-04
7.298995112682931091e-04
8.598955222707999101e-04
1.010580339340788614e-03
7.781212824936923917e-04
7.517126078705304703e-04
8.784565641122693818e-04
7.245878807198513844e-04
2.653271880595621610e-03
1.397066914256797415e-03
1.002200166134325013e-03
