9.768268088798410121e-04
5.961772623085700822e-04
1.485763564399076274e-03
6.532034103972163058e-04
6.617551702073387653e-04
7.509505201983208457e-04
4.559618650208463551e-04
1.488529035955947358e-03
7.663048065185998304e-04
3.883087688436922397e-04
4.398401668811730957e-04
4.893953577467187498e-04
8.042365743621254087e-04
1.334645835708471364e-03
1.460079069654988135e-03
1.878356097467019344e-03
7.589307793708925838e-04
6.586242982155873305e-04
6.991006551196735953e-04
6.187488530933201803e-04
5.112888059636245489e-04
1.374131636605287372e-03
8.066205438598363694e-04
9.990800991209088100e-04
4.128464094239550500e-04
6.977266673538287407e-04
4.481494719404592684e-04
4.060245144584881264e-04
7.934118468019438295e-04
1.651600859519502260e-03
5.346473938999755362e-04
6.443087301899170713e-03
1.375332449122322392e-03
7.600560824684990998e-04
4.895775123582797638e-04
4.144267000939757042e-04
4.985512273633948936e-04
1.124065757130914868e-03
4.242290728696500183e-04
4.714220771989127224e-04
8.889840799913741997e-04
4.684536491472001004e-04
6.439334458027839731e-04
7.284856508870046288e-04
5.880883298871688626e-04
3.200776841663346885e-04
6.977900851512657031e-04
8.843358000498177185e-04
3.617775778172604853e-04
5.331799060584211606e-04
2.826390290274768437e-03
9.262809708860484520e-04
7.798447685580246454e-04
3.872461865218338383e-04
5.246160100695983599e-04
6.216279964683502470e-04
1.400237685256344429e-03
4.941655155732882412e-04
2.313224726351668925e-03
4.170175359381754531e-04
9.934061182411972786e-04
3.649279645904335398e-04
7.887281281108993181e-04
1.989872945901935940e-03
9.955589902011917781e-04
3.681934760289921611e-04
6.410526090799811404e-04
6.067509761825102361e-04
4.027645308101698070e-04
3.278642519617736874e-04
4.530417742256587373e-04
8.013010630480941207e-04
3.840460941888118899e-04
4.476015302431933735e-04
4.901328865480397354e-04
1.828467591900410699e-03
8.920656591920672965e-04
1.015564785732550471e-03
5.046463117332691687e-04
5.927413138650047689e-04
7.793593208968878144e-04
4.958849318228994787e-04
1.315384385263400997e-03
1.554180767111447122e-03
7.388087038183587148e-04
4.858195806620857612e-04
4.672848716767596293e-04
8.772656168419450465e-04
3.773519533273406797e-04
6.641063357872773517e-04
4.220126239629519828e-04
5.236260334056190005e-04
8.535252848469712574e-04
6.109948811316384763e-04
6.545909517118136652e-04
5.673084317184674905e-04
7.075963590414106495e-04
2.930790668367909586e-03
4.450657229262159286e-04
1.035503344622733680e-03
9.202810236755658551e-04
1.265940610618557140e-03
7.953577754282931990e-04
7.951482721471047352e-04
6.371134054537875386e-04
8.104464893483530026e-04
2.887633545305572959e-03
4.801541735951915502e-04
9.589523595316557522e-04
5.923347074595560228e-04
6.857737196706053173e-04
4.034157636058320617e-04
4.006883878820168259e-04
3.852691400226534524e-04
6.548137597869501184e-04
1.955833253771730330e-03
6.542326164234992143e-03
6.252700549275135283e-04
5.037678187364038858e-04
4.369826791564717684e-04
9.161212578628451101e-04
5.726770152752802328e-04
4.287509031805305680e-04
5.121518444803031464e-04
4.297208989732012986e-04
9.148647081909576330e-04
4.164422554759693675e-04
7.982642156513974820e-04
8.051760094690458853e-04
5.168779798081530198e-04
9.593479257642848271e-04
3.871681962516742171e-04
7.656979436058837215e-04
4.467994402680467401e-04
5.509343241124768685e-04
7.728758364843178090e-04
3.205215300783187393e-03
6.472637760671399402e-04
5.192381464511878651e-04
6.172786679635066309e-04
7.154983401175780489e-04
6.903420376320624358e-04
3.232862482126061163e-04
4.183618316333161547e-04
5.683344653684807134e-04
1.206070177700496954e-03
9.149534703807499008e-04
8.079222151761543272e-04
7.091125099279590397e-04
3.842130081762773659e-03
6.165400547682222407e-04
5.521032289731480280e-04
1.192061049095000753e-03
5.596164531159525043e-04
4.128427389238338661e-04
1.753743182536668388e-03
7.200667861894142433e-04
4.220945818340165957e-04
3.624921431059829132e-04
6.209802707631699491e-04
7.016509071761898057e-04
5.921535456441293739e-04
7.662575079665107656e-04
1.048687785593033087e-03
7.933982721488200360e-04
6.356282103793165677e-04
5.692722278279552933e-04
1.868571167018443857e-04
9.553239376700779772e-04
6.933310866047834829e-03
7.863017878573618077e-04
6.978334224707960021e-04
7.105806658744024274e-04
4.092378704990019952e-04
7.353819387061364884e-04
6.605580749527666497e-04
2.387765275827573915e-03
7.167874056221768854e-04
8.445184282871564391e-04
1.499289823979669438e-03
5.661333607306015536e-04
2.428344278083664851e-03
9.823190694911298083e-04
1.152475994420156706e-03
4.476015302431933735e-04
2.830401420837449708e-04
5.910453424470988931e-04
3.593838693139477479e-03
3.351342594476939673e-04
1.140021763395973782e-03
9.623660558125421774e-04
5.548828410167856500e-04
1.256212593837232683e-03
2.049297138145029921e-04
1.265940610618557140e-03
5.705490331679738489e-04
9.823190694911298083e-04
5.755419527299694043e-04
8.780143768337570018e-04
4.060927005048347899e-04
9.937149967066546356e-04
7.113397719777750676e-04
5.141601914435242789e-04
4.833381221482165491e-04
7.120378151454374773e-04
7.029444587958621387e-04
1.444842150534028386e-03
2.246641836499356070e-03
9.446453459873745259e-04
9.189108154291341507e-04
5.181194967077606874e-04
7.570705372203877367e-04
1.334163458893151315e-03
6.171860844655172994e-04
1.101857081768314265e-03
6.766083354808745095e-04
8.101442301754612114e-04
5.436486640820305596e-04
5.085976055566930696e-04
4.218375970894666215e-04
1.827585697430313214e-03
8.535252848469712574e-04
5.135971218130524520e-04
7.463410416963885043e-04
3.321135150508669129e-03
7.462498207377230540e-04
4.915118620811766582e-04
1.039567328084569633e-03
1.020701665397672452e-03
1.597792084163557206e-03
6.857737196706053173e-04
5.787940455998550433e-04
5.523221466870827795e-02
6.137432375752023854e-04
4.623314784172135217e-04
6.870634602862896786e-04
1.490463061736351522e-03
5.772836708809517530e-04
4.878994044101612007e-04
5.933476455428265874e-04
7.482456581598753709e-04
4.689484991319357171e-04
8.047535795991467376e-04
4.764417492610564927e-04
1.055628716453304314e-03
5.465459743863481431e-04
8.175683137304793832e-04
1.676157263640880779e-03
1.311049193181593447e-03
9.171129894948744756e-04
1.281587995533277390e-03
7.556016887049876295e-04
4.246486067657759874e-04
4.935115392749012900e-04
4.632011113910780554e-04
3.481508364732054041e-04
5.358526175558538584e-04
1.682778851466017926e-03
9.777313384358606290e-04
4.689842005922148570e-04
1.520045136421798804e-03
6.340917339612249515e-04
5.869513764114891617e-04
5.906077244114291093e-04
4.928730703604192144e-04
8.303814589292211673e-04
7.012052930083394805e-04
8.323261387319602590e-04
1.502634972487273306e-03
5.243137939046566345e-04
5.864137998695055209e-04
4.085611606880536228e-04
8.746011812041207430e-04
5.117543598151504461e-04
5.453844634130107592e-04
6.070452545473307635e-04
6.034924856474147134e-04
7.227082675939690845e-04
4.130286550285843959e-04
8.948154871141445702e-04
6.248919772758894766e-04
5.521131241451375472e-04
9.095796669560551493e-04
6.939324901300780940e-04
2.251146712199247803e-03
8.258655872241179186e-04
2.313734608113428987e-03
1.001553364191563053e-03
6.405835804570025752e-04
8.857164773330974614e-04
2.089813202775015356e-03
1.546878703010531094e-03
7.657463180505250273e-04
7.760511032946836116e-04
4.215558382221206183e-04
7.629787848777216117e-04
4.605432813301399550e-04
5.746288312944479795e-04
5.511526393026572107e-04
4.974700548330854115e-04
9.811210718422983326e-04
3.553596210772784654e-03
4.287983167925115855e-04
5.815529309626509815e-04
6.747507974857796728e-04
8.823627661495016218e-04
4.606295961118284620e-04
7.209985975285732084e-04
6.573683252921284914e-04
5.280911372875534597e-04
5.855220872980137570e-04
3.019252688968161974e-04
5.224110800657805805e-04
6.963369657621519809e-04
8.182638649765003195e-04
2.140536099245651802e-03
6.089018845850885722e-04
1.287263042069755744e-03
3.794658626030878086e-04
4.771448768150964243e-04
4.226352554876697601e-03
6.761060371146256033e-04
5.524469132530018161e-04
3.232862482126061163e-04
1.467862805447604346e-03
3.553596210772784654e-03
9.478422834589961396e-04
4.644659143562239879e-04
4.770603025180395525e-04
9.145158384705932711e-04
1.166929268608329299e-03
4.547157451459834490e-04
7.001464605563480648e-04
7.951482721471047352e-04
3.429275950990857643e-04
1.038932351095922741e-03
4.731768421161955808e-04
7.521448218644338768e-04
4.590654323828797004e-04
5.749588964969201904e-04
5.170544423726008715e-04
8.628260100010751860e-04
4.195706591321717179e-04
1.259646813865915099e-03
6.096963529443991418e-04
4.660744317406017787e-03
1.847696883077973393e-03
5.400716525523879255e-04
1.776430522859892601e-03
6.413364095671444682e-04
4.790197106775345237e-04
8.072838961542010876e-04
3.551790833514718382e-04
3.920771362341957523e-04
5.729806850960076541e-04
1.045182664448193700e-03
5.388741106996608682e-04
9.007240977921672585e-04
9.977998707851329710e-04
8.661429961029207172e-04
1.217921310083613365e-03
6.421898294303172213e-04
6.603607792778893150e-04
5.007948291393073863e-04
8.286570497121576806e-04
1.338001623575464823e-03
3.003264494546105845e-04
6.970708093242665047e-04
4.604488982248652754e-04
6.766295247864771755e-04
9.169913527080553921e-04
4.928730703604192144e-04
2.046589696188733966e-03
5.996370680422652682e-04
3.139479213387372041e-04
3.724910164009324030e-03
7.664021041492454465e-04
6.809655886488766687e-04
4.445320942353147881e-04
6.711458342629416599e-04
4.565517728769977798e-04
5.358195176960478014e-04
3.518959708196050628e-04
1.006009631516378887e-03
5.683024585604848529e-04
3.861682497721687611e-04
1.548253691965879647e-03
5.787946490216260356e-04
3.902752425159220439e-04
7.919627379016969983e-04
1.072525340747485087e-03
4.144802784425119968e-04
5.466755953719129504e-04
7.978569478583404269e-04
5.245622673711257920e-04
4.122400024372924708e-04
6.251788512901763689e-04
6.371635292759334629e-04
3.827633964536976104e-04
7.009658074687377151e-04
5.056339286464261572e-04
5.340440910209278942e-04
6.799707092994768023e-04
1.340081729545607430e-03
8.565342288150971277e-04
2.830401420837449708e-04
7.360630209020850925e-04
6.753966574532299693e-04
4.160372633960326473e-04
8.418242369883735012e-04
8.972884866580283208e-04
6.892467726604410748e-04
3.401018201022206595e-04
5.468434742651649911e-04
3.907849340628613229e-04
8.111588654373541336e-04
4.271522559940079799e-04
8.200015466551513737e-04
6.078702961789938120e-04
6.517109038138554694e-04
4.655228835707585569e-04
4.818170666779968895e-04
5.818230556456913723e-04
7.354372012819380836e-04
9.297489768274291551e-04
9.324706632811878082e-04
5.559061585558098661e-04
3.827134824921529137e-04
4.768389342395585890e-04
4.336492767204666718e-04
3.541912429653166594e-04
8.553502759737107363e-04
5.445483545042074068e-04
1.399874309852714620e-03
6.205348207316704022e-04
5.223564787189998500e-04
8.344350250978704127e-04
1.529879389049408839e-03
6.758594005551608799e-04
5.432723121592492131e-04
4.495111854459291935e-03
9.623660558125421774e-04
6.507937676937678101e-04
1.146837635885753067e-03
1.324136966249918465e-03
8.241276586914360498e-04
9.974731649099164744e-04
6.606131642961048231e-04
5.227006146045481017e-04
4.064738716827815887e-04
1.296040791117078353e-03
7.180297427327724403e-04
1.098532947154694022e-03
6.043414905557715610e-04
3.553596210772784654e-03
1.373425707943383119e-03
4.767523770392640596e-04
4.337624212980228065e-04
1.439483644061673867e-03
5.460389418691696719e-04
9.273296056518624949e-04
8.189190081926817598e-04
6.057467130133412916e-04
4.522792318425210224e-04
7.149411817401003701e-04
1.297556809967364286e-03
7.782680246033055410e-04
1.012001817046529611e-03
5.775904349112100230e-04
7.947453693995683559e-04
6.172839305809980481e-04
7.606063909043739085e-04
6.590056548633989103e-04
5.749235956674748427e-04
7.858016815951395211e-04
3.891152783385442063e-04
8.239143799756691198e-04
3.988255780426906488e-04
8.013927210939809139e-04
1.023143668079702683e-03
4.530484743594638758e-04
3.889632277003647848e-04
4.012061152661038251e-04
4.462686979682504063e-04
4.835516073782412136e-04
2.033219644395912670e-03
1.181122951442424790e-03
7.778946700772166982e-04
1.691674501149341208e-03
1.825266351260012481e-03
1.002418105223731350e-03
3.838782781893289265e-04
5.575047025878703769e-04
7.938470846425351455e-04
1.119561426760862146e-03
1.100085045156036674e-03
6.033002761924866064e-04
7.766266435868958949e-04
1.302295760320004627e-03
4.054925340577945968e-04
1.702555582980870303e-03
4.107039282341410280e-04
6.498852031796635261e-04
5.040238789044851429e-04
8.588689106287727363e-04
2.893902898725442437e-03
4.005246305307908036e-04
6.967276937368508012e-04
2.487943210719641227e-03
5.598174674756162652e-04
1.190656085477869146e-03
1.419451472866832238e-03
8.115729873657005810e-04
6.821180731396574203e-04
3.404742243486944681e-04
3.979268126015829171e-04
6.210805453112163040e-04
5.283901892504948338e-04
7.639836710735017607e-04
6.831572218193860931e-04
5.262861516276685870e-04
6.777164291463376889e-04
7.558971006509317657e-04
8.633880430534524942e-04
4.580946882861107049e-04
7.617577105838561381e-04
6.182006348666498757e-04
4.622101888103527772e-04
3.590590294273933621e-04
8.244980248395289858e-04
4.094630096559132688e-04
4.356950108644784200e-04
7.147174070344204048e-04
7.842252366457913354e-04
4.366980789327672900e-04
3.073828985458880642e-04
9.350870126497654857e-04
5.497584422034563784e-04
5.797075866073531309e-04
7.098269718742453507e-04
2.147940481802820822e-03
3.978615753520574512e-04
9.948039513991502672e-04
8.712113878510799108e-04
4.779180699325815632e-04
8.241276586914360498e-04
5.738475551970650219e-04
9.069077038379973069e-04
7.362975589246093010e-04
4.213839623302927107e-04
7.246407749075668529e-04
6.384754166758458468e-04
4.288786344943432919e-04
5.535546553610853253e-04
8.389531810436312879e-04
1.125073097799202202e-03
6.403873398953890354e-04
4.198216422084017100e-04
6.122163161402270149e-04
4.704951833941333492e-04
5.183134857262363141e-04
6.392541097898884594e-04
1.051516261210119025e-03
6.779083908980665894e-04
4.434183939477339201e-04
4.632577868785357593e-04
4.104654833022531387e-04
7.753459580915657030e-04
9.786391473401091952e-04
5.012628779831159375e-04
1.424688980042641351e-03
1.118258732422381654e-03
3.895943969659938734e-04
9.722516399047983517e-04
6.466557141509241555e-04
5.251099126453650460e-04
5.133465929377916672e-04
6.715680506816126523e-04
4.723912757030916069e-04
8.495605982782735658e-04
8.161927721811478888e-04
4.133699994025417544e-04
8.462391669753273771e-04
5.218406449284402737e-04
1.105257178192041098e-03
5.800692472980652778e-04
8.004791278913781427e-04
1.177501249418762622e-03
4.669983716730382564e-04
5.865347869692366222e-04
6.914185926835769800e-04
8.388990367157916949e-04
4.537321686640209402e-04
1.585394827030682388e-03
5.195116383104400474e-04
5.931394079819429484e-04
5.617927450807548833e-04
3.705667629641679886e-04
1.936034669221983057e-03
5.964329206870968040e-04
3.668034486697222159e-04
4.071211074130451813e-04
6.301941095405969072e-04
5.758515815101721003e-04
7.208528374768466765e-04
3.873159680039559645e-04
4.285103174187836965e-04
6.487924874007022953e-04
6.149314399934505126e-04
9.007495064178454346e-04
7.287298024689261699e-04
5.776314093668930309e-04
6.058502671503510030e-04
5.595046117809507162e-04
3.626789405152801987e-04
7.772806635429602541e-04
4.766963838776867228e-04
6.503794489906140853e-04
6.505208540514359353e-04
5.486830303278064603e-04
6.860674516229237942e-04
1.197450267707961128e-03
6.797916868551174977e-04
3.852691400226534524e-04
1.543203284156678158e-03
6.045534429019752643e-04
8.176132569596104025e-04
2.382052975955512540e-03
3.810904899264433801e-04
4.593199662489222076e-04
9.696636959386399982e-04
4.932782154997656992e-04
4.994921280313015244e-04
6.607279757904582600e-04
1.030820957947825014e-03
4.879225979634530127e-04
8.750903684168232248e-04
8.652369676693281520e-04
2.980020693232849054e-03
7.925621860296518800e-04
5.617611020754920787e-04
4.909386931643697693e-04
4.152147299613246343e-04
5.137637549025151533e-04
5.509343241124768685e-04
3.553596210772784654e-03
5.079159621626848711e-04
9.213734975464865033e-04
7.821631684598210699e-04
4.122400024372924708e-04
8.220587906991814672e-03
4.423850506286516621e-04
9.290242198257348460e-04
8.921921879817247894e-04
1.469384684340837698e-03
1.212281522237844932e-03
7.977727844421593191e-04
1.824381638001399460e-03
1.083371900621915443e-03
6.434837611779646582e-04
4.060523682906974261e-04
8.548319768231731454e-04
6.569024732577883252e-04
1.423003188649893825e-03
6.659223680325806463e-04
8.015699649100027245e-04
9.977426444962667149e-04
9.968182243001685091e-04
1.676157263640880779e-03
7.084545843556406619e-04
5.080506663823037379e-04
4.956491010993548238e-04
6.574442811568041939e-04
1.617581993357254406e-03
5.293409626342858660e-04
1.845480369473491119e-03
9.563917311925441327e-04
4.025828501848259847e-04
3.169624819658624186e-03
7.644809239202892326e-04
2.049297138145029921e-04
4.208330603623378096e-04
5.442698375621035515e-04
1.139363961028915960e-03
2.830989318731281612e-04
7.266679028845088708e-04
7.211740583965388970e-04
3.058541356639110295e-04
6.311077235632449106e-04
4.089258549122119649e-04
1.568035156211461476e-03
5.330683680098830240e-04
1.192061049095000753e-03
7.427529865884350321e-04
8.132721223363609600e-04
8.604016359936429541e-04
6.698279619778340971e-04
5.813571758105103666e-04
6.719742767056747449e-04
8.518455404043493622e-04
7.209726803147176004e-04
1.146202177615991821e-03
5.118835550692964935e-04
8.312137810038489668e-04
3.667272965911816960e-04
5.939073761238713783e-04
1.327151632876996841e-03
7.415709066941129001e-04
3.980222816584505149e-04
4.833696084989416502e-04
3.919842634811243273e-03
1.770656733743871877e-03
1.419451472866832238e-03
2.676356852137168948e-03
8.699098697296622947e-04
1.058762703417740923e-03
3.500960514773314479e-04
3.720128426920198909e-03
4.864265902402032651e-04
1.004531978300036814e-03
5.708011029672389143e-04
3.725234941289154488e-04
1.558466291250465039e-03
4.427012543855367126e-04
6.992164578486989579e-04
4.047493985717475298e-04
1.482308846358766814e-03
6.453033005020426946e-04
3.744706409184896242e-04
7.635731567563135798e-04
2.246964275752322184e-03
7.118036921928926324e-04
3.362518166075926119e-03
8.598573869006213540e-04
3.891566702541751177e-04
6.810187071042433536e-04
6.067044049311258588e-04
9.327987068274643792e-04
7.696151995725404290e-04
9.980877735144336443e-04
6.007126097176745602e-04
8.161927721811478888e-04
4.124158007914781191e-04
7.248628166315152855e-04
4.656371419532144020e-04
7.388087038183587148e-04
5.967730475398266626e-04
4.683356362066136034e-04
5.188501392870887609e-04
4.832369217739033063e-04
1.075081995702422072e-03
7.788432482031720826e-04
4.128098019603486444e-04
9.835001931177199484e-04
3.968113549030324243e-04
9.222101360577986216e-04
5.927413138650047689e-04
2.430513542417259143e-03
6.977465373015293969e-04
1.328541573690325637e-03
3.815860633156052564e-04
3.893449906792759369e-04
6.740513837701506963e-04
8.036689926285957514e-04
2.616557777585700514e-03
9.388145980990842028e-04
1.085575586424372251e-03
3.757777995593300849e-04
3.428120425608531269e-03
5.152087533008622988e-04
1.404243750179635106e-03
5.729876522314470821e-04
8.806594661952860418e-04
6.352286438927102520e-04
5.916841231447512138e-04
4.314237633417646956e-04
1.651688922770932913e-03
5.344336018133133328e-04
5.254263248463356562e-04
1.103659049490232115e-03
1.054023580967228604e-03
3.983379267789226123e-04
7.365530576986025488e-04
4.419816711646083556e-04
3.244534849192634487e-03
6.339128489701843392e-04
2.830401420837449708e-04
2.887218606456381739e-04
9.570526870433636183e-04
4.307628411872230201e-04
5.797665306900194951e-04
7.270264224397437504e-04
1.033796483689868560e-03
4.128098019603486444e-04
3.436555086283904384e-04
1.850571725401034670e-03
8.746011812041207430e-04
4.150942128304921288e-04
5.846983584569042736e-04
7.412543208547960755e-04
2.674298183730649051e-03
4.342288996775672447e-04
6.832522893017468077e-04
2.935331630680312561e-04
1.857320079205604293e-03
5.012316869529871016e-04
6.388636473574176022e-04
1.162933126784725622e-03
9.979477640216451086e-04
6.104717381627290922e-04
7.264194407941968910e-04
1.061917873632461842e-03
3.243433017821940097e-04
6.698279619778340971e-04
7.620542075063205766e-04
1.209506156618948228e-03
3.720128426920198909e-03
1.059394048754670400e-03
4.893709708970745819e-04
3.619995549665853290e-04
5.290183710997422130e-04
7.621065002242547294e-04
1.596121063398104950e-03
5.936835388251371923e-04
4.618127807965502203e-04
5.427736685940669128e-04
6.056217148279204694e-04
3.760641312554354582e-04
5.004895364719438118e-04
9.334572003213947302e-04
3.919842634811243273e-03
3.828996018038446805e-04
7.385727590858157457e-04
4.999127533683556893e-04
9.149534703807499008e-04
8.329431993187967620e-04
7.818895908756441160e-04
1.490463061736351522e-03
9.567779990207579558e-04
7.501622838538656154e-04
2.378576900839795855e-03
6.246684761450449312e-04
8.168390984642325122e-04
8.613647349622868734e-04
3.073828985458880642e-04
5.523221466870827795e-02
1.931461768262591550e-03
5.355321777678903822e-04
6.594406457696650251e-04
3.078154963739580157e-04
5.133098554549204301e-04
1.033934866116939912e-03
5.213655532863885811e-04
4.752362548305500279e-04
1.072321185967020640e-03
7.561817868036994255e-04
5.527404803804306620e-04
7.764639814957875535e-04
8.693809584100997646e-04
7.228582987617788221e-04
5.127313705366674237e-04
1.188958780750262560e-03
3.940351764707813380e-04
4.326995429404888855e-04
1.380276430880097386e-03
1.372103058796717880e-03
1.490389902479689454e-03
4.660744317406017787e-03
5.090817456409758163e-04
8.468713114438156326e-04
4.408278615204558586e-04
1.059468667395332617e-03
7.464431393087404961e-04
4.223041484574628223e-04
4.872025372196330385e-04
6.938146828999823936e-04
5.419360801038353723e-04
1.344131463013338102e-03
7.108459722258457167e-04
8.499192529556043579e-04
7.984999723571145711e-04
3.629095903241482519e-04
3.746903303711301980e-04
8.231315008283150757e-04
1.014743368848453108e-03
3.160681408304339812e-04
1.529879389049408839e-03
5.648736697331461359e-03
2.060779157584704776e-04
8.043419852873110246e-04
3.992108972649734697e-04
1.259233641204564932e-03
5.270950671143581189e-04
6.295084526989043819e-04
4.318299119815951700e-04
3.960608138851388080e-04
7.890381296634208863e-04
1.132396804896833569e-03
7.201487896764242847e-04
7.137863904141479501e-04
6.102982142922715398e-04
3.766927116586968479e-04
1.393738346283632679e-03
6.572181451084417505e-04
4.203233295216084122e-04
5.340072721456024657e-04
1.094728285856352585e-03
1.481161226083320837e-03
4.169229871579711063e-04
5.573406077608036250e-04
7.563410292208880802e-04
7.476204373616027188e-04
6.085791486781483945e-04
4.085611606880536228e-04
3.406895464897401562e-04
7.125731232318774843e-04
8.850071538047421006e-04
8.192842963551627252e-04
1.154633126772539259e-03
6.216630840745843720e-04
5.473743310935433315e-03
9.758754788357910763e-04
4.229173343378477478e-04
8.716966695500513989e-04
3.394802053480104175e-03
4.947186116054953092e-04
4.902114165211667865e-04
8.364745322029004844e-04
7.518607968451275622e-04
4.331095730785047252e-04
5.114712666076792888e-04
5.495717130291357354e-04
7.583084938747162605e-04
5.225485872639122620e-04
1.017491475168138702e-03
1.999692773176736573e-03
4.875733991380464959e-04
7.766266435868958949e-04
1.150048385562007754e-03
2.461930830686670686e-03
4.698878840658426634e-04
5.436629666538968881e-04
6.636978538306162207e-04
1.443015475392122986e-03
1.180861530114955902e-03
5.594305862786925609e-04
4.834749386456782322e-04
4.904499595031687649e-04
1.344554155054763058e-03
7.326912863487720006e-04
3.994600909297000495e-04
1.954194437752109978e-03
3.767302228634168823e-04
5.902058798789680842e-04
1.131478505418616679e-03
8.463730281107823472e-04
5.062059515631139178e-04
7.815557565128255493e-04
4.315248906474453052e-04
8.554868739774644298e-04
6.428108018462978628e-04
1.106053082241062989e-03
4.459245956469001793e-04
5.454393342721891320e-04
1.334645835708471364e-03
1.735196103065595168e-03
2.634818515701168110e-03
3.202498240868911100e-04
9.482868711002347042e-04
7.173275227224738381e-04
4.304426357945341096e-04
5.412127499305226372e-04
6.188555374216359170e-04
1.166393650628089543e-02
5.224110800657805805e-04
4.117597863653300427e-04
6.391723491296577185e-04
1.003263687899388391e-03
1.136342328559466998e-03
9.247066611187045601e-04
1.397532479483493649e-03
5.557629242851299962e-04
7.349087155393371372e-04
4.460359140186243585e-04
7.001464605563480648e-04
6.689542151491835497e-04
4.848091317859408835e-04
6.615559081048294834e-04
5.673675755408846355e-04
7.778798472369824859e-04
5.809417376767397542e-04
4.362235922143462073e-04
4.852119808970525340e-04
1.160925817058618614e-03
8.121404370201261826e-04
5.279984242417371269e-04
7.278661690403529774e-04
6.426673882775444258e-04
5.179652575793478302e-04
6.201135904332263351e-04
