1.047405482666440620e-03
7.195873490831376611e-04
9.509577111038257759e-04
2.458733474302694615e-03
4.615101010951440743e-04
1.083297585641249897e-03
6.167198666008810639e-04
5.568465450169787605e-04
7.711297667454016088e-04
8.416115725395417399e-04
2.060336832719239768e-03
6.824747211872171215e-04
1.447597761613817705e-03
9.764226913044402436e-04
1.223650530647731657e-03
1.070490774281883731e-03
8.932207651389385524e-04
2.314611752649283014e-03
7.092131200441772771e-04
5.811038720446701136e-04
9.204410138929041123e-04
4.830963669722268821e-04
1.832212833189167129e-03
1.183001205067977938e-03
1.057940430420742720e-03
6.082862063745328972e-04
1.174531552525828184e-03
1.050319437543027279e-03
5.769124202199523224e-04
6.912249868029427934e-04
5.445496055118629469e-04
2.915244769127169500e-03
5.678336359811399399e-04
5.753049038919825359e-04
1.957046445418743601e-03
6.923409835887935852e-04
5.479843007962247915e-04
5.516169191220940795e-04
7.786859759576955078e-04
1.701878901500794789e-03
7.512953167684523117e-04
7.622462033602783304e-04
4.512804128653156955e-04
6.349356671634808109e-04
5.321017025788452471e-04
8.834302535848422965e-04
4.961405153353544168e-04
1.093202949641616144e-03
8.923890071254746321e-04
1.382516568638389497e-03
6.249754901001989757e-04
5.370558124301183381e-04
7.078340031349422429e-04
5.269038862320840361e-04
6.584667457697816707e-04
1.052195414840761912e-03
1.116890933549224193e-03
6.392022792736870313e-04
1.340695855036459208e-03
5.022206474289388559e-04
2.174551945589189243e-03
1.061139389519246941e-03
8.355633622487975776e-04
6.356346806534942263e-04
5.646874180538528432e-04
6.487348483899892148e-04
1.457646450208636806e-03
1.085167336434538594e-03
1.535127017208842704e-03
4.368293192269213335e-04
8.560037453012145532e-04
5.416352389330765038e-04
5.717346806497300036e-04
7.628484528078271478e-04
5.508510317457472952e-04
5.201359521971382150e-04
1.096939276113616246e-03
5.902768989752470380e-04
9.238069605575271797e-04
1.147993509503477750e-03
5.699415758156177588e-04
5.665983155815468688e-04
7.415402044377419682e-04
7.042076945442070747e-04
5.699412473723960287e-04
7.165978325058659174e-04
6.320735351658282423e-04
1.195089612420891650e-03
1.155331563128683334e-03
5.015316454790294315e-04
9.792161888247516086e-04
6.419097733782897636e-04
9.427383299840537932e-04
9.424518624087853012e-04
2.151027685744758521e-03
7.043976320148465434e-04
8.882010611543971141e-04
1.037042737758055774e-03
4.613493602770602506e-04
1.325130138616271123e-03
1.282444527356155477e-03
6.528160637666668249e-04
5.086582569936455968e-04
6.850184206260232899e-04
7.391097327638954063e-04
6.082812180447938217e-04
7.348546567313109972e-04
6.524883030476461183e-04
6.570320835310775563e-04
1.172832141543075392e-03
8.566724594713097949e-04
1.811069219555098064e-03
6.463765826661936609e-04
8.773363878536757617e-04
1.081103544841144348e-03
5.268238550837330350e-04
9.865650684027452849e-04
6.681784639812700290e-04
1.076068828992703163e-03
6.631721476067248700e-04
5.842561619558898998e-04
1.026736040270035451e-03
1.083085166550629098e-03
1.661077509895201101e-03
8.830819051570793594e-04
7.116052524562791089e-04
8.307947854016244213e-04
1.026937860102336694e-03
7.139420635926736237e-04
5.676020539963892329e-04
7.211946363302179901e-04
1.304577282842552454e-03
1.220821780106356872e-03
5.881857491695351853e-04
6.575084481281080881e-04
7.932817462080966799e-04
8.700965725710673804e-04
5.642530337835369690e-04
1.591127447125190511e-03
5.481703320596673654e-04
1.049361359811567867e-03
5.707039667003011539e-03
5.359761740431576724e-04
5.537966065622634783e-04
8.232616702963346496e-04
1.261899870945614377e-03
2.409150073633376399e-03
7.191463848607575638e-04
6.631721476067248700e-04
5.262345345042516130e-04
3.928247858095529582e-04
9.889848710351830437e-04
5.224906957882261005e-04
1.037923163442539291e-03
4.116985549449209635e-04
7.960216777334764909e-04
5.590371190242078830e-04
6.845825504609996844e-04
4.966257397332537061e-04
3.737810590258647671e-04
3.445381703930412622e-03
2.088503460071318516e-03
6.757862427727177792e-04
7.403680347815665532e-04
1.798111683099385023e-03
6.511086124389599663e-04
6.460249419547415628e-04
1.193254205962340428e-03
1.605541574263811460e-03
6.944228440171779657e-04
9.850598668815805595e-04
3.799290091747914476e-04
6.282770623118482832e-04
5.169057347402254872e-04
6.477097449611530968e-04
7.290345436305363525e-04
2.201518779579381049e-03
5.587839920786612799e-04
1.032912424432019024e-03
1.358545049257553613e-03
1.289886081284524972e-03
1.265936153428527319e-03
1.143871489589786111e-03
7.579738183733833847e-04
8.104652923263323165e-04
6.626129430299191594e-04
6.372294525934623895e-04
1.264101124645463552e-03
3.681242479789482384e-03
7.497637687323381725e-04
9.663385743402780987e-04
1.749519406394666778e-03
1.616845608525809821e-03
4.407511120412615992e-04
1.958793288562766469e-03
7.184572279213697482e-03
4.254985563042202028e-04
1.081648652759604123e-03
1.480383564637609284e-03
5.873912019138892958e-04
1.077269435552074498e-03
6.585432141840280845e-04
9.523884872752533259e-04
1.251886732631018583e-03
4.523573419864338201e-04
1.709240087154015016e-03
1.090820658922761347e-03
8.595581829550760691e-04
7.322951315258549804e-04
4.371764794498084715e-04
6.743855252423839848e-04
7.246052506561000616e-04
1.017071974465758987e-03
5.154589123606815758e-04
1.610801089944445801e-03
4.132030900822441350e-04
6.082304898995632677e-04
8.603600176732430866e-04
5.791073948584680086e-04
1.050319437543027279e-03
6.742200756278084921e-04
1.105987754997097726e-03
2.664488954419104525e-03
5.969816912124395079e-04
2.201518779579381049e-03
7.642146456398453370e-04
1.006281250766643274e-03
1.407065281786696069e-03
5.740321740747714521e-04
2.262661256168517401e-03
1.150955514692410166e-03
1.660266771532907309e-03
4.104722018561558642e-04
8.659373968923793135e-04
8.523068203423372945e-04
6.393690167578820662e-04
8.805553444814866182e-04
9.627093875429371551e-04
6.945682279004257529e-04
9.820831267160253907e-04
6.111359118912192828e-04
6.012900536703122108e-04
5.369912187503735100e-04
6.502335351897694073e-04
4.876443803992187658e-04
5.285569160385906974e-04
6.577568841106470063e-04
8.319951146044760612e-04
9.854579000923373820e-04
5.784491557309035187e-04
4.100056110280585371e-03
1.242218258601017564e-03
1.054292478176249324e-03
3.022520505903594952e-03
1.694753286505288042e-03
7.240995261171592453e-04
6.252558381818339606e-04
8.772412477054620031e-04
7.520763636245816853e-04
1.648421574208571274e-03
6.093302183908897319e-04
4.254887543813132928e-04
1.026577393848653865e-03
5.522366468786659788e-04
2.089994719346440887e-03
1.052126273089634689e-03
7.252859567928556569e-04
4.178251136729227238e-04
5.786674677918387339e-04
8.260187145449080295e-04
5.626540222589953167e-04
7.051591884459544948e-04
8.086572291951985795e-04
9.341657437765613211e-04
3.475028751122273118e-03
8.820230651432511533e-04
7.042076945442070747e-04
7.584581285132307050e-04
3.919239744019121195e-03
9.852400513450695462e-04
3.419083769960080347e-03
6.047032975163551399e-04
6.417117544899929391e-04
4.089765468513657538e-04
1.861181025935405029e-03
8.022233876950562005e-04
5.751451859751224513e-04
1.591127447125190511e-03
2.049069180101093044e-03
6.185721081985269196e-04
6.058906071581608667e-04
4.512804128653156955e-04
7.489431101702086375e-04
5.791419125296811896e-04
7.146887734398870047e-04
7.422331667914247675e-04
1.605541574263811460e-03
1.752262399937882381e-03
4.834063633501544614e-04
5.568465450169787605e-04
3.438219644879280789e-03
1.199196399553250541e-03
5.546235368655109965e-04
5.493981131337474745e-04
3.634466654014522052e-03
4.136209380378829520e-04
9.193381577162722381e-04
6.629615959212953802e-04
2.007517038525512536e-03
8.178525345654932052e-04
7.477565980045884761e-04
1.528508824010049900e-03
6.450882121582675582e-04
9.584583794848148056e-04
6.168432206100531775e-04
1.298828415661012039e-03
6.680079285468457258e-04
8.180713984892236824e-04
7.661799428275709771e-04
8.295092228214490928e-04
1.258154142576672083e-03
5.082699166632142964e-04
1.304577282842552454e-03
1.712164112603024087e-03
6.774649191132760652e-04
1.093962321569989359e-03
4.970059543962285133e-04
9.604894527566120669e-04
2.552693778209576183e-03
1.376918640581242326e-03
5.082540588831782570e-04
7.367643294927722544e-04
1.754646018892498790e-03
7.656407181776549815e-04
5.326936951947855176e-04
4.905593226683941776e-04
2.151027685744758521e-03
7.716999375313109795e-04
7.347540845569268961e-04
7.062782784363207285e-04
6.048862032969465601e-04
7.605281926097273281e-04
7.640569879090714335e-04
6.901540075627631389e-04
1.420554792856707025e-03
6.989761780938012325e-04
5.707383303127889444e-04
7.399201472011069118e-04
4.920889100344291158e-04
5.347578568227267723e-04
7.302541572439050221e-04
6.571893408362567595e-04
1.189497671018465699e-03
5.582696226439932399e-04
1.002573629077335672e-03
7.516764800843225066e-04
5.943212634778533357e-04
9.537865046426960989e-04
4.695689983268880232e-04
4.197515962778089753e-04
1.063818137712635578e-03
6.616881717144799946e-04
1.076520640858088683e-03
5.695255252116835851e-04
6.359205456755347022e-04
6.284311557627858492e-04
5.894827056568814573e-04
7.790452534227935120e-04
5.768668152928998040e-04
8.435458616796593896e-04
1.246624660098043496e-03
1.115873242724474499e-03
5.406882161654197631e-04
2.409150073633376399e-03
1.928721350342545767e-03
9.764226913044402436e-04
1.184265411109751594e-03
4.899193594893625501e-04
9.591626755956768986e-04
7.124142204260395898e-04
6.020922041850575689e-04
1.667500306269424030e-03
9.921650547341839127e-04
4.785607985372368760e-04
7.270040182953620318e-04
1.508191186300678749e-03
9.607992940123407603e-04
9.839309944661440294e-04
1.119491273360955419e-03
6.577918173803902783e-04
5.032264581836117748e-04
6.354394614108204798e-04
9.889848710351830437e-04
1.049428992198614755e-03
4.436286708015450635e-04
4.546110645967522111e-04
1.315670551656781791e-03
6.863303945923971382e-04
5.631107498847939298e-04
1.128441187353916662e-03
2.472242799154418351e-03
1.127874035996686165e-03
6.465079754127458491e-04
1.020539836719143835e-03
2.782627042612718666e-03
7.433281970227380991e-04
1.567062287309164449e-03
1.382192644350871240e-03
1.148232817705926306e-03
1.142019998590566984e-03
6.566945766550769722e-04
5.325683975227845203e-04
1.073013176503939984e-03
7.624373509728012014e-04
1.654617962747221291e-03
6.165886664107640821e-04
6.904573735600544240e-04
5.421160865929048689e-04
1.519293689961912592e-03
7.521010292288566679e-04
7.035917533723834048e-04
5.954581524267629333e-04
5.835340696251561455e-04
1.262031793665170307e-03
1.008857921386531898e-03
7.824911532218480374e-04
1.068193254186312023e-03
2.495720427431112956e-03
7.548571953760740971e-04
7.137798919309544391e-04
1.156313786352107086e-03
7.179517290790506968e-04
6.823091295491438488e-04
7.982631608040095502e-04
1.785190853306086681e-03
2.507396902085316879e-03
6.114918136889976137e-04
9.936154074839176949e-04
7.973868307988428872e-04
8.587859627777935092e-04
6.515745494385235745e-04
7.067966858508410591e-04
6.691138243601455100e-04
1.137577598926696725e-03
5.061041631886644635e-04
1.006819696983857074e-03
1.997621485534395447e-03
7.252455532333793682e-04
1.435649165654141225e-03
1.881337914966440140e-03
8.963488522353771490e-04
4.978578477378916992e-04
8.523068203423372945e-04
1.093081984381871243e-03
9.017889782810572293e-04
1.150086534284949866e-03
7.758806986418668571e-04
7.949826645767266164e-04
1.675239712846497784e-03
1.457646450208636806e-03
7.077964245088050723e-04
1.788719076088948756e-03
1.187281844249664636e-03
6.746396036722835917e-04
1.568672167925786029e-03
1.121596884294862474e-03
8.682950256526420591e-04
1.060666772882630331e-03
4.564454055092641185e-04
1.320113319851358652e-03
2.235277050485941306e-03
6.457465009176978311e-04
5.709953665728028510e-04
8.576910495958439771e-04
5.386191190194090754e-04
7.569749348422312885e-04
5.839659904729484338e-04
6.810389560806669141e-04
4.966777264044715690e-04
8.985097293606492683e-04
8.293321708743549292e-04
5.179375564817788411e-04
9.467625707711367069e-04
4.589649726853998004e-04
1.543496795332567921e-03
5.279784131624580415e-04
7.026411206570747688e-04
5.988878308851186159e-04
1.047323238541358285e-03
2.153976292735280615e-03
1.201387156502457853e-03
5.495032108627118540e-04
5.693182412678009577e-04
4.497166706811632367e-04
8.127995387896844257e-04
5.928426498682754040e-04
3.912424115097824459e-04
1.006281250766643274e-03
1.151868297292210066e-03
7.289401931788471291e-04
3.820087664257131293e-03
6.989284879077488442e-04
6.943113351423942786e-04
7.117918435742546417e-04
7.059448987002709015e-04
9.458633581803747034e-04
1.027304519107626176e-03
5.720932711342511991e-04
4.284825495348960553e-03
1.175004374499081811e-03
1.297898078696779799e-03
7.800348473405495928e-04
6.037546492821352926e-04
1.181228781238987660e-03
8.946400321390629356e-04
6.706181949345496173e-04
9.990697788103319790e-04
6.235528245507372409e-04
5.183269003706174154e-04
4.753689094109358180e-04
6.838209220235547505e-04
5.475937621226517442e-04
4.714246529137937954e-04
7.146450666631503409e-04
6.150009956932900659e-04
8.032930598948627866e-04
1.383870688433563997e-03
5.632473628829807273e-04
4.510819780207536169e-04
8.984103253158837003e-04
8.778221958479199118e-04
5.917814499006524226e-04
1.146881028614142942e-03
6.905152309606280622e-04
5.398390514029154184e-04
5.978808984701089284e-04
9.873331012884684586e-04
8.812018572740943452e-04
4.511579612381797551e-04
5.420284484937083801e-04
9.444386418494088269e-04
4.375468425045704775e-03
8.789611825054320345e-04
7.702658381152287063e-04
6.287127377809811858e-04
7.248227085584873488e-04
5.240961736675388370e-04
1.634336106547389740e-03
1.158462074528185132e-03
5.743502175117845727e-04
5.038049432044232594e-04
7.100712001518374311e-04
6.392022792736870313e-04
1.031771315353714183e-03
1.066312080355689799e-03
6.278881468480807361e-04
1.524739858582231135e-03
7.162471681954706145e-04
4.913669763610127887e-04
6.553910758161937775e-04
5.835340696251561455e-04
6.158591124978472602e-04
9.175737487834826787e-04
1.168626944242915494e-03
6.082549022286845792e-04
9.153535884250361705e-04
1.441549108251640810e-03
9.040820365901972976e-04
1.131793153073378921e-03
7.156699464799789676e-03
9.685049132252421950e-04
7.286904806200536749e-04
1.009801802173048314e-03
5.698103310444505541e-04
7.773267889821003059e-04
9.084090858265841169e-04
5.693805475520746177e-04
8.298240284022207359e-04
6.906710789744317184e-04
8.799561026547597902e-04
1.329804545245416060e-03
8.407908132942880407e-04
9.121885625176762939e-04
4.717510807744017785e-04
5.135557976090520055e-04
9.392258846844617768e-04
8.102008272483923615e-04
1.343715749753040135e-03
8.719198225404182351e-04
8.652401522028298512e-04
1.056026358517524752e-03
1.288527472461620639e-03
6.615632787766546419e-04
8.318890039882242916e-04
1.009754715409847325e-03
5.407236452679682961e-04
2.089994719346440887e-03
6.459574386686820630e-04
1.391786423790313063e-03
8.173409941941650950e-04
5.537966065622634783e-04
7.255170162715274870e-04
9.346397680392946189e-04
9.314986908809684335e-04
1.118899457063104617e-03
1.089658287393959618e-03
8.392193204713369568e-04
5.610346795007996714e-04
1.376918640581242326e-03
4.653713039086562297e-04
2.300964865944654918e-03
1.587265205604230503e-03
1.555941684163857867e-03
5.977333001658142195e-04
6.685567190061558838e-04
5.244850897712934707e-04
1.088362678708483782e-03
9.190385324579641727e-04
1.889640794110526842e-03
7.122798813595861318e-04
4.955598177532384054e-04
7.958896942746690418e-04
6.280775883177282986e-04
5.619919474097031728e-04
1.155240751897363902e-03
9.630408167147220784e-04
5.616410291076925866e-04
9.298846726361330610e-04
6.071858001515449514e-04
6.054348149693632251e-04
7.384741215105891654e-04
7.849342901328037851e-04
1.059314036378135966e-03
1.108941377604645041e-03
5.515787000413557720e-04
4.900874617114645785e-04
1.069232821998162717e-03
8.067394437337163313e-04
6.969329988094555414e-04
7.174584657141550937e-04
5.290990804088512326e-04
8.973155813734246455e-04
7.113560346746952007e-04
8.104652923263323165e-04
9.295071928697052222e-04
6.756748579650384470e-04
1.144704751081386833e-03
6.612140732042860866e-04
6.211835451502942425e-04
6.300019615961007478e-04
5.854365265566205141e-04
6.557649437250715916e-04
9.306995695502707708e-04
5.958881375963346466e-04
8.236019419083677939e-04
1.295275734239938626e-03
5.896731385973851729e-04
1.174531552525828184e-03
5.956668899928133998e-04
7.714114174606594154e-04
5.945428389171967653e-04
1.252395573400142369e-03
7.179284238223278746e-04
6.440866660568224204e-04
8.434336908849946000e-04
9.043824876050185523e-04
8.186495922079378143e-04
1.162691356881586334e-03
6.680036674931338122e-04
7.735507390906810367e-04
9.284726431679695769e-04
1.614109894494811844e-03
7.367643294927722544e-04
7.273155609738868885e-04
1.036333010873177318e-03
5.410345091219920938e-04
9.662987403076694253e-04
6.657240313536317384e-04
1.063366682701429727e-03
6.110398966208094610e-04
5.255492455302016854e-04
1.422251667303177152e-03
5.386191190194090754e-04
1.457464218129375785e-03
8.383777609560846703e-04
7.285846949893867892e-04
5.217718636948184396e-04
5.986925798801527457e-04
5.759151081014099623e-04
4.771733702819599401e-04
8.778221958479199118e-04
8.998110226867139794e-04
7.678773919401691564e-04
6.869429915525649463e-04
5.885593910810001583e-04
8.041168336790523435e-04
8.302747186067016907e-04
2.302351318198636500e-03
5.265805329307454491e-04
9.199409053102425207e-04
6.557649437250715916e-04
6.326172676146119261e-04
6.665980072230796817e-04
3.683729263717019529e-04
1.082584162360971172e-03
6.701274757959743049e-04
8.881128784796104908e-04
5.111423116422545571e-04
9.067540078495898602e-04
1.059115033639395969e-03
1.337847567965731602e-03
7.478831020534140814e-04
7.192904174266323558e-04
9.145912663769139878e-04
7.113560346746952007e-04
4.158432680005552835e-04
6.870121434652370603e-04
7.266569757475767073e-04
7.059448987002709015e-04
5.462225535885139672e-04
6.206431888018779271e-04
1.240003995883132192e-03
8.007556980777809103e-04
7.055756042365187363e-04
1.412644036342413246e-03
5.371416832525921850e-04
7.272650446478156607e-04
1.102585283552035477e-03
8.611402239840981266e-04
1.142297599975843330e-03
4.551505138486034016e-04
5.003676074807830590e-04
5.171660490934298438e-04
1.985659146103625587e-03
6.907275273521116610e-04
1.662658096380007508e-03
1.415430376707929464e-03
8.546844033392140020e-04
9.486792350997422067e-04
5.937371467429408212e-04
1.014709542587953874e-03
6.501701734059457888e-04
7.191520051695364860e-04
9.877263342157366517e-04
8.834302535848422965e-04
4.204284713288519585e-04
9.039175087122463311e-04
6.080474007077237442e-04
7.986195283183565976e-04
4.439336699476653571e-04
7.389019052692265841e-04
6.952420181213810188e-04
2.472242799154418351e-03
1.663743643014574175e-03
4.717484947229898663e-04
5.093764863250483440e-04
1.863105045323112767e-03
8.396426781793346660e-04
6.484159722156786817e-04
1.469759349479449239e-03
7.292414921644592993e-04
9.722866629500115593e-04
1.141335050122542017e-03
7.831115032094970382e-04
6.622421438571931456e-04
5.937981529956801261e-04
4.759593219926798349e-04
5.671901795351673003e-04
6.240239136737003086e-04
7.359504616473456487e-04
7.687912283460753438e-04
1.054292478176249324e-03
5.781891062414274427e-04
6.739680084137257120e-04
8.519660687192074158e-04
7.367643294927722544e-04
5.082313697519048141e-04
1.596861116071625689e-02
1.460973187647620925e-03
1.181656093323766145e-03
1.297088698555801589e-03
6.998522181695142948e-04
9.294500298651924182e-04
6.497930025396305787e-04
9.088462320718921315e-04
7.831046930637301741e-04
4.058286630779398690e-03
5.020098854829209119e-04
1.026298007099092071e-03
5.354873520439528724e-04
6.459490984740106755e-04
7.223051653000739933e-04
1.164419767392839682e-03
1.187367940693219871e-03
8.873101644562091626e-04
6.478824713214454290e-04
9.153230453309592601e-04
1.351575842002834902e-03
2.191663083747649819e-03
9.605867230737929335e-04
2.080158844609124747e-03
7.377443586885607625e-04
8.770904336746714438e-04
1.754919955511583668e-03
5.415123088389864640e-04
1.041258458273516775e-03
1.094059142203971996e-03
1.439804076601090962e-03
1.234245715294846925e-03
6.341900290971860029e-04
4.297180414633337917e-04
1.166426010797463539e-03
5.606653093340831012e-04
9.628005085979681951e-04
8.673794816813531604e-04
3.142038873004816216e-03
2.495392973279958286e-03
7.309716159408888607e-04
7.843830769185850416e-04
6.680563010958601470e-04
1.519113120225930010e-03
1.224294770792769575e-03
1.623455737851125244e-03
5.145090836816314109e-04
9.684201766964918578e-04
2.207228673898696276e-03
8.318950300921104744e-04
4.865093669191604062e-04
7.055756042365187363e-04
1.816394842215982540e-03
3.438219644879280789e-03
7.879405986241099120e-04
9.224852376498730161e-03
4.826603089956836849e-04
6.190090952122996419e-04
1.037923163442539291e-03
7.898177462054713866e-04
5.391337532228222384e-04
6.075176282528871232e-04
5.037916890527227185e-04
6.785731335694426391e-04
5.546673637688536969e-04
7.332593141654199101e-04
5.148306334879354778e-04
4.158432680005552835e-04
7.679308759279678551e-04
1.473937817346164308e-03
1.476532974836582352e-03
8.447571282720590068e-04
1.611619986617833554e-03
6.174775929253214276e-04
5.154589123606815758e-04
8.384988876225473158e-04
7.760228184254794239e-04
1.284388877259163122e-03
1.615169626258541402e-03
7.032821543758702209e-04
5.388962062403029104e-04
5.279259091894638939e-04
4.895306246330083594e-04
7.232555931635857539e-04
7.077964245088050723e-04
5.814116769146271011e-04
1.110576061823069071e-03
1.174947431258070024e-03
1.210184216014262466e-03
1.096232999400848906e-03
5.304793425447007623e-04
5.750076863763598205e-04
6.428612697685284760e-04
8.515348806971708264e-04
1.814290308244975855e-03
4.975052256035756171e-04
6.002861664369488637e-04
5.547507558489771706e-04
6.295662686397025202e-04
7.884398182710455850e-04
4.669083816667967280e-04
1.167779015116410593e-03
5.238930327740838958e-04
9.480856688357798242e-04
4.702434404710021374e-04
1.262575732312702387e-03
7.639202141328300293e-04
1.123679512534315810e-03
6.613088765768704346e-04
6.204312178440141590e-04
8.454051157872551374e-04
4.978578477378916992e-04
5.113446141273814919e-04
6.801109936668191204e-04
5.406882161654197631e-04
2.474234580208950832e-03
1.079911794869040835e-03
5.791073948584680086e-04
6.758100759236797738e-04
7.215205593626569051e-04
1.070490774281883731e-03
7.437723230853436011e-04
1.383870688433563997e-03
8.320858346071230904e-04
6.742200756278084921e-04
1.501511014541512170e-03
6.087872274281572096e-04
1.058978861539966888e-03
6.036712673244247094e-04
5.573109863017954328e-04
9.795043509851486790e-04
5.908037343500938511e-04
5.848130933870810538e-04
4.471172490822537598e-04
9.253820918365136382e-04
4.195504575758389823e-03
7.556684185483461850e-04
1.552497085437731447e-03
6.613046732388386294e-04
1.300688922292341822e-03
1.188687691705269354e-03
8.869437146535177419e-04
1.386125309249033486e-03
4.372922117099532118e-04
6.040383066896969598e-04
4.710656468364401539e-04
6.012642930770418104e-04
3.648787880005489610e-03
9.591626755956768986e-04
1.081443429875878675e-03
1.821336144766837846e-03
4.895306246330083594e-04
6.565869895124343573e-04
8.627412970011263688e-04
9.084090858265841169e-04
1.176818522435989917e-03
6.415980366799975323e-04
1.520827542660879326e-03
8.211053092105070591e-04
1.707179045973506544e-03
1.292972527767685328e-03
9.432029958578075400e-04
8.253317500868227350e-04
5.837644287656776560e-04
5.741299148994391316e-04
8.211821725698099494e-04
1.053396207797043307e-03
6.252558381818339606e-04
2.430016989066233982e-03
5.329138111895093208e-04
9.432907346949115195e-04
1.138821777603328447e-03
6.672607633126966106e-04
1.427424767720471884e-03
7.484286626435017941e-04
7.299574264511490699e-04
1.101229394984269260e-03
5.480204529073177434e-04
5.175487621047973998e-04
9.332000643160161864e-04
4.659992855552146009e-04
8.935608608665584346e-04
7.430123181521058233e-04
8.965440583052839817e-04
5.077085719623983945e-04
1.219421997809824396e-03
1.184961759881207654e-03
9.466838442486142985e-04
8.187969196209198865e-04
6.571610649990739048e-04
1.065608702173633914e-03
2.238687934939861696e-03
9.098084639726550151e-04
6.063931103978712845e-04
9.509577111038257759e-04
1.098734502287748152e-03
3.182744776510864227e-03
1.194148846141606345e-03
9.940696457243986331e-04
7.219430159501967394e-04
1.019682569963337648e-03
5.919282768257194943e-04
1.029677549273984912e-03
4.686809443315005479e-04
6.531223602089180442e-04
9.964972028137820959e-04
6.306726736745516719e-04
2.012476096826818286e-03
1.725391728423123199e-03
3.126163199453768984e-03
8.865415078787909110e-04
5.785511268500998254e-04
3.677193380196664557e-03
4.821737752087778325e-04
6.405432911316832510e-04
5.729440997063557292e-04
8.063158282315230178e-04
1.370767832125295051e-03
3.558931982221847355e-04
6.022571412202218540e-04
9.817075051409692669e-04
6.214387998969151793e-04
7.452343137065264682e-04
