2.851021240076904127e-03
3.336414655140835031e-03
2.809889804210348799e-03
2.932662244778883303e-03
3.219425298094900911e-03
2.785585035412411863e-03
3.721630262920071208e-03
3.059744364229819574e-03
3.647533111352264327e-03
2.684249795665993258e-03
2.971839824210090793e-03
3.711400258143865340e-03
3.247790391603977075e-03
3.535185559828738205e-03
1.692856023296718249e-03
3.862125091206553701e-03
3.450626047834459524e-03
3.200515321100104102e-03
3.874493688760432923e-03
3.335726855980028407e-03
2.446123932290354859e-03
2.871234724051657458e-03
2.591721104636769690e-03
2.416390100651315005e-03
1.640546396937986274e-03
3.302369635868153148e-03
2.946499879721888211e-03
2.372691401754674790e-03
2.913030799284190529e-03
3.333617953981545760e-03
3.927662433641691299e-03
3.692834681637599103e-03
2.788830858109700005e-03
2.904486779436951573e-03
2.842228940149817400e-03
2.905247114712042073e-03
3.284928575456619749e-03
2.896950609500112839e-03
2.748267982535768008e-03
3.912386278952956556e-03
3.016231808908382845e-03
3.288132601624409613e-03
2.594078046391701774e-03
2.298551969432223105e-03
2.860189443344342969e-03
2.884582120871460095e-03
3.677411496943153949e-03
3.037073154926085358e-03
1.990241127251156459e-03
2.686122604830427918e-03
3.384541672091577295e-03
2.484074013609352538e-03
2.439251040159459878e-03
2.363664330845624897e-03
1.593554019347428021e-03
2.754750829786714421e-03
2.951885381482180059e-03
2.366374481076648217e-03
3.750697657484570579e-03
3.929948798086440633e-03
2.713505815936170362e-03
2.706138814876410999e-03
2.475575350628010825e-03
3.740033889573790311e-03
2.768013876353286537e-03
3.534080395447081104e-03
2.342383353136567696e-03
2.137295505202281912e-03
2.588455693660817944e-03
1.826761764008790357e-03
3.272553221722372327e-03
3.510310297369906903e-03
3.350939239534680546e-03
3.444712541487508425e-03
3.310130547029564111e-03
3.264724709984608095e-03
2.911353499388964847e-03
3.079208154620914975e-03
3.251925252234558021e-03
3.674456840658604784e-03
3.747411766275079818e-03
3.648491051740693561e-03
2.776715223208425180e-03
3.352299253196410009e-03
3.137299910698589968e-03
3.069326361529010113e-03
2.208224756505919057e-03
3.582712094929449767e-03
3.504734600453476238e-03
2.272703541924530474e-03
3.756444777534198327e-03
3.548407409508219819e-03
2.109050384447892692e-03
2.415573633310462518e-03
2.553504870560919637e-03
3.615148047747429160e-03
2.346568846459614471e-03
3.631068469590227697e-03
2.339995762374838702e-03
3.050317434343289072e-03
2.832993974801945123e-03
2.840762998026308880e-03
3.523809105348375999e-03
3.301075736386824451e-03
3.437994950226805433e-03
2.556936405382665041e-03
3.276083378511264379e-03
2.612266887097628235e-03
2.898971683893180121e-03
2.639227593012119077e-03
3.096297913084870759e-03
3.373181708931957679e-03
2.609969930550438098e-03
3.779438438143821119e-03
2.332530782816546154e-03
3.523335344702280443e-03
2.580119618253310168e-03
3.189137312160140493e-03
3.840811426318320020e-03
2.737114539222178754e-03
2.755431913351250994e-03
2.686871166347707708e-03
2.932306084933372376e-03
2.001489224897863312e-03
3.685810770591161495e-03
2.655059220374262220e-03
3.071753273069839727e-03
2.573820576183539349e-03
3.067918064139998208e-03
3.767478967866877675e-03
3.709668172768020109e-03
3.699368971902585509e-03
3.492104172718803450e-03
2.139339590060463682e-03
2.814352791145128575e-03
3.224294505620570097e-03
3.019751316864527444e-03
3.388594100787280412e-03
2.865290518736712810e-03
2.407112731058655766e-03
3.890069485947578957e-03
2.853160789505021673e-03
2.566576396611287749e-03
2.505817061202540025e-03
2.954238036514925721e-03
3.741377274127798743e-03
3.865504633251620921e-03
3.139742344859133925e-03
3.732989509735305106e-03
2.632851114463364423e-03
2.912198608973213393e-03
3.896879808145639612e-03
3.282767569469937155e-03
3.745753244211030408e-03
3.101297112847094771e-03
2.781623739572372956e-03
3.657911654277752438e-03
2.911451126312449445e-03
3.914842366096750112e-03
3.721394409511557307e-03
3.786096346714973651e-03
2.365430462457085610e-03
3.233751118641499389e-03
3.790993065216770232e-03
3.236844230257242098e-03
2.840533461840015136e-03
3.016382301971747264e-03
3.782835643887534020e-03
2.587918602882593924e-03
2.758372108908129731e-03
3.261389110529742865e-03
1.876828099931830262e-03
1.857894865071974032e-03
2.635177427528813399e-03
2.619436570582550985e-03
2.518605496479408082e-03
3.128321725680071903e-03
3.180412518806797519e-03
2.185142068914615494e-03
3.627822109809769081e-03
3.204392175459334913e-03
3.646265671549663197e-03
3.810641694245691779e-03
3.527038658708651561e-03
2.868643737465469048e-03
2.798630845561758933e-03
2.410836053724071167e-03
2.783280318943516518e-03
3.741265553108307981e-03
3.696894085369966786e-03
3.322498889090217365e-03
3.909235708021040721e-03
2.516540354930936040e-03
2.987771867431275423e-03
3.063050555106166650e-03
3.359609462801982013e-03
2.069555459086681697e-03
3.192628316111831462e-03
3.704935891046310867e-03
2.921524543017706751e-03
3.568076409746288868e-03
3.588371448610384439e-03
3.543508818608817786e-03
2.767007466188155500e-03
3.922134696675488863e-03
3.357020512007241782e-03
2.263138560009341025e-03
2.882940324170038537e-03
2.411640873523591619e-03
3.423058491565569156e-03
3.817758529250919221e-03
2.917660799448975641e-03
3.173413516273291407e-03
3.447884970053252587e-03
2.657995247502794971e-03
3.123227039689925946e-03
2.590502324206465229e-03
3.445898430695425695e-03
3.521028382475206719e-03
3.823843169150026831e-03
3.811256770380524409e-03
2.541540342318127088e-03
3.334435319145769884e-03
2.348992171772543939e-03
2.887456503783985065e-03
2.939044825253383456e-03
2.591163654840016040e-03
3.641690662386576523e-03
3.516258810960944635e-03
2.709284328463792794e-03
3.230266581096266024e-03
3.658000453464907344e-03
2.861011627443949771e-03
2.601247816757721893e-03
2.709481507220812355e-03
3.849686804080765246e-03
3.612601571649720188e-03
3.539658523160920181e-03
2.654116789782398102e-03
3.449389016599917375e-03
3.720183368796856072e-03
3.009014117400912302e-03
3.790832386279122026e-03
1.842368204562305507e-03
3.844858891411945603e-03
3.306720475192067091e-03
3.914842366096750112e-03
2.312137663432669611e-03
3.126820133798878867e-03
2.451220289467793967e-03
2.649118415830278416e-03
3.760341716837369789e-03
3.803453448889636008e-03
1.804020087171370745e-03
3.681607083154180525e-03
2.841493209129098644e-03
3.881672470595147126e-03
3.479326340121726389e-03
3.290573098095908328e-03
2.653087644144185193e-03
3.801004152231164928e-03
3.485497659618573031e-03
3.401296293466690886e-03
3.038084471759964350e-03
2.797361051914769303e-03
2.222149209302488188e-03
2.034802800229639549e-03
3.338058023220108646e-03
2.341525523867611733e-03
2.660263142845138880e-03
2.271766837959913413e-03
2.073190427631259325e-03
3.777219625909678316e-03
2.531725829404582635e-03
1.624719794419460066e-03
3.472313495640732325e-03
3.127169861891614024e-03
3.339697848346083464e-03
3.892564173726806645e-03
2.241196201648349047e-03
2.950396165126123373e-03
2.204846333850164417e-03
3.679628617751724232e-03
2.883958906877474859e-03
2.617222276309521048e-03
3.827758445697313806e-03
3.784492558093527099e-03
3.845054195304957630e-03
3.915575086854813404e-03
1.902840442159949973e-03
3.293910707952830193e-03
3.391064219776655266e-03
1.779154635706487689e-03
3.285145520010371301e-03
3.340222328579248341e-03
3.223283345209163736e-03
3.445093577426474023e-03
3.477059803293265031e-03
3.051377667672093043e-03
3.111711615314769266e-03
3.552247653667924606e-03
2.473289428504089026e-03
3.016606215199255352e-03
2.322829989600752251e-03
3.249597935261830991e-03
3.571807555871720809e-03
3.416738734703167989e-03
3.034643749314357587e-03
1.940682469558556531e-03
3.146304889556545119e-03
2.517177432017784610e-03
3.651753532818903351e-03
2.764943584867362615e-03
3.231838223106006658e-03
3.095567804785244979e-03
3.801788272872288522e-03
3.188891650704525974e-03
3.212560903601387879e-03
2.065990373902688946e-03
2.832356634564594730e-03
3.099586616331203182e-03
3.374712406628631572e-03
2.203545133078077967e-03
2.810129707171931009e-03
2.319031209674178671e-03
1.654522158011470729e-03
3.819734766474502767e-03
3.477902550872244685e-03
2.323855046801291246e-03
2.245715670754613001e-03
2.891725910925400586e-03
3.579083868647670117e-03
3.853542534109323341e-03
3.075799554247405938e-03
3.789229967743555291e-03
1.905783937095104075e-03
2.485435097281879415e-03
2.778551303669862457e-03
2.902276002110655475e-03
3.905790192794367406e-03
3.670468205592812387e-03
3.039330945246136381e-03
2.283608618688865236e-03
3.082627232732367342e-03
3.476614824267835243e-03
3.381974258657038761e-03
2.775485709377369190e-03
2.891967269000796960e-03
3.905429364943739049e-03
2.968626585308814687e-03
2.932035521414013898e-03
3.627295164228308902e-03
2.454250300238127597e-03
3.517793313368555892e-03
2.891967269000796960e-03
3.529775207333119176e-03
2.490151405122602475e-03
3.398654288291878735e-03
3.683731165496328432e-03
2.271671467891533524e-03
1.996728907339370002e-03
3.612508637607658030e-03
3.443663610280875767e-03
2.931464261380638432e-03
3.052222950696106309e-03
3.296848969542725410e-03
2.799785172303934089e-03
3.835272333699072961e-03
3.162685865022471336e-03
2.932967330299579654e-03
3.002852692084821175e-03
3.863333235203473496e-03
3.640118454207997081e-03
2.463410132510157873e-03
1.894532994627097901e-03
2.301249563179265812e-03
3.653764107802630421e-03
2.898673451686896267e-03
2.187968005122882358e-03
2.679137627141039459e-03
3.005649147958203843e-03
3.618021667206508269e-03
2.296370990706323671e-03
3.281357305201210162e-03
3.756600482535192489e-03
2.642410207243431168e-03
2.771505897104373922e-03
2.124713516655607481e-03
3.244845149311347248e-03
3.649831002665479031e-03
2.637336658042410166e-03
3.845640263858458516e-03
2.883612992095949904e-03
3.607433699760739972e-03
2.731150905269257023e-03
3.820212454565658031e-03
3.120966102228816749e-03
2.038608205978238719e-03
3.565101847987001138e-03
2.473386567000605482e-03
2.642299623325871684e-03
1.983799729096334154e-03
3.437928886835960388e-03
3.789201047683592172e-03
3.883694459706504235e-03
2.281251482066480249e-03
2.910334282224819134e-03
3.331212567597665111e-03
3.764935926473700345e-03
3.481442477986681876e-03
3.886572551719243672e-03
3.306025483233306864e-03
3.299431768813300154e-03
3.703925546420220542e-03
2.159584556665635445e-03
2.922951160093502278e-03
3.401758669141433187e-03
3.860916845817549074e-03
2.929978964672105834e-03
3.096262440722445750e-03
3.379270133542098143e-03
3.008038631558413844e-03
3.611002127057190165e-03
2.697341408867541621e-03
2.492222079297738181e-03
3.913172022438149780e-03
2.442968256211055633e-03
3.188216067953394007e-03
3.582384561172776739e-03
2.027882507475479122e-03
3.076695065277891983e-03
3.646265671549663197e-03
3.920002651401593811e-03
3.473682719439739625e-03
2.714689965594905847e-03
2.968626585308814687e-03
3.864899973578200462e-03
3.433327710262398282e-03
3.204176516674417646e-03
2.709284328463792794e-03
2.770051804494074593e-03
2.058306093697942832e-03
2.308822309079211748e-03
3.667760200610957044e-03
3.640431024620334813e-03
2.542052973984165829e-03
2.812227069863733765e-03
2.718896777055221543e-03
2.262928861166478827e-03
3.105630505756706763e-03
2.759706556587123404e-03
2.973264765419471930e-03
3.386020345000995222e-03
3.060806607575944100e-03
3.077450080962475677e-03
3.640431024620334813e-03
3.681600451795702996e-03
2.838978013406752085e-03
3.352380513192032997e-03
2.172049767394002191e-03
3.474130434713284220e-03
3.198051572297336623e-03
3.601352763835610152e-03
2.618461645096286164e-03
2.668450252168253455e-03
3.633879304228864338e-03
2.825073975581213898e-03
2.780892455721726067e-03
3.436568337033456787e-03
2.962955787523072117e-03
3.608585900499665811e-03
2.667838391601817880e-03
3.008855528593050357e-03
3.716179587809192390e-03
2.596335202607160178e-03
3.592734448095965486e-03
3.775606542981028123e-03
3.695349450465212557e-03
3.790085942555249023e-03
3.911438127043862997e-03
3.322498889090217365e-03
2.938211103949509625e-03
3.003613276573519758e-03
3.724342208357142581e-03
3.758532334774844323e-03
3.652507482715339204e-03
2.122917548679865637e-03
1.908728345058867924e-03
3.260752581577676217e-03
3.831361971462635303e-03
3.511074856711043132e-03
3.914251221694491426e-03
3.109548439099274041e-03
3.082627232732367342e-03
2.804349622712754442e-03
3.358590762672539545e-03
3.788783146436160935e-03
3.874493688760432923e-03
2.262729768507815761e-03
3.773780835499697221e-03
2.515364695903702687e-03
3.872544669945301391e-03
2.909643137582709933e-03
3.102617463120758111e-03
2.723118411084719716e-03
2.919374126518456489e-03
2.944457767628480462e-03
3.184855610352124201e-03
2.432641295771654708e-03
3.394235803078718763e-03
2.973863446263434393e-03
3.701030448449593984e-03
3.113497708111240443e-03
3.674429436480037333e-03
3.033014516548208396e-03
2.248354335073119575e-03
2.712745965037027633e-03
3.232441651597337678e-03
3.326589249132755246e-03
3.806308812064588317e-03
2.404462218913525334e-03
2.343420275994804406e-03
2.534703871891109354e-03
3.363972788471990619e-03
3.196646482001576708e-03
3.556295322550431792e-03
3.038443033365863070e-03
3.614445820489035205e-03
3.532182509162367246e-03
2.710103094993977692e-03
3.899604147093856717e-03
3.406703298854023634e-03
2.411642813625486728e-03
3.040711943963572434e-03
3.441794913977988535e-03
3.253734016707453876e-03
2.854399466590678940e-03
2.836293950903438169e-03
3.201703383047294592e-03
3.543684232985108706e-03
3.499791349027796174e-03
2.431305661204868993e-03
2.548703178941542826e-03
1.746998943571663552e-03
3.660000700078849551e-03
3.764120037586119252e-03
3.003374779747540468e-03
2.169718486286444873e-03
2.480110777486507247e-03
2.444808579111687995e-03
3.550125836044787549e-03
2.980629437606976528e-03
2.034802800229639549e-03
2.181448680111989624e-03
2.708391156565249577e-03
3.829818711002260564e-03
2.829950028836660404e-03
3.769570407445263158e-03
1.798422094271660398e-03
2.502815357227856051e-03
3.198961247479670603e-03
3.425183165504106994e-03
3.734507325086290543e-03
3.875682665737237558e-03
1.915742319180992193e-03
3.131220481246296816e-03
3.694745064770084408e-03
2.195167999017037970e-03
3.753766461581473958e-03
3.799479566756210677e-03
3.709855806267568952e-03
3.353719568702155478e-03
3.186445164306890999e-03
2.911810284458603727e-03
3.698743982359717439e-03
2.094704481885796207e-03
2.453456688433429747e-03
3.040536894835656027e-03
3.383655264848764617e-03
3.146405690043221903e-03
3.178401143479688169e-03
3.263767861711457281e-03
2.887864815126533514e-03
3.326225019790759237e-03
2.908910308031477723e-03
3.883149178364941109e-03
3.320865913439108308e-03
2.616411465200114451e-03
2.837504933852497743e-03
3.139967768127704256e-03
2.687169715450316715e-03
3.850678113205600883e-03
2.606760095846450201e-03
3.314296399765583479e-03
3.741750610255013473e-03
2.475575350628010825e-03
3.133425158111647919e-03
2.790560572835996608e-03
3.616679239967579475e-03
3.069947056144920264e-03
2.763027356026979530e-03
3.933327290898334418e-03
2.690878395776681239e-03
2.467003439924539236e-03
3.866503361909716906e-03
2.383997226396262093e-03
2.623067282950997895e-03
3.858738415545123930e-03
3.425464961987750336e-03
1.965997667968661863e-03
3.158293074636877359e-03
3.925435201811403214e-03
2.595334565550081948e-03
3.035448501296454053e-03
3.064189548402566562e-03
3.292350186628778715e-03
2.674369174498984498e-03
3.552671997145760360e-03
3.734117579796966853e-03
2.300854276306379866e-03
2.521826667393897974e-03
3.500214656592952507e-03
3.056139886528356619e-03
3.231320048993389406e-03
3.870968600189223646e-03
3.764607083899319893e-03
3.371782209204295631e-03
3.296848969542725410e-03
3.089229135480742704e-03
3.552903620609264117e-03
2.809073114333756910e-03
3.377983419254765654e-03
3.014209439120266523e-03
2.850245567948155902e-03
2.924497972095741870e-03
2.481341202290158338e-03
2.843491692634876177e-03
1.773697533144930841e-03
3.137299910698589968e-03
2.547663381391514648e-03
2.733730624281435328e-03
3.779813609645858458e-03
3.829752514330401689e-03
3.694495926325156235e-03
3.611271433881931784e-03
3.898145040875837432e-03
3.116373083880350555e-03
3.678390540028516828e-03
3.222980176077310573e-03
3.260693773703525564e-03
3.594462479586113535e-03
2.250113586602051855e-03
3.917932078340314976e-03
3.189504304020453901e-03
2.591721104636769690e-03
2.985982526903522855e-03
3.384675960370876757e-03
3.145837977597085600e-03
2.357136895559853833e-03
3.808135045231131159e-03
3.042564861797980840e-03
3.716619163657596155e-03
3.794874144523913834e-03
2.821199184914526762e-03
1.892122589994015653e-03
2.808492088340898071e-03
3.633065485472149886e-03
1.744370616432026379e-03
3.867011406828586070e-03
2.479284433336399317e-03
3.081821096740167739e-03
3.401296293466690886e-03
3.068290784029033096e-03
3.026423502345267687e-03
2.785585035412411863e-03
2.258113223912335682e-03
3.548577543088601675e-03
3.095567804785244979e-03
3.657891182963786403e-03
3.250742139532942533e-03
2.140163892652011818e-03
2.089060901480424819e-03
2.817055401883081667e-03
3.810526436428182933e-03
3.388444518655689582e-03
2.131423300703579569e-03
3.185681710847803032e-03
2.685849990545965266e-03
2.474413382290256702e-03
3.147144419693071685e-03
3.240800741918620567e-03
2.943134548612193896e-03
2.984778532365949498e-03
3.627995116474288292e-03
2.498086358178607056e-03
3.216989727370021812e-03
3.277011687149278263e-03
3.598127959812619150e-03
1.924825454534292817e-03
2.860827903444813566e-03
3.457705678815768506e-03
2.909643137582709933e-03
3.184634324479488840e-03
3.813829344971176975e-03
3.048656809468894974e-03
2.823804179845963280e-03
3.304632473944482240e-03
2.882559364222160928e-03
3.829611977290908915e-03
1.976071078745434469e-03
2.050421511508996805e-03
3.799048908397518413e-03
3.399739120005136183e-03
3.109595331302053220e-03
2.883364095609711360e-03
2.750011721002202508e-03
2.108849341500277589e-03
1.971646207961743821e-03
2.573727246801819912e-03
3.923988246459647611e-03
3.078981580546522046e-03
3.669782228262646970e-03
3.840089014135409512e-03
3.491405543816117080e-03
1.815826687424094629e-03
2.680984447538739112e-03
3.418808765715216670e-03
2.732851746477508829e-03
2.660263142845138880e-03
3.246336265244559229e-03
3.054334832576782819e-03
3.040428118444099548e-03
2.621738356928495200e-03
3.032987621553679194e-03
3.541348106319540563e-03
2.775485709377369190e-03
3.492437628689525064e-03
2.399048621207222794e-03
3.425416995776091062e-03
3.114322374484606616e-03
3.525256676960054902e-03
2.854455398224428793e-03
3.050715516309990272e-03
3.768109970325474005e-03
3.110695962959526915e-03
2.837019580216365924e-03
3.357556053944503634e-03
2.383212556165659971e-03
3.639788554932579627e-03
3.919324885533949192e-03
2.963485498707959121e-03
2.342039001561207080e-03
3.498469927910259625e-03
2.800467861477221217e-03
2.975925849533168129e-03
2.206500590399132489e-03
3.776395712954413054e-03
3.755144980019814623e-03
3.256500495828788897e-03
2.968829926767202997e-03
3.466724877789774048e-03
2.257563671464993173e-03
2.478152005536132709e-03
3.915201884521117906e-03
3.604423955359768554e-03
3.265889344315865001e-03
2.305867328953345972e-03
2.225996192243627318e-03
2.414599596032762554e-03
3.225961840275264145e-03
1.939693245625579484e-03
3.564385800451388975e-03
3.092952581290988809e-03
2.272631491634579618e-03
3.310130547029564111e-03
2.987701541479133825e-03
2.909283889071328632e-03
2.195275926518389358e-03
3.359297073905538611e-03
2.457849431466948772e-03
2.786910033075720196e-03
3.081765152391230909e-03
3.787431618365231373e-03
3.770792781897367406e-03
2.815612196097419008e-03
2.959622051636973204e-03
2.788830858109700005e-03
3.364479483500193956e-03
3.490396199581035069e-03
2.930882216258180305e-03
3.174755998044494730e-03
1.629914108931746104e-03
2.575842740730543371e-03
2.919374126518456489e-03
2.753859013363002539e-03
3.516026457732888272e-03
3.928376495952215844e-03
2.583313827801794835e-03
3.132252840113101781e-03
3.649790817578752507e-03
3.183027615049921748e-03
3.817177824957188222e-03
3.509153794893943301e-03
3.171624507853537927e-03
3.243786620742622473e-03
2.883612992095949904e-03
2.099794959635685465e-03
2.504977506407785309e-03
2.032709056130939905e-03
2.885782407059212223e-03
3.860768929839229584e-03
3.453131598144656110e-03
2.809211149457705586e-03
3.538519568677845218e-03
2.412238242378074351e-03
3.126820133798878867e-03
3.103390054123867856e-03
3.629690563028501946e-03
3.838906406243292914e-03
2.972078942655429368e-03
2.496329254845503897e-03
2.703706521325267842e-03
2.299514132851477981e-03
2.363285549340907524e-03
3.218725130312736701e-03
2.954708096512883089e-03
3.887154635859933587e-03
3.725125721336965991e-03
3.113524365412269779e-03
1.848746346015077337e-03
3.844529992316408039e-03
3.676043239387411735e-03
2.985854432149017551e-03
2.803165240381020468e-03
3.740944777277573421e-03
2.640180641486780146e-03
2.833361512064174435e-03
3.130744063305300213e-03
3.150250378559597570e-03
2.843406425634516493e-03
3.871282382841343458e-03
3.395415124912158460e-03
3.120361798389619488e-03
2.324461026540748654e-03
2.291054079849270259e-03
3.839198076558337190e-03
3.204653835282198025e-03
3.123646452635193971e-03
3.481128898879027201e-03
3.223991597270210556e-03
3.727459831803154808e-03
1.717547808219384905e-03
3.637209707352670116e-03
3.729616048943070784e-03
2.281251482066480249e-03
3.418708682842497293e-03
2.345452761043280952e-03
3.547361516023504052e-03
2.408119375428772937e-03
3.241188685014829464e-03
2.839298820203897938e-03
3.848697995304061273e-03
2.698208523822779106e-03
2.346139958223112526e-03
3.848390142136832396e-03
3.364263431988804686e-03
3.280525826668162157e-03
3.002048537553932139e-03
2.994470122701155604e-03
2.630601592620747387e-03
3.023103931380331875e-03
1.644332315736279655e-03
3.234664544354468561e-03
3.109692206342081714e-03
2.796627863646997548e-03
3.723755981597761441e-03
2.046188186942062091e-03
2.216014595667383999e-03
3.473425817705455901e-03
3.707974209247789400e-03
2.684706913161610375e-03
3.930310706587496206e-03
2.909928712230242659e-03
3.850005464561386415e-03
3.025409258346176654e-03
2.752284973106652356e-03
2.112643706044479812e-03
3.632411860945221685e-03
2.512936327930630469e-03
3.571310813214695953e-03
2.993502641281978356e-03
3.792308406170890201e-03
2.538360028526414659e-03
2.991626072015820224e-03
3.422615209576557009e-03
2.182325432360973996e-03
2.490526768634094591e-03
3.414724557067269975e-03
3.843359939524715156e-03
1.699392868343237032e-03
3.711400258143865340e-03
3.165782612394401046e-03
3.580804458479091429e-03
3.703862028067378756e-03
2.959027017265920823e-03
2.771505897104373922e-03
2.635753245720298069e-03
2.228353775112680395e-03
3.388124468685379739e-03
2.784378362582750396e-03
3.043656680009154940e-03
3.233751118641499389e-03
3.867031465513734272e-03
3.534657239177697256e-03
2.934380432542055880e-03
3.694365280877148598e-03
3.077866230398485295e-03
2.642708331791556158e-03
3.844025078956704068e-03
3.378592531865496230e-03
2.457202451769680603e-03
2.245057069319960751e-03
3.745125747048416807e-03
3.611156324253602182e-03
3.044942497183840673e-03
3.726290551631597329e-03
2.843962029230641137e-03
3.401628035264440530e-03
2.107106561967744558e-03
2.594994110953933314e-03
2.337941026728550861e-03
2.736635185628172404e-03
3.762748890602774041e-03
2.678568720832038251e-03
3.657177323426262505e-03
3.217422783520522932e-03
2.677848539580623705e-03
2.164064393464060210e-03
3.662438682405160656e-03
2.914895519054933829e-03
3.772700839824876234e-03
3.016677623759914974e-03
3.628169635442130871e-03
3.691328530330461634e-03
3.836980456712376503e-03
3.357020512007241782e-03
3.889338530340063962e-03
3.876420160239083500e-03
3.177842849123019894e-03
3.186559013956005021e-03
3.130527102932837737e-03
2.981197718961361466e-03
3.852779441556012426e-03
3.791926095044085600e-03
2.993786230206651935e-03
3.464300424851512496e-03
3.690125238806286640e-03
3.221555065216861070e-03
3.463858600512604267e-03
3.296469878710568072e-03
3.525113917492283394e-03
3.672782683983188967e-03
3.497542644260442056e-03
2.168403296462068607e-03
3.435536496024545108e-03
2.710531328067796852e-03
2.746084833198972255e-03
3.280179808913729223e-03
3.101297112847094771e-03
3.619566508655387184e-03
3.099484501713639390e-03
3.107151671481361670e-03
3.189829876382391498e-03
3.629673909399209943e-03
3.567127117413575188e-03
3.520320039649787753e-03
3.123817229048943094e-03
2.161672531402969270e-03
3.446163349483687566e-03
3.917637586180419164e-03
3.525256676960054902e-03
2.513927911061296719e-03
2.363264758439266588e-03
2.631220823863778067e-03
2.170846269536623203e-03
3.543094888044486575e-03
3.725457029221428823e-03
3.754807286027129262e-03
3.429025334066292899e-03
3.352299253196410009e-03
3.923715823989626025e-03
2.477929279001158357e-03
2.891725910925400586e-03
2.828960358591888109e-03
2.318168975986467650e-03
2.937363484676647034e-03
3.933282569320291182e-03
2.964001574230910614e-03
3.232721852131390222e-03
2.247953889984081674e-03
