1.097927953380953281e-02
3.092230619425228796e-02
4.459646409142421081e-02
2.964418028943446512e-02
3.833264053810953031e-02
4.765230439487501413e-02
1.636684062720395946e-02
4.157517824205812090e-02
4.969598589954860035e-02
1.799663999426617811e-02
4.053024447833299126e-02
3.266847317552314112e-02
4.569769814693617344e-02
2.895240602051938131e-02
3.903139395064796069e-02
4.745973785250086341e-02
3.933754920942946626e-02
4.358990155819587181e-02
4.923660749420961935e-02
2.650079476195704373e-02
4.485030265184559994e-02
2.646529452246166106e-02
3.657800037115896408e-02
4.722774897690849155e-02
4.857981650750762409e-02
4.118714471866996574e-02
4.241729987476293429e-02
4.962488133060782153e-02
6.613386185124313192e-03
4.332237651910576109e-02
3.721505692347615302e-02
4.998997464179875949e-02
1.784820593572180453e-02
2.605495425764106643e-02
3.576878666724298689e-02
4.748289155571003978e-02
2.521431847354561190e-02
2.348677185783941065e-02
4.395905910919436360e-02
5.011157293620746578e-02
2.984786652229569001e-02
2.329932290839022146e-02
4.980879133620939175e-02
1.874406872067405083e-02
4.360736237417121158e-02
4.650698347087035139e-02
4.870642134386211214e-02
4.873575072075531783e-02
3.192688954997952716e-02
3.168027774238200284e-02
1.459825485395622319e-02
4.956531936433478808e-02
2.565854290729113404e-02
4.778176130339152096e-03
2.503594199046196497e-02
3.188715183607213760e-02
2.329149907789914223e-02
3.739654115853308786e-02
3.853699621422606442e-02
4.572740827695347815e-02
3.902351062649434682e-02
1.704230519947942321e-02
1.817282132699425679e-02
3.111444898376420146e-02
4.678227695193575703e-02
3.058710175203342360e-02
2.070419875117769995e-02
2.702625257175015130e-02
3.294832368936499722e-02
2.595898015468669703e-02
3.253330997698948568e-02
2.636773790374619814e-02
4.057177271780618849e-02
3.249157059288546034e-02
4.154670185564434542e-02
1.533551841935027783e-02
4.258957403186280910e-02
4.926633893580890933e-02
4.646264578872803808e-02
3.831974251714049401e-02
3.223562360513226172e-02
4.381331624116137358e-02
8.979598161269799692e-03
4.303357086007338766e-02
2.658390913058557292e-02
2.974424543270806978e-02
4.760683316306481977e-02
3.678571392817314711e-02
2.990937814041362552e-02
1.755451800828384396e-02
4.764318557076874933e-02
2.891314994198436114e-02
4.114259429262268064e-02
4.770090231416390658e-02
5.010450399110907838e-02
1.705205158673708463e-02
1.796484341101751286e-02
2.615210687853788615e-02
3.708767646445049193e-02
2.122805153984836171e-02
4.158851119213126390e-02
4.760415985482788215e-02
2.916113648877802569e-02
4.072999800279016730e-02
2.512494460700982063e-02
2.047296945216534048e-02
3.484560008825398486e-02
4.104371318989046696e-02
3.619480379346942667e-02
4.977570221089690911e-02
2.828321380797446313e-02
2.169422575351772492e-02
4.967776993489506770e-02
4.584612821471292093e-02
3.722097824493934837e-02
1.485768350648585326e-02
4.194675534770621328e-02
2.480107015553412869e-02
3.072522843148989963e-02
4.177170105018596785e-02
3.911931821052476443e-02
2.871936898439416894e-02
3.783218185314927984e-02
2.921642761462159982e-02
3.870700974765202418e-02
1.448367766850876086e-02
4.381994639798960506e-02
3.963263425948375385e-02
4.995209786549610620e-02
7.973888302071449607e-03
2.434892955681222659e-02
2.639486265660521275e-02
4.583700599924140501e-02
2.836170013132900333e-02
4.448177073175578478e-02
2.539033028929531602e-02
3.748058258986140812e-02
3.791427935328716553e-02
7.988087516571221181e-03
6.160924832512272575e-03
4.704208108801418570e-02
1.117163660570554690e-02
3.423740672342491520e-02
4.819266132998491908e-02
4.014682225268789706e-02
1.624423547167730755e-02
4.787562817707848029e-02
3.932137760197209481e-02
5.901610032942943354e-03
4.808737083534257023e-02
4.560607440900457665e-02
4.049091408923392171e-02
1.991445767107621889e-02
3.596133215600739313e-02
2.007297146800720786e-02
9.750510690376405776e-03
3.050429503084363739e-02
3.585559020573944600e-02
3.641995420172908920e-02
1.652765904103337471e-02
4.083405806579024078e-02
4.375577366299690518e-02
2.809115110943374155e-02
3.176594217266091175e-02
3.547720954048903808e-02
3.897826765589900572e-02
4.957372089887121525e-02
2.865075777075326222e-02
1.470784594591633028e-02
6.613386185124313192e-03
4.289376030410591706e-02
1.888543013716243932e-02
1.515529139869178227e-02
3.038063240339768448e-02
5.004773056692913419e-02
1.266743470236860077e-02
3.484157218911694553e-02
4.226825368088072549e-02
4.126884824352638342e-02
1.567922312687778860e-02
3.205815394104483129e-02
3.256406885743198115e-02
2.300430844828926444e-02
4.530349236032189114e-02
4.564793809578009814e-02
3.404659272055752389e-02
4.829751539440742952e-02
3.544277467445895724e-02
2.153644098278601274e-02
3.369277925227227855e-02
2.521431847354561190e-02
2.751718737155147906e-02
3.062160732185104442e-02
3.871221346988302364e-02
2.490400567825353656e-02
5.010968958432804321e-02
2.867056351254754221e-02
2.440824791962923138e-02
4.699086137159910054e-02
2.614323922800722289e-02
4.462251539046940135e-02
3.695271473316473487e-02
3.765801784827656207e-02
4.856294355137787122e-02
4.537343447597223800e-02
4.252576863706138827e-02
4.177547678047755647e-02
1.957356053935786072e-02
1.977149083114818420e-02
4.633750948696534894e-02
2.482515148485292533e-02
3.659601775827649173e-02
1.709294361393448938e-02
7.294330762025761847e-03
4.745925619354669778e-02
2.328497568366399637e-02
3.452123481451373904e-02
1.185410721664942844e-02
1.857695722525902482e-02
4.832156460103938234e-02
2.536533919769946160e-02
4.624347709692841479e-02
3.156372943826766392e-02
2.643018599307097108e-02
3.328649934905723168e-02
4.153628824958135318e-02
3.258730791335062021e-02
2.130541463987077264e-02
5.011706715826103054e-02
2.196692900136280879e-02
4.438253077955268966e-02
4.856608670047244530e-02
4.850346729617104752e-02
2.793494297328468282e-02
2.836202132706083096e-02
3.082656555023961450e-02
4.154846550640444586e-02
3.159362862190979310e-02
2.803429123894459613e-02
3.313683486078933954e-02
2.744623189207863467e-02
3.729434120019677751e-02
3.383208075601746440e-02
3.387872390261544020e-02
4.733462309393853679e-02
2.437789587995050494e-02
2.645779990436265827e-02
4.746069798052632988e-02
1.140187892035651046e-02
2.306006586840432526e-02
4.024457971380880628e-02
2.504066167982013300e-02
5.350775838768526312e-03
3.191716820402536875e-02
3.906275300866260403e-02
3.063596162876246892e-02
4.009470339896959584e-02
3.102034131125711372e-02
2.267204799824068875e-02
3.215457498718323620e-02
2.521431847354561190e-02
3.347228760152587412e-02
2.644024434058468362e-02
1.894155010282548915e-02
3.496369612683859068e-02
3.607136280263594647e-02
4.555400747646220355e-02
2.442225502051026051e-02
4.282055856428726437e-02
2.828248263206499177e-02
4.840097443921718978e-02
1.392857742773948374e-02
2.097475451491584778e-02
1.997772901619906949e-02
1.835517059880523855e-02
4.617212909455796488e-02
2.631554801148856468e-02
2.232916724304702047e-02
4.864089204326754734e-02
2.930722216575034483e-02
3.503317984615540032e-02
3.571887814863421162e-02
3.697614804970703051e-02
2.606714198109340297e-02
2.227859485974331005e-02
3.253345268001001100e-02
2.931437261789908433e-02
4.234437145419695653e-02
3.438714160165950301e-02
4.064999627815504141e-02
2.213031778922337767e-02
7.082587993869455915e-03
2.669764012186234131e-02
4.799972203056778602e-02
2.993845008160453749e-02
1.900436007598978183e-02
3.807469642822486344e-02
3.036488502802104500e-02
4.002714780292516289e-02
4.674552990973424027e-02
4.435269743033523615e-02
3.957083530528941046e-02
3.979676809341374522e-02
3.784590879106012468e-02
2.805876752541391905e-02
4.957372089887121525e-02
4.360736237417121158e-02
2.985448217049530006e-02
2.500410087028304140e-02
2.687836389150082342e-02
2.999752506161309715e-02
3.501362413636188026e-02
4.023477924266515710e-02
2.991885114995720268e-02
2.172587352446453055e-02
3.060210535736845872e-02
2.032820031116308601e-02
3.203239670803764011e-02
2.457846370883715742e-02
3.363861266024983226e-02
1.149945001954775191e-02
4.958247739499884593e-02
4.580886906860064112e-02
4.652175480823876608e-02
4.384836510694640338e-02
4.942306539753644340e-02
4.246558181554527245e-02
3.574815074512476681e-02
1.864655038639262408e-02
2.485634244634186626e-02
3.659898516689761433e-02
4.439509899359059264e-02
4.731924945745139000e-02
4.533853433532046562e-02
3.876439392892719413e-03
2.905447901516250778e-03
3.695497023976184597e-02
4.766190004496016763e-02
4.190384775492174418e-02
4.532194360919328258e-02
2.766834969633337818e-02
2.581007449133417703e-02
4.358288304676028596e-02
4.319379332967626661e-02
5.006727500296909161e-02
1.099283193831798559e-02
2.405375626859194982e-02
4.552324065012290644e-02
2.389869016002019522e-02
2.942908371726965511e-02
2.806084841023474830e-02
4.714577562218453394e-02
4.303357086007338766e-02
4.103421323736389237e-02
1.562998559722190636e-02
4.103610998127758813e-02
4.012408735524999881e-02
2.834658197373615685e-02
2.007586480055588429e-02
3.312346913963645778e-02
2.130317403901987872e-02
4.479404601665840091e-02
4.929416065231265881e-02
4.139163122434517950e-02
2.409395869608950067e-02
2.367438104782115457e-02
4.596073032811421460e-02
2.201281044976053508e-02
2.863727058554860205e-02
4.534913841022798764e-02
4.612418774785331799e-02
4.190384775492174418e-02
4.395614563850105266e-02
4.743773641577155031e-02
4.393967085749297952e-02
5.001762767307428581e-02
2.796284531195209616e-02
2.697145402838553932e-02
1.240805154146228974e-02
3.731148472211229250e-02
2.087880334367092985e-02
4.298937980265397918e-02
2.989631812081917223e-02
4.520406016749588946e-02
9.964644108453622751e-03
4.504562695258474553e-02
4.023125093520596440e-02
2.860885850637644862e-02
3.357702477313086187e-02
4.672179416445427363e-02
4.127031009822504370e-02
3.871878293689998141e-02
4.714577562218453394e-02
4.660978883781351223e-02
1.832639265753619601e-02
3.800566952064601822e-02
2.625766640118289141e-02
4.803574582905521806e-02
3.234230864893505863e-02
1.234782419738049940e-02
4.304479433614663564e-02
3.420012104894525756e-02
4.861552402818541951e-02
4.247321018910112100e-02
1.660456184061563298e-02
4.142432154704043384e-02
2.753655174613497958e-02
3.849716890786240159e-02
4.565765734530087550e-02
3.464290751893397968e-02
3.378643799958355037e-02
2.378857977601062101e-02
4.653492586049223778e-02
1.332159310025226792e-02
1.489546751465375268e-02
4.873303072339689457e-02
4.695725868120408097e-02
2.008100058615368971e-02
3.328852803147518136e-02
4.782083119197938492e-02
5.008578431609654602e-02
4.057989155784911400e-02
3.490827577288398847e-02
4.844739702413396187e-02
2.387587430161220922e-02
3.937784785948149346e-02
1.549235754906804624e-02
4.859253906892251756e-02
2.829758375465334791e-02
2.686357251206656846e-02
4.967842720926015504e-02
2.363895318182739763e-02
1.981345116701770451e-02
1.940296200832890283e-02
4.758104338446336040e-02
8.944012629869838027e-03
3.844607913024908341e-02
4.131356245298228175e-02
3.896974288608247988e-02
2.669082332124997695e-02
3.658243274046028143e-02
3.900647738730146641e-02
4.390645915666151894e-02
4.988842400842926489e-02
4.580142633199438956e-02
4.012496535187885099e-02
4.760315283153392085e-02
4.113012843542601660e-02
1.457500704118705470e-02
2.162245476956473067e-02
4.575760646919215663e-02
2.247245446492159363e-02
7.046228722949935026e-03
4.578836585195966008e-02
2.367151608474967611e-02
4.689819425745166831e-02
1.788002537183350921e-02
3.743453221979829715e-02
4.850642705834141977e-02
2.499942732783245677e-02
3.250712824113130561e-02
3.734973912141037466e-02
3.363757574101575859e-02
4.363664591337949872e-02
3.866293057451347659e-02
4.061075210561622406e-02
3.360070132813298277e-02
4.918689923605767261e-02
1.589748629175006742e-02
3.861956087946068900e-02
4.050567943690685374e-02
4.625193478504452393e-02
2.264039679797195601e-02
2.460343541711173740e-02
1.586443843493406253e-02
3.940581452717444727e-02
3.747368560996966469e-02
2.269183831570634538e-02
3.854695603520486014e-02
1.972750262737779994e-02
4.618740981955254260e-02
5.306007654127978083e-03
4.260639955965440928e-02
3.011888072312016856e-02
4.985451235963397898e-02
4.341213675687875806e-02
3.623400376550228730e-02
4.815960103203222736e-02
2.884331825894803983e-02
8.390669578302964449e-03
4.677828242307476014e-02
4.484091121574836081e-02
1.883644418550933786e-02
3.670256065525696193e-02
5.015117212482909925e-02
4.690601975527277506e-02
2.780549544036876874e-02
1.233995476172129388e-02
4.538706004406458522e-02
4.513315477592977354e-02
4.295946660725893235e-02
2.553324676426180911e-02
4.878522854419910237e-02
3.326728780482340192e-02
3.871221346988302364e-02
2.331255609735055287e-02
2.645454907752849832e-02
4.283560306639147552e-02
3.741630969238218807e-02
2.242932262815778427e-02
2.304052434472205618e-02
3.740225019027636211e-02
2.220050033013017815e-02
3.576616805629096590e-02
3.966847503168512146e-02
4.072328730899905241e-02
4.841779901191268359e-02
4.617727487401132765e-03
4.687066873406179474e-02
4.266455768465007847e-02
4.947182558901750543e-02
3.164980157722413479e-02
4.727292642128215483e-02
3.527893207395752656e-02
3.967098807147804995e-02
4.517761027178316541e-02
3.820774062817061667e-02
1.735406036499070881e-02
3.189196067338238155e-02
1.330183040583788646e-02
2.262122355398971454e-02
1.690397171169662899e-02
9.311454082525058226e-03
1.158336491064315688e-02
3.282874288837012156e-02
2.895330964814232452e-02
4.170036985224045978e-02
1.034405699412551186e-02
4.170709499353225658e-02
1.629474603912938954e-02
4.932730474578454066e-02
4.356521568928881788e-02
4.095910622695763531e-02
3.583031679092286981e-02
2.896807449660373027e-02
4.989700047553493473e-02
2.901019343494414676e-02
3.354710072707396684e-02
1.680156776787424325e-02
2.044629006224642914e-02
3.729434120019677751e-02
4.223409414460888023e-02
3.417358374806857280e-02
4.204391477229683927e-02
2.416312438621248324e-02
1.846564634770635899e-02
4.342515987704539254e-02
3.645356158410914538e-02
4.910385264620978352e-02
2.075876977394621251e-02
2.300430844828926444e-02
2.945653849605606167e-02
1.466824682981050267e-02
4.486629462940379398e-02
3.256992030796689724e-02
2.849163174734179599e-02
4.453986005153640071e-02
3.993365089941232349e-02
4.613522263081792224e-02
4.776652405799175494e-02
3.259429156396114607e-02
4.350607657012210000e-02
3.619467815977633895e-02
4.542881874206475268e-02
4.703616111094235247e-02
2.477338864080064901e-02
3.954247163675879417e-02
3.536406562237757317e-02
3.240355871605601901e-02
2.426458505532863574e-02
3.062661396211564108e-02
2.631554801148856468e-02
4.283560306639147552e-02
2.744798046198243871e-02
3.958594601348125464e-02
2.584812043243524954e-02
3.292214085179937660e-02
3.354710072707396684e-02
3.844607913024908341e-02
1.868923717066392487e-02
1.887028862595121342e-02
3.259679867463744635e-02
4.311502958484825232e-02
1.629353797318131014e-02
2.925667411040306504e-02
4.988904694697909176e-02
3.350362653871560847e-02
5.015117212482909925e-02
2.086181136580080378e-02
4.339773849815822121e-02
2.881469828090011190e-02
4.619504462424080249e-02
7.590643394506480651e-03
2.683479400768097253e-02
5.011494698234247175e-02
4.990002421759769796e-02
3.624077486203785420e-02
1.862705317821183176e-02
4.311161878226981575e-02
4.584852668706742435e-02
4.188255368320992905e-02
7.260759901475595003e-03
4.953487849790292469e-02
2.137302880931670965e-02
4.919423722671288635e-02
2.991714648890354822e-02
4.177619029242837789e-02
2.984379641045608808e-02
3.636262627500363304e-02
1.022312517223743222e-02
3.867441672419960619e-02
2.901174073738619491e-02
1.596336828338450892e-02
4.835613911715527791e-02
2.198073441584093637e-02
2.836202132706083096e-02
2.969187219012443119e-02
3.683368060211347078e-02
2.925950908583882168e-02
3.967381464503898225e-02
4.437476304783363745e-02
2.321522726090428923e-02
1.595190090727930873e-02
3.696675509389476394e-02
4.759011013523825606e-02
2.086181136580080378e-02
3.824947432649738327e-02
4.177871951460743194e-02
4.745973785250086341e-02
3.892061755906411902e-02
3.666908949562402986e-02
3.238875642540352956e-02
2.043518137882169641e-02
4.654971930881926512e-02
2.000806719758987592e-02
3.612978523370219408e-02
4.052167346291209171e-02
3.251632595287846234e-02
3.280566790136878880e-02
3.493223883478130398e-02
2.691097086195483670e-02
1.668011495141198675e-02
4.744199552311665485e-02
4.939288490513792096e-02
3.450122309879965349e-02
3.557100626128151949e-02
2.974424543270806978e-02
4.423426546382287772e-02
3.380994763825644067e-02
3.699265167700222651e-02
2.883633204085686227e-02
1.310348697139475729e-02
4.594571344353865633e-02
4.625595539976112835e-02
3.428304116034609078e-02
2.416312438621248324e-02
4.314963131012163750e-02
4.514781331910840134e-02
3.389983157654190976e-02
4.053805551854589712e-02
1.061323033803870247e-02
4.889925385205915603e-02
4.550972464628292441e-02
2.504066167982013300e-02
4.744617472978788358e-02
4.171009099485100541e-02
2.370220414540769038e-02
4.908324910506022681e-02
4.266258975009026150e-02
4.992884456301593249e-02
2.656152178885771639e-02
3.464550513372137430e-02
3.575437829428337877e-02
4.862468964183020576e-02
2.033265501769846231e-02
4.678227695193575703e-02
4.567755383808189129e-02
4.240524302118438282e-02
4.654132694420094057e-02
2.096451373787994871e-02
4.373543910075944341e-02
1.175671109408910932e-02
6.271047137482130794e-03
3.031824861153426323e-02
4.793102065082608526e-02
2.098621206656480984e-02
3.870700974765202418e-02
2.922061152050496602e-02
4.177547678047755647e-02
3.311821900987762385e-02
4.832621537806201101e-02
4.887002987146166905e-02
4.936792887494249882e-02
3.420012104894525756e-02
4.841129272329938033e-02
3.928727896648437357e-02
1.483353206991615443e-02
2.009596765449072481e-02
3.328931304561405513e-02
2.197361851492310794e-02
4.024457971380880628e-02
4.846414568401128525e-02
4.192994287563996114e-02
3.727586541624492572e-02
4.636480117077288604e-02
4.397575414165193208e-02
1.915902475546029521e-02
4.940446940116127034e-02
2.915000583031853928e-02
4.731986968958549339e-02
4.762462798061564695e-02
3.533898408116970674e-02
3.451487026677686754e-02
3.760888662015526157e-02
3.408398924569609745e-02
1.938737625876398724e-02
4.621359481979695621e-02
1.305352539010504534e-02
3.701759781797066273e-02
4.595972463863231411e-02
2.389095448389980808e-02
2.185121942516499161e-02
3.569278185658117386e-02
4.564461132993415798e-02
1.705845837509075910e-02
5.604394168007537091e-03
3.695302143695108898e-02
1.976456083552764059e-02
4.331112790001934165e-02
1.005518475838178619e-02
4.334974953320723523e-02
2.881469828090011190e-02
1.929181850844349094e-02
2.495946620805727587e-02
8.951913694372173186e-03
4.984624980462486893e-02
1.520186733842873207e-02
4.187330377379615970e-02
2.225449184649029230e-02
3.753760303513262869e-02
4.812289113637459315e-02
2.658509756645741420e-02
1.902385811177979835e-02
2.975654548649160278e-02
4.275131261305323283e-02
2.097475451491584778e-02
4.537343447597223800e-02
2.090827349305314498e-02
2.895240602051938131e-02
3.134607259484943620e-02
2.048244395955001532e-02
6.191972466743902656e-03
3.606270902464838585e-02
3.869088198947705226e-02
3.924001660657588236e-02
3.886709173710667375e-02
4.760264592897762298e-02
1.023541189168048100e-02
4.189618222257857072e-02
2.667956311466992622e-02
2.632208987023803431e-02
4.846079449368337344e-02
3.900647738730146641e-02
5.013734778814045445e-02
4.527132975435995549e-02
4.711073278891213245e-02
4.015625716129626183e-02
3.204388882783387738e-02
1.635691073380137958e-02
4.237140780409752450e-02
4.976509333926113637e-02
4.842562521972734735e-02
1.305352539010504534e-02
3.706016610809960421e-02
4.394829197504226959e-02
2.408693218228174018e-02
1.478547264885977930e-02
4.209638843553775017e-02
4.584696662907727926e-02
2.956939953780794023e-02
4.665095122421783480e-02
4.810814576220458216e-02
4.308142241861302735e-02
4.751219108060192320e-02
2.004578663065075331e-02
4.839888668480379214e-02
3.775112206973129519e-02
2.929313964766211420e-02
3.992200351672553493e-02
4.361675315712539719e-02
2.601892108392575564e-02
3.642617620862654421e-02
1.890184711934560571e-02
3.747136903871466085e-02
1.856071464112052372e-02
4.343263788475341253e-02
1.141567987024341008e-02
4.757684140009067059e-02
6.790919321335741297e-03
3.650533320535274961e-02
3.971627755095452628e-02
4.059878703143011969e-02
3.658243274046028143e-02
4.771237117770485425e-02
3.057864068708873381e-02
3.147693889867782258e-02
4.154924044226065982e-02
4.889172407268366216e-02
4.141408381345133838e-02
4.284428381303365119e-02
4.956531936433478808e-02
3.381177619620476249e-02
4.697970103309227069e-02
2.181215120482928732e-02
3.667657217092339800e-02
3.830924260533085518e-02
4.563756688883723045e-02
3.200216443295761382e-02
2.968459598108480479e-02
2.443452731206502415e-02
4.315062563372584065e-02
4.180023436346922555e-02
4.063609487775347168e-02
4.738482197381471694e-02
3.324850108683743977e-02
4.719534008922175033e-02
2.219689318082724780e-02
5.003605936226126344e-02
1.485768350648585326e-02
1.838962085829620036e-02
2.029692046218253138e-02
4.908424513590658317e-02
3.684575220102953574e-02
2.237539792550953879e-02
2.689153393271733611e-02
3.853850896265385156e-02
2.557481190217212805e-02
1.833680432381509795e-02
2.942483350614044299e-02
4.698866351864843666e-02
2.739693656614376749e-02
4.894253056886892217e-02
1.595190090727930873e-02
3.427693110824100997e-02
4.329690157629977748e-02
7.294330762025761847e-03
4.677572284348141540e-02
4.731986968958549339e-02
1.658994107488501180e-02
1.901332924957855816e-02
4.575760646919215663e-02
5.004231971576533766e-02
4.751219108060192320e-02
3.327272625493477021e-02
2.527598278312359614e-02
1.420148577460824367e-02
3.885209332760552331e-02
4.685715150225559789e-02
4.934439054373863931e-02
3.501608808947304086e-02
3.218602113455156649e-02
3.839358129334291547e-02
2.702874193607627054e-02
4.755352495707298316e-02
2.979514185107678265e-02
1.588453631098658489e-02
1.606963937936348868e-02
3.376901539071193448e-02
2.435829302459576254e-02
3.431451410408624392e-02
4.499356765971148503e-02
3.388450871263877506e-02
4.510904485700255317e-02
2.421270537414179844e-02
3.576878666724298689e-02
4.501167487184776217e-02
2.830666727465266236e-02
4.819960368874925266e-02
1.017219371344487561e-02
1.770332932261768286e-02
1.465224440784827428e-02
2.419130439457181994e-02
4.428640893939782275e-02
4.131298843403433119e-02
4.400957933910647907e-02
2.479459538350491099e-02
4.280041839019865096e-02
1.440176410730798634e-02
2.478300350289688175e-02
4.671832380586939115e-02
2.482108555576121103e-02
2.493355586286689560e-02
5.017853668089474611e-02
3.845660283187241069e-02
3.223562360513226172e-02
1.630461396016083184e-02
2.587585563033481528e-02
4.987625455581862904e-02
4.450579977815274924e-02
4.125507543219041756e-02
4.312843582188426866e-02
4.463679479109035342e-02
4.233417457367878722e-02
4.763968811019225758e-02
4.724283543592126822e-02
4.155525319691035641e-02
1.219877842524827449e-02
2.595440102747183231e-02
3.531775597171470105e-02
4.423572938396332088e-02
3.108682333284557009e-02
4.136565698388587620e-02
1.144970166117618808e-02
2.482515148485292533e-02
3.982139570762326108e-02
4.969238456271976578e-02
3.432113342130962974e-02
4.203785352971959460e-02
4.093861266575961333e-02
3.706936929200192049e-02
3.764904687560155505e-02
3.618803596884969526e-02
7.671982839122827580e-03
2.800990320650015644e-02
2.001310889131261220e-02
4.431705037305376516e-02
3.505472172511524265e-02
3.669365417565038923e-02
2.939668298147288944e-02
2.690924080442485058e-02
4.470670174951235296e-03
3.345669038600183193e-02
3.952898728130785355e-02
6.236877114221746690e-03
4.864538102345937476e-02
1.604469093233641327e-02
2.279919885205718491e-02
4.399893726247907505e-02
2.640778480041038392e-02
4.033748453505998227e-02
2.510036067096045598e-02
2.149422041443545608e-02
3.219834675776019756e-02
2.998246300333408734e-02
2.596977047236376929e-02
3.185757532600447944e-02
4.885043105030895116e-02
3.803708324884103736e-02
5.386615915971617111e-03
3.993397773486243724e-02
4.790827519847489641e-02
3.012846548403206454e-02
3.817861019351050794e-02
3.520954211959230473e-02
3.955228105362439822e-02
3.092089492308813109e-02
3.058303190855287887e-02
1.871847847377963031e-02
2.571640630283958395e-02
2.041697670835089864e-02
2.087880334367092985e-02
2.874787239542152609e-02
3.985331158156871917e-02
4.787426083560601675e-02
2.512494460700982063e-02
4.319440265696779940e-02
4.456453935871711874e-02
4.395905910919436360e-02
4.500117176141148895e-02
4.958147763778538580e-02
2.926468082273634558e-02
4.413900953562163026e-02
4.771237117770485425e-02
2.256387349561438452e-02
4.292398510376196213e-02
3.840501170663399022e-02
3.651353755512915661e-02
3.872908435377443032e-02
1.893598935089595842e-02
4.084367250129788962e-02
2.159963616158438668e-02
4.471945412936575992e-02
3.551250199777231803e-02
4.659637409132768443e-02
4.511720935991168219e-02
3.765226587612617581e-02
2.978246539607513205e-02
4.040240259520504890e-02
4.420115262619356278e-02
4.908424513590658317e-02
