8.225681325001904824e-04
1.148213417859172969e-03
6.728919097967820794e-04
7.479671309104867589e-04
9.596192343935135930e-04
2.138850933616109201e-03
1.476731131283575598e-03
6.669318615830655819e-04
6.037733346171937025e-04
7.105777286816552683e-04
9.565167264078971868e-04
1.897413331535335130e-03
1.671673406697657578e-03
7.608417409171668684e-04
6.709433385912251697e-04
9.253746101748919163e-04
7.079023129162510157e-04
1.186383674734603098e-03
7.446802990095852722e-04
1.201044863744956922e-03
9.642800844385650575e-04
7.508939069786012537e-04
4.624518272291273067e-03
1.320438474780432150e-03
5.679751811841688737e-04
1.006622247903690833e-03
8.947579111352282856e-04
5.804516392191324354e-04
6.342931842748216050e-04
7.376651651827036485e-04
1.289093978965791514e-03
6.578354509508824903e-04
4.843101313670536857e-04
6.074962534375072127e-04
9.426320314545742936e-04
1.097555585687219268e-03
9.489736128098084141e-04
9.470658658015179091e-04
8.835310247096997893e-04
1.225267482578871981e-03
7.214285034553493282e-04
9.535443883953610830e-04
9.842053376548256897e-04
9.274095843359721029e-04
8.943125064233254469e-04
7.627138238622910380e-04
6.025845638277091063e-04
1.414948689499035198e-03
1.334885724903447663e-03
1.383081910240861832e-03
1.050313859729298154e-03
9.158859654508587616e-04
7.731864929080847163e-04
5.689879061157343846e-04
8.549837835488682813e-04
6.956761229526644327e-04
5.586891455935384361e-04
7.802239496202396755e-04
5.683848591195216288e-04
1.076907894890418707e-03
6.059826372698478127e-04
1.457355920216962331e-03
1.110752755872456213e-03
1.107216261597121195e-03
6.030913708541693575e-04
2.287363957815395296e-03
9.122489125178138590e-04
2.331059269420728258e-03
7.066284314435634364e-04
1.488330768787373554e-03
5.213143843044753308e-04
8.816870931286231164e-04
7.960825002619610190e-04
1.571866311763526342e-03
2.300546264501854982e-03
9.505296867923595074e-04
7.070322261611832219e-04
1.003036446195243849e-03
1.567054897203936379e-03
7.159325472189675835e-04
1.261208201615618722e-03
1.039037818795202897e-03
1.182106116110406922e-03
1.010236305313148755e-03
1.209186641438090258e-03
8.815642147236345347e-04
7.386974181699295294e-04
9.517129139939455897e-04
1.054183818236819649e-03
9.159552639284100324e-04
1.863475822328961940e-03
1.503284915348420238e-03
6.124017852958888028e-04
9.439688793363824621e-04
2.249448578954361261e-03
8.878810414328122376e-04
1.030660928883792449e-03
6.286691806458373673e-04
9.892120048761857739e-04
5.880126226735850640e-04
1.223817727403349017e-03
1.074731887165830159e-03
1.814409925213808245e-03
5.298144852506891109e-04
7.365054432799475080e-04
5.743138187170259389e-04
1.326252782649579463e-03
6.275138720623358712e-04
4.992178742195903154e-04
6.912113203143587566e-04
8.945421975507782683e-04
7.370218183615604053e-04
7.294669608927561088e-04
6.468474500332003574e-04
1.758175565889467939e-03
1.008820065252329264e-03
5.425517107108127415e-04
1.035170641564355648e-03
1.145106912352803234e-03
1.559793770994577933e-03
9.025326226271034643e-04
1.374586502992614914e-03
1.488065183564325853e-03
5.043198739910267209e-04
6.412194270264276203e-04
1.302766777843729438e-03
1.723566113605027239e-03
1.772239115498482195e-03
8.284378436335245940e-04
6.293186554668274294e-04
5.145994351027633048e-04
9.320389152695718804e-04
1.222236498790056376e-03
9.858841358265843773e-04
7.690053421727331955e-04
1.008774353553343545e-03
7.318885062712155798e-04
9.531926931848963688e-04
1.141417202740921530e-03
8.510066718377120535e-04
1.705419671036644122e-03
2.856904209795031128e-03
9.290841713754281143e-04
2.130173865285490790e-03
7.014650223412217207e-04
9.906218875876129058e-04
5.586584453351164025e-04
6.833535810128074607e-04
9.585986385626823992e-04
7.982072127088018490e-04
8.090254144350398887e-04
1.756915949749304328e-03
1.894568296008244512e-03
1.423312461515406765e-03
8.508881512164054479e-04
1.032660762625587595e-03
1.005930274853391714e-03
1.216400007235584604e-03
1.047925936974443677e-03
5.614337801932983837e-04
5.884014548876852517e-04
1.235352812975475025e-03
1.099053901550556440e-03
7.160334546475791671e-04
1.070611066542216357e-03
5.344581306424479481e-04
6.043836513050360572e-04
1.024102204999932653e-03
1.004333325302695853e-03
1.981613453424357647e-03
1.235352812975475025e-03
8.448777652547436422e-04
1.052223783745924847e-03
6.721202387188108954e-04
9.380831427528319453e-04
1.300036447114701239e-03
1.464344340752588708e-03
6.983496641361641591e-04
8.445883941217563473e-04
6.412351272279128659e-04
1.568709694546763797e-03
1.329513187242120729e-03
1.043133888906934295e-03
2.059478106194449504e-03
7.729952165986626791e-04
7.447963135882511125e-04
1.152611642516050564e-03
5.135878317745600635e-04
9.339528534425948526e-04
6.690341243331144336e-04
9.025326226271034643e-04
8.423041321672669222e-04
1.842666009224878856e-03
4.943660613928595356e-04
1.068942979553341461e-03
9.316082640642892087e-04
5.624986405440092528e-04
9.075563163519459508e-04
1.118710819043583146e-03
6.065498110899848446e-04
6.840504590066082873e-04
6.426929807424986525e-04
9.429884265490308696e-04
9.637594984251780968e-04
9.446121145121053660e-04
5.078086354582915648e-04
4.947580633049675864e-04
8.659842150930473041e-04
4.406955727440874625e-04
7.176329393533976411e-04
8.666991208200751536e-04
5.205594000621229433e-04
9.091628910052547462e-04
4.227844957566701412e-04
1.304930864773985429e-03
1.281664188019022077e-03
1.541255914255446795e-03
7.320739136290790438e-04
5.819156255180193407e-04
7.974288924785872179e-04
1.144208501836458747e-03
9.262303690099382746e-04
1.194417229133567073e-03
5.665562956083952531e-04
9.007907667679421627e-04
2.586848755373203322e-03
9.057166100919975243e-04
6.737181584688962249e-04
1.365728934517988899e-03
7.504271440943756626e-04
9.344492340636924299e-04
6.745027818902788689e-04
1.257035855310587426e-03
1.044264165749489697e-03
6.531135200593025675e-04
5.996523481725507922e-04
1.298865089845293924e-03
8.559778131601411717e-04
8.474358656709444397e-04
4.718996344645041714e-04
1.076735661298984861e-03
1.109314566576715148e-03
1.450230291363984641e-03
1.405222127320422676e-03
1.058303761070113853e-03
1.201335084818622168e-03
5.034479712654137649e-04
1.232611895321456073e-03
1.543785864269351825e-03
9.270562343941953463e-04
5.879345548694880561e-04
1.614544064560764379e-03
9.779110626815326352e-04
9.978139471035550427e-04
9.548439256102634904e-04
4.817081942736787040e-04
1.118252177568624436e-03
5.397767661843547345e-04
7.997203369381834836e-04
1.206119882850457741e-03
1.091795642445887726e-03
1.680912075404174342e-03
1.052910564818502082e-03
4.971527931840602618e-04
8.981981945068974677e-04
1.723510588236241764e-03
6.688377288604600845e-04
1.831415696257710207e-03
6.044015626070274420e-04
7.926354186449525562e-04
8.282721610148114158e-04
1.347189524418509424e-03
8.135981104385929617e-04
9.318388460709592152e-04
1.527687649137463412e-03
1.101269766625880388e-03
8.780158591422803239e-04
1.373711919075640796e-03
7.233748692464905860e-04
7.145835790437829460e-04
1.671001381661410025e-03
9.810448760743798510e-04
1.110839222220234585e-03
6.559652577023921934e-04
2.156258961385700956e-03
1.106311039922074340e-03
9.087945528728670489e-04
9.850029081781995401e-04
1.353479084941156853e-03
1.361034211993983898e-03
7.092996036859278933e-04
8.507641173803905110e-04
6.402639029192013940e-04
6.232879134923827950e-04
1.359542408137473513e-03
5.807343933947822041e-04
1.454621387686786445e-03
8.996990746491904814e-04
7.427137298749584204e-04
9.679701650448774676e-04
6.823712134966998955e-04
8.463427673690460552e-04
1.039037818795202897e-03
6.753678082694364749e-04
1.372358189410319632e-03
1.950375009816430073e-03
7.428638925743309262e-04
1.287386911313788710e-03
1.001940422934057126e-03
1.159274463941181981e-03
7.854249590828854370e-04
5.457525485422052994e-04
6.694722960062288088e-04
6.923274630657274328e-04
7.050348579107317123e-04
1.798613137684361213e-03
8.917718585734506946e-04
9.900079369596121066e-04
1.650178887258213272e-03
9.048856860571849329e-04
7.993042301383502472e-04
1.412542733168158267e-03
1.126582334477685453e-03
9.980355879226890294e-04
8.508655958117953199e-04
9.832901050415758602e-04
7.964909273472200232e-04
6.778610213889039744e-04
1.355645666820523218e-03
1.048675130456537498e-03
8.666801295205859776e-04
1.044556754780484728e-03
1.498485352895368014e-03
7.311736534988893350e-04
1.058303761070113853e-03
1.458922424816372701e-03
1.090419474342441434e-03
1.011354543898632845e-03
7.959176066450968307e-04
1.296365100199755888e-03
7.743079555254155305e-04
4.850477849004234169e-04
6.768617154373604604e-04
7.165118265589868075e-04
1.180062448073384770e-03
8.620206056545248133e-04
6.481844919421612689e-04
8.195136429357687642e-04
5.469089859181228879e-04
7.514461623399024950e-04
9.341359201630823400e-04
7.923663777603507470e-04
5.886255272181542889e-04
8.073541521903947627e-04
5.982653186484556632e-04
7.192347440359058222e-04
7.528673787851260409e-04
7.554907778930254310e-04
6.061632462960087108e-04
6.634864119500034300e-04
1.407887764970154089e-03
1.313455026067382458e-03
6.118619243318117228e-04
8.219268104540606917e-04
1.137224819986690574e-03
6.954484004501772362e-04
1.008813500143140559e-03
6.935650110231834963e-04
1.669166543569776569e-03
6.585720573020652831e-04
4.208925166545898463e-04
9.574115963400932176e-04
5.502115447130263067e-04
7.970836828156285542e-04
1.413529135327820738e-03
1.991427832125009564e-03
6.704889675142375717e-04
9.047924414696525757e-04
1.122615724407664481e-03
1.336689709513565584e-03
9.070978938211952730e-04
1.003349583720258061e-03
9.916041126392612960e-04
1.499101516573370747e-03
6.688496747172266487e-04
7.928178398845970058e-04
7.466053836034932745e-04
5.785183253585697094e-04
6.890238919429429862e-04
2.579330582747592707e-03
8.925861752541827026e-04
1.277488318915156237e-03
6.338666422134609782e-04
1.772239115498482195e-03
1.038468817612723258e-03
2.287506693031972436e-03
7.298728714319359509e-04
1.088892056314905805e-03
1.012258495764574396e-03
7.637715228296387436e-04
1.313386279454979927e-03
6.418737187401017761e-04
5.129530586578716573e-04
1.286861362170240667e-03
1.115191793647664050e-03
5.877045722193225807e-04
8.248950301723273872e-04
1.015933425381717594e-03
1.059041625891805330e-03
6.864142633621121660e-04
5.557972774994447739e-04
1.435688243709721309e-03
4.298913357316164522e-04
1.666031343040004931e-03
1.237537489617489706e-03
1.008500018150113855e-03
1.048525291540294748e-03
9.644555525293172426e-04
4.354609794937052553e-04
1.061297017284762272e-03
1.412542733168158267e-03
1.088859605546335261e-03
2.079693189399376904e-03
7.421192916041432445e-04
6.339994572579156669e-04
9.420465658835137533e-04
1.695143314367640076e-03
9.254699314486510096e-04
1.423312461515406765e-03
1.082708612775179708e-03
6.819257142579395782e-04
1.055174837571758130e-03
8.870334990602570576e-04
1.028974990853711137e-03
7.742224099636272564e-04
7.092375646883965603e-04
9.087696089048376020e-04
5.079583992862293828e-04
8.393043385470746239e-04
1.435699847873701937e-03
1.271168733846078343e-03
9.675172276430726729e-04
5.459152638681414281e-04
1.454501515860571678e-03
1.080524851274223012e-03
5.354015309795060427e-04
1.603722497638597781e-03
6.392054612523325558e-04
2.058327287634981791e-03
1.008842753496601730e-03
8.872319025391267036e-04
9.405440539690922966e-04
5.211652320267840454e-04
1.891483968187510425e-03
8.891695155631702645e-04
6.135184917897726050e-04
8.880607557477128693e-04
9.352436052959855247e-04
7.800999505267146566e-04
7.082326788166113654e-04
9.818453145111092836e-04
1.032074392037296735e-03
8.248060261140959968e-04
8.304787468033299506e-04
8.018041112267912688e-04
1.283159244039390121e-03
7.030847110832625637e-04
5.513150861961034531e-04
2.135341469865387285e-03
1.247090681182592715e-03
5.551885773039925585e-04
8.371427888181154570e-04
4.663055127571250915e-04
1.091281707625186030e-03
1.277699001250437233e-03
9.457611245356574350e-04
8.799162898945289647e-04
7.154348318368794696e-04
8.081195695996096044e-04
1.022448982287823150e-03
8.305756442096360031e-04
1.345948819710726403e-03
1.016683442382285965e-03
9.108720289634642930e-04
6.574168421493282143e-04
7.484358550777191199e-04
1.145675046045198115e-03
1.231943146486530255e-03
8.944887702366800244e-04
8.889828902253895737e-04
9.142048955720804204e-04
1.333114552343231960e-03
9.005844873692024589e-04
8.409579496245692251e-04
6.000352113968386841e-04
1.194706517096285735e-03
2.276512149823674367e-03
7.189715882269818786e-04
9.596542751703180611e-04
8.155077252746899524e-04
1.424054670562140655e-03
8.017242460488559555e-04
1.268874211969979893e-03
7.475846204047773870e-04
6.435695671098460397e-04
5.176070610715978720e-04
1.012258495764574396e-03
2.543019141349784403e-03
7.198694568937801224e-04
6.426108435039830803e-04
6.142728170536411242e-04
1.110839222220234585e-03
7.367043275848016506e-04
5.286060917378415398e-04
8.902252274354490770e-04
6.603758653387349587e-04
8.052830204931588813e-04
4.541152905305632015e-04
1.458922424816372701e-03
1.291434739733341797e-03
5.366917219310320467e-04
1.614120058486183916e-03
5.245492399354505448e-04
1.197551613100385822e-03
7.830180899826577352e-04
8.752250798385986059e-04
1.701937998163690312e-03
4.946181799026767942e-04
1.005472741001107789e-03
1.073395288570048707e-03
8.083545623558395813e-04
1.017016590107922090e-03
7.449485550004710877e-04
2.175925913965551239e-03
9.122489125178138590e-04
8.540855518616194235e-04
6.360526536846453820e-04
2.368047688678699865e-03
8.603768025819605704e-04
1.119555038750161442e-03
1.344881124443217694e-03
5.562529534302073156e-04
1.150828523773593081e-03
8.923950399868732248e-04
1.531150899775043320e-03
7.604036332088178352e-04
1.300655105467918207e-03
8.391108949463559627e-04
1.290055166044271236e-03
6.239912414680264105e-04
1.316227272962704848e-03
6.506064412217591863e-04
1.256568974541559872e-03
1.078914054741435388e-03
1.176753093897323294e-03
7.071495055558917617e-04
6.649979978301901818e-04
6.177591900424294442e-04
1.273753150554406697e-03
1.114602529818489989e-03
4.943660613928595356e-04
9.125660962660418676e-04
1.542705855738357680e-03
8.518573264050414767e-04
7.302763995602559472e-04
6.784187593933781180e-04
6.805469569179402583e-04
1.081820780882586939e-03
2.712556049728692166e-03
6.465272947039295932e-04
7.960825002619610190e-04
1.396418371288168578e-03
1.176062739462433848e-03
1.699201648259312560e-03
9.386336656077148019e-04
5.999149925094140676e-04
8.134686142608902248e-04
1.033930440368599404e-03
1.087806335202205809e-03
1.319322538624653068e-03
5.931172965753571478e-04
1.329915374750573111e-03
9.449354005718355130e-04
6.592729055084206591e-04
1.239024551390621558e-03
6.008827022567602956e-04
1.090841270890223393e-03
4.781759630572286453e-04
8.774191721481246903e-04
8.288305508264120613e-04
1.328415567921973879e-03
5.741598549836544885e-04
2.745414320616210071e-03
7.158055584825375817e-04
6.232816531535063757e-04
8.020491268237546142e-04
4.624518272291273067e-03
8.385473594711942728e-04
6.288027366369692249e-04
6.985978648524178913e-04
1.242186462887760615e-03
1.590944684609921873e-03
6.506064412217591863e-04
8.463427673690460552e-04
1.277439803030780332e-03
1.006570074631606051e-03
9.419671337223100693e-04
1.319850151225777576e-03
8.073541521903947627e-04
1.298666679151797053e-03
2.502000601805302090e-03
4.960332684989227471e-04
9.934140135794732387e-04
1.032785459834110716e-03
7.825365170979801206e-04
6.864142633621121660e-04
8.378788980076252004e-04
1.319875228013658386e-03
1.200846392656594510e-03
7.861087318930334725e-04
5.365589703891849357e-04
6.170961001821307409e-04
7.872966250468793181e-04
1.641496023907768444e-03
8.378788980076252004e-04
4.880102771248652493e-04
9.343357777538139394e-04
4.179162164255738072e-04
6.093070135008239524e-04
7.147402615131892003e-04
1.135705631049812540e-03
9.285834101625130808e-04
8.678796422119365193e-04
1.285937996357781020e-03
1.383856381453923718e-03
5.686947303868904137e-04
6.665124178563400963e-04
7.484358550777191199e-04
1.061641113970338045e-03
6.884215618756007755e-04
8.216006374701757342e-04
9.391259303013862374e-04
1.179939919287837334e-03
1.243235639479704302e-03
8.768567537808613730e-04
5.182395894242529865e-04
8.119227200805668662e-04
8.675769125937922042e-04
1.102080342946840487e-03
1.032090519996402321e-03
6.444461251142559943e-04
8.196086817857319191e-04
6.420881688668868053e-04
6.074772162155541800e-04
1.525199672557328058e-03
1.131191232801156315e-03
6.789603274458574748e-04
8.734428020929595323e-04
1.464344340752588708e-03
1.449059819065273876e-03
5.205319601012820810e-04
1.043466944995697417e-03
5.367514223119800075e-04
5.124225123943209909e-04
8.844369874116063098e-04
8.486882411764636773e-04
8.818544636055015941e-04
8.062142170184708780e-04
6.328653803065231774e-04
1.571044522833853424e-03
2.108834713894972186e-03
1.313333769682989297e-03
1.245024248564759227e-03
6.559652577023921934e-04
6.269726417791131974e-04
1.059262562112061592e-03
5.974276944654448784e-04
5.564299034813448546e-04
9.180589768661149338e-04
8.498306294701175097e-04
1.164243239888404415e-03
7.151575570319866279e-04
1.502433768352033541e-03
5.097387470215139060e-04
8.842330131159464824e-04
5.255218419017913768e-04
1.095786080338538842e-03
6.246021689603008633e-04
9.815350888288227292e-04
1.502564632314822317e-03
6.352481171655703640e-04
1.421671673103635765e-03
8.024596712866019846e-04
1.686590504413925089e-03
1.317458264998247388e-03
8.585639763420305649e-04
8.467536449179659296e-04
1.028496255407356993e-03
7.148950420237173021e-04
6.745805420436597763e-04
1.458323006686798118e-03
1.935610291061670577e-03
7.088938143894440557e-04
1.060686396074100955e-03
6.794253842493065210e-04
7.964131669339355804e-04
1.165313879429249544e-03
9.958473135269125566e-04
6.111792622467244421e-04
8.341363443148326921e-04
6.251551425022735045e-04
1.423676239532093834e-03
8.061501332991924829e-04
7.649338268700641482e-04
8.917718585734506946e-04
1.222073745384871834e-03
9.260517830791990335e-04
6.959486914635982374e-04
1.008611126952917549e-03
1.341628183858600311e-03
1.032388723756832213e-03
5.902843875923335015e-04
1.316223016557074551e-03
1.178434480238591204e-03
1.039037818795202897e-03
6.478241331915216917e-04
8.313896488339576766e-04
7.156773324857059176e-04
3.797644024422727922e-03
7.293866998106651994e-04
5.333654519875677619e-04
5.881078264634976129e-04
6.083461784630879009e-04
5.663806404276296646e-04
1.009541980549175143e-03
8.392541533288503742e-04
6.680879624507521678e-04
1.484042328709778450e-03
8.661677687711948591e-04
1.558301680126603691e-03
8.005851230126412310e-04
1.535465136519440898e-03
2.731437974266316682e-03
6.657864871581328694e-04
5.059404293311841813e-04
6.939755057453567220e-04
1.069963325555767621e-03
1.798613137684361213e-03
6.986126488510853135e-04
1.049517448783927149e-03
6.846206454516357573e-04
1.318524214763585126e-03
5.822939266300721558e-04
1.115879426353390269e-03
1.000892673864946670e-03
1.381570027996014078e-03
8.315021293577352663e-04
1.243070149897556589e-03
5.885526845782001158e-04
1.954905255322524679e-03
2.366977348001962893e-03
1.338555670597123791e-03
1.074236124576723400e-03
9.224567371603249613e-04
5.810599931641059496e-04
7.432377587497045581e-04
6.332754668298377909e-04
1.069963325555767621e-03
2.141981790906851563e-03
1.032609891954912361e-03
8.959187798184797520e-04
1.241524367346356818e-03
8.606413335767822874e-04
8.603599977423666929e-04
7.732314398029054492e-04
1.009541980549175143e-03
5.902227900196174888e-04
5.522602611784675807e-04
7.148284229101281757e-04
9.181229785503287151e-04
1.110626318772546094e-03
1.066226204903948606e-03
7.244978859970299190e-04
1.011537012317492148e-03
1.202594015635785824e-03
6.673262307325948011e-04
8.186785248819082117e-04
5.929756744552513396e-04
7.970836828156285542e-04
1.361072974623423045e-03
1.268147195037726705e-03
7.683517638268574663e-04
2.005502551653085344e-03
8.986314802505899427e-04
7.535216105551487001e-04
1.435658558314522248e-03
6.599127441951146240e-04
7.103125247088189816e-04
7.215962217536948551e-04
8.893628041791409086e-04
1.021406814946314084e-03
7.390389756475065994e-04
6.379682686461148359e-04
5.368107427092388148e-04
8.855937338228029275e-04
7.037891258026612775e-04
1.933882758330454036e-03
7.792546909133801682e-04
5.927012269940542524e-04
1.629822472079977711e-03
1.762700761632663479e-03
8.535489637668921192e-04
5.985384567883478366e-04
7.285518030907246973e-04
6.071994300949090130e-04
5.732310003000137041e-04
1.862692011765176067e-03
6.559620380654104755e-04
8.758416002485289740e-04
7.213360843280179234e-04
1.136721833211484659e-03
9.391259303013862374e-04
1.237077447026778063e-03
1.192532858963926299e-03
9.890667354725338201e-04
9.387569036510788872e-04
8.707867273061054448e-04
7.695703993182041736e-04
1.197465649518862510e-03
7.555785525843755233e-04
9.975485692909234411e-04
6.912999926739465516e-04
9.005844873692024589e-04
7.572900761694059419e-04
1.086496237215082592e-03
1.131191232801156315e-03
1.006443019927991860e-03
5.749935435642307240e-04
1.109108741721158593e-03
4.662176976018103007e-04
2.290464675176892128e-03
8.957384796544736729e-04
1.492649192700639055e-03
4.102828952271640869e-04
1.588106648047769897e-03
1.408724729432682963e-03
9.777282754207580057e-04
7.667465326963580604e-04
5.282705380501836806e-04
6.165758677393873548e-04
1.172699874551931011e-03
1.211157711378389387e-03
5.229003159072201671e-04
8.926405598150617031e-04
1.435658558314522248e-03
6.563074730468078507e-04
5.680138608424702487e-04
7.631449257640225128e-04
7.517089737340197598e-04
6.646977831135432056e-04
1.254953008768358710e-03
7.225906867139095377e-04
8.644304820305712903e-04
5.629746388932897749e-04
6.735212935040292993e-04
1.185401809615860454e-03
1.181842165983901325e-03
1.008867174482112449e-03
8.962245498989198462e-04
1.590926835178864103e-03
8.199622422726410027e-04
6.603758653387349587e-04
9.246443173048394864e-04
5.369466404829727072e-04
8.927349108687486533e-04
1.007583501648337933e-03
7.092375646883965603e-04
7.959176066450968307e-04
7.338496437815717399e-04
5.802216752988674031e-04
8.149281971535797314e-04
1.418914612065612455e-03
9.574683134407089907e-04
7.225593526979728291e-04
8.495916835416475639e-04
8.766924652729796369e-04
8.467536449179659296e-04
5.773118287628061602e-04
8.834326388651409867e-04
8.420841471485468162e-04
7.478346361829092594e-04
1.155170317842089739e-03
8.005851230126412310e-04
6.133427118388140326e-04
5.652156948995506504e-04
5.676990760730814961e-04
6.573265767325000425e-04
1.072576556078699362e-03
9.211982916748215821e-04
1.172784566949576545e-03
9.892341743422390730e-04
6.603184151267280392e-04
6.683936859997592584e-04
1.335640991091082167e-03
8.527602485609296927e-04
8.600436163624754953e-04
7.455742819420152403e-04
8.938593373653639382e-04
1.044468484204432411e-03
7.185108756894566066e-04
1.245657816040660667e-03
7.817324963707036976e-04
1.104906484641061991e-03
4.820558041854861118e-04
6.144891419854902779e-04
7.388622663018653940e-04
1.269201631312934187e-03
8.643266065680696485e-04
9.195074972717239784e-04
2.524918817936537205e-03
1.174903726139196443e-03
7.448288059368072048e-04
8.084309086016376773e-04
6.435695671098460397e-04
1.560044112796460988e-03
1.189470489038310045e-03
8.038685324452313598e-04
5.813790315850447246e-04
2.360018764170768082e-03
7.727810682610304540e-04
5.397254519739049308e-04
8.752350316102665197e-04
1.511507743868198634e-03
9.290841713754281143e-04
1.000363299520001673e-03
8.150166874959503642e-04
7.777693358946196137e-04
7.532980817214712885e-04
1.295452126329996916e-03
8.206744597374494680e-04
1.068462761729698906e-03
1.360881744732420464e-03
2.522636437181055222e-03
2.249448578954361261e-03
6.936176353516857558e-04
9.606999388931741161e-04
6.652931058465865561e-04
6.171441701166657887e-04
9.905097693160449905e-04
7.055780440622952615e-04
5.010275748586733848e-04
1.852572926553843879e-03
1.007359602808466760e-03
6.534927932895868898e-04
1.192493302097075636e-03
1.167307258351539621e-03
7.634186306721407874e-04
6.676387195429844606e-04
1.030353609887520606e-03
1.067740464747075641e-03
6.251157370536497559e-04
1.934371711318402017e-03
1.528109378129871316e-03
1.347177334268215938e-03
9.769102198043980948e-04
6.296462833719725701e-04
8.675769125937922042e-04
1.220460169888861477e-03
1.273753150554406697e-03
1.174899080738259910e-03
1.365495455587787971e-03
1.214109395641813690e-03
1.508123885732555111e-03
7.240302471152676661e-04
4.510432188737984642e-04
1.077081575660669656e-03
2.033197620233095828e-03
1.349025071555425871e-03
6.820389620238541785e-04
7.083188198975571724e-04
6.559652577023921934e-04
6.493726414358344089e-04
8.346069221334875138e-04
9.833806705010824517e-04
8.662747597531928606e-04
1.857188128136717017e-03
6.903824364301073494e-04
1.181607349484656592e-03
9.049117534688286670e-04
8.298452622746778405e-04
7.879701861813817598e-04
1.476834442413080999e-03
1.407142044270486263e-03
7.000084692561033863e-04
6.239285484683950974e-04
5.968704563388998238e-04
9.370089465715526105e-04
8.829495369025502569e-04
1.436219345161948583e-03
6.431798799054898493e-04
