2.004846567673153335e-02
2.357821015159712597e-02
3.105395368977650200e-02
2.099087833882473317e-02
2.032090804426353939e-02
2.269251627943735458e-02
1.928311442743811666e-02
2.417017428543910204e-02
2.146165006278093895e-02
1.577213853363852378e-02
3.246428827658306288e-02
3.305300532318869444e-02
2.538861883623724086e-02
2.715582444038913690e-02
1.038798217116442685e-02
2.871512378396520043e-02
3.216019095955279655e-02
1.627773889987109771e-02
1.046059131709391882e-02
2.760744467588539461e-02
3.290001148133932241e-02
1.616761649206205700e-02
3.357030273197959130e-02
2.300078057944564269e-02
1.565794712823311702e-02
2.751534303821226435e-02
2.363572812838509590e-02
1.716609087772276443e-02
2.145895912440994729e-02
2.882176097123068451e-02
3.032998820105734308e-02
2.536391490937161750e-02
2.767853753746780249e-02
2.295314280539068399e-02
1.812062155083093290e-02
3.206362522768535506e-02
3.042155972398774555e-02
2.735005830325952514e-02
2.122660053476279479e-02
2.504761896353997763e-02
2.858477780427422926e-02
2.490575228524226359e-02
2.952996518359496045e-02
2.663392993568011041e-02
1.945801149841873412e-02
2.108433657679281009e-02
2.868366058204165070e-02
3.069067880966196149e-02
2.135376647585542076e-02
2.642413355530635194e-02
3.172421991990417856e-02
3.262921504095690067e-02
3.268160951817190851e-02
9.641495637096554258e-03
2.399554194908877156e-02
2.919402100471351486e-02
3.229328705032367269e-02
3.347802463803863093e-02
2.190073035774971894e-02
1.744011185798815394e-02
2.970728422360751492e-02
9.370567158504771593e-03
3.307687016530533319e-02
2.396364767186498837e-02
3.325858264756618304e-02
1.990788544363652005e-02
2.534449737994349389e-02
2.365722383102034435e-02
2.416749431784040794e-02
2.771264246006861776e-02
1.528958389232428633e-02
3.036562531365630604e-02
3.170093945613144948e-02
1.871445779925740016e-02
1.981583537320171298e-02
2.226643588213111230e-02
9.126931243319546389e-03
1.720336075206379406e-02
2.285483250311445835e-02
1.871111753730083510e-02
2.483460727517865230e-02
2.431659606477795318e-02
2.246906641147049244e-02
2.254571829203728256e-02
3.073821950227236324e-02
1.204953816550725400e-02
2.867559238277277156e-02
3.401965636087329881e-02
3.305536558085730992e-02
2.804557006632130492e-02
1.904323140454405178e-02
9.473702992511054757e-03
2.481292794188766360e-02
3.103757019613520574e-02
2.796891617016487516e-02
1.527254241813557310e-02
2.433581494692672181e-02
2.487660775329519208e-02
3.070483001588918473e-02
2.517838473392303503e-02
1.743545751423507262e-02
2.929475163930406537e-02
3.317835416131827142e-02
3.163254354500358995e-02
1.915906111833680370e-02
3.156117868389667069e-02
1.193419320495372679e-02
2.451675210792497728e-02
2.240331459375204462e-02
1.753281634867991101e-02
1.907225580176958799e-02
1.826562627485793511e-02
9.329805021339605473e-03
1.699176583654383663e-02
2.341189174707283133e-02
3.047965059500034463e-02
2.475832006624584247e-02
2.384160361155674215e-02
1.277796309687994486e-02
2.312037430974825739e-02
1.791332122255800616e-02
2.239270190077493825e-02
3.287294812163917695e-02
2.805743164519998098e-02
1.503471283985288037e-02
1.040974319697312439e-02
2.815343405124504095e-02
2.240055404364393182e-02
1.854115457027272554e-02
2.576536872429007613e-02
1.077823359502431619e-02
1.985456364074805052e-02
3.020032981339258044e-02
2.624095280918675027e-02
2.613883852549096082e-02
1.900252077055359506e-02
2.717479242238402676e-02
2.627429850325653515e-02
2.965886939261776559e-02
2.553149165812606397e-02
3.290565034577516701e-02
3.195643551125118553e-02
1.590174095443985108e-02
2.624954048607952561e-02
2.218958092401926777e-02
2.025667871316530130e-02
3.206975047592185157e-02
2.241843537828140318e-02
1.717618460191745397e-02
7.518329082691274645e-03
3.025797655687113147e-02
2.250322818519977230e-02
2.423903408463559325e-02
3.107000649477110674e-02
1.335645651490648643e-02
2.542048694766822770e-02
2.023447128245909818e-02
2.109125110665097114e-02
3.346230363840059507e-02
8.325686041603113860e-03
1.622439963816061856e-02
2.765221506520335049e-02
2.882632887878243746e-02
2.857651454630560223e-02
1.618166051362852909e-02
3.154376617999031518e-02
3.193297690760694973e-02
1.118356669567721444e-02
3.151223861583346553e-02
3.773398615475400970e-03
2.348344624324241389e-02
2.915149851983331319e-02
1.985456364074805052e-02
1.402349571916281477e-02
2.733140012725835538e-02
1.903761655358579205e-02
1.117208509706477636e-02
2.681022574097859795e-02
2.891032997863588264e-02
2.258747901792536317e-02
3.082485223900327184e-02
2.439121740535960675e-02
3.249493557447433872e-02
1.076959117978286591e-02
3.209774698878854748e-02
2.348537397488735523e-02
2.655547074288711756e-02
2.011667383794073574e-02
1.431385551226024150e-02
2.464503668861404637e-02
3.311546004234322549e-02
7.760783668547578673e-03
3.291457668160562011e-02
3.284994735445902897e-02
2.846865966948976603e-02
3.303003877128602578e-02
2.253980307200203342e-02
2.602416255221509656e-02
1.711480399128339699e-02
6.118229754524802215e-03
2.046333944023537993e-02
1.312605225826790102e-02
2.439057469399995640e-02
1.674132012465267064e-02
3.331128425234156781e-02
2.711708876638145235e-02
2.106062839919380786e-02
3.275721291138586344e-02
3.413494853622005276e-02
2.336622202588505004e-02
2.098985535405887073e-02
1.176609041084930411e-02
2.269329240067687048e-02
7.568758704839988541e-03
2.637279897908716142e-02
2.081882120828850227e-02
1.393691112758033493e-02
2.749780423426462922e-02
1.487521474576454852e-02
2.817662084232907399e-02
1.019649661589260882e-02
2.262525194107752741e-02
1.803363897132005678e-02
2.874202654308058089e-02
1.929752556453752377e-02
2.510254983141718341e-02
1.894129531304315078e-02
2.149270174803540046e-02
2.828938814225612566e-02
1.218947631756022408e-02
1.534202986576324070e-02
1.980671931828615825e-02
3.046039807963202978e-02
2.488426733755611311e-02
8.811128607700228349e-03
2.202417687300945587e-02
2.036601473575139556e-02
1.847988439458086302e-02
3.025480002149018299e-02
3.085778603696247291e-02
2.650804473076079359e-02
1.580001453802667641e-02
9.139981755217274281e-03
3.254962307576043934e-02
2.197571671933388343e-02
3.079709292938858506e-02
2.035880030465184176e-02
2.883035144890478893e-02
2.466115657373729730e-02
2.317999932456164466e-02
3.036562531365630604e-02
1.968274507485378438e-02
8.429337347216053072e-03
3.170131649950597846e-02
2.822886634460010369e-02
3.332727790494374037e-02
2.516536756107201275e-02
3.157521805575681101e-02
3.319673979847333894e-02
2.082384164009640562e-02
2.316932188323027331e-02
2.957708053803669371e-02
1.792032615499441345e-02
1.980683529654262559e-02
2.848245944771884627e-02
2.841732872362604922e-03
2.482112102784501950e-02
1.193640052122567352e-02
5.530547333544339091e-03
2.002304554979304763e-02
3.125814258981826632e-02
2.968188383121222323e-02
2.641746761472345273e-02
1.480721811985269941e-02
2.845983640843541967e-02
2.638080499739720031e-02
2.058258554653456113e-02
3.078118402109340790e-02
1.082869675842767533e-02
3.030025030196951963e-02
1.417954956034486215e-02
1.837657007940439458e-02
1.663750767561524360e-02
2.123489299784010048e-02
2.007121645797681209e-02
2.686119696221418718e-02
2.602416255221509656e-02
2.662309912738481527e-02
2.260766629034015318e-02
3.281467732549587374e-02
3.364624169246283741e-02
2.443240541465847501e-02
2.599513844274639260e-02
1.974416786301553747e-02
1.371220400639167059e-02
2.473233869577953770e-02
2.721094201735386325e-02
1.398947576994233506e-02
3.020063306049915186e-02
3.032653500393165530e-02
1.747737472718902119e-02
1.001905539981272006e-02
1.425166112692570486e-02
1.895017037322863779e-02
3.352766826011468332e-02
1.426335677851178242e-02
3.116082571255237438e-02
3.400058743632972114e-02
1.947710723810727046e-02
3.282757643367560652e-02
3.238109589189772097e-02
1.903322377586174827e-02
2.896305076164286396e-02
2.655076184149259000e-02
2.975490141904400809e-02
2.981525465201312688e-02
2.766563047998654712e-02
1.471941882763524306e-02
1.132531364864934782e-02
1.786365209729667836e-02
2.810930949612382851e-02
3.363786958801048832e-02
2.780972319376679228e-02
1.630349852822081044e-02
8.362274795062574206e-03
2.192296823007582052e-02
1.178966475508280362e-02
1.236285091917854045e-02
2.251584923134827831e-02
3.261525030847197554e-02
1.571235678264045268e-02
2.336210070833585201e-02
3.334631998552686077e-02
2.880517898022948164e-02
1.623148541041170845e-02
2.112548768077140635e-02
2.773052678801972426e-02
2.747797888164503488e-02
1.076720840901648248e-02
1.174499378999195945e-02
3.275719251593763037e-02
2.962517835528678464e-02
2.514129721690576413e-02
2.190551914991541171e-02
2.547578701609402516e-02
3.413069667575779897e-02
2.687889236085147515e-02
2.828652559013977025e-02
2.712335879946788098e-02
7.072123718262150749e-03
3.113114117173326409e-02
2.863645537082599654e-02
2.458529624413258174e-02
2.403094415995010724e-02
2.348471510198396964e-02
2.490130516361718782e-02
2.643410095983115063e-02
1.506430675065241129e-02
2.258747901792536317e-02
2.581219021469437214e-02
2.082375883562826227e-02
1.733588737046363321e-02
2.185585163834711381e-02
2.159327073084595441e-02
1.404480920190869300e-02
2.180568407994476141e-02
2.948386903116207922e-02
1.564733681686311662e-02
1.846311907019747983e-02
1.516088918058895035e-02
2.920240246491563607e-02
1.648449973843911509e-02
2.583876202494491542e-02
2.423227641132871812e-02
1.019348202808134131e-02
2.069692399696086010e-02
1.117932493812366819e-02
2.141468766640284779e-02
2.291432581772734345e-02
1.954148066962728067e-02
1.673443483017120204e-02
3.225800130703989493e-02
2.725085037474973826e-02
2.776172294465507548e-02
1.410994118175126072e-02
1.637667275685749518e-02
1.770826599580165028e-02
1.327817739825065506e-02
2.858858369935775995e-02
4.833782628093800937e-03
1.400180260002972452e-02
2.731195183534131099e-02
1.279992268247313186e-02
2.770928627459838187e-02
2.597633784054245026e-02
1.819886625097531796e-02
8.113791839270974304e-03
2.429856289446275658e-02
3.332035129765947151e-02
2.601995514596362052e-02
3.236870213005260677e-02
3.348025375655764441e-02
3.384697327131776234e-02
2.500318892855949923e-02
3.257626421004634898e-02
1.333648571812815972e-02
2.866718432083369475e-02
1.833452757206264355e-02
3.374888183555407178e-02
1.913398820297520023e-02
2.109914051203150981e-02
3.112573451899159488e-02
3.300640556780388979e-02
2.295314280539068399e-02
1.155113547099167852e-02
1.879322135212267708e-02
2.019905616849264687e-02
2.662309912738481527e-02
5.215987858212429995e-03
1.938453442428854367e-02
2.893481333983192669e-02
1.100963170993935619e-02
2.497011325671650434e-02
3.249866304883886753e-02
3.224957111312497238e-02
7.047880922314509779e-03
3.339846789627131524e-02
2.649292871679508402e-02
2.403004499009158898e-02
1.568690150698023172e-02
3.044043952593304680e-02
2.834427639528217316e-02
1.932884178455288038e-02
1.550910062254683142e-02
3.117761097442247817e-02
1.354717271609736512e-02
1.935765790749196039e-02
2.860157947314996910e-02
3.170504886299473080e-02
2.030392628157752510e-02
2.742961008544621965e-02
2.572935250956029374e-02
1.859755057375775053e-02
3.219202653798626523e-02
2.840339220511682236e-02
3.227988582425775355e-02
3.104279751104684418e-02
1.945592522454044765e-02
3.176838194179609776e-02
1.563264942313048744e-02
2.953922818149352231e-02
1.420052607941742033e-02
1.832475000409186996e-02
2.859070019640130855e-02
1.545369344429405392e-02
2.399811070908050917e-02
2.279983191105778087e-02
9.410636752275533534e-03
3.122798584719407161e-02
1.264406351260746221e-02
2.026068651185118641e-02
3.123685865254218971e-02
2.581129616496227047e-02
1.031101514372190914e-02
2.800362968253745921e-02
2.294669986516777865e-02
3.358965293603712043e-02
3.329147928070899654e-02
1.393691112758033493e-02
3.367531268116757959e-02
3.409484822898426609e-02
1.534070878920316267e-02
3.262350281971554411e-02
3.209774698878854748e-02
3.301211625083917689e-02
2.899146029974513511e-02
1.230156850821821635e-02
1.986441801756983622e-02
1.835377983697525014e-02
7.960433402283773399e-03
2.838291786170751493e-02
2.049166521192886600e-02
2.948713818358663502e-02
3.318453334216196066e-02
3.289585840693012159e-02
8.429337347216053072e-03
2.167738748266220816e-02
2.057967878878569357e-02
2.187069083618954635e-02
2.658489200664783392e-02
3.126918769517629537e-02
2.999704436045236983e-02
1.001181354684855043e-02
3.018176661576909767e-02
1.904165731243723930e-02
2.559868631402872907e-02
2.936167929162914608e-02
2.243513558709303926e-02
2.342136905537955602e-02
1.051365798581070307e-02
3.240936153454630764e-02
1.828943967978399407e-02
3.284348767183785378e-02
3.247621223326730561e-02
1.723567053430597601e-02
2.499676045175466127e-02
2.465602959685123455e-02
3.244261257091179962e-02
2.344147317616222456e-02
2.817977224246860646e-02
2.065831780003942256e-02
3.177119723639668103e-02
2.599670802174036677e-02
8.949844523032103941e-03
2.329816409453606268e-02
1.002722280336023654e-02
2.681937986347219735e-02
2.152159416907655637e-02
3.155886901041748960e-02
1.818222004246246998e-02
1.393768958596922070e-02
3.324701968385480877e-02
2.860157947314996910e-02
2.891624084498185462e-02
2.063306870519780734e-02
2.978678104163901344e-02
2.910290614864881331e-02
1.403669692541770903e-02
1.558613187137792601e-02
3.249288917902529855e-02
2.104889207001325174e-02
1.611268243124741595e-02
2.081882120828850227e-02
1.928809754527834042e-02
1.063488229969557393e-02
3.077958535687039948e-02
1.075314814665291434e-02
3.158827002829181496e-02
6.839032423315799178e-03
1.107813468312192177e-02
1.128858580812419979e-02
2.624095280918675027e-02
1.555863469149560210e-02
1.267792333918646257e-02
6.760827631691631798e-03
2.580247985404195143e-02
3.321608569500409530e-02
2.391942039179058635e-02
2.185589280168034193e-02
3.200682971857854442e-02
2.189645917034925560e-02
3.126188806633525830e-02
3.395653024685784532e-02
2.061490163980626844e-02
2.740094536984127860e-02
1.134606846887368896e-02
2.073414096784206156e-02
2.776198233662936429e-02
2.711065899595319073e-02
2.966883662434460778e-02
1.968276110536618453e-02
2.307004655695654022e-02
3.085456621570917615e-02
2.817608861312849086e-02
2.958166505902615900e-02
1.897694826921231259e-02
3.170722548998889528e-02
1.406522320716517560e-02
2.726213856264891877e-02
2.580247985404195143e-02
2.667307462508766019e-02
3.318811468425120897e-02
1.520775853370070346e-02
2.735484095568679191e-02
2.134272724133554761e-02
2.256713751118544220e-02
3.002861494250200908e-02
2.779483260973802938e-02
2.828652559013977025e-02
2.865805014611116919e-02
2.336784814440966834e-02
2.572460697397248308e-02
2.418888837383664780e-02
2.431368684480509496e-02
1.199119179966270758e-02
2.735444247735336482e-02
2.838160150882859667e-02
2.419678031871119045e-02
3.305536558085730992e-02
1.273698296310741412e-02
2.948664817422562770e-02
1.479173514138839088e-02
2.570696193600034360e-02
7.484846434645780165e-03
3.318811468425120897e-02
2.150579434461350262e-02
1.225011409909691415e-02
1.402453521712826098e-02
1.016754688252858099e-02
3.078323448445040300e-02
2.655398293924623315e-02
1.492203992973276799e-02
2.046333944023537993e-02
3.150239716971305753e-02
2.153644753072213314e-02
2.736783607852638286e-02
3.330630223054874273e-02
1.389394099832155262e-02
3.008838111150460501e-02
1.612969799813685975e-02
2.667522144827533248e-02
2.105487967370833768e-02
3.285718077303304702e-02
3.168491787518969149e-02
3.047621206733612184e-02
2.473665712055097068e-02
2.416275518218059110e-02
8.033936273182454291e-03
2.624288818196168077e-02
1.870760436856640924e-02
1.955635975452873696e-02
2.533807116710651286e-02
1.959663091216123920e-02
2.189868213836649452e-02
6.514019511275039032e-03
2.439933759927703436e-02
2.327575082121845565e-02
2.583800222313391987e-02
1.470550503100756870e-02
1.600516200979616721e-02
1.371822813209645255e-02
2.573175644706965359e-02
3.109778325840904800e-02
2.378244776653169745e-02
1.663750767561524360e-02
2.724718998540816284e-02
3.107000649477110674e-02
2.582510337511413970e-02
1.986085440965337096e-02
2.641884046337157621e-02
1.480224092178304349e-02
2.549999249799126538e-02
2.506072222537683927e-02
3.387946945526679882e-02
2.028727867822640446e-02
2.183507381698584007e-02
2.680814727979757839e-02
3.053056974504489776e-02
2.753828000516682709e-02
3.281467732549587374e-02
2.004005370920316012e-02
3.298477622801179038e-02
2.094631975217019215e-02
3.401085589409633125e-02
2.664849524207868817e-02
2.534449737994349389e-02
3.060335313432147736e-02
1.419058785244589269e-02
3.203102775093667753e-02
2.706699443808989469e-02
3.003300378438074694e-02
8.877196723539808321e-03
1.640247645089457779e-02
8.430501600072188087e-03
2.888069991996456906e-02
2.941764860848527369e-02
2.601025140286594706e-02
5.434914135745234388e-03
2.973723772180050101e-02
1.176452317423488936e-02
2.431133945035808888e-02
2.594466371491725362e-02
2.453347687777835198e-02
3.156124826232931807e-02
3.199135478566525470e-02
2.496123834266174638e-02
3.357649130305712104e-02
2.644973469121968471e-02
2.205082010365087136e-02
1.998596494231283383e-02
6.999786254851335376e-03
2.483460727517865230e-02
2.578858458416206229e-02
1.714878043220500331e-02
2.358145952152286909e-02
1.372128848651368860e-02
2.467604481026291346e-02
2.068404298136647737e-02
3.336732875613598187e-02
2.543255158719667092e-02
1.789359214193670528e-02
2.943798173954621095e-02
1.999986118350113168e-02
2.817608861312849086e-02
1.850707019950919088e-02
2.710872622593970410e-02
2.969912493291600522e-02
1.786365209729667836e-02
2.984678703794022697e-02
3.229332221167314360e-02
2.650123615441315680e-02
2.893481333983192669e-02
2.397680234898446477e-02
2.578854356469176615e-02
3.345125469446853794e-02
2.442012742202008882e-02
1.476948443096137709e-02
1.562061588550401996e-02
2.030685167775379829e-02
2.607301500713376033e-02
5.741155881002145758e-03
2.671553457933110651e-02
2.454586663026511045e-02
3.395154889039329882e-02
9.686584676070716590e-03
3.180028706721205883e-02
2.857978648714645104e-02
2.393442904194348353e-02
2.650521880360823257e-02
1.684188659347409661e-02
2.217937731324263334e-02
1.902854570075170060e-02
1.790285134270963932e-02
1.959663091216123920e-02
3.192718874146067976e-02
1.794857272284864150e-02
1.407237126333960552e-02
2.329816409453606268e-02
1.806533688668190279e-02
2.793372798398010073e-02
3.176306793485225710e-02
2.663686963059277296e-02
1.027887388966298304e-02
2.041639836528785432e-02
2.036937126611125526e-02
3.291409869460905357e-02
1.883768215548910566e-02
3.222994156411701505e-02
1.967572727339005068e-02
3.142907473514712502e-02
2.774789324063911544e-02
2.200978224668306837e-02
2.922239207549602591e-02
2.978583050481701036e-02
1.999986118350113168e-02
1.425166112692570486e-02
2.831144665176996145e-02
2.532563919023904028e-02
3.193297690760694973e-02
1.351166387226415515e-02
2.731195183534131099e-02
3.185277395521094596e-02
2.852672622748460632e-02
2.867902315549993031e-02
1.481858211099733487e-02
6.514019511275039032e-03
1.743237671827051194e-02
2.438220378648908379e-02
1.742625373111586842e-02
2.561015065223018125e-02
1.197811002455511677e-02
3.393088327124848397e-02
1.962825036777885238e-02
2.811674548956359307e-02
3.344118067316113885e-02
2.366811958914225023e-02
2.725586849847151660e-02
2.428514146980622485e-02
3.118120394381358740e-02
1.204953816550725400e-02
1.621385037313502128e-02
1.871940023871937822e-02
2.478106628475474499e-02
2.647872102148641354e-02
2.878635283826733865e-02
2.866884716675562397e-02
3.163254354500358995e-02
2.816382995844718407e-02
1.120613138300912900e-02
3.282453313859617916e-02
3.409520423704798936e-02
3.309349213861315780e-02
2.994800298835742156e-02
2.219792242887018430e-02
2.735444247735336482e-02
1.099593126240566016e-02
2.389104390034481676e-02
2.813059245602072406e-02
2.216205828716234436e-02
9.832065320130150762e-03
2.720164706042962899e-02
2.859503096927450486e-02
2.069341087743810023e-02
2.260948609815220667e-02
1.410994118175126072e-02
2.838240305968740482e-02
1.843385777997696984e-02
3.054146836804869786e-02
3.379101688360548750e-02
2.056501609863861310e-02
1.436151627361379954e-02
9.682454036163369235e-03
2.242591178048259151e-02
1.299418567237763632e-02
2.113235834335199653e-02
2.679102846505895461e-02
3.063716978448510417e-02
3.047173089714889926e-02
3.013159894460230165e-02
2.794100260587341344e-02
1.580001453802667641e-02
1.756121283028043434e-02
1.826562627485793511e-02
2.292275886299447590e-02
2.895492983421057293e-02
2.626340057303941725e-02
3.095272906056367734e-02
1.830956959482535340e-02
2.875248553319888906e-02
2.656642196816433321e-02
3.098930373984750547e-02
1.976960380578835288e-02
2.999704436045236983e-02
3.062835301074047500e-02
1.693639073204625950e-02
3.053298872769498115e-02
3.306361698925953940e-02
2.584437267441872313e-02
1.788431925037380771e-02
2.008260658045691108e-02
2.939422364608466204e-02
1.534202986576324070e-02
2.330806574108165719e-02
2.402857667512739784e-02
2.750033978171673513e-02
1.574913256943477266e-02
1.880375747785881235e-02
1.847988439458086302e-02
1.364859086418349597e-02
2.676520347686821288e-02
1.747737472718902119e-02
1.170205053967544873e-02
3.132051246060000432e-02
2.935637293228463701e-02
3.169702339984970668e-02
8.113791839270974304e-03
1.733239521464703670e-02
2.369382414632546785e-02
2.008393643179415614e-02
3.234583155888200168e-02
1.164589124558310269e-02
3.077272767304967821e-02
1.243597460233300186e-02
2.322364906419872865e-02
2.011280664188696068e-02
2.838481678680316103e-02
1.753869475861663529e-02
3.078258255617710368e-02
3.031211354524512153e-02
2.852661492422652045e-02
2.478690080226570586e-02
2.872494125127427952e-02
1.980671931828615825e-02
1.452214685673138342e-02
1.896674002181580193e-02
2.126340134176459007e-02
2.561015065223018125e-02
1.505517998944189140e-02
3.074055961772559353e-02
3.057299845861129531e-02
3.152089524069767723e-02
2.897530965573951248e-02
3.342802656293414332e-02
1.975727615591164887e-02
3.204243600634423816e-02
2.611974526469733326e-02
2.476321660847688108e-02
5.306472959869962605e-03
1.788471698250970049e-02
1.722523512784320671e-02
2.579892044809204213e-02
2.970359884258944039e-02
3.255086010691897458e-02
1.325042767066301683e-02
1.181003344846724180e-02
2.261626285189389379e-02
9.480180579603439406e-03
3.228524221502331731e-02
2.594334055603982406e-02
3.336706501344403192e-02
2.032601650851105848e-02
3.379763055622138357e-02
2.593980708485606190e-02
2.026765482911090446e-02
3.068303570731055474e-02
3.411987146729392184e-02
3.267544830692186569e-02
3.022543962204648355e-02
2.532563919023904028e-02
2.981518721300791680e-02
7.139581350338542777e-03
1.806262832349998793e-02
2.774883908072743252e-02
2.076938036516472880e-02
2.815170827992408489e-02
3.332179901648806009e-02
3.172409911851355180e-02
2.887542444600939284e-02
3.258804905565401006e-02
1.395967276000949914e-02
3.365451441169457769e-02
1.999986118350113168e-02
2.367996359311650562e-02
1.350284360965001151e-02
3.385904521413090479e-02
2.359762843600219859e-02
3.236757898875663314e-02
2.484355605158315022e-02
3.334766168660811825e-02
2.266654847156548622e-02
2.843978799214875661e-02
2.702056911167525013e-02
1.417954956034486215e-02
2.296657178651462933e-02
2.434531554765136802e-02
3.355331083667025677e-02
2.599513844274639260e-02
3.364053332369496691e-02
2.800666723956240015e-02
1.965119751771627482e-02
3.182125833937553966e-02
3.330587303900375135e-02
2.651387997316633285e-02
1.966033700419991120e-02
3.307687016530533319e-02
2.916242067575865876e-02
2.202629481298232911e-02
2.767379264293534299e-02
2.647770269190843212e-02
2.625381439226880456e-02
2.220972820560303609e-02
2.834105135341279808e-02
2.135264144738828127e-02
2.709777567552064392e-02
3.343327151847439588e-02
3.139069431905371077e-02
3.415875893524027151e-02
2.655547074288711756e-02
3.027581636287881087e-02
2.509158903711023250e-02
2.843978799214875661e-02
1.098048756663257478e-02
2.216799737890395514e-02
2.737949895664821415e-02
1.160715342633213479e-02
1.500893910254295742e-02
9.314021387817545891e-03
2.566633396372025588e-02
1.741504295785230305e-02
2.575529509248728616e-02
3.124035372295409091e-02
2.598606735421303549e-02
2.442849514488213900e-02
2.394616152819378091e-02
2.577520531044583119e-02
2.168544973467636736e-02
3.119774949739208617e-02
2.015535441240337566e-02
3.126793992089178797e-02
2.534995445255877264e-02
3.326280483222258250e-02
2.741901032371507271e-02
4.717364089155110310e-03
2.330228982858764675e-02
2.762407142687333186e-02
2.731582472627377620e-02
2.655606786156947119e-02
2.590561949429459956e-02
2.597264461604103722e-02
1.426501315214401960e-02
2.238795794210616738e-02
2.981734760871174866e-02
3.254942069735968641e-02
3.331948580000519688e-02
1.279649024642773303e-02
2.540058982094605886e-02
3.384757955120389072e-02
3.028423894185977919e-02
1.920769631405363706e-02
1.468178095197397032e-02
8.750436356497814233e-03
2.269329240067687048e-02
3.324701968385480877e-02
5.022909143093969714e-03
3.376325134753422469e-02
2.569693575091781465e-02
2.129566708954110099e-02
1.990788544363652005e-02
3.172805261563506340e-02
2.186447939740666924e-02
