3.696156886476038763e-03
3.200263244201609087e-03
2.268745452350751438e-03
3.451546910150237076e-03
2.637163745371106077e-03
2.978575684418520789e-03
3.028152284821702782e-03
3.000834476056324102e-03
3.340559884846946038e-03
3.513437851268143113e-03
3.311009587505444642e-03
2.789121816471369555e-03
3.433658791282404206e-03
3.503779135903499226e-03
3.089457966660720534e-03
2.254718418220477954e-03
2.977396478375153501e-03
3.487836562838307446e-03
3.610171309645706771e-03
2.100771111956898154e-03
2.626939163372685182e-03
2.051951587581115916e-03
2.702956466154893614e-03
3.264680449351812543e-03
3.720400812925796132e-03
3.577848294512778540e-03
2.873692281474854015e-03
2.801907076856418547e-03
3.679374220032427621e-03
3.129536973194024536e-03
3.308730819110485347e-03
3.029819689446158586e-03
3.489822477992032303e-03
1.946509183093663407e-03
3.410412543614313105e-03
3.627081675866718376e-03
2.593812671294007822e-03
3.458107124212370619e-03
3.663004602101844597e-03
3.654561860101448578e-03
3.610306361397071749e-03
2.985776021675933065e-03
2.873936477065218605e-03
2.120418485525655487e-03
2.952936424299877540e-03
3.416536466126030968e-03
3.192650224105028807e-03
3.686255628812020076e-03
3.290322973585941939e-03
3.527972741835931972e-03
2.582360746417967923e-03
2.523555296657428032e-03
3.486142948281372930e-03
2.765249061157121473e-03
3.708815177471411987e-03
2.140715941418514824e-03
3.607869397191304246e-03
2.330311182645323186e-03
2.954441385991911535e-03
1.967421074271442308e-03
2.856876496620067499e-03
3.299791400198866069e-03
2.981232117138417348e-03
2.408953660798933936e-03
2.678800088584423061e-03
3.190279519734562537e-03
2.338064552405322381e-03
3.581080141299195808e-03
3.692886066189196310e-03
3.044158462063578305e-03
2.688042964700422706e-03
2.765192378679566521e-03
3.184953442570893911e-03
2.758708955155617700e-03
3.067439885571816328e-03
3.568797067462722329e-03
3.412961168685108362e-03
2.007817686598178334e-03
2.910417911178220761e-03
3.503951552165733216e-03
2.720189410000082523e-03
2.901314294972979092e-03
2.032115720453463517e-03
2.472543362995014479e-03
2.843989414672122920e-03
3.086419446795962609e-03
3.088464794046104009e-03
3.020718157374744674e-03
3.598711632599623390e-03
3.606486406455830258e-03
3.288212026133116930e-03
3.289128400119589908e-03
2.215322562147289693e-03
2.528136640074869247e-03
3.447851162935507575e-03
3.694834025770764134e-03
3.387687458905661204e-03
2.180802477032980739e-03
3.525013518685044152e-03
2.784402940580831161e-03
3.371074506270163758e-03
2.874966539560866105e-03
3.045275365727127467e-03
3.063889220927004751e-03
2.457649651040690227e-03
3.030272715656085695e-03
3.298243695216373800e-03
2.136270694535891482e-03
1.954894189745496648e-03
2.525017952934410694e-03
2.917649753775396725e-03
3.523888860312773472e-03
2.367352006435626856e-03
2.667514292232295824e-03
3.527016984672732246e-03
3.417126384500256651e-03
2.312016802224258014e-03
3.355964835329237547e-03
2.141939740488890513e-03
2.588258495864210335e-03
3.178851536469962970e-03
2.639041163539535169e-03
3.211739520429489347e-03
2.883046230970217130e-03
2.110193008158751243e-03
3.374722176538466276e-03
2.387999956685545044e-03
3.367806389018101684e-03
3.019363167102752810e-03
3.327399875261638322e-03
2.635865224239104972e-03
3.584693612964043579e-03
3.080246522763278871e-03
2.570112862012385348e-03
3.052981861667857476e-03
2.981301994314420733e-03
3.231506214672998003e-03
3.679724943350078277e-03
2.990841886359477293e-03
2.269851250297139598e-03
3.606644858041191479e-03
3.228094684067783250e-03
2.199350352997475524e-03
3.510040357776058641e-03
2.578911179943235363e-03
3.144922843537270932e-03
3.618714278349733325e-03
3.462942811526501050e-03
2.040909813508970730e-03
3.281017011225582317e-03
2.962210841114190293e-03
3.153705569590958737e-03
2.141792471203720141e-03
3.548138419624456003e-03
2.664974812288134834e-03
3.154516149904579639e-03
3.096492754446346710e-03
3.303766486067403856e-03
1.873584524895342005e-03
3.090610804364637542e-03
3.119007458411530986e-03
3.129394667608152540e-03
2.232873142992059835e-03
3.550592338772294056e-03
3.392770283736041854e-03
3.665552418213187478e-03
3.348049803152943101e-03
3.477283392453250303e-03
2.641243639010311828e-03
3.362176558500382367e-03
3.584622431333845359e-03
2.122192268858455206e-03
3.522428683438158688e-03
2.870914425331110627e-03
3.608335162159751613e-03
3.220069700160461609e-03
2.814476390314973701e-03
3.604682559792521477e-03
2.822573146565551458e-03
2.888214526211300721e-03
2.977936904611113919e-03
3.060057712471646492e-03
3.633194410969525084e-03
2.583852843356815570e-03
2.334852803150351888e-03
2.721375577940335182e-03
2.514355584139670897e-03
3.684945406088593542e-03
3.298534459753088566e-03
3.222257640324677902e-03
2.645596155461821426e-03
3.352851050275888062e-03
3.091162285167286215e-03
2.992285844750922769e-03
3.224313209381478220e-03
2.011951491754920308e-03
3.604222665222390001e-03
2.310791866029127291e-03
3.253796081920419005e-03
2.060731175939612379e-03
3.124112098551495593e-03
2.869475617742168420e-03
2.422634063794036792e-03
3.192752988615549323e-03
2.324724615182890974e-03
3.544224844886144886e-03
2.236472916067746165e-03
3.285885363538568714e-03
2.281375217678771692e-03
3.395138392611858624e-03
1.833832839152614016e-03
2.924512778095936846e-03
3.601535077698795641e-03
2.542847004368887186e-03
2.299102305784368229e-03
3.637629562754149566e-03
2.667851646899772628e-03
2.961802129745476006e-03
3.588614155644143794e-03
3.695026052898960512e-03
3.406005949651540708e-03
2.397370159023435709e-03
3.583897064759890977e-03
2.445503658864331496e-03
3.127860484774467632e-03
1.890645014820291087e-03
3.704549996528492227e-03
3.459004032077689795e-03
2.693667259900910538e-03
2.614547474013479995e-03
3.180696354946671665e-03
2.678800088584423061e-03
2.903549866882644721e-03
3.571096471753135854e-03
2.244186614208163073e-03
3.243975677410092066e-03
2.490897143156394888e-03
2.708873740344434292e-03
3.022696884475862406e-03
2.602511016854103677e-03
2.981023939463657655e-03
3.679238386654095933e-03
2.311199080160550832e-03
3.629373201381282284e-03
3.348766676668420931e-03
2.748962245020076904e-03
2.653606787157989158e-03
3.246508266890889543e-03
2.880018547049626332e-03
3.485460225795525627e-03
2.226642441526625622e-03
2.359185213513392051e-03
2.077372391615797589e-03
3.511340636668988310e-03
3.421136773535960081e-03
3.406786186013915831e-03
2.809150032294606934e-03
2.655707689089465817e-03
3.137041043705593533e-03
3.428100870034230321e-03
2.804102422196819329e-03
2.494327697413800931e-03
2.384532264203412591e-03
3.511340636668988310e-03
3.236690006423112442e-03
2.687888619424660258e-03
3.541504235777927570e-03
2.644077231801622054e-03
3.463600297317275672e-03
3.601291549172933645e-03
2.908385859748006171e-03
3.261074777313423354e-03
3.306201613134501435e-03
3.702155331770142117e-03
2.164776988450656161e-03
2.551536602937598368e-03
2.772981178732645321e-03
2.862052337558596005e-03
3.540661996182433054e-03
3.502026870596005106e-03
2.974519439086615712e-03
3.594960624214767024e-03
3.031957369551521817e-03
3.637411897311110080e-03
2.773104193185366335e-03
2.601258054973363924e-03
3.493780766605576477e-03
3.258355852696149906e-03
3.531848508736772085e-03
3.645607633610541999e-03
3.107165242785706744e-03
3.635991395289440813e-03
3.608389527870986546e-03
3.595050941487107268e-03
2.969037843702387793e-03
3.598641196656502360e-03
3.274000401849870654e-03
3.265246854082525050e-03
2.678863861192566122e-03
3.666363508900304449e-03
2.050391829596982622e-03
2.657652155898663267e-03
2.784540824940554514e-03
3.698316558444789213e-03
3.525777867903141186e-03
3.558846245478867326e-03
3.265585313183783263e-03
2.422634063794036792e-03
3.706795658622643978e-03
2.905298348881917882e-03
1.949848936366322056e-03
3.178050487391555472e-03
2.980008758612691031e-03
3.112147986069349441e-03
3.607566107197196850e-03
3.402432341032041955e-03
3.566719664113861439e-03
3.049464808373480561e-03
2.806260640254256387e-03
3.144679448800278242e-03
3.407905780562146304e-03
3.401385454450353910e-03
3.470492428833363719e-03
3.374053243322397075e-03
3.146710547105116031e-03
2.368833642402575889e-03
3.011225446727212266e-03
3.710790218259311067e-03
3.212117131890530192e-03
3.375185908687215047e-03
2.546606842917898978e-03
2.417211041655268483e-03
2.643371805411983896e-03
3.118240930105352100e-03
3.401385454450353910e-03
3.700507849935484855e-03
2.069478269031835033e-03
3.143642249600361958e-03
3.538614280881368333e-03
3.088194387634773941e-03
3.257887271279208408e-03
2.913303136988924878e-03
3.720749393471283091e-03
3.216874416055341863e-03
3.565313667088115725e-03
2.752337999942711631e-03
2.855647176268304426e-03
2.397383755983307097e-03
3.097380075695294922e-03
2.797508224099382913e-03
2.572704418309990256e-03
1.953009588621414973e-03
2.222984420568275849e-03
2.578141796872309831e-03
3.120441845414943620e-03
3.386792905425831980e-03
3.332176237556437257e-03
2.082498026015653075e-03
3.547610809180759810e-03
3.308044010235522067e-03
2.740820366174222603e-03
3.226599397370407112e-03
3.234413628191927081e-03
3.189363178265042665e-03
3.096740053199804540e-03
3.583083586439976369e-03
2.841586835715906312e-03
3.078601903633654702e-03
3.710790218259311067e-03
3.006874597978696599e-03
3.132016407766124739e-03
3.416647756020441649e-03
3.607293212693144478e-03
3.220676220110308460e-03
2.842559801053261195e-03
2.547654815814380351e-03
2.333750161388536536e-03
2.394873828310674878e-03
3.194278503880953069e-03
2.969016459770419322e-03
2.716834713994431289e-03
3.240828811586568201e-03
3.201046255345302554e-03
3.076646160204395911e-03
3.414058483347246972e-03
3.536549537529344762e-03
3.460842194418618789e-03
3.319415697766770618e-03
2.466995818678388141e-03
3.147037717982146491e-03
3.023704582612214004e-03
2.585977665051639347e-03
3.404647379279173401e-03
2.462404189687553493e-03
3.710260682445621228e-03
3.163708371291323526e-03
3.636980255156874522e-03
1.988015094356269420e-03
3.475923795449941713e-03
3.646714321017068515e-03
2.488557779852223345e-03
3.155657859268078645e-03
3.722336485750411383e-03
2.135745321880920013e-03
3.089541303732880329e-03
2.846610298096374694e-03
3.164735232737261438e-03
2.801781975224587433e-03
3.579021719409174965e-03
3.551775980237877051e-03
3.384901490234718327e-03
2.635778070753037189e-03
2.078956727319622791e-03
3.283141597784768571e-03
2.793373364509134284e-03
3.116196340172346785e-03
3.383805249196270102e-03
2.156377790059183560e-03
1.772983332112918007e-03
2.773104193185366335e-03
3.673106002176908594e-03
2.237482597732172625e-03
3.075576953093218067e-03
3.545269883931937392e-03
3.283135691261364515e-03
3.487836562838307446e-03
2.871543407077957986e-03
3.419284484363976310e-03
2.637386186770705049e-03
3.400114345698664227e-03
3.048988109935984667e-03
2.713351384113301193e-03
2.773077909017801664e-03
2.304088352681804910e-03
3.244798309421504171e-03
3.416536466126030968e-03
2.934560890176844683e-03
2.395837511710761491e-03
2.957894330845178919e-03
2.595276113354252293e-03
2.383823093853704514e-03
2.989266929592834104e-03
3.394571479477391258e-03
3.289777523835253625e-03
3.318770436780931268e-03
2.980004490256786195e-03
2.873541666252544743e-03
3.620914585243887457e-03
3.449276072476158139e-03
3.660229524043987111e-03
3.631330551762344903e-03
2.127347211215070092e-03
3.635991395289440813e-03
3.511200692867609986e-03
3.166469481301020187e-03
2.803894636521811305e-03
2.486888089717199414e-03
3.511340636668988310e-03
3.529376065102014792e-03
3.394506730854185590e-03
2.531493289455487468e-03
3.466231332523439079e-03
2.982600540102024484e-03
3.650775513458417477e-03
2.892249622163496452e-03
3.303766486067403856e-03
2.626029879627735878e-03
3.293172468917262251e-03
2.199940668269819745e-03
2.092123895710496211e-03
2.378676793107750622e-03
2.564600202354080320e-03
3.606130195165426280e-03
2.973767167126223875e-03
3.598073388894110734e-03
2.772411452696384084e-03
3.025168503040338505e-03
3.163708371291323526e-03
2.714887076378992136e-03
3.478077714012061707e-03
2.203995806184963664e-03
3.169923249339228789e-03
2.547041637478749364e-03
3.620017364937877773e-03
3.719836603045965397e-03
3.146975208197145928e-03
3.556741188359838560e-03
3.008168785790506748e-03
3.536566552372770456e-03
2.055412108844066089e-03
3.524548911774792563e-03
2.635778070753037189e-03
3.345043362223862685e-03
3.495827118503919747e-03
3.008666366241998652e-03
2.319073131540920138e-03
3.021203083681155404e-03
3.409910319742798582e-03
2.617676692765057329e-03
3.446074641040788519e-03
3.447298926713673797e-03
3.219113960546803564e-03
3.655381770722658519e-03
2.267298326757154810e-03
2.428303601260851149e-03
3.124941110045843969e-03
3.664978027949974092e-03
2.648249635223141538e-03
3.336232326153500214e-03
3.660040451135618267e-03
2.051849220341793976e-03
3.253753697072626037e-03
3.632458033530715832e-03
3.219982839836176437e-03
3.278517581286982414e-03
1.985845641445136561e-03
3.272208984974345983e-03
3.338007184567737002e-03
2.722096726578567515e-03
2.512177266999596464e-03
3.480365384768987526e-03
2.371728615735187260e-03
2.033390647199690045e-03
2.127584024743951752e-03
3.018172563901612860e-03
3.424709978575501620e-03
2.988183959193803536e-03
3.390110116117659757e-03
3.389494074379466836e-03
1.736129628660804721e-03
3.651781194168813617e-03
3.701140124401845928e-03
3.625763364478052069e-03
3.076946176100680153e-03
2.978661789723461174e-03
3.441645784475038869e-03
2.506751546134733995e-03
2.608356454076434482e-03
3.413705519257021447e-03
2.098922748789219025e-03
2.889009334315705002e-03
3.461295338162949983e-03
2.999418074976507431e-03
2.940364709434042760e-03
2.466995818678388141e-03
3.555486514189977552e-03
3.545204668425603646e-03
3.397818728615750999e-03
3.538922357858424218e-03
2.890982736492748138e-03
2.936447609724381243e-03
3.552944211336812354e-03
2.432152566407098232e-03
2.988327473417247068e-03
3.523079268715938531e-03
3.480676118462563799e-03
2.017407089838740321e-03
2.100697319571673705e-03
3.344978085427493392e-03
3.678182941658604717e-03
2.818439699975666679e-03
3.315315978551400602e-03
3.200066192340123537e-03
2.518472639717406116e-03
3.637586624675626708e-03
2.793549434093042533e-03
3.677365018463335609e-03
3.253164612722451998e-03
3.694567457572730737e-03
2.614392618904683250e-03
3.028703048617534255e-03
2.551426146396586995e-03
2.561063125976211809e-03
1.789551317621208316e-03
2.450535021020367084e-03
2.976986311026786833e-03
2.314849827048615690e-03
2.050637419007993352e-03
2.764268119794751222e-03
2.734674399873918138e-03
2.635865224239104972e-03
3.616480313233778367e-03
2.254722207245084611e-03
2.906476983474065925e-03
3.215558416357034224e-03
3.363468021427121896e-03
3.177644654952582488e-03
2.938259729216078503e-03
2.962755093842733573e-03
3.036878688917912100e-03
1.680739005257358672e-03
2.431794088464862749e-03
3.719057526044701294e-03
3.525697533212968950e-03
2.247795097311117846e-03
2.547909550709393997e-03
3.325893756207808950e-03
2.516660850527365108e-03
3.518636953310792185e-03
3.629169224570538178e-03
2.059741799013343685e-03
3.470074650102353969e-03
2.983263289611663531e-03
2.872556872803756853e-03
3.336999463678707624e-03
2.712023417044518749e-03
2.517952936514859102e-03
3.695561289116089127e-03
2.717322211113180203e-03
2.696414635313117061e-03
2.852455942171640019e-03
3.317061628896679146e-03
2.595073768191597831e-03
3.220819761700163646e-03
2.644717737457053311e-03
2.759506068331974739e-03
3.382771207225794812e-03
2.936114604115415330e-03
3.447561524427100298e-03
3.118287267445289841e-03
3.299791400198866069e-03
2.453012880633043558e-03
2.648114618357127678e-03
3.604035415242604849e-03
3.234413628191927081e-03
3.044158462063578305e-03
2.335268422939470491e-03
2.864546583573098631e-03
2.873541666252544743e-03
3.536563177899861021e-03
3.073705467244605780e-03
3.607851266222348446e-03
2.452160164410961511e-03
3.427458358199452285e-03
3.545751444528489737e-03
3.687073653318738431e-03
2.660258236883043977e-03
2.127994450819832659e-03
3.512290154614480884e-03
2.973723312605966451e-03
1.794473804861215424e-03
3.376678314153099079e-03
3.234635067606842895e-03
2.018957491637790851e-03
2.663890176682933830e-03
3.651818076229647846e-03
1.889229285105459072e-03
2.969398074541416271e-03
2.921056074044883072e-03
2.593278066382336770e-03
2.797790337589024096e-03
2.245078694363588073e-03
2.753149683909290185e-03
3.008666366241998652e-03
2.699025503085556148e-03
2.132686128003433764e-03
3.652525620950424108e-03
2.563916419246733535e-03
2.436728185488575438e-03
2.301241851554098380e-03
2.863841246456355974e-03
3.709173614661592962e-03
2.654776677582814694e-03
3.082430083701722789e-03
2.649773348974101585e-03
2.767508914641659840e-03
3.343337910791601038e-03
2.649678963858804331e-03
2.523294650531657767e-03
2.861097602143431850e-03
2.908385859748006171e-03
3.650343445179350318e-03
2.917723823000758360e-03
2.774631299857806613e-03
3.706691048869764811e-03
3.500035698821463235e-03
3.646380926303430074e-03
2.999918170747406087e-03
3.335758061099204988e-03
3.532535064325169165e-03
2.922887570620464389e-03
3.560898265337085478e-03
2.461996948676812170e-03
2.921800880844913507e-03
3.352497103828732793e-03
2.899957255020989017e-03
3.447133686943852290e-03
3.124425399794086844e-03
3.312053146666061806e-03
3.117495810265736959e-03
3.021796522745196292e-03
3.551745308763314644e-03
2.774631299857806613e-03
2.097475806457336795e-03
3.579375585112361431e-03
2.643815922363098540e-03
3.408815242567854627e-03
3.518636953310792185e-03
2.555321554922770650e-03
2.946767718810218255e-03
2.845087301840190479e-03
2.964494272697511517e-03
2.577844698079756469e-03
3.354303173819403634e-03
2.843791918520017885e-03
3.534285232465121662e-03
1.860412814457298785e-03
3.080010854897662423e-03
3.262892221432057028e-03
3.388345386452574007e-03
3.642882152144491514e-03
3.144642375580481222e-03
2.084051918859439884e-03
2.571248236577316701e-03
3.025105992118178998e-03
3.110366341810898855e-03
3.632688779024510935e-03
3.464167155640125555e-03
3.690486036852447076e-03
3.487456205392241299e-03
3.480741257642929430e-03
2.964275377747298441e-03
2.955949424492378564e-03
3.497505944804122236e-03
3.285885363538568714e-03
3.263847962463845443e-03
3.014672066144898945e-03
3.233871493791054194e-03
2.209938359183979267e-03
2.141135152853554640e-03
2.972927673840712604e-03
3.285931258375982683e-03
3.202723756774130542e-03
3.660457797234867739e-03
3.012458791603424280e-03
2.721375577940335182e-03
3.437029261632959520e-03
3.323689452746898462e-03
2.730623128800529001e-03
2.209276188146393899e-03
3.617149018917717278e-03
3.639439145777934818e-03
3.170089610654601171e-03
3.235367394931022191e-03
3.225763072670369703e-03
3.271243007622040653e-03
3.495472760740467918e-03
3.576916906470503123e-03
2.284010522527454845e-03
2.816540628513114139e-03
3.129394667608152540e-03
2.482758589950397402e-03
2.503903680758691637e-03
3.660443138608477330e-03
2.960286044081264153e-03
2.637082972548975609e-03
3.264497519155638936e-03
2.902831727461916041e-03
2.932932231995008781e-03
1.948456249524443962e-03
2.751341440746080287e-03
3.542152955554627846e-03
2.445631101375620765e-03
3.726092322651733749e-03
2.439271165122442429e-03
2.758708955155617700e-03
2.250818222848343427e-03
3.042551887912741705e-03
3.710959272722265129e-03
2.142674630332817420e-03
3.483364769804803314e-03
3.642882152144491514e-03
2.670289842894061141e-03
2.549592356061548999e-03
3.320812066017807783e-03
2.801142654711114705e-03
2.769952475722536021e-03
3.229726335108675222e-03
2.397636187749781732e-03
2.245441903487601504e-03
3.413406719190778885e-03
3.452807766533773099e-03
2.984701646211667270e-03
2.479937090045627405e-03
3.056125434781376948e-03
3.230003855620085587e-03
3.568521578215022583e-03
2.878821982879858823e-03
2.917183099858200977e-03
2.436674721454367819e-03
3.453196650599542512e-03
3.598641196656502360e-03
3.665210059610605857e-03
3.545531301242501633e-03
1.742342741096878115e-03
3.148354938962727792e-03
3.229283112632107093e-03
3.151387170725991355e-03
3.566594185224943210e-03
3.417489172708918464e-03
3.189716230348669818e-03
3.083688584578382023e-03
3.235461081700822562e-03
3.047419660096325686e-03
3.119016225193085162e-03
3.370268143975589745e-03
3.571572409308863567e-03
2.168698252276765603e-03
2.644995617307833134e-03
3.635725929407735042e-03
2.932766954171888048e-03
3.144645291395321667e-03
2.935890004412275260e-03
3.661635589173492435e-03
2.914104495392618246e-03
3.180194970844418649e-03
3.518490159010166565e-03
3.252288085674861183e-03
3.536566552372770456e-03
2.965287966839255402e-03
3.394592507489114196e-03
3.341388576417862917e-03
3.396291326677177997e-03
3.696673010709485528e-03
2.130868232055277943e-03
3.520991359890184719e-03
2.581996197748159892e-03
2.865148812687084816e-03
3.487110901057000143e-03
2.087243944147347888e-03
2.874971838274521449e-03
2.509288961434768313e-03
2.340936116445043770e-03
3.479138936575265368e-03
2.824077163384757470e-03
3.163708371291323526e-03
2.791405175257367487e-03
3.057853370029060044e-03
3.716726809401528497e-03
2.708582747699929925e-03
3.036524777031998287e-03
3.594552145117814457e-03
2.844529646149428388e-03
3.489924481190074916e-03
3.059775359889144349e-03
3.368829864999328509e-03
2.800043000577476758e-03
2.335268422939470491e-03
2.999645744202805719e-03
3.660587821541036457e-03
3.386819861919670299e-03
2.412268449080101195e-03
3.485841282160655891e-03
3.050746499798583609e-03
2.305216084496190983e-03
3.317586364206516480e-03
3.447933746863976294e-03
3.600408662433798174e-03
2.681525726613392425e-03
1.826334210924686991e-03
2.033390647199690045e-03
3.355022893064529051e-03
2.227781899801342669e-03
2.905923640667947439e-03
3.375501438013378108e-03
3.683214457169241458e-03
2.206299949442117048e-03
2.546597133657694124e-03
3.707915906183211797e-03
3.047704844756835701e-03
2.613903155872796761e-03
2.488226731445278544e-03
2.843562089650844039e-03
3.240152538707602448e-03
3.425544978719267074e-03
3.521248883561363657e-03
3.530615041059109206e-03
3.277409910374559816e-03
2.385539179414133612e-03
3.468534354716619906e-03
2.907671618549638719e-03
3.586603428638237157e-03
3.161119952878349137e-03
3.578333647242314813e-03
1.913171957658721389e-03
2.141403735130808280e-03
2.811941857480361115e-03
2.925687078491497322e-03
3.091006934349728539e-03
3.032680643025987329e-03
1.851821031897495518e-03
2.892537578206028775e-03
3.682981439846129239e-03
3.442402714595331915e-03
2.486518656733244671e-03
3.563600980145127488e-03
3.505766063099220731e-03
3.657182143218682714e-03
3.415066480951681714e-03
2.947428727941475961e-03
2.118286549375368588e-03
3.563035711977938832e-03
2.452160164410961511e-03
1.960517484427051586e-03
2.039601654425548301e-03
2.721375577940335182e-03
2.282793081804341921e-03
2.212794988161218349e-03
3.172491326118624666e-03
2.405683662791456307e-03
2.834938604443257119e-03
3.538068036413963974e-03
3.498593663439569703e-03
3.600119904037555468e-03
2.060728999348797677e-03
3.089387790079324743e-03
2.896725469534794459e-03
2.984988046743064765e-03
3.640578090460186433e-03
3.212939828851904371e-03
3.494980112424351474e-03
2.736090637624301498e-03
3.565251985779529804e-03
2.641343553874713878e-03
2.158996246979315303e-03
3.397281721924345216e-03
2.770059063055409047e-03
3.589013899091855492e-03
3.716614891478048095e-03
2.316412685399660103e-03
2.614199391268781474e-03
3.664536283944436462e-03
3.441248719994942189e-03
3.292654690971630500e-03
3.604162095318236107e-03
3.374723314913609558e-03
3.080010854897662423e-03
2.939902913040900144e-03
2.375081039004313041e-03
3.626075827492988499e-03
2.047218384028429670e-03
3.258426410197940316e-03
3.353149434716434438e-03
3.256153611548072077e-03
3.605232059858487839e-03
2.839476612427676346e-03
3.379515180771644218e-03
2.591252359899751979e-03
3.109247918521905116e-03
2.490897143156394888e-03
2.786574767930348213e-03
2.913479030046259386e-03
3.655401827898990211e-03
3.705202945828209044e-03
3.523079268715938531e-03
3.323689452746898462e-03
3.021203083681155404e-03
2.792786047835844020e-03
3.696980318206809744e-03
3.431035148049450551e-03
3.351552738216004215e-03
2.813807884431800133e-03
3.708234519130248260e-03
3.209639702457296566e-03
3.636523415980952821e-03
2.742802550938323956e-03
2.763157405893289491e-03
3.274399010705897860e-03
3.019251897812043166e-03
2.478395883923540689e-03
2.480357032866155852e-03
2.225954760083300593e-03
2.546606842917898978e-03
3.579795050163103037e-03
3.069832334137141336e-03
2.540549312595367579e-03
3.266067008599620250e-03
3.537149794847344909e-03
2.499730435570875729e-03
3.485538056275563033e-03
2.006051353072577700e-03
1.810422008726963929e-03
2.119837761629947328e-03
2.462404189687553493e-03
3.612065871877276346e-03
3.021203083681155404e-03
2.872763798073399866e-03
3.624382906979832161e-03
3.566594185224943210e-03
3.712997308025445860e-03
3.407670105856804889e-03
2.564600202354080320e-03
3.710641461081917204e-03
2.636862367433133198e-03
2.778095758195942185e-03
3.602135795538655150e-03
1.967421074271442308e-03
3.278186574682859233e-03
3.477829047812709944e-03
3.461509806003199713e-03
