3.188092939002546301e-03
4.065442928950105048e-03
3.925360622048745113e-03
3.804561144953809947e-03
4.243953982967624793e-03
4.365624633166574967e-03
3.729656886894182257e-03
4.092968659827540476e-03
3.883256361691648714e-03
4.259259474453390253e-03
4.461750630549342345e-03
4.309941554910200548e-03
2.636588314463713355e-03
4.318443003684458055e-03
3.941692001902181650e-03
3.128083264224677546e-03
3.496957726421419301e-03
4.431575069145403910e-03
4.353125363830308986e-03
2.153582302834197194e-03
3.746591692549912020e-03
3.977307243841666715e-03
4.485107038632810822e-03
3.417333392207240472e-03
4.442969681302332864e-03
4.011474530149565856e-03
4.500836964983161333e-03
4.229345375736869375e-03
3.632053860120948528e-03
2.617297663098744516e-03
3.363680545238155808e-03
4.516264304430629012e-03
1.992122516360662812e-03
3.201615268984634149e-03
4.349607008512510267e-03
3.557495015303812833e-03
3.186654881114023459e-03
4.479454963827439636e-03
4.099403508955073994e-03
3.961611444198541963e-03
3.801998604675630757e-03
2.960054547251719792e-03
4.095123118340084252e-03
4.397520991768198197e-03
3.594821912636600621e-03
3.229873003903849758e-03
3.839872285349158181e-03
3.911479626834413192e-03
4.190812353950669478e-03
3.891631755526407492e-03
4.269350524775373211e-03
3.844427285950180722e-03
2.704214334597507177e-03
2.374304654133522346e-03
4.497596666819341470e-03
4.048700295402847711e-03
3.897596885062697310e-03
3.153820887325408349e-03
4.125199048610694863e-03
4.446259029186277675e-03
3.722305395938911837e-03
3.595367902149890736e-03
4.562343630724727608e-03
4.534331647928692421e-03
3.808458096976988748e-03
2.733926755509758291e-03
3.610030359582204040e-03
2.264871068384774304e-03
2.705460461781671305e-03
3.437136233001804406e-03
3.938362050625716232e-03
3.234240838617621298e-03
2.924496527330865993e-03
4.415992745434647697e-03
3.206170145261888829e-03
2.817344575178199612e-03
3.114081609087034162e-03
4.542059542599272137e-03
3.892880640902816533e-03
3.368408188529529480e-03
4.475313913474607448e-03
3.742484336077396296e-03
3.797341196125498738e-03
4.117904422280911983e-03
3.951824184054547259e-03
1.932569476822145653e-03
4.358748424461091238e-03
3.418496651199584742e-03
3.716541642902087758e-03
4.100274793936571106e-03
3.637911003285202154e-03
4.456286568002791777e-03
4.298238445118289681e-03
3.308587244964399446e-03
4.512030666753982094e-03
4.151840236869751635e-03
4.280638382565666450e-03
4.070578977910965790e-03
3.513106527817806170e-03
4.138047236657282045e-03
2.975928051009587259e-03
2.004703027136239910e-03
3.831105494151951143e-03
4.039371619834482285e-03
4.219928006115377696e-03
3.281799814758450985e-03
4.279506215370251776e-03
4.387252300159116651e-03
3.120755734725398807e-03
2.058746248803551733e-03
3.420251349152546305e-03
3.671717250779432500e-03
2.657404791539052548e-03
4.018482391025313127e-03
3.792928560681158717e-03
4.012080011736500126e-03
2.784466330988902283e-03
2.971889844777553594e-03
4.202079024267732846e-03
3.781047169611011054e-03
3.274511659551790702e-03
2.723275369714991088e-03
4.019888711544876078e-03
4.208049377738777921e-03
3.651682997385759764e-03
4.222523282116049867e-03
4.167963899752223471e-03
4.461364077567556326e-03
4.444766719193079391e-03
3.941746457322365185e-03
4.121667960479136195e-03
4.339645123917833941e-03
3.196956548737469889e-03
3.590619170185449256e-03
3.995186029027963590e-03
4.480129025553959352e-03
3.949186443316691879e-03
4.294353607700099329e-03
3.478337274706451779e-03
3.149391914187384730e-03
2.402187840614154312e-03
2.682813859389425980e-03
4.560388675235340153e-03
2.229210321012813252e-03
3.313223770137079666e-03
3.747703450378270500e-03
3.879325256570759738e-03
3.591060907715195628e-03
4.253278925563393383e-03
3.551246664864163381e-03
4.338607920674772064e-03
3.722084135887898226e-03
2.275303171636022456e-03
4.445002749507234903e-03
3.566230739819985316e-03
3.541032254147558414e-03
3.866575478531817170e-03
3.863036531734137871e-03
3.665806165128944992e-03
2.761181115493600065e-03
3.490908995409804962e-03
3.937036572377504429e-03
4.413194484677380319e-03
4.101840627642002433e-03
4.390872219460224823e-03
4.512014667264358306e-03
3.082919283295848956e-03
2.366138138902644430e-03
3.338941266352896554e-03
3.484084064327178272e-03
3.644255217115748881e-03
3.615237887697482673e-03
4.317481287096346446e-03
2.136023942630196903e-03
4.552986376271680666e-03
4.456286568002791777e-03
4.328246516444048120e-03
3.331544762025762888e-03
4.018894133466070079e-03
4.171826460850168797e-03
3.270412322435499626e-03
4.279492835760545164e-03
4.426733219416494926e-03
4.408790561764543842e-03
2.555569243471152250e-03
3.538378151098898160e-03
2.040710646916090408e-03
4.301072086794690760e-03
3.994488412552637049e-03
4.133166642882830921e-03
4.042615799986985781e-03
4.012289829116229278e-03
4.518063984263019292e-03
2.071219957974005689e-03
4.163698988460545584e-03
3.573130619673517243e-03
4.388923994558380400e-03
4.322321578683583319e-03
3.054443241128529905e-03
2.213636718903473372e-03
4.148221981839463578e-03
2.233860208298616909e-03
3.471973881748815181e-03
3.275334450568349095e-03
3.690799089244502229e-03
3.414647265060379716e-03
2.689231579631803752e-03
4.555976202017296764e-03
2.253877339798474998e-03
2.191649684892005897e-03
3.684115590377044520e-03
3.992044618954448607e-03
2.644895587037881385e-03
3.075472981630885620e-03
2.933293097599518756e-03
4.081293938521258699e-03
3.281678932481590320e-03
3.693941788138986430e-03
2.777461144385884925e-03
3.291578347417154805e-03
2.346404408119450412e-03
3.041134705362342344e-03
4.294137244207856148e-03
4.002685067826616469e-03
2.703983510916617254e-03
3.940771793152693728e-03
3.259430482775381964e-03
3.903272972700369201e-03
3.984937263983069806e-03
4.210452438883897919e-03
4.210192121957516756e-03
3.257243853892166120e-03
3.079602515753145781e-03
4.432214305804412467e-03
4.144504099098632321e-03
4.362207265907841643e-03
4.266970258434466673e-03
4.206567220939639445e-03
4.509564487749171541e-03
2.878527677195684593e-03
2.583144071700957129e-03
1.792384463445158499e-03
2.981516657784487930e-03
4.064317423130633412e-03
4.237396083367038144e-03
3.696497272324375701e-03
3.145600401700430430e-03
2.255774863838282476e-03
4.206521180009423558e-03
4.438560822004796076e-03
4.533238652699573407e-03
4.556378907448714079e-03
2.824090263602040823e-03
3.590074329486883480e-03
3.501421358899485872e-03
3.699167783402049128e-03
3.839666182507335893e-03
2.986185952729944991e-03
2.464070457253613941e-03
4.277682652833126632e-03
4.156329549198388429e-03
3.612321062615489985e-03
3.047425903873620355e-03
4.566954320266878795e-03
4.346967913584690729e-03
3.673587267818808656e-03
4.505631327826531939e-03
4.424924918756064501e-03
3.250890622867311751e-03
3.545611134310561099e-03
4.276067078590302384e-03
4.388373431242312793e-03
4.270622417477692133e-03
3.133711110053640642e-03
3.910846527459677438e-03
1.903511960799438799e-03
2.869648508373087801e-03
3.837672644253524966e-03
3.287384027924107437e-03
4.523267927447682107e-03
3.380137608945108819e-03
2.566536091806932186e-03
4.442313285720927638e-03
3.640110969283823564e-03
2.931139146666173270e-03
3.145229509767456799e-03
4.086398953285635093e-03
4.526615413104957686e-03
3.357901633841856547e-03
4.173418172536848443e-03
3.602251092293719866e-03
2.791612420005556983e-03
3.156669752002645019e-03
3.686883246244217031e-03
1.980161315993348055e-03
3.764843449693074801e-03
2.871325940663883684e-03
3.693822442651702870e-03
3.762509886935418591e-03
4.025162168026010304e-03
3.213553801053813629e-03
3.770468732174355343e-03
4.440119219928585076e-03
2.344898244525586185e-03
4.258917372062413949e-03
4.470769026065057536e-03
4.220431819174341390e-03
2.233897928759579973e-03
1.808190784875628784e-03
2.915698649319581597e-03
3.304351645977753570e-03
4.179761855598581287e-03
2.568721371763098543e-03
4.062980652938870396e-03
3.575553572876085523e-03
3.935338057735569828e-03
3.239426878738742039e-03
4.541603440726692947e-03
4.329286439000054089e-03
4.477717049326259205e-03
2.676509671000423286e-03
2.218739983382869013e-03
4.338048978733222670e-03
2.538287550867546639e-03
3.890728280240571182e-03
3.099289755020620540e-03
2.573726392755913868e-03
2.454482361742790254e-03
2.528705104345440290e-03
4.361583675233090401e-03
3.516818367992692856e-03
3.009674868054150205e-03
3.108795267183439570e-03
3.529714420485587090e-03
3.200237805287587355e-03
2.554068751357488429e-03
4.523928015308239896e-03
4.445190637741965045e-03
3.318121090583259908e-03
4.002244630343758380e-03
4.305792002956895272e-03
3.669386893368602361e-03
3.164227484910325794e-03
3.468833494681825610e-03
3.687682230349261219e-03
3.901067287837185326e-03
3.255435500631708931e-03
3.386286852081267160e-03
4.268651130207168007e-03
4.145066728861673475e-03
2.961435954472666811e-03
3.431187998430571331e-03
2.554491644327350902e-03
3.829193119927939808e-03
3.440071466086775352e-03
3.186356390426018335e-03
4.198344439816683628e-03
4.285679258414635748e-03
3.023876523647244050e-03
3.388798156343823462e-03
2.583144071700957129e-03
4.273369522144796970e-03
3.162507883337082031e-03
2.580283503170018727e-03
2.837415783051561342e-03
4.003014935894261446e-03
3.567380325077064429e-03
4.293954487244866849e-03
3.378573069243328252e-03
3.837182030106464810e-03
3.906331950912047754e-03
2.884176739999742053e-03
2.596084380808704253e-03
3.942943564734392031e-03
3.925614722508572949e-03
2.252842752897822771e-03
3.107624277324678649e-03
4.426272669114330108e-03
3.888414444592001428e-03
3.577340378008687320e-03
2.645006157659811515e-03
3.360701293503862066e-03
2.944995219955992387e-03
3.017828843781649763e-03
3.199802292431591817e-03
3.844312516485189589e-03
3.746125588918623392e-03
4.556825193646960037e-03
4.277525679983020315e-03
3.977827407162268930e-03
4.332246538932641236e-03
4.218060615513366009e-03
4.277524808962740108e-03
3.308779720955720878e-03
3.309792381672108617e-03
3.590691005017531117e-03
4.340089543698879421e-03
4.494650560561343211e-03
3.967812861284057344e-03
4.326409508121864707e-03
3.161316502577657395e-03
4.288672274864071057e-03
4.534199533674575927e-03
3.264093830275059671e-03
3.519695806854405539e-03
2.284463789315386954e-03
3.836338975159961362e-03
2.957086839294652270e-03
2.228634293477715390e-03
4.202316489681915020e-03
2.815044049192115712e-03
3.674969889989980303e-03
4.334659934375609258e-03
4.246430465426003983e-03
2.997873575133369606e-03
3.651893831221171127e-03
4.241467975335183778e-03
2.297878302891960371e-03
3.468027343810270446e-03
4.437170305466506953e-03
4.349882876394270750e-03
2.470728200119782884e-03
3.435254359431845830e-03
3.517285798228592802e-03
2.931139146666173270e-03
3.719965891021288860e-03
2.262916725673047927e-03
3.410953520966131768e-03
3.575442137374502255e-03
4.382688315100284442e-03
4.366389488685220796e-03
3.987356084753314669e-03
3.545560946956738835e-03
2.161518727073385299e-03
2.791362720621747961e-03
4.243807119533196323e-03
4.198131383047407940e-03
4.510542546914944086e-03
4.509088388983275783e-03
3.899578219682613579e-03
3.547387943511638546e-03
2.834783953297611864e-03
4.452644089345955507e-03
3.907490984143387885e-03
3.327170360748121433e-03
4.494047988321129075e-03
4.501578666659421246e-03
4.207776584553794136e-03
4.516267449624475697e-03
3.810065115190182112e-03
2.402187840614154312e-03
3.679795329449256098e-03
3.990963402850922041e-03
2.655895428004143109e-03
3.375759596584064579e-03
3.535792783822312019e-03
3.358456129363968437e-03
2.630507428546607733e-03
3.540578016212430658e-03
3.593000271079998999e-03
1.951879559925321500e-03
4.562333504506292658e-03
3.844774997844278147e-03
4.278424473294735290e-03
4.141078021870723408e-03
3.019139518254811572e-03
3.631966127512068106e-03
4.445057075905461258e-03
3.746476226460350792e-03
4.054248042798078329e-03
4.154449123984662109e-03
3.089267270938161371e-03
4.051957910275365629e-03
2.179263355970351146e-03
3.893666345709573436e-03
3.200140615099392183e-03
4.371419033350414964e-03
3.082919283295848956e-03
3.207373565139391789e-03
3.587987959542788922e-03
3.200081070436585837e-03
3.026557437587625021e-03
3.464961477886742240e-03
2.784836713336699340e-03
3.847721919772778467e-03
4.275841576881178954e-03
3.395393256095756603e-03
4.257642648755881332e-03
4.376844837030616220e-03
3.047435180787080866e-03
3.517456856533552820e-03
1.849140578966374827e-03
4.120984405808931009e-03
3.620946615882266080e-03
3.582354848321066439e-03
4.411677079286109929e-03
2.628562640482704285e-03
3.845892921609656272e-03
4.442969681302332864e-03
4.470928330752662119e-03
3.533811332136608131e-03
3.610614011920388125e-03
3.567136290840606204e-03
3.371329924410855321e-03
2.847009582716322415e-03
2.983547801103997397e-03
3.199930340540959716e-03
2.718056942142354094e-03
4.421925936081537098e-03
3.470444605637549272e-03
2.877195393513664289e-03
4.096301443526866384e-03
4.496367498956854378e-03
2.780386900409549580e-03
3.713486285904002947e-03
3.561338267131418378e-03
3.738556357905785821e-03
3.318757065499073483e-03
1.904283688330234278e-03
4.565890580892829897e-03
4.459763057507656892e-03
4.296244670706970276e-03
4.044303200731957058e-03
3.424458472640233390e-03
3.559514575952191055e-03
4.311621472200618740e-03
3.822429556795886325e-03
3.599263424159706605e-03
3.689000879404616840e-03
2.853422179342130979e-03
3.225991196341261059e-03
2.535976820786670517e-03
3.655899663274200101e-03
2.949631601245401424e-03
4.288233834910885889e-03
4.224230188210183375e-03
4.371882574086158497e-03
3.600733384194083724e-03
3.920963328564831991e-03
3.396398654617631494e-03
3.174457876241659846e-03
4.361731914790298835e-03
4.492161037831359297e-03
2.771317212403439159e-03
3.224038248611839266e-03
4.313752058402365967e-03
2.830317844919745442e-03
4.400060369363794667e-03
3.355296137975341889e-03
3.912485167609183745e-03
4.504535973005223751e-03
4.209201998258730107e-03
4.129652315329316627e-03
4.485296591384824519e-03
4.319167032825470265e-03
2.563289041632506315e-03
3.838730432844033452e-03
2.490209466926089112e-03
4.359095344807301098e-03
3.305465246701695583e-03
4.103787941020084137e-03
4.288672274864071057e-03
3.487897984422056244e-03
4.269357173408405356e-03
3.978745114517152383e-03
4.138181712452954596e-03
2.497958608688977036e-03
4.480535199355966530e-03
3.172597598313189014e-03
3.743606522690020623e-03
2.039799674177617071e-03
3.969355793880611355e-03
4.121516752506863661e-03
3.826486110771738607e-03
4.405991383917928425e-03
4.405966726984656377e-03
4.555199447621574582e-03
3.955995219715392058e-03
4.325737320331398197e-03
1.703094115349697291e-03
4.317481287096346446e-03
2.099810676478719960e-03
3.688950820084403032e-03
3.108356699294936246e-03
2.121940270367318054e-03
4.458847471858031104e-03
1.985504804129119977e-03
2.670222315211494800e-03
3.754645624551450518e-03
3.662807424542711011e-03
2.881452762645024014e-03
3.529924940879349514e-03
3.088992696037535374e-03
3.985050977689518284e-03
3.194115099395998785e-03
2.525865598215080304e-03
4.085966340975286104e-03
3.043342813847638682e-03
3.872744511456436244e-03
2.324878654277925082e-03
4.110490433660862926e-03
2.817003726486861336e-03
3.462621750161210855e-03
2.709912147459462260e-03
4.245447638599738477e-03
2.979606655342949273e-03
3.450783833260526352e-03
2.275805404357509384e-03
4.431361141113583473e-03
2.646455147750139628e-03
3.630854742206973164e-03
3.065785071601662658e-03
3.816141231068799402e-03
4.227495793820856655e-03
4.501807577902997189e-03
3.612595108397279563e-03
3.664399841162334272e-03
3.969371843969478689e-03
2.937789737818555062e-03
4.034771399975645850e-03
3.595367902149890736e-03
4.020336365008586946e-03
3.000974195920152500e-03
2.787498926211915556e-03
2.864494638437572321e-03
3.968264061805926689e-03
4.445002749507234903e-03
4.185247357256867765e-03
2.464947627470536785e-03
2.860730797108674769e-03
2.588170441337874113e-03
2.890993202133329294e-03
4.156943825276537829e-03
3.219049408656532961e-03
3.912735660031035553e-03
4.132005798471513960e-03
4.092301751758213417e-03
4.134615240101393099e-03
3.099546413927320703e-03
2.050642236451309577e-03
2.443655827040820683e-03
3.317968274736835844e-03
4.145365039816333204e-03
3.652547417915126896e-03
4.556630457644096979e-03
3.664399841162334272e-03
4.144643004031218006e-03
3.194779835163033370e-03
2.885219583531750762e-03
1.921195443221546811e-03
2.791612420005556983e-03
4.421126794521518071e-03
2.004703027136239910e-03
3.131411170551794652e-03
4.398730091761619138e-03
2.491850546513399954e-03
3.723968355638153718e-03
3.440107714945824305e-03
4.125199048610694863e-03
1.870324567055577439e-03
2.220635900935211300e-03
2.894883698171491111e-03
4.219532054829756851e-03
3.736251895444124560e-03
4.159398373881010268e-03
2.878965979872940423e-03
4.464386733228973940e-03
4.217885808587650172e-03
3.687155389948000225e-03
4.413402940911049024e-03
2.923567047416732179e-03
4.250488903551667697e-03
4.018554618588264515e-03
3.849825696346647740e-03
1.971539424447860990e-03
4.020407681541744195e-03
3.985933815303254260e-03
4.432794767048275908e-03
4.194303300664574755e-03
4.458015058007374146e-03
4.471526332693721503e-03
2.106520325166979461e-03
4.457579177433080089e-03
3.483482392858146606e-03
3.056233824472258040e-03
3.388489831915198792e-03
4.429466520257811617e-03
3.952497011484406436e-03
3.814935489452679108e-03
4.345990588785457118e-03
2.964325317479354731e-03
3.834831194028567002e-03
4.391818882829079396e-03
3.732384264881173468e-03
4.436258387345663572e-03
4.401619478743724195e-03
3.188333095301513868e-03
4.551590761424671901e-03
4.103441025199429555e-03
4.229492503476948995e-03
4.523376430473888266e-03
4.127590822326158114e-03
2.649504909236023720e-03
2.281114741527945702e-03
2.242247877986780664e-03
3.278800225587494548e-03
3.761133213750080407e-03
3.506486190728667299e-03
3.177256343299799009e-03
3.866447627117355727e-03
2.250608044475955333e-03
3.881523867846259704e-03
2.290996527810531397e-03
3.233219171095138775e-03
3.994026648822515159e-03
3.308324955937247402e-03
3.764619671511259223e-03
4.534229688719053873e-03
3.172888729489057279e-03
3.899692300247316334e-03
3.276972733446222551e-03
4.148600955199941397e-03
4.434048428041589482e-03
2.771096928821933231e-03
3.240673247353336069e-03
3.126745208269688606e-03
4.263401964463787476e-03
2.863878742298443456e-03
4.318928659101309644e-03
4.200866691481560528e-03
4.305792002956895272e-03
3.990569812255585075e-03
4.286387334127630087e-03
3.995535412552589025e-03
3.344137073362754738e-03
4.217885808587650172e-03
4.315714718069819759e-03
2.455859060708254736e-03
4.038292994281794668e-03
3.193665799765515144e-03
3.213046221703535522e-03
2.051133811035221310e-03
4.138232361268950020e-03
4.257853341337315863e-03
4.541448145004546577e-03
3.745613772632583847e-03
4.311701426027457484e-03
3.367503468345129595e-03
4.194303300664574755e-03
3.748589527200180301e-03
2.617157083990813600e-03
4.124690961355445204e-03
2.885427531833544522e-03
1.903511960799438799e-03
4.008620537619391778e-03
4.534084853287066730e-03
3.469569107952096519e-03
4.137626997997308209e-03
2.608550861544794985e-03
3.299676927959265069e-03
2.443973843237751652e-03
4.432120554510199373e-03
3.942436065194425930e-03
4.457579177433080089e-03
2.554504795245116262e-03
4.538606948115217997e-03
3.185279818096814746e-03
4.536414557372381653e-03
4.140753732264006864e-03
4.146091961103062773e-03
2.338679954725511514e-03
3.411948392565936506e-03
3.744272351668300261e-03
2.999301587495774475e-03
4.276605991940844731e-03
3.575002945477990472e-03
3.299316359069997748e-03
3.774718603572241055e-03
4.209962094194460644e-03
4.208521952381016722e-03
3.027302628818530177e-03
3.191917442362507146e-03
2.588747864751261667e-03
4.363685020043353222e-03
3.984852055079883895e-03
3.534962640650304508e-03
3.735048189934357232e-03
3.240811735045454750e-03
4.415652308958394404e-03
4.449805613321892658e-03
3.386211369344807424e-03
4.174266370960989618e-03
3.400286210740567118e-03
3.230699787319193852e-03
3.555104718017880732e-03
4.545246717009301073e-03
3.691242722479512375e-03
2.854346867556140002e-03
3.610574756702316333e-03
4.378460020804940921e-03
3.548084893473654831e-03
3.572867002155161870e-03
4.544435362027126474e-03
3.513485889458965034e-03
2.768341784422639808e-03
3.571794337375032956e-03
3.476433274672468057e-03
3.503704084784611036e-03
2.631807243212885925e-03
4.482299416850764329e-03
3.659943196573706668e-03
3.451646278479891111e-03
4.058349381062132527e-03
2.490196570564222681e-03
3.158236953015333345e-03
2.676770109332914007e-03
3.121248449632620277e-03
2.931139146666173270e-03
4.522295819560821079e-03
2.673485401170130719e-03
3.161316502577657395e-03
3.225991196341261059e-03
4.514442850030062418e-03
4.024541693747701182e-03
3.759781354138480927e-03
3.497653069983268619e-03
2.179263355970351146e-03
2.965250760766619410e-03
3.972143951698666950e-03
1.944729884529718209e-03
3.892917131301276788e-03
4.340778656309782560e-03
3.280184475326505377e-03
4.129985334668953220e-03
3.580250713783761363e-03
4.496814643180855817e-03
2.509684497839274886e-03
3.960763979249474001e-03
3.001745946865338414e-03
3.414051225133722407e-03
4.342853909593643279e-03
3.522749392933777028e-03
2.697951249377513946e-03
4.405703167338418692e-03
4.155970579245679350e-03
2.820146565541668121e-03
3.089233627946646327e-03
4.141435101127598217e-03
3.499330780326741740e-03
4.050629602787981891e-03
4.390087490303553816e-03
3.106436762439064320e-03
3.614456763814666729e-03
2.088191462845604383e-03
4.180740173866021037e-03
3.807357761770490800e-03
4.037835074152147131e-03
3.780784798101395443e-03
4.527002392016374679e-03
4.038972397011210413e-03
4.299079715302824706e-03
3.152535566997983867e-03
2.234570890604482916e-03
2.433744308444923954e-03
4.495588923142578019e-03
4.087098096374467381e-03
4.404678302928361627e-03
3.491036221278502345e-03
2.058378172746587031e-03
3.489924844820125466e-03
3.615751273318771643e-03
3.988978770724335710e-03
4.226123628389787286e-03
3.570728314175401416e-03
4.092240368726416180e-03
4.105365624919111826e-03
3.866709109686893107e-03
3.440982929199119973e-03
3.137759979944903382e-03
3.923386549530348370e-03
2.831260802076050916e-03
3.963360587588981784e-03
3.871185451283579160e-03
3.636603664160715545e-03
2.867928471579005503e-03
3.966402505792024531e-03
3.907995060225509520e-03
3.623674841044362965e-03
2.528157827070614747e-03
2.933293097599518756e-03
2.583144071700957129e-03
2.643022812624757929e-03
4.406366550714715252e-03
3.829640536362429338e-03
3.901067287837185326e-03
3.337833503353006097e-03
3.316180939932703020e-03
3.460226765723663570e-03
3.101401721871752202e-03
3.041615062775109013e-03
4.261043790487902515e-03
3.009674868054150205e-03
4.383089509449277638e-03
3.393476257705425447e-03
4.171097487549029273e-03
2.454483498762891590e-03
3.339609274596976127e-03
4.161742996960684539e-03
2.567101683877321544e-03
3.843166719492425564e-03
4.399820235877482943e-03
4.066209637559284329e-03
3.697182043025327471e-03
4.565049934502491726e-03
4.162370419864751779e-03
3.350257279224756312e-03
4.100274793936571106e-03
4.432349205163932208e-03
3.673206159395646028e-03
2.285826648464323388e-03
2.807174260878507986e-03
3.764518946341864798e-03
3.774718603572241055e-03
2.577951121311261584e-03
4.494514870246745994e-03
4.207587266414113472e-03
4.518599431642377970e-03
4.252766898172382661e-03
4.100274793936571106e-03
3.615102787670785613e-03
4.497168573283531062e-03
3.102919561372151445e-03
2.928711327041042325e-03
3.632608873946606334e-03
3.845279005566298348e-03
3.813172613594715925e-03
4.550611429391026620e-03
4.509877249347293490e-03
2.304476065050698082e-03
4.420246742085935307e-03
3.459434033866806008e-03
3.855246649635324374e-03
4.288336741870171429e-03
4.247271634369506089e-03
3.772306412871127487e-03
3.241382293268407506e-03
4.429466520257811617e-03
4.271233150561312697e-03
3.876646045903626471e-03
3.498666382778475685e-03
3.975469145045727737e-03
3.751338059835390443e-03
4.412715260580723879e-03
4.296472581674151518e-03
3.955959765282085309e-03
4.079296100434857963e-03
4.038851424774663780e-03
2.660435490017579521e-03
3.507791263919789789e-03
4.065608777866363405e-03
4.199106789022147290e-03
3.108775183420651317e-03
3.028985497755700036e-03
4.288428043159097335e-03
3.590691005017531117e-03
4.279361251421822353e-03
2.881936492011791858e-03
3.724185541199387037e-03
4.497024286651211955e-03
3.845279005566298348e-03
3.486431674248484207e-03
4.306268970452433939e-03
3.255153389891337311e-03
4.035452929305126044e-03
4.087251015420029047e-03
2.925363785234950248e-03
2.403840831301341102e-03
4.180740173866021037e-03
4.513238810686570103e-03
4.220941917290759599e-03
4.178729771263631904e-03
4.354661181574825610e-03
4.553804717118310752e-03
3.283989693932609470e-03
3.671717250779432500e-03
3.440602217147837975e-03
2.329601228031552562e-03
3.632890580501012441e-03
2.231535976552449785e-03
3.350257279224756312e-03
3.795488742691757560e-03
3.585607523699502371e-03
2.688090593084988857e-03
3.794533915187671413e-03
4.284972195161808328e-03
4.110007299219810978e-03
3.795189016175181014e-03
3.735039548787012255e-03
4.142662861792836826e-03
2.643092326847606369e-03
