1.289254242440939779e-01
1.993474554123557008e+00
1.373213880846267942e+00
1.323088393459659895e-01
1.929607631733271544e+00
1.115059471680881265e+00
2.863189655294618774e+00
1.159917969672854099e+00
3.967978943039101036e-01
4.241878350424476696e-01
1.712483273397944483e-01
2.466134191190314517e-01
1.472820260931956282e+00
6.621848547267394913e-01
7.685871537472098725e-01
4.547981641900380317e-02
2.152713029348557683e+00
3.493779229580084023e-01
3.014213272377240238e-01
3.209197562849116281e+00
1.466280008517261813e+00
1.163093869297736616e+00
3.039593118613308914e-02
1.673797997024506490e-01
2.952120488141054544e+00
2.300983546160270343e+00
2.370493585898200695e-01
3.334022672999296111e-01
1.132094363178004770e-01
1.182902853335926902e-01
5.322894177954917705e-01
2.195327466561970420e-01
8.659063965494956383e-01
3.966298882806673642e-01
2.993134711695568662e+00
2.637327766865156520e-02
1.100188189659217830e+00
1.021139358183219131e-01
4.888451886500921884e-01
1.322289904050624187e-01
7.871946892286950659e-01
7.760535916254833744e-01
2.717046785720061308e+00
8.748614261114965318e-01
1.910672593991752100e-01
7.134122743713091630e-01
5.954955867725103547e-01
1.415998937161774052e+00
1.130176349160450400e+00
2.018932039429779834e+00
1.052482273316683592e-01
1.923232608572640612e-01
2.387987443178190450e+00
1.992723010999291500e+00
3.519897210744034333e-02
5.421959547587995587e-01
2.129916297814646420e+00
6.797327441379438784e-02
3.322473249514061866e-01
3.646384769405664472e-01
9.077584313367445534e-02
1.604585168260114436e+00
1.676126706613722261e-01
1.447743955167393182e+00
1.576489410489953613e+00
2.857546022806163322e-01
3.799989185816980974e-01
1.600899632279185303e+00
1.043487523371809944e+00
9.802358233173616986e-01
2.974012323866614266e-02
1.791944603552536042e-01
3.252239037162544810e-01
8.637806353576525931e-01
1.651449344555560306e-01
4.864970839368275013e-01
4.375753514688259793e-01
4.707329485578328199e-01
2.961299004021716308e-01
1.916864726747898651e+00
3.103819485520004084e-02
6.631000626985344981e-01
3.042231322244438374e+00
1.604516958442462782e+00
6.736677917116536962e-01
1.344686001167645639e-01
1.689365574345803145e+00
4.981691740098840443e-02
1.642876264084384696e-01
3.554192946111068840e-01
4.918658609027659612e-01
2.396394244261436324e+00
1.642625674238924249e+00
6.788365900020982835e-01
1.904216639982300174e-01
1.813315809793361932e+00
9.895077443612935175e-01
1.649603072258694958e+00
1.567809709099047710e+00
6.169360057823848331e-01
1.691705125232190743e-01
6.321484346868463389e-01
7.995688578559675408e-01
3.057817013980765886e-01
2.024215362323650957e+00
2.872690431008366185e-01
4.058738079888768446e-01
3.215932679357766388e-01
2.901784055776172044e-01
1.684639345099701258e+00
9.407205645027481855e-02
3.527306600960471994e-01
2.926307099871532813e+00
1.188497407928807759e+00
1.258427568865098989e+00
4.334584424556168769e-01
2.307887757331920309e+00
7.700489832714443317e-01
6.935473331188299895e-01
2.998485420187252393e-02
1.189883131279700246e+00
2.398284530193209640e+00
1.132237565151627268e-01
1.587893512813279562e-01
9.291520706850669997e-01
1.377490207092402774e-01
2.667879442458884309e+00
4.310668165046394606e-01
3.258994373390325272e+00
3.092223127919327741e+00
3.833727508602776668e-01
1.252540262900444512e-01
4.124970230820552697e-01
5.964576446053181380e-01
1.631636952542446506e-01
4.505796805596028465e-01
1.411668331510697594e-01
7.903536946489811976e-01
1.757949998285925464e+00
2.053509013634728375e-01
1.864804481918608925e+00
8.044879704511744833e-01
2.023993151328041140e+00
6.769408070776605779e-01
3.135278693079779799e+00
1.690466518294111986e-01
2.407046578501825795e+00
1.349441431794168977e+00
9.443880677295772852e-01
2.024381716416813748e-01
1.619364467559678555e-01
1.554987587909605340e+00
3.931523590219490050e-01
1.773768969404148743e+00
9.209997168472152662e-01
1.596274574230908350e+00
1.971367282872266979e-01
2.129296564455497975e+00
2.442583073993245257e+00
4.889196154869473454e-01
6.227666894731018199e-02
4.047380638204194914e-01
2.570654805203510307e+00
2.471824910319778482e-02
1.143398112076097872e+00
3.156952982688316367e-01
2.389953847330850145e-01
1.088885077779395472e+00
9.771361277131237477e-01
1.154088936328463433e+00
2.772863652471343254e+00
1.472065389909009481e+00
1.545390191653684075e+00
2.389205881439645796e-01
1.504098280710344016e+00
2.429340996386812057e-01
2.901034339242845927e+00
2.965190887909971984e-01
1.519229303099343786e+00
1.723488179884112848e+00
1.467833412250647340e+00
2.558779282352042550e+00
3.969367189511820437e-01
8.609114756933656798e-01
1.551373679197981005e-02
2.325412706043803457e-01
1.421278324546421390e-01
7.098523405693929478e-01
8.374169147984817929e-01
6.382055552471757043e-01
1.535423243022411510e+00
1.829278349734784648e+00
3.159835622055019444e-01
1.175251587579184687e+00
5.675407842689562665e-01
5.280391322774499047e-02
1.175150918465452110e-01
1.560702488044118486e+00
2.384020284995951033e-01
9.070045881278010480e-01
9.708120283559780461e-02
3.075102008293162936e-01
1.088334594573450997e-01
4.276631086424286798e-01
1.624701550162266916e-01
1.414104027117185192e+00
3.935310368943387149e-01
2.660089576226980501e-01
2.196313543278911151e+00
1.413006909915388132e+00
1.255521710889891118e-02
4.710909958177917911e-01
2.375397615844666577e-01
1.717592714793069256e-02
2.937629998211277113e-02
1.379602758746528712e-01
1.002960883487837712e-01
3.237714956506050346e-01
1.637930098741771090e-01
3.454002243603103706e-01
7.160283736033722091e-02
6.279766847828487375e-01
2.855983274792098792e-01
3.064726914205005981e-01
2.729383008454930426e+00
7.339390120371757087e-01
6.613098455170557388e-01
4.385544098786961498e-01
8.712995017398235120e-01
1.798388077817150432e-01
2.430300591881033589e-02
7.728913320109469243e-02
3.458122159710106946e-01
2.093912469667007947e+00
2.571989574865763961e-01
8.286647950954080244e-01
1.669066943777221423e+00
1.375598140243252887e+00
1.558296595256611461e+00
2.309102319553137495e+00
1.186028144353040020e-01
9.901874068559476938e-02
1.633014672018597402e+00
9.159354508053486887e-02
2.628064172303354318e-01
1.520973226173414350e-01
3.857262541346876406e-01
8.236088018004614764e-01
1.486672512991732642e+00
1.012084606798156372e+00
1.179467157331292926e+00
2.191633697490732224e+00
1.675614457271652202e-01
1.016080663442717330e-01
3.947701900362268201e-01
5.864746507287312838e-01
1.715570831014301412e+00
2.920827388067130936e-01
2.690389189750066468e-01
1.563046675068967273e-01
2.843364908446542216e+00
1.986385370561254859e+00
2.285723305885627887e+00
9.150945341348337703e-01
7.653706629179183318e-01
1.579715780259393076e+00
5.220522424832323427e-01
9.600821391840429209e-02
1.207914770335146715e+00
1.721237056948753119e-01
2.313682815025566164e+00
1.636875038576452446e-01
8.052315719112702608e-01
9.740061217413392702e-02
2.926166947358407544e+00
9.778851718025408091e-02
1.517707343873479831e+00
1.398611110121259771e-01
1.417167772268071446e-01
3.115048815359446888e-01
2.641314442971328669e-01
1.490382036193569348e+00
1.663985049094658941e-01
1.356749405194848379e-01
1.027746993672057491e-01
1.713512039103858298e+00
1.649116758265558036e-01
2.150893703019697512e+00
2.334256792856769236e-01
4.047957854231720165e-01
2.942908152274410050e+00
9.485337717965350302e-02
3.247127172803091710e+00
1.057226510318414192e+00
1.992200425311416945e+00
9.426323447245414933e-01
7.245963202360738986e-01
6.800801195038725933e-01
3.452054774297359518e-01
1.305372533916941968e+00
1.919869757103039032e-01
1.789323856861626261e-01
6.623430395036852825e-02
2.889944408386109775e-01
3.657679116972735178e-01
1.693274579511584443e+00
2.397238248724940513e-01
2.141511527533585257e-01
4.891046788911746490e-01
1.132764063980298275e+00
1.914015896734349020e+00
2.722013734312643818e-01
1.609627133520869391e+00
2.446918699559193222e-01
1.283014611994643950e-01
1.921900626597586426e+00
2.805145979300405656e+00
1.847076402633744396e-01
2.696608028881997576e+00
3.108426259206856779e-01
4.560770398071292697e-02
2.386605376556231839e+00
2.437816163269283631e+00
5.792089849405878121e-01
2.765624328879257021e-02
5.094245198612460390e-01
1.535869419606925024e-01
4.855300723272049646e-01
1.127492724074833086e-01
2.094505873698283338e+00
1.797237215202340810e+00
1.576973835334392948e+00
3.444551861261494485e-01
1.521822413413598252e+00
2.739213698230872573e+00
2.852381806690585941e-01
5.722476715587198060e-01
1.800817377830801203e+00
5.275976571366343126e-01
2.060497568404226765e-01
2.985962123230872511e-01
2.995053611583121445e+00
2.970288418320468082e+00
3.923785516759922820e-01
1.562495957133847480e+00
5.189231399191154837e-02
1.923787428582594550e-01
1.089233821498768684e+00
7.306755958445095012e-02
3.139324175301974607e-02
1.659804731771908459e+00
5.939923034160716764e-01
4.157051366500545964e-01
2.556221742563471455e+00
1.518199088950778153e+00
1.652191210888244388e+00
3.992476097816830688e-02
3.355898499506128063e-01
2.303062878657051726e-01
1.606183359670503741e+00
3.650040030877911290e-01
1.938270590299909502e-01
4.171823517107489110e-01
7.589162406274380102e-01
1.296680964760277277e+00
1.493523740319478987e-01
3.925020638744007306e-01
1.014749991118721661e+00
1.692019213399605482e+00
1.987281943392299244e+00
1.548184608772175785e+00
1.440769792609247979e+00
1.612814841301887236e+00
9.425379514762072253e-02
1.182590692472844207e+00
1.885355712545698559e+00
4.267009473114676266e-01
1.437247626259983702e-01
1.805436538382633849e+00
2.778621294792636975e-01
2.663946182771623761e+00
8.765156526037035656e-01
8.347495462724999760e-01
1.950408552434487741e-01
8.329481644051923706e-01
2.430493155937916594e+00
3.060006080088929492e-01
7.791855642390044245e-01
7.045518347168134854e-01
1.659037125723308748e+00
1.525251359382482796e+00
3.126792171413116384e-01
1.333882562907287905e+00
2.990927303055412878e+00
1.775697496046392265e+00
1.774124822991582251e+00
1.736350483649204524e+00
1.120673665044702449e+00
5.130751063105842835e-01
2.198416047364857295e+00
2.273221847808631235e+00
2.294175194347478630e+00
9.441330981015630397e-02
1.911571154327043498e+00
3.131884783773903891e-01
1.552283954494580176e-01
9.668863483121256652e-02
2.517411913239197219e+00
8.902594681562358003e-01
9.600160069916181538e-01
2.807087612352940353e-02
4.000867920689855223e-02
2.423835140895005402e-01
1.137961625246746822e+00
2.343902284865179819e+00
3.098443808681061729e+00
1.545581351327593111e+00
1.151377090654830959e-01
7.952272891763180196e-01
4.932236919327929736e-01
1.312307379465375012e+00
3.002484186351441209e-01
8.639907199986549546e-01
1.011684054094331264e+00
7.243430928811809277e-01
4.533294953898835966e-01
2.131640619621486987e+00
1.342616678421015564e-01
3.530389553759421400e-02
3.045828792863328083e+00
1.287636518810277186e+00
1.100052986267421318e-01
2.617477588162872015e-01
1.025671129384070568e+00
1.239358321793173179e+00
5.262099210986323494e-02
1.854940030331491130e-01
8.631598654373905388e-01
1.216250092927072091e+00
2.195867393162629633e-01
2.734052020455696841e+00
8.233472918468068835e-01
3.680466120402322572e-01
9.924234799835137677e-01
1.561455841898052310e-01
5.302402255193763153e-02
1.148266609310033687e-01
7.978218525203523148e-02
1.988518990364605887e+00
5.698450817295824811e-01
5.988575173967204401e-01
3.566132749076780240e-01
1.037994262823006553e+00
2.950907415964310498e+00
6.167040911978521889e-01
6.932189907863199885e-01
3.100810090822147647e+00
1.346977751736502471e+00
1.848238564330431322e+00
1.618852855413558833e+00
3.272004952091914554e+00
1.158300614630429770e+00
1.042945504948956215e+00
1.569830001641269179e+00
4.258298852524693145e-02
1.052442430841059373e+00
2.871059947303531978e-01
1.686250689831978455e+00
3.026417106929584211e-01
1.315486189285944851e-01
1.168398539798775948e+00
9.783303952112130109e-01
9.540238030103819211e-01
6.315415412254188343e-01
1.706430651506933627e+00
1.028829164547865105e+00
1.306448086121858365e+00
1.442552531694846207e+00
3.222551273412349815e+00
1.362144056535110996e-02
6.758147208193631128e-01
2.105892874967921991e+00
2.327264745442166216e+00
7.446929718205613780e-02
1.544515082484979873e-01
1.454486070527164721e+00
1.926182825460064807e+00
8.331363631614192855e-02
8.211286164078809846e-02
6.358770662697107445e-01
8.381851582141159884e-01
2.619254171344823856e+00
1.092747154550393063e+00
7.341919859002797866e-01
2.239011924262483966e-01
1.814108515785581854e+00
2.582550522712425689e+00
1.689507334726791488e+00
2.881807272805910536e+00
1.340644038878985977e+00
6.932000516411007673e-01
2.299131953979100196e+00
8.826258666688243659e-01
1.845014633622215350e-01
9.804720673156287480e-01
2.108615219246361416e+00
2.036208788516596702e+00
1.717521393100352789e+00
2.143786612232272681e-01
1.665035050173882647e+00
2.292108362445582359e-01
1.050215055609321269e+00
8.543630063004903352e-01
1.462514252336038600e+00
2.923442900605604855e+00
2.289906278636052173e-01
9.050989827421566103e-01
8.914058615492694848e-01
4.503908431249715738e-01
7.374788135244395582e-01
2.690366256468663259e-02
1.590381247391495778e-01
1.618236814964023162e+00
6.335573352423528037e-01
1.160276551694894520e+00
3.499162670975383138e-01
6.628002028580142202e-01
1.775514711866364559e+00
8.007271107004152455e-01
1.799219827824260765e-01
6.154850716934077148e-01
5.520485485690702632e-01
1.626436099269867874e-01
2.749570676286157145e+00
6.483648478532276771e-01
2.130572748645771064e+00
9.110284457475577025e-01
1.311683541242221751e-01
5.931124194985029074e-01
3.535872066425413407e-01
1.724811269783117718e+00
1.851571540873011790e+00
1.360724350848443676e+00
3.848361727475563265e-01
8.375781363574880123e-02
1.049769957052915537e+00
7.759915146937529373e-01
1.563916213454874082e+00
1.356703821839082003e-01
1.161001695649019477e-01
1.276627891295434858e-01
2.698068127148208206e-01
2.917211618279168750e+00
2.766719465982316439e+00
1.721768475203491633e+00
9.560294917754390553e-01
1.722358717050813670e-01
5.341089867652806245e-01
4.864186379111789388e-02
2.371509643053134331e-01
1.023392716576783240e-01
7.159061825702208726e-01
1.798602000027255787e+00
2.517159671741149296e+00
8.965306600962998917e-01
1.674327937218346093e-02
2.962250423453734460e-01
2.711195048288774334e+00
5.907324092906478530e-01
7.949191220368956312e-01
6.730390895516672467e-01
1.839611744625437861e+00
2.143290658996996056e-01
3.988296857124231654e-01
1.189752924251754163e+00
1.007795676039254351e+00
1.651718298391752882e+00
1.002733135888797866e+00
2.215481919883278417e-01
3.171576540729899474e+00
8.734970221400280010e-01
2.101365109569903189e-01
9.665390041179930392e-02
2.074610322838968679e-01
6.811956019246422078e-02
1.477237058235135070e+00
2.790268233000605669e-01
1.135152498883768235e+00
8.668179245260239085e-01
9.752924132311252547e-01
2.540937051578463723e+00
2.571751930936544195e+00
1.726331311050082196e-01
1.890674609009165841e-01
2.870143743814684290e-01
3.888370847508686445e-01
4.095264014218600312e-01
6.579413788758693427e-01
3.672379867409429621e-02
2.475439866509240028e-01
1.606928825903903291e-01
2.467196393502907981e+00
1.002635274742738059e-01
2.232711968134458047e+00
1.859291992190063691e+00
5.849485328713603938e-01
4.299336778090231403e-01
1.616154264944685615e+00
1.699363303265079284e-01
2.810026159632719178e+00
1.139258588598449418e+00
1.071962465521932639e+00
2.620622865524637302e+00
1.936259005713418802e+00
4.684819223058270810e-01
3.950837225106953454e-01
9.258312459552263674e-01
1.416367772990642371e-01
5.558256605408397055e-01
2.008248513828826631e+00
1.017336057103750413e+00
5.928365492894391853e-01
2.757041482056494797e-01
1.773192227756834383e+00
1.218006919128124671e-01
8.557246870995010024e-01
1.158960153650306246e+00
1.471389720627380493e+00
1.839117326082295056e+00
6.957026774198081798e-01
6.492684739024364715e-01
2.937574150850248422e-01
2.218015446377605837e+00
2.215490432084770145e+00
1.664622689995023663e-01
1.520474709615160069e+00
2.373989269175077244e+00
4.071321690248067005e-01
1.013091637662334676e+00
1.903428835877229108e+00
7.121837946559234078e-02
5.286622443441050256e-01
4.343692417411430529e-01
1.105342675866755942e+00
2.179128916480685407e-01
6.830431347934416975e-01
3.582083224108642550e-01
2.484340598175525661e-01
8.564629442949232840e-02
1.454667613629803791e+00
5.547351037098513515e-01
2.137896008218376664e+00
1.892480064120409367e+00
1.012662129317743576e+00
1.542982245704574984e-01
1.433977746303077838e-01
9.663723999623564653e-01
2.028216957156251665e-01
3.023369714652443530e-01
1.453474528899088236e+00
3.172380413277847921e+00
1.751550462487637405e-01
8.216233244802382263e-01
2.814585761954513821e+00
7.533872296616586084e-01
3.893976486616900212e-01
1.909579618586332739e+00
1.277159970536052569e+00
2.878741446108740831e+00
1.100695426912385866e+00
1.982423124977827911e+00
1.525194770521577925e-01
1.349632869365209098e+00
1.013871730201789001e+00
2.926593424283820521e+00
4.017946291878562448e-01
1.389339072633158922e-01
8.021514322244290007e-02
1.449255832416276035e-01
9.080092786082074596e-01
1.551951285628471455e-01
4.760357146929803385e-01
2.311276485107014445e+00
2.856326451397163124e-01
1.159697852751163660e+00
2.856499911889353593e-01
2.077739785912322112e+00
9.725328166782557515e-01
2.323100989273616523e+00
1.362147411934429009e-01
3.193932908189142661e-01
1.912575179823322313e-01
1.747545944016334563e+00
2.572144215310214310e+00
7.972618025529905061e-01
2.410596689726028696e+00
2.325520760003933596e+00
9.640172124287581523e-01
3.192172717574889296e-01
1.886223923872057395e-01
2.732769700839709159e+00
1.924163916143650344e+00
4.478151166618001833e-01
2.386181616491811486e+00
3.031077110596908319e+00
8.332675796786908062e-01
1.379603750246000793e+00
2.600229527010081920e+00
1.725693722098967930e-01
2.282337379728047455e-01
1.815077558457660389e+00
1.063329213328224832e+00
1.654024470423392845e+00
1.913384924475463711e+00
1.070955987316267732e+00
1.696310671748894050e+00
2.267434620100500009e+00
8.709797574136250997e-01
5.543457163428876511e-01
2.145331412635419488e-01
1.156069736510920043e+00
3.441324534394805956e-02
8.521015436187074910e-01
1.958519250490011188e-01
1.266623660818709585e+00
1.238732978284075248e+00
3.306094493979525040e-02
1.558052231313154401e+00
3.994768787643592778e-01
5.316844339378119788e-02
2.632038052689182450e+00
9.225838702144127934e-01
1.143329756073764081e+00
1.942406286882168154e-01
5.825166118687536976e-01
8.295780842356801354e-01
1.860721789432272288e+00
6.992225362642860986e-01
1.645589786172011237e+00
3.749447706998086938e-01
1.240848089181025848e+00
1.480607734490481109e+00
2.325638674258014293e-01
1.829048267380844361e+00
1.345494131149399752e+00
1.310661545526360383e-01
5.465315817222640149e-01
8.402612539908144162e-02
2.550604575009452368e+00
3.868109124696346157e-01
1.145653599558447144e+00
2.025077321025646970e+00
3.198952229509979261e+00
4.293704237865832440e-01
2.121629001742292076e+00
2.767024766566963834e+00
1.047855546853633663e-01
1.497312514045869014e-01
1.138898573829812966e+00
2.815099668559490453e+00
7.462276142110826349e-01
1.832078230211897640e-01
7.141488441160581679e-02
2.741031849176467361e+00
7.665945528462393410e-01
1.213709850847636496e+00
2.500925135288437073e-01
1.243652640006951415e+00
6.433476857112746528e-01
3.283509852163504217e+00
1.623968706334210532e+00
4.904665460378809794e-01
2.999332430474289102e-01
3.067694733714914967e+00
2.620841808018880559e-01
3.749778720378040275e-01
1.523995753140412468e-01
2.330702671011755100e+00
2.951242737940896088e+00
8.496706282260284571e-01
2.825903102405365463e-01
1.327736849643015304e+00
4.032020569482631100e-01
9.478631106054103972e-01
1.238513679025829289e-01
4.168962819209712789e-01
3.761745942124518627e-01
1.453043406075135602e+00
2.365707965619145980e+00
4.818823025825109269e-02
3.088693464263431512e-02
1.440890308442298040e-01
2.482832352533929088e-01
3.441957111510092759e-01
1.299952774472294736e+00
2.068043702726720667e+00
1.972270203981589254e-01
3.988254311685851539e-01
1.053397308422836964e+00
2.867554846388169487e-01
1.655995256438274610e-01
7.285776989672908543e-01
8.058006243880271313e-01
1.670303952529961222e-01
4.308796747037465513e-01
1.153972384437232795e-01
4.680379348175669474e-01
3.080094414489805560e-02
2.904090033757630307e-01
1.225913315072806875e-01
2.661591442715051659e-01
2.919537988656103478e-01
1.024351875199793760e+00
6.619065426044049016e-02
1.321327973367864228e+00
1.706002472396734637e+00
4.379425437850311131e-01
1.952999426194534371e-01
2.227235197749612983e+00
3.367494423658576319e-01
2.472954399566039130e-01
2.948104863443703483e-01
2.942538716358752193e+00
8.095140584775779580e-01
3.093552421354571758e-01
8.892400082687561547e-01
8.741582534033652818e-01
1.704693804157861592e-01
3.132712247576801556e-01
5.742400200694938728e-02
1.409660042544391922e+00
1.849008107586961047e-01
2.584811501255241950e-01
1.794680614679423192e+00
4.705897589564015937e-01
8.980461131031003408e-01
1.738812311033097968e+00
1.690630560841003494e+00
1.198143832353814053e-01
7.165998393685218959e-02
8.864601887238998668e-02
5.332703868680211956e-01
8.992931901402404504e-01
2.407688249651813439e-01
1.125246095684772962e+00
1.359480607773978778e-01
1.914126965122551205e+00
3.702154454019093710e-01
3.070179498422472175e+00
1.610350535607115052e+00
4.953551033817831795e-01
1.027950585434233455e+00
2.306015241924989079e-01
1.042671522136551454e+00
1.690660246759240759e-01
1.153177376040911417e-01
2.211750592123616688e+00
1.698561471162991943e+00
1.992955753098889060e+00
8.917624320061059429e-01
7.940188987872277837e-02
7.296506077590861894e-01
1.946373393770126914e-01
1.669586081993370108e+00
4.466518395852533962e-01
1.585360867539517660e+00
2.194775469210408503e-01
3.518115976274274193e-01
5.933231476219211764e-01
1.207737453837699038e+00
1.630231565622097145e+00
6.299011421411510048e-01
1.668987917734749526e+00
5.837979439046098173e-02
2.265986756402305069e+00
2.298716008334533017e-02
1.280952995613673373e-01
3.702778920669645979e-01
1.714195281708462693e-01
8.672712382736181835e-01
2.511929930280618173e+00
2.470429675669888192e-01
4.058533350871430523e-01
1.665648226115420627e+00
5.282824803096600741e-01
1.371004311891268035e+00
1.876473321459067201e+00
2.945612818038480518e-01
5.547240442337950800e-02
1.952264446997885150e+00
1.058073489100478159e+00
2.573242699826499558e-01
2.052101016515492038e+00
2.525831554716345906e+00
1.223526800169161266e+00
1.750142856572630690e+00
5.425037432830560613e-01
1.163947082347651929e-01
1.795439496034663351e+00
1.867846031707656396e+00
1.757507412345110098e-01
2.794194355808677366e-01
1.560677075527739488e+00
6.167480284862253415e-01
1.757182605908512163e-01
1.550682368259362232e+00
2.651638416899182893e+00
2.489901915095750873e+00
1.459401207224215069e+00
1.541069310444479257e+00
4.669138353873424352e-01
2.792794515901584784e+00
1.533755265522916078e+00
1.859887650224265332e-01
8.874367512095604482e-02
9.637960714348343949e-02
7.864906077403041040e-01
4.728243931120861276e-01
3.123175061975523192e+00
6.362592967388487342e-01
2.107502991706055040e-01
2.443546499024369378e-01
7.015962100111770017e-01
1.036451224381214509e+00
5.165845142603561202e-01
1.024594262097352215e-01
1.536071565353138713e-01
1.898352426208673172e-01
1.726761951911919946e+00
3.438968363533970729e-01
1.356268131068073535e-01
2.638902683339963695e-01
1.942384819288161257e-01
3.423921128896831312e-01
1.374118614768123636e-01
9.088956065866657386e-02
9.016800181463326125e-02
1.116590882221530912e+00
1.109494718814419079e+00
8.646387170578999637e-01
1.959710239312025259e-01
2.185625968141657882e-01
2.628172572693693532e+00
8.849962508825122420e-02
1.806762615731056232e-01
1.018743089332597052e+00
2.693376807704277898e+00
2.114654577183169570e-01
3.189279572238298943e+00
2.470158353164222387e-01
1.077131604584271374e+00
5.706045932552107347e-01
1.521963667365540951e-01
1.263336768203027427e+00
1.742533112944662232e-01
1.137067622438792946e-01
1.103896928389570764e+00
3.103665803453933281e-01
1.503797184986380431e-01
3.693316283174977732e-01
4.676674427190725680e-01
1.198139509452776363e-01
9.701427265185229576e-01
2.575378728290144359e+00
2.215132384860565740e+00
1.133988680014474115e-01
5.558324541407569930e-01
1.639134497997057904e-01
2.708654106724394772e+00
3.449916523269160873e-01
3.707905671611380072e-01
1.060288272869472082e-01
1.824129866512530507e-01
6.952904311502945411e-01
1.069754886273198702e+00
1.503504756643821105e+00
2.326811625947662332e-01
4.326226335976481319e-01
2.006688501335570640e-01
1.452333658784242143e+00
2.955700279549092757e-01
6.129328869156526194e-01
1.714867406324969701e-01
1.436702478086727686e+00
2.280989919900089716e-02
5.102677409228686400e-01
1.958055692032115047e+00
2.125896684118516067e+00
9.797589904675014782e-01
1.475744100240378720e-01
2.472391654684092721e+00
1.601717655967782872e-01
5.634837361871992689e-01
5.337716497325106779e-02
2.569523405199217736e-01
8.218125822482906795e-01
8.262038610383686255e-01
3.802855058124571253e-01
3.167626370063835850e+00
2.546987794344564571e-01
