1.469556772249021870e-01
3.276973523628471385e-01
3.174995202073245537e-02
1.014601802273068648e-01
1.535081109176978653e-01
1.706293446000177183e-01
2.284475334607798391e-01
7.226075927390787634e-02
5.486996618557724581e-01
2.118166117289958517e-01
3.354373079711657768e-01
2.627072739943900892e-01
2.985420195258703946e-01
6.625279636160587293e-02
3.498762468287995864e-01
1.276597482340242062e-01
4.210585972593973159e-01
5.443239727652118831e-02
4.368480558421853344e-01
5.785383961966452659e-01
4.274819959806485103e-01
1.616905000166679318e-01
4.018626834247364665e-01
6.689130001451235596e-01
2.005156880051390811e-01
1.516717979460343591e-01
1.793274820663988411e-01
3.106466024797997494e-01
2.186953259490052315e-01
2.588766567489659276e-01
2.825817641924318058e-01
3.067002475717209853e-01
5.734423539558030081e-01
4.045435101527331545e-01
8.532889443461395829e-02
2.179502762287106321e-01
6.052634065738100588e-01
2.712601007603238079e-01
4.942079900014792471e-02
2.291094127722443641e-01
2.220851635016058978e-01
5.840198974084892525e-01
8.122538985879779183e-02
1.243575719802583052e-01
1.324522119072897020e-01
4.120588584468412585e-01
5.615034195993949540e-02
2.268152297239846293e-02
4.605647291900371032e-01
5.907210503578068650e-01
1.153553253423092173e-01
2.178808241206698082e-01
7.402260625931378346e-02
2.223140801335738576e-02
5.409288151663089739e-01
9.121374146098350233e-02
1.632980793290960131e-01
2.255549255331414926e-01
2.010178228724865956e-01
5.270656889485288987e-01
2.684027463640663580e-01
1.775155745199028523e-01
6.002426505321060146e-01
1.854567123950018603e-01
1.204163997721480195e-01
2.400656873312349282e-01
1.777682069866565739e-01
1.277872846833668086e-01
7.046093648186504965e-02
9.135860107103702110e-02
5.871972178615225690e-01
9.671846582846777007e-02
6.285368551649685998e-01
4.851496519843617738e-01
1.130298610128664949e-01
1.610463552741339399e-01
2.069840580620247172e-01
4.672435028261183732e-01
4.801292988020611219e-01
6.595903121923321066e-01
8.908698578536758395e-02
1.624888028375185978e-01
3.214798954893993699e-01
5.005041480106106055e-01
1.953280084948489648e-01
2.071982662923944896e-01
3.564289861330318110e-01
3.681898030075549111e-02
6.069009679062723484e-01
1.833975810736454826e-01
3.072841629679852818e-02
1.363367090115554237e-01
1.357357108132856149e-01
4.647207428715789956e-01
5.994559681662443573e-01
9.358949468954849693e-02
1.891052360402928900e-01
6.428658878167490265e-01
3.057873857382629734e-01
1.055800671232992871e-01
6.553683508816465775e-01
4.245624129970060889e-01
1.103903487851401743e-01
1.996700690034265979e-01
1.769561629197596020e-01
2.913906337615643216e-01
1.009221940323401095e-01
7.338938707055098210e-02
3.057873857382629734e-01
3.894115869555676013e-01
3.976815230927854133e-02
1.682312158096598564e-01
4.471647545080488784e-01
4.884098506423926733e-01
2.469848027935724610e-01
6.086713635571689984e-01
1.310642226628252471e-01
1.751504086105490354e-02
2.092116225586810874e-01
1.584199445954880825e-01
3.402675245693896344e-01
4.566463834092974322e-02
2.122174418769575965e-01
1.030178149205726451e-01
9.222033962285068609e-02
2.778302357419779045e-01
3.591618026659461616e-01
4.233733815597695016e-01
4.336283675765562062e-01
3.760991975867155057e-01
7.702354187837899546e-02
5.840198974084892525e-01
4.245624129970060889e-01
6.215246698415170107e-02
2.100340133628786909e-01
2.430403448834721203e-01
6.642997548269026220e-01
3.105494318357131522e-01
4.061770067070276380e-02
2.735010913230017104e-01
5.434965516956585807e-01
5.860008931206586169e-01
5.785985196670740960e-01
5.856801976455847797e-02
1.968099167629488444e-01
2.990582942644434139e-01
3.325243872857160388e-01
1.358398914534241775e-01
4.084345895463118992e-01
5.166204359473109964e-01
9.331536352962989389e-02
2.481237753936089141e-01
3.833174771739410458e-01
2.510844765352733821e-01
6.023752401781058419e-01
3.182732828707864892e-01
6.182711650017652660e-02
2.344096032493213355e-01
3.391529724372525645e-01
5.657411098124948134e-01
3.670135410552367583e-01
2.282785448189896538e-01
2.679328137141770427e-02
8.446415711090372869e-02
3.687741977169460839e-01
4.223223709280432558e-01
3.350869462244331076e-02
2.298153364846051427e-01
4.851865870178321272e-01
2.700153082536475013e-01
1.058881273263267420e-01
8.775021256278386916e-02
1.848888866768386430e-01
3.411763712757165390e-01
3.455857558410002639e-01
1.458625135746125789e-01
1.462448558630527473e-01
2.566332901293656432e-01
4.363288276623807360e-01
1.458930281477296975e-01
1.609209642066395107e-01
2.070514852177103293e-01
1.730528172663724218e-01
1.832363422507654604e-01
1.083373519815800101e-01
6.146007031749903815e-01
3.776856138910718030e-01
6.656106852946552799e-01
3.866084083689069195e-01
1.155521874476610616e-01
1.333248435740327364e-01
4.076407131701724751e-01
2.600050085182129544e-01
6.634372797963669077e-01
2.838406765636933282e-01
1.447001032374730933e-01
3.299159417484180956e-01
1.682157587074175342e-01
3.674970727784835356e-01
1.247068608887432761e-01
6.517916729034771706e-01
4.188544448043918789e-01
1.434214990589735284e-01
4.730518037522195990e-02
1.608586285456212184e-01
2.273726420724061781e-01
4.819917327269626628e-01
4.495447550494394151e-01
1.353783423121744101e-01
1.723862622557635615e-01
1.467060876052735663e-01
9.638460405213210291e-02
4.704961334941443890e-02
1.129193180511037786e-01
3.110442855911192961e-01
5.980745892937063823e-01
3.098104428784605527e-02
3.240932558009213538e-01
2.040071453086425568e-02
7.685025132977685303e-02
4.253107110835465110e-01
2.473442112724901776e-01
4.695060168675330159e-01
2.220620025829987132e-01
2.798376921794579197e-01
3.515146596696207548e-01
1.863566172306844460e-01
3.826723951905855459e-01
6.399404400762527534e-02
6.184504742120400245e-01
1.889108383522229984e-01
1.992192046457036680e-01
4.049194123031125969e-02
2.712590246871507960e-01
4.662558909453279887e-01
2.569423920692470720e-01
5.885119485733839029e-02
1.307501324045722557e-01
5.541103744089919125e-01
2.841950440648596810e-01
3.714617568462865727e-01
8.791031736100099470e-02
1.732779767242278168e-01
6.366943273190469599e-01
1.994563103341410737e-01
6.368241760438660137e-02
1.490538794954245350e-01
3.526937440622265330e-01
3.309586361006787159e-01
1.614537654251994303e-01
4.335268853243633425e-01
2.135734000957256185e-01
3.119089674024559944e-01
1.078150098394033141e-01
6.584255193535557549e-01
1.927697428168933524e-01
1.699008065840920678e-01
7.115857053985211178e-02
9.028546913195152623e-02
3.152460214142387973e-01
1.243858643965377458e-01
5.394353248160912995e-02
4.781840120160893437e-01
5.110724166582041317e-01
1.923241682333555191e-01
4.655351495041872845e-01
3.866177095102485972e-01
2.326440037582982456e-01
2.407872749543564783e-01
2.038619249735471317e-01
2.054098511038963681e-01
4.936677029677554174e-01
1.052923672280364209e-01
4.081425384147602253e-01
7.373966233314935281e-02
2.555738708552622307e-01
1.687404524092115388e-01
6.636988503151609597e-01
5.292176015563404556e-01
2.835792549165457865e-01
3.732916923307075252e-01
5.343792061609496935e-01
2.557595387163415501e-01
1.215441770089239759e-01
1.837940599773585371e-01
2.444030655814664332e-01
1.312532540636452694e-01
8.818224564081832140e-02
7.619493729594850606e-02
5.615034195993949540e-02
3.671533217500261848e-01
2.093310435512781842e-01
3.923524978865654544e-01
1.385977395871859363e-01
1.741014918274415291e-01
2.070643370406032580e-01
5.142127049141380635e-01
3.811244244524785163e-01
3.091145828790961003e-01
6.370828407156012840e-01
4.496466965065066823e-01
3.582437690182419532e-01
1.640196592513497309e-01
2.591589214690954296e-02
5.268852641726935460e-01
3.607477665573246423e-02
5.923504253700770938e-01
1.770288581835072553e-02
1.603077534615577476e-02
3.783282591500418679e-01
3.076706934739311672e-01
4.239452421109941027e-01
2.572259297639613654e-02
1.905489760743366290e-01
4.276324855710226247e-01
1.683668593079839793e-01
1.775881917724289605e-01
2.189078669140031297e-01
2.517332926550942540e-01
1.020189417802480070e-01
6.397056162222604092e-01
3.734842802283031005e-01
2.426370690126011809e-01
6.723672669855712547e-01
4.225930167123321396e-02
3.257566017180241191e-01
4.783600816852439652e-01
1.373413962772054853e-01
9.404838005452097194e-02
2.267653861254448899e-01
4.063816891987366842e-01
1.523272128022398197e-01
6.257963152926322714e-02
3.342641261452330981e-01
1.023821942491604381e-01
3.572301730361898686e-01
2.191094307034714972e-01
2.355878417694303173e-01
4.524593986576394555e-01
5.575128232838579001e-02
2.067451728589308479e-01
1.624602462469683928e-01
1.183717348677283815e-01
5.349863801084594334e-02
2.514561132372487018e-01
4.724129231948935859e-01
1.946485265671914211e-01
6.062053243528968405e-02
1.062427177198677630e-01
1.277961335253569863e-01
2.168613043347758507e-01
1.764839098426281283e-01
5.025748978090902597e-01
3.405650389651138088e-01
1.262820368828786177e-01
3.059965024214066354e-01
2.209236090340736813e-01
3.756861189956380298e-01
6.390524834796806886e-02
7.587913422054501367e-02
9.558784897554489790e-02
6.487060142983427369e-01
2.551503535334223027e-01
8.645553470806802143e-02
9.074389817637092126e-02
1.642284971061886423e-01
4.157693608331214374e-01
5.864858097838688833e-01
2.663508997551477520e-01
3.439619742819663983e-01
1.510726844142435688e-01
3.108173613678009151e-01
1.621987172987744974e-01
6.239597805722919832e-02
2.889725960195117516e-01
4.494780994389838136e-01
5.108909453544288048e-01
1.675154526533504940e-01
4.280919006059850096e-01
4.621773126213148952e-01
3.787457155602047543e-01
1.186178561496817746e-01
1.296575845682350347e-01
2.275287095869017728e-02
4.621886977346911229e-01
6.174438736926330940e-01
2.838406765636933282e-01
1.917868405265345522e-01
1.014537255911175245e-01
5.299431616865070416e-02
1.653328610862203341e-01
2.470977241138095359e-01
3.024014906668934799e-01
1.593599045937058867e-01
4.725531596811211044e-01
1.475983798032459715e-01
3.337415200249882474e-01
2.268717211458356336e-02
5.403189829468916239e-01
2.082592133997912265e-01
1.053900607504241194e-01
6.159308258920900836e-02
5.826836213384620211e-02
5.045301394058955280e-01
7.000027732377718526e-02
1.815911184695078728e-01
2.796833561537959145e-01
7.676683161312206072e-02
2.459603943383829594e-01
1.494296941934129819e-01
1.234204553341150534e-01
1.069984025561907387e-01
3.296536818783397105e-01
4.692284109395018499e-01
3.538650982492310554e-02
5.950392767297457697e-01
2.429442672719347995e-01
1.721338273813712849e-01
2.253416532638120862e-01
1.425792885352512029e-01
2.196491145907445153e-01
3.252656187987999492e-01
1.907699799169652599e-01
1.385977395871859363e-01
1.888879968137076037e-01
2.779281257021072871e-01
3.606367500569714890e-01
2.506339049668267482e-01
1.269168939486785552e-01
5.972433894891601147e-01
2.479746207605021124e-01
8.749095554598312896e-02
6.564794144104958429e-01
2.239559831179374627e-02
2.370671325309971489e-01
7.685762104230506320e-02
1.915381809390042100e-01
6.554289223945695964e-02
1.259895442592042503e-01
4.591731462895243809e-01
8.072760125704409040e-02
3.405748973973883875e-01
1.935680497826726965e-01
2.858492033684127964e-01
3.625928206819420407e-01
6.134105412801200696e-01
5.702414307149831219e-01
3.676748553366870897e-01
1.920099434350925893e-01
2.227268556090699625e-01
6.429417537687252826e-02
3.971320704378940580e-01
4.982327765789110879e-02
1.837939893370961753e-01
5.667782239189449456e-01
1.114934531196653256e-01
2.149287447772907714e-02
1.942917202557442047e-01
4.137207242354131731e-01
1.245895120866875733e-01
8.950694659695135336e-02
2.717728556561533892e-01
4.708870258899762740e-01
1.221495822346964216e-01
3.293208294140112513e-02
5.836157358083082780e-01
1.977725501368837180e-01
1.823018978534517859e-02
2.113234350442762532e-01
5.008545407496458601e-01
2.199423461076289166e-01
6.566074940373101132e-02
1.170294981101974718e-01
2.507704508379392516e-01
4.098496798678434305e-01
2.008220650578741717e-01
6.636988503151609597e-01
6.629193271332065596e-01
2.676380014294441056e-01
2.053290311674992041e-01
2.310643756156806894e-01
1.140435827083231268e-01
1.249025848178302173e-01
5.211598868778820615e-01
1.735921023666706364e-01
1.526713253874923126e-01
1.885077647038639892e-01
5.749050502628401393e-02
1.549456738455636251e-01
6.043272749003594235e-01
1.038875518014718280e-01
7.919015373055930673e-02
3.066961395915110411e-01
6.168717379823440705e-01
4.005263543953396788e-01
3.019055365132158331e-01
1.710357903804906321e-01
1.200629165223769251e-01
2.518419763055301797e-01
3.760876451351375938e-01
5.123170205310394465e-01
5.036132215429535153e-01
3.422880285895076313e-01
2.673346095060623040e-01
1.739880081459350414e-01
5.827563396673096641e-01
4.028932242120673024e-01
5.080286500754688239e-01
2.232431252314284464e-01
2.700295279186603059e-01
4.268770672716572512e-01
4.005136334200224413e-01
1.926013504441751178e-01
1.978965785009742240e-01
9.231647920085808701e-02
7.238100723601349762e-02
2.356445910538761956e-01
1.007819382439468225e-01
1.995552620455965931e-01
2.065470965509639822e-01
1.025495008317865997e-01
9.464099824028909813e-02
2.591589214690954296e-02
7.373679266144472777e-02
6.662378185835893252e-01
1.229727476147907950e-01
1.071119988962229153e-01
1.004971128238933281e-01
6.733481245344079547e-01
6.692187966362085350e-01
5.575235090067219568e-02
1.687124120569507280e-01
4.930678685974808073e-01
2.038474731346229807e-01
1.084686466093770368e-01
1.802766810674702458e-01
1.467368905045283445e-01
2.014244086671745926e-01
2.422018753877177577e-01
2.452412716094792000e-01
2.177509070613625475e-01
6.499266553495169907e-01
2.129574499012349964e-01
4.524800090401628339e-01
6.291751238548514147e-01
6.610718611083695739e-01
3.061309106893053689e-02
2.503521850758286260e-01
4.922490327695011048e-01
6.472246784892879412e-02
6.589737373667853282e-01
1.086166143936391631e-01
3.099110005625148045e-01
4.753647908558671920e-01
3.919484783762982039e-01
4.661290761467837274e-01
8.049697829489446677e-02
3.200218386733487130e-01
2.088221971410222366e-01
7.750266039939672502e-02
3.616359964024817852e-01
1.465891681022419291e-01
1.280367257641096788e-02
3.332051316157971232e-01
1.633124028240812153e-01
5.041932604101909687e-01
8.085280390032775766e-02
1.850923328035676552e-01
1.864172050830429361e-01
1.177532717315575850e-01
3.488668608079784073e-01
6.035173706194282284e-01
5.843365206391497590e-01
3.734842802283031005e-01
5.304631539254741623e-01
9.074389817637092126e-02
2.506339049668267482e-01
3.130243203102924254e-01
1.424048122739646760e-01
3.375746822857132456e-01
9.164623070229316326e-02
6.637950888345776068e-01
1.616905000166679318e-01
3.300858354769737879e-01
2.363514778601943644e-01
1.727029038599377231e-01
1.676673804710074878e-01
3.130670059780642500e-01
4.202730900736550423e-01
2.604242163880071681e-01
3.432270362784608508e-01
2.570954301725727476e-01
1.515575313325507323e-01
3.238801147254146140e-01
4.019567426231033247e-01
4.071570548833753356e-01
4.093848490219345049e-01
9.798523590475935463e-02
1.785235038844905364e-01
4.035590397193244416e-01
2.356014348227974398e-01
1.511393595884271135e-01
8.069960874138421003e-02
2.188837010639097524e-01
2.580170754854304582e-01
1.614537654251994303e-01
1.431781831005202732e-01
1.427290645843041772e-01
6.936990801855219546e-02
5.408149847029557478e-01
1.004621989013542993e-01
1.553288047236152936e-01
1.887988823400987559e-01
4.979788476954509768e-01
3.989218522777352449e-01
1.700921620263084189e-01
3.984851325643101183e-01
6.622306589190467274e-02
2.001311243259357997e-01
1.558078310619773199e-01
5.166472593621019849e-01
2.574465001776835016e-01
3.015408458658340729e-01
2.605956934895609645e-01
1.771153791877597417e-01
4.813350957397414809e-01
3.695011695654881190e-01
6.312275701237454184e-01
5.495024432674195936e-01
6.084984113262004168e-01
1.065670109254418935e-01
2.535392800229339660e-01
1.007689601760294595e-01
9.238928622807310309e-02
2.618403247384480381e-01
5.637670548692689243e-01
4.286915541075639324e-02
4.263089460865159830e-01
1.404341286636489883e-01
3.465766656713665378e-02
8.083308851765499958e-02
2.278033152541384665e-01
6.559152423527536691e-02
1.201565885425838753e-01
5.382611978870426028e-02
6.291348275529587974e-01
5.674883453243956266e-01
4.299794803235864049e-01
5.785383961966452659e-01
2.354368050042891791e-01
3.390672546870348025e-01
1.448356422661042919e-01
5.718966497797074444e-01
6.579964872397411346e-01
1.995286203528781055e-01
2.663508997551477520e-01
4.048078365108408461e-01
1.763310459207103054e-01
2.195101071951972849e-01
4.492122476659228258e-01
5.308118128014827075e-01
6.135690819682408925e-01
1.521617195160658853e-01
2.274015379761429589e-01
6.312275701237454184e-01
1.363177100825954113e-01
9.510257258985119200e-02
4.840142559607192585e-02
2.135061625563670906e-01
1.979923978636276560e-01
3.566078347508571111e-01
4.471647545080488784e-01
6.148743356886464673e-01
1.820086776104309356e-01
4.307191605744707941e-01
1.186737943973034809e-01
6.546137885191722905e-01
1.668590166943585695e-01
1.904567249296755804e-01
2.629564471500755451e-01
5.292763675796763323e-01
1.001242725595968969e-01
5.383117240428070271e-01
6.640948767183688650e-01
3.350178431493833209e-01
6.208316864083775199e-02
4.071771217395526166e-01
8.252747876058674770e-02
2.054451384046724061e-01
2.751712525563886347e-01
1.224356099290297706e-01
2.615105996362866447e-01
2.653687115819267084e-01
2.000921562919761587e-01
2.163413454711820283e-01
1.239741025987093903e-01
2.442956422265094574e-01
5.255355459239900995e-01
2.267332752614675817e-01
2.892612664905380715e-01
3.885318567320419358e-01
3.768338991521015258e-01
5.304631539254741623e-01
4.714556763106988457e-01
9.456021934375230531e-02
1.185929047682238446e-01
1.735341070245804140e-01
6.012849527330548227e-01
3.101140623698226198e-02
5.577951576957762558e-01
5.343792061609496935e-01
3.635011680137665291e-01
3.568153986746072093e-01
1.824676202664468894e-01
2.655287970930560459e-01
1.963995950032581261e-01
1.029858752956517298e-01
5.354929830637297217e-01
4.286885430289904403e-02
4.336316509120095863e-02
4.112535370504971644e-01
2.531692393789628515e-01
1.363367090115554237e-01
1.185161676778744011e-02
7.777230015336430990e-02
5.657411098124948134e-01
6.120319087794400675e-02
4.193566304683490897e-01
1.699746268465531784e-01
4.415491890507182715e-01
6.681782071081390773e-02
5.002986276672231059e-01
9.251837020179327908e-02
1.256281084188863861e-01
8.259285038620339803e-02
3.941511779098321178e-01
2.550325947388933923e-01
2.562019779661363073e-01
6.471347082174038201e-01
1.367156089768963301e-01
3.474590992288924540e-01
2.839414175998610790e-01
4.848809009494564060e-01
1.431781831005202732e-01
5.145315535329999523e-01
1.991549851143488425e-01
1.915100330339837009e-01
6.568106486713440884e-01
4.601933582441552345e-02
2.802311334711941049e-01
3.005234465843424352e-01
3.671533217500261848e-01
1.515012791601582642e-01
4.236422956504783399e-01
6.205957060630623578e-01
3.735748098220025015e-02
4.220202162027333892e-01
2.784186704365569365e-01
1.474790687745940743e-01
4.688443264111626374e-01
5.553754017198589965e-01
4.153448597844267010e-01
9.644409859510230665e-02
2.328436704805890989e-01
1.735341070245804140e-01
1.787708143335587363e-01
1.715012057875390239e-01
3.011593489208653218e-01
7.505983308993019465e-02
1.114840398640197794e-01
2.433388882814494503e-01
9.024390302561834110e-02
2.748865528544592318e-01
2.376481214367391973e-02
1.902809740650552583e-01
3.831950959856759154e-01
5.532207945419037598e-01
1.118948962256305080e-01
1.715012057875390239e-01
8.688802868812442459e-02
8.907043572858923397e-02
2.436101702654845658e-01
5.445451958784088831e-01
4.862854506957797751e-01
2.531692393789628515e-01
1.232203591011716004e-01
5.804917363200901015e-02
3.931676421354201034e-01
4.276225292074645190e-02
6.544208080998991095e-01
4.184193038512122875e-01
2.653361167556923528e-01
5.876261910351030515e-01
3.707823041679487175e-01
8.829935540608199740e-02
2.252065857300831198e-01
1.723862622557635615e-01
1.127499370443788562e-01
6.647073528318154789e-01
1.721338273813712849e-01
6.752342276674777599e-02
1.487966194220323168e-01
9.056904089421335957e-02
2.945901171045111622e-01
2.454392674739870051e-01
1.346364857078663213e-01
1.289281061868189915e-01
9.759577019355505922e-02
2.616942987769806939e-01
1.630686667976550402e-02
5.446371224908126418e-01
5.497522476016589721e-01
4.085915092606610122e-01
3.760084363356097081e-01
1.551504377363373821e-01
3.687231465808282205e-01
3.530497099935782090e-01
1.204989132086393827e-01
1.073293798922459463e-01
6.015074340515917939e-01
5.443123261178546279e-01
2.217037031259649904e-01
3.857985673327117282e-01
2.383728587292819612e-01
5.501027817577872625e-01
1.598690066293525502e-01
2.982272925357718485e-01
1.417336579482601500e-01
8.066533898844498174e-02
3.740708331259836594e-01
1.028597722305483464e-01
1.680197451899744787e-01
2.689434871136360261e-01
7.291407979558423014e-02
4.564632113521399637e-01
5.935215916620413257e-01
2.444030655814664332e-01
8.049697829489446677e-02
4.299794803235864049e-01
2.594639924078158133e-01
4.157278446273131589e-01
1.165021872389054580e-01
2.609706336243702296e-01
1.298102497712018688e-01
2.919374252531201641e-01
2.702608535893693542e-01
6.174311004018142590e-01
5.397440546040882525e-01
1.731381949635858730e-01
2.441250471380301823e-01
1.529812044816803718e-01
1.027323616715937749e-01
4.211582725840858354e-01
1.089911271611605503e-01
3.466974678059033671e-02
3.057511697040067866e-01
4.535997140945226547e-01
8.546035078346088387e-02
2.728704443082471953e-01
3.484995784668076246e-01
2.140961045790442663e-01
2.948094232101808321e-01
1.435878338643145347e-01
1.718744116019826351e-01
3.932267398341672271e-01
2.159120196468641562e-01
1.271893889228269681e-01
2.965759349293226599e-01
3.384705782319884504e-01
9.914931450442771022e-02
1.727341209407767808e-01
4.630035247000404142e-01
5.447649567076504051e-02
6.148743356886464673e-01
1.030178149205726451e-01
3.161648763953977537e-01
6.727218595117990807e-01
3.641004083487909271e-01
2.891535595682710458e-01
1.309534351367781235e-01
6.172768017291043741e-01
2.771318931494962112e-01
8.254419029910838035e-02
3.582437690182419532e-01
5.871972178615225690e-01
3.135620879860583354e-01
1.129193180511037786e-01
3.126279795643142068e-01
7.557316528431909375e-02
3.555054623642597139e-02
5.164820555788680601e-01
1.837939893370961753e-01
1.157811795129917581e-01
3.940689656851894540e-01
3.408653738445840409e-01
2.151847267642608419e-01
3.343903308467310875e-01
4.475251357364123939e-01
4.736048219709571017e-01
6.643105779123327226e-01
1.162721906151968077e-01
2.887906886877886214e-01
1.485149526770314643e-01
2.580170754854304582e-01
3.920525300017499437e-01
1.127212060807201988e-01
9.257637266995188963e-02
1.043104338992531105e-01
1.165880825761382994e-01
1.445579622354010163e-01
6.239721733542289428e-01
3.082242992355601480e-02
4.300773509254131044e-01
5.896727268752419704e-01
9.300811329796508653e-02
1.082869464275965365e-01
1.454754302894357976e-01
4.714864718835040103e-01
5.246658606052411189e-01
5.582623664001048480e-01
4.725300922507452150e-01
7.028854826023828162e-02
1.635863638036972878e-01
4.459196106702461027e-01
1.946477435269331480e-01
3.769869235864482110e-02
1.894181523596153577e-02
4.959227018962853450e-01
6.222384169848940716e-02
2.344490138580633265e-01
4.627577998132117454e-01
1.631561564770328820e-01
5.116032526825541327e-01
1.382586187273048273e-01
3.814431148302807606e-01
4.670112727027794230e-01
2.284796557924803351e-01
3.916837825003149920e-01
5.089904964041861435e-01
2.272570123028826439e-01
3.250380940235400584e-01
1.754894432059657672e-01
5.749560450087160685e-02
4.873636178742499769e-01
1.132753493826511998e-01
1.701528336060783297e-01
6.158532722990108649e-02
2.522188858034297154e-01
2.890033026241077274e-01
2.472525746722568918e-01
3.714617568462865727e-01
2.120140732007399775e-01
8.631131092875855837e-02
1.539429156811170096e-01
7.820827010853113881e-02
1.837940599773585371e-01
4.217399026432106512e-01
3.943931184724881467e-01
3.561217988479865593e-01
5.005750213734105891e-01
2.962437384408161956e-01
2.295902154236513226e-01
9.350721077884628640e-02
3.533167180769523630e-01
1.985883085271114845e-01
5.607046866088605946e-02
5.531356004625618272e-01
1.167604472557872558e-01
1.043899207423085451e-01
5.090798333162066536e-01
5.057296083513211638e-02
5.084008393601576609e-02
9.300811329796508653e-02
4.045913879228367205e-01
3.061309106893053689e-02
5.503185960746532768e-01
1.611301872780895317e-01
8.151226413029380446e-02
2.090822177811599847e-01
1.177867623570951344e-01
1.521920930831595076e-01
1.611782386125862332e-01
3.447273946384212251e-01
4.491010849743543032e-01
2.343685857019585095e-01
1.050704838412840625e-01
1.706293446000177183e-01
1.694274922986976073e-01
4.603562486522784214e-01
4.922490327695011048e-01
4.304066149891825344e-01
4.819917327269626628e-01
6.274040292389676532e-01
4.958820291579486561e-01
6.555684757468768220e-01
3.515146596696207548e-01
1.479215661954849381e-01
4.488521644037961056e-01
1.932826720625936689e-01
6.692187966362085350e-01
