1.060012675452627062e-01
1.747200363076323038e-01
2.140495793614584918e-01
1.676822859036183888e-01
1.245154792332546223e-01
1.231223630001136715e-01
1.152836851845111671e-01
1.013428248395656095e-01
8.670886561638663226e-02
2.157961267396894117e-02
2.103739884107877489e-01
1.133253423731872822e-01
2.208562627406650825e-01
2.249609309536353685e-01
1.378148485148130709e-01
1.973042993768467368e-02
2.263409635781622395e-02
2.060517253139819149e-01
7.823542063440111494e-02
1.295202339908211875e-01
1.784397646937441739e-01
8.901010676538995137e-02
6.828553081158646176e-02
1.107140892722782571e-01
1.191109852637356886e-01
9.410477630310046249e-02
1.318469277319942456e-01
1.438959324921836036e-01
1.275436551548999042e-01
1.895068593227986764e-01
7.827311659707116009e-02
1.642578432438336067e-01
2.005090240520720213e-01
2.288809047800529628e-01
2.032724194320569000e-01
1.484370816841124596e-01
9.835951532700444588e-02
1.636949640405668538e-01
9.659178188610335891e-02
2.121684086473064335e-01
8.443453228993179349e-02
4.729273828467769197e-02
1.071055054048917488e-01
1.640122829154716522e-01
1.996857540448187252e-01
1.419115007254401761e-01
1.932047385282912866e-01
5.056469114907129886e-02
6.323882461850702241e-02
1.271521491840067741e-01
1.839468836725464407e-01
1.794366873241574623e-01
1.837843658805037306e-01
2.050050103072427188e-01
1.240732892885020588e-01
1.603470031383276706e-01
5.273862791354665819e-02
8.713565346252585830e-02
7.251930320228358595e-02
1.676444411704148263e-01
4.799696028078804383e-02
1.390306733484369672e-01
1.172389451848269426e-01
4.504216608672659272e-02
7.396601880086681180e-02
1.945813510830840531e-01
8.764907116749048877e-02
6.071308131961698773e-02
1.370216609740187164e-01
1.569273735306683237e-01
6.252937726802043628e-02
1.193893057037852257e-01
1.153348731177156750e-01
1.004282978279068261e-01
1.569416884829202552e-01
2.268780001558921844e-01
1.529222803049797297e-01
5.478533176982836039e-02
2.881575353721761712e-02
1.713421143274628522e-01
1.249007623746724582e-01
1.800431007873174172e-01
7.407893997546793896e-02
1.669615012971173151e-01
1.100863679637977821e-01
1.220187702914518196e-01
1.087476329785846962e-01
1.691018104412743417e-01
5.763268080865431575e-02
1.267379212596943527e-01
2.047530551824843503e-01
1.108555253228390020e-01
1.100291962735974738e-01
1.398222424826227051e-01
1.728489596965371300e-01
9.123318153881831982e-02
3.686006939651852166e-02
1.408864081206793462e-01
5.748396061400676965e-02
2.063623354015009237e-01
1.094625840550244450e-01
1.396393426073381516e-01
8.106042097972607219e-02
2.240358011540122818e-01
8.461009916124925812e-02
7.048505155366519004e-02
1.079311681911037102e-01
1.586588628991277006e-01
8.821264682885839037e-02
2.135766912753082336e-01
1.134219812290967466e-01
1.084259414529864102e-01
1.469491699846277588e-01
1.600814236191279716e-01
1.936647302354302380e-01
1.875828663591667111e-01
7.347912728606023625e-02
1.834702224671662107e-01
9.427140273903947265e-02
1.106747560676870912e-01
1.800024735837804923e-01
1.156590073504360355e-01
1.837991042708801703e-01
1.532634362783351356e-01
1.232114247571285126e-01
1.222891531266919879e-01
1.202995474608336696e-01
1.651959870294063826e-01
2.201860090270286452e-01
1.418220700939267220e-01
1.245753734681567665e-01
7.200911592458025812e-02
1.704722165675532086e-01
2.006201604006637162e-01
7.173717022008103961e-02
1.409731796025570083e-01
1.045789937960896199e-01
2.254605386484034857e-01
1.909903755241407486e-01
7.709596898837339785e-02
5.391068309659646091e-02
2.006737192358058752e-01
9.560589723194536094e-02
1.752682590171695254e-01
9.088281739345657750e-02
1.183412222389132323e-01
1.165287733499897199e-01
1.329176096422096942e-01
4.497052303956620284e-02
1.229017265125991465e-01
1.186020556610445226e-01
5.315101763059086604e-02
1.131108876297128724e-01
5.113901446668187023e-02
1.434585662310013110e-01
1.118086482601916565e-01
2.111768273734719314e-01
7.029036578947732428e-02
4.706896361023263364e-02
1.201873310088921731e-01
2.049313317838423187e-01
1.436764040160127820e-01
5.609498713388955116e-02
2.091555550531549457e-01
1.921799725298289074e-01
1.941419277528635134e-01
1.754576108336667606e-01
1.083149675188530142e-01
1.914132289519729913e-01
1.157688016214161314e-01
1.742348170702952004e-01
2.157297377898243218e-01
1.433290058397153517e-02
1.329789382712190937e-01
9.842917071245203819e-02
9.143845392300488373e-02
1.481342968602961108e-01
1.244984317259870410e-01
4.538583427266165704e-02
1.887538755697852344e-01
7.458537574617375709e-02
1.137260435402391578e-01
1.781334012226458430e-01
1.132242859228713150e-01
9.914376765631227606e-02
6.783480149586572361e-02
1.654876627448688686e-01
1.700175156237536400e-01
1.925521045178877899e-01
1.629676391897753596e-01
7.103322684002655318e-02
1.514462240955423700e-01
1.488346342588044158e-01
1.931096083662386664e-01
1.626423996492323831e-01
2.019379067634855807e-01
2.058714206746684594e-01
8.293963230772036233e-02
1.664087220818022128e-01
9.593688354008005070e-02
2.088198562016784499e-01
3.511411432145007672e-02
1.453348200535675150e-01
1.355557794164812258e-01
1.469290146521106677e-01
2.131573599138508468e-01
4.493731623860676427e-02
1.964188649808306097e-01
1.845994898753957891e-01
1.044824435398147011e-01
1.765439044418639636e-01
2.016928120793841095e-01
3.319694122361269151e-02
1.126320038312442762e-01
2.150533627581091012e-01
1.809227512763675050e-01
1.968578074485660689e-01
8.784708858010623067e-02
8.962612283291368498e-02
1.163259413359836597e-01
2.088783237471255605e-01
4.608151703624224771e-02
6.051714786455710676e-02
7.476672646677626211e-02
1.346996927817823708e-01
1.364928642124967617e-01
1.215693752042193848e-01
2.060517253139819149e-01
1.771815053734890621e-01
1.161466832808467076e-01
1.900808214739604374e-01
1.627281841896215941e-01
1.232670411912821645e-01
8.624518347630277804e-02
2.593649372441746495e-02
2.159217991164816275e-01
1.781334012226458430e-01
9.063705272034487670e-02
1.786561617964073090e-01
1.507720827482342263e-01
7.449296265453977939e-02
2.267373917981050924e-01
1.655948010275392901e-01
5.596699290364395146e-02
2.197912915005817702e-01
1.245548761986738917e-01
1.389658528103544510e-01
1.542745165132564100e-01
1.218598429883763351e-01
2.831573062619804557e-02
4.675531476543337561e-02
1.873518385906475792e-01
2.015103968523651590e-01
1.507720827482342263e-01
1.160489805793000068e-01
8.340297576496769061e-02
2.022137419639379596e-01
7.315736787995345825e-02
1.760726565611493155e-01
5.635561559709349050e-02
1.284065100089220868e-01
4.559297970734270400e-02
1.997568533087864528e-01
1.931821991866978783e-01
9.651739562418748530e-02
1.067056009359849955e-01
6.904035846417130862e-02
1.486608972952598307e-01
6.772119652038409432e-02
1.914132289519729913e-01
1.104128954307604382e-01
1.608185308802165536e-01
6.638287127946551625e-02
1.703882975564326163e-01
1.721904195306882823e-01
1.735644877425164545e-01
5.135212929815600319e-02
1.564441625526745427e-01
8.023344258199199830e-02
1.087740769353238574e-01
2.078509818950395882e-01
1.701304004598566955e-01
1.916366889511150196e-01
1.352288099969777557e-01
1.128120579599424383e-01
1.333979314136206629e-01
5.189913296651843533e-02
1.756149342921237699e-01
9.380666760516805092e-02
1.857965049012818282e-01
1.532279301125796800e-01
1.959292002574992697e-01
1.557057705543775372e-01
2.054430528218580687e-01
1.175454209269961164e-01
4.832873913733075344e-02
1.352288099969777557e-01
1.618547506299459204e-01
5.273862791354665819e-02
1.052238027074920979e-01
1.919755518094811708e-01
4.388396263832634175e-02
1.996857540448187252e-01
1.104228051233960423e-01
3.341176255174557741e-02
1.332308465167530431e-01
1.812487965302006510e-01
2.243583598725389650e-01
1.655792101318002973e-01
1.336549015472303092e-01
8.940543585846373598e-02
1.418866756743044355e-01
4.038478720989871484e-02
9.460513836328880710e-02
1.070011988471488706e-01
1.774206634550238304e-01
6.845605919076117041e-02
2.052084698120184292e-01
1.501627938882914015e-01
1.137339870455868485e-01
1.938148804164471772e-01
2.219649986079811343e-01
1.674897547914698803e-01
1.048038849206783668e-01
1.717019625196186672e-01
1.080274649063706488e-01
2.017547865159368403e-01
1.425261017171941536e-01
5.491041889167182222e-02
1.999485165792487251e-01
1.021493576487928281e-02
2.077692267874605980e-01
9.083682096942166662e-02
7.560967277664884523e-02
1.827768390749893723e-01
1.951896710534306856e-01
2.547717394627904697e-02
1.564245110066281308e-01
6.059655035171507276e-02
1.922708134275389613e-01
4.903227212230567428e-02
3.571622619482309191e-02
9.222226408842262857e-02
2.074958252947945170e-01
1.993273716671093709e-01
1.191832324321567133e-01
2.233209139210888539e-01
6.096166470683701127e-02
1.161050052316764669e-01
6.017996778365314325e-02
2.151539473251488088e-01
5.852998375532779407e-02
1.284832219280909182e-01
6.820135948510946955e-02
2.176314399426136637e-01
1.574064011981993472e-01
1.519850387156464477e-01
1.898608113852442436e-01
6.760373467445721096e-02
9.878770729895949843e-02
1.503843691416649753e-01
1.089532979748918939e-01
7.055357095027503522e-02
1.983314153202770935e-01
1.878039088402185253e-01
9.983792433930950561e-02
1.891418878939754300e-01
2.795684721301908843e-02
1.850145020488032366e-02
1.333327101720298280e-01
7.147915750766276055e-02
2.019180872409786498e-01
2.139973937126646852e-01
1.267922386052697525e-01
1.234479948892167334e-01
1.280612564533889497e-01
1.832892956202243351e-01
1.017891200572847710e-01
1.378641122794215801e-01
2.216543187396731729e-01
1.828678197383497572e-01
1.013898745788604921e-01
1.982573191745268248e-01
1.577113876079015431e-01
1.204337415523449029e-01
1.936807016748132992e-01
2.059245757040450986e-01
7.898519900949624306e-02
5.436435739715404780e-02
1.731378221622613678e-01
1.597499151701840536e-01
1.833545151182951194e-01
4.682183214205743599e-02
9.718069138999804735e-02
1.931856420945278763e-01
2.062982609825719515e-01
2.119346732401227451e-01
6.525215597102995702e-02
1.671002270427565661e-01
5.210051597535929335e-02
1.543335252787008116e-01
1.903238179786481132e-01
1.886032456476290919e-01
2.168102569443912941e-01
1.014344606649040942e-01
1.287214284102649597e-01
2.095905089614212291e-01
1.541015996367650909e-01
1.588876003997191644e-01
2.287922229672103291e-01
4.135950286897079053e-02
8.288488065634273816e-02
1.263402440732293019e-01
6.333857253363890660e-02
2.127179917905602791e-01
1.469991092525451959e-01
6.375457902053791037e-02
2.266068042660474846e-01
2.012502521715546500e-01
1.799011042961531082e-01
5.179062686699010404e-02
1.432899204744786381e-01
8.974206157385883342e-02
2.114841614525304059e-01
1.754721359723717677e-01
9.143845392300488373e-02
7.201339784924785936e-02
1.088607773163575432e-01
1.194564838610798763e-01
1.552300160397070139e-01
6.813378012726248323e-02
2.013630544328057770e-01
2.016614168206774527e-01
9.315162562520172551e-02
8.746792519587241743e-02
3.624389550256108816e-02
1.808426382416928324e-01
1.049437011490930022e-01
1.771323928743290810e-01
1.752965289384222358e-01
1.431584244029187603e-01
2.071688365355055239e-01
7.099180546739641828e-02
4.725412216766416984e-02
8.809074254146684324e-02
2.534316476584947200e-02
1.534409073430362258e-01
1.062665734225546471e-01
2.090386919354126904e-01
1.731554792637972628e-01
1.144893522319270496e-01
9.046601129585868373e-02
3.832729614292749998e-02
7.851473360906406629e-02
6.943339951371695074e-02
1.487406377232334820e-01
5.085565279199000949e-02
7.768479028154645638e-02
4.118338507230719786e-02
1.346996927817823708e-01
9.951714428037983229e-02
1.784397646937441739e-01
1.321257748093598583e-01
1.468857520211850065e-01
5.463408950240772333e-02
6.898088142270948631e-02
1.403359451945816183e-01
1.476475236095716181e-01
2.177293688586984244e-01
1.776547774896475584e-01
1.328398825317889387e-01
2.260659021375597058e-02
4.242291613988927179e-02
3.365969045616357819e-02
9.319371465840058100e-02
3.153884206378902710e-02
5.564113569359881162e-02
7.821810652464110392e-02
1.295732726651034061e-01
1.329279623462471249e-01
2.164223318252785633e-01
8.126892729963637596e-02
2.280019843642949740e-01
1.890012256747922448e-01
1.089889215239785158e-01
1.567781014777636650e-01
6.321884248356444969e-02
8.102552166926793586e-02
1.945653679068600483e-01
6.796352937262327421e-02
1.555897358689611321e-01
4.619477007446982225e-02
1.260976056309122129e-01
8.834182822113657851e-02
1.300702831859784914e-01
1.267320098036997522e-01
5.164638041606033070e-02
6.056589177993310091e-02
1.642717043527841536e-01
8.917708524892374589e-02
1.645842087427360212e-01
5.482126423162841239e-02
2.224659161511698957e-01
2.069486266620742532e-01
1.531768395589941656e-01
2.375583530953687128e-02
1.534323593886258164e-01
1.766541590548108553e-01
2.240336379873262007e-01
2.177293688586984244e-01
1.360783220760851120e-01
2.025168149406328666e-01
1.341649578213149896e-01
1.569943485116630510e-01
1.217136790295710452e-01
1.472737196634907840e-02
7.213215970593010729e-02
5.678275846320079978e-02
1.771490356584609627e-01
4.623266810522481951e-02
3.399349809945610701e-02
7.168729172595736387e-02
1.943762433318834693e-01
8.161565165118297993e-02
1.083068509664104895e-01
4.004932111185387222e-02
1.965731823335742368e-01
1.683858673088764191e-01
1.330007076972555546e-01
2.095099527998904310e-01
6.486327081184485588e-02
1.079161543981173449e-01
3.396196685190100428e-02
2.777025895255868029e-02
1.270947581372965096e-01
1.485084393525522295e-01
8.740219567979511106e-02
3.686006939651852166e-02
6.172235243999446563e-02
4.210482236897774427e-02
8.773518700268002901e-02
1.411412449122306789e-01
1.650580755686966161e-01
2.263189037319131014e-01
2.168975684565213613e-01
1.709136635959754014e-01
1.966596591293025553e-01
3.075425429710203912e-02
2.182266061222509490e-01
1.441335160357699527e-02
6.680567788634186877e-02
4.830306088741915388e-02
1.999304649692250635e-01
1.400456615611069822e-01
2.027731378237398741e-01
1.006507848297203134e-01
2.125206347385713013e-01
8.591989515585446435e-02
3.333887059169494266e-02
4.711049184079719315e-02
9.330980160850310678e-02
9.491211559145806831e-02
6.654436714242549511e-02
1.857593178725984798e-02
8.290517234610648989e-02
5.572127579531824249e-02
1.239135733940402162e-01
1.463022006580359524e-01
8.081618107656575456e-02
1.212790101191758285e-01
7.228864467118029102e-02
8.718500765880016212e-02
1.319352054035546895e-01
1.814237555299253457e-01
4.106157206412016508e-02
1.584976290350648687e-01
2.111516368862044815e-02
6.574548080853942489e-02
9.670904367075686126e-02
1.963334433508662491e-01
3.521806491683150686e-02
1.275004941447378248e-01
2.174150827229723582e-01
1.425857138540974345e-01
3.766365750313267757e-02
1.087538530855263474e-01
1.311876080767742647e-01
2.212982375277500191e-01
1.917062905448830568e-01
1.244855331634507067e-01
4.394566095924828941e-02
9.785424916887520974e-02
2.145404090879452219e-01
7.134336041748783053e-02
7.355414432202214692e-02
1.559354043213905527e-01
1.271754635032710523e-01
6.696725297546510247e-02
4.186120272904119560e-02
7.922753045135351446e-02
4.437015885960966799e-02
3.248325040291193122e-02
1.929306681144866698e-01
1.354420747493907673e-01
2.131193204418849185e-01
1.677607056805170416e-01
6.776844733639923735e-02
1.087208592697319065e-01
7.556034865344413154e-02
2.243826066693848931e-01
1.094044150982442787e-01
1.922026210761529352e-01
1.718951893697092947e-01
1.243845061122666601e-01
1.941975636424587148e-01
6.648394396353818347e-02
1.175401800749075187e-01
1.016164365857808310e-01
1.674048380040225881e-01
6.825810004041199530e-02
1.351417145093924688e-01
1.857593178725984798e-02
2.084202785973637145e-02
2.034656757915108416e-01
2.287591654107818950e-01
1.411412449122306789e-01
7.210415637665255895e-02
1.949870264183158897e-01
2.038519359319663216e-01
1.962027905870702416e-01
1.291049376521989644e-01
1.079161543981173449e-01
1.892616591002007076e-01
1.389625062002892431e-01
1.444720552474092479e-01
4.796335731474183489e-02
1.840772688091558695e-01
1.906856394635576546e-01
2.744992856798944558e-02
1.302154962832973162e-01
2.244868098804020107e-01
1.416685577446177013e-01
1.586677552436775440e-01
3.910804823977328398e-02
1.050807058504789060e-01
1.446785642777168590e-01
1.326374231658366265e-01
1.240793133718955110e-01
1.392456306879551464e-01
6.058538578957148313e-02
1.220136051218102535e-01
7.221074450402205358e-02
1.879685299001469800e-01
1.820129928841910105e-01
4.935614414123850463e-02
3.439789990754382742e-02
1.571693333607524223e-01
4.021534862578999420e-02
1.431278888458649146e-01
1.411327150481633819e-01
1.659742940722784832e-01
2.059357145927968036e-01
7.241140042466391591e-02
9.655237728279912612e-02
1.892230253314634569e-01
1.227340975949900714e-01
1.385156326750364986e-01
2.222619357920656291e-01
1.223413591953785712e-01
1.055376103605699667e-01
1.978412296275781912e-01
1.828226918967474357e-01
1.148767476395249343e-01
8.901010676538995137e-02
2.011949748536344673e-01
5.882220861920062216e-02
1.714342239354299247e-01
1.915678436014534858e-01
1.748747765751403338e-01
7.987739723613805631e-02
8.225022392268238614e-02
2.224234461409853869e-01
1.347273913980881477e-01
1.471156018675295885e-01
1.077147526999367583e-01
2.083897370757267220e-01
6.271708799150928215e-02
2.176606257823316126e-01
9.326213540598095320e-02
2.228483907087349669e-01
7.445813173141906105e-02
1.633296682553889989e-01
5.756723295550094516e-02
3.514565599024838810e-02
5.321898079852194208e-02
2.201867616713082121e-01
4.458496671434525327e-02
7.678974079647876705e-02
5.868031126582249485e-02
4.774462118088509260e-02
1.285710416636605680e-01
5.980431349313522493e-02
1.555588772375623707e-01
1.683105251828382332e-01
2.021885906480882511e-01
5.335947702567148121e-02
1.278108632866430672e-01
1.248315140070249962e-01
1.662058538787248435e-02
2.263421161162205153e-01
2.122321891985390688e-02
4.631937010562692247e-02
9.468829597504371809e-02
1.815533372956677494e-01
1.254215282330372605e-01
1.389145981896076909e-01
1.408380110102871730e-01
1.433814341819523996e-01
7.007167246274251249e-02
7.285424978697718768e-02
1.521798874015052941e-02
1.562846324396408859e-01
1.048040029737578455e-01
2.139788888856416216e-01
1.078629295095829554e-01
9.914711542419356316e-02
4.366644119629720794e-02
5.825506959809555185e-02
1.487128099520715063e-01
6.545656013566998610e-02
2.179027059257939158e-01
2.672145578814913089e-02
3.364946381344720294e-02
5.071628129290824127e-02
4.555660339226967614e-02
1.221184739253349943e-01
1.293932287378137813e-01
2.630364728005173819e-02
8.219431130694605792e-02
1.018439244920459202e-01
8.794435106127333757e-02
1.077147526999367583e-01
1.415846088445346929e-01
1.819345274211897068e-01
2.223231648478795619e-01
4.929212865867117072e-02
1.063462671402428811e-01
1.690333440722252278e-01
9.344162892781568419e-02
2.111163818337644660e-01
2.089142337267255456e-01
1.996641668814789217e-01
1.002196538829341760e-01
5.908105572456070348e-02
2.129429613564322588e-01
2.199767899717778308e-01
1.685003416175986229e-02
1.724429222154889585e-01
2.014103249053325329e-01
2.245804754855052487e-01
8.426417113445215656e-02
1.684771685943966535e-01
1.894779734096676549e-01
1.635564900733284255e-01
1.181846421089765009e-01
1.964188649808306097e-01
1.175592379224051492e-01
1.498215313254981362e-01
1.461035934596043306e-01
8.902993225974602243e-02
1.337048277547687181e-01
9.010764041336521979e-02
2.251187069240007665e-01
1.743714670787061827e-01
1.611367542874333481e-01
1.490471828438304225e-01
1.931821991866978783e-01
3.198548684264845149e-02
1.124999806917150735e-01
1.335000364166681330e-01
1.458587615548329330e-01
1.170405097076728379e-01
2.283784017144467604e-01
4.164422897571456311e-02
1.778685641907906956e-01
8.079092499690213036e-02
1.902340378607768057e-01
1.729004479780783254e-01
1.994228773661830267e-01
7.450189768814179103e-02
2.276988074487951708e-01
1.645842087427360212e-01
1.232814387830799829e-01
1.762793387610099571e-01
2.060517253139819149e-01
1.485708846421250340e-01
1.679942810739047665e-01
2.125633198091466669e-01
1.597921551851799737e-01
1.430012162131348852e-01
1.935112252052896276e-01
1.038707847360457043e-01
9.927113098067487373e-02
1.045693262040794658e-01
7.560967277664884523e-02
1.592479976208194259e-01
1.959419164197072349e-01
2.072583352066396101e-01
8.946360020324839457e-02
1.173816688902820093e-01
2.226553935181466992e-01
9.703492696220977765e-02
1.646238924508991452e-01
5.320249539179634085e-02
2.232324112924558290e-01
5.534798032241260157e-02
1.439383503435732459e-01
3.266877937746547056e-02
1.701245364604981047e-01
1.264100388677160403e-01
1.289195898457028699e-01
8.177019365380311378e-02
8.959292859066539383e-02
1.545280749578574753e-01
1.139277684717415334e-01
1.683583129680183421e-01
9.734277968463106445e-02
1.928428227871695766e-01
1.057341030401424131e-01
2.256478109544177435e-01
9.703492696220977765e-02
1.754793622452132107e-01
2.812523204681741801e-02
1.300702831859784914e-01
1.404531479859824072e-01
2.980018842626351583e-02
9.455152449725715003e-02
6.461608997992304704e-02
2.010552246190929204e-01
1.075692346460734167e-01
5.369685109075199303e-02
1.041742289796328269e-01
9.812631355723280824e-02
2.154656675675697131e-01
1.816748688629104824e-01
1.936807016748132992e-01
1.390520262223339520e-01
3.352624797617196478e-02
1.455434340232153734e-01
1.142518081377780492e-01
1.510811247761449649e-01
9.842527606195028422e-02
1.347770059318436631e-01
2.005090240520720213e-01
5.762277316168677027e-02
1.761285767135420399e-01
1.360497862911879130e-01
1.938641558580510571e-01
4.333075835790211466e-02
1.668636865146808090e-01
1.292953956358594558e-01
2.160747375849419727e-01
5.515173905168294088e-02
1.363154538366940227e-01
1.147389726364323181e-01
1.768855976778821726e-01
1.467024160259035315e-01
1.207254265160610518e-01
6.348030479280517002e-02
1.112288880458547902e-01
5.393343749833087730e-02
1.627281841896215941e-01
4.905817658139675908e-02
1.437507111748478617e-01
1.288038103290012892e-01
1.874319953911177672e-01
1.771013268639755889e-01
1.698253427118514014e-01
1.001058783198773838e-01
7.730720673904861728e-02
9.254897832389975820e-02
3.497803231373800004e-02
4.019022167061583189e-02
7.052989574248551274e-02
7.280910929331638193e-02
1.056408593834623072e-01
1.693501755272081577e-01
2.240358011540122818e-01
1.000445935252116669e-01
1.683105251828382332e-01
1.470618369206162790e-01
1.047726864164714999e-01
3.662556276883096457e-02
1.877758493473565549e-01
7.336852540367265474e-02
1.566779116939943928e-01
1.015523238561091002e-01
8.660544744281929719e-02
1.679234904088404701e-01
1.963006114030092231e-01
4.775502345397360238e-02
1.053280760013988182e-01
1.344353393330442181e-01
6.670309257004664039e-02
1.871375620101305981e-01
8.164859108873409599e-02
1.638329884175183659e-01
9.784227192940563034e-02
2.081897252113868724e-01
1.097709083602065455e-01
2.132275702782921167e-01
1.291049376521989644e-01
3.756704563001186242e-02
2.011588452269589822e-01
4.372095734881710494e-02
1.494202151574853810e-01
1.422363671134951046e-01
1.690593291775893681e-01
8.853450202726947937e-02
2.196533221733835695e-01
2.065977303617354544e-01
9.791761975560780984e-02
9.531435341762101165e-02
2.245160837906292894e-01
3.165162101474958134e-02
2.255829949962598335e-01
4.564880885545810618e-02
1.937275639783777037e-01
4.457250562502469010e-02
3.255759061819261252e-02
2.147552675549934953e-01
5.058436497580121732e-02
9.055260246070775954e-02
1.572263575920444800e-01
2.252145383398547474e-01
1.211203750869153800e-01
9.005159071817191163e-02
2.038053515002490323e-01
7.505152628430038220e-02
5.327649483333843361e-02
1.040375410927962541e-01
2.225664987238247239e-01
1.857593178725984798e-02
3.341176255174557741e-02
2.072583352066396101e-01
8.648574099167763429e-02
1.258875573657785296e-01
1.421480716597671168e-01
2.127717563227609909e-01
1.440691882255625555e-01
1.829920310694858054e-01
7.851473360906406629e-02
7.854825725433292605e-02
1.590610340121383637e-01
1.052887264998237093e-01
1.156070418426124735e-01
4.524115288312467037e-02
2.321997056276369972e-02
1.778816069008659351e-01
1.431278888458649146e-01
1.764178233718277644e-01
8.210021851862156494e-02
1.271936640643145100e-01
1.665273482080747991e-01
1.421094027397923065e-01
2.209936410934064122e-01
6.556132293245878206e-02
1.292998379130187170e-01
1.817183104067684463e-01
1.222756560743845922e-01
1.299539385331353707e-02
2.241700036672840401e-01
8.475323947350761958e-03
1.818448546698388513e-01
1.471372172371112064e-01
1.557616666366407332e-01
1.112513816205046857e-01
1.704722165675532086e-01
6.441226228076647742e-02
1.535276296305522759e-01
6.637452746308222795e-02
1.757123398364787148e-01
8.849034349671774935e-02
1.009630046494774669e-01
1.329176096422096942e-01
9.870125690192524393e-02
7.584166760858351841e-02
9.381650084199845419e-02
2.045680443152415595e-01
1.770927448577300500e-01
1.640318103364995228e-01
6.007638869745482446e-02
7.543278069128409036e-02
2.004137288230771197e-01
1.326018700738839096e-01
1.265305270761180323e-01
6.590727765769079094e-02
2.136883888263809705e-01
1.872304237182416953e-01
7.605429091768703409e-02
