5.693712135080172820e-03
6.603726303309508452e-04
8.339011475320252898e-04
7.264637464454975352e-04
7.904433280344599954e-04
8.089046662549194454e-04
5.745173965422235114e-04
1.632860114021844134e-03
4.849620577191580896e-04
2.530963553254787692e-03
4.389579666995089267e-04
1.658981053437213549e-03
9.133545289363568555e-04
5.338863041656725927e-04
9.029510058919261971e-04
6.506241613817003583e-04
4.228588400234697519e-04
1.760210218306937097e-03
5.164775734263210702e-04
6.564974190624544691e-04
1.091572894756835102e-03
8.642005236995434474e-04
6.337785135354433250e-04
1.570296385618253363e-03
3.656456447729734024e-04
1.093680908763239009e-03
6.001738083038327901e-04
1.568509908963760429e-03
5.938415690510349260e-04
5.210060104005532133e-04
7.757072429777503789e-04
5.330424564813064864e-04
8.900101240961564176e-04
9.274196054861377552e-04
7.481874701266782394e-04
5.402366521169530301e-04
4.105697675733120449e-04
9.659298921909367178e-04
6.365959502774469004e-04
6.929918823254264861e-04
8.193807902541714325e-04
5.651362219647201954e-04
9.418404232039203619e-04
2.193220597683243674e-03
6.160658951464414047e-04
2.617815984140584896e-03
7.754601474686577877e-04
1.268957048785630077e-03
3.248789613089645215e-03
6.172465088739822374e-04
5.791234111234130552e-04
7.840607170375064622e-04
7.552290597374295778e-04
1.117329060962433691e-03
5.694682037724923184e-04
6.754013455753066046e-04
8.657573826286911944e-04
1.737176310124153135e-03
1.063268904984222135e-03
9.652968271721639165e-04
7.350785117729587669e-04
4.360205321473712152e-04
6.568922928167134339e-04
1.239231659096221103e-03
9.069318442988472334e-04
3.830239571577515175e-04
4.337358714767212248e-04
7.256567765728472391e-04
6.651761277383352790e-04
4.924105341466751161e-04
8.961903135766992714e-04
6.081637347891202805e-04
7.293377879753220770e-04
4.552774636086835323e-04
3.907676317896989883e-04
9.546714264560282950e-04
3.698452458770914129e-04
5.009143026416907696e-04
9.162191987161019679e-04
4.458634073652875088e-04
8.185181705723078641e-04
6.650892875198211041e-04
6.517185971119908439e-04
8.042196979954815148e-04
1.934732949501231751e-03
4.856209304029143010e-04
1.048582851783397014e-03
6.005661052647245316e-04
1.029881738610782414e-03
6.321740773157458150e-04
7.109450102332059290e-04
6.302480156076476891e-04
8.332660421558244455e-04
6.656762255871040380e-04
4.435365842004077388e-04
6.929122344636584043e-04
5.031039816547264436e-04
6.860805094518166065e-04
4.855068397328365123e-04
4.557116685181416432e-04
6.989664123053355733e-04
6.625055457689461771e-04
5.270353355631517264e-04
9.178935054506490296e-04
6.656969667336923562e-04
6.631948061557369802e-04
4.973073332067017059e-04
8.009723980717055368e-04
1.073319770000669658e-03
4.735615007327759370e-04
7.117564652183682979e-04
6.469812560219363219e-04
5.353011300814468788e-04
6.366501340140308818e-04
5.999059409332516395e-04
9.776745565405809725e-04
9.347784727581400768e-04
1.058752388047720519e-03
5.923505981587849330e-04
8.865518666929858961e-04
4.586031135892335324e-04
1.814959555077839915e-03
1.002286996834486936e-03
5.189060695202367575e-04
5.160861215515252657e-04
4.924220883097569232e-04
1.174741542999318232e-03
1.156362223722768364e-03
4.493571418791966515e-04
8.346807178524123577e-04
6.841418471987621881e-04
1.581366226734307176e-03
1.139934423483133976e-03
5.963148757324242960e-03
5.177916662324937372e-04
1.042630879077868127e-03
2.463481476953358756e-03
5.003159138325589776e-04
8.753002866961590370e-03
7.384312557332548899e-04
1.126057002718060555e-03
2.480738738880604831e-03
5.920494566429128098e-04
8.575732009186214045e-04
6.209361722042898825e-04
7.719558806178711090e-04
5.596878714637757183e-04
4.198195725169487119e-04
4.829680239886521712e-04
8.471255657200196625e-04
5.090312638370908050e-04
1.171166572665011075e-03
3.786931270771789863e-03
3.821152098057625356e-04
5.311433834900850448e-04
1.045807029577742759e-03
2.138687747825975850e-03
1.675987013661138936e-03
5.087166707564548139e-04
2.743525061672801111e-03
1.068706125063965473e-03
1.034467360164979506e-03
5.412441988594181600e-04
4.223122509383881590e-03
5.940636390869985257e-04
5.717598482999938607e-04
1.171206333576340318e-03
6.358576299409540895e-04
3.786298476047595556e-04
1.013084609766774650e-03
1.077889743681672945e-03
2.799531888989878741e-03
4.481759768271725191e-04
1.326718413197463826e-03
7.335796699102665195e-04
4.104472744810854119e-04
8.980636390305750351e-04
6.255846416026669297e-04
6.392271682585027497e-04
3.079089892035797357e-03
9.838876640267876783e-04
1.122339892742976524e-03
9.148503250586135279e-04
6.139837783925027092e-04
5.142291533517561516e-04
4.150445796935940635e-04
4.104472744810854119e-04
4.046261191927400403e-04
5.104793673065464955e-04
8.740089450391533895e-04
1.402549093281886669e-03
3.195020414256807481e-03
1.080987446278477114e-03
1.581926473135381777e-03
9.909745140333646365e-04
6.161868498044012314e-04
5.115010872428853682e-04
1.007077960508139273e-03
4.913919350228001647e-04
6.870173333769230171e-04
9.312814666826615398e-04
5.518005397004283052e-04
2.062118483454976944e-03
3.770518178506141556e-04
5.970967877390374965e-04
4.477378271141022243e-04
1.144789191195866871e-03
6.954702248898061122e-04
7.334288755068041517e-04
5.572759790556751618e-04
4.219316884233811037e-03
7.050500663160415597e-04
5.167528682012594628e-04
6.728264424186048559e-04
9.594505968634615793e-04
8.532053597520950850e-04
9.168721425054120926e-04
1.563974010924412293e-03
1.323129904959128829e-03
5.743329888370921673e-04
1.028015894201090522e-03
1.474887545921301250e-03
5.823323758858113758e-04
9.361745033938559087e-04
1.068792654265568205e-03
8.420676980819820313e-04
7.800811468599616518e-04
1.763806821373186404e-03
1.360316560851269809e-03
9.737805497486908424e-04
2.134688511771155005e-03
7.149706739230800951e-04
1.799780256903437499e-03
1.699000816380721911e-03
7.245039631875132939e-04
7.037741055075071375e-04
5.995531739072120468e-04
8.352700103169283458e-04
6.359754337050161233e-04
1.039437393122067711e-03
6.674022352237770793e-04
5.903833262786241159e-04
5.956818946803538141e-04
8.364822871283468606e-04
1.555951833019228979e-03
4.223122509383881590e-03
5.784121205005620476e-04
8.968489302231962175e-04
2.727383727753469791e-03
1.220733179248966902e-03
7.381951013831704973e-04
6.546885148054771685e-04
3.828531884308898170e-04
6.870250457019914155e-04
6.201916754133286443e-04
6.988158193638817394e-04
9.123682434464198054e-04
3.655878335550141051e-03
7.213332886612814016e-04
8.164275089246706297e-04
4.258532815382250962e-04
1.034324644840699161e-03
9.369220741068896505e-04
4.894121605573983728e-04
7.448056769300362987e-04
4.855068397328365123e-04
5.179510430717495107e-04
1.141765310519068889e-03
6.230544661511482280e-04
6.193540075285390101e-04
6.403940705290843850e-04
5.430403492934004692e-04
8.194383986320746393e-04
4.895224701996701540e-04
6.021704323720567398e-04
1.741998985008365915e-03
1.295194301354682257e-03
1.330619453472190470e-03
5.732728456849128275e-04
1.149992792933434262e-03
4.044281651988242631e-04
5.475727992393634612e-04
1.303780877684254744e-03
1.235691531801585757e-03
1.279700755823732095e-03
1.305630429348566580e-03
6.063078050494663746e-04
6.471282933679288691e-04
4.719495495131616897e-04
4.456490825222016931e-04
5.094279577822402507e-04
1.126057002718060555e-03
1.189723570324158295e-03
1.445697219849849825e-03
4.981712651247199733e-04
6.374581827768760261e-04
1.195038552799917867e-03
7.602522434828666792e-04
1.490117586930172870e-03
4.785526430630534719e-03
6.917977253212188480e-04
6.405581881128558606e-04
6.444083199979238437e-04
7.274724408429922686e-04
5.123063702655186822e-04
5.156953917445473252e-04
7.489822879236800483e-04
7.017369052088510235e-04
5.973504386627539802e-04
3.963281578198972780e-04
7.133300336978975293e-04
5.090259643585290936e-04
4.603502229444179136e-04
5.683198483203358168e-04
7.637069412455833829e-04
8.432133619881681651e-04
4.250726811649524310e-04
8.151572185868907229e-04
1.143029294582650424e-03
4.708053874443808074e-04
7.966080895163261824e-04
6.840597436504210725e-04
5.140355122347206032e-04
5.300610898691367288e-04
1.253174736087953956e-03
4.620258415514254648e-04
7.397125470130019604e-04
5.672750956282063143e-04
6.234215332419003764e-04
7.059424778306733423e-04
6.541950321599212040e-04
6.443505235886681044e-04
4.649497582444180824e-04
5.273235548492361154e-04
8.429518084748705876e-04
1.372418937338318974e-03
5.969573487585943345e-04
1.337403073583431044e-03
4.440135464292256987e-04
3.684011307065383376e-04
8.816415279735060175e-04
1.667034211041995909e-03
9.429428739479960020e-04
5.976078067764362383e-04
9.395129012686403254e-04
5.157618372209662712e-04
4.844810581368423847e-04
4.623860998013249878e-04
4.509667447292822762e-04
5.135065104286145763e-04
4.219939230911693762e-04
4.816212959397837487e-04
1.019112408169159899e-03
1.079475785073895529e-03
9.776745565405809725e-04
1.274807751017551513e-03
1.138079121982415011e-03
1.855007648140297172e-03
6.728264424186048559e-04
7.723179647586007109e-04
9.223437947489048720e-04
4.597912853918791043e-04
2.364888223341994524e-03
5.265337444978747351e-04
1.565283978902748353e-03
6.488758099061594283e-04
4.846696124219802252e-04
5.039159199133568228e-04
7.028866730304137410e-04
6.676555530062182548e-04
1.289575556212850570e-03
6.256926241339902167e-04
7.661805653802400071e-04
9.274196054861377552e-04
9.956566465490917540e-04
8.645752805997444172e-04
1.002700546244590174e-03
9.760648430682207152e-04
6.992367711015939251e-04
6.159358306687925033e-04
5.152789753381972326e-04
4.954409993486496092e-04
1.090027047399390108e-03
4.623577630981458623e-04
6.656762255871040380e-04
2.122395187297346480e-03
6.290475612756056198e-04
7.328595249645441503e-04
4.346503241512440622e-04
6.422403249822947408e-04
2.225634958554360658e-03
8.926698433503365204e-04
4.465875923910300272e-04
7.597119509130907189e-04
1.105751662471574429e-03
8.703320798407317106e-04
3.757650688801804405e-04
1.045848816193020118e-03
4.983863358905579570e-04
7.350688377628462541e-04
4.290055620265187928e-04
1.938985822772146912e-03
5.138741352723977685e-04
8.690715655754535640e-04
7.965499471297407584e-04
1.629971485433433492e-03
8.110905961913263303e-04
1.180990232845018258e-03
5.398103941736092769e-04
8.141847781194995210e-04
5.316165120827628585e-04
8.140847928591040750e-04
5.756876026260995946e-04
3.875214779178100602e-03
1.252052258217169027e-03
5.778213135136180166e-04
1.567281332933722921e-03
6.319639669707190254e-04
5.312178410544068441e-04
9.978685224050006138e-04
6.133956237315805766e-04
6.256926241339902167e-04
2.173285144978234773e-03
3.880459582277803287e-04
8.339382602153247621e-04
8.797591489377888912e-04
2.498324768181357184e-03
7.330341959865355151e-04
5.291661787712908160e-04
9.047330596040337441e-04
1.116615416406535827e-03
5.662983365897990198e-04
1.140892805637395025e-03
1.398886738902727208e-03
9.029999469868960505e-04
5.449939179372866385e-04
5.766236917334138876e-04
4.591128772645388626e-04
5.622198242432992427e-04
5.368978651116148790e-04
1.270960339251166671e-03
5.550392050811904293e-04
3.585131317572189330e-04
9.703703241018918303e-04
4.247750073771729400e-04
6.191372635018784843e-04
4.361314377893460914e-04
7.750748579992203366e-04
6.689878043340271273e-04
6.498210189174307436e-04
1.900552411090710965e-03
1.095206379882293635e-03
1.363600431868860303e-03
5.423087273190753269e-04
6.553565207638951734e-04
7.840607170375064622e-04
9.516786961212308268e-04
1.420282051277045468e-03
1.178476948170788978e-03
1.041191526190373079e-03
2.047101802578777264e-03
9.385928428792227182e-04
6.731094388819008423e-04
8.479983803497758528e-04
5.539495667103616671e-04
4.802467745841927757e-04
8.315575308248863463e-04
1.844795321610203731e-03
3.346295403984472609e-03
1.289505269170677319e-03
9.684273966705950285e-04
2.480738738880604831e-03
1.311029729451641465e-03
1.392400473762815021e-03
6.349800188349608758e-04
5.712791381593466510e-04
8.563811489462762371e-04
1.041191526190373079e-03
1.678417846937116115e-03
1.400076631540566685e-03
6.288372446394709363e-04
6.002819607109584127e-04
4.234266787465317656e-04
5.725256606023132466e-04
4.541686487596444956e-04
8.356542115248494131e-04
5.518361364369764018e-04
7.631020386712866451e-04
1.092846341390148537e-03
2.139514786938780111e-03
1.047298892424552335e-03
6.100457353244363549e-04
1.173898990039866320e-03
5.249216124226947213e-04
5.102247250392507368e-04
1.513068965107931515e-03
1.241538695937009123e-03
5.166858211328398008e-04
5.913918420675580738e-04
1.299748006363775485e-03
1.624322400118536139e-02
6.781929549394634296e-04
2.606992050137590510e-03
3.577523185142310325e-03
8.106700691735068635e-04
7.888339873614165455e-04
6.946132340336199154e-04
1.470131841369379504e-03
7.309515203628783042e-04
4.387673120499911619e-04
8.835723264317239941e-04
4.193644442844244951e-04
6.076552885968558538e-04
1.034664424832350315e-03
9.029999469868960505e-04
1.314931901661357859e-03
1.964182872483511734e-03
3.417798641956764543e-04
4.147777609447199582e-04
7.827307930898036101e-04
5.761326092522675926e-04
6.263491091713779954e-04
1.867912073691742596e-03
4.666162782506746640e-04
1.083043849603604163e-03
1.608702799566186746e-03
5.570828347791454164e-04
5.521391496694189960e-04
7.368002742842586286e-04
8.954132138226965961e-04
9.144355866559188400e-04
4.166966089140279063e-04
4.300273771762378144e-04
2.244186447905676968e-03
4.368088708132612449e-04
1.056266120871333057e-03
6.255846416026669297e-04
4.227659732501066678e-04
4.146766212920460206e-04
9.497035993000938012e-04
6.813433767970691847e-04
5.488571069631255654e-04
5.891843258985112776e-04
1.034467360164979506e-03
4.220029256981521816e-04
4.409558573505416713e-04
4.031104300771966558e-04
3.778241736974509196e-04
1.211690733478478985e-03
1.517844590219484795e-03
1.020654114979563376e-03
6.299832874077423289e-04
1.495903467953341040e-03
7.213804679487686913e-04
1.102610501633917960e-03
4.970090759657162620e-03
7.695074468780581075e-04
1.241472512751086140e-03
7.924158749881661046e-04
1.173746182886264543e-03
7.661805653802400071e-04
3.577523185142310325e-03
9.165780355243872838e-04
1.066852819432135288e-03
1.441133091224954714e-03
6.280959400813745713e-04
1.630998003951665857e-03
4.666434006004973115e-04
4.140790677959330698e-04
6.071034539983662494e-04
7.606595043464547999e-04
5.362706572209505543e-04
8.023787890849149980e-04
1.325716639892586621e-03
1.101103928582626785e-03
1.079180546311851556e-03
6.230962912753273833e-04
6.374175320776251635e-04
5.907849859311335152e-04
7.503796248735155813e-04
6.841691663441233596e-04
8.804094583315536654e-04
7.180330139872133800e-04
3.575793502601189362e-04
3.828569567063855490e-03
8.865518666929858961e-04
9.280033354248244703e-04
6.708781643878453192e-04
6.703995557154515368e-04
1.068266764150024081e-03
6.458234102947913195e-04
1.150375192189497962e-03
7.498429177657505709e-04
6.462473445774575718e-04
5.247846183049111046e-04
6.965778566544482062e-04
1.422365243410174699e-03
8.414230873858260032e-04
3.715454420223555476e-04
7.823312900546907029e-04
8.905630547295932849e-04
9.275877580801199533e-04
8.287943663175488789e-04
7.777937527988573610e-04
5.627144158127467223e-04
7.309515203628783042e-04
4.936536971610967946e-04
6.737341836074384411e-04
8.317895489187127718e-04
6.355342684397052421e-04
6.331584310823336597e-04
1.757727093934264174e-03
8.538590334052079600e-04
9.272833443927781761e-04
1.346196182767392391e-03
2.414081724827466923e-03
5.856338113675620127e-04
4.250611620487280214e-04
5.970536249646315368e-04
9.896859427369177412e-04
7.036226965098292974e-04
4.619612868930383421e-04
1.171848787646006217e-03
1.755973842230287114e-03
7.326413473246602649e-04
5.887164104846235929e-04
6.088968753574765464e-04
1.695258600348494710e-03
4.236240563868199044e-04
5.915364980900722621e-04
1.199411811647713719e-03
7.182122283560150606e-04
7.982396539331229959e-04
2.373851699056873758e-03
3.780674992752187675e-04
9.353808151104478670e-04
2.784376482044232954e-03
1.034664424832350315e-03
2.978848607319041497e-03
1.066870979658618912e-03
4.725920957386861077e-04
1.095206379882293635e-03
1.173818799534247486e-03
4.657715554422553104e-04
1.242411810205904443e-03
1.572184233533564790e-03
1.109168092627495520e-03
6.961611141927270428e-04
1.737495062891790225e-03
6.405120193204566752e-04
4.613110209432342906e-04
6.267570205354549857e-04
1.403450183375593019e-03
5.321600815275937587e-04
6.530958491500521608e-04
5.087166707564548139e-04
4.108003762433953907e-04
5.789134568811220381e-04
1.199775277842311588e-03
6.969292603562899074e-04
4.725920957386861077e-04
8.867241797431313789e-04
1.290798083692607868e-03
9.880433008852404150e-04
7.758791346415250777e-04
1.160900970379125660e-03
1.998179815841477375e-03
1.612063413648853836e-03
5.819509835017770043e-04
6.808698658883290990e-04
7.472373338536028456e-04
1.153621107133225325e-03
7.638582525397854877e-04
8.653673699879942593e-04
8.169209050248670652e-04
5.138958488552403288e-04
1.061745232535842801e-03
4.731980844159596605e-04
1.077097471574573612e-03
3.540024745783338961e-04
6.781929549394634296e-04
1.136798229235956451e-03
8.717579746444592374e-04
6.377152332232885164e-04
1.119944009505799897e-03
4.075130743187757696e-04
7.695074468780581075e-04
5.767844499108082607e-04
6.731416236754972447e-04
4.288594061018565916e-04
8.249442533647653470e-04
5.587540253865092574e-04
6.621258245562864839e-04
8.371851462893675029e-04
6.607575237198093712e-04
1.099774626537126931e-02
5.545462046368426811e-04
2.063590870661417224e-03
6.346529126683527660e-04
6.941687432308258406e-04
1.528179565580918206e-03
8.448676861712217439e-04
8.807184159294814555e-04
7.227265333541406161e-04
8.097221521256868547e-04
1.334027258112056684e-03
4.147022805005888221e-04
7.839195842790775944e-04
7.403787073277203531e-04
5.521391496694189960e-04
6.228140474958864187e-04
1.092452841556854201e-03
3.659643922074802872e-04
4.750920712495490506e-04
6.653234122079114670e-04
7.062442234320547279e-04
5.948152294864958358e-04
3.828569567063855490e-03
9.466643340872541194e-04
8.543777888401322355e-04
3.720042810111479428e-04
5.749534604045051112e-04
9.006090349328034180e-04
4.583014841207643528e-04
2.107660810475612753e-03
5.827844175789739312e-04
6.089826103147051237e-04
4.220029256981521816e-04
1.409603512618233393e-03
5.024438058653157629e-04
6.743724424404564646e-04
7.182122283560150606e-04
8.115066036025759405e-04
9.401422076247696298e-04
6.413389715165086031e-04
1.082363895406580727e-03
6.336049033020467285e-04
7.121890031156499984e-04
6.483848498699338724e-04
4.938798667889087888e-04
8.170275573697255780e-04
1.207857359655334925e-03
5.220483668471434828e-04
5.963148757324242960e-03
7.770165715777391886e-04
6.025463791888941789e-04
1.617190773784311919e-03
5.695398349520583220e-04
7.695174650419922720e-04
7.374002740627497426e-04
8.033328363932974205e-04
1.348746955009493421e-03
6.876999964239224883e-04
6.827211125398368902e-04
4.639292409700952464e-04
9.876804284245810795e-04
5.615908354841604201e-04
6.751505730127153057e-04
1.079955079612505888e-03
1.229092788238831183e-03
7.407759576684001422e-04
5.660229389139677424e-04
4.424396951436859781e-04
4.636977665429852305e-03
2.434517267064966253e-03
1.133038354840994752e-03
1.071713674225651400e-03
6.564747225741029719e-04
1.107471477758166208e-03
5.158005726731650347e-04
4.353295823757152849e-04
9.747616461299062930e-04
2.047101802578777264e-03
1.634690434294277248e-03
4.266337491483116287e-04
1.395949809220611588e-03
7.712541228532285385e-04
7.464059619671012521e-04
3.724705107483925978e-04
1.359127550317011917e-03
7.161485446432206076e-04
6.781929549394634296e-04
1.995414079993481932e-03
1.387743221979089716e-03
7.145775666090849404e-04
8.030437133390365238e-04
1.296320546509183505e-03
6.953343669324403044e-04
9.742582817891259775e-04
1.398203791164516919e-03
1.649942912801417947e-03
1.136798229235956451e-03
9.219721024447750631e-04
3.825799604956540653e-04
1.737983843928540785e-03
6.370369939610068212e-04
1.174512621696112077e-03
5.195990464950827779e-04
9.432043354741648363e-04
5.788487793563775819e-04
6.608494033462250462e-04
8.754345821039118602e-04
1.564265785665034996e-03
5.309585931867435342e-04
4.314540371613944107e-04
4.777798973670450457e-04
6.143619175469946635e-04
6.616834543272213931e-04
8.876770089112383027e-04
2.750967331838945640e-03
7.460043775202258908e-04
3.450366818940614607e-04
1.855908478282696948e-03
9.592088127055695308e-04
2.395080172153884850e-03
8.622433872736252284e-04
8.014011949315773698e-04
5.749758142685366339e-04
6.375731649762218138e-04
8.862804891926988598e-04
4.133249556746030544e-04
7.064243000241849507e-04
3.525208065758948252e-04
2.047101802578777264e-03
1.523802818880925407e-03
1.054442864364932763e-03
9.196899487101540659e-04
1.450905352631180712e-03
9.516786961212308268e-04
6.163480680239848434e-04
4.609816650830478356e-04
5.469188758231897669e-04
7.188213938071383964e-04
8.717579746444592374e-04
6.512954362475495635e-04
4.755643211475994963e-04
4.995083804231105094e-04
6.163480680239848434e-04
8.887326769923452547e-04
4.322677797844406457e-04
2.753464986144238923e-03
1.729894537252779640e-03
2.506330891094974474e-03
1.319008767975003021e-03
1.114573704303977114e-03
1.099774626537126931e-02
5.749758142685366339e-04
1.239105634753203018e-03
7.039615440357681678e-04
1.332558846883131294e-03
7.836628984684605118e-04
5.836795231187422595e-04
6.199401210020576885e-04
6.618012255294328586e-04
4.636870429048812071e-04
9.975786657637536383e-04
9.041195550491628761e-04
4.396336660543468050e-04
6.285102469344973570e-04
5.585936285877878557e-04
4.272728825508108862e-04
1.270417775721805181e-03
4.804379149956098326e-04
9.079147449907929140e-04
5.904186765464698857e-04
2.386844884062121197e-03
7.578397590527830366e-04
3.711083682910628874e-04
6.559890460280890520e-04
1.859715687009425109e-03
1.764833220549200153e-03
7.853490110570611558e-04
6.330917133627459500e-04
1.440392426055534794e-03
4.589626994250105719e-04
5.778058431100225809e-04
1.624906022786796718e-03
8.498575141912041329e-04
1.091658316080905931e-03
7.105354718532005953e-04
1.655081450447927960e-03
9.165780355243872838e-04
4.555384167303703330e-04
1.277325307670747982e-03
1.239697559779035299e-03
5.322299228640262492e-04
7.595638639701697038e-04
6.896520962880811493e-04
7.827307930898036101e-04
6.287342223475457991e-04
7.849509932417529211e-04
7.295650218405684692e-04
8.653673699879942593e-04
5.675845264725861133e-04
4.798586087255960787e-04
5.804564524137458166e-04
5.769094467371123792e-04
5.601593296529899790e-04
8.731670576804664114e-04
6.212654448598974770e-04
4.977650330463788408e-04
1.537373562770081485e-03
1.186256953973234508e-03
3.899936029468121525e-04
7.674796243139392522e-04
5.220483668471434828e-04
3.113482371877545132e-03
3.595261065259567701e-04
6.147847414027201966e-04
8.801004171530363773e-04
1.660351810044837428e-03
1.014860101720328799e-03
8.481240220801182375e-04
9.546714264560282950e-04
7.638582525397854877e-04
5.074463972502597526e-04
8.805088130289245732e-04
1.707390102273365594e-03
4.599937177609550671e-04
4.597068388116686086e-04
6.256978525957536917e-04
7.510780953291266125e-04
9.735951295196968933e-04
4.440176290346285856e-04
2.147543788918747192e-03
5.199759881731858512e-04
5.678836021185594768e-04
6.306737474063492648e-04
4.764740376986406557e-04
3.884582837323698364e-03
8.781664610010531894e-04
6.965311983199020751e-04
1.283450216771783682e-03
4.220587744681277074e-04
2.004364142729879797e-03
9.031106423325924344e-04
6.592775468151286554e-04
7.438018745662708462e-04
1.166351002560409066e-03
1.731429416930099644e-03
6.114924120741831995e-04
3.915389396342381680e-03
5.126944815001385422e-04
1.521404821890238882e-03
6.170184357113276882e-04
1.193498528563926003e-03
2.444390346714589608e-03
6.522927801853912891e-04
5.310643231609095275e-04
9.263244638331572835e-04
7.669252426761629174e-04
9.318478187924648980e-04
1.253920377790351467e-03
5.008385559603798160e-04
1.302708153933806534e-03
1.139934423483133976e-03
2.251516014542086566e-03
4.380739011725848296e-04
7.364063899512494557e-04
5.445651676094367477e-04
9.593420060632393926e-04
4.496794830122503427e-04
9.325056328099679773e-04
1.502414531163300286e-03
3.247430537559894644e-04
9.519600649247275540e-04
8.165887611410296886e-04
4.424449490663082975e-04
7.027167198780868681e-04
3.328877252549894243e-03
1.548118756194252635e-03
5.596156861333742528e-04
5.909810563417196728e-04
4.618968298912437217e-04
5.498729071997514881e-04
1.039848747815090135e-03
8.546829702828575865e-04
4.336935202576805469e-04
5.589585333842800189e-04
1.272878038971929056e-03
4.915066278575274230e-04
8.111884812465778661e-04
8.604627032590301009e-04
7.195477455597300157e-04
3.577523185142310325e-03
4.560567368342162398e-04
1.173898990039866320e-03
1.017904092762554613e-03
8.566459578927120445e-04
5.472489217577446380e-04
6.155372195218418788e-04
1.824647553229586045e-03
6.550581241980023891e-04
6.828019741985080207e-04
5.694457462162172022e-04
5.928676045572192415e-04
5.788117377680989306e-04
6.571475297784256254e-04
1.052612872380104215e-03
1.297001008825284353e-03
