7.440382481423517529e-04
8.313667298203526387e-04
7.725127334454266184e-04
8.402824756098375676e-04
6.335676660510810698e-04
5.178956291715843940e-04
7.924596701803593652e-04
1.205847413524568229e-03
8.016125592531106675e-04
5.049745216298737183e-03
2.078466264047151933e-03
1.378726401663547081e-03
4.978762185125772425e-04
4.595209628187454042e-04
6.930493512316033156e-04
1.437016755341947354e-03
6.948630496436013953e-04
6.890650356297247465e-04
1.207624563152477799e-03
6.465734060405172942e-04
1.292596040280110433e-03
5.382253450153470526e-04
1.045084719109949049e-03
5.222758748965511443e-04
1.013607613233651929e-03
1.785107647945016404e-03
6.486919931046701820e-04
8.836169130551024906e-04
6.619197576315766869e-04
6.856108553841824479e-04
1.384354675137916676e-03
9.333878832332049300e-04
5.150972943938940873e-04
6.832343802364636374e-04
7.125707510859415322e-04
8.262863088867350610e-04
6.894112812715819973e-04
6.478790675128879347e-04
7.537170129008983338e-04
8.979810746035265428e-04
5.526291604084605054e-04
1.183110989755566805e-03
1.055514849199878837e-03
5.119812592905668850e-04
7.785817634984330739e-04
4.855722875054994752e-04
8.350436702944329624e-04
6.827106326242472593e-04
8.749143762879199506e-04
6.779300136498452338e-04
7.831894032412990746e-04
6.387891708813107959e-04
6.233040414827474476e-04
5.726924358162462352e-04
6.928171887380377625e-04
1.199450801120993887e-03
1.165079110232235954e-03
7.320225060830616668e-04
5.856572011625896853e-04
1.318460125264208976e-03
8.478245198327849508e-04
9.528421342389993337e-04
6.743149544718353037e-04
7.311901430812380986e-04
1.039017732089186951e-03
7.855173176392909627e-04
5.374167456117005066e-04
6.480882109489196881e-04
4.288731364240269944e-04
4.692821827258557787e-04
5.106101844025299130e-04
1.177247741091251706e-03
7.343702015667685160e-04
4.368225878487000695e-04
5.593254284855356294e-04
9.383056617731907805e-04
7.530928354120734140e-04
7.895453006607342688e-04
1.912159259167854142e-03
5.536356989393857730e-04
1.114067634142641445e-03
9.332977661371204660e-04
7.297024521510689062e-04
1.267822135973706516e-03
1.285903868762993969e-03
5.803092127519235985e-04
1.042404805815148579e-03
5.133391181509833808e-04
7.769366457357839524e-04
5.193629970543034782e-03
7.448150827743646365e-04
1.186764003176505808e-03
1.714723241034211499e-03
1.228270341745870808e-03
5.896664312568531199e-04
9.178637333638115089e-04
8.991488248023653002e-04
1.106077307565687343e-03
5.352038209148478635e-04
1.017090626015578142e-03
5.681774138436895740e-04
7.965108498000510228e-04
1.606880270181351451e-03
5.593254284855356294e-04
1.003555938052610574e-03
7.328810819360657937e-04
6.159047174336065725e-04
1.613497001773657805e-03
6.157114035053322431e-04
7.305972571327772405e-04
5.513307003427996445e-04
1.519475767003851657e-03
8.662218532073822676e-04
1.365789285107125691e-03
5.534977236594599550e-04
6.855256048563116095e-04
1.152854627477848358e-03
7.013497854457702557e-04
9.411748586717998133e-04
7.117011211636426176e-04
9.463876859444923188e-04
8.684886686802910935e-04
8.671436457498750286e-04
8.907646031024032485e-04
8.226006886367741690e-04
8.789715868739981673e-04
1.015736204024014419e-03
7.243336760396573790e-04
1.069660906058151739e-03
4.882199845500412349e-04
9.198585704174053277e-04
6.855886668210562675e-04
4.840671475024243631e-04
1.232276271795144798e-03
1.080795977250090158e-03
7.020135208776045327e-04
8.202924421029780594e-04
4.464864618409982323e-04
7.578354843051213945e-04
4.120736015850051150e-04
4.549024339546258442e-04
1.171457718285964875e-03
2.246888553014339020e-03
6.095637474230032951e-04
8.350613750770051599e-04
2.002474336440281631e-03
4.258154207893467412e-04
7.259601504561185876e-04
7.073304320408034616e-04
8.508520757414458078e-04
3.935010261957777372e-04
1.131926210464429634e-03
4.788761425915720547e-04
5.277176969729681930e-04
4.830914695623189322e-04
7.895274246202681374e-04
5.972179797438871866e-04
2.795144957250345237e-03
6.400095848117793836e-04
6.876175858221240597e-04
8.474131494268806854e-04
1.669583838270469406e-03
9.117744583102991782e-04
6.544338570719392990e-04
6.995891735627876497e-04
8.801701761980400968e-04
4.722396855472047275e-04
8.673729859749389984e-04
1.027857931323557846e-03
6.252733298715899791e-04
4.722165729883040139e-04
1.115685836032583598e-03
9.566599400167394730e-04
9.503371504787246331e-04
1.105448228620269611e-03
9.034607324002658958e-04
1.394591593809001032e-03
7.531402410133061168e-04
9.928890849895297913e-04
1.537944363804779778e-03
7.651507601150559987e-04
1.882944536780940337e-03
1.107909483366491385e-03
1.223746959723141835e-03
8.455560937589459399e-04
5.688771503873827446e-04
2.795144957250345237e-03
7.851435392232499009e-04
1.180033822895441278e-03
1.950833920398843636e-03
1.290035799380205182e-03
1.094002592928259611e-03
9.156546393682227659e-04
1.459374710145189226e-03
6.364733625232533087e-04
1.584990474003126776e-03
1.049953303438238466e-03
6.341443193934753232e-04
4.542798417658716658e-04
1.650315680222455041e-03
1.998352404510385372e-03
4.206772525563378198e-04
7.471070469072842645e-04
4.517343903267101576e-04
6.643224590083885491e-04
8.234198451892553190e-04
2.204971145915848862e-03
1.110854654634742126e-03
5.592099333631340334e-04
6.959232541095175919e-04
1.498202169651146557e-03
1.222319836744486339e-03
6.486468621215921160e-04
8.354075820888618451e-04
1.102005956846000955e-03
7.347388074978823333e-04
5.186518446778405492e-04
6.859471445629281537e-04
6.670489653139002667e-04
1.158813804713937270e-03
1.848908695258844439e-03
9.284709972713901761e-04
4.290742672080286447e-04
5.382253450153470526e-04
9.046654062402104427e-04
7.874341723200091155e-04
1.191230625049909770e-03
1.119562699224287139e-03
9.651712440660206683e-04
6.952690503669931152e-04
5.520967643617004199e-04
5.726924358162462352e-04
8.667945980493801418e-04
1.605085613085585356e-03
2.115032200249051912e-03
1.256913440552591497e-03
5.196350506468195912e-04
7.211958577344223294e-04
9.262477625545313979e-04
7.401853743476776142e-04
7.214635755542714388e-04
6.554479570338140422e-04
9.356279488699770219e-04
1.360942502936230607e-03
6.568706477154497882e-04
5.038664698498019181e-04
6.506701857992303875e-04
4.771232620481268287e-04
1.890842240225992310e-03
4.801684729631783342e-04
1.188968190241351634e-03
8.003931191450169239e-04
9.438725179099241537e-04
8.789911198680539980e-03
6.700762485008354957e-04
6.407812005579213883e-04
1.188289355667836904e-03
6.178660525695007372e-04
1.018081063057927910e-03
1.112176171322167484e-03
1.088093051703626019e-03
6.957505401445490678e-04
4.623529265083430495e-04
1.674981484996542792e-03
5.362308902539210994e-04
7.591665370243902639e-04
8.245284506282590364e-04
1.175821881292063269e-03
1.312621744530220822e-03
5.609804793601056317e-04
9.242941715411818505e-04
1.108869809850030310e-03
1.079870973210361176e-03
1.017261058331042894e-03
9.127978033752425467e-04
9.943496112730205398e-04
9.715915497036807427e-04
7.515877942806225686e-04
3.990104858014963509e-04
1.644576143018250695e-03
1.964695480782841300e-03
9.830364744191453109e-04
1.570582951268012332e-03
1.049984208192586334e-03
5.138134284147215670e-04
7.212343283812775330e-04
9.785814263593810292e-04
6.575155642071046566e-04
1.302156927058080753e-03
1.455700159271565430e-03
5.603209248572517658e-04
1.375299240665081146e-03
1.094738460897797840e-03
6.127494768631539966e-04
1.534284026527542874e-03
4.598953453735845362e-04
1.193425370720297687e-03
1.578578510571851260e-03
9.645517531836274609e-04
9.639303825988735849e-04
6.896460283557075696e-04
8.236616369170420568e-04
8.076444879003499442e-04
8.153393070547650719e-04
9.315484536070079997e-04
1.858093318106120119e-03
7.456833057640057175e-04
8.885877893764918337e-04
1.532582888072214506e-03
4.315290813148282920e-04
7.831894032412990746e-04
2.690347565091222998e-03
1.294454667155502722e-03
1.222945197985796616e-03
1.026676051798399358e-03
5.855527642303832211e-04
1.044596021082315647e-03
6.374691303600610618e-04
9.865621515691136694e-04
1.108970405686505144e-03
1.146979002581628715e-03
1.459374710145189226e-03
6.844855408700389453e-04
1.005115567409782355e-03
4.044088717451099985e-04
9.415388202495013608e-04
1.101004729749984010e-03
6.436742393957540923e-04
6.956892936472831249e-04
1.183209827866895433e-03
6.187608528516506208e-04
5.501330206836488714e-04
7.304868293703164822e-04
9.082688074107764199e-04
9.511538959024838646e-04
4.297488831180443290e-04
1.208072671131322096e-03
1.339314629545227450e-03
1.061918970761666818e-03
7.189349550588208316e-04
1.497802279365438669e-03
1.111750868502505048e-03
9.252190696784603954e-04
7.999612814570480641e-04
8.218593220409497677e-04
1.307158443690489185e-03
1.223460751501465006e-03
1.622577246427202909e-03
1.066884173290600117e-03
6.679671102477677258e-04
1.052681943667287297e-03
2.069564924341999075e-03
9.289491456551414710e-04
5.592758257447026779e-04
7.152679830551127984e-04
7.196452348802177997e-04
9.789589027334455462e-04
1.199450801120993887e-03
7.770972080143989224e-04
1.287264458277387596e-03
1.147038847896703984e-03
1.299985275580100869e-03
1.541969879436161719e-03
6.371833106626240313e-04
1.130018531451305701e-03
8.242389531322320264e-04
1.324704195105837852e-03
8.779413254431143272e-04
1.524041253071116214e-03
6.732488081041220190e-04
6.218553874855282980e-04
1.133419601177199261e-03
7.174427506941947336e-04
1.013477358475911106e-03
1.119412212807303648e-03
9.203288022278943454e-04
8.674681775097405588e-04
4.531840009072271775e-04
6.208680062576165011e-04
9.550069270349491280e-04
6.677114976410245028e-04
5.439893023845253361e-04
6.439104323505708515e-04
7.196482492970876716e-04
9.640346748156063952e-04
5.081103987730254366e-04
7.376289007493598039e-04
7.310289447188989161e-04
1.112176171322167484e-03
5.370106284538800649e-04
1.183110989755566805e-03
6.445587855721898090e-04
5.240259996418099872e-04
5.891445465473947943e-04
1.099424005765791161e-03
7.779019404238323452e-04
7.566263630988550627e-04
1.087858558689887680e-03
1.160976565995199038e-03
1.405948534923688207e-03
7.732997805812934743e-04
8.924147332340790417e-04
7.741287301044838271e-04
6.308733902274116928e-04
7.573698596166385374e-04
8.512374273543294638e-04
8.240671863378200073e-04
1.437016755341947354e-03
9.129956981291140845e-04
6.066282538384395323e-04
6.057409191500799520e-04
1.247715209780824158e-03
9.829188368391844795e-04
1.078378867455759629e-03
6.537289185607946061e-04
9.083547383804116068e-04
1.006858049768219725e-03
6.371833106626240313e-04
1.170443270052725368e-03
1.924831145246845045e-03
7.365923000312095100e-04
4.613358411529266631e-04
1.232276271795144798e-03
8.135419011851807150e-04
1.325343086410428169e-03
8.676145384860727396e-04
4.767230669272592763e-04
2.664691658848053653e-03
6.123100627918189693e-04
8.154061162371910613e-04
7.179168168450177079e-04
4.521790055904859008e-04
6.151822407111106911e-04
7.466897278357470004e-04
6.833179971363164589e-04
1.400785023236431970e-03
7.609520624951230782e-04
8.658252518217603557e-04
6.670658146599669786e-04
1.600855248310880524e-03
5.633570483280770074e-04
1.234524041883513666e-03
7.084077332664927545e-04
1.356880293094189088e-03
1.256765002580411544e-03
8.473500242631072264e-04
1.481483072221664431e-03
9.801047505328278151e-04
1.113311416295235338e-03
7.499186097912831405e-04
1.064278411592612522e-03
7.606321255185960776e-04
5.216424293562760143e-04
1.127948064017607549e-03
8.531809480906770793e-04
7.570354661873235315e-04
5.752865874991293631e-04
6.876175858221240597e-04
2.088726031944927557e-03
9.585145904739978675e-04
9.252529476788341669e-04
1.128744633856386750e-03
6.701744918489142963e-04
1.004979853533593658e-03
7.415401419130657765e-04
7.452436825791585936e-04
4.891036455899375841e-04
7.920079554546966515e-04
8.992222796435846328e-04
4.657007607320616440e-04
8.288527842264167009e-04
6.071473739859610617e-04
3.327649961412538354e-03
3.284880379410885527e-03
6.468543267954346638e-04
1.308116632466947531e-03
1.309918552295102640e-03
8.076356249950038995e-04
1.210144575385340305e-03
6.953032696350396448e-04
5.308026386926199824e-04
2.068066997560588302e-03
1.078378867455759629e-03
5.412737414512812243e-04
2.546165117773180504e-03
2.834959432749748539e-03
1.401657127251753569e-03
1.196286807835745744e-03
1.111673199443480049e-03
6.767658185247542313e-04
7.015802989419473020e-04
8.465299714702759128e-04
5.186734140994982752e-04
1.156197198845534306e-03
7.150518526751481214e-04
1.210144575385340305e-03
7.835148638180843570e-04
1.080303385123254807e-03
1.222684761411896347e-03
7.073779496578639844e-04
9.992151445329668872e-04
6.555580696752975282e-04
4.793120154074183639e-04
6.664633834051394024e-04
7.914140312083493226e-04
8.185771480740839387e-04
5.437989166017141935e-04
5.640482473689777771e-04
5.175994068120477959e-04
1.446371307477959008e-03
6.540628181359374287e-04
6.807396035583609256e-04
2.680261370905146628e-03
1.022631506826589785e-03
9.143429435088137837e-04
2.272729739039396762e-03
1.805501410901348691e-03
9.492594351777240832e-04
1.018018147351565719e-03
8.895096951919966586e-04
7.308229880669288433e-04
1.022700845880280185e-03
9.284709972713901761e-04
3.760951980545062471e-03
1.691805676619062863e-03
1.819024683187097204e-03
6.805269566024798288e-04
1.306093592371102398e-03
7.295157654703869274e-03
7.537170129008983338e-04
7.731190246034306841e-04
4.870587416167091355e-04
1.094758220082238821e-03
7.741287301044838271e-04
1.172562593226932895e-03
1.001512575855465067e-03
7.829966878242495924e-04
1.191684763719682910e-03
1.333882505474589262e-03
7.269762081493908986e-04
7.544413586527722038e-04
8.243915746464187217e-04
9.725468758758195947e-04
9.233707406065901242e-04
5.430642515815132208e-04
7.028291583707041131e-04
1.067700125896181487e-03
5.295137952415616316e-04
5.240338837078731835e-04
1.245219184381019667e-03
2.550236050222852782e-03
9.154915122638498763e-04
1.581755684709372761e-03
9.375879173610070704e-04
1.111673199443480049e-03
7.713863303481369648e-04
7.855173176392909627e-04
7.788446303353888100e-04
9.534846782617812603e-04
5.392395751952744993e-04
8.505202936640300594e-04
8.867577132101794532e-04
5.597712211602896577e-04
9.992422091016873661e-04
7.087205506350902897e-04
1.247476868554242817e-03
1.071179934769330745e-03
8.674681775097405588e-04
5.482529873289882557e-04
9.256725097191335428e-04
1.193742527478452217e-03
1.722136456316913488e-03
6.637841969619409513e-04
6.970194309738261818e-04
6.896747283884542990e-04
5.382253450153470526e-04
8.156280420071176105e-04
8.691172182548974248e-04
8.424840654289069818e-04
4.635820090391636040e-04
4.764519067992914947e-04
6.736515195464693687e-04
5.797826008539020467e-04
5.501721727513492807e-04
8.932048762389696020e-04
1.126130124671247210e-03
7.362014202150790089e-04
1.082902621238804276e-03
9.256725097191335428e-04
6.359432532923534878e-04
3.816116398381003247e-04
5.938373842796205483e-04
8.586403219606850330e-04
7.912086810560400732e-04
6.202806526189873519e-04
5.484621359591433523e-04
1.012589578475425267e-03
8.224914070153069388e-04
6.247524396129802531e-04
3.841894259079263463e-03
7.894600502891668944e-04
8.134527911946480908e-04
6.995781006023623402e-04
2.264933982888342121e-03
1.587789547733618268e-03
1.386043948518094577e-03
1.217849456570144337e-03
7.536128423412327563e-04
8.966740579999548559e-04
6.879758177467444093e-04
2.058169392565283549e-03
7.053556797194327150e-04
9.405554448421710569e-04
1.761375169746819602e-03
1.347984301504027678e-03
1.319912599028416405e-03
2.447936954304710724e-03
1.177264223128149118e-03
7.694930877440144196e-04
6.984291778026523526e-04
1.632872200919566414e-03
1.254781180904247697e-03
1.151427835502474720e-03
1.189384844281481460e-03
1.719194139601575152e-03
1.587770809986295984e-03
7.449999706070663859e-04
8.473500242631072264e-04
6.369092372522461255e-04
5.859436601952977466e-04
9.637092428014565511e-04
9.209171605430338829e-04
1.012082413318716794e-03
8.732335426814972395e-04
1.097634333274131926e-03
8.301175275237128708e-04
8.800314822621785197e-04
7.550050569651535134e-04
1.243307137247675817e-03
7.882834593854617196e-04
8.157604441751674677e-04
6.818166317385304306e-04
4.625684113015802036e-04
4.804082739543398301e-04
1.043488114949580855e-03
1.222985038922956439e-03
2.109070409703525228e-03
2.031445207607004283e-03
4.978177868221463987e-04
1.876021257214162581e-03
6.895445783086251055e-04
6.483915488800246624e-04
9.429407751411545725e-04
5.800542069524524487e-04
1.210894776662979492e-03
1.896049233988788326e-03
7.791122507599493622e-04
2.989074527165117533e-03
1.036604144493839634e-03
5.909897836461545755e-04
1.713909710200920864e-03
2.298776512487245988e-03
6.986388119923891407e-04
1.364691134810158170e-03
1.179742300187642656e-03
8.325505029072072412e-04
1.437016755341947354e-03
5.219179261325432653e-04
6.368876634942432060e-04
1.821349825712247159e-03
4.671293054050834853e-04
2.950669392268911746e-03
4.757911961833566545e-04
7.389464416612521493e-04
1.060672713930342279e-03
6.932375364831485720e-04
1.172864190407783749e-03
5.775289526376612510e-04
5.940923808389438803e-04
7.209387797945275220e-04
5.349981464807103361e-04
1.740735687131608972e-03
1.421680235047436411e-03
5.963740294559859286e-04
1.064942006118304793e-03
5.328408338521336369e-04
5.427227885990568634e-04
6.523839944123876978e-04
4.346361657567485680e-04
4.907869926257239128e-04
5.515457605226637989e-04
6.382110612476473268e-04
8.507704860461065078e-04
9.427699702603305068e-04
3.868434565150108157e-03
8.415946689208560769e-04
7.547083056688959953e-04
4.470287187564804705e-04
2.183749041108649491e-03
1.045038456206572172e-03
1.412571935189466934e-03
8.697535360346818302e-04
9.083547383804116068e-04
9.789589027334455462e-04
1.320301377880866642e-03
1.723468349981895379e-03
1.858506064954430510e-03
9.032831812771796327e-04
7.903834699409668626e-04
1.912159259167854142e-03
5.236904032037236053e-04
6.321896791286000508e-04
1.025157202403865434e-03
6.589327233854233795e-04
9.493362788582095872e-04
9.211282417017356734e-04
8.569353732803650266e-04
7.257754013297075405e-04
6.628317361528172089e-04
6.522714215134896429e-04
7.984975553308370968e-04
9.920931820751855389e-04
5.884041929481125107e-04
7.291342225353253338e-04
1.046601691071280581e-03
8.363462748954468649e-04
6.234011857388147265e-04
9.865621515691136694e-04
2.207812281517104736e-03
1.152731487106179549e-03
1.135930010451377233e-03
6.334999127256573563e-04
8.234198451892553190e-04
7.645105003985608414e-04
1.056431015200336035e-03
1.577383433229215867e-03
8.492157309933751584e-04
1.485136742100407565e-03
7.157160475332139402e-04
6.921593486339204775e-04
1.788501682676268880e-03
8.988873556943122352e-04
6.360171459390476364e-04
4.366694208301792873e-04
5.282411334422452498e-04
8.793576086630914895e-04
9.109715661057631812e-04
1.044613293191743028e-03
9.268966342473742084e-04
5.028508953489652144e-04
1.292596040280110433e-03
9.561357374474161678e-04
4.768085877987973263e-04
1.092157397747828013e-03
1.693481135659341118e-03
9.198729006914305823e-04
7.162556240704379650e-04
4.389947387339579628e-04
7.247317278256927781e-04
7.456833057640057175e-04
1.232389017204102042e-03
6.988944069401081642e-04
1.178903113444564098e-03
5.381349480903616523e-04
8.954972301967746009e-04
9.693150064428592656e-04
9.444167739066339868e-04
8.617875254336573388e-04
4.934826379221735840e-04
6.687150095756555458e-04
6.543028929925745777e-04
6.450157132004905036e-04
1.493583504824987519e-03
4.891369072074786689e-04
4.374103423569733386e-04
1.189207685754050618e-03
1.172381847545258702e-03
1.005588808958824375e-03
8.260421894514858882e-04
5.518560826199874403e-04
1.190908479073135616e-03
4.489105473136633675e-04
5.270200852102068434e-04
8.481387034306249635e-04
1.064178505308051520e-03
1.124391994420708297e-03
8.141215761524782726e-04
6.017283387632788721e-04
1.471054867896475025e-03
5.850044725634595804e-04
5.019927513557647563e-04
8.084622743896532774e-04
1.819563775460153509e-03
1.055824505123921335e-03
8.122387897720471971e-04
9.081454239999136972e-04
1.725731135000543393e-03
1.096317583033005636e-03
1.198733556870650507e-03
9.728898428749123374e-04
5.427745771431014216e-04
1.744703407474450241e-03
9.068643890824761543e-04
5.405254105503006033e-04
1.226736657929982169e-03
1.232276271795144798e-03
6.070338370451479164e-04
5.316018284057972285e-04
1.147889424794724163e-03
7.915747096541740418e-04
6.665705789770705065e-04
7.296624621810971672e-04
8.270641401121812649e-04
6.523839944123876978e-04
8.045011262302705947e-04
8.984543208634972579e-04
1.575276158470526435e-03
7.243729394663422135e-04
7.314120356824204208e-04
6.371526685898402714e-04
1.380515179768885886e-03
1.061561326459539451e-03
1.056398009621550360e-03
9.417614515776148720e-04
6.383808213745428405e-04
5.646389134054446068e-04
7.560368592804903726e-04
9.270816501382135111e-04
5.626027963104256310e-04
6.031535543925545858e-04
1.294454667155502722e-03
1.100391067729240661e-03
6.900964418699872833e-04
6.772330621065510885e-04
3.587051255230024136e-03
4.192678145298056060e-04
9.629965106685261633e-04
5.910317576724651327e-04
5.412737414512812243e-04
7.753072449737016250e-04
5.681774138436895740e-04
7.426509469921706340e-04
7.786399239890969557e-04
1.115740543839372672e-03
9.892296010045144913e-04
7.712724378315563133e-04
7.748264385564403471e-04
1.265864236155110449e-03
6.544523317189894366e-04
3.673608806828453522e-03
8.972885621282396728e-04
8.156140483292773080e-04
2.451235389706363926e-03
1.266970582248231475e-03
1.766474924366560374e-03
9.335614337418019848e-04
1.079308832331822782e-03
7.969529004768143932e-04
7.712724378315563133e-04
5.248848972431671180e-04
6.960918533973319954e-04
1.114273578805072707e-03
5.608661418470295987e-04
6.735063666677512141e-04
4.704776519464534353e-04
4.349179272864381698e-04
9.505841184607776231e-04
5.378525845473753611e-04
5.851195840070688801e-04
5.780020485444972928e-04
1.111750868502505048e-03
1.204966761346457690e-03
1.364691134810158170e-03
2.000187605042352216e-03
5.740321058249133216e-04
1.878576511400402568e-03
1.154070647265737198e-03
6.588842613412171020e-04
1.062245589120512645e-03
1.607522337166261391e-03
8.037248448373170932e-04
4.952167692554863875e-04
5.186518446778405492e-04
5.456587931421163010e-04
8.117056517850689728e-04
1.671916096180740092e-03
1.907590148168554706e-03
9.032719284080210128e-04
1.571797145377669316e-03
5.963603552345392560e-04
1.029517823569844025e-03
5.621731558957669033e-04
2.131532261055038915e-03
5.697061640802469039e-04
9.806968181934523111e-04
1.278568648506917546e-03
6.130718945931580956e-04
2.037142270574927947e-03
5.864904210112751627e-04
1.140113652353392116e-03
7.923609801484800480e-04
8.122387897720471971e-04
1.001482173405482618e-03
6.109752143978418575e-04
2.680261370905146628e-03
6.802523474958108857e-04
1.369988859843147356e-03
1.423440465382010914e-03
6.780621057140597940e-04
9.510212782735385714e-04
1.094758220082238821e-03
1.047823380259723909e-03
9.994580403403915611e-04
1.003373037825587392e-03
9.121273469738842930e-04
2.008927571993127104e-03
7.741431837266763739e-04
6.373120967254537229e-04
2.555416872621531915e-03
3.907993759329006153e-03
2.196654416006433869e-03
5.954784789617875284e-04
1.264596051518160173e-03
2.209725065555405345e-03
9.403776285942328167e-04
1.578269701763308037e-03
5.581680156780113519e-04
6.141605428871776918e-04
5.382093362117537465e-04
7.655154080501686649e-04
7.354605947355123121e-04
1.837956667753781271e-03
7.684383683466454798e-04
6.733104251084530943e-04
6.770966845510203308e-04
1.016197263501933097e-03
6.597711879513393565e-04
3.954264354013559113e-04
7.548300452024729037e-04
7.572885925678660363e-04
5.738764787718766015e-04
9.944714732247877248e-04
5.703391405347157028e-04
7.346584365402771379e-04
5.466274111363464807e-04
5.592758257447026779e-04
8.673729859749389984e-04
1.182470308191403740e-03
1.396687511019858996e-03
6.837091584831422007e-04
7.352142011889413594e-04
1.762207718290960574e-03
6.531730106866721983e-04
5.666325264262117231e-04
6.404650936160359315e-04
1.578269701763308037e-03
6.765756857500036629e-04
9.718975660822312158e-04
1.156895629597206416e-03
1.545903850478108675e-03
7.903714084961430521e-04
1.618048430282654528e-03
9.664102525040965284e-04
5.195718925590438490e-04
7.678057964843462355e-04
1.411427444658547433e-03
1.038624394846003043e-03
6.907594596206916493e-04
1.672518936499427494e-03
6.132504000702604201e-04
1.294454667155502722e-03
1.039143844409612947e-03
6.341443193934753232e-04
7.214810418440207066e-04
8.609694478188370829e-04
9.427774675883142082e-04
7.134853152689420597e-04
1.537944363804779778e-03
4.909356944196257124e-04
6.958386028752840385e-04
8.690324395154350569e-04
6.446006476926531472e-04
2.272455219943745990e-03
1.054514817948847645e-03
6.606432730505351278e-04
5.801196463098837923e-04
7.972961934183998584e-04
1.474852336171602295e-03
6.095637474230032951e-04
1.360482119877730236e-03
8.913171061281987629e-04
8.405059111006057309e-04
9.965257281129658116e-04
1.056388307044220029e-03
7.201965162687291432e-04
6.971825194945322109e-04
1.500417624302478620e-03
4.268552028493880217e-04
1.890330674929946745e-03
5.732700723692569274e-04
