7.009240295262135489e-02
1.391932921492559927e-01
9.573083873767214425e-02
1.265516624476637209e-01
5.094373508409873186e-02
1.460847227802322956e-01
1.541756819837438730e-01
1.165869205039055251e-01
1.312421344807047918e-01
1.221691449422821762e-01
9.835763566105454325e-02
8.041922802869670706e-02
7.746389161988792571e-02
5.635975012290941194e-02
7.642286713189967717e-02
1.342213518223537849e-01
1.255151096867726523e-01
6.559971989906020207e-02
5.673827101825005409e-02
8.654807774597034209e-02
1.545262740190398165e-01
8.840264594708628632e-02
9.745611658898717389e-02
1.284972747638140345e-01
1.331110340859072982e-01
1.295014822256154163e-01
8.002830240534870507e-03
7.788873887200857549e-02
1.458748771747277184e-01
1.194909611120704984e-01
8.771285340379376960e-02
1.034118210831029144e-01
1.060780418987943285e-01
7.271661922973472747e-02
9.748143057511995946e-02
4.117093141432286857e-02
7.540500618990238213e-02
1.145260042812814155e-01
5.516990698169797064e-02
1.087670986946806945e-01
1.094542120286084858e-01
6.872242924596448643e-02
1.005525000778166311e-01
1.547751159532830545e-01
1.345283959791570561e-01
8.595701890145523993e-02
1.252041301978901455e-01
8.715975644076548456e-02
1.017516347243596492e-01
1.276384163116894288e-01
5.930533875039181030e-02
1.097482272648044044e-01
5.327578243018584597e-02
1.529475577252396856e-01
1.091481330064428129e-01
1.462558930096159171e-01
1.254635669441577228e-01
1.502720822986103877e-01
9.920379097192494333e-02
9.282655697044123189e-02
1.182370910376910611e-01
5.401213713616313111e-02
4.519949933063679981e-02
1.439711342324113408e-01
1.305443151371137589e-01
1.271183690640784736e-01
1.247233360519070661e-01
1.381316691406787311e-01
7.579278373515298262e-02
8.224228666639582519e-02
1.094229299517277543e-01
7.889786279364124910e-02
1.511674188479060765e-01
4.970624958058925125e-02
6.731541992267013608e-02
7.955306772470589760e-02
9.972323289890927533e-02
9.318189862782116917e-02
1.147027121266948474e-01
1.248862845559841339e-01
1.519831546532644517e-01
7.285387215983851750e-02
1.392079650401107926e-01
1.518772106876613848e-01
1.518707294807757902e-01
1.264973701515911819e-01
8.667613335394076801e-02
1.177310471291414112e-01
4.966916528906460682e-02
6.954639174234597543e-02
1.406800647836382034e-01
1.081525516656954150e-01
9.657786310215440984e-02
6.122313643560688134e-02
1.531313489327135458e-01
8.796150258471854833e-02
9.101628087485308383e-02
9.951641577460774990e-02
1.236739685810819278e-01
1.115310445219741264e-01
8.585202563966179423e-02
1.492499621842652835e-01
1.035749205108833920e-01
6.751191966492059437e-02
9.906052526540559677e-02
1.050810713853477379e-01
9.929438586181001114e-02
9.245674307850154650e-02
1.107632187039176014e-01
1.488664604920818813e-01
9.832384944831697171e-02
1.357179804038708970e-01
1.180200115202251071e-01
9.888853055791579916e-02
4.444748650452922528e-02
1.415188306217905201e-01
9.173299937229274781e-02
5.434907103237738429e-02
7.486664181658066186e-02
2.444278145283338213e-02
1.355401285351924279e-01
7.199024854219623903e-02
1.514837479454220204e-01
5.928986967886328008e-02
8.577758240702650083e-02
1.472614638683732713e-01
8.273702871949804860e-02
7.037164528652954665e-02
1.141365094938029817e-01
1.446067047285983231e-01
1.405079840339862607e-01
1.439149968139394331e-01
6.906704633682739236e-02
1.174782804823862187e-01
6.232249491616052850e-02
6.142380570153126162e-02
2.641187516470022700e-02
4.812485683284435656e-02
1.420967966379806380e-01
9.895844157447793166e-02
1.517430317782777760e-01
6.865199251658124502e-02
8.105534999256173989e-02
1.306519926475568083e-01
8.760960650297001939e-02
1.439810246890563805e-01
7.731665673401209860e-02
1.319801210838430217e-01
6.240386154166142896e-02
1.261741676507042997e-01
1.418249526939472926e-01
6.790993834537199791e-02
8.540769858010130444e-02
1.372044617093643171e-01
9.590173665901260969e-02
9.789104106616726420e-02
1.507515982350978723e-01
7.950090767256623447e-02
8.935159866730717215e-02
6.536012515977690507e-02
1.157953732200412422e-01
5.061573524378738115e-02
1.237851706206794800e-01
1.473416755701852654e-01
1.105782328182288721e-01
1.118237536582146197e-01
1.395133473114375244e-01
1.140739999239718805e-01
1.347977986285396057e-01
4.351684641000800463e-02
3.053464093117076381e-02
9.876101185193186804e-02
9.894892185411266472e-02
1.125802611439160883e-01
7.338956257294319829e-02
5.411451096983388442e-02
1.529376227487604933e-01
8.829546700226269251e-02
7.328119097771705615e-02
1.172934623380229163e-01
1.226528899706200298e-01
1.507429808952603645e-01
1.414950234402520199e-02
1.389229077070925078e-01
8.947012073397075937e-02
6.664525193886300380e-02
6.371841930917800101e-02
6.633158753001279495e-02
1.169805660660894614e-01
5.536784319628292733e-02
1.320148526970424951e-01
1.396495100438566173e-02
1.160146635964288270e-01
7.741397595981473756e-02
9.069390767941788722e-02
1.491444708366247429e-01
1.461763790178834399e-01
1.403137016174578755e-01
9.569639742394292492e-02
1.468235484561312698e-01
7.334958787985952633e-02
1.411321383549529740e-01
8.477740106201536729e-02
1.543579139518000964e-01
1.038358151227453674e-01
1.469635763091931002e-01
9.040968286756209671e-02
1.328161751502186239e-01
1.465650632931299324e-01
1.016626336552814425e-01
6.032491934241674542e-02
9.223534400772959163e-02
6.683945211098593631e-02
1.277234024135296686e-01
1.456330327451176854e-01
1.511674188479060765e-01
1.103879465885402311e-01
8.888778968587646157e-02
5.966230090194366009e-02
9.903836844295448028e-02
1.151204335707459864e-01
1.018978795665137771e-01
1.237029835699803432e-01
1.029596100174923479e-01
1.395618755515085629e-01
1.127592910484370436e-01
1.209444458496471003e-01
1.457101274820265802e-01
1.128935779779401405e-01
1.059349526697862115e-01
8.954619658714824126e-02
8.821849721148901369e-02
5.236146346010281394e-02
1.251523060546319288e-01
1.272729571556166506e-01
1.312771134942237461e-01
1.162854904755543373e-01
7.568337398775976110e-02
8.536740066916756464e-02
8.811099189281532129e-02
5.232432918096203284e-02
9.191982406682062956e-02
1.155586287651707705e-01
7.732281396612616930e-02
1.514602038717483834e-01
7.687472338815357076e-02
8.335201676008999194e-02
7.819229127723388573e-02
8.621348787282218096e-02
8.446775883260367046e-02
5.930533875039181030e-02
1.423921837306130755e-01
9.014097842572606212e-02
1.478034504578273900e-01
5.278072780102453093e-02
1.189086783337905961e-01
7.506785424370028548e-02
1.295295689480779611e-01
1.014842118973369733e-01
1.372088460237421981e-01
1.376903287463477621e-01
6.709664735909542932e-02
1.352447985550693232e-01
8.991742100023884798e-02
8.760004594555646784e-02
1.232180039261100701e-01
1.468737167166637991e-01
9.791623522122273882e-02
1.161495049538196073e-01
5.484601396985559763e-02
1.126600366286732158e-01
5.325910123570745669e-02
1.528869145880249469e-01
1.331991673225869088e-01
1.503865911161713642e-01
5.838218006097177504e-02
1.347992668257289028e-01
1.296216700882848738e-01
1.484609507383015670e-01
8.199824365896310474e-02
8.990182166954006904e-02
9.953562429670791134e-02
1.008894726712470935e-01
1.349408957777137319e-01
1.218342498478482416e-01
1.319439259823102784e-01
1.317948572635778692e-01
1.453076927740617752e-01
1.186349939304398721e-01
6.453432067046105391e-02
7.688426601308884223e-02
1.336877612074005295e-01
1.277234024135296686e-01
1.229130112422292809e-01
1.145884963102370008e-01
1.280955203719912339e-01
8.667613335394076801e-02
1.042461675842014518e-01
1.400473524141057358e-01
1.336717761011813332e-01
5.094098201874799892e-02
8.770129378241228735e-02
1.514833153094714280e-01
1.099002121240728325e-01
7.799129134062697533e-02
8.595308644989274605e-02
1.009865000971124221e-01
6.233593555897586763e-02
7.370022577678951581e-02
1.450273896987076261e-01
8.672275846817675826e-02
1.472492714912083389e-01
9.784483004882837953e-02
6.131246975308769775e-02
1.205995754425108341e-01
8.583856106977985623e-02
1.336137025678575396e-01
6.574285335155054255e-02
1.234655110595818950e-01
8.071128649313447090e-02
2.738950891506659879e-02
9.329412571246770147e-02
7.604434986056662904e-02
1.222241729545212041e-01
1.352447985550693232e-01
6.115995556558190271e-02
1.365084275946285841e-01
1.478778511937004214e-01
1.392618638332965286e-01
1.475065365179695775e-01
1.337777277241481433e-01
1.351374779586328734e-01
1.465719256443728247e-01
1.551152349895270344e-01
1.055452975868463594e-01
1.367624226997949666e-01
1.367062001191429177e-01
1.446495233405176994e-01
9.544259488724783635e-02
9.755445079796791485e-02
1.159594330258983397e-01
8.191681918197517287e-02
6.201441347836017526e-02
1.519151198664903668e-01
1.404259781894476034e-01
9.301688119119065623e-02
1.458279347215699073e-01
1.373403410026383387e-01
1.025641103041844138e-01
1.532141269350407453e-01
9.709064311021567417e-02
1.029069511066662140e-01
1.536132098151590242e-01
1.399700704015924002e-01
1.075508062147268046e-01
1.411778372432804796e-01
1.211237501294882141e-01
1.049005199258950111e-01
8.521264998718448835e-02
8.628896667871420456e-02
1.058588368434302263e-01
1.269111032630110547e-01
1.109938699313418181e-01
1.488981079656896411e-01
1.220678817969226282e-01
1.284145377293900991e-01
8.980526953732242967e-02
1.223371129950002328e-01
7.054362013118169183e-02
7.540500618990238213e-02
1.105666241927836940e-01
6.411504684998878267e-02
1.418249526939472926e-01
2.463279803079823638e-02
1.372883052177746310e-01
1.639021997363957969e-02
1.057594748971955323e-01
7.375969047901517750e-02
5.279804861332337840e-02
9.868836036043880655e-02
9.722087988206307152e-02
1.136398323542458788e-01
6.975091447829913360e-02
5.446173753189326866e-02
8.108976758585495492e-02
5.343457672626564237e-02
1.139454851168382188e-01
4.171437653693573638e-02
1.523856379061520328e-01
1.399582119452881523e-01
1.517086546828465277e-01
7.799129134062697533e-02
1.518216785033261185e-01
1.536129179753300267e-01
1.201277381124113280e-01
1.809934489682269235e-02
7.399054277022132364e-02
9.335450878087682425e-02
6.401911961723406874e-02
1.228647671414376252e-01
1.079197640806437986e-01
7.549660563931480384e-02
7.142324583264375581e-02
1.084289298597790052e-01
1.215045591654824175e-01
1.219996029270336013e-01
7.144841163633494641e-02
3.963951723245064118e-02
6.007169047966808006e-02
1.018596207229280487e-01
1.513139349678848389e-01
1.248862795572044104e-01
1.287056838727480557e-01
1.418854851279214291e-01
7.804052829788320211e-02
1.209444458496471003e-01
1.393533177852297189e-01
9.783114925330227418e-02
1.355077399168637398e-01
1.331077562825272731e-01
1.186594218047808263e-01
1.031120926766194712e-01
1.146122836312082477e-01
1.220763862526897808e-01
1.509789146535662208e-01
1.106985854123194168e-01
1.335959572899975689e-01
1.201455419671441649e-01
8.484556823158954930e-02
8.807486164014570462e-02
1.355612447989054115e-01
9.515499757184713026e-02
8.798487237224301982e-02
3.702843710289233092e-02
8.690516988958268962e-02
1.291778092240978004e-01
8.825810017641921856e-02
1.180092744510629482e-01
7.170022301608407200e-02
1.000105195888873616e-01
1.075321069782836092e-01
1.153280880711583384e-01
1.168221095078952748e-01
1.413538247053770514e-01
1.292349855506342848e-01
7.127519417733252372e-02
9.626403175514257338e-02
8.375766496177403098e-02
1.345966327497434001e-01
4.055098340779413751e-02
1.281349224289588806e-01
5.621674992977339358e-02
8.234191513105280913e-02
1.318837929460240643e-01
1.160628645492990663e-01
1.376429264948963449e-01
1.418209132218606339e-01
1.059371071973143202e-01
5.209424028154575892e-02
1.141801611144084710e-01
1.023803853912295808e-01
9.019893269466457142e-02
1.475686943605507562e-01
1.095271158353910007e-01
1.139189243888666658e-01
9.445677705072742791e-02
1.005365356960764012e-01
1.523480823551667807e-01
1.264115789509446253e-01
1.252444763867489597e-01
1.271088680624840039e-01
6.492477199004750843e-02
1.088635042834910499e-01
1.395261124506470274e-01
3.077523991341914178e-02
7.151800950985384708e-02
1.441696845675093930e-01
6.106676134691251673e-02
2.701429581469126998e-02
1.030738672629091246e-01
1.427071584918746527e-01
1.153804752717688259e-01
1.433551050733523624e-01
1.483094071944301984e-01
1.517272793581468937e-01
7.930051013288637318e-02
8.327038050868142138e-02
1.544363106973913879e-01
5.757654141553152777e-02
1.249495022135890671e-01
8.832594150930692112e-02
8.407238342767200945e-02
6.474985169972914678e-02
1.111557333186191793e-01
1.443857425999450217e-01
1.292188175083137380e-01
1.170119546944064781e-01
9.110006728944969323e-02
1.180926334216576140e-01
1.393172510406435749e-01
8.179717422845463048e-02
1.501718259800504385e-01
5.247937707121178019e-02
1.240618397391834160e-01
1.008171927864848078e-01
1.300672326854104832e-01
9.609708578744201313e-02
9.473038092301853952e-02
7.108534041796021885e-02
9.904566140056006440e-02
3.372838967911682972e-02
1.251885058089890201e-01
8.076886951972565842e-02
4.637917003370577856e-02
1.235453403791472587e-01
1.131769256499485510e-01
4.040828131996532929e-02
1.022390970087028172e-01
1.498481817278023154e-01
6.321235402000233150e-02
6.719563012543279534e-02
1.283423393938605828e-01
8.929272416642734800e-02
7.124676651444206144e-02
5.396071017914277901e-02
8.647816673895304673e-02
1.384727352532001687e-01
1.268237976803992806e-01
9.204214280077931132e-02
9.163139416437664220e-02
1.465309365393519525e-01
4.441589279894562342e-02
1.371507823587179986e-01
8.486265733149496449e-02
8.287901438404381149e-02
1.155254431115693287e-01
9.294327779537542300e-02
6.790663539970484552e-02
2.075166087308545973e-02
3.632539758990824957e-02
1.125251432529351947e-01
6.536607908067645911e-02
1.431083246479721016e-01
1.216466566938265575e-01
9.581948378079135908e-02
1.524430738385955386e-01
1.038329652000359732e-01
1.001973876217086418e-01
9.405416108264091912e-02
1.101497201151121347e-01
1.540835894820234975e-01
8.094549293102130949e-02
6.062107192041234910e-02
1.035899316612926557e-01
9.464546871149008556e-02
9.752563966486031688e-02
1.051602021701227019e-01
1.133104631216418912e-01
5.332077506323258664e-02
1.192880574864077087e-01
9.169548588448366011e-02
1.371687256402693289e-01
1.100838605984686830e-01
1.209426184837572998e-01
1.128145472097222407e-01
9.134954394114688792e-02
1.243123876761639546e-01
1.072652728158313834e-01
1.019862419955637617e-01
1.372357693912183152e-01
6.911887710776372373e-02
1.197268023436844631e-01
7.531093956248929855e-02
8.147629108385930075e-02
1.280704860125287947e-01
8.094549293102130949e-02
1.385318005401314778e-01
1.287011385881654257e-01
9.502087588769533855e-02
1.372088460237421981e-01
1.285405029898640805e-01
5.086293461472007893e-02
1.456037474269631649e-01
6.902355763194135962e-02
6.954462101179165190e-02
1.524430738385955386e-01
1.390224065161414779e-01
1.523173005057125440e-01
1.142031529753980285e-01
9.892549437448870664e-02
7.991124297686488798e-02
1.242188327464364278e-01
7.030817844255876636e-02
7.409034516616128108e-02
4.828826141175827230e-02
1.457575203149886478e-01
1.432042632588576558e-01
9.553195772483061288e-02
1.251826345892340930e-01
1.150146970842162997e-01
1.083633745140430010e-01
1.130451112433910887e-01
1.256688452155097779e-01
1.289673654463761032e-01
1.137674104149315468e-01
7.432160613874547184e-02
1.237029835699803432e-01
5.482435311594178323e-02
8.779515182931321715e-02
1.120109568840374353e-01
9.114408145531807670e-02
1.182370910376910611e-01
6.680491521811710021e-02
1.199842937892493938e-01
1.422526942623703328e-01
6.193455300530230356e-02
1.516060678061318945e-01
1.235388404303650323e-01
1.335550819209788687e-01
9.878224992242247426e-02
5.727227686028978082e-02
1.236450966115983929e-01
5.250315325018126145e-02
1.125318706469864150e-01
1.123837897841826194e-01
1.038298101901492382e-01
1.438665402022631101e-01
1.550418396132473009e-01
1.270301845744877256e-01
1.463010058614085396e-01
5.543378767023391523e-02
1.495249781136305800e-01
8.425593935432081072e-02
1.294895636540967232e-01
1.373367779186343840e-01
8.840157633728683295e-02
1.156789272205430569e-01
1.036420125810364884e-01
1.094263864448851986e-01
9.649031698130396129e-02
1.424444618227588277e-01
1.272995430014122742e-01
1.398084112601200302e-01
1.357697586644237842e-01
1.462984047094341156e-01
1.251849355807772568e-01
9.955524498484191742e-02
2.827444508577180160e-02
8.081768033590215616e-02
1.272540975907797134e-01
5.345979754618954832e-02
1.351863354476591228e-01
1.895076565089267445e-02
1.205712617603480613e-01
5.601492823006846283e-02
5.966528982103100343e-02
1.019399237872983949e-01
8.497903094153509695e-02
8.212243702021826408e-02
9.097013979683001017e-02
9.677433736273438614e-02
3.523623825839640455e-02
1.475194691596136698e-01
1.155797260078208627e-01
9.546967423624097560e-02
1.453618614936642017e-01
8.674220986887497264e-02
1.048983945149359609e-01
1.222952895717000082e-01
7.426298484612245399e-02
4.923791961641671433e-02
1.031386450842926711e-01
9.237719914772675456e-02
1.346226922903918932e-01
1.215158412214076139e-01
6.193455300530230356e-02
1.372874028785971978e-01
1.156789287308124248e-01
1.065049894360087374e-01
9.559866345372414198e-02
8.410625950581226973e-02
9.388372542817632893e-02
9.643069302306375712e-02
6.946554887126003830e-02
3.936317840185558220e-02
7.839033264243182308e-02
1.351629367297586537e-01
5.368826650470380490e-02
9.955524498484191742e-02
9.895844157447793166e-02
1.361183924611842899e-01
1.499609498624035198e-01
7.545994542980695441e-02
1.389881649046238177e-01
5.477944254356713338e-02
1.478751224085228799e-01
5.222099265851409822e-02
1.236298730930746603e-01
1.523003219927516749e-01
8.173544939940023679e-02
5.345979754618954832e-02
1.513101858568930980e-01
9.568995625124161741e-02
1.433266992208486190e-01
1.373457763272881160e-01
1.392969905476599268e-01
6.560444746551313822e-02
1.287347552934696993e-01
8.523780494848004485e-02
4.177256799458411302e-02
1.107075166397905180e-01
7.576568809336434174e-02
1.437301080159884559e-01
6.302511990651914198e-02
7.555432576862634864e-02
1.341345429406070600e-01
1.137345392197681715e-01
1.292911316470811978e-01
1.098672110536241669e-01
9.134515689023274543e-02
1.446690788521472482e-01
9.860043445289833064e-02
3.769860374499235667e-02
9.033508876760862338e-02
9.187400363240944001e-02
1.544525073839242424e-01
7.839077990667019102e-02
1.110720099667218269e-01
7.144841163633494641e-02
1.085829126023884483e-01
8.410625950581226973e-02
1.362225076576107918e-01
1.509317895032346035e-01
1.098040807190315549e-01
1.529782204546760171e-01
1.544442064358341193e-01
9.537292576711348113e-02
8.984533380732971641e-02
1.329608198008137565e-01
1.206017398379801153e-01
9.033963165549220575e-02
1.080973626568819679e-01
8.737280241210110265e-02
1.087730378539571441e-01
1.150072419905002613e-01
9.398809826181801774e-02
8.523780494848004485e-02
6.616784703551351066e-02
1.144315255087950955e-01
1.203767288495442150e-01
9.302846080890823932e-02
1.222560451344918420e-01
1.025987916434668024e-01
4.137782659119086659e-02
1.426629172186054950e-01
9.817082685969631684e-02
8.690516988958268962e-02
8.495406387334769605e-02
8.653152332254805679e-02
7.635529960682897743e-02
1.232933142565382223e-01
1.529181172827819013e-02
1.269243071001398271e-01
1.329411512140598051e-01
1.264128809243199869e-01
1.066189378221519268e-01
8.717132664548514487e-02
1.424996073409757202e-01
9.115442646168972485e-02
9.238855600484024988e-02
6.953557395521275941e-02
6.352916301815250688e-02
9.261931283338600829e-02
9.400942810005093186e-02
1.013068723263697429e-01
1.726491667249431886e-02
1.453076927740617752e-01
4.290562248282264041e-02
1.038352195342029244e-01
9.716849689279877245e-02
8.446835387801064632e-02
1.517430317782777760e-01
8.475925087013037873e-02
1.023692603772631965e-01
8.128646852288760882e-02
3.917704779792643976e-02
6.165793067152951223e-02
7.555432576862634864e-02
6.073920833162432809e-02
9.671565827894754164e-02
1.325820778844467307e-01
1.358706560872332825e-01
9.435422344515190241e-02
1.390224065161414779e-01
6.445117024805128991e-02
1.515897664712573811e-01
1.350954238902962457e-01
9.863587920597066683e-02
1.303037095797652811e-01
9.918924038953957911e-02
7.285387215983851750e-02
1.044418973993744837e-01
9.139399197760805782e-02
9.329670793073542578e-02
1.112754391947037153e-01
1.196302744520741784e-01
4.656453115612617377e-02
8.677115271109502037e-02
4.442784161536830756e-02
1.114797161458872948e-01
1.325820778844467307e-01
9.853403212740155515e-02
1.020984135904670215e-01
8.900446524183154573e-02
4.432915569407234330e-02
1.104582467407091706e-01
9.963501068121125015e-02
1.218706276215822532e-01
6.383042766343823005e-02
1.009004289622452838e-01
1.328872061050496156e-01
1.542694110225558135e-01
1.508270265174296298e-01
1.186792815289252484e-01
9.581948378079135908e-02
1.223576678857066224e-01
8.538268491109406166e-02
1.052940134746462864e-01
6.805804709974742905e-02
1.157358911224215664e-01
1.648510482310563963e-02
1.153490958192261023e-01
1.068751590003042401e-01
1.351374779586328734e-01
1.067757474217531782e-01
3.549305220712907494e-02
7.458802918292044282e-02
1.360963341582636654e-01
6.326978450677958610e-02
6.066388448100774183e-02
9.942059882498070766e-02
1.269361214084419043e-01
7.802159872696153020e-02
9.329412571246770147e-02
1.420150536413734843e-01
1.352630252298457625e-01
1.226107772426802273e-01
9.778286624699542018e-02
1.428900014426112142e-01
1.235770440731531472e-01
3.833198672042104765e-02
1.161077860385165139e-01
8.549313995487392570e-02
8.573010139826599263e-02
1.383112060622493644e-01
1.446566211704561622e-01
1.531618500456041754e-01
1.331364333079204376e-01
8.705086926469239594e-02
7.682113307538941671e-02
1.312467080157404542e-01
1.401466436103093738e-01
1.144533352085991551e-01
1.269940227642682162e-01
4.133755818841564067e-02
1.370254208105322891e-01
1.536213385582050062e-01
5.838218006097177504e-02
1.180743003778149530e-01
1.393027144999084421e-01
6.032491934241674542e-02
1.325820778844467307e-01
7.802448472996552364e-02
1.365292575237525841e-01
8.831919889796596701e-02
7.262362082628857907e-02
1.278233675264212055e-01
1.143382946844909431e-01
1.085561537393578552e-01
1.236210927997719866e-01
5.329048021076315811e-02
1.466052971481585088e-01
1.001993596020177846e-01
7.970701235374946791e-02
5.794410353782399048e-02
1.127523078074879337e-01
1.013262608826115407e-01
1.071186089471796998e-01
4.709861645089635090e-02
1.193076057534969980e-01
1.337673176716294432e-01
1.465942109888717926e-01
1.517430317782777760e-01
1.080603983188862111e-01
1.498376427050013004e-01
1.220874615255318901e-01
4.367748145375434377e-02
1.005861642725181526e-01
7.579404770449557627e-02
1.133792967039115585e-01
6.480943032408142956e-02
7.924760990417961670e-02
1.117505512749847885e-01
1.034267539400572783e-01
8.356585699654489607e-02
1.292560024699178356e-01
9.301688119119065623e-02
9.354749072028982482e-02
1.036099569553185079e-01
9.939019066254764501e-02
4.147676555886584127e-02
1.102047797321876604e-01
1.165132332389303971e-01
1.295353716682760004e-01
9.986151926302483384e-02
7.543405563684123238e-02
1.401718618046671749e-01
1.284344392934175239e-01
1.254977965022002484e-01
8.485970083847629852e-02
1.148693646548469005e-01
5.269090617125486015e-02
1.185902739671503558e-01
1.149584140184822800e-01
1.407041617512501397e-01
1.282007563899665858e-01
1.180926334216576140e-01
1.513566577359758691e-01
5.925891354637827235e-02
6.354970399325132746e-02
1.080973626568819679e-01
8.420319793006161846e-02
1.404500443888855865e-01
1.430029996124361213e-01
1.436158721733402643e-01
1.111159397534363380e-01
1.400794972564737839e-01
4.538005742303077850e-02
7.781706074215910540e-02
1.089430656459064728e-01
9.942059882498070766e-02
9.564448022646251935e-02
8.884135560979003476e-02
8.365521463719320649e-02
7.959386138832548474e-02
6.610290820211037199e-02
1.492087584991079185e-01
1.103200783709091387e-01
7.283128131078145384e-02
1.187543503796064798e-01
2.201879851032048294e-02
8.415857971139367733e-02
1.267064730813517726e-01
5.854649064769332223e-02
7.877061228563196627e-02
1.030703727472278564e-01
1.096681493911529082e-01
9.458722020630724869e-02
7.702100133037315111e-02
1.272843814042871613e-01
8.019977161103036822e-02
1.404037609702087352e-01
1.087612044823130925e-01
1.241811130701517552e-01
8.182214021377938462e-02
6.965389396081564377e-02
4.983865096034380271e-02
1.469546336402642872e-01
1.252322930700252024e-01
7.097706321613715674e-02
1.514602038717483834e-01
1.446932518928170930e-01
1.009865000971124221e-01
1.220874615255318901e-01
1.481583996627662547e-01
9.876535993589724560e-02
9.453781476688127849e-02
1.325822454665394889e-01
1.221891634934103854e-01
1.063909571345970639e-01
9.832384944831697171e-02
1.287347552934696993e-01
1.048175442102738802e-01
1.264128809243199869e-01
9.480271629347851448e-02
1.463317422960624115e-01
3.684383356635269335e-02
8.566404319010309520e-02
6.733892319198218901e-02
7.003490274145952876e-02
1.131011100120255380e-01
1.417149855766022259e-01
4.432915569407234330e-02
1.039850436543036938e-01
7.129845719232284773e-02
1.311576225975278898e-01
1.531718402406411217e-01
9.995355271378318640e-02
1.127880064560363299e-01
6.181369779744045473e-02
