2.424844300593786191e-03
2.795052306146958605e-03
2.729763862071110745e-03
2.825269184406990156e-03
2.351553580110742579e-03
2.753768240627574478e-03
2.828856392083877770e-03
2.278031572605887858e-03
2.003793386627836324e-03
2.589422669055651237e-03
3.333494730968920589e-03
3.041312907328157060e-03
3.260318555722339570e-03
3.430226162329212767e-03
2.330995128016480865e-03
2.271881848859889398e-03
2.351553580110742579e-03
3.401914491060106446e-03
3.430865820858459286e-03
2.312019577510110273e-03
3.152754596458995709e-03
3.431808203152616858e-03
2.967801480069692278e-03
2.303025065457617836e-03
2.908117387454012878e-03
2.607989499753611551e-03
3.298679882552738463e-03
2.224251612593602587e-03
2.899839981876034013e-03
2.283804640978352382e-03
3.069127047518981858e-03
3.444464687631781756e-03
2.600149057272882133e-03
2.290620129007798524e-03
2.745704079604371125e-03
3.135657464457620829e-03
3.194926008401089128e-03
2.363619324951568654e-03
2.406358198837321109e-03
3.406252936436072153e-03
3.333494730968920589e-03
2.768191067963704250e-03
3.004805426444886931e-03
2.936369516316486399e-03
3.367851696925167580e-03
2.844077448501714477e-03
2.175572211103331613e-03
3.355977037813048271e-03
3.132292301173101711e-03
2.649480310755833457e-03
3.354429340588824422e-03
2.862008999712291769e-03
3.416142899606667421e-03
3.366790377407155154e-03
2.282258142087653825e-03
3.315631571922492745e-03
2.188880640016647137e-03
3.100107759408022093e-03
3.022617548723796448e-03
2.484074269117273349e-03
2.299683389005699463e-03
2.833062966055099104e-03
2.585667906406778453e-03
2.617146444845512739e-03
2.876716038038162546e-03
2.580881916874067268e-03
3.255606775564000906e-03
2.622316289239237132e-03
2.760675039784628911e-03
3.405515856017606209e-03
3.332323462911276901e-03
3.371531567314079488e-03
2.781284824775141599e-03
3.394021149348352799e-03
2.578033502827517445e-03
2.865083617939480874e-03
2.279925852163806888e-03
3.337414772567486032e-03
3.420125139618901064e-03
3.493938760211480823e-03
2.350391597695862273e-03
3.288232935557522385e-03
2.193902477782234094e-03
2.927563526127165486e-03
2.799002588417623307e-03
2.746586951844690386e-03
3.256191127780697341e-03
2.625253385511776717e-03
2.968105650031587113e-03
2.802448189111462519e-03
3.473260443960358209e-03
2.169194069530172575e-03
2.341138428633436890e-03
2.824456574811365535e-03
3.078302700982744715e-03
1.994755093163665550e-03
3.130654980146914228e-03
2.691293824176947160e-03
3.127093552074332924e-03
2.635940352004825273e-03
3.204120660807062253e-03
2.032934164316698399e-03
3.390578096267561625e-03
2.419852664476434059e-03
2.681641681294102963e-03
2.932689794498503921e-03
3.421017098302456174e-03
2.523217756342473802e-03
2.235574171548262296e-03
2.020965074927006441e-03
2.753640382585305357e-03
3.402298500593605411e-03
3.007107588033262023e-03
2.661013071649461371e-03
3.090967271476103336e-03
3.126308649487116818e-03
2.701672653479161856e-03
3.131899398473600091e-03
3.089557190881207262e-03
2.229575931478639146e-03
3.311345508570092116e-03
2.310982029370390288e-03
2.478147404168867633e-03
3.464504060031317351e-03
2.772626571519143032e-03
3.354632092546878767e-03
2.889175754158025428e-03
3.439930345998198306e-03
2.965632405695327756e-03
2.671428925822067445e-03
2.947299586198669479e-03
3.234681840242318532e-03
3.368967103106198981e-03
2.508679183050194564e-03
3.377300006876907644e-03
3.281012194460661800e-03
2.763833857196666775e-03
3.071948776503486203e-03
3.020485073957739075e-03
2.208156170808522022e-03
3.007602244807527827e-03
3.466220559881177336e-03
3.250705986916506418e-03
2.582346293770103416e-03
2.961338717098707662e-03
3.327343717561730922e-03
3.065647323562903804e-03
3.125592145649835896e-03
2.281675202980074958e-03
2.879073283026628398e-03
2.537528538472662992e-03
3.065647323562903804e-03
2.081496957492564789e-03
3.220099099103914016e-03
2.296365989074766831e-03
2.928156853172102746e-03
3.228245325746758806e-03
3.470819923957103089e-03
3.144569440467888128e-03
3.059071421789405932e-03
3.323087877459316754e-03
3.370486952887056381e-03
3.307947468593852407e-03
3.303059869701970713e-03
3.408858676915957168e-03
3.053208895534242646e-03
2.746647009826005958e-03
3.294233375544970699e-03
3.329129796966031479e-03
2.512230220476066936e-03
2.196582326246120272e-03
2.176715152602072545e-03
2.946999676846505552e-03
3.033321960007004728e-03
3.487370382624144227e-03
3.354373387591680442e-03
2.903516071366829630e-03
3.049860014555671496e-03
3.425946993988543410e-03
2.082088428111845621e-03
2.938869709813237037e-03
2.672401189384531091e-03
3.238621968545582399e-03
2.847876213549383091e-03
3.393215490644446285e-03
3.048811908822679669e-03
2.951881968058675705e-03
2.858354629385138641e-03
3.100757129316014053e-03
3.209359214940801439e-03
2.653694456172933040e-03
3.292989770451182092e-03
2.727145590512890586e-03
2.414068639570024662e-03
2.672885515990846683e-03
2.238637202197175154e-03
3.273974355836027552e-03
3.073017773025597463e-03
2.707986432043181513e-03
2.710957861525552237e-03
2.667066935036368266e-03
3.443702212136259388e-03
3.392634971592630409e-03
2.877730787179629858e-03
2.349175343023237640e-03
2.425267851584369909e-03
2.831996364664801646e-03
3.490377771299893982e-03
3.129374913534404244e-03
3.468619235378940339e-03
2.737022437101274425e-03
2.173992867457888098e-03
2.744206104083751936e-03
2.888118757859279954e-03
3.060028481265002903e-03
2.706891142920801827e-03
2.167518550249384907e-03
2.531030474581324845e-03
3.090866980226843544e-03
2.706786650893201404e-03
2.237142025422900887e-03
2.756813756907343545e-03
3.400797938954384838e-03
3.045577972469069080e-03
2.717747766374144659e-03
2.709327078523739683e-03
3.441463738979874329e-03
3.300357620978532774e-03
2.328824088604585646e-03
2.661698605746931449e-03
3.402679439238413036e-03
2.155449879348369548e-03
3.444980846502443059e-03
2.194200101365626713e-03
3.458361634314797810e-03
2.461150063058428327e-03
2.235498973711549150e-03
2.317839605998000402e-03
2.253248557147632079e-03
3.189208309982586274e-03
3.464884999352640677e-03
2.755190422088325472e-03
3.293902895238242073e-03
2.701672653479161856e-03
2.897200803006354068e-03
2.814861163919666568e-03
3.338980125867151844e-03
2.684136518792196863e-03
2.141769758570933897e-03
2.758950537295158049e-03
2.629256146526727338e-03
2.708621454488894902e-03
2.327864565851122704e-03
2.937124509555816103e-03
2.711666683319340510e-03
2.365689963717325373e-03
3.432255999736925564e-03
1.908154513340224508e-03
2.921026578158146536e-03
3.085719108162592820e-03
1.934125067968788447e-03
2.092185672290684806e-03
3.143879128381391053e-03
2.398183063593536165e-03
3.482875429131270743e-03
3.173854231614681685e-03
3.147367327318778725e-03
3.449854369315436334e-03
3.152680618483669813e-03
2.926764645225050140e-03
2.829961206762043446e-03
3.257993930028594762e-03
2.469742978923109272e-03
3.191524653561927938e-03
3.375488497692109152e-03
2.574964615330475274e-03
3.269268776306010881e-03
3.342897978347270441e-03
2.647072590940313490e-03
2.951749811178419614e-03
2.713671792114692380e-03
2.563303817510501417e-03
3.313487819867523641e-03
2.434995070996566827e-03
2.398735073627087863e-03
2.911103410504835808e-03
2.496269971676783050e-03
2.985053823348762965e-03
2.832280053789774238e-03
3.310857914843696407e-03
1.955833454389805867e-03
2.292727774984956030e-03
3.142904029421633716e-03
2.747822005188148547e-03
2.840877619434429430e-03
3.464504060031317351e-03
3.459286404588405098e-03
2.835710415866553400e-03
2.467666145885832364e-03
2.973803914555596742e-03
2.977017408080253821e-03
3.168127850186404967e-03
2.494386820299903870e-03
3.363018485174720015e-03
2.689918151335606716e-03
3.196884554997785240e-03
2.922863950396311500e-03
1.901710823398098434e-03
2.923607071474783499e-03
3.247690051315446809e-03
2.807018545120794090e-03
2.556200893689906592e-03
3.008825184591867527e-03
2.676647740541009471e-03
2.591663722621583357e-03
2.216959182749688763e-03
3.275716431001119474e-03
2.463140129728223337e-03
2.241525265667036401e-03
2.716021108931565044e-03
2.606333059481360549e-03
2.292727774984956030e-03
2.867808845539856783e-03
3.050459519770713172e-03
3.338378176512863272e-03
2.750112407869670633e-03
2.910067758466182777e-03
3.331137623476808883e-03
2.881232454125144671e-03
2.284650643709396165e-03
2.088938353572473636e-03
2.594109053327725307e-03
2.657198969578833392e-03
2.390906595489125392e-03
3.276492851220152731e-03
3.122675839193906743e-03
3.413511325926667315e-03
3.198866461234778531e-03
2.703870357678073502e-03
2.856648338356206594e-03
2.228477314504583810e-03
3.161441069859570463e-03
3.406189226588573864e-03
2.441637692371416250e-03
3.280770172747745055e-03
3.285751600135338076e-03
2.808677134816361075e-03
3.301954328504594360e-03
3.309154836092433917e-03
3.024670708693205385e-03
3.457206940618433831e-03
2.592660784256159250e-03
3.182569892891179940e-03
2.315574739596018040e-03
3.025878643307445583e-03
2.473665321754052113e-03
2.350308790461325906e-03
3.047948389653868610e-03
3.227699569660660329e-03
3.300357620978532774e-03
2.983949888452825262e-03
3.009823074823510247e-03
2.911103410504835808e-03
2.796049480221306834e-03
2.907180445493462960e-03
2.445177472853231164e-03
3.469631527194893574e-03
2.870259186434598667e-03
2.339249288614432976e-03
2.339982166925436147e-03
2.428602695231541798e-03
3.476102134506086835e-03
3.094762117647190634e-03
2.256445397798556834e-03
2.382581143853109915e-03
2.904981162556315687e-03
2.686138795580808071e-03
3.243087192457627492e-03
3.065754063011801468e-03
3.367608726512602048e-03
2.988531138866959598e-03
2.599015635565545164e-03
2.990484205591368433e-03
2.786749135876042012e-03
3.010500803274910285e-03
2.275005386616227830e-03
3.463576202185375975e-03
2.894839622015510025e-03
2.815028672366875085e-03
2.855955626111475031e-03
2.564247668333156580e-03
3.060229011065906252e-03
3.007829342016274301e-03
3.224745854492501278e-03
2.507737458292341477e-03
3.085588603390744273e-03
2.864244773764838825e-03
2.610241081549098327e-03
1.889555352190058594e-03
2.547697880291057738e-03
3.428147256704142196e-03
2.735904646955730248e-03
1.919751257228670144e-03
3.273606386857318834e-03
3.053938982743845034e-03
2.926379671428756997e-03
3.370120052136367592e-03
3.440952873165624166e-03
3.421489068575075520e-03
2.370473602322617241e-03
2.016711681205249785e-03
2.407045919807075142e-03
3.363573702330995788e-03
3.086910542066444250e-03
3.431039951450682874e-03
2.274475437221091557e-03
2.815664698545090536e-03
3.377300006876907644e-03
3.039638148320991662e-03
2.063690784249603161e-03
3.379677504826116008e-03
3.365134157567655198e-03
3.336596100940165781e-03
2.388065202819270906e-03
3.251075388898470690e-03
2.772626571519143032e-03
3.362479194614212581e-03
3.382469226136129714e-03
2.959674449199716298e-03
3.449854369315436334e-03
3.432255999736925564e-03
2.535986362293936227e-03
2.968340782888343431e-03
2.932689794498503921e-03
2.253596946548130312e-03
2.660071368827279445e-03
2.204164093981603526e-03
2.779348839316716883e-03
2.612325189083187886e-03
3.280089461302721204e-03
2.698517533293165373e-03
2.942803626709441633e-03
1.931721919308672115e-03
3.236517258007006338e-03
2.146460765089400896e-03
2.315898426522782633e-03
2.349902575786408637e-03
3.055139315068415053e-03
2.675944221488550569e-03
2.592059064121089804e-03
1.952684304823230563e-03
2.949401501617372572e-03
3.360197105226434000e-03
3.240939979594936390e-03
3.441094005197739385e-03
3.133949890490980023e-03
2.153281701741909318e-03
3.287966559884564731e-03
3.071420549180884849e-03
2.289634725867667649e-03
3.425437302610159079e-03
2.532337351213389490e-03
2.977833951290015553e-03
3.169273981795350976e-03
3.347375574076688620e-03
2.950580711637435134e-03
2.034367868781908860e-03
3.369827178649382332e-03
3.468624682969476992e-03
3.417406615119477926e-03
2.303628015250560636e-03
2.960509865568066064e-03
3.376610582728265756e-03
3.486146905344827615e-03
3.178312170807372130e-03
3.267145131605224927e-03
3.463744515211032195e-03
2.757192893003111885e-03
2.636110860441786066e-03
2.025914772837574939e-03
2.949401501617372572e-03
2.552139638396156828e-03
3.215995030808840860e-03
2.988178931557612487e-03
3.191852011114049148e-03
2.006561177100639297e-03
2.559576923364959185e-03
3.310172761805389285e-03
2.816400387642985573e-03
3.138929842941697284e-03
2.310982029370390288e-03
3.272129884165055329e-03
2.893973712609351941e-03
2.368178240955236095e-03
3.399622635120960745e-03
2.174753281746787982e-03
2.710975973714900393e-03
2.936245277399896110e-03
3.303481315372790422e-03
2.582653330604631637e-03
2.009289533223090288e-03
3.019453028718035829e-03
3.435943536637365084e-03
2.190125747752222785e-03
3.048811908822679669e-03
2.767840539865438522e-03
2.689918151335606716e-03
3.445821783156584675e-03
3.339667044624567219e-03
3.440952873165624166e-03
3.166260013815085528e-03
3.051667256834164708e-03
2.256550056544412777e-03
2.700541365376213105e-03
2.575743773700083297e-03
3.224318860954130794e-03
3.060268633325763030e-03
3.180759795757757014e-03
3.224161075546103788e-03
3.147461861833371864e-03
2.296731016671351138e-03
2.411526450251539385e-03
3.098081053172733502e-03
2.042548189071181821e-03
2.939161099764875211e-03
3.056338492572248204e-03
3.407341944021899209e-03
2.674297232878189781e-03
3.244995384275103575e-03
2.865025534329949421e-03
2.538137942080401742e-03
3.382552042508701895e-03
3.162516462628936660e-03
3.371795090990549644e-03
2.734892828645203722e-03
3.302186134817056314e-03
3.119864222380720579e-03
2.622083462005345318e-03
2.068524162904185337e-03
3.480475984878122868e-03
3.311529400518872963e-03
2.907417271766555688e-03
2.602551633842448836e-03
2.534881423278167838e-03
3.270139619802829318e-03
2.682434277882801438e-03
2.721398159478196146e-03
2.508447562896149851e-03
3.180524034918851342e-03
2.711928119522396922e-03
2.686964274284725160e-03
3.488815298209370971e-03
2.276924393494955852e-03
3.195370734781503332e-03
3.236936288239168364e-03
3.440930690748398614e-03
2.860106774921981031e-03
2.196241773177214779e-03
2.886457621517829648e-03
2.858806990226701612e-03
3.392634971592630409e-03
2.501381747972509020e-03
2.724965278446108818e-03
2.937117491907705914e-03
2.070474124181254354e-03
3.430410230427163518e-03
3.385080188385840728e-03
3.482169299354404782e-03
2.379935004629782792e-03
2.632099837222776073e-03
2.565063572519133903e-03
3.178618531135288770e-03
2.779181580852525292e-03
2.927929316697958778e-03
3.355225389378181048e-03
2.800180365061927072e-03
2.712756964023177453e-03
1.928353041987945944e-03
3.400111562597067389e-03
2.872632516476568941e-03
3.485838340453158504e-03
3.335089102517743709e-03
3.385135521286874831e-03
2.787702973999068440e-03
2.175572211103331613e-03
1.838136726758920602e-03
2.944636032923844248e-03
3.419683779666922354e-03
3.025215833462661236e-03
3.397662168852172340e-03
2.363422986196936620e-03
3.198608005707066684e-03
3.069818817097483190e-03
2.438575854883049884e-03
3.420226061203751871e-03
3.337414772567486032e-03
3.322586925226409579e-03
3.445216807737998092e-03
2.322793673250184848e-03
2.746147253235124274e-03
2.459923048568823586e-03
2.872420515777489823e-03
3.459126410287470532e-03
2.619441435311831851e-03
3.028536354141415053e-03
2.435692485184249266e-03
3.269628216435883222e-03
2.369004752283947017e-03
3.243785093061301618e-03
2.388805999318551442e-03
2.004638668289378256e-03
2.956923793686349906e-03
2.442057478084662652e-03
3.363018485174720015e-03
2.864680236676452833e-03
2.686165573275150781e-03
3.232524906236640058e-03
2.962928853801687860e-03
2.246553866230367475e-03
3.108828894052712184e-03
3.008949157064882279e-03
2.350796893548800972e-03
3.237301556442448696e-03
3.249337669166249467e-03
2.982571169320805474e-03
3.488309552498725357e-03
2.677009433916186128e-03
2.610241081549098327e-03
3.380829140713947564e-03
3.081377446682153232e-03
1.946702016381718272e-03
2.380452853824233019e-03
3.487512283902736727e-03
2.188033279263707030e-03
3.463023194429354964e-03
3.022729690523604917e-03
2.351582706241482027e-03
3.130319890538298816e-03
3.435170380792813491e-03
2.493648494449024478e-03
3.163395340158980679e-03
2.306692604141578288e-03
3.012680932800239179e-03
3.000905830708921682e-03
2.937019620432049834e-03
3.200599840441234554e-03
2.652684348862557537e-03
3.321988028136381357e-03
2.105272511427824182e-03
3.251955683667341005e-03
3.007602244807527827e-03
2.866810437399303427e-03
2.619478973157059881e-03
3.425672151791325868e-03
3.183348169918693606e-03
3.305506791583399245e-03
3.393819305225864724e-03
3.476515508793218828e-03
2.897200803006354068e-03
2.742902283723492370e-03
3.377135119003680901e-03
3.173489413163866225e-03
2.724016401135836464e-03
2.620120595390619707e-03
2.381195330892739437e-03
2.677408930621639257e-03
3.132418536959591469e-03
2.756501061606836563e-03
3.442553247968493067e-03
2.270554184825175712e-03
2.756089962759217596e-03
3.154964517312384888e-03
2.622944663207218627e-03
2.740124423949549110e-03
2.476928351627995586e-03
3.191057741808720968e-03
3.088660018230436274e-03
3.066966259850551629e-03
2.497372108116815287e-03
2.371999462568998799e-03
3.182280503794888624e-03
2.349652597932915671e-03
2.751689641412708841e-03
2.640297652015988726e-03
3.006843599659224982e-03
2.193371857983101615e-03
2.187174207326743509e-03
3.144384577938499209e-03
2.617695505973505025e-03
3.252764368680548766e-03
3.389790775901669467e-03
3.010500803274910285e-03
3.006422988556391174e-03
2.309491938582778226e-03
2.966764443390582269e-03
2.646114573118866792e-03
3.376912799678674550e-03
3.123365527088734113e-03
2.390981521024620506e-03
2.479490687623570489e-03
3.464733976758437375e-03
3.041034920341140722e-03
3.126970976099853472e-03
2.916866892799973004e-03
3.073322565159203150e-03
3.202157242896169070e-03
2.902362996450625916e-03
2.550326507216417200e-03
2.351582706241482027e-03
1.928932012887816204e-03
2.925593400338645685e-03
3.345005528664685233e-03
3.068963783353332794e-03
2.591663722621583357e-03
2.400908917754029231e-03
3.296009462005891795e-03
2.864201695730527256e-03
2.098433516679303317e-03
2.723096417419357262e-03
3.487351303850547233e-03
2.248441496986361247e-03
2.630070910130802297e-03
2.153869175625533310e-03
3.104315999974501059e-03
3.213264911452338481e-03
2.082289598534062779e-03
2.388619560787438867e-03
3.138270720870318595e-03
2.742902283723492370e-03
2.700617249484555185e-03
3.303112309135929937e-03
2.092185672290684806e-03
3.257804801949255695e-03
2.694479527045712686e-03
3.315631571922492745e-03
2.869625010047397590e-03
2.918799277102852082e-03
2.943291714469255249e-03
3.305469761305698286e-03
2.510657548225302300e-03
2.994939299391533114e-03
3.453448158583272403e-03
2.714159892940886873e-03
3.404074560025187237e-03
3.368077125020757772e-03
2.975980778837961603e-03
2.920071769789360939e-03
2.702551955148081372e-03
3.161146146324858141e-03
3.183624834169348095e-03
2.232095372581940039e-03
3.281210330429180227e-03
3.392775813157028909e-03
3.354726881400369939e-03
3.202945030536321746e-03
3.317063119927821015e-03
2.812473659574707581e-03
2.858631757571284716e-03
2.495329188162673500e-03
2.655253750343455985e-03
2.605128053906241407e-03
3.083175382433894947e-03
2.759608981888007732e-03
3.495872678263005785e-03
2.142322481281569609e-03
2.867367981814249699e-03
2.715598395690150407e-03
2.640812097180173824e-03
3.385080188385840728e-03
3.405422951119304372e-03
2.755355940764209720e-03
2.867086061681681057e-03
3.087032113707997849e-03
2.900196169705865964e-03
2.615075866719938566e-03
2.495600503620747264e-03
3.279864463261309045e-03
2.988568733661463653e-03
3.047803165171434660e-03
2.879618291783363117e-03
2.955017828165655298e-03
2.546622047920906948e-03
3.286768271056676044e-03
2.206605321095404543e-03
3.284458480143829292e-03
2.600016605475960734e-03
2.637563153158419861e-03
2.702484205621213421e-03
2.618712115300746851e-03
3.391369605932402758e-03
2.949224801612443381e-03
2.769338622732701871e-03
2.565351121942783565e-03
3.428518366178039470e-03
1.924033846160937665e-03
3.300266067101002756e-03
3.128495718713784034e-03
3.258485032643029539e-03
3.173460265322820481e-03
3.384957350440444962e-03
3.144548352986246617e-03
2.273117768786039449e-03
3.359865464668612689e-03
3.471722613226578460e-03
3.027778026897741913e-03
3.194464614997944221e-03
3.196308494604957820e-03
2.520762786969737816e-03
3.443504260256339492e-03
2.924870315260608838e-03
3.053587908927855692e-03
3.020841148104514134e-03
2.327397827208177103e-03
2.621633516721868368e-03
2.797966420182964199e-03
2.817144649405860408e-03
2.497334327375505102e-03
3.278524625347769769e-03
2.686944823846815125e-03
3.206260658378772780e-03
3.004617583221362489e-03
2.409664699904405863e-03
3.277163825500696483e-03
2.772626571519143032e-03
2.867086061681681057e-03
3.058875345043867572e-03
2.537699856124149469e-03
3.331137623476808883e-03
3.047948389653868610e-03
3.180757357852834807e-03
3.033301994997612480e-03
3.439412056788744045e-03
2.926845354157863593e-03
2.638959325028627026e-03
2.354696762590962472e-03
2.597169822822686588e-03
3.084508403534222225e-03
3.244337423565647315e-03
2.900735701509496965e-03
3.410848088637905354e-03
2.967161535887794487e-03
3.430865820858459286e-03
2.372653829652833155e-03
3.050718536461173667e-03
2.868656001564974089e-03
3.476008028102331275e-03
3.465481433854328188e-03
2.602509045977972977e-03
2.896194598856750152e-03
2.629692100641673261e-03
2.453517436329379423e-03
2.339618845742640757e-03
3.004872194158890366e-03
2.390531092161816799e-03
2.239570957985758184e-03
3.255575529554423017e-03
2.802830687027466679e-03
3.237282337200796545e-03
2.259823686614437829e-03
2.412170745182133820e-03
3.421777464807510168e-03
3.464733976758437375e-03
2.890545417055251885e-03
3.248157097823592757e-03
2.737837767114406629e-03
3.459415260171485890e-03
3.331382182854274610e-03
3.313770130633973861e-03
2.677567861173747385e-03
2.529337928656043982e-03
3.379162479118507246e-03
2.918644641543950528e-03
2.672106152292740532e-03
2.974399052281029299e-03
2.386741447290340566e-03
2.910815386599968375e-03
3.173803875580295114e-03
3.186260295137108983e-03
2.689124485322898390e-03
2.932722232037075771e-03
3.102273413328792209e-03
3.264490161430338815e-03
1.991618787600611153e-03
3.092649297946559184e-03
3.306679876455234646e-03
3.271766656758337555e-03
3.027085328932229216e-03
2.704054959663141494e-03
3.147449199322473971e-03
3.123778355780957878e-03
3.223057873568873147e-03
2.225764418751120018e-03
2.772626571519143032e-03
2.224501632082171148e-03
3.152816890043996095e-03
3.352141756755092506e-03
3.342035463950691811e-03
3.038922913047101791e-03
3.291442308518658429e-03
2.914952608291111226e-03
2.237142025422900887e-03
2.592044204041678030e-03
3.165842422427847351e-03
3.001547695821986210e-03
2.052051666055677241e-03
3.394658694719929204e-03
2.934625545962112926e-03
2.697865054235087587e-03
3.317719650607061505e-03
2.577575706903970608e-03
3.408164474590897816e-03
3.224147353776790972e-03
3.245815522786868468e-03
2.289034869240393327e-03
3.255196138943874766e-03
2.560201226277709040e-03
2.552593325253506990e-03
3.085816196975738578e-03
3.447568657050136334e-03
2.189941143973288522e-03
2.659326768959867620e-03
2.797560159195528872e-03
3.170475660968177616e-03
2.645687629055728813e-03
2.157361411787496464e-03
3.467208348563570637e-03
3.395259092629779145e-03
3.122783295630274236e-03
2.064637328050779926e-03
3.384733083484625909e-03
2.107207626551385257e-03
2.659326768959867620e-03
2.924368491596651947e-03
3.400895301593806486e-03
3.345502250098024519e-03
2.965237718530972476e-03
3.461146506583826117e-03
3.478497398304631564e-03
2.851206489275232101e-03
2.116167985614884374e-03
2.874351956806296769e-03
2.232941376400370079e-03
3.359865464668612689e-03
3.205441863022330529e-03
3.332831980806649948e-03
2.639639504949621227e-03
2.288047872543234364e-03
3.258175988048587698e-03
3.254458461694794379e-03
3.172612102327271224e-03
3.406736065460568876e-03
2.986094013247959054e-03
2.769338622732701871e-03
3.299599016410300050e-03
3.257804801949255695e-03
2.873582294016030231e-03
2.906823265423707538e-03
3.363997595093076894e-03
2.682949398171530046e-03
2.503876466735660902e-03
2.318762084879237573e-03
2.730202441668121496e-03
3.060229011065906252e-03
2.992154440334847919e-03
3.392172880493753151e-03
2.132167299197459693e-03
3.404817572876060912e-03
3.155692716875083473e-03
3.004617135993490132e-03
3.124790423153439491e-03
2.953560175102741374e-03
2.747198857977074110e-03
3.359865464668612689e-03
3.464504060031317351e-03
2.018407948796081472e-03
3.355568412118280219e-03
2.605332369239115979e-03
3.241367608430967273e-03
2.426694689271040924e-03
3.182756718419875799e-03
2.754780472258846254e-03
2.959020010867961618e-03
3.099429885433751392e-03
3.313401077353256285e-03
3.457428514133971311e-03
2.987458939654288100e-03
2.591663722621583357e-03
3.068739037871416522e-03
1.885447428174487784e-03
3.130776482208840611e-03
3.279305383241325547e-03
3.404961305503801695e-03
2.583247462597686606e-03
2.406807117630106567e-03
3.468321128544732922e-03
3.419916536672066437e-03
2.842419590827212784e-03
2.185125070977267901e-03
2.862165765984360857e-03
2.240078002544069070e-03
