1.900844591224526425e-03
1.236649439223278663e-03
6.441537126181720021e-04
9.297567708171454708e-04
1.718119518021381806e-03
8.196860273010101111e-04
5.890320247579795962e-04
6.435374258365761943e-04
5.484866645551456608e-04
5.885051617059465024e-04
8.913751138223411155e-04
9.206094090623001677e-04
7.372248381650694420e-04
6.176023395944007502e-04
1.067209660523070003e-03
4.787830111080810212e-04
6.847351722457388403e-04
6.975884514995279399e-04
7.334606128332783878e-04
1.192054195521690752e-03
7.151469333683915276e-04
4.910248496119445525e-04
1.967269074623696334e-03
1.054930973219091401e-03
1.332775415098300586e-03
9.436144327934772261e-04
5.369216453723118978e-04
6.421803635417207149e-04
7.547391919243479812e-04
7.283654019581640429e-04
5.354966208291190785e-03
1.114810691027062544e-03
1.214697190383032298e-03
1.273216388704306564e-03
1.959164126613398803e-03
7.720691285351228769e-04
4.836066583565874310e-04
7.211835874233831802e-04
8.652646720822003597e-04
5.221445266332895964e-04
6.204136211868598689e-04
8.171833359829030379e-04
5.697218313523373700e-04
1.114810691027062544e-03
9.125262808933567353e-04
8.063770478615744529e-04
1.558405914042892710e-03
6.407795253198272012e-04
1.015761801043777758e-03
6.776385100634430263e-04
5.168977937486795172e-04
8.139835365221197031e-04
7.864983647183211406e-04
4.872287089104030680e-04
1.218431793313616909e-03
5.777559580605877865e-04
7.488615418004959320e-04
8.499776519844508271e-04
8.735252591278255298e-04
5.215072660743314513e-04
9.141352138514031132e-04
8.663523496734589456e-04
5.687674512731662668e-04
8.375222157108559110e-04
1.744610931648805149e-03
7.315130392982654214e-04
5.497392294164963689e-04
1.245257496809049243e-03
5.766200785061332537e-04
1.783774745712842294e-03
1.407585424063253956e-03
1.271938296369512283e-03
6.653278684846260747e-04
2.877064609718775826e-03
4.974215369568801707e-04
5.375749034271866574e-04
4.984393974765452106e-04
1.602029901563509912e-02
8.575345674302203977e-04
6.825804681595734049e-04
6.428635868893830402e-04
8.911351661319986050e-04
4.593830008881472516e-04
2.508499098026740776e-03
7.608986443028264556e-04
5.944802034534542659e-04
1.731465685275968740e-03
4.881325514290252255e-04
4.592079777447392267e-04
5.241927474070751797e-04
2.862786942483828805e-03
4.740869503377946517e-04
8.285159372951919187e-04
5.524063767020820402e-04
1.288523370301489961e-03
8.608873184381329174e-04
4.699872739554494154e-04
7.750539438032130399e-04
1.122300542660341263e-03
9.800935126256364073e-04
6.546696168757503266e-04
4.824733061435663626e-04
1.078640492809576851e-03
1.308010061749289351e-03
1.597570771026739179e-03
2.421847024802344615e-03
1.363995810724938579e-03
6.572052311234853747e-04
1.902990787943897215e-03
9.038396165372482608e-04
6.177224130047216958e-04
6.786301613434908130e-04
3.280884201369074597e-03
6.032252922278933446e-04
8.080651633195099978e-04
9.318593058221420755e-04
5.102990585953136879e-04
6.189181232586968544e-04
6.386506829517401293e-04
1.561480198964281104e-03
9.337482470772841747e-04
1.007101719112426120e-03
1.433080615335340828e-03
2.864645327837725582e-03
5.046858961781878084e-04
2.276134204538559237e-03
5.581139023383483019e-04
5.835114899671677404e-04
1.717372881894416864e-03
9.066079268819277927e-04
1.338288146832004432e-03
6.448169895075061935e-04
8.933833283997762121e-04
9.484071329298039525e-04
5.395310679623550312e-04
9.415524845509865882e-04
1.001622679114837471e-03
6.902271426675117734e-04
7.053029857075480188e-04
9.955432067592035004e-04
9.200320919392210913e-04
2.503175694690510256e-03
4.778270317274212046e-04
1.002204308487968055e-03
5.910163454744636873e-04
5.860171989152392980e-04
1.295079163720648996e-03
9.956536936640775562e-04
1.464937550373274873e-03
9.341896130518861485e-04
4.971661201980942654e-04
1.046454365807146774e-03
1.602315600092835222e-03
1.433080615335340828e-03
6.106372031313124721e-04
8.164128025310942892e-04
8.559766597766012373e-04
8.316490726763249791e-04
5.067799980194093645e-04
1.818083837997752639e-03
8.171098998950837968e-04
1.648268738792296696e-03
9.098573946963774963e-04
6.448169895075061935e-04
1.756154160197125969e-03
5.571717202834988291e-04
6.462667310906771963e-04
9.128430494345792477e-04
7.468524827100226672e-04
8.075311439671849657e-04
6.063914437775677147e-04
1.530057509452627251e-03
6.720672968200515438e-04
7.039494604979726995e-04
9.095097289567475804e-04
6.079442474570048846e-04
7.678711410993696498e-04
7.546804150906967100e-04
6.454354899451806475e-04
6.789523352705419340e-04
6.504075824082186392e-04
1.263086324688926856e-03
7.113086912821806008e-04
1.647212163852590028e-03
1.107661054579718802e-03
6.335990142317124776e-04
5.956375450630153282e-04
1.217598221776249783e-03
1.270842469812945600e-03
4.745771992974045410e-04
1.466261076041270889e-03
5.543670608379986471e-04
6.584364794608036156e-04
2.051953374014217624e-03
1.707803150573303968e-03
6.407534307148293447e-04
4.588479239975582283e-04
1.675767896794517001e-03
5.195510649615196026e-04
1.237733068933243421e-03
1.080331779703409606e-03
1.005739580839105181e-03
6.844359377192307716e-04
7.372248381650694420e-04
6.421803635417207149e-04
1.046508476170197269e-03
8.511780189522302623e-04
8.036613417621162221e-04
6.290323192501836528e-04
4.796209985235359288e-04
5.818290667854933299e-04
1.315152103560490900e-03
7.896079964245453090e-04
2.155422918232772090e-03
1.104667219369103977e-03
8.620239226574253526e-04
4.819634227346726997e-04
6.657400805550111808e-04
5.200454095549088794e-04
5.515909579265811796e-04
9.780684292025692249e-04
1.033192038403842657e-03
4.825228028029721972e-04
1.253328413079898363e-03
6.139930790261327121e-04
5.006226750378159470e-04
5.962580267396531443e-04
4.871793591038477513e-04
1.913248221010703867e-03
2.792648867302276443e-03
4.535056056407380160e-04
9.284173955049765999e-04
1.468086752329282813e-03
5.954523258897382676e-04
6.881720334162514524e-04
8.104875412195584623e-04
6.658120063421696291e-04
9.275658867417404608e-04
4.398277944181245474e-04
1.201101798679017662e-03
5.547852899901790057e-03
5.697218313523373700e-04
7.004583373593679203e-04
8.855294416261678438e-04
1.727878829398338170e-03
7.177270988749644576e-04
9.725532150625105761e-04
4.888859256031546615e-04
1.801043930220100169e-03
4.805234563817048412e-04
5.968666953203958115e-04
5.844621092756053854e-04
2.069967616977773806e-03
8.066600872579986290e-04
1.309176559536780627e-03
9.581389110573018458e-04
5.821279987475008180e-04
1.091720628637289159e-03
1.065984417828675593e-03
4.987674486252025290e-04
6.990517877706664204e-04
5.016334955071629969e-04
7.978455641757740665e-04
1.022718307513754846e-03
1.103338888503714761e-03
1.200961115163368381e-03
5.162097623140229994e-04
6.265483051092018930e-04
7.046266245039531882e-04
4.889297434428072422e-04
7.433409163377756182e-04
6.387837077587288749e-04
6.024187696464775900e-04
7.742969548841694034e-04
7.765736257611324930e-04
8.791281702382776472e-04
7.491092222533656409e-04
1.424645243167513894e-03
4.588479239975582283e-04
6.331087315408091137e-04
4.471309868338035941e-04
5.526436514796505143e-04
7.439024437894427560e-04
1.944634843195640686e-03
5.871656312127390394e-04
6.176023395944007502e-04
5.261895323141744423e-04
5.439072573630813080e-04
2.001231163663554947e-03
6.221353960662621497e-04
5.423898126850298408e-04
9.272144571356373847e-04
6.342727717539600697e-04
6.711404861117823122e-04
1.732436720518735346e-03
1.331733665354736459e-03
5.934969066110375863e-03
1.632009108190234786e-03
6.363034301257083350e-04
5.799807849808033544e-04
5.847798166533847881e-04
6.625395924314650712e-04
1.130516102648323031e-03
7.433086096509098663e-04
8.162956027612240477e-04
5.692501774362929666e-04
5.946171135740830564e-04
6.244214595379284386e-04
1.148328008897295119e-03
9.214816528242468453e-04
6.195096010057479568e-04
5.886251485691750386e-04
5.720188209502525319e-04
1.282276857821388087e-03
1.236690362176886713e-03
6.139346413934192864e-04
9.310846602114802037e-04
7.879242509723914829e-04
7.238419118325578345e-04
4.763655327958320001e-04
6.475723269393777104e-04
7.420914187674329011e-04
4.203350895715014975e-03
1.843775646854712994e-03
5.674442379644741453e-04
5.930048381592704530e-04
7.208892338561431658e-04
5.186421912858980767e-04
8.949525425290666674e-04
1.155906263108373144e-03
2.074428483305156435e-03
2.280422369880645474e-03
5.324876259511546238e-04
1.180237583699334739e-03
1.359573068929383240e-03
5.126253765381542319e-04
1.279618189255002239e-03
7.528864528689756383e-04
1.876564927169732970e-03
5.388095763383630044e-04
1.130516102648323031e-03
8.151399675320932783e-04
9.662604877058871044e-04
6.966396135565102680e-04
6.161972473917152636e-04
6.011137857432395865e-04
4.581514406051559419e-04
9.129106759202044227e-04
5.286354602176537637e-04
7.221087080227036768e-04
9.041709243348122890e-04
6.219309246142106385e-04
1.306328916853041451e-03
5.248728111498413181e-04
2.449609114371103895e-03
4.780424902064600882e-04
1.481423229634537672e-03
1.546742337542290815e-03
4.821047030228300186e-04
8.878883710378996036e-04
1.305097899096806409e-03
5.644147952327419147e-04
8.828119863849105469e-04
5.492493699231585378e-04
7.781349171658796891e-04
7.041936836692823040e-04
1.282276857821388087e-03
5.580441591678354319e-04
1.114527896897591925e-03
9.594064584060053164e-04
9.238676359802635522e-04
9.690535694440205764e-04
7.077076701787167945e-04
7.994959425217705931e-04
5.272638964112651323e-04
9.658891398724950370e-04
8.568227562843837818e-04
1.035973145988854397e-03
4.997329335256556681e-04
1.069230160990055929e-03
5.583953525018995733e-04
5.310414429906460104e-04
7.860799529377643629e-04
1.297427744970163334e-03
7.968276173638645177e-04
5.738673585335034907e-04
6.501613802285116650e-04
5.785168825228274424e-04
7.742200554487924189e-04
9.539540247719025413e-04
1.679673781341220690e-03
7.115151834358621153e-04
7.599013815206480827e-04
5.007432268749794149e-04
9.500273576627905414e-04
6.601556309741285749e-04
8.533510037097635304e-04
6.553147051817741339e-04
1.448963238510597501e-03
6.239008906542165434e-04
7.921340394957023922e-04
7.983682951961137931e-04
6.130275197195201708e-04
7.590512595070042718e-04
1.091245720742994169e-03
9.390111102396983501e-04
7.310844897039272660e-04
6.969154619749382213e-04
2.041038004275285648e-03
6.480328085712306870e-04
4.535056056407380160e-04
5.839284994070818207e-04
1.086940817009783176e-03
1.334894311135784335e-03
9.740239993316940782e-04
5.088253094481973941e-04
7.561713347525751954e-04
4.426253036436767017e-04
2.361032457719517124e-03
4.668915479412510602e-04
2.074428483305156435e-03
1.079721398498635415e-03
5.958839170408417691e-04
6.753407963415730556e-04
5.942957330143327187e-04
8.075691880250039385e-04
7.952275019497693142e-04
1.454556424555461178e-03
7.176085788697044538e-04
9.629785850006196369e-04
5.170910715187562083e-04
9.610187991479895433e-04
1.120228364253751966e-03
7.404170144099590616e-04
5.607100211653917761e-04
5.234457443657570619e-04
6.034417398833621764e-04
6.187332724643346228e-04
8.649052665522261605e-04
7.279731441932642396e-04
1.149921621728319581e-03
6.625395924314650712e-04
1.301851030215777283e-03
6.292315178528533250e-04
1.070963543954914395e-03
6.205544069014424938e-04
9.379278405816548125e-04
5.748306287859040109e-04
6.589753288476132148e-04
6.595686540495021913e-04
4.990930351653027853e-04
5.535232249592725567e-04
1.163932280342331281e-03
1.044982756674593281e-03
5.197232369549558036e-04
1.307578215766953128e-03
7.431048930453349128e-04
7.432335253256306968e-04
9.882861133672104798e-04
9.344783885435851978e-04
4.955067407694382442e-04
6.280554626637936460e-04
4.442999258208601304e-04
5.397961092449192564e-04
7.088725984143204144e-04
3.423975497470308112e-03
8.423219393691361214e-04
5.476421492756191950e-04
1.248304566069458879e-03
8.630410237549655979e-04
7.026038773339260976e-04
7.127176802030218104e-04
5.364262859816763861e-04
5.853553044980865441e-04
8.436515846654870894e-04
1.792036008013635651e-03
1.104876525584460797e-03
7.157960879481115642e-04
3.170862896022867000e-03
5.558053288556621388e-04
5.684898398869802066e-04
7.249996221148608628e-04
7.352104247023961113e-04
5.335822745215253052e-04
9.521905607900383239e-04
1.304142299718095499e-03
2.485057247813693328e-03
4.528894739169397562e-04
1.891613399873565571e-03
4.834138429612282466e-04
6.964851379858069680e-04
6.017666669610416234e-04
5.634386748993015738e-04
1.909151271912794354e-03
8.200473166918887140e-04
6.271840909362352444e-04
1.120118492178044005e-03
6.187332724643346228e-04
4.692191263981249799e-04
6.837669922219244542e-04
1.086698233904317664e-03
8.713074560811775830e-04
5.383903241984289807e-04
8.807262871654542545e-04
9.725741378777142667e-04
8.121154994323108011e-04
6.114812844603342845e-04
5.649018156025077632e-04
2.264837730799584923e-03
7.543309671895992398e-04
6.174706435054064680e-04
5.831164227901348843e-04
9.037322241979733103e-04
8.043826103492174263e-04
5.324036546744409385e-04
8.225133465044743956e-04
8.507730229315269921e-04
6.890582999817716162e-04
1.085984644071640113e-03
6.255912331945203287e-04
6.415896985616013860e-04
4.446526890165902269e-04
5.794737801662927339e-04
1.777053048009150918e-03
1.621194786777291168e-03
7.451624047366986426e-04
5.579917496632966949e-04
4.394251875539981179e-04
5.651218862786518398e-04
5.158691193805015410e-04
1.646909848008383786e-03
9.003603050513574440e-04
5.601234220778498205e-04
6.171367277084522079e-04
1.927519217768394830e-03
6.777540265079134074e-04
1.885109151141162783e-03
6.071921627970121305e-03
4.336169104345046453e-03
5.296894801715436567e-04
6.745115171040062417e-04
4.916614619714768141e-04
6.869450864155027953e-04
7.784504499286542048e-04
1.281656875995224000e-03
5.715625732927980679e-04
8.791281702382776472e-04
5.929304023169552256e-04
5.631704430142344450e-04
1.613246701225544248e-03
1.097744665336371824e-03
8.338606632854206899e-04
5.870108042554172609e-04
6.309521688679109192e-04
8.118152676994742608e-04
5.618803794835353690e-04
3.255960089059797315e-03
1.098544109984528122e-03
5.239055423610529524e-04
6.265256130039975613e-04
5.838168594614086401e-04
6.915471578414789664e-04
5.507619533226446561e-04
1.310373811700568398e-03
8.805271865747735151e-04
7.203506653591145109e-04
8.373156408425285000e-04
5.609778773665464319e-04
5.095244719704232700e-04
1.272468549132636838e-03
6.990517877706664204e-04
6.330334715847808508e-04
5.782572068897544500e-04
1.333521847127216737e-03
7.038600192593542568e-04
5.682368395885892568e-04
6.377848152444864655e-04
8.239439136868379355e-04
1.778072815065440387e-03
2.743114334574931618e-03
5.354966208291190785e-03
6.317132392184103811e-04
5.363408437808472266e-04
8.712619517700376931e-04
5.715625233942362229e-04
5.792693699933931144e-04
2.880573051505030697e-03
7.336047707972729107e-04
5.652246812192832613e-04
6.200472339760877260e-04
5.038742853701364509e-04
9.337482470772841747e-04
6.987910634744460073e-04
7.944282900766040309e-04
4.730087029790059749e-04
1.228816223815695774e-03
5.360177651573614765e-04
7.964638748572243918e-04
1.935144566389379378e-03
8.697313145404581307e-04
7.416501459518096140e-04
9.715730113746590168e-04
5.958374849603452050e-04
7.859516743701462161e-04
1.304926964277781628e-03
1.109965216188110466e-03
4.936884710036511682e-04
4.644246459924706270e-04
1.826513560434774421e-03
7.302236398881613430e-04
9.814580297828848655e-04
8.450710154250383899e-04
6.346276695786601165e-04
5.578815198345653476e-04
8.236632054361307581e-04
3.478597907798667340e-03
3.618890126992695046e-03
4.763330767583988531e-04
5.466845608600659360e-04
5.617610611654371127e-04
7.954596080355045293e-04
5.468200822045737137e-04
6.841646732428740109e-04
6.139346413934192864e-04
5.355804233772387766e-04
5.988893516312688257e-04
1.135117907111405896e-03
9.825001902574138565e-04
1.251118639796069054e-03
1.623914626349579797e-03
1.131520710343769708e-03
5.735507396333542739e-04
9.436464375850705253e-04
1.603582706861670206e-03
6.254694746334202651e-04
7.277267034115139773e-04
8.767369383655637758e-04
7.560736074576842073e-04
8.889625795002293555e-04
1.004272306743175195e-03
4.485302159909953157e-04
6.689708596547787453e-04
5.708480180088120999e-04
8.169211783743930222e-04
7.537045542800598985e-04
8.400836540114126668e-04
9.906930236638427593e-04
1.549547807979167807e-03
6.864455383117564358e-04
9.946443924254289980e-04
9.514180444040680864e-04
4.549393050922642396e-04
1.054066496810295581e-03
6.082268420700878264e-04
9.586077333674844622e-04
2.563142327941996066e-03
4.272736791324368948e-03
1.166610085636752680e-03
6.952212208867880171e-04
6.032941978801320809e-04
6.551994347316948426e-04
6.028749454103639153e-04
2.063098064304941769e-03
4.849753243923024190e-04
8.125160169785965864e-04
6.089263791802651798e-04
1.513308222008444498e-03
1.168779922475089586e-03
1.127862994800884989e-03
1.064913381477322184e-03
2.227075370284331210e-03
6.856089628869134174e-04
1.493248552123256591e-03
1.759998324381804001e-03
1.082895924070076486e-03
1.380583146132005048e-03
5.045012463239515084e-03
1.315510115073808108e-03
1.222040458955815385e-03
3.481666581772597125e-03
1.020649395217734616e-03
8.167963880317767990e-04
9.529451048044977265e-04
4.581115356992511586e-04
4.400121455337418705e-03
4.811942213055058230e-04
6.466858922042135376e-04
6.125554285655058703e-04
7.443280577888021108e-04
8.533284883064827997e-04
1.701493998097142798e-03
1.145896299027710777e-03
6.197010291939071200e-04
5.158292683981635955e-04
1.362820589178979089e-03
5.162991087691317336e-04
7.333907262084445045e-04
1.696651755292485865e-03
7.970790540474264902e-04
6.261669774167354877e-04
1.302701799725745771e-03
1.498095465807467754e-03
6.032252922278933446e-04
6.474842322704957341e-04
6.335553551571415989e-04
9.906930236638427593e-04
6.521183730826406611e-04
1.204773061331967628e-03
7.097026733760794948e-04
5.207981458632420001e-04
5.566365646643706014e-04
7.245463697975544062e-04
5.263536270427765550e-04
7.467315762905565521e-04
7.491092222533656409e-04
5.233377336347147394e-04
8.049056298768122401e-04
5.783665044495630387e-04
5.748306287859040109e-04
1.140316385256286234e-03
1.853282804436691671e-03
5.237537420840459711e-04
9.678653064372381510e-04
9.517715736861903685e-04
5.007432268749794149e-04
5.712541419474378426e-04
1.714135791021339887e-03
7.922991272487732569e-04
6.929729733504209118e-04
6.671349669239752403e-04
6.055107825258438953e-04
8.472721276811252637e-04
4.919963088094479265e-04
9.241550931425048486e-04
7.416382851307814833e-04
8.053636681154497040e-04
1.270111737849937382e-03
1.227333621205398692e-03
4.272736791324368948e-03
6.226866310685981020e-04
1.291163501963649585e-03
7.602510404346148401e-04
7.872468554428769041e-03
8.145031891230590688e-04
8.628533010200257602e-04
6.865924170228491705e-04
6.260416562895805472e-04
6.978398500653442988e-04
5.722704005736606618e-04
5.999387445882556910e-04
5.815769793472741651e-04
5.375943279406909499e-04
9.712720067242332786e-04
2.877064609718775826e-03
8.859861077500629520e-04
1.458739412672670687e-03
7.505137751993130142e-04
1.011903585209136553e-03
4.696580183135882981e-04
5.329132962836614354e-04
1.205375603527313912e-03
4.452663125173989163e-03
2.119298357344300346e-03
7.732078716796444116e-04
7.949391038216448982e-04
2.361550885242141764e-03
8.114325471099689347e-04
5.014530368289781383e-04
1.153359617137863884e-03
5.214062387520122755e-04
6.306006962223627884e-04
5.101167765473543260e-04
1.141155113445400677e-03
4.939726953939865004e-04
5.823055561986102560e-04
5.469817405742464448e-04
5.131388942193582884e-04
9.895377639001002625e-04
4.795358624199821712e-04
6.104122367395571668e-04
1.287379163639564743e-03
1.025305934783825009e-03
8.472721276811252637e-04
8.157826684778451574e-04
1.270111737849937382e-03
6.798656756292542408e-04
5.119716347796300724e-04
5.325208739013720339e-04
1.035746126706158952e-03
9.493459334947372237e-04
5.795425689203333175e-04
7.209079903016153571e-04
6.481519692668508310e-04
5.823055561986102560e-04
4.595794399330264219e-04
8.197028692889477431e-04
7.543645490037992254e-04
8.227228202960512604e-04
1.315510115073808108e-03
6.349830463708411830e-04
1.667289989357507779e-03
6.783978875300390081e-04
7.132795207800868460e-04
5.771926149787846112e-04
5.175004646796458382e-04
7.556013575482999458e-04
1.287979718416372909e-03
6.189288011778564056e-04
6.856913892807520476e-04
1.347635422542274196e-03
8.125160169785965864e-04
6.986730780778912901e-04
1.034483289484610215e-03
4.165144016750715037e-04
6.530909955108294210e-04
1.205434368176147575e-03
7.426154616015797315e-04
9.037322241979733103e-04
6.400555214195077737e-04
7.759884540560065772e-04
2.652165970935997999e-03
1.091382825080630019e-03
6.483239346835608210e-04
1.252795004287916717e-03
6.108296364215824422e-04
1.514856170224728382e-03
8.337082682935681964e-04
2.239059766361165774e-03
6.425758752126285462e-04
4.754651946334140429e-04
4.982160171847234810e-04
1.473561215376328502e-03
5.862016635059114078e-04
2.421847024802344615e-03
4.613347488565653384e-04
4.309553186400302783e-04
5.970166019028560252e-04
4.433077783837254655e-04
1.164667999115249607e-03
6.591284377385435824e-04
1.870122111555231953e-03
1.030084703363824336e-03
6.414546921322103381e-04
7.806421457376058054e-04
6.020974771754311183e-04
4.854190683560186082e-04
9.238510872534257861e-04
6.113879847831166182e-04
5.729549466609435131e-04
5.836498004198756653e-04
5.341689430110779834e-04
7.718614110652415126e-04
2.318531137415762774e-03
6.241553792277247876e-04
9.608236740084319383e-04
2.276521663691954793e-03
6.278880630423947125e-04
1.617150264351085651e-03
2.200223102529570186e-03
6.451077534947353715e-04
5.842468208134683717e-04
2.480459027293798694e-03
5.804628566127203321e-04
9.241550931425048486e-04
5.495368992747741042e-04
7.463436333651993779e-04
7.796532793024299772e-04
6.739714287492191676e-04
7.533171401230435776e-04
9.474882519309398878e-04
7.476440732450856689e-04
2.377334203382030879e-03
7.419671380382476464e-03
4.365676857476231379e-04
6.799377853122362796e-04
6.234155690783489993e-04
7.010976841800647345e-04
5.082309904012903079e-04
5.239765886885692451e-04
6.658874044549151867e-04
5.906421477214191364e-04
9.183002141542397382e-04
9.120519937653332474e-04
9.436464375850705253e-04
1.860929603376762715e-03
6.929729733504209118e-04
7.517150008130308713e-04
1.269521176438369141e-03
6.202591012290957018e-04
8.797735860600448213e-04
7.699787298928608250e-04
1.227928252407299798e-03
1.050090782996174676e-03
1.648268738792296696e-03
4.679859377617033860e-04
5.116654817253045179e-04
5.542692268239120040e-04
6.563010909007696353e-04
9.682747371519727971e-04
7.407969378927783607e-04
5.422278697716892935e-04
5.023469676073458959e-04
1.026317893927988171e-03
8.829876513035616551e-04
7.563218940369713112e-04
9.769262051284200322e-04
1.133481962058190259e-03
2.495636926208211117e-03
5.203598904616210750e-04
5.828291182582937685e-04
6.872249403789966286e-04
6.693419412845642369e-04
5.235503321746440330e-04
6.255319513059014831e-04
4.693151415184897862e-04
5.042447102848089885e-04
9.663650406156398202e-04
8.085308437192910598e-04
6.301451409624818454e-04
8.212960493225031182e-04
5.404759407567137457e-04
5.133403151685438657e-04
7.673327662838512779e-04
4.717656785128449427e-04
5.829320010962111024e-04
2.142629525632622559e-03
1.313499844663010849e-03
8.743297423084615220e-04
6.425758752126285462e-04
4.392718185321744379e-03
2.069765414323806053e-03
4.593830008881472516e-04
9.796327180116959181e-04
1.173579340619140430e-03
7.418576059007162731e-04
1.207874175784242688e-03
5.977028676324387451e-04
1.486358602478656281e-03
1.653974323368504395e-03
1.174233066723712714e-03
6.650927267792428477e-04
6.857624595513525092e-04
5.774334785145314106e-04
6.775486161508842593e-04
1.622158913739927969e-03
7.636512019614422097e-04
1.212481663272053228e-03
6.830798043452117026e-04
1.154806188441857362e-03
9.923614754868369508e-04
5.198261897125676292e-04
7.461135083451678977e-04
1.510971300401946866e-03
8.473166262003675774e-04
1.100540163748558878e-03
6.106314807227413875e-04
6.910867329820184410e-04
1.097371764863717481e-03
1.865608830151235234e-03
1.731246932660011157e-03
5.948237754025422711e-04
7.720163785245006327e-04
8.362709276902113940e-04
1.375576169342274460e-03
6.291912404665153799e-04
3.029653105832631060e-03
1.140461265510173475e-03
7.438744534768170239e-04
7.790088204736335658e-04
1.014927170618696575e-03
6.055397190924141854e-04
6.254459796324272338e-04
7.181411195670007715e-04
1.473561215376328502e-03
5.165647099758905337e-04
6.327606754470509447e-04
6.904091702309603056e-04
1.081933119661178085e-03
6.374132190907041062e-04
4.795358624199821712e-04
1.495401819994978971e-03
1.130516102648323031e-03
5.502205419453221969e-04
4.347666840262621774e-04
9.417091122323983888e-04
4.567014151644290432e-04
5.547642187416781077e-04
6.260378570074224625e-04
8.364603434357215095e-04
6.972292896221286363e-04
6.738064030757681764e-04
6.847729411224572505e-04
5.159153649746719408e-04
6.227019605318438690e-04
1.300192652909508070e-03
9.782075413941894969e-04
6.063145331903542230e-04
5.989657196988094684e-04
4.639289512149934983e-04
4.786298239348459158e-04
