6.659164562852189304e-04
4.795327731506389586e-04
6.591544892516404061e-04
6.598946738911507350e-04
1.056968692369530125e-03
7.346803028058408735e-04
4.950487945945417426e-04
1.010040743670654381e-03
3.700652820748042034e-04
5.911822567032210636e-04
4.792437399707978715e-04
6.669186948524438805e-04
7.556652698680751349e-04
7.690216438060795690e-04
4.271549277431748283e-04
4.788676254076709715e-04
1.056968692369530125e-03
5.835194608209094344e-04
7.688175367628657985e-04
4.381665948249704534e-04
1.087486286236640214e-03
6.982586395515439888e-04
4.572988999232816985e-04
4.696890895521016506e-04
5.137054711521479378e-04
5.704265960101139463e-04
6.601747540410648563e-04
4.025348411496625827e-04
6.515750166502915462e-04
4.323797115676375371e-04
3.925894393709503127e-04
5.106704313781096263e-04
9.009067002514147254e-04
3.750849704249540196e-04
5.131757763476159058e-04
7.700932550890785639e-04
1.311546322813478228e-03
4.660105097353524437e-04
6.720805158370964831e-04
8.484988301745980581e-04
4.792437399707978715e-04
7.055780337541363127e-04
5.555246942677007863e-04
4.887606973599077512e-04
1.699231213571106378e-03
1.241410573010467066e-03
3.794113971970864904e-04
6.774485262082069817e-04
4.129057607584933967e-04
2.227595873879655020e-03
4.602998199173670793e-04
6.574029781858061914e-04
5.075741250869204683e-03
1.640959987674435504e-03
6.781140840022753568e-04
6.397130322039347016e-04
4.005951511109980727e-04
5.004672802314780958e-04
9.687001576325253785e-04
4.459219819742941981e-04
4.333715355597743662e-04
5.957426983125058183e-04
8.881645440554650564e-04
6.051263450857623672e-04
5.780734654680601660e-04
6.405651011182903398e-04
6.474454158183120395e-04
4.591050726916218357e-04
3.847926389179423816e-04
5.571820356352527029e-04
7.998614783691858614e-04
5.732250537164553439e-04
4.783319004656574674e-04
7.531155537177408772e-04
1.858566028792013125e-03
5.544299124049364893e-04
4.820164902755705630e-04
1.265931018546323852e-03
4.740074384451937561e-04
7.824589159216292127e-04
5.308697836420410172e-04
7.082533901006006364e-04
5.659676745846654823e-04
5.488050220464906924e-04
5.107227529088614708e-04
6.276868554738349124e-04
1.347777395151345979e-03
4.547289050749667421e-04
6.969198997445353325e-04
3.563605050634824746e-04
4.456409756780707479e-04
8.814178301860725638e-04
6.109638274758329287e-04
4.918815788953686012e-04
5.934638509603273968e-04
5.076831911394782525e-04
7.194790851102108448e-04
7.797393241439958206e-04
4.561051778726192465e-04
4.132046358869559074e-04
6.951498760925570565e-04
5.081015381040053167e-04
5.524023182871934910e-04
6.638336335925673669e-04
4.339288910018592447e-04
4.654468784392385068e-04
1.422525454950158714e-03
4.598334155042212395e-04
4.003883390567629201e-04
2.022838843913942527e-03
1.431920967149923236e-03
6.661107719420222709e-04
8.515041941922980905e-04
9.634392346871911922e-04
1.564308639901633782e-03
5.266009977230709429e-04
3.934917159961845868e-04
9.699886310557304277e-04
1.489856127593709592e-03
2.212740043861217542e-03
4.141977959797652734e-04
6.119640015477563868e-04
9.009132201756760161e-04
1.253627508844579186e-02
1.584346921798676991e-02
6.661158027972034984e-04
4.757810735450555611e-04
5.118920145823250504e-04
5.392956767092555457e-04
7.313938464566287429e-04
1.056063570841629055e-03
1.090476937636461040e-03
4.713490814301285123e-04
5.211080753064169712e-04
1.122796445353705210e-03
3.709762945593058411e-03
5.892924681270269921e-04
4.038247326505658681e-04
7.105692919017904787e-04
4.792333138761306773e-04
4.877231493649721895e-03
7.523261135671515526e-04
9.112041622645719900e-04
5.096789042918374374e-04
7.062209653795318729e-04
7.860710050954735793e-04
5.037323425168711019e-04
6.413129480796366097e-04
6.361019387349672828e-04
5.804169441037678682e-04
8.984166802775485653e-04
5.037323425168711019e-04
5.071805924989914718e-04
7.543035327741833907e-04
4.848460188112829207e-04
4.321945185854717138e-04
4.646687702400666099e-04
3.817567398482211755e-04
8.328519938515625831e-04
7.949042216696271300e-04
1.868241776200998960e-02
2.881830678438058926e-03
7.549621396888852145e-04
4.666375276815612049e-04
1.458973607878202329e-03
6.154271819607566715e-04
1.018018257215544094e-03
8.739525474205417279e-04
1.124908106516497213e-03
3.891281440891045042e-04
3.853793250603807776e-04
4.472085655919826909e-04
6.435525058736093129e-04
5.297235455524613437e-04
5.292661826890716860e-04
6.499932798449622757e-04
1.439606497929754678e-03
1.115960329336274006e-03
4.224698542370197945e-04
1.060438748852576872e-03
6.245901932644445497e-04
5.408766346100187536e-04
4.794732228674575161e-04
3.803246318450183468e-03
6.300522965151204857e-04
3.574646647162965369e-04
6.095125953880487467e-04
6.775756487001620854e-04
6.516413425404065252e-04
4.293760268542550699e-04
8.323922013170235393e-04
2.398418877210132041e-03
7.506523751738942117e-04
5.514362353641569670e-04
7.097107584692120309e-04
5.971435150061029339e-04
9.708985723215395394e-04
4.973272879260109318e-04
7.890015422193060249e-04
4.091228689623213600e-04
9.778442533759216550e-04
6.211181677204019504e-04
8.838411255492050487e-04
7.022443529151602918e-04
4.240409614121322911e-04
1.025118186260462558e-03
8.972007218717660462e-04
7.010968572170734854e-04
4.101635516049214171e-04
2.354278023504274061e-03
4.445406831306014531e-04
9.284759771742724915e-04
7.407013373100782743e-04
9.831218059745136864e-04
8.048816710191602879e-04
1.012838298828121599e-03
2.798932332526839900e-03
4.604083484740417102e-04
6.596245031561620651e-04
5.621794945488308142e-04
4.256381734786083160e-04
6.960639318900449686e-04
6.326634569029563303e-04
6.109198505293292813e-04
4.154376472834027671e-04
6.331761044417139007e-04
4.021529514338879137e-04
7.640452722253133436e-04
5.322850930428446592e-04
4.886483663346494113e-04
5.222941675014943072e-04
9.434549702891856238e-04
4.953743802918761895e-03
4.926458672844021697e-04
4.137032705447874934e-04
6.098482012449339858e-04
7.690595205229272752e-04
7.698704518979275794e-04
3.417047794849497732e-03
8.166504566832385710e-04
4.755334697342404799e-04
6.519753775480830252e-04
1.021756056124406521e-03
3.934917159961845868e-04
6.992153140022045474e-04
7.692785785016189801e-04
6.589305287603633562e-04
7.080275792598573819e-04
4.161202683062713726e-04
6.656709298146883938e-04
5.731973506246287311e-04
6.636456440779116978e-04
5.471815098016655004e-04
4.421659504401980129e-04
8.375876108091137801e-04
4.823927523361369097e-04
9.101768271467446060e-04
9.981162433958820721e-04
4.713803637479988744e-04
3.938812874376926309e-04
5.366923678044196967e-04
1.049781900750198452e-03
4.633276577156506372e-04
1.323910097820716562e-03
2.459355613593930314e-03
6.492871350168697743e-04
9.382492528644211828e-04
8.238129725933043346e-04
4.402464914956834394e-04
3.886135131051824212e-04
5.125620474203722516e-04
8.394125827533654126e-04
6.044890403593352777e-04
5.435691718450266384e-04
5.772698487178129154e-03
4.830640177665345629e-04
1.460897168672524796e-03
6.459643151492845551e-04
4.562172158227900589e-04
5.643489999086596671e-04
5.582838981636794110e-04
5.012640550905448278e-04
6.853574103017702522e-04
5.203338536899424068e-04
4.046726523341828913e-04
8.059074714562120901e-04
4.054173081420315693e-04
7.934738970670374147e-03
9.127090605085758437e-04
4.651919657342392126e-04
3.956995705108125360e-04
6.095553081615754818e-04
6.749787298450784850e-04
7.167643996508745114e-04
8.613904343477559681e-04
1.253627508844579186e-02
4.393219764904504610e-04
8.295670688375372543e-04
9.378748845729186021e-04
5.357626174253789014e-04
1.257608570841098903e-03
1.209709123492897550e-03
3.773852649038661423e-04
3.816718343122003226e-03
5.030065522276930051e-04
4.071238758429235891e-04
5.341340828765552473e-04
4.506891197730943772e-04
6.311185574167028130e-04
9.812496796585230482e-04
7.487517288483716039e-04
5.091282978954769171e-04
4.648257714061089486e-04
4.520813921220941914e-04
1.242521549364222853e-03
5.895479255873587636e-04
5.414308938494243528e-04
5.770960651698090350e-04
3.882212994568412230e-04
3.985478072580196716e-04
6.092197405403351447e-04
6.095553081615754818e-04
5.282293566040007372e-04
8.960478632644530532e-04
8.509910200719532662e-04
9.032539890208151354e-04
5.827955243385006708e-04
1.061476921050836294e-03
7.780634842410415327e-04
4.728575233308458109e-04
5.413221790613166693e-04
3.659028042878400850e-04
4.362187853200928537e-04
5.414953932461746833e-04
7.619878394923585438e-04
1.158873503983493328e-03
1.429824065141839518e-03
4.915174512439183336e-04
3.536351211327420051e-04
6.036919157750977394e-04
6.681644094657553101e-04
6.287598724980277129e-04
5.410975294517101622e-04
1.084467830610490527e-03
1.185317069525047796e-03
3.873891834370287780e-04
7.099421145206972605e-04
5.223861671568292946e-04
1.173245983517509031e-03
5.535092282531119297e-04
3.324075523091066242e-03
3.993703542133041941e-03
9.042512887321209076e-04
3.859432495321308263e-04
2.172045345174471523e-03
8.765053114439474253e-04
4.335503345765426265e-04
6.154707468337332170e-04
3.696092160834864629e-04
7.640452722253133436e-04
5.788733855002997988e-04
5.414517878553569939e-04
8.059074714562120901e-04
7.215388814595647109e-04
4.877240753998684586e-04
2.132377680996519129e-03
9.826605962875588265e-04
3.645689133206843910e-04
7.534186037257083711e-04
5.269323578985132643e-04
4.625739701023197955e-04
7.987363822382505772e-04
4.015629841028636000e-04
5.483281435925261606e-04
7.113308884939863186e-04
9.523441933166947254e-04
5.626231652406796973e-04
4.313290893564353267e-04
6.401047829971681430e-04
2.030447117824600665e-03
5.094456647407055944e-04
1.747126544218115338e-03
1.123905786394529703e-03
4.601925385115766408e-04
4.056448035698345146e-03
4.049687750177552296e-04
6.181464109622738417e-04
5.322392082564775988e-04
7.123385232096727127e-04
6.349448103820077259e-04
5.179716663803323080e-04
6.113059269488960341e-04
5.273700430437905243e-04
7.261455249370518152e-04
4.688249792916865974e-04
7.068910490980369072e-04
1.604167146297664831e-03
4.933556083090404097e-04
4.088204389993805817e-04
1.474362909720771482e-03
3.675725289702517530e-03
6.475233343643633458e-04
8.260394113187827280e-04
6.738709473300728099e-04
6.408766916657906900e-04
5.324367323942052425e-04
1.068240552452212480e-03
2.011581606138464640e-03
4.259598478414047275e-04
3.771116534374467991e-04
4.880911425426350978e-04
2.142437918553762206e-03
7.722769182616034912e-04
9.784720060430240895e-03
8.836534083097687857e-04
5.072092677074565735e-04
4.452714073389191186e-04
1.122796445353705210e-03
5.435301004792168203e-04
7.681716433907490992e-04
5.158377620308523745e-04
7.228802531101640848e-04
4.137836461987342575e-04
1.282565642110888599e-03
7.965108091319280737e-04
1.584346921798676991e-02
1.147188751106828801e-03
7.419955028379327097e-04
4.217423419392447295e-04
8.238129725933043346e-04
9.101768271467446060e-04
1.059028229678122277e-03
7.589402313724365580e-04
4.654468784392385068e-04
4.788389929227324093e-04
7.269635698036776153e-04
5.732201727571777485e-04
7.221584998186927722e-03
3.592769841648074365e-04
3.808569127766502711e-04
7.044165956742186362e-04
4.346579803577178803e-04
5.403888569388062011e-04
5.833905904042245702e-04
3.968754730371262178e-04
3.983288879720776887e-04
1.547977083144351290e-03
9.393361029956966406e-04
4.494096681337556303e-04
4.945934306179486199e-04
4.064113780785735710e-04
1.877092684323881109e-03
6.217377131274106662e-04
1.576686085875575634e-03
6.597926143407960905e-04
5.284320417947090901e-04
1.825989195635253307e-03
4.611625121413531845e-04
5.387540285794091425e-04
4.387503630434451450e-04
5.770851808123457494e-04
5.804111399518067319e-04
6.780319643790095382e-04
3.939148240122690458e-04
6.795568480701173839e-04
9.327265475214884752e-04
7.299367208399378014e-04
4.383643614937951906e-04
5.113747870683009282e-04
1.214871083151465494e-03
4.459087293809626510e-04
6.165228663776637199e-04
6.728238082546345727e-04
7.828760406424247051e-04
7.943634497640922592e-04
7.284808111554680896e-04
6.617396785079775060e-04
3.796614183135890589e-04
6.011255875794860315e-04
3.770511302954095991e-04
1.877092684323881109e-03
1.299703957232755227e-03
4.065689505329487933e-04
5.605252860682223646e-04
9.851964333110947193e-04
5.576385987535431143e-04
5.172519375625918379e-04
6.734851444931809093e-04
9.785979252060052289e-04
1.811053468683134588e-03
6.119640015477563868e-04
1.284867907734754200e-03
8.221805071411010784e-04
6.277707432716365553e-04
8.229120775972954219e-04
3.776918995580729279e-04
3.941801571664615912e-04
8.147265690906107822e-04
8.170701145383331724e-04
3.804108814308443539e-04
6.364972060074356938e-04
3.889011785088555199e-04
5.724126335634572389e-04
1.073365451172563672e-03
3.574646647162965369e-04
7.820603882779368242e-04
5.030065522276930051e-04
1.529455781276115077e-03
4.977682468450689030e-04
2.011581606138464640e-03
5.242681176512551007e-04
4.834028879355216769e-04
6.669383734811240149e-04
5.987489406844741843e-04
5.160499978271030404e-04
7.095949676433220468e-04
9.560310007647974950e-04
6.129086773778878380e-04
4.391023698094110379e-04
7.295928073132330188e-04
6.703629050996150239e-04
3.656652579193134462e-04
6.002152119115042664e-04
6.100841130550506679e-04
3.774188654693670956e-04
4.211838423371296763e-04
1.131268274789129112e-03
4.040347691881595107e-04
8.992331655729742098e-04
9.566012517103475096e-04
3.637271395700789056e-04
8.099761552491327888e-04
1.148155311827983019e-03
5.282603314861152640e-04
4.721084498667569109e-04
8.484263176523160156e-04
5.552433622347994167e-04
5.461425434942305266e-04
4.797359264785032505e-04
5.342434739294594798e-04
1.952367052947073583e-03
5.080296631465159012e-04
4.980872062963090591e-04
3.019018291479996004e-03
3.984922845061624093e-04
5.000391130665219393e-04
1.000808011277006405e-03
6.724614965769614740e-04
4.563428095964699852e-04
7.514934803381815524e-04
8.211284882594663487e-04
2.146787233446707972e-03
9.563487085155632618e-04
2.462125830435047888e-03
5.629224359698819288e-04
6.766979945229295882e-04
5.255334386196031061e-04
5.447244709865909935e-04
1.093935480879736511e-03
6.797338515515699998e-04
8.838411255492050487e-04
6.944653524656428396e-04
5.098954749826351560e-04
6.209677663279639147e-04
5.553025531892054117e-04
7.629107846184033422e-04
7.980447781359351674e-04
6.586416009835264649e-04
7.472794802916082413e-04
5.215225227725095924e-04
5.175906257422550590e-04
1.463351724478593107e-03
4.576855132334394101e-04
4.734606010797280207e-04
4.290526084491649915e-04
5.650196035471052435e-04
8.455045999258390017e-04
6.880369790901840876e-04
5.507428928093621463e-04
9.328021015860384546e-04
6.891802488747552887e-04
4.077059545353658564e-04
1.179555668692426618e-03
8.524211135648468874e-04
3.794113971970864904e-04
5.036135869886397467e-04
2.981503960278982998e-03
4.394400545615590272e-04
4.317108070575902167e-04
3.682782469989554007e-04
4.863467178071856746e-04
5.586374937223812951e-04
3.801330313642350489e-04
4.674983303307497350e-04
5.215088038034882420e-04
1.265931018546323852e-03
3.857605447397394476e-04
8.501852307657859755e-04
6.706166326124954466e-04
1.927596271893863280e-03
4.980869276613603949e-04
5.214915852614525945e-04
4.578014709803671502e-04
5.651881045524852643e-04
7.382254373139966611e-04
6.646108451930980666e-04
8.096118878753820599e-04
2.415691356002766955e-03
8.866032623175705736e-04
3.796002858039372227e-04
3.606371973976309252e-04
1.097231000360891382e-03
7.677102687449619467e-04
3.816718343122003226e-03
4.434458038023814737e-04
6.453872910529031117e-04
1.130332894691770708e-03
2.823673746897111935e-03
4.855785851818847387e-04
6.563935808735975016e-04
7.026246943439626432e-04
7.319922605806176248e-04
4.347932992981031158e-04
5.603647611658966327e-04
3.827355362733741106e-04
3.594074647081164312e-03
5.880991387376005314e-04
4.933556083090404097e-04
1.062256654284781006e-03
5.085620973910347448e-04
5.172480586173521747e-04
4.089731870959056924e-04
1.184381442949267735e-03
4.276232182447859808e-04
5.802970110108325629e-04
8.442745880564876204e-04
6.180738789029616024e-04
9.734066307637331394e-04
5.927551075843344930e-04
6.215717201171062608e-04
3.587909933110509670e-03
6.669568050335419060e-04
5.005005072021344488e-03
1.051918511274798967e-03
4.259631923515552168e-04
4.599352665999550233e-04
5.877893527225950751e-04
7.595221442622564342e-04
6.738787436040972849e-04
6.085482796662300495e-04
4.877231493649721895e-03
1.021987848596585821e-03
6.887859638983850723e-04
1.189803298817238442e-03
9.219342893761637778e-04
4.484514453262311248e-04
8.188740319085581866e-04
7.199879371611769526e-04
6.992153140022045474e-04
1.088963987118824698e-03
5.701486892707545440e-04
1.035819149334743679e-03
3.242567450739960999e-03
1.349234381726797461e-03
1.293043544749536726e-03
5.712492353378577272e-04
4.666768007275380018e-04
1.144677532340984205e-03
1.538725971724269961e-03
1.629607301368361403e-03
4.607145753495031550e-04
5.754731245468313553e-04
1.157052802549618986e-03
2.056697587468107272e-03
4.269767623175284646e-04
9.314213741629476804e-04
4.193257559783284544e-04
1.033472655312987157e-03
8.109764450414229126e-04
4.651418718427271603e-04
7.044158082408042646e-04
4.193429486103343378e-04
4.744825590170690462e-04
5.831837543475304345e-04
8.446214305849448047e-04
6.924046464191415014e-04
8.474646570879929876e-04
4.996852955189391102e-04
7.994052347783266567e-04
8.143137037535572685e-04
7.243891958755682399e-04
4.056448035698345146e-03
1.340260484844442608e-03
4.155587928402207300e-04
1.093907764174501538e-03
7.373224287882159788e-04
1.320388165558804110e-03
7.133893935036092915e-04
5.054861299970740641e-04
5.548995471022889021e-04
6.276357448597165260e-04
7.977763558129920664e-04
1.062003870129682231e-03
4.096719339957380249e-04
5.333810133722056675e-04
1.581378443888214417e-03
4.170367307405618341e-04
4.293408118412555771e-04
6.180738789029616024e-04
3.805577879260013631e-04
4.372011640994928551e-04
5.425483303061482201e-04
6.659203418896701872e-04
1.242521549364222853e-03
6.157950430276632825e-04
7.295053764887852185e-04
7.649392484325796999e-04
3.622336131293461760e-04
3.548814966670052451e-04
5.766391349494235903e-04
5.398261371176678921e-04
3.600071069957682811e-04
5.713948488564497830e-04
1.691371481252353830e-03
5.416702335678977255e-04
6.948693619326471328e-04
4.129650857748790624e-04
1.046310574788998681e-03
1.088963987118824698e-03
8.033694557700737666e-04
8.266998209942782788e-04
1.049781900750198452e-03
5.387027458266232865e-04
4.486807362262157004e-04
6.397130322039347016e-04
7.971103883070810052e-04
5.473479060054013473e-04
8.409241968897375333e-04
7.365910582208233266e-04
4.004126169943093231e-04
6.149522699583418036e-04
1.343023175838842882e-03
6.085281237566853452e-04
8.940411671233707393e-04
5.577836554895526742e-04
7.499587283353731371e-04
4.696916510968268980e-04
6.821709271024733057e-04
4.578557772084922389e-04
1.002709727464488887e-03
3.889660290318209222e-04
7.047890057815082380e-04
6.569540129548099260e-04
5.654714329897508321e-04
8.348594758635629340e-04
4.742960480965769873e-04
5.063970575166259341e-03
1.995830496476658049e-03
7.894874250472218779e-04
6.525990963205370674e-04
5.127323455813217069e-04
5.511548232556115652e-04
4.560958586068751628e-04
4.814774851078490849e-04
3.926463094431150878e-04
5.119394968934839248e-04
5.050735957008277302e-04
4.535207729026527490e-04
7.980447781359351674e-04
5.875717949525556625e-04
5.380067308660632522e-04
9.971332788762997477e-04
6.750091432422034325e-04
9.521389639229939925e-04
3.647783283021616705e-04
1.082455683109596846e-03
6.032205496497581232e-04
5.670238785800795064e-04
9.594227431868771958e-04
1.762099432398845939e-03
4.232278877520629203e-04
7.275206135852572021e-04
1.361637412082008017e-03
6.005388435348431742e-04
1.338733466047772576e-03
1.145389717980219244e-03
7.563891716282864506e-04
9.249641616880056655e-04
5.297816273398471727e-04
8.327815998438989386e-04
6.136332934456140923e-04
5.993068834296867969e-04
1.652363289241617905e-02
9.567824884514708819e-04
5.735655492718652430e-04
5.181187944870676351e-04
8.921205906291043708e-04
1.184228180955962731e-03
6.053266435032424436e-04
8.068035656658808152e-04
7.685274037503417224e-04
6.178060550926824102e-04
4.161165404292679719e-03
4.174763574941236718e-04
7.404288583527181191e-04
4.212893998536999937e-04
7.117926757786829494e-04
4.193940423391234892e-04
8.505251334350876109e-04
5.398476123745216257e-04
5.710783869645022536e-04
4.623046638153268956e-04
5.697126769855576697e-04
5.743876550163344542e-04
4.237066991834046803e-04
6.986034318750086345e-04
5.630273683401670849e-04
1.111669641200109960e-03
5.661774003290988202e-04
1.173120053686672231e-03
5.177345394072564375e-04
4.928793859940884666e-04
7.490193488229765452e-04
1.584346921798676991e-02
9.971332788762997477e-04
7.517039593265639839e-04
6.662200291145563887e-04
1.061476921050836294e-03
6.154707468337332170e-04
6.515026434830363707e-04
6.961186690602336668e-04
4.789840151253603896e-04
7.847638639045859512e-04
6.604555559922754447e-04
7.279154518385419362e-04
4.670613771945452439e-04
1.360550279294961374e-03
8.349877446718010363e-04
6.084874099000063020e-04
4.509888496908126499e-04
7.768062625593383144e-04
7.688175367628657985e-04
6.777288238794055078e-04
5.423935195728294854e-04
5.631481386172192344e-04
3.798771875414098465e-04
6.310608875977413105e-04
9.195191855828272528e-04
6.008536481684584015e-04
8.990692141980301429e-04
7.187263115004221799e-04
4.114943592707566867e-04
2.502904562704875123e-03
1.474257724477778418e-03
6.177497661027146975e-04
1.420934258494776581e-03
4.505349946438699186e-04
6.191527761479376788e-04
6.159584098053301872e-04
5.827779741055936396e-04
1.192305174859857771e-03
6.276357448597165260e-04
1.073236439434270420e-03
5.446187753210581916e-04
3.971319560230109221e-04
7.502503316947902812e-04
4.728904939665513180e-04
4.127450318708866871e-04
7.749731102584941564e-04
5.300408676108220134e-04
1.259829094667517385e-03
6.762776363124732831e-04
4.749657697045317093e-04
4.988650385017324301e-04
8.228772481336280812e-04
8.216732951392219592e-04
6.430093957662501173e-04
5.474152824215971656e-04
4.114177356949637386e-04
1.590837675297536967e-03
5.701685194476767329e-04
7.076921385039824800e-04
4.323723920611277985e-04
6.442434139893478667e-04
9.319988197652334140e-04
4.692598371611449593e-04
1.067206027406246774e-03
5.295534601036525416e-04
8.201311263705569074e-04
1.412273825624497069e-03
4.678011712507576633e-04
6.417922929180653159e-04
1.584346921798676991e-02
5.246481388906228073e-04
5.504730332546368910e-04
7.785477150258850567e-04
5.632439243303087465e-04
6.520580165980011415e-04
8.440055527972452560e-04
6.465472201873837628e-04
4.256381734786083160e-04
1.839424719023179805e-02
7.315144987824685101e-04
7.013618207753778483e-04
4.159623474963683497e-04
1.751318198155134634e-03
5.077869399025816341e-04
6.194879721510428800e-04
5.261378751479454116e-04
3.729517466054347035e-04
9.408586882528550271e-04
9.878605642711425251e-04
4.836505433312647106e-04
4.785549365307648442e-04
5.136286508859516046e-04
7.685047847281682287e-04
4.659792634212462877e-04
4.254940713229313958e-04
5.202598020057038397e-04
6.482429500388684753e-04
6.821819845120906866e-04
7.819759050601639977e-03
9.991650518550764318e-04
2.101156922563080041e-03
7.086418717646125178e-04
5.908953585910017544e-04
4.786053677141163744e-04
5.214044371799765164e-04
9.664614964216144835e-04
8.463917091217360977e-04
4.675242941471408130e-04
6.821819845120906866e-04
6.464948293603001162e-04
8.692440971676036352e-04
9.451782284597050072e-04
7.577062731534552845e-04
6.314834582351961647e-04
4.563668851541762884e-04
4.624127476938030747e-04
4.931816141599922650e-04
4.051654007419806976e-04
4.786931012223704708e-04
4.161165404292679719e-03
3.735568080870578663e-04
9.242772812481055752e-04
5.538567383729761824e-04
4.273012693877356366e-04
8.903593770941384310e-04
1.356454008781329389e-03
3.981588023016043487e-04
4.819411135426800857e-04
8.217055817193983942e-04
5.993068834296867969e-04
2.493213071055537956e-03
5.387027458266232865e-04
3.881459389572023593e-04
1.001471410011082249e-03
3.957054930707301263e-04
4.519649675872510560e-04
5.765433640810332244e-04
4.719372139621107968e-04
1.370001667250968268e-03
6.113059269488960341e-04
7.289168606480066637e-04
1.234813629100483265e-03
4.912628442651071660e-04
5.601650961474209179e-04
2.201659505067970427e-03
4.462447173783124529e-04
4.584525414977015309e-04
5.287867773419946491e-04
7.671758952830008780e-04
4.161165404292679719e-03
1.253627508844579186e-02
3.531310223356360170e-04
9.456728521760553565e-04
4.845856136250405329e-04
1.095291998490102855e-03
3.751373200844478756e-04
2.262905610850478224e-03
6.851014633728483641e-04
3.241529649390728195e-03
1.161650058454392334e-03
6.404864971527891035e-04
1.427845638033526689e-03
5.910886788292581346e-04
1.242521549364222853e-03
4.794454014155452278e-04
7.629962796892333053e-04
6.241540875361493643e-04
7.010807132222683299e-04
6.035282462795719168e-04
4.364094828634716076e-04
5.736503514319286814e-04
1.008929436232553324e-03
5.912548936834661388e-04
4.518953599420204802e-04
2.731089446059154803e-03
6.581266603980577253e-04
5.275294414311539970e-04
