5.339523224414904901e-01
3.006673449186752500e-01
5.087978456558269045e+02
4.616438942131944612e-01
8.952767770301441885e+00
1.788876765908580913e+00
2.919962825848890997e+00
6.164380099300319493e-01
9.108816623896062083e+03
1.226257744578769007e+02
2.219572132137348774e-01
1.038281228247850123e+02
2.323312868624143740e-02
3.328013712505818944e+01
5.854519402062826616e-01
1.309096854711364131e+02
1.447683142744139140e+01
6.558015565907120425e-01
1.153138487637731302e+00
2.882560932477609139e-01
4.164235403738474894e-01
2.139507283494604195e+01
9.795816007377536327e-02
5.714274043840936734e-01
2.100232799612491708e-01
1.268187176185580967e+01
1.432072458480518435e+03
2.564962058017970321e+02
6.781561475156476035e+02
3.713683820002592118e+00
6.453110647294646469e+02
6.187047766503949164e-01
4.439084658466055933e-01
6.479061851374503078e+01
6.374068158917496341e-01
6.652101737223217182e-01
1.962279660619169197e-01
9.690240538478828967e+03
1.484814487119163529e+00
6.323715367529404441e-01
3.127115943182214308e-01
4.556085152529255611e-01
1.369069676826699606e+03
9.240872815863958312e-02
6.509924543392314744e-01
5.879476208782982716e-02
6.871020857289834582e-01
5.201233103179437878e-01
6.299117721349818400e-01
2.695301230852626961e-01
1.026287299443194989e+01
2.849178667160812584e+00
6.497496683223289438e-01
9.766613880074526151e+02
2.846161172640252479e-01
2.653222315390809882e+00
6.373322826613962988e-01
6.513219301113373216e-01
2.532472744432839704e+02
3.591129877438948848e-01
7.159756012570962866e+02
4.098663723108498802e-01
8.295824039381992407e+03
9.749406214663140418e+03
6.630708051837334027e-01
1.842061617797621409e+01
3.643249130871448415e+03
2.332511004493466316e+03
1.704883772107524464e+02
6.631994285958540125e-01
5.625772525284107317e-01
8.189482525847099126e+00
3.099270768101504814e+02
4.115014912982682960e-01
6.243211285593964766e-01
5.081166423721957814e-01
7.801876207711612551e+03
3.545866940914947363e-01
5.763940635504486432e-01
6.575159442695869272e-01
6.569673462605165604e-01
7.443136481808147664e+01
1.593988329143280502e+01
1.182650785546199472e+02
2.467738195079023922e-01
7.488233951221438645e+01
6.407577852460994983e-01
6.320594835222614893e-01
3.644381152457955295e+02
6.650502059846582492e-01
2.404514792426098424e+01
3.111930406869975741e+03
1.511680346893005890e+03
3.959808170577736064e+01
7.399882980879423755e+00
4.251487979267805713e+03
3.543386125650947460e-01
5.705760009262028642e-01
9.081277703407994295e+02
5.680454607519116195e+01
4.988983073120460965e-01
1.250417139118154553e-01
3.428001941677014663e-01
4.307655851500866717e-01
3.106929225967682284e-01
7.936292537980239103e+03
1.754192415092127817e+02
5.025860721403406615e+02
5.354100367025173313e+01
1.544222228377981343e-01
1.666496131123152793e+02
1.712875861605131718e+02
3.485146875180398784e-01
1.219872592427343989e+03
1.141140743200893981e+00
7.018077951143108066e+02
1.325368760468099651e+02
3.540955742921616434e+02
7.514715190928887623e+00
6.571717431159754264e-02
3.553503099605723037e+03
4.196008877110432578e-01
3.051687382966302948e+02
1.222842215326598314e+01
6.631402415512185344e-01
4.862920687999664482e-01
6.338790296927996337e-01
7.949131243699239846e+00
1.402330954396289631e+00
1.637665272698410490e+01
1.120137157852130940e+02
4.997425435657738490e+03
1.481572268731475017e-01
6.525963793771962784e-01
5.932321241683682356e-01
4.094892360820820976e-01
8.773929207563631039e+00
2.367448634042995934e+02
3.759206445958122913e+03
5.860747392377150788e+01
2.283403771257186410e-01
4.385543609176140722e-01
1.583757801677854182e+01
1.186279846601895542e+03
4.016742735277636367e-01
1.589869317681167127e+00
1.796170397286586340e+00
6.492236699601184879e-01
5.068546110903378032e-01
5.278331861014886606e-01
3.830980842342026627e+00
1.905241626028361668e-01
1.371431922822937410e-01
6.876899251718902633e+03
1.783674014501360261e+03
2.515985978307580528e-01
6.575925434435847539e-01
2.901617065639964799e-01
6.350759619935725242e-01
1.928788699768789472e-01
5.326477439754675469e-01
6.338271146082586904e-01
7.179617166569463027e-01
1.556831911154652748e-01
1.381926022112189116e+02
5.829540306494077617e-01
3.303699216243575765e-01
4.964744260683713328e-01
1.761659192023805387e+00
3.864920362714490687e-01
3.479401985778339679e+01
6.127494208664080455e-01
5.790530491375560640e-01
5.842006844552147804e-01
4.783716350315377897e-01
9.985547108286667935e+03
3.826281698214551441e-01
6.400196103631087263e-01
1.160009042931358536e+00
1.937907147122481799e+00
5.333655438378840374e-01
8.888675568274898353e+00
7.283246648110091037e+00
1.464825644037672419e+03
5.938265610343149703e-01
3.768985394074094984e+03
4.136078122100523615e+03
2.321487243869410744e+00
1.912438558483215957e+03
8.457212426887382450e-02
4.962938616671357828e+00
4.127085476862198121e-02
6.438153600995161208e-01
2.080294877325373493e-01
2.517158002114033195e+02
3.865049889422944318e+01
5.678135713250246353e-01
7.578506781746163767e-01
2.706395068812190061e+02
5.018594259611657282e-01
5.682388002235380098e-01
6.657090543927468573e-01
5.928314675619620333e-01
4.185022372107899713e+01
1.394223012443222487e+01
1.852972112124080468e+03
1.216243217289294307e+02
8.240812716206879713e+02
1.338392439994020044e+01
3.785655396394516647e-01
3.662013104089534409e+03
2.394577910623107755e+02
1.045802142645147814e+00
6.530739775236356071e-01
6.649532757736896782e-01
4.120826344851987733e-01
5.019907702119604798e-01
5.716623238754579006e-01
4.061411498959070343e+01
4.243842063488677923e+03
5.349457249787484964e-02
4.416293210661005331e-01
2.929980501080056143e+00
4.926479405802376021e+01
3.958677043892410707e-01
2.058615686569068348e+00
6.015084795422504612e+03
5.522745608234876924e-01
6.151318793223985892e+01
4.516256627675570012e-01
1.724786771143201577e+03
6.261793561504132022e-01
5.673656811531202493e+01
2.052500503680478039e-01
1.261689830025708403e+01
4.155887533027386560e+00
3.751304230130530382e+00
3.262817635947660619e+03
1.811102896012959889e+02
2.465209882153300214e+02
1.594272695811901341e-01
3.103269227874508260e+02
1.414190244247056150e+01
6.506840912463084381e-01
1.361646869635881663e+00
2.609798032745924957e+03
2.971903704618434339e-01
5.644849510037364126e-01
6.911685078901205088e+02
3.957870023377592616e+01
2.709270487413682482e-01
1.513045901492591182e-02
8.356863141827423291e+00
1.765388818629742929e+01
6.476201210009587816e-01
4.246245095570563288e-01
1.054899354415612834e+03
4.361032028129281923e-01
2.685946698976830476e+02
6.619837828831574011e-01
3.569875638033092047e-01
4.686543530434389204e+00
4.166435659921318688e+02
3.942306983734437381e+03
3.436157989569132951e+02
2.926542064189442405e-01
6.624435418688643384e-01
9.788692970793377413e+00
1.164905113748582188e-01
2.928205954891878737e-01
5.358680690306860672e-01
6.893406518064693046e+03
6.185949498206854136e-01
6.554897747407297803e-01
5.265560822131359897e-01
3.180967624585132603e-01
3.774679153573367785e+02
6.275995916186727364e-01
7.542684877638519083e+02
6.606743763270165326e-01
5.979002847278503952e-01
1.364823922988807059e+00
6.338400270359901834e-01
3.606717195421991846e+02
1.419296542968994004e+02
6.019114578594525478e-01
5.844070089052577632e-01
3.090776635866057109e-01
1.800670430322046656e+01
6.218613812868477586e-01
1.701246300932492295e+00
2.880797214777334148e+02
9.807523030521800820e+02
1.333426046447283797e+00
5.519918152113790484e+02
4.867199771868908620e-01
9.572687917002958784e+02
1.849750756682534458e+01
5.202090806706893318e+02
1.786514122671451332e+01
5.566019903684700232e-01
5.576068589398702535e+00
1.772013375798854895e+02
7.388994480136575893e-01
3.736306476672210497e+00
5.666669743243170160e+03
1.123105603782813960e-01
6.044882067116301716e-01
6.326526999434907150e-01
6.803491984981301366e-01
1.114161536578488239e+02
5.018294130562602540e+00
1.079955640439617426e+01
6.629552077959511847e-01
6.651496547243607171e-01
6.570938248403939141e-01
6.173319347428802839e-01
6.417989753007432574e-01
2.702761738324614416e-01
2.085900253934267479e+00
6.566256310104990890e-01
1.652521945556294440e+03
7.801021661729365064e+01
5.052427775638102858e+00
5.823509488769453128e+03
3.404393967241578167e+01
5.523762855514776637e-01
4.262527065904133106e-01
6.608313532328101703e-01
6.118376362797555146e-01
1.366679600947666358e+03
5.464234517517568834e-01
4.925546532059942365e+03
6.301695759108292805e+02
3.133222829071051763e-01
1.048292500746610045e+02
7.848419459780943408e-02
3.324204063788067174e+02
3.987176482164203062e-01
3.622390877527081332e-01
2.296016601082068842e+00
1.885711985671812752e+00
5.840929450882318408e-01
1.688576104362377872e-01
3.537431738493885258e-01
3.783264594056399144e-01
3.722403039676731029e-01
1.211760407125961558e+00
6.167756344838846161e-01
3.933031897582439456e+02
6.656861173688810585e-01
5.199364307394467311e-01
4.338526692903639741e+03
1.222706842744654523e+03
2.928599297187384423e+02
8.898610172878859359e+00
5.521332670238022766e-01
2.292968321311945346e+01
1.457461172280394734e+01
8.603353442464025647e+03
6.152168639937176664e-01
6.211539406009871644e-01
4.669954371418656436e+00
1.745757065858250812e+01
4.522554334968301504e+01
5.102718300593546141e-01
2.394863382803204543e-01
2.703818958445637355e-01
5.794952482546739114e-01
6.427891049104944576e-01
6.294231461605388489e-01
2.116967790780759362e+00
4.108613723860231381e+00
4.960778640152831940e+03
1.737023393282097317e+01
6.511598248512452614e+00
4.061880840497524332e+03
7.304725034213034860e+02
1.969893723012579301e+02
1.298321181321988504e+01
5.856892436753695641e-01
4.074689384112799928e+01
6.070440646871411161e-01
1.001967811614949397e+02
4.882810139630305302e-01
8.406382865112739182e+02
1.234570062180442518e+00
6.527385340490736709e-01
5.628164656280422173e-01
1.966172390284613769e+01
5.824326751188532159e-01
5.861504360247677958e-01
5.163827687215375439e-01
2.214360880782449970e-01
5.248234282376017523e-01
6.657433172893171047e+01
5.116620298046619109e-01
3.773899753523902723e-01
6.358311125535573982e-01
7.800223738971889809e+00
4.298419632572961779e-01
5.772776829971012376e+03
6.579097677444597503e-01
6.564457445083574649e-01
3.608720424502893098e-01
6.077457605181627587e-01
5.250370848871102059e-01
5.143738256964228706e-01
6.648210364599730360e-01
6.643691068237432829e-01
4.477521025042350278e-01
2.144289867733814303e-01
5.814341733095462761e-01
8.595304356780778789e+02
6.264091048822882923e-01
6.456715236609351649e-01
9.397777657970581844e-01
6.617927554491532804e-01
3.362811496650544019e-01
7.349907876438342313e+00
6.151090317739524238e+01
4.005986551654464165e+02
1.639319693664140765e-01
2.933408330673534579e+02
4.268478572506318458e-01
2.746810446645197690e+00
5.279943733474835588e-01
1.331383086414100170e+01
3.157908092430963820e-01
1.026778292943734883e+01
1.618392737521320512e+00
6.240471899400660272e-01
6.310242512687213035e-01
5.407268301872737766e+02
4.878943065391143086e-01
6.617195559297180951e-01
3.397137722146713057e-01
2.633772897814167790e-01
2.011781204198876072e+00
1.234885408911528870e+01
3.274623638597215503e-01
2.820002725381298205e+02
6.510499892400316568e-01
2.244799234960545391e+02
6.059503005259557540e+00
1.044552348635766847e+00
3.584513411968683338e-01
5.174152765025628042e+01
3.785445220717556936e+01
6.637383684580210330e-01
2.680655548153891843e-01
3.133402980911358937e-01
6.042673265063465351e+02
6.639384488015492858e-01
3.125119214225902664e-01
1.301463340266057230e+03
2.087377738288526416e+03
6.366123332435579263e-01
1.882453566065717676e-01
4.361502320926439097e+03
6.663204221152304596e-01
4.742482147555010101e+02
5.119665132220788450e+00
7.843583446803130688e-01
6.198788751139822084e-01
3.902241388640642072e-01
6.502220896739434597e-01
8.225367904546466207e+02
4.955810432898109070e+02
2.321968940153755341e+02
3.545692663787489152e-01
1.179744595468467772e+00
6.631070359484111387e-01
4.393634673291640924e-01
5.871145199327481023e-01
5.602054197384340739e-01
5.682575473634824448e+03
4.289326092387657496e-01
4.879134000536671678e+00
1.869158223650750301e+02
3.346239608583593816e-01
6.351368985286049984e-01
4.988769159097117154e+03
6.655188305041129793e-01
6.232610713117270329e-01
1.396022384150562345e+01
2.951044485371769497e+02
4.994218600757987514e-01
3.004150824234810102e+02
2.124384316949078921e-01
9.665473371012073267e-01
1.098121152632589457e+02
2.084585862687618629e+01
8.804484039876106181e+03
8.669998333816934633e+01
3.878201849249572319e+02
4.006743539060592663e-01
3.228970289374868941e+01
2.169189146803901236e-01
3.590233834634912191e-01
5.879420806085329243e-01
5.332513837293387127e+00
4.440469634988781777e-01
3.457977112414883369e-01
1.360450658176071803e+00
5.934244247017758100e-01
3.241437164762912744e+02
7.229939715511839495e+03
7.832424767562745274e+02
6.548115525117353952e-01
1.304945542154806737e-01
1.270423384565185188e+03
5.713278364093269390e-01
6.565436526866038625e-01
6.436917221044818893e-01
5.510562714075387669e-01
5.597685765482798814e+01
4.507488013077571765e+01
5.339529264747774340e-01
4.810461561667032648e-01
1.122561147340718719e+02
2.420319495235362695e+01
2.441080388822921832e-01
6.403860804655578249e+02
6.514667503927452641e-01
3.610261747842384494e+01
4.041696606834923841e+03
5.979220701931190485e-01
6.613819294132043947e-01
5.282749482971794697e-01
4.527348051523426564e-01
1.645929095590526231e+03
4.473149735992998921e-01
6.086476776531840471e+01
6.640621018048356028e+00
6.859363558080322321e+01
6.123979804775560032e-01
2.132701141889301368e+02
5.891285906538763584e+02
1.161736230809945702e+00
6.357166234832694052e-01
1.322330204883288843e+03
5.321505593859832128e-01
9.850987162132248898e+01
6.035041157143922197e-01
7.850661355293432619e-02
2.620967268410120399e-01
4.724252923913296399e+03
7.647431917936057744e+01
6.428308044048243186e-01
2.403752608488021636e+00
6.486866613628620160e-01
1.190905560990717504e+03
5.263052899987965247e+02
6.571245162490351177e-01
8.177085962378624728e+00
5.065784199272527388e+01
3.522707116440209347e+02
5.364267971336825212e+03
2.918941261763842249e+03
6.138540234846462909e+02
6.632616689343764360e-01
6.023912539063049909e-01
6.559966984377396670e-01
6.133783737543548341e+03
1.739157668022216940e+00
2.474817155289444770e+02
6.614430165141931273e-01
3.857728335490818727e-01
6.628597708333835499e+02
1.744360793913259400e+01
2.686607394187193076e+00
3.281013075138807977e+01
5.205528949991278751e+03
2.570629714225940916e+03
3.996020076017825495e-01
6.284216949626006965e-01
6.444279322687972433e-01
5.920679659016845342e-01
6.417264812335135571e-02
6.434852743295980115e-01
1.512217971343611644e+01
3.513685386410417832e-01
3.928475300384893232e-01
6.657523391701195559e-01
4.801881698632281825e+01
7.733195449805987209e+01
2.948980352658919401e+03
4.524497595020220864e+00
2.486498274428807775e+00
4.326331075365176804e-01
6.654450179055511061e-01
7.715397748097964268e+02
6.411174653973319426e-01
3.718451681412088816e-01
3.566034379540316763e+02
6.799864920368277126e+02
1.945429683608067606e+01
6.336446031478734087e-01
5.133454365950203879e+01
5.671461117904886606e+00
5.262788576927217576e-01
2.078814061884839415e-01
4.114824536586839372e+02
2.162790937747871340e+03
6.540126248553697064e-01
9.887959806109202887e+00
5.594348756785192389e-01
1.333532257324228310e+00
3.291730207501960876e+02
5.683773815879551439e-01
5.641963432727204264e+01
1.770287034908253121e+00
2.035633231294264600e-01
6.571093666859213478e-01
1.707747872146022639e+00
7.541749126686586591e-02
6.553862518976092399e-01
6.649291552711784625e-01
7.034000791643707998e+03
6.645951197252246700e-01
8.155320070478724119e+03
1.983861937670834408e+01
1.172860055105472554e+02
2.244089668604648813e-01
5.094766320476985522e-01
4.820608471987837220e+03
6.116820263815109016e+00
3.055689354006921321e-01
6.173501145228303955e-01
6.654486272159362281e-01
9.688515488836462737e+02
6.475694965846910955e-01
4.407364749913142421e-01
2.785646449475964390e-02
2.764732784474549510e-01
4.000139484879781776e+03
1.792417033978266627e-01
1.850697454412179699e+00
5.489269630972889308e-02
1.822365580834806451e+03
6.548628440468540202e-01
5.173497872700752787e+00
6.532498402167781215e-01
7.361114166772082523e-01
4.126165577144387808e-01
2.110390598112800387e+00
4.226438959796267227e+03
4.009407009961571955e-01
3.105521567166671048e+03
1.128141660404476028e+02
4.086347965203666610e-01
5.842811789901610382e+02
2.104031674826737230e+02
5.824202174951010669e+00
3.898752510053263842e-01
2.793162752605013455e-01
5.205178789621408564e-01
5.274004315250060415e-01
5.385902187278451825e-01
2.184785910469073666e-01
6.080058641604280112e-01
6.581373295673900170e-01
9.193206249631175053e-02
3.367302576416000282e-01
2.659134053217729132e+01
5.179739372352593074e-01
7.694889063770860883e-03
6.139934006157855562e-01
4.607428674346259072e+02
2.159900490268360045e+02
6.355506555702296057e-01
7.410205426739170207e+02
3.831966781726199770e+03
1.199643108599088208e+02
7.440436545634714349e+00
5.561043167378501018e-01
4.977035980490038583e+02
4.162210038598813666e-01
6.131039885961272375e+02
1.882330746533507293e+00
4.548416235005196540e-01
3.827944224485669289e-01
1.043036312266987977e+02
6.493117101488279364e-01
6.106180742761023739e-01
2.915791606944263537e-01
2.807419315574403718e-01
6.592720182863481826e-01
2.814911751994467193e-01
8.513582404493361011e+00
6.654270163401692084e-01
1.657855847200965854e+03
4.523161007172070640e+03
1.870076296977084329e+00
1.163252717452902374e+01
4.109736734527180690e-01
2.353057182921002577e-01
5.677684958193633946e-01
4.458653928464066940e-01
3.265066006306729940e-01
5.873178202801412340e-01
2.888505884878024843e-01
6.027297499945616366e-01
1.862512745965917427e+00
7.527899738047960643e-02
6.703332861794827124e+00
5.039523804832236609e-01
4.864264600323816579e-01
4.606494352037036499e+00
3.771175694821720659e-01
3.612834661660574431e-01
6.643512982555740409e-01
2.536170840264456161e-01
3.264157848718963750e-01
4.808588415798467630e-01
4.445242077102771749e-01
5.358071763996864467e-01
5.972364674064449730e+01
5.873046490759270455e+02
6.513512200617413983e-01
7.224119375123580489e-02
1.153475064280973461e+00
1.689713354719238225e+01
4.943347683416923388e+01
7.117385713679220238e+00
4.654903899729283694e+03
8.918390537193308774e+02
5.619017768663287882e+01
4.822733341218920167e+00
2.141221156517700820e+03
1.198727740640821224e+02
2.958073358178090118e+01
5.650545277992048421e-01
6.091457493131040568e-01
1.548875103902722913e+03
5.928155512995413323e-01
2.906692006596175992e-01
6.580659629792079413e-01
6.656484696134222778e-01
2.561607339933559615e+03
1.695460779749300073e+01
2.102924941588315111e+00
1.523368265861229309e+00
5.439763104766514035e-01
4.619702768882465449e-01
1.391797710506165515e+02
8.022023912748259136e+02
4.946992839781399454e+01
6.628534830418485457e-01
5.532702721510889265e-01
1.025426148393259185e+00
2.586723062602737144e+01
7.504089892845842087e+02
6.879594571605241072e+03
5.489637557292355030e-01
5.855682631488506873e-01
5.291002345890714054e-01
9.228927307683039544e+03
4.938626566948894903e-01
5.679246235486355232e+01
6.595470505915270287e+00
4.827763114740502459e+00
1.242138174453956481e+03
7.661768813630669417e-01
6.655861296255456239e+01
4.515187045981123859e-01
5.128537868016972823e+01
3.730695682674466940e-01
1.091334072719910431e+01
6.132135412846947409e-01
3.492359658015709023e+00
4.992401018972527083e-01
5.981233814964361795e-01
3.611173167303226017e-01
3.510506681404134497e+02
2.931579721056310817e+01
8.299754662341185529e-02
4.077915960948375745e-02
6.642536206323433889e-01
2.469560641613229579e-01
4.255977230239122444e-01
1.627162353959911343e+02
7.242466003029808235e+02
8.087177856892146337e+03
4.094962403098042159e+03
6.216051876163118095e+02
3.881728930858208693e-01
5.798179928735581079e+00
6.588983041051188483e-01
1.028782630134243391e+03
6.630114334024203027e-01
3.276106240984146822e-01
4.069205287322832021e+01
5.259439872541249450e-01
5.056623461439905265e-01
5.048938469568279075e+00
4.047634534460125451e+03
1.307888928929321182e+01
7.472471528712924282e+02
3.126584317544454650e-01
6.179606153385278633e-01
2.300342675843194229e+01
2.982335668972064013e+02
5.745042169737955007e-01
3.219784061024431598e-01
1.405727523933793799e-01
4.613446268521004640e+03
6.617904507572119899e-01
5.152446093627239820e-01
6.175266989069890769e+03
3.906730488658341528e+03
1.232194776844501973e+02
5.858808170114617496e+03
1.311083050164073782e+00
2.337892741478145453e+01
4.598351304251994121e-01
5.533699738607933405e-01
2.929979841264264806e+00
2.069263222844015260e-01
6.435389763556912390e-01
3.702506363444381066e+01
1.309256725420873124e-01
4.403452702198348945e+00
1.430245964250797530e-01
2.219042177853942121e+03
6.498347760193584621e-01
6.165846410752860995e-01
1.614352550408067941e+02
5.391109512571851781e+01
6.579551950576028041e-01
5.963976659083549681e-01
6.647746135165911729e-01
6.609300335498259349e-01
3.040319078124385328e+02
4.165549483077912174e-01
6.174835692359275097e-01
2.236751401618080763e+03
5.574453589558450162e+00
1.123861832360010027e+01
1.935521034731543068e+03
6.651463328666754604e-01
2.531730093988813657e+00
1.186292480587185167e+02
5.101275890434058269e-01
1.416317358885276489e-01
6.633511010811704578e-01
1.814733577199953345e+02
1.929229964970018045e+02
5.569658273614357391e-01
6.489679008441797681e-01
1.975537742929909038e-02
1.347340623483881394e+01
3.251060571446401468e+02
6.638423469246127473e-01
6.585815693239343016e-01
6.545757011510243695e-01
5.724483061136648757e+03
8.318317693173230509e+03
1.383091620543873660e+03
2.186905964596307058e+03
6.551290563300811165e-01
4.521279490055589712e-01
3.440873800634045576e-01
1.727281393169120747e+03
1.178474770859726917e+01
4.505135383175891128e-01
3.697750667786547751e+02
1.432101787469518399e+02
3.883952315640323860e+01
6.360405146491566741e-01
4.721267012911307859e+01
4.947762845132855247e+00
6.301748654118887183e-01
9.068925286565079902e-02
5.974813405138994540e+02
6.646330410663408017e-01
4.623229630770850362e-01
6.638514824785884949e-01
2.527183533405523121e+03
7.335366057345258923e+03
2.964177354910461082e-01
1.250913744590729948e+02
3.016923643279698695e+02
2.152621808082015031e-01
7.469479274132040700e+02
4.036939208389022649e-01
6.870424054863669694e-01
6.654977271114241866e-01
1.096025004744117837e+01
2.039340003762349696e+01
6.188317767442085824e+02
8.680754187733766230e+03
4.419620358705710572e+00
2.541547535798847512e+00
3.439995680583866999e+01
3.751354295375342076e+02
6.596283696173261824e-01
1.628707004195199914e+01
4.585732865047393303e-01
1.559503907703074788e-01
6.486631587545885758e-01
1.723952068485750999e+00
6.312721460117387551e-01
5.754677453695361544e-01
1.031521595033009220e+02
4.408013914230774155e+00
5.576004687118879533e-01
5.345962280979328352e-01
6.388378592129986266e-01
4.808150137948194458e-01
4.744656232598136736e-01
1.229337125326584435e+01
2.146082786651486458e+02
1.299322628911333766e+02
3.907154835690586747e+00
6.639622967393594699e+00
8.614087612489244350e+01
1.602179933590567318e-01
3.415999149840196925e+00
6.721872765669259508e-02
3.184434420574260849e-01
3.786541301469907861e-01
2.515068933170783225e+02
3.300747578504008017e-01
5.061691984794425480e+03
5.817310696979109075e+00
9.386474801126642831e+01
3.873711092827209086e+02
6.559217698042200118e-01
4.597789919501154010e+00
4.224889154680836478e-01
2.180181217607644495e+00
2.203739675776381191e+00
4.284142176168739269e-01
5.963096962815461666e+01
1.819875438570441517e+01
2.673467666191373155e+03
5.939425690760984367e-01
4.560828961335826534e+03
5.523567632538745054e-01
9.215341010038781144e-01
1.876562879781358106e+03
5.572088503557566241e-01
6.632783532399866289e-01
7.413366789541054658e+00
9.886743468181963479e+00
3.418817663120830019e+00
4.388611568313393607e-01
7.958817048787420845e+01
7.966943856577551886e-01
3.172390280588088807e-01
5.466985292130748348e+02
2.649098204109869847e-01
1.856529523707077522e-01
5.327261425813077977e+01
6.594897923979852195e-01
2.125185848908113240e-01
2.751805151059098509e-01
3.759006234119315337e-01
1.339955209957545890e+02
2.462535853383680529e-01
4.173457515076215429e+00
3.949534498649967529e-01
1.711178717577972748e+03
1.223346322981348211e-01
2.213024141281749735e+01
1.216065666821963681e-01
6.060963037694117039e-01
3.786723846427712203e+00
2.629456288580045253e+01
3.179503497280476987e-01
4.812297044705135529e-01
2.027566307440386018e-01
5.779509802626384918e+00
5.404925887478665425e-01
4.629789696916175590e-01
6.564249312200352016e-01
4.089615483291677012e-01
4.045624902523454192e-01
4.776122842696241544e-01
1.591645649140813212e+01
9.483051420404477767e+02
6.622304800130828228e-01
4.096243747386938594e+03
3.265547918261121341e-01
3.006571391347607005e+03
4.621626623429452296e-01
1.055753236343935919e-01
2.359021757128546426e+02
8.796186341985896433e+03
7.055921509231391155e+02
6.483803318963231588e-01
1.455197163943406125e+01
6.638996854218764954e-01
5.064082632879483015e-01
6.654848518165383808e-01
1.609401755747856839e+02
1.450353321758495895e+01
5.142472227283136817e+03
