1.184667274380084012e-01
5.056513814136408963e-02
1.324012527720910548e-01
1.600685269019221091e-01
1.120327431309453836e-01
4.709411731877720386e-02
1.447653949574641830e-01
1.602389773380452909e-01
1.338497263157898964e-01
1.543397630884916216e-01
1.525785084312656081e-01
1.185279487837321982e-01
1.385408230529756868e-01
9.746238540126420102e-02
8.981097405948861023e-02
1.533604329628348029e-01
1.820359890694735472e-01
9.517247625411168199e-02
1.202170544028213495e-01
5.285272900121854717e-02
1.042397890682956740e-01
1.356516300822354637e-01
8.838202988928103854e-02
3.799411266815094779e-02
2.847865355341560462e-02
1.085891796093882145e-01
1.403337929823037233e-01
7.010319526808009294e-02
1.183094796712577390e-01
1.832419694013137368e-01
1.395613455543922021e-01
1.337825691809871598e-01
8.857035991649089834e-02
1.278898611318527063e-02
1.467461549426133383e-01
1.158935855261954279e-01
6.716466598533850363e-02
6.473297444129279266e-02
1.102848621378261784e-01
4.452972471272124283e-02
1.192420604284980951e-01
6.095831167806520234e-02
1.024371373259780199e-01
1.842419574489506662e-01
7.752318337613814392e-02
1.328653962665379829e-01
1.403228546289903844e-01
1.683485820798873989e-01
1.593514223988365952e-01
1.219461167215998426e-01
9.591896976868247160e-02
6.435546010890245971e-02
1.543805459099251987e-01
7.555478971594556392e-02
1.504009180912453947e-01
1.839235172307934207e-01
6.699806400742912282e-02
1.001433394404482452e-01
1.582998709906737467e-01
1.613695542416097028e-01
1.737986668098870646e-01
1.098184502901261572e-01
1.570001174467132443e-01
9.149530802034849808e-02
1.013691579082530853e-01
1.709954387154905553e-01
1.521516003663709038e-01
1.356017465302139235e-01
1.003156426598623141e-01
5.624675038016043599e-02
9.797197412668627592e-02
1.593266977733103218e-01
1.204844052012165045e-01
1.144831768169969621e-01
8.262786159403184838e-02
1.640624683663760019e-01
1.297994487173414480e-01
8.319863997203356953e-02
1.781038532048206113e-01
1.329083123918064491e-01
9.624047325562970490e-02
9.759798355208172682e-02
5.631062766621035970e-02
1.812282151826125620e-01
1.419172833389516775e-01
1.190848605071937599e-01
9.111747553555635259e-02
5.948939082344727181e-02
1.139763750655205243e-01
6.198156336757106033e-02
1.357788939062645472e-01
1.481604099065584046e-01
1.074184498389753467e-01
1.155282890235160009e-01
1.572436961504632136e-01
1.171126546539282970e-01
1.158401417876611661e-01
8.229133761484946907e-02
1.177898690919693125e-01
1.178075298565789686e-01
6.404006554252394956e-02
1.251657894088976652e-01
1.661636219780734114e-01
1.169459598950925577e-01
7.453296401720446718e-02
1.249196756750753506e-01
1.185349750335473878e-01
1.393804285186656944e-01
9.332066102317622402e-02
1.178270409093263166e-01
5.096085144812453893e-02
1.154537499599536943e-01
1.443519282738192633e-01
5.562634871094964545e-02
6.787102580025779208e-02
1.348994648710191424e-01
1.120063415658103800e-01
1.756643710649501977e-01
9.081060298446878842e-02
1.619379274176050987e-01
1.260269072847953475e-01
5.744720321552718861e-02
1.192748165988153641e-01
1.841711345233534858e-01
7.810195012037748907e-02
1.690207717521169106e-01
1.562336105817601906e-01
1.028077527084556020e-01
1.753709264440772020e-01
1.505912118906668484e-01
1.234199443267675333e-01
6.404006554252394956e-02
4.028672850739321853e-02
5.387919226042457016e-02
5.891744179448399343e-02
1.152434950211340681e-01
1.570512341075735452e-01
1.072859337471716301e-01
1.270515199525217298e-01
9.960553580734667067e-02
6.411544143989623967e-02
9.087389375012584758e-02
1.229571341770857584e-01
1.319603381305015644e-01
8.878739401668520048e-02
8.069629476655075517e-02
6.803464095682015822e-02
1.329120932975272062e-01
1.593941579280667986e-01
1.631360260864518630e-01
1.130254088232531678e-01
1.478360673068785103e-01
6.575279045399741451e-02
1.536893691483664226e-01
5.334157881710129001e-02
1.454911220504113423e-01
1.762788243157392409e-01
1.397933744981418591e-01
1.568909101004095918e-01
1.080324061427086479e-01
1.794303306037969004e-01
1.701074765678949330e-01
1.695422339886247520e-01
1.737130189362984523e-01
6.423394727948254779e-02
8.709648232181904648e-02
4.636240121823824445e-02
1.795903440182858579e-01
1.416300801777802543e-01
7.399890249693275024e-02
1.674331911950204810e-01
1.699595213093402779e-01
1.833641072866374899e-01
1.241249527715437839e-01
1.652373228339508726e-01
6.349830300281206208e-02
6.239113851825951046e-02
1.202670819209867847e-01
1.477843428078310928e-01
1.773873390725383414e-01
1.596422758077356840e-01
3.227893289406510297e-02
6.376179909315005112e-02
9.585606171142665999e-02
1.116101492523960265e-01
1.709927312248570586e-01
1.696022411142613096e-01
1.074043149821879706e-01
7.579572348453063324e-02
1.029200395794062778e-01
3.357779772894854686e-02
1.644242615027549648e-01
7.506181897869119990e-02
8.090756190445946849e-02
1.758941079298934895e-01
6.837065772448894241e-02
5.080040537311704407e-02
8.505859435597669382e-02
1.564711787692043832e-01
3.259018763582558625e-02
1.684445423175501000e-01
1.447050308926257634e-01
8.594865041561079722e-02
1.324012527720910548e-01
5.674421407949954699e-02
1.671201013890208364e-01
1.802151661445656194e-01
1.647341015739011150e-01
1.126294859404266269e-01
1.028287579273139823e-01
8.438950425447383497e-02
1.290537064448872562e-01
1.222481256016948181e-01
1.363629297135433571e-01
1.347806228842214071e-01
1.590981613018578322e-01
3.616998630063207598e-02
1.690658855674360417e-01
1.500142599414756583e-01
9.332066102317622402e-02
5.406072450487118403e-02
1.684445423175501000e-01
1.828953251817017067e-01
1.614091365252254828e-01
6.170247546606680289e-02
9.890191573793334634e-02
4.437203013329550638e-02
9.671201897781284140e-02
1.144831768169969621e-01
8.932761901644648006e-02
1.319263267116805860e-01
1.839793785627701073e-01
9.507269394178741173e-02
6.341811750412484905e-02
1.405053116922407863e-01
1.779509348095835164e-01
1.139349515040808392e-01
1.780103479515807718e-01
1.199792347670226578e-01
8.151475863865857707e-02
4.142411386483944163e-02
1.579091843755334179e-01
8.738340657172444237e-02
1.741303398050771389e-01
1.396615057188133058e-01
3.185829431701343861e-02
6.883307254193750391e-02
1.778521451809917941e-01
1.822166018171772761e-01
6.899835387854159896e-02
9.431085121091141443e-02
1.527091933682905300e-01
1.615943899097548875e-01
1.122362604572296890e-01
1.508784659389326432e-01
1.569068749293937026e-01
1.073905358361892382e-01
4.561061326519231379e-02
4.192779693665575624e-02
1.165098805717891817e-01
1.848801406182865037e-01
1.548605702893261216e-01
7.041564839960173794e-02
9.457083990788142658e-02
7.328393241004403647e-02
2.847865355341560462e-02
1.778780065282490608e-01
1.186643899169748662e-01
1.237230188476610149e-01
1.662604329912166501e-01
9.269387070618986812e-02
2.625712610700366156e-02
1.465588800527760083e-01
4.680124345171805811e-02
1.206846201210850095e-01
1.708220099814954929e-01
1.686012547729504873e-01
1.036033323584884258e-01
9.791990754625506943e-02
8.429421545632899415e-02
2.585294073644633234e-02
1.102308814829895123e-01
4.437795004408272292e-02
8.875860814628429296e-02
5.370051099681527607e-02
1.410114423423734775e-01
6.444608285719098661e-02
1.723634071519154209e-01
9.007958172978612621e-02
9.623785011646852905e-02
3.931286486977447758e-02
4.959530802576686548e-02
7.517686830323885849e-02
2.542337013072806101e-02
8.551433854695326964e-02
9.037572602004338707e-02
1.668723182237115132e-01
8.961907359889899338e-02
1.159904830513245749e-01
6.775001610744223191e-02
2.885621490466871303e-02
1.205202770735497586e-01
7.580912310622506256e-02
1.177134595640269288e-01
7.198171809881785677e-02
1.701062302657313230e-01
1.826104435849825736e-01
8.234776896811260571e-02
6.222001592340963699e-02
9.221444932859203247e-02
9.957830899261206625e-02
1.417274848297428447e-01
1.568696217487683953e-01
1.489657124694112045e-01
5.037910878990562585e-02
1.180725478606604317e-01
8.055477626425780469e-02
1.326879204098992959e-01
1.678571497863148854e-01
1.384428850032607405e-01
1.141142735179039858e-01
1.425686464981616441e-01
5.609320458659890901e-02
1.782128746062677793e-01
1.153855494476598575e-01
1.640624683663760019e-01
1.055138526758247208e-01
1.416144730446528277e-01
8.163987285996028576e-02
1.499475028985329805e-01
2.665562685309302501e-02
4.912349538003078081e-02
1.614325513636802045e-01
7.990807702203717167e-02
1.054578816670123653e-01
1.156088666559078187e-01
1.172885653038303749e-01
1.144724701043704079e-01
1.763614954964500547e-01
1.253434840961698826e-01
7.257225701493298653e-02
9.216914500013709266e-02
1.798034559084671913e-01
5.741759296134909402e-02
1.103015851370957173e-01
1.113940984493201614e-01
8.907983337600876295e-02
1.051285296938575670e-01
6.129014866965728364e-02
7.814140752980471005e-02
7.657948777666251372e-02
1.038119692717151543e-01
1.276294234347600531e-01
6.043369186893086942e-02
1.601678411964073123e-01
5.602744842678149956e-02
1.683485820798873989e-01
1.625706867986086157e-01
3.211005290113973926e-02
1.033534527673990455e-01
1.400234383661764503e-01
4.629802559321340161e-02
1.634448719836105735e-01
1.777703320744074000e-01
9.317722987892011755e-02
1.701571476015981688e-01
5.401635091059599908e-02
7.568807524395068653e-02
9.800138923021321780e-02
9.682875569193519216e-03
1.372010016712310598e-01
1.295015729902307400e-01
1.581693382588577612e-01
1.664554828967243216e-01
1.213809640295627074e-01
6.356412885836107418e-02
1.458311657562888219e-01
1.210939646218626986e-01
4.463830377040722830e-02
1.144862193611451973e-01
1.846645208461657750e-01
9.377887351244053316e-02
4.498785271212144693e-02
5.533255462754539666e-02
5.305328544426877319e-02
6.423980689761361884e-02
1.629801558687389851e-01
1.765018835997310756e-02
4.145900328388989198e-02
1.629322941839069228e-01
1.699228400931668270e-01
1.435316623467825792e-01
1.254596655824311291e-01
1.242780120294624951e-01
1.315007615107840477e-01
8.762591051857041013e-02
8.290092679748306548e-02
1.195461727173289940e-01
1.091347073477786089e-01
9.198901268848778956e-02
9.976887476935281107e-02
1.719276559051895192e-01
1.829156730778965512e-01
4.632007346495063682e-02
1.471990268464617724e-01
1.853946053324574961e-01
6.676159137200338156e-02
8.811028008712638859e-02
1.035337095298009408e-01
1.000256875908210608e-01
8.949414135714769958e-02
1.249668414767424740e-01
1.329105718254942337e-01
8.878739401668520048e-02
1.754179058772071531e-01
5.021309887546649559e-02
1.464555061201680830e-01
1.593514223988365952e-01
7.909912814174166473e-02
1.728958021141232537e-01
7.863243910796474667e-02
1.244170318581929169e-01
1.485052036546130605e-01
6.524692515300350992e-02
1.075345858707001528e-01
5.320424456817787057e-02
7.599811333907789679e-02
7.370447094223166185e-02
1.149856392177471265e-01
1.832419694013137368e-01
1.466011101018904472e-01
1.216724050267288804e-01
1.615552991152258422e-01
4.301648842365163317e-02
1.605743182948718151e-01
1.121121536496993421e-01
8.096495444802924435e-02
1.487184706462938433e-01
8.156858468514936733e-02
1.648896225376285385e-01
8.460646544595690210e-02
9.216751002875922527e-02
9.431085121091141443e-02
1.812282151826125620e-01
1.469222222016874080e-01
1.022076329514998855e-01
1.017436227229319701e-01
1.750168718721105687e-01
1.146450986514906123e-01
1.486616999898733582e-01
1.555696876169172793e-01
1.000425236870259443e-01
8.464387117471500188e-02
7.681140314089943133e-02
1.350763926299643758e-01
7.715675522284001775e-02
1.129949331703130472e-01
1.392373217170259914e-01
1.570270306430522900e-01
9.245284866657017819e-02
9.269387070618986812e-02
1.799529410742982671e-01
1.462325875802772124e-01
1.814018312064042682e-01
1.416857021959459784e-01
9.383423715283656374e-02
1.616929981263030003e-01
1.182514167272328137e-01
1.593941579280667986e-01
1.092921499512375522e-01
1.048231146558928212e-01
5.249937841368711167e-02
8.320868972274654551e-02
1.408810374263310405e-01
8.055477626425780469e-02
1.343043711806805596e-01
5.070099057869881243e-02
9.886707586092285949e-02
6.576870904301281018e-02
1.658662188822790928e-01
4.590713401819801476e-02
9.216751002875922527e-02
7.201792939703219321e-02
6.171102124378684273e-02
1.795903440182858579e-01
1.203837366037222023e-01
1.808746482155244306e-01
8.842606251099191517e-02
4.689761986499688812e-02
9.474012115362635822e-02
1.352728886055409308e-01
1.215574395134641356e-01
6.232314070373635995e-02
5.869510869286141685e-02
1.263157231298643601e-01
7.950155432623093321e-02
6.446397095277539568e-02
1.687267940732425364e-01
1.708992324643668348e-01
1.209754778159988914e-01
6.312190204875338384e-02
1.117465802363528660e-01
1.365579249878147161e-01
1.460749993020120652e-01
5.041146721086965654e-02
1.304645928666635368e-01
1.520587504391761324e-01
1.757470836324695196e-01
7.410387221445205452e-02
6.746185673826203544e-02
1.029182814483688979e-01
1.380685807348965566e-01
7.487599971248661002e-02
3.024141271933127040e-02
1.669443240005850648e-01
1.120575772046720174e-02
1.561078344382399175e-01
1.202421498829617796e-01
1.676752455592072921e-01
1.356995107782945353e-01
1.171664835490828921e-01
9.431085121091141443e-02
1.635639370395614856e-01
1.538427406255696017e-01
1.797980640882328729e-01
1.804174983837124324e-01
1.242259924229918572e-01
1.025481198224257040e-01
2.237078347897372352e-02
1.565383834793168394e-01
1.557987943507161965e-01
1.601543930713911490e-01
1.001229761574456700e-01
1.542124171336938798e-01
3.969439602989102700e-02
1.725299132611456676e-01
1.741303398050771389e-01
6.797017138759794963e-02
8.222672784538243018e-02
9.932062665369213728e-02
5.640314371443834462e-02
1.033247906629144730e-01
4.018065397411915013e-02
5.838391409511017871e-02
1.294531108910075279e-01
9.199367538656576249e-02
1.763844195191814901e-01
1.264787183337256482e-01
6.076558988595121003e-02
1.553810197353222011e-01
1.828070589695575121e-01
1.762506420488640924e-01
1.680377040677252243e-01
1.742544275008497956e-01
5.782513845326175267e-02
1.567302368100341736e-01
7.316819302684136883e-02
1.713911282646624901e-01
4.486240307109049669e-02
1.233207214000984348e-01
1.773623102079104341e-01
1.131193242866571080e-01
1.496836976666962027e-01
8.772762668054263913e-02
8.416079401102348478e-02
1.743514169175956752e-01
1.420335088306742266e-01
1.095458836728482183e-01
1.231346969412438902e-01
1.273700278710999667e-01
4.675292081048369047e-02
1.159550633849642381e-01
1.385783545234562375e-01
5.256891547848922819e-02
1.722798682387225444e-01
8.128747360067635486e-02
4.778856672623289781e-02
7.219580526400859455e-02
1.090957099625642496e-01
1.478201025968589322e-01
4.226715568157209807e-02
5.562634871094964545e-02
9.402630190978443492e-02
8.235506706204463734e-02
1.425392543261631284e-01
1.779036506101317194e-01
1.640624683663760019e-01
1.060632821509153584e-01
9.309428247736954709e-02
8.517506406452805823e-02
1.224492539393898377e-01
7.345940990633013923e-02
4.745273856521475125e-02
7.378498741149183693e-02
1.005114032062833229e-01
1.269041734969432456e-01
1.580963387159034228e-01
1.473879555999349222e-01
7.399890249693275024e-02
1.663943454506772446e-01
1.127982959614290959e-01
1.016651905324823246e-01
7.722517199262622645e-02
1.659640325604145594e-01
1.291305927981194757e-01
1.598320910374705361e-01
1.666751413819780869e-01
1.012795960573199122e-01
1.777491425953129645e-01
3.015429470232000933e-02
1.775143303443445231e-01
1.229777415703780657e-01
8.069629476655075517e-02
1.571994460007256622e-01
1.234468245725192648e-01
1.370224258765625758e-01
8.680909804310049660e-02
1.053136505046223248e-01
1.644134588859298973e-01
1.772595940303293149e-01
1.740993752500588632e-01
9.355650462308937043e-02
5.601091010783061652e-02
6.922955833217568633e-02
1.587463459942224930e-01
7.332581922526015816e-02
1.254975187347191490e-01
7.492632378229177603e-02
1.270926833570245051e-01
1.521310667619901191e-01
6.238416220206999263e-02
8.625798049731099593e-02
6.098649867712040151e-02
1.463850991493041431e-01
1.594932698963471007e-01
1.188580222450381502e-01
1.776418384478156975e-01
1.771439589538700843e-01
6.784497848272441622e-02
1.103278185119274529e-01
1.280393722541174339e-01
4.452989840410796762e-02
9.851307923978025460e-02
1.814018312064042682e-01
1.214411631200901925e-01
1.187608208178805858e-01
8.523330649445966245e-02
1.619410313848220206e-01
1.493297727450303147e-01
1.327903774759839617e-01
1.241926916360562155e-01
4.260008860706159667e-02
1.654743541441389132e-01
1.278785944696503030e-01
1.390000629431426549e-01
1.325083635473380816e-01
4.898402069494214861e-02
1.599539927569022246e-01
1.682387131096455546e-01
1.530545987285090170e-01
1.201377879636522789e-01
1.624187858890256408e-01
1.320373453548915332e-01
1.514248500924166019e-01
6.801648918725577975e-02
1.085918842587720728e-01
4.749701647379096087e-02
5.907562249750599598e-02
1.162611219801087253e-01
1.805547584462652289e-01
1.743400411665933791e-01
1.068648488661481100e-01
1.810466056612008434e-01
1.329562766318717615e-01
6.751324881735550065e-02
1.219461167215998426e-01
1.403980458649576046e-01
1.581674133444114227e-01
1.260676508975029642e-01
1.163672024359221763e-01
7.540757582660417846e-02
1.451313159047172563e-01
6.364770872113392763e-02
1.714112809133682691e-01
1.330427340358917299e-01
1.269500172551433492e-01
1.103278185119274529e-01
2.302717648505627282e-02
1.174187218902141283e-01
1.853449416923679538e-01
4.004553750690419828e-02
2.953869838909297524e-02
1.614274040535068622e-01
8.487486608947646116e-02
7.083716041215501469e-02
8.976968362516871136e-02
1.800574712443978598e-01
3.656410229507821991e-02
1.370237526482103174e-01
5.454362502864965739e-02
9.117853677888640429e-02
1.245145868291624852e-01
1.185793030362039396e-01
1.091741590738861262e-01
1.191368209113222304e-01
1.784626029081479992e-01
1.366896002990274361e-01
1.286386508358869918e-01
5.184359682298907146e-02
7.732368473005719889e-02
1.341866214756103071e-01
9.987100603895264495e-02
1.037006800426186620e-01
1.581673154993258890e-01
1.342713035815701894e-01
5.609320458659890901e-02
3.238482153623114396e-02
8.265148052387952249e-02
7.609592846758135576e-02
7.527389857874378087e-02
1.555160305901174544e-01
9.584713386200566232e-02
7.804019098245151831e-02
1.367231342021943130e-01
7.917030887425678676e-02
6.164537903718925876e-02
1.642258719382062859e-01
1.409184374902186232e-01
6.792966764409737179e-02
2.476807967087017032e-02
1.734510851497245709e-01
1.242894775603147622e-01
1.441759959860853813e-01
1.615552991152258422e-01
3.157251800562872052e-02
6.233169745276729429e-02
1.760281255170499104e-01
1.770388700335482346e-01
1.536302133186221441e-01
5.557414774158226517e-02
1.029543434534393037e-01
8.293961047232040196e-02
5.911343045891910564e-02
8.717726745850422343e-02
1.068648488661481100e-01
4.373663799107146283e-02
1.035133900655450245e-01
4.558490475223570676e-02
1.096781764716916741e-01
7.035538296795286473e-02
1.023222822002027993e-01
1.581232887810470333e-01
6.761707536771051352e-02
6.584543405973777852e-02
1.610004969575417888e-01
1.464940330910034505e-01
1.750528676330312394e-01
1.599692325412366278e-01
1.022717723991565103e-01
1.773911110028078553e-01
7.305449749717855823e-02
8.586500303293924385e-02
1.144602983112969763e-01
1.072882055271312252e-01
4.015003446742106824e-02
8.898453770395503559e-02
1.412964744475660728e-01
6.690790804626678412e-02
1.524967023174711722e-01
1.225118782880598861e-01
1.026523381341455099e-01
6.660778589849242204e-02
4.622630602553211288e-02
1.842419574489506662e-01
4.669947256191316065e-02
6.736512782043342640e-02
1.490990608055199618e-01
1.637099953310373890e-01
1.164661931147684543e-01
6.924419740732713768e-02
9.810161621186623548e-02
1.379100941361434962e-01
8.071160648074063304e-02
1.372893254209957559e-01
1.091741590738861262e-01
1.763925809627285568e-01
3.807394385189831476e-02
8.670966127855193883e-02
6.218974439659153558e-02
5.982397522686560415e-02
1.812162008901607446e-01
1.644033919737939164e-01
1.117465802363528660e-01
1.260075927013815100e-01
9.721982290131217508e-02
9.167246497023895380e-02
1.744406088691685397e-01
6.747744361302183969e-02
1.133812079759723146e-01
6.681007967813515358e-02
1.848916628255604377e-01
1.229022542170872950e-01
1.691130098067453180e-01
1.822216596061606853e-01
6.265688441920734542e-02
5.907562249750599598e-02
1.718496950053272354e-01
1.627410157843677818e-01
1.342600888876269438e-01
8.272568939713377534e-02
1.632764955264980056e-01
7.387553980704393564e-02
6.826145411775481897e-02
7.336537846609572644e-02
9.844091038279723094e-02
6.453588301883347866e-02
1.592494556731414435e-01
1.518640498727981125e-01
1.574766550606079007e-01
1.268173039047980066e-01
1.113753293369325048e-01
1.497584110155222858e-01
1.133047951650465179e-01
9.897012792170373219e-02
1.444993100993670898e-01
4.558490475223570676e-02
7.651215104121154853e-02
1.284531317412309082e-01
1.728762375753891134e-01
1.735061721371627397e-01
1.203676574809079414e-01
1.318496586208717514e-01
9.343009398790781683e-02
1.543957070232686579e-01
5.926642758031291230e-02
1.265814694132554319e-01
1.529924945973337447e-01
1.335018790475822614e-01
5.671486173142640391e-02
6.392405455172929518e-02
6.659056751441257138e-02
9.426959119330474701e-02
6.636196650772457906e-02
1.872570812923340239e-02
1.398507232498616137e-01
1.051900216492412943e-01
1.354119308739274719e-01
1.119606974122118459e-01
1.538794739598579875e-01
1.109931089883684913e-01
8.485959970298206922e-02
8.548116335909804187e-02
1.665216045386275767e-01
5.657978513664736753e-02
1.206846201210850095e-01
1.760281255170499104e-01
1.260778124619585105e-01
1.784723638020752345e-01
1.158401417876611661e-01
1.148379453920820581e-01
1.215693316981431016e-01
1.120501383701318632e-01
1.361933787518171124e-01
9.615192339297778945e-02
1.606030770711484590e-01
5.010322276841096961e-02
1.489575282586005633e-01
1.089316295154099667e-01
5.310548705158645716e-02
4.970766770730147138e-02
1.144387487530085790e-01
8.231637788997905880e-02
1.838397570241933343e-01
3.794917943606535699e-02
8.222331362501790475e-02
7.175886173670449619e-02
1.598349086421526344e-01
1.037076514770119140e-01
1.621965631049803735e-01
1.049577002495779010e-01
1.742272236350640713e-01
1.159513795473949560e-01
1.239609248617408732e-01
6.646249655732901218e-02
1.479994475188319558e-01
1.627819569257249743e-01
1.592488991041171587e-01
7.064095222131649976e-02
1.708129264116383939e-01
7.924862893388759377e-02
1.660846681294902427e-01
5.640314371443834462e-02
1.042506128983001351e-01
6.942291584842014140e-02
1.172031765511440393e-01
7.048298983422784936e-02
9.449045008750442398e-02
1.409305987583293618e-01
4.636240121823824445e-02
6.204011931241260047e-02
1.567159108582375227e-01
6.046619706365910507e-02
1.305197633798000079e-01
2.269722896542897966e-02
1.704817681228761317e-01
1.295087954703676436e-01
1.457820135486855850e-01
1.604197014968345991e-01
1.751527077573367952e-01
1.019427024631003043e-01
6.103776615290629204e-02
1.678677797677570194e-01
1.755904850632646064e-01
4.942892882908653251e-02
1.767032017554352741e-01
1.154903843705232386e-01
1.627334804489628806e-01
2.295357653902944592e-02
8.364041948227694812e-02
8.390066925075247151e-03
1.036999055374775852e-01
8.141692443441606031e-02
1.014695656398997003e-01
1.247051543373541987e-01
6.194185764890167145e-02
4.831363151427674196e-02
5.226120457275551523e-02
8.132905757092397103e-02
3.594879895713010837e-02
4.068987331694702558e-02
1.270400064032958520e-01
5.142143291599107768e-02
7.366634313463082950e-02
1.221224321932747603e-01
4.104717022199209225e-02
6.615790067343509107e-02
1.391900834868543269e-01
7.665331764434536732e-02
3.897606787300709336e-02
5.592635374604190690e-02
1.168126836811291119e-01
1.577828417625902480e-01
8.443362032868632905e-02
1.122280687162064139e-01
8.177213357360058055e-02
6.374665763092221549e-02
1.244028467466307963e-01
1.250574643528777896e-01
7.579038122215787932e-02
1.233636159179972991e-01
1.822813550118715653e-01
1.749368185469347969e-01
1.723516753122233958e-01
1.197901342235342947e-01
8.420857968558209672e-02
2.949481999024960305e-02
5.101308345987896203e-02
1.295285426456769251e-01
3.258660901346129013e-02
1.713817464846057459e-01
1.492209780453548074e-01
1.267104217646082831e-01
1.457814261666647293e-01
1.195928884868328324e-01
1.225118782880598861e-01
1.416300801777802543e-01
1.517124508178910591e-01
7.901388140300379115e-02
1.571089973419268759e-01
1.220511445039397652e-01
1.801539179067637164e-01
8.625938347671688322e-02
1.548255840439310971e-01
1.754342543728764081e-01
4.964215496467742211e-02
1.475258985668534938e-02
8.787614385231078129e-02
5.377923146053685544e-02
1.440677742281384621e-01
6.172233248186962534e-02
1.105908380960551191e-01
7.579038122215787932e-02
8.222331362501790475e-02
1.767615186666148808e-01
1.109624688861448744e-01
9.900009478740000313e-02
8.426988032989259081e-02
1.017356942409349679e-01
1.440296690203574093e-01
7.411368372763001144e-02
1.146387576594468383e-01
5.093385675591324824e-02
1.847751895012650358e-01
1.576414286725397740e-01
1.827978966658842797e-01
5.509227281612796845e-02
6.311755378658114035e-02
1.658025936141939993e-01
1.035908798921545693e-01
1.832522653586457217e-01
