2.697630819154732684e-01
1.459608295027143565e-01
1.284016706810914288e-01
6.824216168824762119e-02
2.415974166539342494e-01
3.677779510212842579e-02
1.886778139034685220e-01
3.628574503050461392e-02
2.178831501957364802e-01
1.659664478364833717e-01
1.060026615670766337e-01
1.626703745720153305e-01
2.560065712963457418e-01
8.688796945787588544e-02
7.267813340990771087e-02
1.564343110133463721e-01
3.745413888471112868e-02
2.132281468746153319e-01
1.488015377175814780e-01
5.017142896969616767e-02
2.557436877594801428e-01
1.257232502130306573e-01
9.369364780533749604e-02
8.136042206018040401e-02
6.293482799279495610e-02
3.121582599167466721e-01
1.697184979163149365e-01
2.506452444156905823e-01
2.406725270782193726e-01
1.939716871262556486e-01
1.410978752590693053e-01
1.565589267301229215e-01
1.824661300249107998e-01
4.862201029753423359e-02
1.919689880743390975e-01
2.338021760532064397e-01
2.601157262122926750e-01
2.843215710819418929e-01
3.136251670387937285e-01
2.054965684722747932e-01
1.374263956105547524e-01
2.259150363335661882e-01
1.017622203450967155e-01
1.755247167915310880e-01
3.232991714473852918e-01
2.960468617990716367e-01
3.184803085382900689e-01
2.920290322196475441e-01
9.730908812286687137e-02
2.996255233822429087e-01
1.010354624457812656e-01
1.810701978051368621e-01
3.149789122838143884e-02
3.024800573074594157e-01
2.059606457114402933e-01
2.038049414522096758e-01
1.188233675526167710e-01
2.335279997391697393e-01
2.387149079154275155e-01
2.051324276923419954e-01
6.888783340306871283e-02
3.197186890002774451e-01
1.272584127478518790e-01
1.931226664916952385e-01
1.864058846317563356e-01
2.935629394144652071e-01
1.855683198023730662e-01
9.875153424476326713e-02
3.128743009685461818e-01
4.612989851103876243e-02
1.657320618106089549e-01
3.017821170784457663e-01
1.167112839785444250e-01
2.263909014381506046e-01
2.057120380794182080e-01
2.512448069043649035e-01
2.477382521246454528e-01
2.117441803455857863e-01
6.594775938368326040e-02
1.024603394413323987e-01
9.157071039671199619e-02
6.860929199339439732e-02
2.648602636989444425e-01
2.831295474078497909e-01
1.517450637147558512e-01
1.938056386547577226e-01
2.359376463985238537e-01
6.305341180842584381e-02
9.855718724869023950e-02
3.209249737362794841e-01
7.382326567436439668e-02
1.275248965391099498e-01
2.320491323232929393e-01
1.857478701324895287e-01
4.388012288398302624e-02
1.690625548862269290e-01
2.794564122084038371e-01
1.325841734065174859e-01
7.694614896025814277e-02
1.784460804086628050e-01
1.898461523084121749e-01
2.053076649644201002e-01
3.213100300418418320e-01
2.828338801513303191e-01
3.206628508822916834e-01
3.043450336029348002e-01
1.706046569006606506e-01
1.869470007153878899e-01
2.518901709040318737e-01
1.129492131540470873e-01
2.710121034475451163e-01
3.227458024142572657e-01
5.814083513107257822e-02
2.091780804607632216e-01
1.771526934216967608e-01
1.905303670060588817e-01
9.684198075166115804e-02
7.348792578491353256e-02
2.393789997596416363e-01
7.111575964741859157e-02
2.662623399350847464e-01
5.487265050838807667e-02
1.627473627683441171e-01
2.675538879333861919e-01
4.614450403007124696e-02
3.129626736774120954e-01
1.132183884267901758e-01
9.353825909217421478e-03
3.159781462840534072e-01
1.653558343733611269e-01
3.133937979821455611e-01
2.434803162731861426e-01
1.882008506821346017e-01
2.965402280631992404e-01
2.460445357664222676e-01
1.434665354048101638e-01
1.310204550620305830e-01
3.184803085382900689e-01
1.024357791493649555e-01
2.348900612446320757e-01
2.445566071354810800e-01
2.338937039462083978e-01
2.832395176329594588e-01
2.591503141083858347e-02
2.066789919769941308e-01
1.636173629138749641e-01
1.174324636202352945e-01
3.193931771163629474e-01
1.182032769857879889e-01
1.788356906066914942e-01
2.432307863964973949e-01
2.426976879387646724e-01
5.977168051260818571e-02
2.327950928373554995e-01
3.118357859875643401e-01
2.197905616403010853e-01
8.992768486283383988e-02
2.470323470508643537e-01
5.542532710018380909e-02
2.836658493014199145e-01
8.397423913108288673e-02
1.828997592643815395e-01
7.073092519841499282e-02
2.364772156766989653e-01
3.076637218580666744e-01
2.826037896175390141e-01
6.532595505858808382e-02
1.783210992207723833e-01
3.217337881774463004e-01
1.564604610006344321e-01
1.464636590904410396e-01
2.034221725442444118e-01
2.417099067567497483e-01
1.891886444238367604e-01
1.164614291707516958e-01
1.060987820243807223e-01
3.148256819950479013e-01
6.328129690965446363e-02
1.003715669969480612e-01
1.877842336914925525e-01
3.160809288866772149e-01
3.162890327724614536e-01
4.348462462473971779e-02
2.386267980665027211e-01
3.062477700461410657e-01
2.153816936120074021e-01
3.144521298444333812e-01
2.474361230698720882e-01
2.651850236079190681e-01
5.752999101793059705e-02
1.611569884273962583e-01
2.846220302284233061e-01
2.831231863449260588e-01
1.911910998074900225e-01
8.140257494337956035e-02
2.521530306234893160e-01
3.094296524420227512e-01
9.635315208419165112e-02
1.076227276965267127e-01
3.160439867337109243e-01
2.001053201506171608e-01
7.177739557154479144e-02
1.132567279705333774e-01
1.017622203450967155e-01
2.626896752319575756e-01
1.592249012847651024e-01
2.247437803035196302e-01
3.174217352374860690e-01
2.399006971527535281e-01
2.664307264154296973e-01
3.200986182918243994e-01
3.069863206707690306e-01
1.805031431042768419e-01
2.788460708103994157e-01
2.576867367868801995e-01
4.582969214213675896e-02
2.636993426554861131e-01
9.671911329636874444e-02
9.015950239483666584e-02
3.184670875586361194e-01
8.397423913108288673e-02
7.912427829086636499e-02
6.210789088269380587e-02
1.784460804086628050e-01
1.173456148999434123e-01
2.021382105854208355e-01
1.098738688882136688e-01
2.934386036009888413e-02
1.198324501114522156e-01
7.439341481058686645e-02
3.090968494259895838e-01
2.271516722213755557e-01
2.821929971541382587e-01
2.808441888727875591e-01
1.451337841645738147e-01
1.816208262256328587e-01
2.024366853501944341e-01
1.192746115086512765e-01
1.334316170049508199e-01
2.384742938686055802e-01
1.072063230803716183e-01
2.548747189437658989e-01
1.865915575538877602e-01
2.339554513351786158e-01
3.146262528849348983e-01
1.044611320766755391e-01
1.707611555696176009e-01
3.179377623064792435e-01
1.610145758277142514e-01
2.748558405505964752e-01
1.619416399304185739e-01
1.243186894235000090e-01
1.981695160121001997e-01
2.292190693339622998e-01
1.272584127478518790e-01
3.027290917417657656e-01
5.196848059128064690e-02
8.118587377318323139e-02
8.044960273097326309e-02
1.910214712225828393e-01
7.921230060744574586e-02
1.127177334608065323e-01
1.421446138929321479e-01
1.037474838964945745e-01
8.136042206018040401e-02
1.053732618750167493e-01
2.102239750095032389e-01
2.769758584394544365e-01
1.980749812551028111e-01
6.840216353195026355e-02
6.221045020062931225e-02
2.931112052563461523e-01
2.948789662228904485e-01
1.469549440351961833e-01
4.876469427803311468e-02
2.551000733829854594e-01
1.584001109668588259e-01
3.011923132678532844e-01
2.045681136063833561e-01
2.748327297754532550e-01
3.029032132531233601e-01
1.027241317779124391e-01
2.429937268517039228e-01
1.888199129391683051e-01
7.940149365025693518e-02
3.073560632960960493e-01
2.256299352998875629e-01
1.710292102890843269e-01
9.839855864432728305e-02
1.550436119948107316e-01
2.177112439683462908e-01
2.125936401999554970e-01
2.212519432897079030e-01
2.676021093199653089e-01
2.735446172444120916e-01
1.586270016007907679e-01
1.979381760725806016e-01
3.218476934608736628e-01
1.140502066368116602e-01
1.586679814990243909e-01
1.788705871789384727e-01
1.600282815701213612e-01
3.068762915602140651e-01
5.639121223343017408e-02
1.838372014662953413e-01
3.221117406402441707e-01
2.918966441504847187e-01
2.402257141316642142e-01
3.511484719730619680e-02
3.107681602230551454e-01
2.077523254300780997e-01
1.271195560790630563e-01
2.708562619744753763e-01
9.707064594838699101e-02
1.667443454715323015e-01
1.984436942725780473e-01
7.250005446423230318e-03
2.596658233970978724e-01
2.702437297821330686e-01
3.092022608337654521e-01
1.644783591712088711e-01
7.297152418437072297e-02
7.398924608691793969e-02
2.976744703525540658e-01
1.222292944631587081e-01
3.116632747871216358e-01
1.585692290608383681e-01
1.337414867396532481e-01
2.985522669478373747e-01
1.050135000102891958e-01
8.118213135274530978e-02
2.747462809839025244e-01
9.278234191403444964e-02
6.208386243649889613e-02
1.700233036964343969e-01
3.076370067991878177e-01
1.960431146957440640e-01
2.899767339590419990e-01
3.834632195007253025e-02
2.625859946726055716e-01
1.587342179470059567e-01
1.855683198023730662e-01
1.307349322319228402e-01
2.085099998511354691e-01
3.006934619377591433e-01
2.927690837034893634e-01
3.096747152155924360e-02
2.548192564133819338e-01
1.667134090438775751e-01
1.953326212584493848e-01
8.481383944080461701e-02
1.039209703998924123e-01
1.806236940550710046e-01
2.630209106973548372e-01
3.107681602230551454e-01
2.304344253089316286e-01
1.024152620914218770e-01
4.596283065678167384e-02
2.346747158032405356e-01
1.888355671337178798e-01
7.701334148276663127e-02
2.594396581757856812e-01
2.877910689095527497e-01
2.172770784800680255e-01
5.473152609873829094e-02
1.152637337973454468e-01
1.219021085933647830e-01
1.395609510664514163e-01
2.697357053062005017e-01
4.039984772832540955e-02
1.036720154848331521e-01
1.644783591712088711e-01
1.760231870697698264e-01
1.153330300284059196e-01
1.070305847479337963e-01
2.076948029524271766e-01
9.283361250541459497e-02
1.648739315960127128e-01
2.968244091215578861e-01
1.044151024392182547e-01
1.782333441350748837e-01
2.054826473564940748e-01
1.778396013819887322e-01
2.425533162101364826e-01
1.253494753762151304e-01
2.007369042862603703e-01
9.080004501517519033e-02
2.716650755106007620e-01
2.539719312728503375e-01
6.910720493047894930e-02
2.196794304098435013e-01
3.117785487705651559e-01
2.686235643005884244e-01
1.194800700249693814e-01
6.108438166215862664e-02
2.854456203114003610e-01
3.021001521031096426e-01
5.015151008416621897e-02
6.056743886128197751e-02
2.415870886948967011e-01
5.952063435600376401e-02
2.393426615313839212e-01
1.178652733368656669e-01
2.604170269314409758e-01
1.488768733833755742e-01
1.570507593102487831e-01
1.518924002669854723e-01
1.758362565354196771e-01
1.002645512388631449e-01
2.256647225401743895e-01
2.813739235327717414e-01
3.082643223306338887e-01
2.270122596368955581e-01
1.884025203788694813e-01
2.863628059886342281e-01
2.612762597532355402e-01
3.234087353108032747e-01
2.994544214647043567e-01
3.035309569846204591e-01
8.955715835889918597e-02
2.284244863541756709e-01
2.709403612421651952e-01
2.787098182948644642e-01
8.384554823615915364e-02
3.232991714473852918e-01
9.267816271872343636e-02
1.808494934063537840e-01
1.516120368148074216e-01
3.027942055628373152e-01
6.414887594073025168e-02
1.646202181513611029e-01
2.259150363335661882e-01
1.333154954166145822e-01
2.517020500389748894e-01
2.683417268932227762e-01
2.279247397003814346e-01
2.248048645468427587e-01
3.909802780779687847e-02
2.441839136348986083e-01
2.859574807931605789e-01
2.268828707747832796e-01
3.185133989539205013e-01
1.006021983927125329e-01
1.025682207924497186e-01
2.032352536507404106e-01
2.810212783567179184e-01
2.869739314427366406e-01
6.409486530264617288e-02
1.150753352233543497e-01
1.339961314106833945e-01
1.857831303614552454e-01
2.027606362048406108e-01
1.608402152097554438e-01
2.412658603272080926e-01
6.547745438835622656e-02
1.238187250993487143e-01
6.437718642579523531e-02
1.444457620669899189e-01
2.137920988985785864e-01
2.093092453920940565e-01
6.676236917173405949e-02
2.961405069037349458e-01
9.994682680404660957e-02
1.813012423752611568e-01
3.018703876809348263e-01
2.780543693312395037e-01
2.559794458285671315e-01
1.305907548114965955e-01
1.951255057345063493e-01
3.117074712309912399e-01
2.557574567318935954e-01
2.182694560710319032e-01
2.558120884840441311e-01
1.646502680188688394e-01
1.672201854011557964e-01
2.526645886302275046e-01
2.409237821091573042e-02
2.230208866954270230e-01
1.141403349177580462e-01
1.742542582783327410e-01
1.512507528411582702e-01
1.538641859675436152e-01
2.404980514277442472e-01
7.590338487885049668e-02
1.386927830060782352e-01
1.269772961065686046e-01
2.295615025234192808e-01
6.996480776447469574e-02
8.137502065282303798e-02
1.029015598562450506e-01
2.560064784789717329e-01
8.140257494337956035e-02
6.419989006240178764e-02
2.197617231779903091e-01
1.333706379311492829e-01
3.114867885820545301e-01
4.731995972565659209e-02
2.425533162101364826e-01
1.598749060357846918e-01
2.010099321412957829e-01
3.161625698523163330e-01
1.794692475392709596e-01
2.156252680892513651e-01
1.966665241857389890e-01
3.148014343763684830e-01
3.208484808155457335e-01
2.572990606337683950e-01
7.988107576563022172e-02
1.855869240362845174e-01
3.220325634439037410e-01
2.697630819154732684e-01
6.860929199339439732e-02
1.887197278712001158e-01
2.147263395596260560e-01
1.274665802610921717e-01
1.087560988575110021e-01
9.213473139025656067e-02
1.406026817547443297e-01
2.894589921021333279e-01
2.358551982934873059e-01
2.387240672940542097e-01
1.402380001128092635e-01
8.953923375043307264e-02
4.342728788894438530e-02
2.949754999429039515e-01
2.945958837875201630e-01
1.578009765423218635e-01
2.853504856226671826e-01
9.916575004698566231e-02
2.995201219493270339e-01
2.838240567833646422e-01
1.811294765593090550e-01
3.050945978849521900e-01
1.178652733368656669e-01
2.111630863695124483e-01
2.000157364391817738e-01
2.289936773894022948e-01
2.473866710660608814e-01
3.202508050105695725e-01
1.248005177655144432e-01
7.209576832380057421e-02
9.593094199118301635e-02
2.690227486198022433e-01
3.176240503006140248e-01
2.907353728574494367e-01
1.635737479307458331e-01
1.654476156793842911e-01
2.895327325234204330e-01
2.046197924424275616e-01
1.580907838018501821e-01
1.813839893534531233e-01
7.764081751984058810e-02
1.053932385836418711e-01
2.793793452351186479e-01
2.859259502645388196e-01
1.702563274517999992e-02
5.812906845695183650e-02
9.213912995885910340e-02
2.144013920089940795e-01
1.662028448266198999e-01
1.050278772324850368e-01
2.842430208550719706e-01
2.227252143998575962e-01
1.865630752891893340e-01
3.188986260252557603e-01
3.197380201910938191e-01
1.295264285340261834e-01
6.744877696020648572e-02
1.672201854011557964e-01
1.317421785799929301e-01
2.341394363821738267e-01
1.684572247326117933e-01
1.126087972624273126e-01
2.434072023381179950e-01
2.333858847656152258e-01
2.604693205942916756e-01
2.583423415817575064e-01
1.558768015307843147e-02
3.058917607359828983e-01
9.449428365990165946e-02
2.209063660283356878e-01
1.514871089818304595e-01
1.299962428369303979e-01
2.905453974706837528e-01
3.641280072613164998e-02
2.061498885425832317e-01
7.471635752277810960e-02
2.711754457682024610e-01
3.190478369510668100e-01
1.426789647407600836e-01
1.417746235628460916e-01
3.230237292971806506e-01
1.035289764802488771e-01
6.025985765190258053e-02
3.648605356969404634e-02
2.616293431029891314e-01
1.341318117541825949e-01
6.908031423778179803e-02
7.640300127798893559e-02
8.963712052602648694e-02
1.458433387508520918e-01
1.491777312122767873e-01
2.457075846268747810e-01
7.073500913697175485e-02
8.097087353849780067e-02
2.118161058518832629e-01
1.623201861676880908e-01
1.589832337089097103e-01
1.122822456601614005e-01
8.554970763547337098e-02
2.721996018427445541e-01
2.710464376097667105e-01
2.686795063096746317e-01
1.091880183974651836e-01
1.398393336294853073e-01
2.928752308160344486e-01
2.041296596032479982e-01
2.648602636989444425e-01
2.752145116118963619e-01
6.041572301250764526e-02
2.243036549876029351e-01
1.782080382948650066e-01
1.116561445476249997e-01
2.206853587741456624e-01
1.546366402911745486e-01
1.884025203788694813e-01
9.523912621782838761e-02
2.607291927744337934e-01
1.687514777308554148e-01
1.597469363493160821e-01
2.675772991775690057e-01
2.302525101576136657e-01
2.504452257179781149e-01
1.578816340896348480e-01
9.101826017655674506e-02
1.557340617542591898e-01
2.640590412844036616e-01
1.571907882564654579e-01
2.774627781971868434e-01
3.233974902348012437e-01
2.801661336715679518e-01
1.284137309485827994e-01
1.666691137722021987e-01
1.765548818520913665e-01
3.233375550383101316e-01
2.753141181314440744e-01
1.229153586459141023e-01
2.205381386664974630e-01
2.609054303771030092e-01
7.296522240665090364e-02
1.039593043576972908e-01
6.918167637512682988e-02
3.164282706789243726e-01
1.959662731477572750e-01
1.222062498157053118e-01
2.525194987094586327e-02
2.556721450649839800e-01
1.174568580410816354e-01
7.579290675593641780e-02
1.387262035924503589e-01
8.668958713408764227e-02
9.243256508663469373e-02
1.752824456318495538e-01
1.578449155751622812e-01
1.544326842387555021e-01
8.128912450647768351e-02
2.527344029200854769e-01
1.595026537367419117e-01
1.873001064424815454e-01
1.363279052230255139e-01
1.051565418987260442e-01
1.761013133033775269e-01
1.877673454779394124e-01
2.063991115569332735e-01
3.173836569863533463e-01
2.941050156940355764e-01
1.664362663043243706e-01
9.211639697322007714e-02
1.971661595826483537e-01
1.155013032640904852e-01
8.337992108799692492e-02
7.961775107802228357e-02
2.988163368733507963e-01
1.818293012751666729e-02
8.108628033747673769e-02
1.989718211235763090e-01
3.091456614071996234e-01
2.451951883904653073e-01
2.950889652531447638e-01
1.191837363359591756e-01
1.089031949282965872e-01
2.817060930075903080e-01
2.588718027746306771e-01
2.580107472604031282e-01
1.153714941295459345e-01
6.115500916681818055e-02
1.383958656586156133e-01
1.387884763387620957e-01
1.854839913168386256e-01
3.030903820907819846e-01
2.059733735884242689e-01
9.407916425163054264e-02
2.607757364763014785e-01
2.229574558831337872e-01
1.769396178288006605e-01
7.554475325291892807e-02
2.822345434066154124e-01
9.229093818055493503e-02
2.384533885903248052e-01
2.580354798717283682e-01
2.630907067275747857e-01
1.908111341553558882e-01
8.751822057339125882e-02
1.281601599495643118e-01
3.063223718415250540e-01
1.959662731477572750e-01
3.724973706371161736e-02
5.159036178800482236e-02
2.221609120020917039e-01
1.895181025282332010e-01
1.132567279705333774e-01
2.497674153665176144e-01
7.737379562245100262e-02
2.255517127844755831e-01
6.626264690177847971e-02
2.672362608122005323e-01
1.962982824083860378e-01
2.561320365447625202e-01
1.604457066693523448e-01
2.836145076040335611e-01
6.605318324603981495e-02
2.925414396567381226e-01
1.706920184937822105e-01
2.383879619218179091e-01
1.270650948216124898e-01
6.571866915094971839e-02
1.213380304226166218e-01
3.690166675220880876e-02
7.391123876534091974e-02
1.161022059958627950e-01
1.206349060024174968e-01
2.998027917466250525e-01
1.495930908117925617e-01
1.669682180095234669e-01
1.469432152210797538e-01
9.213473139025656067e-02
2.825853574961350034e-01
9.965954976736048077e-02
2.882775434416919857e-01
2.643308296729259266e-01
1.577833779434261452e-01
1.887357937869130198e-01
2.821929971541382587e-01
1.272124472052226507e-01
1.681187080901020425e-01
3.052789674126821229e-01
2.801506870353907552e-01
3.054706748057263166e-01
2.458347216831877624e-01
2.349553143416794471e-02
2.080003510971614733e-01
1.641732548331008290e-01
1.498198147052023366e-01
1.750443080383791705e-01
8.705427463475051697e-02
1.737884140761102036e-01
3.193931771163629474e-01
3.020757570453503349e-01
2.414391346007843386e-01
1.959038381603908918e-01
3.013127876128595187e-02
1.010005616890835706e-01
1.484757249276008606e-01
2.170364005218488879e-01
2.622336045939004934e-01
2.882400175695264966e-01
2.743005128917361812e-01
8.730861155514323124e-02
2.914192641771310432e-01
2.737814653308189849e-01
6.676236917173405949e-02
2.120171055473749622e-01
6.664143348849223270e-02
1.469549440351961833e-01
3.054084358023166912e-01
1.073674955732694392e-01
1.878131550686527318e-01
3.017164682817186083e-01
2.509300169644886891e-01
1.989718211235763090e-01
3.016763426996362241e-01
1.284137309485827994e-01
2.631899892332157931e-01
1.936599490457691086e-01
2.822215475586503097e-01
1.133222115161890975e-01
8.978857222881379829e-02
3.156761692467391356e-01
2.280775063540023129e-01
2.647907791686596179e-01
1.340627472641211793e-01
1.532715513945351049e-01
2.090059377137366836e-01
7.170123623113341949e-02
2.196986583224023459e-01
2.325187602357853822e-01
1.780036347996318269e-01
2.833991189206918615e-01
1.298756938640377445e-01
1.275293218225355130e-01
2.332327226710479984e-01
2.959615762236446623e-01
3.166395621930484516e-01
2.930610903450632243e-01
1.472305546695793499e-01
3.081627953203227577e-01
1.542376531399296258e-01
2.653216879913956050e-01
1.716831649152596173e-01
3.027214789142065876e-01
9.308282766835350441e-02
2.147202103978701482e-01
1.981074058093872658e-01
2.785372640256428833e-01
1.984907818849991901e-01
2.085681324567476014e-01
1.236885504466224139e-01
2.781271401713226732e-01
2.481609141457798429e-01
5.275842832696926027e-02
1.102368082255695825e-01
2.817306939045905456e-01
1.908111341553558882e-01
2.226832112411508413e-01
1.420566759666715417e-01
2.327950928373554995e-01
1.592249012847651024e-01
3.030086192773766007e-01
1.130044857855390800e-01
1.090176890389890074e-01
6.714293572778481933e-02
2.672981077599610455e-01
2.970694221477027663e-01
1.105670674750443838e-01
1.096845910416334585e-01
1.273243863881829141e-01
3.076235404488328884e-01
1.438598407694892667e-01
1.231415427505985344e-01
1.914580716838680252e-01
2.809670245005967404e-01
1.609267722364751407e-01
5.087856185659656028e-02
2.908198000634563685e-01
1.808277146033432925e-01
6.228259419811689457e-02
1.389917669371484032e-01
1.044611320766755391e-01
1.189438048911225509e-01
3.040908190728421334e-01
2.835199337617973492e-01
1.211417059987657252e-01
2.115791034703125018e-01
1.099046987914163442e-01
2.861268020315901883e-01
2.591193088693004576e-01
1.596396744082059782e-01
2.875149629942113094e-01
2.456214037348443402e-01
2.527638230381131224e-01
2.374106136955175528e-01
3.014094535277962450e-01
2.569095413662247362e-01
2.859259502645388196e-01
1.957398867432911249e-01
6.210533093985790010e-02
1.776696387310332526e-01
1.192880525351117937e-01
2.346294463252401319e-01
9.052742199394361866e-02
6.676236917173405949e-02
3.027965464799470818e-01
1.082471224169922475e-01
2.965402280631992404e-01
1.008174129592057239e-01
1.274904130240068212e-01
1.136486310351246254e-01
1.598741237949291294e-01
3.149420653623715705e-01
8.278647660910956607e-02
6.831889104048949335e-02
2.934850223088967813e-01
1.506904471056028372e-01
3.211504496414069321e-01
5.256260321224118237e-02
2.497393432503310917e-01
1.449586566621038630e-01
1.366403552078060135e-01
1.591487459940718330e-01
2.799237296378696560e-01
2.236019233655134608e-01
2.671812224104156419e-01
2.545833946304096873e-01
1.345598861523785439e-01
1.509199423698535936e-01
2.764269905522793724e-01
1.685625125800556401e-01
1.300234328250010896e-01
5.647991883973507016e-02
1.399157887799502564e-01
2.841070860566858314e-01
3.198901393369325552e-01
6.021886430713184468e-02
3.186569663621092313e-02
2.759374790004966993e-01
3.020867425758435587e-01
2.325729083648107876e-01
8.375376696856579040e-02
9.213473139025656067e-02
2.460138994288949554e-01
7.397274431706578335e-02
2.819442127840485757e-01
2.769461159336067402e-01
1.285844121261029427e-01
8.756106146106411303e-02
2.108575571727160369e-01
1.441982176497139112e-01
1.316117808865817085e-01
2.089332347053299010e-01
3.165899579887030968e-01
2.040848892109495827e-01
1.526851826589491756e-01
4.933005056090855600e-02
1.656058852317872365e-01
3.016201104395256349e-01
1.415674762055004789e-02
1.754203014552466466e-01
1.703907345081251135e-01
2.270179255483517067e-01
2.880018262117205463e-01
2.870943029625227516e-01
2.882912050590188957e-02
1.499491560349115182e-01
1.169762937228411570e-01
7.638930402873063408e-02
7.179599061654377834e-02
8.381869647215212105e-02
9.490932071200283704e-02
6.558735062105179071e-03
2.105086632265689706e-01
7.239252018102911024e-02
3.156713465869860347e-01
2.828240079350545222e-01
2.197905616403010853e-01
1.611585553189590070e-01
2.566689995366870924e-01
2.102954256858013127e-01
1.608670667515889607e-01
7.579037229842087997e-02
2.463380538915058982e-01
1.582435379910829276e-01
1.918418615739866662e-01
7.081200928438043107e-02
3.593327241469271294e-02
2.752188167507357286e-01
9.182929253524746427e-02
3.202909778596213508e-01
2.282165353825056087e-01
8.959377680677024780e-02
3.020845355323248382e-01
3.035983741589968199e-01
1.869749932827845240e-01
1.802207382297109639e-01
1.174889653730860628e-01
1.945147863521539400e-01
2.294073482516783280e-01
3.101894532993095255e-01
7.582369676344040410e-02
1.845764898377270091e-01
2.544715562323028868e-01
2.140110053624818265e-01
1.896288563552804562e-01
6.748234755890615555e-02
1.820826981967860747e-01
1.536030686554270830e-01
2.949565931066165936e-01
5.950315944256176492e-02
1.160119129427348295e-01
3.227779954227518178e-01
8.194951376941878030e-02
2.319528102293803296e-01
1.519736774997131890e-01
1.694288913073706271e-01
2.917909166313481517e-01
3.088107947880104898e-01
2.163497246003726060e-01
5.821013822464089077e-02
1.422198065176359105e-01
2.920050902842253326e-01
9.730908812286687137e-02
