1.503380451199628348e-02
6.426694983860618132e-03
1.418327004533250293e-02
1.453799173143769698e-02
8.440709389905608900e-03
8.490425298698381362e-03
1.239975042308454067e-02
1.263446210202927474e-02
1.537365414720107994e-02
1.769171217283123723e-02
8.704090327747181222e-03
1.703666194952824578e-02
1.460508550094328714e-02
1.774561344105579641e-02
8.018570183169202933e-03
9.668521765683857697e-03
8.901996296237946193e-03
1.773202292691708828e-02
9.942706914460501186e-03
1.878269817605572947e-02
1.429696494757578228e-02
1.545076023287400221e-02
1.684907775138018426e-02
1.857859965717285899e-02
1.482995591302969582e-02
1.561468383492982739e-02
9.577519911769440814e-03
1.779702873114146627e-02
1.165646559750875902e-02
1.764419554427320083e-02
8.688957193452234024e-03
1.011185463486823782e-02
9.959213389086203974e-03
1.279592646377558998e-02
1.572537978748540094e-02
1.478608599467710893e-02
1.435145992665181995e-02
1.687057773474746891e-02
1.842455856518020185e-02
1.741686687504926875e-02
1.511096097315500764e-02
1.433515828382308371e-02
5.381811386894551352e-03
5.542726771484826967e-03
1.076657539223160875e-02
1.535048179345846996e-02
6.308791514473914216e-03
1.629516527906588880e-02
1.856274047678367622e-02
5.309737941286503740e-03
1.741611492379494322e-02
9.493492482837973673e-03
1.852616157757942458e-02
1.136839109894250896e-02
1.538226481640467963e-02
1.568191759351185433e-02
1.839913543836732557e-02
1.777628665644535519e-02
1.409111798735273972e-02
1.318623202751732781e-02
1.029264622036970417e-02
1.512318398030261350e-02
1.436143990244448734e-02
1.299460043918377466e-02
1.443237448735460067e-02
1.309341197947919491e-02
7.108260501747514989e-03
1.551792105983646440e-02
1.654162558478488795e-02
1.127283945291418857e-02
1.558585513633861143e-02
1.246369629831067805e-02
1.815751048478266363e-02
9.764292540094393624e-03
1.318676077345821637e-02
4.269120620559257138e-03
1.481320614044539727e-02
3.497837980250583997e-03
9.630090536384522740e-03
1.836862413451777545e-02
1.475902198566422970e-02
1.175583958420617879e-02
1.800522486961468605e-02
1.795010660526748583e-02
1.240325072291794534e-02
1.462348304833142876e-02
1.498471229789123498e-02
1.404834288374028246e-02
1.412002801475356964e-02
1.848780504620532381e-02
1.339788088330460744e-02
1.466066249022070396e-02
1.052321581963681918e-02
1.674098731059582568e-02
1.186923758575893217e-02
8.311711638438110811e-03
5.257812617583746892e-03
1.139860284026066733e-02
1.454517870381564527e-02
1.109602734466859017e-02
1.280603802518713759e-02
1.284621588627478557e-02
5.706211552029037161e-03
1.749718256537521541e-02
1.625087751975449676e-02
1.853080256461226566e-02
3.479749440883704407e-03
6.863170413559244176e-03
1.755011212859136638e-02
1.599396010411251873e-02
1.682487427545149156e-02
1.813994113035025807e-02
1.384019918876829187e-02
1.428352288021534841e-02
1.147746344643167313e-02
8.889014757058845070e-03
1.411045035927720008e-02
1.505536919471553610e-02
1.754729328116214418e-02
6.068103171575540272e-03
1.439143421994489025e-02
1.652941437045312226e-02
6.562786739764801640e-03
1.521264443317461856e-02
7.534692796998392582e-03
1.752926513662220881e-02
1.012484449124259438e-02
1.865648665545551962e-02
8.551121114177067176e-03
1.108420955993970683e-02
1.586815737076100255e-02
8.895145848352128265e-03
1.121613434331428585e-02
7.829589269859205808e-03
1.322510553416386507e-02
9.744218780612916991e-03
1.283097387828563765e-02
8.440566274596774179e-03
1.025422887384928525e-02
1.198323970951034947e-02
1.837853211818179719e-02
1.550774671620507375e-02
1.464593989250203426e-02
9.329912626367901224e-03
1.542100391827360036e-02
1.576283658286282280e-02
5.812549767331338414e-03
1.728683787413770948e-02
1.744391307283787995e-02
1.532341724326038383e-03
1.427548868605850105e-02
1.198490878736510265e-02
5.960563969855387292e-03
9.771230831990536034e-03
1.521205591802021924e-02
1.613969826983089467e-02
4.383393853172139025e-03
1.146675227272838868e-02
1.400656330783063910e-02
6.402348290205059182e-03
1.033981513717912790e-02
1.382082633009555465e-02
1.546992422173944573e-02
7.249960041983718323e-03
1.750814428742010140e-02
1.686737355870782801e-02
1.485255785188415410e-02
1.308524712966993575e-02
1.683946020320614342e-02
1.283612082519013792e-02
1.475902198566422970e-02
1.849095641669324872e-02
9.980130979135033720e-03
1.260593787918449366e-02
1.119932871306626027e-02
1.276858128240778746e-02
1.220225600355189129e-02
1.170602622984865185e-02
1.484638199567518170e-02
1.647097574494110761e-02
7.751825246568972219e-03
1.262869763236192794e-02
8.366188241468251741e-03
1.227081283859974420e-02
5.372552767960921474e-03
1.581317766938943742e-02
1.569714989095441840e-02
4.081114766083498990e-03
1.030280242140775397e-02
8.981187386470652206e-03
1.398187794553033131e-02
1.724942259593321980e-02
6.546958692549191029e-03
1.094318154654867932e-02
1.520753222200346873e-02
1.169968087771506779e-02
1.538269532299037234e-02
8.982451110960737797e-03
8.110918990005879306e-03
1.444366049301765154e-02
1.671929322599264786e-02
1.746584350211765474e-02
1.551048030903354538e-02
1.419784403360594555e-02
5.374887451569000142e-03
1.452011589109205962e-02
1.587180321670075486e-02
1.666447151899218271e-02
1.655088632462160814e-02
1.704171496677625228e-02
6.414051297017318333e-03
1.200490480270539548e-02
1.000905660503302076e-02
1.297015878243640112e-02
1.028475768386897735e-02
1.450147364945153332e-02
1.807819581710050014e-02
1.687322525133685969e-02
1.225031836953804215e-02
1.226645260592365387e-02
1.546994320964175003e-02
1.250506896024981482e-02
1.670158364184528774e-02
1.186648642246758423e-02
1.278816001964414202e-02
1.451530520759644616e-02
1.744544422959992680e-02
9.608848284942121676e-03
1.588299367731106984e-02
1.913373909083540200e-02
1.435593765388930992e-02
1.613278007101339243e-02
1.804566775532548406e-02
9.067376389300971923e-03
1.191368544619220669e-02
1.773025476980537307e-02
1.573076914382877389e-02
1.673245700503520408e-02
1.821735633525681936e-02
6.027222957014345857e-03
5.831524831910760154e-03
8.447892191507004947e-03
1.111752327381924053e-02
1.085103418714009754e-02
1.131739588999212259e-02
8.963659406160628257e-03
1.708981543560537594e-02
1.595898667919854949e-02
1.292904708267517133e-02
1.339341367548058451e-02
1.591756474769455768e-02
1.687472041187182761e-02
1.699139457571675546e-02
1.828574055746291435e-02
1.270755900985512561e-02
1.063448681943800385e-02
1.853269195422417928e-02
1.862122272310628990e-02
1.220225600355189129e-02
1.005197277656736700e-02
1.761902906663578849e-02
1.263046315671948264e-02
1.803727081456444822e-02
1.439390953351915060e-02
1.148083749733638630e-02
1.167131256618283985e-02
1.731651932829327348e-02
3.295150956913698182e-03
1.841445036117210499e-02
1.340193359075047413e-02
1.311507175791001498e-02
4.914370718062512598e-03
1.911054958669288276e-02
8.150815154539471988e-03
1.193121338925501491e-02
2.978718751006755906e-03
1.828498478859279588e-02
1.207600356353804617e-02
1.149871397260573448e-02
1.234872075284169403e-02
9.776554559483547832e-03
1.408969086114440598e-02
1.301922130627502193e-02
1.761963647003866179e-02
1.051484876862506315e-02
1.897279182205041312e-02
7.212939278371887850e-03
1.463313663381005797e-02
1.340904990854401013e-02
1.318623202751732781e-02
1.823003188775278519e-02
1.783501369297777611e-02
1.666662136274718597e-02
1.647233829849713629e-02
1.765498246654755021e-02
1.269765073796115182e-02
1.737858620798870754e-02
1.033141673233476353e-02
1.610629328706685362e-02
1.388436838243586706e-02
6.399994489970034159e-03
1.335707821051225312e-02
1.810489111088385561e-02
1.403226144019398616e-02
8.668882970338001939e-03
9.824317035481229879e-03
1.805963886288259809e-02
1.456332315175003569e-02
1.745492395758840160e-02
1.584370235862988044e-02
9.379943773009704819e-03
1.562648836103430749e-02
1.771408136534734223e-02
9.647126732198588878e-03
1.684113830238883128e-02
1.637295360739757580e-02
9.387090634845818987e-03
8.701875464326793569e-03
1.351132364644245208e-02
1.395043007284981103e-02
6.187585731694103530e-03
8.067840456296451745e-03
1.270342572736962369e-02
1.156927287815258387e-02
5.293352678590275417e-03
9.951086163473357726e-03
1.020899492242848504e-02
1.842689063042292352e-02
1.084147881384839654e-02
9.644619925547454758e-03
1.217846969297447200e-02
7.668127232848095248e-03
1.646516786535843005e-02
1.106761269426182262e-02
1.319308015630129075e-02
1.839913543836732557e-02
2.625386554013844735e-03
5.641107273035629935e-03
1.058978428873421501e-02
1.409261308199383743e-02
1.346112928815138866e-02
1.851389840320966790e-02
1.874913242079650696e-02
1.301668569253538674e-02
1.201343880508585343e-02
1.038050171109227739e-02
5.299073137445610079e-03
1.634792208001170644e-02
1.615739120080192728e-02
1.646279926843730382e-02
1.612447732530996464e-02
1.124969425428958003e-02
1.425574548773389343e-02
1.331585891322309076e-02
1.413583993863384153e-02
1.772852946180205128e-02
1.773202292691708828e-02
5.694212285334640175e-03
1.017435509915530674e-02
6.159390773636141091e-03
1.687078688853531350e-02
1.124969425428958003e-02
1.676559573547612564e-02
1.880652089074744127e-02
4.180384905769544100e-03
1.893213771521909394e-02
8.298089176333333164e-03
9.100092286039676917e-03
1.758015985268619394e-02
1.098632604139519395e-02
1.911874561624437099e-02
1.796466429924113012e-02
1.446077037232177537e-02
1.081442944104141733e-02
1.594131631353223541e-02
6.587249195950000899e-03
1.785214385924033600e-02
1.493798620498057450e-02
1.725267314063941640e-02
1.565741810769661138e-02
1.768939053105201067e-02
8.588972388181159365e-03
1.031320877634135658e-02
9.178912439677434226e-03
9.584872746901633780e-03
9.373686392621850827e-03
7.544445328887942372e-03
1.576384861038342133e-02
1.906428747229157311e-02
8.031044979694847152e-03
1.789931342757737284e-02
3.140892584392066152e-03
1.389735190868756493e-02
1.709362744309484219e-02
1.403648978113538649e-02
1.495042737909239514e-02
4.010908833354791952e-03
1.792733344324927772e-02
4.533359209521590875e-03
2.195893450386802483e-03
1.379196985468477896e-02
1.041089522036970846e-02
1.018428517238733309e-02
1.822526380884683522e-02
1.231796933597355953e-02
1.420750434014448650e-02
1.482995591302969582e-02
5.732144431998586857e-03
9.004061041080924088e-03
6.915304311750616363e-03
1.781990918021110482e-02
6.990697577359184477e-03
1.670069274495049674e-02
1.528521410648672058e-02
1.256762468087602169e-02
1.678691663583051913e-02
1.686079078321396640e-02
1.914010589148594510e-02
1.425649827182520410e-02
1.767908348763804621e-02
1.528688988375271479e-02
1.756655468050435584e-02
1.326467321685941177e-02
1.604950186284952174e-02
1.613704546689790492e-02
1.808738913694588404e-02
1.761591099008237224e-02
1.330013621803310779e-02
1.597633220167926291e-02
1.088355296570870691e-02
1.302097972222426500e-02
9.379943773009704819e-03
1.868000492817753141e-02
1.461179660109956230e-02
1.874197873210647208e-02
1.411563206444908965e-02
1.508137395029771066e-02
9.152323975967944017e-03
1.730820530068258659e-02
7.306328198469011145e-03
5.568147503938129794e-03
1.617033198322619797e-02
8.308482863797352069e-03
1.762020569125296449e-02
1.488341029520599476e-02
3.654200495186672292e-03
5.907169579987547881e-03
1.632710139742823280e-02
9.572992476772776427e-03
4.928252939877796404e-03
4.422871536908146509e-03
1.355329611367374690e-02
1.122005707657501399e-02
1.652123854915896542e-02
1.896896128521771696e-02
1.886510527915071303e-02
1.067447380879849375e-02
1.016579890262210226e-02
1.318623202751732781e-02
1.590180100849960393e-02
1.761469711844358341e-02
1.207857613507593020e-02
1.238814985394327307e-02
1.749718256537521541e-02
1.844212056334436009e-02
1.315834970065100744e-02
1.621590065497415314e-02
1.559740373060763789e-02
1.461179660109956230e-02
7.295055820122676310e-03
1.911874561624437099e-02
8.444818570052485887e-03
9.985198492864961334e-03
1.198133594706251442e-02
1.774011771746033042e-02
7.790794925957976284e-03
8.466409377171281447e-03
1.143040779781520286e-02
8.612502013145588095e-03
1.288107713402414714e-02
1.530123128476505202e-02
1.006693512636545017e-02
1.716522647320757947e-02
1.813550074529515777e-02
1.430912147352095265e-02
1.541355809143058961e-02
6.966372545829286472e-03
5.414272560220106771e-03
1.885899246193518952e-02
9.470884657114080757e-03
4.342101658123645111e-03
1.467916683255108060e-02
1.256311848976453607e-02
1.297164476520582671e-02
7.817502833561203179e-03
1.590305952522717142e-02
1.329813706000171000e-02
7.091560994378452200e-03
1.731118994725111895e-02
1.510207527860772149e-02
1.334941774987002602e-02
1.808865560688517615e-02
1.673179409889461594e-02
6.980534790632068540e-03
1.832223362283845122e-02
1.495541774124093705e-02
1.523062221718844526e-02
8.926800366711411597e-03
1.808939604759129960e-02
1.488551248448711367e-02
1.304154032715001792e-02
1.423746041404734368e-02
1.666451572783602883e-02
1.752345973177883709e-02
1.790948959858357573e-02
1.484489269378132942e-02
1.004685422639219061e-02
7.547917895730443284e-03
8.696475872053801084e-03
1.454843585584431921e-02
6.187585731694103530e-03
1.772648554061917112e-02
1.052321581963681918e-02
1.464995678333573352e-02
1.687589422049266819e-02
2.014062045175854000e-03
1.340254561618014519e-02
1.071096070822201082e-02
7.842420635233578532e-03
1.661108637252710005e-02
1.118202190399862975e-02
1.372727917303461637e-02
1.622695948460831442e-02
1.057674610330391028e-02
6.592623690344938912e-03
1.785214385924033600e-02
1.385910665049104595e-02
4.888365487843103138e-03
1.844321637639849409e-02
1.669932792277762854e-02
8.923372696771283627e-03
9.135565010904390243e-03
1.554760681744765845e-02
4.700595064215246088e-03
9.608848284942121676e-03
1.891785175613884540e-02
1.519516520952365370e-02
1.217336633673840596e-02
1.032852997936599231e-02
1.449276607353762632e-02
1.002009755966206707e-02
1.549583365632324801e-02
1.141982589876660605e-02
1.581586837126434594e-02
1.575827714771200344e-02
7.866628094927720707e-03
1.244855113729380520e-02
6.031020719666034015e-03
1.801981753309848597e-02
8.490425298698381362e-03
9.322285439503620597e-03
1.594565954231744881e-02
1.332985632275802620e-02
1.810188021916188730e-02
1.066131125432363998e-02
1.747984732214721143e-02
1.501685260885444843e-02
2.991323012047409670e-03
1.752201350165906793e-02
1.537410812637374051e-02
1.018184347703893038e-02
1.274656106638084527e-02
4.069287331311349440e-03
1.770784279119913193e-02
1.117602642506067279e-02
1.532276863596584472e-02
1.442323902965116436e-02
1.425767425401314875e-02
1.584373933274517768e-02
1.074147029921744198e-02
1.359422242745813962e-02
1.810550543952062913e-02
1.111772613235709195e-02
7.623367956158171553e-03
1.045207853885133514e-02
1.447499228771737326e-02
1.459682500395665869e-02
7.642591420658935430e-03
1.722586958024188014e-02
1.092727693502822291e-02
1.335434240950373816e-02
7.314982742509657312e-03
6.996162387932720016e-03
1.075377279755603509e-02
1.814400911563534072e-02
1.717122441412017794e-02
1.663401117874105037e-02
1.888720220008946807e-02
1.878671590697948007e-02
4.565643173185739492e-03
1.745808063776443236e-02
4.387699374974047585e-03
8.251119448835591424e-03
1.906403580516897317e-02
1.031320877634135658e-02
5.615029544279854373e-03
1.315702643063082662e-02
1.508106783993846435e-02
1.174921381059534572e-02
1.244186963573487570e-02
1.526963180435893935e-02
1.725657233029018536e-02
1.710955452633830878e-02
1.910042760359790051e-02
1.714173771088736697e-02
3.049877625811732614e-03
1.406678209357685103e-02
5.267456691176105286e-03
1.834210525783932372e-02
1.146939327382253890e-02
1.305072423895390146e-02
9.439940551688926276e-03
1.719456907063451542e-02
6.993123421044515620e-03
1.119932871306626027e-02
1.721946585037120031e-02
8.462785312010117841e-03
1.001399673932053085e-02
1.409949067669474983e-02
8.918503520621798644e-03
1.147078882313349105e-02
1.290359633811083082e-02
1.691383520097915899e-02
1.828379303559787838e-02
1.875059811018072592e-02
8.277045820441303672e-03
1.911820649255444038e-02
1.119667914947231058e-02
1.618898026952334326e-02
1.629961255329324824e-03
7.810572118637598878e-03
1.059143127080464271e-02
1.638939590128845811e-02
1.245889558435114147e-02
1.812306203644122385e-02
1.143422744276266154e-02
1.872230111430410460e-02
9.590254962231366948e-03
1.655489124897683434e-02
8.692287749457617424e-03
3.040898779962368341e-03
1.903365886314338853e-02
1.285934888841975578e-02
1.705536612779446487e-02
5.625118565844202355e-03
1.026148060574943663e-02
1.429498104886198565e-02
1.090063367327582210e-02
1.127361537331104599e-02
1.586404319773598165e-02
1.884336762546535982e-02
1.528215894906599301e-02
1.850210699972841891e-02
6.462611933523909266e-03
1.643029681518652640e-02
2.841279663201095543e-03
4.010908833354791952e-03
1.790828416582319199e-02
1.430912147352095265e-02
9.196921471330743794e-03
1.437156125535400675e-02
1.462719254903340274e-02
9.632487997697961046e-03
1.628170971115138616e-02
1.619623095614157807e-02
1.827571743535014170e-02
1.551080385751700368e-02
1.118410176657261799e-02
1.443164972125017542e-02
1.495486420633917839e-02
1.074357026883222821e-02
1.781990918021110482e-02
1.280520133903177184e-02
7.171114934390833938e-03
1.053927829961669518e-02
1.639091046339435920e-02
1.604493606370846828e-02
1.616736661599849079e-02
8.650778797656509880e-03
1.456994868256095664e-02
6.397330857597751178e-03
1.591911671783725196e-02
4.623359914116182551e-03
1.384427478025128215e-02
1.869171759624036616e-02
1.456273539437764192e-02
1.670150853828846968e-02
1.883470926894953781e-02
1.824392438060817162e-02
9.793359727082286484e-03
1.582972821443225792e-02
1.037610615727307083e-02
1.760500130295055560e-02
1.250547990777714329e-02
1.524934614591161135e-02
1.908608323122503933e-02
1.875451152621742876e-02
9.440098191625570512e-03
1.786542517838116129e-02
8.269809056454994686e-03
1.109974371325681865e-02
1.819080385913003292e-02
1.623911466005096421e-02
1.290294670178280569e-02
1.900752401408396103e-02
1.666138234079813513e-02
1.485882738999016496e-02
8.367698904262602100e-03
1.678666454680785569e-02
1.708981543560537594e-02
8.832327143970426786e-03
1.127985663232911051e-02
1.816716440833867838e-02
1.564801969314275412e-02
1.440350181172127784e-02
1.242438787041579874e-02
1.596694287410701726e-02
1.842797096115888003e-02
1.273834331772744424e-02
1.895902761274707513e-02
1.165259505986556039e-02
1.894347886003734790e-03
1.642129806137476028e-02
1.190300635050101086e-02
1.275903102900942734e-02
1.688893067888836211e-02
1.390270409113608663e-02
1.559987720090335109e-02
1.796744203912980370e-02
9.942706914460501186e-03
1.290093362764640171e-02
8.355310096035930417e-03
1.423746041404734368e-02
1.147540717084625551e-02
7.638770387727695024e-03
1.660380096187813112e-02
1.567783674109375636e-02
1.124277812563752484e-02
1.157030592823356241e-02
1.690115597157081789e-02
1.312677535601564777e-02
1.361738367344177483e-02
1.881652989140858087e-02
1.481983549362740106e-02
1.174921381059534572e-02
6.660842334635611907e-03
6.331596546236981093e-03
7.770163169440939648e-03
1.649627881878646188e-02
1.486793688240632683e-02
1.555018933966441884e-02
4.824194816121951668e-03
1.502324061012922859e-02
9.803292831675360433e-03
1.713663614464415105e-02
8.603776971164177334e-03
1.605330021801696511e-02
1.479264209978597804e-02
1.702007517328109690e-02
1.832215121702323798e-02
1.353857246355723472e-02
8.076636709911686612e-03
8.133589913645910760e-03
1.477054330949647068e-02
1.777938371686113572e-02
1.879024567321317674e-02
1.708981543560537594e-02
6.759437138606833560e-03
1.893021225973313612e-02
1.858836794904080922e-02
1.725657233029018536e-02
1.594131631353223541e-02
1.413840629675609459e-02
1.099742577482794130e-02
1.100616438230482205e-02
6.591052241645821430e-03
1.295447298510502519e-02
9.054729578652357877e-03
8.298093226396668215e-03
1.903719557635663584e-02
1.404258684250131450e-02
1.751666401160686948e-02
1.424490778905192559e-02
4.041045685586785313e-03
1.846481832870476222e-02
5.621414644081808645e-03
1.527592887241556625e-02
8.116941223668705865e-03
6.385650514449695177e-03
1.427718334387864663e-02
1.263046315671948264e-02
1.317156059860007805e-02
1.044516915318429752e-02
9.640422754418998680e-03
1.713300027918257182e-02
5.812549767331338414e-03
1.162840695806923764e-02
1.438830432640514183e-02
1.623286197565137340e-02
1.619216837769031289e-02
1.116783708653909524e-02
1.837334801135818985e-02
1.441561903922588921e-02
1.142624709176804504e-02
8.287993454834845578e-03
1.326467321685941177e-02
5.460246242766315060e-03
1.834463341236753503e-02
1.333841255990446395e-02
1.585574821108479138e-02
5.896107864382025415e-03
1.588299367731106984e-02
1.362392845626991464e-02
1.245257225614352162e-02
1.464856546569781592e-02
1.133235328968014606e-02
2.951633214468025318e-03
5.537368483257623999e-03
4.284974242177086966e-03
1.618496105841691832e-02
1.766609668025010196e-02
1.651230937765845591e-02
1.784506119571818011e-02
6.217569478269137015e-03
1.608645847452932695e-02
1.652123854915896542e-02
1.720675866972754681e-02
3.549643308143111617e-03
1.296975565651054506e-02
7.434206076519886408e-03
1.306691060172839210e-02
1.391485604513567620e-02
1.467538765118762099e-02
1.589623977836057689e-02
1.343977576789684436e-02
1.545121659958473281e-02
1.738885640832247420e-02
4.632848128311274974e-03
1.880652089074744127e-02
8.754925647373817954e-03
1.646665481296575445e-02
1.421239564590561638e-02
4.009175636515013678e-03
9.670034531882597956e-03
4.517587736373862052e-03
1.381690714021119488e-02
4.425616660186365917e-03
1.130244752751660003e-02
1.790851597149731647e-02
1.775541839128780969e-02
9.113992164672381213e-03
1.414972354443220191e-02
1.877105340055597663e-02
1.129397747113559947e-02
9.128923002588940072e-03
1.317748412411821543e-02
9.472573760438116747e-03
1.055368969420550362e-02
1.228300049785469722e-02
3.698467218070752849e-03
1.078130303715704556e-02
1.889438599903126015e-02
1.738835559183195267e-02
1.071096070822201082e-02
1.603179279542846919e-02
1.897916684438172991e-02
8.367111187121229962e-03
1.829144978739788083e-02
1.247047933039131980e-02
1.737357526855493745e-02
1.464995678333573352e-02
1.676542821574772066e-02
7.600122752549264178e-03
1.219355523053935846e-02
1.771991123172415861e-02
1.590616295476589975e-02
1.868309500578882801e-02
8.937383955453372802e-03
1.414701671580210346e-02
1.070722851589938664e-02
1.549583365632324801e-02
1.613839168789674844e-02
1.806386616753908117e-02
1.024107570368089533e-02
1.851959440365926607e-02
7.431418598215317958e-03
1.893137332198934625e-02
1.561391470843784789e-02
3.222468112198163988e-03
1.607063155258227696e-02
1.412443419032255627e-02
1.254658072155441680e-02
1.062803346087876251e-02
1.710992745878408411e-02
1.027423994423165218e-02
1.601152480134946168e-02
1.874659952537010774e-02
1.131195134196724683e-02
6.983956826608323822e-03
1.897846136248278540e-02
8.354443707104171682e-03
1.512027211832643429e-02
1.282829274750221793e-02
1.795010660526748583e-02
1.184269303266028035e-02
6.887883221690281610e-03
1.121802520502550304e-02
1.086091945335402459e-02
1.119769798368128351e-02
1.721755949926903270e-02
1.738613019845816968e-02
7.932947134517238583e-03
7.312318164278523019e-03
3.843270155726031655e-03
1.448461485067532167e-02
2.781101121325964265e-03
1.163365464315067703e-02
9.335498877821403474e-03
1.721095731394754746e-02
8.390525285310446515e-03
1.371524864648364372e-02
1.768629158588521169e-02
1.756767748889781142e-02
1.365203674702590922e-02
1.213213173084033182e-02
1.372244207347830466e-02
1.697409048818997873e-02
1.806146671029191381e-02
6.747046374233795461e-03
1.591576995864157212e-02
1.501896811154521116e-02
4.063238550194564654e-03
1.777308913815976027e-02
8.285770202825216285e-03
1.507396560689821911e-02
5.911012799428283331e-03
1.825126430647439069e-02
1.546377115187905563e-02
1.851317123706978582e-02
1.651497529413857579e-02
1.002255789198424132e-02
1.799415007496589156e-02
1.428407376445082165e-02
1.643734852223555434e-02
1.207857613507593020e-02
1.255905150973842324e-02
1.212696554950801198e-02
9.616787053765096446e-03
1.180726152850264214e-02
1.116675234946703545e-02
8.579810611422331382e-03
1.025327750883401820e-02
1.144955993292468346e-02
1.738715142503141284e-02
1.791353836365835311e-02
1.653072256913389049e-02
1.862246629251378474e-02
1.454517870381564527e-02
1.831331782866694319e-02
7.290686378526646874e-03
1.606938647401743442e-02
1.804530358008099231e-02
1.698529821013403454e-02
1.027432509664295834e-02
1.815353441488445560e-02
1.874750896307087952e-02
1.540450688131124631e-02
1.579434139719968280e-02
1.112150158479823479e-02
1.034096558068874072e-02
8.892463162336897153e-03
8.292953062537687312e-03
1.235463612818872396e-02
1.059320250732776782e-02
1.568310245646058199e-02
1.207298640702819496e-02
1.907132168370749906e-02
1.312754613382419860e-02
1.471239528285887832e-02
1.303271297428044637e-02
1.732281993601285028e-02
4.476260096383099553e-03
2.333053616821062839e-03
1.487037464035017957e-02
1.390641379620840765e-02
5.781836082660841980e-03
4.102872658922443114e-03
1.404834288374028246e-02
9.947771489608916995e-03
1.326634952801455242e-02
