9.367902396679470087e-04
7.167427484384806006e-04
6.512838492362460008e-04
5.109368897503896055e-04
9.006762796227818458e-04
6.193316444320026443e-04
5.798575810195979140e-04
7.243002820971090059e-04
2.152251957118688549e-03
1.540843804351208325e-03
8.993443747540786270e-04
6.501941579070941819e-04
8.822968552567899466e-04
1.000885004192013676e-03
2.040610142709445816e-03
6.563317800282777699e-04
1.273945478755875074e-03
2.853413447433319951e-03
9.582000431175591998e-04
1.871696324606550140e-03
2.566268850225797774e-03
6.035614915909071586e-04
5.787428438040141112e-04
1.305478928277417931e-03
9.286965312875242965e-04
1.062453159834339002e-03
8.839424856248122558e-04
8.213146975679677620e-04
5.165134548235871242e-04
4.366257356538310284e-03
1.106810310582477443e-03
1.037466873094488760e-03
8.392614559783648752e-04
5.612646218582518619e-04
6.545886329359370615e-04
2.749790968538106273e-03
5.504386866558361310e-04
7.854768650317370086e-04
7.802924034887686851e-04
8.940419682510545706e-04
8.603926179178226748e-04
1.061708733049124840e-03
8.371167986653765087e-04
6.119275461901734501e-04
8.655772775506186340e-04
1.207519594245637937e-03
6.526757559737497673e-04
5.298094091706250170e-04
1.449560750596512590e-03
6.126823075265081919e-04
8.849166855875589691e-04
1.147837214242051042e-03
1.065238553266217598e-03
1.089204735991652689e-03
1.226263851109558704e-03
1.016781594810301078e-03
1.143161708158808680e-03
9.097898251521215843e-04
6.728567614751668809e-04
1.032938763851328065e-03
6.278051823306256924e-04
6.248586286194244719e-04
5.361145008350602431e-04
9.736147939429033163e-04
4.545949571909779600e-04
8.527958287211721399e-04
1.643744121927823675e-03
1.057196523330054252e-03
7.949801211950677975e-04
6.074402205308691719e-04
1.209414479622347282e-03
6.820399714813391197e-04
2.491901855048342385e-03
7.661123133626322832e-04
7.742919654329213008e-04
7.810316089779280454e-04
6.745940223453896845e-04
6.198675185781770021e-04
1.357093859762401652e-03
1.186762037563824507e-03
9.527191979644786691e-04
7.247880546019559592e-04
1.017035597194837753e-03
9.282908231106781587e-04
7.616095554056031332e-04
1.540671291465101371e-03
7.011186875806274489e-04
8.351745634962525313e-04
8.785525898557622164e-04
7.999024973394647632e-04
9.545259325368076614e-04
7.701709058812704215e-04
8.321646525390713174e-04
1.213355595789440515e-03
1.268724919843363308e-03
1.269731859195032900e-03
1.143164436235660558e-03
6.382107639681217862e-04
7.089209320953446291e-04
5.052421037305651922e-04
6.763660209322906996e-04
5.833167219717891663e-04
1.316220186450875896e-03
6.518181501249033661e-04
4.746409441409287638e-04
5.549027960064355919e-04
3.096482767185802960e-03
1.389297891325066330e-03
1.477740160043890206e-03
9.091278243734974424e-04
6.378544498566073506e-04
6.139063126967201885e-04
7.421083799163963064e-04
6.564094250521309128e-04
1.130802886828226935e-03
1.026292007351706096e-03
1.269731859195032900e-03
6.788464441652064443e-04
1.413415408094919300e-03
7.025419637799213161e-04
1.048625826834323526e-03
8.942683924470536247e-04
1.657763792216299537e-03
2.134494923875426917e-03
8.908495970626678423e-04
1.184880875416185640e-03
5.770744702168998253e-04
7.338295913688194436e-04
7.635518866444772476e-04
6.341413038201161589e-04
1.078978647561675691e-03
1.047336682415362773e-03
7.398058058522242065e-04
1.169731657385475292e-03
6.272438537793710795e-04
1.839352083480443089e-03
7.460632047859641625e-04
8.132169469048208983e-04
2.750070931885520865e-03
1.059713849021875045e-03
7.691988218907184777e-04
9.087097086328594807e-04
9.885191969801363984e-04
5.893132380609783201e-04
7.036103074786975806e-04
8.452175202872792923e-04
7.936419177244580453e-04
9.494078554570720271e-04
7.054761478251600102e-04
8.620369828553005624e-04
1.740894087113784711e-03
9.988334506662664269e-04
1.874570918160493047e-03
6.005173067800370938e-04
7.630842863010143910e-04
6.765588041994209873e-04
1.058018378576593881e-03
1.652931778029776083e-03
6.334919169415216501e-04
1.504181139800965777e-03
9.545259325368076614e-04
7.135481153494732925e-04
4.944280589656461578e-04
8.516504064233123422e-04
1.028119373971102214e-03
6.175984201578067854e-04
8.774017215688079433e-04
8.144961030400332683e-04
6.083618014117991987e-04
9.921877354533183146e-04
6.574525852668671897e-04
6.904842610066657142e-04
9.690451761574884202e-04
1.567480795520783798e-03
1.375272744232783773e-03
5.908756350241902789e-04
6.285650971826583881e-04
1.447340294988321832e-03
7.863766810989263707e-04
1.509599403269493894e-03
6.183430647143077366e-04
8.834918590538245239e-04
6.692039671225211150e-04
1.259838695735913863e-03
1.091140798018318736e-03
6.937718607189476486e-04
8.835488696613543825e-04
1.154493832748407483e-03
1.679321749582297603e-03
8.304443306210181454e-04
1.252831365582097187e-03
5.062331578422952540e-04
8.378030465588254001e-04
1.130802886828226935e-03
7.969511133618578311e-04
1.075469266473720598e-03
1.866117464306451612e-03
5.785335360098846965e-04
9.859584732086496689e-04
1.031225560622295746e-03
6.757379562335052861e-04
8.088716303404791010e-04
7.800982615250428437e-04
5.364748586123123907e-03
6.581840261677268655e-04
1.887529993785316829e-03
9.082752551050586598e-04
1.526825610712826331e-03
5.860813742800541218e-04
5.917393381423309562e-04
3.023026277341647750e-03
2.033994822785101242e-03
1.753799977034592233e-03
5.365406388786153309e-04
8.558955828080266285e-04
5.481590787507599222e-04
6.969881478387638567e-04
8.018194206399616121e-04
6.721393614717229795e-04
2.750070931885520865e-03
8.664606788266174166e-04
8.477771735777681235e-04
6.942644369754792308e-04
2.053960565094004650e-03
8.870403491499686665e-04
7.600883424594026506e-04
2.018879900979281099e-03
5.654835407838280708e-04
7.540961040399704303e-04
8.465422021706735809e-04
7.657427426720272035e-04
1.085069942035123223e-03
9.820272787625760735e-04
5.684352096519350826e-04
7.569158383916585464e-04
1.650057697031043040e-03
8.867068203021903411e-04
2.076056829479618407e-03
5.846704611283968850e-04
7.858837013702768765e-04
1.105834076874125538e-03
1.728057114048841625e-03
1.311754757792409597e-03
6.773315456423377196e-04
6.508384286344377767e-04
9.074280741698309213e-04
8.020968518780501695e-04
2.010300180969377525e-03
1.013251568673985458e-03
6.166147402129485821e-04
9.840389554866262479e-04
7.492858604589072843e-04
6.959500054371140594e-04
5.397203755412651209e-04
4.708008486268486486e-04
9.509096193140481774e-04
7.019388262058995267e-04
5.728624382436577718e-04
6.403505088076359231e-04
6.896717725733443735e-04
9.983802427305761909e-04
5.109127873924293375e-04
7.616647765715906741e-04
7.600668422149115238e-04
8.227287439869344519e-04
3.275345494360266084e-03
4.765867823442769611e-04
6.346642284695505230e-04
1.338462267699560551e-03
8.972069388920221817e-04
6.657671422053771911e-04
8.411197411865229453e-04
5.615075199536643689e-04
6.836684735423538897e-04
6.610974201871231901e-04
8.639792437778510579e-04
1.141348413095163907e-03
4.717261179211495190e-04
4.828850389241754154e-04
9.705067935697732568e-04
5.694067067929523473e-04
6.825603172433862076e-04
8.303849077571358274e-04
5.985705348467650587e-04
1.552171485341840695e-03
6.203198777028253851e-04
1.211486390404340916e-03
8.212493960867088116e-04
5.520214578671983445e-04
6.409152743792477687e-04
5.740097340439480203e-04
4.916616263799069349e-04
1.928891978719390540e-03
8.352932084629515180e-04
5.875694911791165022e-04
2.274928636866985644e-03
6.501941579070941819e-04
8.662663791487568545e-04
8.350748212975235823e-04
1.177764399552804885e-03
5.863533145130367776e-04
8.158198125957697149e-04
7.185813078682707364e-04
8.244100281385210571e-04
1.038143364597136605e-03
1.400682109994748001e-03
5.917393381423309562e-04
6.464776906034451010e-04
8.411207102910141535e-04
6.681126343035838355e-04
1.264164600851486750e-03
1.116501521591070243e-03
8.484167262861546472e-04
5.678904812680194000e-04
1.303203194099658178e-03
9.282435249936561153e-04
1.107014355714224917e-03
7.699183398348689823e-04
1.122586395835661194e-03
5.563842158164412606e-04
7.707170124376582984e-04
1.331467373313535490e-03
1.026292007351706096e-03
1.059638202548133547e-03
2.019644349738552048e-03
7.299670247722306934e-04
7.821513277212330988e-04
1.240156810276194085e-03
9.373552929785027455e-04
6.257982709979711348e-04
1.596935207995911141e-03
1.650718986323526562e-03
6.278051823306256924e-04
8.683814486514840119e-04
5.292651191088735977e-04
9.750352138702896064e-04
9.280574902263028381e-04
8.570503117191496673e-04
4.983112582556915512e-04
1.743388001804181816e-03
9.673917391590253906e-04
7.323664267772574425e-04
1.544696031301818692e-03
1.749166556075773668e-03
4.958275844216771845e-04
1.283678647439273103e-03
9.729474348435708129e-04
7.519127968248568361e-04
7.378786388717889933e-04
5.324758120811715414e-04
8.916017728234154009e-04
7.921136559734586000e-04
8.564933960333574216e-04
5.351188189740892914e-04
7.863834885729501997e-04
1.033472252844910063e-03
6.858430683222543206e-04
8.375940027904000629e-04
7.723537060618999557e-04
2.088532276932445440e-03
1.023612427223342123e-03
8.744725718554151794e-04
1.955051306841355894e-03
1.019932987482111792e-03
5.075913645281832998e-04
3.779934260015244997e-03
8.699782748852561429e-04
9.419952526601211738e-04
7.410558508011729070e-04
5.016201740768203802e-04
4.951984895734024049e-04
1.887529993785316829e-03
1.899795913026860409e-03
8.055198575191786954e-04
6.156914340702457009e-04
8.267501362849485067e-04
5.679283888058021031e-04
1.871696324606550140e-03
1.875455271627960189e-03
1.845287305973018982e-03
7.243033170021633774e-04
9.031218172745089211e-04
6.619294406378390533e-04
8.373483287986108626e-04
5.327549820142093995e-04
7.051899147625892992e-04
9.852473259062374030e-04
1.028617726801567831e-03
8.568934207323967945e-04
5.906995736743368523e-04
5.555926919765749334e-04
5.864181646422977423e-04
5.916414940717228338e-04
5.262359387957472011e-04
1.076905736950050643e-03
7.433158698133700195e-04
5.135884748380863205e-04
2.402844420285250512e-03
6.928400450477978628e-04
1.340408149329320574e-03
9.212804135832631386e-04
7.323127349463827689e-04
8.617491095059354395e-04
6.032239968137970403e-04
6.517913330110983866e-04
6.127407496596214533e-04
3.275345494360266084e-03
1.366866905141850795e-03
8.485312592989956030e-04
7.667024647440589570e-04
1.123077862463483113e-03
2.583484991207087803e-03
1.643482119301839820e-03
6.128853347474252792e-04
5.665215888512309655e-04
6.072838880490577041e-04
7.611920377007671493e-04
1.400682109994748001e-03
7.927247119542814129e-04
7.787524176465854611e-04
6.660978191310121949e-04
2.709113284839205580e-03
1.057144876127204302e-03
6.807727659587083048e-04
6.340376142871211171e-04
6.929263376037156667e-04
5.851488885144237812e-04
1.126816224585634697e-03
7.599742554423722903e-04
7.017130098685560270e-04
5.236605011195552594e-04
1.577302550100152974e-03
5.564232256864582457e-04
6.028935104208667760e-04
1.504181139800965777e-03
1.089779843134968014e-03
8.904327123675911601e-04
9.063628926451873340e-04
6.445812754636354907e-04
6.444476023987087470e-04
6.042365936021864680e-04
7.802590092506876164e-04
5.810248422400532799e-04
3.722051895314780305e-03
1.954097664314544472e-03
2.397470264073041715e-03
8.191603986712476908e-04
7.674288949087784955e-04
5.766820975072230182e-04
6.422935564800572907e-04
9.974311252744750503e-04
6.865793828174373507e-04
8.004583582253848879e-04
7.403779462079134160e-04
5.419959797554522009e-04
8.071228031542137778e-04
9.272736300665702577e-04
6.483919623820188095e-04
1.532852919127607920e-03
1.091397451951288920e-03
6.597845196230637177e-04
6.177749545013719009e-04
7.754001183810766253e-04
7.057569268607207522e-04
6.275355636509945051e-04
7.024457747785314799e-04
9.178668157573846402e-04
1.188888705486715845e-03
5.719707458952104926e-04
5.298094091706250170e-04
5.062331578422952540e-04
8.832738433808716080e-04
1.572659241060036421e-03
1.905405155869129008e-03
7.822502155792414834e-04
8.991967079196719944e-04
1.253851490776450349e-03
6.717169792088437206e-04
1.681207877669576873e-03
1.853362704011384020e-03
1.111599114119078777e-03
5.581219218050129278e-04
7.178496898248227023e-04
4.957972092992997577e-04
2.189157351322280464e-03
5.912227347042018537e-04
7.927168090481056953e-04
7.530489666098265540e-04
5.816011229867041037e-04
9.910299022237907280e-04
9.056325688740589352e-04
7.557567022800029287e-04
5.533386879443902631e-04
7.247562147630073025e-04
1.464799323163163899e-03
7.902112809743759006e-04
7.904681146954316544e-04
7.674288949087784955e-04
8.326532871262913148e-04
8.366483495938875333e-04
2.316579090966124858e-03
1.728057114048841625e-03
7.146220085587349276e-04
4.200424777743084689e-03
1.295153684463476191e-03
1.108253941052430224e-03
8.038027792820521362e-04
1.083202221936355918e-03
9.409252855210694690e-04
1.216590955370125057e-03
8.349384304440108599e-04
7.525674590434722807e-04
9.263782915438536743e-04
8.968460738116033936e-04
6.973502086878248431e-04
6.333184098425478220e-04
6.562999382338965525e-04
7.550073212403618159e-04
8.346044667091746371e-04
6.897219011019042672e-04
1.115781341791580216e-03
8.430573621098240347e-04
7.053149170662968877e-04
7.192820863943998966e-04
6.755174094441196040e-04
6.404649974807779741e-04
1.005607015411136501e-03
8.491077162929673095e-04
7.097309785858511291e-04
9.156448221415379712e-04
8.470502863585589520e-04
1.105638152558086756e-03
5.815950736351679137e-04
1.756014649435314089e-03
1.123125402837399063e-03
7.956253475421812315e-04
6.553811377174079177e-04
7.233066664426507971e-04
6.975031653115699136e-04
6.595681903200750458e-04
4.866886312957556743e-04
8.960305899516495150e-04
6.825151042415052594e-04
1.697420500211156832e-03
6.475449097391673594e-04
7.636268190683289997e-04
7.840482777661530404e-04
8.207968170938227713e-04
8.867800697965480886e-04
5.115588590215922049e-04
1.138197776588624434e-03
1.270847444901001969e-03
1.082043171489095691e-03
6.685937817593496247e-04
7.714476281759005943e-04
7.600668422149115238e-04
8.175316945621851402e-04
2.080056908120330502e-03
1.362655109610782199e-03
1.164148398158304770e-03
6.587125776013637562e-04
2.001679748311950297e-03
6.278051823306256924e-04
5.292651191088735977e-04
1.338070664267567832e-03
9.886816210403237028e-04
5.743207903418139299e-04
9.041407949805754015e-04
6.946358415762330513e-04
9.486085271208442426e-04
1.654172395414004251e-03
5.912030373955844565e-04
6.309973146883912339e-04
9.755744627120390344e-04
8.049091341148278868e-04
7.008086861213741556e-04
6.283174880254406786e-04
7.020049504339409639e-04
6.084874305629276543e-04
6.927015057068186456e-04
5.717684192592857682e-04
2.296235906319790687e-03
7.636727435937822137e-04
8.864743722455417337e-04
1.463927090574886633e-03
1.886642413054589237e-03
5.585382955319266466e-04
6.858430683222543206e-04
5.499949449143885349e-04
9.585192194039464158e-04
7.759586290527707968e-04
7.625471072202938709e-04
5.500208263557058910e-04
4.934189271684226831e-04
1.199766711479610367e-03
2.371438422514485223e-03
1.235444093264182223e-03
1.411658282807808085e-03
1.697940423603392160e-03
5.082603593541950172e-04
1.252390310709677098e-03
8.708529672795318382e-04
6.561225617142819443e-04
5.135884748380863205e-04
1.302040819571337847e-03
8.264533190771024100e-04
6.055102280558931479e-04
1.037865945737937627e-03
9.727929488322043135e-04
8.149633587949085345e-04
9.153063195934455203e-04
6.066542447418333357e-04
9.629043987323207023e-04
8.347219554892128896e-04
5.403777666728562567e-04
2.159389062863510678e-03
8.630667427860574947e-04
1.310108597689160249e-03
1.615364461214779035e-03
2.388448684957148772e-03
1.693781693427446862e-03
6.290160249296399865e-04
1.398958449777836779e-03
8.138489826464427764e-04
5.255609100937906966e-04
6.372498393542089636e-04
1.038479972029229597e-03
5.319858162877733878e-04
7.617962636081331744e-04
1.537546870255796557e-03
7.916719453153397631e-04
1.673822095049280669e-03
1.276004471707856223e-03
5.036225382901993175e-04
1.955778277980964232e-03
1.111087087877617912e-03
2.836670670553960785e-03
9.480798504268368081e-04
9.997831502971323437e-04
6.924559193861257395e-04
9.456126422357328826e-04
7.313829247915820024e-04
5.663709582101733846e-04
6.748638865578709999e-04
6.148678370307439313e-04
6.064710687406134901e-04
1.389297891325066330e-03
1.163420852366499727e-03
1.589172073572374562e-03
1.569134964222795381e-03
4.849645339867616556e-04
5.882625958767890868e-04
1.546938432295467524e-03
4.934189271684226831e-04
7.203067232519151566e-04
1.377025796695506479e-03
6.288643648567723192e-04
8.441177030853817126e-04
5.584801492906543621e-04
7.828534288356548331e-04
9.819718305673294251e-04
3.539098774111856284e-03
8.459802960580141244e-04
6.438269209212138652e-04
7.965127518963755447e-04
6.475894878392353263e-04
8.129893314448622971e-04
1.338744521685816076e-03
7.261831857086314523e-04
1.218612859333713773e-03
9.558740263530414970e-04
7.190940954621092293e-04
8.999348691740254166e-04
7.696313191739191780e-04
8.688131126215042086e-04
9.606849018269661379e-04
2.322783260228151233e-03
5.485962643374991997e-04
9.871178979223085848e-04
1.539783335981686997e-03
7.560283168625269454e-04
8.070818711451003581e-04
6.014426447594671630e-04
1.322105424517812681e-03
9.021760844605914917e-04
9.598481461885348181e-04
8.433059587247562989e-04
1.392466672718769552e-03
3.547295328626373298e-03
6.529745582654150832e-04
6.168406422478927903e-04
8.827630877716991474e-04
6.671490036065004254e-04
9.836595551379789977e-04
1.045462321289817057e-03
1.301917114493651413e-03
5.958281891776168919e-04
5.880160057770043251e-04
1.053548378138375284e-03
8.212493960867088116e-04
6.229980387385905018e-04
6.756033782838467274e-04
1.043170306375341061e-03
5.648134256124603698e-04
1.237668607895372423e-03
9.787790708653981188e-04
6.511169670105794449e-04
1.138158987475473578e-03
7.132947433417632021e-04
6.767012337871973222e-04
9.211189511621448818e-04
6.306775361201115817e-04
9.333077556914595773e-04
6.836684735423538897e-04
6.366801138591822104e-04
1.008476978639430031e-03
6.028004542758566391e-04
1.462651522253639131e-03
1.518461391100210840e-03
9.245495143777089251e-04
6.241667964934279620e-04
7.073524803886508013e-04
4.976656117461176294e-04
7.385880486604918518e-04
7.332699950459436880e-04
6.631388907174434527e-04
8.060612497344646138e-04
1.576481862075480899e-03
8.684087523486454978e-04
6.997897407653954531e-04
1.878350880135553399e-03
7.659084444498107623e-04
9.468119597467521088e-04
7.406575408504296890e-04
7.859775106947457018e-04
9.734741944551442584e-04
6.316005035155665458e-04
8.655772775506186340e-04
6.149687022124492378e-04
1.167538762725390524e-03
7.013234706071445152e-04
1.935591056296932354e-03
1.251598104518285553e-03
8.870403491499686665e-04
5.114543216573995540e-04
1.285605413404026500e-03
6.113110730744092782e-04
8.566061523725070721e-04
8.653542077102878080e-04
8.245156988961388272e-04
6.304957784705007492e-04
1.003465505555992511e-03
6.415761747287028992e-04
7.381432558145074050e-04
7.701800244322935113e-04
7.042243782889053396e-04
1.167602820756756185e-03
8.627380978665042267e-04
1.405593407178077616e-03
6.474705260543533233e-04
6.626710760540434732e-04
7.990963635086758589e-04
9.536724165800394793e-04
4.743599174977413454e-04
8.214619994262342640e-04
2.534382543355779161e-03
9.331666958264228781e-04
2.717498321601802096e-03
8.022430109974022176e-04
1.097895755037955109e-03
8.718260122609934604e-04
6.050364337756177326e-04
9.264827990049569889e-04
7.602485383982165697e-04
2.106479010732494831e-03
9.120282676766053309e-04
6.882063004212777158e-04
1.156614767503410472e-03
7.629382510709568910e-04
1.123543964278615574e-03
9.974311252744750503e-04
7.390763647680305285e-04
5.434067208590606700e-04
1.069088589304554963e-03
5.494044333100886295e-04
1.849066373296480437e-03
7.168556059692159609e-04
1.197820505231135839e-03
6.343589322351392496e-04
9.539697273363916766e-04
9.965118220258307059e-04
5.318294008073204317e-04
7.390763647680305285e-04
1.053790518711742808e-03
7.684084907610296260e-04
7.408863760311459531e-04
5.646033533505137808e-04
1.137315049038567982e-03
8.233654680596551095e-04
6.496963010372444570e-04
6.461985780931172761e-04
1.082043171489095691e-03
1.108973124324295293e-03
5.664192630190950824e-04
7.514882561107550252e-04
1.934555744790062651e-03
7.622357663634840618e-04
8.856954238707755384e-04
8.765750457559593400e-04
7.951796652226282005e-04
8.850564916626303723e-04
6.172878539099013392e-04
5.115414793203930692e-04
5.911271464412975584e-04
6.091165647924859329e-04
1.357927536999090253e-03
5.190674694560506487e-04
4.713042559327454547e-04
6.783650731272473141e-04
6.055963527952889884e-04
2.461413088196548991e-03
7.463277065724768225e-04
1.738043299947558207e-03
1.034520919995478164e-03
6.614435935131293253e-04
7.594855026542627870e-04
6.179854144936061449e-04
7.462069640596153590e-04
4.855518457664255091e-04
6.059386553057846637e-04
6.457268235663478264e-04
5.862997807282410408e-04
7.901149579724495945e-04
7.732781996244955007e-04
8.938128261504691210e-04
7.356653274894494427e-04
8.632940096514154279e-04
1.250980352211852192e-03
6.791685722634283355e-04
6.600816016305370267e-04
9.511617741183478296e-04
5.785946032075936669e-04
1.116516201460331830e-03
1.350908021895890539e-03
1.774243117249631446e-03
1.247576159352676694e-03
8.494127329542354096e-04
5.682904522718851400e-04
8.825005951325470138e-04
6.906606376976497357e-04
6.887759937647290132e-04
7.124044962004323373e-04
7.473402194981494575e-04
3.110871161707798923e-03
8.627252587038018207e-04
7.883938941473268977e-04
7.115942132673898227e-04
7.032920966429062441e-04
5.295558514083876069e-04
7.636268190683289997e-04
8.158198125957697149e-04
7.395124613917870848e-04
7.690103403776843557e-04
7.934742734365620885e-04
2.342271880874251082e-03
1.176408413309517134e-03
1.466652444930478241e-03
5.277462506879475584e-04
1.088660733892657991e-03
1.397370671474060157e-03
8.543931088379601866e-04
4.945673251073933819e-04
7.156695229530035413e-04
1.795296255648537757e-03
7.190843635752248737e-04
7.841447971019194826e-04
8.579609394121417770e-04
3.539098774111856284e-03
5.978913599208075932e-04
3.779934260015244997e-03
1.454181970456297057e-03
5.704253399833638912e-04
7.541706696648234559e-04
3.586932842865178401e-03
8.467784233759410384e-04
1.049195570100597752e-03
6.834510502488693687e-04
1.871696324606550140e-03
8.296398444881835548e-04
1.461711696622077601e-03
6.069019841207582691e-04
1.113568239640655520e-03
2.051238690094924714e-03
1.830635981694159068e-03
1.181885774015169806e-03
7.457639160795524746e-04
1.371688846330139681e-03
6.226562129314103201e-04
1.554058362549860664e-03
1.169340832050274216e-03
7.466776694724869485e-04
6.906619125096666442e-04
1.053024441019312276e-03
5.983228939280762918e-04
8.457697230789012382e-04
6.777740799660403196e-04
8.275826170556080993e-04
6.977014166653823252e-04
5.821207735503875803e-04
6.387027947909611246e-04
5.957373318948112678e-04
1.186697622589762309e-03
7.674550097531276710e-04
5.434067208590606700e-04
5.408555004794753790e-04
4.998963037735181664e-04
9.719492594102719643e-04
1.033892813116851642e-03
1.970815471268737903e-03
1.267973407016037774e-03
6.259479102810534042e-04
5.956571290915816958e-04
8.039000273483930519e-04
1.249138178893431216e-03
8.318068292686077057e-04
8.514135325620504234e-04
1.180140621425176603e-03
7.696514144208375929e-04
7.695981240577443559e-04
5.559419201309789057e-04
7.744159105063033602e-04
3.234808805586789158e-03
8.799614325502809259e-04
7.008747297950549933e-04
2.569531129701047110e-03
5.714352112279968109e-04
7.281428335802872433e-04
5.771662651796152961e-04
5.921949129370347687e-04
5.982699340843002653e-04
2.583484991207087803e-03
1.774638046128300438e-03
2.680237066893557778e-03
9.499495386059015863e-04
1.400977556068039786e-03
1.141648541110472283e-03
9.419952526601211738e-04
6.714263403332101053e-04
5.096554465538792947e-04
5.410269545318969987e-04
5.740097340439480203e-04
7.770333060422132719e-04
8.148150291457213019e-04
9.124604956255953896e-04
1.147106289774135627e-03
5.738403942549384238e-04
6.929349183790252560e-04
7.927168090481056953e-04
7.441774636337656571e-04
1.729645305203680828e-03
1.378579257295703409e-03
7.166084173507749049e-04
1.358364030584671223e-03
6.430052422191820903e-04
7.458468602072604444e-04
1.111256852454590559e-03
2.070422501473323951e-03
1.613784531746570222e-03
1.600798341264350610e-03
9.893842558676411471e-04
7.560911741241340247e-04
1.441365350718537552e-03
5.856745725273653641e-04
1.074435958059038673e-03
1.020137310121012591e-03
1.646342576773397780e-03
1.601429996509248083e-03
6.152984003723255876e-04
8.502050512648741095e-04
1.490637226272502639e-03
8.297737463457613557e-04
7.863834885729501997e-04
1.159751749168364161e-03
8.324526544461883408e-04
5.814372311624049425e-04
1.457058993417002313e-03
6.376633404367998545e-04
5.832409255106922336e-04
5.444950442292454664e-04
9.247924218772495160e-04
1.005293026671124496e-03
6.802741410993781929e-04
1.395818085870511498e-03
6.203139181838265457e-04
5.236669334601670158e-04
1.169197956145799763e-03
2.807026826387181134e-03
6.483919623820188095e-04
7.586413287091296883e-04
6.382441355070784823e-04
