9.170524352016865520e-04
9.681286854564941481e-04
1.550260188429468779e-03
1.321484361903840169e-03
6.539701695769161230e-04
9.715203553672182050e-04
7.364463242445499136e-04
1.136794091860671846e-03
7.875475944219976132e-04
6.524122860650069695e-04
1.292482748556322359e-03
8.465257751739767560e-04
6.445657901017846090e-04
1.212037022683024523e-03
1.035553864147021339e-03
1.075608462417572799e-03
1.281172232585650736e-03
8.295493103105031595e-04
7.218706637466331755e-04
7.077808306459143321e-04
7.050003136975121999e-04
9.736948233306342388e-04
6.325995453150961038e-04
9.352255511739302049e-04
4.827386586550585254e-04
5.368952998563734707e-04
7.815239328584893536e-04
6.552450138801006740e-04
5.594973123686577954e-04
1.081454184601573099e-03
5.483827782020074277e-04
7.847968212526061074e-04
9.486595308593441392e-04
1.412617147394084694e-03
8.304277589783410143e-04
9.694388029712566355e-04
7.209153302354427565e-04
9.185445577807572169e-04
6.530646518124523948e-04
5.680211039222482364e-04
9.031776771773835201e-04
1.522693714464788206e-03
1.333408441527813345e-03
1.523968842527945958e-03
6.851864004468275621e-04
1.098951280164948887e-03
1.402116097811223656e-03
6.121645083055750423e-04
9.658088791278025310e-04
1.251445577870163297e-03
7.547170803735776031e-04
7.094694112464008722e-04
8.075588234944987157e-04
9.026015949854893170e-04
7.750359012067063562e-04
6.227272599400083229e-04
1.033393178851811905e-03
1.591255515617801680e-03
5.479387642847296722e-04
5.769233253141217970e-04
6.789123437350026409e-04
6.772116196054006696e-04
7.029606806819280098e-04
6.825778451552148764e-04
6.948629455290273368e-04
1.366521079178612550e-03
1.420188258337082374e-03
8.903948729464234530e-04
9.076233259269771191e-04
9.619433761550100692e-04
8.845430083929698090e-04
1.006730313325218586e-03
1.802369414661469504e-03
6.632834025079882827e-04
9.151463773963022883e-04
1.653989662396746635e-03
1.517516904200019116e-03
6.089008954977599307e-04
9.315206523771106919e-04
5.209371751311735231e-04
7.414028428879913379e-04
9.075633723021424683e-04
6.359111279342160271e-04
1.002774959710731788e-03
1.020583468296377624e-03
1.646171777573904446e-03
8.030786364521732288e-04
7.588030612651575036e-04
7.211667179841984351e-04
1.408755250475350346e-03
5.886614191995428970e-04
8.912781529558908055e-04
1.089440074779239121e-03
1.146194887335408611e-03
7.686015081863384378e-04
8.666416705062694563e-04
2.198982704060207637e-03
6.892398634294799511e-04
1.042367529938360545e-03
1.113702316132872752e-03
5.579190686375427345e-04
5.289571346091590355e-04
6.675323802812372503e-04
1.300237936597330819e-03
8.307481533885613693e-04
1.271416670684774467e-03
1.434786644928712175e-03
1.230396844901006283e-03
1.038161228136645327e-03
7.335497442993420009e-04
8.521441951733930639e-04
8.557501046020307700e-04
1.891327317460010041e-03
9.845662832426340782e-04
5.690613142085906156e-04
1.410805334769165732e-03
2.927745333840630747e-03
6.383518447157760607e-04
6.682461323719489582e-04
7.868355495606328383e-04
8.852347157328893396e-04
9.360364436609044632e-04
1.823178784449561466e-03
8.907971929996815873e-04
1.016066881894095225e-03
1.571510230550074178e-03
6.024867811373757617e-04
5.960524765541687581e-04
5.516952249848723622e-04
6.423397462908945511e-04
9.132249741493092023e-04
5.502356611059945396e-04
9.418471572350725065e-04
7.471663230432980122e-04
1.457995987639634046e-03
7.253977656702214737e-04
9.047824032701840902e-04
6.465563325096344719e-04
9.223877435518369533e-04
5.642548854775999165e-04
1.855187462697010375e-03
9.292200571544070994e-04
9.110682802493544428e-04
6.493192796420164470e-04
8.718898400421925318e-04
8.472703033297214860e-04
1.003768116236288975e-03
5.295607326601516150e-04
7.062362553282113247e-04
4.785973663225537105e-04
1.318522060599259908e-03
7.882430916179134460e-04
9.211079547061433535e-04
5.406143608339622356e-04
1.234359883396577437e-03
1.381450168476787421e-03
8.073316065157341197e-04
6.042137003662687066e-04
9.699049120803802460e-04
1.160167202486900870e-03
7.606697926101290645e-04
9.102020515985764695e-04
9.954754157727565070e-04
8.924807228877455062e-04
8.362195359114611747e-04
1.254039914793222705e-03
1.417714435570225761e-03
7.311269279685661581e-04
6.246200224424811346e-04
9.560073348868775977e-04
2.015786507801050221e-03
7.225871644810009887e-04
8.321523448453924327e-04
7.339193519246683126e-04
6.419497588964359841e-04
9.126519951722139503e-04
6.441742076932010326e-04
6.745355896404161156e-04
7.314328353154958768e-04
1.641533405711034788e-03
1.600841713995069214e-03
8.585061170900224478e-04
7.246510029035271210e-04
3.050814944046464482e-03
5.374769738692522243e-04
1.569298795313502125e-03
8.195226528743483792e-04
2.195788484684699227e-03
1.566635977602423308e-03
6.975916026528870221e-04
9.795994401091310481e-04
1.268669367663751270e-03
7.328341329270113280e-04
7.277140833115054459e-04
5.210805670302476713e-04
1.290864567046173545e-03
1.296160281090042712e-03
9.279019520294859175e-04
6.780498266653477331e-04
6.713142491144268986e-04
8.930979648798760074e-04
7.550680699915844835e-04
1.269012017497367839e-03
7.714576593779848539e-04
9.596420969999905305e-04
7.433767412163440726e-04
8.821925209468552739e-04
8.201368966892887483e-04
9.979413840442009735e-04
9.048321870112865017e-04
8.180067742198862549e-04
2.432095257745860249e-03
8.142356903203471765e-04
5.602538169441576444e-04
9.748896319628506989e-04
7.912875471946050586e-04
1.399575209425538451e-03
9.021923967851641982e-04
6.183532844387521540e-04
6.854851082720522402e-04
9.394298798860478998e-04
1.671894704294234636e-03
1.004318166906027548e-03
1.795905308545271781e-03
8.615664169130090233e-04
8.582140457412555570e-04
6.784430403682388446e-04
7.601112688747574744e-04
1.002287466389846591e-03
1.646172520485062818e-03
1.003615041167909162e-03
1.419923715043521807e-03
7.261837235288472235e-04
8.377815945291138813e-04
1.158905608983995181e-03
8.313136789348563342e-04
1.072803439800700627e-03
5.796317889223395053e-04
9.676385848937123961e-04
9.546645187318199017e-04
9.639208215708018959e-04
2.237624223933188088e-03
8.351154500646024376e-04
8.103124933120155757e-04
7.374556421266764087e-04
4.788748138552437867e-04
9.679333898665696146e-04
1.051317979383573336e-03
6.433609205629422199e-04
8.897425782668615937e-04
7.877477427563631335e-04
8.996523549810742917e-04
7.668085693954484420e-04
8.743717077058806410e-04
8.281265948128085919e-04
7.388419470611503779e-04
1.559643332347355679e-03
6.124666496966744847e-04
7.517323769604028526e-04
7.698785686592447917e-04
6.359111279342160271e-04
8.520118937039985671e-04
1.235664649967219402e-03
9.282123698016400302e-04
1.719520331316581148e-03
1.038903162922057881e-03
9.134164782488582782e-04
1.017855577968504238e-03
6.945269051568627632e-04
1.994432176621749320e-03
1.104205356462223484e-03
4.712034446615950964e-04
9.993430093198638672e-04
7.472265347450865675e-04
7.186562082898099047e-04
8.854238829300269250e-04
8.518831068627024999e-04
6.497806404323641259e-04
9.372560451775651660e-04
7.316762794657995748e-04
7.319928341269004660e-04
8.662869964220049849e-04
1.326693366121099683e-03
1.081853757188857863e-03
9.254590602528867766e-04
9.375863708757723857e-04
1.253419277230821824e-03
1.122038723193837396e-03
8.107266445786283230e-04
1.618141808292032505e-03
8.835253209434940254e-04
6.771687821736421722e-04
1.578360247125421478e-03
1.645391500392152581e-03
7.300884427407106775e-04
6.091240740448648078e-04
1.038175333629279707e-03
6.152851706017207134e-04
7.531245331285381503e-04
1.225534995906551799e-03
1.511862608899729567e-03
6.320802994274875037e-04
8.960973671283855224e-04
8.157932970974926448e-04
9.011876421894360854e-04
7.268238076924511465e-04
9.119863958301495203e-04
1.158241368060803581e-03
5.861986492408148780e-04
1.086743539984352195e-03
5.856491243313412731e-04
2.108654200362458566e-03
7.922857504408945331e-04
8.157802023081799732e-04
6.603194940781636135e-04
1.093218964193090354e-03
6.590485940856278830e-04
6.739499965339515713e-04
2.511608951021850489e-03
5.304088889694555647e-04
9.438771556461777795e-04
1.019695361173054505e-03
7.722230519923590358e-04
5.406143608339622356e-04
1.381556257804274169e-03
7.455116333936603543e-04
6.224729943811333150e-04
8.839934861420595692e-04
9.966968922506729087e-04
7.584395449546267468e-04
8.281649911795256570e-04
1.308395672596836690e-03
1.064677550359922767e-03
6.119602147157552014e-04
8.780622086125976656e-04
1.049686855008780985e-03
1.327409107885948103e-03
1.139306098223242993e-03
8.705871371262497316e-04
1.108704189104873540e-03
7.089045834317486607e-04
1.193363358911945973e-03
6.311260146790953702e-04
1.107702999975581845e-03
1.482935470318813304e-03
9.244763643093253588e-04
1.050146202097716449e-03
1.048383950147494924e-03
9.929968620529694857e-04
1.236606295566130068e-03
5.702067428198936711e-04
1.107884627738675879e-03
5.786850518069140172e-04
1.004744204259901000e-03
5.877178396827468067e-04
7.941776700382848072e-04
6.043779719757679013e-04
5.712704866416952812e-04
2.008861987690248839e-03
8.600796519595862825e-04
8.879144624944858072e-04
9.571760771832255347e-04
8.458292263785463158e-04
1.158905608983995181e-03
6.580514315997284961e-04
7.827315548070254599e-04
5.637153592963088568e-04
9.105456931095606485e-04
5.500052368016767950e-04
5.166081250471802905e-04
5.417850022997805146e-04
7.019867675615404064e-04
9.309872216025798014e-04
1.025667994046935332e-03
6.471575947616614545e-04
8.514164829797845517e-04
9.368787730665641437e-04
7.864805382030923275e-04
8.228175459199937739e-04
8.120733079286813214e-04
1.541851351844009555e-03
9.954754157727565070e-04
1.141563260219257987e-03
7.424439829685352014e-04
7.056618619108187638e-04
1.040009374509779684e-03
8.125875165560053582e-04
1.138547417543588200e-03
8.232439806772713555e-04
1.011393076606515590e-03
2.420696546383114059e-03
9.953724258036282611e-04
6.772959437861824110e-04
2.481417176851473654e-03
6.513112028468883872e-04
2.044831053331046169e-03
1.220850735589952118e-03
5.986551521144157020e-04
8.463308239591567188e-04
9.846990698226493026e-04
9.500421302225537778e-04
9.047970958315775273e-04
9.065863762502515731e-04
8.897425782668615937e-04
2.376733848468724330e-03
8.762880594450973056e-04
1.621173387179515937e-03
1.355854090140912399e-03
5.069180575408086800e-04
7.378964756175614322e-04
6.449899368332999558e-04
1.600841713995069214e-03
8.168473385347857019e-04
6.741639548710905930e-04
2.686989580706418152e-03
1.549000378748127725e-03
1.031706042332218099e-03
1.123992507621421767e-03
7.168281417305143437e-04
8.839149226274997575e-04
8.363262639484675496e-04
1.574234822995650889e-03
4.425771269076094632e-04
1.085426863949336997e-03
9.294788670795148169e-04
6.588782850289276547e-04
5.961146341917341945e-04
7.645175830331857889e-04
1.167682281782824035e-03
4.783668076491731061e-04
5.080309762626618840e-04
7.319257156174965992e-04
7.897036819081182943e-04
1.651463916108767338e-03
5.541679076020133423e-04
8.154757582212566894e-04
1.663106529050988264e-03
1.094812475292296318e-03
7.054493993437940640e-04
1.623477590466094762e-03
9.640145560066344134e-04
8.661477687555150292e-04
9.430361921616391011e-04
1.273510272439464051e-03
6.316155089109999057e-04
1.623739921578102154e-03
7.193739336890697840e-04
6.755643594891392201e-04
1.275951037746097258e-03
1.230396844901006283e-03
1.340314127524001560e-03
7.928901716315434837e-04
1.012010010232777552e-03
1.065826084017980043e-03
9.237680949901254076e-04
8.017308530237053383e-04
7.004098736640379606e-04
1.254039914793222705e-03
9.492725998861110829e-04
6.995860147543532092e-04
1.701605479393136213e-03
1.337989481742534684e-03
7.626341382680168176e-04
8.523512309753666525e-04
1.168607762147716141e-03
6.580514315997284961e-04
6.441775600289754598e-04
1.180343599119353017e-03
1.014300588302908873e-03
5.659754329391984088e-04
5.803896388585352492e-04
7.578196470331494605e-04
7.860461533047619943e-04
1.030715656335361033e-03
5.459186085255048884e-04
1.078377039372277295e-03
6.925433404103235185e-04
4.230268138428274513e-04
2.274715113295400909e-03
6.783408859796713963e-04
7.518892823107438438e-04
1.109357673811360925e-03
8.118021373350388804e-04
2.530916434488738632e-03
1.457923261033893143e-03
7.155149811352866157e-04
5.925689349482787588e-04
6.387076510864618398e-04
7.781243992551606630e-04
5.614355755635270628e-04
1.041233970079952047e-03
1.247036293133982126e-03
1.273075177834702507e-03
1.725301577360857522e-03
7.666272941697658888e-04
9.823170870750244036e-04
1.193761109873806014e-03
9.422724981887832703e-04
2.096125146628474885e-03
8.756073308585759227e-04
1.078695673471402518e-03
6.932943932538160195e-04
9.767692340925952961e-04
7.568979929829505043e-04
1.718080842297868473e-03
8.188058006430822466e-04
9.282123698016400302e-04
8.583833930560246829e-04
4.813942076711907425e-04
8.264856499885090465e-04
9.104951241199982313e-04
1.416723114334115683e-03
6.435495798980381049e-04
1.266381788627791343e-03
9.336667194748181440e-04
1.067114016751579374e-03
8.241856560800833384e-04
7.040524760493465772e-04
9.576248173431575837e-04
1.365036298493670129e-03
9.626092816538572589e-04
1.645199699089071538e-03
1.136201853894614399e-03
1.954784838847502954e-03
6.867497459244116011e-04
9.502736286330036846e-04
2.334420899489122753e-03
1.413591238559013755e-03
6.563205268314714104e-04
7.438161882160996153e-04
5.886470878091000286e-04
1.003969946136549054e-03
1.300909940041866664e-03
4.425771269076094632e-04
7.157461465255416603e-04
7.186781979396689342e-04
1.038161228136645327e-03
6.929049855784881170e-04
1.450971110335874887e-03
7.524643852663663330e-04
8.423637502677415413e-04
1.671894704294234636e-03
1.339978094729681263e-03
1.045011815663153759e-03
6.981124522524594133e-04
1.007327051942438984e-03
8.159409155536759750e-04
7.920256363879701195e-04
8.000522782006154205e-04
8.232887333289340718e-04
1.023197242204804168e-03
9.879324402110173375e-04
9.353995712755883108e-04
1.451832929202384213e-03
7.358700894425960299e-04
6.065335661999026384e-04
1.399842283577963078e-03
6.784324141338604229e-04
6.903506488273943205e-04
6.769472645619755259e-04
9.246894534983115177e-04
1.113948372365553127e-03
6.502970111422496508e-04
9.407841686436344952e-04
1.470363683831175418e-03
1.160247560199968112e-03
1.330669349156808103e-03
5.727936183759258122e-04
9.163836118871205054e-04
7.594046926186817908e-04
1.200215463786828956e-03
9.701824097487187762e-04
8.360010079863492739e-04
9.673795061423470917e-04
1.406365463445020123e-03
8.313658708135051060e-04
9.411557364918074790e-04
9.796631141411706652e-04
2.046339009751320295e-03
9.617417888653592185e-04
1.411382983117562273e-03
7.240185558282575444e-04
1.454717322853025466e-03
6.644901073010521606e-04
7.359337888591339699e-04
1.092158958464846527e-03
7.944544055739534297e-04
1.801834956437585586e-03
1.054497514913431064e-03
7.760901837012468187e-04
8.230415367335817836e-04
8.520700299056636852e-04
9.820364445244336889e-04
1.458365925386810895e-03
1.007327051942438984e-03
1.384891258519412331e-03
6.454137331229357942e-04
9.694388029712566355e-04
1.045535496912032136e-03
5.055016092535616606e-04
9.789679385178897807e-04
1.823178784449561466e-03
2.317176545899075728e-03
1.500901504948686828e-03
1.240510349195847158e-03
1.472274741386037393e-03
8.807259799266616875e-04
6.800502943087789222e-04
9.160274104629111949e-04
8.446276263176978214e-04
1.136611085778948226e-03
9.889584057190012149e-04
9.438684420250254654e-04
7.121351526676262872e-04
9.832618602936796411e-04
8.913565333446303368e-04
6.958256102499123024e-04
9.839614249304198378e-04
1.482935470318813304e-03
1.038903162922057881e-03
5.281237672333422050e-04
8.332528484883950336e-04
1.203822280349863558e-03
1.561196945536834097e-03
8.873394547406358900e-04
1.879550497412232728e-03
1.234359883396577437e-03
6.456746621868634465e-04
9.873770181646000354e-04
9.245416642105838559e-04
1.200321651784543725e-03
1.153081399456269305e-03
8.520700299056636852e-04
6.555063751760542134e-04
1.053135764813250240e-03
8.366426465650048409e-04
5.419732349479080896e-04
1.311786819152477735e-03
6.134248907522881194e-04
6.616987753733613890e-04
5.652540460753254729e-04
1.355286069701340437e-03
1.828359459088797247e-03
9.134615041323484574e-04
1.117803700919791070e-03
1.468593632193012375e-03
1.404705812423892499e-03
7.148813305043179257e-04
8.435684878636111068e-04
2.098380710647531656e-03
8.756303924369479184e-04
7.797822495584941184e-04
7.602981619675881764e-04
4.687643406725300484e-04
1.037223374013588858e-03
7.878079453609483380e-04
5.729168377919657135e-04
9.454917165987004272e-04
1.036689083165268218e-03
6.755782055795797559e-04
6.834140439857044284e-04
9.215335392475979513e-04
1.061001036364927997e-03
9.484791898889610110e-04
7.568979929829505043e-04
6.311843954425429889e-04
9.118025663615966954e-04
7.467010693255795705e-04
2.002413833775070449e-03
9.574106493176442589e-04
6.601464589363406632e-04
4.956253763791496070e-04
1.047149924595831578e-03
1.313984411387092172e-03
1.065645485852649826e-03
1.057997728785045740e-03
8.595634423509333722e-04
9.022039836026397343e-04
6.925027252271689047e-04
9.363164353263361481e-04
1.315110803419287889e-03
7.458994216372058983e-04
2.193500948616837996e-03
6.168662588993952889e-04
1.412617147394084694e-03
9.690852683412041384e-04
1.226441818461568257e-03
1.909483123074238531e-03
8.687876703796749370e-04
1.388356344048793023e-03
9.783017102340646996e-04
1.105488308563671749e-03
1.196412368984073977e-03
1.371591598416452805e-03
9.007863559031904820e-04
1.260052014745021180e-03
1.931978733616275361e-03
1.192204945259757280e-03
8.526167744600382514e-04
7.247994999183920940e-04
8.923928400766610028e-04
5.214672618390172243e-04
8.219879034084663508e-04
7.073601564291456551e-04
5.954119993839053927e-04
8.942117677646169724e-04
6.768593142306100980e-04
1.128962991302381175e-03
5.995861289377182922e-04
6.610752999010300170e-04
9.881401062661625181e-04
9.419346268911287000e-04
1.075496408147027247e-03
6.322537394235889195e-04
5.690613142085906156e-04
8.488644965817671983e-04
8.173475648893526943e-04
1.028400011114359277e-03
5.200164716571230696e-04
8.607917759581694287e-04
5.992799245032556137e-04
1.235334392655950330e-03
9.248984369127722987e-04
2.481417176851473654e-03
9.405687167187874254e-04
1.021530298724873057e-03
1.281365459088580757e-03
1.211139319231569530e-03
7.079762491665617585e-04
4.846591951303866981e-04
7.322314121295332625e-04
6.063876477619154024e-04
1.926278490506730086e-03
7.753222645404100324e-04
1.058394292476408588e-03
1.125852899100949394e-03
8.740223666542108055e-04
8.606437449190995148e-04
1.304965039155098162e-03
1.018917020316206876e-03
1.089414546870459645e-03
8.141597645991538023e-04
1.161030502008852851e-03
5.939211393387035199e-04
5.503004616220454797e-04
6.928422496543849927e-04
9.788273990906245191e-04
7.100999891096234761e-04
1.209835606308864043e-03
9.480042025267533014e-04
1.312666658016931184e-03
8.519539108396743205e-04
1.025273594136636747e-03
1.483164844094334717e-03
9.794735438813317006e-04
6.586610140276839094e-04
1.026545557764249302e-03
1.339090084662486035e-03
8.325332443363735006e-04
1.194836614824942595e-03
1.318433159326150078e-03
1.202194003232816754e-03
1.071875473339353301e-03
1.110686994607913659e-03
8.636734863375290826e-04
8.942117677646169724e-04
1.377545661872118512e-03
7.314180980949617963e-04
6.057891592802815877e-04
5.928187272042518413e-04
5.711027453529281218e-04
1.596366395959859840e-03
5.189005795405996282e-04
5.977025888238322263e-04
7.808141762479067945e-04
6.805369511633122068e-04
6.441775600289754598e-04
1.103671777197680857e-03
5.846249616829654171e-04
9.955405586055453369e-04
1.600841713995069214e-03
7.547170803735776031e-04
7.728688958176582399e-04
7.922857504408945331e-04
1.797582735959223511e-03
1.290864567046173545e-03
1.554276478063164628e-03
1.365580988680279275e-03
1.084131385360927961e-03
9.755214024405790439e-04
6.148953424268283887e-04
9.866586443733594246e-04
1.574234822995650889e-03
5.869450992249908121e-04
7.537556188279575685e-04
7.620860139996700564e-04
7.184206587540735304e-04
9.222399318417493158e-04
6.631701881238693825e-04
8.825253057853678362e-04
9.525520857362083449e-04
1.175776559159956306e-03
5.778446022657752210e-04
9.591608218297232235e-04
8.491378392731503515e-04
5.155148327350852176e-04
1.142966714164789189e-03
2.376733848468724330e-03
1.948352980438415984e-03
7.723768658388293100e-04
1.772293497253269899e-03
1.597274372238493808e-03
1.002583930796115781e-03
7.029606806819280098e-04
8.063479002887222712e-04
1.105724330633617476e-03
1.177703295077237380e-03
9.012026464790144544e-04
1.028618895794742661e-03
9.271919359936652309e-04
9.217412221502929628e-04
8.265420428500135650e-04
1.803195256726044995e-03
1.129422799669143988e-03
9.599057472617593531e-04
3.050814944046464482e-03
8.614210418830211581e-04
2.409450469627896513e-03
1.635110713690465399e-03
6.837149223441198968e-04
7.663827091045771625e-04
1.238309816955399318e-03
1.176451929058950664e-03
1.048619629365599116e-03
1.219180466230746114e-03
6.563811227902586901e-04
1.067406690443712747e-03
6.499855834732077425e-04
1.193084346366388333e-03
1.427515051740914798e-03
9.694257852754827650e-04
7.864628031436919934e-04
1.674631042469196555e-03
6.889599816359208255e-04
5.972159818926578998e-04
1.142690737927047834e-03
8.371498219322364960e-04
9.300810828128116495e-04
6.851556570191119763e-04
7.398366853586997062e-04
1.570218153601230003e-03
1.020024395232744553e-03
1.229029172020013006e-03
1.474089353152172911e-03
1.219736599818889563e-03
1.395431212015350734e-03
1.356176733270617789e-03
2.028925901594487435e-03
9.774200500800118638e-04
8.096173323290476332e-04
7.710385328565857186e-04
1.738970656923845238e-03
1.925715341199580677e-03
1.148074998198846943e-03
5.228006264593184705e-04
8.458292263785463158e-04
8.451405260392567259e-04
8.818604633136978895e-04
1.317095724225808995e-03
1.180343599119353017e-03
1.373355774909692769e-03
8.260651744381291564e-04
1.250546446082870028e-03
1.449328880381844410e-03
1.973412730333743044e-03
8.654014309396122458e-04
9.178515359571844676e-04
1.098710914475604537e-03
1.907848929274114438e-03
7.397404242597656809e-04
8.062869920549906987e-04
9.591608218297232235e-04
1.451555669223036351e-03
1.222236901158407036e-03
1.410805334769165732e-03
8.800072410262783961e-04
7.678679848620785942e-04
6.817535879043464106e-04
1.039397696037606305e-03
8.861544522056520471e-04
6.928263147235925751e-04
9.482370166787303318e-04
1.116590157940675716e-03
7.145755518734260353e-04
1.110686994607913659e-03
1.020291548187378947e-03
1.638086680004148445e-03
5.925689349482787588e-04
6.160820039119192923e-04
9.010155768809345340e-04
1.143194428304770060e-03
7.843690677381247181e-04
9.752156309336078559e-04
1.228117563018751987e-03
9.802634243482061943e-04
6.964367836094133984e-04
5.567413726265942140e-04
1.389051501920232027e-03
6.169858868537340208e-04
8.321300814454816964e-04
6.206191247776896881e-04
9.199088483440041918e-04
7.626341382680168176e-04
9.597062293480016935e-04
1.218102108681258858e-03
6.696134057297991509e-04
1.073235144960095868e-03
1.071684448227522421e-03
1.077335634641698797e-03
9.677790998019816663e-04
1.049589585318477358e-03
7.312094744986090498e-04
6.653000968640777023e-04
1.540785403337504916e-03
1.209319419658401061e-03
1.049710893038107145e-03
6.651033393001681534e-04
1.049392605503091363e-03
1.894999046654364042e-03
8.186527111013548914e-04
6.360252052891137483e-04
1.339625572799032268e-03
7.050003136975121999e-04
1.187015608492930337e-03
9.492844001876659917e-04
9.421018891976798816e-04
1.213284809881758249e-03
8.881999328727141875e-04
7.079215011043930340e-04
1.505597138642266949e-03
7.322314121295332625e-04
6.990920351886133156e-04
1.035823750811949891e-03
7.766628871411705411e-04
5.286287926853080804e-04
1.019460240819840225e-03
8.272708466727973688e-04
1.122810923478120056e-03
6.894768429707400425e-04
1.238952664531925126e-03
1.216871581639841554e-03
1.768001980624361608e-03
8.997733614173499114e-04
1.274300508270840475e-03
6.760825164123086903e-04
9.157867472895818081e-04
1.041320124123392647e-03
1.546658166853456633e-03
1.135472884612643771e-03
1.216091740339546486e-03
5.987323199442580847e-04
1.113948372365553127e-03
9.820364445244336889e-04
9.480504166516037128e-04
1.081356490458854199e-03
1.477334236591179443e-03
1.135906726971620383e-03
9.496825122599445107e-04
1.129831069499682246e-03
5.849496067180493626e-04
7.606697926101290645e-04
9.379649964733688871e-04
9.587943368153198928e-04
1.265207989307913549e-03
6.783396289457284227e-04
1.398161959268772467e-03
1.816442452464598917e-03
9.766125843647039447e-04
7.605411761294939054e-04
2.008861987690248839e-03
7.475419692154273207e-04
1.108951072555906976e-03
7.549729576403828128e-04
1.097999780439655720e-03
6.387076510864618398e-04
8.923363057596837150e-04
5.794516380969248325e-04
1.047125887497848528e-03
8.097042734511980576e-04
1.135452865044229293e-03
1.273294996019881707e-03
7.818226702592110311e-04
1.038548757369548619e-03
5.873482088797306929e-04
7.067388003147040973e-04
4.894782012220082450e-04
7.072972436789451466e-04
8.628908036837292135e-04
6.166471102451466773e-04
9.115105469600892326e-04
