4.309467535217630374e-01
4.425080438738469013e-01
6.284930519946309024e-01
3.354060227192897647e-01
1.862517377493685178e+00
2.639869734250517741e+00
8.433802179717515557e-01
2.765966737198637948e-01
4.827271874127677109e-01
2.652243755689290272e-01
8.362545953902726925e-01
1.163163921377192267e+00
1.421957300910174471e+00
5.522865396309847297e-01
5.269426683009730272e-01
7.816705603085769560e-01
1.825856742178377123e+00
2.059868359127483284e-01
1.126804256152081490e-01
5.533795856394883028e-01
7.879870356024461231e-02
3.699040086692930718e-01
4.173620260333815168e-01
9.038001534347227528e-01
2.089227969225961878e-01
9.395267744526386577e-01
1.503628799871729704e+00
1.268534207037074646e+00
9.423656997532485480e-02
2.108004725924476741e+00
2.696777189011514420e+00
7.956587362695212162e-01
5.953605170000830782e-01
9.085633663087877565e-01
9.176693664152885122e-02
8.437125958528779446e-02
1.043251627463459563e+00
4.922864764123739967e-01
2.742376850683103662e-01
2.054907395391818159e-01
1.320881016052377177e+00
1.165426367541075203e+00
7.591726123424439310e-01
2.458647449063351142e-01
4.663530943428558229e-01
5.261327228836769621e-01
8.373719928120365585e-02
4.466818354031655280e-01
2.056166593216766092e+00
1.094417781127724337e-01
4.201111534137313419e-01
9.893588406523345924e-01
3.256614768360302503e-01
6.291668500377343154e-01
1.348200560962427463e+00
8.364788603071713347e-01
1.629847418093961053e+00
1.824358476500430815e+00
3.058160209572130750e+00
4.081350533129954328e-01
2.834428130086247832e-01
2.379558987660159997e-01
1.943783764497115429e+00
2.992772180555105521e-01
2.124814664321660107e+00
9.168953140685051073e-01
1.000555443470004802e-01
2.529112446228553579e-01
2.158307733428218023e-01
2.156140842715727479e-01
6.162099460784790095e-01
4.255945876600605166e-02
3.835612892174805610e-01
1.724536297893048409e-01
1.231566177093543102e+00
2.984782897653794009e+00
6.656814904543263689e-02
1.462977523761882281e+00
1.279785556944406766e+00
9.929119130046656361e-01
2.512097372341643431e-01
1.248781177559263433e+00
6.764318737510145452e-01
3.717131934058653941e-01
7.890189151300929238e-01
3.078247206478080811e-01
9.911382891834982223e-01
5.713084486696824449e-01
8.655443770103803114e-02
4.330902520987321980e-01
1.315555869197825745e+00
3.091602945435987237e-01
4.156981278123993984e-01
3.603110183014156531e-01
4.480569185625346562e-02
8.686603599179664181e-01
7.980523976924789320e-01
1.621177471950985272e-01
1.448622081424036923e-01
2.145414565860242206e-01
2.897323990219782708e+00
2.884117697110109901e+00
5.560869166766583271e-01
7.754534405071569214e-01
6.762273152133224663e-01
2.348874601670955520e-01
3.979750583852607604e-01
1.021982656490719066e+00
7.851975563714036488e-01
8.567531276427529929e-02
1.133569041412620937e+00
6.364116389532707974e-01
2.292674473455443007e-02
9.473821771107163170e-02
3.584938538422696719e-01
9.942757658713902158e-01
9.314460406733633402e-01
1.088689737917175604e+00
6.662435001486458064e-02
4.378795156080632078e-01
8.740050358375661688e-02
2.902100589002895234e-02
4.609703362605114402e-02
8.225645716777686689e-02
1.060704068272348088e+00
2.419842406984635819e-01
1.570244440805930175e+00
1.311849384674618757e-01
1.840782758761750681e+00
2.823961976320762957e-01
4.824338541846895922e-01
2.802468407422277208e-01
8.992697245010132789e-01
1.704459580048693912e+00
8.457701758018613125e-01
2.057930555053054889e+00
7.697510515505432416e-01
1.186909091572044828e+00
1.699308513951650335e-01
5.264426735323622930e-01
1.277361212203864893e+00
2.921517269692779362e-01
1.784703798476228176e-01
5.212803453857910441e-01
5.182402638494144620e-01
3.186820156104802071e-01
9.524336666159691767e-01
9.917159304393484698e-01
2.031799631359622049e-01
1.112680415105459092e-01
6.296044618664560222e-01
7.635753450231439476e-01
7.400663400893752186e-01
7.376390337282361098e-02
7.443823725648722744e-01
5.379450929543801996e-01
1.579247406540381427e+00
1.065538981022738918e+00
1.464226782713423436e+00
2.144585559269507336e-01
3.145342284784463649e-01
1.338171050507007687e+00
2.233812679368073262e+00
1.631880215491124719e+00
1.978231307470267042e-01
6.487261089777144329e-01
1.452979621262559418e+00
2.409908486308410536e-01
1.291491892105727513e-01
5.836671083892626122e-01
2.291350774892090825e-01
2.823687230492639699e+00
5.912436654473208764e-01
5.774811441197059692e-01
2.147594137672393377e-01
1.057818099768457865e+00
2.205994535051793104e+00
9.525455257778413509e-01
7.464862547920738667e-01
3.816313487637688628e-01
6.269725026808323776e-01
1.530845040521923717e-01
3.796060382597091776e-01
2.426262710560595226e-01
1.018403722286057800e+00
1.578789649412652096e+00
2.156023699789164361e-01
4.122981362145946571e-01
4.557456946539161641e-02
2.626870647386683189e+00
1.816663777355165710e+00
7.177668234532684766e-01
4.056956101619080823e-01
1.294033746425646836e-01
1.210515117224196135e+00
5.871929522701401227e-01
7.055875384061128797e-01
9.157724261745956440e-01
6.069103539597180408e-01
3.086245315483135410e-01
2.865393473774108468e+00
7.992720524531483628e-01
1.349788671945027607e+00
8.399138634020610894e-01
5.903864846810549238e-01
9.463521325040574750e-02
6.190555824175659749e-01
6.290441923183165418e-01
1.057593995600851072e-01
2.208743012233045644e-02
1.092228672729654626e+00
7.650897133870512290e-01
2.203116193503807718e+00
5.983013303721774756e-01
1.424478394655808167e-01
2.500813046219448887e-01
3.576581603472557269e-01
8.005782820467777228e-01
1.085246389394000310e+00
4.237868252475506803e-01
2.522765224053919120e+00
2.770875338542596045e-01
2.869410148694894747e-01
2.039802636971963068e+00
1.100284506676310059e+00
3.829525749285458414e-01
4.767647843754185266e-01
1.077061298785405574e+00
8.839901628448960658e-01
1.470330759453305713e+00
6.523201588784608429e-01
4.140612531078159408e-01
7.284872456008030239e-01
1.069575483743846034e+00
2.440686085861232701e+00
1.430682430752604484e+00
2.399543167556884349e+00
5.243606691139220954e-01
9.996057723552423391e-02
6.554167245710763590e-01
8.848267487727021208e-02
2.496228007727717690e-01
1.518836455853111778e+00
1.073545601914684955e+00
8.203077185110700942e-01
4.999839652785762478e-01
3.032863091991952142e+00
8.886588933807110235e-01
1.060542006802193349e+00
1.331113542038100950e-01
1.367219731868749566e+00
3.943150114513359616e-01
2.323673822486405971e+00
6.594223760816542157e-01
2.701514437574343841e-01
7.152700094960864341e-01
1.768509331126004724e-01
2.235788993058770435e-01
2.572883102398421329e+00
1.232226800914030473e+00
4.196410945174422480e-02
9.615952096952563866e-02
1.255684774381600421e+00
8.623990427932047842e-01
3.014228871856967196e+00
5.635992785429695395e-01
7.155589633867245336e-01
2.417721765537438339e-01
5.241477297069050412e-01
1.295440189930397779e+00
9.874432532330185142e-01
6.359562454053044878e-01
5.536088253910140811e-01
1.844501687681973978e+00
1.959387791143244184e-01
7.060765339648249483e-01
3.638735232504914929e-01
1.071348075466625138e+00
5.411253395428439195e-01
1.499474673416945292e+00
6.070793077575161734e-01
5.119815010884810613e-01
1.844585447539669187e-01
1.619808081821708878e+00
3.433975695713115672e-01
8.049357282790052526e-02
4.026194732348483685e-01
1.818321810274313721e+00
1.277395344687821122e-01
1.552121903790157631e-01
3.094356888125223470e+00
1.377210392321283894e-01
1.034106342580839027e-01
1.302422976709666447e+00
5.143651445676307166e-01
5.899495397788755424e-01
4.922178731915743399e-01
3.721810249920415870e-01
5.796214347450319160e-01
2.909826595054995080e-01
6.916930729175975179e-01
1.545823372468620782e+00
2.013593559925720977e-01
3.320248246114225199e-01
1.455124612225675795e+00
2.097098608932567831e+00
1.628090451954526119e-01
1.256347516792334362e+00
7.006472631192892653e-01
2.957219261536295996e+00
2.272764409525562357e+00
8.774203851415082189e-01
5.651011226060218551e-01
4.405780554988687758e-02
9.072691077382191160e-01
7.332035486473176267e-01
4.299558555188503495e-01
8.706816376203194707e-01
4.835225294076794800e-01
2.235256573733470198e+00
1.852154880075482790e-01
2.266152975952076265e-01
6.918462605150494937e-01
5.325232614874710890e-01
1.382104824644321495e+00
1.166719370313689108e+00
7.492862955282635073e-02
8.784539130653442607e-01
7.019448831593707583e-01
9.511831924869900146e-01
1.105227979062018417e-01
9.537814965439845860e-01
3.098771977128620403e-01
7.131667999297885974e-01
2.267015493562444028e+00
6.192140120291311778e-01
2.358790349712750201e-01
5.570887398224623477e-02
4.010653067142122552e-01
7.902879982504836809e-01
3.682816451875174923e-01
1.756137136548437672e-01
6.300977779090903841e-01
1.688490688953240282e+00
6.985529690225195099e-01
7.087928602523095867e-01
3.695575670796568124e-01
5.414077307401365252e-02
1.300873683002663705e+00
1.970187451544421542e+00
1.058498801438656711e+00
3.372570988540145587e-01
6.010071836907340259e-01
1.080491501076838334e+00
6.704550243257603181e-01
5.041507973065775250e-01
4.905659200194411040e-01
1.317337339196192669e+00
2.868671682992389727e-01
1.253810227599704064e+00
1.565302803324288838e+00
2.123198467600688755e+00
4.822256567192094723e-01
1.492964953742934142e+00
2.444772658976510638e-01
4.191026367855150703e-01
1.920783226301328306e-01
1.316660479502171244e+00
6.066860351285743302e-01
2.691822412217490523e-01
6.968011067482254850e-01
6.437665182317938717e-01
4.114799677846045500e-01
2.925378928580643634e-01
1.021964198096916437e-01
9.794418406876427285e-01
7.966118945037936605e-02
8.892940430636547822e-01
1.909858708888179102e+00
1.819041203464913714e+00
1.867880397084598298e+00
2.418779288768979630e-01
1.165638518730808926e+00
2.299777772631346195e-01
1.187162920587740755e+00
3.768161131794623975e-01
1.561295258852921641e-01
6.259607463748608769e-01
9.255657682817129972e-01
6.029624961212137757e-01
7.393902101623547329e-01
1.307525158275733845e-01
1.646039915815791510e-01
3.872954088929614347e-01
2.644593654045197972e+00
6.514264294100449160e-01
1.320566364058802566e+00
1.865836743216147342e+00
2.993697032275233205e-01
1.195666467067032279e+00
2.887916604668926412e-01
9.081071766037890347e-01
6.673512198308604315e-01
1.042214077153215568e+00
6.432536409097197073e-03
8.459913400814149664e-01
2.379880201236828641e-01
1.086339255372760215e+00
9.661204312767199265e-02
4.524017033403952004e-01
4.236973713132263786e-01
3.065286959613389151e+00
1.437053933513720017e+00
6.264861222860494960e-01
1.549826777519546228e+00
3.499357489240708663e-01
6.323257514694147208e-01
4.308467972222065900e-02
2.636916085987940361e-01
1.355470201951658460e+00
8.349968028782829288e-01
1.111376304806771964e+00
4.722340819718067184e-01
1.213648559817724681e+00
2.648467997302722310e+00
7.086569725843089307e-02
1.085293914402566617e+00
6.309724027629730614e-01
1.791468809151926245e-01
4.562230427845411773e-01
6.366760873674213173e-01
1.989579208305770550e-02
1.706238154577897070e+00
1.398472352932265572e+00
3.895611161344721407e-01
2.177268060734816879e-01
3.289225222354038025e-01
2.008949426348206835e+00
5.633762400312002372e-01
1.402555252602804892e+00
2.123353381014395080e-01
5.393652158608318592e-01
7.098865275165529010e-01
1.530985534082666577e+00
1.050848689049781681e+00
5.609667109996977485e-01
1.313497170249714241e+00
2.247816180569538247e+00
3.560761038933225597e-01
1.723418227359368116e+00
2.869731779838042840e+00
1.998889158392890830e-01
7.252681899588083736e-01
1.225099618803378698e+00
1.651359815866342284e+00
9.546869882999251544e-01
4.672882587754179085e-01
2.424119920806706296e-01
2.997188549368500626e-02
7.035035348279647938e-01
1.940422996190782179e+00
4.710084873970524222e-01
2.298156918026860396e+00
4.537052826461532851e-01
5.670466158445024440e-01
9.006524207179993358e-01
7.052915278158731205e-01
4.528392766759651855e-01
1.903665043160439607e+00
1.927811342601117583e-01
3.524219555027651163e-01
8.999016531352495019e-01
6.436214026111739539e-01
2.647610168005489761e-01
7.932807815953695219e-01
1.348409200561204724e+00
3.987541942132197953e-02
6.468301048732643110e-01
5.682809247273808984e-01
1.021222225882078449e+00
1.390683525447202085e+00
1.599399216458479156e-01
4.907647321678313412e-01
7.937749283319364135e-01
2.688522586114039825e+00
2.626935568376298491e+00
1.369528769371679777e+00
3.774972164652702356e-01
1.543635777870358550e-01
5.487439990230136289e-01
1.220541556015609208e+00
1.720802258298917309e+00
7.454306514961190899e-01
1.226496280239135039e+00
3.824894871883981473e-01
2.157651506953452980e-01
2.606894636876592314e-02
1.140936936681645086e+00
8.619963203228945270e-01
2.348996186845873080e-01
1.214512869599424949e+00
1.793400651806461799e+00
6.074549383418639259e-01
9.365184548772892414e-02
2.167045447843595207e-01
3.185806736116888471e-01
1.122393371656590366e+00
2.285936221856477157e+00
2.181298154942113321e+00
2.493455148193394200e-01
1.267720119909467424e+00
2.252380262495877083e+00
2.508700218059789933e+00
2.328353377638048727e+00
2.944091579709296469e-01
5.218096232802277301e-01
9.927032470830916555e-01
1.648855109013575460e+00
2.995110868785545999e-01
1.281797598801615479e+00
1.680633752511118684e-01
8.863790157434329187e-01
6.601642770371374258e-02
1.613820969182877985e+00
1.203642132396815612e+00
1.434152618416960401e+00
7.943995917923711847e-01
3.249084522414191767e-01
3.140921366064511888e-01
2.540427771750884411e-01
4.642010110248876442e-01
1.290692531200167803e+00
7.084009731981230074e-01
6.319981016516488248e-01
5.587074995176304348e-01
8.860151009004843536e-02
4.211231158146508946e-01
2.869556918134790191e+00
8.464905808903965267e-01
1.913462479919630477e+00
2.843793653227415952e+00
1.249419189894550586e+00
2.441644752209844338e+00
2.782773036396921085e-01
4.785652341264008958e-01
6.830224639731528047e-01
2.546158709347722260e-01
1.521759674413071250e-01
9.560155370733555702e-02
1.810184974340759700e-01
7.437271883150972096e-01
1.540289490732711375e-01
1.113340299852077830e+00
4.864711207145829275e-01
2.051368441287575450e+00
1.310239996052896760e+00
3.704510832838939782e-01
4.396567176512338193e-01
6.018547055669216661e-01
2.590916071298096091e-01
3.609676409174219502e-01
4.039818444547773613e-01
2.055101080324624796e+00
3.511211574257170898e-01
6.228279735800564820e-01
7.477878677943873287e-01
4.673467763090379257e-01
7.624775458135127915e-01
1.960375644181032995e-01
1.802422484084955923e-01
2.778097740336021512e-02
2.590093217907326384e+00
6.986404629142783929e-02
1.301623563689865426e-01
2.512600635437515217e-01
2.778452558765946989e+00
2.028703299059889456e-02
1.941160164356751761e+00
2.271889370589093571e-01
2.783799588425254212e-01
7.813183539763169927e-01
8.361254353836413689e-01
1.190839169665171671e+00
5.050508502356728657e-01
1.131081625287255088e+00
2.356124331865376398e+00
4.185994401345997651e-01
1.091255611638124678e+00
3.700801853150507276e-02
3.865702384134305641e-02
1.307713303201911925e+00
4.022042605320754194e-01
3.405623852518088746e-01
1.307358987165510911e+00
1.484132049723589641e-01
6.265023470495825197e-01
3.476100345458287832e-01
3.447536336674849600e-01
5.972845958863388649e-01
2.408304533977901229e+00
2.106196655840158194e-01
2.570841522613104280e-01
6.337642905004977623e-01
3.463558747564998708e-01
2.291202354908913552e+00
2.132353802570028378e+00
5.660977766027110170e-02
2.133750382923575994e+00
3.005300910984957330e+00
4.892396424545982780e-01
6.880859926468873011e-01
1.604236753239574709e+00
8.645163348859983277e-01
2.165596483974185915e+00
2.556686211102288997e+00
1.543026741945179081e+00
4.989563708932344133e-01
5.499963606063134058e-01
4.790564683740917706e-01
1.127933261434383327e+00
1.849390790798762341e+00
8.095435431425838102e-01
1.019565994105190443e+00
7.545893844971933717e-01
2.454390483224684061e-01
5.997692036113870806e-01
9.677621644427747416e-01
5.749622308594299902e-01
8.723855620635618813e-01
4.799596126190046053e-01
7.017448528610180647e-01
2.429160823732139929e-01
3.261829098043179664e-01
2.941976320088698915e-01
6.209552450645912103e-01
1.051367072037699968e+00
7.713512670242302915e-01
1.681421208770603470e-01
2.493309067651618971e-01
1.202127247092329210e+00
1.366439475670717663e-01
1.087980120601476752e+00
4.797326398767950417e-01
3.539066454378145266e-01
1.896587130839418878e-01
2.001053923219478836e+00
8.438880346011979894e-01
3.360415136334233277e-01
3.714431369053376453e-01
1.693395143878724918e+00
1.759398808883067822e-01
4.190596681101005361e-01
7.026217902156544071e-01
5.088435432498504551e-03
1.986273915419964897e-01
1.657850960152613240e+00
2.088633019560630910e-01
1.215165639699949951e+00
9.877189409772459960e-01
7.207017759843500349e-01
4.238109555074230372e-01
1.884648125193634782e-01
1.177128670865763338e+00
1.017145966778139898e-01
2.313867400228685867e+00
3.567195462285872171e-02
1.648018900213199966e+00
3.826027688223654355e-01
1.211788162333894414e+00
3.504155536710664709e-01
4.361908173051012860e-01
7.312612179071787954e-01
2.026048450748293206e+00
8.447420095721182298e-02
1.514106701398470589e+00
9.801924832328748893e-01
2.408335102719792176e-01
2.915648582773474606e-01
1.503157411336248639e-01
9.451521219331829871e-01
4.878643447773869934e-01
3.167185794686124267e-01
1.393543305132609156e+00
9.994595363068095040e-01
1.546095837156439834e-01
1.656565606317361272e+00
9.842146511060357872e-01
1.019455309585663105e+00
3.475120096403879755e-01
5.121146726286643913e-01
7.110061260974257502e-01
5.473338620056882042e-02
1.331890505735048746e+00
5.905752361619525104e-01
2.839422088375188391e+00
5.706448882072164830e-01
2.330340002310875847e-01
3.280868782533016836e-01
2.650258292961643058e-01
6.239886855200936777e-01
1.327531504870999857e-01
4.572685560804440330e-02
3.361037393581779442e-01
2.032182704539447382e+00
6.933703286796285559e-01
5.693642648591353828e-01
2.348059012241592580e-01
9.276668290998228983e-01
4.288299501136775826e-01
9.293527065902148498e-01
2.925341259658024162e-01
9.845170387561158476e-01
3.318267364958657484e-01
1.090471979586628004e+00
2.169126008548638573e-01
7.824367434753459749e-01
2.671007238491489022e-01
8.197127016485401541e-01
4.392084501492488080e-01
2.913082942745716039e-02
7.960314593379426151e-01
7.682425600196411963e-01
1.041558413004923578e+00
2.303043583039216635e+00
1.773131871025094841e-01
2.579415507012564612e-01
2.249394056801048980e-01
3.104778523484443276e-01
3.047987412654658002e-01
1.044988697498403230e-01
2.464866797134964482e+00
1.178485812180390724e+00
4.924915449292187053e-01
8.510396735889524944e-01
1.116962032708257446e+00
1.392863483436881655e-01
1.660510244272880298e+00
1.515822299424854247e+00
6.389135790539209880e-01
1.405221745419088508e+00
2.370838280724821168e+00
3.206203770143301046e-01
8.900527094057984756e-02
2.610197598942386454e-01
3.208873551789145906e-01
4.272575678367397933e-01
6.715720384224954653e-01
3.957973806798633087e-01
2.336546067148694394e+00
8.680802987174954799e-01
3.145573667900569692e-01
7.215624752456484270e-01
1.743856104418549102e-01
8.009043107623614599e-01
4.732183781815114121e-01
2.256874579121048718e+00
9.996767974283548019e-01
4.402909279830233835e-01
1.579687795311211507e-01
1.178477129304979831e+00
6.748294322694776692e-01
8.877500416233590208e-01
1.789430124111323350e-01
3.862792138053595115e-01
1.854276066155099156e-01
1.146159055026898660e-01
7.798024876080730250e-01
9.180390043339423101e-02
8.820362888574350135e-01
2.310594528920443813e-01
6.338264278915758942e-02
6.045464815870377207e-01
1.116756248428760978e+00
3.880652319340465173e-01
8.709669661681171959e-01
2.076976073982909898e-01
1.280613513635932899e+00
5.584883139494259963e-01
9.779204013000527551e-01
2.188012948653001721e-01
3.552292521825779481e-01
9.573250950056385600e-01
4.699579951825619273e-01
4.004641668085620054e-01
1.165140023913156408e+00
6.937865482109799586e-01
2.746258684558390950e+00
1.806873017453284325e-01
6.875529375661457721e-01
5.372116378374127699e-01
1.554203798981745432e+00
2.851227662069487356e-02
4.462179914595144625e-01
4.016127125760868832e-01
5.681226578297997598e-01
1.206714842786232172e-01
1.240749146152232696e-01
2.567106856695844819e+00
2.431767037781021601e-01
1.868562054961024232e+00
2.235710104287937094e-01
4.303775999722975198e-01
3.933602699114763235e-01
1.920551478073637242e+00
1.277211652002660847e+00
4.062666688729201780e-01
2.486163296178317772e+00
8.305691920724396216e-01
7.458499860884313382e-01
3.218894377243001342e-02
9.078556925391760846e-01
1.565737597454722074e+00
8.281406489787824787e-01
2.209071280805117610e+00
2.985310867163941229e+00
1.123576888899356474e+00
1.976602666225010796e-01
2.291938954277720764e-01
8.506348191620508592e-01
5.272709473819795489e-01
2.578883960539462006e-01
6.833023567904726869e-01
2.998285607868402258e-01
1.786235920205456296e+00
1.346686276586676612e-01
7.483230280647831245e-01
2.999250702678925573e-01
3.175926252641972924e-01
1.511118203570481100e+00
7.739112890153688751e-01
1.978975933329318315e-01
2.312543103332484584e+00
2.945402046028164911e-01
5.918870875666174536e-01
1.177193834872640732e+00
2.007542117886460975e+00
2.321637666949117218e+00
2.235097960599090605e+00
1.648914413401966761e-01
1.158540486386915758e+00
7.754917944834708310e-01
1.794873756925611463e+00
1.068696273246890538e+00
7.506123462019249626e-01
5.545772412783308569e-01
4.200252319955115055e-01
5.169666903626248811e-01
7.161818885570306881e-01
9.835824993836596031e-01
2.638333547078127950e+00
7.910373448054770495e-01
2.501378068996700677e+00
4.337566658369435557e-01
6.700875820879028666e-01
1.143187345572020286e+00
2.071376471999615276e+00
1.848163473367285592e+00
1.688601007445075464e+00
1.514948324246082834e+00
2.673284654253010206e+00
1.095456754461735793e-01
9.089724038840412135e-01
4.203870761480436591e-01
1.153899584383394572e+00
6.165969517371814312e-01
1.261097580955127251e+00
1.472097070172950328e+00
5.997039070925113124e-01
3.520939155710084423e-01
1.803005483091701278e+00
2.168625972108070510e+00
1.172682844042003125e-01
2.735163458798001823e+00
9.087006898759556472e-01
5.854413746483516645e-01
9.887105710993092655e-01
2.877137214269779864e-01
9.747521651943938936e-01
1.185940603541603577e+00
3.856800487030314639e-01
2.016561726587875913e+00
8.578632840347995281e-02
1.360477057902009790e-01
1.559997092280605013e+00
1.484911998138983780e+00
3.609315098103590969e-01
5.994830716572816520e-01
2.167437651766316087e+00
9.351266837443572566e-02
9.222540291287871783e-01
1.070543409650179356e+00
3.700719576925158294e-01
5.359490616398039364e-01
2.694915205141770631e+00
4.173097347927885448e-01
6.513302512748520012e-01
6.667263135962651077e-01
2.960318423754866868e-01
1.361605858549082448e+00
2.162791134140082949e-01
2.468542913414604190e-01
5.343813381699343834e-01
2.263571188665458145e+00
1.201244052814631758e+00
7.717500958887144602e-01
6.212376873068329447e-02
2.898692712824944562e-01
1.290182181734644162e+00
2.117857028756173321e+00
8.099375225745153450e-01
2.170824456188408913e+00
4.309820938047621564e-01
4.725991476316614981e-01
2.401608847866625596e-01
2.883917438206404782e-01
2.686938789686851958e+00
1.513166877744377858e+00
2.231853337862030884e-01
2.401332149917813630e-01
2.065148555823724252e-01
3.220911722402873822e-01
9.918202672930639396e-01
1.437267799726932749e+00
1.840233965446162800e+00
2.790791346360262382e-01
7.225482403171927803e-01
8.616616589905928825e-01
3.287310104588467286e-01
8.192950026263011720e-01
2.884315577628981941e-01
2.408974771412476512e-01
3.400366339176474351e-01
6.791825628371972456e-01
1.561792774583438348e+00
9.303102791297163110e-02
4.719123351049921422e-01
1.714184491372380048e+00
1.343646176172772710e+00
6.756623308000460348e-02
7.302935858708308192e-01
1.380877252183250858e+00
4.292470281676105115e-01
2.898083087842936223e+00
4.934368422546503985e-01
9.224088479500671678e-01
2.824936080968742935e+00
9.659280048610868752e-01
1.127820691774489958e+00
7.085421327318910389e-01
3.594396934769912844e-01
1.907975428083954927e+00
3.338549851691988146e-01
1.586255575450434385e+00
1.264670940374107877e+00
1.066495301780588489e+00
4.079177676874343739e-01
1.995283601016997421e+00
2.005206789954858237e+00
5.591784625453946056e-01
8.631789103615921110e-01
7.453795236040193783e-01
2.759777971513169170e+00
8.472862894505232834e-02
8.545613193897076965e-01
1.235027819922478676e+00
3.028535264219195389e-01
3.515084587853694043e-01
9.419806633156271314e-01
1.296180222512268276e+00
1.025031919904968003e+00
1.718189910315695679e+00
1.843942077877709140e+00
1.147038280633581708e+00
5.611432086039357392e-01
5.852315846114189979e-01
1.257721879630376405e+00
8.525209496548606936e-01
3.543507329404063100e-01
2.932014783963723836e+00
1.141540320470663783e+00
2.079681194884386852e-01
8.476072498584461545e-01
4.946299980844028332e-01
4.969750162612696642e-01
1.634185750614007837e+00
9.825974908838516209e-01
3.035440596589382145e-01
1.145401659895757263e-01
4.499207930708927772e-01
5.572558570453308713e-01
8.406250794110228242e-01
1.245469280293607151e+00
1.249943118379046314e-01
4.345705796298733881e-01
2.742854894019770562e-01
3.935932119261066897e-01
6.483850762752235708e-01
2.130515578603674243e+00
1.852929144101975956e+00
8.678651828378846078e-01
