2.461211871976435542e-03
9.312404878835362594e-04
1.642482951955157510e-03
2.304118007165894579e-03
2.679210148975287413e-03
2.484010988986446594e-03
2.658196755167711173e-03
2.577203926434848240e-03
2.065693590390465205e-03
2.630717655722712971e-03
2.103877877407259352e-03
2.756832228125789819e-03
2.496787193142362225e-03
2.210251893051530178e-03
2.592326467821432466e-03
2.714050258684075866e-03
2.630990160242971387e-03
1.876606119305527327e-03
2.107533931543643414e-03
2.202635342264072649e-03
1.689340813111341391e-03
2.336229651756997761e-03
2.565163898992339851e-03
2.276485127879088795e-03
2.905622616865228235e-03
2.484010988986446594e-03
2.584582263133523850e-03
1.939490337990978615e-03
1.366384763603575771e-03
1.323873945435840443e-03
1.821513133414754369e-03
1.804206535080405370e-03
2.189537930751413522e-03
2.719300008839178103e-03
2.768147747119860218e-03
2.147567006248692935e-03
2.861817831605616841e-03
2.219270852521988517e-03
2.477525149027135637e-03
2.519058571564911520e-03
2.354076463349239270e-03
2.122191184612457534e-03
2.700724637211312628e-03
2.448504843397523480e-03
2.319119571954839521e-03
2.824577886583851463e-03
2.013056394032128153e-03
2.577832716750143565e-03
9.412100809005528000e-04
2.809892048776792099e-03
2.471523438622652731e-03
2.739562591603812453e-03
2.348076322385087098e-03
1.852044584425936637e-03
1.600528312964337539e-03
2.986775912433471333e-03
1.119846348647359760e-03
1.506299375748823772e-03
2.521402231778007656e-03
1.794890970424014524e-03
1.878151546869755639e-03
2.084759580497963765e-03
2.139432536117409286e-03
1.245415007034695459e-03
2.993125880770343503e-03
2.727903647832720033e-03
1.934184159661943422e-03
9.748370339692329078e-04
1.768482030638099519e-03
2.058316606014562022e-03
2.778246110483544029e-03
2.051140292338080734e-03
2.223764969093676436e-03
2.913121692942046478e-03
2.741784470343771457e-03
1.890204162848304866e-03
2.128295576427459250e-03
2.296507942664797498e-03
2.820890218004091284e-03
2.748348670163400318e-03
1.512964603562980083e-03
2.694754412492901541e-03
1.934559284522430114e-03
2.704793252427280942e-03
1.607316304669744855e-03
1.898861323402850024e-03
2.481312751888745116e-03
1.973781230447646615e-03
1.867517412253092953e-03
2.904982344579508120e-03
2.422745393813581592e-03
2.430232968623375137e-03
9.897059253438456137e-04
2.671566068147559429e-03
2.077883339025612692e-03
1.427929068985693984e-03
1.591024908831360340e-03
2.927257216563063005e-03
2.138529150425174177e-03
2.159002955124042500e-03
2.184291485587118355e-03
1.857680739373432496e-03
2.312057632089242667e-03
2.782668341910017953e-03
2.599525522641588093e-03
2.449621010965877428e-03
1.077437879050429552e-03
2.989450806652181516e-03
1.345344394862644155e-03
1.243725047767624270e-03
2.417424854628554172e-03
2.241460229007978186e-03
1.515869725041344004e-03
2.290236817755705347e-03
2.312732234257054362e-03
1.453084395932428656e-03
2.465423621109358397e-03
1.235340357608455137e-03
1.631625798575224440e-03
2.724655247037033063e-03
2.546334785642441652e-03
2.124912801945354375e-03
2.816586742806028755e-03
1.325345396223656224e-03
2.370542891216602041e-03
2.003638910238905377e-03
2.521697973795916561e-03
1.558733238421384278e-03
2.704597716467359390e-03
1.302461358598439121e-03
1.663130326931878131e-03
1.701452391593731616e-03
2.003660588291569962e-03
2.042516637283722618e-03
2.057844234766812840e-03
2.203248160486477505e-03
2.861683808307194897e-03
1.415114240883945038e-03
1.430973262614080319e-03
2.617383026071631001e-03
2.342766275623164082e-03
2.738496090889603989e-03
2.353354456687255930e-03
2.212169520106679887e-03
1.068742361980761467e-03
2.494769857810092903e-03
2.478100171760148646e-03
2.693577076069532568e-03
1.745689517100016156e-03
2.855210066639034521e-03
2.142100677043780061e-03
1.310359094057017906e-03
2.635726650586497129e-03
2.671566068147559429e-03
2.503760606317743682e-03
2.506860210172102889e-03
1.954594089671854613e-03
1.568463174859826247e-03
1.602661596754833065e-03
2.269975196497887870e-03
8.925223888289322447e-04
2.110012050479385080e-03
2.715385396315291196e-03
2.624214664065390498e-03
2.004130656694091701e-03
1.148116411295907295e-03
2.502147651784674114e-03
1.795065841845112919e-03
1.610381596794134866e-03
2.599428871848490953e-03
2.410977342607905499e-03
1.790011501544775318e-03
2.092007429867592371e-03
2.761015217027012591e-03
1.169098220618252325e-03
1.266258789911542349e-03
2.971736453687826886e-03
2.196818508322712169e-03
2.312929065517971283e-03
1.761937823097001676e-03
7.420263415834724586e-04
1.853344084327876538e-03
2.983564270566846886e-03
1.780491203814240590e-03
1.982400245175073867e-03
2.494240309219325057e-03
2.222781062618235746e-03
7.295248936655423415e-04
2.030076997199548212e-03
1.220227258379004550e-03
9.478753754572339209e-04
2.952327374829520536e-03
2.557667589312544523e-03
2.097366570594507654e-03
2.464196878780828583e-03
2.317092974664190265e-03
1.917400141772830548e-03
1.099127505202014427e-03
1.339565531565813528e-03
2.157165769143991069e-03
2.003153896575562629e-03
1.511348154211496903e-03
2.688475212614212760e-03
1.101483815919756127e-03
2.143416645228266634e-03
2.423148725136609581e-03
1.834028318769494442e-03
2.411169006584202266e-03
2.593795554841276090e-03
2.110813328599174792e-03
2.411864823858070848e-03
1.844375651609037655e-03
1.209516004535884362e-03
2.189537930751413522e-03
1.661654293983254663e-03
1.519993750434384203e-03
2.229237823256542163e-03
1.597473320176347536e-03
2.982042954338238495e-03
2.517390440993442710e-03
2.108955494608921559e-03
2.287975167873595485e-03
1.838493151653107461e-03
1.318904835854800388e-03
2.892280689796291378e-03
2.511448841332595931e-03
1.605076620004526654e-03
2.341976204169706269e-03
2.316545907535880796e-03
1.363254910097778765e-03
2.294426658999107471e-03
1.771834724704484700e-03
2.679466442663177954e-03
2.349901138874785529e-03
2.223764969093676436e-03
2.308742475339802154e-03
2.432464473405303307e-03
2.683676361884948514e-03
1.632773575017373901e-03
2.003660588291569962e-03
1.137064931658722956e-03
1.948217957858677709e-03
2.438349667470854874e-03
1.499905461955659000e-03
2.836987986119235763e-03
1.372846086919042542e-03
1.993259125337023575e-03
2.378957760678086179e-03
2.738950113863988095e-03
2.199757646192493712e-03
1.678030913173648303e-03
1.407910782691389846e-03
1.748231002295385500e-03
2.071471703289527386e-03
1.492624540956025321e-03
2.714971213357536984e-03
2.634353412954525478e-03
2.736900771414159991e-03
2.624441100226901358e-03
2.583880397396878630e-03
2.347364298556900344e-03
2.631983231963517036e-03
2.754617805075155416e-03
7.455063658287027807e-04
2.873585219586164471e-03
1.661410966701016645e-03
2.107349328503769006e-03
2.585590075791527158e-03
2.266547408941999887e-03
2.889524234246110442e-03
2.029873133528013913e-03
1.875552090796150061e-03
1.289090736645565408e-03
2.855565872537154954e-03
1.117673566307994656e-03
2.416517628027819390e-03
2.978637956625508967e-03
2.753473562440117255e-03
2.182193321476748674e-03
2.245668803135497486e-03
1.844205787857892877e-03
2.680222258488359089e-03
2.294963587303983782e-03
2.596843783341975208e-03
2.101132831387327385e-03
2.556429476605020894e-03
1.776815365027713950e-03
2.993896916107162149e-03
1.975409529625977208e-03
1.864334903451649039e-03
1.036936148459127174e-03
1.340980708616216349e-03
2.171349032887366810e-03
2.843817421217142549e-03
2.105142933946958349e-03
2.612065401044530704e-03
2.293344812363741058e-03
2.212435151701660357e-03
1.371690339942847154e-03
2.224940246148183337e-03
2.358846341075338492e-03
2.223698731944257455e-03
2.802323042946217556e-03
1.893772088384460938e-03
2.655611070665394972e-03
1.761800292141428668e-03
2.991531203238498478e-03
2.442786941431139384e-03
2.725005224416376937e-03
1.577782207486976614e-03
1.328485756385013776e-03
1.098252564397988063e-03
1.677763987495405843e-03
1.131329962443938927e-03
2.042516637283722618e-03
1.874020240236156168e-03
2.861784903557405141e-03
2.186413370029696018e-03
2.597684555608794493e-03
2.684367108186165758e-03
8.812523203768883335e-04
1.993897938680060013e-03
2.267071499684213554e-03
2.640869169835794849e-03
1.371690339942847154e-03
1.709113002671537205e-03
2.513317746806525196e-03
2.421148617174307890e-03
2.405661801898552679e-03
2.172895450276696779e-03
2.662267185785495340e-03
2.761015217027012591e-03
1.951805750802655757e-03
1.209181335587864283e-03
2.441351744013200899e-03
1.743096366976500805e-03
1.422583627773716091e-03
1.697830677658148778e-03
1.974638314998357173e-03
2.514063388526500010e-03
2.167673414059585399e-03
2.594507934481446020e-03
9.318694848557861543e-04
2.119536422618005251e-03
2.779497696693610485e-03
1.939724228226503110e-03
2.214517385627320055e-03
2.977093595521545372e-03
1.152557596003287756e-03
1.471517085956319630e-03
1.964533560694303564e-03
2.432730754467503365e-03
2.351771012502262576e-03
1.252849952056861406e-03
1.473019426898712235e-03
9.820569860608291575e-04
1.860452724288648657e-03
1.537873908072341428e-03
2.249520189628990974e-03
2.527431653825260548e-03
1.951672340891996704e-03
1.620274864507666515e-03
1.999060860022391396e-03
2.056278576514342267e-03
1.942585908886726876e-03
2.919940513165578382e-03
2.586543839901023038e-03
1.704356924245985488e-03
2.099229532364429648e-03
1.701731104368156642e-03
2.995113455992639249e-03
2.855147274930236283e-03
2.283366944655926181e-03
1.872973405520042675e-03
2.654235866610055866e-03
1.675241711052250990e-03
2.907333183163845428e-03
1.558070137366972122e-03
1.243725047767624270e-03
1.361536048438652825e-03
2.827185581573715689e-03
7.652345442897407184e-04
1.448959186168174290e-03
1.538790152758500677e-03
1.396202215127936115e-03
2.557667589312544523e-03
2.091530030311726518e-03
1.775236852898533398e-03
1.279304947253743314e-03
1.345344394862644155e-03
1.790011501544775318e-03
2.126653597461184743e-03
1.855110892107404968e-03
1.152547762190707977e-03
2.835350440367489372e-03
1.994449398822456532e-03
2.339482512624555584e-03
1.200025433253419866e-03
1.577249226998134451e-03
1.839187157621947552e-03
1.939279504902810449e-03
1.919997024929121160e-03
1.855110892107404968e-03
1.545577840288024510e-03
2.471581058047058084e-03
1.845895955477326340e-03
2.487385278297257144e-03
2.914729328346611203e-03
2.630636871976788950e-03
1.921217622689236132e-03
2.011746514350582112e-03
1.911513430021344155e-03
1.818498283257574937e-03
2.707969991039880977e-03
2.660172564834740756e-03
2.970499249725318692e-03
2.271240818332571736e-03
2.643683979763616129e-03
2.654432442614664510e-03
2.277123953150087324e-03
1.941670219861266287e-03
1.340982140285249891e-03
1.942024780996656763e-03
2.346015119362067011e-03
2.676314037501630223e-03
2.251580733150314751e-03
1.074072494142325283e-03
1.309924429593592541e-03
2.343440665161575578e-03
2.154085899857695330e-03
2.445593314002543397e-03
2.979970957537360788e-03
2.023706350109728217e-03
1.983920642919482537e-03
1.543164322192919560e-03
1.161652199880272704e-03
2.597524521868573022e-03
1.515811501273193248e-03
1.684299004641616514e-03
2.658604318742831783e-03
2.901328161537685031e-03
1.316171928056844576e-03
2.074546397582172075e-03
2.326446228041153478e-03
1.266298495042161246e-03
2.966070212608064305e-03
1.927101532614249437e-03
2.421896384301327077e-03
1.613571885478182590e-03
1.834185910033226622e-03
1.840112902067829155e-03
2.290307268279021501e-03
2.044254148278083511e-03
2.213763340440750346e-03
2.504270893988927871e-03
2.337623938708682878e-03
2.310259432934259026e-03
2.675419921493308803e-03
1.698282743014593605e-03
2.410209372066542469e-03
1.649321254671436750e-03
2.710680265085914191e-03
1.620482224844217809e-03
1.458856286055129799e-03
2.376944359215488710e-03
2.754391862831645239e-03
2.559550613728878762e-03
2.105304070952328764e-03
9.796806226662515930e-04
1.305709219414030731e-03
2.737205789584027434e-03
2.637287477914346430e-03
2.741784470343771457e-03
2.808269854597571918e-03
2.364247802152912980e-03
1.635177953480650148e-03
1.705825104845724773e-03
2.126919436573855311e-03
2.707720846476652926e-03
2.621911368026167040e-03
1.222182354018541955e-03
1.976406375817883754e-03
2.561437110894116114e-03
2.072638052105165146e-03
2.672194639283485221e-03
2.749726179124752437e-03
2.133639897474396124e-03
2.287030769033008941e-03
1.008778489354318457e-03
1.859224913851813699e-03
2.606824132806132184e-03
1.706214196008083196e-03
2.057193435235796751e-03
2.778180018183795067e-03
1.142417390264094650e-03
2.154798145824971325e-03
1.848471112629718454e-03
2.557667589312544523e-03
1.127556558893417268e-03
2.665470737909369538e-03
2.478951909736642860e-03
1.778410894552402005e-03
1.608611376035085907e-03
1.991194058647024687e-03
2.040385846989093040e-03
2.571239839305496534e-03
1.504267411442316953e-03
2.989596282849359566e-03
2.670502750541055900e-03
2.097151005721561469e-03
2.528824094283055584e-03
1.622028024079423970e-03
2.097105362036052328e-03
2.087571765694950891e-03
2.064788360245778213e-03
2.543182435516904392e-03
1.107573601718409625e-03
2.593811872268258177e-03
2.923727638960781951e-03
2.459140105705011868e-03
2.213462098783599598e-03
1.829303110029124272e-03
1.782736309560175496e-03
1.699284863975212027e-03
2.148022375761497304e-03
2.842407588628523447e-03
2.704824465930831014e-03
2.952327374829520536e-03
2.557667589312544523e-03
2.504170818168495200e-03
2.872040178270583374e-03
1.878474756967625503e-03
1.318910623600252343e-03
2.340098897354277781e-03
2.196818508322712169e-03
1.946206369958863695e-03
1.576166437888174661e-03
1.590475220233114563e-03
2.948256522598392305e-03
2.766631321964805809e-03
1.523762402151299794e-03
1.322025999316883476e-03
2.261302687128265935e-03
2.406612915161572205e-03
1.816159223735031502e-03
2.776742322178230721e-03
2.848933909200066471e-03
2.832257648714513881e-03
2.418493190465764112e-03
1.965434483318167884e-03
2.803845242298978746e-03
1.369131133019084240e-03
2.878546483844016124e-03
1.359657070246394865e-03
1.728021372193722181e-03
2.840077319224443633e-03
2.303424705057447418e-03
1.451679551632250285e-03
1.857523650225371189e-03
2.426652170580998174e-03
2.684312604237850623e-03
2.167673414059585399e-03
1.511299349465863601e-03
2.596324943606869405e-03
1.416912521684891889e-03
2.904982344579508120e-03
2.368862584575447735e-03
2.279233470755164751e-03
2.298997662356131420e-03
1.680940730332677272e-03
1.474288295671612008e-03
2.195167140992409192e-03
2.467487272989756647e-03
1.868608490701646318e-03
2.210251893051530178e-03
1.483178995069153738e-03
2.903469573035361885e-03
1.922895827359606159e-03
2.567640274102457251e-03
1.734339297459609568e-03
2.610100642277229412e-03
2.130205621705264125e-03
1.686239229693085265e-03
9.591052212362905990e-04
2.071695105342729031e-03
1.820540620661890421e-03
1.533830119807575885e-03
2.839335896803471884e-03
1.451679551632250285e-03
2.817841518127358474e-03
1.413326849345204967e-03
2.258636310158274561e-03
1.214375620828980198e-03
1.346130149507741326e-03
2.320540795205714487e-03
2.931131158396720233e-03
2.445467527320214184e-03
9.734067350202438990e-04
2.964487323763618370e-03
1.311867381671731961e-03
2.150344947561894180e-03
2.673141411489982685e-03
1.262320872456878379e-03
9.411656646802572237e-04
2.283155620801331602e-03
2.722994772236410517e-03
2.979448412185957233e-03
1.699792944711278272e-03
2.569212546706068842e-03
1.845879162510566992e-03
2.083920212305893742e-03
2.039110657224357196e-03
1.808405299473371357e-03
2.751461635431683150e-03
1.846340213836440876e-03
2.964694160297368618e-03
1.857055952903879752e-03
2.932718108049344602e-03
1.635177953480650148e-03
2.116998725881147434e-03
2.490133000415391089e-03
2.766659942484977087e-03
2.628108645585551257e-03
2.976047192531254722e-03
2.645582582896510195e-03
1.969724766242745423e-03
2.797095210023267751e-03
2.843817421217142549e-03
2.839216321015450642e-03
2.126470585418283391e-03
2.441611106519607152e-03
1.369305648724486370e-03
2.765845082691548336e-03
2.460411697750784256e-03
1.707932443785435380e-03
2.282918525381278513e-03
1.829811130373659332e-03
2.084435125060932030e-03
2.271614316839194129e-03
2.822025581033949394e-03
1.805579118217525043e-03
2.823102410762573771e-03
2.529042257060055542e-03
2.186323898486938928e-03
1.761046306990270279e-03
1.518831232678713537e-03
2.639327718303228001e-03
2.504170818168495200e-03
1.740383163667224382e-03
2.091083040448301050e-03
1.209516004535884362e-03
2.404229664764135146e-03
2.649444064678014178e-03
1.570333570764832895e-03
2.558919912024958804e-03
1.431152006450446285e-03
2.279070236978470061e-03
1.081237983724882236e-03
2.543700659738994639e-03
1.854908411794700500e-03
2.767820506246150732e-03
2.806492492162451259e-03
2.160741914654258893e-03
8.568847824135375274e-04
2.050147619490900845e-03
6.811412259431440935e-04
2.683930048811291984e-03
2.258939952307172962e-03
2.800315917695023540e-03
6.913124906422136225e-04
1.976927998101783799e-03
1.407910782691389846e-03
1.168330066581924412e-03
2.769467615855053869e-03
2.030385214187062620e-03
2.904982344579508120e-03
2.011004662219329116e-03
2.805966756360463860e-03
1.789898887756337679e-03
2.252492474246225659e-03
1.233704505357723948e-03
1.851481392393623977e-03
2.550416697390972456e-03
1.420567047029199946e-03
2.443983577853679236e-03
1.588709046567434151e-03
1.745293666084195587e-03
1.451455047515519447e-03
1.035726205981196343e-03
2.349662427336088582e-03
2.881250096164400358e-03
1.696638829784494901e-03
2.690964364523634050e-03
2.052637386380495258e-03
1.889417458448467780e-03
1.145298349057531032e-03
2.431602326798807355e-03
2.810343709240667367e-03
2.488538857598244797e-03
1.863377948923320825e-03
2.606042540120217903e-03
1.821578850576189255e-03
2.203747307179711613e-03
2.336185964872253447e-03
2.764728814954201495e-03
2.919940513165578382e-03
2.749905408881153732e-03
2.630990160242971387e-03
2.545670606044012161e-03
2.825127000187585384e-03
1.590943636502676999e-03
2.096634651845021100e-03
1.327404831774900602e-03
2.316218762203659659e-03
2.872040178270583374e-03
1.442723809457713020e-03
1.380023294374722268e-03
1.039194401764250569e-03
7.941664173739303514e-04
2.243299388402302755e-03
2.693312423596439832e-03
1.760840940167363727e-03
2.183135419295403629e-03
1.454771352995433333e-03
1.489046213721913810e-03
1.257042781151701365e-03
1.883960673767389165e-03
1.904958761460284365e-03
2.947390706284659483e-03
1.797597885561717226e-03
1.026555452909915477e-03
1.327404831774900602e-03
1.336504860640924707e-03
2.172043659958293547e-03
2.381359751013399466e-03
1.060014095196342527e-03
2.856183943466145472e-03
2.647717572335946384e-03
2.637046740923638076e-03
2.519776403171901727e-03
2.297615382591446619e-03
6.990586549532700183e-04
1.005291194300065140e-03
2.949343189478591341e-03
2.614851954669487628e-03
2.875093341114841675e-03
2.631948365258437485e-03
1.421046620620823858e-03
1.824526803160742700e-03
2.234392226146413203e-03
2.218974209135951038e-03
2.302737894710318867e-03
2.727876738434658645e-03
1.873283038987861226e-03
1.892373298448859088e-03
2.261680183203581499e-03
9.939466825426355838e-04
2.281925679323891162e-03
1.904404869832340870e-03
1.361437450364072271e-03
2.879335671404048471e-03
1.655606151783464274e-03
1.564901818232305748e-03
8.671246098368454516e-04
2.285409830099395002e-03
1.585459264789361661e-03
2.515675068660620795e-03
2.547872885798642406e-03
2.988014740793103717e-03
1.605344743748265317e-03
2.293929089396325952e-03
2.818562675361395431e-03
2.406247695185136266e-03
2.073729995053321274e-03
2.124595274249816389e-03
2.626034229515277624e-03
2.867857479281596313e-03
2.892057966530729544e-03
1.515843270466450243e-03
2.887702295854825685e-03
1.920002030737436331e-03
1.848471112629718454e-03
1.133714842214808170e-03
2.422714196062765273e-03
2.738273174754807249e-03
2.407319858022046420e-03
2.846108731315980835e-03
2.717053721050832846e-03
2.464472324792829020e-03
1.778834756931933336e-03
1.540025450064853429e-03
2.403186743026596277e-03
1.499019690436632652e-03
1.810101757465387229e-03
7.745726287187274265e-04
2.557667589312544523e-03
2.334746984003057378e-03
2.503697431593758169e-03
1.496746277968532494e-03
2.770169303617458709e-03
1.446865410985959978e-03
2.057193435235796751e-03
2.729926639333420547e-03
1.282369946676552470e-03
2.614802565440522367e-03
2.316790488512334746e-03
2.688076173533177592e-03
1.897039147803114036e-03
2.679705053389746291e-03
2.801095066700522249e-03
1.941670219861266287e-03
2.446319977971897226e-03
2.690964364523634050e-03
2.559686216450585139e-03
1.828720154767830321e-03
1.712288003211473366e-03
1.211349637050917463e-03
1.701994070670299983e-03
1.202020304275014297e-03
2.341884963171401816e-03
1.807939833819632641e-03
1.546920182401215899e-03
2.115965558564550549e-03
1.398447412524133487e-03
2.174871439056058099e-03
2.817498066442055728e-03
2.833701317157386393e-03
2.995526065892716722e-03
8.284046477879413763e-04
2.672547466990502635e-03
2.346212976523591020e-03
2.172809592453274312e-03
1.568576578360366455e-03
9.958701954118688061e-04
2.095178033405431690e-03
2.951657188308914360e-03
2.647137266843741475e-03
2.313936942861592131e-03
2.399149790542995375e-03
2.148650217612153770e-03
7.723919964158610469e-04
1.942024780996656763e-03
2.706221530812364523e-03
1.766083873673544857e-03
1.477193777980241769e-03
2.940238304730987372e-03
1.117420632389007091e-03
2.954175616419120031e-03
1.945301809159084329e-03
2.956867239791364024e-03
2.204324922754527429e-03
2.204247267053725378e-03
2.038874945360150386e-03
1.429790806526427035e-03
2.518917617311996950e-03
1.961111123651350634e-03
2.163680062138040663e-03
9.939466825426355838e-04
2.164517791371832131e-03
2.073943975117373967e-03
2.431715340448663276e-03
1.954092610739857714e-03
1.820632588446541907e-03
2.993125880770343503e-03
2.063805631786019487e-03
2.439051812920376653e-03
1.382422120195089029e-03
1.885350605849508629e-03
2.383530958998155216e-03
1.458307132534716541e-03
2.461211871976435542e-03
2.723653656581121428e-03
2.821193850382058659e-03
7.993637717840897453e-04
2.613219303237720916e-03
1.971424275214374126e-03
2.245464882608248173e-03
1.524527328430827370e-03
2.026704754104882537e-03
1.709521019077457800e-03
2.540282748250934346e-03
1.096132793829061609e-03
2.562665020871127304e-03
2.638276524130648334e-03
1.743711142016356793e-03
1.210244627047512948e-03
1.214375620828980198e-03
1.797419030156592254e-03
2.422408532691112601e-03
1.623719065445303937e-03
2.835064784084676513e-03
2.965933685966444695e-03
1.294748555548505715e-03
2.155497218439285899e-03
2.473724755589116510e-03
2.737448285072966499e-03
2.132091841044266804e-03
2.274255647041713811e-03
2.417059394774028619e-03
2.654172289829603675e-03
1.859572697390859779e-03
2.433707828818947299e-03
2.944899234744632541e-03
2.817370390312423038e-03
1.524527328430827370e-03
2.712828236453549476e-03
1.267298741173564615e-03
2.115005628213656973e-03
2.614253445220595610e-03
2.287668239987167371e-03
2.353354456687255930e-03
2.108117077916906064e-03
2.557667589312544523e-03
1.851266876509673935e-03
1.080248036532465653e-03
1.939037098178742922e-03
2.772173393458004630e-03
8.153872992172441804e-04
2.796250925070127395e-03
2.828505669816839836e-03
1.541994814601505698e-03
2.492634637620741445e-03
2.809691697898842461e-03
2.828518696065110416e-03
9.785481786436613701e-04
1.587454952501269560e-03
1.845237527149027343e-03
2.168371361644936754e-03
1.904837714283177247e-03
2.743983713512870935e-03
2.836629878134267358e-03
8.960269866122861889e-04
1.593886156815321666e-03
2.163486215693330005e-03
2.467543027361885320e-03
1.866222971915402823e-03
2.661635041926543703e-03
1.726044164928656382e-03
2.119403585068371960e-03
1.796913368604330461e-03
2.995113455992639249e-03
2.808113494485787055e-03
1.532388560810814867e-03
2.223764969093676436e-03
2.458735986622930577e-03
1.838493151653107461e-03
2.042582932016117746e-03
2.939016548382938042e-03
2.538628440130511268e-03
2.612024098705569009e-03
1.097481036773415887e-03
2.319980122591559432e-03
1.295418288648744016e-03
1.332093017115019594e-03
2.194998225898987972e-03
9.783348946364410752e-04
2.756947467651471844e-03
2.492833478367516460e-03
2.995718876137766148e-03
2.767222068803791395e-03
2.281166676559823626e-03
1.507802304913353824e-03
2.713119933283571900e-03
1.200764055232403718e-03
1.409027085694133409e-03
1.740296633493849943e-03
2.596176604930437726e-03
2.593208151654403937e-03
2.626839807000520832e-03
2.548174357974725655e-03
2.033872545372455033e-03
2.432730754467503365e-03
1.726321930947694863e-03
2.349901138874785529e-03
1.758410395618427088e-03
2.271240818332571736e-03
2.168860760728670480e-03
1.982897304207019342e-03
2.186789441187990402e-03
2.031261529516568964e-03
2.849717087225773788e-03
1.334138977784905681e-03
2.487113380964404118e-03
1.923313982999945611e-03
2.882219330265846022e-03
2.210531177659696370e-03
2.733798847036673831e-03
1.631625798575224440e-03
2.848933909200066471e-03
8.109534063565479109e-04
2.895373224486124698e-03
2.165016026812442533e-03
1.722904943241789942e-03
2.500475956897925747e-03
1.602325461538952386e-03
2.594507934481446020e-03
2.196962095429574619e-03
2.243299388402302755e-03
2.808724136838268437e-03
1.901902927678192530e-03
