1.983536466056166035e-03
2.737538563289450971e-03
3.852983291593537439e-03
2.718714266525893049e-03
2.804487278342916896e-03
3.068685932836671439e-03
3.842657999266471842e-03
1.457031956744472183e-03
3.652070264920398435e-03
3.948015857878521724e-03
2.936720331490723195e-03
1.369909243356805294e-03
4.168118840205133069e-03
4.043965315396252577e-03
2.051729015424512761e-03
3.763416444438213125e-03
3.269011389296048575e-03
3.013072427203460427e-03
1.802842379937838815e-03
3.940477269534907803e-03
3.322220385643252869e-03
2.093255807252982804e-03
1.980066500793425770e-03
2.033732872117157905e-03
4.125631716735111629e-03
4.186987693902177558e-03
3.252371183272434116e-03
2.998493535808384285e-03
2.374040075545763226e-03
2.300951559583400748e-03
4.151387576809528399e-03
2.506170771879306404e-03
2.929460378523317775e-03
2.296304224154572388e-03
3.122987498450741431e-03
2.745077136724172195e-03
2.582299318511576194e-03
3.966055864585572854e-03
4.199070696755021793e-03
4.099556586605644128e-03
3.711317345950646170e-03
2.304704020186934457e-03
1.431033142759725006e-03
3.893260997828492526e-03
2.298167294508850298e-03
3.776058424922856122e-03
3.082095526861278970e-03
9.350743736834475064e-04
1.734568901870489881e-03
2.198849815879995191e-03
2.512708883507259322e-03
3.539679533858865104e-03
2.455451782725178930e-03
3.283040022436340636e-03
2.514371684496385841e-03
1.579945373296090571e-03
3.039490302082443855e-03
3.445357044500767241e-03
3.897061731143402173e-03
4.005215937625474128e-03
3.844911159565938923e-03
2.297030027861610407e-03
2.738282382731354291e-03
3.404225123422141303e-03
2.829064273319359391e-03
4.147349212479232820e-03
2.683288364359255260e-03
3.889258068851795831e-03
4.207973826855571260e-03
2.807655281779198545e-03
2.934787073958262157e-03
3.666494880167260433e-03
3.636512826576219094e-03
2.600746402211638695e-03
2.374918199614812694e-03
1.813223583850652161e-03
3.057666790002972444e-03
3.800777265936243487e-03
2.595990051815747716e-03
3.395168493827292050e-03
3.813849018051906556e-03
2.581116001963652384e-03
3.512000795647952402e-03
1.514770129636674578e-03
2.012314493227917132e-03
3.357901333037938748e-03
3.454391149248179586e-03
3.689482092755503803e-03
2.401030932816676511e-03
4.241798812608206168e-03
2.274969108035152822e-03
2.601656127074890475e-03
4.068214575499646754e-03
3.161445113928949315e-03
3.709958882528808892e-03
2.910699704460757188e-03
4.284777821514961990e-03
2.585531584117250082e-03
2.893045720650108937e-03
2.542292426708831713e-03
1.947639769820830053e-03
3.316649306736215927e-03
7.659303485874058553e-04
4.009822137060575255e-03
2.219225528321829878e-03
4.304017817842788543e-03
3.493193424292418813e-03
4.188113766847869311e-03
1.535786272228307310e-03
3.876115232555978236e-03
3.508803084410479917e-03
3.065346209049755848e-03
3.893118680675024257e-03
2.847596046905325091e-03
2.180877697229603382e-03
3.152683517737284342e-03
3.870608229266258096e-03
3.767370500936674006e-03
2.899177882594018013e-03
3.964101633938338712e-03
2.623205649737600075e-03
3.850676693362344027e-03
2.776496410735091163e-03
1.686148989525012871e-03
2.514504299157106944e-03
4.074019352378152603e-03
2.289809597651197050e-03
2.538489342102621081e-03
1.999694367803001808e-03
1.909166758144529045e-03
3.779965797321583037e-03
1.971939733667181938e-03
2.788914427907481994e-03
4.110573578030294814e-03
3.970417676401353721e-03
2.495079628922240549e-03
3.495555188640972651e-03
2.111311212608688731e-03
4.232402252614256462e-03
2.079679408193672516e-03
2.694687746173901177e-03
3.778217053058043149e-03
3.731258337003589848e-03
3.816216247477575204e-03
2.986175390238203064e-03
3.143975157454708368e-03
3.635629292183186964e-03
3.059845432673128935e-03
3.102871263081988587e-03
3.158037154499964728e-03
4.253972441439344242e-03
2.197240025774454229e-03
1.610084735387188335e-03
3.417051677063040124e-03
3.026232131148714078e-03
3.825588496453202324e-03
3.832046173231414866e-03
1.374623505502445189e-03
1.529453846951149033e-03
3.553113226787625242e-03
1.337522899122109941e-03
8.668828315214237908e-04
3.547617347403048040e-03
4.024389051549935939e-03
1.720281555433939014e-03
2.320273093320669635e-03
2.973181262057657780e-03
4.217151752714482470e-03
3.818439327274883270e-03
1.521393229986173993e-03
3.981208640137628638e-03
3.773408978616254236e-03
3.523764555546503308e-03
1.623694397154518219e-03
3.884239227871434229e-03
3.654678352004659542e-03
2.920268174572195410e-03
3.845026054032302156e-03
1.709491908595883909e-03
3.380165936427653815e-03
2.491577563014799306e-03
4.054053198402514206e-03
4.094781349271590411e-03
3.689213840626542548e-03
3.282292683314896875e-03
1.897354676550734240e-03
3.144869586131234483e-03
7.479213102597553030e-04
3.157302457594322095e-03
2.898272292778868772e-03
3.846325350236251290e-03
2.058952411422066732e-03
2.580752993279533235e-03
3.986293921438976463e-03
3.042791336451803035e-03
1.354973574664063499e-03
6.684328006882783203e-04
3.849951639465093618e-03
1.691314626570631502e-03
3.408842235912919443e-03
2.836925744607888059e-03
2.566733593772923053e-03
3.819526564033675839e-03
4.144304716849328725e-03
1.362442168622734866e-03
2.438986317791344647e-03
3.674331077801055827e-03
4.148759806685929988e-03
1.405629504496719610e-03
1.938674041081213557e-03
3.095926809919889548e-03
3.203120863914788938e-03
3.026937935647954457e-03
3.577772413566445743e-03
3.974388283792545593e-03
3.336567154047520318e-03
3.525920900298345519e-03
3.727313057268906524e-03
2.946992317413384480e-03
3.825733055440836815e-03
4.139761438784743397e-03
4.132635289290847308e-03
3.622239050455824602e-03
3.451632019864319008e-03
3.845189734464599107e-03
1.080977330634601621e-03
2.020598169410084237e-03
2.664021224506770303e-03
2.588729323404526800e-03
3.051711034912387571e-03
2.449424614658366698e-03
3.800777265936243487e-03
2.258882380586886042e-03
3.600667042398600793e-03
2.973175273809696914e-03
3.053233454338791231e-03
3.397192715340561359e-03
1.416665823737201825e-03
3.958949675162149948e-03
3.917245271412569257e-03
1.503138431103191773e-03
3.725343540331710682e-03
3.712608494181804039e-03
2.646446206835642578e-03
1.457780235634317714e-03
3.059544430356503017e-03
1.954636386851572958e-03
3.186707563331022883e-03
1.097171650241020834e-03
4.040001890998491663e-03
2.061028054408130250e-03
4.260927777642059544e-03
1.546233732914044715e-03
2.084202686429451751e-03
3.115991664568304714e-03
3.835163611199809888e-03
4.179557808911046196e-03
3.848439560535348112e-03
3.082095526861278970e-03
3.431668773066766983e-03
3.032789899465569011e-03
2.713938322027721270e-03
3.854240910086577376e-03
3.079165408815508816e-03
3.542203217861140865e-03
1.660126507607979137e-03
3.785433687749081150e-03
4.113964805563354206e-03
4.269149280762183328e-03
1.526133421633798452e-03
2.347849187809876101e-03
3.075454263427874167e-03
3.404225123422141303e-03
1.828136572306676179e-03
3.379291266815185810e-03
3.322528473273682337e-03
3.680946275089314219e-03
1.454603667783061546e-03
3.226801456482572723e-03
3.367060174771553845e-03
3.712019715055884291e-03
4.216185219801486805e-03
3.854334114729027986e-03
2.836858866935832411e-03
3.125835411862269101e-03
2.146767097946986839e-03
1.526089964718645251e-03
4.307931264542515584e-03
3.075386658975650354e-03
2.585098256168532217e-03
3.361159103888494010e-03
3.295402901842691898e-03
2.847157478771639855e-03
2.331664519275659583e-03
3.705859024579662240e-03
4.028338252752287213e-03
4.140174328828333424e-03
4.309988674159050473e-03
3.564824843941532834e-03
4.122577406303167859e-03
2.122845638909898452e-03
2.653717539325867701e-03
4.027522797714438302e-03
4.283886053020457586e-03
2.913336128343485890e-03
4.308578184838650869e-03
2.999169658101419160e-03
4.161665510656579678e-03
3.341933498050601685e-03
2.358167759850711420e-03
2.902034722826848240e-03
4.050389774657740458e-03
4.105298587642204275e-03
4.252920916550679414e-03
2.897741988663527033e-03
3.405613949594198022e-03
2.137218775338194446e-03
4.088892314473686895e-03
2.041098053552010787e-03
4.126301050509658709e-03
3.054939158893405816e-03
3.805906697218286103e-03
2.834930068034955536e-03
4.162928134147672772e-03
3.571935078113520467e-03
3.783789902747653616e-03
4.071779569948358671e-03
2.549402443635259696e-03
2.644057060484461194e-03
4.014965605325214112e-03
3.106397766779724241e-03
2.680546516937343422e-03
2.533446628374434479e-03
1.805816307002202541e-03
3.719892344623007899e-03
3.945288515538608251e-03
2.712126855219525873e-03
3.566230159731488113e-03
2.404272460428021063e-03
1.390046967140884339e-03
3.807832509335471512e-03
3.047809528424883126e-03
2.931684943884009954e-03
3.345542545531455907e-03
3.653846794654745309e-03
2.604259705624625831e-03
3.898553892873325537e-03
4.029283227922798513e-03
1.714250261869194143e-03
1.750590839070661261e-03
4.292041795380313607e-03
3.866063260757423778e-03
2.990781005792146792e-03
2.683281624209190881e-03
3.692752034786995000e-03
2.753237515997088766e-03
1.235925840793127527e-03
3.833508351226393683e-03
2.508444143531703748e-03
4.230156969240698658e-03
2.291202794810822622e-03
3.453115245474592566e-03
3.373934555520229084e-03
3.040849309397605608e-03
2.742328105833322614e-03
3.925983891243072475e-03
3.930568841918437480e-03
2.667453689225376609e-03
3.566042761412330491e-03
4.107885809257490368e-03
3.893601045161673886e-03
3.840579451255514941e-03
4.016177954213594539e-03
2.691729060092897148e-03
2.821129539396831365e-03
2.374040075545763226e-03
2.444349760287719241e-03
4.023661806624042291e-03
4.042640156385631130e-03
3.806808278805291854e-03
2.170691398620688741e-03
3.957176516184576602e-03
2.907791775940419838e-03
3.866387404743589981e-03
4.241892303160663819e-03
2.094492920173642025e-03
1.511044695314042903e-03
4.236606924606685885e-03
3.710640777194133995e-03
2.754888262143324884e-03
2.901083677374328117e-03
2.860639126305519753e-03
2.934787073958262157e-03
2.492747352124100729e-03
4.272205294314527016e-03
4.098253139122971442e-03
1.279179047451995538e-03
2.950475811693998619e-03
1.649242263428523769e-03
3.197896675474092010e-03
3.919179996843356190e-03
2.219225528321829878e-03
1.589723850765163314e-03
4.255346935923688505e-03
3.194570176455410054e-03
3.489671339864547275e-03
4.232913254702621447e-03
4.117905683566532200e-03
1.686756242527970989e-03
3.693208848848229461e-03
2.896385355102851222e-03
2.267940348339601495e-03
2.788914427907481994e-03
2.672547706101168364e-03
1.126547223022302327e-03
2.720144342203056551e-03
2.608057554024845529e-03
2.614586219911058454e-03
3.158772889755165174e-03
3.327286658761035784e-03
2.553250913262469085e-03
2.662292183443765083e-03
1.212774643323424276e-03
3.628588722963596407e-03
4.047734767823652630e-03
2.343464550703895210e-03
3.111478639683511876e-03
2.743821773625301427e-03
3.710199514140429845e-03
3.289470248633084241e-03
3.893359371007010586e-03
3.830328176614017713e-03
4.073635054314786973e-03
3.431668773066766983e-03
2.051729015424512761e-03
3.942380354299192084e-03
2.934690246843197139e-03
4.104314739398464730e-03
1.078958180914919634e-03
3.685466571929806555e-03
3.063520781842752998e-03
3.941086484597675250e-03
3.723555921530496797e-03
2.793227073698431595e-03
2.545644579118795138e-03
3.885748538835728707e-03
2.246832937504068123e-03
1.855566396570591803e-03
3.845622086550148921e-03
2.966393450829816515e-03
2.491577563014799306e-03
4.096885065449468524e-03
2.949870256457439756e-03
3.666806894061048171e-03
1.284748657845636525e-03
3.795998009580963273e-03
1.139183722165540034e-03
3.356795872650569518e-03
4.220612813564185092e-03
3.619819335828820296e-03
3.774619568359414545e-03
4.238666315661008925e-03
3.484182531229571781e-03
2.536398405576213710e-03
2.878556740287195256e-03
3.810893440940946175e-03
2.915415392292874594e-03
2.862274539346773127e-03
2.877648839941613235e-03
1.174748418533297194e-03
3.969004095790938484e-03
4.087356106831340971e-03
2.793207723421057675e-03
2.815136080779801452e-03
2.705926305121482758e-03
3.676984759251065125e-03
2.098514512765655999e-03
2.628088199285282499e-03
2.532631717853651120e-03
2.166659129731080078e-03
1.427546761040840830e-03
3.514234665431145710e-03
3.544747454101251829e-03
4.022319204339422881e-03
3.323939830251713013e-03
7.839583985445047623e-04
2.714411565424560812e-03
3.544110910785663957e-03
3.187380983320460288e-03
3.933066312156397772e-03
3.097389164178320983e-03
2.778463147294609348e-03
1.142276152258571431e-03
2.507543770438713359e-03
2.787720563034361797e-03
3.723748806951096037e-03
1.261802626061504524e-03
1.725074783767029845e-03
2.108771235921744983e-03
2.703885678767664960e-03
3.392496943631888827e-03
4.031028317669689900e-03
4.084373222971306866e-03
2.565343963075822960e-03
1.737141283557072343e-03
2.712581453745501608e-03
1.798538613234524058e-03
3.745210895229776713e-03
4.117937017444500171e-03
2.447171337882573204e-03
3.232558586238937996e-03
1.773000191928579636e-03
2.554676718949282568e-03
3.001389515054101505e-03
2.937521677658128192e-03
4.117570326578295740e-03
2.580635333461732579e-03
2.048769475630772378e-03
2.865006940592065843e-03
4.184134400218994174e-03
1.544222217070026926e-03
3.736291025513943046e-03
4.084662839463699263e-03
2.355497198950844313e-03
1.087043656911917001e-03
2.500076904979175313e-03
2.552607791439027302e-03
3.973530107530978336e-03
3.106354748598324361e-03
3.047890483021062531e-03
2.484799004364865449e-03
2.372045940983393778e-03
2.629039732717084171e-03
3.152683517737284342e-03
2.343464550703895210e-03
4.306822690802244481e-03
1.448190808902551302e-03
3.573863951072039306e-03
3.676023796199619741e-03
4.128523469571461837e-03
1.647722800911149586e-03
2.683281624209190881e-03
3.847686715102455884e-03
3.018306411116651253e-03
3.368985599467023452e-03
1.909723649481830186e-03
3.302914603083994313e-03
2.332401766011025883e-03
3.086155525420016671e-03
3.297737381031060240e-03
3.271793138854370980e-03
2.442771905521829226e-03
4.003184631366504126e-03
1.834198905229525228e-03
3.598732030528113343e-03
4.266551483337719178e-03
2.845824429973808131e-03
4.275258356979771794e-03
1.498084990014977771e-03
3.909333089192376653e-03
3.902720564890725056e-03
3.022775708354023122e-03
2.637379207556864516e-03
1.262482267692066314e-03
4.241122468713593059e-03
1.874846168883591681e-03
3.037455379926030409e-03
1.759908512950626768e-03
3.838212351162980339e-03
2.740938751346695852e-03
1.844710010180946637e-03
2.827697880832920167e-03
3.523305786806341447e-03
3.808804468154374911e-03
4.275557662525610036e-03
3.882401057499309735e-03
2.856893733642163185e-03
3.680239376956656941e-03
3.070436808520685904e-03
2.823651327943722898e-03
2.683281624209190881e-03
2.676121559592972710e-03
3.845622086550148921e-03
2.503843041285810662e-03
2.003412738081897237e-03
1.434872504741955494e-03
1.713357737047231395e-03
3.205675805129771291e-03
4.278084242786982065e-03
4.215891936829478832e-03
2.332531623588175555e-03
2.635368354677576717e-03
1.337161671030384592e-03
3.694059894446490369e-03
3.300072600515077149e-03
1.174817564469385388e-03
3.515707527088077905e-03
2.751890029124627081e-03
3.847134893252058142e-03
1.326688662554953088e-03
3.782200668911717134e-03
3.908041389731513673e-03
4.269149280762183328e-03
3.137961331847128645e-03
1.324116678897785610e-03
3.261972995236770735e-03
3.968155938693423458e-03
3.090376283152765271e-03
2.154669765457946275e-03
3.124322979203543460e-03
3.636512826576219094e-03
4.222973819854161648e-03
3.845189734464599107e-03
1.998549952604845338e-03
4.035277913433907813e-03
3.455854782717567367e-03
3.689812024905508858e-03
3.469630656249617605e-03
1.956327796240539540e-03
1.274356467932721143e-03
3.092353948467082593e-03
6.187438552382803093e-04
2.744951646688999908e-03
1.825872010444244947e-03
3.790439581020737213e-03
4.053726856992692640e-03
4.136245423014027651e-03
3.159905512806466740e-03
4.101373496583728302e-03
3.806809473392510496e-03
2.552168578482254778e-03
2.081088906601265883e-03
3.028165550293382240e-03
4.098253139122971442e-03
2.119589500132916700e-03
4.233617746686482892e-03
4.233630302834994440e-03
1.687453359092885418e-03
3.680794626493231244e-03
1.994873298564162848e-03
4.027516012256624617e-03
2.742640532315280578e-03
3.940686588614585560e-03
4.277153793830083817e-03
3.530929996269285311e-03
1.583781031993660359e-03
2.441038620959176848e-03
3.739528376698953924e-03
1.717461877426273986e-03
3.294855761286312381e-03
1.758119220129454856e-03
2.057180765483077132e-03
2.516711497593524579e-03
2.226461692850473066e-03
3.861367748824850749e-03
1.544738557474596144e-03
3.057145016176205168e-03
4.096294421090945423e-03
4.005496550385928556e-03
4.040913939431201377e-03
2.274969108035152822e-03
3.370909831111255396e-03
1.893198803977920496e-03
4.138834172771996452e-03
4.292092257214327050e-03
2.911442952528489874e-03
2.961840529728646237e-03
3.902087348361207332e-03
1.251635084689660740e-03
3.908902076444970702e-03
1.181900599159211012e-03
2.432292364249927924e-03
2.463299500811603517e-03
3.973051769147787141e-03
3.353689297071057833e-03
3.603758160141993291e-03
2.941381580050830141e-03
4.024063726928420702e-03
3.958721906221268280e-03
2.514506657635559844e-03
4.059537445679460566e-03
1.273480170540051493e-03
3.123201197114420635e-03
3.608884316854335875e-03
1.193069321312007110e-03
3.092696805666001175e-03
1.045223254123174399e-03
2.738457809616479891e-03
3.303592945812778518e-03
3.765359300174186095e-03
3.957176516184576602e-03
4.137386634751573193e-03
3.379291266815185810e-03
2.915415392292874594e-03
2.862756088796040987e-03
2.544029218627905879e-03
4.072778785623128173e-03
3.249516800704285897e-03
3.520449505626062434e-03
3.618702899153117963e-03
3.958312937705205439e-03
3.639299469674416899e-03
3.547447956264008530e-03
1.664863613065570899e-03
3.002842958690941661e-03
1.299175533829133311e-03
1.889217480341083425e-03
2.684302717281880114e-03
3.075948089969254926e-03
3.241342679409027223e-03
2.805740399455379508e-03
3.449662596492160394e-03
3.350819528292126297e-03
2.727150782341274463e-03
3.504779410328865037e-03
3.103649563443650235e-03
2.210684154235689845e-03
1.536104543815207651e-03
3.422434341039113856e-03
3.160406657266550366e-03
3.712231253707815037e-03
4.251020418374655552e-03
1.475907478694340504e-03
3.480525524080056200e-03
1.626375146996412221e-03
4.181672593603370444e-03
2.196226947949841361e-03
4.056096115606993083e-03
4.105913075738113795e-03
3.709246473952520270e-03
2.068526351513371147e-03
2.246554378275294767e-03
2.784782850695126724e-03
3.297875502435394096e-03
3.837641768825894584e-03
2.905423517971772104e-03
3.405837890191044243e-03
3.608044542729660180e-03
1.750849351779818234e-03
2.991391071185922970e-03
3.570794361300364157e-03
3.806130791916245704e-03
3.759850703607842473e-03
3.069065586045695640e-03
3.323538781076410160e-03
3.635194595252223826e-03
1.984159261743522785e-03
2.533646605644911034e-03
2.338259167631019392e-03
2.772501759160273405e-03
3.181970215874883184e-03
2.713731836935131918e-03
4.221677710655582193e-03
3.950182682080437269e-03
1.474019822433878836e-03
2.806687939892789016e-03
2.552168578482254778e-03
2.993977529361660506e-03
4.182749843709299836e-03
3.366643423758337774e-03
4.172571087174985899e-03
1.369909243356805294e-03
4.147683498257521278e-03
2.316898983961569302e-03
8.002057744718241421e-04
2.640832643675675769e-03
1.248439908912211179e-03
9.824780452283206084e-04
3.886622947211096184e-03
3.315566135987821957e-03
2.838253691987897322e-03
4.144466633813726625e-03
3.849203066684874028e-03
2.503843041285810662e-03
4.115140059131156339e-03
2.593762679318775601e-03
2.641353244849564165e-03
2.279509579634106213e-03
2.470501012490945291e-03
4.278560071462057454e-03
3.981208640137628638e-03
2.236109635233757102e-03
4.024306815482048272e-03
3.147525691006819882e-03
4.085511072137610993e-03
3.244495137258312373e-03
1.931228840435867712e-03
2.753273170390390257e-03
2.817239033169043061e-03
4.248701093258217681e-03
2.778463147294609348e-03
3.891646906511499020e-03
3.866209229851643153e-03
3.059845432673128935e-03
3.661580405078527362e-03
3.654678352004659542e-03
2.379257618936694938e-03
3.049996061633575110e-03
3.742603633835054049e-03
2.898019060700410786e-03
3.889650776196753278e-03
2.180877697229603382e-03
1.869437957031768772e-03
2.636911181437455801e-03
3.053403835557369495e-03
4.188002742071312949e-03
3.169107397064277291e-03
3.855747148318708958e-03
3.288317675420117207e-03
3.741928620391168827e-03
3.606876403885787407e-03
2.446523152280530126e-03
4.243638259616597415e-03
4.197287594454352996e-03
2.383837065654237451e-03
3.071825568915115354e-03
3.875863602548186050e-03
4.202394909244883299e-03
1.097935028065014475e-03
3.688189647645022384e-03
2.552168578482254778e-03
2.786008673687506796e-03
3.194570176455410054e-03
3.137961331847128645e-03
1.942187973517230755e-03
4.251395182007219886e-03
3.396881307976250004e-03
3.559351443191017400e-03
4.246534057916778737e-03
4.211670137892947752e-03
2.562901088796635217e-03
4.266529166757646561e-03
3.495828410527273503e-03
3.435025510506586194e-03
3.072072844369033804e-03
3.221900465560935921e-03
1.848485538985427008e-03
2.042641528889972604e-03
1.402498491862223112e-03
4.205433657251302602e-03
4.101027675514466557e-03
3.625744082371607988e-03
4.227279406291720339e-03
4.048570142772283179e-03
3.288410665614395056e-03
3.980027430517088689e-03
2.943454279747275554e-03
1.631201758872866982e-03
3.348578927119406912e-03
2.241209464468353618e-03
2.969367015517095088e-03
9.585785161590130695e-04
2.986333875409676909e-03
3.670358854893663973e-03
3.755452561524024162e-03
3.704495671673972874e-03
2.966316938377434875e-03
3.672726826661789224e-03
3.132085415887910212e-03
2.911153502482733899e-03
4.177237527858521093e-03
2.645594453511766579e-03
1.763792770696387922e-03
2.545229871442031798e-03
1.122370489562557515e-03
3.586426533606020678e-03
3.988588519981783702e-03
3.746964896133602417e-03
3.031409175534338033e-03
4.205615928253461297e-03
3.200555220971532198e-03
3.751929263248825717e-03
3.889258068851795831e-03
1.879020476624502362e-03
2.222939760500474825e-03
2.947430065939608389e-03
3.118177085003027808e-03
2.873328432997751015e-03
1.566427684233245594e-03
4.100417515118846314e-03
3.843196067185545434e-03
1.796572721402805734e-03
3.130425883733964094e-03
3.550443275922101922e-03
3.578912787193997552e-03
2.565549256010310041e-03
2.031232243741632783e-03
3.788658875639235469e-03
3.475032460838698226e-03
3.423328369534861266e-03
4.079602377312050408e-03
3.774619568359414545e-03
3.061185373797068940e-03
2.184189796422849553e-03
1.798538613234524058e-03
1.249650828207602912e-03
4.210371633092536807e-03
1.825872493552396737e-03
2.650452438735169045e-03
4.215877797185065175e-03
2.985951587623597060e-03
2.977910949455141957e-03
3.633554350381662263e-03
3.050462964109568968e-03
3.119432270176694492e-03
1.447361792512637420e-03
4.206653040701433845e-03
1.458818504080713115e-03
1.455751774269447522e-03
8.153860952602474737e-04
3.039474569327772768e-03
2.565830151683580473e-03
3.766703806483215431e-03
3.287421099764812737e-03
3.321341083931585430e-03
2.677095834427411711e-03
1.842538491162082261e-03
1.727921939196987210e-03
2.937293496292416126e-03
3.664087369377068328e-03
2.874564041873313436e-03
2.568831202135138207e-03
4.234886506379755174e-03
3.115991664568304714e-03
4.283385949274448774e-03
2.537604373657153557e-03
2.570773927462626385e-03
2.233908673303211089e-03
3.786946179599997436e-03
3.678435049272452302e-03
4.079602377312050408e-03
3.270223244741010497e-03
4.265496925838249513e-03
3.667094612005905238e-03
4.195438926601804952e-03
1.444579755609715944e-03
2.475451697251578563e-03
1.529032073085885481e-03
4.050108796390975048e-03
9.436945878535266206e-04
1.648477720824084204e-03
2.554177767814342845e-03
3.816216247477575204e-03
3.265110121788263389e-03
3.946768226112546026e-03
4.085881601054491309e-03
2.070446319955290219e-03
4.206826305119425700e-03
3.495034975505042357e-03
2.042825196408273175e-03
3.817793149390151606e-03
3.715763495794846983e-03
4.176465212275842602e-03
2.709333417326129784e-03
2.873328432997751015e-03
3.931825869682986987e-03
3.595359845754266762e-03
3.899806958994494945e-03
2.722008235576190219e-03
3.375942621101898043e-03
3.187851290549902072e-03
3.884356546434679456e-03
4.190946520149153864e-03
4.145893829270665479e-03
4.278517004526537909e-03
2.167950209145006520e-03
3.534765719388224814e-03
2.014382958991927861e-03
3.803227951040687779e-03
3.951554951787658587e-03
2.860174480152380579e-03
1.478878420223039619e-03
3.737668753305306134e-03
2.970867183825462964e-03
2.074803237403098546e-03
3.567690369702755920e-03
2.016337915249585746e-03
4.191515568583116177e-03
2.873703687466022498e-03
2.733108611113774754e-03
2.492747352124100729e-03
2.817548352852816858e-03
3.523989555476945632e-03
3.974416864760883274e-03
4.258332964516196167e-03
3.324475877022458042e-03
2.083425429398733878e-03
4.021442767825402290e-03
3.569584459037129700e-03
4.050633413731088983e-03
2.437538055845477059e-03
2.492747352124100729e-03
4.160555185784408500e-03
3.646688742513717971e-03
2.246154633821822490e-03
2.828780446686064362e-03
4.267429656692742386e-03
2.566656663044151760e-03
3.816773749180835291e-03
6.007955477573958614e-04
