9.263998064308797071e-04
6.044872925654403133e-04
7.343809638278927946e-04
9.208850601402677419e-04
1.271084073583577832e-03
4.983287675300583121e-04
5.414440055117532465e-04
5.126046756803588319e-04
7.058054984433542950e-04
4.773904552843497256e-04
8.898213867514139386e-04
9.337318435332648669e-04
7.331920922784582271e-04
7.410639214200332933e-04
1.049646699547161516e-03
7.196133913210565284e-04
7.612474419267418893e-04
5.263419471974304558e-04
6.259446408764577198e-04
1.446164873252489633e-03
7.288925197575445939e-04
7.377348455876802606e-04
8.238839803344827264e-04
8.601262374755468338e-04
6.553454671776387996e-04
1.093046894041490441e-03
9.735965256845320040e-04
1.072223492488620384e-03
6.122149709640898685e-04
1.439131873824984554e-03
8.793429268314492328e-04
1.006497067950137565e-03
5.607174449740130046e-04
6.678399874959291445e-03
2.261256853382435147e-03
4.735927694963607514e-03
6.924667855230391732e-04
1.273178326920580911e-03
5.504406769184156572e-04
1.417302615339494044e-03
1.305610241718857837e-03
7.706186871496100398e-04
5.804081282089694049e-04
6.880528462991953058e-04
5.878184897947655524e-04
5.928766452569993010e-04
6.203664378801928420e-04
1.094362495903023922e-03
7.563450743535972366e-04
8.384318984633884822e-04
5.713819659167964325e-03
6.355016634262362690e-04
4.991500240485253950e-04
5.939880324212867303e-04
1.058516798860409044e-03
6.307006228106629489e-04
2.153560924669538530e-03
7.503970689093033717e-04
6.182784856191455821e-04
6.150945850747428344e-04
8.728856956814335776e-04
5.385737252019886113e-04
6.208490007739115657e-04
1.411097284098252348e-03
6.517777503589208083e-04
9.105946140217858120e-04
7.499541587426374663e-04
7.126274065607217942e-04
6.585949263790440893e-04
8.784060376068879598e-04
6.768565790073266617e-04
1.352735129050881835e-03
7.539812201886417643e-04
6.688195506278093744e-04
7.761426369395475018e-04
6.725713646452785533e-04
8.305261686009184335e-04
5.561256562619080763e-04
1.942376220408168278e-03
9.059965044748965936e-04
1.763459378441555861e-03
1.139732802919040137e-03
8.594071784718235489e-04
2.341206981862415347e-03
6.050462454017560250e-04
6.748304212218109730e-04
7.612250197979942212e-04
1.795836359449683173e-02
1.821727574248416161e-03
6.573606435402313663e-04
5.796098293752331232e-04
7.295096936896741007e-04
8.754616867091760809e-04
1.524117501271079296e-03
7.379923246299951176e-04
1.140377253175657449e-03
6.600072465265461371e-04
9.501486888674154190e-04
6.543993984090215469e-04
7.436933397250538843e-04
1.635404124193807823e-03
8.121328692999843415e-04
6.444252622132185969e-04
8.311273770347096324e-04
6.844231212285962563e-04
6.608909936095738735e-04
9.275637296859786957e-04
8.423936328988051786e-04
6.880832034839452207e-04
2.495465103621894148e-03
7.598306274808844935e-04
5.246175813835055827e-04
8.217045795000813089e-04
5.230296384598370242e-04
9.340177379000930103e-04
5.872153690120008413e-04
5.824342185544318772e-04
7.212838239797659005e-04
6.731696185598100811e-04
1.382966242021012402e-03
5.744107623285340906e-04
1.016306432605888418e-03
8.916226613131520351e-04
1.135952597960281085e-03
9.202440579979053814e-04
7.173520973385783721e-04
6.766740466690034529e-04
6.422501675253296802e-04
3.871595381184239366e-03
6.161816831622998845e-04
4.956805293375335202e-04
1.152362835322481849e-03
5.023133960916742165e-04
1.299780995391052948e-03
7.259302235663913760e-04
1.062500386516489464e-03
5.332421391135707756e-04
6.037680450040541639e-04
7.144875059734005253e-04
5.789612254631472995e-04
5.885588240137492547e-04
8.913015316023286142e-04
5.025705983334708034e-04
1.285761785988216417e-03
5.856737640373146318e-04
6.111713054926313886e-04
6.678399874959291445e-03
1.097390652778669831e-03
8.003654008194819192e-04
1.025917670645873575e-03
6.293061667177570536e-04
6.346803190267227791e-04
5.085837705356591014e-04
5.286499415180230099e-04
8.325527344998857925e-04
6.950439706778319560e-04
6.508032532378064125e-04
3.912902004447998613e-03
8.963630670693422233e-04
8.302548648879381739e-04
8.000282226649768885e-04
1.038711127695212148e-03
3.941706931184530208e-03
7.644737226619198857e-04
3.172940725525080514e-03
7.127990232708386695e-04
5.772650096374466397e-04
5.619066614899558389e-04
5.687892386630140395e-04
5.005370016094913034e-04
1.451264100909454473e-03
1.123098826190760445e-03
7.610467989830156307e-04
7.316022624331200820e-04
7.867805524948442639e-03
6.526033826878967518e-04
1.054734512377563218e-03
8.647483542627841828e-04
3.966655200019143963e-03
5.089907185164800011e-04
5.353825016202820326e-04
5.804712600273349973e-04
9.816852744928131810e-04
9.370174559238469113e-04
8.177592111638220390e-04
5.774000598084145629e-04
6.008759627813553550e-04
5.094805117785058393e-04
1.024641724046077831e-03
8.046983582103342915e-04
5.959207895716172893e-04
1.053025483527564310e-03
6.633456808570508323e-04
5.608340820508238896e-04
8.763951930974933722e-04
7.822847792057634501e-04
9.120924130240792198e-04
6.499805613284101663e-04
5.891860568998557104e-04
8.783015493316835001e-04
5.741637141539932508e-04
5.485990654126473957e-04
5.723171663743039034e-04
8.616852124579735782e-04
1.141552317787309593e-03
5.083530814068811443e-04
9.993247134965068876e-04
4.182422317136397748e-03
1.166376051659714702e-03
7.175320899358827434e-04
8.351703186022464611e-04
5.183256284302659774e-04
1.341011855127137962e-03
7.383321855175321814e-04
6.079851138445732141e-04
5.003059834019795739e-04
5.608921702963621993e-04
1.865306076502608670e-03
5.076804105875784134e-04
9.297150448209830914e-04
1.135952597960281085e-03
6.304140480949057017e-04
6.598254160486068673e-04
8.813949211228821502e-04
9.209808224226132553e-04
5.381926979669062220e-04
7.026693749862839445e-04
5.594631465961705935e-04
6.107835667720771296e-04
5.327536490567094879e-04
4.586976761427395514e-04
5.971248221045027298e-04
7.186650324296379186e-04
6.972450114723983180e-04
3.549148506694868588e-03
6.217422908239065129e-04
6.095645447953328090e-04
9.718054978388585268e-04
5.896515980380384256e-04
7.526057274793095889e-04
5.520370191268457374e-04
7.564352429806792686e-04
6.219703448867078526e-04
8.232110662467975607e-04
4.853785511533015057e-04
1.315630089838599808e-03
9.542060664462077802e-04
6.200703500572969694e-04
7.741396690790057098e-04
7.902742581550443145e-04
1.162282350469691621e-03
9.903960653901008274e-04
7.831266720654326934e-04
6.045770792309978700e-04
7.028570052198385414e-04
5.542984921860197485e-04
1.159771121805624810e-03
1.159875710690924829e-03
6.100292344705175425e-04
7.639845122574565007e-04
5.341139825148583315e-04
7.168619533967508220e-04
6.136368209733965556e-04
6.397517847508166645e-04
5.130119004198955028e-04
7.513195524916396447e-04
9.385386442394828789e-04
9.207854753469501977e-04
1.734221625301073707e-03
1.327524142084851979e-03
7.338667588883695820e-04
1.419035931544967597e-03
1.118959641993955709e-03
7.875895245350810576e-04
1.977971894419817533e-03
7.262974334015074879e-04
6.979293054247825978e-04
1.020098388301013403e-03
4.864195940842306817e-04
9.257609548760666442e-04
5.483144662956334486e-04
6.239015245913830847e-04
4.867234097944342754e-04
1.391318006553461228e-03
3.554430345615927720e-03
5.363965982229184325e-04
1.178532387642447152e-03
9.964517908699075180e-04
7.719719446956748625e-04
9.011824223296593548e-04
6.165053751099058583e-04
6.496604755583840511e-04
6.387769605551047196e-04
4.788548953345029007e-04
1.015219697538688416e-03
3.180774581736578108e-03
7.887872888840614157e-04
5.049965784560350940e-04
5.919442670950958874e-04
8.648017279689203902e-04
1.375725317811367018e-02
2.121894637404996009e-03
6.792558631822134515e-04
1.771101896038732981e-03
1.017289254581877278e-03
1.175913996832412189e-03
7.501125445770523339e-04
2.343249239931248420e-03
7.453519373443232530e-04
5.666181911579558535e-04
9.411813324339093120e-04
7.089003723711953401e-04
7.316022624331200820e-04
5.656216134078019672e-04
5.286499415180230099e-04
6.430117488568048816e-04
1.013347406870788526e-03
1.971511761731618330e-03
5.050750188138115231e-04
5.930828166397772699e-04
6.174769269375735134e-04
1.736105107368643213e-03
7.866843544133032351e-04
1.148768964749267334e-03
1.417937288942551066e-03
5.741539006434588904e-04
5.468705309196514232e-04
5.710540368662456092e-04
7.770461968682015235e-04
1.155474873840249810e-03
5.397691962535675981e-04
1.175085158388386366e-03
1.115219451804250021e-03
7.646276603555077255e-04
5.392533717766735289e-04
6.779602922995051507e-04
8.102447934950353066e-04
7.161163725583045590e-04
5.435340818789369298e-04
6.164990795907693668e-04
5.744107623285340906e-04
6.754011115388190408e-04
5.511670377450542373e-04
4.936448444810261288e-04
1.315827921884778467e-03
8.304364111192144527e-04
7.471774895613412463e-04
1.879575575999787446e-03
9.501486888674154190e-04
6.160587494125063920e-04
1.305610241718857837e-03
7.588781141765736258e-04
6.120408324345268016e-04
5.314090877517855952e-04
1.361335042311953396e-03
6.926515305352981674e-04
1.669715181079106355e-03
7.910522543710046079e-04
2.049435876485151010e-03
1.174508515446683055e-03
1.211842357961668420e-03
4.997233613046578359e-04
1.632408292658659582e-03
3.549148506694868588e-03
7.150964866186302910e-04
9.309533599659464706e-04
1.020032917183917934e-03
6.422363182899368554e-04
9.024600056396676635e-04
7.603556959446143224e-04
4.862199123968799735e-04
1.108368726265906122e-03
8.722373865367467199e-04
5.733194922942411566e-04
6.619130448234708660e-04
7.205701161690221228e-04
5.234646335543918522e-04
1.037992604619657026e-03
1.419792230194271213e-03
7.450541302841543270e-04
7.325348137741421106e-04
5.462841992390487242e-04
6.758897674520826168e-04
7.700691884940531187e-04
5.843845649803850340e-04
1.297602126201569724e-03
5.264034822252438347e-04
6.882312611382671291e-04
8.254734140601792045e-03
7.747245750349919177e-04
1.049646699547161516e-03
6.709761298280749343e-04
7.605563213669702671e-04
9.768990227261087952e-04
5.775243765804190244e-04
1.074435167953032011e-03
5.299845537769869944e-04
1.034690576854709184e-03
2.225266217895184150e-03
7.223869188134968491e-04
5.208282720136995234e-04
1.361335042311953396e-03
7.346261917061420055e-04
5.171710439203163574e-04
5.309411045856428238e-04
6.410608556788421723e-04
5.266009891235816582e-04
1.372465218841985996e-03
7.132652561536423873e-04
1.142240798270027216e-03
5.104188735995223705e-04
4.717160595696739088e-04
5.925568433935205458e-04
1.771218772387534324e-03
6.008759627813553550e-04
4.722382713866658940e-04
7.321559471207128708e-04
5.004334921788285064e-04
8.474621531671822777e-04
8.153873434158243061e-04
9.612742279145388303e-04
6.386866027100170573e-04
5.998282019587269269e-04
8.831761121794133845e-04
5.630132079508015554e-04
5.029581911867353526e-04
5.648072203416496179e-04
7.718210655612426415e-04
6.595358139880134335e-04
8.162071449637895619e-04
8.248762774947566599e-04
1.423715356021574077e-03
6.363979444281766401e-04
6.651354228695449027e-04
1.121531178743399686e-03
5.435077489517544953e-04
6.626826759633078386e-04
5.222438864621707384e-04
7.468479210706950025e-04
1.150372172668512934e-03
7.931852927733831901e-04
1.016912237586468535e-03
7.689112416701725326e-04
5.374811536010174568e-04
6.387401703806387969e-04
6.087909733741349869e-04
9.662679659903963261e-04
8.631317368664930077e-04
8.978502743073326579e-04
5.263006149978407926e-04
7.608445465391328478e-04
7.825400099609297307e-04
1.711495251011218265e-03
9.513641080415109665e-04
5.875496225528041572e-04
6.844231212285962563e-04
7.419541219793363181e-04
9.663532494059718769e-04
7.489602964163332224e-04
1.038278643315361819e-03
6.690923246425921431e-04
5.215848259031642849e-04
5.564644813786877829e-04
6.923506963081087163e-04
7.062224097048082220e-04
8.197929749109808973e-04
4.689125681434571789e-04
1.118839375748159962e-03
5.930828166397772699e-04
8.876117799246392584e-04
9.465140085970934940e-04
9.006888444007051398e-04
8.780513361226472118e-04
7.689112416701725326e-04
5.471184456915066793e-04
8.865961218158898609e-04
5.770428198743593170e-04
6.068493706613165440e-04
1.031911788897164764e-03
6.560216735577877913e-04
8.381384117444946099e-04
5.449078765795737581e-04
8.816093784502510586e-04
5.616529416546124078e-04
1.311244609805861877e-03
7.737600403148805215e-04
6.043149187254520530e-04
6.845159919703437722e-04
1.370462016149954229e-03
6.788447112053643028e-04
6.069408907646585806e-04
6.621910134501735002e-04
6.870482889115369458e-04
5.278308130075334403e-04
8.720411789193030332e-04
6.673818007430301364e-04
3.390514455176075071e-03
8.374913263290404992e-04
6.132042904403649068e-04
9.474417891254028647e-04
3.798333292256940528e-03
5.563284696841857809e-04
6.299763899693493208e-04
6.748055939405460521e-04
1.424219765772199130e-03
7.878601947696663600e-04
6.045104501242293911e-04
7.489602964163332224e-04
5.973662106074383894e-04
5.486536782885470401e-04
6.540150534640549931e-04
1.870771645363361515e-03
2.306573041452096660e-03
8.648905037048116879e-04
8.840892726686665204e-04
8.682382852171273858e-04
1.042296861388232508e-03
6.949619922298999304e-04
1.295930567857321754e-03
1.100847716785779452e-03
1.360054585338113346e-03
7.353103740705856832e-04
1.416777592580500868e-03
8.024986582777052539e-04
1.152118449116028157e-03
6.373450556971118437e-04
7.894819229550261797e-04
6.712607765486503821e-04
7.049337220665140378e-04
8.623794616815006787e-04
7.942521684696334915e-04
5.879293548461557700e-04
2.725524884153829146e-03
5.464303529468845936e-04
9.383705151625093338e-04
8.080345413308606803e-04
4.919312481335560506e-04
5.373245231096090632e-04
5.446423714291959064e-04
7.127339398614680657e-04
5.930710149428449493e-04
1.210277296472690636e-03
6.616957555159258758e-04
1.478070604493010500e-03
8.829873367726583794e-04
1.178192361415390885e-03
1.425287424047864439e-03
5.112158702288044669e-04
6.676749465300494801e-04
7.536026615304477431e-04
7.606637678555434358e-04
6.771484373053342264e-04
9.651238047262293606e-04
6.796666990677513800e-04
6.568853555811000021e-04
7.964865203111595043e-04
1.769391986220613137e-03
1.044131641486714885e-03
7.319319289090148216e-04
7.983208642737042943e-04
8.217045795000813089e-04
1.497358245049008277e-03
5.560004203508556479e-04
9.069355981503504204e-04
7.126274065607217942e-04
9.507065575747310161e-04
5.041496204684272481e-04
2.409776828168175723e-03
5.569922313101986116e-04
1.600769787308991068e-02
5.713819659167964325e-03
8.554652020677275910e-04
7.464680943071813363e-04
5.096713095076837573e-04
8.981165308860622346e-04
7.257163872706638361e-04
6.601132749129675400e-04
9.227703523440616449e-04
6.258898960506390939e-04
9.169477072022315508e-04
1.046997086431576554e-03
5.529689919123552400e-04
7.590579582995548831e-04
7.713852977418284539e-04
8.462826997378340406e-04
9.694958583232332486e-04
1.200524454650971941e-03
1.202145290425363179e-03
7.561947806904028039e-04
9.147565104939850509e-04
8.593054792755261536e-04
6.479534502446174628e-04
9.515597052314598604e-04
7.856958893493722410e-04
5.354611562821127817e-04
7.867805524948442639e-03
1.047863556565967582e-03
7.251176091571833035e-04
1.422397115172774253e-03
5.954007426620460623e-04
5.267481713508298524e-04
1.054870884074980393e-03
7.174999064902886714e-04
5.468079051234909799e-04
1.212976186045903017e-03
6.295768387554913489e-04
1.650578326641247888e-03
4.969872082532366536e-04
5.847803155750127581e-04
5.641370792747932555e-04
7.992087171911273777e-04
5.048887116469205323e-04
7.174847413860739554e-04
6.982046915836594928e-04
9.504587833506570726e-04
9.473276717528606719e-04
1.566379849619160521e-03
4.939916899996284454e-04
6.224113920069789755e-04
5.899836882702038298e-04
5.842854777982547715e-04
6.509270378967563003e-04
1.045797719447598938e-03
6.369034890614075524e-04
7.864926526787136647e-04
8.080345413308606803e-04
6.705502752559868492e-04
6.621066234183542454e-04
9.034889257544738731e-04
6.296643254574286336e-04
5.752204372340102671e-04
1.481284380788900224e-03
6.000722049585799443e-04
1.022447754541871154e-03
4.503223312581457888e-03
1.868506855403931528e-03
7.585603224856920417e-04
5.344088352643301372e-04
5.394018699924229459e-04
5.886304857014098982e-04
9.500991133558717118e-04
9.396459088473840902e-04
5.425101789006995471e-04
1.122537353709678141e-03
7.232180919559796960e-04
5.923464470647860775e-03
6.110198903903868266e-04
6.465811808601681183e-04
1.002834597801456314e-03
2.727252069508556351e-03
7.340046826121341501e-04
1.065822738230050347e-03
6.496483897613247347e-04
5.416960077354920824e-04
5.861154111890310749e-04
7.663042804184833426e-04
9.101265809984096814e-04
9.985188650926612400e-04
5.668846615840547132e-04
7.813379237384267912e-04
5.909607981867522281e-04
9.849416378526769551e-04
7.927655822208745564e-04
6.244412257320879631e-04
5.299845537769869944e-04
7.659642369829257422e-04
7.557560582228722759e-04
1.122510766477842524e-03
7.124141367594091084e-04
1.245669237439050439e-03
1.509838528722662115e-03
7.317942940561426293e-04
5.141874363786289124e-04
6.976959119985023461e-04
7.288483007370192028e-04
1.862339970006939103e-03
6.149337966170133644e-04
1.062902681421230757e-03
6.354596086017805191e-04
1.124159274629358760e-03
7.337886751133227510e-04
1.478070604493010500e-03
7.964865203111595043e-04
7.248331674203540870e-04
9.180640935336695360e-04
5.649085038340797421e-04
5.317650997820937359e-04
7.637046560902690595e-04
5.861435838369471194e-04
1.173649322420234741e-03
5.184838131329944522e-04
7.825931053154239637e-04
1.353708493377140483e-03
9.241365802853592501e-04
1.019951714150485553e-03
6.402327120084040776e-04
1.862466197806685866e-03
6.124976748616592186e-04
7.132093023856946306e-04
5.476136067220774891e-04
5.232082803038948368e-04
6.101164504857214911e-04
5.543156312263305312e-04
5.639654346829709721e-04
7.503916512276219506e-04
6.284878559164702424e-04
8.010507917671149617e-04
1.019951714150485553e-03
7.231546650871363471e-04
9.758053180488322244e-04
8.704095692262953793e-04
6.984988608328393436e-04
1.258222862127346756e-03
1.788984116322147200e-03
1.354232085160600061e-03
7.561916219934954704e-04
6.022411288249135148e-04
6.862168014704463428e-04
8.630369831174579615e-04
6.461129767385420533e-04
4.549583402983900429e-04
5.517247449524583002e-04
9.175586735000068085e-04
7.927043409019536710e-04
5.099411826276084320e-04
5.919442670950958874e-04
8.218756786348817029e-04
6.749627592198746652e-04
4.974010343758845888e-04
1.309189634070245844e-03
1.094065872583682144e-03
5.744794751712092645e-04
8.113832899510815301e-04
5.266135922823166103e-04
8.960213300525279433e-04
6.508874883774233046e-04
7.433436103877962301e-04
6.579614623151406900e-04
6.483136501478523007e-04
9.437500580227847465e-04
8.974210285760918226e-04
5.802733668264223928e-04
9.247019620489024512e-04
8.383675752807873268e-04
6.332090708547022341e-04
6.397876052969941191e-04
6.617484931842295467e-04
1.964950278200735482e-03
3.412813587380363316e-03
6.626970088471198289e-04
5.411292821704041236e-04
1.147072828164903691e-03
5.519776140744822807e-04
5.736326821021689362e-04
7.346179794959885670e-04
5.840768469215461278e-04
6.092082008791080243e-04
8.031092174950100505e-04
7.647324554729235469e-04
1.446840730088167892e-03
1.065387186292331492e-03
6.980986661858920106e-04
5.960302565611435297e-04
2.988647683031013785e-03
2.349716723044105449e-03
6.206946295904620979e-04
1.077639255686175168e-03
1.003927799390677295e-03
1.271084073583577832e-03
1.214063330403879854e-03
6.469949477464562041e-04
5.579029433247914213e-04
5.633468768483444180e-04
6.674365745295453419e-04
1.925837195711551254e-03
1.707730972435084248e-03
8.259531696245337503e-04
6.272593555339200325e-04
8.262853355723799500e-04
4.683627340873498801e-04
9.628207564935055071e-04
1.080147118836187470e-03
9.216328560018504854e-04
5.205575994558876490e-04
6.649411567153913714e-04
5.752024236892358490e-04
7.488839240577736507e-04
6.475349012393204337e-04
5.316894189195535718e-04
1.686745762613017351e-03
1.081642473593499984e-03
6.256421694321145357e-04
6.666264093189582006e-04
8.063467815658786333e-04
1.162298049089603670e-03
1.180755051963240480e-03
6.232199059274600534e-04
8.469387168032016348e-04
5.396673814453545456e-04
8.775716182483442882e-04
7.098642503532479444e-04
9.392810703002317085e-04
9.385244872955661368e-04
8.062394047086974798e-04
5.848576043922440850e-04
6.996423291462866090e-04
2.854184184215576014e-03
8.696751802541813564e-04
7.578742706635376589e-04
6.068493706613165440e-04
5.788609320213960931e-04
1.619862761008977747e-03
5.750410336360524790e-04
7.629353398950663697e-04
6.114976738174638651e-04
5.982523494939335400e-04
6.031775655988739311e-04
7.053092001617402565e-04
4.849334060902057335e-04
9.388611199138514538e-04
6.412532242570083028e-04
5.002860595232573766e-04
1.478070604493010500e-03
1.444941425010023203e-03
1.143631667099390039e-03
6.793507789674004633e-04
6.479621212614950681e-04
5.932057455382716039e-04
7.525209922211821816e-04
7.476638294531215033e-04
8.415316777863572758e-04
6.314508386498886641e-04
8.525222886598658473e-04
1.087447107169624587e-03
3.390514455176075071e-03
1.240759747683876316e-03
1.141848152387109436e-03
8.235396397827225452e-04
1.070037970088515838e-03
9.493119690506189286e-04
5.425788582478483814e-04
5.246175813835055827e-04
1.161013844682932559e-03
6.027028758464934117e-04
7.416294132846286847e-04
7.012737793033745233e-04
1.273890487117831710e-03
5.388060742376465928e-04
7.061957868002754959e-04
2.073157247970192508e-03
5.470956595462003616e-04
5.266485190559205354e-04
6.501935449009371704e-04
6.134983802532656969e-04
7.743762371955226773e-04
8.308021915187842896e-04
8.747362364932766577e-04
6.196376139186017496e-04
1.211162977826304955e-03
7.238351334337272134e-04
6.675835066689588719e-04
7.431208980867019028e-04
6.460886752337317331e-04
7.980658926619910208e-04
5.950264573158876510e-04
5.664268388134867426e-04
7.729832669905730780e-04
5.103565561078770912e-04
1.971888576234660014e-03
5.618060475509265017e-04
6.178328900070455092e-04
4.940694739148295553e-04
5.934014824668131568e-04
1.360010071717459483e-03
6.548646693240247089e-04
5.842475574941887037e-04
1.042296861388232508e-03
1.107141273125178144e-03
5.780671936155143886e-04
7.041316584765769599e-04
4.994963565520498102e-04
7.936097002730490993e-04
6.177406002996442807e-04
7.673140886981307147e-04
6.219278231342205985e-04
1.071122882608439115e-03
1.181279643956035554e-03
5.559032888894403172e-04
1.077299555941947087e-03
9.941165575043334635e-04
1.608785808008051906e-03
3.059441992482609101e-03
5.946367862357514753e-04
1.862466197806685866e-03
7.263909770470126752e-04
5.939236087852958279e-04
1.213035013384201628e-03
4.682916570208065952e-04
6.358165118454656281e-04
5.373468931668084862e-04
5.514747965871611823e-04
8.714810069933938332e-04
1.687485649774929245e-03
5.917168703524989994e-04
8.757000742682938613e-04
8.096858299149023008e-04
7.153326876978849131e-04
6.033549883688480928e-04
1.296792519468677662e-03
5.609208257194140844e-04
7.774898626335371076e-04
6.597570667181379238e-04
5.790377876857559416e-04
7.051832702852671095e-04
1.439387887428195253e-03
1.960972407912639926e-03
1.273890487117831710e-03
1.005050372364909910e-03
6.795705773920605961e-04
1.862466197806685866e-03
7.742732219913519686e-04
6.182784856191455821e-04
6.055632638031649027e-04
8.267267675525367867e-04
7.101870917416330982e-04
7.662090664296325286e-04
6.293376683706139495e-04
7.608585519147451331e-04
1.600528339807156955e-03
1.468777238710811854e-03
6.219566276240673071e-04
6.219753911390079465e-03
6.625155720123647972e-04
8.992729323292894062e-04
6.355204367265685243e-04
1.270856482223272277e-03
6.670359726827437699e-04
5.986145824453649672e-04
6.749627592198746652e-04
1.128546369433595280e-03
8.377746615151328248e-04
7.431208980867019028e-04
8.296261987788273572e-04
7.210006411734787464e-04
1.038535416063486984e-03
1.544204213988246803e-03
6.483136501478523007e-04
7.909075360277466934e-04
7.821521548186192302e-04
5.720867061348214842e-04
7.787934445073370349e-04
5.946367862357514753e-04
4.695185179220808490e-03
7.028757044937336898e-04
9.154488408026755517e-04
6.491898886264770843e-04
7.628824911226155490e-04
7.361963485245305756e-04
1.032386028618057514e-03
5.860881094399393327e-04
6.963221372355101520e-04
5.092330653210721137e-04
1.343070951226845583e-03
7.601332575072030284e-04
1.209096189063512241e-03
6.419900053971591171e-04
6.009883391114425938e-04
1.512516154791095080e-03
8.079159947894872006e-04
8.978732248699212819e-04
9.983932149158281696e-04
7.748385787368899241e-04
4.906664775556839704e-04
7.539601116203802815e-04
7.898099269639601667e-04
6.532712951091197316e-04
6.353941175687129661e-04
6.859431396489686604e-04
1.322104770674299929e-03
5.145314593801396516e-04
7.369804979246569448e-04
8.187090041182696742e-04
1.004550706184531529e-03
8.988443332864167910e-04
6.221135335027766630e-04
6.941443858534811651e-04
6.300376900674242763e-04
8.273156548866862376e-04
7.054821257013373656e-04
1.137902077281431135e-03
5.116967299555369485e-04
9.023622264929624919e-04
7.072023335391446367e-04
8.361013679746447970e-04
1.497358245049008277e-03
6.660806612392872758e-04
9.309533599659464706e-04
1.428762701416485094e-03
7.934497371292656117e-04
1.195601223060258327e-03
