5.989374514843219489e-04
7.693573229654226617e-04
9.376056504673030596e-04
9.905458045502007775e-04
6.052352001477128308e-04
9.345001876159303878e-04
1.247105342775300420e-03
5.546161398261821715e-04
1.036726370712283971e-03
1.392498971633073955e-03
1.182511341267767540e-03
9.063739702881762252e-04
9.648976180396263546e-04
6.215977073173770779e-04
6.949152299831100809e-04
6.445377661349248550e-04
6.124535094003662888e-04
6.899235493217904759e-04
8.380389823362053691e-04
8.705568046100867598e-04
8.982626317218797085e-04
5.490629540086977870e-04
1.459523113490729081e-03
6.398911514183281421e-04
1.881958523946067286e-03
8.487107220806219907e-04
6.381561445971995232e-04
5.309952437205366256e-04
9.395097051163843818e-04
7.841694483353467459e-04
1.541577404199013374e-03
1.449255287647823300e-03
5.833371228373547242e-04
7.577322208724859929e-04
1.061255970639863721e-03
4.359126953711800999e-03
5.937167020225514111e-04
1.365038191049687630e-03
1.805052109278639655e-03
5.075441826529827633e-04
7.187565679125874820e-04
9.510832490056187784e-04
9.771516005975320988e-04
6.721071364021728896e-04
7.358438534192269110e-04
8.273156517934388996e-04
6.358338428011639639e-04
6.916316718660239218e-04
7.051538867708859182e-04
1.606867074204168522e-03
1.197840766572101298e-03
7.643951383777807668e-04
1.098166711476306285e-03
7.465870496759382212e-04
6.300352002075144476e-04
7.926288355582600340e-04
6.569900720501011112e-04
5.289169116412501632e-04
9.492643458966697157e-04
7.476567415147175469e-04
1.277764593778940973e-03
1.106395491004640193e-03
1.210854605989551214e-03
7.390032087655470710e-04
5.368492202742175361e-04
6.381854347270194544e-04
1.539250932511703742e-03
9.766881993051451660e-04
6.330324373017773157e-04
1.862927896210910504e-03
7.753377079933326550e-04
5.802548143613627321e-04
8.150549092338713053e-04
6.969627460275029836e-04
8.036866287111285850e-04
1.324878314397747890e-03
7.576222877122424900e-04
5.983776103800688426e-04
1.644157180476631510e-03
1.850749025411932598e-03
8.768153553284417732e-04
7.813168879486605614e-04
2.841350418479310098e-03
8.723665096600023141e-04
6.483537170578554257e-04
1.366633102962200091e-03
2.526217785541417377e-03
7.930123888047592787e-04
5.809994385516943204e-04
1.138357323114260605e-03
6.235491162701622698e-04
2.010048888255650847e-03
6.332258079920270819e-04
6.233610040588007236e-04
6.174068597139218285e-04
7.105256523685209028e-04
1.038788208775089138e-03
1.377538680857430097e-03
8.316694656801517163e-04
8.646979581358072309e-04
7.565609451830918215e-04
1.417102211667528719e-03
5.675689901126269345e-04
7.815026056092878697e-04
9.886518110718799102e-04
9.109973091363398777e-04
5.211573076991388035e-04
9.261346503038120001e-04
5.565257204288016728e-04
6.524076186529905201e-04
5.528838037726180148e-04
1.053219932453495263e-03
5.752417575353151744e-04
5.638161627892111175e-04
5.160656653727231863e-04
6.508885951519051546e-04
1.170513148190814850e-03
5.486880012823368421e-04
8.667415430307736420e-04
2.104695636788269861e-03
7.831218418286312304e-04
5.776065437043650984e-04
1.516035607039820966e-03
6.633030977171709046e-04
8.134546828515083240e-04
1.167407618474135701e-03
5.632379276074593382e-04
6.427441848034556307e-04
8.828157055719860471e-04
7.367975530471747607e-04
7.517625683536823715e-04
7.718293248929507851e-04
9.785058589957726892e-04
6.570360439740970983e-04
2.615574454739488103e-03
7.687553785398430067e-04
7.310800398103767294e-04
7.896601749425581325e-04
7.716119871810931188e-04
6.848070583747654753e-04
6.066937657613372071e-04
8.297499282508463735e-04
1.167669232833445101e-03
7.171919902328788201e-04
7.843494616456159890e-04
3.745041160507113411e-03
8.548774359045202510e-04
5.322969090742162143e-04
6.552079807203213492e-04
5.942741509474992875e-04
9.600781859064700741e-04
2.061545321862911454e-03
5.548803852760748239e-04
6.389989267018829789e-04
8.678684029126297389e-04
9.432297002997038242e-04
5.940962004208599333e-04
6.604174073463553798e-04
1.523054183246225516e-03
2.615574454739488103e-03
5.495543845765099101e-04
2.010048888255650847e-03
1.195669327546255425e-03
6.300352002075144476e-04
7.278638019031493864e-04
7.073282990429379967e-04
5.321270314584011741e-04
7.601170159027668830e-04
8.387522572877931844e-04
5.503406953917014356e-04
6.276223105083765953e-04
9.925585625301482692e-04
2.019044021773759665e-03
7.409268534188113552e-04
7.299437763136256210e-04
6.263492131231379557e-04
6.230948979059656523e-04
6.861681529785009816e-04
6.780983525549801353e-04
6.712809759909703442e-04
7.317067646983439711e-04
1.057337312768963930e-03
6.668617389654055063e-04
5.929324626736477742e-04
6.505595080235551794e-04
1.055184486332208472e-03
1.092586582741618406e-03
6.822870704504674626e-04
8.840406183001970654e-04
6.846782692639342624e-04
7.483433095159960045e-04
5.978753849493899548e-04
1.110698290378366775e-03
8.042877437197001834e-04
5.440146701860345971e-04
5.113460919289771053e-04
5.751730945426373944e-04
9.526945168918858706e-04
1.717497485136803680e-03
6.208298719149163945e-04
5.476955016667491103e-04
1.016388976930292318e-03
1.285439438446004745e-03
8.540631143401504781e-04
1.526271431096206960e-03
1.034142936142181182e-03
1.049212953953486188e-03
1.808889257648204794e-03
7.916350282080157359e-04
4.990377335177073213e-04
1.755455538041051115e-03
1.207323362409047380e-03
5.541096598685296129e-04
8.808536752534006304e-04
9.926153442018333453e-04
5.451009409976686430e-04
8.429034765471923223e-04
6.513888752590937499e-04
1.048989997447588671e-03
5.302635423005708790e-04
1.036899191746989361e-03
7.927488213370961203e-04
3.745041160507113411e-03
1.556974413976497211e-03
7.078151673282303581e-04
1.659225423650171651e-03
1.029351290170689307e-03
6.739510810860635352e-04
7.654099835778180316e-04
6.001971304348240879e-04
8.421621440057038780e-04
5.505595730094137337e-04
2.055253666497938378e-03
8.487107220806219907e-04
9.886277078256450537e-04
9.383600873319260412e-04
1.542751348497547201e-03
9.368856845846286084e-04
6.247157491357782297e-04
2.615574454739488103e-03
6.308597028741421342e-04
1.286301205692755691e-03
8.179182835728531853e-04
2.010048888255650847e-03
7.755193883928553251e-04
7.347897460581740217e-04
7.919190629666244055e-04
5.523384880483401139e-04
5.403022472767392238e-04
8.269208284439070935e-04
7.396640557943006148e-04
9.293208352271644214e-04
9.217428119777689019e-04
5.429530635560122229e-04
9.118874255497443201e-04
7.286161156285301524e-04
1.405442886612923289e-03
6.320690062675474305e-04
6.549555220353004380e-04
1.519176243560980098e-03
7.519142490609707517e-04
5.616006857019920301e-04
6.528997352125764453e-04
7.897938097007635829e-04
9.342759322249145947e-04
5.306041417304249806e-04
6.484625748456768505e-04
6.088989481764478084e-04
1.268314074412968612e-03
6.619291395557902209e-04
5.466862843911490886e-04
1.095682252972171372e-03
1.109339972487330015e-03
6.425391650685067374e-04
6.815485561411069359e-04
1.014091799787656409e-03
6.551261024219707683e-04
1.141150030181493002e-03
7.054892177180855381e-04
1.210834949584442153e-03
6.212003560374937871e-04
5.694299543198276829e-04
6.789029311465900624e-04
9.354555054210088316e-04
5.882523552378816911e-04
7.926045139791988584e-04
5.058940151233044151e-04
1.561581410830048620e-03
6.552319699655597372e-04
8.934904493705787647e-04
8.705515036398682070e-04
7.407590753929369160e-04
7.596377397597525510e-04
2.010048888255650847e-03
7.418768748687263291e-04
5.496228040611293546e-04
6.996635440329648358e-04
8.136615601572763862e-04
5.299075192216570231e-04
5.677613014838611650e-04
2.370204784132614196e-03
1.059689306329777243e-03
8.817950547555616263e-04
6.674603731903378271e-04
7.650686098087067189e-04
6.676474697532954524e-04
1.636187130015418888e-03
8.113621239924398388e-04
1.187094945658654114e-03
3.049518924359406052e-03
7.328518221124779956e-04
1.479437880195738240e-03
1.093833084690381662e-03
7.919338244976523167e-04
7.862590022764359655e-04
5.924900941842653002e-04
5.553409141366982826e-03
8.864260720150664904e-04
8.678012132006900341e-04
8.329800449320472156e-04
9.635526708434612999e-04
6.375247987305952173e-04
6.771790293190860883e-04
6.632207575942705843e-04
7.137210851361005951e-04
1.767981323443720441e-03
1.928678817024262341e-03
5.683104300213551521e-04
8.405095850695842776e-04
9.386536696456295424e-04
4.913525396896223319e-04
7.035857628314258006e-04
1.205644133762420050e-03
5.965750875443792027e-04
7.069475024164207288e-04
7.007151748072644503e-04
7.673041096838772264e-04
1.439730553688969850e-03
5.652368817969445928e-04
9.332046825258946124e-04
8.576121226437163642e-04
1.000946545571279080e-03
6.651833556873278618e-04
6.321185147918337082e-04
7.209957184639530356e-04
6.112474333150162307e-04
1.395479882951795696e-03
5.322969090742162143e-04
7.345202574123744100e-04
7.441161550607350468e-04
5.990479734051298421e-04
6.221714386961518101e-04
7.333807961367158536e-04
1.083087931758679049e-03
9.269402971603885391e-04
6.759624619722842155e-04
5.881519800211117621e-04
9.103869108014484837e-04
1.127225572687926740e-03
9.867872672231837224e-04
1.316093258342500771e-03
7.388467796066554164e-04
2.010048888255650847e-03
7.672695755268835313e-04
1.500634670383721881e-03
8.152582288971219797e-04
5.193183220340568144e-04
5.966078461851180440e-04
8.029834670967007882e-04
7.263843059749522466e-04
8.454355545275545839e-04
6.714628061930699330e-04
8.598817543815746259e-04
5.933095211755224242e-04
1.417102211667528719e-03
8.437125342761552611e-04
1.285192688630594276e-03
5.309429059610496285e-04
8.164018316556331594e-04
9.533168874503505702e-04
8.794917528972867648e-04
8.644489580669037802e-04
7.997459335019884178e-04
1.053219932453495263e-03
1.131918200144241011e-03
7.812441229658692067e-04
8.678684029126297389e-04
8.984689708993503143e-04
8.657579590099414310e-04
5.956004663093181477e-04
5.470541347054466100e-04
2.440983988315254590e-03
1.236141750933077718e-03
5.279851628783244558e-04
6.293141702336700009e-04
1.663642807626522632e-03
1.117388703761661986e-03
1.056736673116691252e-03
5.935784323689569228e-04
7.847983836904387587e-04
2.010048888255650847e-03
1.099577313786104758e-03
1.372096704829500703e-03
8.266777007915289193e-04
8.107349936267077345e-04
7.472551490654206520e-04
1.238035595207772786e-03
5.808660554775033199e-04
9.783024647103415097e-04
9.345567989498272101e-04
5.705471964477264917e-04
9.183737877073408669e-04
7.013935088711270105e-04
1.416990374010520387e-03
6.392958567176014939e-04
1.004951353063397983e-03
8.385824627870901594e-04
9.553796043090604902e-04
6.598211104711416714e-04
6.580339857418303177e-04
5.297164030362652536e-03
8.785231687644021702e-04
8.463441120557119992e-04
8.592379985388443834e-04
7.204129460057832847e-04
5.787110111761496149e-04
7.589125182863784829e-04
1.805052109278639655e-03
8.584402883172186517e-04
8.338325044651869172e-04
9.750445177559981203e-04
6.625684717049109065e-04
5.177878394668471856e-04
5.608209044887114275e-04
1.891191634122654525e-03
6.542282343878557749e-04
6.297318306522790756e-04
1.816853386358930744e-03
9.503160987461853684e-04
7.816722110245642166e-04
9.686906953417323508e-04
1.346337251911391888e-03
5.961459036943108627e-04
9.876081983735557086e-04
5.235316794194009877e-04
1.024124797307812392e-03
6.324891919666496840e-04
5.421019021834686848e-04
7.264229642307190376e-04
9.135955375561291775e-04
6.413880016185171751e-04
6.483164872281950908e-04
1.681837130948077731e-03
5.141218363536111287e-04
5.260532869930655562e-04
2.295980414942825742e-03
2.158868400575233125e-03
1.195462420867555867e-03
5.975126715837139005e-04
5.860110397241878035e-04
6.343126919814228402e-04
2.010048888255650847e-03
7.525916419669963177e-04
1.241909848902352951e-03
1.247899736727431244e-03
6.628206445721579639e-04
1.365426636196385816e-03
6.835109382114305495e-04
2.846400388363745475e-03
7.395858174215539076e-04
8.297457464146814786e-04
7.693357839350929532e-04
5.518542242677626237e-04
1.175577077110181870e-03
6.441049292938961189e-04
6.498368871544158917e-04
5.726688191347672043e-04
6.676213360203105043e-04
1.165769068748794728e-03
5.383821053329139504e-04
5.941771175032539666e-04
5.478457240984651450e-04
1.350311357788910134e-03
8.743001098717750365e-04
5.780225037619039124e-04
5.841527489907589544e-04
1.087054702697878676e-03
6.319811064902272190e-04
1.140969646938911437e-03
7.184135524612263917e-04
5.464260094749577405e-04
7.780177324551242101e-04
6.681897080653067134e-04
8.577078754289531575e-04
7.111483480253296807e-04
1.372096704829500703e-03
5.432404101339095371e-04
2.168090281737478520e-03
8.727160486887334352e-04
6.312733770613903695e-04
7.782369773377503016e-04
5.411339176482660336e-04
5.866959257389171975e-04
5.313661384769158280e-04
7.347897460581740217e-04
2.625563699733933585e-03
8.057981735401032256e-04
6.549241084554976002e-04
7.389442217302276622e-04
8.567716526959088088e-04
8.569572496225651191e-04
5.928775675466037981e-04
9.682844801310924645e-04
5.258405550720796290e-04
8.677860370765701692e-04
6.342033938354548752e-04
8.061623494224731852e-04
4.748893366764832605e-03
9.440799900028481583e-04
1.107048441413528575e-03
1.167010924947072719e-03
7.406148146089718649e-04
8.455049787096953874e-04
2.841350418479310098e-03
7.786535839556554513e-04
7.396355714055473244e-04
3.010152822456505124e-03
5.052270921251319786e-04
6.299526885603698835e-04
6.600110792254166529e-04
1.277070462781672300e-03
7.502286921479017377e-04
6.711577188109174976e-04
9.548357565763216162e-03
5.322969090742162143e-04
8.550197221676425745e-04
5.750289338360710769e-04
8.869328578007916594e-04
2.927155544399129370e-03
6.113113755654303334e-04
6.372996219511088039e-04
6.465371259486652139e-04
8.864901193442334751e-04
5.746846368659337982e-04
9.799671907509477971e-04
1.117094967912883857e-03
8.572792321181286080e-04
7.500644238526473634e-04
8.936605806108809938e-04
5.393522514205074557e-04
5.857088466120863139e-04
6.674603731903378271e-04
8.682812143960437143e-03
2.158868400575233125e-03
1.928678817024262341e-03
1.042757648037363630e-03
6.703232469565317342e-04
1.443403489104934292e-03
5.384032414578429930e-04
7.118914354982694773e-04
1.031669606403491689e-03
6.994203488258458890e-04
6.344600602107205176e-04
1.021106626430189762e-03
5.556889647201143775e-04
2.075902079892959998e-03
7.551510703720805797e-04
6.149825521803606006e-04
7.822302088576954309e-04
6.420890029993662563e-04
1.145633676769404257e-03
1.113525038314981371e-03
2.159577638481228155e-03
9.444268707909812604e-04
1.420148108695282359e-03
6.465396807891776471e-04
7.149824665999890807e-04
6.250832438619291498e-04
1.253880736896372449e-03
1.006212515813919607e-03
5.765195569287350635e-04
6.426357060785465583e-04
5.193842698138881504e-04
7.404651846129236279e-04
6.696997110541926847e-04
7.759100072546909780e-04
6.426931016151547207e-04
8.869897360827098953e-04
7.721152894288572672e-04
8.166369924397485786e-04
6.016195755686097688e-04
1.460282279972597436e-03
5.761692969391650617e-04
6.874837778354059119e-04
1.256180405813782722e-03
6.258985223244236794e-04
5.568597111225492358e-04
7.516432950439189565e-04
1.124406232985061035e-03
1.238035595207772786e-03
1.986396044569787613e-03
8.657872782008186338e-04
6.054115548922762600e-04
6.523952726933310818e-04
6.665871406471805946e-04
1.120442093186574698e-03
2.722642447717927346e-03
8.162030760979071013e-04
7.774149327212170283e-04
5.910028541717055658e-04
5.686275370616764024e-03
1.001944199967257434e-03
5.521454059964916138e-04
7.055501197929572301e-04
6.570360439740970983e-04
6.562493715871228588e-04
9.869807886546712317e-04
6.686031876832334653e-04
5.836442124681539894e-04
5.874850510402036428e-04
1.813642466366911744e-03
6.003287666216223194e-04
1.033610369077536022e-03
4.316699921512865377e-03
1.585727584444191277e-03
4.893517848909600173e-04
8.319764199760373499e-04
1.230808540417882655e-03
2.615574454739488103e-03
6.982908995474115593e-04
5.624229935008548571e-03
5.913009792863637044e-04
5.674912616913598169e-04
7.492632665164818562e-04
5.779555470243883568e-04
4.971880785880579065e-04
1.211785915689543884e-03
8.275713897297223799e-04
5.472312608468287484e-04
7.014328571510219153e-04
5.310855868782233613e-04
1.076475679957754512e-03
9.110786982617863437e-04
7.564547716035616891e-04
6.756141961336181896e-04
7.527515765734750161e-04
7.240330521162342998e-04
5.353215558542993900e-04
8.726014097015733157e-04
6.739094980977840352e-04
5.950441447734268387e-04
6.783840660804616070e-04
6.706485787358029129e-04
6.066937657613372071e-04
1.192831980449373048e-03
7.183238365859367968e-04
8.082272704541569120e-04
5.563725796091385355e-04
1.381972327121752621e-03
6.705730550603383874e-04
7.621675298538670628e-04
1.074510106757230752e-03
7.951279994114657679e-04
7.569747430754894795e-04
8.668132495224441800e-04
1.092490980676173512e-03
6.524156739757216343e-04
1.489204815769510802e-03
8.972738599175475145e-04
7.842343226627461038e-04
5.748735224630398960e-04
5.763019178632834087e-04
5.180031529442715669e-04
7.588286005537624472e-04
6.789807758082971965e-04
6.482860268501209559e-04
7.504656527486552224e-04
8.395634698082375452e-04
7.564730023796236444e-04
7.376130642158990102e-04
6.696122126505477633e-04
6.698552919428584678e-04
7.970372499720738621e-04
1.449389640042958449e-03
6.460472594482715315e-04
1.099711365308738082e-03
1.572048368480160599e-03
5.345355985517471651e-04
8.181935396555394847e-04
1.099428409759894368e-03
8.193748835373652244e-04
2.010048888255650847e-03
9.869301850589052780e-04
8.302678057848456245e-04
6.291237737291656851e-04
5.421290590419444288e-04
7.041759102480108900e-04
7.924801710605479171e-04
7.487527140955496088e-04
2.046564969785697342e-03
7.435818207440064980e-04
6.086493381052005816e-04
6.603094063971598308e-04
5.788770908417240025e-04
6.779025038717827059e-04
7.127752009286886367e-04
8.996515898130042193e-04
9.427593093911484879e-04
8.273156517934388996e-04
8.259969316087370506e-04
1.337928788628757948e-03
1.627580733208048528e-03
2.156823401548382639e-03
7.753569295451832790e-04
1.556819348301023958e-03
6.582941111206446101e-04
5.264857518748274111e-04
6.054866421423651295e-04
5.866974372571490647e-04
1.125549300000547835e-03
5.841987060750808555e-04
6.465371259486652139e-04
5.608231136066044913e-04
6.787307887395067603e-04
1.147778022760156729e-03
1.479259842353855634e-03
6.463835007186227548e-04
8.657448439835810448e-04
8.900767715983191539e-04
2.053732704305386968e-03
3.234179687047315961e-03
6.735142836687579198e-04
1.106010130327974477e-03
9.988515270063921207e-04
5.956138477261596056e-04
7.413201653803946651e-04
7.640003730984742383e-04
8.598585871685465514e-04
1.928678817024262341e-03
1.574397494255890505e-03
1.799789749870428111e-03
6.140267617723520590e-04
6.407442719797210289e-04
7.413781534961030916e-04
8.264188807620291609e-04
6.811847578801652437e-04
6.348560391103073809e-04
7.308112170453502730e-04
1.613859397118809448e-03
7.165818069191275336e-04
1.581629790130903608e-03
1.528176454557059324e-03
1.111667025561576287e-03
8.762600314644413118e-04
1.436828347997739586e-03
1.754039934695272992e-03
5.892152651121878746e-04
8.519598631045809762e-04
1.015431945963410484e-03
6.585455139804707782e-04
6.694987493756439281e-04
5.885927841946726096e-04
7.092750142730178684e-04
7.256930397060387151e-04
6.563497022502459916e-04
8.475611633773563877e-04
7.082898338302342101e-04
1.247578731293840426e-03
2.243411612566836508e-03
6.568048083215472649e-04
8.040619450983035573e-04
2.010048888255650847e-03
6.467476615294533203e-04
1.074102079123289690e-03
8.948827685729903543e-04
1.468079967371363308e-03
9.289581855091753144e-04
7.801804333092487260e-04
1.167551119523120096e-03
7.156979415774081124e-04
6.089333245853127078e-04
1.106395491004640193e-03
5.993344323381426947e-04
8.995939543588873455e-04
8.743001098717750365e-04
6.731170751163048725e-04
5.630814462132694570e-04
7.862036703883556890e-04
6.563497022502459916e-04
5.702961490003928373e-04
5.118324659177539643e-04
1.379150383360764134e-03
6.962656591265912543e-04
9.420192117296210263e-04
9.548357565763216162e-03
5.984340382738749650e-04
8.380653913432024524e-04
6.192352971491271252e-04
7.129124730128134956e-04
1.151566249663041027e-03
6.966018061731349019e-04
1.528176454557059324e-03
5.841987060750808555e-04
1.157423313281307885e-03
7.018099190097575784e-04
8.085731613944590343e-04
6.388006797949641585e-04
1.384354063872688789e-03
5.869044749953173474e-04
1.102647502741217799e-03
8.437797229143531759e-04
7.446290049009514052e-04
2.459577592807470764e-03
1.370498210619600912e-03
6.641457627218481279e-04
1.049212953953486188e-03
9.313380433249106955e-04
8.174338142999088659e-04
1.285990885381470923e-03
9.389423040112795937e-04
2.685225645122154333e-03
9.717744680578916088e-04
8.227698373442184814e-04
1.011374199339643313e-03
5.972603233018956284e-04
7.585949462413972165e-04
6.924040292960998138e-04
2.285923843679784923e-03
4.981568749677815289e-04
7.177253045745882101e-04
8.237417795883820353e-04
5.018396071326207799e-04
5.826196340254741982e-04
6.914087260340934325e-04
1.659225423650171651e-03
5.211573076991388035e-04
5.290561027002306689e-04
1.269321967868978010e-03
7.441274298756893248e-04
6.495846980102966232e-04
5.865478799655414943e-04
1.125486464000544995e-03
1.006349066937878116e-03
8.374163761808505824e-04
5.358408408135499623e-04
1.459377759977730903e-03
7.434871262988338369e-04
5.773687756390447241e-04
5.305710321222967653e-04
6.434659133876421792e-04
5.297164030362652536e-03
7.337916465638064231e-04
8.042757009419822115e-04
9.576122872885366481e-04
8.409688757747387422e-04
7.625199058432372478e-04
5.675689901126269345e-04
1.083745116867806555e-03
7.964058741306840987e-04
5.526017125098113547e-04
8.607045726266312298e-04
6.654601513089881135e-04
1.023156787490368813e-03
5.912575218176872394e-04
8.045439761105636998e-04
6.907021335778392888e-04
7.060825281233407613e-04
5.812163454396632699e-04
6.082308417913538223e-04
7.476094668934040290e-04
3.766734554734092310e-03
7.543798763907936036e-04
1.357964386148872125e-03
8.443704777314834905e-04
5.528838037726180148e-04
5.784197937678383326e-03
7.681029380820878112e-04
7.692019800391265228e-04
6.228189204305674019e-04
1.109503574811004966e-03
6.125703757210329515e-04
7.598904137014551906e-04
8.074780666134425550e-04
5.908963061490926649e-04
1.627084469595165700e-03
5.496513303731816787e-04
7.869082272859627370e-04
7.898003115352882422e-04
8.353504912595198289e-04
5.913438809252026095e-04
1.231683028323688573e-03
6.169259369450789694e-04
1.073790297799241461e-03
6.796774512210004013e-04
8.611535955034100654e-04
5.884089805549885593e-04
1.539250932511703742e-03
1.352035629591219999e-03
6.362079582011832910e-04
7.058821527864847598e-04
7.166069196320233679e-04
6.395518453959250608e-04
9.144671163761740763e-04
5.205991320143279165e-04
7.563527636294206137e-04
8.986772580631416721e-04
6.314647471659302382e-04
8.273996786052000658e-04
9.262796035033581945e-04
1.335327468883990747e-03
6.967136754263449083e-04
5.985585037951752932e-04
6.576846448336540977e-04
6.030557514045906944e-04
1.274187718165147335e-03
6.833310247063271742e-04
6.703913203811123723e-04
5.948875694069254714e-04
7.426725427958591431e-04
5.579034286183747349e-04
5.019877915746771661e-03
2.656992120151462078e-03
7.906675639833233649e-04
9.412325072663421752e-04
9.465448725327083122e-04
8.529506315024559023e-04
8.773017280169024407e-04
6.674603731903378271e-04
2.127341220675676992e-03
1.066738173975910735e-03
6.412448436274008085e-04
9.207141216345871623e-04
9.180531023325628343e-04
1.528176454557059324e-03
7.827521468585165072e-04
6.968892209175253909e-04
6.179111504507607501e-04
6.679086401260128951e-04
5.821384248746692492e-04
2.924131525254878173e-03
1.422566389220676847e-03
8.497978854313807846e-04
1.015929620320116071e-03
1.098773456188077702e-03
1.471188920334428251e-03
6.961063097681684112e-04
5.965014759598273640e-04
7.882982982773520299e-04
7.662092259095419503e-04
6.282619742904270574e-04
5.658899733298025821e-04
9.513938996661562737e-04
6.366517223532243419e-04
1.289486034177476015e-03
8.511089656472694458e-04
9.670286673541894727e-04
7.377358710811864539e-04
6.936749817619158225e-04
6.427653636570076134e-04
9.448706947402807105e-04
5.624222802041793342e-04
7.678898206085060666e-04
7.475596025862896394e-04
8.860725626722321677e-04
2.550791224103894899e-03
6.747956355863972671e-04
8.076628442142231657e-04
1.665048744396217762e-03
5.250932034452499269e-04
5.468080370780119661e-04
7.057609182920434720e-04
5.614969446028850392e-04
7.955419836447410499e-04
5.396884559553990612e-04
1.068769965362034681e-03
8.258087476360800308e-04
4.801379526648036529e-03
6.543570980546756493e-04
1.432618216398712186e-03
7.936401683952240592e-04
1.280907680358362929e-03
9.901905270492334168e-04
1.310730629061642371e-03
6.195232064385927532e-04
1.585727584444191277e-03
1.129826092585634913e-03
9.431012648415978798e-04
5.744529587385562453e-04
7.785911121532634828e-04
2.476816436229899599e-03
7.562848736376188161e-04
9.053561624157036719e-04
6.597280837687608587e-04
7.943877671625599549e-04
7.082833543349329039e-04
6.486292832297111278e-04
1.113420506683229826e-03
1.048989997447588671e-03
8.961454267715999317e-04
6.050277688460402791e-04
