7.737595380302226449e-04
4.594734608653825965e-04
6.557776276459995925e-04
8.460421756525141014e-04
8.914038047528929356e-04
1.107636957503998782e-03
4.883771577926426842e-04
2.807090949249653640e-03
1.021162544599200743e-03
7.897025962122984806e-04
5.579896858344064649e-04
8.880777427358950600e-04
1.254325147387991930e-03
5.755711554153315193e-04
6.959250316325767821e-04
1.487603219748406206e-03
8.178686856535932791e-04
8.043914038110648850e-04
6.406989195057135244e-04
5.302634076195782836e-04
3.552388207512508986e-03
2.455544703821233108e-03
8.397317560292622256e-04
4.906440813897387397e-04
7.937651311463693590e-04
9.881629892960553437e-04
6.572665025373644696e-04
1.673611875524949177e-03
7.103870019304519331e-04
6.692373182265184224e-04
5.635115562791224216e-04
1.161124014712183435e-03
5.562520356125948227e-04
7.207270865714822958e-04
8.239484134854008863e-04
6.908456824921613542e-04
5.826494208618410078e-04
9.480746781686274051e-04
6.691901029272816692e-04
7.770843002952415157e-04
6.671574567643165105e-04
1.119796490609417617e-03
5.525346699636279023e-04
6.956648118290216769e-04
6.501938273164448168e-04
5.506800727037088365e-04
9.438596995267369005e-04
1.174679936618310341e-03
8.804282796526941707e-04
1.788489237372279262e-03
7.949418864872169303e-04
6.580714118671425862e-04
2.462309958182278512e-03
4.833062759716423725e-04
5.334826795257559219e-04
6.696486226191348612e-04
6.869247689061529390e-04
5.440518688575756616e-04
7.587857244599078557e-04
1.077564969678763323e-03
4.465679243594210734e-04
7.099689621072704290e-04
3.316919040160216069e-03
6.928553117199083827e-04
7.154570846605217208e-04
6.663829875083176080e-04
5.482965591270402231e-04
5.738908366840861320e-04
2.983577657787855279e-03
5.559477826454657916e-04
1.225570907392951187e-03
1.034726073471223381e-03
4.582415763002527643e-04
1.664484032418680516e-03
5.149963450414817012e-04
6.096614287328793336e-04
8.944083046260967737e-04
4.703242473949912576e-04
8.606254207157860558e-04
1.095559656609628937e-03
6.356937403930266193e-04
1.138562976836536870e-03
7.240751340194075732e-04
4.951839883098743201e-04
1.342113551310511162e-03
6.389178533045622096e-03
5.085800846090602224e-04
1.234259111601655355e-03
4.274079277331522728e-04
1.305942896276872205e-03
7.412062666706852130e-04
6.009977836856103626e-04
2.792032018720966464e-03
5.377475819524765374e-04
5.216789297097970245e-04
5.777888127803072283e-04
6.992304858226023202e-04
8.537700463496013551e-04
6.567664475186743870e-04
7.936587634475193243e-04
1.749605609491737025e-03
7.730439248517603388e-04
8.073614711090701954e-04
1.690309441107563102e-03
6.863146562749990144e-04
1.044267711097150763e-03
1.640753816439031185e-03
5.856233839717704627e-04
8.374197573183664919e-04
6.392312441454026583e-04
1.249786491139727755e-03
7.417258980195033137e-04
6.179010042425475214e-04
5.791166619550438014e-04
9.514868472065809079e-04
7.321037154040668316e-04
4.992728780673083566e-04
1.265982698266742519e-03
4.996201419229271768e-04
8.413110095571108222e-04
6.133872749374466842e-04
6.514454631011968840e-04
9.996354507246817730e-04
1.190884713864352957e-03
2.714620159231038998e-03
5.411752439990022857e-04
6.616364084715402891e-04
1.441103911480990296e-03
1.032746622980345447e-03
5.022641684201556303e-04
7.209876833262009350e-04
5.990738943025122410e-04
1.073605384069297461e-03
7.760587176713539198e-04
2.084839984299822861e-03
3.074128317524246236e-03
8.815441007808613597e-04
5.035605104899582582e-04
4.882428665182308829e-03
8.306633048972134189e-04
1.464595537028588442e-03
6.175144367119946888e-04
5.237011082024016885e-04
7.008795126147532263e-04
6.381193353138050767e-04
3.047895812602760372e-03
2.634490685648750719e-02
1.123840763294576498e-03
5.811932108558192723e-04
9.192713667749248183e-04
8.880777427358950600e-04
5.607286675502221604e-04
4.779398161098794701e-03
6.239580761066602314e-04
6.965511314720583980e-04
6.311460483384072426e-04
7.125827981647105559e-04
6.458344314002483931e-04
9.425674294639705200e-04
5.903932927371072703e-04
1.249786491139727755e-03
9.489101763314379155e-04
7.475820866151667524e-04
5.908626732560634705e-04
6.083526607451035344e-04
9.138261333718335037e-04
1.545779398726743843e-03
5.189737777980995203e-04
4.620699772623800255e-04
5.218996322058222373e-04
9.000397721296101881e-04
8.291391927327736470e-04
8.884494518647979974e-04
8.355060457898108193e-04
4.233444875066253235e-04
1.140350320242395797e-03
5.381642579712486848e-04
6.082525913192922407e-04
5.556029744634365759e-04
1.037680776746619958e-03
6.289382302525537869e-04
5.478042839673082608e-04
8.065550555871624011e-04
7.195864415005389595e-04
6.360692633011149179e-04
6.019157805542439199e-04
7.814972724713310087e-04
6.562610009212866986e-04
1.478433793074034313e-03
6.889262212711745300e-04
8.991576249868001979e-04
4.946512654801269544e-04
5.965093092527392520e-04
7.618148662471630654e-04
7.815278092399253551e-04
7.147892793420079294e-04
1.290433697236487197e-03
6.688855574182628371e-04
5.798499862676234629e-04
5.464963828917414725e-04
5.909218949937380862e-04
5.443796212480588557e-04
7.198328793423120755e-04
5.927059343392660157e-04
1.155705972565803210e-03
8.509237941684913431e-04
5.805460910954170521e-04
5.970577476487470706e-04
2.058772551599706829e-03
7.612323376971173727e-04
9.949024581814758152e-04
1.010550163237157982e-03
9.227451368367229310e-04
6.587589803602052988e-04
1.560285353513617265e-03
6.779610974910162732e-04
1.034817519523750784e-03
7.936905120258038078e-04
7.262160875849932003e-04
7.749440166103125846e-04
5.717083909719053317e-04
7.125827981647105559e-04
5.253757644472648383e-04
9.044043402041886419e-04
1.946189522585766839e-03
4.590330394213039161e-04
9.561659899184720953e-04
7.238162752637835110e-04
5.951915216968683368e-04
5.915794912500482988e-04
7.241158314855117382e-04
6.621246057182865550e-04
8.459690564617580299e-04
6.533890515770379845e-04
7.405329809911148555e-04
4.840847080293593941e-04
1.145788405346087006e-03
6.186930602527792407e-04
6.073437947811251248e-04
7.751534415309241236e-04
7.171620613522568547e-04
6.288263311607096128e-04
6.022152966559355140e-04
5.896429815662533299e-04
5.052962222202269423e-04
6.563700765198703883e-04
1.062342081706904888e-03
5.885619097895738961e-04
1.047064089647931334e-03
1.350316322190262593e-03
5.317985410237506408e-04
1.761095945818121587e-03
6.231643700657644351e-04
1.081832781867647251e-03
1.559679032159469762e-03
1.032746622980345447e-03
5.619244078203169002e-04
9.184196458299781094e-04
5.277063512375924697e-04
1.056444246363358449e-03
1.124165890308261679e-03
1.364637661572499399e-03
7.856898099777936094e-04
1.213240623270926168e-03
4.956142923049812335e-04
5.555180659633220065e-04
9.183998080470993659e-04
7.465819844826191917e-04
4.693372273106241632e-04
1.115731235776788732e-03
1.749714414492082671e-03
5.034143826702253566e-04
7.908235548275569047e-04
7.097849962329895283e-04
6.799747653009640585e-04
5.698260723120461644e-04
6.638521177518244987e-04
5.565370757576023003e-04
6.912885313999852935e-04
1.398319305851357126e-03
1.638892843354218575e-03
9.435475553194267112e-04
7.597985890577085410e-04
2.251783677176378163e-03
7.104032207882781443e-04
7.069308714863479668e-04
6.857030037209278263e-04
7.343096859900925767e-04
8.726358190016960748e-04
4.736898652999873270e-04
5.927059343392660157e-04
1.073605384069297461e-03
5.818050020576816250e-04
2.862100985573039647e-03
7.077186011319096335e-04
5.862187087494840189e-04
7.250644986648639408e-04
5.237939842101661022e-04
2.488084195579995991e-03
7.267778371831688832e-04
1.298978891706256472e-03
6.387095340640306295e-04
8.932862622224468528e-04
7.396027139885297686e-04
8.221166823182116026e-04
5.252804699427479499e-04
7.601494969877714688e-04
6.424861779808552610e-04
1.488963916908893261e-03
9.954284021251526456e-04
7.060260614530243159e-04
1.225570907392951187e-03
6.499863398637288148e-04
7.233597063340031384e-04
8.051273943765490954e-04
1.081892427562103007e-03
5.296037843020598391e-04
5.769880076893461884e-04
6.349201208895188537e-04
6.124159551058900447e-04
1.966537886550367379e-03
9.675175852600624050e-04
1.734605233399310470e-03
5.836312149315760461e-04
6.428145557964197541e-04
9.098534031133038774e-04
8.726217569988559261e-04
7.336839323795067746e-04
1.238404943664109985e-03
8.146426283656929990e-04
5.144463570968644487e-04
5.598781551542145445e-04
1.207548297911359772e-03
7.157773325729493378e-04
5.033565583511825058e-04
5.750106563100160304e-04
5.550775826645141424e-04
7.658470823242985838e-04
6.804429382845420373e-04
6.554687884560190950e-04
1.196935438980051628e-03
8.008266743525191715e-04
7.690789002229434694e-04
5.123251457939183859e-04
2.251783677176378163e-03
9.491219901238591309e-04
7.345983573477248051e-04
5.040331778028147658e-04
7.611696538685854864e-04
7.897025962122984806e-04
1.128355418628401632e-03
6.556669685103009909e-04
8.928226519522285696e-04
1.726219566400158086e-03
1.215320372555005494e-03
1.109239244868779912e-03
1.285099055515421520e-03
5.525595924996364776e-04
6.244003551163681675e-04
5.872617202460371283e-04
5.584609839077830365e-04
6.945388856369975189e-04
6.256526595924089907e-04
6.671858782736158787e-04
1.328379017810898998e-03
8.944963165134177385e-04
5.473669190246044413e-04
6.785702764831521043e-04
5.331155513394197779e-04
5.449540735361749254e-04
9.381496149759775780e-04
6.936024370906776482e-04
5.444755267512029796e-04
5.839392205747443495e-04
1.110566836846815049e-03
5.300584305848518715e-04
5.834626882853689986e-04
1.620786731535608276e-03
6.795146890867594276e-04
7.001481273974118937e-04
7.656843146187988780e-04
3.104853210941000211e-03
8.951134303937842039e-04
8.423128306112054754e-04
6.174174059661205168e-04
5.092959658323221008e-04
7.923805884392216923e-04
7.330400724461181303e-04
8.681936380951820126e-04
1.037137810288217858e-03
1.019688272231697619e-03
4.898907694419165270e-04
6.464452073059801570e-04
1.549739784317623065e-03
6.610268978688899110e-04
8.439640793978099402e-04
6.700595012238467997e-04
9.162660653204530384e-04
6.324740410476918867e-04
1.302037559223751754e-03
6.343580502237241734e-04
7.210452630109556987e-04
1.209440925196075996e-03
8.228264105483620427e-04
1.141390984428578958e-03
7.888935096137852368e-04
1.703393086509272496e-03
5.123276477982193931e-04
7.234193643120049276e-04
6.829190332800448831e-04
6.009853400971139434e-04
5.474854600400711488e-04
6.709462449537993874e-04
5.063847188901557600e-04
6.124191914923081273e-04
4.815689848405744155e-04
7.233597063340031384e-04
8.230583061358594937e-04
4.812175682188697266e-04
2.256699161804077980e-03
1.288871408786408613e-03
7.086609907817893565e-04
6.247976044440777584e-04
6.430188512399207575e-04
4.981345853267378282e-04
1.009267871278324335e-03
6.529353867592653429e-04
1.373106160783964073e-03
3.756409721092438415e-03
5.121921241701757332e-04
4.630241647155981257e-04
5.587013801579188057e-04
5.126457642981820844e-04
5.056914282668332995e-04
6.025273464936156459e-04
8.630828333045058439e-04
1.049489028843104575e-03
7.334886755541837958e-04
1.222500200793839734e-03
6.817113926155311159e-04
5.360583146523158768e-04
1.003289850782677255e-03
6.561664528086815201e-04
5.520030489863243491e-04
1.210537361489180631e-03
5.952701634575485604e-04
8.415095080834115483e-04
7.257188786484412022e-04
6.918135848335839029e-04
1.046730068033685512e-03
4.974538915602147839e-04
8.628085506642206668e-04
2.631815624538835600e-03
5.562520356125948227e-04
6.760049980895544873e-04
7.128709580398842919e-04
7.080211608723710644e-04
6.852179064322756015e-04
1.145408250645431380e-03
7.786966711872967675e-04
6.599481326282744019e-04
1.217475384812536634e-03
1.090139551389149785e-03
1.005782953384887083e-03
5.843190898414322813e-04
6.993162249537999021e-04
1.715009932986682681e-03
6.552011345164791226e-04
6.671350899292423451e-04
6.506983722870544927e-04
7.698050256094655366e-04
6.010151143578578098e-04
7.579610374877696457e-04
9.760398056824063674e-04
8.645575804464364226e-04
7.330491865771342165e-04
6.480240195794151033e-04
8.995332216296628592e-04
1.016572879870097012e-03
7.683014084975918609e-04
9.799030514922105195e-04
5.869781563713887549e-04
1.147340236970224641e-03
6.285332852492317001e-04
8.726352567586848118e-04
6.460964086086243416e-04
1.235589631284764525e-03
5.149786817986282171e-04
8.457023980446501258e-04
6.795146890867594276e-04
5.557107065167618196e-04
1.769578983254749705e-03
6.195117147647287393e-04
7.179794285351495230e-04
6.784394378609760745e-04
8.793758607307159249e-04
1.145045368782172468e-03
1.025710848958797565e-03
2.284026215401291186e-03
8.908428096060003838e-04
8.967794024170805617e-04
1.379938474163492582e-03
7.164210782991401382e-04
7.336839323795067746e-04
6.298477236053300629e-04
1.404374662096271589e-03
2.109880468093167701e-03
1.025944825353630697e-03
8.157224253716933342e-04
7.310605515853679402e-04
1.081472593741086233e-03
1.091497518549285842e-03
7.134639511601212694e-04
5.804672460239729877e-04
6.232477044747750149e-04
9.347225987884559117e-04
8.413650405137833603e-04
9.068195151183710331e-04
8.711130587217363148e-04
6.829190332800448831e-04
6.411635880359382346e-04
7.018715488883353528e-04
1.379908503489701323e-03
2.230157004591536325e-03
5.603798136965349114e-04
1.627146030058529338e-03
9.229377570855477669e-04
6.180993388051189349e-04
7.854591699360309208e-04
2.084839984299822861e-03
7.087309244235117777e-04
5.735836110577786093e-04
6.138968583311003738e-04
1.191098751521766502e-03
6.732300858200974784e-04
6.696486226191348612e-04
7.352826475508478753e-04
1.257603245359333044e-03
6.705942914043156594e-04
7.416383142388387022e-04
6.291878528089555256e-04
6.467855395308928172e-04
4.539924230899833085e-04
2.032401190617340141e-03
7.309117135017107261e-04
1.107308522366251590e-03
1.869631518049950447e-03
6.812892996775418578e-04
5.168546026632304859e-04
2.571754337836411938e-03
5.444635320065060362e-04
9.767076583856975757e-04
1.335151797098408678e-03
9.339648674332918805e-04
1.099218345951844108e-03
8.126642435715324608e-04
1.450904415619016022e-03
3.900444224248740977e-03
8.954423009675366828e-04
7.201558471704588849e-04
6.024008839254699340e-04
1.039273823510930951e-03
6.586719746468441307e-04
5.384835400577014410e-04
1.333669134087177559e-03
7.100868369606964589e-04
7.723459694815933314e-04
1.167650301076938015e-03
1.073483750955706766e-03
4.788250660783858700e-04
2.150680767529170728e-03
1.251084039684484395e-03
4.663268252927690004e-04
1.172878745725266071e-03
7.805905724107474420e-04
9.081163283946251229e-04
6.890431618628390731e-04
2.293244614807160315e-03
1.243662774001427166e-03
1.055958369887961693e-03
8.165450377567051070e-04
2.603914036475818601e-03
1.477690840360832173e-03
8.417427713769310045e-04
7.437572939511845208e-04
5.853405144965213988e-04
1.082777840242656747e-03
1.099865803165826598e-03
7.633412054047556588e-04
5.327359657719335636e-04
1.139960379981545986e-03
6.406872713024369236e-04
1.082533315550451326e-03
6.522371608678309476e-04
8.247545286180790226e-04
9.528156583687184605e-04
9.994796597920000639e-04
5.136012474397275932e-04
2.331346321552997970e-03
5.169329580261791159e-04
1.385924199664081676e-03
6.358268641443700275e-04
1.749491546625631198e-03
9.842529688870833241e-04
6.210686172912133814e-04
3.020108307543012838e-03
8.116690782192961633e-04
4.987875908103348932e-04
6.556306550709321054e-04
7.559280572271386131e-04
5.617963970244442854e-04
5.359449812243516657e-04
6.411459156144264830e-04
5.584609839077830365e-04
5.635115562791224216e-04
6.825953041819554819e-04
7.863541050509567166e-04
8.813807195135621962e-04
4.941692100882508643e-04
1.212197066199029259e-03
8.415819399024009094e-04
6.916308398088943455e-04
7.946240066472970388e-04
6.382346310749514124e-04
1.522949618815774885e-03
9.976101587810162329e-04
5.340784505263068043e-04
7.294207176736645752e-04
9.443438193632676045e-04
4.778531809863918148e-04
1.287094384806293729e-03
5.730115963812674020e-04
7.076902256223346942e-04
7.730408563216850139e-04
7.230840056632593894e-04
5.877469899446641048e-04
9.452849576571680955e-04
4.892222946873400541e-04
5.023818818383125363e-04
8.258689459550968073e-04
8.191065712311413824e-04
7.282099909882575528e-04
8.164074091746695207e-04
1.059677330463258509e-03
7.920853346870962777e-04
6.350701302672769489e-04
6.749650745019098765e-04
9.862088630211405822e-04
5.922547757867393852e-04
8.102110951327051247e-04
1.419880835011963103e-03
1.460189512956382206e-03
8.048018419796080592e-04
1.206088736264396798e-03
6.510212622941953693e-04
3.360480531376188167e-03
2.571474537859094311e-03
9.852678834725648108e-04
5.064883236327784874e-04
5.085398080843635477e-04
3.250063232252268283e-03
1.396398009423779115e-03
2.899936111820110123e-03
9.647204323645031067e-04
7.441755276964068851e-04
1.634775176670361270e-03
1.113926309017317920e-03
8.825928565404014001e-04
7.877803087558420429e-04
4.895203005486711443e-04
1.156873556432221149e-03
4.689134653389615925e-04
5.065712616708938684e-04
6.982999399288249750e-04
5.951197006898558198e-04
5.141242686194894169e-04
5.218286698449831973e-04
1.559298230652105249e-03
8.222469088473113212e-04
4.656954678409498108e-04
5.305277460584328442e-04
5.405311762141487607e-04
7.058380761154850903e-04
1.191098751521766502e-03
1.038778288593638754e-03
5.374740280519877322e-04
6.467762888020175136e-04
6.134624337778495258e-04
7.920015977449015041e-04
1.095703101135952866e-03
1.348376502339357049e-03
5.921040286211394022e-04
8.511081175542524078e-04
1.237374085047592519e-03
6.802630775214385571e-04
1.179632607499276915e-03
9.332364018979813058e-04
7.489906132353602204e-04
5.805460910954170521e-04
9.485380433200937865e-04
1.200990728116044107e-03
9.202364005002278743e-04
4.872234438403449637e-04
8.299789013765161661e-04
5.226316899595609107e-04
1.002168796872719399e-03
7.020843704842147674e-04
6.327242218097286607e-04
3.299258657923634635e-03
8.888130674057149235e-04
5.503423223665385167e-04
1.284262554714880140e-03
1.613612991118260065e-02
1.004397609365417689e-03
5.351083047857909661e-04
9.643156640906262256e-04
7.722335437180707744e-04
1.047436692919526341e-03
4.858443014817604875e-04
8.177683244004811626e-04
2.230176177762625313e-03
2.469030450998142140e-03
9.202364005002278743e-04
1.029762784012602708e-03
2.248344473687544694e-03
1.477690840360832173e-03
6.613859730904746376e-04
7.292375421423074851e-04
7.530271395122520913e-04
5.842134268370496311e-04
8.298524019751890926e-04
9.469779367434015939e-04
5.512102982623428866e-04
6.810903742491075880e-04
2.054251022464503341e-03
7.983033021116776786e-04
1.011520919104574910e-03
7.443738644995547297e-04
7.493388229362630800e-04
9.178653815286947270e-04
4.351452793386506243e-03
2.833955956661881638e-03
1.522949618815774885e-03
8.148166175730902142e-04
1.526549084040527884e-03
5.122539619886106810e-04
6.364899470422460135e-04
4.519578034693922655e-04
1.030175764086425569e-03
5.153615050248085269e-04
1.124376077253392767e-03
1.347302661467241099e-03
7.740857575829103443e-04
4.931929385367796962e-04
2.014600442404202753e-03
5.824350552303853316e-04
6.036770476638267163e-04
5.334954912112961807e-03
7.888752966482691798e-04
5.114515996444598525e-04
7.825291406207463994e-04
9.569995481515983747e-04
5.275953222225111035e-04
8.146953276689417218e-04
1.291150927159305517e-03
7.854591699360309208e-04
5.758427796776375771e-04
6.803495826940656474e-04
7.103870019304519331e-04
5.446882394326487157e-04
8.332700234615573456e-04
5.393862031065435082e-04
9.692940431836279992e-04
5.768994115678658004e-04
6.434435387399237106e-04
7.350058061291803906e-04
6.389125505817855105e-04
4.316139388145749244e-04
9.599145268781045931e-04
8.470869987287838517e-04
9.515471330439177495e-04
5.260083016540845332e-04
8.722150737853603866e-04
9.509258810566367532e-04
8.221166823182116026e-04
4.928737925255488855e-04
1.257603245359333044e-03
6.171968591541330141e-04
4.703242473949912576e-04
8.805487319399377903e-04
7.985568004395258209e-04
7.345983573477248051e-04
3.757570813882832230e-03
8.564313284445566540e-04
1.374579418326875432e-03
5.852117032202364686e-04
4.864206559149456162e-03
6.892963739501627683e-04
2.262113492869564230e-03
5.715946471928623745e-04
5.925214140911318683e-04
9.135074990327394281e-04
6.890929167272323011e-04
1.587824856808426992e-03
9.329051166112439222e-04
1.063634733996983786e-03
8.470109811740326837e-04
6.203095724198452341e-04
1.571560392590903637e-03
1.322547878599799557e-03
2.698775407674418141e-03
1.380300476125375340e-03
9.275057056019064567e-04
6.618232393084840220e-04
5.665431707338005511e-04
6.412053303949360713e-04
5.499898077751915393e-04
9.290198324875770328e-04
9.968428230658643325e-04
6.982386569191647956e-04
1.559973791986620471e-03
4.926528265212628882e-04
7.006204232870482046e-04
1.772995914747259143e-03
1.734605233399310470e-03
7.083648778472861375e-04
6.481000362711610745e-04
5.925576439165777852e-04
6.550813034726799943e-04
6.840611706157504997e-04
7.781600509242446017e-04
1.184042538311002929e-03
3.868718006456977904e-03
8.928226519522285696e-04
1.219717446285961031e-03
6.353607215682255957e-04
1.168372717513225254e-03
5.771394338739821569e-04
7.110658547881278492e-04
1.651288135717847005e-03
1.462851644039790287e-03
5.729733516849517269e-04
8.683979739654597426e-04
6.374591510866805437e-04
6.181273132870002910e-04
7.728866024993807623e-04
1.520040852590875350e-03
5.167812658652240531e-04
6.306224386250612471e-04
7.362379935919345772e-04
1.325083769551961338e-03
6.706009056014892349e-04
9.646518261869494381e-04
7.887701738277029355e-04
6.630820967167381933e-04
8.155955006454887295e-04
6.678313412609505114e-04
5.567567912753557243e-04
1.080633725076846335e-03
7.181994978339493975e-04
1.657706585443616222e-03
1.037002019334764885e-03
7.553156956981096903e-04
7.104032207882781443e-04
5.353028208637247362e-04
1.238909795391029359e-03
5.244059830704637156e-04
6.072695101789721099e-04
5.763027182842373180e-04
9.394616219166502819e-04
6.620490648594626933e-04
7.338597418371820783e-04
6.429381489377618795e-04
8.246715004049539298e-04
9.176193362258296734e-04
9.316142729868955551e-04
5.852781161058202191e-04
7.821313872896596894e-04
8.256465620219005652e-04
5.409029612851976076e-04
5.676503713305126181e-04
2.246927254653207934e-03
8.920272817144833276e-04
6.510212622941953693e-04
5.484006964442257430e-04
1.733882157347176045e-03
7.114603084732021906e-04
1.787212971700119285e-03
5.198460899923441122e-04
7.423977337261874468e-04
2.230176177762625313e-03
6.706009056014892349e-04
7.670494758311998621e-04
5.964690174199108619e-04
1.005782953384887083e-03
4.594348442947739520e-04
6.924616050857493104e-04
6.705942914043156594e-04
8.884469591638489159e-04
9.653137030425900517e-04
5.852422975504666114e-04
5.248951975589497172e-04
6.842094329083744800e-04
4.581237573829401687e-04
5.484755759514203279e-04
7.061974760970143395e-04
1.814579939684116084e-03
6.344732541055097272e-04
6.844328435471831772e-04
8.019942895725424778e-04
6.166315068096438114e-04
1.360199089232713753e-03
1.021517528867289153e-03
7.442009790530752485e-04
1.029688790588988330e-03
6.715653904776887556e-04
5.463086538181501344e-04
5.269569576738848292e-04
1.739835557464157424e-03
5.688498890705050029e-04
6.307680281817070519e-04
6.782862456627428106e-04
6.823594077189682914e-04
4.528473840917195993e-03
1.185019549398625598e-03
1.152020608014677145e-03
7.384893556771562895e-04
1.081892427562103007e-03
9.443267379143111418e-04
2.996411725047658670e-03
1.434711219201501324e-03
5.770477332339503558e-04
9.311420336983812539e-04
1.074818986754860501e-03
3.569817311744313826e-03
1.675636342821507172e-03
8.503908259664306893e-04
1.457102384152107744e-03
6.179238657600911533e-04
8.867812259368726240e-04
8.106345371960533381e-04
7.861441416070001197e-04
1.038531976841285251e-03
5.619244078203169002e-04
1.131997960636748572e-03
5.531257090919398023e-04
3.721721870548419693e-03
5.103598315086772851e-04
1.405333229055328887e-03
7.655760494397787852e-04
9.456937253693827776e-04
6.868429819427807840e-04
7.286130388357229658e-04
6.868468212530715869e-04
8.060537060664421183e-04
1.217392356366730479e-03
7.835657405526588650e-04
8.288029993197918582e-04
4.974612147716139451e-04
1.211922291081940495e-03
7.413595581533280552e-04
5.277734466945482568e-04
8.020326444527735299e-04
1.155196768978376028e-03
7.262160875849932003e-04
8.673904771790585293e-04
1.473903231658277996e-03
1.046347595679984060e-03
8.472467092933797395e-04
4.996201419229271768e-04
6.933740231223701946e-04
7.524096917760090880e-04
1.221793851298834258e-03
9.518938593999902876e-04
1.048181556066989789e-03
7.902637330052501722e-04
1.858404911469507207e-03
6.197717983145505051e-04
8.526360189619339516e-04
6.896875965940866583e-04
7.008542893994789856e-04
4.737976603605574457e-04
2.862100985573039647e-03
7.860728754499960976e-04
5.320521088079305282e-04
5.997714914718394906e-04
9.223899447582460491e-04
6.408097100429563939e-04
8.781736057149925907e-04
8.282146632367665823e-04
3.552388207512508986e-03
1.912305639760329993e-03
1.769578983254749705e-03
5.707816435780162061e-04
7.016179207883986276e-04
5.679033103669657708e-04
5.673787478159041456e-04
9.965608962565644744e-04
4.962658991431469473e-04
7.281837428513284957e-04
