3.446754781162108313e-03
3.491005016594111651e-03
3.366725847281770451e-03
3.483233319170827430e-03
3.485301821288109246e-03
3.530091038096083971e-03
3.410359195863066611e-03
3.451431118832977776e-03
3.519529089304950994e-03
3.538338231832131864e-03
3.416664905388853979e-03
3.410537877120713678e-03
3.487170396500205438e-03
3.514175737004238478e-03
3.511218826476635371e-03
3.537731771257534956e-03
3.501434839146945824e-03
3.429147521938237866e-03
3.466149446706910144e-03
3.438199336846748701e-03
3.438626641525479623e-03
3.499709250059317156e-03
3.251972388000013738e-03
3.445381854528836545e-03
3.360455758216714280e-03
3.511283164608053342e-03
3.507934911013190112e-03
3.470498789674992309e-03
3.386576643395964627e-03
3.405370682247410921e-03
3.541879062978418001e-03
3.516198797378534188e-03
3.368195727311345741e-03
3.434211569617407443e-03
3.536689586376362375e-03
3.497759533446909500e-03
3.521458704583957464e-03
3.538259964260208335e-03
3.499268671585903899e-03
3.543542689832841677e-03
3.510277505501292750e-03
3.493758465168590732e-03
3.363696235294687600e-03
3.550852716807330681e-03
3.514381431550806390e-03
3.547383761216083529e-03
3.517285224347212885e-03
3.501541068695962489e-03
3.512962228868851504e-03
3.500565539718364805e-03
3.430725344723634541e-03
3.523158928014575100e-03
3.399615459521615132e-03
3.507506652102674455e-03
3.533214193013339919e-03
3.534146915017738824e-03
3.533749694161196497e-03
3.538683623510921646e-03
3.539348765257500917e-03
3.331846269310751070e-03
3.490425870677719283e-03
3.374590234466594372e-03
3.324881823918235738e-03
3.512099095161094146e-03
3.534933626689963030e-03
3.491521235367127732e-03
3.542680367665722828e-03
3.441224906009782494e-03
3.547352469066217436e-03
3.534051458963708911e-03
3.523475519946172359e-03
3.504789945785015751e-03
3.437905074886780585e-03
3.522045894225513639e-03
3.266108440167644726e-03
3.514006285516445630e-03
3.501231290460685500e-03
3.536186570632250843e-03
3.548028393179553965e-03
3.542286782223332507e-03
3.426585441294423100e-03
3.550963925197292339e-03
3.548993212928647223e-03
3.437856836059369724e-03
3.474448193670352965e-03
3.411844400778827474e-03
3.499287614322602567e-03
3.446734657921369203e-03
3.548327166341051601e-03
3.410959091785068127e-03
3.506777932466806445e-03
3.489714979735886700e-03
3.546807485971357685e-03
3.497125910814522128e-03
3.432265020355637630e-03
3.540097299192545167e-03
3.401686070774088098e-03
3.527276185946763391e-03
3.406406003143302302e-03
3.344439572597163093e-03
3.466599228018211847e-03
3.516636538633141629e-03
3.520130376301933844e-03
3.536750262638642135e-03
3.468393115844834330e-03
3.462725703462743616e-03
3.527404445956783263e-03
3.432157088548931558e-03
3.457968057575943645e-03
3.547896026159695973e-03
3.551309140570175181e-03
3.534472201190316885e-03
3.546838159219969748e-03
3.431122880365664908e-03
3.501207821780057301e-03
3.368369023517796615e-03
3.523038696196838064e-03
3.539571890169232633e-03
3.468184992919616343e-03
3.439216470362944922e-03
3.527652257173535984e-03
3.537867086148613512e-03
3.413207035815875139e-03
3.463492956163814231e-03
3.520616579119515647e-03
3.310276262986474628e-03
3.521894404964705239e-03
3.409519889020462026e-03
3.423894970971423299e-03
3.534727167657170360e-03
3.328070516482730529e-03
3.513254433087224012e-03
3.499327664053919051e-03
3.483795284963256585e-03
3.452699796407085291e-03
3.542349854558176584e-03
3.492215456575947959e-03
3.440620989217445073e-03
3.487636293851313629e-03
3.394435049261825422e-03
3.416846642840627377e-03
3.406842069447378607e-03
3.530483584393755668e-03
3.293028252307162937e-03
3.539591550791378570e-03
3.480348694597485727e-03
3.434211569617407443e-03
3.433449770823100104e-03
3.444378383427392377e-03
3.534840087863224539e-03
3.524820868061800515e-03
3.532015379560222122e-03
3.436339979144314299e-03
3.450559218501875192e-03
3.522509924630711029e-03
3.454378011433681828e-03
3.398922103879168689e-03
3.432650650408385334e-03
3.535488901856833829e-03
3.514904007895005948e-03
3.336915472963262498e-03
3.415652610252339037e-03
3.486812349533682971e-03
3.523029323681724223e-03
3.465383105138750836e-03
3.395949847540946816e-03
3.378678369994590064e-03
3.503804321745346631e-03
3.455183155702729048e-03
3.494378744206848731e-03
3.521461957406460570e-03
3.532588894859867330e-03
3.454871650866477885e-03
3.526651938133046511e-03
3.544344520963037953e-03
3.532358453003745825e-03
3.445203960676082935e-03
3.504413492335146235e-03
3.504888682725877842e-03
3.504341858492553315e-03
3.446402466618206199e-03
3.360627705397076399e-03
3.435549846643707814e-03
3.414392533861221324e-03
3.391300797369710927e-03
3.415884155001581123e-03
3.273214754043189418e-03
3.422553106360371952e-03
3.485760691172572374e-03
3.476421009885986065e-03
3.415694987269938913e-03
3.489780987181512369e-03
3.481510199965795818e-03
3.455280727097023025e-03
3.501065684971003782e-03
3.520828674811582199e-03
3.485258348318346581e-03
3.498198911346059922e-03
3.363817679468131781e-03
3.475207033158064091e-03
3.392234020360273411e-03
3.437324599483832215e-03
3.487239361503940982e-03
3.522976872932569690e-03
3.505601925920595087e-03
3.461088828983457585e-03
3.428973423998742023e-03
3.473721861613085493e-03
3.521721678728494207e-03
3.517484812357479004e-03
3.520969084103813852e-03
3.297874156927786855e-03
3.526493489321776576e-03
3.513294204546642784e-03
3.340190496529057279e-03
3.328848919094877599e-03
3.357485999551778483e-03
3.512387193294465564e-03
3.469715765893532141e-03
3.549492422688978015e-03
3.463492956163814231e-03
3.445811502264741529e-03
3.425689387204192311e-03
3.449568549111071362e-03
3.536300341833251409e-03
3.541588347469130753e-03
3.435427945837228429e-03
3.508556342539172722e-03
3.475555413180212230e-03
3.424722955910067951e-03
3.332886757249241359e-03
3.309658806419512808e-03
3.494458766975770854e-03
3.358771286052304652e-03
3.520010059154290473e-03
3.549760315962636591e-03
3.500302825433195160e-03
3.492442567879127518e-03
3.463794553848830154e-03
3.476137431926693000e-03
3.368452590975420588e-03
3.509387854131802709e-03
3.520168837495562652e-03
3.546276204322581106e-03
3.452863209401749005e-03
3.550677295285272709e-03
3.463431505732077198e-03
3.438462012965410632e-03
3.534331995263427159e-03
3.436955897042579325e-03
3.536181792972775770e-03
3.368814816850939677e-03
3.476680135957011496e-03
3.461916873710475274e-03
3.438934256741826411e-03
3.543475557548435295e-03
3.464968260808405816e-03
3.489431642247720153e-03
3.477566911116961035e-03
3.366168283660776403e-03
3.524690612517356741e-03
3.464252024177552885e-03
3.523716133621563121e-03
3.533445805520855822e-03
3.471545196804742568e-03
3.493859643196181412e-03
3.501126838159792243e-03
3.528547820504671084e-03
3.547189869672264829e-03
3.543828620474514818e-03
3.374073777174067292e-03
3.382338577684761496e-03
3.510480403965648109e-03
3.521632372026514864e-03
3.490100374118800496e-03
3.524797406199300411e-03
3.495224046971468282e-03
3.546822925910545106e-03
3.382043052706689215e-03
3.543921117089855397e-03
3.480087661614330793e-03
3.447857847650264134e-03
3.339633468425710818e-03
3.475789204558988633e-03
3.475092647932586428e-03
3.475525633684285309e-03
3.507401108147852921e-03
3.538824087701482237e-03
3.507426668378432581e-03
3.469810187992830759e-03
3.514525685568991881e-03
3.489236414824853881e-03
3.447592844963564586e-03
3.323000704925097026e-03
3.514375144650314867e-03
3.502599637659940812e-03
3.536436981184229358e-03
3.527263648279901648e-03
3.510690404532302092e-03
3.454677972233251987e-03
3.509931921991369524e-03
3.535316624383394099e-03
3.478775334277401255e-03
3.540411117485714985e-03
3.491791358796283214e-03
3.545128311467158309e-03
3.528810834245917419e-03
3.487198077854847516e-03
3.451039264253016534e-03
3.509370387442809977e-03
3.489086461658124673e-03
3.511695604081821465e-03
3.526651938133046511e-03
3.499211337523176410e-03
3.450559218501875192e-03
3.509021569067787005e-03
3.466213651588364100e-03
3.503289202770952515e-03
3.542208946885982632e-03
3.334933567716568195e-03
3.453687632045905620e-03
3.474513819333213075e-03
3.330972424924596130e-03
3.402519008507013352e-03
3.538454977816837387e-03
3.430940107337391090e-03
3.373798386617255472e-03
3.391597063690291857e-03
3.412545742952662400e-03
3.486884235087746135e-03
3.398390975785697300e-03
3.409931478893906028e-03
3.548469796118355543e-03
3.530666414948569875e-03
3.521829099723019097e-03
3.429797718750134550e-03
3.509897402661625067e-03
3.480039496927198918e-03
3.369559593957603856e-03
3.539010452656850790e-03
3.527652257173535984e-03
3.437404987907460938e-03
3.456982949835273738e-03
3.382099808798535480e-03
3.550396423076130487e-03
3.454947509535264555e-03
3.481378176727986662e-03
3.521996755249431031e-03
3.527276185946763391e-03
3.519341452706436623e-03
3.510277505501292750e-03
3.510288734808944457e-03
3.542182591023143243e-03
3.484289747012165456e-03
3.462075005134917886e-03
3.524439900158282853e-03
3.544982895232437134e-03
3.366417163451875753e-03
3.523170848858869428e-03
3.372556205223362254e-03
3.531773873590046426e-03
3.422139678969109491e-03
3.530741360479558531e-03
3.520010059154290473e-03
3.527964064115845198e-03
3.541685920062520674e-03
3.307109983011835043e-03
3.433088825731067661e-03
3.487982977398934072e-03
3.426662566103862162e-03
3.543780257995137253e-03
3.431687440903418915e-03
3.550493561583236563e-03
3.462997621615561752e-03
3.514143530939647236e-03
3.492542734083371302e-03
3.409527289145657374e-03
3.508320688687630029e-03
3.514659753072131836e-03
3.427998885173362369e-03
3.548368185641654488e-03
3.530270782659009499e-03
3.481080261769146835e-03
3.523136148732020686e-03
3.517518468515604645e-03
3.484246553183064331e-03
3.409101284829669284e-03
3.427105517332175097e-03
3.491832193252308088e-03
3.500193510862354557e-03
3.511218826476635371e-03
3.439475496977417550e-03
3.502313473256999515e-03
3.527580930652045657e-03
3.421056774693325558e-03
3.550481771883401243e-03
3.363163389249869059e-03
3.497957815378277373e-03
3.507932800246646790e-03
3.519289824443180489e-03
3.346736085328679347e-03
3.462075005134917886e-03
3.408197217690356155e-03
3.516774917804345833e-03
3.424687387576686934e-03
3.549984066975582150e-03
3.320463418655284545e-03
3.509678978244502347e-03
3.399240855031283610e-03
3.503198783893247091e-03
3.379280711399868832e-03
3.356168910866695956e-03
3.427777560504556304e-03
3.524590113297076770e-03
3.273214754043189418e-03
3.511242190584742788e-03
3.502103367071377968e-03
3.442363614322085756e-03
3.472095289981127781e-03
3.526541490260055867e-03
3.520336308599354615e-03
3.548321445730588837e-03
3.482064859057185623e-03
3.435521427186967632e-03
3.465910765145067528e-03
3.521111714841273360e-03
3.360639024824042462e-03
3.432015521019090784e-03
3.449401735698216266e-03
3.502118499611138729e-03
3.546658698294758230e-03
3.494524349569442991e-03
3.370424283785798149e-03
3.542351077137259260e-03
3.531356856847111744e-03
3.312667681358797984e-03
3.436649324995572942e-03
3.459308346856523018e-03
3.531033982733760082e-03
3.496372886491580425e-03
3.484181093172613979e-03
3.468231099589637757e-03
3.548465053374087914e-03
3.541307183930150239e-03
3.523654437668900449e-03
3.497288476172748239e-03
3.512331240946312862e-03
3.433504581369903157e-03
3.521078173246620577e-03
3.400384131963766522e-03
3.497477957173728003e-03
3.445815369158694574e-03
3.533456953499644615e-03
3.513599899402245017e-03
3.500301227199144848e-03
3.468393115844834330e-03
3.427703770339743210e-03
3.529078840648992854e-03
3.481293118371191209e-03
3.440679162588259135e-03
3.482318038976216223e-03
3.418783535450765215e-03
3.506322910304956932e-03
3.388749851050059780e-03
3.488189717874077070e-03
3.384998554272883840e-03
3.534125166546882996e-03
3.495887477909505846e-03
3.334933567716568195e-03
3.451416854457958067e-03
3.540694239882382667e-03
3.282350713112375425e-03
3.432327716964159690e-03
3.548465053374087914e-03
3.510016867356378044e-03
3.549773821607404498e-03
3.451991982017391623e-03
3.407206910677027575e-03
3.416112370283337640e-03
3.515120533767758342e-03
3.519220284406206906e-03
3.524529375265482954e-03
3.548626880414102337e-03
3.489096169177334159e-03
3.508854460719956596e-03
3.394327487378710241e-03
3.464030140636756034e-03
3.493154009952063096e-03
3.383503304788648691e-03
3.440829545452783050e-03
3.542808465291470872e-03
3.315049565354417395e-03
3.383768772666345508e-03
3.423874400468924443e-03
3.470398078783790662e-03
3.535070072306799836e-03
3.522884555338791877e-03
3.474405366076864423e-03
3.526684665836319656e-03
3.499221947697674952e-03
3.481808578011657065e-03
3.513621340616394223e-03
3.502207781686019102e-03
3.467063090911661274e-03
3.494213529728741260e-03
3.441778705302741929e-03
3.519143983435884561e-03
3.481293118371191209e-03
3.505586556272641870e-03
3.348530148573563344e-03
3.513478862270851509e-03
3.546979707707348037e-03
3.537196797460812493e-03
3.536974404891903012e-03
3.384163952361494282e-03
3.448366294722391041e-03
3.525824440492740693e-03
3.540069417487910416e-03
3.450023039149332192e-03
3.496702362456637157e-03
3.454027330716182877e-03
3.532971141872277149e-03
3.495443282151681780e-03
3.516511115224828319e-03
3.532703825415516204e-03
3.434965507014808503e-03
3.384421445794956809e-03
3.370682469694716993e-03
3.456291567333990775e-03
3.548687215219529720e-03
3.273758218970724242e-03
3.436012041097343418e-03
3.433400484600701227e-03
3.544567920968237640e-03
3.509118611466807182e-03
3.536132683049352746e-03
3.505086200332364552e-03
3.292399198871145787e-03
3.506044866902115024e-03
3.339698300982538257e-03
3.526215467507256077e-03
3.531982554730014878e-03
3.469277111788435057e-03
3.528842324391494485e-03
3.529879844170016965e-03
3.351897204045248095e-03
3.467840035709675479e-03
3.372523398836841692e-03
3.436319038698769628e-03
3.486690038403293321e-03
3.409839866518179271e-03
3.510180313425336797e-03
3.522769807274415532e-03
3.465777622832972010e-03
3.316833172561395662e-03
3.380378044330670066e-03
3.470825237726557488e-03
3.531199774301683157e-03
3.467699262645194958e-03
3.489504201535965043e-03
3.546838159219969748e-03
3.532334352526009507e-03
3.432896315704857607e-03
3.515912196506604335e-03
3.441224906009782494e-03
3.445434364013911718e-03
3.355172070467505978e-03
3.507797774868545194e-03
3.478468770903600255e-03
3.424222280859387166e-03
3.430725344723634541e-03
3.451594268539275555e-03
3.470531368269785116e-03
3.339367364230981516e-03
3.455368274315537627e-03
3.540442142117778031e-03
3.444602080590540051e-03
3.514053002366116906e-03
3.476641566477687607e-03
3.546260554782970729e-03
3.400702790580239533e-03
3.443319748713149012e-03
3.442668854416354798e-03
3.512101595769141164e-03
3.494356605212426727e-03
3.500612248693369451e-03
3.551082084301713723e-03
3.534604237381206056e-03
3.478521205600138087e-03
3.489047122829103554e-03
3.541153524750973586e-03
3.381833567652334747e-03
3.368132466397414856e-03
3.520932509200645245e-03
3.388011624010661520e-03
3.544344520963037953e-03
3.506841812719153385e-03
3.523633224870235253e-03
3.442308831949871667e-03
3.466530937769725807e-03
3.449418576149638951e-03
3.472005390474798558e-03
3.473727018673954114e-03
3.474917787049711972e-03
3.527673177685152015e-03
3.466373379794679237e-03
3.500574899274355722e-03
3.512576989953468051e-03
3.415565139596284799e-03
3.531634024209927974e-03
3.505252553164599563e-03
3.339491278222016159e-03
3.451861408753234897e-03
3.509153911391152316e-03
3.482122416516661260e-03
3.446741390158862377e-03
3.481498217288346141e-03
3.374583250398688339e-03
3.473337910194838288e-03
3.438441939097603046e-03
3.389545736523738584e-03
3.461166959086265163e-03
3.536989664563453678e-03
3.498280478048351218e-03
3.490143273046577774e-03
3.536132683049352746e-03
3.467550769034059756e-03
3.473513102056839663e-03
3.508843966382789968e-03
3.514461100162350610e-03
3.318657828109757013e-03
3.495180117098947801e-03
3.487118965156699342e-03
3.503696154872085362e-03
3.486024962759525642e-03
3.527371749054222794e-03
3.511478716657096249e-03
3.522567162278919355e-03
3.423382554759640123e-03
3.372026583198843141e-03
3.456878432182407951e-03
3.463647996102363607e-03
3.491658385414240368e-03
3.497415724626997541e-03
3.542984154669256459e-03
3.527070727241728848e-03
3.503755282291993057e-03
3.504468082096801745e-03
3.548162230771408597e-03
3.481259556848931118e-03
3.451627438099841641e-03
3.510793300561209501e-03
3.375893464884466462e-03
3.535315451931634288e-03
3.403424310354783051e-03
3.542560484667352412e-03
3.491958542339787530e-03
3.525619019676883188e-03
3.482517867236595548e-03
3.521924075965875145e-03
3.342086885299324055e-03
3.548277673290664395e-03
3.475715555666940293e-03
3.457467518035536435e-03
3.363163389249869059e-03
3.482705915981243114e-03
3.544642724899321751e-03
3.485452301960802277e-03
3.497335870418870948e-03
3.471098924775929597e-03
3.534520161368862913e-03
3.542264879277744194e-03
3.402131325094763254e-03
3.330619971587051205e-03
3.516433204144384789e-03
3.523113756492961615e-03
3.459438899406545344e-03
3.450212136637868798e-03
3.364936207461758071e-03
3.544420638008172718e-03
3.532277272901210644e-03
3.528842324391494485e-03
3.380378044330670066e-03
3.485719734223301051e-03
3.485757880391596349e-03
3.482791094487716101e-03
3.431666438552612077e-03
3.486180184222731002e-03
3.548635637325215676e-03
3.499427284682095872e-03
3.542802741856850967e-03
3.532871772427528985e-03
3.421371932713248090e-03
3.529556910507387034e-03
3.323873152229928508e-03
3.457953329452533552e-03
3.479181815292104255e-03
3.414137157437032409e-03
3.539552486085300546e-03
3.519563875670375912e-03
3.540592569968137315e-03
3.378736686374110565e-03
3.435651884694753289e-03
3.355591840171096539e-03
3.533467094788805048e-03
3.547281493840178171e-03
3.544317456094362752e-03
3.323873152229928508e-03
3.497957184488265266e-03
3.526644690900210526e-03
3.533300468488246530e-03
3.487667013632009434e-03
3.458506687355998588e-03
3.479195572852120805e-03
3.522850521795171420e-03
3.517534488404219957e-03
3.443312110961935409e-03
3.401475206969738381e-03
3.464599206923327495e-03
3.523626566688456765e-03
3.514140339222561298e-03
3.383778154810165167e-03
3.507627128725431497e-03
3.514563922262020287e-03
3.499863246565019029e-03
3.510690404532302092e-03
3.539538803815369360e-03
3.497722074870442295e-03
3.422323818840437848e-03
3.535455013759289129e-03
3.404776111335738355e-03
3.390265558717432941e-03
3.395703206442695753e-03
3.532120354714283691e-03
3.550982030474644779e-03
3.501968891019904828e-03
3.512607986600485826e-03
3.310956288005887684e-03
3.415722933465837989e-03
3.548175530838516140e-03
3.371698358389140643e-03
3.434077723417992400e-03
3.522077279452647414e-03
3.431134402042423839e-03
3.513232364970378385e-03
3.536881469021390702e-03
3.424414581814499547e-03
3.506062819385266562e-03
3.492056738922142117e-03
3.339000895791234547e-03
3.429324505408158988e-03
3.530406171978332439e-03
3.363538771314040967e-03
3.508309201383017287e-03
3.533192481426051038e-03
3.444164405136159422e-03
3.470806014159731005e-03
3.443978919960316142e-03
3.335215810793904119e-03
3.395318934083076112e-03
3.314580046537557358e-03
3.451250916071168032e-03
3.382630009371447380e-03
3.544392462706390506e-03
3.549262979310018138e-03
3.478730377020013489e-03
3.440832419989887925e-03
3.453452137039736414e-03
3.485301821288109246e-03
3.462164021320580931e-03
3.491244622906545907e-03
3.406305012121753784e-03
3.381842870015369130e-03
3.514929085954574157e-03
3.429100306897732951e-03
3.517045532615540974e-03
3.398615819935427943e-03
3.510977058477418849e-03
3.418112956314675946e-03
3.484963473893219581e-03
3.528725358350511508e-03
3.478412810198366466e-03
3.528140590822596498e-03
3.460596713864132548e-03
3.546074602869795072e-03
3.449675964666422401e-03
3.417427524480471865e-03
3.444862776003300171e-03
3.340258357975097077e-03
3.467584855031622879e-03
3.482921398139174340e-03
3.428607011330810604e-03
3.540397979930600021e-03
3.487568202576143712e-03
3.474453214516757399e-03
3.435589276870927838e-03
3.539296825246848223e-03
3.383140361196621416e-03
3.453691422199930451e-03
3.475324148500421283e-03
3.518681505345163784e-03
3.508118589825745277e-03
3.550176684788133689e-03
3.509602867248964170e-03
3.459489502285066458e-03
3.534837609943013506e-03
3.541811788640665537e-03
3.466443903069731016e-03
3.527637685678273842e-03
3.407206910677027575e-03
3.374446775272440992e-03
3.488017468359767143e-03
3.466831144264431210e-03
3.490877538323053104e-03
3.380789597437516489e-03
3.387512889814297407e-03
3.522270738267108993e-03
3.433771902844425482e-03
3.418981135413203844e-03
3.510929840077460593e-03
3.522548047045064371e-03
3.386661612504706688e-03
3.528842324391494485e-03
3.434737333033015001e-03
3.536202390898769091e-03
3.491634396380730292e-03
3.374285295312212489e-03
3.467727389013625441e-03
3.507841870537642230e-03
3.380601700592648137e-03
3.531861070719653078e-03
3.531741249047059151e-03
3.389450354899814846e-03
3.531897036368109033e-03
3.522884555338791877e-03
3.467323364222368864e-03
3.447374050366798851e-03
3.493493877218425796e-03
3.530194202888195347e-03
3.467352529040953341e-03
3.413371932306686826e-03
3.534472201190316885e-03
3.531697514998796087e-03
3.436625000951687523e-03
3.534914584858468191e-03
3.540392304830212132e-03
3.480754671421502563e-03
3.413230773154106445e-03
3.439722811080700091e-03
3.542740771114516376e-03
3.541485680189408736e-03
3.319916960180146343e-03
3.470906511652140092e-03
3.468686401886386488e-03
3.521503901209113024e-03
3.458209122817823902e-03
3.399960297768600190e-03
3.543093246735383624e-03
3.475615903127447434e-03
3.348327934323959247e-03
3.416563124191409825e-03
3.546859690142602217e-03
3.410814316428376416e-03
3.526873446326157270e-03
3.505561261589341688e-03
3.515124005808190413e-03
3.496161555218721493e-03
3.539731230473333948e-03
3.528959404972958729e-03
3.453401058532495731e-03
3.417133118244466451e-03
3.295987075727088017e-03
3.485787601380086961e-03
3.353585465581019123e-03
3.487642496560972027e-03
3.479252807236381424e-03
3.525824440492740693e-03
3.495943451677440729e-03
3.510423966831841946e-03
3.490549974124055634e-03
3.387058653084080388e-03
3.505794149773912467e-03
3.418931172588787933e-03
3.428978713617549662e-03
3.406071303007189750e-03
3.453674091350356426e-03
3.522237959687520535e-03
3.395323171712746023e-03
3.480589983616930606e-03
3.481963686866635429e-03
3.529210983469316474e-03
3.443238081125200682e-03
3.405454453480596857e-03
3.479181815292104255e-03
3.536560146256868820e-03
3.489045352872568052e-03
3.546573997955707134e-03
3.446405800581978790e-03
3.442797620433171897e-03
3.378024504017962219e-03
3.408679580253514037e-03
3.499132509039633212e-03
3.330875475271453771e-03
3.390551913169802256e-03
3.409145647601344656e-03
3.542324311036409643e-03
3.467405486922678619e-03
3.419614399037392179e-03
3.534050674711731749e-03
3.337050390287899047e-03
3.308009313745127744e-03
3.391205826968990682e-03
3.497881645182175907e-03
3.398536562701521407e-03
3.490907904715544793e-03
3.532024498840605903e-03
3.480754671421502563e-03
3.476208313528481985e-03
3.515791178044210333e-03
3.479181815292104255e-03
3.463656594343625383e-03
3.539348765257500917e-03
3.362586982819385645e-03
3.446646315344621767e-03
3.464434992421179266e-03
3.549308800715391711e-03
3.392031111193231051e-03
3.299195061164952869e-03
3.549809244918655359e-03
3.474460890679511877e-03
3.506711861018840023e-03
3.522229478642286381e-03
3.508986901019702388e-03
3.427855897403701314e-03
3.264764739831423415e-03
3.479080247367059842e-03
3.386905151449977509e-03
3.514576035456960443e-03
3.497722074870442295e-03
3.409807889826172323e-03
3.434143794264000234e-03
3.546859690142602217e-03
3.544241887442616847e-03
3.526661413324431050e-03
3.496263700545892451e-03
3.531331758424293820e-03
3.415722933465837989e-03
3.445141472903906661e-03
3.482110343096946319e-03
3.500833616559550013e-03
3.457966037350046484e-03
3.405454453480596857e-03
3.490583402823259351e-03
3.527288664358695612e-03
3.423785074397385324e-03
3.307906174213022694e-03
3.386399453091174828e-03
3.518039802392870612e-03
3.447418688769911602e-03
3.528184416823954873e-03
3.447816222335258092e-03
3.478630748735751701e-03
3.501828814565766633e-03
3.510295129945226536e-03
3.478174955831362086e-03
3.499188226952056405e-03
3.510065863370749172e-03
3.521756471516908436e-03
3.475337456583248857e-03
3.454847878713647458e-03
3.412453075487034346e-03
3.487290553931560004e-03
3.325066376559533774e-03
3.502038705320809422e-03
3.492081144246979990e-03
3.402152760187493550e-03
3.395168396282668630e-03
3.517326918869711095e-03
3.481245414848222614e-03
3.414539162823584332e-03
3.489109528776504141e-03
3.420199086639074022e-03
3.534632329430006069e-03
3.377217002663369591e-03
3.434913288232441329e-03
3.547810909443553217e-03
3.494151368756664121e-03
3.522211098563669297e-03
3.494073619396520936e-03
3.544857105840350589e-03
3.461444275548349915e-03
3.325516194816978237e-03
3.434255951319345555e-03
3.530814492047701803e-03
3.532334352526009507e-03
3.497396208154474398e-03
3.541685920062520674e-03
3.476022536749373733e-03
3.353662767739306466e-03
3.425044546487984991e-03
