8.947511794498617943e-03
9.602474932369396698e-03
7.848292406690236811e-03
8.028138209733099578e-03
4.313800700870172242e-03
5.678278490332823100e-03
9.182050468001062143e-03
5.492631088646140330e-03
7.363174055191107868e-03
8.467155380026286995e-03
5.928204887243638220e-03
8.567035302220037812e-03
7.553793628908306995e-03
9.733911566939807206e-03
8.754663995139298424e-03
5.701988998548195367e-03
8.759695814780617609e-03
8.243551075295882380e-03
4.091512966790118722e-03
8.103885422593770649e-03
4.922551438275726311e-03
7.460261185626141343e-03
8.132147656837418817e-03
7.845131492192578340e-03
4.431905507284334203e-03
8.979209035680208936e-03
9.714529978298974341e-03
9.128007067511243605e-03
6.985458902188820991e-03
8.287280362575281598e-03
5.501614529668300696e-03
5.878788591627129474e-03
7.755272348155026196e-03
9.594565623143704383e-03
4.342359332922973540e-03
6.175746329732689256e-03
6.315502158248622287e-03
5.214391224545374993e-03
7.480446555581395963e-03
7.511319729084463617e-03
5.463004119263013131e-03
7.885658865954379634e-03
8.822562473519566378e-03
6.862344980612260052e-03
7.029281994703043962e-03
5.618115674807428600e-03
8.044073691030951753e-03
7.698540664513094968e-03
6.442015954318584814e-03
9.603862642345067230e-03
8.301794206871698084e-03
6.036704608535594686e-03
4.978769419841658911e-03
6.348264479311213279e-03
7.388892211610719601e-03
6.055062278623187834e-03
5.997444022625557022e-03
5.472854991127183884e-03
6.545802984954957743e-03
8.695851440820951891e-03
6.357995941234880800e-03
8.769191592799367718e-03
7.861739307023008980e-03
4.759080046614832388e-03
6.023690044997424137e-03
6.494662279518699857e-03
5.808588270898090364e-03
7.934983211538145995e-03
8.290737727258773448e-03
6.927014259266517544e-03
5.748045688795746372e-03
5.193290786208579722e-03
4.451600256855019894e-03
9.420799325290040230e-03
7.890197683206085291e-03
7.489809000682168781e-03
7.913017138866579314e-03
7.262343776660299538e-03
9.135711699316867787e-03
7.180429812500875933e-03
9.027337293379858463e-03
8.064355395660053813e-03
4.289897564782946954e-03
9.091799935773409516e-03
3.762555869141954046e-03
5.908612653283887642e-03
5.198301793189410644e-03
8.889100132539228330e-03
6.947583499344156532e-03
6.914547776748660238e-03
9.625168075517005761e-03
9.217376887111166858e-03
7.195687116951015802e-03
3.872884627361379475e-03
7.060214845941256701e-03
8.617693186068765485e-03
9.026323029298989609e-03
6.945091288835990306e-03
8.891662465904346183e-03
9.173617062835839192e-03
9.500352555474846777e-03
6.256868377988011182e-03
5.189806375536720577e-03
8.333275933491337412e-03
8.064355395660053813e-03
9.006316865667716651e-03
5.440610734152633889e-03
9.660995886939124921e-03
8.935559575191792669e-03
8.919363043289314438e-03
5.606933458290519826e-03
4.463410519248255624e-03
6.442015954318584814e-03
5.166226338989254527e-03
7.121357060359256690e-03
7.933547806200124883e-03
9.220911602493527329e-03
8.590567498752676653e-03
8.040217334190904661e-03
4.632563779162914876e-03
9.306523480939174475e-03
9.565778606289848662e-03
5.861679661274409210e-03
8.746379009112889569e-03
6.783409995914149553e-03
8.653055375109998393e-03
5.591669923830295749e-03
5.941039441236919787e-03
7.917954077066311283e-03
8.801809610630349084e-03
4.292795576871837916e-03
9.195005976327361857e-03
8.179508877710631870e-03
9.432993503314468856e-03
8.850528717602931805e-03
7.394276250443462817e-03
7.484683438312329795e-03
7.452512820259941245e-03
8.875816704294499371e-03
6.340385436771329639e-03
7.926291063769028492e-03
9.403259434624298974e-03
4.943906727650238322e-03
8.567079883359585146e-03
9.472486113365792895e-03
6.573812654204627161e-03
9.637148347988205854e-03
6.475384147231498522e-03
5.196768488608321385e-03
9.224459720621363754e-03
9.661790193333014490e-03
9.397173907072921967e-03
4.351904785507322571e-03
8.963709668425717814e-03
4.712550258305140544e-03
7.698072510062261772e-03
8.581542400841224091e-03
6.595973839913132734e-03
9.295759331095256039e-03
6.195226917839434522e-03
4.978769419841658911e-03
9.558768663483770134e-03
5.712938583438046877e-03
4.160573645981581470e-03
9.432620768421372606e-03
9.026246038777888808e-03
8.336501673624197722e-03
5.073159706246342486e-03
5.993966917152430268e-03
5.710916052614187222e-03
8.152239714309651719e-03
7.005196302863102645e-03
8.054841365576716553e-03
9.523855035985845721e-03
8.466210598195127168e-03
8.727936907519726409e-03
9.638841556214878398e-03
8.614145836707028450e-03
4.298253531883767208e-03
5.576766008389311309e-03
9.655548504981735156e-03
8.947596870211269732e-03
9.368838202240492574e-03
8.319541553062075045e-03
4.307083303021789697e-03
6.607421552520488170e-03
7.533331767568931039e-03
9.582966896125460349e-03
5.410427850722625796e-03
6.935420545570274153e-03
8.122878743637318433e-03
8.830018435303548657e-03
6.664709193301083037e-03
6.135148916040507328e-03
4.977696272452390713e-03
8.636036016733926457e-03
8.941112612048539646e-03
4.952881851022331722e-03
9.718416770124943538e-03
7.900773608652834554e-03
8.279229246880168147e-03
8.463821692233992194e-03
9.592157148032088784e-03
6.036281887789245876e-03
6.534564692261728494e-03
7.323893899149032730e-03
8.832331115429485971e-03
9.406088504165147079e-03
8.562856985490471112e-03
5.728016468910168343e-03
8.412841505071115902e-03
7.354795548233435121e-03
9.458457669594843090e-03
7.985008164757122912e-03
7.588172528465914925e-03
7.945860960491888184e-03
3.649476259218865579e-03
8.755742494352070082e-03
9.706403456781701605e-03
9.697276845237058629e-03
9.220710054010703913e-03
8.295789930736374718e-03
9.722369266425933201e-03
8.253221486395911216e-03
9.784923847743202951e-03
8.326977610652515696e-03
9.014508608925646954e-03
7.331195445602759972e-03
9.771426185306153825e-03
4.632563779162914876e-03
6.224220097010591327e-03
5.404857464895324384e-03
5.412883069922326887e-03
7.106060397203311021e-03
5.858992638166591119e-03
9.545846107781528686e-03
8.957496235229499629e-03
7.067669133705908706e-03
8.972701726243030584e-03
9.330600977490791093e-03
9.181434844363439013e-03
7.967601923156309579e-03
8.917189747853118686e-03
6.896684388740231125e-03
5.709817853140418398e-03
4.131323337313493223e-03
7.890598226750887567e-03
8.839511630572101028e-03
8.400613233492199017e-03
7.994281160742886666e-03
9.550604089041210901e-03
7.019962261268007479e-03
7.704288042126214951e-03
8.247859182945346118e-03
8.206343159542991289e-03
6.573999471285031475e-03
9.613650192471484557e-03
9.677669807567644555e-03
7.274601843795469591e-03
8.702148420747448862e-03
8.012131280672267139e-03
6.573353039806483292e-03
7.622647181862179586e-03
9.534166338847226488e-03
6.372323312617784140e-03
9.589150541072254119e-03
7.717413338152838420e-03
6.317260523334190109e-03
6.165643729862403319e-03
8.943727630174418131e-03
9.017986653868978464e-03
7.902763249904383794e-03
6.416919783723197546e-03
8.596111365669512061e-03
6.951428108916067952e-03
8.882282048661470711e-03
9.180583692016446723e-03
7.533855997157164024e-03
6.799850034171674683e-03
9.761685400439912980e-03
6.609374713434862728e-03
6.192180307171375395e-03
8.503330194252355437e-03
9.506116101149911582e-03
7.437860819374642919e-03
6.602294745824766400e-03
7.013696761912120020e-03
6.799850034171674683e-03
7.450275000533873419e-03
7.865112971579683518e-03
6.823693040273071803e-03
7.920589201319966355e-03
8.862361136677023021e-03
7.551428795937281148e-03
8.846841187126919248e-03
6.933913180517357021e-03
5.342412087744618371e-03
9.525251322194790149e-03
7.155430782150033926e-03
5.613596566620503332e-03
9.165436075261171323e-03
5.404857464895324384e-03
9.336881237228410527e-03
5.920837473108019750e-03
8.486505305036379926e-03
6.799850034171674683e-03
7.941450072113548711e-03
9.492024760435984962e-03
6.864247722108523554e-03
6.381197411344218147e-03
9.722358136418848829e-03
9.420599005605746756e-03
9.072863385193773167e-03
7.098699721651170226e-03
7.864863946526950284e-03
7.580025079037872385e-03
9.755310983120315735e-03
8.701957621925630534e-03
9.451875364417310771e-03
9.553808597052260501e-03
7.587010147557266687e-03
6.104626196441152557e-03
9.177054937996569767e-03
9.421474573157829352e-03
7.127435703928305076e-03
5.667330441426870688e-03
7.443571119798742496e-03
6.675734606675750443e-03
7.490996063162027457e-03
9.414786268991623755e-03
5.259472856854087962e-03
9.395892641792110214e-03
9.463166826396642375e-03
6.063939493727351498e-03
7.704481190544667721e-03
5.266466963662131025e-03
7.337357566850824173e-03
7.552729095456935972e-03
4.743740842441846947e-03
8.445352951703417183e-03
4.468245727929643675e-03
7.625299531803205952e-03
3.939727556466824515e-03
8.471001518157540017e-03
8.997928043513103366e-03
7.812534770539843187e-03
9.187741312484620781e-03
8.353360871948781186e-03
9.413308491856488269e-03
9.533429785706069165e-03
6.580137293487796357e-03
7.119508701058738925e-03
9.089428971139056415e-03
5.751072631540917954e-03
9.000742318133813508e-03
4.557927585149059227e-03
5.355103400079507664e-03
8.666033309245714175e-03
5.523846480576103876e-03
9.667718471313797510e-03
4.448344799879617312e-03
9.370447484147085768e-03
9.201912442836735623e-03
9.424840979500853991e-03
9.028705240915271824e-03
8.481706883415708956e-03
6.013524594456251711e-03
6.318518146728853424e-03
4.218107069718595066e-03
6.919030108209993542e-03
9.364063009575056620e-03
8.611563057320878109e-03
5.823753203776428980e-03
6.791142740850946574e-03
7.006738337140970725e-03
6.691992989181668773e-03
5.433170248315663357e-03
5.662317926219006051e-03
7.577611413533388678e-03
5.001051514423122436e-03
7.779934155896048309e-03
7.774548874593112391e-03
5.933837126560830358e-03
9.546605160041876995e-03
8.284371942547124126e-03
9.416853915591416255e-03
4.697075582918190488e-03
5.355103400079507664e-03
7.652002408258294988e-03
9.375571439488854242e-03
9.558038757959705020e-03
9.017986653868978464e-03
8.644172438099353983e-03
4.459566952405774783e-03
8.377250751012045235e-03
9.090033604327873301e-03
5.762778250710707921e-03
6.066593748413920580e-03
5.518277284617303068e-03
7.644638793405185775e-03
6.104626196441152557e-03
5.393937880555532693e-03
8.191613997464070041e-03
7.408896936320541818e-03
5.442513347602690940e-03
6.199039472285358329e-03
9.700825188059442744e-03
9.219415323841117019e-03
8.252702884684205015e-03
7.918982930693603539e-03
8.789552719622763244e-03
5.874129290886654677e-03
8.156264543921844939e-03
7.801662038639025146e-03
8.238037004473335034e-03
8.101335814149320316e-03
9.784923847743202951e-03
8.654461865545385810e-03
6.822358098334039417e-03
6.955832780279625968e-03
7.820098858012479795e-03
6.693902066448390031e-03
9.269267546946085082e-03
9.492648432179751419e-03
5.458331991395153765e-03
8.165154481619009419e-03
6.492855700148640954e-03
6.224283025821703008e-03
9.110433692790955926e-03
8.658038421685930811e-03
9.357546636251736633e-03
6.808200085575148892e-03
5.313694981236643036e-03
7.953777604711165239e-03
9.737232872566399522e-03
6.496677297240256027e-03
4.516981237585591599e-03
6.055396509773080735e-03
6.781830835147509284e-03
5.943209147932566883e-03
5.925424000095163776e-03
9.731375843210599008e-03
7.187747330205763313e-03
6.612404303857490062e-03
9.051669034913219919e-03
7.513987229342524755e-03
8.191575894479824829e-03
9.280598875631112035e-03
4.467995667527510477e-03
4.991003268845457981e-03
9.313523112637467696e-03
6.618499123945398126e-03
7.402434583905893525e-03
5.614575252885647440e-03
8.863474561256756007e-03
9.109198357213979524e-03
8.863961132122413766e-03
7.806317677299959290e-03
8.734988805403345533e-03
7.094307360128710924e-03
9.722358136418848829e-03
8.222704749757434040e-03
6.724393074465324915e-03
6.015996405193886273e-03
6.932021242619048999e-03
7.282382674011203191e-03
7.523341033181891492e-03
9.277138041671897581e-03
6.977782636026001045e-03
8.185266736090794290e-03
9.401862658581687862e-03
8.013519274396354794e-03
6.264397154200540899e-03
6.999708325621498833e-03
9.396626915562230134e-03
9.722369266425933201e-03
7.789637451714633010e-03
9.128007067511243605e-03
9.350439209800266022e-03
5.814145825292282160e-03
7.606736766322027762e-03
5.413125493490716575e-03
6.529455403769322645e-03
7.620948289903881068e-03
7.876804955280949233e-03
9.748512987533302504e-03
5.459660455263760578e-03
8.045941765184090599e-03
7.693887079049633107e-03
5.332944181334764097e-03
9.371170432082362792e-03
3.699002684822158028e-03
7.498317366783767424e-03
7.630408812873642511e-03
7.836393223978107420e-03
7.403060252033049314e-03
3.748587431865366658e-03
7.121952933358446057e-03
5.525437985217660289e-03
7.071509300118547330e-03
4.665216839139865040e-03
7.871625469952367102e-03
6.166978426780624772e-03
9.326637654036067093e-03
5.271270874411482232e-03
7.025690594660546733e-03
5.526116740573036243e-03
5.919702258346745682e-03
6.738647358915269420e-03
9.686341285074763496e-03
6.412074222744155831e-03
8.738294271354384024e-03
7.799110483298244030e-03
5.528432483901305969e-03
7.561291770421353815e-03
5.661062080593904505e-03
8.353360871948781186e-03
9.402096856618556014e-03
8.125298809644264375e-03
9.396442027453983173e-03
7.369981560109044490e-03
7.560080941730362367e-03
8.451661082202062067e-03
7.274763645381136616e-03
7.019627676048271689e-03
8.590625350730459603e-03
8.050987827391980350e-03
4.738454728383948225e-03
7.659291750521806524e-03
6.941856238185028713e-03
8.301794206871698084e-03
5.443895457362238170e-03
8.806972830865289481e-03
6.035026808097542633e-03
8.097092058511777199e-03
7.626559448044502310e-03
5.277843214887990159e-03
4.266849552081857302e-03
5.533417553726122790e-03
5.904516544770785184e-03
9.683236146192068447e-03
9.722358136418848829e-03
6.584344474029689420e-03
4.716898719149504454e-03
4.247079853929691673e-03
9.507702448646860802e-03
8.680448837253424907e-03
9.687421176555870497e-03
8.894543122368328558e-03
8.356711098397983511e-03
6.945091288835990306e-03
5.853752734435414655e-03
8.636183062445210862e-03
8.308862505407618726e-03
6.419980474591407450e-03
7.402846121634222912e-03
6.186129006094469827e-03
5.150588865632929267e-03
8.601420219189064714e-03
6.773647663524239720e-03
9.671318848812733571e-03
4.755102974907559829e-03
8.474367616915836135e-03
8.622505573738750012e-03
7.127635681971106543e-03
9.297755313187458168e-03
7.709786712336894055e-03
9.169058123815878453e-03
6.296064869862894910e-03
7.785338450595879339e-03
3.872884627361379475e-03
7.941947778496161181e-03
8.317339371495540909e-03
6.772517651111233973e-03
6.722397668269938266e-03
8.988613913033106917e-03
8.592254862262990733e-03
9.298598241066203390e-03
6.055396509773080735e-03
7.323609358268124390e-03
8.966709890059425259e-03
9.533524680938569237e-03
9.698453761555543562e-03
5.878788591627129474e-03
9.328219874542541257e-03
7.500222105470183767e-03
4.394680994044644975e-03
8.283625421475405981e-03
7.138148980420788367e-03
3.989039189346985786e-03
9.196974912105025310e-03
4.577559149392758722e-03
8.525744127098311073e-03
7.273623494412708584e-03
9.439306998674805785e-03
8.831964325606581068e-03
5.603895823719109645e-03
8.786685917541559032e-03
7.652002408258294988e-03
8.832329025488028229e-03
9.580006283101821785e-03
4.225738156796931058e-03
9.296623879199158308e-03
7.597524620861279519e-03
7.700145450409383654e-03
9.145788792308437790e-03
6.748098619450558673e-03
5.745026220807364879e-03
9.377958355193311002e-03
9.243525830224173095e-03
4.882737893203566507e-03
9.738912528574016764e-03
5.882617958034885505e-03
4.678557907109772568e-03
5.882308580135069478e-03
8.759407272969862296e-03
8.513518405245034879e-03
7.445089328298666251e-03
8.691532421912440826e-03
7.786392592676877680e-03
9.209891609224783032e-03
7.655033383098260903e-03
9.104130256555573869e-03
8.912777772301849408e-03
8.871367317995289617e-03
7.642963252284549168e-03
6.321575375962729115e-03
8.614948890082354052e-03
8.341031666149658491e-03
8.105807180559702202e-03
6.584344474029689420e-03
6.122334502862889459e-03
5.504431819837356590e-03
5.865266991374983030e-03
8.716050788270115340e-03
7.782883810383155535e-03
9.594565623143704383e-03
7.883579956702592081e-03
9.116090183818242182e-03
6.651712883598872618e-03
6.603615772492511977e-03
6.453198803137206313e-03
7.864579973324920675e-03
8.975590039623695254e-03
7.499652134946151356e-03
6.558216044512671719e-03
6.600760346864598463e-03
9.249080666090777822e-03
8.273584470063967411e-03
6.216696066991765288e-03
9.020943041144913882e-03
8.733148620566002704e-03
7.147327707849011370e-03
9.430991998774913149e-03
3.897522131497889886e-03
6.427906342055294403e-03
3.826862855263520481e-03
9.581989455026083610e-03
8.867945469263133901e-03
4.949182539109814837e-03
5.878788591627129474e-03
9.412897427597603089e-03
8.897068459581290722e-03
8.968919390185719348e-03
7.061702319382153967e-03
9.615668523591603192e-03
8.774509273564360182e-03
4.809312039892491702e-03
6.688873190565769455e-03
7.539273676641990683e-03
7.596407432219869603e-03
7.142273399836925919e-03
8.928873453195637633e-03
7.336748217797777784e-03
8.590089797911093505e-03
8.659454188815704848e-03
6.977846605292643486e-03
7.451749313833633259e-03
7.553869577806287573e-03
9.551177964084214475e-03
8.346410135459796445e-03
5.746097929492110373e-03
8.608625520791390873e-03
5.236167172946361997e-03
4.847861713542675650e-03
8.708148085453734991e-03
4.590874808009752853e-03
5.616187460972925545e-03
8.597482354767600754e-03
8.525416129175811611e-03
7.184299118075374024e-03
8.079022506618628932e-03
5.931750933040481205e-03
4.765567602574738437e-03
8.064355395660053813e-03
5.903317454088147231e-03
6.602294745824766400e-03
5.046928634726046900e-03
7.950679538179145772e-03
4.538961181089130013e-03
4.758531442072100152e-03
8.124891550251209585e-03
6.485198992185242997e-03
9.508157868122864981e-03
4.035729774237950714e-03
8.459765082853228785e-03
7.899543580079609537e-03
3.988668429286764891e-03
9.047200172841803403e-03
6.464950373278369709e-03
6.250952051931775444e-03
5.928400094422492730e-03
6.461784337032317783e-03
7.630647212143272518e-03
9.598220285755390893e-03
6.340979656663682691e-03
6.826726664816918505e-03
8.332972780689323206e-03
7.812003674617044174e-03
7.687353372542111811e-03
9.574948389612283201e-03
7.088485037578195168e-03
7.892356936251183896e-03
8.671821950883059488e-03
9.096973972373474659e-03
7.404206026834738406e-03
9.054568802029944879e-03
7.203787479562176986e-03
9.344776415163250083e-03
8.774938534885239755e-03
7.380292088574239191e-03
9.153264391354986110e-03
6.520620022901871780e-03
5.299747415619711875e-03
7.867541901870101634e-03
4.131323337313493223e-03
7.108226927747346435e-03
6.963659482866046274e-03
7.348289610369777326e-03
9.349303303020554609e-03
7.087854900367536806e-03
7.407467889521036734e-03
9.327371224986452311e-03
8.298864395461617860e-03
7.262782937239778587e-03
6.653104589285330564e-03
5.712455939529710938e-03
8.456659932454547654e-03
9.150739440227137478e-03
9.307978306213151795e-03
8.310463779377301116e-03
6.377366588317499516e-03
6.181551562933431179e-03
6.606268234579275485e-03
7.484999869578607898e-03
7.809084228631925015e-03
6.113277856277491915e-03
7.983020078819087068e-03
5.512797007171387452e-03
8.770872339808943874e-03
3.603601684137250870e-03
7.202906222308368134e-03
8.056365481388398989e-03
8.652561921636683223e-03
8.168209393818844782e-03
6.826726664816918505e-03
9.298598241066203390e-03
8.336501673624197722e-03
9.500093146249253412e-03
9.417699912823537106e-03
7.554499669270512384e-03
4.734415681533049244e-03
8.751961025866098268e-03
6.958689530326882776e-03
7.399337029780300376e-03
7.824878302179752096e-03
8.806425766731433222e-03
8.281385832146381798e-03
9.715618705023080365e-03
8.643417065303995311e-03
6.908522056396811974e-03
9.579844694936176866e-03
9.357546636251736633e-03
8.374604252066547225e-03
7.930275180338845070e-03
7.443571119798742496e-03
6.429017152860457343e-03
7.129042952421728654e-03
8.955489864362620178e-03
5.841367843257315624e-03
7.922547436851265501e-03
6.339382649525922807e-03
9.347394460131067118e-03
7.107051341536158376e-03
6.778131574347347199e-03
5.081482640491527883e-03
8.336501673624197722e-03
9.337681008953685469e-03
7.558443488911026874e-03
9.133514082587191121e-03
8.269406677178422690e-03
9.072598082387280452e-03
8.923023276419712185e-03
9.021162295594013780e-03
8.626576230898005959e-03
7.464811557413404512e-03
7.768559083409754332e-03
9.168035277895010549e-03
7.604157207797971815e-03
9.547807751438429011e-03
5.654491016798280853e-03
5.463004119263013131e-03
5.717102451808020631e-03
8.377129528473664655e-03
5.442513347602690940e-03
8.206251979397156601e-03
8.126781873908091314e-03
4.418541541135998646e-03
5.327608632758621711e-03
6.325844133180759561e-03
6.162046207939183250e-03
9.217376887111166858e-03
7.988070354301959192e-03
6.314834756363831014e-03
8.195279123891291082e-03
9.363506545441675072e-03
7.699994772121599232e-03
7.870729302298828250e-03
8.478074145138583817e-03
5.964807543971654101e-03
9.472130198879456786e-03
8.586334773647764929e-03
3.908144891098819414e-03
7.696955532956554005e-03
7.344376701800641588e-03
6.401165320582474956e-03
5.898879241803317922e-03
5.513230467916288222e-03
7.756092372410276249e-03
7.583796170664007519e-03
7.350733873214753029e-03
8.295707352539401572e-03
8.087517491503149608e-03
6.099225907557949584e-03
8.926265271586809533e-03
9.387555177836600165e-03
8.279568254918030432e-03
4.499021259534864703e-03
7.462320808186297116e-03
7.969983484509562607e-03
8.840461725118415812e-03
6.156486821360504860e-03
7.844709146375241846e-03
7.754208020806135741e-03
8.861773039181170333e-03
8.625316120490523000e-03
7.060966996306325752e-03
6.503031734612456198e-03
7.612237162547295932e-03
9.475422497859672596e-03
5.512798016293586449e-03
9.177054937996569767e-03
6.193679281583873084e-03
9.258091941125061106e-03
8.701410872722477319e-03
9.278461029371708191e-03
5.688660251836348547e-03
7.830929750632764641e-03
6.893372299176773674e-03
8.223870716411573606e-03
7.907216512526446528e-03
6.665920114371570032e-03
7.892664903387084513e-03
7.897737059664934611e-03
7.644676097534471373e-03
8.798802494268691612e-03
7.433715306698097068e-03
8.165154481619009419e-03
6.347178675560081161e-03
4.729513430333290129e-03
6.573353039806483292e-03
6.771335266709900547e-03
7.922660739864396950e-03
7.794812031965851762e-03
8.019958122956227439e-03
9.382493091136053995e-03
9.171538922224435619e-03
7.294130102241917421e-03
8.412683385821476123e-03
8.598134232232377758e-03
9.217376887111166858e-03
7.116898860832970852e-03
6.179587893194978324e-03
9.427317352774772230e-03
4.605963397104519651e-03
7.542291028213259432e-03
5.279295433751739208e-03
7.656581244798181703e-03
8.445034395349564418e-03
9.041598060015549471e-03
5.724264734432055711e-03
6.829022648656824131e-03
4.989374001566579744e-03
9.388319013739303970e-03
8.266024961897211476e-03
6.503250376585790679e-03
9.190976853943272004e-03
5.996293389431413094e-03
6.768950102727497656e-03
8.986919460396106119e-03
7.116898860832970852e-03
4.765567602574738437e-03
7.258627023914937873e-03
6.095671621822078626e-03
8.423473216189438645e-03
8.951076316790337536e-03
9.179988931156742027e-03
8.866478927379657995e-03
6.891733307528238699e-03
7.299117680356887947e-03
8.208424249118599636e-03
5.706278075872620210e-03
9.065122251726735053e-03
4.783953266778606661e-03
7.288307503678472139e-03
8.490703603774771985e-03
9.129015619009269930e-03
4.605963397104519651e-03
9.192902411472140406e-03
7.650926836004949896e-03
7.473074089828913961e-03
7.925748815394529495e-03
5.070732977314716672e-03
6.835143342416780815e-03
9.641044012854439391e-03
5.795972533057785342e-03
9.287361407497599086e-03
7.830929750632764641e-03
8.235951925221552186e-03
7.222407936221091236e-03
6.416919783723197546e-03
7.191110203454176807e-03
7.283327274040143906e-03
8.894508856166929642e-03
4.847861713542675650e-03
8.699488924473450929e-03
9.346466467195996622e-03
8.075530187322235015e-03
3.545075451548655200e-03
9.286620135220993028e-03
4.665216839139865040e-03
7.080283622038755290e-03
8.924932515640311703e-03
9.415158977442734251e-03
6.485198992185242997e-03
7.784947163891805903e-03
8.545309146918299639e-03
7.370872444905640641e-03
6.530545553015072550e-03
8.253715913565360524e-03
6.776125388901274929e-03
9.462384019632211554e-03
8.294703427728082612e-03
7.394744752792213084e-03
5.321979528762073308e-03
8.337891255387608683e-03
6.969305020614453144e-03
8.234949704683863433e-03
9.392631013115847194e-03
6.713402605508930580e-03
6.573353039806483292e-03
7.626470044052442027e-03
7.154041708727057816e-03
7.679097254312322249e-03
6.671564964456838664e-03
9.005480442787774931e-03
9.105162609327067946e-03
4.169430580980760907e-03
6.799850034171674683e-03
9.669824541093411871e-03
9.645495081720649802e-03
6.141146561759689218e-03
8.345247986160680975e-03
4.870110416293940703e-03
8.007162040863735966e-03
7.780308415952109230e-03
5.989471751502574264e-03
9.576242483552308005e-03
7.100085045871507017e-03
4.789241883770227644e-03
9.606253601371192788e-03
6.293592882498618216e-03
5.023863686166872393e-03
8.730893637332082929e-03
8.964791508970303135e-03
7.157575756386586399e-03
5.052219641238887664e-03
6.478651883149664711e-03
8.018708481644683597e-03
8.767438184806288989e-03
