1.342333777455918531e-01
1.473708595969430435e-01
1.537997831916327607e-01
1.413645915158004973e-01
1.808031574241327766e-01
1.328867146230098828e-01
8.451719130372317701e-02
1.215604503707797268e-01
9.385312297896623857e-02
1.775400196228860972e-01
1.339165724268849278e-01
9.292738809383591092e-02
1.045278731772148473e-01
1.734429082113915499e-01
1.053487609435059397e-01
1.474128821164708836e-01
1.328621043822928449e-01
1.204471918457976076e-01
9.664010243271144163e-02
1.552248898753408324e-01
1.376233689950690231e-01
1.311570592989201034e-01
8.490888657523551486e-02
1.269764498156273624e-01
1.798429523522552531e-01
3.036738858943576966e-02
1.271594405837468966e-01
1.058562523595849153e-01
1.332352633847328494e-01
1.699171829778634291e-01
9.802120913021622473e-02
1.354192106377857530e-01
1.193880374829365265e-01
5.533640726515320213e-02
1.126111552502639113e-01
1.021083545145437671e-01
1.366847337576969357e-01
1.241044256228973908e-01
1.802634011612949949e-01
9.391276379363282245e-02
1.216183171440262112e-01
1.166381353805284737e-01
1.431251697520625754e-01
1.105080048254307723e-01
1.782030715657139386e-01
1.732005878228033147e-01
1.709499462458968222e-01
1.195234190086484766e-01
1.660392589576280553e-01
8.891547615977600516e-02
1.589801288358644316e-01
5.878694564629825120e-02
1.730317132121235169e-01
1.180941334319244723e-01
1.113533453531773132e-01
4.709053285324068389e-02
1.262361757077325175e-01
1.701817893715245333e-01
8.594693010644528786e-02
1.520378320489482460e-01
1.499917084591954330e-01
1.257278732593825055e-01
1.071103717709851327e-01
1.622516550595140272e-01
1.779936024966692898e-01
1.255933132412617448e-01
9.771517039349655875e-02
1.081706567471864000e-01
1.161697304683661502e-01
9.274913334167064760e-02
1.549689554826945148e-01
1.065515739298073250e-01
9.673797464982189509e-02
1.295615465386277532e-01
1.722509958998629520e-01
1.371865970293368875e-01
1.809393754149269673e-01
1.270065014792422786e-01
1.823468716053336935e-01
1.151573720806533807e-01
1.748602136512832916e-01
1.457207289570573994e-01
1.756500638464234265e-01
1.516321466541326324e-01
1.437340309230256408e-01
1.338402674797166680e-01
1.192447551138174078e-01
1.706333666640630076e-01
1.236773191721311782e-01
1.106125600162345957e-01
1.580271233169247835e-01
1.367519305822062492e-01
1.778803280999750602e-01
1.597239123171432240e-01
1.819802490520312510e-01
7.446483056619221386e-02
1.758145468448655269e-01
1.420200277254762833e-01
1.430405017120425781e-01
1.646599214631673247e-01
1.273629423916204095e-01
8.954681035934934641e-02
9.961388598500797720e-02
9.358703114293107084e-02
1.524763853756756216e-01
1.760488331433616438e-01
1.694141161204601731e-01
1.312692528830959882e-01
1.722618112773071364e-01
8.921103375932865065e-02
1.588851140781847027e-01
1.428010647290213486e-01
1.354010157836749439e-01
1.740460692619367200e-01
1.741899580052281016e-01
9.692812020644012150e-02
1.597955023501217153e-01
1.181628991357822206e-01
1.064810925565131822e-01
1.065969542833318656e-01
8.303059901347577265e-02
1.263833653917336153e-01
1.791395794876803338e-01
1.370854435916570857e-01
1.814925591211518918e-01
1.062880040606036663e-01
1.294648045085015076e-01
1.646743245758550966e-01
1.278381561787540754e-01
8.575731935196380384e-02
1.246387199286881908e-01
1.447229762046942925e-01
1.582707014720842187e-01
4.679498073266970259e-02
8.061112862823754943e-02
1.534169094269398625e-01
1.767464087492852665e-01
1.717797310168223679e-01
1.285766134560532292e-01
2.287580172721511221e-02
9.880729112862031427e-02
1.359453650213094111e-01
1.373506581535999249e-01
1.138273401066835777e-01
1.757720054346936234e-01
1.646821231258582818e-01
1.557928244879649982e-01
1.095925840453543937e-01
1.081336673235733653e-01
1.787325893077409411e-01
8.696921969912077555e-02
7.040432300226567852e-02
6.851547570245400398e-02
1.763253290298402443e-01
1.268009679184179950e-01
2.584986805981569213e-02
1.157826847386190933e-01
1.470702729397519726e-01
1.088726825567262468e-01
9.870446891439328685e-02
1.099076844346442428e-01
5.712648035991694379e-02
3.617507559957482133e-02
8.913815074959423324e-02
1.112404162260608176e-01
1.149068408842610634e-01
1.290725519260198517e-01
1.509992045952019135e-01
6.509267862429800322e-02
1.716118061984683030e-01
1.163889863711966566e-01
1.393904445577091866e-01
5.060349243900714999e-02
1.244331708219367227e-01
9.138957794814420166e-02
1.326154432184397658e-01
1.647179194789379353e-01
1.164436869672760277e-01
1.491704860057401216e-01
9.217611229966936326e-02
1.344126265131062314e-01
1.694887547292428243e-01
1.080991554954941619e-01
1.747814450575229939e-01
9.874375611401807473e-02
1.188259100188327338e-01
1.439190236829666625e-01
1.765514019699372383e-01
1.311354727391081665e-01
9.295435651954793432e-02
1.700856182822967633e-01
7.369840331323250504e-02
4.335274598929385326e-02
9.805975177961213929e-02
5.374860581923310288e-02
1.635047306483571605e-01
5.718424944192481568e-02
1.756828352502261270e-01
5.725234740566974290e-02
3.975148547247585318e-02
1.491897977825716037e-01
1.811412653364083414e-01
1.662047235684750435e-01
1.015545667125807572e-01
1.075548321398201029e-01
1.674999733930013779e-01
1.224827535223520780e-01
6.561846601535084589e-02
1.679643716951943755e-01
1.038420184656332623e-01
9.910444726164568952e-02
1.190394703084507594e-01
4.029006736742192507e-02
1.715071475651567257e-01
1.237101578816433012e-01
1.632934542881204765e-01
8.880269191863049416e-02
7.930377600669480387e-02
4.235322937865047127e-02
1.822535766450199268e-01
1.697635192044067709e-01
1.051487026646904244e-01
1.036049415126788081e-01
5.259846522614720216e-02
1.064507057682686775e-01
9.016977862768542351e-02
1.006608824192783413e-01
9.158423584179765931e-02
9.929904526365712636e-02
1.437514442553965710e-01
1.022990467895882050e-01
1.056232557408000733e-01
1.496678738847381784e-01
1.478107849834285892e-01
1.817916557477840533e-01
1.519404358234557328e-01
1.352571141702782476e-01
7.936878853845970305e-02
1.279163314457667511e-01
1.122180889378846386e-01
1.131222073471405548e-01
1.249641429162336032e-01
1.047601676229079487e-01
1.006443816457791296e-01
6.739681736597093187e-02
1.796716121285998613e-01
1.286218562228613194e-01
1.508791851759830605e-01
1.747658514631194315e-01
1.036442740713718336e-01
1.407130416028414543e-01
1.327759720516599184e-01
8.457186799644623304e-03
5.967501153112507450e-02
1.276718779152098693e-01
1.247496295570557912e-01
1.723091589126721779e-01
1.254482659553564361e-01
8.030913449543371219e-02
1.098177246508790922e-01
9.864641578297862756e-02
1.570751310516598498e-01
1.425171650384580435e-01
1.630070383332834771e-01
1.688347076750125741e-01
9.582465701298151228e-02
1.221579911272345081e-01
1.374555422030500629e-01
1.243531275593263985e-01
1.790557343144631997e-01
1.215342490160375294e-01
1.488939456592224264e-01
5.642522045231767452e-02
1.514827984793931381e-01
1.172234680511081428e-01
1.582080709312851940e-01
1.189308135491162349e-01
1.261295783558608885e-01
1.163665728931640997e-01
7.045683279855967374e-02
7.952038306638514742e-02
1.803828804530002994e-01
1.377893893841504458e-01
1.478603722093070338e-01
1.248559515341173265e-01
1.030084904743576030e-01
1.774105132501612725e-01
1.182575768486062578e-01
9.531913628790160409e-02
1.184988709866630213e-01
1.422540436688703169e-01
1.405220724284379219e-01
1.624361703539266566e-01
1.063466823752567542e-01
1.732005878228033147e-01
1.515386808926524609e-01
1.148431350719992111e-01
1.404716778964525681e-01
1.376049548189560434e-01
1.381108776160232254e-01
1.141366205868180606e-01
7.080743128619572391e-02
1.047601676229079487e-01
1.658694563765024388e-01
1.005006742680761289e-01
1.575521656478056365e-01
1.402691957280954582e-01
1.288549868051639680e-01
6.858946364993072364e-02
1.645142390414189582e-01
1.275114122022782404e-01
1.581935265950672187e-01
1.741135945324239209e-01
1.092334378514493443e-01
1.119952021646763440e-01
8.520729950173153155e-02
1.369446060437720381e-01
1.566224259689451836e-01
1.334889108339138153e-01
5.852229181571928091e-02
1.181232202607295223e-01
1.588851140781847027e-01
1.451532811625443897e-01
1.037291614845006898e-01
1.178406725396026061e-01
1.114334134541068999e-01
9.816155386062383470e-02
1.315947617766594080e-01
5.320057823844559497e-02
1.158440155316516063e-01
7.826281268261708890e-02
1.270244569963007719e-01
1.720486864468548094e-01
1.558962543406220702e-01
2.797015095711938987e-02
1.526454565880840941e-01
1.696366312724952863e-01
1.789349005165763451e-01
9.190230764985302114e-02
1.812810902021564641e-01
1.017926589394506087e-01
1.688999196143055048e-01
1.566908561062526906e-01
1.329980369057996437e-01
1.820996258797814293e-01
1.070942555196515017e-01
1.110268055968259976e-01
9.976122432213274660e-02
1.158843247082722017e-01
1.777378926783108604e-01
8.266263857115881131e-02
1.486319278474080852e-01
1.008734416375478005e-01
1.587474844826223530e-01
1.451407874203863302e-01
1.487439763996219466e-01
1.535469602540982248e-01
1.164570286706831520e-01
1.265657872872421597e-01
1.681251385407617482e-01
1.560536525009710296e-01
1.287058647116216259e-01
7.260114290985873742e-02
1.593472744274448682e-01
1.749007127463067177e-02
1.464765261440558186e-01
1.672558626013108396e-01
1.762501774247372810e-01
1.066366833189241886e-01
1.139610996056867609e-01
1.693857789324148821e-01
4.808596029678507966e-02
1.082860563594316289e-01
1.274369041577738115e-01
1.712127923920400141e-01
1.119021138556862693e-01
1.119983607230893019e-01
1.193317720579735591e-01
9.495413629873802885e-02
1.160647180991360855e-01
1.389311832246850342e-01
1.739634936162350876e-01
9.755252743877028399e-02
1.709367366057686632e-01
1.788328920501514874e-01
8.141477182971021409e-02
1.196205574122295584e-01
1.140028502710813546e-01
1.757893689123035674e-01
1.273772413056966923e-01
1.173050981850150415e-01
6.298359445692301717e-02
9.105296134644225159e-02
8.230749152740585162e-02
1.561721708927337471e-01
1.818530682134078535e-01
9.090159263708262605e-02
1.619408871995380028e-01
1.552546354415788865e-01
1.166202862829977677e-01
6.876309147301304381e-02
1.305424219728725244e-01
1.432731269339317937e-01
1.319938651733717772e-01
1.618488493309223619e-01
1.007189549177338050e-01
1.096855128003833696e-01
1.376049548189560434e-01
1.303722108886440079e-01
1.096653949767159575e-01
1.469274169872487323e-01
1.617536844622531611e-01
8.227990203339220765e-02
9.139525699691833371e-02
8.772873379582329934e-02
4.942723413632500729e-02
3.122572157592906628e-02
1.319331844772178852e-01
9.666106463381382574e-02
1.623598752710400661e-01
1.617229836033846069e-01
1.477686083484746060e-01
9.319984852668007635e-02
2.978200526293778641e-02
1.382919303803234745e-01
8.568595782822856222e-02
1.693505054599458437e-01
5.973023974350062659e-02
1.232288321767924799e-01
1.788726219620000168e-01
1.138448081289999275e-01
9.159089802691114390e-02
1.092640045052355735e-01
1.583272221228237409e-01
1.574292132519625464e-01
1.012229013103978920e-01
8.369544649680329962e-02
1.649527600668600769e-01
3.796096110992067119e-02
1.062705685228057806e-01
1.652812324099265373e-01
1.230574104729696139e-01
1.159627632215227688e-01
1.081706567471864000e-01
9.614737564339899401e-02
1.733835844261573389e-01
1.793140117841143799e-01
1.460055105688203014e-01
1.702538807639993601e-01
1.269500193168247304e-01
1.618510291356569930e-01
9.815611452763085831e-02
1.445872721105068426e-01
9.244606457460387283e-02
9.661630744366983548e-02
1.603628235593960727e-01
1.599460726487703655e-01
1.381160347788853437e-01
1.782216968088783937e-01
1.670739080258490938e-01
6.734362716821365447e-02
1.758307657509160793e-01
1.138408943942001844e-01
1.593179829898810906e-01
5.215030638042839062e-02
4.671523147606107540e-02
8.511516511363383108e-02
1.105080048254307723e-01
4.668299120058753970e-02
1.286218562228613194e-01
1.441488967238687136e-01
8.555415591491788430e-02
1.420032353303089245e-01
1.239981021476832396e-01
1.561927046964166621e-01
6.631454191515596952e-02
1.357765734808396851e-01
1.394843217428513860e-01
6.878927399589572500e-02
1.393967471489096777e-01
6.938594386371141343e-02
1.389103855429275058e-01
1.592653623581920808e-01
9.176350656969552155e-02
1.483133059564044898e-01
1.544776083609898931e-01
1.649527600668600769e-01
9.486952828591539710e-02
9.040583133654912784e-02
1.718240423454980570e-01
1.711890250106541389e-01
1.483909266998277299e-01
2.526085227829730565e-02
8.403133321284195212e-02
1.009285090083098108e-01
1.669999056109556235e-01
7.946415075657453642e-02
9.312995142069382948e-02
1.276214893410960172e-01
1.772766783891699394e-01
1.041363176968264082e-01
1.728320771769400466e-01
1.358565222455266341e-01
1.371223708075271219e-01
1.414253053833045004e-01
1.391024756747619162e-01
6.978292270579686263e-02
1.300174834514235267e-01
9.671009625708938684e-02
1.058178218364379392e-01
8.043219114832965422e-02
1.356734869186368153e-01
1.718840355195960512e-01
1.430405017120425781e-01
1.689538240354447607e-01
1.494787981708711189e-01
1.527029291663248023e-01
1.281271163754827691e-01
7.845643838693158734e-02
1.304025460597943165e-01
1.073613034138900663e-01
1.351941748215899908e-01
8.604466490852712146e-02
9.933134203544267959e-02
1.325785671988610748e-01
1.423881948378165618e-01
1.028683768919654434e-01
1.339794902019775802e-01
1.605954190114309288e-01
1.395013857279136793e-01
1.244837190676933159e-01
9.673797464982189509e-02
1.078670209745955649e-01
1.515549631176703327e-01
1.598629919082778239e-01
9.543561671347502995e-02
1.717197731539963912e-01
1.032926208610299851e-01
3.567698327172058592e-02
8.259978370364050304e-02
1.062352226478072981e-01
1.040452523380124006e-01
1.405959149605702785e-01
1.757436607122133121e-01
1.148001707690789325e-01
9.085746950615952722e-02
1.682117536857523910e-01
1.437340309230256408e-01
1.315537051139996083e-01
1.140757277822428278e-01
1.513285816182996790e-01
1.765042558097261460e-01
4.472044655283548276e-02
1.222416194702592163e-01
9.435123806661398216e-02
9.178218339419870475e-02
1.094591066867647844e-01
5.989901148219441834e-02
1.217561901816229947e-01
9.687122238364412330e-02
1.347960988417449824e-01
1.269335415408988366e-01
7.726334328175170352e-02
8.904511512878721113e-02
1.522906385343738012e-01
1.819551986353648287e-01
1.702893774068612864e-01
1.491782714538387733e-01
1.196552680526328655e-01
1.562366860521391954e-01
5.838513634163600141e-02
1.323982983127874324e-01
5.861407909287150858e-02
1.278897437186689579e-01
8.693749628839587962e-02
1.814987554788474733e-01
6.806052694490706545e-02
1.668121322193086842e-01
7.732285117720284762e-02
1.283048669446341383e-01
1.610017290250041755e-01
1.354995100230002303e-01
1.305864294729119357e-01
9.950123833396180839e-02
1.076738684031224857e-01
1.095925840453543937e-01
3.063794102990076429e-02
1.167998062571909412e-01
1.248685770209289336e-01
8.883874263461875864e-02
1.786115058759378260e-01
7.243826856746239662e-02
1.408672492711686985e-01
1.475374649855887565e-01
1.352380201257093739e-01
1.481541596673022765e-01
1.399084788339111096e-01
1.428421895162731992e-01
1.396884054719514101e-01
1.396819503939306650e-01
1.365833632405559772e-01
1.152424502088951613e-01
1.435157975805504138e-01
1.256902140443754146e-01
1.508845571704578448e-01
1.268009679184179950e-01
1.256775899315132616e-01
1.435800832402140681e-01
1.798137792018355829e-01
1.626717440528738234e-01
1.508642858774583428e-01
1.351842056769488598e-01
1.540763606008490882e-01
1.430364745900804258e-01
1.474229142786876445e-01
1.274338951097369055e-01
1.356295135655392337e-01
1.166393555307496388e-01
1.357387421778746550e-01
8.569607553389392562e-02
1.137430826314399512e-01
1.446845346989981684e-01
1.397264593188885240e-01
1.674873389547979763e-01
1.444815405248973117e-01
1.485712560567905571e-01
1.773998044597669410e-01
1.220461120656665399e-01
1.708161457597253685e-01
9.602844975539052974e-02
9.865252093813609013e-02
1.727830498018765037e-01
1.405696103177530021e-01
7.709569819209201313e-02
1.528187719568360192e-01
1.344414208008555822e-01
9.083494120639173941e-02
1.814017351718554549e-01
9.113951436602815703e-02
1.689186847988007334e-01
1.576879295460429375e-01
1.376379055726909273e-01
1.162226715717439157e-01
1.582624897356702531e-01
1.451932621602762263e-01
6.666503356233199895e-02
1.668288811538895244e-01
1.813963343017810093e-01
1.668121322193086842e-01
8.756425561464421803e-02
1.724871782246391039e-01
1.773655392199984249e-01
1.166783808585043769e-02
6.565417036030467279e-02
1.806097106735634894e-01
4.506902421356503985e-02
1.212197214200641110e-01
9.588686688844574868e-02
1.167897161616044260e-01
1.201416841600089908e-01
1.004773431872787171e-01
1.314573091117018089e-01
1.150308170438228278e-01
1.579792623552831732e-01
1.092530130447214171e-01
1.085447418300691247e-01
8.349286297850069816e-02
1.336329762113778186e-01
1.157309806568206367e-01
8.175975022537898540e-02
1.609074978823556434e-01
4.774201557764144732e-02
1.662937254294729883e-01
1.502692754528527075e-01
8.584075267302529455e-02
1.508184841861121839e-01
1.617454981113125578e-01
1.624214077850592020e-01
1.280871091996990951e-01
8.761889849055429225e-02
1.716783388211022277e-01
1.417568308802734101e-01
5.217550636329556374e-02
1.109488340306536980e-01
1.393991692621265599e-01
1.456515984255478402e-01
1.056168921787162263e-01
9.245094044970521285e-02
5.587162149601301170e-02
1.820094578766995319e-01
1.190489471558774243e-01
1.079706893276041607e-01
1.579792623552831732e-01
1.209899913726456833e-01
1.808125230998286204e-01
1.763818246047353933e-01
1.306875197221426255e-01
3.914554041814469199e-02
1.261295783558608885e-01
1.441021124547028909e-01
1.181232202607295223e-01
5.113640792038879473e-02
7.317140418187365047e-02
1.485712560567905571e-01
1.729127061442887192e-01
1.043641844258836743e-01
5.851713604672863916e-02
1.219631340018184629e-01
1.122983192026526661e-01
1.106760266724985120e-01
8.490888657523551486e-02
1.477686083484746060e-01
9.465099120474265715e-02
4.256622547009786955e-02
1.737278714568244731e-01
5.878694564629825120e-02
1.721164134702574400e-01
6.978292270579686263e-02
1.184855348173981665e-01
1.730435187947070852e-01
7.780608017961328227e-02
9.271808158499018904e-02
1.779936024966692898e-01
1.133257388484243261e-01
1.250018160494539288e-01
1.029036602792909455e-01
1.381160347788853437e-01
9.283667863578373702e-02
1.013781897541169014e-01
7.680679454236445658e-02
1.075958469986910138e-01
9.933450632513343703e-02
9.774350955351994441e-02
1.509838869435070619e-01
1.412251434298415209e-01
1.760046537837460234e-01
1.587201581459729560e-01
1.137582466003078802e-01
8.130200321442476730e-02
4.994160551644723223e-02
1.173050981850150415e-01
1.511567946684777564e-01
1.750793686579459607e-01
5.105935945668542419e-02
1.267984568579271498e-01
9.170332971221462071e-02
1.021668288899065941e-01
1.643647861429178292e-01
1.093206516312001664e-01
1.770109625168417022e-01
1.317372060724583127e-01
1.717358516651413258e-01
1.444431626646679456e-01
9.695710719112328457e-02
1.493692849534110911e-01
1.290305928579823791e-01
1.426210004548179033e-01
9.193030375433258738e-02
1.401748142114069007e-01
1.248673164732416879e-01
6.602669973799675518e-02
1.162655180564291235e-01
9.874422246132438796e-02
1.467390661118390116e-01
1.312189965790393209e-01
1.656279460760867461e-01
1.646723632133128279e-01
1.808538192532046507e-01
1.755327974832587568e-01
1.476890755854612658e-01
1.668531026892864366e-01
1.527273088639238829e-01
1.003693706608578956e-01
4.664982378653124984e-02
1.501574956086413060e-01
1.781521466405110443e-01
9.398540548991067556e-02
1.464765261440558186e-01
7.261991357871910857e-02
1.630131085164527593e-01
1.226882888973483271e-01
1.270255582036367015e-01
9.358703114293107084e-02
1.805758744320173359e-01
9.524345748384187293e-02
5.921652729621214306e-02
1.799188048766341419e-01
1.818660822960874723e-01
1.784778514799455484e-01
1.071845822178133789e-01
9.322009060097335986e-02
1.796408675875724725e-01
7.849033722968465354e-02
1.211735975744254040e-01
1.066551793121488789e-01
1.279557155070445706e-01
1.235167109882925746e-01
1.278076087801494065e-01
1.697859505098011090e-01
1.672075603826228274e-01
1.808194306138931062e-01
1.343440369296162729e-01
1.783519091837626469e-01
1.654465982814342373e-01
1.662829056608962353e-01
4.927168433683083021e-02
1.826915056254708181e-01
1.223219530494295271e-01
1.266305764756918972e-01
8.395921453900961895e-02
1.542642701544257866e-01
1.679477520058281770e-01
1.413935495013772525e-01
1.405700472817029145e-01
1.101546193070574581e-01
1.730752460492667455e-01
1.667305797817985047e-01
9.020667840213018873e-02
1.014736961943546872e-01
1.138078376016673360e-01
8.663021036958987176e-02
1.820996258797814293e-01
9.296462318533445235e-02
8.137244486083188011e-02
1.691099132798907501e-01
1.538525257463227436e-01
9.195996353964576431e-02
1.268333591779660929e-01
1.049192539396947843e-01
7.154179188899988107e-02
1.504588877651890366e-01
5.060349243900714999e-02
1.658207318105141548e-01
9.886580731475323736e-02
9.098353578013124165e-02
1.730082833497952055e-01
1.122276739786165628e-01
1.571236579621569929e-01
1.456066496045075043e-01
1.721608060284083586e-01
1.621674703464844325e-01
1.024426710001941909e-01
1.552651113223643964e-01
1.228195937986846786e-01
2.570822705415333823e-02
1.551520722510774108e-01
1.819080296618375003e-01
1.104613631750699237e-01
1.565911209234964463e-01
1.422074671850133976e-01
1.564166779804291585e-01
1.404483937215389999e-01
1.579370934275871330e-01
7.220912629406214811e-02
1.041099095870392927e-01
1.497760685565259486e-01
1.235060762334075912e-01
9.360078743595619255e-02
1.355312907927512245e-01
9.344304984156710792e-02
1.191041628726871165e-01
8.323720097318317024e-02
1.405820136194781134e-01
1.734744295888734356e-01
1.377893893841504458e-01
1.344539221158344844e-01
9.671009625708938684e-02
1.222416194702592163e-01
1.407869712060194622e-01
1.706921791312499825e-01
8.882802043796479696e-02
1.501093422229784757e-01
1.516733930273174991e-01
1.463313316529732122e-01
5.770142995023105209e-02
1.579728306266574844e-01
6.670134245348126323e-02
1.270596636107044208e-01
9.875702319124599060e-02
1.224044046290317378e-01
1.439238284152901393e-01
1.792186315349606207e-01
1.305864294729119357e-01
5.019615947962705743e-02
1.633481106650513104e-01
5.268350954626530025e-02
7.216267606152505787e-02
1.658702775829842824e-01
1.129915319014089398e-01
1.618904484290497048e-01
1.080945813365668251e-01
1.061378963120918062e-01
8.581430256174521487e-02
1.163010920940772547e-01
1.529562141346331727e-01
1.476890755854612658e-01
1.191008246745835220e-01
1.215629544938064410e-01
1.363352126582940971e-01
1.125469307374838829e-01
1.501204885881856355e-01
1.271431537540637646e-01
1.830109053807288388e-01
3.156864519788660922e-02
1.092056749538854316e-01
1.666906356033001912e-01
1.414248194938266812e-01
1.115255825231536296e-01
1.666521203166006493e-01
1.384405434533123591e-01
1.027670157755389974e-01
1.758435763903032356e-01
1.112871575905097915e-01
3.605776108713943523e-02
9.952548006881897780e-02
1.060274059922647477e-01
1.066049462122410779e-01
1.402925352660275571e-01
1.147028403265220320e-01
1.794326216166677312e-01
8.666390483260340283e-02
9.002442682911461491e-02
7.600156801417996821e-02
1.076417327031268384e-01
1.295576197592709089e-01
1.437689896873061701e-01
1.322980735130882268e-01
1.328099129100938081e-01
1.220788252199190710e-01
8.217352819878923076e-02
6.144604753459667612e-02
1.165791169120003745e-01
9.016954800698356864e-02
1.724722852330655143e-01
1.787423047296694267e-01
1.239676396164663963e-01
1.257263507472709818e-01
1.197298309483350170e-01
1.699863988078103849e-01
1.217216603323968416e-01
7.546966767526068487e-02
6.851547570245400398e-02
1.787642477108699890e-01
1.497393785920437814e-01
2.675465576674771265e-02
6.330101088767216277e-02
1.801103036467845975e-01
7.844072448140884668e-02
1.576899898620422180e-01
8.594693010644528786e-02
1.123137954506358144e-01
9.833534971935228852e-02
1.686682978634605201e-01
9.720336199442088099e-02
9.498984780626369695e-02
1.084187241373457122e-01
1.471895913741856354e-01
5.507011632167985171e-02
1.672075603826228274e-01
1.655793304261231613e-01
1.084467898719402718e-01
7.818428999739257534e-02
1.275441031226707267e-01
1.684761351062084855e-01
1.650045419127620927e-01
8.123847502158895728e-02
9.157274474850979340e-02
7.966384222413919192e-02
1.247737918990280276e-01
1.609809586920094848e-01
1.586048159255835366e-01
4.335274598929385326e-02
5.385171508298492067e-03
1.159252320725029511e-01
1.531257266112476534e-01
1.333810082643243911e-01
1.290262541862547407e-01
1.362477957937666406e-01
1.003706257929916634e-01
1.807108535267062388e-01
7.801094956118916068e-02
1.160006135639154723e-01
3.866730930198608585e-02
1.404483937215389999e-01
1.160021462016911920e-01
1.293632820031400954e-01
1.248673164732416879e-01
1.471187955565458338e-01
1.268089394413945137e-01
1.083188660606719950e-01
1.571274424650455082e-01
1.049630359592717971e-01
3.515537438479345717e-02
1.268916047947983294e-01
9.298350030750088258e-02
1.390710280287608402e-01
1.328826701866085702e-01
1.085577232363220679e-01
1.106962086019432495e-01
1.063272192151901857e-01
