4.364737207260607765e-02
1.829854582461306126e-02
5.550969035117763600e-02
1.950495902209323923e-02
2.360510963833130013e-02
4.708661044102764592e-02
4.798064378351040576e-02
3.900522209574562582e-02
5.135896275185361515e-02
5.385066184804654377e-02
4.133361878971063275e-02
4.794529604367753217e-02
5.519237581668526987e-02
5.086909316333731307e-02
2.080983702336960256e-02
4.145217790513437001e-02
5.501508300800140444e-02
3.585517985737823182e-02
4.642252393081267720e-02
1.810792205823050227e-02
3.120470764375463113e-02
3.560008432628235936e-02
4.910167954445716909e-02
5.414843945953246723e-02
4.906432989504311282e-02
4.927537840075747050e-02
4.571404284990087524e-02
2.557427466337976185e-02
3.260362715524842830e-02
4.732474549278151144e-02
4.699508294984653528e-02
4.073277433623662125e-02
3.266255283484167937e-02
5.352809605590643643e-02
3.322349067784381715e-02
3.880401121429604555e-02
4.197714517423008912e-02
4.624933948101472153e-02
2.144462533409572866e-02
5.206539271734351298e-02
4.466653534551261878e-02
5.172764768139657965e-02
2.258595115345042245e-02
4.983404210827650782e-02
3.356541287492652986e-02
3.334420254433628078e-02
4.223329059506286676e-02
4.265189052110839735e-02
3.229706583169416473e-02
5.008897736434356901e-02
5.238642791007800531e-02
3.374076646331497509e-02
1.199600705784529403e-02
3.761405686031469436e-02
2.744479529794224826e-02
4.076102048321594840e-02
4.011657807602164727e-02
1.960570157688557025e-02
4.806729105277480346e-02
5.299062567873930041e-02
3.499736888939983942e-02
2.759210211446339739e-02
3.743299319296045785e-02
3.074807280935436260e-02
3.620810301195716285e-02
5.439429590742902998e-02
2.752764144587580702e-02
3.480428772800293891e-02
3.454294407419412904e-02
5.340138634014876540e-02
4.377313297763091998e-02
4.444131038861415944e-02
5.021060118085142465e-02
4.171831781185568466e-02
5.272333841835252083e-02
3.197125081534352153e-02
3.615615085744579987e-02
5.257997679424492032e-02
4.994607330752036389e-02
5.340379414889175058e-02
3.711749826856781953e-02
4.608182275418393203e-02
4.296774326513995435e-02
1.685489830366630054e-02
3.603538911447423665e-02
5.308943493393328966e-02
1.200952957708804024e-02
4.187145013429379586e-02
2.621960885370896305e-02
1.252208126561927745e-02
1.696444289854946719e-02
4.455001340581447172e-02
5.038460320534911274e-02
4.941118120258999186e-02
4.607172753548469807e-02
4.858681802960416324e-02
2.760379607465881374e-02
2.938136914357575638e-02
2.264192984622430405e-02
4.465025378009970791e-02
4.767661725697018571e-02
5.492977665002863469e-02
3.729808385957344291e-02
5.602154123709759959e-02
2.916235879936623226e-02
5.579494133387369326e-02
5.326832506822438973e-02
2.988414177726349610e-02
6.158560173370528426e-03
3.490858863516561883e-02
2.367551504370835405e-02
4.271415180299834718e-02
3.243122305960260271e-02
5.153548711928439274e-02
5.364016984884060341e-02
4.527954214685270956e-02
3.029627914480418488e-02
5.100648300002244562e-02
3.541444871134465100e-02
5.220017775402962384e-02
2.169716074340400161e-02
4.022854430253726410e-02
3.295793903767186422e-02
2.889220856345103144e-02
4.036950650613045644e-02
4.388325665531316033e-02
1.487448830948812604e-02
4.230780728384023887e-02
4.523235942596109255e-02
5.250621144419762715e-02
4.866560606650223442e-02
2.381401422634333437e-02
4.580324405099608226e-02
5.334404221583832761e-02
4.268892057587966860e-02
5.157963075840471534e-02
1.594677236878137838e-02
5.236015214946041635e-02
5.126856505924885093e-02
2.705424619032890943e-02
2.584802366389603312e-02
2.376507633057782856e-02
5.548558881312613128e-02
4.187987068795918227e-02
1.163744941236497139e-02
3.921799126689064219e-02
4.396881840990957135e-02
1.265133104814978801e-02
5.408902580688153272e-02
1.857718665834642846e-02
2.237379559684091884e-02
1.975187771353173471e-02
1.035574844253215124e-02
4.156575493941302990e-02
4.531559257313125255e-02
3.685636260922641599e-02
5.174531169780355322e-02
5.207634362685862467e-02
3.807988098585228520e-02
5.633242488870589953e-02
4.693194926843787668e-02
2.177553916503525630e-02
4.100685475588525253e-02
2.690316457278523268e-02
5.292652581968694536e-02
2.885648506218611506e-02
2.576373114209842830e-02
1.944579195093568136e-02
5.120183869869055632e-02
5.506447970443571760e-02
4.096203981227954094e-02
3.376148605816379350e-02
4.656570513297644126e-02
3.003225042666282651e-02
4.770802980431095713e-02
4.854163646189257886e-02
5.579811919557862987e-02
3.760133107430036620e-02
5.444802257215822922e-02
3.823411421161769519e-02
4.858410175673640030e-02
3.021909430480224090e-02
4.725223797554954641e-02
4.728923424149539256e-02
4.764028800062765356e-02
2.824534983603201044e-02
5.380045462705985992e-02
2.737331761470346292e-02
5.295785704847994629e-02
5.379652130798120296e-02
1.829854582461306126e-02
1.638871548229750910e-02
2.258595115345042245e-02
3.921174790769809543e-02
3.641674440326318762e-02
1.917488498227412283e-02
5.609293645628850994e-02
5.110222112506774411e-02
4.664030318736932940e-02
2.970300311547136030e-02
2.631649156291516675e-02
3.692074382957302031e-02
5.457391870613675922e-02
5.404246356817070385e-02
2.558239469620710027e-02
4.764028800062765356e-02
2.217432733890206675e-02
4.210670839353172767e-02
1.901413384063880760e-02
5.328419959826918156e-02
5.375777534397433582e-02
4.708622308783629029e-02
4.662769570464609520e-02
2.906153076516094363e-02
4.866560606650223442e-02
3.978194999773689011e-02
4.151861700594710464e-02
1.047910749520566606e-02
4.373873181803763360e-02
2.452957796184375427e-02
3.980813000710609062e-02
3.978194999773689011e-02
3.701732108435906027e-02
3.468260266387499652e-02
3.257263715587587621e-02
3.242778801776802222e-02
3.776217049761180361e-02
3.993420912735295286e-02
4.505088366961946394e-02
2.408462326701225203e-02
3.497650250185203175e-02
4.272387658457206527e-02
4.430575719741171314e-02
5.545366775591036718e-02
3.816960130522827066e-02
3.427347798326898370e-02
4.304430265501370950e-02
4.658192613612639060e-02
5.542142718462771123e-02
3.297673224041836743e-02
3.884778346397561866e-02
5.569330171932732748e-02
4.589601352493452580e-02
4.992170329183470701e-02
2.241003621649363328e-02
5.380583574159814031e-02
5.267803120952260082e-02
4.373745921883175070e-02
5.345818611221591493e-02
5.241895694303527059e-02
3.566896847176719704e-02
4.588918332098725072e-02
1.985056371254089250e-02
4.768007040373474503e-02
4.961051005809011261e-02
4.440668223363160999e-02
2.589257063004005849e-02
3.016835639654182055e-02
5.311820350404159591e-02
4.858681802960416324e-02
3.589652685327116705e-02
3.958067280097430501e-02
3.433807602743215587e-02
2.429530130376102853e-02
3.949505064461469872e-02
1.721491255133225998e-02
5.440199059037165163e-02
4.238550926080334597e-02
5.345216269691677874e-02
4.315343296666360184e-02
3.527656325007735155e-02
8.575093306803987375e-03
3.352568805391027695e-02
4.396814728748510426e-02
5.238756282791598440e-02
4.619924480760915358e-02
4.500792960144089222e-02
9.022898193889678300e-03
5.493168821855194672e-02
4.079160197270906979e-02
2.141492752998507693e-02
1.872630096976562672e-02
3.956791201268898550e-02
4.494749877747029193e-02
4.237671692391768719e-02
2.748204400079363660e-02
2.262650080501143329e-02
3.241435212867951887e-02
3.860411845268998943e-02
5.603506279597866152e-02
5.544191895826099808e-02
2.019576788289040997e-02
5.632551037962711671e-02
5.588696875874005210e-02
3.696813986786161299e-02
3.717562533591172586e-02
2.974336165165503837e-02
2.992229900975786755e-02
2.549146684011274061e-02
4.103635565963342086e-02
2.996945713134139752e-02
3.077700794061399153e-02
5.606767902566015677e-02
4.579256487389649771e-02
3.886639108890008881e-02
3.413783432329885181e-02
2.473602343541368709e-02
4.303713631600389333e-02
2.238616797065825365e-02
4.478857745353660713e-02
3.160528802821060967e-02
4.292695676832485735e-02
4.847184272705323121e-02
4.200994815015702405e-02
1.205916715976029091e-02
2.452957796184375427e-02
4.851022716038471544e-02
1.959321123390180344e-02
4.338951991575356465e-02
5.194777558519129285e-02
3.336595981901189362e-02
2.874868545705401915e-02
4.784575394798389059e-02
1.795134980153287318e-02
1.895212413923681380e-02
1.644635508517550138e-02
3.973458221346491681e-02
1.857161258438015314e-02
7.413709886882858917e-03
2.231125673657666578e-02
4.908031688895731631e-02
1.846805393305096799e-02
4.878056297283946824e-02
5.651430212295528721e-02
5.494558567110706393e-02
4.573613678438257640e-02
1.409253898613749799e-02
2.766134265648430984e-02
2.626525333655142097e-02
4.598918446245753300e-02
2.232209480416157132e-02
5.471602023039401352e-02
5.601126180031818641e-02
3.827491754935834906e-02
4.842426624721019035e-02
5.621842934946934267e-02
3.179137476969190468e-02
5.326832506822438973e-02
2.789967742199308751e-02
3.083186134828816427e-02
2.958864582829332651e-02
3.665698416194643205e-02
2.338545597815887972e-02
4.453293766228159922e-02
5.630661950610584693e-02
4.102313200168125618e-02
3.952530154003896373e-02
5.009508025392524211e-02
1.304483115584500683e-02
5.599595234894026718e-02
4.892863138140889079e-02
3.906090958810622821e-02
5.468497278708894099e-02
5.644502559818049409e-02
5.328161283515912144e-02
5.508940088285547987e-02
3.187363430779287243e-02
4.694371364406092761e-02
4.488269426333759554e-02
5.162898893853683224e-02
3.720058862231397784e-02
1.739192501985305575e-02
5.036512675724572063e-02
4.742472313623182639e-02
3.474347305593984692e-02
5.505459275866229213e-02
4.554482465257090468e-02
3.996364100001303932e-02
5.575152136408845910e-02
5.135944423501280498e-02
4.878416450744695043e-02
5.568456372877997329e-02
3.251457621124610731e-02
3.029627914480418488e-02
5.011149785646711735e-02
5.051098244256067848e-02
3.394680335085070721e-02
3.429629206239855760e-02
2.652384353250452492e-02
5.286732479163944176e-02
3.653981264520943933e-02
5.230385727677300256e-02
2.202834274904880152e-02
4.976874392550854204e-02
2.247214740860734028e-02
3.683489164254714204e-02
1.614842644203978370e-02
4.299604407698232045e-02
1.191650371867457314e-02
4.513164715183962811e-02
2.568245918659546947e-02
5.508940088285547987e-02
4.705670907964733946e-02
2.564347104462314647e-02
3.301265108299105550e-02
4.558777080357533096e-02
4.638580907902711825e-02
3.276116805660915510e-02
4.863993538398431182e-02
4.427669653550300038e-02
2.919019637072326270e-02
5.643770897538592790e-02
5.450259148316231178e-02
2.895253980948401043e-02
4.011931575599227834e-02
1.902270007158503307e-02
2.370815578829938916e-02
3.564764614713426122e-02
4.138969827820967312e-02
5.603545515810508248e-02
4.535221099799416344e-02
5.053919654415030965e-02
4.389835648933525930e-02
3.846458439751475333e-02
2.884492984890895534e-02
3.633099022370252923e-02
5.043345741139659139e-02
4.993402551915766818e-02
3.618704464753937783e-02
4.261605936515368287e-02
3.068987250080482121e-02
2.631649156291516675e-02
1.829854582461306126e-02
4.311515972109317141e-02
2.068043914430682875e-02
3.405639066891763544e-02
4.483866474719194750e-02
3.194298309282312537e-02
6.788155429299502774e-03
3.905627322529595102e-02
3.431518585039773639e-02
5.632517947306571460e-02
8.671895181877081749e-03
4.373873181803763360e-02
3.040081742108822691e-02
5.228001920299731042e-02
5.600462223642535542e-02
5.563689764505727609e-02
3.521484289794290373e-02
5.565646264155878903e-02
2.233601614116009076e-02
2.500076161791826845e-02
4.356340647432233731e-02
4.965345522788493920e-02
4.232120823505450963e-02
4.908432441491250575e-02
4.745856694760412081e-02
5.521984981604131926e-02
5.202637412242185760e-02
3.222517941549823961e-02
4.548975706683471010e-02
4.151278652556759929e-02
3.695205214777762259e-02
2.746914358769241352e-02
3.942191666475453743e-02
1.691262179301212393e-02
3.227108452875767503e-02
5.491532195995458415e-02
5.561967845211011896e-02
1.741051120734020755e-02
4.772942883302446621e-02
2.814438265552971288e-02
1.865931685235440798e-02
4.903757065007688376e-02
3.066933798962346441e-02
4.479833647265581836e-02
2.928043716258513923e-02
1.768187606856995442e-02
4.558338873234137056e-02
3.179604832838418133e-02
3.884083802037060357e-02
5.133411433440081273e-02
5.436177364369571691e-02
3.166383802709644285e-02
2.752450520889830610e-02
2.739665937078595431e-02
4.511818395978210716e-02
5.503522484521322644e-02
5.605880476806841123e-02
4.424048599723651859e-02
3.628343774492221591e-02
3.656535940670536944e-02
4.423928718969370039e-02
3.372362986114291195e-02
5.600157330943863337e-02
4.358429400175354435e-02
5.313578110594935344e-02
5.094877017158412624e-02
2.188298343727865247e-02
2.626525333655142097e-02
3.062007765856360891e-02
5.178560048771917862e-02
4.295226411368788244e-02
2.243686419989580211e-02
1.449972411384651064e-02
2.474981717889630090e-02
4.208746321938281604e-02
3.734767578251840109e-02
2.057709333151832784e-02
4.495976335065351992e-02
3.423085141439900780e-02
3.818226616700793469e-02
3.728164717360586689e-02
4.669267432355388159e-02
3.898013210265456607e-02
4.099654297410243453e-02
5.340955249755750811e-02
3.457712428117150349e-02
5.399759048040222303e-02
5.632537059271153224e-02
4.908244597290198352e-02
3.009084320549695185e-02
1.776657245808595936e-02
4.052868798392042504e-02
2.938713728328255781e-02
4.630710727940520050e-02
5.456004806847910074e-03
1.677727717882831343e-02
5.346422775453725518e-02
5.463203908099836109e-02
2.366363022692859197e-02
5.325556500681767613e-02
3.259691197793890272e-02
4.398396909189825066e-02
5.630088937106528940e-02
1.666014581805264072e-02
3.481244985524482860e-02
3.377272607212496169e-02
4.619845725331048203e-02
1.657146393792044772e-02
4.828484981175621554e-02
4.708661044102764592e-02
4.357106204256155219e-02
5.424867370927154847e-02
4.284506499718806344e-02
4.059174036080991088e-02
5.575952935267695226e-02
5.161401849296896188e-02
4.546165930290411994e-02
4.266499658374306447e-02
4.496837287787081722e-02
4.738104776434839960e-02
4.385977757787815068e-02
4.595952767402496086e-02
2.985048085757202943e-02
4.318948801054573600e-02
3.690339615344895990e-02
3.781812133287076882e-02
4.564424471175809045e-02
2.886538351799241425e-02
3.725885502287931694e-02
5.105715699550540665e-02
3.254008800886312031e-02
3.978645964694836612e-02
5.645956175739024613e-02
2.901877841265796884e-02
5.192278324281787011e-02
1.888048184997033127e-02
2.996241603409505530e-02
5.135555943859808348e-02
5.011585503754290710e-02
2.098325798770784775e-02
4.633475958674551642e-02
4.664221730391314436e-02
2.146364151267107431e-02
5.408490643262113540e-02
4.537477731479495902e-02
5.433235268700926934e-02
5.464284232617352272e-02
3.387496973739284600e-02
5.560511101049860072e-02
3.259691197793890272e-02
1.184206899253358383e-02
4.218092451451918579e-02
4.460480912994627817e-02
2.200056591357295310e-02
5.153743670923636999e-02
4.191543075793712630e-02
4.571404284990087524e-02
5.599403407022617712e-02
3.850719910883341340e-02
2.157303670339024565e-02
4.539820525767564868e-02
4.904136999006610681e-02
3.811663944187464181e-02
4.442066996873099416e-02
4.281990177729342803e-03
5.501222674635897203e-02
3.726375676449168728e-02
5.583913953229478061e-02
3.517223351228804251e-02
5.292671384815103575e-02
5.279367223900633538e-02
7.651671919193442362e-03
3.128802898856606479e-02
3.327175335029308040e-02
3.781208526285743249e-02
4.834194473492489652e-02
3.407386135765348018e-02
1.223427036807852968e-02
3.498947258985620617e-02
1.816965661894751061e-02
4.504981816351544960e-02
4.742472313623182639e-02
2.926853017060582901e-02
5.307504882974115740e-02
5.374103528164402011e-02
3.555469905334417841e-02
4.874652660420554506e-02
4.751203506810078303e-02
3.374076646331497509e-02
5.406706282748994369e-02
3.366294529428767029e-02
2.887384611477863267e-02
5.724595187372320641e-03
3.124877985486797932e-02
3.659974414689619315e-02
3.664649488249598769e-02
3.624441149015705105e-02
5.540403160191150617e-02
3.458354938233442616e-02
5.069337057384198930e-02
3.021695998601158645e-02
1.857718665834642846e-02
5.293305302448451238e-02
3.413783432329885181e-02
1.947974751386384942e-02
4.542191086257325178e-02
3.023155593493653814e-02
4.300493161147701110e-02
9.726286007909194786e-03
4.450357441841952533e-02
5.612307789048152917e-02
4.828466534282544603e-02
3.438431609673928135e-02
3.243122305960260271e-02
3.879549022960543381e-02
5.030702148428878306e-02
4.291553610839139721e-02
3.983328185899499829e-02
4.548975706683471010e-02
4.428186243383404330e-02
3.502636252411201606e-02
4.440022445946106844e-02
4.199832673728470800e-02
2.202834274904880152e-02
3.683712588307187091e-02
2.874838402583469385e-02
3.742796624227642810e-02
4.378498061197837882e-02
4.510910151743259544e-02
4.767661725697018571e-02
2.370295966989864958e-02
3.896643781865277711e-02
2.834089847621219099e-02
4.500093202567648221e-02
5.393903084845955848e-02
3.098080652921350250e-02
5.527504537948692287e-02
4.536556960505247482e-02
5.287233927236404535e-02
3.806405897575224073e-02
1.900192698513569756e-02
4.343688376141272012e-02
2.256527754276736394e-02
4.099763464935141793e-02
4.469392089621360836e-02
2.083631732034006354e-02
1.950491857648135180e-02
3.236747640342937937e-02
2.027885093923477086e-02
3.941169978248979661e-02
5.044241778408019988e-02
4.018365349737219178e-02
5.645773769600345021e-02
4.548583115832757068e-02
3.084336335238390889e-02
4.522560087086773678e-02
5.585718777037081834e-02
3.825999011295496549e-02
1.298065697177003264e-02
5.325556500681767613e-02
2.543144118288704139e-02
4.079690800278749224e-02
2.826824747597492943e-02
4.375203187316524522e-02
1.909091237340386146e-02
5.246050586003947469e-02
1.622394695329204550e-02
2.244493473882181941e-02
4.899264799326490810e-02
4.355283869660180746e-02
3.575255303194982415e-02
4.493979557066183489e-02
5.408657895819839884e-02
2.135954054054413354e-02
5.464497613592387421e-02
3.394321656564307926e-02
5.312216897205878502e-02
4.905944320160231242e-02
3.892414020733355601e-02
3.216177789926225050e-02
3.800423584035444308e-02
3.737381660450520698e-02
1.282603503603882769e-02
5.133780549145815220e-02
3.921494873571350348e-02
5.251203462097946834e-02
5.143453806253012184e-02
1.273182245584512755e-02
1.477850618860793511e-02
4.983871834144164292e-02
4.576648123777796173e-02
4.361015507972307997e-02
2.320841463561010981e-02
3.998285357240164567e-02
3.931854648214299502e-02
1.987185041879037384e-02
5.226499283473991231e-02
4.439288725475626363e-02
3.939334546630127165e-02
4.798615025455345295e-02
5.177471079915772767e-02
3.185972959962659473e-02
3.359294385642633968e-02
4.126766378816132397e-02
4.061011823282554417e-02
4.190001855252294821e-02
4.453834449699205222e-02
2.891412329947002854e-02
4.076854469343064308e-02
3.580104771541574998e-02
4.950871663063405315e-02
5.133411433440081273e-02
2.717900848311434123e-02
2.503328504779434027e-02
4.587161535239321630e-02
2.842331444298365831e-02
4.801075362053078971e-02
3.799824806832322044e-02
3.091386532961851522e-02
1.532687149186403620e-02
4.550084005619346728e-02
1.522801405491498034e-02
5.582095645593194988e-02
4.270517886858550549e-02
3.968531459599211608e-02
2.546073736928835055e-02
2.603775887510696718e-02
4.804539509310844919e-02
5.270703103807741069e-02
3.517415863125580161e-02
4.735070717220154352e-02
2.552608329381093541e-02
1.281148987796278289e-02
2.675608064408130718e-02
5.471607988361847780e-02
5.128264877097774010e-02
2.449923293882180775e-02
4.016633717097559120e-02
5.015925277904038221e-02
3.846773030002443444e-02
5.447546070663009110e-02
1.449972411384651064e-02
3.886639108890008881e-02
4.458704336344211649e-02
5.508579953859196743e-02
4.153416196379704911e-02
3.164400743037227431e-02
2.360473481258964362e-02
5.407740711679580314e-02
1.064690435026228663e-02
3.823906691841726796e-02
2.744479529794224826e-02
3.704201510092952621e-02
5.422915928092809229e-02
1.439153754502264966e-02
5.237322823834043156e-02
4.062491793549750929e-02
4.162676300096841697e-02
4.842696388442915140e-02
1.461052136167644358e-02
4.632132363251566937e-02
3.335718548673631545e-02
5.570360205599952236e-02
2.353686502080331103e-02
5.419805101627385435e-02
5.488253630075811546e-02
3.074405718143929933e-02
5.508350152653777171e-02
2.037618496131009954e-02
5.161282578950339428e-02
3.120325124493505270e-02
5.566535910356395361e-02
4.858691702515531563e-02
4.961051005809011261e-02
5.622080005104773681e-02
4.217407813884860995e-02
5.593461347707480436e-02
5.424242279501432368e-02
4.347151051302652891e-02
5.311057539486017248e-02
4.249040896916587290e-02
2.886442067911421105e-02
5.596145715580647106e-02
2.503829888048599017e-02
2.723443177249944627e-02
3.859107145457821297e-02
3.056873593626660904e-02
3.948893756724145693e-02
4.565153458638304684e-02
5.417439751052171432e-02
2.714305439896448971e-02
2.306637477316798163e-02
4.669139123573647077e-02
4.394199233080827577e-02
4.656570513297644126e-02
4.041563591229465485e-02
3.083186134828816427e-02
3.934349169845399730e-02
2.966908952262743704e-02
2.322975295290941392e-02
8.980711763798738395e-03
4.026620297023950773e-02
5.395882209095864690e-02
4.446127624653913729e-02
2.123909795542189977e-02
2.033650654258908896e-02
5.445524998106432424e-02
3.753638894843004670e-02
5.557507538269505776e-02
2.757964590984861644e-02
4.454858322905787260e-02
3.527656325007735155e-02
3.576904198695842613e-02
2.931085026133771823e-02
3.033497791240182331e-02
1.722645636828049748e-02
4.241846827808327947e-02
3.587209163773612264e-02
5.540878842705051349e-02
3.889456684701691341e-02
5.345058605495737331e-02
3.368528395655542851e-02
3.427510964986804631e-02
4.969081788764526109e-02
1.501118655619350720e-02
2.878648858321182155e-02
5.379652130798120296e-02
5.534931165415246657e-02
1.034933181766192409e-02
1.076479965119495757e-02
4.489489540582256022e-02
4.265263665964502682e-02
4.644576408221250119e-02
5.265865689266143596e-02
5.383394057411492600e-02
5.579494133387369326e-02
6.604195820835472713e-03
4.902265843031741038e-02
2.037618496131009954e-02
4.989777740586152227e-02
5.199436686109329409e-02
2.165791654344207534e-02
6.600550563949419448e-03
3.062502914300819362e-02
3.986781108609960267e-02
9.801346903066159022e-03
4.757146380192731061e-02
5.276590257198063988e-02
4.224794806250532775e-02
2.600819745277912695e-02
5.591605192560451798e-02
2.139087895571629636e-02
4.400579642292962168e-02
5.593285511554237782e-02
4.221624617684164443e-02
4.771780270697387194e-02
3.288959516003756717e-02
2.925391273919801527e-02
3.752736121249342083e-02
5.351665861462358287e-02
3.701859213213399419e-02
3.216177789926225050e-02
4.895523675599224717e-02
5.097521210143565740e-02
4.645666579399787555e-02
2.547181677617120499e-02
4.632749154701373134e-02
3.201483054495832953e-02
3.114662946052200454e-02
2.168436780771918967e-02
2.966908952262743704e-02
5.021060118085142465e-02
1.171882543857780297e-02
4.475522756352193210e-02
4.768007040373474503e-02
3.606418353606080651e-02
4.720139051722701401e-02
5.645773769600345021e-02
4.881160439244854043e-02
2.188156316749753985e-02
4.738104776434839960e-02
4.461450334630430448e-02
5.080989763538605597e-02
2.333066629449529958e-02
4.156575493941302990e-02
5.016574575062598962e-02
5.637780657241023979e-02
5.061360341715285399e-02
3.341404462708141843e-02
3.141997304491565834e-02
5.509477934658018466e-02
3.597188575018913509e-02
5.038460320534911274e-02
3.875768695316424151e-02
3.618795015863337378e-02
4.632489237203263333e-02
3.750686170407547398e-02
4.069818167480356019e-02
1.533019153143558126e-02
3.560008432628235936e-02
3.980813000710609062e-02
4.769216641248406191e-02
2.870354437971421591e-02
3.147830516508876714e-02
3.946396918273720189e-02
5.445669125678883477e-02
4.919312799298121430e-02
3.838492945543527796e-02
2.341354305519539186e-02
8.458427474011244451e-03
3.642453547797263463e-02
4.716079773280010962e-02
5.410401479003763836e-02
1.887597198134623525e-02
2.859592237315194962e-02
5.197112478066512331e-02
2.183731985083314092e-02
4.662809421391721915e-02
4.621156807789254806e-02
3.906380860778842223e-02
5.380109945179795822e-02
2.318639252091118236e-02
3.756367037593259101e-02
5.593285511554237782e-02
1.713343130612029683e-02
3.383065327811186213e-02
5.575804498577843771e-02
3.968785111693948209e-02
5.633471858614157862e-02
5.456029263301302029e-02
4.609063292832753927e-02
3.804646024951828520e-02
2.175272855860447760e-02
4.260611265825273858e-02
4.570432769550155511e-02
5.351589195209889571e-02
4.378634893621143054e-02
4.221835644190231190e-02
3.425563044440734645e-02
9.517594533831229969e-03
4.415641448223594362e-02
1.023102441581799811e-02
2.063190965241593761e-02
5.470418935470348909e-02
2.888328792289596159e-02
1.851356971521275763e-02
4.380808709216955921e-02
3.540247472569880982e-02
2.431003243123623647e-02
4.894099368836515862e-02
2.147629072348512455e-02
4.786463041557890291e-02
3.252075105027413954e-02
8.223156549498750884e-03
4.515364390446253290e-02
5.422334377299001945e-02
5.555015219704637075e-02
4.577364127165888669e-02
5.448514275763963882e-02
4.260106817433634979e-02
3.973039780781326830e-02
5.051079701289790114e-02
2.752764144587580702e-02
4.718944753562766964e-02
7.003741881622405248e-03
2.325998241449651893e-02
4.287617479716518409e-02
4.450681565108562110e-02
