1.345289101570843748e-01
2.201461063236018756e-01
1.468662186269510117e-01
2.275385398335806331e-01
1.483647051828132779e-01
1.013671828143323378e-01
2.169691298871493645e-01
2.213796455476117753e-01
2.235341745188823281e-01
1.335932973295217985e-01
1.543163939655563255e-01
2.246330077060224861e-01
1.228300364307318149e-01
1.304681210356072596e-01
1.418544069520731588e-01
1.549261660505316940e-01
2.787837051008967837e-01
1.667509037827409890e-01
2.550559793576595013e-01
2.864309016184315437e-01
2.418012543569973971e-01
2.288137068392615270e-01
1.277332843098704374e-01
1.640430067067953634e-01
2.484636880670260117e-01
8.290341441273951784e-02
1.949490191925963012e-01
1.893333103067043888e-01
1.187368021256665351e-01
2.066464330319664755e-01
2.669394453839810666e-01
1.977885082900679159e-01
1.477814968908026938e-01
2.762259179302377077e-01
1.804013012523344450e-01
1.574215466832694643e-01
1.250015016196906470e-01
1.319727858140632148e-01
1.127089249700705814e-01
2.234376407907240902e-01
2.699982136605685867e-01
2.781248573619708453e-01
1.899780978949357768e-01
2.639148557348395263e-01
2.720342948823324947e-01
1.657790506267835251e-01
1.385283364795725503e-01
2.291226037117166936e-01
2.770308074189927194e-01
1.604730857686642864e-01
2.353155861154380135e-01
1.687347805561280334e-01
2.708873195172065151e-01
1.326746095383455892e-01
1.876106608729313230e-01
2.424482601916753965e-01
9.821408950541481164e-02
1.844173913622328131e-01
2.895460018932937696e-01
1.941406091857806604e-01
8.487498052924348502e-02
1.174496862356353838e-01
1.616870849215940875e-01
2.648418644880439210e-01
2.244430792794881169e-01
1.600546292909144630e-01
1.804013012523344450e-01
1.621558006106995908e-01
1.240057774907611238e-01
1.897622950772254180e-01
2.205537207765164986e-01
2.670939764281136664e-01
1.120549268657971553e-01
1.780424118011685874e-01
2.334183189938707770e-01
1.262800820877958141e-01
1.468847466879620589e-01
1.748647102736170800e-01
1.848470162368248404e-01
1.608174457522688061e-01
2.643113299516757775e-01
1.716641085927289867e-01
2.284774271918551258e-01
2.011129678785718855e-01
2.375323614167454966e-01
2.723158046342104566e-01
2.328295644870173597e-01
2.706106771984891357e-01
8.148412214580939839e-02
1.316242826607403049e-01
1.741474934525412688e-01
2.535894384013488434e-01
1.310909276297693438e-01
1.657452502915613135e-01
2.496527187855449026e-01
1.754691641222848597e-01
1.208348096100680252e-01
1.945525329168211193e-01
1.413148806644625444e-01
1.555908588888699207e-01
1.547026441747910153e-01
2.371182991427562281e-01
2.627417399128383346e-01
1.846638214877880657e-01
1.940582225183093423e-01
1.982276394244874007e-01
2.618087791432630596e-01
1.279264130121333942e-01
2.195840504233740609e-01
1.803311596410503426e-01
1.956235542509357495e-01
1.687929600385733586e-01
1.688076979312992110e-01
1.178681591715881188e-01
2.559689031023351102e-01
2.435181478137954103e-01
2.292802049519304941e-01
1.379971566547864570e-01
2.399069068225209989e-01
2.863693504114599997e-01
4.125278067140134702e-02
2.243079926853246975e-01
1.319423008648551165e-01
1.599549825138373571e-01
6.240506257699222903e-02
1.028535146259968586e-01
1.760294582665553054e-01
2.691270561229722191e-01
1.254146406936401947e-01
8.561964129991152250e-02
2.005028069403998747e-01
2.198048354682982930e-01
1.566090201368297574e-01
1.125354579857942294e-01
2.675529307212717867e-01
2.569397142831169045e-01
5.593142573917895405e-02
1.920504428941057495e-01
2.452652925014346119e-01
1.946187735321691925e-01
1.086921603925172231e-01
2.085993242274020443e-01
1.845837653123702238e-01
2.463799042968728426e-01
1.177548371680835620e-01
1.966730190822462698e-01
9.563752584292729841e-02
2.050818195599763138e-01
2.271319086290973788e-01
2.885237482778626461e-01
2.041785136444463078e-01
2.683115215456285396e-01
6.329359551623044144e-02
1.661889033938036830e-01
2.039448673279314339e-01
1.042373149011721761e-01
2.538570471729355016e-01
1.314902021494470941e-01
9.528242260302030586e-02
2.427708417084740444e-01
3.829197771652172871e-02
2.211664289499659930e-01
1.730814128593017309e-01
2.754997689814381312e-01
8.148412214580939839e-02
1.600411931395766818e-01
2.386837683579726421e-01
1.560157776991697998e-01
2.273660031344651444e-01
2.368692359331464325e-01
1.617405065446856638e-01
2.082408291115564747e-01
8.485171401034161121e-02
1.418706353309886481e-01
2.452514877161322271e-01
1.436050118916441798e-01
2.127547717453728837e-01
2.373649532497147940e-01
1.402273630959432159e-02
1.694531440837633851e-01
2.298715747035328938e-01
2.320137204117433960e-01
2.118385587466012354e-01
2.524240914847567518e-01
2.070965044336575134e-01
1.543170288767543585e-01
1.491906984629274568e-01
2.458225334345947310e-01
2.605462237506520617e-01
1.723264044738259670e-01
9.051325578833906149e-02
2.381171213065920444e-01
1.363247054379013445e-01
1.907752025307458132e-01
1.145363099676789398e-01
1.333505434618052488e-01
1.395481181983705132e-01
2.670866814205508644e-01
1.903621659085744100e-01
2.391785536807045087e-01
1.601457754442458803e-01
1.490069223719116542e-01
1.724762350592955462e-01
1.338875825424173382e-01
1.685538055023520776e-01
2.511848731341414509e-01
1.970400408354904542e-01
2.416492123454212493e-01
1.214000267960683721e-01
1.078116347033718364e-01
2.400307557438664252e-01
6.558007544222296814e-02
2.504456192157507033e-01
2.281612644078037100e-01
2.307634263587278189e-01
2.705145772978441165e-01
1.612870969816598554e-01
2.076327006883386950e-01
2.039079772931719770e-01
1.196530425093039751e-01
1.460045956687788249e-01
2.796630965379813816e-01
1.008835411083974370e-01
4.323615724160206203e-02
7.501240928421157306e-02
2.856541714055095826e-01
1.419007819200913678e-01
1.986226079392089117e-01
1.452140393294337195e-01
2.243475917816067089e-01
2.485920555862859704e-01
1.504577751103615413e-01
1.180968492462929065e-01
1.577226239721547796e-01
2.260833151528246210e-01
2.257019231581422758e-01
1.199955832178712795e-01
2.343024884989009793e-01
1.617791428346239124e-01
2.054523674996829030e-01
1.699798296680066489e-01
1.309812302022489439e-01
2.204779373163775757e-01
1.199682738906603097e-01
1.481412399780826783e-01
1.062897480220661856e-01
1.138779391925768270e-01
1.262870594828024162e-01
2.620768171268336721e-01
2.694383366676169067e-01
6.375249977508638810e-02
1.393929090090899603e-01
2.456126970691468736e-01
1.076397989760010943e-01
2.148701035476399679e-01
1.457658283478175942e-01
2.039448673279314339e-01
1.963876860844402661e-01
2.500797500083407621e-01
9.851010354359680810e-02
2.146119686470009391e-01
1.126491969555901973e-01
2.505860048882646018e-01
2.448444301731105832e-01
1.481127873975776332e-01
1.866589154307100595e-01
1.312535950790548744e-01
9.467697689482064416e-02
2.680944021277902878e-01
2.786936122135024174e-01
1.213321237832472310e-01
6.481655562668027504e-02
2.129394151965688098e-01
2.279319894366015620e-01
2.431192219890704054e-01
1.138831582506839718e-01
1.408640495124544589e-01
2.887381544600780003e-01
1.835906875172119146e-01
1.158476938249763388e-01
2.069224659101265573e-01
1.926834967313394431e-01
1.301085210609770615e-01
9.902910191469840862e-02
1.961114880265722726e-01
1.862681283669208321e-01
2.694057118467176326e-01
1.602893951537567863e-01
1.805825666424202003e-01
2.281729811131646690e-01
1.442461285621189360e-01
1.587197852888677374e-01
2.409253250091540344e-01
7.914685518794935259e-02
2.658931615487258870e-01
2.345915461324340201e-01
2.113026609675553169e-01
2.014600176572569068e-01
1.771087711750448379e-01
1.835815556461438403e-01
2.228017129163965826e-01
2.146727411265065000e-01
9.800349444659028908e-02
1.980308170488793429e-01
1.806413888600224282e-01
2.561525516626320109e-01
1.065635259993231304e-01
2.271730317596682702e-01
1.071552281220844727e-01
1.708613601856940334e-01
1.628296501083324188e-01
2.706070525238704616e-01
2.278419796546727605e-01
1.548348095976133931e-01
9.190966002679494540e-02
2.768551619467743419e-01
1.031302635547503843e-01
1.097612965441229910e-01
2.201536557451906906e-01
2.489166313864936697e-01
1.473624465769060032e-01
6.865793303088758848e-02
2.531503845546259068e-01
1.404604982574990946e-01
1.113159220606539102e-01
2.706040542664219783e-01
1.229422074082414246e-01
1.688258458962257902e-01
2.642073480242394523e-01
1.291736932414067340e-01
2.018527300669620550e-01
2.214322611697262522e-01
1.168096989830853666e-01
1.873703159496202808e-01
1.327688763873439703e-01
7.892788074812283339e-02
2.645425475962278616e-01
2.148648880414641971e-01
9.104292066677449613e-02
6.438436255296141331e-02
2.198444467003486946e-01
1.600546292909144630e-01
1.420137473713598553e-01
1.040910958984031381e-01
8.335822836416711956e-02
1.210489798804003508e-01
2.033720210783541982e-01
1.326713906944238797e-01
2.620984501133281075e-01
2.362631933216353952e-01
2.315805378110728507e-01
1.371302331648439066e-01
2.216920744759049433e-01
2.246882336985742135e-01
1.971815741098098262e-01
2.323995998581258327e-01
1.820507059823146812e-01
2.454448895354147953e-01
1.950318817911957103e-01
6.486056588477523421e-02
1.364148142687292009e-01
1.960411100387172978e-01
2.064351136238695983e-01
2.683609116660450322e-01
1.783788018837796918e-01
1.043589628650191808e-01
2.243071901459588458e-01
1.394728792247561244e-01
1.872710743491236007e-01
2.662216258121038459e-01
1.611318630917885908e-01
1.481229703877870174e-01
8.977196894650264769e-02
1.913559861874281343e-01
6.013259022469484572e-02
7.701873929925358297e-02
2.618087791432630596e-01
2.487398376675198364e-01
9.490343110088642065e-02
2.690863727924799886e-01
2.226922058590147246e-01
2.165515158140805252e-01
2.270976403640866670e-01
1.829637205230534025e-01
2.676473419808204635e-01
2.784576448933197002e-01
7.761698867248380262e-02
2.299897215154300123e-01
1.598384166822014452e-01
1.878413163819956377e-01
2.454749952957390735e-01
1.959251044627349225e-01
2.233137936540878776e-01
1.750190676047163607e-01
9.221624721465898622e-02
2.452530147549072392e-01
1.295487541874255077e-01
6.245417919156533160e-02
1.736992654697323557e-01
1.999669948024778710e-01
1.118822305281198110e-01
2.563090319527706606e-01
2.293907898306649928e-01
1.954165356644486373e-01
2.725009937292233730e-01
2.111882189089230866e-01
1.240082416152836903e-01
2.644616260653632200e-01
1.642971865550362232e-01
2.159556578277734840e-01
1.137484323262953206e-01
1.481127873975776332e-01
7.575405594262815678e-02
2.567114041407183023e-01
1.454761975117903894e-01
1.744282329930984532e-01
1.752860673682866133e-01
2.126558560236351536e-01
2.037091723177156810e-01
1.657234215785461096e-01
2.812820258689554542e-01
1.797079083573317471e-01
2.888049180227101886e-01
6.781737238257300182e-02
1.390583859050930626e-01
1.732688188888350522e-01
1.203179995630597604e-01
1.844189237409090132e-01
2.635463152480318483e-01
9.237537050518940251e-02
2.630322395971709248e-01
1.294074361424726871e-01
1.864935436612189801e-01
1.880565517096793315e-01
2.596544367326925062e-01
2.393410889675167408e-01
1.703148557258380991e-01
6.438436255296141331e-02
2.768830095486907172e-01
1.872895427789289247e-01
1.602205664175963273e-01
2.378677057681031770e-01
1.154557399050564342e-01
1.346348469256541669e-01
1.180968492462929065e-01
2.597954614185956634e-01
1.936227313692945040e-01
2.260930127489874097e-01
4.873773699288176664e-02
1.817948679893298392e-01
2.476708940805339432e-01
2.804409259998008053e-01
1.386452111888769323e-01
2.479605657642891536e-01
1.337891647887681779e-01
1.462002549350648328e-01
2.321284812868709135e-01
1.904891343768021494e-01
2.635192732584466513e-01
1.679882401770190492e-01
1.216936904089673116e-01
2.765828211650157575e-01
1.401041229063531013e-01
1.472491879956409899e-01
2.145221640405161057e-01
1.917410036192880307e-01
1.107864431593908738e-01
1.777779324235249092e-01
1.429157376417304059e-01
2.575036885590458735e-01
7.751257762296542841e-02
2.694275975440560966e-01
1.596114832045650300e-01
8.547898572110382287e-02
2.845278248066073212e-01
1.186537479650223853e-01
1.529180668294618239e-01
2.257057956811290567e-01
2.219660021473475464e-01
7.585176629543041726e-02
5.318988386977556437e-02
2.342912150533562332e-01
2.706453957417934153e-01
1.434488883568667827e-01
2.044211353522610297e-01
2.790749765437181007e-01
1.840362832013907601e-01
1.875572584632199946e-01
1.326557111608583084e-01
1.559838320755309315e-01
1.855250266787792091e-01
1.514813645494891559e-01
1.420653718193931048e-01
2.354598715409931264e-01
1.647542775897531953e-01
1.288023223182476196e-01
1.678969810942207153e-01
1.221898493664943242e-01
1.237904901529002510e-01
2.264097604798239738e-01
1.269688559720317522e-01
1.061767011192979865e-01
1.457703718685665895e-01
1.048305176189075899e-01
1.247354988116388952e-01
2.347420972250863214e-01
1.846141374684051040e-01
1.158483109784609333e-01
1.358765203377462205e-01
2.337247184762396846e-01
5.158980905707434561e-02
1.906563811374729356e-01
2.770163691527089411e-01
2.424875695551573507e-01
2.146784340173025496e-01
1.063681328649955654e-01
1.900556968782733114e-01
2.773598519502723514e-01
2.257720397372345866e-01
1.368231298377131921e-01
2.858420462878390467e-01
2.574639768976031973e-01
9.269300166901096871e-02
2.761553484999397234e-01
2.520882214487862871e-01
2.532592475885359629e-01
1.121572397696470463e-01
1.222055516781567347e-01
1.996711593578452404e-01
2.478312851065901101e-01
2.288137068392615270e-01
6.646832261975603451e-02
2.859654949465718632e-01
2.691362235025935301e-01
2.296221837837750246e-01
2.697792837346844608e-01
2.705130346933229957e-01
2.000802757460029557e-01
1.603206315507515745e-01
9.365452087588267693e-02
1.152845258977215487e-01
1.039456941006868668e-01
2.229725680377308561e-01
2.508667916137918286e-01
9.742268263683395713e-02
2.319103066962040771e-01
1.118419487624778413e-01
2.602737616624314909e-01
1.675188590562920743e-01
1.558131305107318676e-01
2.005171540959959919e-01
2.820192098217645382e-01
2.756712776365833895e-01
2.326150046266850235e-01
1.955462563873521797e-01
1.943615132050748873e-01
1.601720699461403052e-01
2.326668576942525768e-01
2.296862836026560828e-01
3.486359550971765420e-02
2.055315848211384244e-01
1.825233643132294359e-01
2.257464926971184394e-01
2.291495993088768224e-01
2.109098351364435131e-01
1.874719016494476587e-01
2.169691298871493645e-01
1.552550439508347258e-01
1.958300377602015252e-01
1.581397396311682302e-01
2.166567157657964260e-01
1.401817146300038952e-01
1.560203457144639927e-01
1.357094019658983686e-01
2.481817023592237242e-02
1.020656178413447412e-01
2.508770325048488847e-01
2.580555241965420965e-01
1.869844239140327213e-01
1.729289823632887413e-01
1.640871533758881951e-01
1.689293644460966581e-01
8.046518487351216053e-02
2.738531020705880503e-01
2.693044898968857126e-01
7.758014079966729648e-02
1.783680373229520888e-01
1.097111216173787679e-01
2.122086232424222063e-01
2.648090319048176933e-01
6.558007544222296814e-02
8.354266210525002068e-02
1.086649326907278418e-01
1.306360874622231327e-01
1.598841866092489128e-01
1.264638969649637401e-01
7.344871789159966580e-02
2.490781439559082988e-01
1.387668808665299958e-01
1.227038401210236718e-01
1.072623501306260718e-01
2.325568787564291084e-01
2.847822382837670863e-01
1.316391410525604155e-01
2.338414290431986564e-01
2.457584184099240454e-01
2.484231457260721310e-01
2.713978702452939928e-01
1.104715669419702173e-01
1.112113288494903651e-01
1.158571884871438945e-01
1.612181118165929572e-01
1.320475956146351659e-01
1.994698608553938934e-01
1.048811406052637257e-01
1.458810328052805305e-01
2.339163576539047829e-01
2.419666201670860328e-01
1.713115473934431754e-01
2.814102282519914122e-01
2.026332407404140834e-01
1.549239227039845568e-01
2.205537207765164986e-01
2.219336135469007210e-01
1.898543945633239527e-01
1.722803169807821944e-01
1.316391410525604155e-01
1.814006680571474406e-01
1.592210082209748190e-01
1.280895614588161702e-01
2.600535265641624738e-01
1.423826194950101320e-01
8.518157551043195608e-02
5.594308552211622182e-02
1.833429226526649136e-01
2.772980249187382285e-01
1.573586477954495577e-01
2.396125544455372791e-01
1.123175588203677716e-01
2.051173421547417275e-01
2.316480166474435276e-01
2.287319490147737833e-01
8.477141306711845348e-02
2.841719741389013842e-01
6.467622714221427094e-02
2.803180845080934236e-01
9.095076766868522011e-02
2.020668460815695788e-01
1.543152054225491454e-01
2.148366762117365214e-01
1.977885082900679159e-01
1.728658814247664710e-01
2.513772912097949064e-01
2.192419081313240758e-01
8.983018112776457176e-02
1.740112454113467710e-01
2.147737687289882347e-01
5.959184545445236902e-02
8.300425861186493115e-02
1.002164769271144257e-01
1.505447761562004605e-01
2.691891681949221127e-01
1.699173418084962972e-01
1.418072981109833042e-01
1.879522304996395776e-01
2.235707432680539841e-01
2.063718346101977574e-01
1.167128800209719236e-01
1.582216361862783249e-01
2.415241451242100268e-01
2.807249520848668078e-01
1.236567971200061705e-01
2.371182991427562281e-01
2.039079772931719770e-01
2.610060396920353409e-01
2.429890957406095064e-01
1.047929230584344062e-01
1.490128798183969205e-01
1.254317543659702883e-01
2.296862836026560828e-01
6.585862895639890691e-02
2.840219543143163716e-01
2.667194617751094121e-01
2.861421370795155239e-01
2.530415937250000691e-01
2.168193630611958134e-01
1.960356992007984411e-01
7.205185806832443973e-02
2.857274915835028017e-01
1.831387812570688944e-01
1.910633018014980533e-01
8.886935932373421498e-02
2.220430167978618488e-02
3.685063048264072827e-02
1.649075625196428641e-01
5.645013173885589375e-02
2.049218327144407825e-01
1.304745908480068606e-01
6.888977217371435036e-02
2.213391868624603742e-01
2.206662140342410261e-01
2.492402374192853598e-01
2.761167426823468163e-01
3.493868339476341456e-02
2.205373866238783953e-01
1.662055945106867827e-01
2.791585367303723864e-01
2.015554424913486020e-01
1.658147362479728271e-01
2.365250489769571973e-01
2.868777723954237246e-01
8.781360118503725443e-02
1.936156192945350796e-01
2.723158046342104566e-01
1.460164108125643623e-01
2.662089417202575525e-01
2.387851229859633828e-01
1.401638674733803047e-01
1.877092045874967086e-01
2.399253042533117386e-01
1.641439315467227433e-01
1.288023223182476196e-01
1.303478599933099169e-01
2.463799042968728426e-01
1.202973991566397283e-01
1.557064783048936196e-01
2.147247075207215361e-01
2.490179310267881807e-01
1.034512512139507956e-01
2.795173083476452658e-01
1.294074361424726871e-01
2.862444323755839459e-01
2.068753801275735327e-01
1.759550324602108251e-01
1.095933042685682396e-01
2.861615118562871318e-01
1.757144089416901311e-01
2.234294469540679118e-01
2.508090241076356697e-01
1.148254108334234164e-01
7.907292559652420727e-02
2.303053623241650971e-01
1.753767583374003514e-01
1.635446854012782281e-01
8.781658204999272244e-02
9.740945623531567510e-02
2.212453845871903135e-01
2.734195663356315253e-01
5.070355963733844118e-02
6.132747657603989516e-02
1.260142980666436319e-01
7.828470663462255841e-02
2.060214582808682915e-01
2.694275975440560966e-01
1.278172795668003070e-01
1.002369699462999086e-01
1.626295609216967530e-01
4.019932177565357923e-02
1.558700935425268164e-01
2.762423311754907962e-01
1.048088484267024195e-01
2.388012735433167333e-01
1.628601702531705109e-01
9.859380265373371421e-02
1.223609923095350938e-01
1.821915800696844723e-01
1.743069685576300598e-01
1.770325559257870940e-01
2.730300239542478025e-01
1.872710743491236007e-01
9.704394495921454811e-02
1.670278348400214274e-01
2.806495051457474355e-01
2.260091017133977198e-01
1.419668515774495376e-01
1.090494992171786581e-01
2.467224420634690218e-01
2.283499747895627874e-01
2.412442290053288529e-01
1.111411563108722217e-01
2.523237465279706826e-01
1.922212039885562718e-01
1.006001482819268433e-01
1.262634411030996440e-01
1.881275257907138176e-01
2.484438555173649199e-01
2.426573805101988612e-01
2.022108333834671257e-01
1.128472983064464225e-01
2.606410195161083521e-01
2.318918685938697599e-01
2.429350293089101442e-01
6.899192040262824843e-02
2.370352782807015057e-01
2.225885635609176072e-01
1.287546452193998603e-01
8.465305992354485443e-02
1.799062494664553646e-01
2.841726182487785413e-01
2.312052315532509561e-01
1.056206368672931439e-01
2.105352290590783992e-01
1.200285025158961405e-01
1.819492761473911480e-01
1.626170337572599989e-01
2.060473665247567199e-01
2.505860048882646018e-01
1.195433948902312193e-01
1.125345566590451873e-01
1.910979177151526098e-01
2.721160440613625831e-01
2.579103585896945772e-01
2.081930309062522688e-01
2.777361454282968878e-01
1.403667958651113046e-01
1.733276115646330551e-01
8.290341441273951784e-02
1.768153788062025444e-01
1.939678894070307191e-01
1.562988958627752334e-01
1.228153412665722866e-01
2.379391117265136080e-01
1.615332751775361286e-01
2.688280804823262593e-01
2.046840101568436210e-01
1.430289229327132705e-01
8.708786870247575695e-02
1.326978265146905867e-01
1.889989663576681633e-01
2.048725983516318239e-01
1.362748430014583401e-01
1.724250089134787001e-01
2.240899573406422152e-01
1.021990161221105614e-01
1.626956208345982091e-01
2.042429983283741979e-01
1.590426627936371573e-01
1.920637411196766675e-01
1.685190912972904798e-01
1.783788018837796918e-01
1.146395645282400622e-01
1.350217122284926574e-01
1.845528592607413587e-01
1.237304562091759430e-01
2.496490492210198531e-01
2.761167426823468163e-01
1.321439379665329816e-01
2.431325199990380936e-01
1.310927586113397880e-01
2.063718346101977574e-01
2.422604617968210361e-01
1.483067407713798136e-01
1.128804647577138776e-01
1.600447708506363698e-01
1.015102837172192213e-01
1.010591722769829948e-01
1.248704161978342470e-01
2.644948265503506146e-01
2.134117380342613335e-01
2.035006529700326694e-01
2.832490689527533134e-01
1.484469642366998132e-01
1.498324927462996448e-01
1.724762350592955462e-01
2.328295644870173597e-01
1.040910958984031381e-01
8.148412214580939839e-02
2.877827551522385008e-01
2.182889675796279294e-01
2.243097412218019171e-01
1.850138199890788981e-01
1.261521672133016914e-01
2.219322698168887942e-01
1.558828716518707302e-01
2.845351047810051326e-01
1.387106622925010357e-01
1.584739745202348449e-01
1.819975008490390678e-01
2.169705973350480321e-01
2.697792680133960230e-01
1.001102504923530312e-01
1.986170811359344313e-01
1.683450337874420055e-01
1.726246269483366347e-01
1.903183265357832610e-01
6.743060758384131215e-02
2.368553457249681082e-01
6.444784968553873838e-02
1.711398097600863033e-01
2.046474359706815516e-01
1.362769399438645557e-01
2.803765886292193255e-01
9.413042716424466216e-02
2.305844464006828465e-01
1.624626393685070225e-01
2.444205973665555531e-01
2.283499747895627874e-01
2.150850695978968052e-01
2.572711234704014860e-01
2.144081964781764105e-01
1.906573983887406287e-01
2.340032838578323671e-01
2.879525798375680012e-01
2.250947882085434504e-01
2.193285916951244752e-01
1.678904466444775534e-01
1.078378814935824354e-01
2.389022461760838545e-01
1.230129504476811936e-01
1.471974091029332465e-01
2.066402654701731678e-01
1.087833486997556443e-01
1.539898123005620234e-01
2.291934937765135183e-01
1.867305383582467393e-01
2.169207299415236156e-01
1.395764121218685816e-01
1.326746095383455892e-01
1.525026628581280241e-01
2.781596965181168946e-01
1.670278348400214274e-01
9.915295994571894644e-02
2.672114100877160392e-01
2.182534081739130327e-01
8.583446964603815010e-02
9.858501445812176134e-02
1.662055945106867827e-01
2.472866633959936999e-01
2.586654045224189846e-01
1.076722166476935666e-01
1.022785435038492952e-01
1.939169622016225503e-01
1.038197486800853525e-01
1.703913906518768340e-01
2.106848476697947559e-01
1.450724835667937807e-01
2.517102204356615469e-01
1.930784059611975467e-01
1.701668682802980614e-01
2.198048354682982930e-01
1.946237837265709369e-01
2.357915733585796425e-01
1.735992640343463900e-01
6.821306051756000077e-02
1.468776704274131484e-01
8.675290680704510204e-02
1.452140393294337195e-01
1.603206315507515745e-01
1.954320457340277817e-01
1.986343539317322882e-02
1.362748430014583401e-01
2.188223891185014369e-01
2.198048354682982930e-01
1.632253305934461829e-01
1.250614112656269206e-01
1.600096847192156446e-01
2.205803909889432757e-01
2.334753152181881508e-01
1.913781072194485899e-01
2.269541610799512554e-01
5.107624197077697409e-02
1.063681328649955654e-01
1.642121086263656493e-01
7.353332141736007577e-02
1.993303227787486531e-01
9.427627641386816804e-02
9.282234773376804582e-02
1.387708141658393068e-01
7.542610586048036081e-02
1.856735834933707363e-01
1.057396346652479530e-01
1.221444460792403541e-01
1.023867677167863560e-01
1.318698893527851523e-01
1.978493406136990762e-01
2.609783931374993204e-01
2.474322159812277211e-01
2.054523674996829030e-01
2.645918541787875555e-01
2.570099232600249750e-01
1.367769404988297133e-01
1.483647051828132779e-01
2.887892949982173718e-01
1.733276115646330551e-01
2.500797500083407621e-01
4.529920315362832850e-02
1.652123772124670376e-01
2.800975403716901568e-01
2.213154001136013183e-01
1.776950434028546633e-01
1.912092697672503061e-01
2.677858481030114812e-01
1.701668682802980614e-01
2.743546359770535070e-01
1.946717616718952326e-01
1.605772640373152871e-01
1.532252766755484441e-01
2.773598519502723514e-01
1.630634964097749662e-01
1.512854565706103771e-01
