6.151909993851950934e-04
5.981332330888571762e-04
2.090121251393125407e-03
8.218268185778168601e-04
1.074245638449939548e-03
5.047578950734843981e-04
4.854560406830186353e-04
1.024706274446881898e-03
1.242579525865056310e-03
5.546347178635906497e-04
7.984405456474036496e-04
7.031999796146149589e-04
6.918851917693177042e-04
7.325731317069771736e-04
8.397388196000717597e-04
8.738477988359203428e-04
7.743213642700913198e-04
8.498861711847395615e-04
6.064985250717337250e-04
3.106369051792146844e-03
1.655293852471074155e-03
5.667537140661103043e-04
6.924007196764352242e-04
1.238793455996183056e-03
1.065743835290968193e-03
6.406164684992787534e-04
8.898394744434286793e-04
9.869594961849706416e-04
6.663699075472685534e-04
3.046259319637460976e-03
1.077201650580707432e-03
1.590566528772913114e-03
6.862567613993336615e-04
1.739817158348316286e-03
2.005019686356653615e-03
5.543814858609730396e-04
1.642753061227094627e-03
1.265057399865070296e-03
7.572247874236932245e-04
2.445050031192592607e-03
9.236650601023946869e-04
1.972049016559544125e-03
5.348619972194308117e-04
7.641705893210964766e-04
7.591976993608948003e-04
8.677583229964019179e-04
8.338142589517494709e-04
9.581364996816619899e-04
6.727715020679311342e-04
6.778577758106611815e-04
9.119580380097064244e-04
2.718121333363909386e-03
6.516658875524360085e-04
5.124328692579659030e-04
1.415869908997308135e-03
8.645788947133148990e-04
1.540256443445210503e-03
6.918869330722977667e-04
1.522510580550963345e-03
6.828629545582143821e-04
6.495235841156867494e-04
2.572086627426765394e-03
5.034544147957732176e-04
6.640925874635253325e-04
7.418493607037203019e-04
1.403979666148009878e-03
8.862062442023469887e-04
5.297759727287900018e-04
1.516012097708266133e-03
6.213503148555359632e-04
1.120227212704034839e-03
6.724545219969345648e-04
5.150932669693856136e-04
9.607805862599063437e-04
7.142653473925870879e-04
8.624111972071192263e-04
8.124259169955802464e-04
7.615382627904969089e-04
1.277306143895682016e-03
6.993925813697552491e-04
2.095233334817070501e-03
1.249002435844597317e-03
1.531117382158038095e-03
5.471927931404408588e-04
1.113055188042664503e-03
7.381498942964275032e-04
7.640659460868443617e-04
6.259060661254387502e-04
1.234396850534232905e-03
1.118104790128286339e-03
1.110072375586298966e-03
1.071785844293796780e-03
9.639531358356850715e-04
1.134138367710648635e-03
7.686254841487134100e-04
1.829604961824363944e-03
9.206937686172969679e-04
5.776051891304851684e-04
1.011494861544183152e-03
8.722264444602418655e-04
6.117660338066980251e-04
5.403847809558115023e-04
9.461309251153776374e-04
6.181040142155595730e-04
1.004674187210205343e-03
7.191322299119486767e-04
7.736007954457398139e-04
6.032294769254946962e-04
5.696467711544419936e-04
7.647950322696930739e-04
5.595784057041866370e-04
1.123179011296840607e-03
1.433547667261901191e-03
9.321612402691799130e-04
6.617614406879932269e-04
1.112007552419016056e-03
7.748053380850469839e-04
6.441260229311823087e-04
7.686923573709423738e-04
1.045718817197309339e-03
1.385889266714328098e-03
8.740030650794839437e-04
7.414185363946127361e-04
8.879056031431285714e-04
7.895985648813957534e-04
6.456862948849127369e-04
6.383987250010797693e-04
8.586976025423938633e-04
1.028030627610252053e-03
7.241050015442051461e-04
7.473217367516767117e-04
1.418711357965166857e-03
1.354996499091049326e-03
6.563570776272146514e-04
6.819339311618276755e-04
9.314342842645950173e-04
5.719275836477406665e-04
9.607181269520983016e-04
6.546800966651918421e-04
1.064814073161554370e-03
7.912188189309629725e-04
1.031620021979930265e-03
9.970841056419303943e-04
9.430493740495775020e-04
7.575788201435939510e-04
1.737907110066729292e-03
8.314832687626844653e-04
6.102765497534413204e-04
5.120984821526443093e-04
8.809449469940252306e-04
8.173732892826100554e-04
1.094379453320196193e-03
5.737894922597753730e-04
8.348638912228853459e-04
6.118882231098452624e-04
9.226282808375334482e-04
6.671541743728572884e-04
1.556509122972570686e-03
1.578276325144447158e-03
1.047362659798132178e-03
6.003319213242016726e-04
9.591752524483261773e-04
1.160137641672487384e-03
1.072287462218346173e-03
7.582791936111555860e-04
8.334543865922626167e-04
1.100170972766235326e-03
9.445329221746762366e-04
8.362938587859939212e-04
5.083397253399102181e-04
1.163306657284197574e-03
5.631735912821567375e-04
9.722700369199585319e-04
1.699288871085960712e-03
1.478299006857133327e-03
9.214385580410609615e-04
8.963324864985638832e-04
1.248817278010860149e-03
1.769565476721013646e-03
1.202602928194250942e-03
1.011716597039035576e-03
1.275462938553152941e-03
1.753110373789074777e-03
6.317520716980588045e-04
8.426258425617519799e-04
8.434518135082276317e-04
1.022066784837051328e-03
6.706180094895739440e-04
8.901545480877150673e-04
1.049710096758781465e-03
2.400117376935002964e-03
4.171135999961817636e-03
9.437800417555517818e-04
8.530815163512419285e-04
6.230029853268702214e-04
6.801946366333412727e-04
6.777437090210838887e-04
8.240804613865124759e-04
1.085839612158116850e-03
1.177144924798608546e-03
6.219816598435112852e-04
1.070319344110478525e-03
8.081864408136542593e-04
4.765750640911524394e-04
7.057030304369744629e-04
9.240633128473834485e-04
6.528824216135658111e-04
8.876477999459138520e-04
7.563168261824972398e-04
1.754397123369887861e-03
7.298984769728722065e-04
9.409653576396175608e-04
1.633890705213216638e-03
6.655983970607373635e-04
6.063629675902390982e-04
2.139035338907240014e-03
7.865766923742306335e-04
7.795674738756093241e-04
1.172511660210566551e-03
7.161597072350341662e-04
5.637968922636824075e-04
9.836723992559049182e-04
6.061108186281791155e-04
9.649038566306429674e-04
6.439442857008123187e-04
2.628767739547240023e-03
1.280599903391934496e-03
1.077587661543424934e-03
6.947037757855820074e-04
9.347837007211413874e-04
5.439610358609646206e-04
1.250032341427239659e-03
1.052543469345395633e-03
1.304823627010221181e-03
7.147367018964073107e-04
1.043097346661230095e-03
7.075275825934203419e-04
1.437442741940596130e-03
9.189630713478851368e-04
1.868915804064352499e-03
1.613086105320559469e-03
1.232159383591170361e-03
6.253229652980922060e-04
8.297145551933521801e-04
6.652651930067870470e-04
7.728603576831274708e-04
7.262784246443651504e-04
8.115449281069331928e-04
7.236236669668790313e-04
7.516007470337699673e-04
1.508158256182462508e-03
2.032477743149352801e-03
8.717054182836418436e-04
7.600650171854743788e-04
9.984383186612288442e-04
6.653983309228031452e-04
9.255834836856776694e-04
1.020077375159813247e-03
7.918321952766969570e-04
5.934694623197623404e-04
7.778166161399863296e-04
2.077898591385261406e-03
1.139815190501070183e-03
6.709573113302246417e-04
1.167802382278048529e-03
1.134508055219924120e-03
8.294628414294756774e-04
8.428022732613186553e-04
9.201715147628671074e-04
8.395751993786379052e-04
6.577784916649464164e-04
1.148687659192568601e-03
7.766687900698107877e-04
8.272640112196048617e-04
3.026049346542296434e-03
5.501088026157709360e-04
6.305758504403129790e-04
1.155471874915103836e-03
7.777495314080059207e-04
9.722316913439383104e-04
5.212140245117884195e-04
7.675993877389322099e-04
6.229058988200798742e-04
1.457965987588841954e-03
5.553610459577602593e-04
7.010865425164622715e-04
2.376740355804912459e-03
7.417777438733983136e-04
6.674773161083924792e-04
1.331364924799534723e-03
1.506724032825130068e-03
5.922330412943321637e-04
1.040765303576661775e-03
1.474016214983356722e-03
8.677583229964019179e-04
1.284294477667848695e-03
9.518873245235829218e-04
5.320516054350307418e-04
1.011229442518584917e-03
7.875738684616081457e-04
6.140596618416622283e-04
1.074620716672662060e-03
6.253229652980922060e-04
8.099933700321348788e-04
5.092901467062759500e-04
6.366176533796315609e-04
5.210703306139744537e-04
6.134761778975189334e-04
9.170564334538489548e-04
6.438890458050599685e-04
9.911293290566448779e-04
7.833668291425199088e-04
2.020862930317341398e-03
7.867398001026656030e-04
9.571848127490117843e-04
6.577918592985596263e-04
7.801915792320124636e-04
1.255911472394341056e-03
6.104382355741599367e-04
2.904242466382110036e-03
8.346035259915457341e-04
5.595784057041866370e-04
6.720864073091506160e-04
1.109486593556365105e-03
9.368560215712149917e-04
6.174207313365590553e-04
5.843754641391817745e-04
6.931093659503862262e-04
1.010350980186310943e-03
3.139839728933821895e-03
9.063430601440262534e-04
1.590279769478070452e-03
7.100256915615238461e-04
2.766202794669277154e-03
1.723161952229002210e-03
1.079945426027422231e-03
1.002810294313413297e-03
7.373176579447875481e-04
7.398394989299502539e-04
1.080818937491879149e-03
5.219801815213889707e-04
1.197635388296737925e-03
7.936462439599584195e-04
5.679330115086562904e-04
5.168849076386380827e-04
8.940813383013910447e-04
5.803771265091346330e-04
7.803585678517151788e-04
1.029337038450298461e-03
8.299161239281089729e-04
2.107692110607263785e-03
5.690817515300864620e-04
6.606173998169834020e-04
8.874468424735386992e-04
7.506659294524401123e-04
8.425422370538813511e-04
7.124088323816584866e-04
9.304773959772588785e-04
8.948762777213697343e-04
7.511529939299075014e-04
7.258420601746339192e-04
2.542221483873326714e-03
6.900158561163625753e-04
7.680043035008744714e-04
1.158575280063857751e-03
6.697363775469872575e-04
8.269886715782854593e-04
7.919413192969116094e-04
5.331970932507321256e-04
1.157757845149939326e-03
1.558639717451087590e-03
1.172144642369447095e-03
6.536718060761165369e-04
2.064081668910483155e-03
7.026431600855673892e-04
1.218643080211194180e-03
8.160028292752080983e-04
8.863324359523625179e-04
6.885140095722133442e-04
6.574873450333371897e-04
1.686936046223238119e-03
6.782499199841911675e-04
1.034700143284883033e-03
5.942455903897900888e-04
8.584424750928999759e-04
9.619231338930103389e-04
6.604083367245798834e-04
7.210289045911079343e-04
1.235983165967365028e-03
8.673078873410376656e-04
1.066402783240635258e-03
1.392986499311917254e-03
7.429815613305925564e-04
1.358306722108127296e-03
8.460941242001232022e-04
6.058366173861545745e-04
7.327970221621957821e-04
6.689476050868693128e-04
1.408511672568251404e-03
9.502882400203945977e-04
1.040152281453019445e-03
8.627925875916336905e-04
1.128347576472895058e-03
6.670003820790711309e-04
5.851802161193592026e-04
5.955448183964203368e-04
9.806244660380131206e-04
1.011229442518584917e-03
1.539642362128851999e-03
6.813225833812252110e-04
1.339122603842205503e-03
1.143730617817350585e-03
1.086966835962208718e-03
6.737740029876406562e-04
9.424129323299604158e-04
2.252545009499836576e-03
9.650450569083468370e-04
1.652390177510772466e-03
4.534734259083446437e-04
7.539211526259691079e-04
2.492750151281641902e-03
1.023332832955463779e-03
8.743872075527954956e-04
7.594840526628730262e-04
9.445462409454746106e-04
7.074845951373060588e-04
8.105828180941876751e-04
7.612618885764749340e-04
1.643633323676093770e-03
5.852639165378868561e-04
4.867195790751406353e-04
2.243802455070298320e-03
6.819523700796094193e-04
7.254648820541359944e-04
9.531241814233092817e-04
5.600007693166566625e-04
5.655483707861937680e-04
5.238934171659067381e-04
1.025055976136942520e-03
1.051215406379067858e-03
7.994362398410390048e-04
6.023590029685639904e-04
9.650182116089392427e-04
5.297759727287900018e-04
7.210192375751172831e-04
6.470772089955114607e-04
1.156284628684286532e-03
1.096017945209585426e-03
7.978884441714157545e-04
1.046564154976347989e-03
1.399181723040014355e-03
7.948379759102878637e-04
9.955611751252351187e-04
6.462295730014008940e-04
5.028601717621272466e-04
1.597961958103540038e-03
1.660298188273090633e-03
5.800576512339475528e-04
1.289247743617662331e-03
2.504144058618326153e-03
1.349796987061551747e-03
8.426296157473458105e-04
8.386936460525003982e-04
7.074031076575538817e-04
1.170419583551227539e-03
1.052786883417645893e-03
4.638104713777124635e-04
7.641705893210964766e-04
9.593717744198907230e-04
7.262784246443651504e-04
5.524188477948089064e-04
8.479505743552784910e-04
8.396723290324017682e-04
5.759204203459696763e-04
1.689281786893040036e-03
9.759365212647133072e-04
9.270681552011675319e-04
5.780300888976306782e-04
1.333372468110885761e-03
8.515359706227698189e-04
8.973300318088616454e-04
1.331331062647205833e-03
1.682725372642517037e-03
8.078021753589666480e-04
8.860491064926883384e-04
7.617943006289160665e-04
5.238934171659067381e-04
1.473920245982886495e-03
6.445885942114386010e-04
1.327486437722785869e-03
5.990912656276124086e-04
1.159996007439305192e-03
1.210524032819325097e-03
1.675745178760228594e-03
1.122973209947167273e-03
6.422016561996680755e-04
1.205486340539035309e-03
1.440904074139922946e-03
1.804456644626994217e-03
9.692774480079805908e-04
1.892806678295311977e-03
6.070406775971889587e-04
7.033233802310041817e-04
4.741158594420309398e-04
1.120406271259526566e-03
5.403163140269311897e-04
8.016116907475420977e-04
7.609436798808506559e-04
6.815429651186373939e-04
1.277213022339741951e-03
1.360651477335516864e-03
2.232003052329339411e-03
1.499002874089944235e-03
1.011494861544183152e-03
7.813850278061193868e-04
8.616073721837198439e-04
1.733075422048360173e-03
5.824898552902032980e-04
8.042950380617614348e-04
7.535189052793377171e-04
1.248343165084555466e-03
1.689014197099201944e-03
1.577097235732419439e-03
5.281582433080567879e-04
1.875614518186212313e-03
9.837667254315870472e-04
9.095200022102355002e-04
1.072180438767784960e-03
7.749005974893861167e-04
5.589805448275466217e-04
1.107253650718581983e-03
5.150932669693856136e-04
7.120222380991678580e-04
1.069238090092951461e-03
6.563671116602493374e-04
6.227849805153329137e-04
1.073842572961002193e-03
1.869273763251906627e-03
7.091545463006976389e-04
8.740351794633790562e-04
1.272883886303809251e-03
8.179092355174423729e-04
6.912461674465032388e-04
1.961457000904298989e-03
8.100903476440431822e-04
5.585285633442080636e-04
7.580667614634900835e-04
1.113055188042664503e-03
9.230390287612549437e-04
6.886737559313150462e-04
1.151192856804273031e-03
1.691893379758439191e-03
6.087992262469370209e-04
5.946949341711532970e-04
5.369455280593664597e-04
1.097874040194323332e-03
3.360813715961429287e-03
7.020148044140441012e-04
8.069426305276763490e-04
8.293887363478679017e-04
5.813270807234953517e-04
1.050355982852750787e-03
6.410130135844451568e-04
8.558812624640323467e-04
5.651913243733140604e-04
9.772105810565711887e-04
2.163979183360802572e-03
6.673962512127933023e-04
7.761865467805436920e-04
1.404797805288565812e-03
1.721751089742774724e-03
8.768636046422342541e-04
5.341834571252783090e-04
8.135090014229020726e-04
1.452845472327222174e-03
1.121741127003769581e-03
7.911968169987149699e-04
1.070576851784766585e-03
7.562624214769695947e-04
1.098788210697561026e-03
5.962344297982541267e-04
6.262264627054409290e-04
6.909078945189317360e-04
5.457394239346175001e-04
9.816666195824812029e-04
6.102765497534413204e-04
8.307513943659033387e-04
7.273253949804567818e-04
7.788407984422365251e-04
5.797620663537320215e-04
7.405115704202567227e-04
6.040316054845540870e-04
1.128854844178451850e-03
6.818965929382803754e-04
9.258487177882721280e-04
9.974580518500946423e-04
6.124856821084975755e-04
4.963119492065116078e-04
1.196605636667220137e-03
6.015681137550609511e-04
1.127303666089473581e-03
5.814249895277834789e-04
6.869952930920763569e-04
1.668990397082837718e-03
9.059410797569564158e-04
6.118882231098452624e-04
9.879104214143171175e-04
7.712467722790403678e-04
1.111731833818379060e-03
1.116528732683588158e-03
1.693012810320641782e-03
5.709800108410559294e-04
7.144824991391689152e-04
1.030813857108942629e-03
1.127244080974930222e-03
1.549138411850046939e-03
9.172522701740961140e-04
1.551851408160529388e-03
1.116597069668474754e-03
5.620535008064450003e-04
6.518780281536737777e-04
1.326333597217340754e-03
7.909683196661486610e-04
8.850793655143517373e-04
6.014261076079106035e-04
9.228488813644250034e-04
1.886499202186845640e-03
6.102965034492911257e-04
1.269795200930630419e-03
5.201916163848740570e-04
7.621721846805871005e-04
1.270140883617460349e-03
6.126290186904087640e-04
6.249498016353485655e-04
8.215373099408851366e-04
9.550146883262732728e-04
1.432415372206200573e-03
1.270317555097738365e-03
7.144244757733393073e-04
6.483231809894748378e-04
7.293933883854728179e-04
9.183224679210478907e-04
5.433213671415533085e-04
5.794421806778793415e-04
1.056566699256978378e-03
1.311492008581597712e-03
8.189608743649374198e-04
5.392546947929536096e-04
1.070576851784766585e-03
1.543420723566030000e-03
6.273533560757887364e-04
9.786527230320424351e-04
1.143854784291282014e-03
1.664513016391026400e-03
2.988998757598153137e-03
1.014767730962102014e-03
6.481188164453571127e-04
9.848900182578097448e-04
1.404796033269571382e-03
6.930794515720076340e-04
1.209715519743386663e-03
1.153633147029566952e-03
1.752608472555079819e-03
8.560600766871355504e-04
1.101519960751419416e-03
4.976865344712665118e-04
6.779901877018401331e-04
8.361347797262657462e-04
7.944523867400317798e-04
7.732138799316027591e-04
1.166500694897618182e-03
1.826644754243167586e-03
1.576098947504952271e-03
9.964527258486839938e-04
7.454655948377430326e-04
6.675078253369171001e-04
6.590370620915979348e-04
1.591807386849999504e-03
8.369752373294088400e-04
7.274254613893804461e-04
2.757174625139014595e-03
9.298324837707396245e-04
8.520514290397823709e-04
6.695527732516037139e-04
1.221052950549294906e-03
1.439026664605461093e-03
1.311222829715967281e-03
6.505883279881190988e-04
1.139850342902564394e-03
7.535748852315688395e-04
8.276342822119664129e-04
6.925055429504131969e-04
8.560600766871355504e-04
6.637546622869079475e-04
1.168555094401250646e-03
9.888328740452457209e-04
7.503849568145544435e-04
7.983710245049289870e-04
1.155471874915103836e-03
6.635443417917448244e-04
8.346035259915457341e-04
1.481022119528749553e-03
1.141278578560372048e-03
9.228488813644250034e-04
6.303701213362015001e-04
5.898503072572968070e-04
1.029185429501173511e-03
1.169705537026984347e-03
8.485848134575144476e-04
6.304664972929639602e-04
6.924007196764352242e-04
1.023332832955463779e-03
4.609880825422944632e-04
6.020105862859921305e-04
1.205984373760182532e-03
2.718121333363909386e-03
7.700931924160187882e-04
8.016116907475420977e-04
1.085421845494349488e-03
1.774305396930402068e-03
7.331134277125479683e-04
1.180164130404541371e-03
7.418493607037203019e-04
9.827628317128894037e-04
9.109892775399346804e-04
1.081668404151171770e-03
5.800576512339475528e-04
9.514096924371130302e-04
7.079723827143201594e-04
1.523237905199935176e-03
4.620249105497730119e-04
1.310754375786709605e-03
8.218341304489157947e-04
1.173525472362756897e-03
1.001919074603966004e-03
1.606104163767124119e-03
1.195545624209295695e-03
9.604940600114128275e-04
8.843935211802798424e-04
1.235839838181571537e-03
1.066402783240635258e-03
1.612215953306029344e-03
6.120035757237004452e-04
7.910236827952054316e-04
5.813617334920061393e-04
2.224054099151076720e-03
1.408116831850784274e-03
1.156602245756591790e-03
1.608026760328823586e-03
1.496852731373013272e-03
5.930684471180775689e-04
9.254776206993177521e-04
8.336858718609929317e-04
7.515287864439013261e-04
1.078524927154186300e-03
7.733563533716256893e-04
1.277760330937438441e-03
6.080695710323007989e-04
9.062920922745666252e-04
6.595261032277838654e-04
9.855986894001130243e-04
1.184749221524704528e-03
8.874109088725116914e-04
1.529508239830839602e-03
1.608042974734132883e-03
8.031442497164535633e-04
8.109029991087931578e-04
1.430758434710136234e-03
9.414516778907778497e-04
8.831566225942315534e-04
7.890988143939791331e-04
9.394491557460160971e-04
6.153092456595123452e-04
5.777467269603005174e-04
7.192626056032759953e-04
5.113454305871483656e-04
2.579199578199749265e-03
6.697363775469872575e-04
1.175958671620001535e-03
7.894044743901047333e-04
1.349667506931484344e-03
1.909013151496427151e-03
6.181040142155595730e-04
1.024234696208894090e-03
1.003876424609461858e-03
1.211633311644879762e-03
1.006923166625451780e-03
1.548335075410061518e-03
7.620663612784320208e-04
4.922129526086853031e-04
5.170957972271694476e-04
5.634825517763990092e-04
6.086350135009266707e-04
1.219268108928762842e-03
1.182018305594168634e-03
5.548786145794744112e-04
6.339135470211945634e-04
1.459208645762348358e-03
8.454501339783837034e-04
7.136249771516079430e-04
2.085836703990350156e-03
7.012363870869840407e-04
9.677540462539718216e-04
6.583267718182253102e-04
7.796629623663390478e-04
7.589293620248442227e-04
1.208485899058732221e-03
6.008093534502219986e-04
1.251094051688336675e-03
1.557492023447438817e-03
8.344576017915585715e-04
1.543042888101627506e-03
3.683920141206489893e-03
1.053355824634927143e-03
4.995065196043847310e-04
5.751170358378976345e-04
1.066013417160542641e-03
1.207292145096085321e-03
1.124947195300486777e-03
8.940464988939498181e-04
8.260652543845079920e-04
5.168849076386380827e-04
1.069016593851588670e-03
1.119573204008037252e-03
1.227353237391850573e-03
8.231334120515473775e-04
1.421678475549030280e-03
6.364284065447933531e-04
8.323318081245612574e-04
1.527314400173202620e-03
6.401904661637753411e-04
9.722700369199585319e-04
1.148622494450542110e-03
1.443226061812023526e-03
2.433913208168495251e-03
1.157014705118716066e-03
1.450353008431447526e-03
8.262900685638984062e-04
6.912714309298945538e-04
1.051101610571819698e-03
1.059708232294655000e-03
5.873521558598684923e-04
1.198402139737352436e-03
8.012865975125002104e-04
8.430439709812617829e-04
6.850070953473199470e-04
1.690927911621684012e-03
1.101616787025923305e-03
1.045233044546905674e-03
5.426123933924791162e-04
1.631368995180873483e-03
8.404238416536938695e-04
6.415585247844861295e-04
5.593919662529166659e-04
7.339241177488838334e-04
9.839716442823604695e-04
1.874835013036166157e-03
1.027270818969904312e-03
9.760676560091305397e-04
9.047173377241675115e-04
1.314542710744199530e-03
7.043645041619763479e-04
1.035404020689629015e-03
1.152376957954246621e-03
6.229058988200798742e-04
2.185582043161659726e-03
6.815429651186373939e-04
5.946949341711532970e-04
1.298337104155640161e-03
1.261757757133436745e-03
6.000482378816417378e-04
5.407638330736346931e-04
8.081708996317710789e-04
5.200258422552426780e-04
1.954859704530357862e-03
7.637391211051654336e-04
6.500332604338212661e-04
5.368071837024976974e-04
1.501996114421186518e-03
7.731273887863588734e-04
1.944034152521715393e-03
6.616471278908113473e-04
6.909078945189317360e-04
1.861124281595635940e-03
8.197101613827031778e-04
9.801522979122538701e-04
1.043226826219905822e-03
1.837635282442085785e-03
6.838458627608782385e-04
8.105521741855500721e-04
1.149791618212553683e-03
1.413388069210460077e-03
5.653704929659665937e-04
1.150354397279634453e-03
1.205477171647343628e-03
8.831566225942315534e-04
8.136964090733087929e-04
1.040901305749724476e-03
8.913218542120017376e-04
8.739911161045690619e-04
1.057462480743845239e-03
6.832082825916375177e-04
7.298254876429088270e-04
1.083899253881632878e-03
9.482496129918052859e-04
8.374539685304362375e-04
9.563867452920379788e-04
8.913531951366170450e-04
6.948406744274848420e-04
9.587980474209683744e-04
8.912679108935452196e-04
8.136969365379092189e-04
7.618265338050532812e-04
7.911509482641611085e-04
7.880964177822009356e-04
1.037213488141557928e-03
6.026860501070716589e-04
6.310454282669287563e-04
1.290386393630832493e-03
8.198062675669748334e-04
1.689543206083394655e-03
1.393746894970653320e-03
1.048543650043522787e-03
8.111351271218676575e-04
7.247882585999400459e-04
7.205354439577910065e-04
8.081309559722095991e-04
7.095344584754333453e-04
9.778666384387679766e-04
6.345159170202346963e-04
1.049187262412630941e-03
6.363351807498454551e-04
8.468169580635192704e-04
6.186293168082937803e-04
2.609190324623705901e-03
7.713313168451164329e-04
7.219445128227451776e-04
1.249265885914024269e-03
1.032896112621137187e-03
5.032802732527288676e-04
1.007150527727878166e-03
5.737894922597753730e-04
7.837345711177644237e-04
1.116133653782253000e-03
9.120334982610288181e-04
1.108108236587514780e-03
7.005798648107962193e-04
5.499103000026971892e-04
7.672689728031846729e-04
1.522510580550963345e-03
1.678591707535039782e-03
5.634024762972060594e-04
1.540054057610715146e-03
1.158872530585266939e-03
7.286563396775842891e-04
5.329746147404655328e-04
9.589378286515781117e-04
8.599703058516016893e-04
7.136249771516079430e-04
1.445237937924476190e-03
9.107000206292450214e-04
1.444389235798273401e-03
1.069569722165992836e-03
6.571094533379369731e-04
9.273146376028887188e-04
9.105466566622945606e-04
9.802363790146206846e-04
1.136827007440594775e-03
6.436982727683098404e-04
7.042375395279087047e-04
7.288760494174044598e-04
9.437800417555517818e-04
8.973902794483866029e-04
6.394544073064677625e-04
7.685968290869038110e-04
1.049742791836646375e-03
1.084128476829136246e-03
5.435712568252059219e-04
4.772799042823630696e-04
1.473807501581333263e-03
8.166384931874239072e-04
9.419681774914987708e-04
1.126785870723799425e-03
8.404238416536938695e-04
1.205555314862597231e-03
6.405026782732097749e-04
6.595261032277838654e-04
6.436303222291516347e-04
3.217186057745852722e-03
1.185451643330422047e-03
6.477626948673846294e-04
1.304516360536761609e-03
9.809946988883634211e-04
1.042484886436091836e-03
2.305999559023098628e-03
9.190363163760604691e-04
6.337375562995204402e-04
1.245971450549413113e-03
1.998580004008558911e-03
8.208820832125561951e-04
