6.278570718652077979e-04
1.175319608305378048e-03
4.902597087668398657e-04
1.454356578240434015e-03
1.516793333369363369e-03
5.553394270163907430e-04
1.504725830466213101e-03
9.134791160432093569e-04
9.062916210887917660e-04
5.445224482094690802e-04
1.134164621252261879e-03
2.356025163381084576e-03
1.918051511072136478e-03
6.501854141272525199e-04
2.142512442662530825e-03
7.633604139084308954e-04
2.413237684617071301e-03
1.325434584482866737e-03
6.186088562828637172e-04
1.062658683556811593e-03
7.585485363365084650e-04
1.057633661240311952e-03
1.091451608194219172e-03
1.314581860289949517e-03
8.034540186751098481e-04
7.363265024426588054e-04
8.485819770897807743e-04
8.210980248568220362e-04
9.257218936491608654e-04
1.229065487671625843e-03
1.128062436336308653e-03
5.332238584567577065e-04
5.649063970507424383e-04
2.596112462307943042e-03
5.902743100850018449e-04
6.220535544732263547e-04
8.163266719710310414e-04
5.462884911970369546e-04
1.125361565927323953e-03
1.004813841742041537e-03
1.094777642347428840e-03
7.211931710007378395e-04
6.054803883535061831e-04
5.928186241883621858e-04
5.507858158520785282e-04
1.199025744648876679e-03
7.879301169368902380e-04
6.481204532539505073e-04
6.862606559847789266e-04
1.080503403593571993e-03
1.415036928978353602e-03
6.326867262279178969e-04
1.187590286356706229e-03
9.877603705432593407e-04
5.163869734682717842e-04
1.140597884273873014e-03
9.727109118456897779e-04
4.673617775242079543e-04
9.160906614989235012e-04
1.320265911247237326e-03
8.233128272217726156e-04
2.114843420023661182e-03
5.113760992412893580e-04
1.411917498080783378e-03
1.066188939420587792e-03
2.587629158175609040e-03
1.417532881555331982e-03
9.939669787650358065e-04
5.121546840071974699e-04
7.723480859378786248e-04
8.231006425465653290e-04
6.427475787683082807e-04
8.471018275235222064e-04
1.083339421672397090e-03
1.160134543038703796e-03
5.112867020165734640e-04
8.611469106918386972e-04
7.454456520525509127e-04
5.000072849420722281e-04
7.984158057100054599e-04
6.647483892941480777e-04
5.516658983198252219e-04
2.049202478208589882e-03
1.132434731977631590e-03
5.695266205682321045e-04
1.137528131948184213e-03
4.880691915793757820e-04
1.366007061434200854e-03
7.424856987490064406e-04
5.700234890780948339e-03
7.947747354795307298e-04
1.005518486524648427e-03
8.172135618838406810e-04
9.298127233122668736e-04
1.215831847189379963e-03
1.308633617398259922e-03
1.155567535114231711e-03
6.180432750858951213e-04
6.007087235444024884e-04
1.000434864332239160e-03
5.826622634141137222e-04
1.007144256850364510e-03
1.432806184049165025e-03
8.384596387848919016e-04
7.084026540838711701e-04
9.272977837459093131e-04
7.173576326057408588e-04
8.517068857804675633e-04
4.732894350993765054e-04
1.212025299806925201e-03
7.706498717322812905e-04
1.962840334362484299e-03
2.153172010430384059e-03
1.130286156819407598e-03
1.354361456468236580e-03
1.456331961094094879e-03
8.860333941694400811e-04
1.995230259669904249e-03
5.136187395465368309e-04
7.920036300897198740e-04
7.627482354478116880e-04
1.400987360548388693e-03
7.293434096985460576e-04
7.909045864507961709e-04
6.339987339099975366e-04
1.456820322177271570e-03
1.036049060183876370e-03
1.053546200015391876e-03
6.393103263661959260e-04
4.959956182097665246e-04
7.668999824540056586e-04
7.557900725763518285e-04
6.280061595035240675e-04
1.838224223274601129e-03
2.014364358522776829e-03
1.625293237744833896e-03
2.373631481331572000e-03
1.351815874227415637e-03
6.614344345158959439e-04
7.165793686919193998e-04
1.406677285784535634e-03
6.370473764874571643e-04
8.503632349479144526e-04
9.445610620345904753e-04
9.200540448425358368e-04
6.585113065256123716e-04
5.121492339744126987e-04
7.839401084663984122e-04
1.000078151844469888e-03
5.735294609100100591e-04
1.192020074014920076e-03
5.374752362509699994e-04
5.290517657410069531e-04
1.268932599455422543e-03
9.825772516313955110e-04
3.044044977464699982e-03
1.247329813863143908e-03
5.685605488946424840e-04
8.978646111131469111e-04
7.923184023612244971e-04
6.440945425028608883e-04
7.140469902536248411e-04
3.945116170325238536e-03
1.152619084441404299e-03
1.015021067885807284e-03
7.153786461275111076e-04
9.968165190795477693e-04
9.733700340097620066e-04
1.164064055312051624e-03
9.048350340408853375e-04
1.226971259523876008e-03
6.501135986169553904e-04
8.115557466797200525e-04
5.820308366414114060e-04
5.449971656016090044e-04
1.176165213341463052e-03
9.064285975108190641e-04
6.733419885300380350e-04
9.624435483534106396e-04
1.331417453982481269e-03
1.426491227970838604e-03
6.319721293534506529e-04
8.341910370109123160e-04
7.295247063789884545e-04
5.138383774581883716e-04
5.794058361580348062e-04
8.604507096037954453e-04
6.372327169169647587e-04
8.094773426904813135e-04
7.559488564164412294e-04
1.032553295849884594e-03
4.809477573068165015e-04
9.003328235965350453e-04
5.349048974655353731e-04
6.889100728929122355e-04
8.409647132424301038e-04
8.592538707458950188e-04
7.186318931609955328e-04
1.194342420622241394e-03
1.048166008704226040e-03
1.007144256850364510e-03
5.881332618864991554e-04
8.200973953457577504e-04
5.532176941228840071e-04
1.079096488784153001e-03
6.626806373802966721e-04
5.638006694849381252e-04
8.340818851228249406e-04
5.006352113540503976e-04
1.054625368072802062e-03
5.761177290720248794e-04
7.925044410328841230e-04
8.970973156701826136e-04
1.556388125806785041e-03
7.546250564466007362e-04
6.767119966324192581e-04
8.212885515147906384e-04
7.807913596543973817e-04
5.204171609185390341e-04
1.153894944521385293e-03
7.689049976218614727e-04
1.359269569876871793e-03
1.064736858773642847e-03
1.467085041372049366e-03
1.046481881146094388e-03
8.815838716066798624e-04
9.551913290674643410e-04
5.419162617170003192e-04
7.567650716516868175e-04
1.000770310007442244e-03
1.383904171460834283e-03
4.856844371190841003e-04
2.096620159560470299e-03
1.709515500628899223e-03
8.532530825416165515e-04
1.076008313549999809e-03
9.473078624770634977e-04
7.580716833509125582e-04
1.114461667420791127e-03
1.017343606215023689e-03
1.064096284773513200e-03
6.583645138522690446e-04
1.130539175329551074e-03
6.270557214232831515e-04
9.417327155926718445e-04
7.975075137043641281e-04
6.344552152454908337e-04
9.252742694894946487e-04
7.556869949929254961e-04
1.441974957514874627e-03
8.272414318763513484e-04
6.665420002289788393e-04
1.216702263008304650e-03
9.022035580751002056e-04
8.486292816908733681e-04
7.510504585231178717e-04
7.059909662193739142e-04
1.430184208201230487e-03
9.864419646148398380e-04
6.771932318626496103e-04
2.005592493604704037e-03
5.254106405028195368e-04
7.114145773552838642e-04
1.335516711375295826e-03
3.010976985295012957e-03
1.452248844325580972e-03
7.139889273501608905e-04
6.015012032160508117e-04
5.904674330791981644e-04
1.049267001978052049e-03
6.177520896433858714e-04
1.338257602143191893e-03
5.143412161445313916e-04
6.700759745465867780e-04
8.281846773148493187e-04
1.079774801987230890e-03
1.121633206859226715e-03
7.592855472787940659e-04
6.363721986508997239e-04
1.216010444313577908e-03
1.039514689916670948e-03
6.070660955065398153e-04
1.443213357300473327e-03
6.675285108266686401e-04
7.382652754350903105e-04
1.399776201347729000e-03
5.844672286391303876e-04
1.706066215177053265e-03
1.060095538528933300e-03
2.294685415782847689e-03
9.350251492175312620e-04
7.948733664042292001e-04
7.964758327829019307e-04
8.654977613111477066e-04
8.591662445581145025e-04
6.741713954291928554e-04
6.033923542457010365e-04
5.566168996453892300e-04
2.600482052650628529e-03
5.469040170418282016e-04
1.439761323613083718e-03
7.057511855547287131e-04
5.625912647177975763e-04
7.921680149555632589e-04
7.701929445231706691e-04
7.032149529429083598e-04
5.059321715874760600e-04
9.755154869971739652e-04
1.078281514649553170e-03
7.781567741374890382e-04
8.900080506362489582e-04
3.283395041829745113e-03
6.985203026378930449e-04
1.128986084503701137e-03
6.876025582830499376e-04
5.103990670336153428e-04
6.604947862052716438e-04
1.144450081962001403e-03
1.102302608126032053e-03
1.406474184213792446e-03
1.071305439040385471e-03
9.455249055563825882e-04
1.707319767168222722e-03
6.818626139569099274e-04
7.628137677412378690e-04
5.524181359003053817e-04
7.566075427393834530e-04
1.011280999323664435e-03
2.217380272987038489e-03
1.136364804743610025e-03
1.003043878768082511e-03
5.131428511258667941e-04
7.500213401026787881e-04
2.217380272987038489e-03
9.630436080003429043e-04
7.948317499664612953e-04
3.682199265445689883e-03
4.497182995558324432e-04
6.985511255052679084e-04
6.649604352044351284e-04
4.238503969715010783e-03
5.785709894207840577e-04
5.805667145811786506e-04
2.413775925438713457e-03
8.355460202621218949e-04
1.985904996569086943e-03
1.903247550621471867e-03
7.220271768863527643e-04
1.454375523346021189e-03
5.938119703032626205e-04
8.686496221624004669e-04
6.700759745465867780e-04
8.355460202621218949e-04
5.059217338869909965e-04
6.604947862052716438e-04
1.147538434485605727e-03
1.000568848619111471e-03
7.061701773604153048e-04
5.133390154387598887e-04
6.396468477423113618e-04
1.099710380550863661e-03
6.070660955065398153e-04
6.219768386510852055e-04
7.157515110846652965e-04
6.437787750991564228e-04
5.524181359003053817e-04
5.395661457947340369e-04
1.130474338809164554e-03
1.384326534414580040e-03
6.110785213030941500e-04
6.243464455035744763e-04
6.566719717125794886e-04
7.950750544399435606e-04
9.445669825539071418e-04
5.105094343231136346e-03
5.344304943982515228e-04
8.110474508247753674e-04
1.456820322177271570e-03
9.920470966816956598e-04
7.576967030089681822e-04
5.771049282691901889e-04
6.601725879236092047e-04
8.559852074083725655e-04
7.116236916227254398e-04
1.479988747284224741e-03
8.346408773713503678e-04
7.180273721977771442e-04
5.470814778921310757e-04
6.476792307068779354e-04
1.572884210506951584e-03
6.431876368599299520e-04
1.012436237475032065e-03
1.320869426883017122e-03
8.828144845095106316e-04
2.571966135592886928e-03
1.292775143435344028e-03
5.092755625868490739e-04
5.741690977550341270e-04
6.013475383836312024e-04
6.791715854142417203e-04
5.433401925680674070e-04
7.639775679607431003e-04
5.501301430952218897e-04
1.707928469209004166e-03
7.502047643292641347e-04
1.747809543787448572e-03
9.431916384200872113e-04
1.255954593741255695e-03
7.279992851677847925e-04
1.606468370244909820e-03
8.766801178484792548e-04
1.001829964273046047e-03
8.641254466896057529e-04
1.047452258124086707e-03
1.004291277471423263e-03
5.478473545922708712e-04
1.411917498080783378e-03
7.775537861348276458e-04
8.446672949056365952e-04
5.935057198924388773e-04
1.027075942361574965e-03
2.516214080471611270e-03
7.733548729805352680e-04
5.117828762162596103e-04
1.452905173621804645e-03
8.349181806913162163e-04
2.048780986581927744e-03
9.852152966430662365e-04
4.955376419787624635e-04
5.050921111078156105e-04
1.270847347355659289e-03
1.707319767168222722e-03
6.932466071683923963e-04
7.151392669274716065e-04
5.006119576500915862e-04
6.631887283674914226e-04
7.959590709391126031e-04
1.451947873967213577e-03
9.369138727119253425e-04
4.674020681995209631e-04
6.775704111696586023e-04
5.736383126624147429e-04
1.128147695266708923e-03
6.115457294219939569e-04
6.385603340165985986e-04
1.130539175329551074e-03
1.092682410227402163e-03
2.789611682807729195e-03
6.203229867177396072e-04
5.670075947083080044e-04
6.805393913104449549e-04
7.290137105526647019e-04
1.594986732078156836e-03
1.737219007079331395e-03
7.487057369013062598e-04
5.464528354505083672e-04
9.580516627099719884e-04
7.903017748257909654e-04
7.934349182554738082e-04
1.106485697435041077e-03
7.498519352640383622e-04
7.245082913479764615e-04
3.283395041829745113e-03
1.327630618900624108e-03
4.739116458775074385e-04
8.088634568672384284e-04
1.000667190219306458e-03
1.076590987602655354e-03
5.706684607926865377e-04
7.242871132098946917e-04
6.009988616289285192e-04
1.511026035096092648e-03
8.334689422466802803e-04
9.312727223307127374e-04
7.781853475245254642e-04
6.716094352355177514e-04
8.481955527352500867e-04
1.704027872366961757e-03
1.559603690984896806e-03
7.633398661846482356e-04
1.153085608493783012e-03
5.860877081010117465e-04
1.904715223416525048e-03
4.624750890151390703e-04
5.103990670336153428e-04
1.940656573826572652e-03
1.198440208778908276e-03
8.592538707458950188e-04
1.786557756985468698e-03
5.113794946459913329e-04
1.253706124468079120e-03
6.025764246412463861e-04
1.027919045084646488e-03
8.135677701998229308e-04
1.066188939420587792e-03
4.916775244551561041e-04
1.142381990762959994e-03
9.781491760359531645e-04
5.433905478765912490e-04
8.001952594195541621e-04
1.590641968952679654e-03
1.298412886455114264e-03
6.501815356148053305e-04
1.191104014313808723e-03
7.031173673600710303e-04
6.420406894463794078e-04
1.455806544100030032e-03
1.139188526060310727e-03
5.884533230085711285e-04
1.916913256543153164e-03
6.181821898474746529e-04
1.090841535521655178e-03
7.706498717322812905e-04
5.935775887498961380e-04
1.576529446152236157e-03
5.675796160911476297e-04
5.438031216269659154e-04
1.243270203347938627e-03
5.244273957269603680e-04
1.583997027762077759e-03
7.600129736111883210e-04
3.204461406923943354e-03
1.019439757741944083e-03
9.567690130381328569e-04
1.515299032015482395e-03
9.069281205355564585e-04
4.843847578901316507e-04
7.839715758869013774e-04
9.527672392047250183e-04
9.760292244992822309e-04
1.304150626277622224e-03
8.751648803462582383e-04
7.349784886910822393e-04
6.631887283674914226e-04
5.462884911970369546e-04
6.354026545112262218e-04
8.547654798138627471e-04
1.083998179802462929e-03
7.714995631400865719e-04
7.037708827977207137e-04
1.057633661240311952e-03
6.857238123869548608e-04
1.172294060348878829e-03
9.053833926338369573e-04
7.943874208693225969e-04
8.690314286224153735e-04
4.565469271148287042e-04
1.493589287943122932e-03
1.137528131948184213e-03
7.710392994258829071e-04
6.416796379008293067e-04
1.176243479982913001e-03
8.559852074083725655e-04
8.691046357386984387e-04
5.978518904324210941e-04
1.561900673187458215e-03
6.086514310771731816e-04
2.409836635964839220e-03
8.746995345945420778e-04
1.061041217822050525e-03
6.393810273104695964e-04
6.220514174163144965e-04
6.874864423762533155e-04
6.480581217818001064e-04
1.059073379616404719e-03
9.298342470826669775e-04
6.712899608410730903e-04
1.035287432989681839e-03
8.215133065161703621e-04
6.643521662792962112e-04
4.838191787057243964e-04
1.687555316342434540e-03
5.795439062449440687e-04
9.645447801042397913e-04
1.133876096192583437e-03
8.379187468608928968e-04
1.748430887154698047e-03
5.868865424540355797e-04
3.711839929034803278e-03
1.108669611046723047e-03
1.032803316402777132e-03
1.063679563299142891e-03
6.241364658766197955e-04
1.520814730444013108e-03
1.808576161408378957e-03
5.373416405438458197e-04
1.411191151520371995e-03
1.186456903082824246e-03
8.768994626065993976e-04
1.599100070099298979e-03
1.027034505886684776e-03
6.805393913104449549e-04
6.867900989710713040e-04
6.219768386510852055e-04
6.485462961713581165e-04
5.298842078372442655e-04
7.510504585231178717e-04
1.180946993032936689e-03
1.014758972740668116e-03
1.280795352120961449e-03
6.321482601929799203e-04
6.700759745465867780e-04
6.685801106650486299e-04
8.820429948017642760e-04
5.431805798112006659e-04
9.446704129294858452e-04
2.600482052650628529e-03
1.686716997776956540e-03
6.532627766662202091e-04
6.990253735408266710e-04
7.146678669086485927e-04
1.000434864332239160e-03
8.682259940281118055e-04
8.005345997312584595e-04
7.864104336217169573e-04
1.076096103210877038e-03
1.174632463416257298e-03
8.340650438071013292e-04
1.431398850414136639e-03
1.382530026528387430e-03
1.424298523814150966e-03
2.458390693950149482e-03
7.448889081114469079e-04
2.185402384657602129e-03
1.059073379616404719e-03
7.703706719116668608e-04
6.336409382439146202e-04
2.323264496624271886e-03
1.321975569935214014e-03
7.389021581031543148e-04
1.400987360548388693e-03
7.389253467779519254e-04
4.725467231332075688e-04
1.233818778557217201e-03
8.938877336019256277e-04
7.663817194238229302e-04
5.880846244079988329e-04
7.894818212821646435e-04
7.821165953069947980e-04
6.651602778318462146e-04
7.345432542628511615e-04
9.022714320541761358e-04
8.652944671627025783e-04
9.112452832139781829e-04
9.887921085724720328e-04
1.042796719220168145e-03
6.227059340941097686e-04
5.467029576994549347e-04
4.869335463289723451e-04
9.704216700337492526e-04
9.346030721688769905e-04
1.571433167165362616e-03
9.013341240890122320e-04
5.194235344086114156e-04
1.623110094951032804e-03
1.142790200001613660e-03
1.491536484133087689e-03
7.377344468999694855e-04
6.483096421206776096e-04
7.652084784637506847e-04
6.903115498283496094e-04
4.107063728253109933e-03
9.112452832139781829e-04
7.980303289067337998e-04
8.176400110740485909e-04
8.517068857804675633e-04
9.530924890047102072e-04
1.453384434374734155e-03
9.218997312538838385e-04
8.678287939126801305e-04
7.721197538339473433e-04
6.727347152278055024e-04
6.660157146567309821e-04
5.003762709151633173e-04
1.354762445690290253e-03
1.533723985239528491e-03
8.511186996740232463e-04
1.190961478316705834e-03
7.577618680672290174e-04
1.006111505150222938e-03
6.450084686802636273e-04
9.013341240890122320e-04
6.107626738048745714e-04
6.837223712208483290e-04
6.028258981792111032e-04
8.233694006875270054e-04
6.138357082991778482e-04
1.224990114864633016e-03
8.576595333855747310e-04
5.867550073907385226e-04
6.263552504755178982e-03
6.762885867937139207e-04
6.341795370970098938e-04
6.514167988051916287e-04
1.133876096192583437e-03
5.655012199989379500e-04
5.116524581496910635e-04
4.861576925898553406e-04
6.601792127249999373e-04
1.194238960941756533e-03
6.502438038300214270e-04
4.941474984868784136e-04
7.693225363303809496e-04
6.470133310819578499e-04
9.369138727119253425e-04
6.223622239979803225e-04
6.142515463398408922e-04
7.722070092705378029e-04
6.980891955245227239e-04
5.133853255344848852e-04
2.788551347559475781e-03
1.183384486234212180e-03
6.198578084202529658e-04
1.112728768786564902e-03
7.184804217867293147e-04
9.020362024326673573e-04
6.756702953376020988e-04
1.052168484287764648e-03
5.447190446498451685e-04
7.595522315303653363e-04
7.031296307366068608e-04
8.265752508170197887e-04
5.117483780769029218e-04
8.661349694983443018e-04
9.719533379260797065e-04
6.058211086273390970e-04
4.599574793598406545e-04
1.162899995949265124e-03
1.354781086659646687e-03
7.864111590884189686e-04
1.234212716859521119e-03
5.113733244344100806e-04
8.865809098793088179e-04
1.452248844325580972e-03
1.716980577631629706e-03
9.063069400210006614e-04
4.644047282880470239e-04
1.431368761704151062e-03
4.642576427179479111e-04
7.561607916223011009e-04
7.025923031074734039e-04
7.745930319859010852e-04
1.642292545695415995e-03
1.227312702489611121e-03
8.742493678055241130e-04
7.531441176600067082e-04
1.059121351916409532e-03
1.044447986459921124e-03
9.091232565328290129e-04
1.049251087939841350e-03
6.005379480452415408e-04
1.738166528195479949e-03
6.454207203720362844e-04
1.247523333326845891e-03
1.275761968047497454e-03
3.007532609777767603e-03
5.946139271648943599e-04
1.080404594890534056e-03
8.132615541315752795e-04
1.003377859827531832e-03
1.157668588962403305e-03
1.204725403550022198e-03
5.443733966708506943e-04
6.193055920439729904e-04
9.994082915989878184e-04
5.247411163791801739e-04
6.317740419201472437e-04
9.537407620323756904e-04
5.239833938806201779e-04
5.869500354290147935e-04
5.294428323212936778e-04
6.467687127191571687e-04
6.785876994253100137e-04
1.087788939062837162e-03
7.313733527827063737e-04
4.579858306418746190e-04
4.676384562673387819e-04
1.075155753703059547e-03
1.213296698086651628e-03
7.221886769466626978e-04
7.833540208542098468e-04
7.557900725763518285e-04
6.738544205248341284e-04
1.753066323497817032e-03
9.705360621754126381e-04
6.396310959530212333e-04
3.062663532732219206e-03
5.914961930053798563e-04
1.258377902052357483e-03
9.357886292925965540e-04
8.277191319198667213e-04
9.836768728034520765e-04
1.118637240309553740e-03
6.601725879236092047e-04
5.070773257555333171e-04
7.807197226386039350e-04
8.034540186751098481e-04
6.759090146774651177e-04
7.084026540838711701e-04
7.065993322336134794e-04
9.647779239609270783e-04
7.635392862947164858e-04
5.794435953805364458e-04
6.135093201371600918e-04
5.759872201425178485e-04
5.589418402602461212e-04
7.796738385130141643e-04
6.212856264853762293e-04
1.311034413709988994e-03
1.109268449475540397e-03
8.613446217175433316e-04
1.383701543545295780e-03
6.370448728984645778e-04
1.016852971420556572e-03
5.528079003302854713e-04
1.624833209839666916e-03
8.584213424603757579e-04
1.319213586473797764e-03
8.164750423159273379e-04
4.765213541511758200e-04
7.245082913479764615e-04
7.947127415553620821e-04
6.398568958456806854e-04
9.598597101249882989e-04
1.248043853430622508e-03
5.330936992784481888e-04
2.418072757800896963e-03
5.094864016527215740e-04
6.675847990512734278e-04
6.757321719136988401e-04
6.985362507781721353e-04
7.932029310622319912e-04
5.652094889172892518e-04
1.196818021866563131e-03
8.805951019792914065e-04
1.018210607384667380e-03
7.156739676874345271e-04
7.233592172615697620e-04
8.443193589471997135e-04
8.309849741735581170e-04
7.306893078794555151e-04
5.112559577978920827e-03
9.686396815434621631e-04
6.323492102371947726e-04
5.114601127681155232e-04
5.219553642403912657e-04
1.533022663473111507e-03
6.140712661067861252e-04
9.155497651292716661e-04
1.038385663620444797e-03
3.516978777816255012e-03
7.877744791655555238e-04
4.995221505458825829e-04
1.089629792017849036e-03
1.089933230763248098e-03
2.084379796343934291e-03
6.275636368438841954e-04
1.284448642106995929e-03
9.244857987896927662e-04
5.585032545587784777e-04
6.033339159709800049e-04
8.729613350796914303e-04
7.254409701576958712e-04
1.123474701618641181e-03
1.448122594650780477e-03
6.135093201371600918e-04
1.307019141998199416e-03
1.231343750300600707e-03
6.426258224246861545e-04
9.671830566183275794e-04
5.713642947341344373e-04
5.353439664165176399e-04
1.111823456967412976e-03
9.523074290512389831e-04
9.049177156498648721e-04
3.730202299755742967e-03
1.406527638158072907e-03
8.654148698291111962e-04
5.166800561857837204e-04
9.436244048337463905e-04
8.857369101974420797e-04
7.031296307366068608e-04
1.474265895006043230e-03
6.201062950144870575e-04
8.341910370109123160e-04
5.609023902143251035e-04
1.003888613354051232e-03
2.053807457054744687e-03
7.939061698142014763e-04
6.275636368438841954e-04
3.088643978038255709e-03
1.187590286356706229e-03
2.165301030804922967e-03
5.291641267715593323e-04
9.896618581386122226e-04
1.010598025338078779e-03
6.015208366093693741e-04
5.359236826508693161e-04
5.661795841290372285e-04
1.477590561680701495e-03
9.208084738508265886e-04
5.944679916584486067e-04
5.920329499497655910e-04
1.179625091525923460e-03
5.363618611395626085e-04
1.823164242170680592e-03
1.224701434130520510e-03
7.747786790844991920e-04
6.364261843941419316e-04
1.157291293809347256e-03
1.084405483596400646e-03
6.775704111696586023e-04
9.272216537567355872e-04
9.503551321788469191e-04
1.208811584291745586e-03
6.635659908832950869e-04
6.036970768144917692e-04
6.227059340941097686e-04
1.582019829764038342e-03
1.074225173304597936e-03
7.627482354478116880e-04
6.362215126547961837e-04
5.944679916584486067e-04
8.487888464741703311e-04
9.642552295487391914e-04
5.942309722538424927e-04
1.931842129486859190e-03
8.717939953212031079e-04
7.376621026228730215e-04
1.455806544100030032e-03
1.918051511072136478e-03
9.058861119509446693e-04
9.739440730904851866e-04
9.868139318482860474e-04
7.336777108914617615e-04
7.081733004893806492e-04
9.076527260740555915e-04
5.481581746836273507e-04
8.776984186250158353e-04
1.609922562725580502e-03
1.031761889127288468e-03
6.085760163145415100e-04
2.064678590589241053e-03
1.080404594890534056e-03
1.263066933752037468e-03
7.440335628671464023e-04
1.101095578967546717e-03
7.347211111072156874e-04
9.995433661466248277e-04
4.528483867196940807e-04
7.221536581326319518e-04
1.147751549121038160e-03
7.318162657648024597e-04
6.273051611597115374e-04
2.064962433191107598e-03
5.577756239739990350e-04
5.705544764677219658e-04
5.901078173534516106e-04
1.033884515632424667e-03
4.608481953255324712e-04
6.762735287151492658e-04
1.204834718539444854e-03
8.202411188417970626e-04
7.601087541046767145e-04
1.041764053410259433e-03
8.874790391457563436e-04
6.125938090831779858e-04
1.623653287479991927e-03
8.441706423334738351e-04
4.506884146756149506e-04
1.168227491585549158e-03
6.714352860339705548e-04
1.373044965948560202e-03
6.026140897126652622e-04
1.307019141998199416e-03
5.748741726048061653e-04
1.080651663232115025e-03
1.027410260823160030e-03
1.289082842719055984e-03
6.489716908078512749e-04
2.091872822095780168e-03
9.066047306505637966e-04
6.030817632832911673e-04
8.971000513274366176e-04
4.314550792566046651e-04
8.992777091177731573e-04
1.036515849162274574e-03
7.440335628671464023e-04
7.551550722237570070e-04
8.741110582964206491e-04
8.441261336022041172e-04
6.252741805812537168e-04
1.101955298120111879e-03
1.289902402898430653e-03
8.453627930997163276e-04
1.875373634317274978e-03
2.269180897317918302e-03
9.505653733300761668e-04
4.551542584630904886e-04
9.168418708148129989e-04
