6.797649399655911672e-04
1.323333014006739449e-03
8.601505932958233413e-04
8.324617986817283355e-04
5.361177602494705992e-03
3.345699435362720856e-03
8.574344231570104257e-04
1.904119587527479916e-03
6.947750414585732431e-04
1.274778659637884962e-03
5.772366640884748178e-04
1.502344497287258322e-03
7.692837300178373590e-04
1.019968355683027088e-03
6.116793946448927837e-04
5.605259032005681331e-04
8.044956830698995944e-04
2.694298297972603541e-03
5.212569809155871443e-04
7.306518897779779899e-04
5.039951882438863280e-04
8.800898260788995358e-04
5.704175952273429296e-04
2.369093539823574363e-03
8.266298088169972674e-04
8.672548927391121555e-04
2.086359575963682433e-03
8.820597926220669722e-04
1.083222335313809058e-03
8.551850865768528430e-04
8.751573732725290936e-04
7.954835197045538467e-04
1.782750563130126777e-03
6.116793946448927837e-04
6.829156853754800869e-04
1.078424466891296377e-03
5.712438383288003137e-03
6.036839737804995274e-04
5.457968925832515361e-04
6.217435498760391383e-04
5.354485172236559407e-04
8.248848859564802830e-04
6.210157808948049175e-04
8.253093617827141201e-04
9.743857437780803878e-04
9.462568529948737648e-04
1.008955827461237081e-03
9.032599460997263463e-04
7.205219144594251840e-04
7.444577766096725302e-04
1.519616095185119661e-03
8.053470486408970683e-04
1.264169589821184398e-03
8.749106970099414194e-04
5.978881463509488079e-04
5.176364362191712741e-04
6.955366949172903405e-04
9.938207934038728424e-04
6.518149533671568300e-04
6.619156488843360277e-04
6.706379108319484618e-04
6.604823045256067674e-04
7.333413199973218104e-04
6.244460149411445310e-04
6.486952966968658829e-04
1.405445291038249882e-03
8.708960125778295296e-04
6.671128902822697588e-04
8.959914487066608646e-04
8.507172196167511833e-04
2.868599410040061255e-03
2.283638106884618938e-03
6.149393422269754930e-04
1.027412320122141152e-03
1.088530723465655752e-03
6.684516681205913231e-04
1.052771075448920204e-03
6.617758283353624045e-04
1.866837711915108992e-03
6.881341794791724859e-04
1.259995627012865105e-03
6.358191894315576038e-04
1.268375061246616257e-03
6.971303764855895724e-04
8.663196916390560835e-04
1.192295053452324931e-03
8.813634841242382273e-04
4.576356561509405119e-03
1.107374376166006058e-03
6.396504138506929355e-04
6.417291163252233878e-04
6.748048711318041558e-04
5.618626237604866167e-04
1.386990522060052361e-03
1.827073247583709415e-03
2.359550198732162426e-03
8.474262788875914880e-04
8.500403383163841710e-04
2.682561262995712421e-03
9.526719399754013211e-04
8.926296802387143504e-04
6.316624578693178296e-04
2.743224878132645428e-03
6.638800618497247164e-04
6.150213962278657225e-04
9.407039998422827339e-04
1.419483105833527518e-03
9.034209420050254638e-04
6.682779050312897097e-04
7.135003989080006487e-04
7.352623198816681188e-04
7.355457547082753589e-04
1.617840766221227905e-03
9.119828249200066361e-04
3.231776049951818296e-03
8.818837484591198492e-04
1.181704712991171963e-03
1.083952671845777368e-03
2.018960309715883347e-03
6.626041326304989371e-04
1.689782124493681989e-03
9.496437696854993782e-04
1.110416177662943739e-03
1.169450717384851440e-03
9.428919288550398218e-04
6.272721490194910904e-04
6.915566843123674770e-04
7.040973368266168278e-04
1.213561219135144429e-03
8.553327203908905928e-04
1.429480764084318286e-03
1.059308313004752016e-03
6.810168934457388329e-04
6.358191894315576038e-04
5.440223779862147190e-04
5.101533402051638619e-03
7.195756578943062745e-04
7.893182107482634661e-04
8.326379601370186142e-04
7.804435114579747357e-04
2.619088141097436137e-03
7.147750112927891454e-04
8.194348803207053989e-04
1.102002010314352166e-03
6.179481906423214821e-04
9.462568529948737648e-04
7.916013783134085531e-04
1.145153384681095021e-03
7.610467835577360875e-04
1.024796545851815914e-03
7.394968637850008516e-04
5.914082742334984041e-04
1.032681173748765512e-03
7.326364341659886937e-04
3.354969231082170940e-03
1.302101301602860695e-03
5.958786370367603544e-04
8.414967050969417248e-04
7.918450237946299004e-04
1.081321345343606464e-03
1.036400285744776403e-03
5.327094268754211043e-04
8.100410252439616031e-04
1.036367803309147127e-03
5.378835197498041355e-04
1.007483089143370193e-03
1.355134407502167236e-03
8.454175378093118417e-04
9.252906687976782075e-04
7.473203795999469557e-04
8.766246121570641899e-04
8.262102678467870328e-04
1.886071582038518091e-03
6.093846647312825288e-04
1.278232783230240669e-03
1.069477082067480300e-03
8.692172734464178891e-04
5.679082671237471649e-04
6.764737587540422615e-04
7.606882017206293822e-04
1.046247260132466281e-03
7.501146935839281054e-04
1.313796669588066304e-03
6.657141337730066452e-04
1.068422679587955650e-03
7.575379664371408939e-04
1.200893219775045571e-03
1.753172102979820308e-03
2.378149882463389229e-03
1.268983573315756851e-03
1.835510401429619630e-03
7.199154301187758905e-04
7.620071245435361667e-04
7.507060740577453607e-04
8.818536332382342436e-04
9.915167699294507187e-04
1.278193585459049030e-03
5.416882891994812682e-03
5.905055628901823396e-04
1.066657473835553411e-03
4.947271904994368988e-04
6.177100976380093785e-04
8.977099451411584864e-04
2.613829922447171404e-03
9.522583634824025858e-04
8.117184687330072793e-04
5.760890131198192566e-04
7.619679255119772825e-04
9.757818175336135068e-04
7.999670371258916146e-04
6.766510376983067261e-04
6.155520684678263566e-04
5.939026704445567444e-04
5.778457431792030814e-04
1.476338759965466858e-03
5.709106834278339588e-04
8.120797922260300592e-04
7.792044540861401379e-04
8.530336750995793239e-04
6.052099690989143962e-04
6.981846831165962981e-04
7.804629609347047423e-04
8.211702640899267661e-04
1.546050242625811788e-03
5.116879405816647823e-04
1.600414305374132755e-03
6.752180159678634235e-04
6.791686179640413342e-04
9.156570840907509150e-04
6.429352491257026752e-04
1.340094660071720163e-03
7.270891304733884857e-04
1.855583958789302785e-03
4.910121129220768347e-04
1.777536509936606529e-03
6.189590480427216912e-04
5.691900196317125054e-04
1.258799328771006412e-03
1.288419078918769372e-03
1.025828843526722109e-03
1.434128987753882168e-03
6.539272291229387231e-04
8.919002817300844066e-04
6.294343126832534262e-04
1.487471334326177395e-03
1.093168486014737834e-03
1.399894492744789250e-03
1.471469973466321864e-03
8.536756160117347060e-04
7.225978983857701344e-04
5.923103768680421707e-04
6.568701268548099046e-04
5.801146272448738346e-04
1.563063142550254322e-03
6.806942853092958542e-04
6.195074154272660902e-04
9.637580455415281199e-04
5.735455729482602993e-04
6.427584647446071657e-04
1.586669933674353080e-03
1.144059258065074523e-03
1.063077452954383148e-03
9.103604745593546271e-04
1.876633391782242663e-03
7.033147510949420153e-04
9.408076896472786221e-04
6.823059213441341449e-04
1.117582739855695149e-03
7.055895299308899242e-04
8.895050868699312403e-04
6.102940465324183756e-04
6.179322304307119113e-04
7.784480191370958231e-04
5.403353290439904828e-04
6.556722002958952598e-04
6.966021253490312266e-04
7.995109844122323065e-04
1.195787380332992769e-03
8.555746786052748423e-04
1.266156553087239255e-03
4.919369998404997391e-03
8.209913209408851694e-04
5.665427676055411529e-04
6.514442503918387115e-04
7.075641964294294073e-04
8.891020230001921501e-04
1.094436657400984624e-03
6.172836027723712336e-04
6.901614593143945778e-04
7.353535930015887021e-04
9.176325033184400256e-04
1.483689061458890119e-03
1.243165665984769137e-03
1.920322573990625777e-03
5.293317869266486991e-04
8.049961807906067576e-04
7.241302956622352755e-04
6.000627462893463491e-04
2.993095470323544303e-03
7.011858931284059787e-04
8.122433101040561852e-04
6.066500374784586239e-04
5.863145652980682274e-04
8.036686989216606765e-04
2.029280079244455675e-03
8.705073720547708543e-04
9.212131240495782716e-04
7.384712546028077878e-04
7.274324629864022248e-04
1.192475225690148776e-03
1.051824185120495570e-03
6.771892937544727025e-04
1.195099816595483972e-03
1.713391992331791914e-03
5.089079676075617406e-04
1.549491709486492189e-03
7.350859792625752311e-04
1.531628568717725196e-03
5.365954498671691867e-04
6.348882694765216198e-04
6.039125500950825098e-04
5.252415113617775423e-04
6.082422174534051580e-04
9.590494045827174926e-04
1.963954010992800814e-03
6.429250495359057878e-04
6.992562239852859272e-04
1.014306857626554601e-03
6.914629430273447992e-04
6.239167147266792834e-04
8.891020230001921501e-04
9.127623157336705586e-04
5.487544652874944444e-04
8.104186938823692383e-04
8.594842240328451040e-04
7.418976962476941982e-04
2.048296481356874296e-03
7.161718914455149918e-04
7.038195606503251612e-04
6.357701212172286575e-04
6.248429092560924209e-04
2.190075631168010312e-03
8.930036478497064591e-04
5.181330360626541049e-04
8.712465580544950837e-04
1.236767111029944948e-03
6.686611599298389851e-04
6.824980821125516996e-04
6.275066739204900566e-04
6.674957052701475588e-04
2.549483483953256333e-03
1.192985353883032392e-03
9.076862934135370613e-04
6.863661340660759435e-04
6.008060767120511608e-04
6.565974414823990074e-04
8.014488831810382460e-04
9.680180052651970925e-04
2.185892251101140792e-03
8.183439110864751658e-04
7.202391582814645548e-04
1.076623505324879673e-03
9.779084325051872525e-04
5.787758659419407802e-04
6.229721422436363147e-04
8.837069924539216149e-04
8.852629860003104201e-04
8.139824096974481544e-04
6.808545083500188149e-04
6.223909150126583165e-04
8.865689194275122196e-04
5.417577979920678482e-04
2.539273907856685539e-03
1.619251943436969543e-03
1.113897118139604413e-03
7.695909645314248995e-04
7.901380302047240466e-04
6.318060036016948447e-04
8.603611266947364328e-04
1.565542058647627181e-03
9.497219939251989223e-04
5.985989485740576170e-04
6.102940465324183756e-04
7.204059199677832932e-04
9.413662765766794317e-04
9.390713303919426269e-04
1.096943560194894125e-03
7.087287801289775258e-04
6.534527698763657874e-04
8.188089102342994714e-04
1.027026721199150857e-03
7.151235030532557529e-04
1.021620185077544212e-03
1.182371901268404512e-03
6.550842654112757528e-04
9.315789459470759501e-04
8.492537249286891349e-04
9.597086211206864396e-04
1.374624511577068973e-03
2.142289254652627890e-03
8.329009874399704184e-04
9.981355146119320985e-04
6.118186864733974164e-04
6.200277840622508800e-04
9.110155000056039147e-04
6.182039045956511016e-04
7.628837495125007908e-04
5.589718746086496217e-04
1.178023602069478521e-03
7.004927969408061405e-04
9.355854009919941207e-04
9.862651601942305519e-04
5.327094268754211043e-04
7.893301518093320118e-04
1.304882517807127084e-03
8.751445001934446150e-04
7.730642923309210364e-04
5.208473393418252108e-04
6.896989437475015703e-04
7.070515609689943370e-04
1.241574689540539964e-03
8.349560192683247624e-04
8.521874141169803090e-04
1.259421876285697151e-03
6.026073979961692369e-04
6.590017006452408149e-04
9.337650572241209786e-04
1.157713989887916095e-03
8.348465499238533986e-04
6.269508409668232305e-04
6.442494493649686882e-04
1.039691661987579693e-03
5.552188318108626031e-04
1.585648995339798912e-03
4.973863512406028441e-04
8.080148189875621407e-04
7.242201452583341440e-04
1.175356489728030928e-03
7.096669881809455644e-04
9.262693922471679784e-04
1.207413406968710747e-03
6.281472633555302155e-04
5.427509910549863873e-04
9.269348935065095836e-04
4.899193913389739315e-03
6.931398466423306301e-04
1.142538721269160517e-03
7.330407868593128567e-04
6.375574245365339329e-04
8.326279179907621368e-04
2.000963594843801520e-03
1.794898295859689895e-03
2.098174261888422366e-03
1.397966040557234706e-03
7.258699355301088648e-04
1.095986720568782342e-03
7.058332724097007025e-04
5.347357429238973640e-04
1.173072146661931778e-03
1.201411919266915512e-03
9.610764309157425944e-04
9.458795724268276740e-04
6.418547285148451000e-04
7.150183195820535194e-04
9.178266779286956608e-04
9.604120452532152437e-04
6.951533758760482804e-04
1.317085901675202559e-03
8.661475660563566813e-04
1.545221089146290661e-03
7.355457547082753589e-04
6.550842654112757528e-04
1.102002010314352166e-03
1.556559224793203260e-03
6.299471520709621101e-04
8.840968151229878927e-04
5.208665423172648091e-04
5.679430851104150333e-04
5.783093069700437263e-04
6.478405362347392340e-04
6.728148427146276667e-04
6.697884728797203445e-04
1.008112941173434571e-03
6.456617072600807526e-04
7.232655126903101903e-04
6.602025234898790821e-04
1.381543997016740268e-03
7.087287801289775258e-04
7.846260607445247181e-04
8.827033044635124344e-04
9.337306817031231160e-04
6.321033735182054764e-04
5.806864088634765666e-04
8.209060953193857840e-04
5.943012608218619253e-04
1.300256606692532868e-03
8.480067533843861248e-04
7.465906638804712054e-04
1.273899222355136468e-03
8.921821750469288194e-04
5.573381363435392106e-04
1.045615088339752353e-03
1.612186576571993752e-03
7.526338874488806060e-04
5.775140205475982370e-04
8.335202705227611223e-04
1.042115746687354233e-03
5.107817427054920246e-04
5.277350415285913176e-04
9.920304171456663985e-04
7.832560315123898893e-04
5.830771544767937575e-04
8.941194127473045105e-04
7.472367356393086642e-04
1.235643331532194737e-03
8.946278229194135458e-04
6.296663906035766898e-04
9.341229074962164236e-04
1.344398197236752876e-03
5.785742037450520734e-04
8.617825829709124938e-04
8.198886974478614620e-04
8.860566886190069519e-04
7.818159970205550320e-04
5.284007869358995236e-04
1.005601965378424183e-03
1.720402015376077147e-03
1.548178054850482110e-03
9.896634488854680767e-04
1.196265972108516039e-03
2.768225692704929467e-03
6.202313197803458172e-04
9.556002265516615711e-04
5.906104556967861716e-04
6.517596283046448759e-04
7.204144204904851549e-04
5.991884240876565494e-04
7.486730168425403216e-04
6.888966019290888605e-04
1.196265972108516039e-03
1.046272486182913807e-03
6.282842525098599222e-04
7.561293081158840679e-04
1.068422679587955650e-03
5.184614637210386819e-04
6.873127871174091559e-04
8.489864337668941814e-04
7.316244732689059990e-04
6.972343341920296533e-04
6.156134270198002599e-04
6.680184036331196984e-04
7.383997083949744508e-04
5.926967956691237731e-04
9.656631133401042972e-04
9.319784724106744628e-04
1.329925561924524954e-03
6.148344352127947058e-04
4.313615632556711682e-03
9.888654907996164561e-04
4.948635025351429562e-04
6.409080608183536460e-04
9.646240433732025709e-04
2.009466578973288266e-03
8.650372261318921068e-04
6.760516445012565044e-04
1.077021435923652265e-03
2.854825847920296547e-03
9.729236521037695241e-04
5.358382518483280690e-04
1.043085607462648128e-03
9.335951761427844489e-04
6.164693350489065023e-04
8.509269151860825208e-04
8.183776982539625860e-04
8.255998708628031974e-04
5.376528217740682899e-04
8.487143171153518602e-04
6.329122604801198015e-04
5.904438434051286801e-04
1.151417786797073305e-03
5.755985715978419485e-04
8.784015548489437081e-04
7.431344115987785015e-04
1.161549041148475687e-03
4.984102590887411503e-04
5.952610350612155734e-04
6.169423565446446010e-04
5.834954972474603934e-04
1.000732338059827581e-03
1.129083566187829820e-03
9.199159388063489484e-04
6.481153641436885075e-04
8.282710912664912163e-04
6.664407831220434727e-04
2.488295996524925689e-03
7.649937180734904790e-04
6.516784131136251672e-04
5.710370137480518925e-04
5.715389812729044193e-04
2.284505033676362522e-03
1.049419163599562719e-03
5.141304286838354037e-04
6.075292639863467698e-04
6.807036896027313143e-04
6.570375971071636990e-04
7.949670914510365699e-04
7.393896973422033145e-04
7.922900145205305760e-04
5.705332307690819246e-04
6.122904608269196273e-04
7.419101206880302380e-04
7.468347168329912255e-04
1.939159938290337332e-03
4.173061172209282035e-03
1.062364484833507429e-03
9.119550874798828134e-04
6.404904957598001438e-04
9.176443284681748717e-04
7.946930279119424675e-04
8.147099251999657347e-04
8.247235830742409872e-04
6.857294302229454243e-04
1.603044325853627368e-03
1.775871776110471726e-03
1.121905105380662177e-03
1.381543997016740268e-03
7.268784203091160998e-04
8.220680468459428325e-04
1.258679975757522268e-03
2.048296481356874296e-03
4.857349107536878337e-04
5.858197256244386921e-04
7.210472592129572476e-04
9.749754483083103917e-04
9.787719957680073544e-04
7.086110832395521282e-04
1.179953657516033668e-03
5.823323198856565587e-04
9.728411370450455644e-04
7.034758328611115212e-04
1.698991879900675715e-03
9.951751714209775088e-04
9.202382322134318405e-04
2.477988483723516950e-03
9.848037430853740729e-04
1.246221137043628229e-03
5.472729421600157091e-04
1.625323134159735753e-03
7.395694776960690412e-04
1.067221594263251163e-03
7.199154301187758905e-04
2.205509166312841132e-03
7.188963830162920865e-04
6.454873152028743621e-04
6.855478061454471639e-04
8.117344023659171055e-04
8.203862804389400708e-04
6.400143319720807402e-04
8.166451974557512516e-04
7.591316666454244301e-04
7.926810525335154563e-04
5.869470501879459111e-04
6.687076189524765587e-04
1.800041122603196530e-03
6.071624631013369669e-04
6.808915901537030161e-04
7.813575727644471924e-04
7.820471981948282948e-04
9.964924326908645557e-04
5.572715922786775165e-04
1.427311887814468978e-03
5.405401256922874684e-04
5.787706271013088591e-04
6.701604431275969475e-04
1.256295010934657631e-03
8.526604096569183984e-04
6.990541552985615054e-04
8.910327902213035839e-04
7.159288328180206081e-04
1.068137544995411466e-03
1.084025113419504437e-03
1.887951767325234727e-03
1.316701474561346582e-03
1.502733760047497182e-03
5.666365300988026633e-04
8.963164945986537829e-04
7.195756578943062745e-04
7.259744777844790798e-04
1.116788679839350899e-03
1.060642604896182284e-03
7.653056698460315938e-04
6.297546804689025269e-04
7.066948030594582403e-04
8.840968151229878927e-04
1.045725230961822103e-03
1.241553397297248326e-03
1.478546048515380368e-03
9.238563009652795257e-04
6.628626407147409846e-04
1.564756971012305114e-03
1.042745875593764898e-03
9.451372732550827058e-04
7.616922887540275361e-04
6.680692803639952338e-04
9.420584925530924546e-04
5.919896044935664360e-04
6.775220429266876586e-04
1.274371706627351088e-03
9.125877873067334478e-04
5.393334981967132886e-04
1.449511588642715633e-03
7.993535279099105986e-04
7.364616500086688467e-04
7.771300620036375841e-04
7.948295592742981404e-04
1.078822831337598051e-03
8.672543543549944859e-04
2.695475288704033464e-03
6.583178046991571952e-04
1.057113462936362788e-03
1.040520040966522782e-03
8.181824628075981065e-04
8.355672595806573752e-04
5.673572028668360644e-04
9.684269209437437785e-04
1.129352698009139988e-03
1.772014026155891613e-03
8.121254789365696782e-04
7.959798143465743759e-04
6.506826592452360667e-04
9.759949569520412569e-04
1.286564710330542457e-03
6.129139279693073851e-04
6.808915901537030161e-04
5.801146272448738346e-04
7.102793087245685543e-04
6.441552340716250264e-04
5.473594072375103986e-04
7.995800947231954722e-04
5.343922537474923807e-04
9.082755486007316288e-04
1.050932419054259907e-03
7.587935004292592402e-04
1.740792069532325114e-03
9.428635297183846639e-04
8.712665798685926936e-04
5.652903355094741292e-04
6.562896787217739917e-04
8.685909153135700856e-04
9.411772468258722052e-04
6.657141337730066452e-04
7.306795392850337590e-04
7.451527240569088412e-04
6.330516986813448021e-04
7.333042978027042068e-04
9.965514389222950280e-04
1.096113253888237379e-03
8.239840120449446218e-04
9.316686859230533533e-04
1.276583805731428163e-03
7.431493364732456646e-04
8.751166654529427512e-04
5.746647162042388315e-04
1.222972570496498688e-03
5.552188318108626031e-04
9.980077028157933842e-04
9.590494045827174926e-04
9.707748893116132684e-04
6.623853487281661711e-04
1.334109695167519892e-03
4.936880616640215930e-04
8.893899508284232444e-04
7.140372522379061747e-04
5.518988948010318746e-04
2.111562972226851530e-03
9.057605074857674136e-04
8.893753546224443399e-04
7.143272341273298890e-04
6.798098256857524864e-04
1.088937417343156452e-03
8.392724805327392073e-04
9.027642081125836085e-04
8.506842067153682274e-04
6.130321108400556751e-04
7.485630843990087732e-04
9.768688271041901360e-04
7.034797731081416511e-04
1.039730504551027689e-03
6.951670015069567844e-04
1.158585829055336271e-03
4.919369998404997391e-03
1.146998731652042539e-03
1.329926667102308661e-03
6.166985977028058112e-04
6.098389002147692898e-04
7.244792362742591505e-04
6.717677274187626836e-04
7.533524636565832808e-04
8.935310629387870291e-04
1.225814030849013865e-03
8.482360990886111647e-04
5.936861278502504136e-04
6.485486212816216197e-04
8.279262189360753112e-04
7.038112101294888290e-04
8.741357226764839275e-04
8.188451667286611620e-04
1.194891756366990099e-03
7.117999067823955290e-04
8.529273247136503512e-04
1.055799689517428024e-03
6.459543622538687366e-04
2.937281420368670348e-03
2.541285684571141859e-03
6.523159412911308606e-04
7.203926905015077889e-04
6.159779821296483071e-04
2.284505033676362522e-03
7.495079576788747384e-04
1.231955000548001170e-03
7.537148740849806657e-04
5.939026704445567444e-04
1.229482128818856464e-03
6.593478977801369226e-04
6.543362257237833515e-04
8.384820589853787419e-04
7.472463913788155538e-04
7.659275435884217937e-04
6.060954542377301833e-04
7.027810188488288349e-04
8.258278219816472506e-04
1.101509424921066297e-03
6.539815903428283176e-04
1.742802323661139232e-03
7.584988531851675087e-04
9.380016992197050783e-04
5.731651815224995516e-04
1.131556985529989573e-03
6.975362925617679000e-04
8.486900961044596030e-04
9.203836646510475108e-04
5.149566379769001572e-04
5.510702280437084497e-04
6.436111543690106176e-04
1.266540223029145309e-03
9.646278014401978625e-04
9.776876958132326399e-04
5.432781049540316969e-04
1.024521956216861577e-03
1.373207027471618066e-03
8.956316143276723141e-04
1.516452159248918470e-03
6.884641047149851235e-04
9.942548540105740351e-04
6.907417013306603546e-04
8.687945349789937119e-04
7.375682953829767281e-04
7.260208962424605271e-04
1.962168520622951245e-03
7.909184407943661149e-04
1.659890828925759867e-03
5.674342227316250429e-04
8.685909153135700856e-04
9.309161404751675794e-04
1.058234865927097298e-03
9.896634488854680767e-04
2.086794586325264704e-03
6.836042078667144920e-04
1.072826143474312323e-03
2.764572810570931419e-03
5.793798192256522511e-04
6.748048711318041558e-04
9.910053762654169249e-04
6.760039087042752368e-04
7.911887162248627987e-04
1.222825434664786453e-03
9.124111943676000477e-04
5.554877148290670490e-04
7.123532145788815610e-04
8.842640437694723700e-04
1.715736829196673171e-03
7.069251037338495931e-04
8.788013928678640183e-04
8.504982618256161885e-04
1.005647929749338854e-03
6.229721422436363147e-04
5.036872303326442920e-04
1.713120949828473303e-03
8.915167092863048948e-04
4.017223861820629072e-03
1.171687792629915294e-03
9.610764309157425944e-04
8.580089386401390864e-04
1.466678358907810495e-03
6.735807684119944194e-04
6.618100808663451764e-04
1.073887594755466380e-03
9.396757474652684501e-04
7.630415661473087226e-04
5.742518913991873346e-04
7.764773340986254194e-04
8.512173206239529843e-04
6.306385354602313731e-04
9.365590408121008802e-04
8.636251806358366100e-04
9.554304188278518002e-04
1.370687076164506550e-03
6.477414824082643402e-04
1.224986372186434623e-03
1.811238458645789704e-03
7.166024479864288718e-04
2.198014444975429204e-03
1.114374883496095084e-03
1.749035652026878799e-03
7.256797752235102927e-04
6.024850308541873038e-04
5.897921760453644913e-04
1.063562455115684823e-03
9.743962093646589507e-04
1.135897106624894756e-03
5.449648672832039078e-04
5.660458146521272702e-04
1.132454980185486565e-03
7.433214374620439324e-04
1.255749186786027198e-03
6.731942357634888158e-04
2.132374215164662377e-03
6.950760741935701082e-04
5.472534367128112451e-04
7.161718914455149918e-04
7.030510044747012100e-04
2.549483483953256333e-03
6.501720901151683335e-04
6.833132881579048268e-04
6.335676674071566948e-04
1.582215430667200566e-03
1.759060286634695587e-03
8.506126956779723079e-04
1.159447957601566267e-03
7.080661185562080705e-04
6.286961367814453139e-04
1.433967248050610184e-03
6.473429469946443467e-04
7.849556931094861956e-04
5.445437213422395012e-04
6.633273382221050677e-04
8.970355515143980810e-04
1.397956783582442316e-03
1.414100756243302304e-03
7.078515887944542831e-04
2.821318560969581293e-03
1.271754462539615490e-03
6.806430255070872008e-04
5.811776991734796333e-04
1.373654374351265025e-03
1.086743683163789468e-03
7.130615728037295467e-04
8.512379109117490473e-04
1.104296384800170514e-03
1.354076653677171917e-03
7.288030336978112327e-04
7.372035305932262252e-04
5.970467916781169995e-04
6.458271266145085591e-04
1.140133964966297828e-03
9.183067567931858712e-04
7.372666458229284320e-04
7.078515887944542831e-04
8.294707346815693907e-04
1.172873539624129727e-03
1.094409629910543177e-03
5.894515792756889992e-04
9.296554477164484850e-04
1.096787587562536711e-03
8.024578083652546354e-04
8.836767745184927582e-04
8.447364241068972901e-04
1.271884793924298734e-03
2.135705376228604156e-03
6.504032983313974819e-04
8.125861605930306429e-04
3.074026488045757555e-03
7.577314737480428429e-04
6.423344413709410365e-04
1.456722246330876842e-03
1.753172102979820308e-03
1.548178054850482110e-03
5.293464081711051882e-04
7.023378041484335324e-04
6.348690229525505956e-04
1.382674869882516899e-03
2.549483483953256333e-03
5.859757110031090085e-04
5.385034821886627680e-04
6.142428388125926054e-04
1.038932781082413164e-03
8.263788349108306926e-04
7.516174130908149153e-04
5.906104556967861716e-04
7.142693734426608159e-04
