1.769997250514374803e-03
1.205041317066946494e-03
5.275479678076785712e-04
5.549237758227351831e-04
1.374411040772718830e-03
9.147690892218409168e-04
1.148221811500907321e-03
1.258655381317561744e-03
4.881325399583455135e-04
6.943146782909908861e-04
7.336338271617882023e-04
5.446098132157219107e-04
1.054790765742874819e-03
3.222181100600933577e-03
7.531613815935618919e-04
1.704924751864649989e-03
7.430372999811149211e-04
7.669247547474592917e-04
7.109825414588580869e-04
7.171290121445268641e-04
5.105025522832932344e-04
2.025030633661481071e-03
6.077265914396047042e-04
5.352769981343958846e-04
5.576762346600371749e-04
6.766932280146274910e-04
6.334518590216345769e-04
8.040355954196240149e-04
8.537844372495951564e-04
1.629613719881843397e-03
5.390036901785485654e-04
1.128779585127337752e-03
5.651943563632265627e-04
7.508489093735998916e-04
1.008080985066526570e-03
7.060659063921275553e-04
8.563264656025657527e-04
5.183603436897740594e-04
6.521626423836047190e-04
5.951604769503501596e-04
8.386194888389604963e-04
8.170511261637031361e-04
7.244811753974531986e-04
6.950143039532979527e-04
8.993319669956623217e-04
9.809475727296658020e-04
6.205886694993571458e-04
1.097130546824160368e-03
7.359314829783989180e-04
6.819575231025371605e-04
5.337924559839010838e-04
3.061381756927572442e-03
5.751063749013891543e-04
6.961476037112572426e-04
9.027996481057064997e-04
6.176295049937251865e-04
5.891572900301305380e-04
5.227639274483156110e-04
7.292013601225063191e-04
5.247250690738039427e-04
9.543905933441888334e-04
5.437536175514917245e-04
6.734972236981831388e-04
7.062269081063147656e-04
9.398067127321765076e-04
6.015664437933235893e-04
1.347706843619713097e-03
9.548196872533088212e-04
1.181332132955805218e-03
7.138941889279039939e-04
8.495039590302488116e-04
5.798539936122150407e-04
5.681512855350684919e-04
1.028990616723565905e-03
6.223385684954353550e-04
2.037464853228540887e-03
7.707903578586633138e-04
7.683499292697521703e-04
6.455014189856108937e-04
8.143725129271001551e-04
6.191758744719822599e-04
9.743258978338652579e-04
3.981994887523727239e-03
6.947014726490412587e-04
4.075835702189926739e-03
5.664405417732668513e-04
1.143505930925774790e-03
5.545985353611052786e-04
1.142977518879391592e-03
6.571095825669599636e-04
6.353515391729189134e-04
5.590531749814484953e-04
1.256024855867064185e-03
9.902147782469353232e-04
7.048043484619892539e-04
3.481943607426189139e-03
1.880746332017017809e-03
5.854440343396922911e-04
8.289959302309584657e-04
5.340089120617757005e-04
5.956290608469719640e-04
5.894136212021988414e-04
7.230848687657488250e-04
9.003143859131877312e-04
5.041811954288092333e-04
4.519068433960448522e-03
1.057390086019533793e-03
5.584780764660609697e-04
5.817402611129067654e-04
1.122807553154765237e-03
7.387264887032811726e-04
6.911150198751719962e-04
7.437756648926969029e-04
9.968528239121020665e-04
6.951069732864685862e-04
6.586701798014476909e-04
8.469357506077438693e-04
6.975809898750063437e-04
6.387196778625988921e-04
1.239245229659225378e-03
1.253174642545702537e-03
4.990138962945352011e-04
8.929416903722258185e-04
1.877394632448796353e-03
6.999770804073596545e-04
6.995185660285030329e-04
4.916562152028804015e-04
2.436773220860150198e-03
5.177840378692114302e-04
6.645378949905534401e-04
1.241720854767685428e-03
9.288450111640774495e-04
6.661797393396543107e-04
6.038675536881804931e-04
5.507005144292058266e-04
7.338287584935790971e-04
1.273579642724653824e-03
2.161719529111276374e-03
5.856892176340239980e-04
7.355580379987412864e-04
8.479538211551691752e-04
5.312939009182637753e-04
6.569487519809098048e-04
6.661797393396543107e-04
1.091907267321845466e-03
7.013017201099233915e-04
1.494767428716398247e-03
6.966907559719625730e-04
5.688896133851773342e-04
7.966138919379108429e-04
1.149105633249099517e-03
6.676530713395004276e-04
6.348853608244857047e-04
6.619169282485869599e-04
7.570740626290599741e-04
9.719082084722027769e-04
7.362736852548262606e-04
7.849572970564832252e-04
5.860599084330106673e-04
2.867705169381460154e-03
1.313135866380343983e-03
1.030498738035737043e-03
1.498261582738537627e-03
8.444762877170829433e-04
7.627287609642284310e-04
1.107228465388619817e-03
4.810531506808181411e-04
6.623167253520418100e-04
1.171463276313786713e-03
7.600469014736786983e-04
8.111646580574634075e-04
6.660265188957740145e-04
1.075122686796413114e-03
5.484719600694947439e-04
3.344139550403893348e-03
6.432599927511799568e-04
6.137021928849498067e-04
9.105875339991988376e-04
5.860599084330106673e-04
7.006575516760711825e-04
5.424793433902092878e-04
9.903972638299293231e-04
1.170777035889635463e-03
6.912132839284789105e-04
7.417733553820026219e-04
5.717078731193013259e-04
5.543828726578399436e-04
9.903248395636860425e-04
1.004687431952238068e-03
9.454586008601404377e-04
8.062921607371369365e-04
8.653891395077269221e-04
4.973302387279272211e-04
7.134639793992435730e-04
8.954968642943060119e-04
6.304658261429281312e-04
7.671898803535832619e-04
7.357423333309421167e-04
7.060920939298406460e-04
3.151967060829577363e-03
5.498814257499718468e-04
1.769554508857456611e-03
5.853678143692943791e-04
3.087523463699747873e-03
7.529241264308569707e-04
5.029048581657067718e-04
9.214893861043157823e-04
1.115313345751021935e-03
7.325554831222489890e-04
7.312840434505385370e-04
5.050670309339681634e-04
8.432435473488016217e-04
1.507397735937548696e-03
1.036675564689152999e-03
6.552879950568687734e-04
6.881399671966273055e-04
4.271223489123818044e-03
6.011606842535659146e-04
7.433990552707147106e-04
7.924955572883649177e-04
6.514314589520908000e-04
7.865102767220815859e-04
1.112734220004331365e-03
1.839770849952301803e-03
7.071455270753726659e-04
7.107048737915739722e-04
6.712263258056870357e-04
1.046959133700190543e-03
6.033826042581259212e-04
8.109416963822194948e-04
6.229320483883240330e-04
1.013424392576739745e-03
1.363388757404626530e-03
1.479557676823715180e-03
1.140398826196598048e-03
7.197703105962805761e-04
1.328432589822423158e-03
9.532364294253989866e-04
1.209749722475687113e-03
1.112326118305785160e-03
1.932431033095514039e-03
8.543785878468088124e-04
7.486289194953055139e-04
1.128392914081543076e-03
1.130516214373696992e-03
6.115078184339397182e-04
6.928751037628482715e-04
5.896794989645615798e-04
6.485326503357070026e-04
6.085554675912576957e-04
7.085415136814545009e-04
7.604489452981025386e-04
7.751523406690589155e-04
1.080795381968952841e-03
1.170795250828062396e-03
6.233423440040728770e-04
5.428446009451903202e-04
5.818578321134615459e-04
1.023786703697796702e-03
7.245645681189798355e-04
1.010214848113442270e-03
5.828935351182423785e-04
8.974867668561843127e-04
2.869329369310062022e-03
4.718554907482430151e-04
5.707941413951921148e-04
7.171290121445268641e-04
5.716620109117670576e-04
5.450930529640037004e-04
5.267192871007579181e-04
2.159073179839743426e-03
5.988778728227090115e-04
3.150462781899191801e-03
8.255079127069528313e-04
6.775277861850411473e-04
8.893103323002752225e-04
5.238635960838896677e-04
5.294094242370279936e-04
6.391951061284301084e-04
1.024452784757551391e-03
9.954640036242666263e-04
5.994659684752368361e-04
5.895553048120405872e-04
5.836785399528381015e-04
1.045774588123264248e-03
5.245779239345533520e-04
8.378809262553398376e-04
1.748232349786717123e-03
1.066902939045571335e-03
6.285881415590640784e-04
8.558950038386425830e-04
6.179562013402924376e-04
5.049727404407635149e-04
6.325273552218366700e-04
2.096339297095764671e-03
5.583133097829895766e-04
7.184193339033379021e-04
1.383234756921519499e-03
5.089831970093331793e-04
6.274155588058062975e-04
1.391045026829650739e-03
7.599261297833952546e-04
4.976985511467759814e-04
6.909502468685025994e-04
6.359707066597386710e-04
7.939548357215603499e-04
7.105081320224157808e-04
1.151136419428497011e-03
1.390730744181024490e-03
9.091206651363989985e-04
1.210993022668665174e-03
6.648164996401827826e-04
7.247763755925157488e-04
2.449799854073213094e-03
5.765516816467595616e-04
9.055658218994700262e-04
6.166469726774173338e-04
6.430249613645086862e-04
1.806772286122618979e-03
7.955861081922543454e-04
7.186645875013282286e-04
5.675313897902793973e-04
4.957611367468800836e-03
5.764228261782110676e-04
5.537850132461207778e-04
1.698232647249211516e-03
5.487170865809558361e-04
5.436752174543752272e-04
5.403337860531908995e-04
6.194088418106151418e-04
4.750832782599179877e-04
9.225686886997527380e-04
6.013619694900733089e-04
7.005738120664896981e-04
6.438327133998197720e-03
3.481943607426189139e-03
1.047899501181181548e-03
6.274357418451027889e-04
3.384995986019185589e-03
5.729246176728078040e-04
3.981994887523727239e-03
1.276537583052497673e-03
5.932240000424058007e-04
2.361581627476621627e-03
5.535889379619768997e-04
5.671622388619653246e-04
5.694737118681590660e-04
6.945272705198519752e-04
1.152939919190631773e-03
6.771517428755911968e-04
9.658131557211508626e-04
7.952775671985053358e-04
5.251156837883427233e-04
2.259975863297756637e-03
6.007530151242355086e-04
8.711282913921737214e-04
1.072484695687627582e-03
8.432546523812288865e-04
8.283769164268091388e-04
9.312173506160848022e-04
1.943754990764004920e-03
6.087018672922497485e-04
5.143356196860897562e-04
6.162607949958541801e-04
6.219209976215290961e-04
8.054457076570634925e-04
5.167628756087990459e-04
8.856986597539526175e-04
6.753330264014887089e-04
7.032084303349088548e-04
1.173669403185572616e-03
5.933713666921137204e-04
7.036318273781355399e-04
7.212388464684003865e-04
5.083488630882081541e-04
1.188945701148400470e-03
5.098320965524597058e-04
1.448559277112506424e-03
6.735387390277384210e-04
8.022316988752050326e-04
5.184834972369361172e-04
7.248537903214891543e-04
1.005304269032540870e-03
5.368584698409520350e-04
5.596380145869477496e-04
6.123016488208213879e-04
6.893432058605946603e-04
6.430249613645086862e-04
2.215720857072982913e-03
1.559276365504823738e-03
6.226000953440627862e-04
4.724383367206666409e-04
9.186135751104775602e-04
9.325761202063812634e-04
6.738843492361328794e-04
1.633185817460258878e-03
1.028056987905535437e-03
7.389886013203566736e-04
2.894734325194043070e-03
7.680515710997315882e-04
6.474844189147312828e-04
7.238776471119317971e-04
9.325761202063812634e-04
8.396424108454842968e-04
7.048217803254000057e-04
7.520071277198928875e-04
7.820323366782955905e-04
1.275865002062334403e-03
7.524276979461833352e-04
7.020553677956210391e-04
7.027752348610962754e-04
9.245275845565975375e-04
1.106755739855435228e-03
6.212797863009763416e-04
6.182910008733003265e-04
8.701946646954119083e-04
4.280338540429450174e-03
1.398898894823998734e-03
1.636251482268715005e-03
1.982614591943814876e-03
9.358989574059888017e-04
6.973280917217356640e-04
5.730404252806505687e-04
6.408008933658758139e-04
6.595568835459385054e-04
7.846323361037824519e-04
7.380973364087839179e-04
9.440303283106554625e-04
1.149729036040508627e-03
5.221079756981116676e-04
1.179306517892956792e-03
7.592338882416778010e-04
1.051969016898787312e-03
9.028415728984093063e-04
5.708032561194752814e-04
5.965926008534715337e-04
5.554374074814221818e-04
7.356118695893989166e-04
5.383139673443158770e-04
6.293197166485504359e-04
5.820459856532387167e-04
7.007911433404108090e-04
7.011877674945403947e-04
7.402032957882354177e-04
1.388634293236645388e-03
7.603277859573644984e-04
1.322324827510881588e-03
8.953402646857165983e-04
7.830107042301351437e-04
1.949254012352744569e-03
1.172657326794840447e-03
6.122485830990469355e-04
1.153834995457036095e-03
8.215518962136483328e-04
1.164992302969887787e-03
1.182818160286197920e-03
6.028364255657842584e-04
9.427450018266100851e-04
5.994061508465159697e-04
6.293173083270341573e-04
5.194314478865201838e-04
7.052193237960764161e-04
8.927509073236803696e-04
4.989444264584332088e-04
7.258539147278338880e-04
6.899067501202384980e-04
5.871265635937068491e-04
6.840558579348579582e-04
5.269335694771626289e-04
9.364761905574786474e-04
7.564323968785387382e-04
8.072409824196211071e-04
1.042678031784515782e-03
5.715747842138242359e-04
5.730473295561817459e-04
5.857270072093127616e-04
1.632656605919331544e-03
1.806772286122618979e-03
6.081230187660447263e-04
6.764728822777624695e-04
8.002802960425831362e-04
5.326449531928588227e-04
1.438034785676351596e-03
6.586235515903364479e-04
1.480109491765103967e-03
8.774434761843225451e-04
1.179235297890435024e-03
1.316498530481090192e-03
5.959165430307164675e-04
1.108320026787166764e-03
4.960479158104885364e-04
8.030137909205387970e-04
8.831242503746442995e-04
2.146687139551494913e-03
1.414432808413444015e-03
4.879822834695090737e-04
1.135827838773974165e-03
1.337927961969910887e-03
6.102474861301714504e-04
1.968765339200307090e-03
1.405602218279985169e-03
1.050584152547786058e-03
6.204399648574953057e-04
5.264223568923269122e-04
5.516238350208357887e-04
5.242508005421534856e-04
7.371162024521898948e-04
1.625403302223146339e-03
8.052040189427922242e-04
1.561652668869025883e-03
7.165965047236301944e-04
1.150344316412945083e-03
1.623769504963814203e-03
5.678027330189243773e-04
1.147483355250573890e-03
2.243770772604319463e-03
5.409311397533004325e-04
3.488743201903865901e-03
5.593949098647355879e-04
7.721633887169869568e-04
7.743748916064213802e-04
5.659839433240997607e-04
5.662422035430305246e-04
9.279828785133555340e-04
1.037879431260495646e-03
9.013822877114852214e-04
2.051119635511810396e-03
7.829885958389904300e-04
1.874900166425763669e-03
3.470528847722574931e-03
1.078693451539026365e-03
4.456676324451138392e-03
4.780683007092168088e-04
1.340550427087694669e-03
6.448548465444583827e-04
1.063135092341921861e-03
7.094105030911084311e-04
6.746819469724846946e-04
5.433043662949770848e-04
7.892459371944354979e-04
1.607362794938677151e-03
6.372228135892919710e-04
6.796911187265824474e-04
7.363205574883839588e-04
7.273726234624459507e-04
1.340550427087694669e-03
8.204214519267706346e-04
7.261053339717959444e-03
8.364583784919151031e-04
1.852651923282416530e-03
6.706184351119573103e-04
5.598584017893092806e-04
5.781958144397253939e-04
5.500964894917423050e-04
6.438327133998197720e-03
5.107275929812322502e-04
1.007469620000444417e-03
6.285297590791698134e-04
3.481943607426189139e-03
5.103247304914493819e-04
6.068531297961010304e-04
1.340330917349627721e-03
8.395517609390666528e-04
4.718554907482430151e-04
8.647871544855115136e-04
1.314171483468897774e-03
1.518716097392890443e-03
7.529371807961600166e-04
7.094404935857420323e-04
8.180423667208928549e-04
6.228093822191255917e-04
5.912505433286050676e-04
7.631314250566167577e-04
6.622635111277513009e-04
7.193884651776545928e-04
5.314111765708119791e-04
5.987419535724577231e-04
7.603991166176813678e-04
6.894472604735870768e-04
1.095788717610665219e-03
1.162981450650237177e-03
7.298559140478482182e-04
5.282344883863573275e-04
7.690269247358035758e-04
2.426234827764858597e-03
5.843110081006104703e-04
4.839438455937057041e-04
8.409655366422843711e-04
5.621482349711159681e-04
5.982384153331798092e-04
5.914575782937637723e-04
9.187653660468940659e-04
5.339040704189581838e-04
5.466952648207644211e-04
8.337103355872171797e-04
8.135447257877541447e-04
6.934200778358168239e-04
5.144859509195226673e-04
8.481576854673278550e-04
1.185733724427783398e-03
5.164539479828587128e-04
7.943471231487438501e-04
6.109962450540430733e-04
6.856548753516608988e-04
9.652803112482294477e-04
6.703064338051320774e-04
5.031369043082820677e-04
7.177004227165932181e-04
1.837207153005068023e-03
1.584691907615534863e-03
7.924804365609739235e-04
1.059375806872873407e-03
6.100112401949725656e-04
1.859458584696650285e-03
6.504894890190161165e-04
2.667158758439474621e-03
1.033824550211700014e-03
7.245466527641829420e-04
1.075510092648162370e-03
8.714228686597324212e-04
1.172657326794840447e-03
5.431800210145218150e-04
7.705094468121778109e-04
8.404095746404007710e-04
8.515401939151372255e-04
7.025458293880190415e-04
1.486898197149083252e-03
6.989282367593069572e-04
6.723937852455422800e-04
8.394126936225130425e-04
5.424179231021977700e-04
2.131010044643665523e-03
6.743552268532280059e-04
5.772942273647510558e-04
1.287722552949815535e-03
7.231140720543839055e-04
1.255450852179393426e-03
6.321362258356336616e-04
1.176309497336950000e-03
7.557736140633381037e-04
1.499116942647546382e-03
1.677728207065944327e-03
6.590291603528717094e-04
7.951728844485528302e-04
2.273935880260155064e-03
1.019399514715248764e-03
6.981729300158603805e-04
6.082375850704774961e-04
5.965175659329465235e-04
4.992500064291661380e-04
6.151315370971296732e-04
4.787117138892571619e-04
1.725484145723691362e-03
5.818578321134615459e-04
1.858402599941893140e-03
5.335593229829978419e-04
8.473945766408818659e-04
1.097056253601832142e-03
6.286492520684104201e-04
5.845434009027647383e-04
2.368718738988410955e-03
1.159326658034421677e-03
1.529133494596553395e-03
6.622327828897919605e-04
5.995841827042713195e-04
5.215700046347502205e-04
6.794412510823261836e-04
1.327753015582283170e-03
1.486033991404454076e-03
7.022108342105604258e-04
5.244556175414456659e-04
5.346782976228884850e-04
5.417960241152746520e-04
1.327078261527253611e-03
7.671898803535832619e-04
1.715979049384601298e-03
1.280824079238185309e-03
6.959862356027920506e-04
6.297820826556067061e-04
6.021657303363717748e-04
6.979538587241177101e-04
5.799038512607258573e-04
8.966689567920304660e-04
8.255079127069528313e-04
5.241295666336487705e-04
7.245466527641829420e-04
6.023589303310709648e-04
8.446269710741770298e-04
7.339509574071354826e-04
7.066817204339061274e-04
6.569884982041391359e-04
5.345438539269894030e-04
6.043704249287622232e-04
1.479373205702131083e-03
7.204564951862783362e-04
7.895585549809071421e-04
6.066265840096775070e-04
1.033187634849598536e-03
1.095123019015242219e-03
7.013583769266683874e-04
9.099286859401502269e-04
6.124625779989952695e-04
6.155250768718922199e-04
6.842964632940856402e-04
2.330593582389556013e-03
8.931648841925668219e-04
5.352009316782537504e-04
9.870964405846983057e-04
5.130530658923448256e-04
6.252049331932100704e-04
8.844359144926444097e-04
1.738885609755532217e-03
1.006418952065761541e-03
5.981822681331400941e-04
4.823102295863456249e-03
5.474636027386121538e-04
8.106243434282167691e-04
7.706525794473044087e-04
5.072595100453411703e-04
5.910802821637497345e-04
6.203430908988703330e-04
3.087523463699747873e-03
8.288859880057543750e-04
5.301113026507707580e-04
2.085922085984354222e-03
2.918401579328908351e-03
7.065232321452768766e-04
6.868756650636441159e-04
1.100201003363328583e-03
5.074149962475277015e-04
1.157179610447097969e-03
5.041443025998992291e-04
6.257533933882209213e-04
5.567957927134690966e-04
5.791322316856155686e-04
6.906417908786341518e-04
1.572310942298449712e-03
5.799561382672871208e-04
5.211028834102344630e-04
1.354664242562276686e-03
9.293357997770991400e-04
2.200396376194188510e-03
7.192462105304279346e-04
5.237902096169035852e-04
6.451911830623516643e-04
6.077265914396047042e-04
2.207172506888704488e-03
8.204214519267706346e-04
6.256910889656028393e-04
7.377460932043654026e-04
1.361262590672060761e-03
4.337548988005956660e-03
1.179306517892956792e-03
7.055047975319415562e-04
6.822370500510412539e-04
5.743246417489614522e-04
1.096017933358463129e-03
7.669247547474592917e-04
4.532611112595514267e-03
1.291076998482120495e-03
7.173228073340394114e-04
5.081974924702653378e-03
7.585452346204647756e-04
7.115614647058953867e-04
8.139733980678629140e-04
5.312042060944717481e-04
1.049508844357443550e-03
6.992586129305971383e-04
1.209822824052549008e-03
5.943219932748744364e-04
1.008293487103237036e-03
6.173524930875663773e-04
8.495039590302488116e-04
6.589389903102185666e-04
6.869685196089678723e-04
5.306654539380850806e-04
6.037796865339130868e-04
7.484711626695261886e-04
1.074412818991348330e-03
1.015773250756293530e-03
8.967719088484808320e-04
1.841830037037445406e-03
9.184649605398854987e-04
7.563404358229765430e-04
7.655633709964815032e-04
1.226921706880811005e-03
1.305500278997564654e-03
1.027828353756578012e-03
6.942394986002451080e-04
6.488595914728117033e-04
5.194314478865201838e-04
1.048435560324483765e-03
1.148266303668661831e-03
7.360204032463824562e-04
6.326051563256566892e-04
1.891536720490920916e-03
5.043761555287706996e-04
1.416744813973949821e-03
1.030720208521065592e-03
7.489784380047684927e-04
7.487575773472397462e-04
1.147317005239064953e-03
1.924778389737758595e-03
8.396994750434592794e-04
8.164326734941912628e-04
1.277741379958037462e-03
5.043299137418623141e-04
6.475337369159070346e-04
8.156112844718221237e-04
1.646305473892383051e-03
1.291056010719767583e-03
7.233151635512194248e-04
1.438034785676351596e-03
2.453632178899718252e-03
8.073367762531388856e-04
5.336847859285174514e-04
5.315754442071415073e-04
2.710403773970041820e-03
8.027680035485221894e-04
6.746686326703338864e-04
1.260741067015993134e-03
7.248162443275861381e-04
4.694508121788802473e-04
6.551310819350297104e-04
1.063903913078884144e-03
7.259889063170416003e-04
7.296245979604750864e-04
6.763148332946423980e-04
5.653645319110595265e-04
1.456725953207260596e-03
8.927509073236803696e-04
6.232020534948665667e-03
7.256919816255734575e-04
5.821349221800769776e-04
6.038675536881804931e-04
1.564242525382660530e-03
1.243096531567085229e-03
5.875412201467936080e-04
7.942372084901694025e-04
6.437875076313970355e-04
8.059720142758843627e-04
8.552337087231714607e-04
8.455539473954940596e-04
1.094362616234976875e-03
2.543611028689623903e-03
8.314557774476585925e-04
1.546264129027179234e-03
1.011419756259665948e-03
6.995302414150288833e-04
2.667158758439474621e-03
8.028472098144710063e-04
1.032861395279554683e-03
5.406271921834431091e-04
8.681010919314434979e-04
1.559013000965819374e-03
9.997913593959377974e-04
8.360648971218952955e-04
1.468020291386516480e-03
6.579921292232875996e-04
2.629208120612099801e-03
5.338374912363022919e-04
5.950874446699829130e-04
5.820459856532387167e-04
7.387264887032811726e-04
6.631273825543430303e-04
1.327753015582283170e-03
9.695963490894185912e-04
1.162002834628319886e-03
6.095253720588923512e-04
1.050810118566960398e-03
3.034022573850469681e-03
6.413293850416697164e-04
8.774139397226662831e-04
5.693877530799057018e-04
6.077265914396047042e-04
1.344041667351565748e-03
1.342646196360375733e-03
1.430681051471448251e-03
9.476924774343854080e-04
5.545731244368938854e-04
9.121752429221863679e-04
8.783540296666816818e-04
6.579921292232875996e-04
1.017441214881314353e-03
7.087432155042292219e-04
6.313466520694517884e-04
1.211644454569425506e-03
8.226510108442211186e-04
5.280713693166668408e-04
6.508689813738385063e-04
1.785964706821351142e-03
6.406087516199525595e-04
7.155291179601627012e-04
9.111762280151896069e-04
8.230779956749716911e-04
6.117130335952560829e-04
6.076495931575444940e-04
1.094429611274321803e-03
5.969364739584562003e-04
7.069112790169368964e-04
9.475465513908839718e-04
7.775535289182913812e-04
7.153412126712568875e-04
5.604015569497055151e-04
6.945370288776015442e-04
1.122154705558494649e-03
6.291819254288754911e-04
5.989459778004136955e-04
7.018452455545355672e-04
1.977061703311828924e-03
6.316158231383044554e-04
7.404717564650658591e-04
5.963409583132197938e-04
6.781211024725679283e-04
2.020303969555714996e-03
7.122882118315473606e-04
7.965369656484980448e-04
1.147483355250573890e-03
6.551596979131516342e-04
6.848728489367383963e-04
2.200396376194188510e-03
5.343280917232911100e-04
6.868756650636441159e-04
7.427529828844293969e-04
1.620129291883975206e-03
5.515714560708817387e-04
6.190488711659747258e-04
5.367878500112275783e-04
6.551305273563099579e-04
8.944778972273531451e-04
5.104602485076958820e-04
1.727927282167864573e-03
1.796399663655824045e-03
6.115078184339397182e-04
6.511072714283328792e-04
5.466952648207644211e-04
5.766749588770194541e-04
5.106917910353706361e-04
7.448027285766365508e-04
6.183676220158799757e-04
8.925064288977965603e-04
8.532890816776952285e-04
1.981630835933202717e-03
2.330593582389556013e-03
5.711180357364710903e-04
7.133228837268999929e-04
5.548309626183298539e-04
5.778226249468490158e-04
6.782141140504523592e-04
5.173393427294441238e-04
7.205956156352113021e-04
1.075312342793545428e-03
5.717520016215762698e-04
8.883239463434817670e-04
4.986419040413535763e-04
1.034259968119682774e-03
6.154410872934392871e-04
5.751063749013891543e-04
7.161864398109999601e-04
7.540500761533008205e-04
1.118212636313456942e-03
1.347487619395072419e-03
1.312078465338140142e-03
5.770644602147871399e-04
9.694019169314085655e-04
6.715206268759113094e-04
1.985982473218936978e-03
6.383585935198408078e-04
2.021053259507414341e-03
4.904803021888989650e-04
9.564752773730080589e-04
8.028472098144710063e-04
3.344139550403893348e-03
2.681480980613634973e-03
8.500206697168161260e-04
6.595568835459385054e-04
1.010700604824948164e-03
3.750890833426070992e-03
5.456064328874109422e-04
6.651879049101740550e-04
5.076632685673890255e-04
7.312089149343471532e-04
1.706940153655467579e-03
1.113783580205767896e-03
1.327753015582283170e-03
5.707894362394400111e-04
8.741390723695489527e-04
6.401330167041611443e-04
8.081414574510690629e-04
5.658520041902174438e-04
5.755856230460801000e-04
9.360100941116513383e-04
6.451646024655157807e-04
7.545404745357668511e-04
6.448351736277644708e-04
7.916925784746510833e-04
1.245197764491080871e-03
1.097288900989011346e-03
7.947346599246835411e-04
9.895096971880106267e-04
