5.758199686544764918e-04
9.671005770865749585e-04
8.690571021527122983e-04
2.396634484324392141e-03
6.593777651467876708e-04
1.103003627210597665e-03
7.373479276844535201e-04
4.807534669118128118e-04
7.071784073671848365e-04
1.277273909463774249e-03
6.027526483429671142e-04
5.528730133731523614e-04
8.313849333949945497e-04
1.037469954478494353e-03
1.201931368522088763e-03
1.128190109182597260e-03
9.924512778795224408e-04
7.487249084233561607e-04
6.180688333615053922e-04
9.265731920201842383e-04
6.274434856865998686e-04
8.048811404315757857e-04
7.716346116088578433e-04
1.522433119743393706e-03
8.997695109629775742e-04
1.009893229029415864e-03
9.559273780189085721e-04
6.350581703121387176e-04
1.119023791737244582e-03
9.317129253598754358e-04
1.322674529295070692e-03
2.021182725552028020e-03
8.133786942603773952e-04
1.386726441495239690e-03
9.556736611079592663e-04
5.592443254863062839e-04
1.000655658407067182e-03
1.799706714705542237e-03
1.333466169176864306e-03
9.435614137408052755e-04
8.012215966621275475e-04
7.262836180580394116e-04
7.516254598459937630e-04
1.177794172276104860e-03
1.288987334083382605e-03
7.672575833768978176e-04
8.523614899010527150e-04
9.797391993600951428e-04
6.776667531379246918e-04
8.358235591256618635e-04
7.999738581263933414e-04
5.066447991326917654e-04
1.290411777539719664e-03
9.324493398169388190e-04
9.066962781887922271e-04
5.569324621009984167e-04
8.197421584878585108e-04
1.891706541922660769e-03
7.432348490516740803e-04
9.083020101601724456e-04
1.086034339455631400e-03
1.058322975330974400e-03
4.761685458942710968e-04
9.312867222502832628e-04
8.069584060782971626e-04
1.018870840313972114e-03
7.204674024377234710e-04
5.877329050222205665e-04
2.395487242337401412e-03
1.012512142538107536e-03
6.973566828294107400e-04
2.128664935183237003e-03
1.531998041774775606e-03
1.505541109394661079e-03
1.009379424068265014e-03
9.998817280555303503e-04
6.438902389485845956e-04
1.243273272302692582e-03
8.710611273305562691e-04
1.647128723110507544e-03
7.436668653831725968e-04
5.736780938983343037e-04
1.075857094860588293e-03
2.189381171099093887e-03
3.000662921333030562e-03
8.666862542545599813e-04
1.345442339627012356e-03
1.251943463102623243e-03
6.320757713565181100e-04
9.102312153014442686e-04
4.963675965441005210e-04
9.182757387437459444e-04
1.430461931779295056e-03
6.349790488702484852e-04
1.310552583136253028e-03
9.440974541637788204e-04
1.038469655182366674e-03
8.633471472420087191e-04
9.599782088202023439e-04
1.229704708979375942e-03
1.112815700341238416e-03
1.087772997344977309e-03
1.088033931975389409e-03
1.075857094860588293e-03
1.023552172516524342e-03
7.482661740400101949e-04
8.511598017406338300e-04
1.075216981665392786e-03
1.069235292708192080e-03
1.513395304590493731e-03
8.242130045769663739e-04
1.138668388709779006e-03
5.554760051418960835e-04
1.001793893775985251e-03
7.053921131445066743e-04
4.970242627439551636e-04
1.304748764611358275e-03
9.059490850083064609e-04
7.846772712492189501e-04
6.575514943661148106e-04
6.286365821233826090e-04
5.598368344216054582e-04
1.088598362775631233e-03
1.176531639830620752e-03
1.278961294268838797e-03
1.053783777538265737e-03
1.186895554501458949e-03
1.223700922265937973e-03
6.733157791808459976e-04
1.037322804237859279e-03
6.405880691362889111e-04
8.968038576222418313e-04
1.240878775946945532e-03
8.202159735972927449e-04
1.117876762122051518e-03
1.041875317309917540e-03
1.007653078616912523e-03
1.066399314239647967e-03
5.050954975904313167e-04
1.090571658168617728e-03
8.685382388185633115e-04
1.156630723565765101e-03
1.055485057777507058e-03
6.697133994627677174e-04
8.329467117371964048e-04
1.057745157445487329e-03
1.685263470153193065e-03
7.305805552330746746e-04
6.883199198250050709e-04
1.002089853830845497e-03
7.282253069829780880e-04
6.372069399217393688e-04
7.643523561356117130e-04
1.013074588773684847e-03
5.748776125109081011e-04
8.544213701103395764e-04
5.190782048629506793e-04
8.482368685069421876e-04
1.356323464935450590e-03
1.009121158733770028e-03
5.877503505726952788e-04
1.025386521569548494e-03
1.664767929689261279e-03
1.300857953998744683e-03
5.049333630078129895e-04
1.029959226933346459e-03
5.392610269672592355e-04
8.726165527093472521e-04
6.561675795841820065e-04
8.523614899010527150e-04
8.384479307994222161e-04
8.226202069493003966e-04
1.746224158985863317e-03
9.397678629066278690e-04
9.721915213269480445e-04
1.751532746960397921e-03
6.337087280841893723e-04
6.504351332569328209e-04
6.577528302424850591e-04
5.140362306247475395e-04
1.157075777741990632e-03
6.161724363629267039e-04
9.079903952874038417e-04
6.186476138291767792e-04
1.738548595296735434e-03
1.056458636362208291e-03
7.171019088347715910e-04
1.743711054511912564e-03
1.482775706400759046e-03
8.476766443665013527e-04
1.335249597963405728e-03
9.006132376109750358e-04
1.756355038042507971e-03
7.866547015619537340e-04
7.357958091882049658e-04
6.872139856076373834e-04
7.603074571523261906e-04
8.186719195487028979e-04
8.915255733609676447e-04
1.190213553776281420e-03
8.827292364565181683e-04
1.114601682707849024e-03
1.187344503775515777e-03
1.001793893775985251e-03
9.163068778778463500e-04
9.320871935051733195e-04
9.584370102775116151e-04
5.504707367410959255e-04
9.468997393940849824e-04
6.561675795841820065e-04
1.213178068676958087e-03
7.886868460681579476e-04
7.810718985026904792e-04
6.004843971514087437e-04
8.044866819599144105e-04
5.590527051321700878e-04
9.431579045273770674e-04
8.186719195487028979e-04
6.839136732466152184e-04
5.987721418244773119e-04
6.422119797015324186e-04
8.463623430120641991e-04
7.807530170196369176e-04
1.231640976386945245e-03
7.823813191814617133e-04
7.842137931017335601e-04
1.143526450491649804e-03
8.647225617173255998e-04
6.911876516957138946e-04
1.103331049936568699e-03
8.460320776406108799e-04
1.077181691093320997e-03
1.093958867988300068e-03
8.805341822631841285e-04
8.080014530755351291e-04
1.395982037043390746e-03
6.630500815482461181e-04
5.971057680396054486e-04
6.692273598664596514e-04
1.002775305356479922e-03
9.248668310924787906e-04
9.669363388833284627e-04
7.860615997006575222e-04
1.968838892558717139e-03
8.087417623774396892e-04
7.466218029765387147e-04
8.288413899556242980e-04
7.421626757169268434e-04
7.178071687637930815e-04
6.972723377035612699e-04
7.888371449497514438e-04
8.778714905721210233e-04
1.070418415986576846e-03
4.650755700915791026e-04
1.049082342087958664e-03
5.619200103297465393e-04
8.870814282187447107e-04
1.066373190374270401e-03
7.560781831584220030e-04
5.713001699528726931e-04
6.280361013023705741e-04
1.026613945148880606e-03
1.374586114437954462e-03
2.040173044381286566e-03
1.253408787348890639e-03
1.045482339675663386e-03
1.255427010204638498e-03
9.451093994728125428e-04
7.399328517330847803e-04
9.871196577312360727e-04
1.928985865087305858e-03
1.159656327111958192e-03
7.458226437170293764e-04
6.814032576154452738e-04
8.859500233740517580e-04
5.223300486590023864e-04
8.568709567020862863e-04
7.371164423021876137e-04
1.244536257788207527e-03
1.502223970836200724e-03
1.552289150715827288e-03
6.105691937198953105e-04
5.635799727926947382e-04
5.535511278261667518e-04
1.704590682452340701e-03
1.664767929689261279e-03
1.106361142135895001e-03
1.119030284257713313e-03
1.061249052641016766e-03
1.130815376489496989e-03
5.894758959382686734e-04
8.848514551120448138e-04
6.287170120111277606e-04
8.877318745758829618e-04
1.776668514662786474e-03
9.452678855612271737e-04
8.478865173979978787e-04
9.017741786607302423e-04
1.513395304590493731e-03
1.191437356654990315e-03
6.178886529972499450e-04
8.703725368601030387e-04
1.433109538714415643e-03
1.033962195721862360e-03
9.627927616870278699e-04
1.150003221748069912e-03
7.375768302737641157e-04
2.173724573378975518e-03
6.015536353566327621e-04
1.297544302255464448e-03
6.204193260571182460e-04
8.687433585939110213e-04
7.133883912346918000e-04
1.078363190042712621e-03
8.639798383829753103e-04
6.757532215106577637e-04
1.023423509795538333e-03
9.315980765410943791e-04
8.556119539395834039e-04
1.460709571891230475e-03
6.706932475145788034e-04
1.173636619755694501e-03
8.050257722300426183e-04
6.757762620071341986e-04
8.884706076409713219e-04
9.136624530344538992e-04
5.226883473360966186e-04
1.558135642662792329e-03
8.756063438896502819e-04
6.854202141243528586e-04
9.491675798424471702e-04
5.898832201584697189e-04
1.391936802786718046e-03
1.535908726117457069e-03
6.516425146170543936e-04
8.405484835919959730e-04
5.993429626355786669e-04
1.202371243056632368e-03
1.160046498588504548e-03
1.235061095407565283e-03
6.172582978772140835e-04
2.264844365000635851e-03
6.928194098183104808e-04
1.584691048511188824e-03
6.414943012419281523e-04
3.599274161538626622e-03
5.619288821692589248e-04
7.257244015823235668e-04
7.696466931948351070e-04
1.334005482878196716e-03
9.218088797433833742e-04
1.589735715061956585e-03
9.269403126689574690e-04
1.181201599212687494e-03
7.857659190845705036e-04
6.445290211956057310e-04
1.334147501110414169e-03
4.789209613885817831e-04
1.082988981318456188e-03
5.074978801143786031e-04
7.972608698740308187e-04
8.100169822267110900e-04
4.830425206404714237e-04
1.858511170245406505e-03
1.757059331103121317e-03
6.273365385875734508e-04
8.458923654395695537e-04
1.189843929627352201e-03
9.703566648456804803e-04
2.269746055912402315e-03
1.409190687907927939e-03
1.329433831476539186e-03
8.691550689062173566e-04
1.452116653008131983e-03
5.183363876612909725e-04
8.344004049940208570e-04
1.074047362444226173e-03
6.797557091783762743e-04
9.450311088489860706e-04
7.432348490516740803e-04
1.137278010203983522e-03
6.597247287297888481e-04
1.114421207202659098e-03
8.092041160152454787e-04
6.880110905738968897e-04
1.201649858478310738e-03
1.198800312964133641e-03
1.605723233486925413e-03
1.008934580951768856e-03
7.177112458463469694e-04
7.653243527807679835e-04
1.057650021721902745e-03
8.951554818979714145e-04
1.256378049585918323e-03
6.237467494149504530e-04
7.640038443500888395e-04
9.434193722257643456e-04
1.432213047552228970e-03
9.403214521601132095e-04
3.207596149797350797e-03
1.268755710525455846e-03
1.184216543897911823e-03
7.653602188571446236e-04
6.156236308419860007e-04
6.496984649122035556e-04
8.256417422381328317e-04
6.551411540323050665e-04
6.874668671361533218e-04
7.828663624591852875e-04
1.121276897642244433e-03
6.086727749610943089e-04
6.282255769493460965e-04
7.001367916577585192e-04
5.112922065053767057e-04
1.571007937653157291e-03
7.138491176115578781e-04
1.077319472938132209e-03
6.165782581428040122e-04
5.791999926176103625e-04
7.801414457067794642e-04
1.200365065262604244e-03
5.761579651136882873e-04
8.989441746403153835e-04
8.450978580984705923e-04
6.031478253323451682e-04
5.579444743559219431e-04
1.540197935386934018e-03
1.180351980902204787e-03
9.160955422102751763e-04
8.045956885519755988e-04
9.795978807272608894e-04
8.641938357459533161e-04
1.232188028112603338e-03
1.132155621538552103e-03
7.078008622778166059e-04
6.943015327888648171e-04
5.959229385549866904e-04
5.773517495178830160e-04
6.424035917781314303e-04
5.294638953468995763e-04
8.838792118122991035e-04
8.314614281257444103e-04
1.241119348906931071e-03
2.510224559878605419e-03
5.210258958670102884e-04
1.100062830684118455e-03
9.400140181582335728e-04
6.737777370396236384e-04
6.577528302424850591e-04
9.232044332112798431e-04
8.325953667697644006e-04
1.144524295969094347e-03
1.322757244584022666e-03
1.278639502666367765e-03
1.025142727503706302e-03
6.909176079833890963e-04
7.905410537810829592e-04
5.678559466977926721e-04
1.173450606427359861e-03
1.047170334750965708e-03
9.497794780865123155e-04
9.304459852182482517e-04
1.000655658407067182e-03
7.714751954271782198e-04
7.388089089694596830e-04
1.571720237367907856e-03
9.393026194917996957e-04
7.331622542600978783e-04
8.385303935843161629e-04
1.804135956268222707e-03
5.283811489769493427e-04
1.154307878723251747e-03
8.405032719972445375e-04
7.255146294694776472e-04
7.885984456819371572e-04
1.429657205414442593e-03
7.143657478794271246e-04
1.432213047552228970e-03
1.151240108721472135e-03
7.183665850692776524e-04
1.022996849722925894e-03
6.965396902071499313e-04
1.553436315525155752e-03
8.308855577026152744e-04
1.638224459984406875e-03
8.125441709257604211e-04
1.073475657234147698e-03
1.850347870259074021e-03
9.721329720001489977e-04
3.937891961578596049e-03
1.424530868176305393e-03
6.465453560622395858e-04
7.500213204974705977e-04
6.532777124399623443e-04
1.050921287825129632e-03
6.716213637779512970e-04
1.358454512397783099e-03
1.113332471844152372e-03
9.670260810365559996e-04
7.548701647435806898e-04
1.294090977097536038e-03
7.333969152422781072e-04
1.394486673155977043e-03
1.154382432438247124e-03
1.626125570359732934e-03
9.163068778778463500e-04
9.794443480372534185e-04
8.568230416345861246e-04
1.312991368907635240e-03
1.625973616501456614e-03
7.015482377576903522e-04
1.169592033088034813e-03
6.297914133458626254e-04
7.880120880073140455e-04
7.300506463490674669e-04
8.069795328650812560e-04
1.197953290387853168e-03
6.666549838275639354e-04
1.181795949953040516e-03
1.386542956102293413e-03
6.773721129755886066e-04
7.817837172691109466e-04
1.339531788883803910e-03
1.112159312287137273e-03
1.185532934154470133e-03
7.828663624591852875e-04
8.238954527316381471e-04
7.422261866106496945e-04
7.319127107312319329e-04
1.511526106182205622e-03
9.187020805115848942e-04
1.265871060933498058e-03
9.248293210323262157e-04
1.726962298644972756e-03
1.059889741508304685e-03
6.410537008901775373e-04
5.690784746143668932e-04
1.538300685954969299e-03
6.215197714323374535e-04
9.394954599079261308e-04
1.112815700341238416e-03
6.384584009382291824e-04
2.665181867552442185e-03
1.816617579113854932e-03
8.695856573554909801e-04
1.197170070392460962e-03
1.223700922265937973e-03
6.617901296573550475e-04
1.715960657850196507e-03
9.292395757737674207e-04
6.933120916053292981e-04
5.883528572095433591e-04
9.083479078568282294e-04
9.082536755480110106e-04
6.551411540323050665e-04
5.191172446424441441e-04
9.590425808156177257e-04
1.084059859365868895e-03
7.576708567513531318e-04
8.247129844741696260e-04
6.933120916053292981e-04
7.302195407716912572e-04
5.244811376587579094e-04
9.642368010805891674e-04
5.736780938983343037e-04
1.413997083972364389e-03
1.092717244656053440e-03
1.093958867988300068e-03
1.281144488982068714e-03
9.158929510892227510e-04
6.642753996297311950e-04
8.973500719052755628e-04
6.798421945798023037e-04
2.637637875171376742e-03
8.863993534836380394e-04
5.307160349633258329e-04
1.472127764942217365e-03
8.585143591367637309e-04
7.019521539358516320e-04
8.349171254737356926e-04
8.035058063384221787e-04
1.412615729048858054e-03
6.999530029972962164e-04
6.614019560268399878e-04
9.910355724396457348e-04
9.086700158815815172e-04
6.405787354606389417e-04
8.854702472894754274e-04
7.553016765897532965e-04
7.154098755105526945e-04
7.301925806679229834e-04
5.973214261619473608e-04
7.817891354728753956e-04
8.668888571491371615e-04
9.695003072634759316e-04
1.006961685973563336e-03
6.829726462745676135e-04
1.977296145861614368e-03
8.159697658406874637e-04
9.998817280555303503e-04
2.379672471540094075e-03
6.541510539890258748e-04
6.641347313421076771e-04
1.502069973969212763e-03
1.523954184796062240e-03
7.273725164526534306e-04
1.269567784843897212e-03
2.063548213231083082e-03
7.448155681507562763e-04
8.842959789378954842e-04
1.008153432058540551e-03
8.813750677288935626e-04
2.255010040292328936e-03
7.973940461362626596e-04
1.140006677802835608e-03
9.099655093887459118e-04
7.654627326490026206e-04
7.859893541199000286e-04
7.030463952675041969e-04
9.595913073599778367e-04
7.112188549509743888e-04
2.236149913991555393e-03
8.235827303394598108e-04
7.214200389513913351e-04
7.017586455400478748e-04
9.576310272819119930e-04
2.324908359674307794e-03
6.898625302279900572e-04
1.405328956469379569e-03
6.825490540195199365e-04
1.213178068676958087e-03
6.938681265533729698e-04
1.119059409538913138e-03
8.132634515490490702e-04
1.575979979846941137e-03
4.744598384145370072e-04
1.108292721518171903e-03
6.567704114239358154e-04
2.562171981177997597e-03
9.686338059198156859e-04
1.244311026343635938e-03
2.501434758429045557e-03
1.020150002291897624e-03
1.705617339886055048e-03
1.194458482754291642e-03
1.941312274398516655e-03
7.811349639416117043e-04
1.498616812415621245e-03
7.905410537810829592e-04
1.744944228966067686e-03
5.794018794084647818e-04
5.026852865886644777e-04
1.009058001708989464e-03
9.102613068656859562e-04
8.038427894753619619e-04
1.412987326537395961e-03
1.019741705992067765e-03
5.338953087535554341e-04
5.627544453007640897e-04
1.467331787780506514e-03
1.283831833781111896e-03
6.779596924508013477e-04
6.444492496354791268e-04
1.428239929313202547e-03
1.072334308507892284e-03
6.275138811952042693e-04
5.886828828323153757e-04
6.837491502737358265e-04
8.169007904060082920e-04
1.787109785236714026e-03
9.202309669785567600e-04
8.244202678464778236e-04
6.991218478820048713e-04
9.698259537693600454e-04
6.585047527684854268e-04
9.744346722763407584e-04
1.008177971044396009e-03
8.487090531872807601e-04
5.698931698476022642e-04
8.726165527093472521e-04
9.247046512077378416e-04
1.296938344564288643e-03
1.175260008108268417e-03
7.001991375878075571e-04
5.850534304559429008e-04
1.231091070730479112e-03
1.259256496579126390e-03
1.490285359635386189e-03
9.797391993600951428e-04
5.215734183292772535e-04
5.578519384829274882e-04
1.928985865087305858e-03
6.352474496188286303e-04
1.075857094860588293e-03
5.637169840332133339e-04
9.622600550663543010e-04
1.638224459984406875e-03
1.223689777318251026e-03
6.949687137657978948e-04
1.122288962828994850e-03
1.184216543897911823e-03
1.641642664718116068e-03
9.527259739700410894e-04
6.989220686885857852e-04
6.943172607927426123e-04
5.567209791471104197e-04
1.067490361321334329e-03
1.768294747513842174e-03
8.260255624396951662e-04
5.839918086396757952e-04
1.206015809984553339e-03
7.209942977128075067e-04
1.339950053125613626e-03
7.305805552330746746e-04
9.493329894970858277e-04
6.086804943901164174e-04
7.720976212304680184e-04
9.462998571386291172e-04
9.368321470109528546e-04
9.333572372014869696e-04
7.911372632521884111e-04
1.401792390958676035e-03
9.653019009003766578e-04
5.321844579279464294e-04
1.772250540661050172e-03
7.121269991707902597e-04
9.489765416296551100e-04
9.083981276805142046e-04
1.070514200302108941e-03
5.183363876612909725e-04
1.148459142268219669e-03
7.266840677446794513e-04
1.151926511034900109e-03
9.014629263587254152e-04
1.337591119371806230e-03
7.865704279938245166e-04
1.151240108721472135e-03
9.122524407351055359e-04
8.586026274459305834e-04
1.314763725290263655e-03
4.331203998249025158e-04
6.760491654235003828e-04
1.593024831905126776e-03
1.657749252093241926e-03
8.280822025900648996e-04
8.403341502597012555e-04
7.654547549493607777e-04
7.768973443062309045e-04
1.349381113098867052e-03
5.801104960056947422e-04
8.330429348401480931e-04
1.154382432438247124e-03
1.065439641891748361e-03
8.163830427095961203e-04
1.029372799018993950e-03
6.862519560130578072e-04
1.260914848116601386e-03
1.032953463090913789e-03
9.404816601161947349e-04
1.182910731236196068e-03
9.797112410365716416e-04
1.111181646550842310e-03
1.985403773360007711e-03
7.769794881084231622e-04
8.272227814722278192e-04
5.815763057863855686e-04
7.425973232994081919e-04
1.444843441881389244e-03
1.209150114053005954e-03
1.063898824446178181e-03
1.200748694848144914e-03
6.665926402492709487e-04
7.333969152422781072e-04
1.202268703998978080e-03
9.350473336340715900e-04
1.437186667234299515e-03
1.014624972024817185e-03
1.130026842921821872e-03
6.844498546204545427e-04
6.556984789237319672e-04
1.259047001733737620e-03
6.158478813346898945e-04
9.110533166143403158e-04
2.335567432775359584e-03
8.445832169779356061e-04
7.690109779429350582e-04
8.331032127926856759e-04
1.685263470153193065e-03
5.386674126273945443e-04
6.617901296573550475e-04
5.512626459953993800e-04
1.335249597963405728e-03
7.033735210928234892e-04
6.532777124399623443e-04
5.296079863944399505e-04
5.690784746143668932e-04
1.540910519478391446e-03
9.071237764589360148e-04
1.528472721194029747e-03
1.240114312726118499e-03
9.741856947224332517e-04
9.641578346826596780e-04
7.878102063363695475e-04
1.607147714231106942e-03
1.848806721756334750e-03
8.333258071929828051e-04
1.110470025070252418e-03
9.344789216510989522e-04
2.173724573378975518e-03
6.712197733672312832e-04
7.738853750499693606e-04
1.040146615237001141e-03
8.073174731180199088e-04
1.420197229588718909e-03
1.152735573786942440e-03
6.784639447195287606e-04
6.555788497397397035e-04
7.400480625606105410e-04
1.201140626267773598e-03
8.669497662881792827e-04
7.565429076884195659e-04
9.632135403381660108e-04
6.221554363928770166e-04
9.297169441413156120e-04
9.986666960141274592e-04
1.160459437611733062e-03
1.271030466770175929e-03
7.703394869200671851e-04
7.688295882079289323e-04
1.503536079302308188e-03
9.738680505554522067e-04
1.627144966971010064e-03
1.016027450539769847e-03
5.512173825997334752e-04
8.400188594119616190e-04
7.661192097405492571e-04
6.883199198250050709e-04
1.581682499276389165e-03
9.012363295471445936e-04
8.679108345092627482e-04
8.190429005895031147e-04
8.633794106749194744e-04
7.434854541352060040e-04
9.517547434106126596e-04
2.266390303154468180e-03
5.781531785922392830e-04
9.753230991645518407e-04
7.210722943525615415e-04
9.683359097129197587e-04
5.710582992727544121e-04
6.970186181114099155e-04
5.612979085964911116e-04
5.522129022664686287e-04
7.813807895365845789e-04
7.750255500954729036e-04
5.760772670254578776e-04
1.213081804724182441e-03
9.236672694172960675e-04
8.902963812096680550e-04
7.199419081555963893e-04
1.063262230197545635e-03
6.807073597849140059e-04
1.091866238417624983e-03
7.466720544544948237e-04
1.260796098655775181e-03
8.277872904119028263e-04
1.118965133740966195e-03
1.483518026653359500e-03
1.041043047589106877e-03
7.613797030021711952e-04
8.420326077390369833e-04
5.572339293495671064e-04
1.277033792836538076e-03
7.376300270248790491e-04
1.278639502666367765e-03
9.891547598384852185e-04
5.409239264443950609e-04
2.558182519119584983e-03
6.829726462745676135e-04
9.663701444696314946e-04
6.116779937084176671e-04
1.428546645421025375e-03
6.938681265533729698e-04
1.039271410937712276e-03
1.108370572044265270e-03
5.245162176924328097e-04
1.312215450575467818e-03
1.816490396280045485e-03
2.682858111988502443e-03
1.185532934154470133e-03
9.843024385318809976e-04
8.442321290816199491e-04
7.345252342837872272e-04
6.393534884949096187e-04
9.182757387437459444e-04
6.022909983421968977e-04
6.633475019799681214e-04
2.501069603573212105e-03
9.760774335658701627e-04
1.608195779584492644e-03
9.925332502085755168e-04
7.576641362655754447e-04
6.981943207935212671e-04
7.848591966177145699e-04
4.207142783851311745e-04
1.218101997222239977e-03
8.588643613339768269e-04
9.968556365787645777e-04
6.030768067632714469e-04
9.014780113904605598e-04
7.692919161372497932e-04
7.947491055083260106e-04
8.673647718842457822e-04
7.147025800571066246e-04
1.043908748312955730e-03
1.064322682505879211e-03
6.628609538283892436e-04
7.904767121396369996e-04
9.900454006899696464e-04
8.746843335311554153e-04
6.669599177042024067e-04
4.708530855214863495e-04
9.994080319801874022e-04
1.024651596430293729e-03
7.434854541352060040e-04
7.395161227165905366e-04
1.006179051196632495e-03
1.726643920283248623e-03
1.143328632007667650e-03
6.123015696320192793e-04
1.088288424557163486e-03
8.790952859296175328e-04
8.029230688797008627e-04
6.443009777940452701e-04
1.169592033088034813e-03
6.125537109289645168e-04
1.317710623229622572e-03
1.792648617396331743e-03
8.341903001838359664e-04
5.246883256910010122e-04
5.505344389241340021e-04
6.043106993744406770e-04
1.236799626701328867e-03
9.267231965501706269e-04
1.295659863108155696e-03
8.075577674401910201e-04
1.538300685954969299e-03
9.496932354790172965e-04
8.039766088185106626e-04
1.914546916060438485e-03
1.080693495447325935e-03
6.576617872503889330e-04
6.903692759887857834e-04
1.121278221511823716e-03
1.396285951406375705e-03
1.870063959372668047e-03
6.160681262107489892e-04
1.096217291310762646e-03
1.026938260992072164e-03
9.628661678999675226e-04
1.305972226809977996e-03
6.879426075662888182e-04
1.120488235175682960e-03
7.527220238231390392e-04
9.587493527625679142e-04
4.756765172460779094e-04
8.696624962276287537e-04
2.211973840685024090e-03
1.100595696309458011e-03
7.924960109119129304e-04
6.665926402492709487e-04
8.575462716707519129e-04
8.474348813420701709e-04
6.240980727072455115e-04
1.425693125600558178e-03
1.008893945208283677e-03
9.422926803229100508e-04
8.432032163721686060e-04
8.412714821758378748e-04
9.152124424873674851e-04
1.420197229588718909e-03
1.143356604858903084e-03
5.573184286194240306e-04
7.760949266080178132e-04
1.105781841903692069e-03
9.586415941239470736e-04
9.892298189089912888e-04
6.568894328349285079e-04
7.301365950535616996e-04
4.112051205120767841e-03
1.040146615237001141e-03
1.113377911897585034e-03
1.036636147318670135e-03
1.159620372058047010e-03
1.029918010057935930e-03
9.048859277609025203e-04
8.358758704316025844e-04
1.060924618253655067e-03
1.018903568554193782e-03
9.440974541637788204e-04
