7.376264634912789008e-04
1.732200408208336420e-03
8.300518414029249255e-04
1.627925443863024796e-03
6.125517271097161024e-04
8.308827824255180568e-04
1.259833198051497211e-03
6.078895306449110620e-04
5.156012910829597907e-04
1.117476134298272432e-03
5.236102610784627593e-04
1.386328895209902557e-03
1.213622824237043556e-03
7.216440224512733889e-04
7.338446092561263330e-04
5.775309160048400486e-04
1.499771730187826656e-03
1.300275838651463421e-03
1.510688522585667930e-03
4.637450095781598790e-04
7.664716200956540925e-04
7.984443099686946337e-04
7.609804788895610040e-04
1.005740649250763371e-03
5.243494952495498292e-04
6.790058156978626570e-04
1.241611967850756240e-03
6.325804281324018093e-04
7.269942699187329936e-04
8.605372195369877415e-04
1.215612212079881897e-03
1.066768344554073480e-03
7.113036574383063129e-04
6.589194412101780909e-04
6.271385026960566138e-04
7.890228346800520808e-04
4.736600164788907228e-04
8.607998512167258859e-04
9.935005686604000442e-04
4.622148149860857958e-04
4.993113202575841280e-04
1.379067860336002406e-03
6.796722555289095354e-04
7.118827464694532517e-04
7.205362240443913572e-04
4.731785796810052797e-04
5.179831264094129570e-04
1.804890123308042346e-03
4.245663159447378475e-04
1.558012211071399186e-03
5.870346090072583100e-04
6.386324420993160118e-04
6.418267766057592647e-04
5.252756872918019904e-04
6.048680483360039783e-04
6.473357114401495985e-04
5.716533746752642132e-04
7.447934985263203727e-04
8.564705123710856811e-04
6.486785133455726191e-04
1.158549508605780359e-03
4.086371831192675552e-03
6.836890089095144221e-04
6.786648988088491178e-04
6.234892942560351942e-04
2.344797484161504318e-03
8.064433570283931815e-04
1.677190993919111138e-03
1.169802856274675899e-03
9.605858055300726776e-04
1.162053574153121011e-03
1.016481758300148436e-03
5.454534262508712933e-04
6.473357114401495985e-04
7.625927969195255745e-04
1.064154429600673493e-03
8.611636544838597619e-04
4.933197420849986864e-04
1.890140057421765699e-03
8.195802747647183391e-04
5.877279726227017985e-04
6.749910659060477658e-04
8.805112662567077080e-04
5.567721868915121147e-04
4.417268899868712875e-04
4.850484450616440279e-04
5.809054903285186143e-04
1.015391187650634651e-03
8.660152909739469041e-04
4.996534526952964728e-04
7.583965078927386565e-04
7.337189165621840715e-04
2.396418733761608751e-03
5.993224327530945411e-04
1.255454570630294567e-03
6.566950245925888162e-04
7.014070243105728977e-04
6.135879770993508302e-04
9.917128426867366422e-04
1.875367247090567588e-03
7.433174878217138626e-04
6.459623035981965295e-04
8.685955155221410356e-04
1.903561313289627542e-03
5.813935528149315624e-04
7.135960684828564736e-04
6.046970337322248729e-04
9.944729789357722224e-04
6.534172918103863968e-04
1.492098975086816708e-03
6.112741895653567683e-04
5.430129968138104743e-04
1.240990336499411643e-03
7.946363338537414589e-04
8.740836844142192003e-04
6.097366423387069008e-04
9.227281891000069670e-04
4.687358777840780260e-04
9.381177109911740608e-04
4.873596839706078113e-03
6.282904530661959867e-04
8.415588747138931774e-04
4.300164133018546248e-03
1.083999297423628898e-03
7.303091606429360774e-04
6.129627462881502998e-04
1.227953569831615431e-03
9.709533077717629216e-04
6.046633867353542113e-04
4.393918574545262407e-04
8.523828518642144209e-04
8.172357288220157912e-04
9.497031064948052541e-04
1.067990364643184569e-03
1.046504274876571775e-03
1.637897923879182279e-03
1.017712992140808789e-03
3.825712397669909365e-03
8.708886888274600243e-04
5.357870531406112944e-04
7.545006190614297935e-04
6.963533152351748020e-04
7.251896760042776191e-04
8.026489889122818055e-04
4.713742821835618805e-04
1.034434748830609591e-03
8.701771181992690304e-04
8.696056195947857084e-04
3.558774318726017592e-03
5.605803928855962112e-04
7.464707215365119081e-04
3.485264485517308719e-03
2.022752155529597938e-03
1.187957499682422077e-03
2.905882373693043780e-03
8.116543219895684495e-04
7.369013684601652490e-04
1.300544718960546095e-03
7.200794016648757187e-04
1.448875117728283144e-03
7.351740373676589942e-04
7.559361096479131660e-04
7.139560921367192267e-04
1.354964680490094563e-03
1.897377934617680345e-03
1.799652239067592004e-03
4.581799475092074520e-04
7.029690149792320588e-04
1.886371331031159917e-03
8.691234424377176134e-04
1.261034013346181218e-03
6.920170496202453702e-04
5.814809032784739326e-04
1.446879572903722383e-03
6.982978892483233729e-04
7.733887209753134836e-04
1.014315669446952525e-03
7.121406964248350050e-04
8.332059988114228410e-04
7.423395514818498329e-04
1.506409611657763504e-03
7.854899011021919961e-04
6.690199789532376732e-04
1.627676950627310803e-03
3.992770323777407315e-03
9.379808286333538156e-04
9.666418561397727540e-04
8.958006069006266324e-04
6.562434796889036331e-03
7.290950800345590834e-04
2.029528567693001176e-03
1.506409611657763504e-03
1.013833656596598715e-03
6.389437961640794320e-04
9.320453032171561883e-04
1.122662843757418283e-03
1.529684324246173436e-03
1.230251627401130095e-03
7.765358930364803410e-04
1.134916824036044615e-03
9.866192291384310968e-04
9.514273844824508919e-04
8.637964783557608266e-04
7.058055820204596010e-04
2.259672766904448262e-03
4.993532581588672366e-04
6.720927526488129590e-04
7.068758876658579569e-04
1.349459135335929864e-03
4.596798393702046905e-04
4.999829221221103841e-04
9.895930132151193031e-04
9.336382779520697615e-04
6.024880833750235554e-04
2.022752155529597938e-03
7.048939321888838660e-04
1.866967017603346490e-03
1.201464812573901572e-03
5.260104230006638340e-04
4.748777295340728143e-04
4.144814457412737164e-03
6.627131179534942983e-04
8.023005461177978338e-04
1.960370386665004610e-03
5.384594858106658138e-04
7.110675432439137345e-04
1.411592622549439876e-03
8.316223397727763892e-04
6.579164283821237538e-04
8.336758247124853452e-04
7.370977707646056030e-04
5.430129968138104743e-04
6.355389591204441439e-04
6.995042467543896971e-04
9.679105115611397973e-04
9.161955347009854934e-04
6.374412441406374866e-04
9.849639535629828562e-04
9.474114757840626467e-04
5.410527893314052332e-04
9.585544960315116802e-04
4.768723035805532036e-04
8.453166036311011945e-04
5.936194967572000275e-04
5.996407063437295170e-04
7.937743671618159450e-04
5.897575439479278226e-04
7.289752084048383958e-04
5.323049079871245521e-04
8.632793206165989162e-04
7.758740591008147017e-04
1.119767882963483173e-03
1.926451611371687899e-03
2.853643532486744260e-03
1.422323958475126817e-03
5.726335918109246113e-04
5.116837733872457109e-04
6.210218856767732703e-04
5.669324489551298262e-04
8.488493674728660914e-04
8.283551631512453550e-04
5.636642506952687596e-04
7.351740373676589942e-04
3.654461258916043894e-03
6.980024906526776426e-04
7.289601231471697215e-04
5.283493539732667197e-04
9.297681245060501970e-04
5.377176416646833575e-04
9.287143996771472527e-04
1.221109825537170044e-03
1.236793099429516624e-03
7.888735129303900504e-04
6.158605798773595383e-04
6.846945689873867348e-04
4.909359522327962641e-04
8.021742468392979242e-04
4.630404874293104133e-04
9.820572380472493857e-04
1.269348563146416873e-03
2.348808625811252618e-03
6.816746169588517971e-04
7.269517162799646890e-04
5.684952641376190283e-04
8.183066785542332912e-04
6.177171788359748323e-04
1.043333302729788090e-03
6.502614860402017522e-04
8.647835575101551651e-04
8.524687812228215651e-04
5.817025837087437968e-04
4.951023648384505517e-04
8.983855166305678873e-04
8.653369755059296935e-04
8.042844351202132428e-04
5.583265260125571273e-04
6.599114968688071705e-04
1.228600265524956237e-03
8.002413838555796303e-04
6.284582211503439474e-04
1.689146399611681079e-03
9.101000936156108728e-04
9.003953613699128495e-04
5.825950865623537355e-04
4.270905548283783146e-03
4.576010302121197239e-04
5.818813964952264297e-04
9.323854041473317962e-04
6.477166609555264250e-04
6.360537217335286578e-04
5.000104211901537773e-04
9.044365619846271272e-04
1.323715218128718261e-03
2.009655344666488007e-03
7.189313305030392348e-04
7.166799836412000814e-04
6.066639953462214753e-04
4.777559455493398440e-04
1.068170927246247029e-03
8.280485304052143895e-04
1.996147649276193339e-03
4.645357840512696250e-04
5.011211436077381027e-04
8.468658409934261885e-04
9.603051545596617833e-04
8.101672809513964625e-04
7.925655076832274467e-04
1.230073865989433088e-03
5.111919562013415548e-04
1.316864770216090831e-03
8.535676435828711949e-04
3.313608979726229403e-03
8.352096267555130004e-04
6.744587214312291676e-04
8.168506265724035948e-04
6.836974453100350861e-04
1.747474380275892535e-03
9.455033880407385290e-04
8.824160815946134606e-04
9.026820994716765840e-04
6.181633158246868480e-04
7.182040999643513144e-04
1.544140926578647412e-03
7.505425155645759332e-04
6.455881354389404444e-04
5.439842663071736478e-04
8.044422921085881252e-04
1.002293872659023189e-03
1.165805354420510311e-03
2.605605384806958854e-03
5.722553003020300171e-04
6.262215329856604283e-04
6.360201804851792640e-04
3.653179323525098526e-03
5.653394803949119904e-04
9.806545544008733739e-04
1.696615884665735258e-03
6.902278221830252924e-04
8.840392681242421934e-04
6.606530497675225464e-04
4.949877497382848112e-04
5.851480411706576649e-04
9.966542347246477342e-04
6.111039163410412339e-04
6.132321311670919581e-04
9.078282979099169597e-04
5.160863706301523470e-04
7.691700692764494958e-04
1.515168072493451893e-03
6.582950359852623350e-04
5.408016384472754496e-04
5.045049905483907273e-04
6.312979099211968315e-04
7.447934985263203727e-04
1.294123901710710111e-03
2.309563057359368277e-03
6.264572885572573758e-04
1.539134282754144045e-03
5.884198646437887150e-04
8.217165610698998549e-04
1.167736372795198305e-03
1.124418551886762927e-03
1.350236373781917628e-03
5.488844320055207915e-04
6.950961386629506697e-04
1.037504600048800869e-03
1.594676360294432042e-03
6.087248964453347878e-04
4.691257331376139095e-04
6.756587041092135216e-04
7.518219855065861245e-04
3.775801026314880033e-03
5.347502916015526523e-04
1.002136481075951904e-03
5.217482953885424490e-04
1.316864770216090831e-03
1.315376097965826252e-03
1.053992190992162096e-03
1.642961525311036498e-03
1.378040187314118290e-03
5.934048816318258793e-04
5.541686302129323607e-04
6.926801531882072248e-04
4.781438472625336162e-04
6.831083929165777252e-04
1.157761060567127909e-03
5.022545051718201124e-04
9.040942794952309220e-04
8.300518414029249255e-04
7.972305441529078550e-04
1.581230259713952476e-03
9.367301243961826838e-04
4.565252662927239799e-04
8.431102792654470270e-04
1.028155470974970826e-03
1.132415349550928681e-03
5.380919493655695381e-04
4.551947252691999684e-04
7.583090871509692550e-04
9.781942792896208827e-04
6.895268174075447386e-04
2.344797484161504318e-03
8.983624676871819394e-04
1.159103303977054985e-03
8.597642981454605262e-04
8.099564284024230419e-04
2.000807192957618046e-03
4.852412295353157471e-04
4.579000053217498938e-04
1.024614666979591646e-03
2.190079604675235821e-03
8.693803525627617551e-04
6.901949037739591938e-04
5.590642147040725133e-04
5.759142003671718175e-04
6.562434796889036331e-03
2.615167087588967602e-03
1.299677776385873510e-03
1.886371331031159917e-03
1.105778850756095099e-03
1.101623130433687864e-03
2.180475008591395251e-03
1.055062889025518190e-03
1.004507542160718416e-03
7.200401276099714426e-04
1.588601187682720959e-03
7.592277749949568949e-04
9.689251961595128247e-04
4.932211261528236064e-04
5.232867935423263358e-04
4.144814457412737164e-03
6.376234487237388612e-04
8.351018789274378693e-04
1.004507542160718416e-03
6.235088377077064193e-04
8.923003613532232278e-04
1.910204877942814133e-03
1.167550415155895827e-03
6.785782446348671533e-04
5.857888250861078986e-04
6.558744131138867159e-04
7.031168836028094593e-04
4.465862694895529703e-04
9.233829036810270799e-04
4.568516233507333700e-04
1.107362164817075542e-03
1.750481493932650118e-03
1.060040059530127730e-03
4.617594491314560472e-04
5.552697394325402077e-04
9.709869807407271996e-04
6.843123394003774486e-04
7.009989612945243280e-04
8.866157452359627782e-04
1.239786102775950177e-03
5.735396696022683526e-04
1.327574737216864363e-03
1.598219639763152509e-03
9.119582843747119690e-04
9.334180127646449047e-04
1.048917815031832077e-03
5.258692497255659532e-04
5.693168424633935840e-04
6.499993646755372265e-04
6.996044734561805570e-04
8.857049113095843973e-04
1.094437176832164984e-03
1.146887040247526962e-03
5.543944343842820621e-04
5.362257418429979298e-04
7.632498365207385531e-04
2.215699575844651704e-03
1.197669663462456362e-03
9.708415509304935652e-04
1.036674775751974826e-03
1.617690799249315138e-03
5.387758358583657212e-04
5.543216273162371310e-04
1.230782798738997829e-03
6.393307935788025177e-04
8.195782050878169063e-04
9.767659476418405311e-04
1.013833656596598715e-03
9.909204546240627399e-04
1.089796772193266441e-03
1.526770119652310406e-03
9.497399508692836020e-04
4.551947252691999684e-04
1.145347241705630239e-03
6.163020536379433664e-04
6.047647719026145660e-04
8.198814468455870681e-04
1.137311727473684598e-03
5.876035400532973480e-04
1.217938270341367571e-03
1.086894114050361744e-03
8.696982118130586496e-04
2.360364203055890456e-03
1.050281554055495408e-03
7.884879226361515489e-04
6.475307030757487727e-04
1.481985161651569634e-03
6.433719378731852590e-04
7.200401276099714426e-04
4.832183803641772689e-04
6.688149790870965509e-04
1.617690799249315138e-03
8.563144960306638643e-04
9.528520757092677571e-04
1.049418636618616209e-03
6.329250788110365837e-04
6.430583976418729423e-04
7.510999573111906864e-04
4.996290977698750104e-04
6.017801841024316518e-04
5.770905934948941185e-04
5.554350422908800643e-04
6.659214825056367732e-04
6.848360428903726505e-04
4.848636769472431979e-04
4.603447748458568654e-04
9.767659476418405311e-04
1.077309231743886269e-03
5.207647845965620399e-04
6.559041853284198337e-04
7.974951700679926278e-04
1.256574868623316823e-03
4.916748704804086703e-04
4.876070131945100280e-04
4.913034848671810279e-04
4.890995000748466588e-04
5.302391811978805422e-04
6.695380257955816121e-04
7.366198250205641162e-04
1.404568973067518408e-03
1.911564360461266232e-03
5.097902262310769319e-04
5.714274224752098749e-04
5.395998117462375921e-04
1.292470062656200964e-03
4.972616230965407622e-04
5.187905765257962718e-04
6.192910226353472679e-04
8.960609010162937571e-04
2.695515942770650066e-03
6.564174663422656531e-04
1.094058147394924574e-03
1.069730333655150240e-03
1.227781939618509356e-03
5.404696027180208020e-04
1.519643561964088103e-03
3.017212405668719989e-03
5.351750360735608439e-04
8.019050302395840579e-04
5.973865051913565104e-04
6.079608528177266481e-04
6.331904773515924451e-04
5.737182245452637558e-04
5.217932603307231208e-04
8.038476606848891795e-04
8.359225560475448246e-04
4.944615284087585565e-04
9.138902671559080660e-04
1.022825549821207653e-03
1.036316254655793865e-03
1.031517823812680857e-03
8.349976317084138516e-04
6.252542767854382113e-04
2.038483990400723894e-03
1.032713629224986558e-03
5.278862697855575895e-04
4.680599115477614256e-04
5.512833389578256343e-04
1.475353537809540169e-03
4.808999824263894985e-04
1.501428138844675304e-03
6.988654491883138347e-04
1.729169543891413046e-03
7.662395465977330520e-04
8.674958454320620595e-04
1.959446608231225472e-03
1.768928320029280760e-03
2.572804367791462800e-03
1.285356762944884655e-03
6.363092571481304216e-04
9.478297860377826820e-04
9.949650409722546676e-04
2.384282824409418491e-03
7.623420244630132667e-04
6.844570954922967647e-04
1.891607457203192634e-03
8.276766784147055519e-04
6.688149790870965509e-04
8.574101683014583464e-04
9.448970688693435942e-04
2.487756397170346780e-03
8.947671800406692020e-04
1.086302178035126716e-03
9.127795712208079150e-04
5.375191238460099189e-04
8.006829378476374836e-04
4.666530214727371414e-04
9.342394034483438633e-04
4.952118101164495762e-04
5.590310293456815733e-04
3.784682821227646800e-03
8.079294975180073514e-04
1.872353990106552296e-03
1.261465851547254611e-03
1.227808268676379910e-03
8.434931638849811706e-04
6.047647719026145660e-04
1.075552483867899325e-03
4.601515153363982895e-04
5.825783752779061268e-04
7.945593594563145606e-04
9.260597375165078443e-04
2.749422727601979598e-03
5.277898850483217106e-04
5.222107452665724703e-04
9.043393339620230641e-04
7.205998711516753636e-04
5.515647691143650165e-04
1.188357724452422442e-03
2.756078636442554387e-03
1.175044326567144292e-03
7.540124576690344829e-04
5.522988521607128743e-04
1.902203094073071045e-03
2.066088342486247474e-03
4.600261378878113473e-04
1.003325857195239710e-03
1.665412673220173414e-03
2.096141765325293740e-03
8.073193717439405620e-04
6.000347946657889507e-04
8.660641811301007667e-04
7.691700692764494958e-04
6.850735982970402932e-04
5.371715991784459243e-04
5.119505190270994596e-04
5.701627176166477800e-04
6.511623372037325446e-04
6.249366275409841106e-04
1.131896670033988002e-03
1.097920189017605880e-03
5.741961740125079783e-04
4.962547921088517186e-04
5.841785997543822015e-04
1.024539972272907242e-03
6.009680537168882609e-04
9.696888693474628495e-04
2.354609925167164795e-03
6.295920829362162702e-04
7.200794016648757187e-04
1.501179753304018177e-03
7.503525490118664876e-04
5.779425250473354874e-04
5.535164305777431556e-04
7.079870258838122203e-04
5.782564895961174196e-04
6.863298085166876904e-04
9.390138562551271755e-04
5.275256892077806242e-04
5.116837733872457109e-04
1.539134282754144045e-03
6.620093867677425857e-04
5.744151279855533570e-04
5.983761821428783267e-04
7.154620299083960062e-04
7.511429206956859225e-04
9.742261787073124230e-04
7.047046583415398193e-04
1.482352907853411953e-03
1.020783794704178482e-03
7.286674761929139935e-04
7.883585915115860938e-04
8.495361371448332697e-04
1.053611884534389398e-03
1.239560459994342974e-03
1.159823120018661389e-03
8.666665801172396049e-04
7.041027370625257747e-04
4.443724204453027666e-04
5.798909148976431113e-04
1.357488343733485696e-03
9.853840774088943547e-04
2.309563057359368277e-03
5.366837868185260615e-04
7.496822722659513168e-04
1.882427116179961587e-03
6.435984331361187683e-04
9.702579186249818324e-04
8.712683975877000882e-04
7.163944779304636228e-04
4.656085652373657610e-04
6.693234541080773014e-04
5.543670373441111476e-04
6.183305011990604958e-04
8.477843381620209272e-04
1.311486401811060064e-03
6.166818839747127646e-04
8.226079112467146346e-04
4.734211414738335902e-04
1.132415349550928681e-03
1.239233705607305398e-03
5.074372178675072521e-04
6.682618602352226453e-04
8.281307751374767214e-04
8.652764670646551819e-04
7.217403593053400498e-04
5.776580789044091476e-04
9.961703037323190249e-04
1.463626349072679605e-03
1.565045885881151790e-03
5.738710316816244411e-04
4.437145201701266453e-04
7.518680761241563950e-04
7.805187471795192213e-04
1.313762636852079104e-03
6.881433887976252809e-04
8.866907555931097642e-04
7.965908254491456831e-04
1.262991035824477916e-03
1.155849587219523250e-03
7.286377205081570130e-04
1.467307032078881161e-03
4.980721383986330599e-04
7.175497610472619369e-04
1.214953681801843018e-03
6.100040569699037660e-04
6.924266462824151718e-04
7.719026704273751656e-04
6.937798754219582850e-04
1.455804769453751795e-03
6.850195360929398243e-04
6.395209597265784579e-04
1.897377934617680345e-03
1.576808678313499842e-03
7.031368169083526340e-04
6.013957141790344987e-04
5.889296962435337183e-04
3.849146188702342285e-03
7.117855555549973401e-04
2.062186182307796170e-03
8.930178860394913072e-04
8.345026446632428053e-04
7.685470443437254816e-04
5.933788358154538315e-04
6.044417862961213618e-04
8.195517041064764256e-04
1.074427405119536202e-03
8.408103252052511779e-04
1.188730023856115038e-03
1.564372671913796808e-03
6.791427325252351148e-04
1.141865507064988242e-03
1.115312734355793220e-03
2.380140029713840536e-03
1.053611884534389398e-03
6.240097839952091609e-04
7.998818801912660178e-04
9.674295200842366466e-04
1.065704413954634677e-03
7.845354996761689809e-04
4.902540633767095597e-04
2.460884185845373801e-03
7.719440194744455960e-04
1.059727819167231768e-03
6.562552851594817592e-04
5.830517921757584878e-04
4.249327475562640600e-04
4.912268296690255279e-04
1.188760071063215936e-03
7.133250650310986752e-04
8.290162589020278741e-04
6.603017361301152712e-04
6.941895581089684410e-04
8.401603435393132681e-04
5.785987606997621251e-04
1.071310563055005412e-03
1.916718770923419917e-03
5.079643251448550138e-04
7.278839436253037873e-04
8.586132404468982187e-04
8.109708170700120683e-04
8.871996114892051651e-04
1.012550309063661681e-03
7.469027166624469692e-04
8.163907973897093374e-04
5.011211436077381027e-04
7.297368075497055262e-04
6.643050459597328898e-04
1.517114801448027914e-03
5.689997084824343319e-04
6.180057725058665970e-04
3.558774318726017592e-03
5.995790466759781190e-04
5.480683132847839365e-04
5.872667266848766859e-04
1.197187114922077661e-03
6.041021310510040574e-04
6.681147199892181277e-04
1.703733112219939531e-03
6.589194412101780909e-04
5.324409670464626742e-04
6.340593852433881565e-04
1.177417986628807129e-03
5.284828002923059893e-04
7.384243910754349511e-04
6.870527502979937185e-04
1.063846025483569050e-03
4.964120450356632446e-04
8.926207354142424175e-04
5.924144900248721167e-04
5.395338297115974142e-04
1.020217375513092104e-03
1.040504827959770227e-03
1.123369433859675113e-03
6.595556556486487998e-04
6.442209283680474033e-04
6.749910659060477658e-04
4.716515826314968281e-04
7.967648838170327333e-04
1.627925443863024796e-03
8.810951654106359597e-04
6.419330149735613666e-04
1.017712992140808789e-03
1.892354284922925919e-03
9.501678774079256370e-04
3.060597086865210308e-03
9.661963337850191591e-04
1.089368137316373830e-03
5.769866225641806902e-04
5.746265315732250641e-04
7.596783569353588329e-04
7.124673389393329200e-04
8.810221910265647605e-04
5.890159711655926309e-04
7.157214072307733002e-04
5.091725367436177692e-04
5.374002901737433757e-04
1.187896935543448834e-03
6.580957166149347445e-04
1.011397043018592628e-03
5.953261455921407454e-04
6.223849979245883648e-04
5.180974957661454994e-04
8.738131417285486873e-04
1.582476529379289081e-03
9.552029574561464237e-04
8.305243842380916671e-04
9.705436609639207833e-04
2.095846512623749172e-03
7.093654244043648372e-04
5.829671889911403277e-04
1.534978488949940208e-03
9.285714721696675111e-04
7.759207539741382617e-04
8.025400986049141885e-04
6.532374339633727038e-04
7.471713150666393693e-04
1.773579362464616869e-03
1.132415349550928681e-03
2.756078636442554387e-03
9.101000936156108728e-04
7.756958646234414934e-04
1.216349068503220273e-03
1.282972447929040709e-03
1.825131889076728490e-03
1.042738976422930659e-03
9.514273844824508919e-04
4.706371886577715206e-04
6.153121850209615712e-04
7.775610955563320168e-04
1.163750183852345094e-03
1.045812106982284273e-03
5.694896520943474412e-04
1.051806497019650661e-03
6.822685321693910000e-04
6.106478089563812349e-04
5.374002901737433757e-04
3.278799216094284170e-03
9.078843053251971695e-04
9.579258261165601298e-04
1.102185511498265501e-03
6.425938852441615088e-04
9.048814486850327706e-04
7.553048773664950387e-04
6.215778493548953371e-04
4.889257988547139047e-04
9.466843383606532349e-04
6.945621358447519192e-04
6.681066726290814644e-04
1.037028909262253332e-03
6.242956041900727272e-04
5.050804151627978937e-04
5.208016690859776929e-04
1.256933695452640797e-03
6.375334562630233714e-04
5.258692497255659532e-04
8.203230768844667559e-04
7.016186263653622366e-04
6.296665490661217503e-04
5.943547907917055102e-04
1.499410881721947040e-03
9.642047809533504628e-04
8.444270919921156643e-04
5.326943719506755607e-04
1.017991389279652558e-03
1.822104161487631598e-03
6.685058302238110423e-04
5.577306599458148892e-04
2.635198461349943545e-03
5.888500750550281935e-04
4.149682275874842959e-03
6.208087177541555179e-04
7.623420244630132667e-04
3.600756704441662650e-03
7.331806431476125836e-04
7.185066414693583661e-04
6.652624455412134213e-04
5.432795830328173651e-04
7.271441201016999503e-04
6.083306607700523063e-04
1.411169341579133997e-03
9.339462509842733550e-04
1.043216691371824179e-03
5.286637497852622689e-04
1.384606113627310066e-03
7.382235340407111582e-04
1.114662751896912558e-03
6.294055604826472548e-04
1.183786753390916316e-03
7.760424453997103941e-04
5.147252305087608986e-04
2.755400841757962242e-03
6.788891267605056410e-04
7.064454523584396501e-04
5.942537766915939514e-04
1.462250304795489420e-03
8.181129102103895526e-04
6.039270841686170425e-04
1.947648563513127177e-03
7.936690818776847471e-04
9.616923509118198866e-04
6.926108762593651685e-04
6.829874922019101144e-04
4.895214220037320124e-04
8.408681672716176048e-04
3.100641508773455124e-03
5.157413604227068784e-04
1.422442749148682866e-03
7.294235644042288509e-04
1.727981034415046729e-03
2.990750138395428283e-03
1.303689511131355143e-03
2.118483440361030624e-03
7.965908254491456831e-04
7.801777562259195123e-04
3.278799216094284170e-03
1.564372671913796808e-03
5.505852154398483897e-04
6.215778493548953371e-04
6.587337447337559973e-04
5.406656696892196213e-04
6.916562922458145907e-04
8.098099787829686133e-04
7.428382249323640810e-04
9.245295701968811366e-04
8.960609010162937571e-04
6.015638808506192786e-04
1.157214696960809971e-03
5.435885494749844067e-04
4.368411532169095787e-04
5.826444653867453088e-04
1.317932836375424821e-03
3.033921938074396127e-03
5.294388146241881150e-04
8.595592309041315097e-04
