6.500651737717116647e-04
1.033790289037402228e-03
8.436931051788276303e-04
6.528889303335766838e-04
7.675955465229573546e-04
2.297364591737041835e-03
6.029889276969027439e-04
8.649358629408097909e-04
1.296760366419490770e-03
6.591298052608289895e-04
2.093695714799962727e-03
6.539657221729604881e-04
9.421185320532487160e-04
1.047054432370494829e-03
7.006015373522421529e-04
5.604708354098593241e-04
6.588373054662019284e-04
7.457425166259798194e-04
8.352187623615219859e-04
7.852541362290312976e-04
2.288829248185534661e-03
5.165065283516477156e-04
7.828698239299014669e-04
5.753074700243720162e-04
5.890727191444418594e-04
1.045311330159005760e-03
4.739413348456364937e-03
6.564285969878184707e-04
7.867457383768087413e-04
5.105905035924810861e-04
7.509466853312061216e-04
1.264374927907124368e-03
2.115434938137063930e-03
5.298031249744467215e-04
3.320172768813192937e-03
5.126823721916193028e-04
9.535700880909127580e-04
8.952628635698645651e-04
1.352726882061414853e-03
4.965415188222161748e-04
8.728467188685017650e-04
5.846853158234556480e-04
1.194436397873926622e-03
1.154039788843285331e-03
7.788118846285866596e-04
3.878958058837622333e-03
1.586468336545586487e-03
1.072537530848386659e-03
6.405295701290078395e-04
5.685660176436584026e-04
5.637944963680875318e-04
9.509620963680336363e-04
4.894712227570340675e-04
8.456171118601869168e-04
1.188056442697691057e-03
8.221420807069126056e-04
7.503080209471576232e-04
5.578920873579413468e-04
5.311581916457637107e-04
4.880115491096128147e-04
1.851853560125312544e-03
8.194683412293667655e-04
2.418165294033477585e-03
1.641015876525131999e-03
7.794086826164389487e-04
7.205913859352248855e-04
6.070824676419576005e-04
2.293761094644469842e-03
7.742050935672367814e-04
1.294507684139121302e-03
9.226915673826111691e-04
7.651207912102382701e-04
8.608518677783066116e-04
1.171809061517447821e-03
7.165048360438742905e-04
9.492585603622252875e-04
9.329411357451056512e-04
6.750809949974982335e-04
8.261775885473999310e-04
1.071251717644121056e-03
1.584991304377795542e-03
6.558387426664778535e-04
5.809646720916524084e-04
6.562044056951538704e-04
5.948464413927606696e-04
6.452933349620986565e-04
1.968072597589369012e-03
7.853832701361822613e-04
1.494456364362362673e-03
5.527075014278878644e-04
1.085355971615539631e-03
9.172966861937044587e-04
1.624344437795281369e-03
1.614389063389984379e-03
7.113192064595354192e-04
7.063929457020608465e-04
6.676989216162478253e-04
7.375629658154129803e-04
1.249774998662630176e-03
9.206161603947455229e-04
7.083393906204910268e-04
5.665078391338594600e-04
6.496410219187913901e-04
1.307230043045830726e-03
1.275568749750620890e-03
7.149671510486886941e-04
6.344916704524204091e-04
1.070430331846402823e-03
6.766790835337810383e-04
4.827612146248252988e-04
4.602115640956191489e-04
7.601015418612177936e-04
6.466987405321664249e-04
9.833192058793650651e-04
7.535806750678799648e-04
9.093455979400294010e-04
7.283996720096357807e-04
1.150012760928777623e-03
4.207413159348034892e-03
4.683839578248870632e-04
1.234236751067658905e-03
8.017623731680781698e-04
9.417809254802597283e-04
6.907690408634439621e-04
5.762201428927091760e-04
6.508952640862165125e-04
8.622229499042544836e-04
7.582754473582088402e-04
6.963716431330094041e-04
5.714255305268538645e-04
5.669207547799429191e-04
1.502993237111898035e-03
1.253193208933911290e-03
1.015194618329568615e-03
3.381543104973954317e-03
6.094271503684470280e-04
1.299391388107550655e-03
8.711265975097894293e-04
4.882683139955312172e-04
5.777994390647390359e-04
1.069491493251837917e-03
1.110032411954241065e-03
9.061005462406274526e-04
1.038681326970232206e-03
1.091959287629382753e-03
6.555136635557513988e-04
1.293029607239632502e-03
9.903559644986758594e-04
1.024368657655038610e-03
1.336664147127622363e-03
9.063387404728067906e-04
7.614554561966141964e-04
6.092711454551820666e-04
8.718913116928421816e-04
6.919557697160141907e-04
9.579275805643188606e-04
8.654945168314530325e-04
1.082615853189833766e-03
4.738085152116599435e-04
1.077856563599626036e-03
6.753050385179160293e-04
6.420888278505028531e-04
1.515612241679390425e-03
5.189552986631221004e-04
8.112952491542318231e-04
5.808811725383159884e-04
1.710794858599978298e-03
7.963490330091628011e-04
6.499541452309130210e-04
6.421412985018791833e-04
8.517952360775928305e-04
9.112011194549212616e-04
1.596531450167580071e-03
8.679436106319274357e-04
1.910421005939062647e-03
5.436833567586707742e-04
5.665651322534078719e-04
6.734213129045047179e-04
6.514115343752226346e-04
1.495581932607211459e-03
6.062607411738299510e-04
1.062223888265830841e-03
6.782678959592289844e-04
1.828790677026520626e-03
5.616084269948944194e-04
5.805560905963856209e-04
7.185742886075053345e-04
2.395183612759899192e-03
1.603818069859842647e-03
1.768177222908633075e-03
7.337927060541873762e-04
6.025780078145302624e-04
7.226483753816989207e-04
7.949705204321252244e-04
4.906063042999516495e-04
5.546422692035237779e-04
7.840062751016043264e-04
5.404287609635453470e-04
8.359548974731599970e-04
2.034880102167186799e-03
5.744211139036649099e-04
5.094575697319720471e-04
9.355837175026643013e-04
6.719200289960797386e-04
6.607256839484456495e-04
6.570279464824213241e-04
7.403068178655843219e-04
9.412714584609948969e-04
8.476986690761689541e-04
5.450410067311373639e-04
1.626512274040612998e-03
5.911182648402839952e-04
3.193823328672829552e-03
3.982847692774969632e-03
1.284876791746379730e-03
1.242311550509159809e-03
9.282502340619644019e-04
6.002811714139379834e-04
1.550658179534236984e-03
7.219068556864794870e-04
5.518433459193751705e-04
1.028151906486023982e-03
8.194683412293667655e-04
1.100035420224402009e-03
6.168241563425958538e-04
8.456171118601869168e-04
1.240075059545607148e-03
8.157513006242666674e-04
6.264389825751240154e-04
8.685390698533703617e-04
1.399751579995687839e-03
6.253120937159169094e-04
1.977805901270623251e-03
1.134274226524869394e-03
7.016220494393918695e-04
9.017212472548234627e-04
1.259821466548816668e-03
5.632396149214973944e-04
1.216769318566974156e-03
1.525554611115960066e-03
8.968252990477179783e-04
1.162737971884057232e-03
1.342854428535313885e-03
1.225307736206227190e-03
7.359007754176970098e-04
7.041822586340887834e-04
5.950074079154538467e-04
6.240196181483872572e-04
2.145890396970184279e-03
5.758431304908336696e-04
1.845300758791376975e-03
6.027121975713678340e-04
9.774450954788199090e-04
1.052333149289391093e-03
6.149204910996112008e-04
1.353135829294884384e-03
1.259505785400217258e-03
8.854823929304375804e-04
6.999404549354663841e-04
6.393133413561555506e-04
9.139098757190958384e-04
6.031785494598408031e-04
4.987148494221211106e-04
1.046046274692926520e-03
8.063083606658183293e-04
5.715511180602121091e-04
5.664713225670976304e-04
1.525763572893067913e-03
1.052394442645286860e-03
6.542766012998033195e-04
1.111323658180154040e-03
5.814036546430867858e-04
1.018724454485923003e-03
6.266716630744511175e-04
4.738085152116599435e-04
8.221420807069126056e-04
7.376960105503205245e-04
7.803011389163732594e-04
8.817022325347136482e-04
7.321872956037170973e-04
6.347832965614283928e-04
6.804413848269572464e-04
6.427690047894167591e-04
6.616829812577023967e-04
1.040653470691553333e-03
1.325651163903623052e-03
6.587290175324682492e-04
6.409015662071960735e-04
1.960933245944370979e-03
1.783123574566676311e-03
1.207137540464332847e-03
4.417448563128245674e-04
5.755335997438834963e-04
6.825446766157619973e-04
8.351493701249172426e-04
6.789696023135289920e-04
9.915708358835754587e-04
4.881956480579472822e-04
5.546448435006118846e-04
5.347444791428561167e-04
7.131378631270141695e-04
6.972153137505237696e-04
5.594480769834657592e-04
1.008423614780940827e-03
6.458803679078486525e-04
6.571399319987071032e-04
1.001133220245594086e-03
6.793487172217235011e-04
7.103927952738216343e-04
1.968072597589369012e-03
3.841325416021168504e-03
4.465337371588806920e-04
1.202047067628493008e-03
7.801684290999827886e-04
9.639709037327284921e-04
5.415588279109113034e-04
5.698665754128880547e-04
1.219688129218122552e-03
1.348779915834713876e-03
8.385763489917775907e-04
1.082026649676887629e-03
5.647739183255502280e-04
5.808318346897995603e-04
6.314567555778448317e-04
6.256769575198026278e-04
8.593811255737605816e-04
7.058246868026386020e-04
5.772296686838251749e-04
7.534010682257489492e-04
2.235788517371579010e-03
6.189569758056634192e-04
1.871290726591734541e-03
8.665292315483783415e-04
1.239076513047051653e-03
3.982847692774969632e-03
1.022890749537181711e-03
3.440807673865096689e-03
9.187477985625225633e-04
1.091216716997858108e-03
1.142835075745379835e-03
1.681057524445732192e-03
7.596902679750424780e-04
1.194436397873926622e-03
6.008576432476065441e-04
6.009190005962300940e-04
5.273515424376669543e-04
1.875481910980521727e-03
6.982419431284846503e-04
8.790914110549306838e-04
3.052304870571485602e-03
6.891456027908902850e-04
5.883194335762944585e-04
7.080725954386723467e-04
5.479215928125474649e-04
7.634569050800227860e-04
6.769920070276464353e-04
5.962922818996167166e-04
9.496141277286761521e-04
1.292931626629567014e-03
1.260211842365827279e-03
5.435189730010462662e-04
7.817951441358963116e-04
3.563435128773884131e-03
7.362365619433748924e-04
5.543400982153849979e-04
1.049741704209205357e-03
1.241682416356227519e-03
6.660924907423505835e-04
9.492585603622252875e-04
6.278516514693399707e-04
3.841325416021168504e-03
1.067692548684940224e-03
8.431697718580206989e-04
5.439723203918693821e-04
5.803183640978551872e-04
5.706656669487694721e-04
2.097883267532468007e-03
7.111387079911490449e-04
5.208336808536366590e-04
5.609107278627265469e-04
8.573538547576240983e-04
1.062223888265830841e-03
5.630186008506576217e-04
5.981936970700851494e-04
8.648423276387029500e-04
9.417809254802597283e-04
7.130638815015481876e-04
4.828916793703726161e-04
1.219688129218122552e-03
8.534668795452012013e-04
1.142440827540819282e-03
9.027743816441659904e-04
7.561397760927504683e-04
1.252184258005221290e-03
1.267841729551733498e-03
1.344567311118772960e-03
1.233406680751441588e-03
9.218140732009136133e-04
6.024194400049522665e-04
8.261527047610603023e-04
5.630840933832091970e-04
6.993873297976068576e-04
7.319879659686579507e-04
6.005457297109548188e-04
5.027046016135903019e-04
6.730242995571461637e-04
6.076594693780404269e-04
1.220181418923246223e-03
9.521812727981330106e-04
1.872394241077872173e-03
8.314931524776887758e-04
1.487603400273420414e-03
7.388452645917101052e-04
1.075534822873492604e-03
6.029640367318019490e-04
6.559104766305981623e-04
9.357295580219331848e-04
7.488694290417000510e-04
7.221918576186519417e-04
8.421693737928468608e-04
6.499695860767671111e-04
1.069997522184064267e-03
1.958324466362412232e-03
6.970634449051033629e-04
5.829977085631303990e-04
1.005792443822315632e-03
2.114712136553896157e-02
6.772210357945515537e-04
6.409517181748254459e-04
7.307031739159910652e-04
5.299674149063819326e-04
1.175940627914187544e-03
6.689259105881738840e-04
9.216876583046571241e-04
2.643335135285632652e-03
5.888827785562552632e-04
6.001315526118302691e-04
5.849142577312541622e-04
3.165792230459854063e-03
9.589571869146356524e-04
1.114838756291035163e-03
3.050917367598645746e-03
6.893161207493904517e-04
7.090564734046001438e-04
6.783749786625673612e-04
7.443842304004344695e-04
8.671464458472656362e-04
1.771709802951852578e-03
5.656369760091251942e-04
5.896415016855794874e-04
1.563377278847111543e-03
9.602558323162490445e-04
1.092998035799299262e-03
6.689644112351116924e-04
1.077856563599626036e-03
1.439642887666515905e-03
6.834063770807075966e-04
4.786811678749740197e-04
9.024975731387024479e-04
4.667446899111016658e-04
8.898013386236195560e-04
7.546960977474909951e-04
5.064694940654957149e-04
4.908772318519534581e-04
5.651475775341898529e-04
1.476826744649485830e-03
9.155695807095661290e-04
7.143942220761706355e-04
7.874891968318980520e-04
1.172548544615361742e-03
1.097714260067755810e-03
1.211930736303086162e-03
8.294007375785051022e-04
5.952306843983760573e-04
1.001276839383894151e-03
6.823480217826487573e-04
8.349468729744416885e-04
8.886533675181100111e-04
1.377951985644998217e-03
7.781163610875783780e-04
6.699983518658002681e-04
5.743976558846286551e-04
7.103723711312723288e-04
1.138333024704768232e-03
9.819669034705656371e-04
1.802940462420785312e-03
1.270676238278705891e-03
9.580321073312211052e-04
4.537688889104758358e-04
1.898274417979115220e-03
8.013043064180962703e-04
1.257014112669756212e-03
8.855507114784788103e-04
6.014804224593168179e-04
7.383143914009862802e-04
2.674287109104819381e-03
1.290077179497879168e-03
7.546049039653455852e-04
1.091113122666777019e-03
6.758666857890746268e-04
8.253976164786352423e-04
7.785129300370041998e-04
8.701063253400520385e-04
4.469428560876598320e-04
4.963179268721482421e-03
1.025050685985768196e-03
9.162835310423302765e-04
7.647564734936340659e-04
6.214051009710495595e-04
1.071594106303902895e-03
6.158767125249712182e-04
6.918894261094762650e-04
9.352033677068412234e-04
6.800096426190327219e-04
1.717474817691515493e-03
9.466144959137390291e-04
6.102955939711766703e-04
7.306731311335949112e-04
8.227727084669811961e-04
1.510132869200648707e-03
1.074926145427700834e-03
5.084712426910863343e-04
7.232794096223559574e-04
7.527824042484629547e-04
1.042124452038262032e-03
9.034812120383365740e-04
3.584405796849936005e-03
1.382809704834223573e-03
2.686791218716737869e-03
1.253785931297981106e-03
7.412932548152948060e-04
5.717005334769590785e-04
6.463790037980187428e-04
7.189558670138851285e-04
7.947200019521943274e-04
1.110809302336902404e-03
5.736110612434135734e-04
6.147750268851523295e-04
1.201799755262796020e-03
1.836424900262217117e-03
5.103053919758345630e-04
6.225530552236935387e-04
1.110190601256957899e-03
6.381795178645116931e-04
2.318501137005348628e-03
1.363073350307052048e-03
8.747648617515315587e-04
9.095087416939051390e-04
4.923294227114823627e-04
6.265231645671027073e-04
7.084756474130176956e-04
1.119169752672966424e-03
6.763650390671135373e-04
6.279396168035557063e-04
6.902264652611977882e-04
6.209013155127537107e-04
6.578747727160516503e-04
1.012643199710956893e-03
1.088365966710872369e-03
6.456366317538517023e-04
1.655090765333872352e-03
5.548255742290177442e-04
8.482385388695631943e-04
8.416212156441737124e-04
4.952811150125254131e-04
1.113924181554403099e-03
1.054739475632614524e-03
7.373948181135694512e-04
5.861742743379508638e-04
5.793688675508155018e-04
7.178222626447457004e-04
7.279124971876954663e-04
5.435246515601162808e-04
9.576193724747706932e-04
7.833088918870122989e-04
6.073854636821972384e-04
9.909421723951008804e-04
4.976809923180593393e-04
7.116395845428757135e-04
4.620977519376146220e-04
6.711001823218400207e-04
1.333407897912758247e-03
5.547721786478766910e-04
1.155330415231163891e-03
5.424316993166024455e-03
6.562044056951538704e-04
1.045820363524899025e-03
1.221916983180783723e-03
5.238452039639031636e-04
8.794321552094892282e-04
7.661417124470026744e-04
1.746187591028418220e-03
7.552318117060372168e-04
9.914414182298403235e-04
6.935367224837733508e-04
9.046388983868171221e-04
6.037498201607872624e-04
1.108340491577630140e-03
8.571624452846787756e-04
6.236963292690596902e-04
6.684984839791927773e-04
6.751938128230361305e-04
7.038580312272117029e-04
6.134131705347571498e-04
5.514955688666079445e-04
6.812534592898020908e-04
8.999490422983343627e-04
6.581050917152309792e-04
1.114044161802786462e-03
5.000740108740752777e-04
6.803089126120849019e-03
6.685476337066090192e-04
5.929495214979395084e-04
1.170345464840959497e-03
7.083737189439123132e-04
1.916179500030260963e-03
5.691839549965592784e-04
6.973780715115244751e-04
8.462609626343297166e-04
5.041046960925696634e-04
1.311618572735154080e-03
6.213554095062467052e-04
5.090348041082307443e-04
6.590208507687510915e-04
7.719729145025208033e-04
1.452817319365784813e-03
6.234398570451212245e-04
8.806356242595173977e-04
1.940108630748030479e-03
5.291362476575496706e-04
3.099257029851344714e-03
5.956819143800699563e-04
6.688614997253078788e-04
1.001283851911746172e-03
5.680670270903961233e-04
1.745441697687594900e-03
8.054684326710633046e-04
1.186795099941313509e-03
9.271516947689971899e-04
1.373932247869422705e-03
5.726177220700054415e-04
1.427756881055018950e-03
7.307130063601522275e-04
5.858540193609424471e-04
7.283201806630867784e-04
5.587907779301049720e-04
8.922201159341496424e-04
6.956527035162480242e-04
6.265231645671027073e-04
8.447302967847286539e-04
1.074739444028280843e-03
7.086255209959328640e-04
1.299956208544850340e-03
6.673546662711530436e-04
5.614793049417108077e-04
1.117412009777487983e-03
1.841223239630005414e-03
1.705582955719808606e-03
6.318399467975498998e-04
8.781729938507733604e-04
6.137833929745643629e-04
5.073476151749140538e-04
6.711065890034065761e-04
8.177514473466156132e-04
5.300817503790934519e-04
9.222506340401181524e-04
1.293457861889999718e-03
7.124435964542910095e-04
1.227740850473394568e-03
4.821148527088951513e-04
5.418187846649081445e-04
7.849621688219047492e-04
1.415047966015118815e-03
6.858937599710979074e-04
1.257786095788423087e-03
6.761445774569025497e-04
9.485810478621664772e-04
1.079246879575150846e-03
8.655641515003915324e-04
5.431772714200238739e-04
9.641949511971328098e-04
7.883876880614208672e-04
4.650227195317478712e-04
6.563798859178471235e-04
7.791289972792368648e-04
1.144281249742880270e-03
1.341085948078881134e-03
6.692614312939715532e-04
5.421817879481307658e-04
8.759101478272664134e-04
9.561405194074691465e-04
5.029563779708096398e-04
4.633224038365777917e-04
1.242311550509159809e-03
7.949705204321252244e-04
1.094597488824019995e-03
6.789272259277592076e-04
1.204710947954027236e-03
6.327067621994450757e-04
5.683598520602980205e-04
8.533529831159769033e-04
7.232794096223559574e-04
1.499478992232888353e-03
5.509131992575317955e-04
1.531171248813022927e-03
1.612134385745142085e-03
8.942705805686097494e-04
1.891241957981642683e-03
5.183416377303231562e-04
5.214645258713211185e-04
5.217298781728902735e-04
6.647557855090225742e-04
7.539600272667288305e-04
5.221849341495352591e-04
2.182433773557998589e-03
7.522237100027445288e-04
3.211891386769477261e-03
8.250669645100338571e-04
2.275497675807097806e-03
1.108988406101723634e-03
8.126177533964226837e-04
7.736088763641912414e-04
5.079025298536497422e-04
7.716571987001156346e-04
9.784508087405288223e-04
9.295732299766277466e-04
2.278934810734772106e-03
6.428452309924675197e-04
1.162567414162033212e-03
7.639634567933852255e-04
8.078393080528812470e-04
1.021023603464410847e-03
7.204514114992013494e-04
6.816245264402363791e-04
6.541149265266301771e-04
6.825446766157619973e-04
8.932516557212765015e-04
1.252697181060801867e-03
8.109385053090304926e-04
7.225106823956630809e-04
6.006051605712054613e-04
5.745715889137154942e-04
6.546195637323471003e-04
7.643400584583144326e-04
8.415709751322735747e-04
1.156143980445063996e-03
7.094247118133248115e-04
1.106660213750951813e-03
8.271909187002428332e-04
6.149625583177252075e-04
7.877290406048196702e-04
1.135433213357530790e-03
6.046965086424301375e-03
9.233900308856183431e-04
4.960754164581835952e-04
9.217900916294693341e-04
1.408856674648959308e-03
8.914441668000050402e-04
5.167944307548236280e-04
9.255771969717650890e-04
1.716469695562765786e-03
9.578464609069249755e-04
2.226705878360851765e-03
5.501395659366770238e-04
1.807673530906469270e-03
7.769085071172067165e-04
1.615708377969835539e-03
9.115229115265078164e-04
6.289133424593017349e-04
5.722687830247156137e-04
8.574426805022193881e-04
3.051936680786617936e-03
1.014133928518057325e-03
9.377235720300758750e-04
1.717474817691515493e-03
8.464486583030397630e-04
1.032548011713224244e-03
5.641389848811555240e-04
7.022492309044858034e-04
8.002208742494229966e-04
5.581617081539001551e-04
7.577889407908610297e-04
6.080079462026734315e-04
1.745441697687594900e-03
6.331275804589151304e-04
5.981897107838181436e-04
6.044566325168379117e-04
4.809415088420288171e-04
1.154039788843285331e-03
6.717184267809189497e-04
5.925370443600842590e-04
5.093921900320454426e-04
6.952481428157056406e-04
6.279202636145435161e-04
1.378816047062507693e-03
6.684321949209459744e-04
5.660681990299547099e-04
1.109777347906393307e-03
5.060387688586258500e-04
5.611449687618746138e-04
5.808811725383159884e-04
5.819490621035754369e-04
4.893697866890518158e-04
6.233926628339818855e-04
6.822299673621256416e-04
8.355568800230409781e-04
1.731881569445323579e-03
1.178420557726406843e-03
1.005604782813651578e-03
7.095011710368460045e-04
6.638267860545290404e-04
1.529536531044134407e-03
1.363073350307052048e-03
5.497696667803639694e-04
1.162001265542325070e-03
1.203808087268800264e-03
6.978516972831148033e-04
8.669801873375255347e-04
8.051082519535461514e-04
8.454803651384662456e-04
5.802528027183244961e-04
8.665204805822375976e-04
6.232238485499208731e-04
8.161863197096542533e-04
6.629730209551673668e-04
6.195387552506493364e-04
1.099650606355838780e-03
8.649196071446520629e-04
8.511893308442544702e-04
6.350053346827707647e-04
6.943247071734515944e-04
1.013703568494940489e-03
6.097472830820133442e-04
8.228352487537579944e-04
5.814036546430867858e-04
1.257014112669756212e-03
7.104693123241167954e-04
1.018358305109678648e-03
5.139848224351445003e-04
6.838425307967776687e-04
7.972383863796011919e-04
5.413960425939914629e-04
1.412250686899086316e-03
7.729557455033644192e-04
8.107991225757694813e-04
7.510160424694294155e-04
6.041433046716004679e-04
7.787631326242208749e-04
1.559255917916448205e-03
5.490658853890379668e-04
1.519280823820687255e-03
5.246892198380395406e-04
1.223659472482670381e-03
1.365882858049504616e-03
6.374135862007639054e-04
6.112656322947987095e-04
6.513665165147138232e-04
9.257693523030421055e-04
8.415709751322735747e-04
8.084870394051765904e-04
8.316209724024045116e-04
5.044794710601847344e-04
1.985986543747406824e-03
7.735307815271692897e-04
5.565858356067444543e-04
1.508181812131504556e-03
4.654043129224195215e-04
5.762397111609966109e-04
2.029874166478226258e-03
1.079246879575150846e-03
8.405685035064007233e-04
5.883194335762944585e-04
1.119169752672966424e-03
1.479605158734847471e-03
8.044683012969216802e-04
6.739430955579198482e-04
1.045311330159005760e-03
7.242172940540083379e-04
7.124435964542910095e-04
5.859473235818474799e-04
1.220886087014742436e-03
5.594480769834657592e-04
1.138988258355052262e-03
5.473289875429801455e-04
5.841884466356298726e-04
1.528528113117433741e-03
1.671963813013731910e-03
6.587290175324682492e-04
1.234304102129458840e-03
6.664677481008649072e-04
5.273406119263134972e-04
1.147337230300223129e-03
8.611503254056754753e-04
8.667352631611041159e-04
8.203630661676838054e-04
6.973780715115244751e-04
5.832093447884627605e-04
9.378566251978818959e-04
8.880371899509507429e-04
4.675038902503258500e-04
6.520695519228534697e-04
8.652001068402488844e-04
7.570990534225266119e-04
7.677167897116456792e-04
6.357727373517170618e-04
4.894149103912783958e-04
4.602693350808698103e-04
1.255336385405823700e-03
5.731899549187857452e-04
1.029171454510734336e-03
5.439723203918693821e-04
6.442614561782446236e-04
1.458391160755878732e-03
1.429127804299112209e-03
8.289877730576749454e-04
7.310027790228454912e-04
5.116277071970815613e-04
5.632220034077728118e-04
1.180003031408203076e-03
5.656205921803349017e-04
7.730077670546267729e-04
6.421975840104310026e-04
7.281840389800548537e-04
5.743990572013335820e-04
5.903425837888393122e-04
6.559104766305981623e-04
1.082587478877130313e-03
5.945186321408936015e-04
1.261983692594118283e-03
9.056807500431420313e-04
1.018361826720957063e-03
2.579699667868894705e-03
7.224363737439405469e-04
7.898234905395933644e-04
6.160535321485883023e-04
6.070849499317936297e-04
7.260042479477877729e-04
3.108414650113425215e-03
9.182957126504540189e-04
7.333285427120600757e-04
8.035243708217586212e-04
7.788108957033242335e-04
1.725938153508595153e-03
5.552603003627715672e-04
9.269589766455839288e-04
9.004124048917256816e-04
5.671144216536231145e-04
1.371434102834557210e-03
2.615146817011636780e-03
3.214814060950152777e-03
8.827058231018183789e-04
1.135292577567762915e-03
1.634356864985481682e-03
6.280682078263547224e-04
1.084609723127274473e-03
6.137833929745643629e-04
1.204359580311613548e-03
5.407454041155153844e-04
6.507126624859963047e-04
6.333704625779707897e-04
1.286970189676411641e-03
5.679359978819829803e-04
8.745492176528210778e-04
6.270399116182239678e-04
8.163402842814718782e-04
6.078689075960883601e-04
1.322984870402958398e-03
7.363311217177885256e-04
1.195216314984235122e-03
7.535497845640314225e-04
6.544208559216845066e-04
6.710886862114855524e-04
6.936336888436109814e-04
1.195044332812350736e-03
1.564773408865824866e-03
8.822161994101033501e-04
1.067311891258252788e-03
5.271810379495302842e-04
6.416377123213242361e-04
4.916096632964789964e-04
8.448276568967631479e-04
1.421137542250668030e-03
5.435113621491985359e-04
5.562223476392960273e-04
1.116595323687020070e-03
5.620033983514493127e-04
8.054684326710633046e-04
4.308903158065862694e-03
8.344890145549289841e-04
9.718679728476343300e-04
1.358094535988744718e-03
1.045255407473134153e-03
2.564559672865179916e-03
2.013603518344646379e-03
1.020288705859957127e-03
4.984806897436764922e-04
7.028099629057862332e-04
4.788980191331412058e-04
8.023447757700855141e-04
8.149823424946608984e-04
