8.784075336914020466e-04
1.290737017084395014e-03
5.661276783266912943e-03
9.727528389218362010e-04
9.024514644346332990e-04
4.947749692017698554e-04
6.408529016899358480e-04
6.029418926105763405e-04
5.412380675010536671e-04
1.155668958212552810e-03
5.809115025723453210e-04
6.727758310592900923e-04
8.236238709005070909e-04
5.688754667464753900e-04
1.676228471081283884e-03
7.136305306381769903e-04
1.207373780616922531e-03
7.023424198863697111e-04
1.393951201345956662e-03
9.665469853751679479e-04
5.863975585192445286e-04
4.955356985908467016e-04
6.050705510127993856e-04
5.872386369378927457e-04
1.425711888408680251e-03
6.318900231675078118e-04
6.744041445809579672e-04
9.607747282077515457e-04
1.012880362243597171e-03
8.796472854538113072e-04
8.217420688548410799e-04
7.939929295958911325e-04
2.140989377474244396e-03
5.619716532863758187e-04
6.361412910297951050e-04
7.115314607453450358e-04
2.459443971175316775e-03
8.183198722412126031e-04
1.326953874095086316e-03
6.845270159462265311e-04
2.464263617001423001e-03
5.850935811943880436e-04
7.011722757780156729e-04
8.963303418280755891e-04
5.823294708656554138e-04
4.760990496544886472e-03
6.049706865064803825e-04
4.887479999294032634e-04
1.752083569721148712e-03
5.623809804099894321e-04
5.857191253178402595e-04
1.166855543626756954e-03
7.278425370925274912e-04
8.724146347632883314e-04
5.498836315239497051e-04
7.091266757831252328e-04
6.136991854620200840e-04
7.467878010454289403e-04
9.554732560332499175e-04
6.170787413086246910e-04
6.537242239832581061e-04
7.122069742786281020e-04
6.052108199681543706e-04
9.141301228034624717e-04
8.272805549256993666e-04
5.187605751997029181e-04
6.613467919424793071e-04
7.668940460194811470e-04
3.965822146601747158e-03
7.163985468870738560e-04
2.133075423792934674e-03
6.780637874762451443e-04
6.760339171975300945e-04
6.451592013065180799e-04
1.110892871525186263e-03
9.200378580885348661e-04
6.319629344636565381e-04
5.152802001941100005e-04
7.673675331127084113e-04
1.672191710651261317e-03
5.196068078826991459e-04
6.552995694395845989e-04
2.790682281005296347e-03
5.971071139337456174e-04
6.823862329674799379e-04
9.041205052288555071e-04
6.451571959603567092e-04
5.625014086571954045e-04
6.595338053029562797e-04
7.729750969918094050e-04
7.277323218855244512e-04
5.004112180571205137e-04
6.868255405590926706e-04
6.842725027990487988e-04
6.791655574893411696e-04
5.425521136644300465e-04
8.471916943185678773e-04
5.019329670172142065e-04
1.339798582097283903e-03
6.871288813092259673e-04
9.886600890833658305e-04
7.281334532156109310e-04
6.177946335973374253e-04
5.462551645191813122e-04
7.428985497714365744e-04
1.847384648137119587e-03
8.112426806353830117e-04
3.840353033239279294e-03
8.878943383692297370e-04
6.856019516111117257e-04
1.321696351734590481e-03
9.979810316487591326e-04
9.658841665101189225e-04
6.492673524673542697e-04
9.432111373782193749e-04
6.097760327573375572e-04
5.343743506526999138e-04
6.871129543830274992e-04
1.081683537199888689e-03
5.785592550021055602e-04
1.190269234992092284e-03
6.572749091135790230e-04
5.517187855815361072e-04
8.012945234579310020e-04
1.527347534075360622e-03
6.097135815566080003e-04
8.757096961403418919e-04
1.673540205107941969e-03
1.299955240299227339e-03
1.411648997777938336e-03
5.217288933309048582e-03
2.476995413220668685e-03
1.016541516941398037e-03
5.891059332341133919e-04
7.334215497765482310e-04
7.589633490127331876e-04
7.499722903008714577e-04
5.630728448250220787e-04
7.454544251867311960e-04
7.696920523421536039e-04
7.684383855769077272e-04
9.250943945816844953e-04
1.054975519469952610e-03
7.437933424166431884e-04
6.901269771164253138e-04
7.363593438263526039e-04
8.353548114844922988e-04
7.741150746353508754e-04
9.854742062176296332e-04
1.093208102773059404e-03
7.638190061957605926e-04
5.551536741380355038e-04
9.919631531996153228e-04
5.625067340512944101e-04
7.937714558155115020e-04
1.065032548655222211e-03
2.171268973545198953e-03
9.729160099357670463e-04
4.959898639077985538e-04
7.169956458959704992e-04
7.837732431188373233e-04
2.476995413220668685e-03
6.643183400127837751e-04
7.599171511770548516e-04
7.394231174228429451e-04
1.257415778164192597e-03
5.976578289881777188e-04
4.954179616361813329e-04
7.706086973681548595e-04
6.989868743997694608e-04
9.008806885736004352e-04
4.867748998967760051e-04
5.759732895727655289e-04
1.514546356471885508e-03
6.675610287513853878e-04
7.646863887547721787e-04
7.055480064162397875e-04
5.795857682537251506e-04
4.907574528363947697e-04
7.321003924261898109e-04
1.283381195026517393e-03
7.344197998749191648e-04
8.527210820616533404e-04
3.992681003329599278e-03
5.853980568765607476e-04
9.029141677449349082e-04
1.021330840473955170e-03
2.382555252100711143e-03
7.073377472705472471e-04
1.195874392796122433e-03
2.423409245395121824e-03
1.677078948029899624e-03
1.094986313164056152e-03
7.353608643417205992e-04
7.541499437566536292e-04
1.471097052120340365e-03
5.561894862801991697e-04
7.443440804700214618e-04
6.628324609473665655e-04
3.373686782831703413e-03
5.544352983095780351e-04
6.951959246040042683e-04
1.299490023928533133e-03
1.823756254247434899e-03
5.213740642743358664e-04
4.891602967442436377e-04
4.988900920168235116e-04
1.037128624841158206e-03
7.176375333407494133e-04
1.188703253581533314e-03
5.659009765967733252e-04
7.221252995768586563e-04
6.016550188461435977e-04
6.118120266150917389e-04
5.342782702274018799e-04
6.384776465799593117e-04
6.265039608877451737e-04
9.167298401611307952e-04
2.046647126517594107e-03
4.765428626271717258e-04
9.848546935798852160e-04
6.772556692722861166e-04
1.172791703724529021e-03
7.053024351045193534e-04
1.054748245098087759e-03
7.683989423484595708e-04
1.766108554599364220e-03
5.600678767573105546e-04
9.834785765002588588e-04
5.171717151778906221e-04
5.654488682473672026e-04
5.086072051327414183e-04
6.463866267909569065e-04
7.503653464178611015e-04
6.275149345363159777e-04
7.234961167183365065e-04
5.401455943744803111e-04
8.287236536499555193e-04
7.047113166329799358e-04
6.654199116302315833e-04
4.565047913403239900e-04
6.500837599370437158e-04
8.456329301896329175e-04
7.092212597456510996e-04
5.823736805175903745e-04
1.091261247379310233e-03
6.222501859403215983e-04
6.382325100155981923e-04
1.894494343630719405e-03
5.795175978886577331e-04
1.222215190568999620e-03
8.792757807273694727e-04
6.424432891490304857e-04
1.198681325055151034e-03
5.732837664678015061e-04
4.917721947757225896e-03
4.539971705747548793e-04
9.156977252590662751e-04
5.209131653142949321e-04
7.768385738985665459e-04
6.026631720434205523e-04
4.968993943096424197e-04
2.195712304355091748e-03
1.387387910412411383e-03
1.741632254707509543e-03
6.605688806249854174e-04
1.025952091629987566e-03
8.571906850973951258e-04
5.806966907922654153e-04
1.541554998920713392e-03
7.620464973393665771e-04
1.055036119211321018e-03
6.944657612970512369e-04
8.223584343734051134e-04
1.975569079160641953e-03
2.561939183687525750e-03
5.973558756000327350e-04
7.961595265256885597e-04
5.074003841791785690e-04
9.772907435366018792e-04
1.072501795549741762e-03
5.110383626660099706e-04
5.386778650534822894e-04
6.717693871774198027e-04
9.383484947286123336e-04
6.209957687669756966e-04
6.199396830925079207e-04
1.615155246503337770e-03
5.840486362966496904e-04
7.209335686108636794e-04
1.754415683605848632e-03
8.018083760358897007e-04
6.068211143711094895e-04
7.108765035484944372e-03
1.335322054408840178e-03
6.113618928978601860e-04
6.972442201206919318e-04
5.717703342402740037e-04
6.908272574330093490e-04
6.349588148531223972e-04
8.230354961033338251e-04
8.535017749187606695e-04
1.558765189694731644e-03
7.182570756272519969e-04
1.799014675511652296e-03
5.624450789625875125e-04
1.216782729436800261e-03
7.802943562644717610e-04
7.977994969231805246e-04
8.752988864237524818e-04
9.199744660117428101e-04
5.469399603074754420e-04
9.874666894744599417e-04
6.204293858108118247e-04
1.322667661937596125e-03
6.642643130174362117e-04
6.509923688772844890e-04
7.727854705400635186e-04
1.613576298735302150e-03
4.927975780895738284e-04
1.370402316262503764e-03
5.321156992113434438e-04
1.158182534636689742e-03
6.987555867412045731e-04
1.220802563535725678e-03
9.123359580575563692e-04
9.012527774056688749e-04
7.759714218201930070e-04
1.884469500439870911e-03
5.819240799815707851e-04
5.573580806611510294e-04
1.219479673980085159e-03
7.188172172283928928e-04
5.429639986438361760e-04
5.584942561463680961e-04
1.043642798081405873e-03
6.216237795156195553e-04
1.205619876797830526e-03
8.997520309469818215e-04
7.710571155010280267e-04
6.914853717966087292e-04
2.065279800030345950e-03
6.739084221289851680e-04
6.068211143711094895e-04
6.268579726880689571e-04
6.494343519262811429e-04
4.890374765384876421e-03
5.294566583166704712e-04
5.264390104500713289e-04
6.073052161708964369e-04
5.572514703017820373e-04
7.045860562997667076e-04
6.676696650895010176e-04
1.589811346900225344e-03
6.707611782890821441e-04
8.857777725670164639e-04
6.319460522704910873e-04
6.897727113503832833e-04
1.242986805312279930e-03
7.456243172893417884e-04
8.549623880382702622e-04
6.261820660944910754e-04
5.573221338269633606e-04
1.002735463941439777e-03
9.246774777095570757e-04
6.506404337799893229e-04
4.435843093954502459e-04
6.641307699499501230e-04
5.277658712126761381e-04
1.340792260049533495e-03
1.095580986237529655e-03
1.344255160991263869e-03
9.206793400225426593e-04
1.975569079160641953e-03
5.525298900275634308e-04
6.701668538609006388e-04
1.009691044620842021e-03
2.939130456706659338e-03
7.991130124330921578e-04
6.279658505831678872e-04
5.743209240572424166e-04
6.326788329618643217e-04
6.085585788613464804e-04
6.916266469868919938e-04
6.215733542678100135e-04
7.325113791044071893e-04
1.893487280556187128e-03
6.332460174144529785e-04
7.553850430680544587e-04
5.032929425499480490e-04
1.665727923876182898e-03
6.315531987119648270e-04
1.247531915562893803e-03
5.934183958044783472e-04
5.784859842951698946e-04
1.198681325055151034e-03
5.649892660933379098e-04
4.478775995559205981e-04
7.900983179212462239e-04
7.124089344421736907e-04
8.850361471858639350e-04
6.699719360887998985e-04
6.775565179200997677e-04
6.595555773726608948e-04
8.840198825144549542e-04
7.412423252130046674e-04
7.234533271503430438e-04
1.073528385684951666e-03
5.767662000038796012e-04
6.320529115795485257e-04
5.863975585192445286e-04
6.385386712470195745e-04
1.223014833384727029e-03
5.696070158031317759e-04
6.063575850797073069e-04
1.591880998901688089e-03
5.157600430691076151e-04
5.722951037366740988e-04
8.648733211896377643e-04
5.464573903236301638e-04
1.754415683605848632e-03
6.859873679834694237e-04
9.507066062403350063e-04
5.750880517821903726e-04
1.602099447265872400e-03
6.280246066309022254e-04
7.491400575561062841e-04
7.535086474107041037e-04
7.989001829044622581e-04
7.159445523372548600e-04
8.127145707382249897e-04
7.187318180408092594e-04
6.876982545993649614e-04
2.594148593387386216e-03
5.779298495843165559e-04
6.681097576045229086e-04
5.041656953983040396e-04
1.088062947191169132e-03
9.151158881870888545e-04
8.254088831313000996e-04
9.819040633507886140e-04
1.591880998901688089e-03
7.617213752386779464e-04
9.482960678553151732e-04
5.470091950228253563e-04
8.554064773247870793e-04
1.273986824346085272e-03
9.331609357422472953e-04
2.838369647947500216e-03
1.003608349096520806e-03
1.377611433854232428e-03
1.059423924668559044e-03
9.029426080338767225e-04
6.528362274863668295e-04
1.823775188390315419e-03
5.925426362438672087e-04
6.018817668894377694e-04
1.064283060564634323e-03
5.573600110352735148e-04
9.231018614231141116e-04
6.839833001215443568e-04
5.023598390486514863e-04
7.590705416775777193e-04
8.798412403660550978e-04
7.161011930066565759e-04
7.381849530008391782e-04
1.037726856318348144e-03
8.519901318949009861e-04
6.679705236137372651e-04
5.476829291888591321e-03
9.339294185613775156e-04
6.956799223062248199e-04
1.469362268761345959e-03
6.628011172058774622e-04
5.838754597650856791e-04
4.968555254636305464e-04
1.739871022131919600e-03
1.124870829643854521e-03
1.426394117163414270e-03
6.028758793199728502e-04
7.950008868439753431e-04
6.381068768755174475e-04
7.309859558933727791e-04
6.974544142848239153e-04
5.892487806072202548e-04
5.510200760961336732e-04
5.604364269783728911e-04
9.117965654634540380e-04
5.783399660126446393e-04
7.272645963006164503e-04
5.752824224829408695e-04
7.404371397911959111e-04
6.754845062733598905e-04
7.087928895452390906e-04
7.005474721372235633e-04
8.569325030498805337e-04
9.244600788756972016e-04
9.269849335064632651e-04
8.298106320843454207e-04
5.722162589811305520e-04
1.843639038741632079e-03
6.695408134810204364e-04
8.293908425457053495e-04
7.819989477373383725e-04
6.132012970587869243e-04
1.216168270891404253e-03
8.744601067802884684e-04
4.730917375340808737e-04
7.000576878185646055e-04
3.835674666804309539e-03
1.002144661763507659e-03
9.441596069579696405e-04
5.222720369289646095e-04
1.155312794230601561e-03
1.510733525068289193e-03
9.806131101458487927e-04
9.686880171695989600e-04
1.483201737459968056e-03
6.862174303451443191e-04
5.184301208357690793e-04
7.215587340703616447e-04
7.419398835067973980e-04
5.548067143041365921e-04
7.896859848629698628e-04
2.539110198509129078e-03
1.695634533872880266e-03
4.707769107267338886e-04
5.473986309104772290e-04
1.403771798957248939e-03
6.871572736158668149e-04
9.010197361022189745e-04
1.461952247663210339e-03
7.580009448102691854e-04
9.018035098625748610e-04
5.154284059869319650e-04
9.051208077238305635e-04
6.357518613989935220e-04
1.037726856318348144e-03
6.128358923474038107e-04
6.851010904450571771e-04
6.894181989397331952e-04
4.854153455362638812e-04
5.121766710833161249e-04
6.743204421166422956e-04
8.648337502814302646e-04
7.617217555495924344e-04
1.700117414277835465e-03
5.781497999226785757e-04
1.156946916103804204e-03
1.863956629875168679e-03
9.958852354759060912e-04
8.588674745851892101e-04
6.056459715776554929e-04
5.489456773208155468e-04
6.549232096551836938e-04
5.595397557151306211e-04
1.161976474546283456e-03
7.873270809184590999e-04
8.631823399639816522e-04
1.546029740718476769e-03
1.493490979021518464e-03
7.997659903410120211e-04
6.529400087317636502e-04
6.422214338991324468e-04
9.245937118547793623e-04
5.375592033186243684e-04
8.728166327554793061e-04
7.314145760268132715e-04
8.053439669078442950e-04
8.554064773247870793e-04
8.272179351169986917e-04
5.767821351823769786e-04
4.990023562861954426e-04
1.147076027174839330e-03
5.119428560048381238e-04
8.902177772002071911e-04
6.320806803585293137e-04
6.610232335511469041e-04
6.230186830551322349e-04
2.080603135776997164e-03
4.917158389276421893e-04
8.844187691261861219e-04
8.834405307927493652e-04
1.228795204760859067e-03
6.166828885584423351e-04
5.625067340512944101e-04
1.455567957962974413e-03
1.653757354239882927e-03
1.417848159332584651e-03
1.030144847992199011e-03
6.494008987681012396e-04
1.143155420307900329e-03
6.012688403568233709e-04
1.174513347557469643e-03
6.284781499010170776e-04
1.591880998901688089e-03
1.983479800296175481e-03
7.141696076658463109e-04
5.247258363372730647e-04
6.699106832890559934e-04
6.414023118915440679e-04
6.335479530006086959e-04
4.563057364708464521e-03
6.033146381989371422e-04
5.836186016423051438e-04
8.458819104898150946e-04
9.266405190887576056e-04
7.342059914145339459e-04
8.059043001956580190e-04
1.012043000670520294e-03
1.918397268140704806e-03
7.756072934332239972e-04
7.440943802741863209e-04
4.868615882409047164e-04
8.724146347632883314e-04
1.688836201875988999e-03
5.547097776077953386e-04
7.353304650647822256e-04
7.262312583509635943e-04
3.701874927735865524e-03
2.790682281005296347e-03
9.318939651259270296e-04
6.246363425284677485e-04
1.588245053132492611e-03
8.234448280091084338e-04
3.840353033239279294e-03
8.442129991733953896e-04
8.730532843273019821e-04
1.303992500237972267e-03
8.140142860102948233e-04
6.593176358356677303e-04
5.953556691046357329e-04
1.296169326148752981e-03
5.449330256926367610e-04
7.711728778339465738e-04
6.293193201483769216e-04
4.962072396851389521e-04
6.201672067067840952e-04
7.060317292825186823e-04
1.479646580110881250e-03
4.676880026055373583e-03
9.898996154160245951e-04
5.821021944649359394e-04
6.036486997140758830e-04
6.115337158431543262e-04
6.055244181626120385e-04
7.839977607810758682e-04
8.495964075168257199e-04
8.270885231089404079e-04
1.024901016434187715e-03
5.472968002663494572e-04
7.300425676407949109e-04
8.500458795720162520e-04
7.313897453980739262e-04
7.756590666957437034e-04
9.140031124330644154e-04
5.559008038370046772e-04
1.129549235685744233e-03
7.086256536035611927e-04
8.135739320257472139e-04
5.217288933309048582e-03
3.699461685974504872e-03
7.592474574678429074e-04
1.487436733505884037e-03
5.088059554340427322e-04
4.442276788945079616e-03
2.366377912537066114e-03
1.025408061640963389e-03
1.411067965090559125e-03
1.504827047859045750e-03
1.364246892521222675e-03
6.675841723541836971e-04
1.131066024981168408e-03
6.244734053211621139e-04
5.764699610212263830e-04
3.281774519260987830e-03
7.871113635247917097e-04
9.971345650589351871e-04
1.125579923098552707e-03
6.218719116837180712e-04
6.933991905889030916e-04
7.009561355069458084e-04
2.752013794980117962e-03
7.457309118526975200e-04
7.402508430577775826e-04
7.601204933633119894e-04
2.736975554829195172e-03
1.034430664226216809e-03
8.858732211736105883e-04
5.012324417138395516e-04
1.120429069299573067e-03
9.714072278580879530e-04
6.373296991658321730e-04
6.641063432969799554e-04
4.854862450778104558e-04
6.301552383215279583e-04
7.203842564296110721e-04
7.727089748226730927e-04
9.181385741413028434e-04
3.373686782831703413e-03
7.788024038176451095e-04
6.574739547371361362e-04
7.547408591830805308e-04
9.182785894970498268e-04
1.664769742970349060e-03
1.347739917964772263e-03
5.721382953092047459e-04
5.381113749782401616e-04
6.429379681015226673e-04
5.896936031880604468e-04
7.538845750159621668e-04
6.735135657788988159e-04
5.337862152232509660e-04
6.959026322034041895e-04
5.563749417928276399e-04
6.216193612201676138e-04
1.225248955226212761e-03
6.127187132398531893e-04
6.713176313677475223e-04
7.205688949301795399e-04
5.241703531890831410e-04
3.989131580358607453e-03
7.554133374936789717e-04
8.528646547235515770e-04
7.990238863317229105e-04
8.530794137578393737e-04
5.994840854337724241e-04
6.518250074189106203e-04
5.721352434532695711e-04
1.181144277326111151e-03
5.357680666407760653e-04
6.845895656470821124e-04
1.229889333204454115e-03
1.408629421036902609e-03
8.102677185362454088e-04
1.019294048519552541e-03
1.060225532452539234e-03
1.281522306321866743e-03
5.154284059869319650e-04
6.917612483724393073e-04
6.325163156083592848e-04
6.177946335973374253e-04
6.311814306421912593e-04
1.858884689470799564e-03
1.298796061720468428e-03
6.639376688663924716e-04
5.900556220855873897e-04
4.864220835358163656e-04
4.980731171738771819e-04
1.697120663819151653e-03
6.428470916911063066e-04
7.213073729249828026e-04
1.223014833384727029e-03
8.420488460572894121e-04
8.179810308904752504e-04
7.188172172283928928e-04
1.751575522369607863e-03
8.660648596660660290e-04
6.921563108920317144e-04
1.121198881412470037e-03
5.515667692032889249e-04
5.959628934780113142e-04
1.823756254247434899e-03
7.701312454516471423e-04
2.174927465426807881e-03
1.081683537199888689e-03
6.804229914762868932e-04
1.276171404524844601e-03
1.544204581242692624e-03
6.141069407973782663e-04
7.033819764421135731e-04
6.124109742939681756e-04
1.336913069858015977e-03
9.430325256539472427e-04
5.959812510547424095e-04
3.002744321438903172e-03
9.273832200492643403e-04
5.079909168132897218e-04
5.582334162881872914e-04
1.312638536843797150e-03
2.797305857347803359e-03
8.012945234579310020e-04
6.069191393252102579e-04
1.391415816415299744e-03
7.693936284917580375e-04
8.608740916608477196e-04
9.377607840998658127e-04
7.276297735131720618e-04
9.336526191782270126e-04
5.349336631824027884e-04
6.803084224744280735e-04
6.206163565593874254e-04
6.106137338922379724e-04
1.449489172565989479e-03
1.634081842694556398e-03
5.301317258046930230e-04
8.635235446105919135e-04
6.255816839138857556e-04
7.136476160767143626e-04
7.391371444933938746e-04
5.474865306978678355e-04
8.777637027852978847e-04
8.226646509442823866e-04
7.279343402745619591e-04
1.468369800913491528e-03
6.130158784399704613e-04
1.188876594845130353e-03
5.374587661712700807e-04
2.327285913494365772e-03
2.270126473750170952e-03
7.345022623436681065e-04
2.087944561827487309e-03
1.329398988881801396e-03
6.063575850797073069e-04
6.105843931422817034e-04
8.157081901796182054e-04
6.255816839138857556e-04
7.971949459480994577e-04
5.392513551912785476e-04
1.654503684046620439e-03
7.455468988056503836e-04
7.994177212342268215e-04
8.524212480383484489e-04
8.909131827992209773e-04
5.102027161420417912e-04
1.610748916477283557e-03
6.114502730473397657e-04
1.039612198446131577e-03
7.616557198279373534e-04
7.638059653288724977e-04
5.978755588634792478e-04
5.396014130485764747e-04
7.065973153493884185e-04
5.396254313371216848e-04
8.620968501691946137e-04
2.461306280958635608e-03
5.938655141395711478e-04
8.769882068264366060e-04
9.247195200179227732e-04
7.287664303395143981e-04
5.765818075528988474e-04
5.574240078114744978e-04
7.104225616610414023e-04
8.629423612084061819e-04
8.162529465678418535e-04
5.320219713772856088e-04
2.258764892309539536e-03
5.821929471815228156e-04
7.137070551585970391e-04
1.325508529467170175e-03
5.825232102162650151e-04
2.034642494721923718e-03
6.630336207641532352e-04
6.819937333940404717e-04
1.039822941065902864e-03
1.133527867775903277e-03
6.311070493699296943e-04
5.595094991278959417e-04
1.005697490988259439e-03
1.572277881438954557e-03
9.848546935798852160e-04
6.528479775568499406e-04
1.097050903491400423e-03
9.329597718382087127e-04
6.916416337511975716e-04
6.483539017159153190e-04
5.917367357267411818e-04
1.872031034959983822e-03
1.061964729625628889e-03
6.345919147719867801e-04
1.179945789951451643e-03
7.743533949996583930e-04
1.329999597062907473e-03
8.201331539288306358e-04
1.675336814702200377e-03
5.559008038370046772e-04
9.399375523457725911e-04
1.383443500127464225e-03
1.116995922330044555e-03
2.595487164542924479e-03
1.762325400750833042e-03
7.768867873472443293e-04
5.952428245565023453e-04
6.127275745109968036e-04
1.019904836835087850e-03
8.288940094953935623e-04
8.731597528759921061e-04
2.811426723192566278e-03
1.801650534846835350e-03
1.241227888910516287e-03
1.474588711957035845e-03
7.307105639430262582e-04
1.207040491047010932e-03
1.087686987810976714e-03
2.120710987365973313e-03
6.214340246310135103e-04
6.276710264935217876e-04
5.812348001659947954e-04
3.680180228765609664e-03
5.842365183091154839e-04
1.148615804599284300e-03
9.898996154160245951e-04
5.988593486500436028e-04
7.518207656279340392e-04
6.433010561549754036e-04
5.395649980789063872e-04
6.724402862068766182e-04
8.135739320257472139e-04
4.838316516555002823e-04
1.128415046912993906e-03
8.142319449238361213e-04
1.223005540870265341e-03
2.593954976237771055e-03
3.647054580815419899e-03
5.453923767869641630e-04
2.972778081552251202e-03
7.913039398533195561e-04
6.725508054004078820e-04
7.985927880194373420e-04
8.228356174790650091e-04
7.009753381083918189e-04
2.765788219855165250e-03
8.958888436574822655e-04
1.120704612772796625e-03
4.593478664786209277e-04
6.120233983600983311e-04
8.697429412636537797e-04
6.751177324428941310e-04
4.804812321359365002e-04
7.648938325163427525e-04
5.857092209590999878e-04
1.625211159726248824e-03
9.250837273759498830e-04
1.456934663271742441e-03
1.331305351431640808e-03
7.452133243874360701e-04
1.916291806897739685e-03
5.297556162637666061e-04
1.047252306441059195e-03
6.042077101450357094e-04
7.820635295561025784e-04
2.461306280958635608e-03
4.864256756528516118e-04
7.979751889059822495e-04
6.823166568532268439e-04
5.492272460669005846e-04
1.080730339377727976e-03
4.874709361717284562e-04
5.022292884462564418e-04
9.372635791704990232e-04
5.869458925478910228e-04
1.194779329565291703e-03
1.096019443045166035e-03
5.615908258029364986e-04
1.889747602765955636e-03
7.950302303102814352e-04
3.489570359170956430e-03
9.992534970980370725e-04
6.377608304726430392e-04
5.860428583917928107e-04
7.412423252130046674e-04
6.115117857374510356e-04
1.039863310622045258e-03
8.842140022724032144e-04
1.793428825635391341e-03
6.384508132771392515e-04
5.810338129370853835e-04
6.017733338466264500e-04
5.786340740902086487e-04
9.792093526593439838e-04
6.539251314963398292e-04
1.097734701493577802e-03
5.622576556226925636e-04
1.016541516941398037e-03
8.049869022194349518e-04
2.000472083575650841e-03
6.303606934305976128e-04
8.625003588861101600e-04
1.023996788054889898e-03
5.879325706281387023e-04
6.905630424018526945e-04
1.229889333204454115e-03
5.872386369378927457e-04
1.054975519469952610e-03
6.928362905186504286e-04
8.159455650274614457e-04
5.131130682807925241e-04
1.007241162036612075e-03
1.336846997166028610e-03
1.303732671913328516e-03
2.087944561827487309e-03
6.931481434052569465e-04
1.093470808377652610e-03
1.144741337981148395e-03
8.322678754227915820e-04
7.917265561260985974e-04
1.357843555002106626e-03
4.994706757924685485e-04
1.713079201541671320e-03
6.601211747837851598e-04
