5.587864578090316614e-03
8.417245873911937890e-03
7.511328506437835520e-03
1.071869409880542127e-02
9.730668534059664157e-03
1.090748127019233564e-02
9.818861403786969047e-03
7.315752880551538821e-03
7.827210120865466317e-03
1.114479034208394614e-02
9.214790497135695937e-03
1.183916776589464571e-02
4.005125244297047006e-03
1.298088129595369178e-02
9.860966843817051478e-03
1.003191835068118105e-02
7.272314673643431177e-03
8.630212695544510829e-03
1.304555954312354091e-02
1.317406116014329179e-02
1.027695455229281178e-02
5.883302875479112792e-03
6.343470399398848554e-03
5.461152591262541031e-03
9.911031794574793816e-03
1.093228728043465700e-02
1.258484529876668576e-02
1.011517557512073111e-02
7.199411776880998079e-03
1.192018367994178776e-02
1.292995929227514634e-02
4.356926425189587213e-03
7.725524250446431929e-03
1.121723190896796625e-02
1.104076629861528748e-02
1.354926065726769040e-02
1.094651212768347863e-02
1.210230190469523646e-02
9.818861403786969047e-03
8.245290495719844251e-03
1.290406783271852778e-02
9.352990555885046589e-03
5.536084788060816400e-03
1.128714580093058417e-02
1.071788314943812430e-02
1.165436499267187564e-02
4.736120756221401384e-03
9.986878773364085693e-03
1.147716011894024321e-02
7.270253847439496139e-03
1.231328791227551123e-02
7.404307550695119443e-03
2.029855038701757191e-03
6.112434849519157200e-03
9.560252703070230493e-03
6.938842989732437253e-03
1.032472481599445817e-02
1.126680962253037190e-02
1.340332461383958798e-02
8.361588540860474122e-03
1.243267208812436249e-02
1.346184248941494077e-02
1.337787502205321950e-02
1.265131290281319362e-02
1.062817024731844973e-02
1.098741825478096942e-02
9.640492486737409564e-03
6.589054068145343973e-03
1.031584687246780638e-02
1.210597876784956159e-02
1.141968634061443777e-02
6.692983393559842273e-03
9.821760663568972899e-03
6.112434849519157200e-03
5.227005982806965864e-03
5.690828768159495420e-03
6.981597178050122365e-03
1.322432786717238351e-02
1.161657925846938146e-02
1.031326883203811419e-02
1.114103301747797724e-02
7.571437995899049297e-03
9.932804459737140657e-03
9.214500206589754452e-03
8.723905844027639994e-03
1.334923137010575814e-02
8.090311563864430178e-03
1.267744069880906779e-02
1.199482885160690730e-02
6.371095481321456012e-03
1.363577990838468756e-02
1.303947307997237876e-02
1.331011925711978947e-02
1.168960444748496849e-02
3.934036804681998248e-03
9.133988046827542714e-03
1.169514639373752003e-02
5.620663372646484551e-03
3.005390943273364944e-03
1.325252133065006437e-02
1.275549152767146630e-02
1.076723151495979913e-02
8.350728161502974159e-03
4.668433843096914809e-03
8.476005188454711903e-03
1.259702243177646640e-02
7.405915063350464525e-03
1.304166461630876586e-02
9.614247527647362679e-03
1.139792054315866450e-02
1.026474580872793578e-02
1.270124780192792568e-02
8.653487866394566838e-03
1.271846014683481081e-02
2.887144352493461845e-03
9.714970944482450438e-03
1.328683551831257893e-02
8.360936086271950757e-03
1.276202121381271246e-02
9.502350704474655380e-03
1.093116226770380131e-02
9.128876063220775147e-03
1.064349073187869504e-02
1.292610910812846785e-02
7.207450216559987619e-03
1.149295495575512922e-02
7.220922198845019721e-03
1.274219583801586807e-02
8.002681045962469278e-03
1.100896391937145058e-02
7.552766799604535182e-03
5.107604563008428036e-03
1.153674214588356998e-02
1.242911432523368352e-02
6.636519553102735065e-03
1.314536159306463337e-02
9.386900083114543131e-03
1.140050971046510653e-02
1.252769308020838454e-02
9.713214958299225960e-03
1.340675006763435845e-02
8.144184190293892248e-03
1.062817024731844973e-02
2.915770516594711707e-03
7.700429672326273602e-03
1.296468169239916972e-02
8.567832374184750077e-03
1.323860906294036660e-02
1.185676488521650654e-02
8.729241952005892952e-03
1.121720760159280149e-02
1.038487778201734740e-02
1.352483914061265897e-02
1.256225943654463995e-02
1.335502749179972443e-02
8.601974460988577251e-03
8.429935636272365904e-03
3.343795334077056917e-03
1.064179012896093388e-02
6.398350021186928645e-03
1.218505152838280856e-02
5.795367339916291348e-03
5.171455982989076570e-03
8.626534888867415374e-03
1.165919455959760903e-02
1.115683815526535838e-02
1.230924935481546995e-02
1.305711770774189810e-02
9.147621302543727795e-03
4.235341234271903198e-03
7.806272275067168212e-03
1.003783869537777998e-02
6.873209751456564424e-03
1.324895140734764359e-02
7.128207310628034699e-03
8.026875946366531303e-03
1.072792920955374825e-02
8.183404784220374428e-03
9.640460040599091798e-03
1.338124289304228054e-02
3.057142176204914481e-03
2.873422764214410979e-03
1.298546713523646666e-02
1.069300953554689487e-02
1.286120010166578315e-02
1.212935315197622745e-02
6.173040882808283371e-03
1.134120183940160245e-02
1.272744922720863391e-02
1.146695521505760110e-02
1.128831745707598554e-02
1.237949367381426316e-02
9.953019663332497019e-03
1.083457735784205088e-02
1.230922755031126428e-02
8.543085229075524784e-03
1.129170214485859108e-02
3.064371846328695255e-03
6.936407169878906417e-03
9.957272424197277649e-03
1.158760871329581749e-02
1.009898179344040012e-02
6.004830327204626304e-03
1.174643232055842292e-02
8.867065922714962092e-03
1.277723952669824158e-02
9.522280982856852483e-03
7.632035736915319252e-03
8.375976495727388213e-03
1.231981737809444317e-02
1.311040859042318305e-02
1.343476228791772031e-02
8.199871471142525237e-03
8.178902299597296671e-03
1.284152857703913485e-02
5.620663372646484551e-03
1.127509550539675803e-02
1.349543735997551196e-02
7.706610176673487494e-03
1.313981604149464313e-02
9.551373198251384214e-03
1.029449114721438935e-02
4.142288476955071838e-03
1.354275949876577664e-02
2.431440790838342719e-03
1.217058376900651169e-02
1.265536548921679903e-02
1.226700420928866254e-02
1.161806866900729623e-02
1.076389030537968153e-02
1.215608899974490731e-02
1.324153408769506574e-02
8.574592219250463943e-03
7.719495454095566533e-03
1.191103954692870025e-02
1.021606178202692262e-02
8.993736625136673768e-03
9.146955981931090274e-03
1.240719961447584764e-02
4.793720539458744614e-03
2.149640420396260743e-03
1.311040859042318305e-02
1.017696371274499391e-02
1.311780114560374619e-02
1.036741782164231351e-02
1.000039946693407483e-02
1.154637065513065830e-02
9.711320162053416541e-03
1.331108538684538066e-02
8.704471055310553096e-03
1.057717216852496235e-02
1.252980801575989331e-02
8.262512096898823669e-03
1.274190208287414271e-02
2.893279964157879306e-03
1.133174053689079211e-02
7.975059612170808457e-03
4.945095785835667418e-03
3.393121015141776532e-03
5.034441830133590083e-03
1.016449545028038845e-02
5.172852098628029707e-03
6.414327336522546857e-03
6.906941116854333276e-03
1.286225408303215412e-02
1.245931895934091968e-02
9.233832320718752748e-03
1.176097934501847513e-02
6.758079606017711877e-03
9.454534376114676411e-03
6.946059226705166879e-03
5.556753214019011927e-03
6.414327336522546857e-03
1.119283788812479828e-02
1.265630826233808334e-02
4.723484394111218503e-03
7.903882099525298688e-03
3.002523599574228805e-03
1.064895051768972867e-02
7.848342683106799764e-03
7.375607061816067192e-03
1.172706320571513181e-02
1.070227540556320869e-02
5.028196103492076421e-03
1.202287924459224076e-02
1.333265326483579899e-02
1.289941815029267344e-02
1.256373567735415489e-02
8.301827190879256316e-03
9.711317249363606713e-03
1.131919589016034192e-02
6.466161058099410483e-03
4.314800252071888248e-03
1.259741584606802536e-02
1.268851747655289249e-02
1.224229870487907219e-02
7.061426432325840913e-03
1.213159156417704596e-02
1.290375508814108757e-02
1.045339277246859835e-02
3.234789876037590193e-03
1.088877197623645647e-02
6.256554046844582141e-03
1.127528932750384780e-02
1.362782637955330112e-02
1.057602259775259658e-02
1.322139721597517456e-02
1.292440952854961508e-02
9.635975074711901345e-03
1.282924069530935393e-02
1.184295882101258149e-02
1.300657800997388237e-02
9.452813015463188903e-03
1.032916197036390024e-02
1.245101950915642429e-02
1.269608330735736562e-02
1.271553946375513292e-02
6.454523492350280542e-03
7.625411263800574609e-03
1.332137938485097699e-02
1.250882370343723085e-02
1.300657800997388237e-02
8.371309859626110267e-03
1.138903094268912605e-02
1.221691725252033005e-02
1.237545328625606553e-02
7.315599017345832122e-03
1.042584305530770000e-02
4.695215806216396573e-03
8.245675037859770060e-03
1.138953235645025208e-02
7.789726207233720057e-03
8.926424708686429496e-03
1.228244072411642865e-02
5.119586267100442213e-03
1.144343734011040933e-02
1.071172115138805184e-02
2.624859398244359585e-03
8.210020265388761479e-03
9.824633783666289130e-03
6.327406019838741590e-03
9.882911513045352161e-03
6.798067383512121017e-03
1.306811648624334361e-02
1.001385521722130724e-02
9.386475381774363885e-03
1.244180576747568566e-02
1.228723952607422600e-02
1.257570161728539804e-02
8.068185677014089174e-03
8.106076979019542772e-03
1.284138695667143108e-02
5.825472175653066687e-03
9.520006259688542499e-03
6.185720807220539998e-03
1.224768101157808903e-02
1.257240796099577326e-02
1.128627625137378770e-02
5.192313775496549405e-03
1.121652824498114639e-02
1.361278201813856739e-02
6.902968245974098506e-03
1.049260148784252750e-02
1.243905638958740442e-02
5.139925879359012739e-03
1.073738750655434809e-02
1.191554217750592087e-02
1.012462788489114536e-02
1.180283580462875882e-02
6.967583501338673116e-03
1.014087816343223723e-02
9.212400305887618115e-03
8.293578912441078657e-03
9.003368651971228181e-03
1.025571525541453012e-02
6.161256656040415072e-03
6.220571542719537973e-03
6.772652127996789916e-03
1.301915888922369931e-02
6.636646068447886633e-03
1.167680873994117290e-02
5.825472175653066687e-03
3.486895327863842684e-03
3.180215393089188495e-03
7.892678306175729061e-03
1.224765543120125491e-02
1.125327656850246168e-02
7.706838772666368097e-03
5.568805014707009504e-03
4.593308393295419609e-03
9.810647109068017235e-03
1.322450027892803533e-02
1.273224592816793108e-02
7.211464498001213079e-03
1.174495511427335256e-02
1.161135958430521177e-02
4.593632357434667204e-03
3.916923203707225673e-03
1.329784859915367039e-02
8.635282652917590854e-03
7.490155291612920520e-03
1.030824422750338185e-02
1.003656136573662441e-02
1.017253763031513922e-02
1.062178222211525996e-02
1.356667032729508976e-02
1.256141001497752818e-02
1.135513688444348551e-02
4.264768106329890583e-03
1.068913948924512386e-02
7.967629803757154960e-03
1.355850596344727876e-02
8.432457062266147940e-03
1.206972548344430879e-02
1.240642679281793448e-02
8.980507105563825462e-03
5.530901241429827045e-03
8.016402240843946078e-03
1.023245398469658195e-02
4.568163740685708164e-03
8.001122924970710537e-03
5.668262577900440476e-03
1.098396830749320298e-02
1.363997677218695311e-02
1.257858381943158764e-02
1.054701768942288911e-02
8.081203445549066736e-03
1.091756592285752017e-02
5.324179561659067410e-03
8.973755864608893087e-03
7.500077591261444278e-03
1.201642043120814719e-02
1.302308009278415994e-02
1.270701219609010092e-02
4.005125244297047006e-03
5.804950354119773129e-03
1.054832967834895552e-02
1.314536159306463337e-02
5.199480312858444260e-03
6.689227876006908352e-03
1.350412148256992413e-02
9.263827852893478584e-03
1.276314371489667421e-02
6.692129463636588976e-03
1.100180310273790422e-02
1.021791167345907116e-02
6.824627101100609432e-03
1.328172793247952080e-02
4.705010961530037804e-03
1.359678600071918819e-02
5.622302996847353823e-03
1.298546713523646666e-02
1.324337040193481092e-02
1.346184248941494077e-02
1.257418280415044214e-02
9.571050024373667364e-03
1.323660839753257670e-02
8.755884503157144658e-03
1.260975339339394895e-02
7.521792530173010763e-03
9.067163940154316856e-03
1.296481432164144250e-02
9.318377390090270065e-03
1.091181119100558504e-02
5.383359290899671426e-03
9.215724238200351595e-03
5.509562175839068966e-03
1.213223330668875520e-02
8.451776801466848871e-03
1.107715402662758260e-02
5.857879641764554557e-03
1.355702610282708345e-02
6.848225729657958505e-03
1.067910889924716597e-02
3.124903733198928710e-03
9.142045238912653235e-03
4.521163449266818110e-03
1.105967068635884190e-02
1.046085148139074862e-02
1.911791150943786908e-03
1.261846258808548699e-02
1.097982098244279330e-02
1.321145753551814135e-02
1.069854440910059448e-02
7.249144399333351876e-03
7.820508402076228535e-03
1.142434518596551624e-02
1.223833448243667570e-02
1.093829270421113782e-02
9.743911274231773639e-03
1.284471169616519144e-02
7.611938457009111494e-03
7.935758282927160220e-03
9.055491372934626471e-03
8.054944550787620020e-03
1.053044116538411068e-02
5.862766499697193504e-03
1.067453696277171835e-02
5.704414124880093778e-03
1.132211389247238589e-02
1.150133319631843794e-02
1.362879907296221660e-02
9.470984636067068807e-03
7.427897377014124926e-03
8.481267223102087818e-03
1.132290276396740944e-02
1.194869561217844732e-02
1.007533290645435536e-02
1.058119848968597752e-02
8.165856932238944876e-03
1.250766640999572549e-02
9.993608759793973575e-03
1.006627409176482149e-02
3.058822529099641373e-03
1.332813669831869711e-02
6.220571542719537973e-03
5.588862572550196486e-03
1.161837017755839793e-02
9.242176365880578823e-03
1.221245066662472213e-02
1.084358642458579589e-02
6.713602020130619331e-03
6.170947786716783276e-03
1.043146925835079265e-02
4.672898653460639748e-03
3.140073652194597977e-03
1.295295922892079551e-02
3.396886699517960920e-03
8.170439994971166048e-03
7.765858184686024769e-03
4.476257614759203592e-03
7.243573757560010061e-03
5.400463865879274843e-03
2.665497333015329900e-03
1.276639386444555074e-02
1.255217193385482419e-02
6.461629875827738442e-03
8.562929516537011454e-03
1.237003402783125663e-02
9.565200174252394896e-03
4.291354152014250842e-03
9.896670142557389277e-03
4.191457243393061777e-03
4.339833223783244945e-03
1.343476228791772031e-02
7.514082855794161284e-03
1.041388403350069873e-02
4.058322259378559921e-03
7.833837323495445454e-03
2.668620250617706729e-03
4.703104791145216665e-03
9.846555181897599304e-03
1.107205429702377841e-02
5.996621460660341192e-03
9.544333488331072091e-03
1.276243670248651194e-02
7.640388575389780654e-03
9.870358577953215751e-03
1.133721518522759659e-02
9.874290918104990447e-03
1.359375700883328798e-02
1.317761250843889689e-02
1.219463508326132546e-02
1.094666882326213349e-02
3.125894271492990571e-03
6.603172812975081386e-03
1.159479551923424043e-02
8.813563476984547299e-03
1.274661219055048256e-02
8.072402126985704293e-03
4.380674414293235334e-03
1.024817694546127818e-02
1.030824422750338185e-02
7.487797283262248756e-03
1.161035165584652952e-02
1.269962395256691787e-02
1.361761792809955234e-02
1.027780216664924730e-02
1.357197175709199538e-02
1.018253446778402856e-02
9.664484653586179197e-03
1.150882924267267182e-02
1.039405473950075730e-02
9.117094971088892524e-03
9.066283495315893837e-03
1.021293449239593816e-02
8.809491240312879862e-03
1.352463056771783384e-02
1.310852827841825323e-02
1.116993062068075658e-02
7.500077591261444278e-03
1.302069122228311990e-02
9.685864934380648134e-03
1.252439403698310874e-02
8.382850632235840788e-03
4.330713461895789769e-03
1.237572725986092054e-02
1.254407217604952898e-02
8.127180078969155341e-03
4.482626483043867030e-03
1.316212967124620083e-02
8.404100432215736577e-03
1.020381628839713527e-02
5.708782132732058770e-03
9.934330465219250172e-03
8.884878165729234722e-03
1.328039234866852658e-02
4.800555814389593709e-03
7.822911324762069768e-03
7.304016710299406946e-03
6.712265252741666383e-03
5.107604563008428036e-03
9.685864934380648134e-03
8.194393368682521481e-03
6.119797029381887285e-03
9.605243530492286672e-03
8.488445988113307167e-03
9.190499992597423937e-03
7.173589919508715010e-03
1.138806423031435075e-02
1.097638354883532195e-02
8.533603818869413965e-03
9.344840314494635286e-03
1.322360770806358700e-02
9.179043106938894817e-03
1.175885363521789011e-02
1.000436896506929491e-02
9.811193670746591253e-03
1.202154442129682761e-02
1.189645703139513913e-02
1.253715724192924416e-02
7.700659340386209126e-03
7.863644137457386982e-03
7.356903249806390557e-03
3.680717698045627394e-03
7.002832940872267750e-03
6.403326252145262985e-03
1.024600497844341609e-02
4.818984873824373218e-03
1.023061494244009544e-02
1.073120404990716287e-02
1.344438565886899722e-02
1.288616594861668324e-02
8.053017677230720275e-03
9.054552444934105618e-03
1.007429714865398437e-02
7.473794990569369336e-03
1.053054585092448592e-02
1.217656892556624043e-02
9.205401970862692532e-03
8.208682767065536220e-03
9.120248090134477209e-03
1.054310148461359842e-02
7.462429437962182603e-03
1.237572725986092054e-02
1.353285806980916370e-02
1.212804778338090993e-02
1.140580861582645572e-02
6.597728331210169286e-03
8.980507105563825462e-03
6.097534124347950280e-03
4.301713858262078138e-03
1.069854440910059448e-02
1.214110275997956276e-02
6.907525142845254151e-03
1.355459749220111476e-02
1.042860256506655293e-02
7.891212674517282186e-03
1.304740812606371494e-02
1.062310943549702770e-02
6.173598494197009463e-03
1.161352199898187804e-02
1.140303314034604720e-02
9.134104570446376428e-03
7.706610176673487494e-03
6.969974300759782838e-03
1.026677798560751698e-02
6.005878575329353687e-03
1.196819989475651942e-02
8.253599528143784267e-03
7.492139146893637969e-03
7.491211905207691146e-03
1.036364406255079612e-02
1.189645703139513913e-02
5.439987370972702505e-03
6.005730069497909954e-03
1.095428270854723572e-02
8.626418116343310266e-03
7.316991088736735094e-03
9.302989798524721396e-03
1.224498245637844519e-02
1.261917329546655316e-02
1.000436896506929491e-02
1.274787957276917773e-02
1.230955283355088595e-02
6.290645680828503040e-03
1.265500904411518204e-02
1.213109364281814324e-02
1.257745975714355535e-02
1.300296821724333460e-02
9.054552444934105618e-03
8.452901266024510224e-03
1.115612434155498559e-02
1.294156391376102312e-02
1.020264717681495723e-02
1.049355755102508725e-02
1.019203833298699784e-02
1.150545250722144648e-02
9.846330250189449379e-03
5.327505182517752388e-03
7.582376731262359740e-03
1.114540717502738101e-02
1.166907873127225048e-02
1.083386985447645952e-02
1.050767488909978842e-02
1.259093840639539594e-02
9.671658998214295588e-03
1.272182295602649997e-02
1.296927645901089707e-02
5.457274927663222086e-03
9.416049867517052238e-03
1.286275374624114981e-02
1.147210708232816734e-02
7.211464498001213079e-03
7.846463609065726375e-03
1.318372071414521639e-02
2.866104302233171610e-03
5.158853997326308047e-03
2.054071371757979197e-03
1.291768747841165119e-02
1.026454313010208980e-02
4.858950775599708491e-03
1.254179431395837513e-02
1.171666276121602693e-02
1.150913722674772217e-02
1.145705926113988089e-02
1.161060232219765335e-02
7.656548965610977461e-03
1.114032203557862449e-02
1.192648702278778505e-02
6.172945557865559298e-03
1.209827095483393712e-02
5.927408875150021357e-03
1.258484529876668576e-02
9.754645267454337479e-03
1.027059828572948579e-02
7.277549874765736754e-03
1.154378344140269755e-02
1.028859509680196856e-02
1.338716742815116399e-02
7.862853333559906635e-03
9.519426249237910795e-03
9.426572964005142455e-03
5.482627623129269871e-03
9.647650889422113019e-03
9.946359517183020471e-03
7.597349817164170301e-03
1.319886564586789969e-02
1.095256384437256689e-02
6.491903424961877576e-03
1.122372213881191183e-02
1.326997272648155340e-02
1.333998118192692046e-02
6.388322855585527871e-03
1.041700286029462012e-02
5.622318235041040731e-03
8.648246383561875028e-03
9.361402213594174904e-03
1.094256921494037547e-02
1.237183230362741589e-02
9.072960668504569115e-03
3.684304288441290608e-03
9.841312264292627343e-03
1.218863107975455204e-02
1.150241175537708264e-02
7.301001001815393861e-03
8.999414595507078396e-03
1.136241795134669032e-02
1.314660910682873690e-02
1.296481432164144250e-02
8.862571746735594877e-03
7.961522415536438982e-03
6.766981865734771236e-03
1.088276658873871781e-02
9.971890426638371080e-03
1.066344413733199756e-02
4.829779142962970645e-03
3.184601521061202443e-03
3.582921740464019289e-03
1.269649844599968040e-02
6.596670307497585345e-03
9.723057650746996447e-03
7.097903418429219249e-03
1.357726559734760349e-02
1.320692561957084038e-02
1.069329442479219350e-02
8.795314840221418740e-03
1.286136040898413005e-02
1.075928873955956169e-02
1.279128184351639025e-02
5.973664920216807325e-03
8.961637086576488762e-03
9.731750702103268702e-03
8.799206209483441399e-03
5.738786759540133106e-03
1.158392848496418194e-02
9.454964414769296763e-03
2.606065314724758698e-03
1.244636436063631564e-02
1.215084415450771310e-02
9.901885526713494895e-03
1.073205608046261597e-02
1.037181731353386052e-02
1.100117788314091544e-02
9.724149328583758800e-03
2.619209813507637936e-03
1.314027665763713680e-02
8.973755864608893087e-03
9.599279165122282659e-03
1.072281191492391837e-02
4.679719524361860943e-03
8.920018747830485081e-03
7.186241063598863485e-03
1.235138861782366856e-02
9.008651358312875362e-03
9.520297611760574971e-03
1.087386990253886437e-02
5.316001996692056031e-03
8.991831459597008497e-03
1.294332669193802923e-02
1.169013372295860283e-02
1.053794690417768527e-02
1.007457357390665817e-02
1.168071989837530036e-02
1.155085549181395811e-02
9.372554892992013623e-03
5.895139715930431887e-03
1.222033387824877741e-02
1.207413640695407554e-02
1.301523315982329107e-02
8.137299761366609263e-03
1.325460220566668929e-02
1.183916776589464571e-02
7.021555834445658041e-03
1.031584687246780638e-02
1.121354226118245236e-02
3.077168492972145661e-03
1.070111651919358753e-02
1.145705926113988089e-02
1.036181747337267152e-02
5.812277636911169013e-03
1.064581182430031185e-02
1.102681733323115573e-02
1.018112556948581535e-02
1.281083263003088279e-02
7.689229225952405773e-03
1.225372787891654790e-02
9.399548449205688896e-03
7.316839262821232988e-03
8.151607116989843110e-03
1.128025270719725144e-02
7.493168997037593683e-03
8.417245873911937890e-03
1.031584687246780638e-02
7.101916793385893226e-03
1.974830715063417667e-03
1.186019851974400192e-02
7.133813070909025313e-03
1.304363722598611205e-02
1.133822725044125040e-02
5.622302996847353823e-03
1.303947307997237876e-02
8.612603742353043546e-03
8.832636802793263769e-03
7.744215104299389911e-03
1.058138981738065282e-02
1.157418686555412510e-02
5.457837717720247922e-03
1.102758948477050582e-02
7.900647766688230489e-03
8.974952766690491926e-03
1.181448151496473226e-02
1.337472825145849184e-02
1.285511240092128242e-02
1.100953942212989228e-02
1.333983179935096727e-02
1.102575589827914197e-02
1.292550733800016186e-02
1.220792143805469326e-02
7.459361551562446180e-03
7.172335618175839679e-03
1.046013271748773635e-02
1.116830978251927287e-02
4.721120535224620357e-03
1.281355141577960807e-02
1.048539088025057277e-02
9.072492166587377282e-03
1.275393154162502915e-02
4.290519094436610892e-03
1.201992371928756187e-02
1.172816444057276503e-02
1.362988782979825467e-02
1.050152753939386473e-02
8.375976495727388213e-03
1.134459335402529870e-02
8.221383486335637203e-03
9.263785035437057877e-03
6.667125394495383717e-03
9.892809824643402847e-03
8.453685509217982730e-03
5.745213257561228304e-03
7.858165037700525282e-03
4.738064167024675505e-03
1.082129911271469298e-02
6.721758818530867638e-03
5.363358492825134362e-03
8.282516738357836861e-03
7.748019012622919290e-03
1.345784757757583112e-02
1.226523764019697704e-02
1.142901246857293447e-02
8.297162345041249332e-03
8.223423502596881318e-03
1.338374970473528436e-02
5.197172822123290355e-03
1.191028538231572037e-02
7.978580928121332266e-03
7.317051041316530689e-03
5.580830383911539010e-03
6.817237986698946803e-03
1.236722549520429676e-02
5.639906795921078263e-03
7.070081406806171843e-03
8.131969582755896667e-03
8.374878178877406473e-03
1.301367771274919254e-02
1.092578824365702563e-02
1.224841029453505384e-02
4.327728675027215852e-03
3.441505597006338547e-03
4.703104791145216665e-03
8.571233366128770681e-03
1.314495467667507224e-02
5.536257355517642392e-03
8.250449253472607464e-03
1.159509906252246571e-02
7.662994535514893076e-03
2.135069131818588886e-03
9.753964985684315803e-03
9.335864274388684658e-03
1.348539595737732744e-02
7.860539954174182095e-03
9.244318147371279742e-03
6.835592205890810187e-03
1.055397873621777803e-02
6.808026297040701939e-03
1.224841029453505384e-02
5.063725902613046628e-03
1.359722390012075080e-02
9.037644648833224187e-03
1.291963978899423639e-02
5.370287654179900852e-03
1.345365803615837692e-02
6.657585973722137361e-03
1.135750366389463341e-02
1.176253808005734564e-02
9.989713401700002146e-03
7.745299013968875296e-03
9.749589885972522255e-03
7.639106941249224070e-03
1.092432341212756092e-02
1.086574655043534739e-02
1.072066446933356808e-02
1.035541804087982548e-02
1.316017947970086859e-02
8.024028165482949282e-03
1.219516612956125269e-02
1.190573534115001511e-02
1.069181415001558069e-02
1.248459169512096574e-02
5.795367339916291348e-03
1.170454373328821962e-02
4.344027325187876931e-03
1.058787959875189845e-02
4.062817722902360186e-03
1.243932739877929260e-02
3.379868474798472522e-03
6.010101595675431188e-03
6.856346806083719880e-03
1.276763335602472405e-02
9.172567946201568012e-03
1.250493323551773138e-02
4.858950775599708491e-03
1.261917329546655316e-02
1.024026429688869137e-02
9.160604342254886900e-03
8.400733468498589387e-03
2.030174177583294898e-03
1.032261054768461063e-02
1.361353258887349101e-02
