9.931061778526737577e-03
1.363995276873928957e-02
8.470348962789220684e-03
3.501413296500727277e-03
1.411171904793853682e-02
1.604745624786965003e-02
1.096512168343539984e-02
1.684029277665057001e-02
1.124242120673898081e-02
1.768008875295532661e-02
1.304090718643437403e-02
1.295416159468835982e-02
9.378602347819545507e-03
1.724008840742222159e-02
1.073310704053706370e-02
1.412055424576833841e-02
1.634998694407577627e-02
1.674024523547210791e-02
1.809861808246316858e-02
1.187583432445874464e-02
1.296694458853713851e-02
9.956862328966276446e-03
1.077042445216746733e-02
1.728821283166281225e-02
7.594175411608196195e-03
1.370276026019135243e-02
1.385778503053238485e-02
1.472431912918525237e-02
6.396466203971084771e-03
1.703389837544316485e-02
1.168296673205181449e-02
6.213401538138528871e-03
1.561971402290466410e-02
1.711532453933636844e-02
5.944341212004883822e-03
1.717558612021906003e-02
1.704353391429455633e-02
1.578734280604518134e-02
5.708625321300089123e-03
1.539418455160727894e-02
1.398084301883196524e-02
8.585931869541322398e-03
6.475757669613879490e-03
8.804742588426731770e-03
1.561362766146017628e-02
6.801250071188353827e-03
1.166640339618671418e-02
1.506191831180314460e-02
8.739241300671558854e-03
1.470186082823124116e-02
1.742640392424012544e-02
1.742818719697892052e-02
1.029929035867493785e-02
1.758449473074957803e-02
8.888236169449883692e-03
1.457478244919271221e-02
1.548031506434238702e-02
1.538651666866249108e-02
4.963674795387264249e-03
1.569125343265873052e-02
1.258963800916161266e-02
1.092679984985945631e-02
1.746460229458656616e-02
1.748008787622055971e-02
1.720910361738801908e-02
1.248692420235928378e-02
6.166102564285741092e-03
1.190377334066067272e-02
1.181882086748492662e-02
8.591488013233113813e-03
4.919271047816429002e-03
1.808314657409963722e-02
1.786799739186572047e-02
1.558531982808272764e-02
1.406002617337430080e-02
8.693602110417831055e-03
1.791855529188130999e-02
1.198157626590358460e-02
1.644659700743688474e-02
1.445904587122773602e-02
1.225174788272722498e-02
1.483900872408640964e-02
1.554477088424097500e-02
1.781729154177700072e-02
1.747360769486160439e-02
7.852243181217766557e-03
1.385815573407041951e-02
7.427735732781687306e-03
4.419513990941944734e-03
1.381724072400518019e-02
1.028948532513562948e-02
1.707322910059313331e-02
9.096031815535678133e-03
1.418566177334003829e-02
1.559357304556819972e-02
1.714748484503124393e-02
1.664854992648085938e-02
1.031934341679321618e-02
1.649191323081373658e-02
1.708264266353010097e-02
1.067342423781772985e-02
1.680075396464099716e-02
1.541340185957229894e-02
9.662969257749686597e-03
1.712808573511591034e-02
1.354503851329793424e-02
1.792119165381918927e-02
6.029192995679290810e-03
7.113835664212113039e-03
1.767761876225506026e-02
1.807356395966470963e-02
1.583116200982464736e-02
1.370367422923082952e-02
1.006711742354787255e-02
1.168966755677785900e-02
1.579603718594129944e-02
1.363757031652152417e-02
1.276398240569358300e-02
1.668172791706259289e-02
1.767559153191757340e-02
9.993260581187435321e-03
1.505401365314570916e-02
1.291920162176480799e-02
1.797354414111819454e-02
1.780910361535515893e-02
7.765256850297361062e-03
9.332296529617766651e-03
6.210159989561705833e-03
1.044203923258613109e-02
1.355462065213970321e-02
1.200210390109941218e-02
1.100419024169387028e-02
1.666250442838050280e-02
1.509501732142234931e-02
1.282143374324681839e-02
1.624353316315458109e-02
7.966260719156490616e-03
1.802568821182410144e-02
1.800752293685357885e-02
1.440647681178458019e-02
1.787124890410844713e-02
1.192705393841480069e-02
9.681001912507482612e-03
1.666811834886153948e-02
9.058751718409356612e-03
1.374589538434651051e-02
1.635989311196059393e-02
1.137279128930893113e-02
1.816081425009700642e-02
4.736241055758198815e-03
1.232229813850113827e-02
1.787873542887273917e-02
1.105766371509726148e-02
7.973478686860671627e-03
1.627894384990947671e-02
1.123067170228148406e-02
1.510944500912155160e-02
1.448388357619339109e-02
1.166640339618671418e-02
3.667630991548179349e-03
1.566424374880016207e-02
1.238473500174057731e-02
1.318743979412225278e-02
1.774389786766958702e-02
1.638604132993090254e-02
1.132568346288997940e-02
1.508959586574409525e-02
2.046222773052443992e-03
7.268512608593727040e-03
1.057544416857325760e-02
1.726591555816436169e-02
1.638451545727890105e-02
1.156832990637580473e-02
1.583195893689361491e-02
1.024881504440065469e-02
1.681782938585702283e-02
5.531647656250024588e-03
1.627710982395132178e-02
1.122480431330230913e-02
6.907150840695531341e-03
1.007769317929276681e-02
1.581176643496410780e-02
1.432641569713526651e-02
1.127511940244008311e-02
1.068983899928633088e-02
1.615914486164281294e-02
2.978257073643996496e-03
5.472173218902514485e-03
1.459495527518949072e-02
1.241592048492242209e-02
1.735914219986895921e-02
6.131233172593222522e-03
1.711493617984937918e-02
1.578582251076870308e-02
1.739657912539492590e-02
1.437463348815838822e-02
1.522737526391650456e-02
9.148535130111299513e-03
2.670850783042412815e-03
1.721682813203232951e-02
1.241786496196836502e-02
7.645091180954996339e-03
1.019973909832393687e-02
1.722040820608957898e-02
1.385142094176373441e-02
8.900206491372238821e-03
1.656277168941087605e-02
1.730829355426025465e-02
1.721097485050401138e-02
1.513850860501096685e-02
1.321497818616337167e-02
1.370367422923082952e-02
1.663595570722530698e-02
1.579288445011520214e-02
6.582950738890290705e-03
1.227922062358768884e-02
1.731438490306472927e-02
1.475392841028275170e-02
1.191130230657549277e-02
1.676532785630013150e-02
1.365254908704706567e-02
8.228154224095856131e-03
1.592826134224577250e-02
1.422460214016934427e-02
1.758591506941831889e-02
8.384895548673837115e-03
1.094119487986122685e-02
1.394493295336953279e-02
9.389816741234371239e-03
1.502556919988281420e-02
1.570624883259356952e-02
1.045596920170312888e-02
1.733834112983987513e-02
1.666470407117370475e-02
1.742963109028740007e-02
1.581885072920502511e-02
1.713118952930157979e-02
1.484281262265477359e-02
1.753250874227442468e-02
1.794577896718914725e-02
1.629317388955541304e-02
1.380021651982329609e-02
1.265246709248577135e-02
1.695808615293940835e-02
1.167966315194189468e-02
1.277607057628266443e-02
8.037551430320944226e-03
1.264129221525634589e-02
2.998453221308774140e-03
1.521172491297895571e-02
1.784222009115126600e-02
1.123948466913940111e-02
1.662854907332360355e-02
1.724145600788520513e-02
1.491779407433562951e-02
1.293369301842994985e-02
1.469399702322960778e-02
1.675982555731711510e-02
1.389602054270774184e-02
1.485190986102193078e-02
2.475183911743285628e-03
3.033552873716144696e-03
2.981286573148031298e-03
1.314978658664666886e-02
4.151548650359644307e-03
1.799738459442480620e-02
1.689261744590109943e-02
2.582555560136246681e-03
1.815586003022474221e-02
8.720918958983164826e-03
1.076071771677580141e-02
1.730720107494270604e-02
1.193383243715223987e-02
1.189078122128885834e-02
1.775029111688981170e-02
1.066502291688637208e-02
1.646402017474576929e-02
1.755771199684545009e-02
1.586751740426569149e-02
4.176302260084707903e-03
1.784320940622912896e-02
1.129443326331383730e-02
1.756786056758758915e-02
1.376543829568213466e-02
1.513026322113951785e-02
1.400516826619682513e-02
1.594995292255965702e-02
6.670323647905093863e-03
1.160554492098785952e-02
1.423020896354867948e-02
3.155350740354763948e-03
1.530984125522581903e-02
5.423072797901757822e-03
1.202046436787793451e-02
1.243453088717117253e-02
1.548160460941029604e-02
1.430635757501722005e-02
1.369949487961851300e-02
1.676817263135565311e-02
1.752887013315388223e-02
5.702029086744509097e-03
1.603609920232571678e-02
1.592561441063151256e-02
1.704715399383520055e-02
1.651811581991036518e-02
6.867919908108845173e-03
6.889161669677536064e-03
1.066156847069253850e-02
1.716602366986106493e-02
7.628375006418681298e-03
1.602517866342968375e-02
1.464382006689667927e-02
8.407325470580040427e-03
1.589001644214715556e-02
1.653207856466321068e-02
1.740958162169945270e-02
1.570791098732743016e-02
1.501504111975862123e-02
1.397451384170465133e-02
1.364418006680606990e-02
1.614010519722241382e-02
1.105766371509726148e-02
1.598932752692158038e-02
1.740958162169945270e-02
1.326742527962584267e-02
4.443042419141229882e-03
1.665727737062221159e-02
1.484419126475565454e-02
1.410880308912288578e-02
1.095307656344541788e-02
1.024605662759452140e-02
1.322592183766382011e-02
1.743356896548857449e-02
1.172280176307100540e-02
1.369773006900952723e-02
1.313113393420703087e-02
1.552590863083242942e-02
1.244393183886998919e-02
1.389766566730366026e-02
1.479376390630348162e-02
1.605837969581635702e-02
3.866838233360369703e-03
1.636698024215085118e-02
1.016754836366676532e-02
1.394493295336953279e-02
1.798647921398434726e-02
1.578628282880986666e-02
1.658591266394961530e-02
1.293938013114491817e-02
1.158206613138275387e-02
1.756484845214721299e-02
8.508404920180097711e-03
1.336492747462170519e-02
8.034853730104152270e-03
9.553574578318778723e-03
1.220583411070030183e-02
8.022971243433136765e-03
4.231806773791955273e-03
1.433827874853518120e-02
1.276388895435900950e-02
1.078976313404387578e-02
1.162940745575762394e-02
1.340010942058175551e-02
1.524977361416199328e-02
1.765556564136890050e-02
1.648462552561547403e-02
2.835408453603370776e-03
1.672621632146130757e-02
1.321349852253989390e-02
1.727600258829725330e-02
1.241786496196836502e-02
7.661407028555190617e-03
1.463850120516331683e-02
1.005822266153390959e-02
1.313853561857835327e-02
1.629392546873941264e-02
1.498361269248202517e-02
1.221802170325489260e-02
8.337231793780390879e-03
1.075025903255102423e-02
1.011808474772908639e-02
1.482233873912619168e-02
1.508019777637848759e-02
1.099463089030946507e-02
1.763847638021743408e-02
1.611838807272002530e-02
1.096512168343539984e-02
1.732170213512573831e-02
2.835408453603370776e-03
1.634533832680853949e-02
1.242448970632760094e-02
1.691688527425046565e-02
9.324436294210407955e-03
1.221381507368569236e-02
1.653683150849103584e-02
6.329826528327581539e-03
1.302604270861407003e-02
1.156275027350766801e-02
1.741035300807234135e-02
1.720897975025846571e-02
1.570227180416448182e-02
1.555639450655315129e-02
1.513456191217291309e-02
9.664666056400064015e-03
1.443891054904695125e-02
1.739335144601906677e-02
1.652095451881663291e-02
1.538098193440134813e-02
1.338110621974712700e-02
1.250502513486241585e-02
1.525103722405784373e-02
1.203532102152949854e-02
1.652306342654052962e-02
2.723341065576857529e-03
1.414933856477559523e-02
1.345253814312801291e-02
1.771087311307326800e-02
5.623048532308033871e-03
1.678146840809644283e-02
1.299396146626917437e-02
1.150494731017603564e-02
8.509340893166818937e-03
5.709578131563843029e-03
5.901457276046516084e-03
1.717153032777113744e-02
2.446685003203424597e-03
1.657022448875508300e-02
8.305884113900379936e-03
1.623250121402188689e-02
1.568715284701869411e-02
7.879446883629204548e-03
1.700954480096683250e-02
1.636820099579115381e-02
1.293839563506633816e-02
8.013080983003318183e-03
8.698987630649674882e-03
1.704994143662937750e-02
9.941300800398879256e-03
8.459628770958014729e-03
1.745389829841302934e-02
1.339658419227528034e-02
1.551169178089817358e-02
1.506775318833644163e-02
9.471373577654516179e-03
8.390799584612477352e-03
3.472284301949745550e-03
9.870971105798648573e-03
1.018691292429263137e-02
1.670841837517079292e-02
1.579630163778074359e-02
1.467355270120676396e-02
1.738153734776948234e-02
1.815439674656060473e-02
4.002166747177584270e-03
1.143925711040807980e-02
1.377584429614183391e-02
1.100522820088093920e-02
7.834859386933687789e-03
1.689557161230161378e-02
3.801588069663279328e-03
5.795721613085599855e-03
1.489335970028369920e-02
7.290781880407470536e-03
1.575689072774301425e-02
1.583667444335597890e-02
1.240538386655362993e-02
1.725590785307405672e-02
1.102857893601060998e-02
1.728805835771169558e-02
6.590863707282565605e-03
8.971126687723108770e-03
5.492429324554799763e-03
1.067097282751960571e-02
3.306426868936122605e-03
4.666983571371075001e-03
1.554383268421399671e-02
1.385753432413000009e-02
8.147184722011235544e-03
1.544646485516526675e-02
1.611874725674629708e-02
1.076434938363668437e-02
1.105598763907822413e-02
7.566966707108143363e-03
6.420923353320466889e-03
1.430837884120915796e-02
1.628104593648264584e-02
4.555062365634405044e-03
9.619397531991136924e-03
7.682897196815923098e-03
1.758992157364176398e-02
6.549093023092309937e-03
1.303002806063635437e-02
1.244258774971393824e-02
1.801116919796653948e-02
1.189401124532213534e-02
1.144357884358820042e-02
1.414190398865675796e-02
1.403416786131330210e-02
1.639166127126091485e-02
1.195469871512052154e-02
1.637208097702017029e-02
1.365535826151004217e-02
6.152062289080282090e-03
1.302237317063642541e-02
1.660770697430534459e-02
8.661220617552757919e-03
8.038002781973934210e-03
1.048281957483745107e-02
1.523425673170746876e-02
3.214683568830140406e-03
9.402518060917174417e-03
1.723943372690567993e-02
7.286716934722469938e-03
1.313874007758587120e-02
9.662969257749686597e-03
1.594377513832739152e-02
7.391637509875206673e-03
7.663157071927790415e-03
1.774799321391729023e-02
5.992075812886087788e-03
1.570624883259356952e-02
1.292470312307426872e-02
9.299687811603559590e-03
9.860201638650777090e-03
1.437741709187214875e-02
1.373952043502442780e-02
1.321537250117139559e-02
6.565039161561540999e-03
6.257197202536315776e-03
4.078942481362896923e-03
6.777319369345927505e-03
1.228643181109728179e-02
1.145972271837064280e-02
1.752468833139842960e-02
5.969474264339068650e-03
5.830282811128028458e-03
1.274256464379132543e-02
1.743869174426458321e-02
1.608664022146173364e-02
1.280737491414834194e-02
1.186354367075921450e-02
1.523887198738820697e-02
1.733587114817282046e-02
1.630880784964231986e-02
6.213401538138528871e-03
1.129808749571081967e-02
1.476043004234093084e-02
1.644361131663893069e-02
1.769266683673125298e-02
1.796199671091952554e-02
1.534493582919451739e-02
6.830511615651438731e-03
1.587802075616627853e-02
1.352767021045458463e-02
1.186653843322177729e-02
1.413679601493449123e-02
1.696456782831946147e-02
6.076698538151271978e-03
1.378211901409550667e-02
1.431963490722858341e-02
1.008179932303631711e-02
1.762181786537013461e-02
1.404436292167332741e-02
1.334119952581430332e-02
1.688701013985692209e-02
3.804125046455088689e-03
1.731549632157992902e-02
4.772594886669656762e-03
1.120702406117353965e-02
6.369344028617902193e-03
1.420857545701167610e-02
1.588260461408536398e-02
7.785026435848261574e-03
9.424520309376484967e-03
1.365274401863761713e-02
1.650789382182488857e-02
1.335697507355623065e-02
1.510360308596211260e-02
6.155160894899685403e-03
8.635723533839442800e-03
1.570624883259356952e-02
1.214222895904428813e-02
1.170145628129112478e-02
1.493050079572311867e-02
8.079301488787479779e-03
8.471848704810339137e-03
1.734287543782607813e-02
1.589646135088453385e-02
5.865124548848018454e-03
1.348048566022001446e-02
1.121670394622421157e-02
1.706139081532345378e-02
1.014762203160993539e-02
1.712782256596125097e-02
9.979756963073571630e-03
9.168386849485087031e-03
6.059202231768945693e-03
1.776234920560364888e-02
1.369687586689762558e-02
1.172877992385401406e-02
1.717367407755659992e-02
1.764422813067156870e-02
1.412938760766305549e-02
3.168619374075560147e-03
1.054707418238692677e-02
1.785670091461842579e-02
1.223824306622592513e-02
1.192111245438869788e-02
1.423411202630330691e-02
1.814292577096458456e-02
7.286716934722469938e-03
1.530984125522581903e-02
8.293881930640612660e-03
1.520396345679470365e-02
1.736814173622126464e-02
1.351508091681496125e-02
1.792653504078039681e-02
6.565039161561540999e-03
1.529764659727695861e-02
1.004474054917454950e-02
1.457533318234148501e-02
6.165578018704751841e-03
1.445883786290636658e-02
5.817761901475264515e-03
8.677197798898497044e-03
1.658078364210934658e-02
1.118870420137282017e-02
1.159472243591828933e-02
1.395591245308682934e-02
1.539418455160727894e-02
3.354117789481086617e-03
6.028142111103014164e-03
1.107714299781437269e-02
1.123382342433049477e-02
1.199920174561075123e-02
1.245928082529219189e-02
5.168992773473548089e-03
1.462946610028049814e-02
1.724656652177133237e-02
1.531856669839669338e-02
8.999069089154480838e-03
1.510847097690481283e-02
1.344221901135156383e-02
9.379069759225991398e-03
8.894917017153388533e-03
1.411031326056578182e-02
1.492626042996875527e-02
1.216882112768592934e-02
1.243634774530871442e-02
1.129157268170680704e-02
1.516755349080943852e-02
1.064579683033744367e-02
1.017429078547417431e-02
1.630797303995126443e-02
1.794091706714149442e-02
5.152953609187113128e-03
7.446933632278419923e-03
8.037551430320944226e-03
7.769690867716724098e-03
1.443985408858518282e-02
1.116154841859049417e-02
6.672191933985330108e-03
6.703316496633042812e-03
1.739710616214888705e-02
5.731916395680187494e-03
1.183144166984177216e-02
4.790571229444792571e-03
1.666542087404281058e-02
1.790066091611458923e-02
5.497097121572815451e-03
9.681001912507482612e-03
1.792808423786736854e-02
1.440573661232059759e-02
1.724008840742222159e-02
5.276667235376223362e-03
1.653207856466321068e-02
4.540469432373259694e-03
1.288600030530999592e-02
1.687887405814437330e-02
1.190144100837388710e-02
1.777929289223263015e-02
1.570629443760335892e-02
8.692927115922573222e-03
1.306628856011000754e-02
1.814096641457775202e-02
1.334172117785916920e-02
1.720939292802184037e-02
1.384715789474645284e-02
1.748920027778867042e-02
1.078971716232099941e-02
1.047462582924997727e-02
8.443967136080896690e-03
1.448734311604453311e-02
1.435286897643532449e-02
1.184364452527968126e-02
1.624801275804640954e-02
1.041287284347719444e-02
9.486293539108415704e-03
1.052550508123370476e-02
1.796199671091952554e-02
1.292470312307426872e-02
1.302052065888121939e-02
6.650594307195849611e-03
1.780714961986422720e-02
1.424780078591840818e-02
8.978268144479467638e-03
1.607833607057113437e-02
1.268471330632759894e-02
1.810153789927417683e-02
1.780505531222873264e-02
1.687513873575277254e-02
1.593358324744342802e-02
8.461726795124701467e-03
1.264892824230605742e-02
1.040983917063455222e-02
1.758555156800577224e-02
1.786544512157781095e-02
1.091641299232346506e-02
1.309723435754632688e-02
1.465290852925993891e-02
4.929463842608676656e-03
3.033552873716144696e-03
9.300081631612338792e-03
1.554273890690452409e-02
1.123645366381176118e-02
1.733486432398524679e-02
7.678254379564057944e-03
7.317736066338391410e-03
1.773553894391827201e-02
1.694413719235852989e-02
1.623674947319512715e-02
1.656972482599539803e-02
9.769965015531496474e-03
9.535872228813324983e-03
1.351508091681496125e-02
9.778987348406801075e-03
8.707790779231202108e-03
1.502424497916245855e-02
1.086779073656635348e-02
1.123478568933880019e-02
1.325220426647917039e-02
8.293881930640612660e-03
1.497561689600308138e-02
4.509418610023051451e-03
1.495146957905223520e-02
1.100710251097341240e-02
1.262499271662708561e-02
4.433148227135750782e-03
1.725590785307405672e-02
1.756047384331505673e-02
1.650796798750064215e-02
1.174508061355411179e-02
1.288578715960561442e-02
1.234807970461418609e-02
1.373977299780926135e-02
9.797448363462170351e-03
1.636454627787831823e-02
1.652095451881663291e-02
8.024583004688688737e-03
8.879609674715313247e-03
1.287455000087212205e-02
1.073995667661144932e-02
1.776973971186583678e-02
1.313476055893943693e-02
1.645192339460666009e-02
1.593918835313589896e-02
1.539670877769863840e-02
1.082635475231486996e-02
1.605436275485343234e-02
6.725208478919991219e-03
1.377721635063417459e-02
1.582780810996056373e-02
7.023680662932480639e-03
3.458520755966231104e-03
1.415053115120392703e-02
1.749260943133759683e-02
1.510673940191504909e-02
9.222178011532642175e-03
1.050093080030583582e-02
1.139685046050316689e-02
1.740171509247774237e-02
1.534034054246135800e-02
1.227922062358768884e-02
1.753420076335376887e-02
1.487663945170398377e-02
1.006040737698004651e-02
9.888148574313289016e-03
1.029406249049023142e-02
1.267314846683647613e-02
1.569960310556828970e-02
1.120636351120771548e-02
1.542762126899579686e-02
1.230425215396540803e-02
1.512729705108327612e-02
1.253910731857125864e-02
1.179561828472011978e-02
1.235502834617037936e-02
1.423126253533982949e-02
1.704033130588859454e-02
1.782453888466418654e-02
1.205519471607951164e-02
1.120225362700212959e-02
1.050294019679604701e-02
1.659472797858453294e-02
1.594407896470399072e-02
1.507116229661582991e-02
1.063473561649295324e-02
1.386421318416771256e-02
1.691204667178507551e-02
1.627706238958719423e-02
1.628894241209572630e-02
1.065513699885973532e-02
3.246398052142118046e-03
1.695332672356429302e-02
1.408704021578969026e-02
1.184238885785774548e-02
1.749785382932606340e-02
1.721159397652652009e-02
5.689306438731740918e-03
1.498639000587936171e-02
1.023099978427591955e-02
1.434352048852369221e-02
6.345817126540942779e-03
9.229293349261607007e-03
1.489882392371598939e-02
1.795465924554387471e-02
1.696902131070472317e-02
1.429051177097973371e-02
1.736163203324577950e-02
1.711002926585946868e-02
1.774632517361456052e-02
9.316262224901700195e-03
9.426566206681511254e-03
1.065349675802639527e-02
8.928954124278680460e-03
1.774400734076895733e-02
1.799195179953795923e-02
5.797712364602038669e-03
8.518885771502605203e-03
1.496118594975594934e-02
8.003255653211822224e-03
1.342488530190315971e-02
1.289381652147707918e-02
5.727333215029431143e-03
1.501264757372552244e-02
1.803366849353212065e-02
1.692081288587492238e-02
1.576505753308812124e-02
1.015648009949294758e-02
1.810641827860682770e-02
1.514551111673018667e-02
1.411749706253668558e-02
1.588516687852337128e-02
1.234458836199950511e-02
1.769937069997900778e-02
1.566706125086260795e-02
1.413663924297772247e-02
1.396209441793709247e-02
1.462477814057156628e-02
1.814567941295437345e-02
1.285622858056045814e-02
1.263002792855922804e-02
1.495114694521566812e-02
1.355182416806377174e-02
1.731077676228877371e-02
1.623718530894597417e-02
1.760477610705403484e-02
1.306250516010306825e-02
6.352168718528752173e-03
1.371864948616867419e-02
1.502526535949486042e-02
5.178839767904179665e-03
1.775461150982297898e-02
1.018654319610788617e-02
1.795465924554387471e-02
1.793907580346792291e-02
1.698461446746890938e-02
1.585057918318912018e-02
9.128750938671824008e-03
1.311300486442200375e-02
5.870758006960050818e-03
1.604933090101533580e-02
1.815439674656060473e-02
1.095743601765154958e-02
1.734910989813386040e-02
8.135917429545490645e-03
8.097571624635096707e-03
1.244743165952619419e-02
1.266615004214539063e-02
1.621096293404681449e-02
1.554951616574810555e-02
1.690937843688247386e-02
1.086063684589758452e-02
1.647956069666563564e-02
1.002455107615962682e-02
1.383925917915536721e-02
8.526008726519871891e-03
1.814833541338100459e-02
1.559535891635843025e-02
1.801431279320469050e-02
1.033749291306848214e-02
9.699036878260396122e-03
1.336492747462170519e-02
1.364082582910842653e-02
1.295479022764808343e-02
1.759912452000422095e-02
1.557419639833263272e-02
1.816062923911054491e-02
7.049106490059243481e-03
1.737598155988425222e-02
3.610137562595155600e-03
1.263976009504510362e-02
1.366931563858070006e-02
1.738186653799794756e-02
7.493236811742912812e-03
8.883059411272814856e-03
1.792145565826611456e-02
5.475124297882235855e-03
1.346869385745325803e-02
1.124906951066202004e-02
1.552786120201910328e-02
8.443055159580671251e-03
1.741162132584271952e-02
1.289803573127146219e-02
1.393660001271259524e-02
1.700954480096683250e-02
1.498012499504957490e-02
7.657575013158601611e-03
1.735957817670708003e-02
1.599919978014458649e-02
1.614010519722241382e-02
1.439033137499566919e-02
1.036323456032582808e-02
1.038209449305336346e-02
1.397936282728475497e-02
1.586406010582087911e-02
1.785379118710973823e-02
1.267349567981002414e-02
1.757781025348823661e-02
1.462080608669912539e-02
5.526895850326164067e-03
6.704256587117165232e-03
1.385734634070352224e-02
1.517320043449180318e-02
6.842159452931713404e-03
1.554173649378455362e-02
1.210133535960034902e-02
1.291776504129972698e-02
9.425262744112873972e-03
1.803540823258009684e-02
1.677635743765934148e-02
1.436109329306847933e-02
9.502173918874742831e-03
9.337883385598964164e-03
1.306268744500151992e-02
9.350282616800443744e-03
1.805328281463382950e-02
1.195151833878937628e-02
1.588893502193271939e-02
1.381118099973835216e-02
9.742025635470056427e-03
1.554938450465864243e-02
1.415651966315704079e-02
1.774531415741722323e-02
1.685674421726996580e-02
1.066164057217802892e-02
1.275290582633633978e-02
1.743869174426458321e-02
1.350733220192716286e-02
1.223958490114418138e-02
9.496654122117304322e-03
1.745687969863725375e-02
9.185176454565843057e-03
4.815427436808307135e-03
1.257011020721661432e-02
1.362025484552689680e-02
1.128669770030893763e-02
1.656028148294490937e-02
1.514483462411475578e-02
1.475050900951944619e-02
1.723943372690567993e-02
1.668703768048139177e-02
4.494175658943951046e-03
1.591994291709498618e-02
1.442818478141403779e-02
1.559541329226761357e-02
1.151407826505003451e-02
1.506200013908822952e-02
1.212729179599045769e-02
1.691374755667039362e-02
1.258963800916161266e-02
1.685257606491824892e-02
1.498186489524485666e-02
1.115186151631708880e-02
1.054189071407739438e-02
1.631926550109311438e-02
6.370617415160100168e-03
4.586729029483477618e-03
1.732087969264660757e-02
6.092125088090063340e-03
