2.785340459466375054e-02
2.910813256243416011e-02
2.160486626529586202e-02
2.634711360691285517e-02
4.132399271276766817e-03
2.050286606759059091e-02
3.048936239234143614e-02
2.319044536673429968e-02
2.766494769944812318e-02
7.428605904141196391e-03
2.610502945318799242e-02
1.524375993462292675e-02
1.118139830165704174e-02
1.417004742562514435e-02
3.015010967610901385e-02
1.715273215303811383e-02
2.254207252837061096e-02
2.789246852074551627e-02
2.057588705834089565e-02
6.914337810450322738e-03
2.940328221454514140e-02
1.616882141607117393e-02
1.682718608133818711e-02
2.275141636176723769e-02
3.093895256329419474e-02
2.174602590371626717e-02
2.113918887290344717e-02
1.503772780444377101e-02
2.522676412445194055e-02
2.959000810334918088e-02
1.729245075421313727e-02
2.036985066894268781e-02
1.852367022078679759e-02
5.480799867153596065e-03
2.982191046410444246e-02
2.595328831890008833e-02
3.001248319309253801e-02
2.636130216098452744e-02
2.604432151954255009e-02
1.040252896323613785e-02
2.886844552340279979e-02
3.408435016273699686e-02
1.851781205639776301e-02
2.825187195379805227e-02
3.117448429646881708e-02
2.097038753829432237e-02
2.360780396542928872e-02
2.149192340325118897e-02
1.248269843111044462e-02
1.802995138519129792e-02
2.775243641366556199e-02
2.761260801196497097e-02
3.516895801256175735e-02
2.782697552526195231e-02
2.806767417852215618e-02
2.862030713132686019e-02
3.132775214124732671e-02
1.079605600296339521e-02
2.410934843902491284e-02
3.373164733247697306e-02
1.265720959732596906e-02
3.043608688876662735e-02
1.685767174709905392e-02
3.247332204759911800e-02
3.224138575607873869e-02
1.256284009224088900e-02
3.143166754518048056e-02
2.444211430561870832e-02
2.730131066105516771e-02
3.457630083701426077e-02
3.511253576822225692e-02
2.444421560464939483e-02
3.342582864783946034e-02
2.503758582889145309e-02
3.430175020524560414e-02
3.133844535888875155e-02
1.390142076298555955e-02
3.092394825248350951e-02
2.952066576630229394e-02
7.723234409106663305e-03
2.417832003130443441e-02
3.227989381700770155e-02
1.146843007170700486e-02
2.205670204284052027e-02
3.378271444040531479e-02
4.000946585979850596e-03
1.787249732290692797e-02
2.262970388162827834e-02
3.029049810643499527e-02
2.357526517690027718e-02
7.088810474229841237e-03
1.175613913854262060e-02
2.425370023770904992e-02
1.101168419946253578e-02
3.524940303170294442e-02
3.516895801256175735e-02
7.244955093722262561e-03
4.117347124721741983e-03
3.050794429473463812e-02
1.758685598754199456e-02
3.493018407183604013e-02
2.724210427494771006e-02
2.616962698327145176e-02
3.350461614789623788e-02
2.096149637131065543e-02
2.807608290478386115e-02
1.889482656357968984e-02
2.873226566460032605e-02
3.297008988464207591e-02
2.242574000473005966e-02
2.737559344600722436e-02
1.917485949582477256e-02
2.080714339428142365e-02
6.901288818503834369e-03
3.001132611928255742e-02
3.113953872709119761e-02
3.187117334979529953e-02
3.504154078499818054e-02
2.764112469088383234e-02
2.760384590090041862e-02
1.856878291065418296e-02
3.470734668245331611e-02
1.829183006658749791e-02
2.623361026326473736e-02
1.785753703262795214e-02
2.931494940497535520e-02
1.598850539213346467e-02
1.304650909133652642e-02
3.278152726486061735e-02
1.794869027376663762e-02
2.234240934219049526e-02
2.508363650461761796e-02
3.300788567100162996e-02
1.216583623120917612e-02
3.218123275696722907e-02
1.941202539347480771e-02
2.321406979345103441e-02
3.042293776310113843e-02
1.720863743844221888e-02
3.409187019300313759e-02
3.446988868266920997e-02
2.409577961609600874e-02
2.156996686985445527e-02
2.029755240360302249e-02
1.806798514703064282e-02
1.711102916857987905e-02
3.247155336107700879e-02
2.264961359169477897e-02
2.808343553554772110e-02
1.672662297948947913e-02
2.605702125958323651e-02
2.825597656742317651e-02
1.607984251203923090e-02
1.830984287149578504e-02
1.952307014472695959e-02
1.835193726843226819e-02
1.459597967251819936e-02
2.347228518385196389e-02
4.039125044109365646e-03
2.490087025784211427e-02
3.178080652788600052e-02
3.467298723209009254e-02
2.132889112809983889e-02
1.526205497800850464e-02
1.186944296998201052e-02
2.849794255368660878e-02
2.782079894467052658e-02
3.313090586293089557e-02
2.583923155434412339e-02
2.130407832401665438e-02
2.263990512954106721e-02
2.044322464026500710e-02
1.920405887206688006e-02
1.371698483410521696e-02
3.286234382445091945e-02
3.531596520681722778e-02
2.547089394140574989e-02
2.660502216463139086e-02
2.314859116917304671e-02
2.364251503497081380e-02
3.104031479993602308e-02
3.229074014934529141e-02
3.409397869821887556e-02
7.653799857464472882e-03
1.939147814772945386e-02
3.356381034611972958e-02
2.221740002778397824e-02
1.192330394748906258e-02
1.330243094957974520e-02
3.283617317368976024e-02
5.079598145807549467e-03
3.288783381354456331e-02
3.136452295173559196e-02
2.894576782375441956e-02
2.425922693213667172e-02
3.203641136880939350e-02
2.867642366900499673e-02
2.014286579111859016e-02
3.375881692496075781e-02
1.643930564054538537e-02
3.306579113753783244e-02
1.922718744478978461e-02
9.549042609035572615e-03
3.247167207175788439e-02
2.633686741544302712e-02
3.073255761615723697e-02
2.422668035369082359e-02
2.803951145978833895e-02
2.170277718423569910e-02
1.006139431944574371e-02
2.218987837756667206e-02
1.621788645761555736e-02
3.374348594231792176e-02
3.365866933444138648e-02
2.571444136787046433e-02
3.088175857588125461e-02
2.894907073022265701e-02
2.903822034153007159e-02
2.549054261103466876e-02
2.592655425324196655e-02
1.044174967191349723e-02
2.771246201748288687e-02
3.195828560138358476e-02
2.731832651212539806e-02
2.863902068531555545e-02
3.437927324508600196e-02
2.194712682822651945e-02
2.330592688958933387e-02
1.767497989793138241e-02
1.088630160549552105e-02
3.202172056243265952e-02
2.030095325348432039e-02
2.635906757396803968e-02
2.845348359485071893e-02
2.717554168244118787e-02
2.605812853221901176e-02
1.827885936831611866e-02
2.220728681375905983e-02
1.396669714757468699e-02
2.417474201870884257e-02
1.328759128118583988e-02
2.469831183223673496e-02
1.679579090169301681e-02
2.553943574131477615e-02
7.810721522777202240e-03
3.003013018402592854e-02
1.680883487076775817e-02
3.472621712615380635e-02
9.979795521237261324e-03
7.508651590567591225e-03
1.922913055890714332e-02
3.287512673085168924e-02
2.721803081474555297e-02
2.971517062896929587e-02
1.812796900669283104e-02
1.188063269343250621e-02
2.681297307418261527e-02
1.154515539445655214e-02
1.592550369542862498e-02
3.262810493645405124e-02
2.771770289887764971e-02
1.600737752172239070e-02
3.319038857051975072e-02
2.202679409703520857e-02
2.437515308083697263e-02
2.010563652160390902e-02
2.603676491106133445e-02
2.454337042988724918e-02
2.733089158921215081e-02
1.905676693246524320e-02
1.883103986179671119e-02
2.462627259212819483e-02
2.616140410284300763e-02
2.252536045765958506e-02
3.395842155302701559e-02
3.337302777024786504e-02
2.036114255688958180e-02
1.636774102346475260e-02
3.191639544731558059e-02
3.524847894990046360e-02
3.444007584429601559e-02
8.793120088142682145e-03
2.093777828001759655e-02
3.246408603054096176e-02
2.730291854170008997e-02
2.115036761469555465e-02
3.486638248553281666e-02
3.290462995048119843e-02
2.168613809816314492e-02
2.437515308083697263e-02
2.768632755510098617e-02
3.348279740887087630e-02
2.698506686675689742e-02
2.195450209415680462e-02
1.861775600328793162e-02
1.367304712966847802e-02
1.761223354601846453e-02
3.078117402457728954e-02
3.234984384821650710e-02
2.430261195638895241e-02
1.482797964071469639e-02
2.118864774334539014e-02
3.492859524011814043e-02
2.789944086860120936e-02
2.307458128440830272e-02
3.227714175618278530e-02
3.375134939586100363e-02
1.708833656411229418e-02
7.363979960511190213e-03
2.762071707696948930e-02
3.093851921455778239e-02
2.237440988947980020e-02
1.457870010322779089e-02
2.758214529682044558e-02
1.850587658492152190e-02
2.856486995156938546e-02
2.242743091814967601e-02
3.093977035895619301e-02
3.228993114301069445e-02
2.890894154514842343e-02
1.568707347713511197e-02
2.403365504895026150e-02
3.257011486566049191e-02
3.083478142788300888e-02
2.613053473627913875e-02
1.007681865152219684e-02
9.252942658131249262e-03
1.148843578803157399e-02
3.110671336196858816e-02
2.413591479294875664e-02
3.432816583929019366e-02
2.698566959651751279e-02
8.085076866814214225e-03
3.505099273989482206e-02
3.256709692661906297e-02
1.309836330924583382e-02
3.254347539815800189e-02
2.848886044038633283e-02
2.675727919117672216e-02
2.913770459306982280e-02
3.236687430144655903e-02
2.758214529682044558e-02
1.479836782366879093e-02
3.409187019300313759e-02
3.313913279369615911e-02
2.867642366900499673e-02
2.531489484903417034e-02
1.258687236009822102e-02
2.071798835786541060e-02
3.290332594941277472e-02
3.297060070058784736e-02
1.681925760470758674e-02
3.478849889828302538e-02
9.602313620745542982e-03
2.980817048445579334e-02
2.493846100011561442e-02
3.505038799695697760e-02
2.518519847075251575e-02
1.596481186882986111e-02
1.514122063340845800e-02
2.635906757396803968e-02
1.935068697075175218e-02
3.046672057439739345e-02
3.340519386061278212e-02
1.015794229539741106e-02
3.530418052331489587e-02
1.820260867843086910e-02
2.240583829610532512e-02
2.573561781614040062e-02
2.990339934125076440e-02
1.922718744478978461e-02
6.900494446212468956e-03
2.604669479206104046e-02
3.428154125868442675e-02
2.080714339428142365e-02
3.191935168131181805e-02
2.352584289766689735e-02
1.686087492034202967e-02
3.182665143634970384e-02
3.153971119083037039e-02
3.447293287418517344e-02
3.037099461283295984e-02
1.622518665581041894e-02
3.034027070832729864e-02
3.254806905182240639e-02
3.446349388632968802e-02
3.081891771318345449e-02
1.373555027304141328e-02
3.034393804028132080e-02
2.490087025784211427e-02
5.904403124119682322e-03
3.124288866440598153e-02
3.362474481954155769e-02
2.307458128440830272e-02
2.737397127548591921e-02
3.338196111159057178e-02
3.186846043375050896e-02
1.164809264997494764e-02
2.064304020717285665e-02
2.732074265119596029e-02
3.030133888142220663e-02
2.878708384541168314e-02
3.258237780450848331e-02
3.074698755212315615e-02
2.553943574131477615e-02
2.218373374489302635e-02
3.346164949850860548e-02
2.836286839752498110e-02
3.034393804028132080e-02
3.510532933666736521e-02
3.271873872909039638e-02
2.102664229498152348e-02
2.175761968004573041e-02
2.580688815607484407e-02
2.489359742384239516e-02
2.219870446100603856e-02
2.546082126777821780e-02
1.183115290101441168e-02
3.429992809645361629e-02
3.470483700661132487e-02
2.928498968431512278e-02
4.759471720814991390e-03
2.531644233052343651e-02
3.092975250731771347e-02
2.249596555205414170e-02
3.184331972517182030e-02
1.695529283262732848e-02
3.423797634939068635e-02
2.191951701665301872e-02
2.749218146131709659e-02
9.611979995667567153e-03
1.780028970448454054e-02
3.033999785992355994e-02
2.624544330376906917e-02
2.864618653678755594e-02
3.508622293393680314e-02
2.789246852074551627e-02
1.919555551143749608e-02
2.275088962052815994e-02
2.172319663252334290e-02
2.830234921149602303e-02
2.603162222722966296e-02
2.324006014970467215e-02
3.252661410488006527e-02
1.477284129647303892e-02
1.349895889334330398e-02
2.281337210490173850e-02
2.039791134384006180e-02
3.092402479091784645e-02
1.967482480909212017e-02
1.308362254440694622e-02
3.404137612134242735e-02
2.036985066894268781e-02
3.171541230892965801e-02
3.223667697177276525e-02
2.896551931157890017e-02
3.143278566125287665e-02
2.406269781583908127e-02
3.519675004340165614e-02
3.153338771066136609e-02
1.287298750963493561e-02
3.240555705625202537e-02
1.675963551775601704e-02
3.046448567145790265e-02
2.202438623591794833e-02
5.911917702530868589e-03
1.982428821060316232e-02
1.747257309738205547e-02
2.236402192600896871e-02
1.163430229235395616e-02
9.846277738885397812e-03
3.025063047239653219e-02
3.196644892192831988e-02
1.390414956384622425e-02
1.740475185654663873e-02
1.853479891496405407e-02
1.407184798513912843e-02
2.775706163140466767e-02
1.968677552277174961e-02
2.581453029915119907e-02
1.317557512910654677e-02
2.375945042247390795e-02
3.063239067376416838e-02
3.434151759737247983e-02
2.949264926312698473e-02
2.420910841208815181e-02
3.183021506744961732e-02
1.894996254146910294e-02
1.180899147919458464e-02
2.822786094297519838e-02
3.517959968947462213e-02
2.050418394552767226e-02
2.894294846968067242e-02
3.023089278986411388e-02
2.299724296439147747e-02
2.190241846383114699e-02
1.720863743844221888e-02
2.730022333062659401e-02
8.877514055223412193e-03
3.182140114430952182e-02
1.894034785817835104e-02
1.387836598138282238e-02
2.817565605736651116e-02
2.678886858334696142e-02
9.813197809556773246e-03
3.516895801256175735e-02
2.825321727115100851e-02
1.658095809781865923e-02
1.681990096087846234e-02
3.515819495273797557e-02
2.460178380658231342e-02
3.452869706187119969e-02
2.920878505955108034e-02
2.122758287032914734e-02
1.192357260505885752e-02
1.640517036616523372e-02
3.430076468249266403e-02
1.512577840195184278e-02
3.502034577217403438e-02
2.846331330421759259e-02
1.888228367729598289e-02
1.744307618456621481e-02
8.386470692504170363e-03
3.276525951132007453e-02
2.825067407524968488e-02
2.510324374256073937e-02
2.793650273160772080e-02
2.435043278298653496e-02
3.264776461084520354e-02
2.022412361712142004e-02
3.002107545135559649e-02
1.315773150727974142e-02
3.373644450052556976e-02
1.110754502383365025e-02
3.195359875874465017e-02
3.483139824471906398e-02
1.052780891834489106e-02
2.874921709176943979e-02
1.124568983008166802e-02
2.299491708820628269e-02
1.934509090235937007e-02
2.690376626860746870e-02
2.939687780983755994e-02
1.620069562463411286e-02
2.366817286429788100e-02
3.198333199417022210e-02
3.314141146610664196e-02
2.246967882645272557e-02
2.339825515570841119e-02
1.342586469456524476e-02
1.223145242257964692e-02
2.378039343576746414e-02
2.534270114603972418e-02
2.265079375214341592e-02
3.378622886786346313e-02
2.495029368162951164e-02
3.015860203973304288e-02
2.863038219582084848e-02
1.424625712896462892e-02
1.737663340213517829e-02
1.582468784677191001e-02
1.632742048550286582e-02
2.444421560464939483e-02
1.793738823509751293e-02
3.085757310694374825e-02
2.731864076427356625e-02
1.887580295888043047e-02
1.220303106341701083e-02
1.837357171475297035e-02
3.170660684125833906e-02
2.425432013132722622e-02
1.834799342103603931e-02
2.476080420379001001e-02
2.527840948452217407e-02
3.343498063441392026e-02
3.309766624867842288e-02
2.717818197547029052e-02
3.051631177494403338e-02
2.366817286429788100e-02
2.265090719644148598e-02
3.476436172810046243e-02
3.018603355294961071e-02
2.162108438280063022e-02
1.698020195932820400e-02
1.708287438704083824e-02
3.079938256732278612e-02
3.217605613201928588e-02
8.447355314569320386e-03
1.817162758698268044e-02
2.539714401805833605e-02
1.784241482099580001e-02
1.576554973705047644e-02
2.474693640473241488e-02
2.889480476498360040e-02
2.638216600987883589e-02
1.693692939535548780e-02
2.527716255519683874e-02
3.460559463966982052e-02
3.506544000015734963e-02
3.442817440609329677e-02
3.148504740334328450e-02
8.973886711647262315e-03
1.640758855447955675e-02
3.532558503929295740e-02
3.366642905704632371e-02
3.491773340915483442e-02
2.979963750067751022e-02
3.174039406291474102e-02
3.423797634939068635e-02
1.261845805692835519e-02
2.528682710287385310e-02
2.910764724366463052e-02
3.130545062763442909e-02
1.278781408890016479e-02
2.485097692228226823e-02
2.493846100011561442e-02
1.519035929407196520e-02
1.440090647787200043e-02
3.080044631588541373e-02
2.231796920257195574e-02
2.399906952685711484e-02
2.714171569753779517e-02
3.248323562131294473e-02
1.620069562463411286e-02
8.402386909122193728e-03
2.557287206688132683e-02
3.283073617320659415e-02
2.499256984804091794e-02
2.202438623591794833e-02
2.669104195646946828e-02
1.817167949121787154e-02
8.661671915471564134e-03
5.522583857905733612e-03
1.484447769844584285e-02
1.567283666492196026e-02
3.160072075338157815e-02
2.789524308176073025e-02
1.343358551155630215e-02
2.458761454440515359e-02
9.013612230241862741e-03
2.460178380658231342e-02
2.762178040045947316e-02
1.256960821538772449e-02
1.849096134988983259e-02
2.016029742647370421e-02
3.340519386061278212e-02
2.734949429194456771e-02
1.873647157272902847e-02
3.154832922224926062e-02
2.534135211956517128e-02
3.449274312046703150e-02
3.295163184193547479e-02
2.482530734880799769e-02
2.273370443867610627e-02
2.212022782259477280e-02
2.807608290478386115e-02
1.007681865152219684e-02
2.194079211721128644e-02
1.764629550617577078e-02
2.160305784997580691e-02
1.961510763061031018e-02
2.717360624023753071e-02
3.193723017364325650e-02
1.607984251203923090e-02
2.201973425043254190e-02
2.849442678712451466e-02
2.317020127204049568e-02
3.442744049519807364e-02
3.479900942794378338e-02
1.935144593349450576e-02
3.202172056243265952e-02
2.016504517575634994e-02
3.288325564368076853e-02
2.716724600579243504e-02
2.912272860924146334e-02
1.030946385129655196e-02
5.700235276422315270e-03
2.546180988982046575e-02
2.915037948641757692e-02
1.203730087479665603e-02
9.918864108256618406e-03
1.335379471515842076e-02
1.655538601702711415e-02
3.068595935913425582e-02
2.488914069143015675e-02
2.652157382854633885e-02
3.204497051477694231e-02
3.349684735154453974e-02
3.163978031977365823e-02
3.179776558795102681e-02
2.099753276792848400e-02
3.080598529433851290e-02
1.489369709319615306e-02
2.704501360458378897e-02
2.136699562135517538e-02
3.061229014090055892e-02
3.114385120426851200e-02
2.418717514973271407e-02
3.499404049216549295e-02
1.862029032595586067e-02
2.556292362684105951e-02
2.541621041604310433e-02
3.327316131342143019e-02
2.275762648331876997e-02
1.801225153853065059e-02
3.125588464371244907e-02
2.484422162480510662e-02
1.662609780448515845e-02
2.133404369433204717e-02
3.183222828654871245e-02
3.130898758961377093e-02
2.177619925025862241e-02
1.633103587332644310e-02
2.407833015176144217e-02
3.142675268498769381e-02
2.419614752091560697e-02
1.850858004108641569e-02
3.341445489532297863e-02
3.242304376686088591e-02
3.090841287326633047e-02
1.181985265850788412e-02
3.076227424226079740e-02
2.227819094513498743e-02
2.488258387128267080e-02
1.967309095053764237e-02
2.603375204391370282e-02
1.846859776372301865e-02
2.231231399833998735e-02
1.016969266517553719e-02
2.887714489746332977e-02
2.658670177929640249e-02
1.391931831477971615e-02
3.052099053193284284e-02
2.210123043824072098e-02
2.257798278778876122e-02
2.404087198907691944e-02
1.691278651923507070e-02
2.895796902551110372e-02
2.280814926058351289e-02
3.255438641879289385e-02
3.442934282684458058e-02
1.270440304627883099e-02
1.593476168134386889e-02
2.339506194470820574e-02
3.068794087290891565e-02
4.480180837057083643e-03
2.872513510796991312e-02
2.470034894557946240e-02
2.442264901679411584e-02
1.275754551753278607e-02
1.606965678778989742e-02
3.520834801912269690e-02
8.532274943831930428e-03
2.157392886041956809e-02
2.158892283276299395e-02
3.246047227031939597e-02
2.455859504856463746e-02
1.990424196063833584e-02
1.118751656080525271e-02
2.342899418134991238e-02
1.532504215696454952e-02
1.456311458101210154e-02
2.693593425114880827e-02
3.426136747655775250e-02
3.241639678087067378e-02
3.052398799682843472e-02
3.166272995376966104e-02
5.511737046436569060e-03
3.075339791313237356e-02
3.116996411539702666e-02
2.518476711748515728e-02
3.323497386297844663e-02
3.366433117075372239e-02
2.026550756591766200e-02
3.017766728421251640e-02
2.874266554482697925e-02
3.369246973117150795e-02
1.618377237107893052e-02
2.757237379228485302e-02
2.868823323870005673e-02
3.130898758961377093e-02
1.318177118760181267e-02
2.771580216920815215e-02
2.195827411249916608e-02
2.119401097690845268e-02
2.084869211010918766e-02
1.903641678572448939e-02
2.069262063512616184e-02
3.004907611467239059e-02
3.529963278328906995e-02
1.503670273833198831e-02
2.314506424724796854e-02
2.978845234186216009e-02
1.956206342470128215e-02
1.796752815640606515e-02
2.280405812015210906e-02
3.188728695344985459e-02
1.661889216616123377e-02
2.008932009560029236e-02
1.934885033022867504e-02
3.525651654831890580e-02
3.125311914245140071e-02
2.785055611726497057e-02
2.683355226566933732e-02
3.266176068887119421e-02
2.533948388045897254e-02
3.186963947724581053e-02
2.749309745839744606e-02
2.963806402691652325e-02
1.190320825816829770e-02
2.965981239237773515e-02
1.325111277440394440e-02
2.576260259554839782e-02
2.917826750760310617e-02
3.193021034951159381e-02
8.660247175777872550e-03
1.817430686034951157e-02
6.647071351939980687e-03
1.716396185241016517e-02
3.002593461832020125e-02
2.647671182666787304e-02
3.233217799861067693e-02
2.723201674430489674e-02
8.922509370252143523e-03
1.782975895384555920e-02
2.373401308232961013e-02
2.973856487673421853e-02
3.273562967258268619e-02
3.242407968752680780e-02
3.057722008528824392e-02
3.285102794596771875e-02
1.839389458210538564e-02
3.484682087394104510e-02
2.042638459763998146e-02
1.280839376892582530e-02
2.094783673077973279e-02
1.990424196063833584e-02
3.464568723165312170e-02
3.502361662146449839e-02
1.900917757345785275e-02
2.202446830870030681e-02
3.354511349982709778e-02
1.762638556449457050e-02
2.758214529682044558e-02
3.092389713832169318e-02
2.729331315222337240e-02
7.364667441390896144e-03
2.918763629687601974e-02
2.987036706268315217e-02
7.296630921462003184e-03
2.370049953398046041e-02
3.193972213491948209e-02
2.089360988151693285e-02
3.036055079016417371e-02
2.758214529682044558e-02
3.275512703536966747e-02
1.770699303456382823e-02
1.609603601657417019e-02
3.102334979369478565e-02
3.116552191042467126e-02
2.258865932653138231e-02
2.450171211052383849e-02
3.194044586123102186e-02
2.081814409277422950e-02
1.155653574251552275e-02
2.577578870714512804e-02
1.417004742562514435e-02
4.111067088159470542e-03
2.528418536956600349e-02
3.199894351171305579e-02
2.576669873985295081e-02
2.542896998535646574e-02
2.849442678712451466e-02
2.874277187929398514e-02
2.297691860863216445e-02
2.210123043824072098e-02
1.303654863415320761e-02
3.125639406896270345e-02
2.027682797084284436e-02
1.681818418069411236e-02
3.510204032992986917e-02
2.789944086860120936e-02
6.901288818503834369e-03
1.601426342142017734e-02
9.317886778762113006e-03
2.120473968448778265e-02
2.897831621560220672e-02
2.241516876469971942e-02
3.225299738674973493e-02
3.315340763803668878e-02
2.501021231589017554e-02
2.118575200245915308e-02
3.486051146869556527e-02
2.543226674206522722e-02
2.273370443867610627e-02
2.552369851804040662e-02
3.387565948848806491e-02
2.752879027734148401e-02
1.492577538544658487e-02
2.952864659498992406e-02
3.307381879665112490e-02
2.534731735280069953e-02
3.027367117372484553e-02
2.552742170858543144e-02
2.474002694370995570e-02
2.882850655798867290e-02
1.310147849299487383e-02
1.290505343407612540e-02
1.194443211368971178e-02
7.478292415803036199e-03
2.514847078252049201e-02
3.177368053566151374e-02
3.315294623358858161e-02
2.675703346048514605e-02
1.703183396391111729e-02
2.231120585539900919e-02
2.480076681769221442e-02
6.184683949454534806e-03
2.784543712443246846e-02
2.999461709587916691e-02
2.781720667975751127e-02
2.641756590045020794e-02
3.075799999580243124e-02
1.675854158470903299e-02
2.187509576919910437e-02
1.993191845014279442e-02
3.356406107981795700e-02
2.675703346048514605e-02
2.847392583558336701e-02
1.533237257369903656e-02
2.972646240276431706e-02
3.247332204759911800e-02
2.077909667505508165e-02
3.372787551666101696e-02
1.891092693467424923e-02
1.111263983778335192e-02
2.082977106265434045e-02
3.095798742673424100e-02
3.467190288822637190e-02
3.292284348528828897e-02
1.111830967173097623e-02
8.804203486337322873e-03
3.355231857985961630e-02
2.716877948848376786e-02
2.053900088118028322e-02
2.638943022441790631e-02
3.142323054936813076e-02
3.319090364631339940e-02
3.297146027602117918e-02
3.464887661127760698e-02
1.996960883479923649e-02
2.447795138064460044e-02
1.734340001161523842e-02
1.362693015828555024e-02
2.782198219640104331e-02
2.828154207629939368e-02
2.873226566460032605e-02
2.962181132654494869e-02
2.033767750566937635e-02
2.535379425162189240e-02
1.031959522943013373e-02
2.302496751363598132e-02
2.608272390279010172e-02
5.079598145807549467e-03
2.519463309969718900e-02
3.246047227031939597e-02
2.585005801957972887e-02
1.985075439681692824e-02
2.910164942483731490e-02
2.305063432177698740e-02
1.373369856669270569e-02
8.340808485189471835e-03
2.998764387171751547e-02
1.733562805722337410e-02
1.628800814819864745e-02
7.138270139493245459e-03
1.989970419184778488e-02
2.607543280020188647e-02
3.507652986798893979e-02
2.341300431338040958e-02
7.772960110152502336e-03
3.085087652510809519e-02
3.324081879753740948e-02
3.467965796680968354e-02
1.188091729832114682e-02
3.418180543942556104e-02
1.300998612986115945e-02
1.383851269993990364e-02
2.424292690598280758e-02
3.398083916631432916e-02
2.217920706152391383e-02
2.629123874594959179e-02
2.151330284395196885e-02
2.977918922664075235e-02
1.275189458508433835e-02
2.642515304700292916e-02
1.501025340574491107e-02
1.505996376288412826e-02
2.653220388917188616e-02
3.486882736441333092e-02
