2.799348888628057537e-03
3.338596231960408445e-03
8.965847676718610715e-03
9.215197557632125863e-03
9.614107166053965925e-03
7.093761692492940238e-03
8.567329731989842267e-03
3.729272439645681461e-03
8.866805765194770567e-03
7.139748574776181092e-03
8.133243949702511147e-03
7.372015285015629145e-03
9.879946981090284228e-03
6.835897659206772135e-03
8.803513303343923554e-03
4.934688835062988818e-03
4.335980341091240885e-03
7.595257050838083099e-03
5.392529792344111401e-03
5.817693523067840426e-03
5.439105698614906011e-03
6.707235132064304564e-03
8.055197505715205875e-03
8.137540639747723945e-03
8.563872194406135438e-03
7.208738461997129046e-03
4.827758936904242258e-03
4.689981337140178806e-03
4.113639622845598545e-03
7.992305593956911328e-03
5.478632055107380237e-03
5.960146815072719755e-03
9.260894520320592585e-03
9.298283340872508240e-03
5.270445102267772713e-03
8.214587002925807790e-03
8.629647420101929645e-03
8.797250022291374857e-03
8.855891867528817296e-03
6.989306250044155337e-03
6.056167121119315419e-03
8.432499812357351077e-03
8.958917884958898098e-03
8.618193445711200273e-03
9.248294787615504720e-03
7.824183952177973800e-03
4.205651657375889321e-03
5.993050415369622144e-03
5.184884408366959886e-03
8.032703533017946165e-03
8.641607787439584826e-03
8.778161660650299694e-03
8.142672296374242960e-03
9.853457343804650909e-03
7.523244370923607913e-03
8.745117773254523080e-03
5.631381884859106533e-03
9.272439700264990467e-03
7.802386374478572847e-03
9.977673613807939643e-03
6.671799855596785220e-03
9.598508018244921586e-03
8.744039890053243239e-03
3.019477328153075905e-03
8.174196002565661118e-03
6.960059674640628295e-03
7.228680198580865642e-03
1.945378505326339578e-03
7.940541332452304146e-03
5.540866980354876466e-03
8.195350434043747676e-03
6.473775019357091640e-03
3.910859953749913284e-03
4.194972150470406037e-03
8.379507117853225023e-03
9.981248444136413267e-03
8.174952869935449284e-03
3.101461847972404769e-03
9.790584785340407034e-03
4.648860868514634662e-03
8.609035334993025632e-03
4.930764637250683452e-03
4.421510262844582061e-03
9.682334244515167568e-03
9.436268992751590395e-03
7.371618339429312702e-03
9.287668359274697458e-03
5.608862586093050877e-03
4.758286536070620645e-03
8.232834724986311942e-03
4.676978488902259860e-03
5.738565068196813806e-03
7.305962114261396398e-03
5.255476136286026112e-03
5.220679647881456588e-03
5.313286982552027984e-03
3.899195830048982070e-03
6.954596745729190593e-03
8.309829773831935509e-03
7.884681361284557113e-03
7.836858114543213821e-03
4.298135161598872975e-03
6.584948945426014576e-03
8.107579935524536485e-03
7.787669297071055791e-03
7.692371673797633938e-03
4.946587745154711058e-03
8.109755450200536314e-03
8.325146389565217173e-03
7.723394410761830545e-03
5.481837116767394186e-03
9.692104234609836763e-03
5.983951592232319115e-03
6.889236262173243155e-03
5.875223187106977212e-03
4.752492422487695524e-03
5.613090361055698627e-03
9.328556290326018435e-03
5.794487248580271026e-03
5.982988860410873473e-03
6.419913357369326154e-03
9.022171584970739219e-03
6.598451506682721790e-03
7.803270358082775408e-03
6.444987926419971230e-03
8.277424835680197157e-03
3.151704650231177893e-03
7.943943219494740277e-03
7.243475462532033594e-03
6.854340580198693342e-03
7.389199781679767730e-03
8.529587281742377625e-03
8.025614068229717374e-03
6.418597101332556773e-03
6.593567379147861375e-03
7.221731356612088280e-03
9.441115550561759301e-03
6.115538467085455607e-03
7.081678384297078639e-03
9.007723419512217097e-03
6.540208455596724889e-03
8.574542697460035140e-03
9.943988289679269246e-03
5.272736247286631366e-03
6.816943542338893200e-03
6.575792683445613913e-03
6.472303655701301846e-03
7.415813786553712185e-03
8.571420571568139773e-03
9.146060002070976330e-03
6.297552132762711079e-03
5.213551163295050521e-03
3.705066613537458600e-03
1.000563855868437553e-02
8.252548682719044668e-03
6.201124827288103172e-03
9.835689316599217219e-03
7.622959075457203318e-03
5.719015612836463903e-03
5.425725036722668475e-03
6.098465121791357343e-03
8.152470285366354014e-03
3.960803373153558987e-03
6.805056442514539200e-03
9.258286708273805177e-03
9.312532849118895090e-03
7.825150055939086163e-03
8.960304257361004568e-03
5.984650386536727318e-03
4.853662787794801523e-03
9.056485947656423355e-03
8.114566791577074861e-03
7.942143523095940294e-03
3.829680520290057802e-03
4.577965917436887557e-03
2.754952386888141931e-03
6.755087672152340628e-03
4.489805653750022357e-03
3.543048426195018977e-03
1.000394698173221776e-02
4.019909388811805130e-03
7.882002107230541219e-03
8.383737206370813280e-03
2.923660451186024974e-03
7.001650417567441449e-03
8.413196904035510904e-03
5.119073301725603729e-03
9.260934601620033485e-03
5.971728456289689124e-03
8.214498514568810070e-03
9.102954674817040695e-03
9.386923716606893758e-03
6.297561758682577830e-03
8.621904497109920615e-03
8.875621826463269554e-03
4.284494710991989044e-03
8.515514047884678930e-03
5.039484142967412539e-03
4.422323006422852407e-03
8.448899379777389390e-03
9.206569725211373109e-03
4.910275420456070537e-03
7.354027928785859813e-03
6.649195030168304592e-03
4.289724209336881131e-03
2.719966248187910204e-03
6.793240567368475855e-03
4.865929075986486808e-03
3.814686371534439790e-03
7.810344665831892540e-03
4.981171016999883655e-03
6.961155341212191434e-03
8.228991918921750928e-03
3.903597974008464998e-03
7.891401010057270266e-03
3.529675210021733858e-03
3.951874060054904811e-03
9.449616965332594334e-03
5.988478802061611775e-03
6.447927835782512641e-03
6.568735292210661943e-03
4.662124155798550405e-03
4.227957047471906683e-03
6.624651290998894750e-03
3.851079772323188349e-03
4.259163942431982985e-03
7.790767358052508307e-03
4.055071045312877084e-03
9.421662914885289841e-03
5.311890855880706253e-03
9.130840554490224012e-03
4.873354508815365589e-03
7.802054719767246779e-03
8.169817872997109723e-03
3.529159192742293508e-03
6.310426121023802147e-03
4.231934798633793342e-03
5.468654440469317146e-03
8.499777679901397362e-03
4.620593086632359368e-03
5.609809523538452497e-03
5.655918092975572783e-03
9.777047543349997455e-03
8.400923233343057794e-03
3.653776425650923435e-03
9.084503940254952739e-03
6.708453101660444458e-03
5.848955441962146867e-03
9.076974169792020528e-03
7.458992500983785932e-03
6.597415001260786317e-03
4.402364538413059553e-03
7.767316303136618909e-03
8.047896028919757777e-03
9.221297743905537692e-03
3.012243573787183083e-03
9.883381503880735858e-03
9.151751058131660579e-03
4.677427801961312089e-03
4.823113592646552025e-03
7.110988376455764509e-03
9.009038090001215277e-03
9.422028390862592986e-03
1.699767340250197840e-03
5.132452485465658146e-03
3.793310524709993595e-03
2.557003954036826503e-03
3.960803373153558987e-03
2.946273673975132335e-03
8.339621865274673279e-03
8.997165391494215195e-03
4.714273833321444562e-03
7.657569522483718971e-03
8.329013664071401729e-03
6.671272027818815620e-03
5.494949391851465179e-03
7.772249901824049637e-03
8.417012037367516825e-03
8.797250022291374857e-03
6.192045512341109829e-03
9.178100302886437953e-03
7.479835757167931434e-03
4.152112531004200149e-03
8.468248323232325722e-03
8.334303775290674912e-03
5.839314227935454328e-03
5.416342688923363874e-03
2.621606989679833161e-03
4.338144374611400435e-03
5.843072194912376539e-03
8.055197505715205875e-03
5.961777914797683486e-03
3.555887366927725814e-03
3.460525965694252748e-03
9.000293009530806188e-03
6.271433286526683325e-03
3.339445508533924085e-03
3.486042346849580701e-03
9.160432189612602999e-03
2.287305094477556314e-03
9.820868550748774670e-03
4.563781333348146223e-03
8.965847676718610715e-03
4.871167638741613452e-03
9.490403795247841223e-03
9.795899621763151655e-03
9.534192044850136119e-03
7.914802603399325592e-03
4.994684456427280622e-03
3.468555438132759142e-03
5.439105698614906011e-03
5.328534527555891555e-03
8.371450563901143560e-03
5.325617551418432988e-03
5.643702553448944233e-03
8.675837391533745141e-03
9.965787531695495180e-03
8.934914119155252035e-03
5.541691150322830203e-03
3.088031491810005677e-03
6.307317927107155588e-03
4.284036974751280306e-03
9.596862068602841564e-03
4.340759334735273811e-03
5.791191093762788553e-03
7.118590302545631937e-03
5.576472748981304781e-03
9.974005653809467700e-03
8.849185193036804287e-03
6.843141361425696297e-03
4.570923249121199537e-03
8.315547930450594566e-03
5.564121765306928938e-03
4.412667900007770892e-03
9.845313794589825862e-03
8.226602716413273717e-03
6.570047618647350228e-03
9.435865706618945525e-03
5.007901983486313588e-03
9.810593168161756486e-03
8.012327178054228990e-03
7.750318464866704990e-03
7.963910643646147924e-03
4.080520558915459728e-03
5.589416115613320829e-03
8.837260830787597998e-03
3.339310872918380656e-03
4.941495870023793202e-03
8.647219287422111544e-03
5.315229987199112695e-03
9.524667329798076551e-03
8.454920506149932180e-03
6.295915225146807466e-03
5.875527445493720219e-03
7.279870335207624596e-03
6.936429558344377709e-03
4.031179028059923494e-03
8.184041355292456452e-03
4.260920919275693400e-03
9.211105973910383576e-03
9.206569725211373109e-03
3.485052123062518277e-03
8.650226143191009839e-03
9.291679429352913203e-03
8.027955338963011986e-03
8.350557298918518181e-03
9.747549041093220290e-03
6.428317147252064073e-03
8.499217539449949871e-03
1.891374572403068006e-03
5.291472699133280971e-03
9.909081500476563109e-03
4.724969658179110042e-03
8.675837391533745141e-03
6.217268827598282192e-03
8.413196904035510904e-03
5.057897217606820151e-03
8.901003943155112383e-03
4.955961069749276714e-03
4.452770121821763606e-03
9.751896641753611539e-03
4.629205127978777701e-03
7.828557973759871225e-03
9.411703714492252251e-03
9.119107586516515471e-03
8.258216506218689010e-03
8.272857193213595944e-03
5.783715098780607862e-03
7.892966921608533803e-03
9.084226603188255353e-03
7.537462955600672358e-03
9.132289908793035649e-03
9.048751749635019700e-03
9.387916181720841122e-03
5.220679647881456588e-03
7.433551922650344194e-03
6.596692465685513942e-03
8.050328920030670396e-03
4.566462698042765382e-03
8.061896195436943358e-03
8.686607518257319707e-03
4.736977764144415133e-03
8.619085996564723393e-03
7.681077077303281528e-03
5.076203577150212656e-03
7.715878207569502184e-03
4.987618569286695128e-03
6.761186585219838494e-03
4.943505282159714811e-03
9.535056543128000994e-03
7.260069296949131154e-03
9.471236482659337041e-03
9.809235189294935112e-03
9.898199049712376463e-03
5.516968606369097861e-03
8.053019984358323821e-03
5.373027268378504154e-03
6.636258715885156624e-03
4.481780809187391884e-03
7.084066056490210053e-03
4.138106702263561441e-03
5.856390093187435579e-03
9.154799710730007756e-03
5.443799058599902742e-03
5.891460017135914488e-03
7.253487302465571121e-03
8.466656512053000183e-03
8.903669374635934594e-03
3.384128414540028308e-03
8.542316680051949968e-03
9.481122992042694334e-03
6.525950287179438196e-03
4.806992116595987588e-03
8.002606713836851390e-03
4.747367600598827349e-03
6.335618158514076323e-03
7.782529966976847388e-03
5.853050530157405222e-03
9.414224278733611395e-03
6.790022353317293549e-03
6.655686355599250634e-03
9.816806159197569159e-03
4.959399031915018990e-03
7.593406985783178638e-03
2.408668671801155164e-03
3.231742514507719537e-03
8.277143692693268023e-03
7.198221476746965997e-03
8.657756255225511691e-03
8.791989224258309893e-03
5.736150297228302490e-03
4.425747573542393107e-03
4.714273833321444562e-03
7.483691533447464801e-03
9.758561008765730127e-03
6.222923791867708554e-03
8.005593988888585685e-03
6.958482596729137666e-03
9.108269071419209523e-03
4.903336043135347183e-03
6.607594973514287900e-03
6.445539275837399058e-03
6.349547104200312965e-03
4.487429671719619408e-03
7.411725252491700375e-03
8.576209440932002284e-03
9.244145230369781030e-03
9.257037930995134362e-03
8.663490481718298317e-03
4.220589387534028590e-03
3.657762846978410750e-03
9.909048723044898421e-03
5.481924328582553525e-03
9.143775380136526243e-03
4.099632904035562311e-03
8.647219287422111544e-03
4.214105777511717443e-03
6.798510491401288380e-03
5.737618168191545645e-03
9.396640338332002546e-03
3.060493656056631831e-03
6.365133203141847343e-03
8.714584093137283521e-03
9.567097999245146797e-03
7.296095945601233437e-03
3.020714026995886294e-03
6.610206921719359238e-03
7.220294481368292813e-03
9.610299778122714798e-03
3.689476957066102712e-03
6.092553788862638958e-03
7.068018026843786439e-03
6.862568098604307325e-03
7.702765070346002767e-03
8.246084996456624558e-03
4.628656370772467506e-03
8.958560223187771177e-03
3.849860198698632288e-03
9.858638200723704448e-03
8.826507075699051991e-03
6.717316229971796032e-03
8.220146026049772806e-03
3.414064266565732236e-03
9.055666118420884619e-03
9.925739626661402720e-03
6.889236262173243155e-03
9.204885613218787704e-03
6.999171515410968457e-03
9.707009457226590740e-03
8.734542291698278033e-03
9.751896641753611539e-03
5.094453157325200265e-03
4.743419303667003456e-03
5.969837838200750535e-03
7.039439239597322651e-03
9.586747401347670006e-03
2.438368963415264885e-03
6.557133575559153868e-03
9.576450613739330431e-03
5.970498344450018285e-03
6.822472351349689358e-03
7.989501438486291962e-03
5.554352855011570472e-03
7.296160450617734418e-03
7.688645365603959461e-03
8.236694075752747091e-03
3.123273313894176905e-03
6.322056630028272117e-03
7.351589474654727369e-03
5.173562522238847258e-03
8.890772683774517821e-03
8.716952408182657847e-03
7.191101321453861016e-03
9.659041682331934164e-03
8.716871276056581408e-03
7.331202838590704027e-03
6.298935455725991096e-03
8.821869856084048681e-03
4.239119154977995241e-03
6.747051840844802209e-03
9.069869738719638780e-03
3.262256949485950637e-03
6.236153080439383808e-03
9.645640541127259784e-03
7.169427568749228187e-03
9.340184092091068785e-03
9.234078395488978103e-03
4.238688356551376102e-03
9.338555915155314496e-03
2.633666781607302103e-03
5.976410818719063607e-03
9.237224148850729094e-03
9.936412164812936237e-03
9.692104234609836763e-03
7.300825285009523297e-03
8.577149547405628696e-03
5.958184707943741873e-03
3.711116547909291269e-03
6.425939385093638705e-03
5.145868658352646327e-03
4.082073708454862782e-03
6.653903158918801804e-03
5.366490105124445409e-03
6.172734855229924239e-03
6.893312986214335421e-03
8.481691752711449997e-03
9.406363136133751024e-03
6.187780883597953849e-03
7.609529410770297410e-03
4.757671459234256300e-03
5.418369461135979365e-03
8.084774146612287715e-03
7.904679016631718097e-03
9.449616965332594334e-03
5.422472789564945772e-03
8.706182946222936619e-03
9.891406634050943850e-03
6.906454938337589292e-03
5.302626852458305722e-03
7.889167472970280010e-03
4.736977764144415133e-03
9.798641113756825435e-03
8.811483872827999275e-03
7.957524392192797877e-03
2.664152634103757709e-03
7.894907166360751183e-03
6.961924230841424512e-03
4.281571375279414823e-03
4.577637027746334596e-03
8.750979141576161260e-03
9.995622770304045390e-03
2.908318161589817062e-03
8.734437962446509052e-03
4.673053437657068501e-03
7.334534580544963857e-03
3.691053350384216128e-03
2.253033152635066250e-03
8.272020030640205371e-03
4.898237017762912399e-03
9.793439459694503954e-03
4.078215027837386528e-03
2.542063128501314846e-03
8.858820713294482396e-03
6.252314385841060626e-03
8.599445776489375234e-03
8.636764862768125939e-03
6.769580401468632512e-03
3.967417261945757612e-03
8.939689034689760408e-03
3.783291883126714376e-03
7.836858114543213821e-03
6.512414807469757948e-03
6.861804641097917802e-03
7.989222656727268737e-03
4.971649673661949001e-03
6.404384534084369557e-03
8.490048055426356252e-03
5.350471708080580154e-03
7.681389583077609037e-03
4.652783740524440124e-03
4.256684582951078197e-03
7.621080781653526322e-03
5.791191093762788553e-03
6.748948929777841797e-03
7.062741343674502903e-03
6.159852197360046223e-03
9.771719454956813433e-03
7.843085030053716100e-03
8.576530345655582893e-03
4.512763773843195617e-03
2.632568941533399483e-03
7.372632989445042015e-03
4.743419303667003456e-03
9.556340128913855259e-03
8.806255237770302391e-03
6.772033881030729494e-03
5.846518768662586039e-03
7.920395105035879513e-03
8.513929181992258011e-03
9.109561561109296574e-03
6.201124827288103172e-03
7.169270203147912711e-03
9.578458057989186133e-03
9.195161862102157330e-03
8.560213201403890637e-03
7.383227372145195755e-03
8.932608695740340207e-03
9.977840831867878374e-03
8.195589373336951283e-03
3.339310872918380656e-03
6.327781070686436943e-03
8.536276851411936373e-03
3.758345526165566587e-03
6.805461528594495928e-03
6.322405005338933848e-03
6.068259439715836118e-03
6.316717224434303946e-03
5.903125272941682662e-03
8.951243909507224095e-03
7.422638497637159410e-03
9.147340788810229273e-03
8.254206700178158551e-03
4.496370843497288911e-03
7.241535500070080296e-03
9.111136194620450546e-03
9.041036949160646471e-03
5.161098189929863751e-03
8.734425947884172717e-03
4.381363325349850457e-03
3.007363715544248296e-03
6.532021733821636103e-03
8.312937780486577555e-03
8.375791361449436839e-03
6.279173899982813840e-03
6.538061331889779074e-03
6.539789404774900075e-03
8.140490109778929229e-03
4.910807772883466968e-03
5.779584640731742773e-03
9.978354604784958268e-03
7.031174852838925626e-03
6.992467969317044639e-03
8.317839391478410935e-03
6.489889795277168326e-03
6.996804437998146130e-03
4.791907928379117269e-03
9.193601155738237440e-03
9.701126408648640120e-03
3.681263196020729753e-03
5.289839255861268109e-03
6.359554839504573398e-03
9.197154886552009675e-03
4.271594766031486592e-03
6.319814577862637936e-03
9.530023393397106871e-03
8.656102236857724994e-03
3.699145005065239931e-03
9.615967349981290047e-03
7.662437324489715720e-03
9.405166577506948039e-03
5.279016161758565834e-03
9.345952953753903364e-03
2.756053414823609552e-03
9.598006765440737775e-03
5.115828632895181791e-03
6.971367949574664574e-03
3.047243597055999953e-03
7.753548565920772781e-03
4.214105777511717443e-03
4.598569560653606274e-03
9.523601516158074209e-03
6.138964751989456174e-03
6.968204338930793565e-03
8.346623457186929870e-03
8.766826550797553533e-03
9.220230660383082685e-03
9.473950850076112012e-03
5.924207658415819172e-03
9.606833498862737963e-03
3.753580290938161000e-03
7.792899183496054122e-03
9.716797011486612984e-03
9.356952540699837312e-03
8.370139155680455037e-03
8.568280844839286370e-03
4.533895569775922216e-03
5.151808589695351485e-03
7.833117626772924044e-03
9.844162503977651330e-03
6.743520133804662905e-03
9.314977346355656287e-03
9.743772363052216265e-03
8.948616368146772998e-03
7.548528969774361171e-03
9.876750017031352136e-03
6.934755116491082318e-03
9.827793060516235718e-03
9.314132129482186398e-03
8.045366145819013090e-03
7.595646391422921154e-03
9.457815690282785417e-03
7.088223655217714553e-03
7.516396277463741928e-03
1.000543329482814214e-02
8.467617786368729013e-03
5.692216997009674415e-03
5.118884711109246768e-03
2.923362235721465880e-03
9.794629241869011807e-03
9.187689760506521225e-03
7.850733402834857849e-03
4.949461234667051901e-03
5.490746359365782266e-03
9.739435591921020291e-03
8.054172194678601432e-03
3.319883508754940989e-03
5.744971191145578290e-03
9.283591069875670246e-03
4.801650319229413925e-03
4.111934726638111909e-03
7.548036714478768838e-03
8.200077032266855914e-03
9.510416603800583152e-03
4.173826946737829030e-03
8.452190320563676348e-03
9.432032313688535133e-03
9.827793060516235718e-03
4.780933416257389899e-03
7.987056871942732617e-03
7.103364628414845366e-03
9.560890998186634751e-03
9.660138438223846505e-03
9.080550819295953729e-03
7.443233360122906810e-03
5.718470347074245883e-03
7.993597043538599664e-03
8.625410671305962229e-03
5.577839598761876252e-03
7.962835519776428200e-03
7.332322027829655739e-03
9.396066416227387419e-03
9.916514070251616561e-03
4.340759334735273811e-03
6.588321572599854098e-03
7.399424226639845711e-03
4.161459068524926350e-03
9.884889221570472909e-03
8.018502633980708477e-03
8.169157195012374112e-03
6.314818558149717237e-03
6.822472351349689358e-03
5.765156480822877620e-03
5.615576730967055709e-03
9.693715749490176836e-03
5.220679647881456588e-03
9.771559432456880176e-03
5.503980794534089026e-03
7.139748574776181092e-03
8.608912009293982065e-03
8.844909958056410004e-03
6.830315852671063094e-03
4.266243074010783905e-03
8.201486101774360660e-03
9.841012998656547758e-03
9.124242302786125455e-03
7.443233360122906810e-03
8.160162463415311651e-03
7.066552354718208181e-03
7.388035155908112203e-03
5.536028322969412628e-03
9.805002064843627158e-03
7.378734540670417799e-03
3.829680520290057802e-03
6.266340168490474628e-03
5.895393346780179733e-03
9.330095756972668630e-03
6.664647993480180173e-03
7.095253667296108277e-03
7.354646240512245810e-03
7.049087050208390284e-03
9.595082244072326155e-03
5.445117650493612287e-03
4.857599796279626209e-03
6.843141361425696297e-03
6.183932965275220489e-03
9.472542372585286002e-03
6.824611781130243346e-03
3.534200245737461124e-03
9.093496526152482218e-03
9.208751062265957410e-03
9.579704606313979576e-03
6.320132466265082974e-03
6.367535135657332278e-03
9.556340128913855259e-03
9.043092259811523828e-03
8.797250022291374857e-03
7.920540237005127548e-03
3.937853481205465939e-03
8.785891686823588120e-03
7.353931753114220475e-03
9.927185312391763328e-03
2.807932443990116336e-03
3.869415333238943565e-03
7.586402385502609771e-03
6.518682798826900063e-03
2.484980292196713354e-03
6.323693056019047062e-03
2.950689191262157417e-03
8.012088733046221489e-03
6.328873138625109272e-03
7.880119324754927476e-03
4.332738819952628405e-03
7.479835757167931434e-03
3.359418949500362749e-03
8.701522724128812197e-03
7.040620740682965520e-03
9.007661246577208444e-03
5.554352855011570472e-03
9.958613740177285623e-03
8.939689034689760408e-03
6.311396980176915694e-03
7.548232300960950811e-03
7.826556040801100483e-03
6.830428216435350044e-03
9.785695464509785307e-03
5.247767804587169863e-03
9.680215739397025204e-03
4.240788422539829190e-03
7.614323448645942544e-03
9.333036168038787161e-03
7.270089084576412258e-03
7.236417746793819689e-03
7.411725252491700375e-03
4.271582314000890723e-03
6.164047592420566352e-03
6.954263274735300940e-03
8.272802813456263393e-03
2.658682324236327776e-03
9.223788491574421919e-03
9.487064481904682739e-03
9.743772363052216265e-03
5.778881754819823434e-03
3.927053402246598671e-03
8.114755542436732222e-03
9.974005653809467700e-03
6.491256874928765658e-03
9.257037930995134362e-03
5.376594561731436704e-03
8.980066788993691651e-03
9.076974169792020528e-03
6.266299750613564708e-03
9.483678004517031440e-03
8.296530082331122699e-03
5.431882921477284958e-03
9.497733988737678060e-03
8.437188381740129070e-03
9.105444306828259712e-03
8.313511499628037718e-03
2.830741966453323953e-03
3.503505177419570862e-03
5.717300393527456961e-03
9.666304213992366057e-03
8.552096961232959899e-03
4.328971386762031290e-03
9.605642458433708702e-03
8.170613089364335557e-03
5.837330601389362737e-03
4.043682694126120997e-03
9.140254237349128633e-03
8.013427865954504334e-03
9.402067436734447281e-03
3.322474654143702487e-03
8.807232621223577695e-03
7.344577765594640338e-03
5.490746359365782266e-03
7.099804260531599256e-03
8.407728764169952740e-03
5.692216997009674415e-03
9.091883936371268973e-03
9.860375588890982201e-03
6.399358497248032636e-03
8.214587002925807790e-03
7.427370548282805421e-03
7.436345179750071185e-03
9.060536917468919524e-03
4.616764255603911064e-03
5.983465517378664528e-03
8.530643482905740649e-03
8.893450934777445346e-03
8.438356715231557295e-03
6.537106504130962663e-03
5.442564418184841352e-03
3.464513071034737782e-03
9.691842469317077380e-03
6.575171846756125600e-03
4.270843363758564798e-03
9.853678330272905642e-03
8.284404798531203387e-03
8.178532502270045509e-03
9.380101509651277841e-03
5.821135803590055460e-03
4.570923249121199537e-03
5.875527445493720219e-03
8.601415679281196672e-03
9.265145907694394278e-03
6.472303655701301846e-03
6.851823871526753484e-03
9.628578296695795152e-03
3.795513736954946645e-03
8.996073855153802201e-03
7.015410610785288367e-03
9.406876537048552978e-03
8.280347626609167733e-03
3.537866287157567877e-03
4.488325668033007858e-03
5.461602688801327037e-03
9.316855225569501200e-03
9.026708111984572264e-03
9.590622382657086609e-03
5.150862342531901256e-03
6.686132183232510774e-03
7.023000057692437362e-03
9.910895605904324404e-03
8.621904497109920615e-03
8.724958329643544772e-03
6.291543340325328817e-03
9.180112847504810075e-03
6.624651290998894750e-03
9.006739301772162531e-03
7.943409249724846938e-03
3.604348944338564217e-03
5.025782786427288214e-03
9.147201612318125660e-03
4.590351000601289311e-03
9.192101216134559299e-03
6.738205417175645306e-03
6.996197981776065833e-03
4.625765315819358077e-03
9.243785332176287367e-03
8.243441344593644207e-03
7.038189977721311281e-03
4.125865820740290228e-03
9.567705073122712012e-03
5.692216997009674415e-03
7.743244512873513445e-03
9.570382611871885298e-03
2.975022390425203795e-03
6.933873490315468902e-03
8.529177654661919059e-03
5.616354333452063322e-03
6.725477375329149375e-03
4.841960080303851430e-03
5.013857646020001418e-03
5.994025007890499933e-03
7.752883044609860420e-03
9.380101509651277841e-03
9.936389532037447417e-03
5.041385167526560990e-03
9.335347216997249079e-03
9.296472592987872416e-03
