6.699354818938807856e-04
8.455157388891006457e-04
8.558972004505976299e-04
1.316894435541517876e-03
2.039673635010552481e-03
7.121110248544136384e-04
4.962518148507959366e-03
1.424499531366340763e-03
6.019881496546782137e-04
7.736469323784431282e-04
1.190079465739394236e-03
5.820705159802061143e-04
3.064816240274438955e-03
2.403965518018254255e-03
1.393948960130638728e-03
6.328808131568566808e-04
8.392643678299619575e-04
1.219967027781031568e-03
7.542315812885725702e-04
1.821010790022111392e-03
2.790327039291200933e-03
7.120927413215289012e-04
1.315571191315957622e-03
7.047102744195166179e-04
8.309935753301363193e-04
1.026255697042609402e-03
8.955681528027912685e-04
4.919229563774066283e-04
6.484767862800161833e-04
8.553013434890183045e-04
5.177852363509213547e-04
7.706844423330608002e-04
7.461540748496482472e-04
5.560866610949042037e-04
8.218703689481809700e-04
9.666171824399958550e-04
4.762507328302938462e-04
1.604001451101052210e-03
9.283371730778374343e-04
9.425273352557575869e-04
5.134468756840935731e-04
1.037961948033507388e-03
9.651692279308779357e-04
1.170097021699288134e-03
1.063321979039573905e-03
1.120402315461353597e-03
8.644078447849550765e-04
7.118536013731740532e-04
9.517193228518651014e-04
7.384568708237881527e-04
5.053332505737557091e-04
6.946584101260406749e-04
1.120065358474056812e-03
4.563806619018954264e-04
8.818483606488578550e-04
1.342331762508466517e-03
1.830580615346350101e-03
7.314854364462570991e-04
5.715309056604115723e-04
8.152794856531288487e-04
9.489618532713345669e-04
8.054370754992420511e-04
9.014374037681919995e-04
6.897657836941227874e-04
8.396989488624656463e-04
1.107584755386385169e-03
1.172606479268850817e-03
6.216163770664176599e-04
8.884378129243831416e-04
7.147161247610586948e-04
8.609847078750805689e-04
7.745442401064086624e-04
6.698898275677852513e-04
1.009229409236371512e-03
1.200755664356927509e-03
1.222430417775949513e-03
9.397325721397375856e-04
5.810274029412122081e-04
5.224621806537096697e-04
9.305819310266264400e-04
9.341559194152291613e-04
8.823098388372180691e-04
5.813624459139506021e-04
8.708553537361555163e-04
2.156170669620916230e-03
4.845004019231298822e-04
1.285685655345967984e-03
2.583376982209075867e-03
1.216150051308125977e-03
7.957344141324670158e-04
5.897342144584596327e-04
8.510029278804889232e-04
5.897614147279761979e-04
1.257611415484915845e-03
7.744004718992316717e-04
9.866090237345144075e-04
6.423176207878810579e-04
1.058244934239531291e-03
6.334050377469056152e-04
6.746357387568635523e-04
5.981377037993786897e-04
6.322113126940868055e-04
5.958360398371793237e-04
9.339489270403007358e-04
5.679065122490935865e-04
2.555822166034042980e-03
6.447218600102536676e-04
1.132931310381494376e-03
1.371173953761509494e-03
6.839110008679334836e-04
1.479971121447873957e-03
8.592527859930267596e-04
7.578251924164574986e-04
1.196578442585258598e-03
8.525866732651786462e-04
8.392327410527275142e-04
5.139753418147687209e-04
1.297584506489885903e-03
2.024930287596372371e-03
1.160845755367230113e-03
6.107508113749727076e-04
7.045419434668970986e-04
6.854399785976823074e-04
6.575587869383083895e-04
1.609846866237962283e-03
9.330662418842553289e-04
1.197391312133213714e-03
1.356034519523563377e-03
7.074318916833141103e-04
7.493547394594186461e-04
7.808816298044655036e-04
7.795207945425511277e-04
5.367936468391248332e-04
6.667593744034636940e-04
9.265930681033846634e-04
6.262604234733564357e-04
1.314679244670563778e-03
7.931303372643151803e-04
6.166698461483370803e-04
2.256359850689355646e-03
1.783491054698085800e-03
5.622738705983203926e-04
5.760695210174786350e-04
7.204067571837874991e-04
7.684760831432320242e-04
7.177129113467844036e-04
1.217143284562381429e-03
1.057594247188303272e-03
6.097552040061516177e-04
7.666897548363252584e-04
1.104007631514127615e-03
7.088252837276270632e-04
5.981806054175858780e-04
7.848657197574066035e-04
1.209303673450998423e-03
6.818520825634394192e-04
8.288951048827078363e-04
1.107310332594526377e-03
6.326468280777351261e-04
6.539773180384413163e-04
1.293766953684461277e-03
7.071366684430127744e-04
8.660268765687088866e-04
1.012479833981100264e-03
2.205190245871181155e-03
7.782959414505768135e-04
1.543037988332763427e-03
5.146614768268057121e-04
6.727772115520015564e-04
1.647819040674604546e-03
6.754836592612266074e-04
6.522171721462871000e-04
8.052181057787810396e-04
5.225592996313848304e-04
1.441982413873509755e-03
6.675555890359558767e-04
9.685002265683275357e-04
8.562259370434744526e-04
6.042293059722262522e-04
1.051527816450263967e-03
7.165038530011874325e-04
1.050927519718882625e-03
7.756952984354846233e-04
6.213907495757749156e-04
3.186664341084387373e-03
9.188909541714287239e-04
6.702518468150477342e-04
1.617469814663600102e-03
6.115385780456950894e-04
7.260792800777281794e-04
6.442612291657480407e-04
7.993116664693557553e-04
8.666032969047228907e-04
6.407587785829991318e-04
7.363741406175398907e-04
5.826138775486399291e-04
7.975222173081970975e-04
6.022662312397141816e-04
3.288490804458440650e-03
8.142462487691883239e-04
5.467918370621483587e-04
7.964001041301290579e-04
2.269899673765229942e-03
7.399772222173071163e-04
1.208723050088466883e-03
7.389256090975384423e-04
6.789498570975391898e-04
1.440968367246704337e-03
5.593440472900865906e-04
8.606369345361879284e-04
4.684060609870240120e-04
8.730750502128307045e-04
1.268965217711065909e-03
7.808951676102540013e-04
7.364862799201071222e-04
6.848801275455389248e-04
7.418499470293452892e-04
6.862099324264663491e-04
8.453928346039141228e-04
7.490392177673648594e-04
8.257738206627814612e-04
7.707612326463349380e-04
1.166823901758930540e-03
1.836934885654578457e-03
1.075073818176054425e-03
8.094076846787169859e-04
1.086433576765328136e-03
8.504427591749117105e-04
6.265110739331713856e-04
7.786113898806543620e-04
9.553316369325538099e-04
7.427286987433694880e-04
6.689741037220802095e-04
1.062809855703146207e-03
7.714855802382430093e-04
7.739336498052846449e-04
6.814928288753406647e-04
6.237514999770345714e-04
1.153486684850633243e-03
8.895967932424441544e-04
7.847386023443143942e-04
6.051061125846388805e-04
6.319563882532922873e-04
1.041893612682522020e-03
6.299244555814470471e-04
6.535344041083601587e-04
7.479169044427965351e-04
3.296119698442100295e-03
6.362246970754437125e-04
6.179200478824716349e-04
1.011507066962932409e-03
5.741597792909625738e-04
8.448842679752139153e-04
6.720549962667120856e-04
1.040135585958740705e-03
8.519061445876102614e-04
8.759813725554939021e-04
8.687695573070218502e-04
5.009590459668209926e-04
7.579179607123540585e-04
1.019779779547117134e-03
9.024902361834786320e-04
1.511733995912762111e-03
7.100047038987499165e-04
5.095553861358905921e-04
7.749269221438309131e-04
5.591469093423615585e-04
8.660268765687088866e-04
9.718799368727645176e-04
9.072551586526390269e-04
9.066812436767759161e-04
1.360850665714397490e-03
1.080460928721884220e-03
7.529574797107886240e-04
7.725419549197806886e-04
9.280755461732484403e-04
5.996405165382411332e-04
6.758689525360498610e-04
1.604001451101052210e-03
6.426585023239347796e-04
1.313793909603305603e-03
6.920734479317197912e-04
5.348355869616154860e-04
1.690186732898559755e-03
5.944587678465378371e-04
8.626357572819768693e-04
7.291915438220399363e-04
6.396395654947870709e-04
3.478492887465879993e-03
6.182200113758294776e-04
1.315571191315957622e-03
8.136978853680157170e-04
5.330518970851328385e-04
1.224255462377800809e-03
4.689020762108545666e-04
6.964050425852512816e-04
5.208939378797396115e-04
4.937537262569107171e-04
6.717169281710579608e-04
6.295253857597700757e-04
7.642046355663431427e-04
7.940843696964254052e-04
8.558972004505976299e-04
1.277402215264501284e-03
1.062330371807709839e-03
1.008890650920230394e-03
1.254599362162144797e-03
1.151838765716276924e-03
5.856818928575839881e-04
6.297022397463873438e-04
2.790327039291200933e-03
7.418451179125871205e-04
1.851878875599738059e-03
6.804427897028044120e-04
8.298297254971715884e-04
1.614262391615554426e-03
1.073264224441999046e-03
9.501367399938685614e-04
6.072165841927931480e-04
6.049652737908411439e-03
7.584710055963185841e-04
8.951724331398765730e-04
2.094739581356223988e-03
5.056504156605894562e-04
6.177924307439423965e-04
9.524638928972566391e-04
7.389299641282530764e-04
1.913479673357864957e-03
9.749315139316455658e-04
7.000595585553439585e-04
7.714641700404950564e-04
7.564026416584260313e-04
1.210222847724542420e-03
5.836318736030837902e-04
8.900754506645514041e-04
1.216699847302761062e-03
8.410570678735610275e-04
8.959555425479554924e-04
6.894999494867117950e-04
5.583676402491518070e-04
7.229659316351052167e-04
1.079426612518030737e-03
7.413057093356644704e-04
8.063943709439005871e-04
1.316963604170668994e-03
5.362961560060044638e-04
6.028329532496494404e-04
1.556484584319402014e-03
1.520344657511094044e-03
9.049078552688660793e-04
6.423338533236180696e-04
4.953679024598101445e-04
9.374135797363013960e-04
1.953387721773839920e-03
8.333474208448281859e-04
5.905648495112004450e-04
9.572119572666032460e-04
6.105143821489938082e-04
9.559600650722399704e-04
1.345814072746367605e-03
5.467918370621483587e-04
1.263138924488890844e-03
7.967875810709298436e-04
1.478065046464935610e-03
6.495641916790679529e-04
5.999538061160329411e-04
1.440339460448866000e-03
1.257176637838738464e-03
6.546672810289159029e-04
1.276899899903572192e-03
5.637710051125833371e-04
8.350089159421306660e-04
6.245736404459737183e-04
1.614262391615554426e-03
7.018388739075315024e-04
9.188909541714287239e-04
1.044270851043794602e-03
7.303419433557939997e-04
6.729115180649110611e-04
5.243243178202244056e-04
7.984383250016935819e-04
8.321843953780520484e-04
6.111437549848334127e-04
1.561247456333847211e-03
1.308952868067292689e-03
4.826709756358707969e-04
7.048180305809554789e-04
2.257470763919785205e-03
9.926121204332650615e-04
6.281324203174132488e-04
7.909624652479567853e-04
6.317153523637867273e-04
7.038685064725973316e-04
5.225922832392513890e-04
7.744004718992316717e-04
8.508233962723177031e-04
9.193652584128399587e-04
1.074117873112868113e-03
1.093954068667006172e-03
1.290031648977077233e-03
6.744245001304890715e-04
7.398297525947989881e-04
5.162625894888544023e-04
1.002639857311369729e-03
1.468807178162346997e-03
7.086468066395614114e-04
4.504359377527071984e-04
5.394569661259444870e-03
9.859979606104856461e-04
1.226931313846212372e-03
6.936746206072756660e-04
1.453775121838886668e-03
7.889922335134176654e-04
9.662375465162638833e-04
1.366141451035009658e-03
1.007066019584309689e-03
6.424030628394258782e-04
9.367383838518525407e-04
1.081013686007414962e-03
6.575762734621331401e-04
1.074055086858405859e-03
1.291059287039757197e-03
6.860000162236664853e-04
1.448022385895992876e-03
7.420459176250164329e-04
8.840711150590973948e-04
8.872531038311838418e-04
5.110895939768101727e-04
1.082013353965498997e-03
7.483334727405412719e-04
6.602380287981773335e-04
7.393841388641513458e-04
6.032391902701613774e-04
7.382685710262779522e-04
6.012825768970228493e-04
2.021414264758648622e-03
1.133256308123084576e-03
9.521241162292821058e-04
1.207028140160394322e-03
6.910658121213502422e-04
6.748534497532735757e-04
5.592196707689391045e-04
5.628142567885362040e-04
7.264269927000786744e-04
1.905290960218552262e-03
7.724665613908113064e-04
6.313280088041467670e-04
1.782484188990742738e-03
5.257745535554666670e-04
1.521637666870905231e-03
9.731643447891298593e-04
1.025172819299793783e-03
1.360850665714397490e-03
1.171319435743710955e-03
7.593323799352112626e-04
1.494886280600229425e-03
6.813508300497468726e-04
6.754021341669146344e-04
7.273423275773317591e-04
9.590447027291514959e-04
8.637799169573027970e-04
7.530919349235138272e-04
7.278378257472068900e-04
2.009650114433098825e-03
6.218516716457495215e-04
3.127667195204764886e-03
8.359192964863378312e-04
2.005475397079241502e-03
9.425636364774604660e-04
6.272976274940434555e-04
6.358499123364407327e-04
1.068656442271059478e-03
8.578131189894783399e-04
7.194176834970037598e-04
8.567826888958941572e-04
1.520344657511094044e-03
7.357823485825913234e-04
1.199465672993611180e-03
1.128213647447587819e-03
1.603522079802188966e-03
9.239702217274894285e-04
8.581510033563285924e-04
1.539305691342510293e-03
8.080318334042869500e-04
8.631794321931978396e-04
5.491075305568998048e-04
6.150510389052357262e-04
6.491226900360463382e-04
7.079051255751068377e-04
7.892899055981885455e-04
1.178984577028831509e-03
7.301622340146961612e-03
1.103418228150119130e-03
9.209257458803993919e-04
6.449758756032403012e-04
8.457305701910150042e-04
6.766990056415327125e-04
5.151162325457953701e-04
1.165353511114245377e-03
6.394338467401857948e-04
7.833642147978862273e-04
9.687586791115852282e-04
7.470402852890715853e-04
6.049818540536395367e-04
1.139369289487806225e-03
1.196578442585258598e-03
5.790783600685646057e-04
1.086105441861276704e-03
6.050694591385301097e-04
7.126219728802634171e-04
7.984383250016935819e-04
3.320157938128820083e-03
1.116124141964794977e-03
7.311743491258032622e-04
1.013092905281975627e-03
7.483870657358821128e-04
6.470931055091094309e-04
5.534055826893172388e-04
1.672208630856838237e-03
7.078554712129545793e-04
5.879509203123325879e-04
8.660101654587940836e-04
1.851465364797250188e-03
6.458400706525851921e-04
1.897166307297113797e-03
5.050995293586650397e-04
6.100365459332331890e-04
1.188580781756990151e-03
6.431298667769736431e-04
8.386624104011789708e-04
6.340412706316220486e-04
5.877721945046098699e-04
6.885333171556166183e-04
7.825966034910617972e-04
8.592227662531739564e-04
7.451964512987126459e-04
1.086099662966369611e-03
7.557551597329855092e-04
1.698581502574050524e-03
9.140032374491252869e-04
9.254327654000812182e-04
1.321379328461106100e-03
3.386879992978899384e-03
1.423888765014325866e-03
8.791746159736968901e-04
8.078425044707834195e-04
1.187774998790528096e-03
5.131284824341319876e-04
1.071197170391722511e-03
1.514221005700187124e-03
5.311497323989027757e-04
5.669857143196811982e-04
1.434264846011406745e-03
8.592527859930267596e-04
6.837853563472685468e-04
8.274349798699933518e-04
8.122927650738880805e-04
7.789625137454018111e-04
7.231866359010764899e-04
5.576741793884697641e-04
9.261547372680716764e-04
6.398237717076567374e-04
1.309978183379890537e-03
1.433699541332337981e-03
7.265477637187748748e-04
6.877789956426892800e-04
7.598680097112275053e-04
7.188354307103229012e-04
9.157335214253969555e-04
2.384013432200007485e-03
7.849228903639734849e-04
6.459392405724426059e-04
1.343772158547430415e-03
6.862099324264663491e-04
9.228090411075052244e-04
1.572442181606010679e-03
8.076690311420878319e-04
7.990288588599688425e-04
6.404468951261832726e-04
6.864010869782457896e-04
7.398297525947989881e-04
7.064524325428510288e-04
1.192531346406737426e-03
5.948415471480550864e-04
5.546956979194466418e-04
7.206874253205499585e-04
5.763717999023498708e-04
6.167875772017600636e-04
5.754819788346137062e-04
6.919588156326408586e-04
5.395506935587052275e-04
7.245782595096900234e-04
7.225196255580160036e-04
1.709710390629281878e-03
7.249011536576130182e-04
1.039139761777728042e-03
6.455478539891076244e-04
1.154080191598088560e-03
5.104838129570114401e-04
1.287375328399383966e-03
6.927644579905596579e-04
9.011608837209360810e-04
1.309083082580519194e-03
8.560650447517478097e-04
8.651288562522594728e-04
8.519220428180032320e-04
1.459300609194077959e-03
6.316053824104606463e-04
1.431952158086056189e-03
5.140331670176917804e-04
5.981377037993786897e-04
1.393841363058891591e-03
1.668835537843420215e-03
8.303496675566421001e-04
5.909713471882388014e-04
1.511414995591911850e-03
5.444093859163878606e-04
7.412119095221247986e-04
9.685332670903878298e-04
1.016762095097315920e-03
2.177575774411404531e-03
5.942526464075282818e-04
6.177924307439423965e-04
5.112514141954047553e-04
1.261349218647630317e-03
8.006805345928491666e-04
1.306581203940345966e-03
6.924038088349075432e-04
9.979928441099918199e-04
2.403311646084997123e-03
1.020918462037319644e-03
1.189105899371010805e-03
1.116124141964794977e-03
6.155666162709095288e-04
6.424788484116889225e-04
7.228832268199696098e-04
9.440542217423139072e-04
7.879834102480299043e-04
7.758360400637334892e-04
9.675356585834795796e-04
6.818520825634394192e-04
1.344193401776890440e-03
6.429159771696032425e-04
1.409293565499040871e-03
8.055152820998493684e-04
1.244556174033292079e-03
1.367335234683599065e-03
5.780353382346076034e-04
1.052957259067751391e-03
6.028329532496494404e-04
5.051973846070638430e-04
5.542825980730795759e-04
5.782720520448200686e-04
5.424736213311174378e-04
5.957120089546043967e-04
5.567578664517594707e-04
8.843283248823279432e-04
1.249338423906970735e-03
6.391439781156763467e-04
6.572776582185157731e-04
6.620894751248398991e-04
1.072913214095480268e-03
6.548335234320860421e-04
1.603152838465059585e-03
5.953057216565995702e-04
7.749682040963649281e-04
6.626811938576692091e-04
1.122831073435619697e-03
7.787270826400394513e-04
1.297047637912071647e-03
5.418863413938009195e-04
6.457719026895571710e-04
8.991127444606663785e-03
3.529810146521140252e-03
5.380790157184008743e-04
7.265548874045466791e-04
1.682107933219312984e-03
1.019816736646364779e-03
7.455112707913807719e-04
1.470273540521640490e-03
1.078285597234668628e-03
6.410759091565576117e-04
7.702141847625189460e-04
1.132372326234507920e-03
6.015187710486771594e-04
8.629594829290205063e-04
2.027380145632770667e-03
1.203119569914077409e-03
5.706316275200006352e-04
8.152248090641178117e-04
7.487672228889713944e-04
1.234677694284738204e-03
7.570224062138248286e-04
7.285080812841253708e-04
7.238788221325790934e-04
9.138413846763753694e-04
7.194213735869543769e-04
1.056004478189786306e-03
6.185090725278280868e-04
6.368008375608274173e-04
9.791655363916335238e-04
9.668930190884768121e-04
5.823619918193752082e-04
1.048506422838081870e-03
7.238456513772333805e-04
7.446094898500800127e-04
1.127212081100627565e-03
8.179859827621198615e-04
7.357823485825913234e-04
6.803968843533149662e-04
7.099061750891845273e-04
1.417873807733413842e-03
6.030821672948161400e-04
7.482050738927509097e-04
1.124145204598506328e-03
6.220855365481049682e-04
9.316503080968862325e-04
5.286254532582777138e-04
8.156748220969465722e-04
5.262783650689383278e-04
5.650393754298327657e-04
9.602936497779223073e-04
7.903020388789788091e-04
5.365054197086226205e-04
1.114637654430761888e-03
1.489974836936805913e-03
6.255859256998956520e-04
4.950675998655782936e-04
1.423054087151999145e-03
7.498380985555072467e-04
7.615617248222157111e-04
7.691130627675479749e-04
1.173593917566535024e-03
6.466579355394494293e-04
7.918025559928831142e-04
7.587972629995664263e-04
7.241909124690611285e-04
7.659378637580946262e-04
1.211863822496617778e-03
3.085123107550152757e-03
1.573394513360835707e-03
1.312903710772452427e-03
8.057810701978452466e-04
1.138016742691121868e-03
7.429231714233928844e-04
5.484076267666587517e-04
6.478751367135884886e-04
1.129584584908867534e-03
5.709718621928960500e-04
5.023317346458154933e-03
7.795359533401912235e-04
5.704222362068929204e-04
8.534557599014737025e-04
5.138998989129637662e-04
9.526537756710478201e-04
8.126305098876383543e-04
1.030954063709838995e-03
1.430923206550120284e-03
8.336929879784128663e-04
7.412600514065599859e-04
6.268269244449276500e-04
3.902321997536975159e-03
8.218151043089497610e-04
1.907578984883780051e-03
2.584438806075654241e-03
9.776188209088263522e-04
7.241909124690611285e-04
4.846177339203786927e-04
6.312815977323630928e-04
1.366775172081105853e-03
9.161624513864215008e-04
6.807534888657361741e-04
6.674265949832143248e-04
4.654088602394657070e-04
1.235332209422970728e-03
1.877338606742486428e-03
9.589017678997480880e-04
7.449855481383806967e-04
1.024523259524751356e-03
9.233787175093550797e-04
1.054069044159156726e-03
7.254080836330109756e-04
5.056504156605894562e-04
9.640269207662366825e-04
9.151896957795734510e-04
7.901290838614553067e-04
2.494137080619439079e-03
1.335870871156484693e-03
1.956759598150978156e-03
8.075270217252184619e-04
5.879509203123325879e-04
6.944447148200232761e-04
9.853078301947167279e-04
8.179527962820318937e-04
7.744004718992316717e-04
9.506719169768815172e-04
6.477215741744579529e-04
7.736469323784431282e-04
8.744856685888482799e-04
8.582090501229203226e-04
9.273385174873381275e-04
7.379393385970826197e-04
1.396608662647650214e-03
1.045974860157629230e-03
9.866005995582747927e-04
4.654088602394657070e-04
1.154511015051303512e-03
6.627587532101495782e-04
6.054394934352594912e-04
6.546651709616817900e-04
1.151166700937676949e-03
6.120727543257465774e-04
5.225592996313848304e-04
7.230807695590391829e-04
1.560763686260870130e-03
1.557309682289036027e-03
1.978974139771219436e-03
1.142401529587753345e-03
1.104446750692410391e-03
7.825563923206475467e-04
9.527458175639130127e-04
7.516806754173044553e-04
6.734977812012761999e-04
7.000595585553439585e-04
7.889789766002486618e-04
1.062768346415341901e-03
6.767891282570792340e-04
8.755060878877973709e-04
7.409255884776387146e-04
6.114810706682311230e-04
1.319073821649549430e-03
6.941569215651962515e-04
1.074932538500253301e-03
6.155666162709095288e-04
1.223181987102106051e-03
1.604001451101052210e-03
5.998717306527147396e-04
5.174980094924294368e-04
9.513522042996429935e-04
1.226787106095237213e-03
1.109269669452939882e-03
1.883161856401031420e-03
1.288797685503758955e-03
6.604677586743768793e-04
1.202598616232405200e-03
6.512666550138522482e-04
7.196059099522890889e-04
7.978867892767656190e-04
8.892270670876659643e-04
1.805440819986141874e-03
1.443434216557215686e-03
7.064326747003811784e-04
6.920734479317197912e-04
5.973620788567668644e-04
9.602325283707348509e-04
1.017558654167899325e-03
1.232920707658829084e-03
1.851465364797250188e-03
6.553176278540765506e-04
1.431952158086056189e-03
5.156234202525637527e-04
6.760393632770196008e-04
9.607647486545618657e-04
7.130617584503290939e-04
5.855861288375744256e-04
7.506551756207998326e-04
1.439895824401797326e-03
9.742160687524947706e-04
1.176073850842062523e-03
1.047488998783218956e-03
9.469808025102427647e-04
5.911577564700192531e-04
6.218516716457495215e-04
3.341440271406744510e-03
7.258965192345539705e-04
1.845023439364635708e-03
1.676492554451723595e-03
5.790182615123530508e-04
5.342042171323336348e-04
5.854375295825611390e-04
7.691130627675479749e-04
6.636706441335331807e-04
6.222300427893887693e-04
1.395438579591985664e-03
1.913479673357864957e-03
7.785222761393771227e-04
2.005475397079241502e-03
7.030058264820260826e-04
8.992078850408451477e-04
6.362246970754437125e-04
6.060226734156181965e-04
6.946668186952905224e-04
1.028029674350442856e-03
1.339057808190091507e-03
1.045052601159782851e-03
2.754411096001164495e-03
7.184542247028027949e-04
8.518603829032797949e-04
1.198109832056731177e-03
1.005052763711556654e-03
5.851539536975251810e-04
9.508591171892962152e-04
8.051372824732045894e-04
1.048898864184609220e-03
8.611039837767534184e-04
6.742429848060792685e-04
8.130530165451682265e-04
7.177806931645450790e-04
6.161952654620370552e-04
5.470236411843762067e-04
1.702422152627512068e-03
1.471072115912788400e-03
5.310295815373980172e-04
6.374134964591872139e-04
8.534557599014737025e-04
6.124652549829663530e-04
1.113102503143758139e-03
5.484076267666587517e-04
1.262396500935414074e-03
5.627135049944448656e-04
9.725868874547532409e-04
9.666171824399958550e-04
7.302721653964924179e-04
5.433750830044443763e-04
1.008494270788988425e-03
6.529800599738231617e-04
1.546235030757046837e-03
6.288551885586846123e-04
7.506873006375088019e-04
5.897765015813040239e-04
6.471516339328573777e-04
9.913286382083183121e-04
5.667827258762929334e-04
7.229109986847343048e-04
6.514312697205263542e-04
6.936657517517725875e-04
1.770380376900241052e-03
5.183548839723308311e-04
6.434270276617381525e-04
8.431379010979949285e-04
1.533907649500068247e-03
7.714641700404950564e-04
1.953387721773839920e-03
5.477227543224417149e-03
1.330226367205238980e-03
1.217143284562381429e-03
8.973896199338363177e-04
1.882516182617124424e-03
6.595120374556478603e-04
1.429532484751670513e-03
1.041839118468806729e-03
1.247626766005239867e-03
3.227763181697305018e-03
2.499249364003270496e-03
5.871996161833898482e-04
5.253402317771804645e-04
6.466192790157108961e-04
8.342492425223648356e-04
1.984385260571769425e-03
6.178597895706792456e-04
1.220989350420815644e-03
6.328849386994975885e-04
6.255982785729251403e-04
6.407587785829991318e-04
1.051762556637783966e-03
7.519305919695611984e-04
1.052114403967320359e-03
1.836934885654578457e-03
1.597384578591451313e-03
8.061735110244349885e-04
4.980990505976000925e-03
6.281412714041920099e-04
7.479073018974511777e-04
7.285991377928977735e-04
6.477370440170607301e-04
8.587247673639314578e-04
1.112465547756697403e-03
7.339693639474050967e-04
5.424620729320697374e-04
8.050948127935446137e-04
2.717653084139321374e-03
1.089041051165773235e-03
5.379649119861524371e-04
5.484076267666587517e-04
6.747758354357858345e-04
9.330048672501930736e-04
8.189495556821413825e-04
1.467885235334297992e-03
1.015577444923090270e-03
6.598824861083241481e-04
5.795429800145116559e-04
8.153665403142916664e-04
1.155315026274345838e-03
6.734695259867339847e-04
7.039849383819705986e-04
8.431379010979949285e-04
9.206929934574299007e-04
6.511759581628404504e-04
7.068905751396794288e-04
6.853587739916978342e-04
