4.381198231760146549e-04
1.162645656906539926e-03
1.025735258836174557e-03
1.515862814928394930e-03
5.212198644427054172e-04
7.264966288608922657e-04
6.187995938888665335e-04
1.063031593258344015e-03
2.629945528789018501e-03
5.574806775851093949e-04
2.022536743809033588e-03
7.803424671379555460e-04
7.729760264882730349e-04
4.838913142845431255e-04
5.662991783984501265e-04
8.197114957141783502e-04
5.488830089029367743e-04
1.995369215857573878e-03
7.219596066589854073e-04
1.263891889190478035e-03
7.450388923383107235e-04
4.941098120907428054e-04
2.501243174737035821e-03
4.643017858472030376e-04
7.258185721044878433e-04
7.190634184480435053e-04
1.427118662726094061e-03
1.136122288087877815e-03
8.555320517190405025e-04
2.237954242620401098e-03
1.703368024638083483e-03
5.522942991664425358e-04
7.367101951701671494e-04
7.304747274984502072e-04
7.714450026273203965e-04
9.827064804137229832e-04
1.580647198255995299e-03
5.051172394908867800e-04
1.180781330190189965e-03
6.268384522797508735e-04
5.562485555445466356e-04
1.798711332124345100e-03
6.861777427657528208e-04
2.501243174737035821e-03
2.827334731498519667e-03
7.103345779551993979e-04
7.600769489708429248e-04
6.998365612728172985e-04
1.176475497800136142e-03
1.430793305325164539e-03
4.561169144874292042e-04
9.061412297330518738e-04
9.989166354934810553e-04
1.216098704023336032e-03
5.074639921681609869e-04
8.010365293969912842e-04
6.318363277676651004e-04
7.019537464604845220e-04
6.432736726915600943e-04
6.355857470779155156e-04
5.544711955836745384e-04
8.104846225204004502e-04
4.942305544567699013e-04
1.281927964443719528e-03
6.711765715935102614e-04
1.039385548964215757e-03
5.860607386732855258e-04
9.006576009725943003e-04
7.478023965206921425e-04
7.074727191833039526e-04
6.341798607717376475e-04
6.222385218912370418e-04
9.446511346110656945e-04
4.942928139467621124e-04
1.026077192132431731e-03
4.902551619259849780e-04
1.129057329248368303e-03
3.340885524895427939e-03
9.144607138817516419e-04
1.493331521185171712e-03
6.671888816183923132e-04
2.514054164998899901e-03
6.166277845880041748e-04
6.891558198295282640e-04
6.522749951760687184e-04
4.854174288708043745e-03
5.498574440590701723e-04
9.421888014703817598e-04
1.063295576504403369e-03
5.193069249034803873e-04
5.171628858940442589e-04
2.172085774451617667e-03
8.313483718745966373e-04
5.150385775498652436e-04
9.298843673422468609e-04
1.116087099015400461e-03
8.033530525096121413e-04
2.842922520899995344e-03
9.043812085715557513e-04
2.137401857980321916e-03
5.430697656735799595e-04
6.675331376273723827e-04
5.214648065202839551e-04
6.976711348467678347e-04
1.103683465324073161e-03
8.486576117414549453e-03
8.995169862553842712e-04
6.603792859645331954e-04
7.522750701828979621e-04
6.322705995108835256e-04
5.512260590970281988e-04
9.118004709935432573e-04
6.286331329666041681e-04
6.381764653582895110e-04
8.670019931597139221e-04
7.788909201591461082e-04
1.499721652395302361e-03
1.754846935183040392e-03
1.983209046118929522e-03
4.213564584827689252e-03
1.535558519823574395e-03
8.086784736455866849e-04
7.788990732167245645e-04
5.517603621308234726e-04
8.678576964141666589e-04
8.851852321017974470e-04
7.013899047144890510e-04
1.324197171464685163e-03
7.479900891461486057e-04
8.885338050737494721e-04
5.527847405049972308e-04
7.886659050775230448e-04
8.010365293969912842e-04
1.050252535518446861e-03
4.534057845063122210e-04
4.905720315667979952e-04
7.196102295218652486e-04
6.675116869691613249e-04
7.395950644424614676e-04
1.003251272335574807e-03
1.184582480899479739e-03
5.496120341971982371e-04
7.720217852646323910e-03
5.886358574086404021e-04
7.482079477344952398e-04
1.564479280023221537e-03
6.369136846940879042e-04
6.775736047140456554e-04
5.746636993758015175e-04
6.282446957299115320e-04
5.538605867595495710e-04
6.681634365309407821e-04
1.009218231586613912e-03
1.058521338020199922e-03
2.204963134759250088e-03
6.830253162713916448e-04
1.908036513209267508e-03
4.298518935972106330e-04
4.841754571018229100e-04
8.943506582039909046e-04
8.442934602853121185e-04
7.592738189108566398e-04
2.063165134589978536e-03
6.942707167110687269e-04
9.104611999288188305e-04
6.343588207972336883e-04
1.226853036495389798e-03
1.241461626286503254e-03
5.536660433783178320e-04
7.282541990378334261e-04
5.935862463069271162e-04
6.369136846940879042e-04
7.623200781059487167e-04
1.491866065738048797e-03
5.714102752072854063e-04
1.968157785392234214e-03
9.468947090233051193e-04
4.724169806070139632e-04
7.541817354001818666e-04
8.935607373477926895e-04
5.042451479404440285e-04
7.804135471293687041e-04
1.559416216101381465e-03
4.837019263224308797e-04
9.546745207502327314e-04
7.664215584285688889e-04
7.495895635437640038e-04
1.097853166998969537e-03
1.083493903120977785e-03
2.278690261717374217e-03
5.623406887815037697e-04
8.342272088694988388e-04
5.184173558769543909e-04
9.287533432993138249e-04
7.871638429524936264e-04
4.977300611999942300e-04
7.701730954551189341e-04
7.484033499319947547e-04
6.086198688739051380e-04
6.525219515377518945e-04
2.065202545099541816e-03
8.061633275974897572e-04
7.760749057820542571e-04
5.746843492780303285e-04
7.012252998222306098e-04
7.171603901058454114e-04
8.535957477691556933e-04
8.033530525096121413e-04
1.100617221565565939e-03
5.134094969235121486e-04
8.921263697255945712e-04
6.398976803903488279e-04
9.692110329343533656e-04
5.935627167078700878e-04
1.516720998249958437e-03
1.519299825279867445e-03
6.844441737413812891e-04
7.321663940123351519e-04
6.022322385830104069e-04
9.263066158780580836e-04
4.804434002358362750e-04
8.442934602853121185e-04
1.227861717511476028e-03
5.980761379289045287e-04
5.072958045204698299e-04
9.178123935229507173e-04
4.760422586356825121e-04
5.022891266643902952e-04
2.754207217633868228e-03
4.804705179349107657e-04
7.288806043390280405e-04
6.727117610152598057e-04
5.053721868030032136e-04
1.847509482893175100e-03
1.037649509155896994e-03
8.913133664046431941e-04
1.041368601497422381e-03
9.153412536530763704e-04
1.485015652700911884e-03
6.590055864329838215e-04
1.314576591883029159e-03
5.294983401906119998e-04
6.731356268640196214e-04
1.315196892238458060e-03
4.905112100887863268e-04
1.610500571966203736e-03
5.921910755143724742e-04
1.517497267062414314e-03
7.316391972892195405e-04
9.575583592008272407e-04
1.847077216373843242e-03
8.279042241169864372e-04
5.495666217643387216e-04
5.970291790103230637e-04
4.705166588900919883e-04
9.658864538959906730e-04
1.385167082592482198e-03
2.923417366321461215e-03
2.825086052225063774e-03
5.666449465833425705e-04
4.709060102444285090e-04
1.107386855788873928e-03
1.212097364598542634e-03
6.592918620128388222e-04
5.726331740758646349e-04
2.855427242938953468e-03
1.484355703915395727e-03
5.917596254803087928e-04
5.936750014781368373e-04
1.108374302036075915e-03
6.436142538680048866e-04
1.784388131021424429e-03
1.164549322499053036e-03
5.601135236462418147e-04
4.686718430358422925e-04
8.054162646741928151e-04
1.687220362264670427e-03
6.209081446979127080e-04
7.919939340902589766e-04
6.086607614247246121e-04
7.161721006920167363e-04
4.382015389514215650e-04
4.925159308997020596e-04
5.678435441769032503e-04
5.922429296637475539e-04
9.265012291783765105e-04
6.841923770203644974e-04
6.143611508986907953e-04
6.115543986945049752e-04
5.400557834102794703e-04
6.593542377588718518e-04
2.586383482802514806e-03
7.951474287317402767e-04
5.872852311974043190e-04
6.923928118616976685e-04
2.227171134372281543e-03
5.390254563906464631e-04
4.778480241095041164e-04
9.992874990279025128e-04
5.462277925347091244e-04
9.439278264965079556e-04
5.174950967640676563e-04
9.004909858717094571e-04
7.869641632100838171e-04
5.627261951245102374e-04
1.340417392196613508e-03
4.793059054175049876e-04
1.047247092276024560e-03
1.605230333918080928e-03
2.425254514661236323e-03
5.712574656291552781e-04
5.425617638987856968e-04
1.587696805807247086e-03
7.550322280119089319e-04
8.554558289345065136e-04
6.734756225249008627e-04
7.676918774325419128e-04
9.935577601636413989e-04
6.141994883645800641e-04
7.417636004970108330e-04
6.046963611509699682e-04
8.960341285971515704e-04
6.931862546186446771e-04
6.579924402862858757e-04
1.072808153227175704e-03
9.356626071179442164e-04
5.505261032753333474e-04
5.706710712488251161e-04
6.260329618233036186e-04
5.684543919352135887e-04
5.963546345098898367e-04
7.898760520964567171e-04
4.810365167033100824e-04
6.268723525727995126e-04
5.359703123966510618e-04
1.517497267062414314e-03
1.297711199623712529e-03
8.762431512433875710e-04
5.302655231605168940e-04
6.831160160117036783e-04
6.184930856837486321e-04
1.069531774112612420e-03
7.300671278056262590e-04
1.072949454412566728e-03
9.197935672103618168e-04
5.185204820410968876e-04
6.335334711213684057e-04
6.447203140256377351e-04
7.901645116259188150e-04
7.560780496962576144e-04
1.134054668080551175e-03
1.066538304171242785e-03
1.179708248792004158e-03
5.474753941410806252e-04
3.688306936014831318e-03
5.675832076000607079e-04
6.289297286334725361e-04
7.557041039322903459e-04
7.510644457678798203e-04
7.662361855171114389e-04
6.679601912699174339e-04
5.394712826957391311e-04
1.839601540545519106e-03
1.847509482893175100e-03
9.459689767810897619e-04
7.243585185493356653e-04
5.781868640743796032e-04
6.074780194996363351e-04
7.414144306859406057e-04
7.936495621551629184e-04
2.102473264429048638e-03
6.792130312983503219e-04
9.601170230107435076e-04
1.955114132289211687e-03
6.362795201052158511e-04
1.458395315087431324e-03
4.444617406501380616e-04
5.417331869509115373e-04
1.103347694297024135e-03
1.155609345603886154e-03
6.838081987279122148e-04
2.062916808791360850e-03
8.451607766924930550e-04
6.222393266107637336e-04
6.148660862732603909e-04
6.869054939715099877e-04
7.454643111211745488e-04
7.376683334325940611e-04
6.534547340391569674e-04
6.206763330538345299e-04
6.887273884899348638e-04
6.437731663349005422e-04
5.277547928364504249e-04
7.723111165546194977e-04
2.923417366321461215e-03
6.532554567243120626e-04
5.718941364557491355e-04
6.313737851764913847e-04
1.657904819631686281e-03
7.539484097699122823e-04
1.059230727911424693e-03
7.030960402795182786e-04
7.351649609382642468e-04
7.857808155588496494e-04
6.110763470504814538e-04
4.304265874727420532e-03
4.845952863461759825e-04
4.938807900162764993e-04
8.338072571320324575e-04
6.345647346682329378e-04
1.427163488655535479e-03
8.437529506243030388e-04
6.046963611509699682e-04
8.212113334358222150e-04
1.170746388991147956e-03
5.633476403985464330e-04
9.110212884342616408e-04
6.338824655942491360e-04
5.757723758064097570e-04
1.063199453408049085e-03
7.941366568463588535e-04
1.760329786085718367e-03
8.566319800678416120e-04
1.111222287339050374e-03
5.156466980415993790e-04
8.670381094708213936e-04
1.011757452003516928e-03
7.236382483818730926e-04
1.109134892396393662e-03
9.663542267300629989e-04
6.004532869608446592e-04
6.815705353989046219e-04
7.482950262250936610e-04
5.856063016169451955e-04
5.872852311974043190e-04
6.334854816239976656e-04
1.498783282038107555e-03
8.413491859920908941e-04
7.057978782292750886e-04
2.201667716345743174e-03
7.373429923412152653e-04
2.322625647530369639e-03
1.075141996921083172e-03
5.537947931752108723e-04
5.017909598218411524e-04
5.592944185230521543e-04
2.705146840595673650e-03
6.466176429688104020e-04
8.586206067226774584e-04
6.962957316609467680e-04
9.691250701575313030e-04
1.083584645911426624e-03
1.798711332124345100e-03
8.994067410564976885e-04
2.739546555475735976e-03
6.412295653010425178e-04
5.959285413475400549e-04
1.021667620779532571e-03
2.397012647007600722e-03
1.874168534198477178e-03
4.540442657011095704e-04
5.792429503919021075e-04
9.562576908670634979e-04
8.900430403493749670e-04
6.672412861244926465e-04
1.482766375333703949e-03
1.423857761757916672e-03
7.277676683371039077e-04
7.349486521526899484e-04
6.182822443890331537e-04
4.998080479535901236e-04
2.169947163072850124e-03
5.986532096711726656e-04
9.356401434300580392e-04
1.179234512731453357e-03
7.368985015443249966e-04
6.314446245943917176e-04
6.436704586804737520e-04
6.565339767414557796e-04
2.513622680055413103e-03
5.622562818265576610e-04
8.564653627940579722e-04
9.830117611984712234e-04
1.222025214715319807e-03
1.185279386397128723e-03
5.465473382005303898e-04
7.881711434722125714e-04
7.725397294459868331e-04
1.026160241392521126e-03
7.062941073483014693e-04
7.033042177505829462e-04
2.172085774451617667e-03
6.738444784032856768e-04
4.847663795541974521e-04
7.421847958147038569e-04
1.558411524340427411e-03
7.586629082705081831e-04
5.848859865018286256e-04
1.778502324496398015e-03
4.866041362084207547e-04
4.278931871080881829e-04
6.998947239797850351e-04
5.701776830152485796e-04
1.279045486610133620e-03
5.716937838502298037e-04
7.007657329781103936e-04
2.349722726015324517e-03
5.194176083268193557e-04
8.152091506611994524e-04
4.905720315667979952e-04
7.678677364833131225e-04
5.765203312078307635e-04
6.559076302388364404e-04
7.809808536407068617e-04
5.231367009175988099e-04
5.786867252618503816e-04
7.642890741568588494e-04
6.656786959063153803e-04
6.041379331823421971e-04
7.041750225082446437e-04
9.975132001031202737e-04
5.730865281319383504e-04
1.302513240672513754e-03
8.007627926207071343e-04
1.537712167032975665e-03
5.730856503526069248e-04
5.783877851533742592e-04
6.879970382040318227e-04
7.409560938147404527e-04
8.597723888989594436e-04
5.341654508800185077e-04
6.515779265889870423e-04
6.049623501761077415e-04
1.033156358373979065e-03
4.953931670433667743e-04
4.991414923147141636e-03
1.284648149769319122e-03
2.077739027392403771e-03
5.689770607070214654e-04
5.390254563906464631e-04
5.268840011184456468e-04
6.430837075361482908e-04
1.996169125684722507e-03
6.176407705945011076e-04
6.410376435909227516e-04
5.473162262714938945e-04
5.922429296637475539e-04
7.587952235931999870e-04
9.983302230155031640e-04
5.705154057032930720e-04
8.370210156347106158e-04
5.381833972705949137e-04
5.218447214720786263e-04
1.027543137589696700e-03
2.995025599668624770e-03
5.166550928591345099e-03
7.883007935198291889e-04
9.094689559369276794e-04
9.330871091040927098e-04
6.695664735631205950e-04
5.542288189882152785e-04
6.302526168552139178e-04
6.000053571553890571e-04
1.084503609038057950e-03
4.365790896454245290e-04
3.810597125752700556e-03
1.273567466502886856e-03
5.580633414060036466e-04
8.733988894877175871e-04
3.890468267362047657e-03
5.956625233774144905e-04
9.060734416867675337e-04
6.207919061170626618e-04
6.593384136716988735e-04
1.068835470508425591e-03
5.595826692423346016e-04
6.577805290796602446e-04
8.138197420268795251e-04
9.656987773241857819e-04
1.130243299523318867e-03
7.575364836045029660e-04
5.715647339231227876e-04
1.783529028030809505e-03
7.416684296071209426e-04
6.471224774312903322e-04
6.229240367547923124e-04
6.747505431467853629e-04
8.593846911662838574e-04
5.720600948077343576e-04
7.815189592662087105e-04
1.125910171550549522e-03
4.857317082408322889e-04
1.716402243716574167e-03
6.229240367547923124e-04
6.500616410050376326e-04
4.620331217266268110e-04
1.149083219863256036e-03
8.014242898593994116e-04
9.685733531372653317e-04
7.962217377864734677e-04
9.388124951714639684e-04
1.212141597207910424e-03
9.650359406333141243e-04
8.053066353252432514e-04
6.610962251038213396e-04
7.532912365854319177e-04
1.199988254047431886e-03
4.498810157547333041e-04
9.305931877889049358e-04
6.963591303025216126e-04
7.334258547954274586e-03
5.140167655663950607e-04
1.844566425408969076e-03
8.514233424965215102e-04
9.020023352036523256e-04
1.076180367911214663e-03
1.087237395667428087e-03
9.903901997771629752e-04
6.275302568675836853e-04
1.983038480279167900e-03
1.413077795233711560e-03
7.070347649442258482e-04
8.819722167022946363e-04
7.068881088185335285e-04
5.150465282751970396e-04
2.544742496205265256e-03
5.499539861580159767e-04
1.581610135354318252e-03
6.194055297506848978e-04
5.820544168105561567e-04
1.725930644293973294e-03
7.872188785286996686e-04
1.029001980256253430e-03
6.718210207513829971e-04
9.595178827028188334e-04
1.000751981516597626e-03
7.776167562574502886e-04
1.073786776539140684e-03
1.149156329457509586e-03
6.300629713670488890e-04
7.366623278947245172e-04
8.541819183264825381e-04
6.467123241512646656e-04
5.254379481588190544e-04
6.191028409007472101e-04
9.361822089226138309e-04
1.016564651210534465e-03
6.664504266093536008e-04
5.041688845743637782e-04
6.670220130276011041e-04
1.996169125684722507e-03
6.855384006583041361e-04
4.639617723416472736e-04
1.856519182901988094e-03
9.508281617340419824e-04
6.100105825938343090e-04
9.794533500985323337e-04
5.526901230859534260e-04
3.725472611000558380e-03
6.590055864329838215e-04
4.939402445551510906e-04
7.594978067903536368e-04
5.589744673913558210e-04
5.265753279937817038e-04
5.612022163361860645e-04
8.226169260081605313e-04
6.280546776855106851e-03
5.295297313447064119e-04
7.253141808324525429e-04
6.926694097840414757e-04
7.721968991405735779e-04
7.194366199495422784e-04
8.862869859756009874e-04
8.747942838671871621e-04
5.829452451730025289e-04
9.975132001031202737e-04
6.543758291548345358e-04
1.220720144400745059e-03
5.436003087898052350e-04
7.876440416319254421e-04
1.996169125684722507e-03
5.186665299780126312e-04
9.795245428653844358e-04
4.235073531583062947e-03
9.915600466721889543e-04
1.024946063187608027e-03
1.032321927385948957e-03
2.832562498987926773e-03
7.556435784206447844e-04
5.047296780963065211e-04
4.236051141684349809e-04
8.715645053807469277e-04
1.101618459140488821e-03
7.842380258698712766e-04
2.792247501600871821e-03
1.836629144086571012e-03
5.555478308934302164e-04
7.424022672343332657e-04
8.384876132038550541e-04
8.315542572598656193e-04
6.302166873748590295e-04
8.828071666359381137e-04
1.036495383602188984e-03
6.252583969162045030e-04
4.796518947901514708e-04
1.071186437750482577e-03
2.952889203140538019e-03
1.200887200170324418e-03
9.976459124449007978e-04
1.313624476778259666e-03
6.493054375021965578e-04
7.078681109098104761e-04
1.575102900713986568e-03
9.259536796544715672e-04
7.491019411478231499e-04
5.603087605407065059e-04
1.797935400749499629e-03
5.476913261720402215e-04
8.979426825711649433e-04
6.204995931953678767e-04
6.148386847480368476e-04
7.295929856177477265e-04
7.708678403655443547e-04
8.487219446711086798e-04
8.038245357987813941e-04
9.004856710682227145e-04
1.350543880575714182e-03
4.648254450183789003e-04
5.872092193571870318e-04
7.783654682542346954e-04
6.413452985005623549e-04
2.201354716870589350e-03
9.122496410141788708e-04
1.477825172130499192e-03
6.569025525216415102e-04
7.748646610808322200e-04
7.835179209002439329e-04
6.708617053114236586e-04
4.439045372516533866e-04
5.712036621923965649e-04
9.357033130165455948e-04
7.262482045675875634e-04
5.424652013058528510e-04
7.000147108947121256e-04
1.136813728640960041e-03
5.348160307869649068e-04
5.145819170025185164e-03
6.640154735698945666e-04
6.593125297364203167e-04
6.098373127032552261e-04
8.066109497916171310e-04
9.826585077534295484e-04
6.981327398760887436e-04
1.077639643210940050e-03
6.080079292660343828e-04
8.022540349501716293e-04
2.313028860276004038e-03
8.473558779592727137e-04
7.982368480423326657e-04
1.135921255912839770e-03
1.083584645911426624e-03
6.105396396373471068e-04
8.172996854073023756e-04
5.394585338230502552e-04
1.395092285196010157e-03
1.270104907735271479e-03
7.119954200223122757e-04
6.628098603688570940e-04
1.109275638821175490e-03
7.143709333904138753e-04
6.190324047706620208e-04
7.540707007515972879e-04
8.845255884288982101e-04
1.085760066306082003e-03
1.964603435627250514e-03
6.228189017897759090e-04
5.877670275551501091e-04
6.777038773635824876e-04
1.049233638896422856e-03
9.695910030935916881e-04
1.060602765659671631e-03
4.931677929644115574e-04
8.648055496324783768e-04
7.405953472356995373e-04
6.986875579325424251e-04
8.583357531139090184e-04
9.829713783031568310e-04
7.784715127772608460e-04
5.356594355198917050e-04
7.528581376218671569e-04
8.789858318869460353e-04
5.941945380206704787e-04
6.300651474590147991e-04
5.867950487487957802e-04
6.222332059620968008e-04
7.153258248157728103e-04
1.350543880575714182e-03
1.484355703915395727e-03
2.166724277135106177e-03
5.112335415621902098e-04
1.036495383602188984e-03
4.255671494325421675e-03
4.822147880417977390e-04
1.548700130007093926e-03
9.045297646981734349e-04
1.152756994238878733e-03
5.788176632275440900e-04
5.048231621216629382e-04
5.505945677698241645e-04
6.976083121831180671e-04
1.033997982434558226e-03
1.538042500565654780e-03
6.234965525642910573e-04
5.328685519477432964e-04
1.395092285196010157e-03
8.555320517190405025e-04
6.476491276400314981e-04
8.587118822776266744e-04
4.311143639624695576e-04
5.067596243017434034e-04
8.886337222918009151e-04
6.622968316123419670e-04
1.066677120643116624e-03
1.282739987029618165e-03
7.977893213298719189e-04
8.172036649840666881e-04
5.694077050434416705e-04
8.212647562498268019e-04
5.123201099075016390e-03
9.261265333418406895e-03
6.179865083884748204e-04
6.517301627641896005e-04
1.425122555213837166e-03
5.996765637781099672e-04
5.207961574867233344e-04
7.376683334325940611e-04
7.914020092222636554e-04
8.317855481472020323e-04
2.436035672299135223e-03
6.831315054480802161e-04
1.192299952991412960e-03
2.046459892162032657e-03
6.502997028094194016e-04
8.330715512710588650e-04
6.912174253417560036e-04
5.984156432660316235e-04
4.385620775386465443e-04
1.835540693707363993e-03
7.145735523624200487e-04
6.053825101702785391e-04
1.464633859273677076e-03
5.412896007813625121e-04
4.968945298283119778e-04
3.481035764086679724e-03
5.653235822346631056e-04
8.568510621782607492e-04
6.595166746536341388e-04
1.324936182960083147e-03
7.040393919828227733e-04
2.244518105755168979e-03
6.374942665097350220e-04
1.336345966350113495e-03
5.260562110650386083e-04
7.877321140165589701e-04
5.966140008524166384e-04
1.592839221157235944e-03
9.453297342317016575e-04
5.221065075476690864e-04
7.087356443105584077e-04
5.904896088348402135e-04
7.326144281027175851e-04
6.630185784642928784e-04
4.590999700461489063e-04
6.593384136716988735e-04
4.745135215724460148e-04
6.329124826827992349e-04
5.168465771416987488e-04
1.081906561119092046e-03
1.248395105407207285e-03
5.223773885827228325e-04
1.847077216373843242e-03
8.690536820158960719e-04
1.415386709641358294e-03
1.014159126688035433e-03
9.256694248737302230e-04
7.490204187058068777e-04
6.080860169932133467e-04
1.116087099015400461e-03
6.998365612728172985e-04
5.665973131276649203e-04
9.199994852684028387e-04
8.012628334766315301e-04
9.832534188353471687e-04
8.025306833971775815e-04
5.886127931592063586e-04
1.053021231448929588e-03
2.588324416827972232e-03
4.687137962011222276e-04
1.219580675211862824e-03
7.259332237782221931e-04
1.576025313842646094e-03
6.582561463109201606e-04
7.524473524711954063e-04
7.099867391205535137e-04
7.749518751831523632e-04
5.513119083891001269e-04
6.614043584645173859e-04
1.473831034885510378e-03
6.678920594374725302e-04
5.825044668244420227e-04
6.576351329046918647e-04
5.640415890343171337e-04
1.308015917078252793e-03
7.016226360662836808e-04
5.324351361879012820e-04
5.218322823676091807e-04
8.749586292303055627e-04
1.074059432469976752e-03
7.294476510277066086e-04
5.273711919823974303e-04
1.113239921611660277e-03
7.985184442691634641e-04
5.069130990429574326e-04
7.941628034555014070e-04
5.993193491407481721e-04
5.095597676785885901e-04
1.973664576674521477e-03
5.397402728566086513e-04
3.285475097666293396e-03
1.034242825801976818e-03
7.005194264594382172e-04
5.171319327066386954e-04
9.310071240338563996e-04
6.328598951434279618e-04
8.507787897024919350e-04
5.674422665131576048e-04
7.972532393614505195e-04
1.517497267062414314e-03
5.011636289563376400e-04
6.933571606525713469e-04
7.628646656298432695e-04
5.769472969911175345e-04
6.339194145522515081e-04
5.630785890411095680e-04
8.580963822624475311e-04
5.891208282127027894e-04
1.462396589677888905e-03
5.819342769606490650e-04
5.939750785088826132e-04
8.149511515249901030e-04
1.099242137853613131e-03
7.321781544707461941e-04
1.251180013647246701e-03
1.190470469637599973e-03
6.577337876407087034e-04
6.734407508675977838e-04
7.312255842636219191e-04
8.476627195440241931e-04
4.989273125712355254e-04
6.452453389840586166e-04
8.224558582789092461e-04
6.190146899465588486e-04
1.943074792729076105e-03
1.612712545119835209e-03
1.074046426638829458e-03
7.660157145630080381e-04
5.553596990533648430e-04
2.539260449624709641e-03
4.769316977266590467e-04
5.970716815636885333e-04
8.608096146140391649e-04
1.838393782173766309e-03
4.995950706742256168e-04
6.166272378177544387e-04
1.508158758869621334e-03
7.242570398873439310e-04
5.621829514516098192e-04
4.606405650859115566e-04
5.127499923881597733e-04
5.644734818668300895e-04
7.030960402795182786e-04
7.221874117812311861e-04
4.813840110347156328e-04
9.619655053311360494e-04
7.374987496564345364e-04
1.006113865408117449e-03
4.089503600982647737e-03
6.474352582285371020e-04
1.474639865835108065e-03
8.373144261128333049e-04
4.370828981751201489e-04
6.569755654267387052e-04
2.923417366321461215e-03
7.003822816137914671e-04
6.293896846262856228e-04
7.543061652643799240e-04
1.321126100686081592e-03
5.092934993216850911e-04
8.083890429600522516e-04
4.718055463374597018e-04
