7.728491890541878181e-04
1.239266476119429842e-03
2.124844895325913967e-03
1.093468992343299331e-03
8.112819902929898231e-04
1.246440393830509571e-03
7.920907495466190679e-04
2.702962093913914565e-03
1.172020181812737137e-03
6.303405247633957816e-04
9.406740189686879075e-04
1.384381652082794945e-03
7.457436739246595591e-04
8.747238084541436847e-04
1.236526437914109216e-03
5.004970192414524279e-04
6.222503382345981804e-04
1.538138429935222064e-03
8.946510389715778061e-04
1.165508018390426980e-03
8.599521445229194386e-04
7.611901275584432138e-04
5.567421142237050828e-04
9.271209919362226413e-04
1.821630537693799939e-03
4.591732511162819599e-04
6.828605313351047978e-04
6.285969572616859720e-04
1.665706472561521469e-03
5.169525696594450426e-04
6.404538452359769419e-04
7.085223310796485638e-04
6.199119963255889879e-04
6.747301164427345907e-04
8.879096265279405164e-04
1.231285103663509349e-03
5.190459815419002634e-04
1.163549289721126047e-03
4.603976480929935274e-04
1.126745731555716789e-03
1.358874276677357390e-03
5.957686660826341362e-04
1.491896544456349730e-03
1.154295501701317053e-03
1.024834212369630636e-03
6.648674673748876818e-04
7.706785667030474542e-04
1.158838544075044275e-03
9.248934036410233657e-04
9.706773792449108424e-04
1.106948306156808632e-03
2.313258806940199017e-03
6.386305477748475653e-04
7.729804016213401774e-04
5.442467337012344992e-04
4.786537094086165938e-04
6.481053673046561483e-04
6.900731486110260778e-04
1.118832763550791547e-03
1.619707510659119769e-03
6.476106037055919884e-04
6.303773717033017091e-04
7.513315410023991767e-04
5.884453948219305151e-04
6.084238783815139806e-04
5.551656663489117462e-04
5.416733703816077649e-04
7.499039222435583286e-04
7.279783597607610056e-04
7.655605035985154098e-04
1.894797413481797994e-03
7.457992738460205188e-04
5.991683232129191771e-04
1.075977556227679030e-03
6.583725456753285491e-04
8.533334831698154198e-04
1.458964022643743962e-03
8.548008350875651402e-04
9.963105511109787184e-04
7.355536123818594242e-04
9.608284075324774335e-04
6.677917719493944252e-04
1.303325961645917771e-03
1.702078401889398161e-03
1.457554256915326047e-03
1.018291697397175110e-03
2.684426517869867388e-03
8.373993413989450942e-04
8.813133889559634625e-04
5.506457568537804917e-04
1.253339822769023067e-03
6.090461075445892511e-04
5.068386883025060435e-04
9.771148556096123042e-04
5.652839858187548366e-04
6.847925239210928558e-04
8.587423420716608314e-04
1.254834151495944072e-03
9.281503447733110111e-04
1.645268596397111028e-03
5.402101939419049143e-04
3.480207099758908518e-03
7.771323702016730674e-04
8.181535052447972377e-04
6.900629025945838931e-04
5.960952637449201544e-04
1.019300246430696272e-03
2.218257943756559835e-03
6.481565893104570880e-04
1.145229047363525857e-03
7.320841253032250775e-04
7.750534577270051101e-04
6.476712701235309106e-04
5.708977203333752025e-04
1.398843924187654231e-03
6.278123196576769005e-04
6.601588885333541969e-04
8.812404466284854288e-04
9.628473523395242751e-04
9.278063616700280057e-04
5.232219631207964778e-04
4.904065798266760189e-04
8.241807260822486738e-04
6.321012413150865501e-04
7.928032915882028209e-04
4.887280038728721975e-04
6.255564444731390519e-04
7.941350785480150555e-04
1.779164846901950007e-03
7.144286360368734762e-04
1.931535216126620356e-03
7.289979200755449407e-04
1.622079572098125613e-03
5.469601859515623972e-04
5.484533764486998648e-04
6.186863120963334963e-04
6.389830773734783698e-04
7.723062731531532554e-04
7.408825550716173578e-04
1.064953994546695209e-03
1.070058442124628174e-03
1.182241566964984834e-03
1.239205405525327462e-03
6.555540869428883597e-04
9.853118710551919505e-04
1.008983257921489476e-03
6.833930445535866443e-04
1.124729373704333631e-03
1.561610358729847428e-03
6.242016419304039160e-04
1.894797413481797994e-03
1.193749188736337131e-03
8.783364749043288218e-04
8.781541930726026327e-04
1.017545923007287263e-03
5.731781546455359940e-04
7.239071589023018862e-04
1.137237766539613828e-03
5.692903839013743056e-04
6.416213614224515254e-04
1.702395720757545004e-03
7.663612954670484144e-04
1.970321469084324907e-03
7.865503808511028344e-04
6.511624565793222531e-04
1.121176394775746802e-03
8.869357287568268482e-04
6.597705275872670127e-04
7.850071238296494431e-04
8.373911364522057012e-04
1.096794818233292430e-03
1.872673326251206435e-03
1.073524853173254013e-03
5.415666282386536433e-04
6.011176105236621953e-04
1.029751433425757064e-03
1.071339551645094333e-03
1.302408421416000311e-03
6.960781096365513962e-04
8.715185533170569402e-04
1.131518015764388686e-03
1.176013408077382274e-03
7.196049894633500029e-04
1.422803651348617665e-03
6.969433492191357037e-04
7.393114555444142396e-04
1.030495954485193119e-03
1.235604809954516173e-03
1.047521782512142799e-03
5.409768329305143612e-04
6.149775493669339468e-04
7.237346768011394035e-04
5.582357012264277515e-04
9.247441518841257408e-04
7.566817429415032817e-04
8.622211847251404953e-04
9.596389615492202001e-04
9.879041624523846130e-04
6.821168430967583952e-04
6.197437583596550944e-04
1.821361428885808886e-03
8.184116406599458923e-04
6.303436130277425067e-04
5.609066998829765650e-04
5.541831749035219801e-04
8.237893507907128937e-04
9.099570394396492212e-04
6.824047030681570317e-04
6.858500508081312496e-04
1.367366956101681401e-03
1.266356696058408777e-03
5.492896409004776595e-04
6.685409396002473447e-04
1.032184264062688608e-03
1.298031929157420329e-03
7.941350785480150555e-04
6.215891236763397597e-04
1.611305949583280873e-03
7.966051269093979556e-04
7.031181394183237546e-04
1.508214684892884285e-03
5.108993462697507086e-04
8.587973657860214919e-04
7.502339163803119085e-04
1.051772065425919320e-03
8.909335177948662313e-04
1.089577080118309333e-03
7.847233209322063488e-04
5.212300553095748678e-04
1.496413282766048897e-03
1.089037946280444792e-03
1.710388731908543290e-03
4.782810122774158973e-04
8.251374262623617636e-04
6.156949111463565693e-04
8.971810416422925207e-04
1.264892469820380616e-03
1.210828254452414815e-03
8.167377428356466153e-04
1.400356628646389021e-03
8.228567950963975317e-04
9.046190934575956731e-04
1.580706837563157800e-03
3.106740205717989714e-03
1.495336768163431839e-03
9.252481918816331296e-04
4.993405728496141255e-04
1.226165171901076470e-03
1.854929089096493591e-03
1.701141420123923262e-03
6.681100822544223201e-04
6.875468377758577271e-04
6.323508326661583020e-04
1.902726808123093383e-03
5.278300594461411178e-04
7.956334228406494475e-04
6.175237779791858776e-04
8.930407740451443881e-04
1.091192440863417330e-03
5.995330991911201283e-04
9.942981934903749944e-04
5.982222933344859663e-04
7.496675457510067545e-04
6.735885474466408920e-04
1.489107846695911230e-03
2.117079179742343848e-03
1.300537813093755784e-03
6.957612242363506606e-04
1.245719924754352254e-03
5.829157488440647045e-04
6.593538397450074721e-04
5.718366776198226037e-04
5.352366602080226065e-04
5.605094095324855566e-04
8.264547901026542132e-04
9.624064081482464972e-04
5.409037253102695489e-04
7.409014989050155802e-04
8.567700235207815389e-04
1.340965526533689648e-03
6.797881787077109193e-04
1.005489408206337908e-03
1.261543226975320869e-03
1.027171260243970154e-03
9.356623375008266304e-04
9.825908684694478149e-04
8.294483557987230487e-04
5.187101228501206189e-04
6.881455666874963318e-04
7.646325416480906443e-04
5.584853242993695344e-04
8.556592176645960246e-04
6.416309243899096914e-04
1.588102225043325644e-03
7.230087035336610433e-04
5.123473031549906050e-04
8.977172917233846227e-04
1.388960458729076057e-03
1.084807678237992160e-03
1.344354271472854908e-03
7.522323023789722609e-04
6.172257856551000054e-04
8.510902260957683941e-04
9.988092320575908331e-04
4.644707747679590205e-04
1.020722764053765734e-03
8.946629040416190790e-04
1.011552064988111661e-03
1.335106253057784546e-03
4.766008270288549426e-04
7.579232941921844758e-04
6.171566911397645579e-04
4.777731920845118378e-04
2.426525632481454919e-03
5.785581768652851798e-04
9.973114299985713291e-04
1.499911450586549231e-03
6.604658238703235793e-04
5.587299335916006164e-04
5.813498506245978791e-04
5.227261538186332279e-04
7.735436365434439484e-04
8.496696204546306521e-04
6.394942811467977913e-04
9.295006129203221227e-04
1.349477805285789409e-03
5.886715762341172007e-04
6.853278465504017251e-04
4.752548440505104609e-04
9.808052762211086611e-04
9.289620324489760968e-04
9.573186518518858081e-04
7.960268159868019158e-04
9.232136113550154250e-04
5.778356004137520955e-04
4.846131423936108490e-04
7.260916546362480937e-04
1.783064498761713140e-03
7.109424531046496095e-04
2.302153728316177258e-03
7.657500945394767706e-04
6.863390432099492934e-04
6.366433551723334888e-04
6.836122252237396149e-04
7.301855607078368803e-04
5.295738724510868321e-04
1.618094787157773251e-03
1.610276097390020856e-03
6.593281043093073262e-04
6.468134357520531359e-04
9.481609894260576614e-04
8.671908256061082150e-04
1.472103151787384524e-03
6.446646003229607007e-04
6.516872788073037109e-04
1.035841943624667789e-03
9.896259892089812743e-04
1.226490526070790664e-03
7.504355815573099386e-04
6.968081897885509100e-04
9.341960647873130859e-04
1.194270528369752562e-03
1.479927603852267690e-03
6.450466765225892820e-04
5.708977203333752025e-04
6.765957942746107052e-04
2.709202695981730979e-03
1.241583700763547980e-03
5.483555023802579899e-04
9.992321652261505413e-04
1.007987349438561105e-03
1.062448993525064861e-03
5.594381920419102530e-04
1.509771152940745818e-03
8.826105722049526177e-04
8.116757953533702786e-04
1.326060542711039736e-03
1.014710828037361599e-03
1.254238651042394875e-03
1.214181549369648021e-03
1.934234177843428305e-03
7.364667148711485705e-04
3.708037313301675800e-03
1.026313672099973600e-03
1.061088838971726905e-03
1.046721145428956444e-03
2.214189971313739597e-03
9.117168651896704733e-04
1.035822625329823774e-03
7.495163482937155760e-04
1.420067784959930506e-03
7.446282585621693964e-04
7.728470566870842889e-04
7.978006032914874979e-04
7.419571462091224031e-04
7.735129245280116190e-04
8.026320362437421203e-04
8.664252864075465367e-04
7.436618208658759849e-04
6.078433834363585657e-04
6.593538397450074721e-04
6.436626859523521347e-04
9.380858150618624726e-04
6.599591030990912231e-04
7.579823856277699860e-04
1.129982989995238860e-03
1.225949628821558675e-03
1.255776340219827685e-03
9.515732944133569121e-04
1.075288315132409732e-03
1.160934115557021385e-03
6.055972388673199489e-04
1.288060102522716605e-03
7.602342676029541588e-04
9.652824599715229253e-04
9.995117978557083865e-04
1.720843123406493253e-03
5.669458214011827623e-04
6.765261737456261699e-04
7.808605550068908972e-04
1.262860206435730470e-03
1.710695394581942348e-03
8.435877031479025595e-04
9.919250788041603008e-04
7.051967686035044659e-04
8.809398106923881826e-04
6.805151159143311111e-04
1.638168012988204221e-03
9.090526882248041148e-04
7.532910504879307932e-04
5.654209870237106653e-04
6.928785388862886358e-04
8.295700906411785508e-04
1.074967093958310773e-03
7.196380050256496932e-04
7.702870512189030671e-04
1.310046752360323604e-03
2.072680307468988993e-03
6.114146143277692218e-04
9.952968516778576934e-04
7.850300605276995351e-04
5.945156298942597941e-04
5.647253875100072349e-04
1.000575592094276678e-03
7.693626914645548820e-04
6.603816680985973107e-04
1.699960074683289427e-03
6.288032891369740645e-04
8.286318196197476433e-04
9.055184257013432214e-04
7.281040640215409240e-04
1.179810169353034737e-03
1.391884028304798526e-03
1.409090737365958001e-03
5.243333637730960466e-04
7.429863465621714888e-04
7.502216356214718232e-04
8.616969587993309572e-04
4.797067451451402973e-04
1.056223306427692913e-03
7.320841253032250775e-04
5.864064023530083693e-04
8.040327345169476876e-04
1.038797593889632725e-03
5.371684883602302705e-04
9.269315035651836711e-04
1.190487274482544388e-03
6.054248310520294078e-04
1.055953194777893133e-03
5.688406075402352782e-04
6.934092884940434073e-04
1.062531788232532002e-03
6.874371449950621247e-04
5.055569910295903101e-04
6.978114766717975238e-04
8.552874983050474380e-04
1.136814150337130645e-03
6.007686524435780105e-04
8.574894315396432284e-04
1.324407976912959917e-03
5.706030535866966208e-03
5.861733787075971286e-04
9.129807384949094069e-04
8.035822592145651280e-04
1.592602126844330215e-03
8.989893763856845500e-04
2.981356371568053346e-03
8.376441604970985945e-04
1.719649160613556920e-03
6.014107856213796134e-04
7.535479867175873302e-04
1.951466154724971125e-03
1.238837918407431279e-03
7.370798334209860544e-04
7.623768350879974983e-04
1.011824991043494158e-03
7.129625447652481384e-04
1.282683751102431076e-03
7.839783087412830354e-04
1.362081044029162490e-03
7.255719665223740126e-04
9.343144299764307619e-04
1.477963746337883312e-03
5.990514017035687049e-04
5.701595067176731249e-04
1.144316926547362745e-03
6.169006591005188247e-04
1.627033280875890640e-03
6.223154229786964685e-04
8.693763690869763059e-04
5.738444355910565006e-04
2.314166826743778785e-03
7.343013918669396428e-04
5.035749517937548273e-04
1.372229340010784485e-03
1.221084298631495068e-03
8.510902260957683941e-04
8.580199138758415507e-04
9.921584569720319751e-04
6.453844164148930590e-04
7.508721669356992895e-04
5.279090530264274501e-04
9.299879663384469364e-04
1.014291824950035430e-03
1.028669607676175723e-03
1.346207808271282893e-03
6.118394933670845805e-04
9.830568694896278138e-04
6.918558344234847441e-04
5.726025963274177476e-04
6.397595727556182679e-04
8.358685725547597076e-04
5.372837089217976205e-04
8.511606402671693635e-04
8.759962149623820755e-04
6.639681251381556121e-04
6.986467623593291265e-04
7.202050373856192520e-04
7.898677967933758317e-04
1.292282271666506197e-03
1.069500339319450063e-03
3.418313988833144787e-03
9.252231312131071941e-04
5.022408344092539742e-04
8.718065966914952938e-04
1.011824991043494158e-03
7.876040428083950834e-04
9.814153189958197982e-04
6.855998849762505454e-04
5.889933324193803287e-04
8.809873091854289549e-04
2.307844691274661079e-03
1.129871428594428134e-03
1.205072332784308748e-03
8.656545806653718946e-04
8.003024293645050191e-04
1.854929089096493591e-03
7.675591357620730392e-04
6.175237779791858776e-04
4.840061524771426611e-04
7.657615926837459423e-04
6.759058558408972571e-04
1.062448993525064861e-03
4.554239836578167057e-04
1.588102225043325644e-03
6.145652103729497143e-04
7.007259190098580380e-04
1.343647457201332680e-03
8.164399867250126449e-04
1.096557455420197821e-03
2.313258806940199017e-03
5.061739344437700362e-04
1.082028720974135281e-03
1.933208292989131716e-03
3.677171199692462998e-03
9.532677241986427241e-04
1.133010175962045982e-03
1.247705540079358834e-03
9.292182371454861837e-04
7.158428856819832199e-04
7.086377884228565408e-04
6.172767439721198483e-04
1.081618835966630674e-03
1.434629960341965655e-03
7.928032915882028209e-04
4.995880385501730650e-04
1.205072332784308748e-03
5.303068124858235487e-04
8.820792267818061390e-04
1.697201142447781396e-03
9.548281065091189209e-04
6.142634669119727189e-04
1.011824991043494158e-03
5.677655735896314356e-04
1.109423446125337200e-03
1.435493123460960564e-03
8.328365035494197108e-04
1.466450033593477394e-03
8.972038273728846769e-04
8.299220504451380572e-04
1.430811496663152377e-03
5.952219852195019542e-04
2.123143295214691313e-03
6.618450517439703178e-04
1.055937564624496961e-03
7.549027497767789698e-04
6.215891236763397597e-04
7.367301442512157921e-04
7.576791971005360140e-04
6.857642591983522913e-04
1.196473103098886180e-03
9.570639542993500132e-04
5.992546090799218258e-04
7.189515659540945784e-04
6.943487596245739770e-04
6.135306067337950846e-04
8.348130828822488119e-04
1.181691537983513545e-03
5.050552192698804866e-04
1.547107652357564058e-03
9.296763531912566715e-04
2.697715710592831807e-03
6.374528697847115346e-04
1.869287929079024076e-03
4.988113032443678135e-04
5.527424024282345631e-04
9.229831541984259962e-04
2.663184820450380241e-03
8.230332002030681321e-04
9.972908736029110002e-04
8.092002554257020103e-04
5.753593680203567071e-04
1.363029191384827234e-03
9.780521878776954336e-03
1.056470621494841593e-03
9.372239164703961498e-04
1.320994380313769223e-03
5.549827319867243602e-04
7.658232637910718883e-04
7.261059716449513477e-04
3.190829000555765998e-03
1.693373175339586353e-03
5.452030588517630533e-04
1.206735740544793035e-03
5.667142880306487657e-04
8.806605702143610950e-04
1.019300246430696272e-03
1.763274655387714806e-03
1.725510217338039037e-03
1.356273746121402363e-03
8.872010279308422146e-04
1.348588648195080683e-03
5.303895683178314144e-04
1.061412783549055359e-03
7.200460764363813236e-04
2.124844895325913967e-03
5.590078007193750647e-04
7.259880213247453572e-04
1.021008622327490437e-03
9.270119665915539132e-04
1.710388731908543290e-03
1.368337997815967074e-03
6.189829561515423993e-04
1.441421606833517702e-03
7.512652652529926232e-04
1.049387687812339785e-03
1.073524853173254013e-03
1.021575858139460577e-03
1.117533906459989949e-03
9.956427374616856098e-04
7.111519037213051824e-04
4.809887417871175808e-04
8.737784018078594136e-04
4.952391390372528138e-04
1.534251518988429853e-03
7.151894242617281520e-04
5.971818367247744416e-04
8.861112365733846618e-04
7.012416195344429700e-04
6.600739593472491635e-04
7.108655295869468647e-04
3.106740205717989714e-03
7.339521746004565523e-04
1.348557948042473529e-03
1.073757068185869764e-03
1.918526624278216837e-03
4.508828095407444413e-04
8.289753155788807601e-04
8.527470663853624301e-04
7.314997587022556815e-04
6.690632859673605916e-04
8.371569627023703287e-04
8.826105722049526177e-04
4.881751674998322356e-04
1.156922012416858022e-03
5.177304707616582711e-04
5.032726020197580757e-04
1.271537969811825783e-03
2.332615023247113558e-03
1.522705756965863971e-03
8.640638241327515011e-04
1.082774725362122470e-03
6.923158941915106461e-04
7.594487956091665716e-04
1.293053361670770760e-03
9.223100962528040913e-04
5.152366614901999348e-04
1.139888829591920909e-03
1.256003681073041608e-03
9.068692625744288142e-04
4.999552823715283471e-04
6.321396208502891344e-04
5.934793858522102641e-04
4.977416867965458536e-04
6.237778441758218577e-04
6.618117330689621920e-04
7.028767941616407026e-04
9.052909167401820313e-04
8.806605702143610950e-04
8.793100904725832103e-04
1.562887522450828260e-03
4.856446047448432601e-04
1.020448634395840302e-03
6.470315905856376375e-04
6.903053895204276300e-04
7.960538229583516553e-04
4.873449330250861347e-04
4.842167231538857725e-04
6.514235500278367941e-04
5.001114016314956627e-04
4.900500963500904620e-04
7.372558227520375346e-04
1.066530585270232014e-03
1.212368858394670791e-03
1.453472418474380289e-03
6.638176786589396238e-04
2.033739566273810081e-03
7.144286360368734762e-04
1.000141588819831832e-03
6.160759836490687725e-04
6.786245602611937341e-04
9.020920803715375049e-04
9.025130658975295903e-04
1.057361818703414676e-03
8.442079505509670701e-04
7.683090197536439304e-04
8.788085752119967602e-04
8.173062869341172652e-04
1.056223306427692913e-03
7.338347107155035335e-04
1.023038223677333802e-03
5.476716157587072694e-04
9.829081288677354953e-04
6.943487596245739770e-04
9.103421168915865449e-04
1.694130228236306445e-03
5.945372472494237512e-04
9.217670699448221637e-04
1.742951865854877125e-03
2.577983701463674743e-03
5.994984007114998554e-04
2.688139222027626733e-03
7.958147446825156787e-04
1.320854645507227093e-03
4.965888298849036996e-04
1.386692045313000230e-03
7.142564610804021845e-04
1.021862878077951396e-03
1.740680634062322487e-03
2.572587820414330966e-03
7.352248152185669478e-04
1.259578464571358726e-03
1.002267014558451061e-03
1.161920817054558873e-03
9.916193939748523152e-04
5.430565112813794159e-04
2.133572562344832838e-03
1.213405602672926620e-03
6.333320598003423178e-04
1.334891626408592907e-03
8.307064445403493673e-04
9.978614906689586492e-04
1.543981662042266320e-03
1.431518013500620874e-03
1.216153866702989524e-03
1.200062805753905875e-03
5.656452870735547431e-04
1.194785842338788205e-03
6.735885474466408920e-04
9.176127167931387831e-04
3.708037313301675800e-03
4.746513465120442976e-04
5.962301426138056411e-04
9.049774690866505510e-04
9.269315035651836711e-04
1.977090484113800620e-03
3.444676697648411511e-03
1.118080083973851122e-03
1.291266365658092679e-03
5.550940312264091622e-04
1.535526608102087730e-03
8.577452910445617501e-04
1.014956142403963422e-03
9.428759248643624235e-04
8.583754762762679704e-04
1.084911710844423723e-03
9.666256391907931044e-04
6.864474982986600070e-04
5.135588344681904071e-04
2.035158932509067379e-03
9.679269806083903079e-04
6.703502439671705799e-04
9.016474146750690175e-04
7.475573534035259921e-04
5.476112468073429402e-04
6.282594980264117127e-04
6.234880434425335918e-04
1.351233810657188807e-03
7.217206176778518138e-04
7.146379027522554994e-04
9.600640270796049992e-04
7.075307768493109507e-04
5.391498661704713369e-04
1.240989964758928629e-03
4.566154534214323497e-04
6.533953426566533511e-04
4.918412707079442567e-04
8.647073093789533777e-04
5.110067169410072597e-04
6.307232000045268549e-04
7.268189792052988287e-04
1.044722518725974382e-03
6.845152608502941792e-04
1.432759368802095879e-03
1.013472536966511907e-03
5.839276223131084154e-04
1.174313613684859403e-03
1.251895138696136655e-03
6.881455666874963318e-04
7.668184899525386667e-04
8.704546762971906645e-04
6.361730770586007883e-04
7.214470308971661795e-04
1.002242455909121846e-03
8.980899211425925682e-04
5.090481112106350027e-04
7.552406864178572458e-04
1.484045921908970413e-03
1.306649346312600346e-03
8.376720276658894621e-04
7.297131359122335055e-04
8.340981731429713371e-04
3.937025252935264993e-03
6.426274452139041533e-04
1.513332880271668537e-03
6.259588618231739414e-04
6.966356625514472187e-04
1.006562241331976663e-03
5.087856244253232850e-04
1.566030522472461068e-03
1.286227535653897787e-03
7.811670566727396724e-04
5.678671111024497257e-04
8.167880654386722086e-04
1.314370512592908909e-03
7.488502599691614471e-04
1.320641689772005141e-03
8.026877346767657745e-04
7.008417442529934430e-04
9.468096466157911381e-04
5.121788886050767427e-04
6.279256442415818377e-04
8.001765139319276044e-04
5.234483155712415896e-04
7.204783929575788934e-04
5.639133392002900142e-04
5.658830404986153013e-04
8.741563790280688700e-04
6.635793154277842311e-04
2.673568330761660113e-03
3.588629086048489812e-03
1.920099361873432893e-03
9.884236655765858085e-04
1.059031265928452427e-03
6.966934253520383870e-04
8.267738132747798167e-04
5.972610681847549067e-04
6.131750572309383959e-04
8.246489802959769714e-04
9.983497470804115776e-04
1.109006096586162299e-03
9.023921633467323154e-04
1.190487274482544388e-03
1.779599739876526346e-03
1.559610825946805860e-03
7.835946181940228608e-04
6.382413996415408925e-04
8.678096693979002680e-04
4.509882045840155670e-04
1.575578701417495054e-03
1.011685896608274186e-03
6.759791458299050640e-04
6.227089721576134452e-04
7.757869392501421692e-04
1.118444203887650592e-03
6.977771295576405599e-04
1.790329711756123883e-03
9.464072150870334911e-04
8.459764493430215783e-04
8.150672167812904496e-04
4.830939212595941959e-04
1.500524475127450446e-03
1.321684940787313774e-03
1.690646447556542467e-03
5.089326857900575802e-04
4.736066736599737299e-04
9.628947963481762585e-04
2.035778744174935023e-03
7.082904223863244675e-04
8.383692653833611699e-04
2.968652310217593810e-03
1.417336169208024488e-03
1.902726808123093383e-03
5.372837089217976205e-04
5.218440591498908635e-04
6.615616621954366859e-04
7.213649128325277200e-04
8.793781720727040629e-04
7.548815929160975109e-04
1.965297539778247237e-03
7.931475708794875771e-04
7.978055580092802308e-04
6.019476286420817786e-04
6.496769172449396888e-04
1.225524478715026358e-03
6.218691483729345357e-04
1.079780597283206420e-03
1.536437734113272864e-03
7.819201337914780808e-04
1.819574176380200827e-03
5.408762582005720645e-04
6.923158941915106461e-04
1.739780819471037051e-03
5.963570624703512079e-04
1.519925654643735149e-03
4.916143830167437820e-04
8.861112365733846618e-04
5.122996584677142959e-04
7.580691288722459864e-04
1.670729250359799436e-03
7.203094958239043182e-04
8.193033949014082986e-04
6.919661551026118742e-04
1.282115843276168850e-03
2.614967066467435014e-03
6.711619479939166365e-04
6.800044963153840851e-04
1.966400605347680495e-03
7.981778249345603980e-04
1.092554191035006311e-03
6.616651819544173280e-04
7.361054368572064700e-04
9.221796757115205585e-04
9.676986955510254304e-04
6.192613227060824160e-04
7.672182294282561908e-04
5.708977203333752025e-04
6.996681629653618778e-04
7.721996555982373707e-04
8.505124763894125013e-04
5.479568951500619813e-04
8.497081984505538586e-04
6.994085274929057964e-04
1.273964910255792875e-03
4.528543971201743484e-04
2.237793555250560448e-03
1.029012690265541929e-03
8.170269540544439473e-04
1.507230915716774571e-03
5.692073203832863750e-04
9.515893395905763346e-04
1.526546586993175357e-03
7.442216867176499641e-04
7.112969587546113344e-04
1.056470621494841593e-03
6.524602295577504102e-04
1.522995447282455509e-03
1.127827990432424959e-03
6.399380760985776866e-04
1.040292368986679488e-03
9.127917115844403880e-04
9.573186518518858081e-04
6.013118889026601273e-04
1.615776808204929171e-03
7.341805533674233570e-04
7.652290788317044849e-04
7.205205563690342783e-04
1.159582416289908291e-03
9.996870546679977477e-04
8.613376919070714561e-04
