2.062765385976823244e-03
4.035754293319382575e-03
4.665549943683210306e-03
2.551020432450605037e-03
1.972409144820466437e-03
2.490983882305672099e-03
2.111537568190469203e-03
4.088808854806835758e-03
4.345586228591439421e-03
2.447232916533562293e-03
2.877073299686497797e-03
1.743446552371038724e-03
3.270039072905158231e-03
3.858061899557310888e-03
1.393209985284867870e-03
3.857190250575580175e-03
4.564571511279385922e-03
3.705838414587071632e-03
3.820791537670651956e-03
3.892671906670586157e-03
4.611601315301233801e-03
4.380347594881167476e-03
4.470245996145326244e-03
2.721329498417694032e-03
4.081931354015755527e-03
2.395605004454331305e-03
4.572560837719411887e-03
4.046200037823653728e-03
3.320409489324358237e-03
3.048212902243470704e-03
2.669411818851196057e-03
2.899924009438200993e-03
4.256286153547076713e-03
3.451366503300182329e-03
4.139203478041766048e-03
4.572915037635667465e-03
3.815253506272161133e-03
4.071111995747354016e-03
3.905414985785878555e-03
3.371735392603489485e-03
2.899924009438200993e-03
2.746737676412581292e-03
1.963094589669446381e-03
4.324444294319685148e-03
3.705533240269073738e-03
4.364113479153774143e-03
4.574550827736728262e-03
2.845141275729658106e-03
2.358771566051952231e-03
2.467265716086331027e-03
4.663777154561441797e-03
3.232753504820522726e-03
3.583056654304619861e-03
2.585576062419371775e-03
2.744456681605150945e-03
4.487151267084389314e-03
2.367442795985331451e-03
3.295087105961963959e-03
2.927590320227382251e-03
3.983252328970704470e-03
3.338077643507762760e-03
4.091204030993830960e-03
4.538938281247062272e-03
3.915980242428876781e-03
4.650431775018552816e-03
4.011541995423318838e-03
3.396419089993715085e-03
4.401718993228469733e-03
3.522825035969321967e-03
3.257483420938256293e-03
4.502249880397532489e-03
3.432190809615490862e-03
4.145659376199011502e-03
1.590577099952970733e-03
2.431876287100029430e-03
2.916146848472396177e-03
3.144759945029184257e-03
3.158072559759681798e-03
4.404327909551064221e-03
2.795701646737131559e-03
4.561260064870795508e-03
2.190499208839859734e-03
2.824519124055404565e-03
2.645446587170814223e-03
3.060917526593280071e-03
4.345586228591439421e-03
2.926055607244468573e-03
2.923949821492537095e-03
3.810558506552088383e-03
3.615951520074760662e-03
4.461611047368751158e-03
3.567795705244870223e-03
3.430433899323318166e-03
1.593042356778852364e-03
3.250375438141938321e-03
3.075982620501148835e-03
3.480569829077942781e-03
4.453161441138360835e-03
4.681356681651567889e-03
2.767099431374740910e-03
4.556754892697403511e-03
3.259069108572288168e-03
2.597695135798752143e-03
2.637131796165151192e-03
2.180066949684950940e-03
2.297008991375207310e-03
4.676233111947592815e-03
3.951977519844806705e-03
1.220456424952478993e-03
1.370673814659802278e-03
4.231411054595454052e-03
3.972052121699882164e-03
3.567795705244870223e-03
3.046896439720163385e-03
2.295462827435392188e-03
2.160053441310999349e-03
4.406187596340515808e-03
3.682305982102437869e-03
4.509106083360026919e-03
2.420055071510932541e-03
4.088414737305240583e-03
4.063395496844105816e-03
2.295019795432360742e-03
2.568960874261338144e-03
3.068465235717346504e-03
4.570526476363783591e-03
2.148741313505232210e-03
2.748515657556684002e-03
3.254211982650153431e-03
2.415229535680571589e-03
3.719771366717979089e-03
1.707457154723488694e-03
4.629935649420571959e-03
3.836456701764485305e-03
3.791751283147994957e-03
2.784883419271711250e-03
3.651594826953031420e-03
4.116334305119980636e-03
2.921696155377224643e-03
2.265414306521407531e-03
3.833103365115674271e-03
4.147730059930639090e-03
4.031546605013400057e-03
3.951555171788813901e-03
3.640984178046639819e-03
4.574854421844604113e-03
4.429695442746537336e-03
4.541179490999518176e-03
4.437862017692585995e-03
4.289901085683505907e-03
3.483592825222136917e-03
3.919604354535334394e-03
4.128025339125118189e-03
3.903610695484796989e-03
4.616687958967311337e-03
2.700152643231695272e-03
2.389268410193578270e-03
4.063041094186684368e-03
2.358011437542511038e-03
2.741025927314052167e-03
4.471021088291486471e-03
3.103598676540050491e-03
4.591231344501477997e-03
3.078190827734296215e-03
3.450400119304090213e-03
4.121228702156874528e-03
3.755002040333328163e-03
2.106680535911647188e-03
1.344467117553047823e-03
4.544669811178325344e-03
3.838466357289631488e-03
3.008118808373070035e-03
3.354054360299616941e-03
4.551542370886813883e-03
2.056700056361263160e-03
3.113492789202022999e-03
4.053652594753940144e-03
3.236255284214067159e-03
2.885171917459753745e-03
3.697425054099641277e-03
3.909485778026679410e-03
2.425322158482992509e-03
4.659124608975240625e-03
4.013646164421482559e-03
1.805708752767910341e-03
2.156212570779756157e-03
3.141327012450721625e-03
4.501246820580310712e-03
4.506061353117651012e-03
3.573186597588522834e-03
4.284873971310067774e-03
4.233089896179348388e-03
4.673756659286746121e-03
2.939699989340821551e-03
2.370005467738278346e-03
3.873336248410337666e-03
2.930038992946229406e-03
4.301395271802583437e-03
4.364881115116652464e-03
3.228306426199453565e-03
3.251031219011143135e-03
3.062344018728515964e-03
4.130679373275838139e-03
2.800578744930982099e-03
3.138536521381291803e-03
2.023975554663335567e-03
4.534581534541094749e-03
3.391798996649834398e-03
4.552229372349773061e-03
4.218906563694605448e-03
4.093500421494154599e-03
4.177457194058596321e-03
3.611969172338643386e-03
1.969907207959327184e-03
1.462023461080861437e-03
3.870581189171128523e-03
3.703683312454131293e-03
1.418657082531703728e-03
4.471309196077227939e-03
3.137102767333166745e-03
1.709185198117944794e-03
3.363474224613624986e-03
3.972052121699882164e-03
4.328116841269821075e-03
4.472681716775268532e-03
4.639727974166578742e-03
3.943247003372054790e-03
3.248143323629281137e-03
3.565765391879902480e-03
2.532844159676319283e-03
2.970500289393216472e-03
4.343630602771407674e-03
1.960067619868569033e-03
4.561260064870795508e-03
2.405846440100566346e-03
1.755705352750020582e-03
4.468713693520834536e-03
4.507658374639621733e-03
4.034284756651825357e-03
4.679848479042861276e-03
4.664132545255912990e-03
3.431514900275290172e-03
2.134754893481628085e-03
3.400395665669056402e-03
4.535964392792660345e-03
4.434763617967237698e-03
4.610410927352901617e-03
2.678445553052122546e-03
3.904937387151320802e-03
4.072053580277640999e-03
4.270059935414511135e-03
3.538903272311996664e-03
1.866745107543344622e-03
1.071716666660008782e-03
4.317616169414322663e-03
4.187163684488465730e-03
2.328388250565236774e-03
2.939353327504121930e-03
4.278686556457988489e-03
2.067029775433162735e-03
3.180296150278296742e-03
3.324390595774776719e-03
4.624388245204379480e-03
3.854445130740709671e-03
4.592537292742166280e-03
4.237424505543376310e-03
3.295956094257115627e-03
2.791587894441566273e-03
3.074695492575031663e-03
3.789794027223550212e-03
4.444069244227587083e-03
3.049216283527018262e-03
2.406626739780138441e-03
2.553042348091111215e-03
2.365930140824921198e-03
2.072548874027330124e-03
3.611405559598485863e-03
3.470034055769801416e-03
2.760323219788439909e-03
3.572206575229776651e-03
3.785454159803646173e-03
3.846670379774996991e-03
2.192270796401266618e-03
3.170430476991198399e-03
4.382619378620672065e-03
4.117674906591870139e-03
3.502758859597707598e-03
3.401086881884259842e-03
3.697532641007655278e-03
3.737761115946775219e-03
4.495802780234446627e-03
2.174697962975368024e-03
3.588146939905203971e-03
2.828313802019174431e-03
3.546912517889786332e-03
4.387960636293954803e-03
4.474941599135246265e-03
3.679639494979313353e-03
4.492032144770340650e-03
4.137724599210275758e-03
3.468533558960707787e-03
1.640937960459344733e-03
4.130465947777809191e-03
2.795254503867795198e-03
2.642787377413114824e-03
4.696710631380150193e-03
3.792287009720038231e-03
3.812498117707343974e-03
4.159290051820306242e-03
2.000256443318841441e-03
4.356423892840801185e-03
4.111516925526595423e-03
3.110184886949602517e-03
3.797571858442296000e-03
3.490201282238787964e-03
3.490027596937944968e-03
3.895661479462056345e-03
4.434620352163420182e-03
2.727247662229649941e-03
4.078859546620275736e-03
2.203179744724220648e-03
3.239208933527903348e-03
3.578853623843392638e-03
4.162378598003334783e-03
3.858459849717808983e-03
4.567174992024801948e-03
3.781409111118400404e-03
3.909839023571139854e-03
4.507910101168518396e-03
3.927309453859438235e-03
3.979385335637892693e-03
4.024573776246829875e-03
3.936385151012094900e-03
4.480162962927912093e-03
3.307642385184193529e-03
3.316932464148858103e-03
2.595936117978389288e-03
3.079294758793584604e-03
3.573186597588522834e-03
3.176933561328339553e-03
2.748145207215513860e-03
3.718137239586335845e-03
2.796632616356671281e-03
3.520860293839947822e-03
3.518471369755785897e-03
4.385447034691356341e-03
3.697924865363123176e-03
2.967769755057555851e-03
2.522567793137500854e-03
4.559017208641346665e-03
3.331867084744397772e-03
2.612932480600123168e-03
4.215662584945679796e-03
4.232237379723961281e-03
4.264945426161298112e-03
4.690556125314343343e-03
3.795451468775512798e-03
2.696821243261380077e-03
3.933413781877922837e-03
4.636532639789577720e-03
4.106222480627353538e-03
3.630058260806251838e-03
2.150827298121971674e-03
1.898708231715229722e-03
4.481348066815293331e-03
3.910235812161600745e-03
2.089498788410121873e-03
2.996801660834811677e-03
2.349104552473057182e-03
4.606785728054361984e-03
2.700788512318252465e-03
3.713493597400958565e-03
2.286410120983726514e-03
4.256053451762497296e-03
3.582343125521160292e-03
2.339827039746133954e-03
2.998910889697548737e-03
2.908278774906225810e-03
3.775129388575715773e-03
1.998006081022490887e-03
2.958316752606562905e-03
1.525329765495587239e-03
4.404722081746527754e-03
3.425688880919713127e-03
3.789794027223550212e-03
4.013646164421482559e-03
3.182893874242493076e-03
3.285826106765528214e-03
2.849271559941974306e-03
2.875006584857776621e-03
3.858061899557310888e-03
3.594575660018094025e-03
4.393485051211331975e-03
3.987528021530252140e-03
2.746737676412581292e-03
4.664256556307822162e-03
4.613129182589159605e-03
2.188050565153852080e-03
2.161824514922734350e-03
3.397505603198523565e-03
2.972590455685399785e-03
2.280292597474588637e-03
4.301752602862311120e-03
3.492361859176605111e-03
3.219616906992034226e-03
4.628298407065246402e-03
4.376559878925468348e-03
4.537866680364319345e-03
4.526326436611964252e-03
2.948524070464465102e-03
3.395283650883604634e-03
3.699578904750359509e-03
4.659124608975240625e-03
2.099997347532081386e-03
4.031302009748800354e-03
1.666309213975036840e-03
3.926299148081065053e-03
3.739810841882994837e-03
3.639133654033564411e-03
3.292736719340832226e-03
3.128829991884990881e-03
3.655070021463197819e-03
1.643679793040401030e-03
2.381741495187317953e-03
2.191241944804608703e-03
3.870354634671342286e-03
3.833103365115674271e-03
2.478959150094524680e-03
3.061221620821661261e-03
3.250009394677745665e-03
3.417186790376191587e-03
1.660552831288249209e-03
1.745634561842715829e-03
3.086371344147760716e-03
4.359490614998337565e-03
2.612932480600123168e-03
2.041578611580992068e-03
4.588535951460112443e-03
2.544436009977829507e-03
3.692213559599486720e-03
4.614011208239073882e-03
4.256053451762497296e-03
2.325472372407846617e-03
4.415649339669568303e-03
4.455458415026140005e-03
1.897769312797272130e-03
4.123398217579088768e-03
3.316750122802334527e-03
4.373246796073555938e-03
4.139260282325476006e-03
2.136858168621732189e-03
3.630058260806251838e-03
2.396120333710611942e-03
4.363643511286251567e-03
4.498835996956661830e-03
4.557331238738291691e-03
4.671769926886976121e-03
4.174748845216145164e-03
3.141831807518753565e-03
4.326726129048704371e-03
3.758366363658464417e-03
4.686543582129567252e-03
4.174523132646140895e-03
4.417124351103301517e-03
4.620968749794462233e-03
4.416874531090611046e-03
3.101504804099227026e-03
4.330890612853936436e-03
2.576532313976759390e-03
4.472929350206852721e-03
3.206834055528441207e-03
4.153044763174297029e-03
3.136678196708676206e-03
3.354054360299616941e-03
2.871959413944317075e-03
3.148582651420081101e-03
3.188460631424328787e-03
4.555796018805220379e-03
4.622170419333176787e-03
2.279904461391539690e-03
4.669093635992657004e-03
3.949437963839529109e-03
3.982957327671706252e-03
3.277090393881865356e-03
4.153704690072913125e-03
3.224175904531662376e-03
4.217689866594267860e-03
1.765731809484461434e-03
2.321322975992401710e-03
4.552687032643261064e-03
4.642971834019416974e-03
3.325990278959996185e-03
4.687048580230475728e-03
2.420754058068744045e-03
4.539612797746852245e-03
3.488516906175210923e-03
2.796278094567717504e-03
4.466899091603156353e-03
2.648850745109757650e-03
4.545897430117003778e-03
4.254893403194686882e-03
4.369562544674245388e-03
4.212684239927044771e-03
2.351145675205514561e-03
3.839270888929806162e-03
3.598523325986076413e-03
3.310395614067491131e-03
3.795368845690982439e-03
2.628834013479467574e-03
4.348366200619569778e-03
4.564113816884427140e-03
1.793172006600786969e-03
4.417124351103301517e-03
3.829645769698515438e-03
3.828412662293295514e-03
4.464023273073089437e-03
4.154770192123147590e-03
4.138330293541253764e-03
4.498196065206851516e-03
1.590191290868723335e-03
3.718137239586335845e-03
4.424979421911471797e-03
4.280026586036269134e-03
2.883159795477689084e-03
3.099629981388839130e-03
3.477482123392733153e-03
4.054014093660502846e-03
4.238705354138651293e-03
2.055855610141306064e-03
3.232494058474292067e-03
2.654377393837731823e-03
3.440322696130844373e-03
2.675600794101741595e-03
3.369147866891744440e-03
2.988152618566755538e-03
4.646600128619954827e-03
4.031302009748800354e-03
2.696429133304768019e-03
4.551775774132808296e-03
2.669886534582201210e-03
4.460192659906270229e-03
3.378196017719004192e-03
2.681817739394866916e-03
2.182696417565316120e-03
1.713177354386682082e-03
3.851509097659864926e-03
2.477561820058796997e-03
3.458533111594579244e-03
4.298617473853150531e-03
4.656158994670128032e-03
4.336729415887124323e-03
3.232339269810305914e-03
4.273175317318638096e-03
4.353888917562346618e-03
4.683021992391196882e-03
3.682225923605460683e-03
3.192893695570569491e-03
3.880303456539702621e-03
2.882342322010213176e-03
4.276188275645027848e-03
2.018820942872251792e-03
4.057939569094860637e-03
2.216087696315370646e-03
4.137378750653578074e-03
2.108925760079100997e-03
4.180604333915152564e-03
3.438126049048234774e-03
3.971730181219480099e-03
2.712029637496280073e-03
1.855039062540656848e-03
2.762650852349406074e-03
4.589534553503935542e-03
1.344304365030488417e-03
3.601618993253511997e-03
2.336671483937304526e-03
3.971740486887389426e-03
3.402328436558255294e-03
2.785413450812619478e-03
3.980994455256939638e-03
4.641985085326625488e-03
3.964072036199465209e-03
3.152708978224882767e-03
3.901608793901651003e-03
3.163957257801864719e-03
3.970744781584953885e-03
3.355004239287622241e-03
3.609489912633534296e-03
3.751696182948208776e-03
3.994962815034223610e-03
1.392237656404097254e-03
4.460192659906270229e-03
3.858061899557310888e-03
3.264485942639567227e-03
2.833103508906296454e-03
3.879583437975067054e-03
3.929513191598482669e-03
4.502654011308008380e-03
2.700152643231695272e-03
2.885171917459753745e-03
4.334424993660658879e-03
4.163445913988768343e-03
3.779000164832984742e-03
3.560002016972348051e-03
4.363643511286251567e-03
3.695199151110343562e-03
3.926944508486887066e-03
4.466280861580291042e-03
3.289458607889911030e-03
3.052522799700273237e-03
2.818210391823190459e-03
2.414254879374219936e-03
3.485104155440944991e-03
3.610079385277747185e-03
1.868090107721895191e-03
2.141274581375577322e-03
4.191429519242737337e-03
4.332913666895026050e-03
3.670063596714015323e-03
2.245733646890518773e-03
3.545291588297212054e-03
3.790107187659723723e-03
2.340879144847745480e-03
2.193954940272818070e-03
2.638782765300848408e-03
4.108883411503744948e-03
3.670966581944064885e-03
1.944046465805827992e-03
4.595685917052864597e-03
2.172814771310521004e-03
4.183386863250218579e-03
4.263737334531003675e-03
2.409415018527644083e-03
3.444798481946309901e-03
1.842981129617924079e-03
3.234505686948056530e-03
4.268440101312722182e-03
3.110706747418361118e-03
3.354396928478583020e-03
3.929176646559504223e-03
4.610692623546221169e-03
4.639957615987949993e-03
2.222161892461129579e-03
4.072347084404143863e-03
4.582291166041087618e-03
3.228211978172757131e-03
4.180604333915152564e-03
4.538295043960107605e-03
2.412505055488630736e-03
4.538908526308445962e-03
3.434230351901095424e-03
2.927620660828085097e-03
4.611112111645308126e-03
2.268331180718300300e-03
4.459633975292589050e-03
4.088808854806835758e-03
2.861801738003873045e-03
2.987215667795055894e-03
3.023471612587657047e-03
2.029245756140363264e-03
4.191429519242737337e-03
2.497695544839545305e-03
2.705195523800691271e-03
3.635079472345390927e-03
4.413118798877589677e-03
4.401450657530782754e-03
3.907482526365749047e-03
3.387750389365886891e-03
3.906165483045714610e-03
3.071400173204867721e-03
3.782650721132678126e-03
3.874137796837154573e-03
3.236979577532307639e-03
3.495596223190149641e-03
2.388814396339400924e-03
3.866500723687490287e-03
4.480859116959766755e-03
2.417655364500772338e-03
3.898192674836392906e-03
2.854282447021999798e-03
4.058228409754428834e-03
4.245684195941444063e-03
4.363643511286251567e-03
3.929408942303929883e-03
4.352199938652532608e-03
3.598413861710470299e-03
3.676952633410510499e-03
3.106675180683895511e-03
3.669224508312371371e-03
3.751404009065189421e-03
2.987874256910043325e-03
4.565063598962585539e-03
2.686446372012035212e-03
3.180726958123802559e-03
2.462803847793975601e-03
3.230528553899455688e-03
3.764657464038862270e-03
4.652933370684321501e-03
3.648069808111169439e-03
4.594459394656363535e-03
2.676031391082063591e-03
4.118452409398847165e-03
2.074476725854220056e-03
4.387171931464230873e-03
3.571380635467898655e-03
4.536671878703752922e-03
4.052936993852069257e-03
3.882294491613546856e-03
4.020764836376992425e-03
4.137724599210275758e-03
4.696097933362401895e-03
2.746881336041280802e-03
4.507851626180356050e-03
2.799463155079633028e-03
2.184014276113894516e-03
2.638555797475573318e-03
4.173464227658236873e-03
4.047763991575306468e-03
2.532844159676319283e-03
3.145473429987777347e-03
4.207540406285726481e-03
3.642724127191806528e-03
1.318208097925618969e-03
3.403788764000137065e-03
1.924608913838912055e-03
3.590201281683796410e-03
3.616208685809751532e-03
1.911916535154037020e-03
4.256870914451177379e-03
1.622944376666955301e-03
4.533449852362786414e-03
3.483592825222136917e-03
4.248725506149911117e-03
3.865305132283525583e-03
3.935807814908152610e-03
2.339545472794751432e-03
1.406104496616649964e-03
2.900845956973909390e-03
4.066233002243439636e-03
4.184134158800097147e-03
3.327460550102249309e-03
3.646676747215162745e-03
3.530270361060103539e-03
3.125231986557848451e-03
2.201394560952903232e-03
4.189851161484212799e-03
4.328583336425780026e-03
4.404064727302359032e-03
4.548650388909496189e-03
4.514845863587748157e-03
4.251153971814093310e-03
2.351677064476967970e-03
2.433925474038093478e-03
4.655955737993601809e-03
3.100146113194810100e-03
3.648069808111169439e-03
4.596223008706433986e-03
1.613452467755683824e-03
3.682305982102437869e-03
2.947053123592460744e-03
2.538089756598469523e-03
1.980801489916396430e-03
2.742693351778173472e-03
3.606913587879148793e-03
3.559866392071008544e-03
3.533545254602356040e-03
3.150339064252442606e-03
4.002434514040476010e-03
1.767099089410477776e-03
3.172547018006429201e-03
4.040041580333854181e-03
4.390692108213764197e-03
3.420103331213313579e-03
4.222915964245872213e-03
1.955403442340241781e-03
3.255053389878212119e-03
2.296959096401285719e-03
2.923949821492537095e-03
3.096419547573624025e-03
1.601286883854324307e-03
3.655180785833592703e-03
3.320841734913801847e-03
4.060536548259233158e-03
3.700636319632095300e-03
1.472080246206176500e-03
4.032701166928115942e-03
2.331655833543046404e-03
3.769735207382168048e-03
3.581805919639440092e-03
4.425208009045192466e-03
2.700496744100020462e-03
4.343630602771407674e-03
3.881433546114067702e-03
3.857190250575580175e-03
4.702920003048416744e-03
2.829697803084786981e-03
2.447232916533562293e-03
3.379902819707028116e-03
4.323925261930887734e-03
3.612556965619921536e-03
3.713631594344084155e-03
4.240135352096905362e-03
1.893011918598079763e-03
4.044012665327123730e-03
3.819397583854456952e-03
3.728101325208192998e-03
2.564511284192463186e-03
2.890123041331676447e-03
3.999581706361568512e-03
2.868522853865487516e-03
4.534209909608416349e-03
3.694313067863347171e-03
2.116630068398029849e-03
2.306462127851123794e-03
3.477551299281987814e-03
2.393249949720389208e-03
4.431352281870946236e-03
3.717755809727197290e-03
1.931207453076018215e-03
3.502758859597707598e-03
3.226360778419689115e-03
2.256875828032348184e-03
2.313778891241090752e-03
2.952242705068633573e-03
3.504401366867184071e-03
2.071606067013592300e-03
1.540829245842682870e-03
1.945339319700274423e-03
1.994029070786542020e-03
4.034269780943375121e-03
3.087971007792846782e-03
4.558948735445190158e-03
2.556939550193865120e-03
3.399108713293497695e-03
3.117933708262821905e-03
1.538732450689008369e-03
2.271175964547180251e-03
3.096488488291921758e-03
3.440310993381124130e-03
2.056700056361263160e-03
3.117128458444733390e-03
3.854072691521217078e-03
3.955701218479408879e-03
3.884478086789877604e-03
3.665735889490602528e-03
3.398398615030230260e-03
4.322497318082364932e-03
3.503124287097807155e-03
3.118622991449228419e-03
3.784202568008338680e-03
3.987423643816129237e-03
3.375511366191040474e-03
2.134701300312546665e-03
3.470567536994830036e-03
4.415649339669568303e-03
4.061388640389144468e-03
3.911214213088887344e-03
4.636970600559486497e-03
4.168943874647377569e-03
2.703822573041394107e-03
1.849965226306602437e-03
3.468939931479874880e-03
3.221532868442877982e-03
4.473383219794862045e-03
4.218575203675417259e-03
4.025833790050432556e-03
4.359490614998337565e-03
3.929801068469510571e-03
4.126458523033514451e-03
3.030575960496305083e-03
3.382021424422838266e-03
1.826555573146220043e-03
3.284222028731337891e-03
3.592537863331931366e-03
3.944142389052583859e-03
3.578853623843392638e-03
1.686558734568744267e-03
2.532879864091559623e-03
2.923570449049159737e-03
3.757671948885959578e-03
3.655029949265840589e-03
3.918397556265350301e-03
4.655300073191268387e-03
3.346874805865003317e-03
2.446099059634364477e-03
4.488822718154210530e-03
2.760912774028209931e-03
1.760899012627821329e-03
3.401957028363360429e-03
4.440295591054312617e-03
1.728163634769150879e-03
4.694302771247211951e-03
3.945142032173884657e-03
4.065819637289329845e-03
3.792018557585580436e-03
3.769094488064447107e-03
4.296547841843977728e-03
4.361538573544846906e-03
4.530816511512361991e-03
3.443313402813322557e-03
4.512611486761631575e-03
4.324880952538572888e-03
4.463499592284553112e-03
4.671933987991387129e-03
1.484864926017498161e-03
3.826032560153093225e-03
3.555704665481772796e-03
2.630630171109320410e-03
3.157135952764702352e-03
4.064832540522919820e-03
2.460485512208491002e-03
2.187960562592208141e-03
3.740403837660807689e-03
1.928637452995980543e-03
4.642042459716363804e-03
4.039061743237167164e-03
1.782684555810808277e-03
3.654631121281864091e-03
2.429312905546084610e-03
1.990762775497810153e-03
4.037104972192474654e-03
4.678050086805845935e-03
4.332107890656765325e-03
3.697924865363123176e-03
2.703247088187658333e-03
4.336107453483583653e-03
2.193954940272818070e-03
4.202883497547773087e-03
2.295334939393130561e-03
3.235713294423413905e-03
4.540120835979723733e-03
4.492878316791290745e-03
4.253349280854085666e-03
1.230277231756377217e-03
3.135998907279974324e-03
2.781746020777630789e-03
3.397598215195005850e-03
3.883007932323497002e-03
3.026907934846360167e-03
4.404327909551064221e-03
3.309006264817982400e-03
4.118073306162150192e-03
4.414832953057138895e-03
4.049578503975026500e-03
4.124285632973216480e-03
3.619544673989563959e-03
4.651682117974196250e-03
3.909865290201384840e-03
3.637325994207980546e-03
4.693744469552551049e-03
4.141840289678632575e-03
2.576282691091077211e-03
2.124213734911364632e-03
4.256053451762497296e-03
4.423681196139139273e-03
3.656394521961292641e-03
4.504318189711482845e-03
2.795246610104386211e-03
4.290878662979745461e-03
2.629457066140855354e-03
2.949630163803975986e-03
4.624847729119742519e-03
2.001972057150214548e-03
3.217074995957867715e-03
3.933661775430721125e-03
3.818554551083516539e-03
2.785101541143830597e-03
3.401929769013476747e-03
2.430945423123245103e-03
2.880380911059359991e-03
2.557528373506619181e-03
4.434139575540271827e-03
2.965974849755533861e-03
3.152708978224882767e-03
3.135998907279974324e-03
4.504103527550148284e-03
4.654344747066906963e-03
4.658515563829308988e-03
2.632769899036198433e-03
3.029443559855708821e-03
4.228045215926391938e-03
4.158335229732436182e-03
2.429311984881500977e-03
3.318864295755466921e-03
2.923949821492537095e-03
3.455680975073004580e-03
4.648635660822030696e-03
4.476834149436591422e-03
4.469201216251509658e-03
4.132275365161780512e-03
4.217689866594267860e-03
3.582067065188171678e-03
1.845575365278054021e-03
3.582760726555567817e-03
4.273542642076472685e-03
4.536611901860502366e-03
4.366574759834976859e-03
4.552924055033743915e-03
3.027860496582791654e-03
2.384281565633830386e-03
4.298090594739815626e-03
