6.477731393161296298e-04
1.087376089050708788e-03
5.279001329487920417e-04
7.173188585321420719e-04
6.019295792902322820e-04
1.221875640582764004e-03
5.767529638060171293e-04
6.218517453881637147e-04
1.178319604506376100e-03
5.613093616963499158e-04
7.105178721681335323e-04
7.766256141370018583e-04
2.436478252638763376e-03
1.134524801263435412e-03
1.640423439833923634e-03
4.865061214026244920e-04
5.859829418785776015e-04
5.661829729175544982e-04
8.100277643522129810e-04
6.626820620604012904e-03
5.257061308346704879e-04
5.139465496853664944e-04
3.923986330493772941e-03
1.606269814676009608e-03
2.027001965611253780e-03
7.289923472932026893e-04
5.352848842608708179e-04
6.424835107984327477e-04
5.422869933333799653e-04
1.906344470413366167e-03
1.508466633570166573e-03
1.495892915832300590e-03
7.669604577932117749e-04
7.189025598972525804e-04
8.966291251092409166e-04
1.475889814050350326e-03
8.377430506126445605e-04
1.312980595143281711e-03
4.390224509414441373e-04
1.384375515242004416e-03
7.486083598271555924e-04
7.271163375613378050e-04
4.583171084959355122e-04
4.641344422675533618e-04
2.364413260262737248e-03
8.536473796031678225e-04
5.088894895542964061e-04
8.943412994755076464e-04
1.071668813486617057e-03
1.416429227325567090e-03
6.971327598490166533e-04
4.247530988535962518e-03
5.563145197460664165e-04
9.895865260688826645e-04
9.400393720211213094e-04
5.758319672194692944e-04
2.366012172880149669e-03
6.515492575283289220e-04
7.367385422239154181e-04
6.399799965232239041e-04
6.640315437523348647e-04
8.075318130460012967e-04
1.408658606189788602e-03
4.616282022620448464e-04
8.124760040944855113e-04
1.150024379437482661e-03
3.976316951210416561e-03
7.301930967676632930e-04
4.822680625178398070e-04
6.727166477448725656e-04
7.271163375613378050e-04
7.773326438582090891e-04
1.573741833649030912e-03
6.688557962383976903e-04
1.165132167421031612e-03
9.973726878511578187e-04
6.453090981419031848e-04
1.134963060969056744e-03
6.107749956186508001e-04
6.543666816100905019e-04
5.407789628539264775e-04
8.730972257226553897e-04
1.260513841102891544e-03
8.378910956674389277e-04
4.606305969587694304e-04
5.846239379690287711e-04
9.221930578208296925e-04
8.094181324777389649e-04
9.735330688163688949e-04
5.048863793220713294e-04
6.054421934374400920e-04
1.100836178469246762e-03
5.616538288915719820e-04
2.054874142156906842e-03
1.168733749384819097e-03
8.983740798910182408e-04
5.715979201809114714e-04
6.831046884353381664e-04
7.913924268159687730e-04
2.941393198344616385e-03
2.352283096569961381e-03
6.140881187294004902e-04
4.874051153383554568e-04
1.104809768033547133e-03
5.979452623679852022e-04
9.681217214297907535e-04
2.096055637437376634e-03
4.662411927743655865e-04
5.048690390783490845e-04
2.505913654134467317e-03
1.856640503792457301e-03
8.038693578664672787e-04
5.765969604714296778e-04
8.615229635208362328e-04
2.200800710426466071e-03
1.194582876384975246e-03
7.467782740656195078e-04
6.795459476529727358e-04
4.594340116988597012e-04
9.570489810495063374e-04
1.003285888559127563e-03
7.238490864205557578e-04
6.713764618698989930e-04
2.269265732973203744e-03
8.281544593489066760e-04
1.049384758738012300e-03
1.341436460407867317e-03
4.206860208122950931e-03
8.907083744173325711e-04
1.039954609100224303e-03
5.188153903193284521e-04
8.292182843357259183e-04
2.852794818100394363e-03
1.413865042178181130e-03
6.990874180317657076e-04
1.438769305016021887e-03
5.657217921962962330e-04
5.472330156548015079e-04
8.054490062390416922e-04
1.470407255166960225e-03
7.993409554015074199e-04
1.604760169177613972e-03
7.638171594580662940e-04
5.663075649947474366e-04
1.119901066471789197e-03
1.031822235781969634e-03
7.751327272526558742e-04
7.875062407319888052e-04
6.721708551467652859e-04
1.023145618382586284e-03
8.933793707078653643e-04
1.172001168588858140e-03
4.844519836143400433e-04
7.643520156169538457e-04
4.969613501127062702e-04
5.286975986509091828e-04
8.445742577321835309e-04
1.786643041568902919e-03
4.585227820713982006e-04
5.798480682365439063e-04
6.456914496079476555e-04
6.771997312216729119e-04
8.703255689380375503e-04
9.700237758115058369e-04
9.969995459135976793e-04
2.640594982428919046e-03
5.354415500668274807e-04
6.430877839047428532e-04
7.695841690829698708e-04
7.666785743352965733e-04
4.712644236800642237e-04
9.056938266083982159e-04
6.291924625206416757e-04
9.366055547275557421e-04
1.049290651299295126e-03
1.020222243534470467e-03
6.776655405340487656e-04
9.510335241181147939e-04
6.003431184321346859e-04
2.026692237301255545e-03
9.331402102255262777e-04
6.273074710791936822e-04
5.651825073201008701e-04
4.798589569325290927e-04
5.277837425615682088e-04
4.852747222502212213e-04
6.235654682126255417e-04
6.551335035131383190e-04
4.971425096003284118e-04
5.374294464106978706e-04
9.268775350855867293e-04
1.785091511292565946e-03
8.682538179566416919e-04
6.206083368630350029e-04
4.897783864546655357e-04
6.616060885239429716e-04
1.054919894537808276e-03
6.563373478264138312e-04
5.088894895542964061e-04
2.013583674894652096e-03
9.498035302079104944e-04
7.702809061520500197e-04
4.778246143317840225e-04
8.466195139135061038e-04
3.531833973244119691e-03
1.344421378562406406e-03
1.479098384839320005e-03
1.035560893743016049e-03
4.711002990086577444e-04
5.760612120258572656e-04
8.715396633594556415e-04
4.530176451518467162e-04
7.524366230584311191e-04
5.321004944424653554e-04
1.228340506805122466e-03
8.296489105158393702e-04
9.060462378147210189e-04
4.444795743876932899e-04
7.344094057295252756e-04
4.572614609150810433e-04
3.815484035314199978e-03
5.294600469995875336e-04
5.485917482434879682e-04
6.787010830890462558e-04
7.789306740806464964e-04
6.330077147688625795e-04
6.615005182904887390e-04
9.087706870548662753e-04
1.547759998647641475e-03
6.252220295616951447e-04
8.024064802459051921e-04
5.683494346416424498e-04
1.141293768012531865e-03
1.462358832277115472e-03
2.658481198286554142e-03
4.693135081637892165e-04
1.056488447033921124e-03
4.972001015447182143e-04
3.262264184759182742e-03
4.966473847413583644e-04
1.142347289210865697e-03
9.247495959587248527e-04
8.172858134620823679e-04
5.625704405372988900e-04
1.000758077584120798e-03
5.859829418785776015e-04
5.699540767041266776e-04
8.303358701993749855e-04
1.510903839504859798e-03
8.900033381234669387e-04
2.451834912663002856e-03
9.753881182098313478e-04
6.714366619106136407e-04
8.583196337880540138e-04
7.575664686381508453e-04
4.594064392093312162e-04
8.538631031884941604e-04
4.551789656183442747e-04
5.560591834543194677e-04
7.482561650070398106e-04
4.916616648359228674e-04
6.895965237401393676e-04
1.075141505436191542e-03
1.468054376803476979e-03
5.324014454453190317e-04
9.163273104270774731e-04
6.736991105877004980e-04
7.633886681680373274e-04
1.679134335546596680e-03
4.573482818126381661e-04
8.107182571505463934e-04
5.162160558725036779e-04
6.502506327459274885e-04
5.165041821758914378e-04
7.643830797649169917e-04
4.610625255046807707e-04
5.817529989671762830e-04
7.570498783638247983e-04
2.011595208935472359e-03
6.417771600008463986e-04
1.714102567599664652e-03
4.942760201732157273e-04
7.402986151752629631e-04
5.611877570074286312e-04
7.251099341773148627e-04
6.615775461764034733e-04
5.200661975550116469e-04
6.495362378411450362e-04
5.864561244432372469e-04
4.629348958771850684e-04
4.951560371249979142e-04
5.247124796809209471e-04
1.872932565047544674e-03
7.938005718875183487e-04
1.515096587585737942e-03
1.193039950662261707e-03
5.290403202792351434e-04
7.900745840497480025e-04
4.545592962730706345e-04
3.045511152511199294e-03
5.360275905390656827e-04
6.206978433807057915e-04
1.975860011344077877e-03
7.515173749166195001e-04
1.048562155449441575e-03
1.018247814205975764e-03
5.815895363112024569e-04
8.531042881041640434e-04
9.952155702481672948e-04
1.910670795203730501e-03
1.328593676095094498e-03
5.243908679161490101e-04
7.459276958167902153e-04
7.546309701050070168e-04
4.984075159715099573e-04
7.177252471386266243e-04
4.221361737705804293e-04
7.217233457369885870e-04
1.454168203852617336e-03
7.539610041615005037e-04
9.469551234299080885e-04
6.256547799579699649e-04
6.504842695251514392e-04
8.117787162771831610e-04
1.589192498510686846e-03
4.448956931624293665e-04
7.730181539227388033e-04
7.358366847598726314e-04
6.320869524619985051e-04
8.854238085095839181e-04
1.878600546765976046e-03
5.965858741347073889e-04
6.886355848442798260e-04
9.044147290247597001e-04
2.817937006367479420e-03
9.011373462510847586e-04
3.658485268366332577e-03
1.478169524262328959e-03
5.048863793220713294e-04
7.100186893184941891e-04
5.501245195561173468e-04
9.346815057321725346e-04
6.385407961248994527e-04
4.728677801623308130e-04
8.758104590175009620e-04
6.760061144825668103e-04
5.481110132726868750e-04
8.045998218868575342e-04
6.013708533810715887e-04
8.208943215064669211e-04
4.502599626499083005e-04
4.518822836905558773e-04
1.072152443316594199e-03
4.847171996627575334e-04
1.687507785265908705e-03
6.716122767031375415e-04
7.597237678773466861e-04
2.928251233276153373e-03
1.538644816237500585e-03
1.821470248492758869e-03
6.287499277111478725e-04
1.053816279392350572e-03
7.040403921337633555e-04
1.388965929035322448e-03
7.585887160803627934e-04
8.484867810068768678e-04
5.516792821879338421e-04
7.517734512346047624e-04
1.156173700668450700e-03
2.300823879790645302e-03
1.897455291839159324e-03
1.043341067124964154e-03
5.243919246764805952e-04
6.190241772298919233e-04
5.229885640435416377e-04
5.808823381066804698e-04
7.603622064784906591e-04
4.456356888967216755e-04
6.011867576834202097e-04
2.077808122103860008e-03
2.060658486443520815e-03
6.668514462278347281e-04
7.757365507572971507e-04
4.590222083134972136e-04
7.076961790174398238e-04
5.957765200717463116e-04
5.771990134125060514e-04
6.003863267331954658e-04
1.564709153430601622e-03
5.500540438638632955e-04
8.108589855955100666e-04
6.679931845641232883e-04
6.874953353390874343e-04
5.051938762401480664e-04
7.774746849220265420e-04
7.045766546962058292e-04
1.208396014434453452e-03
8.582910774798768565e-04
1.803571962638652725e-03
5.352431644383024096e-04
5.850308476282214650e-04
7.237890553721111576e-04
4.685698378219635592e-04
5.111544531278782236e-03
7.334215730127422329e-04
7.075762214625712799e-04
5.880922881090600669e-04
2.313309573192441800e-03
5.317713238937739990e-04
5.169897433665769865e-04
5.740088287993277624e-04
4.270041042047952712e-04
8.533134235817568759e-04
7.382727344014830898e-04
7.166792728433112178e-04
6.657059634078173324e-04
5.760546956983334660e-04
4.993482640092049502e-04
1.945018211079797051e-03
7.865184963401491503e-04
8.076062611207593389e-04
6.222958006922435503e-04
8.071368287383899436e-04
8.467568077598319450e-04
8.179152030886514780e-04
5.246260990098928828e-04
8.537964024394133732e-04
6.862150093534316597e-04
5.148315337314368590e-04
5.249168524656383896e-04
5.205153068575369248e-04
6.679931845641232883e-04
1.535764701284810831e-03
6.501392429986670770e-04
4.728677801623308130e-04
8.761492736937272988e-04
6.610971551070473533e-04
4.748494692896484894e-04
1.703239993932724374e-03
6.870581370434632141e-04
7.879752921529120007e-04
1.519991553764882307e-03
6.404302082802527376e-04
1.035667888385835046e-03
1.388965929035322448e-03
9.907458923324407012e-04
8.235786204145142996e-04
6.771392020385991715e-04
5.526852564328980531e-04
6.954026137003245208e-04
7.673788857317645007e-04
5.721185485903337907e-04
6.602026835365792587e-04
1.168856977118360634e-03
7.353861373060504095e-04
5.279949943829565645e-04
6.495362378411450362e-04
9.231606464563391068e-04
6.812696364106164519e-04
5.421083554259246073e-04
8.674972879369268570e-04
1.036977675801596666e-03
8.028550751134400955e-04
5.896051603286228725e-04
8.864389033790442312e-04
4.800830118445131270e-04
5.211102978716861686e-04
4.604227472880397616e-04
7.202397733822339188e-04
8.156798568373847163e-04
5.602146241882690648e-04
4.440221183973640955e-04
1.174634854005533529e-03
7.463356987016229148e-04
2.823360455243138344e-03
1.400722956035235214e-03
9.821114699742560482e-04
4.128752197686170675e-03
9.037397490276010944e-04
1.845964050908658217e-03
6.426000351711415055e-04
7.911048602961808038e-04
6.053114836578719774e-04
9.775165805467091185e-04
1.626723677277310248e-03
5.382540267621874642e-04
6.947848921630390235e-04
1.236888860373148817e-03
8.969797182887960692e-04
6.851873101053088068e-04
8.268487912942944478e-04
5.927935280915489933e-04
7.773880877281712492e-04
9.334445929803540177e-04
8.424094574965601849e-04
1.007331184579332919e-03
4.480244313335399490e-04
6.111154916092305031e-04
7.612626908217465585e-04
1.633799053426598664e-03
1.714102567599664652e-03
9.460331444535246496e-04
6.234310750784325403e-04
9.890640136448573816e-04
1.097899209900076540e-03
6.441220092331359677e-04
9.112195533446401869e-04
5.183343722421808334e-04
8.970760121130031068e-04
1.663542622803244799e-03
9.965202937552003742e-04
8.349648100665332719e-04
5.616538288915719820e-04
5.088775895126374091e-04
9.231172568660321251e-04
6.851983415403866112e-04
6.683598635791303949e-04
6.134583183836874636e-04
9.987526075336233388e-04
1.009893688270628196e-03
1.687560263431421050e-03
1.074431703745599379e-03
6.588180993060745736e-04
5.211151821004461051e-04
4.835351285818599468e-04
5.429992789789051455e-04
6.531701405283316022e-04
4.606532968571794588e-04
6.135167512182678612e-04
3.684552294461562131e-03
7.115928871597614926e-04
5.257965857791857154e-04
5.358661177321256660e-04
8.874169853167007639e-04
6.523546381373381735e-04
3.681627305224879042e-03
5.448808881986335392e-04
5.629397226068227249e-04
5.877357790505521873e-04
1.061186723726144322e-03
2.494825502675187493e-03
8.107182571505463934e-04
1.122059428400662721e-03
8.190117894625805091e-04
4.799863313390922938e-04
1.573741833649030912e-03
6.586002194582630479e-04
5.132023283915496678e-04
8.733803835341666551e-04
6.894390452145617194e-04
1.856640503792457301e-03
4.648161206656648003e-04
1.107623931032724078e-03
7.926056425046557529e-04
8.820003360875658437e-04
9.734941592822232486e-04
8.305291037001013383e-04
4.595125944897900517e-04
9.087706870548662753e-04
9.895865260688826645e-04
6.971327598490166533e-04
5.355236047199792015e-03
1.152149187876270195e-03
7.467782740656195078e-04
1.079478667437234855e-03
7.971791679654029444e-04
5.439225427096971294e-04
3.684552294461562131e-03
6.401052436249845233e-04
2.418990780800397630e-03
2.451834912663002856e-03
1.289448232500468644e-03
1.260513841102891544e-03
7.072959695260364228e-04
1.109390685529186181e-03
6.335760827097048145e-04
9.347989401242956086e-04
8.072593125195197611e-04
8.359744435592452848e-04
8.222757595217150767e-04
5.421813040008388032e-04
1.628232764270120788e-03
5.144217832229392362e-04
6.301068685280459929e-04
6.409913131828033021e-04
9.091963883046343510e-04
8.029045468356956579e-04
6.050626137843992435e-04
4.442572712377199323e-04
8.605395230862497797e-04
2.451834912663002856e-03
7.546901797428513803e-04
1.023899646552570587e-03
6.895965237401393676e-04
6.295733943325870080e-04
5.741182000064487751e-04
6.025387274501625093e-04
6.226823113797917957e-04
4.675448515362333121e-04
6.510855333617293801e-04
5.583974102051454322e-04
2.085698676479032492e-03
6.380823385803048456e-04
7.486297612130821556e-04
7.334688623966318950e-04
6.193359428148064155e-04
1.237126991544432132e-03
4.941915809311013888e-03
7.166830071882595047e-04
6.924865892928857257e-04
1.024544630781537525e-03
5.790129538133623362e-04
6.319342076857687677e-04
5.117925421380294104e-04
7.741215164264781973e-04
8.583400383811710423e-04
5.764362921682774678e-04
5.343641408870716033e-04
4.857620316653031263e-04
7.367979892449630450e-04
5.721452707473296444e-04
4.778246143317840225e-04
5.361579408939698291e-04
1.225028896217324062e-03
1.352702008869335068e-03
1.408658606189788602e-03
7.255848860333284503e-04
4.634162670696756426e-04
6.656816768430072039e-04
5.208713837113281269e-04
1.081600461765781047e-03
8.464735392836248481e-04
1.041926810130624353e-03
5.764965966108574150e-04
7.316531793546176068e-04
1.659187336761981267e-03
2.555690391303902260e-03
6.379702753364107541e-04
6.568535634430034027e-04
8.871517147632797902e-04
6.706478041919659676e-04
1.118272224370296447e-03
4.810177183312971472e-04
9.280671860240265626e-04
5.241761988986306424e-04
5.590970371150749468e-04
7.388033180122477277e-04
5.428760568073069843e-04
1.180835018199548293e-03
5.100300214980474497e-04
1.179669138536900861e-03
7.724938057988043824e-04
6.161347998210632820e-04
8.028550751134400955e-04
2.027001965611253780e-03
1.743356217546268051e-03
5.477063398810166862e-04
9.252313656303091157e-04
8.065662755779586619e-04
8.266813777218854622e-04
5.746582955645519178e-04
8.215309481334278924e-04
1.982230532813418142e-03
6.960477785110582303e-04
5.514142826709656983e-04
1.264981333682383682e-03
5.712531544173340362e-04
7.401415726877803771e-04
1.473431913696376895e-03
8.549325485435381542e-04
7.677671006694031892e-04
8.530812029148806446e-04
8.086633758918869994e-04
8.223377481540456845e-04
7.934109676219355204e-04
1.122687233793039216e-03
6.121365212300441472e-04
5.885707370424957856e-04
1.185243533172270977e-03
1.207589675750388820e-03
7.232313011979347181e-04
2.054874142156906842e-03
5.578390837241314383e-04
4.126586637528665072e-03
9.532501061663487115e-04
7.237552433987750646e-04
4.961875347422573489e-04
8.985980119979063759e-04
1.475083350737022405e-03
5.157831457294469743e-04
8.242774828238232359e-04
8.402551037119254792e-04
7.791079513683444755e-04
5.546111358182859727e-04
6.259520780354869670e-04
7.501551226665273972e-04
8.852638099133923856e-04
7.833878262940368545e-04
5.827367675267306878e-04
5.786120301234056644e-04
9.181193539511471558e-04
6.662096315843617049e-04
1.229822008227711254e-03
6.067721343200037929e-04
1.263816923971008933e-03
5.030043401048366926e-04
5.585700936456445024e-04
8.460909984378111324e-04
8.898596456474378632e-04
8.930034743046120398e-04
6.411839928396093850e-04
7.828815207812854201e-04
1.126578074266465198e-03
2.451442943228539836e-03
2.755383729383236238e-03
6.009082835960189968e-04
1.651882098037114584e-03
7.695841690829698708e-04
7.282001138449954161e-04
1.176264529930652527e-03
2.755184847207353249e-03
1.408238387680202635e-03
1.113869597529781484e-03
7.117256699324277496e-04
6.487994238479596930e-04
1.504235032068359937e-03
2.840150472502969529e-03
6.702975893520745580e-04
4.698821667022064262e-04
2.280381947194704776e-03
6.759879559983695153e-04
6.585258684461001632e-04
9.972224995865952655e-04
6.744999426141244040e-04
6.823202625622376170e-04
6.326569304959877649e-04
7.547606586414348393e-04
8.528988318347882711e-04
6.402430939856377156e-04
5.199685171716198666e-04
5.188153903193284521e-04
6.541852371194849074e-04
6.145882309362756413e-04
6.244387829434200040e-04
8.542521375381410386e-04
8.669503570308297177e-04
5.472330156548015079e-04
5.331337655618770006e-04
6.297368733688424054e-04
8.626124660877441518e-04
4.785028296701932860e-04
7.926056425046557529e-04
7.797372711059999189e-04
2.116848322376592602e-03
5.559594254122872869e-04
8.460137857873335906e-04
1.150506047150453171e-03
7.494386438066492169e-04
7.339313302033557106e-04
9.302607843434566393e-04
5.047039797413772292e-04
5.241865606055724335e-04
5.486472203882082057e-04
1.666232628001537187e-03
6.987497954787819402e-04
1.135512280707183606e-03
8.324137652394683097e-04
5.631177068331353393e-04
8.929438838098329280e-04
1.240266835817006386e-03
1.157881117452518992e-03
8.342369920701197660e-04
4.404017093152849888e-04
5.088262222866740767e-04
6.109773074277688584e-04
6.139190965655764868e-04
5.847172155190762241e-04
8.242479784616028220e-04
8.947673363768598315e-04
1.084776588715254033e-03
1.140377504296116729e-03
1.814219684510095252e-03
6.744202413751249764e-04
5.775881393753503181e-04
6.677551464139784001e-04
1.645513698232309351e-03
7.581221049404237178e-04
5.404514842477950269e-04
1.025430883209451456e-03
3.649676934354119384e-03
3.356094827548023601e-03
6.254379276069359879e-04
1.089338223479199797e-03
6.927835607337012088e-04
7.950337782679866259e-04
5.205448596309974162e-04
6.533778749330363018e-04
6.588180993060745736e-04
1.573456737183900715e-03
5.906393601441229735e-04
8.655224616798137078e-04
4.876555263150545599e-04
5.593282879084528246e-04
6.115916247641559706e-04
1.156491098556607046e-03
4.643651233487733863e-03
5.331337655618770006e-04
6.301487910275109343e-04
9.917784081061250829e-04
7.016273737553712937e-04
1.320046639326386169e-03
6.534947200652265354e-04
3.711943624198528469e-03
5.038723253176824500e-04
2.088733972926695975e-03
8.584080146578120310e-04
1.700208144124964668e-02
5.631419071847050366e-04
5.221653830302821868e-04
1.703730571009761698e-03
2.789497646426121122e-03
1.364841627229797932e-03
9.391165347169127143e-04
6.812566261212940101e-04
8.915317195597198454e-04
1.276472670110143223e-03
5.467087405888281350e-04
8.376149156061112001e-04
9.531495452093856997e-04
7.974767905035057324e-04
6.824034242101688829e-04
5.518069289121819380e-04
9.837299920140423360e-04
8.430259185653641392e-04
5.636333387062539236e-04
5.000468798185681279e-04
8.203299437452852205e-04
5.035999529837347595e-04
6.804669843955627991e-04
6.895211657025666994e-04
1.863565860200558323e-03
2.469139689104667829e-03
5.812229031842725425e-04
5.741182000064487751e-04
1.466124661399463265e-03
1.119770758091356800e-03
6.927442164485131046e-04
1.013071392541483847e-03
8.579459760941648451e-04
9.831908044763287575e-04
9.907458923324407012e-04
5.499727150671108013e-04
1.708110257953082169e-03
6.850659073315422572e-04
4.330863095365205541e-04
1.001800447781324779e-03
6.314265446584232163e-04
1.199978939076003573e-03
2.652969845410566019e-03
1.141748093581688127e-03
1.542533689030630741e-03
5.939198550617863937e-04
6.471899264554020325e-04
2.061051858786278144e-03
5.700474099259680199e-04
9.170356441766310549e-04
5.387818061010795538e-04
9.075566299052354033e-04
5.058261449368988728e-04
1.134030172620255827e-03
6.679931845641232883e-04
7.287366110717303364e-04
6.867800117781931203e-04
5.420043491229647060e-04
6.755737462502123996e-04
8.538631031884941604e-04
6.633210089099380279e-04
9.214134778075075850e-04
7.303489131341590196e-04
8.701020029348445180e-04
1.201373746324832167e-03
6.105492936248022593e-04
1.207282085556528719e-03
3.678863838983070615e-03
1.009425468695998021e-03
3.470919873440907102e-03
1.702379583993370764e-03
1.456258587994799757e-03
9.898548886856479382e-04
5.483158924322067583e-04
6.495677653202169052e-04
5.527517912300746036e-04
6.363231378576222896e-04
5.511940252750901484e-04
1.400722956035235214e-03
5.981533015267647422e-04
1.467282313461163584e-03
8.680233959361027991e-04
7.030714928707300056e-04
5.555292574585352040e-04
1.163315913889907162e-03
4.779753122816820707e-04
9.036977599042638268e-04
1.888108942330412373e-03
9.144650474141796182e-04
1.040963535226719066e-03
5.519870416175976999e-04
6.553976276507093466e-04
1.431062498378813785e-03
1.702379583993370764e-03
6.348562605345873340e-04
6.091238680257359678e-04
1.740289260930461164e-03
6.237127352155700730e-04
6.448628159638661967e-04
1.482404190782903248e-03
8.750242055059442555e-04
4.957025478992264141e-04
8.963663158725518592e-04
7.084523845891454010e-04
6.696161948646525653e-04
4.785028296701932860e-04
5.282001880388829040e-04
5.603835371359139990e-04
5.384812015164959238e-04
6.459230088428839604e-04
4.825802160385067228e-04
1.924836598324268034e-03
5.354706384525665525e-04
1.618378926040897788e-03
7.765666388508090778e-04
1.104809768033547133e-03
6.655089801461637608e-04
7.643830797649169917e-04
6.621360471456607657e-04
1.240582688405458562e-03
9.846083796970633850e-04
6.370233253374611975e-04
4.783466694916053193e-04
6.237107880878366107e-04
5.277837425615682088e-04
9.093555359595214844e-04
7.757365507572971507e-04
5.486311558549985569e-04
5.480437209609646592e-04
7.720211934795652821e-04
6.796025186323050330e-04
8.214534702828285052e-04
3.259275111945091064e-03
1.483901420715776813e-03
4.946148880663188245e-04
1.732093429052581094e-03
2.345036633816135422e-03
5.896010321223565682e-04
9.349309426978600355e-04
5.872968515282471751e-04
5.699472564375037287e-04
7.158269241835740976e-04
4.539162016942713740e-04
1.753207479983441780e-03
7.668332643408830264e-04
6.894409987359044565e-04
6.042681144361028824e-04
9.490852262660251330e-04
7.602879729054547739e-04
1.055371078765261717e-03
5.430223008630575502e-04
1.002056085462570698e-03
7.696333139271351910e-03
6.638693211134145955e-04
5.275587730086358541e-04
4.799450024601794262e-04
5.872619034189016998e-04
8.815231041821182780e-04
8.146216732880405195e-04
1.700883458364546661e-03
6.085323489870534015e-04
9.793274414417619395e-04
7.382567015748475476e-04
9.671380669959806853e-04
1.149640582991181105e-03
5.869044121392441365e-04
7.913924268159687730e-04
5.589143897654010344e-04
8.168744882203033634e-04
1.209415270145535208e-03
9.953854009199965269e-04
6.807455875905997272e-04
1.214482651185454969e-03
2.166447641399256788e-03
1.031308347096250274e-03
5.248205096993708782e-04
5.969098661484979361e-04
1.368186409810896124e-03
1.150386755999439686e-03
1.844125751158909440e-03
5.810939713351125774e-04
4.667945869601286438e-04
1.018060394754024709e-03
5.218897721842850369e-04
