1.093657595969720481e-01
2.614494106138086360e-02
6.833044868665761641e-03
6.873844246567634153e-02
1.134442892234913264e-01
4.894565280880990715e-02
1.141018872013371266e-01
9.084883506985048929e-02
1.243481572966697868e-01
1.239220981146987033e-01
4.173071034211855990e-02
7.452894869874565620e-02
1.286070612674599101e-01
7.700798839645245364e-02
1.105775501015974494e-01
5.975029554620322342e-02
1.320864954981978423e-01
8.042663753066908727e-02
1.134459262345618169e-01
1.365806827023890446e-01
9.362767266515664710e-02
8.885281024693636454e-02
7.552933611007858761e-02
1.164072555764576189e-01
1.252432544856578178e-01
4.733934629504315400e-02
1.327684650572077962e-01
6.000291678151503660e-02
1.039164097719684210e-01
7.087558616412961698e-02
1.423552907148671332e-01
8.712596666114919008e-02
1.086735955081272742e-01
8.705128626656699620e-02
9.007152688565871201e-02
9.829740995995552011e-02
9.978792050041392081e-02
1.262006911902112671e-01
8.103791314570175930e-02
1.331242326079286609e-01
1.025095323579319345e-01
1.236422032391879394e-01
7.169793454756497042e-02
1.476559635509676061e-01
4.465735736099631092e-02
8.793430908360204412e-02
1.231095056919452452e-01
1.436880298887702467e-01
1.319480764658802208e-01
9.257469140333815516e-02
1.203705150117330841e-01
8.434049697030188142e-02
8.979191349704339353e-02
1.317639210931934590e-01
1.186922824392620812e-01
9.993282828357398506e-02
1.308911885052426727e-01
1.471921339602043910e-01
1.007006697402611506e-01
6.454185717488186702e-02
1.258556616918016235e-01
1.026596935200150967e-01
1.324167406153317628e-01
1.021574134257319938e-01
5.969061026924563085e-02
7.201486649901489567e-02
1.258568244178479845e-01
1.057412538965864651e-01
1.151971221988543348e-01
9.939206710397303912e-02
9.845900006595484366e-02
8.382397517304004952e-02
4.028428878869208529e-02
1.196912110656792316e-01
1.399323043145996037e-01
8.525056873460160056e-02
1.204418231560755864e-01
1.213518928081079723e-01
1.058573516689325228e-01
1.019208301126498656e-01
1.344929261535498521e-01
1.344348993903084766e-01
9.750242798306070491e-02
1.063637030813189971e-01
1.451591249185918697e-01
1.220244374700824863e-01
1.459979220398081590e-01
1.179697881718123481e-01
8.172116669241243081e-02
9.939206710397303912e-02
4.815226493200171903e-02
8.434435860663413997e-02
1.040812914384879745e-01
8.951593903514877548e-02
8.723840873325788836e-02
1.283388566135382769e-01
1.219903979515701009e-01
1.406345724500410177e-01
9.996424867432220085e-02
8.996898268662449627e-02
7.748330527959068625e-02
1.115956761648946860e-01
9.775229836521362459e-02
1.326863453210737065e-01
1.129129953866828129e-01
8.099952095683091158e-02
3.500806502231953998e-02
8.189585766367510344e-02
1.000461237141067883e-01
1.430965631788876646e-01
1.136439913397987306e-01
1.375507971520175954e-01
3.901077485692699270e-02
1.411253909411171459e-01
1.162332354041586829e-01
7.437609203978741423e-02
1.153122871282332429e-01
3.916210993642922633e-02
1.007820103696587533e-01
1.228942369197839474e-01
6.060094184540006784e-02
8.849703507596978769e-02
9.764515775773621731e-02
1.412353214251089728e-01
4.713269360939082581e-02
1.326319733876068496e-01
8.869997750919129953e-02
6.669201731153243107e-02
1.691743108371461177e-02
1.230654387482972983e-01
5.353938469023505897e-02
1.119496347797939023e-01
3.718190620764696280e-02
1.260356157419614820e-01
1.114593099809755433e-01
1.440724462209045376e-01
1.004934915816754343e-01
7.116354012642600591e-02
7.800490836667980932e-02
1.122810009241386187e-01
1.293339510933414482e-01
1.132919367107477621e-01
1.056650290686193955e-01
1.089261323484736893e-01
1.075118275989124239e-01
2.433623534360163446e-02
6.374189871954438757e-02
1.105458997690509926e-01
2.794233326514090551e-02
1.179309172127576411e-01
1.474083653636870106e-01
1.420580368382152181e-01
1.041323205023616805e-01
1.354200563105317223e-01
9.551968523480841577e-02
1.303663094993768590e-01
2.749888013388678346e-02
5.158376982966456775e-02
7.416202130334545450e-02
1.117070775522336218e-01
1.209447193625754202e-01
1.143717784109753027e-01
1.308879028772012565e-01
4.061722875009969591e-02
1.272530603380403469e-01
2.477479614132933189e-02
1.417077415982511690e-01
9.141244801213213589e-02
6.883352805969976396e-02
8.810110329879310143e-02
1.178159271918639839e-01
5.559071501946583060e-02
1.105434984288429651e-01
8.667398235541926010e-02
1.185361190584396512e-01
1.147095869414725966e-01
1.268207243159525932e-01
1.001211166111481282e-01
7.544228765255642233e-02
1.927699279895357318e-02
1.122469648780897028e-01
8.335766397202935829e-02
8.510592956498502781e-02
9.037842983856676782e-02
7.186554846194351254e-02
5.016813113450874911e-02
1.257442012418761024e-01
1.317006124332144867e-01
6.839558933930751927e-02
1.027300756619560357e-01
4.198766870548979041e-02
8.990378954429638358e-02
5.601177868472326238e-02
1.395103196283969949e-01
6.242231947306436934e-02
1.089119806381808886e-01
1.097638224439566740e-01
1.419087136783276637e-01
5.696498006173972978e-02
1.387925867388270229e-01
8.459630388335633022e-02
1.281297324096836165e-01
1.401134145796897323e-01
6.897603366375039402e-02
1.052731833985049298e-01
1.345247951767794548e-01
1.409981400448621358e-01
1.284877877310507122e-01
1.278502175109589023e-01
1.032718414074490637e-01
1.082862081922161546e-01
5.839112540543155150e-02
4.268764778196365572e-02
7.619492561264792907e-02
4.582985517862509656e-02
1.072275771372182412e-01
1.001530255514170298e-01
1.192043410021654398e-01
1.442638944647512134e-01
1.337164249297438934e-01
1.331720508719565765e-01
8.596938949666785290e-02
1.288093232041538083e-01
1.318698490290268754e-01
1.445472780565315585e-01
1.025083814049784214e-01
1.120165419921924921e-01
1.235174314367141479e-01
1.295529790849214991e-01
1.151180853843058183e-01
7.905553612405150088e-02
8.311069959392519690e-02
1.120178249904257295e-01
1.249071725825811191e-01
1.361680150795129551e-01
1.142808546283367171e-01
1.118686840624598250e-01
3.048089603084726262e-02
1.391172576525641635e-01
9.314224743631889514e-02
1.068513620322675967e-01
1.276816999630137894e-01
6.364641845326579443e-03
4.497442516611133839e-02
1.228781181471973599e-01
1.543919873582822420e-02
1.150295562719002157e-01
6.310311807966882680e-02
1.204129167730931677e-01
1.481166775804103608e-01
1.416212062902380553e-01
7.224384999226160509e-02
8.302533738091569249e-02
7.468388869428553567e-02
1.021498132316330798e-01
1.406849989113393984e-01
1.053068425539392672e-01
4.776890162945916091e-02
6.757199810691566499e-02
1.342408407283955663e-01
1.257519555273790002e-01
4.699022145887684493e-02
4.665012336741389265e-02
1.028467140245621914e-01
9.470409191483643296e-02
1.090387817845374502e-01
5.929327113219698409e-02
1.078851658736373620e-01
1.323822873304017211e-01
1.353043794745577288e-01
1.312241996461972759e-01
1.321115115668519135e-01
1.388231612314410057e-01
3.270037515482909773e-02
1.437679669236599234e-01
9.830978091899421345e-02
9.158816339556599684e-02
4.549852024513830612e-02
8.249152672005816145e-02
1.043088956216739610e-01
1.479976042782633616e-01
1.303988272514796376e-01
1.135353353429495310e-01
1.432287797618935210e-01
1.044774248109869158e-01
1.272717401476126942e-01
1.326064573755436626e-01
7.705427087248949147e-02
1.267011385963971448e-01
1.104506116936329607e-01
1.302045948842789347e-01
1.142282595349766727e-01
8.557035671655961739e-02
6.282459176131886813e-02
1.047336970474467971e-01
1.419601388479679316e-01
1.277785600574277841e-02
6.790734559021589789e-02
1.035390276740176529e-01
1.174380126546596126e-01
1.402081470236371807e-01
8.617600113895344804e-02
1.317200381492101557e-01
1.974253126278251516e-02
7.812450100713795587e-02
9.098181541167249531e-02
4.356616273932463479e-02
1.429509331318594145e-01
1.269299101970391974e-01
4.743113606318200004e-02
6.799063406737172743e-02
1.377353201198558974e-01
1.231095056919452452e-01
1.235833219689901757e-01
1.364600235240792103e-01
1.292768678217537381e-01
1.947607297952761579e-02
5.504004562939736334e-02
1.100520589144062950e-01
1.228875311678351151e-01
8.433533583897662167e-02
1.399711484810935991e-01
1.031829850595804982e-01
1.249657765727845288e-01
7.658773955094155816e-02
8.705128626656699620e-02
1.342028737410640438e-01
1.147332433427918075e-01
5.626123720928564997e-02
1.177343388155156906e-01
1.078599208986499441e-01
4.621689959856584845e-02
1.398240567870510653e-01
1.150744372736620252e-01
1.293148053608351167e-01
1.015769720457785491e-01
8.871326553077737986e-02
1.117375106904127530e-01
1.132583309288460044e-01
1.122041422706175906e-01
1.081408816937737549e-01
8.218734717444209359e-02
1.212700780854278765e-01
1.464438928368642645e-01
1.112004254176650608e-01
1.000489548169275766e-01
4.724937079504461929e-02
1.323136901605076743e-01
1.444827164836105238e-01
3.670841344176471038e-02
5.330018679846445367e-02
1.108678718593598539e-01
7.158372937853034468e-02
1.249025458866935417e-01
1.001824646569770549e-01
1.000610748435911135e-01
1.249235698804713746e-01
1.301944734263173198e-01
1.418106852016113861e-01
1.284195000129448871e-01
1.378020314779633271e-01
1.310336455049679050e-01
1.428882386953051475e-01
6.401768492356234297e-02
1.141605943773320309e-01
1.427549035707308955e-01
6.829290184388311924e-02
1.256226955303078874e-01
6.542071797204492001e-02
8.182030300100066877e-02
9.098615248011716894e-02
8.918913693951419086e-02
7.953794561435144350e-02
1.061436959203738706e-01
1.049256820552800090e-01
5.452606177180047142e-02
7.226523638822594797e-02
1.303461582436233612e-01
4.339748973882127936e-02
1.025605419562121423e-01
1.283663881484263525e-01
8.767257821578217092e-02
1.305468674371538240e-01
1.153151147876336630e-01
1.226138181073221645e-01
9.436967455679863559e-02
9.962319972731716045e-02
1.317262423302957286e-01
9.617277630739082261e-02
1.378580209623479491e-01
9.581303987269618183e-02
1.305479603095810182e-01
1.063332535252606570e-01
9.514324957475668587e-02
1.073773883430771264e-01
4.938288017251657447e-02
1.257387093186812521e-01
3.553437697853267796e-02
1.246425327456261306e-01
1.176593038588515105e-01
1.202194783105891285e-01
1.123301343419212256e-01
1.319703552382462397e-01
1.441552700573122403e-01
8.176411582612989892e-02
6.499358647712677982e-03
5.504501489153829780e-02
1.471387496091165759e-01
8.493469222997666879e-02
2.642280931859486773e-02
1.444795474817875125e-01
1.140833402104041716e-01
3.190881481408420345e-02
1.288740106991582979e-01
1.093970694071254995e-01
1.142282595349766727e-01
1.044669770066300879e-01
8.705128626656699620e-02
1.465008308316486652e-01
1.246798951555629087e-01
1.307778724452761665e-01
1.135353353429495310e-01
1.182699233538921785e-01
1.289894434395731093e-01
1.180705088985278678e-01
1.086241717291746844e-01
9.464522225385357812e-02
9.260630130610308930e-02
1.076994272880323622e-01
5.746518391097882317e-02
1.229510111047177334e-01
1.220131450712514248e-01
5.898363582176648079e-02
7.666467184908538901e-02
4.637647923806100664e-02
7.437609203978741423e-02
1.381300362809036175e-01
8.363470809917625259e-02
1.329808848450450831e-01
1.129953384415641332e-01
5.265140764088711151e-02
1.266191747751857222e-01
1.028318166045818355e-01
3.474648087247315248e-02
1.386705773467902247e-01
1.152096257953117153e-01
1.147609141653372494e-01
6.448344333352132307e-02
7.704470380443233235e-02
1.154938573733124418e-01
1.293339510933414482e-01
8.109963124381656951e-02
1.284750772111087347e-01
1.357007524791039588e-01
1.206442125508061097e-01
1.172989247769758991e-01
1.072903958712685540e-01
1.223891694947185638e-01
1.300707018200832343e-01
1.085144805384310185e-01
1.251665021195797478e-01
2.663653144664746009e-02
9.640555217099240626e-02
1.186922824392620812e-01
8.672724706095859271e-02
7.695623684455864255e-02
2.517000081830916142e-02
1.330103538310778433e-01
1.185855522890979230e-01
1.319082753369262839e-01
1.272698355128324410e-01
1.477987839742196940e-01
1.398637051344803761e-01
7.127726615021391654e-02
1.815017177556929248e-02
5.725683036484709165e-02
8.617579350144966011e-02
8.088704389782833126e-02
1.159642889348381639e-01
8.700087780811764648e-02
9.220205328101017950e-02
1.428666410314831381e-01
1.134969885964153685e-01
1.172169847823700400e-01
1.267403727645481093e-01
1.332254309178740326e-01
1.211489219329329459e-01
1.381654822281544182e-01
1.232613658969702319e-01
1.289057272322970404e-01
1.143442358743734788e-01
6.912457927639284461e-02
1.094117019827904463e-01
1.319553537324165693e-01
7.508427405997336601e-02
1.049104447141906982e-01
4.523280452451145656e-02
5.315665059536447967e-02
9.822596749134548944e-02
9.425024853110514078e-02
4.470965923909338280e-02
1.217024153425403377e-01
1.437137937439818547e-01
1.096879392234202388e-01
1.227065833423861413e-01
9.308702567939436401e-02
1.172394025854678473e-01
1.477978047588405230e-01
1.206852689171631909e-01
9.811427105315440045e-02
7.660563606915553325e-02
1.159633617194779920e-01
5.106585424204106161e-02
1.422826186919609326e-01
1.400021873365014657e-01
2.285147344578813272e-02
1.031193715477262823e-01
9.630743234545414977e-02
4.171746947568047426e-02
1.285219428295696076e-01
8.665994966596667071e-02
1.423859406597183241e-01
1.463583286636033209e-01
1.403655078667805367e-01
8.385965799030939416e-02
1.271316563847736669e-01
5.304717847263314134e-02
1.228427366166573026e-01
1.381099333619607294e-01
1.288534934591430425e-01
6.047244354058620153e-02
5.298097661287260590e-02
1.308332374906834294e-01
1.368876979414076767e-01
6.816420078556986728e-02
3.571168370858093799e-02
8.157729515811025511e-02
1.263447840916642750e-01
1.151435678827358866e-02
1.173702981399363243e-01
1.139964979031905523e-01
9.753066727933631941e-02
1.307594060973280292e-01
1.123606379007040384e-01
1.439827185104378404e-01
9.176970907053291771e-02
1.338143514621135122e-01
6.915650945645332448e-02
3.267858863544599590e-02
6.544174691286110124e-02
7.883706783885387204e-02
7.619492561264792907e-02
1.470614023908325962e-01
1.228781181471973599e-01
9.260453494907527894e-02
1.028389423646673267e-01
1.121734177064558774e-01
5.847359576872197817e-02
1.363333039934490620e-01
3.957768577282275851e-02
1.287265410620936357e-01
8.338416114076659114e-02
1.166602194835857920e-01
1.028796417355818671e-01
1.070103580302659285e-01
1.309131934340068137e-01
8.767257821578217092e-02
1.189863043988318436e-01
1.007280555559726953e-01
6.319078743078385130e-02
1.189357170933940111e-01
1.394284133907344181e-01
1.476898351278974619e-01
8.756733163539705267e-02
1.121130957746915152e-01
6.347360149226390080e-02
1.263994813782758075e-01
3.996360047581751923e-02
1.114707313793813076e-01
9.460916023768239924e-02
9.437331541711414806e-02
1.263867331666333471e-01
1.280414030545771187e-01
7.924632033154649369e-02
9.976113779202003262e-02
1.340810922554434570e-01
1.360367964090658799e-01
1.250715498333055398e-01
6.751345988653384422e-02
1.157837273925480248e-01
1.279735731671894916e-01
9.358295435420449504e-02
1.415549234485407037e-01
1.064615585611741466e-01
1.091491971877151385e-01
1.189244823138611573e-01
1.303355564687487811e-01
1.203478973865661633e-01
1.477989626040450699e-01
8.220267912670309318e-02
5.217508211187853705e-03
7.929330930951167256e-02
6.208862508921880741e-02
1.323757886026696307e-01
1.171893284921051159e-01
1.278541253723521620e-01
1.360367964090658799e-01
2.319432664652092135e-02
1.377678292446219421e-01
1.007551159338986035e-01
1.136950262476462969e-01
1.038470183446235789e-01
1.122679234992163544e-01
1.440885948022495311e-01
1.417209326937784175e-01
7.550827359767460500e-02
1.160035887999239790e-01
1.120680148048367047e-01
7.142577035486180614e-02
6.843914942448758865e-02
1.110646679472808013e-01
1.428666410314831381e-01
1.107547670639561360e-01
1.002092381059298404e-01
8.954539503644970422e-02
1.296115406503952072e-01
5.649924839397361259e-02
1.348779731218726630e-01
8.651763391843696194e-02
1.354650994140863263e-01
1.240506659720640309e-01
1.725123460587633592e-02
1.446804330743224620e-01
1.089119806381808886e-01
1.371340990677069258e-02
1.098528403911528395e-01
1.191803733254266084e-01
8.074295940620350442e-02
1.426266910571336866e-01
1.091717088576071165e-01
9.734716111257639415e-02
1.050271509482856858e-01
1.026179516359939231e-01
1.478619731496066125e-01
1.408461314904114192e-01
1.119748895390190874e-01
1.068744048018795134e-01
5.020355254324923577e-02
1.183876673659649270e-01
1.329017954810227664e-01
1.212226900856570033e-01
8.674099170999562125e-02
1.040816368315375801e-01
8.874589238275339131e-02
1.266089541463805979e-01
1.079825153316936737e-01
1.169686799084767442e-01
1.122372207027815538e-01
1.250412236594409254e-01
1.271454718106391213e-01
1.290316962951372215e-01
8.031420473504398416e-02
7.845933325932225033e-02
8.336396015720150265e-02
1.336510764606087531e-01
9.462263218621307093e-02
8.730723776793532231e-02
5.850051970917827249e-02
1.308523672568680241e-01
1.237889180336454037e-01
6.398258677956136786e-02
1.372415710506418585e-01
1.399628020671892514e-01
1.293964111586264898e-01
1.452709448626235411e-01
5.659716944020955209e-02
1.090423073661771769e-01
1.199610356548624635e-01
1.064512504744535432e-01
1.398354299348293361e-01
1.089485526662031523e-01
1.085891164037981610e-01
9.638410149275196404e-02
4.902020687804921339e-02
7.676320658823834742e-02
1.258539193217764474e-01
2.658062032840195071e-02
1.462723611423447367e-01
1.248931693014852795e-01
1.461414214918567434e-01
1.394212231615530873e-01
2.762226778169783736e-02
1.076397912018077496e-01
5.883936463538441686e-02
1.309668841484779578e-01
6.224955915210490798e-02
1.297271669643740299e-01
3.330186971543461910e-02
1.095096368273406201e-01
1.425390253727296941e-01
9.254049725411195304e-02
1.515475884891558794e-02
9.757446340520030403e-02
1.451874838385276145e-01
3.638181049120423061e-02
1.358196311422074642e-01
5.931041506159948767e-02
1.460049502023021140e-01
9.098181541167249531e-02
1.174390144240262807e-01
1.023581080102519414e-01
1.284145668239803084e-01
6.509076688359247131e-02
1.237132162415434389e-01
1.203934791242388253e-01
1.311633710839779088e-01
1.015868501243611666e-01
1.320746103785962744e-01
1.244036307726627960e-01
1.130720833954948629e-01
1.238780334096845764e-01
1.331685423465990559e-01
1.130063848835050344e-01
2.749234032173143716e-02
1.228826934178496449e-01
1.435999997994902300e-01
1.000322251421127129e-01
1.000552460416824080e-01
1.121670704286645420e-01
7.705427087248949147e-02
2.571802125757490301e-02
1.204370919188872957e-01
1.437767974633677448e-01
8.308444841125818547e-02
1.157071856084879030e-01
9.144466718307386888e-02
1.232480666594639729e-01
1.451591249185918697e-01
1.174203316502482747e-01
1.069323649868314657e-01
1.093834820130642621e-01
6.302414879553379368e-02
1.316661393004792957e-01
8.386794634268610049e-02
8.367326972881829195e-02
1.174788807683368463e-01
3.780956068929895719e-02
1.482683588763179447e-02
1.157891920295076177e-01
1.408688188764601334e-01
1.414726012594560156e-01
8.674099170999562125e-02
1.180993696736999804e-01
8.017469822727116280e-02
1.077036171561143452e-01
1.351091957748555283e-01
4.905707732216366829e-02
1.147851887421128120e-01
9.523494894234386943e-02
8.648594971740619641e-02
1.158831518680571437e-01
1.008448011696936042e-01
8.564469470616917213e-02
1.272698355128324410e-01
5.713590742553483620e-02
1.295038270523807822e-01
7.304117437012920544e-02
1.374412464953408963e-01
1.425624182334293277e-01
9.564370482018848263e-02
6.377137286246412073e-02
5.353938469023505897e-02
1.433556710137574297e-01
1.049799941345171822e-01
1.076358334625713564e-01
9.285838863418539868e-02
7.357030168177992879e-02
9.164397801656716525e-02
1.246424979210457307e-01
1.237945341524433474e-01
1.429421766194747534e-01
7.188354276269437459e-02
1.368025080493630585e-01
1.002069932961239251e-01
1.221210442787014627e-01
1.179995055909190960e-01
1.475959110346169723e-01
9.827286174281779640e-02
9.688663214604367746e-02
7.030075785821188195e-02
1.036445005719171392e-01
1.177825489057831576e-01
1.480476285459514929e-01
1.372401430090223473e-01
6.340682208910995710e-02
1.253416114717578189e-01
9.551968523480841577e-02
1.227037029565084397e-01
7.260698882767445406e-02
5.057835067838167831e-02
1.155863815765512809e-01
1.308879028772012565e-01
8.037208109319997351e-02
1.154938573733124418e-01
1.008461072191606939e-01
1.185491632026886150e-01
1.416694650875525152e-01
5.118111256668585185e-02
6.020382703980338424e-02
8.347775439376814433e-02
1.247837067039555548e-01
3.834929286500626811e-02
4.645153335086450730e-02
9.309358986381320589e-02
1.421456131622969576e-01
1.229317891763868492e-01
1.359421175119306657e-01
7.251493305342839035e-02
1.402594628343949434e-01
1.097624772596532544e-01
4.370208332546985514e-02
1.100940054211878294e-01
1.430320562974614629e-01
4.497442516611133839e-02
9.016331406899631695e-02
9.424677860298351362e-02
1.239510273777945648e-01
1.144760258795277652e-01
1.341641474338003959e-01
1.465056049897348334e-01
9.595862645588563999e-02
1.044774248109869158e-01
3.739111065448048887e-02
1.331458946035103119e-01
1.148157636214494903e-01
8.565583841123504058e-03
1.230614354546385319e-01
1.395500720856935883e-01
9.765639784418515823e-02
7.243335953381334347e-02
1.149601033742297385e-01
4.808135720936301122e-02
1.288771697419680284e-01
1.146649418253513214e-01
1.079593461591106529e-01
9.763206649217383293e-02
1.658806701859731961e-02
7.243335953381334347e-02
1.178709168800947671e-01
3.071953362374396646e-02
4.925985206310854597e-02
9.110723604945809850e-02
1.278795389228325197e-01
9.419091146717696594e-02
7.394885813478437042e-02
1.313508895031191004e-01
1.370921326807559015e-01
1.128766868559410302e-01
6.520736982578077823e-02
1.024811059318435358e-01
9.474162941627248258e-02
4.904671592907578620e-02
1.276442890396315144e-01
7.351913221849537550e-02
6.432060171381284719e-02
4.061722875009969591e-02
1.317006124332144867e-01
5.746518391097882317e-02
1.108391853776325015e-01
1.388052184006179912e-01
1.359725983543657035e-01
1.340051977864574750e-01
9.929386843174617394e-02
1.214131796523938711e-01
7.728271864397828761e-02
1.063637030813189971e-01
1.405887804620922776e-01
1.167961323635858112e-01
1.203081554496171213e-01
6.302914418964369880e-02
8.379128488832117416e-02
1.140899325079186566e-01
1.340374863658387039e-01
1.095932235149369577e-01
1.017269805654939102e-01
1.323333323880576118e-01
5.031680928001146941e-02
1.083258930027775485e-01
1.065518144182836108e-01
1.289495885457261071e-01
7.142341529384103882e-02
1.289704077038488217e-01
1.385746863955277797e-01
1.390747352230433387e-01
1.114628460425760026e-01
9.388909365425690545e-02
1.300829745527173065e-01
9.415626236591521925e-02
1.065499063491989196e-01
1.191762491983098249e-01
6.501078143626652650e-02
1.358832352934824794e-01
9.685679144808505281e-02
1.172224962909621665e-01
1.358031413658580128e-02
3.738532611295156127e-02
1.034638401709360167e-01
1.362411718989670062e-01
1.455000078291678323e-01
1.815517416550354798e-02
1.288953373604809216e-01
1.419112228195282543e-01
8.134171021319409889e-02
8.794150253019010488e-02
1.090114118858794418e-01
4.459657728435239415e-02
8.579626378920336693e-02
9.626642982065918008e-02
9.641749618961288626e-02
1.852441527439002700e-02
4.299761590338784661e-02
1.285862187352526109e-01
7.783672256100095110e-02
1.291473388874060380e-01
7.036424846981242931e-02
1.169373156250097523e-01
1.363010509216229793e-01
3.204680649872920783e-02
7.162401047852698377e-02
9.237048677022781373e-02
9.381577155657762346e-02
1.159949831298555528e-01
1.362715945942840068e-01
7.820867856525581807e-02
1.270306005718124520e-01
1.267011385963971448e-01
8.733799934966463008e-02
6.903340044526856678e-02
1.447885387063491958e-01
5.387977471680115149e-02
1.059058789866137024e-01
1.462557895920641171e-01
1.065615762073275630e-01
1.230614354546385319e-01
4.809654250116569135e-02
3.279577250454113191e-02
8.116073068421944536e-02
1.374665381629534555e-01
1.308523672568680241e-01
8.666288001048719214e-02
6.514721354353643357e-02
1.166602194835857920e-01
8.812299207755878994e-02
1.124700395266671205e-01
3.447580139468030269e-02
7.607249361495317663e-02
3.030853770175935200e-02
1.426281439302314602e-01
5.788486940948978782e-02
1.162490755602751530e-01
8.898522474607550858e-02
4.589604727544275425e-02
1.180705088985278678e-01
6.281539697860552551e-02
9.576609665423910234e-02
8.079361746483106066e-02
1.107484021034307875e-01
9.063629323920452396e-02
1.319236623680138387e-01
9.015742216724539904e-02
1.259650200631066974e-01
1.310483744692868546e-01
1.275302007643144553e-01
9.712201993664171251e-02
1.295206565992442216e-01
1.198084003637958778e-01
7.646657333923263800e-02
1.269242319484662762e-01
1.143874185704444879e-01
1.049297391631080212e-01
5.582659149242693436e-02
1.299720203322722867e-01
1.165119468431083521e-01
1.405682492995836141e-01
1.120680148048367047e-01
1.032550885531703516e-01
7.041748557308684375e-02
1.032170667598730079e-01
4.034187936484785741e-02
1.457521425765737622e-01
1.111127844251365709e-01
2.234976096566772263e-02
1.040979918048987041e-01
9.830978091899421345e-02
1.092891425345471068e-01
1.313508895031191004e-01
6.701287954008904035e-02
7.439463023268105824e-02
7.608980169761007939e-02
1.125044149387943587e-01
