2.543270985599623436e-03
2.651517085329661676e-03
2.937533180836735761e-03
2.662889796218397519e-03
2.226201680669820122e-03
3.409454471346409082e-03
2.758165351395340699e-03
2.203689188729824298e-03
2.468968830418227442e-03
2.971141140861542976e-03
3.474474370689419229e-03
2.771609802580223166e-03
3.239175454930339881e-03
3.244096012001386128e-03
2.927175949384740704e-03
3.446891788222901550e-03
2.519670881325421826e-03
3.164968166787765665e-03
3.430969068963629805e-03
3.458719495202514267e-03
3.145666634526539038e-03
3.259145786127198244e-03
2.366900495839192094e-03
3.279909534704523837e-03
3.137663908193112899e-03
2.933625521470136638e-03
2.740170288767944124e-03
3.494119415494578371e-03
3.364286963333579759e-03
2.392431977446010400e-03
1.945365752247787614e-03
3.090586517717803725e-03
3.425892752460588456e-03
2.345328994438150572e-03
2.687848043840142948e-03
2.911662175321873096e-03
2.437760079699455556e-03
2.022036379100872715e-03
3.403633984715606891e-03
2.825668134126319356e-03
2.727780886919586346e-03
2.472847482771049939e-03
2.925908056179512065e-03
3.112327697299949354e-03
1.980189923651283317e-03
3.386332297183888319e-03
2.785503294531469030e-03
3.102402446040361094e-03
2.696522494094174237e-03
2.894097655824787695e-03
2.582516322574092416e-03
2.213478602735223771e-03
2.935516462986905318e-03
2.858771633442135085e-03
2.236203881971028304e-03
3.352580087382371274e-03
2.399504154060066140e-03
2.492133302750656251e-03
3.471090099905996262e-03
2.861197424749218655e-03
3.449151578932021373e-03
2.811842373573374219e-03
3.499474782910630237e-03
2.892458334200664633e-03
3.281160310616519030e-03
2.181440794352029235e-03
3.437510779034799301e-03
3.457075471087022248e-03
2.217360845639786311e-03
2.880030481577775057e-03
2.590113857131903438e-03
3.298021281574226547e-03
2.232353323155357797e-03
3.363794861814688002e-03
2.830797456974750055e-03
2.772532297048587845e-03
1.964744350174960248e-03
2.765116819940614725e-03
3.075020708824071844e-03
3.175021214973948458e-03
2.459063561316146389e-03
3.293184292316449040e-03
3.256737594268679838e-03
3.345724194550216222e-03
1.978329843495805346e-03
3.255630959135528621e-03
3.105419345659344785e-03
2.921841441848436853e-03
3.112453910471360899e-03
2.544374212875713005e-03
2.213478602735223771e-03
2.427676119021556205e-03
3.270868937143414645e-03
2.270761983302780826e-03
2.048930480536782697e-03
3.289256400198974604e-03
2.634729953932420619e-03
3.198182484224664640e-03
2.721318014331472988e-03
3.357877393924185369e-03
2.705756049960208413e-03
2.250891710545558679e-03
2.039242766947778427e-03
2.371029893353509416e-03
3.272330085795777544e-03
3.221678596918983815e-03
3.422422526927723727e-03
3.408782050364696746e-03
3.276904355677135935e-03
3.377349445875174865e-03
2.702111213643446780e-03
2.725136656965900048e-03
2.267295014210565351e-03
3.081290935054346435e-03
3.351148700497884932e-03
2.838011596585724924e-03
3.282412852601870358e-03
2.305145909092255665e-03
2.874290414860422756e-03
2.630028515837081349e-03
3.045058704687965759e-03
2.836193127007629981e-03
3.059739927191220191e-03
1.997393862706007411e-03
3.096899348282140720e-03
2.419650318822481189e-03
2.385182552590851997e-03
2.956802569518412159e-03
1.938613761379029106e-03
2.965034506336967218e-03
2.554987117846056581e-03
2.915624601102688798e-03
3.246673209351720255e-03
2.308804264963978514e-03
2.253751714159006256e-03
3.044254443133433304e-03
3.059764659748251230e-03
2.806015886854344547e-03
2.800625919230340446e-03
3.117873689415053429e-03
2.387962464289297530e-03
3.244003027618107531e-03
2.652476124459196821e-03
2.459575442282917190e-03
2.935555240457214318e-03
3.309776953712375517e-03
2.830691245291727665e-03
3.166455917190850490e-03
3.364180837861915734e-03
2.783543485477906441e-03
3.244318406127036890e-03
2.772526109771120129e-03
2.498475605839102845e-03
2.055924397006440949e-03
2.696727675823231037e-03
3.196274076520717530e-03
3.095799580141668852e-03
2.921585681522561456e-03
3.225417360692979345e-03
2.038447530975607321e-03
3.053883081526663750e-03
2.937283549680799744e-03
3.324337527177924703e-03
3.271223486450595269e-03
2.093121592816587356e-03
3.083652337396480640e-03
3.012517711230467896e-03
2.772102947715167874e-03
2.870853907788380958e-03
2.915146693974102979e-03
1.793900459985977008e-03
3.102635956464487761e-03
3.065350350909672953e-03
2.619019293382542427e-03
2.895547323723578811e-03
2.729364367858115245e-03
2.678788091329974055e-03
2.271461096657844715e-03
2.346094768866376339e-03
3.287601275278965660e-03
2.135881614439681490e-03
2.957032050571232161e-03
3.051952202419805013e-03
2.463922450407244821e-03
2.378068879538995130e-03
2.443017290077453829e-03
3.234987594510646807e-03
2.723832533311485067e-03
3.387264923607005186e-03
3.259484396013657623e-03
3.095547725126334554e-03
2.195920333901289073e-03
3.341999454025010308e-03
3.298127415730696052e-03
3.060033384646972457e-03
2.204314005574009323e-03
3.299324554563978253e-03
3.175021214973948458e-03
2.682863186031391855e-03
2.787523262445126913e-03
2.835852006659853475e-03
3.096817283572000923e-03
3.011968456682687610e-03
3.475716837962264036e-03
2.566771571853371757e-03
3.097298737767801777e-03
3.107417011335385226e-03
2.554845091432158752e-03
2.279976514150980002e-03
3.153368452462070124e-03
3.421904930163264039e-03
3.169572783209678377e-03
3.229152647031937901e-03
3.493733397446397142e-03
2.312541021920126293e-03
2.356686708900029154e-03
2.941687318185391784e-03
2.363197122561051626e-03
3.217953141008783602e-03
3.107096971293560068e-03
2.624297079623411424e-03
2.895787494724569398e-03
3.405928784246144495e-03
3.218209153516426221e-03
3.009755952724717069e-03
3.216867776513278581e-03
2.713845763278099898e-03
3.402441692368613803e-03
3.274582267435383574e-03
3.493409730251024851e-03
2.582516322574092416e-03
3.271109859936821313e-03
2.082740347965025742e-03
2.953940498926105676e-03
3.256061351102556515e-03
3.493491808516644738e-03
2.482553944233716579e-03
2.957214585771993087e-03
3.389928462423700412e-03
2.230507627673527799e-03
3.022835726100583497e-03
2.433261063777781164e-03
2.046786596883534877e-03
3.349178737881096900e-03
3.411260168815753203e-03
2.817448782272352972e-03
2.056860195878052692e-03
2.463183958748789860e-03
2.492273788782389810e-03
2.202258590346979107e-03
3.198800752766655341e-03
2.842102487017707409e-03
3.073719286422468572e-03
2.463795698961167985e-03
2.707313762665804896e-03
3.017388171780498000e-03
3.242644567970064031e-03
3.060725463916611107e-03
3.436514715692110498e-03
3.386086186525956963e-03
2.550579603286187366e-03
3.244964754615768665e-03
2.858580896849846446e-03
2.591898280189552147e-03
3.393223450315391646e-03
3.005263095080672273e-03
2.911089307247236718e-03
3.402252269079207407e-03
3.387937746531830430e-03
2.217339885980221942e-03
3.252166586686686123e-03
3.195778040987973679e-03
2.323117635219225287e-03
2.312444038366680363e-03
2.905666142697963146e-03
3.391309354951745850e-03
2.253489962515091947e-03
2.928497880636992106e-03
2.911264392049439133e-03
3.445806274090999939e-03
2.507698297850591458e-03
2.563432154465629994e-03
3.466118355248353541e-03
2.379042298482373849e-03
3.443409203403479529e-03
2.607869438980214231e-03
2.551731322640166111e-03
2.712881479109216162e-03
2.803045122960507764e-03
3.263413558855326330e-03
2.596770157654924686e-03
2.220768136581904341e-03
2.999016693356754137e-03
3.169237126274644482e-03
2.645685699199513442e-03
2.807095468302633120e-03
3.175284516888207155e-03
3.174345352012379173e-03
2.690964781552135192e-03
2.552680372906864555e-03
3.176158478858714506e-03
3.488057271928793855e-03
3.022384026875871241e-03
2.312444038366680363e-03
2.452825300747047115e-03
2.682299633099350256e-03
3.235148182601677892e-03
2.757113932524594708e-03
3.366677613711762610e-03
2.226678992473218790e-03
3.141362738596656032e-03
2.184741518131425378e-03
3.186941089062858643e-03
3.333425001865444968e-03
2.757016235836177130e-03
3.036804787181259131e-03
3.173423562936805546e-03
2.912480982208931219e-03
3.105164123936038616e-03
3.086424305370246389e-03
2.221733330777346527e-03
2.508003071494403682e-03
2.771950879531517517e-03
2.011076488422058536e-03
2.808653919994259958e-03
2.748815395638809847e-03
2.877293149044112940e-03
2.976251501913653504e-03
2.551501871872076995e-03
2.097254309408939661e-03
2.107589067259658770e-03
2.043795884675434632e-03
2.765180476339374090e-03
2.522512420198309933e-03
2.836522620603707922e-03
3.176580444115380784e-03
2.581090094718040996e-03
3.136055259897840668e-03
2.451324026252953321e-03
3.055066778810696000e-03
2.415499669990124349e-03
3.297873940573594481e-03
2.291950730434963012e-03
2.573869507046421673e-03
2.949002614660880400e-03
2.169721660250039860e-03
3.244092911659557377e-03
2.574605520926960631e-03
3.110108699024588964e-03
3.192569214153049163e-03
3.200528419447646114e-03
2.340813142467439937e-03
3.298433292525148990e-03
3.435571014684698880e-03
2.963428065096538992e-03
2.927175949384740704e-03
3.354821603067581134e-03
3.406316647778209923e-03
3.111715447046946911e-03
2.486048069268748974e-03
2.135743511441277626e-03
1.853791841993134536e-03
3.173262566730629484e-03
3.280875548411581709e-03
2.967927002874776350e-03
3.234987594510646807e-03
2.688149481821020936e-03
3.306723782346325871e-03
3.016491071597637158e-03
2.798804530049133280e-03
2.858580896849846446e-03
3.215233157201189632e-03
3.118348291525967816e-03
2.405867236515758269e-03
3.038371471574020065e-03
2.181769292197383546e-03
2.210796069410629269e-03
2.877999039741811847e-03
2.113359035408534595e-03
3.229712773415388191e-03
3.399665849128818106e-03
3.414146099609618144e-03
2.883080837569262748e-03
1.878765563573295792e-03
2.550476460941739076e-03
3.094490966401016591e-03
3.137568710692265322e-03
3.086231429098819888e-03
2.679755985606240530e-03
3.303550126908711554e-03
3.353675871621176682e-03
2.459575442282917190e-03
3.179832393383937895e-03
3.238355048648281637e-03
3.402037623178794275e-03
3.029571750347459513e-03
2.882030622221889299e-03
2.396017312333754198e-03
2.630028515837081349e-03
2.591909633262989236e-03
2.145051957905138272e-03
3.236752895924192765e-03
3.226721897231827133e-03
3.276475281031638979e-03
2.949651889168812546e-03
3.290168989926060394e-03
2.969397874331443973e-03
3.400672499190785913e-03
3.140025705988058226e-03
3.160077704284188979e-03
2.790643338803713153e-03
2.997879477464920634e-03
2.089590746424046380e-03
3.200531153480877695e-03
2.447658164088812975e-03
3.392488744030955263e-03
2.128163536402321622e-03
2.582833242429687093e-03
2.764347856572333360e-03
3.317474640301257705e-03
3.274990939649846840e-03
3.051114281352659656e-03
2.609911210636843820e-03
2.787990794657078594e-03
2.538613846003017101e-03
3.137155205193001457e-03
3.422575278174492305e-03
2.944093451019281008e-03
3.373545830992528190e-03
2.905916687592177347e-03
2.456715133925538135e-03
3.310099113124176633e-03
2.262242059803700432e-03
2.146908240286157180e-03
3.339467418715930894e-03
1.885384246548019345e-03
3.016237889799591818e-03
2.895527073669669493e-03
2.925707852644637234e-03
2.962712621479062815e-03
2.409773612478920048e-03
2.528648818065244979e-03
3.334548858275908356e-03
3.416136902944209592e-03
2.481690959794464763e-03
1.862820155477004158e-03
2.882307833255819129e-03
3.107141860186997048e-03
3.297634402914573909e-03
2.647287607290352025e-03
3.047730197460054614e-03
2.125392044637018293e-03
3.259742014729027828e-03
3.455865540952743342e-03
3.206265230970496011e-03
3.255944186088406168e-03
2.934325342270031108e-03
2.097333134657524550e-03
2.570556590659491686e-03
2.486145576732619929e-03
3.265316480770582945e-03
3.153493736775107338e-03
3.457597111671123057e-03
3.042217248843133437e-03
2.968940605275900788e-03
2.980699597150517251e-03
3.023256792886311068e-03
3.237935185420152268e-03
3.248105369707008326e-03
1.823686203020951756e-03
2.755479368037624596e-03
2.317570168827308603e-03
2.915146693974102979e-03
2.896961130444164131e-03
2.976442443347729339e-03
3.181857418286586532e-03
2.806099515927354925e-03
2.923789683851909984e-03
2.916330685688884108e-03
3.132953384072569274e-03
3.224442991266617507e-03
3.458276180532003554e-03
3.282114466927891355e-03
3.153581072717842517e-03
2.290842595951149072e-03
1.901787918413483554e-03
2.968758216932528091e-03
3.363869348300965994e-03
2.990315117013708085e-03
3.220224749848758870e-03
2.275666765761649377e-03
2.437162029496842131e-03
3.324385680329246945e-03
3.000790933740612315e-03
3.428724899550635551e-03
2.492133302750656251e-03
2.478201503093107293e-03
2.274459893612097022e-03
1.947967998072984387e-03
2.881228179163315695e-03
2.626304886975183717e-03
2.955599585100106112e-03
2.878043045287098992e-03
3.495148545080250038e-03
3.062881958212304578e-03
3.360488053393242969e-03
3.386544880283427761e-03
2.257576392931648444e-03
3.496065355173620139e-03
2.071225562894753267e-03
3.127453542291491750e-03
3.129579792437419024e-03
2.922032087314087138e-03
1.750921224214258606e-03
2.651758768655226861e-03
3.363869348300965994e-03
3.480316940515385850e-03
3.295116305997831951e-03
3.231830351079895830e-03
2.088790363281469234e-03
3.363866816835120455e-03
2.738428013281040112e-03
3.062831537353912469e-03
3.464932662132386241e-03
3.108076318690910882e-03
3.165603691729199001e-03
2.345091035204223753e-03
2.620022239773327124e-03
3.199350932305316392e-03
2.531312374706137618e-03
2.157864183108309988e-03
3.295786065368145126e-03
2.879619029813230806e-03
2.878800993712624708e-03
2.250926500922295279e-03
2.309309923634213224e-03
2.774498140409052682e-03
2.239870670990928327e-03
2.940209220988391700e-03
3.485102231131941182e-03
2.472847482771049939e-03
3.390099292905590991e-03
3.169982479765093980e-03
2.938625946454443728e-03
3.144853422940272619e-03
2.622749354855432972e-03
2.211842121071419271e-03
3.477267814080075951e-03
3.376465833768240148e-03
2.819522281938716818e-03
3.315703681517288056e-03
2.861354904960321504e-03
3.260893683727210217e-03
3.452343238387071446e-03
2.984022754654934266e-03
3.326336648950226071e-03
3.046386016989394152e-03
2.923969618540080053e-03
1.941373100402379696e-03
3.339979743854103178e-03
3.233419561237579377e-03
1.933911917906891952e-03
3.366126312340697244e-03
2.265533044767628103e-03
2.164610285070940349e-03
3.197858290257870294e-03
3.130339086338176403e-03
3.442462408607746896e-03
3.327531937172520903e-03
2.647530199038261936e-03
3.017333876259091843e-03
2.827316186072303689e-03
3.360982819157398369e-03
2.415209000197257767e-03
3.394008885158269172e-03
3.046129346205237506e-03
2.886723010412021832e-03
1.999707310766133620e-03
2.434671271136363158e-03
2.905246031812795671e-03
2.597301187656956591e-03
2.803690159324617476e-03
3.278059698155622557e-03
2.298178962614394125e-03
3.136129590526959016e-03
3.448046627586981699e-03
2.734267172754165434e-03
2.747660484911996701e-03
2.938505259227438236e-03
2.271461096657844715e-03
2.867745754040868476e-03
3.319510992842820453e-03
2.987663194686481123e-03
3.468103480603481649e-03
3.253967678405893498e-03
3.187869512029256960e-03
3.397138605292527539e-03
3.092375175557725980e-03
2.922862110676824072e-03
2.536009610722691696e-03
3.282490539647614676e-03
3.112327697299949354e-03
2.728824858462906150e-03
3.355893161275113040e-03
2.496591605025137890e-03
2.445804905287806297e-03
2.198389223264052891e-03
2.048934123984815121e-03
3.474476834329615158e-03
3.238355048648281637e-03
2.747288207363832776e-03
2.808427416987210445e-03
3.177036437119840160e-03
2.727249814446657417e-03
3.282216376339300561e-03
2.533328453934409214e-03
3.117470052298382428e-03
2.973205943804486853e-03
2.793617053922787218e-03
2.421243280133786833e-03
2.792808894781614176e-03
3.273503922269330006e-03
2.317722303478583334e-03
2.757403189250558218e-03
2.691983199335046088e-03
2.843845202820223950e-03
3.208545700140732430e-03
3.126605169690983670e-03
2.636900378254061067e-03
3.253363113201030148e-03
2.760370026515747335e-03
2.571611031803086762e-03
2.909086229797940189e-03
3.140890134909745182e-03
2.930087397048465343e-03
3.418370139046692131e-03
1.903724538833207304e-03
2.999790115931413349e-03
2.813200856690170268e-03
2.105297674344486832e-03
2.705756049960208413e-03
2.255591751175703603e-03
2.407107862397012219e-03
2.610818767026617995e-03
3.146523312587551358e-03
2.700466005484457831e-03
3.163727833818863640e-03
2.567342108721661249e-03
3.420697765544376476e-03
2.430865039170656237e-03
3.271910476354763630e-03
2.135855898344086491e-03
2.693047349270857090e-03
2.836637184155512380e-03
2.166829899421209710e-03
2.942563928093689177e-03
2.125975614667513936e-03
2.762808857400857188e-03
2.687465271222818936e-03
2.290872331960981494e-03
2.559857402090854987e-03
3.352478118198758822e-03
3.235374880318017329e-03
2.775721967583553735e-03
2.407965471220539343e-03
2.219660663160572065e-03
2.469056338010604170e-03
2.466954021197640366e-03
2.853584553035227143e-03
2.203409120863516601e-03
3.133044335205796907e-03
3.100394330381720052e-03
3.298127415730696052e-03
2.717001351452085454e-03
2.507101103578153294e-03
2.808145396256358194e-03
3.318527131220198705e-03
2.922621501465246744e-03
2.671144959766050785e-03
2.564767870220616836e-03
3.010288642572102585e-03
2.196148212052708923e-03
2.879501279511975220e-03
2.711747469667766947e-03
2.484702045581373836e-03
2.658584648599865517e-03
2.618093922790935401e-03
2.117826729957973143e-03
2.311304807058335228e-03
3.105742126821565280e-03
3.166229856775539843e-03
3.028569086110948286e-03
3.207497083726998550e-03
3.131526878459726330e-03
3.341438464082800795e-03
2.948324826866700540e-03
2.484257008891215153e-03
2.414421331674964331e-03
3.212787798673947225e-03
3.174707483688584981e-03
2.855825527051745766e-03
3.369823642068750687e-03
2.147321968343400903e-03
3.269846667866122946e-03
3.082729755807991044e-03
2.418758371943373255e-03
2.474382302369021545e-03
3.437246340483263250e-03
2.770297678340603864e-03
2.058085854216660376e-03
1.949039682617770969e-03
3.111405648047059838e-03
1.843662679263258740e-03
2.761412623704136062e-03
2.941571479385081140e-03
2.408489753288217163e-03
2.593088826378969064e-03
2.346861797919643552e-03
2.418221189206165838e-03
3.371200593123313029e-03
2.414561503909953659e-03
2.360171647993322512e-03
2.727397332812739068e-03
2.560535226340132035e-03
2.604946719119627472e-03
2.329692338831157970e-03
2.594588469908147219e-03
3.019934037878700770e-03
3.060182108262543294e-03
2.518133902374049705e-03
2.355209707580798676e-03
2.133151748391389456e-03
3.157524881247632254e-03
2.930910004299696128e-03
2.497334574859279895e-03
2.634729953932420619e-03
2.661121857045803916e-03
2.363197122561051626e-03
2.897239991160976448e-03
3.002463602498579159e-03
3.474271240091892678e-03
3.446022263164262925e-03
2.018457525630272358e-03
2.416268879507443498e-03
2.754902905785553378e-03
3.391081141783627156e-03
2.909185550361603409e-03
2.536442965995327863e-03
2.549548466508135946e-03
2.969173334675886261e-03
2.371020615873285688e-03
3.235374880318017329e-03
3.397115009673821670e-03
2.978391750895117724e-03
3.208195077801365234e-03
3.016019779359687888e-03
3.417021819723826265e-03
2.214475201575833753e-03
3.083414555652231291e-03
3.334960379416812299e-03
3.448937191007918259e-03
3.285493208078589088e-03
2.782257397910315594e-03
2.364174598330621730e-03
3.309269303616508770e-03
3.396862837446440811e-03
1.848792868674105014e-03
2.081435491136822587e-03
3.166321904735579142e-03
3.302676831473862467e-03
2.280884868338470088e-03
3.409241177562908308e-03
2.992764283680084819e-03
2.694804023576447081e-03
3.434543826878241630e-03
2.127248356775253858e-03
2.921510392988872773e-03
3.044064493415437819e-03
3.215098786964073335e-03
3.408243898219138861e-03
3.059839260961110755e-03
1.945365752247787614e-03
2.732280282310006227e-03
3.088617630068604160e-03
2.591111826325080952e-03
2.595414120515642485e-03
3.397508289241070803e-03
3.213945096321619253e-03
3.038807834758903634e-03
2.986208196527930826e-03
2.582484747707929334e-03
3.481697511588879076e-03
2.948747357902912862e-03
3.454662611405817738e-03
3.142931078205121048e-03
3.241396025837683242e-03
2.820297971143210375e-03
3.157761683724834810e-03
2.689011159665981223e-03
2.357520570310137759e-03
3.014486946513687121e-03
2.181751442721282814e-03
3.001854307343809238e-03
3.040398277514307253e-03
2.969004083343031175e-03
2.293929186607856444e-03
3.179543177335421907e-03
2.960192284687844858e-03
2.931865956366615754e-03
3.364270698134265609e-03
2.098194010384805703e-03
3.499058844515041001e-03
2.650652855506749513e-03
3.201105564870685913e-03
2.124209946200128398e-03
2.937526895708759533e-03
3.326228668092267356e-03
3.401666164709360538e-03
3.062832765019622011e-03
3.443409203403479529e-03
2.687065040351876120e-03
3.399450529268085129e-03
2.674150098760432696e-03
2.580300463346603054e-03
2.176588985612376570e-03
1.967297868366041196e-03
3.297729091520044259e-03
2.511776837169361464e-03
2.877999039741811847e-03
2.007518077859810415e-03
2.331757780001414426e-03
2.692611607414558891e-03
2.132355199531531763e-03
2.692809054266426423e-03
2.993790026776470443e-03
2.554776991416042933e-03
1.826549610618046805e-03
3.464535081838484697e-03
2.255118532369231998e-03
2.930504072032910894e-03
2.696510391000399645e-03
3.080960263437886298e-03
1.880821994587565053e-03
3.303548046525500367e-03
3.168074908867453843e-03
2.348524247484536608e-03
3.120200065654391702e-03
3.221321919988684706e-03
3.251423203640198267e-03
2.743611075259796625e-03
1.806377430538515716e-03
2.392034180379790011e-03
3.263494587250974008e-03
2.508003071494403682e-03
3.016929782824013303e-03
2.968758216932528091e-03
2.447730293873837115e-03
3.237056870514543137e-03
3.056740665079345394e-03
3.147373134848913036e-03
2.148864208507128126e-03
2.329465267658414711e-03
2.739090692637776575e-03
3.483376326990019964e-03
3.093214850661100100e-03
2.532635073026408799e-03
2.931994123089360586e-03
2.347523508499607236e-03
3.086424305370246389e-03
3.435917772991753209e-03
2.646883542788105309e-03
2.759456483140835907e-03
3.456035152711508900e-03
2.538334729401131237e-03
3.305762420424091224e-03
3.237056870514543137e-03
3.294370644037917205e-03
3.410741330037119282e-03
3.037878385481798758e-03
2.848778083648747378e-03
2.765011764946848430e-03
2.696510391000399645e-03
2.665476761637349066e-03
3.200988489233354013e-03
3.446022263164262925e-03
2.247297206614707644e-03
2.731663459511383431e-03
3.379807844168840163e-03
2.652111362953422057e-03
3.300496061243644256e-03
2.790582888162921032e-03
3.206265230970496011e-03
2.938312616842434985e-03
2.441184261451065547e-03
3.095482058129317860e-03
2.933581823682179530e-03
3.313508624762606831e-03
2.634269514628392699e-03
3.493090563127927446e-03
2.651449039970612924e-03
2.277557432947375365e-03
3.352478118198758822e-03
3.118840271744571617e-03
3.487526343935575240e-03
3.389741051703670360e-03
2.731663459511383431e-03
3.251750980685054731e-03
3.281215464731797836e-03
3.002463602498579159e-03
2.855812318442317761e-03
3.276493854413379571e-03
1.781677402501019233e-03
2.303092839120091627e-03
3.469651249467141634e-03
2.903115453823229379e-03
3.145632996211843255e-03
2.473851372740653882e-03
2.134070152763338068e-03
2.326232069037022752e-03
3.142286764159366204e-03
3.179722522832422599e-03
2.275035682720526718e-03
3.238198478325049565e-03
3.404583327076982340e-03
2.435231593198986834e-03
3.469324219465528842e-03
3.005263095080672273e-03
2.772312137607844690e-03
3.227584811415662013e-03
2.146444859517668800e-03
3.272471646162542196e-03
2.986082269533302073e-03
3.357575355302648210e-03
2.449865753924098787e-03
2.156877100728236702e-03
3.044254443133433304e-03
3.235761202953092459e-03
3.169331126995300184e-03
3.363257476873732048e-03
2.899961084306305805e-03
2.573183340964982965e-03
1.850948910085731432e-03
3.082149515127608277e-03
3.466751534250110851e-03
3.448402899435333221e-03
3.191623905539198516e-03
3.107381201768042583e-03
3.457839792739784285e-03
3.219413575198620901e-03
3.280787622366559183e-03
3.055990295854865094e-03
1.932528993213192660e-03
2.075886305327813257e-03
3.293029534857101585e-03
2.772532297048587845e-03
3.391081141783627156e-03
3.021322190658583436e-03
3.411714913845115184e-03
3.466364383189447611e-03
3.284124776576584533e-03
3.154688783960675133e-03
2.878935875173816664e-03
3.290432533131232122e-03
2.980347340331250539e-03
2.780941473706435938e-03
2.126415258066542083e-03
2.469363468960744396e-03
3.489346661287726775e-03
3.478032941226913508e-03
3.189494560124790483e-03
3.047153693062481031e-03
2.437162029496842131e-03
2.032359510395102993e-03
3.118840271744571617e-03
1.920640234379591407e-03
2.938625946454443728e-03
3.216867776513278581e-03
3.484396067484083273e-03
3.140363202952950201e-03
2.081435491136822587e-03
3.220861940508430894e-03
2.811229735204286064e-03
3.397287928311511999e-03
2.459575442282917190e-03
1.958565428673023513e-03
2.650179962100496396e-03
3.294763879143039649e-03
2.037309705818343610e-03
3.390569991342807284e-03
2.697237163666048494e-03
3.043814470135635004e-03
1.802951954753010712e-03
3.053857294784125594e-03
2.548901086759862433e-03
3.263085842964271073e-03
2.883937723995325976e-03
3.263041605643652362e-03
3.165798031576522696e-03
2.553262797848301902e-03
3.111312282923382397e-03
