6.348189728046335634e-03
1.387133023620170172e-02
5.420496540058411528e-03
9.746246840173462128e-03
6.487153071637896846e-03
7.487178780022587035e-03
1.143594852341720328e-02
1.233607571614711400e-02
1.151922238998149932e-02
1.181548958376709563e-02
1.387726458311046643e-02
1.043303471439116850e-02
1.141548755088403304e-02
1.215287927381311292e-02
9.467591228990207899e-03
9.579580153611599869e-03
1.158543343476369294e-02
1.113228625444133597e-02
1.043842556805231296e-02
1.242378471577499505e-02
1.194448386787427818e-02
1.131828273847798605e-02
1.156485367115206095e-02
1.282273521574580320e-02
1.283358719541547940e-02
9.788622176802683900e-03
7.631787969989951327e-03
4.789712735231314855e-03
7.880510526259426954e-03
1.024110050213708489e-02
1.365017068591816395e-02
1.373659055588888518e-02
1.359626447606489610e-02
8.098678163286292253e-03
1.329173843072576668e-02
1.183779901048630408e-02
5.614805640531723638e-03
7.370529432075636350e-03
6.423298348462095145e-03
6.804454981167051830e-03
5.391001533802584900e-03
1.332834500423236979e-02
5.947160726258650387e-03
1.080860764060671830e-02
7.764221228429478427e-03
7.327856629994947482e-03
9.867148831121058325e-03
1.083108064722466263e-02
1.116907271713421003e-02
9.693429652099927810e-03
8.114009423248233488e-03
8.271649824931630660e-03
1.279353827529277829e-02
6.149398088512806823e-03
1.151124607308770878e-02
1.160211832161451434e-02
5.105699334784734658e-03
6.601654658942702689e-03
1.271490944103152027e-02
7.844080107674962499e-03
1.164750613878489348e-02
1.125756827208711577e-02
9.607200791661073269e-03
8.396773880786667296e-03
1.008895643872946557e-02
1.234258018923536059e-02
6.075660870533509082e-03
1.160995605049367288e-02
7.888771066968862031e-03
1.077178737258481511e-02
1.318971349012768371e-02
1.006858556798664872e-02
9.764263537845407556e-03
7.551940033080635495e-03
1.154259613789663901e-02
1.137505658309163371e-02
1.097216889139378433e-02
3.870016914921683981e-03
1.157311239796521285e-02
9.678438686669147903e-03
1.314300496953294678e-02
1.265911308184961351e-02
1.265881469105762866e-02
1.385714054508455084e-02
9.516542858932316995e-03
1.126041007249424346e-02
8.214202440103990019e-03
1.384616466157155730e-02
9.587486961702964758e-03
1.367569673074086646e-02
5.386468535953512632e-03
1.334720507454090037e-02
4.537733832479361011e-03
1.350000587770528587e-02
8.250050152648914434e-03
1.029255643476664414e-02
1.347221000257433840e-02
1.346163302563546660e-02
7.980192080595933241e-03
1.298119559803086707e-02
1.089579104750860832e-02
1.019838394693275453e-02
1.253697103253980337e-02
7.272152516070795082e-03
5.109898098357504304e-03
1.196946482495447189e-02
5.405630960984315371e-03
1.372446958711294636e-02
9.287206305214682628e-03
6.847788667079916097e-03
7.852340078453064545e-03
6.621804616489534133e-03
1.114431922682920795e-02
3.182947782823542307e-03
5.716271319276191622e-03
6.639456619692236071e-03
8.864586281104596885e-03
1.241152705716526070e-02
8.670967988496819032e-03
5.916871310629644165e-03
4.824833203752274327e-03
1.261124496249806451e-02
1.110426703884906732e-02
8.306842315149644274e-03
1.196305548621928554e-02
9.436222108708994250e-03
1.310134056237533158e-02
5.750014493073147756e-03
1.273781122128400667e-02
1.084703492774074032e-02
1.388477025492988043e-02
9.151589385793294784e-03
8.177209211161818453e-03
1.163302185254354998e-02
1.262313235693697175e-02
5.263544117782157500e-03
1.357750367429279292e-02
1.384667142178099518e-02
9.356299512524167417e-03
1.071465601196173144e-02
1.103803123463737920e-02
1.293620795913325364e-02
1.103070145425106424e-02
1.386718780998252680e-02
8.220887296546646253e-03
9.973290422350785528e-03
3.515485461105742615e-03
7.639201669631961837e-03
1.224742806318899167e-02
7.950241705819245316e-03
1.225183738616160770e-02
1.285837779906359377e-02
8.491467698395809005e-03
1.296289037155784647e-02
1.000059937440673369e-02
7.776097387865474157e-03
1.030228074153653924e-02
6.705948043864307789e-03
4.789421969860151694e-03
8.979938646843363403e-03
5.573560035579511532e-03
9.791051627348111228e-03
7.903596053488989859e-03
1.147215211883949489e-02
9.471733862867662279e-03
1.023656868425229516e-02
9.534747766281168393e-03
7.980192080595933241e-03
1.384156390134996459e-02
1.204000587642095610e-02
1.365434590067293556e-02
1.112220478914678623e-02
1.241604931296242005e-02
1.351666368282069056e-02
9.641084933464235882e-03
1.092216148304676546e-02
1.163923848867926859e-02
1.002024300204708632e-02
1.038056062730374415e-02
1.362872049366118006e-02
7.975488902292347804e-03
1.363719623857199449e-02
1.382948583149534033e-02
8.089419359752807875e-03
1.216290764031660934e-02
1.242135636035200316e-02
6.619855072785681138e-03
8.362789278753226044e-03
1.050380277103459166e-02
1.267357917366215489e-02
1.332312373326819538e-02
7.740756487024963439e-03
1.324420850268629921e-02
1.304954187204665494e-02
1.352516751611078198e-02
5.120404080625479658e-03
9.801054655940073107e-03
5.549926375352455879e-03
6.351352058982874353e-03
1.048162956399137889e-02
1.166555371527839245e-02
1.259126681581732542e-02
1.225279355211042302e-02
1.037941651812660133e-02
1.012925171875187109e-02
7.897745878825201266e-03
1.022871254368429121e-02
1.296027405611027000e-02
6.578052778502227124e-03
9.425865198799074710e-03
6.566721988760003750e-03
8.631022208535664778e-03
2.269553277251754216e-03
1.015912025199261493e-02
5.090300691968874421e-03
8.750263412747878722e-03
4.913915158264062916e-03
1.336142617949283989e-02
9.271386236527848906e-03
3.703879520486046822e-03
9.270314701982548464e-03
1.035591974496697862e-02
7.064538217987265806e-03
6.954263647592368210e-03
1.196269694467348016e-02
1.296627843738562200e-02
1.098028975807922511e-02
1.343230430979416683e-02
1.090891901700148311e-02
1.066790443709704321e-02
1.207178233023348431e-02
1.295402370088716802e-02
4.574070261272461524e-03
1.093786038149988094e-02
8.220887296546646253e-03
1.197688648290030217e-02
5.380090745831644407e-03
8.777032178017656755e-03
1.024300942573163307e-02
1.374621735475843771e-02
1.217672344748150538e-02
1.277633801762459963e-02
1.140758018876597210e-02
1.270889077980526943e-02
5.306666212690275795e-03
1.164271010599380977e-02
1.377347166392737729e-02
8.509736082881592598e-03
1.199048567402994508e-02
1.281088386920367292e-02
1.069788025665106834e-02
1.195192471483989827e-02
1.082788303165276717e-02
1.330977862324709930e-02
5.486439888210951910e-03
4.537733832479361011e-03
7.968673162293009662e-03
5.022165780121068748e-03
6.790188436222447874e-03
8.536939464180498191e-03
5.343497458541664712e-03
5.029090731920714957e-03
1.254505476849820077e-02
7.938227821149477365e-03
8.916031435901193222e-03
1.208340547223076683e-02
5.138178010055846102e-03
1.379645821199755422e-02
9.929083259300926223e-03
1.251179693796103908e-02
8.005817054637201155e-03
1.121325767588323558e-02
9.318707935082659599e-03
1.335238329432516732e-02
1.131964770596628235e-02
1.008221928805653686e-02
9.339732038714644233e-03
5.327359207985952506e-03
9.860240711173385089e-03
1.146083289571320565e-02
5.573560035579511532e-03
1.274574400845243476e-02
7.454414179634860291e-03
1.345327317362125276e-02
8.802168091688825774e-03
9.292577852468730804e-03
8.047390361211855317e-03
7.078779860166254517e-03
7.844755386586859877e-03
1.253268073801679962e-02
1.131828273847798605e-02
1.221487275986455831e-02
9.502845475336850825e-03
1.119489626461714522e-02
6.169657898381827529e-03
6.547096083389494607e-03
9.989667960889601211e-03
1.319348295761911538e-02
9.445841534304454806e-03
8.657040863728218683e-03
6.511295929019013905e-03
8.163185620306417228e-03
1.370048721920774648e-02
1.314201474825227312e-02
8.737331331359524111e-03
1.277481165494539876e-02
9.034398849342806931e-03
1.318421133940989379e-02
1.073741019644663952e-02
1.074167009805895162e-02
6.361598030114261337e-03
8.641610459720365164e-03
9.945588355737711855e-03
9.732832143513324777e-03
4.979873963870987477e-03
1.206162241437748299e-02
7.070399174327869629e-03
8.924583126821507978e-03
1.310321495438576851e-02
6.346503956806092556e-03
1.038531793819749867e-02
1.105923460496280666e-02
1.347256016590316074e-02
6.752193140527023262e-03
1.371414370122912840e-02
6.967115553721746693e-03
9.847127158026554306e-03
3.219112618288473473e-03
1.281868812865844497e-02
8.820684533610373412e-03
9.533100319772447317e-03
6.490560267753912177e-03
8.702027777289404048e-03
1.122910823618514589e-02
1.239154268578961104e-02
1.334135854713603374e-02
6.668904823185184752e-03
8.147628917714892435e-03
4.851768582339853648e-03
4.239517938858545533e-03
1.166290014601303014e-02
1.372283716163310262e-02
1.194760661277865371e-02
1.192313169726098680e-02
5.642230273699989571e-03
1.181412889581141129e-02
1.282901915639411000e-02
4.754423119988636023e-03
7.935698747803414388e-03
1.248671832147263058e-02
8.649163708536586684e-03
1.049122235842219961e-02
6.177310190029912038e-03
1.299848733176115281e-02
1.149465062078446238e-02
1.288545969207102390e-02
1.264263870963189089e-02
9.195947878566691075e-03
1.295928675962000273e-02
1.132717767551223720e-02
8.041330664906353246e-03
8.471004508347902695e-03
7.456403255951444403e-03
8.311327694256917878e-03
1.106517550442492198e-02
7.517193048076689470e-03
9.333940751742925493e-03
9.021435281168698958e-03
7.540800726065116297e-03
4.741722631122813163e-03
9.490622642739214923e-03
8.850452108026138354e-03
1.124386611142886086e-02
4.768504589953198071e-03
1.058434659475733682e-02
5.190477201313225403e-03
1.338175029822343334e-02
7.493381701346288684e-03
1.346435626608221379e-02
1.048048928639295010e-02
1.067327362827130872e-02
1.252360027784443428e-02
1.055558052991814773e-02
1.084976114361880031e-02
9.264959324667807958e-03
3.611707406122329368e-03
1.096613415755318295e-02
1.282034757350723753e-02
4.947304961921288741e-03
8.896363120852159023e-03
1.039295193002590795e-02
1.138113532237162648e-02
7.613831286899267956e-03
7.547517637316110591e-03
1.015273169994465076e-02
1.039951861126356923e-02
7.236380434725803688e-03
8.243348252122004866e-03
1.132401369206864281e-02
1.229293003237785266e-02
8.123692052752793519e-03
1.223704646144278471e-02
1.384335649709402850e-02
1.285704169073605130e-02
4.515667864895618784e-03
6.063878476196669746e-03
6.809071648762382231e-03
7.620442469130183326e-03
6.211765707742032683e-03
1.148985425828268243e-02
8.587692963436947477e-03
8.476668735109205849e-03
1.193533702231043027e-02
6.934534575566125153e-03
1.000127417196505948e-02
8.545612074001316533e-03
9.281286479334445103e-03
1.338175029822343334e-02
9.966197928590160918e-03
4.851768582339853648e-03
5.956110251727163990e-03
9.475143079234605095e-03
1.056401500987609945e-02
1.091262078242186129e-02
1.010886009941052918e-02
4.350291000423276051e-03
9.344455720451132555e-03
8.604793983360243398e-03
9.285222549283905780e-03
1.020507314030666413e-02
6.232518920084755172e-03
6.261913911328593346e-03
4.056111657142698161e-03
6.094798164436874069e-03
1.299141163921310911e-02
7.715016682355227765e-03
1.191726833733644346e-02
7.331295079819109481e-03
5.822849175840721057e-03
8.095498817299606048e-03
8.171025268230200367e-03
1.225538568494659829e-02
5.868806787463577701e-03
1.270475757090805749e-02
1.020835721328767175e-02
5.121528559059101288e-03
8.532953298535629616e-03
8.501131017679483190e-03
8.224559929150984661e-03
1.216915997757750736e-02
9.893460501134423643e-03
8.418037233196016059e-03
6.837798344057392785e-03
1.267674299080899514e-02
1.345233097654394833e-02
1.024535650620472457e-02
1.342083139353588382e-02
1.017184258704835823e-02
9.293333666135177376e-03
9.796466711049974310e-03
1.007654331021518197e-02
1.350613245843453741e-02
1.013317035443301282e-02
6.640716803213353100e-03
1.335579399911020725e-02
1.332349308383170075e-02
1.022318927999442233e-02
1.356009702382072676e-02
1.067124648426996669e-02
1.323457421757910299e-02
9.502848819143013340e-03
1.350595189834317630e-02
4.268307815932698840e-03
7.239768157171736288e-03
1.113036795097073137e-02
1.346935838925050061e-02
7.607956069415132416e-03
1.146126930843354048e-02
6.909872969475211110e-03
1.030496416688277649e-02
9.163575156149659368e-03
1.154092527632033689e-02
7.050480982872238921e-03
7.715016682355227765e-03
1.168190418709210213e-02
1.320271506782694573e-02
1.234162716128171799e-02
6.953653219691619675e-03
5.342939077340504335e-03
4.851768582339853648e-03
1.141260612632489548e-02
1.285245332385039421e-02
1.317022938446018275e-02
8.189677405102971375e-03
8.796209419731179646e-03
2.688061896993579076e-03
2.686498864831487077e-03
1.323380965815658741e-02
1.229009887831382201e-02
1.063528444463082527e-02
1.286554229312438478e-02
3.034280798672303516e-03
1.056310301538896344e-02
1.009494047090237628e-02
1.224707366567288382e-02
1.373659055588888518e-02
1.016732727522991729e-02
1.031077729403374714e-02
9.080343784769724300e-03
1.349470355783132826e-02
6.270248443185721596e-03
1.046636909737589868e-02
9.278409156600327806e-03
1.168160869017531751e-02
7.957535745272173791e-03
1.179376199783089239e-02
9.114505449630567330e-03
1.310517331209462739e-02
1.042507345862310995e-02
8.246428885164610104e-03
7.979937223944105762e-03
6.739005844872590460e-03
1.339659524037217254e-02
5.574955629650721681e-03
1.187620436813962427e-02
1.370547311777038473e-02
1.107747471754758593e-02
1.060487404302277309e-02
8.282168348292144600e-03
9.716384957613283593e-03
1.374377335203188187e-02
1.008480222358215835e-02
1.323621172962634318e-02
1.073580446485081046e-02
1.263339887575629442e-02
1.008678247642217501e-02
1.182387480341043524e-02
1.113920737164944379e-02
1.113392909427810343e-02
1.126068949728314776e-02
1.207281803460612778e-02
1.036967927225332375e-02
9.192082562464638090e-03
1.128479298491704731e-02
1.244353868198839509e-02
1.333384676532741245e-02
2.563117055386305524e-03
7.534912672796004185e-03
1.014205612973680809e-02
1.263376086916782708e-02
1.023854645378782097e-02
1.214977743903653158e-02
1.225059439235350045e-02
7.742302777169380451e-03
1.285271644931463425e-02
1.168378599927277425e-02
1.279835451530661472e-02
7.617240488193165529e-03
6.014607805298676640e-03
1.062556407981247661e-02
1.256542041555033969e-02
1.359653720931282284e-02
8.790388811188067780e-03
4.769420170813247137e-03
9.533053162907104139e-03
1.066927406428318410e-02
1.260050035645161187e-02
8.214501107976390770e-03
1.023299612453691838e-02
8.398816720393421920e-03
6.277789035333454677e-03
1.247346369857710302e-02
1.377562682448666039e-02
1.328321658892379215e-02
1.271948174954431326e-02
6.792301700543876969e-03
3.049068461559497484e-03
4.790925514212874235e-03
4.315836890548744101e-03
8.693610374757942613e-03
6.070894822304358576e-03
1.211146859655811391e-02
1.274641322980540371e-02
8.743986891303101236e-03
5.049690274445201715e-03
1.172994108212179441e-02
1.287343853113331188e-02
7.755762708559326910e-03
1.100258354368673780e-02
1.038961957622800553e-02
8.912257390061168946e-03
1.253294275749810942e-02
9.867074394215219479e-03
6.938388924058784546e-03
1.332349308383170075e-02
1.181477521049632308e-02
5.349904739512946483e-03
1.121165114570927233e-02
1.343863155597736087e-02
5.280035912304130441e-03
8.989151358676141651e-03
8.376109176458595637e-03
4.228147564269105207e-03
1.288013974734414195e-02
6.051093126475999388e-03
9.758668725766059954e-03
3.998675438903833562e-03
5.868885057567226927e-03
9.901596565857690921e-03
7.019310599460631267e-03
3.672154712167639053e-03
1.240178119596754489e-02
4.315830770457356434e-03
7.236163541050518941e-03
5.417432943722432469e-03
5.020741130100725771e-03
7.877739090585200721e-03
6.792519642713792244e-03
1.275527080388235736e-02
5.188118484115117161e-03
7.443143460005720302e-03
1.212254235819277409e-02
8.575685906402950517e-03
7.997304750204804746e-03
1.125573042762013400e-02
5.476303537236651073e-03
1.279573005582329212e-02
9.344455720451132555e-03
1.357579500780036440e-02
8.536939464180498191e-03
6.273106525511027570e-03
5.515314006689316963e-03
7.895769063014000666e-03
7.904501782053355644e-03
1.084832270363188071e-02
7.305948739757197816e-03
6.792519642713792244e-03
1.070150007362039024e-02
1.016904839647774297e-02
7.325961740772759731e-03
9.420375929225703257e-03
5.860378959201821558e-03
1.238879143138970663e-02
7.887827539213963443e-03
2.269553277251754216e-03
1.036532911351371877e-02
1.134169375223344906e-02
8.233034869674618964e-03
8.589779217363074232e-03
1.361497571128237639e-02
1.217766722176868641e-02
7.494877218763631825e-03
6.535499188724794642e-03
1.359186563299562972e-02
1.174714344475276222e-02
1.240932338832080074e-02
1.380153476898421210e-02
1.084649628413373278e-02
1.350974480514351497e-02
1.342258219209367838e-02
7.182711394168097944e-03
8.506667682610890430e-03
1.274058679395061872e-02
8.747724262391355296e-03
1.198398760472729058e-02
1.342341936571391989e-02
6.665814683443488375e-03
1.063114755324697652e-02
1.273793573193228792e-02
9.821965605967621776e-03
1.116727775528137886e-02
1.149144292324363360e-02
8.081349689104467757e-03
9.357803683338012518e-03
9.385883053754271246e-03
1.143758479551004736e-02
1.173744628126171738e-02
1.292605448579942432e-02
7.173545523507195848e-03
5.416443635530631545e-03
9.312371190891019848e-03
1.214977743903653158e-02
1.340287721417173297e-02
6.095831615778664510e-03
1.111503416445217343e-02
8.189677405102971375e-03
1.252015595645552745e-02
7.942904276561548599e-03
9.647276290228087858e-03
8.916264409663242699e-03
1.343963498887449509e-02
9.438856598236289308e-03
1.044369709188717327e-02
9.136930510051330737e-03
9.760901541531280534e-03
1.206339913634606360e-02
1.197468008380249242e-02
8.571065381518841800e-03
5.175104274415013098e-03
9.311298018551893499e-03
8.171025268230200367e-03
1.124043166203049157e-02
3.863145225216055995e-03
1.227009799003758034e-02
8.276828920411254120e-03
9.847966256272371044e-03
9.949347207758375486e-03
1.339997555730344271e-02
9.591757182029699708e-03
1.284579950676289703e-02
1.209645592754357742e-02
7.895769063014000666e-03
5.687282413342134926e-03
7.132935282100010856e-03
7.184695821720053603e-03
1.328802109000706139e-02
1.199115820520830870e-02
1.208441670663978028e-02
3.620775953662140265e-03
1.269774016305131974e-02
1.176261664117639674e-02
9.598101643753322726e-03
8.174208868281360521e-03
1.229986195806702202e-02
1.003878140713886785e-02
6.101077191818437759e-03
5.224505485251069309e-03
1.084976114361880031e-02
1.053203348204593062e-02
8.318399851481183063e-03
6.513595215284329054e-03
5.336350272470365835e-03
1.069936900180163721e-02
6.638034209386184728e-03
1.237367202812716949e-02
1.110191861004192898e-02
1.140199085754074401e-02
9.463733675016048480e-03
1.039988026657587446e-02
8.827308491274608523e-03
1.011926649763237457e-02
1.386500699429273065e-02
6.772380362566977029e-03
1.279730689535343684e-02
1.371309947313838727e-02
9.992196544267971034e-03
1.265018582377938974e-02
1.376061159076466013e-02
1.210241133401299823e-02
1.024866392105503246e-02
5.463041507577154864e-03
7.730503358100119550e-03
5.236998641374936321e-03
1.019838394693275453e-02
1.264250888128952768e-02
1.000186731743340877e-02
1.387524454470801666e-02
9.930749811061288443e-03
7.202223439125385145e-03
1.156545133277732049e-02
6.890507005998760225e-03
1.043581648022563757e-02
5.631586509339914053e-03
7.383707972429595819e-03
1.327474372695239269e-02
1.050516917844924493e-02
1.283483072638671313e-02
1.118337570840686850e-02
6.583289664128405896e-03
5.897039938754849650e-03
7.686451157630636369e-03
9.718544896052819584e-03
1.114139527204370886e-02
1.108397128445364963e-02
3.633231788104380154e-03
8.274103472974456142e-03
1.029439207759913662e-02
1.067445012508336406e-02
9.943130699814626064e-03
6.137133543683217715e-03
8.189013731386798542e-03
9.700374669908674863e-03
9.118986997594745458e-03
1.092402793612836862e-02
1.235556489193811135e-02
7.640542490887111508e-03
8.726940046911031354e-03
1.091525566221252658e-02
7.984889083351048508e-03
6.160018339769167406e-03
8.545052223850622963e-03
1.188040054197849089e-02
5.638922772689344137e-03
6.417896231418399391e-03
1.348862411549328968e-02
1.285547807232469662e-02
6.028293338754033177e-03
1.044733936784788403e-02
1.291922012490648829e-02
8.742355556554863225e-03
1.119918477771258448e-02
5.865731279347711526e-03
1.261254447934336345e-02
1.029196597327789071e-02
1.289574962209566814e-02
1.308098684491294794e-02
7.361388755954339017e-03
1.300646081967063786e-02
1.031077729403374714e-02
6.918910432995245031e-03
1.180145239799109194e-02
1.186589848748097198e-02
1.249757358935202692e-02
9.270314701982548464e-03
1.314878924226205517e-02
1.009795926790263941e-02
5.762189529675019149e-03
9.459994626199745918e-03
8.250338392651282438e-03
1.038027675543003354e-02
7.898461605243399519e-03
2.421321552363164906e-03
9.571526353648558694e-03
1.084320339020520066e-02
1.109772006314179750e-02
1.241501893249261947e-02
4.279994303449690361e-03
1.062754800540363295e-02
1.106229280501910134e-02
1.227378647967977340e-02
1.194127553298863012e-02
8.788639684166444851e-03
1.233478131299726131e-02
6.447728365246195928e-03
9.117723886895353486e-03
1.334682735606499207e-02
5.299116381501102827e-03
1.025195873460446779e-02
9.641458365529397001e-03
1.246045823952567251e-02
7.321017292933087485e-03
9.014902781898613549e-03
9.216994106599310163e-03
4.408219469271718385e-03
1.141217909929071600e-02
4.560854215067198895e-03
1.189560441504261545e-02
5.912867670562209528e-03
9.355909962185826600e-03
1.322124406684185675e-02
1.073112776200424098e-02
7.691701832659156475e-03
7.621673128210609480e-03
5.075406647937113873e-03
1.057361174745023551e-02
1.270676162625484530e-02
1.134740906312439214e-02
1.211672736451762517e-02
1.349829051286586222e-02
1.066264815637256273e-02
5.864198846992903918e-03
1.030136023615916240e-02
1.208353470209509728e-02
4.543349110096019453e-03
5.138178010055846102e-03
1.324832272082180316e-02
8.201987703604191396e-03
1.151289024016283365e-02
1.373861445953655606e-02
4.290915469491670547e-03
1.132194385700822925e-02
1.114828168325116518e-02
1.060412729253199654e-02
1.055354488142700407e-02
1.090509493199086355e-02
8.813817923966908024e-03
1.294738326551037044e-02
1.373755082902554901e-02
1.230259469167860158e-02
1.051158552777774202e-02
1.233784017256803547e-02
1.315040913781805910e-02
1.150356454797225696e-02
9.811774628746388824e-03
7.767837259120594431e-03
1.031014109099792110e-02
1.241684231782601289e-02
7.621334329298356386e-03
6.971187169726889878e-03
1.000865644565102248e-02
7.266061918984565403e-03
1.320587352386249844e-02
1.345134960588371432e-02
9.198781225572364231e-03
1.110882919315569692e-02
1.059165678610443292e-02
5.476955641418005880e-03
6.779277779929634984e-03
9.857830322437040327e-03
1.338675173281083340e-02
1.378944072408593013e-02
9.033639685089698071e-03
5.112869732451096223e-03
1.069788025665106834e-02
8.185537173514350132e-03
1.355852616958878182e-02
1.034313315775067799e-02
1.142334304990217167e-02
9.279425656234935316e-03
1.327060991171829379e-02
1.182552890194686970e-02
5.601588153218969857e-03
1.225957643676260991e-02
9.226175238964606437e-03
1.299104957868918442e-02
1.018056510314988526e-02
1.388660863854819863e-02
6.914623856379295552e-03
6.164823899002532838e-03
1.220670973286886070e-02
2.183543226790673510e-03
8.298016661111079148e-03
5.451697201428838159e-03
6.591896154126253293e-03
1.227009799003758034e-02
1.122641072547490675e-02
1.386718780998252680e-02
1.213710362279378334e-02
1.040457532372986854e-02
6.417448612431543922e-03
7.992010680525326108e-03
8.376109176458595637e-03
3.992869753374851671e-03
1.240005290906823210e-02
1.266766982087888689e-02
7.272342054539348948e-03
6.047152956724587657e-03
1.052857041485850097e-02
1.346163302563546660e-02
1.345298331684893420e-02
1.378944072408593013e-02
1.185756023494536140e-02
1.292332955754122922e-02
1.183264908609366756e-02
5.776078781340543075e-03
4.117260138192164499e-03
1.386379686192048058e-02
7.252974743836281338e-03
1.125112182688197196e-02
4.981630141519266704e-03
1.162874061516707032e-02
1.291209131474799557e-02
1.063227243943233591e-02
8.138807260829534693e-03
1.191056344884143352e-02
9.337899357609528994e-03
5.966336773391082114e-03
1.369337958663266464e-02
6.573327441650116988e-03
8.011349601766831752e-03
1.248206699710314310e-02
1.181456643094552263e-02
1.179578915272983149e-02
1.103351640362193985e-02
1.091525566221252658e-02
8.156671744600069857e-03
1.358303008254521313e-02
8.730827320948403303e-03
1.056527463596501105e-02
6.379879316521480659e-03
1.378944072408593013e-02
1.305492130424041122e-02
3.551637048390776912e-03
1.353783454679280927e-02
2.995805597314269916e-03
7.461085185321723358e-03
8.081349689104467757e-03
8.991374897001781774e-03
1.352915026459817691e-02
8.296850426074874746e-03
1.132252381866049977e-02
9.490622642739214923e-03
9.700374669908674863e-03
7.548752275092681860e-03
1.357782883277088536e-02
4.674092605524701044e-03
1.226166325645437587e-02
3.503123662082732303e-03
1.194209759990868223e-02
1.234527621256784578e-02
1.012798943897589427e-02
5.713806773981451939e-03
1.373544345265371482e-02
1.272290834492675188e-02
7.943351627485916930e-03
6.157485877846945177e-03
8.987118292936616473e-03
1.057863309728444834e-02
1.351158286481344596e-02
7.296957536699380867e-03
