1.311135983881017153e-01
3.054387638469204802e-01
1.382511200265561513e-01
4.729270083570989713e-02
9.009116181001139423e-02
4.389763576807474005e-02
1.054518318260705689e-01
2.234801397210545992e-01
1.695925651051516103e-01
5.641965603686199815e-02
3.468712564248715435e-01
3.581612872241439760e-01
3.576590139593297524e-01
9.257896187359535012e-02
7.445907688709363370e-02
2.498540016896068083e-01
2.063535767911397756e-01
3.542049678952478575e-01
3.612146503708057454e-01
1.121405368362742433e-01
1.611184073723496701e-01
1.370839431863122015e-01
3.535887605242740150e-01
1.152860466152331037e-01
1.701155994406187144e-01
4.861074120757821054e-02
3.002605202825320285e-01
1.985170199088048537e-01
2.204221044041375643e-01
3.084481992150125418e-01
6.932455740200679783e-02
1.519317602008872503e-01
3.460558070289399546e-01
2.519556209617258569e-01
3.400377030106333520e-01
1.154496536703360776e-01
2.665181169554234897e-01
1.221304514279231840e-01
1.529062739502690116e-01
3.320034307670955559e-02
2.032117858758855089e-01
3.553774790926965688e-01
3.312435492277512328e-01
2.583201615106479054e-01
3.315704349145610630e-01
1.506465891923186307e-01
2.955003120360959468e-01
1.868169984589569399e-01
7.188756029590313845e-02
3.214570739991701731e-01
2.563208436151430680e-01
3.636609105920797780e-01
9.713230674652055530e-02
3.371031334444832273e-01
4.892716923043532312e-02
1.272378088626908987e-01
2.006998856235381670e-02
3.474341185006639132e-01
1.757469593414409947e-01
3.531931443801830106e-01
3.007154385463616242e-01
3.265747254292155066e-01
2.103874860968126537e-01
3.051743178512521526e-01
1.138357511737716904e-01
2.330927632051129073e-01
1.760323663655322945e-01
7.947959889500437469e-02
2.833008762681861192e-01
1.400972738892462266e-01
1.206010637426089688e-01
2.453063677422850364e-01
2.133636276586476088e-01
2.179512365345494251e-01
3.554305251273677801e-01
2.351221807894526561e-01
1.403484622723862041e-01
2.993838534672344509e-01
2.250255323314928613e-01
3.610499037484313778e-01
2.180799511956346415e-01
2.511642997533289345e-01
3.432609542696199445e-01
3.481104648635334753e-01
1.358831814690406870e-01
1.901933470143110649e-01
3.059415349084907976e-01
1.121546620605764766e-01
2.364587806360772815e-01
2.173359722578586672e-01
1.288645822064509450e-01
1.550678229079320847e-01
3.533654771791566174e-01
3.536954708354586585e-01
2.122612588015564405e-01
1.801919019407462741e-01
2.530563285629030545e-01
2.943134990965490805e-01
1.306247531504419190e-01
2.178797744566098593e-01
1.793103415173960269e-01
2.631879523114695751e-01
1.432279110546874346e-01
1.987127618366903992e-01
5.196111313100405804e-02
3.502701761292670302e-01
2.203149256904962106e-01
2.353976944008059069e-01
1.088406665648320171e-01
3.407746710535272672e-01
2.706556798462697588e-01
3.468740125737238555e-01
1.628343613470087936e-01
3.592372670836899151e-01
1.952272843960824456e-01
3.130958637923583199e-01
1.151460596766454569e-01
6.311704742529801460e-02
2.456537918252081065e-01
2.509588989689112148e-01
1.531263935725189762e-01
8.726325957496050556e-02
3.233430391853823194e-01
3.336703312592612103e-01
1.690791493970303649e-01
1.760323663655322945e-01
2.072825673507532884e-01
8.537304890907022881e-02
1.571087506617745433e-01
2.102792848260432168e-01
3.383002652640669794e-01
2.259020652563910048e-01
1.073052075373025771e-01
1.373581047026138369e-01
1.036024311910308526e-01
3.094442122509319382e-02
3.584390103438988562e-01
9.684917616447845379e-02
1.374676120877819097e-01
3.494621312183905371e-01
1.186427944436397180e-01
1.076199868780146340e-01
2.779753047141316769e-01
7.420582248805199232e-02
3.587337309900798799e-01
2.199768402352361985e-01
2.158079260232821650e-01
2.821385453041655444e-01
1.491771426961893132e-01
1.026995112499316937e-01
3.055766443027961854e-01
3.347753533735288167e-01
1.949045772197464943e-01
1.956971607897332877e-01
1.140598087204892919e-01
1.178243260186569580e-01
9.359101836082281411e-02
2.907939334885745186e-01
3.655532958640884678e-01
1.884996645520373715e-01
2.882672563433935076e-01
3.541859064157759640e-01
2.919162918861131217e-01
3.259753196402326303e-01
2.414829109705344812e-01
2.069017346625208476e-01
2.916061984919728345e-01
1.583810725305149214e-01
9.414745133399061994e-02
1.908353825984594188e-01
3.299939599344427488e-01
2.676964304110757698e-01
2.278752800011903112e-01
3.006729291071441601e-01
8.504730287940009958e-02
8.461204652333984000e-02
2.379897299286293233e-01
1.525542725256340826e-01
2.970567272531101644e-01
3.008904205148584254e-01
3.293677512990210721e-01
8.537545122834179490e-02
3.579399984593570339e-01
1.944500617558732325e-01
3.530945694306244498e-01
1.632845503883434690e-01
3.941980252931135548e-02
1.231149123441126481e-01
1.663759294865999327e-01
3.301338781135602085e-01
2.611828454482031936e-01
3.026572045204940498e-01
1.292114976183639519e-01
3.311245070679177394e-01
3.497375800899755194e-01
1.497569140853611536e-01
1.475724478266939310e-01
2.012184029633853344e-01
2.062690373042258274e-01
2.882881942468778491e-01
3.004343177865650416e-01
3.472189095416816640e-01
1.629788821975392682e-02
2.014341507692908040e-01
3.299317542965785055e-01
3.488071776389892742e-01
3.594755924826512627e-01
3.573891294296782095e-01
1.528828352127920287e-01
3.227755733659443127e-01
1.869945683586381469e-01
3.308382048670714948e-01
1.302900557861576825e-01
3.514924022869042042e-01
3.536784068324834163e-01
4.039568298316344869e-02
2.160235322764684773e-01
4.090129490014441510e-02
2.775270447833058651e-01
3.629598116596005064e-01
1.038611462513718137e-01
2.205878935625496529e-01
2.041328885794446713e-01
3.543959598674344402e-01
3.275221015249881185e-01
2.078055785403009614e-01
7.345563901066694268e-02
3.388839693767681238e-01
1.245995795923926786e-01
3.433283706654722822e-01
3.550539613373518422e-01
1.446810245118353155e-01
1.286897412466387891e-01
1.293436199237151252e-01
5.726470333468103996e-02
3.029668128952583972e-01
4.224387226615877733e-02
2.373865490724261507e-01
1.160132421526679919e-01
1.731062757620402681e-01
1.870320559094464929e-01
3.339641878635201677e-01
1.570943145327615975e-01
2.942647901406911237e-01
1.114104921261819536e-01
2.181624791255423190e-01
3.606751815797890615e-01
2.636010775172585863e-01
1.784452437681260106e-01
2.886610727166480928e-01
2.561490758251090960e-01
1.432279110546874346e-01
3.363135526628112659e-01
3.609786625460817411e-01
1.750294665185036791e-01
3.430044139071440901e-01
2.803274472247460070e-01
3.593828362554464251e-01
2.579963188965209708e-01
3.289591174681810726e-01
3.600315805618187759e-01
3.499150865704488411e-01
9.201633045973545144e-02
1.857564861116827171e-01
8.710225279499489437e-02
1.030286119139075945e-01
2.889547161570956389e-03
3.474723016385511398e-01
3.077370413008532340e-02
8.365206500517741173e-02
1.458395844163276889e-01
3.207504708616350508e-01
3.179546670463337388e-01
2.277949049649359570e-01
2.852414531705733669e-01
1.052895191319390272e-01
2.663527386229400454e-02
1.238778362950163220e-01
1.597912073167250535e-01
6.301112846732140338e-02
7.813547640309453923e-02
1.098028425653821000e-01
2.216762757347937873e-01
3.603632207968728851e-01
1.105398385800901023e-01
3.259753196402326303e-01
3.540517671745143091e-01
9.243052856352100208e-03
3.633298855280516215e-01
2.277918828740949919e-01
8.682395509929229094e-02
1.706172617744148023e-01
3.522182403067213308e-01
3.605375790768085564e-01
3.594448783798415703e-01
2.738253374349416958e-01
6.874565944863522682e-02
1.688104415766728539e-01
1.875267018312216927e-01
2.668096256387595400e-01
8.602418803859879226e-02
8.788954925514122496e-02
3.002988081289719169e-01
5.198373421624483126e-02
3.550027459884357861e-01
1.315274672632556485e-01
5.434752456805542337e-02
3.196972473339370624e-01
9.692845052037660225e-02
1.040853962025929114e-01
9.906575622252798696e-02
2.476670200154727081e-02
1.490233282352558253e-01
1.671134670113388343e-01
3.533250032306362587e-01
3.237527124234770848e-01
3.302547874575496034e-01
1.361676940106270328e-01
1.895783159664119755e-01
6.112391982703093557e-02
3.582879346732051884e-01
3.289445636771166082e-01
1.207028459508985019e-01
2.134514730357623957e-01
8.235731611567471966e-02
1.658390872016519690e-01
3.479580104572015387e-01
3.431730248185134724e-01
3.378327611669852404e-01
2.576023781154873071e-01
3.581068021461855655e-01
2.852614443675859923e-01
1.887466485696267238e-01
4.353884170986750679e-02
3.071908407189358203e-01
2.398103467587724691e-01
2.402085509555791920e-01
1.434577271147547683e-01
4.371114145660974504e-02
2.286017638606730740e-01
2.653216964214749618e-01
1.526468332823996757e-02
3.439416959974143650e-01
2.267501516325369226e-01
2.220906604862976641e-01
2.272898010818970860e-01
1.087619100745398498e-01
1.934740370486963956e-01
1.963175785591475264e-01
1.124210377512175757e-01
1.924147705158588684e-01
2.976754688707113905e-01
3.121960445526163475e-01
3.333065312786350209e-01
1.780729987081014210e-01
3.535881729474636970e-01
2.467675514386724056e-01
1.787661182982555885e-01
1.807545051270658676e-01
1.289191785689865755e-01
1.919892031545840927e-01
2.979344771103434319e-01
1.212204966620518409e-01
2.362277022349238143e-01
6.313565717856300941e-02
2.175836601467074638e-01
2.579546692258087304e-01
1.625615816209765585e-01
2.255689813459812731e-01
2.125869123964779506e-01
1.427284013106794869e-01
3.500420590101758211e-01
2.534689908174826978e-01
6.304247328164895581e-02
2.877186214923119767e-01
9.876648702980915517e-02
2.760460520280788588e-01
3.322236940922297932e-01
5.536916754103078653e-02
8.899833418165360721e-02
3.571058245080133697e-01
3.089485451724561793e-01
3.299317542965785055e-01
3.124189215736193903e-01
1.060581526630510613e-01
2.390762575023584746e-01
2.763005183059595860e-01
6.877614301886575410e-02
3.537900465207812761e-01
3.585592192041988091e-01
2.509410435453342525e-01
2.004408187991511547e-01
3.297419383524080039e-01
3.286703943706252296e-01
3.587337309900798799e-01
2.659374360782877367e-01
2.480863466742572465e-01
3.380680228021904626e-02
2.012184029633853344e-01
7.160140021463985704e-02
1.980684115167429260e-01
1.267435905929142625e-01
1.834408727785222237e-01
2.113909982110962205e-01
1.284931657959686724e-01
1.626618251529920178e-01
1.917265504034747770e-01
1.972696826463541109e-01
3.039042426014165188e-01
2.991762224959867988e-01
3.007154385463616242e-01
1.341907509990777625e-01
1.944136753507541282e-01
3.600163817706572567e-01
2.194306829831071670e-01
3.615342377769757420e-01
3.083117849410497713e-01
2.612801114928263169e-01
2.655294280815137520e-01
1.680946618463312614e-01
3.614206929068841667e-01
1.437777836234140627e-01
3.545979471012038475e-01
3.636229442692074931e-01
3.398789188129662242e-01
2.439227779430257759e-01
3.444162207036889356e-01
1.912771200434144891e-01
3.508421805118431824e-01
7.600699586144639419e-02
1.561158868420614576e-01
3.637814792030324984e-01
1.585238683511666080e-01
3.548632741909845123e-01
2.962209626525882378e-01
2.999408146049770685e-01
3.581082794494478971e-01
2.119452389456497610e-01
3.518058551511979992e-01
9.596846511613835173e-02
2.244943841323314704e-01
3.567348417206840372e-01
1.403545310466299545e-01
1.721638730560351438e-01
1.552056801207300080e-02
3.500999895037709697e-01
7.961254430477081312e-02
3.137453031458386499e-01
3.376058295374148588e-01
2.453677449551852907e-01
3.135520926163935518e-01
9.092762481076363534e-02
2.290342479391306862e-01
1.718543864462175885e-01
1.207028459508985019e-01
2.665842014394429471e-01
3.271942868484454814e-01
3.121315761550808032e-01
3.557258345545177836e-01
3.014902911850289025e-01
1.355862375695592592e-01
3.114414206607563629e-01
3.623771917781665186e-01
1.204233287125481278e-01
2.233598056784695529e-01
1.255613371721050198e-01
2.053962730760867383e-01
7.666262428722914191e-02
2.075493278985742207e-01
2.846810771711835164e-01
2.777598703553682546e-01
1.600697366038054403e-01
1.922386873981474925e-02
2.300225772975645899e-01
2.962209626525882378e-01
2.693149523683091573e-01
3.081835974261375455e-01
2.915638764484593248e-01
3.061904761789245241e-02
3.487896249624700129e-01
2.404071047688638163e-01
1.845936120533872848e-01
2.264650627603772559e-01
2.161987336186461384e-01
2.042843629945080841e-01
1.457140284235433625e-01
2.759272822756468901e-01
2.852997685355120883e-01
3.390546339039618995e-01
3.399504140163921440e-01
1.437777836234140627e-01
1.479025202724193189e-01
9.783000822456149048e-02
7.868712071781776285e-02
3.476678860308078933e-01
3.585029225705093636e-01
2.692789755005400298e-01
2.687787904007574724e-01
1.086425013950765017e-01
1.988454529913845359e-01
9.862123144711651412e-02
3.575834085875471968e-02
2.571163509524667656e-01
1.475243356506474035e-01
2.552983728007940378e-01
3.546527696283390818e-01
3.619990688273239665e-01
3.471992072068576518e-01
3.005753448165858766e-01
1.309523738484776878e-01
6.401010064575404779e-02
1.928603787657548752e-01
1.571087506617745433e-01
2.271392675449362686e-01
2.368643387380934273e-01
2.723262442405627870e-01
7.638423525680644588e-02
1.113107649317682246e-01
7.480127042084599998e-02
4.027899725251522095e-02
1.924147705158588684e-01
1.436502217525005565e-01
2.716806152750065873e-01
6.505042178046824275e-02
2.803274472247460070e-01
5.801622410910443894e-02
1.901426860372658623e-01
3.532971184123386288e-01
3.581672321194034891e-01
8.008259083037064241e-02
2.224196548151420316e-01
2.575548353483075870e-01
8.623020338490704206e-02
5.876642354412989211e-02
1.075954716479829987e-01
2.817776903715253356e-01
3.606226181281343424e-01
3.551889375891611467e-01
1.906430104138264192e-01
6.365928344611213041e-02
2.442407036995607461e-01
1.905451530820047590e-01
1.403484622723862041e-01
1.342313783298626495e-01
1.022696403132270365e-01
1.546384990598616005e-01
1.185733529713759865e-01
8.823023160462165060e-02
6.428434522624322522e-02
2.863834713061782500e-01
9.533307657216817665e-02
1.697438355907588958e-01
2.792586595488009693e-01
3.556315680753660002e-01
8.120861956486628841e-02
5.328776683911462531e-02
1.613124384262023536e-01
2.022850334196220901e-01
1.636766674703500624e-01
3.361602153732159981e-01
1.269994768312791844e-01
3.256423273794771811e-01
3.160460698887648245e-01
3.102269273969813779e-01
2.942931245937418505e-01
2.691054919601939543e-01
1.706157052101180960e-01
2.458432386417224447e-01
9.790857354177889826e-02
3.540517671745143091e-01
3.548153343620023548e-01
7.021299091585798957e-02
2.606270546744939853e-01
3.418824433255162609e-01
7.420582248805199232e-02
1.553595156930512866e-01
6.665643917110150585e-02
2.443953138093022670e-01
2.186679121817534099e-01
1.827764681475794462e-01
3.038985983745386421e-01
2.764030146150421308e-01
3.161776133517952281e-01
7.271741484275989764e-02
3.539281657114614066e-01
1.989591538611217014e-01
2.197127102007178090e-01
3.146901560637853090e-01
2.967796572154990375e-01
1.601475866541401949e-01
3.004343177865650416e-01
1.633618226448026456e-01
3.552837458091463452e-01
1.103548493559833865e-01
1.145106035166150726e-01
3.179546670463337388e-01
1.811118934908911016e-01
1.884734093451451986e-01
2.884503498153282997e-01
2.269409667507238382e-01
1.201025935358587399e-01
2.356738031437378145e-01
9.944427733311923812e-02
5.856824988128409015e-02
3.539935893453541316e-01
2.740541528872890154e-01
1.400972738892462266e-01
2.495468821458581010e-01
3.527738026589064546e-01
3.475962039906899670e-01
2.715444623601490637e-01
1.269241341773506837e-01
3.224844460374574062e-01
3.514498734022911131e-01
2.092503198448816826e-01
9.350381142705857518e-02
3.496931638717164503e-01
3.220921226228657397e-01
3.174418265905865622e-01
3.601134651988060487e-01
1.973528556811661450e-01
3.732108022833313665e-02
2.006821758799705036e-01
1.984676582066955408e-01
1.827086036816226722e-01
2.694783808774357525e-01
1.386992290184770882e-01
3.603416413286503195e-01
6.936343035306288818e-02
1.893953312956428436e-01
1.453258032169729153e-01
1.432122740253811422e-01
8.537545122834179490e-02
2.339809434263700472e-01
1.276576083673720829e-01
1.057318407754719164e-01
5.657692868716224927e-02
1.677621493145444453e-01
1.468730039952767241e-01
6.811943521375600497e-02
3.004343177865650416e-01
3.462093275510950141e-01
1.397556946528280830e-01
1.633618226448026456e-01
3.527287670000269215e-01
2.545945395020079993e-01
1.972696826463541109e-01
1.618372906875949757e-01
1.877004318340552702e-01
6.090358611027837238e-02
3.528473457086044318e-01
3.558135914154412216e-01
1.706470096826428196e-01
3.606133095121738519e-01
6.792607758980714894e-02
4.429765093941215315e-02
3.259753196402326303e-01
1.140760167407283421e-01
1.211298487743983354e-01
2.879765772044760030e-01
1.217121070060958599e-01
1.570943145327615975e-01
1.971433396521313219e-01
2.110051039537957362e-01
3.550885955167805696e-01
1.059177277025743491e-01
3.106381038754016943e-01
2.590809200438200233e-02
5.568391746085698396e-02
3.225369518315256423e-01
7.130257626523330006e-02
3.165821417819618677e-01
1.456584382316199744e-01
1.987127618366903992e-01
2.936676243298175226e-01
2.724909816337024449e-01
2.983188424034525776e-01
1.672828698369719091e-01
7.625770463337083749e-02
3.443941045950805191e-01
2.486324849081051058e-01
2.124745947521454736e-01
1.755280510522231885e-01
1.573138037347449614e-01
3.366975263401917329e-01
2.584564797788736490e-01
1.091912102722548267e-01
3.053760424234892579e-01
1.810888335551801842e-01
1.923995973883950994e-01
1.945414357991165355e-01
2.931925355228687802e-01
1.960112876599768572e-01
1.720160043500097713e-01
2.526026320624211174e-01
3.563371717840808639e-01
3.366834910703315753e-01
3.140526043921579302e-01
3.586994366415856561e-01
1.963659280223747083e-01
3.563568796731541588e-01
1.962356209298833087e-01
2.409876303587726309e-01
1.718542831138622218e-01
3.003566547653880869e-01
2.065810995131173999e-01
2.568556290592606817e-01
2.287717784313671177e-01
1.979167477717425072e-01
2.426454168522268751e-01
9.235731661778796842e-02
1.690509897606609913e-01
5.506815463777105929e-02
2.680324219989715373e-01
2.898851392009145211e-01
2.904912393029785989e-01
3.040274071227108132e-01
3.624488952595880109e-01
3.541647088557442480e-01
3.289593306845981502e-01
1.862178844617261020e-01
2.496287219056564366e-01
2.006821758799705036e-01
3.181161173396902520e-01
9.127994489886100127e-02
2.411422439513106197e-01
3.300339998223292270e-01
1.274343289932880208e-01
2.357103640757064744e-01
3.033546427167759241e-01
2.000274131621861684e-01
5.855836410792173569e-02
9.181774204641922343e-02
2.470054546359686243e-01
5.503185614623557625e-02
3.072839723301811765e-01
7.394995671558940442e-02
3.249610926869299643e-01
1.650522940051643295e-01
2.287717784313671177e-01
1.459691393226831835e-01
2.688269180392467983e-01
3.502832590669647805e-01
3.170765510429840450e-01
1.848609441083305105e-01
3.539684358469806780e-01
2.971549088619006018e-01
3.065595593114458506e-01
1.234195900803382595e-01
1.020698672045851491e-01
1.521898402325983224e-01
2.401533725354726145e-01
3.558107076434302019e-01
1.707536530321116797e-01
3.599677139320556774e-01
3.337765070258442712e-01
3.098842875126529561e-01
1.867172120496928267e-01
1.914329082106824564e-01
7.882310438985588863e-02
3.566457016149744419e-01
3.249136369832361648e-01
3.119627427897318783e-02
2.955298805865735207e-02
9.031763631502918999e-02
1.529118642426947061e-01
4.588539521645379655e-03
1.757199335967745413e-01
9.317740310710785623e-02
1.109584106231502193e-01
2.958235281129772964e-01
1.168070571841923894e-01
1.489889373811642548e-01
3.438176032145282557e-01
1.801998147440660447e-01
7.362098647577544619e-03
1.967848575531438993e-01
2.052529425934633001e-01
2.175836601467074638e-01
3.431390358738751756e-01
3.261637568718676605e-01
3.654120968753064580e-01
3.119393124752588634e-02
1.726350657384870535e-01
2.068786764876721085e-01
3.146723980690778188e-01
7.961254430477081312e-02
1.625811655272169642e-01
8.609667802882253751e-02
9.776176483209049473e-02
2.638712859601346494e-01
1.222771132851498271e-01
6.733697796875809383e-02
2.980880526136614472e-01
1.310153061056515966e-01
1.569887574806440866e-01
3.285261160464927332e-01
3.271913541614273613e-01
2.669535385306789355e-01
2.497971845864860041e-01
3.568456453057773925e-01
1.167748584759355640e-01
5.180830705818512127e-02
8.110160358048325302e-02
1.499955592318069908e-01
1.009081409603736768e-01
9.448455748618679595e-02
2.922193546396442687e-01
7.414852548153856582e-02
2.134553903347956028e-01
2.665842014394429471e-01
1.571087506617745433e-01
5.406177862834464498e-02
2.896152055559833571e-01
2.365645385091697528e-01
8.928911605402424512e-02
3.069267865274336038e-01
2.112765478750286974e-01
3.376992401087081652e-01
3.548494682177429360e-01
2.510478456846260142e-01
1.623624227605867387e-01
3.102455007952090171e-01
2.258081284216415796e-01
1.106299948702145208e-01
2.156486195942524386e-01
2.283004369922375376e-01
1.895783159664119755e-01
3.594728639072158338e-01
8.634780090381138917e-02
3.082290151437220849e-01
2.806890828592191189e-01
1.088506580284082786e-01
3.289670382497940082e-01
2.038613850994106247e-01
3.315111651396123182e-01
1.143889640651741535e-01
2.539013485663460523e-01
2.267501516325369226e-01
1.753758105396151512e-01
2.482723933853752951e-01
3.368292087872344354e-01
2.012837597923563260e-01
1.831419675814104364e-01
3.468740125737238555e-01
9.169189351258875964e-02
3.309803795028569140e-01
3.289420020590097526e-01
7.547386853619937608e-02
2.784276479139261573e-01
3.572413475043324516e-01
3.621129967146185513e-01
2.955298805865735207e-02
3.370890830574538866e-01
2.434966607324665633e-01
2.770219293712117281e-01
2.135349751708869037e-01
1.234357045124389735e-01
6.806861645574892317e-02
8.780648540153815351e-02
2.386932359432417106e-01
3.465389271766311508e-01
7.849392663674407966e-02
1.412028902628842397e-01
2.848101016530191210e-01
6.817495684949373413e-02
8.866266030362639217e-02
3.246796714783264370e-01
1.154456998891552483e-01
1.986085420619006503e-01
1.922716423357870297e-01
2.656496085523525896e-01
2.638712859601346494e-01
2.692789755005400298e-01
3.589380839183456406e-01
1.944160847728956809e-01
1.527083030544676423e-01
3.326794133725751723e-01
6.789480075936124570e-02
7.641050371833525701e-02
2.395220514288899649e-01
5.876642354412989211e-02
3.462164414530256029e-01
2.540556021272033504e-01
2.864433967647586621e-01
3.375422354554588611e-01
1.480899628245658795e-01
2.807386044800341263e-01
3.410023972988919794e-01
2.901803134993056754e-01
8.193486459234079755e-02
3.540586395979778978e-01
9.219963484298694667e-02
2.317888165872009909e-01
1.039329915433511026e-01
2.747528806996500372e-01
2.804939703700713993e-01
2.510874688710577063e-01
3.545574644027473243e-01
1.195730512084876157e-01
1.962356209298833087e-01
2.175837449876842911e-01
2.867563809588923318e-01
3.615615166613073694e-01
2.160235322764684773e-01
2.269409667507238382e-01
3.071466806039723219e-01
1.325570500952314573e-02
2.061651686716928777e-01
2.886966102745201490e-01
1.038468443687989295e-01
2.095393737545950263e-01
3.324068459925281771e-01
3.411961549193055498e-01
3.656070263525594277e-01
1.711798576624193602e-01
3.237824536356260219e-01
2.384717055222539128e-01
1.873373412496787405e-01
2.685032253818205317e-01
2.657182762371826379e-01
3.655532958640884678e-01
3.365769676011048372e-01
6.866099518802741553e-02
1.340857784103068606e-01
1.172503648931700615e-01
2.516367365843426018e-01
4.115272857684305896e-02
1.816867765548239033e-01
1.107028935597973163e-01
2.942739909436714041e-01
1.241604237093506535e-01
2.713661309470840055e-01
3.158832452657200363e-01
2.947902379957696994e-01
2.480176320924795119e-01
3.086122975422098680e-01
1.018632242843839630e-01
6.242492152048120108e-02
3.190131758827853825e-01
1.654428452338307931e-01
2.505186606410316208e-01
3.560427096157219307e-01
1.485527027347021689e-01
2.258481228162009247e-01
2.926061994044668602e-01
1.124036537783016931e-01
1.029555478454234757e-01
1.084442476486442569e-01
1.645428290142192385e-01
2.082142122374046611e-01
3.630388189299280643e-01
2.489276738312293513e-01
3.053547033986848680e-01
2.803795870989011507e-01
3.616202653525762423e-01
8.552428337781271817e-02
3.652610637920917780e-01
1.440978527424291722e-01
1.475527528865957227e-01
9.551473488493272823e-02
2.272573655200814113e-01
2.124932470792577910e-01
2.539569599121553889e-01
6.647044359816292602e-02
8.646160047039154473e-02
3.008904205148584254e-01
1.570530455251488988e-01
5.541401895842348879e-02
2.112765478750286974e-01
2.575548353483075870e-01
3.576927569414524721e-01
8.682395509929229094e-02
3.135805317048414032e-01
3.103023271628921886e-01
1.320449548503513371e-01
3.235203038018149013e-01
3.571977125702873734e-01
3.532971184123386288e-01
1.033523016380020060e-01
2.356738031437378145e-01
3.551788699440958097e-01
3.280546352515556485e-01
3.576212922929583038e-01
1.961538040358349888e-01
1.733407913893634800e-01
2.572809216603661464e-01
3.012352860884016104e-01
1.266567502325126604e-01
1.370659268490237448e-01
3.019873257992432003e-01
3.413743831024097508e-01
3.133072268438101271e-01
2.395611145285486965e-01
1.047706698322026925e-01
3.536512874572827481e-01
3.454714608009366028e-01
8.517027130132420742e-02
1.004565396943502970e-01
1.127778488054286821e-01
