1.870181615103587262e-03
7.855575402489854003e-04
8.864885486333792331e-04
8.095806554451562232e-04
5.123065967385425018e-04
1.162022853233754668e-03
9.315438916701802461e-04
3.400209841603032881e-03
1.475743511333266157e-03
8.390831159467480958e-04
9.564716760145523583e-04
2.105914283880243060e-03
7.436649764262816265e-04
1.068279215723303907e-03
1.852243104681231727e-03
4.762381580256886478e-04
5.286339008327005677e-04
7.932610837782164267e-04
5.260454862280253404e-04
5.367945641191618081e-04
5.194621783840404437e-04
7.209727077143455228e-04
4.845694272825358659e-04
5.373556557847765196e-04
1.014141344721069052e-03
8.706064540902269059e-04
6.911026828358087003e-04
5.821942005008431042e-04
1.199183946769131559e-03
1.237301287325014588e-03
4.751589196845859672e-04
6.025280064888429528e-04
6.525163443287151834e-04
8.864885486333792331e-04
7.695623960235224627e-04
6.165378814978156145e-04
8.298629684482381657e-04
6.031748912161691636e-04
2.034100531608464772e-03
4.854965170693051530e-04
1.010599699829319541e-03
6.277630791631484079e-04
8.715381234951763683e-04
7.276166905505161231e-04
7.492920886009346755e-04
6.377806154475021069e-04
5.892766527206208397e-04
6.807490234382303305e-04
6.713002248439419676e-04
7.736011275315658828e-04
5.347224076782005047e-04
5.350626100934969837e-04
9.804135602521468328e-04
9.978084920106598463e-04
7.258578797844832207e-04
9.015222827770848213e-04
1.242121680776084704e-03
5.851856268824231436e-04
1.785000243529593104e-03
9.355239983724652738e-04
6.108751772118446808e-04
5.996976494341670896e-04
4.658267226740600477e-04
7.127735026714878633e-04
4.556500654107180641e-04
7.802736969114371438e-04
8.900656950760925997e-04
5.028276260478132696e-04
1.010600328531132156e-03
7.752508894056221820e-04
6.598284409443292255e-04
6.143549861609366638e-04
7.695623960235224627e-04
6.025838432690404931e-04
1.431335117759607346e-03
6.830804382628070937e-04
6.245363856053138185e-04
8.059261040701133074e-04
5.518345288922736885e-04
6.086812418513818258e-04
6.956344874005365849e-04
6.341060985604231185e-04
8.241842224449399045e-04
4.973932110212226851e-04
1.224742575141959033e-03
7.407507564797840682e-04
9.379513771225399211e-04
5.472828590638541876e-04
6.481614569826836016e-03
6.358062128253093954e-04
1.026825739302638079e-03
4.914966709284322895e-04
6.915687412381543416e-04
8.454037177356635421e-04
1.582334102745606638e-03
9.715226495663433675e-04
5.115653368145352048e-04
1.948087791636645165e-03
8.586199728952836766e-04
4.527268264887821187e-04
5.806224853985127643e-04
1.060565862968108940e-03
4.622890728036815455e-04
5.548503785022346159e-04
1.486946506518121644e-02
2.109215092894687824e-03
8.331270548664182875e-04
5.699117455883409436e-04
6.758463254526958465e-04
1.437392770428662717e-03
5.503020733038646237e-04
1.805487440069770706e-03
9.063552738836912984e-04
5.383954589724935808e-04
5.549919260460183098e-04
6.078111763976260917e-04
6.676692055154076098e-04
1.367461283846088064e-03
3.031599481574083401e-03
7.228155481167846232e-04
8.840205698735603516e-04
8.500593687120271786e-04
7.502180318344616947e-04
1.626835778448919995e-03
6.445535402636634170e-04
5.854332424616581765e-04
5.503492027116300327e-04
1.380085691566442863e-03
7.342046297987984190e-04
5.664314929656133696e-04
6.572810783794535462e-04
6.023595892487869276e-04
8.292174200386359662e-04
6.812348736925719203e-04
5.610259610852173133e-04
8.451892090917885762e-04
6.383583155297141215e-04
6.175834295396967792e-04
4.731000730459808379e-04
5.280784429438215629e-04
5.378283209624286874e-04
6.821643997206515127e-04
1.219016575817687869e-03
6.412332011146371557e-04
1.222136983752575463e-03
7.420471612854347880e-04
8.701555803651908616e-04
5.159783335946477268e-04
4.859736847969246278e-04
6.989416242373339312e-04
8.081470572379443641e-04
7.539103835579150266e-04
7.947458389517136771e-04
4.743314568597929801e-04
1.792163199558072803e-03
8.005679829325755776e-04
7.530073636921209975e-04
5.982067097403080810e-04
7.324675535441080038e-04
6.285076450850958464e-04
6.123912277912098301e-04
8.773227207711328151e-04
6.062852023118563138e-04
5.989291100380524525e-04
1.300024054701434022e-03
1.416555228448328511e-03
9.535909326322907680e-04
7.076932737988092699e-04
8.495132238965771507e-04
8.248399402918777344e-04
1.142095601153366976e-03
1.641409556098638632e-03
6.800938135383212315e-04
1.195536420610242897e-03
8.144575787349152274e-04
5.704658282682196699e-04
1.536438016175636131e-03
1.429065875138463629e-03
1.719350836589697389e-03
1.308081334616796295e-03
6.676802245218381102e-04
8.010769497214673346e-04
2.158377022044799098e-03
8.007481918886229363e-04
8.301148881472343198e-04
5.000046629311474420e-04
4.510663965663049891e-04
6.489628811872641054e-04
7.029001880767551339e-04
5.500964841956454106e-04
7.661731672993701966e-04
9.672768340100296441e-04
4.816886812247967060e-04
1.355431053554175024e-03
6.393430137655219331e-04
5.862115388860722693e-04
7.614761508357222475e-04
5.778055868250208966e-04
5.644769966612810195e-04
9.973903683494183669e-04
4.578883049855418576e-04
6.001020458231774279e-04
5.996771330700360675e-04
6.272228856823717147e-04
1.052843424792678818e-03
3.213188140934492443e-03
6.172129169295709119e-04
7.072098339917669068e-04
1.250636833831817894e-03
1.532218046728198906e-03
1.342432072100502609e-03
6.962555378932084975e-04
5.548503785022346159e-04
5.907833776524340627e-04
9.988738561768335886e-04
6.124070169525899733e-04
4.995912462455317452e-04
4.830691634219095015e-04
1.358285046671914471e-03
7.303116161224215089e-04
9.730536711727347764e-04
1.354880270845936971e-03
4.624416071441709436e-04
9.088046074237316830e-04
8.723302387057027107e-04
9.228390082542493400e-04
5.168224725401854812e-04
5.112249419370910528e-04
1.111748082133028970e-03
4.897588177983425769e-04
4.713333156883650382e-04
8.599637398088170103e-04
7.867626842145746327e-04
6.646588691714850478e-03
7.082629172554867104e-04
1.376166327879341797e-03
5.080079493176789269e-04
8.991640097852866614e-04
8.554963054401430907e-04
1.732605203603536717e-03
6.823040644376981295e-04
8.028721330662466540e-04
8.718962950033854777e-04
5.320704053156968512e-04
5.981466779855068496e-04
6.641403491994902000e-04
8.899352356375784699e-04
6.301707986406156550e-04
6.893519876079481608e-04
1.557046980762182052e-03
1.079303553275652063e-03
1.099449480301194172e-03
6.947469754752948244e-04
9.410104547038397301e-04
7.091969553888239795e-04
9.363298864385221536e-04
1.522459203769443254e-03
1.610267120058703292e-03
1.293421695886846521e-03
1.484526362594580564e-03
5.932422235720161618e-04
1.024557543219024609e-03
9.595685638948815797e-04
5.678994812993422509e-04
4.994758935034404905e-04
7.244255739068227850e-04
5.011586214043923810e-04
8.283781676738649754e-04
1.365315292464872607e-03
9.506550353666168730e-04
7.241147399012274038e-04
9.571962220587943142e-04
6.611961820266799329e-04
9.416411979260271362e-04
7.526631497735601856e-04
9.465306126365057677e-04
6.978866407010187074e-04
1.042378937224192623e-03
1.043895275292290028e-03
7.988405109305455817e-04
8.696832672059863966e-04
6.214214950610103460e-04
1.220783707452770218e-03
1.159794878672204457e-03
7.070478126549020661e-04
1.852508739302687535e-03
1.044559549504366948e-03
8.101425417559905695e-04
7.984875594028599316e-04
7.939189529256232948e-04
9.906342998955148908e-04
5.479686326960641826e-04
9.555229140067544955e-04
6.359433135379072592e-04
2.847626533811093222e-03
7.094385982650597321e-04
5.837864402108373842e-04
6.419397578686366701e-04
7.362890082155588729e-04
5.345364484720838572e-04
1.299743384932313360e-03
5.334695926259376466e-04
4.468899122659257886e-03
7.813551829367015563e-04
2.553981777088400011e-03
1.051637483335374343e-03
6.286377927273980801e-04
1.805487440069770706e-03
8.001043451803271879e-04
1.233950699126260507e-03
9.389475438545783230e-04
1.130935708500642716e-03
9.650303578658736212e-04
7.988045048112851852e-04
7.692700668973875442e-04
7.882962523559570566e-04
7.184854932994448476e-04
8.906345983968330183e-04
1.071892177272948344e-03
1.016510611428553387e-03
7.910423538112777405e-04
5.169721707035996759e-04
5.404451023577629652e-04
6.125753902752357084e-04
1.609888267642918102e-03
7.818126787582599943e-04
9.415805428964903710e-04
5.360258283266172361e-04
1.104629283239866658e-03
7.323236075243837748e-04
8.942836764592565057e-04
1.587656819728645863e-03
1.062701425947812925e-03
4.661184134183549545e-04
6.400861110680732468e-04
1.345909899616087521e-03
5.905455404471125639e-04
5.326963684838782135e-04
8.586603390487085102e-04
5.070500235947881162e-04
2.255663209317106815e-03
4.577569248181887450e-04
7.845088153665476672e-04
6.083994397434127179e-04
9.363672522100721781e-04
1.226431975527692529e-03
6.151869475555363015e-04
5.260454862280253404e-04
1.411972012014415341e-03
5.618090979500783063e-04
4.826792410764059807e-04
1.207903706094363939e-03
4.911200642387457795e-04
7.324690289461945319e-04
5.034659960451549161e-04
6.470224459842218020e-04
1.135310044882919048e-03
1.258242010223610931e-03
8.669847666092705355e-04
6.766504383644317711e-04
5.102031373404814158e-04
5.200306492295472859e-04
6.046342042003933007e-04
6.927018804080153653e-04
5.996084317549681044e-04
7.602454045707012636e-04
5.492017689958700495e-04
4.468604144828674488e-04
8.005570126269700255e-04
4.205110037369902062e-03
1.204494372191916574e-03
9.739954316828893736e-04
1.660945701379081376e-03
6.035982068026416380e-04
5.744304455434522984e-04
5.339924874897734354e-04
5.407346321714928510e-04
8.701555803651908616e-04
6.833599443285577613e-04
7.072053543813387570e-04
5.540300846348286115e-04
1.049224093225679857e-03
9.650303578658736212e-04
1.445872115185437966e-03
6.393430137655219331e-04
5.868041693266990528e-04
8.520092949869466879e-04
1.394109450648046370e-03
2.882472128808042430e-03
7.231572697945138663e-04
8.367410508629733422e-04
4.766799114242384707e-04
4.976579058394183224e-04
6.440696654188166623e-04
6.729688802879616903e-04
8.001502189819541125e-04
1.569717001905881473e-03
6.774538819742483616e-04
7.595496675932642949e-04
2.157090392119888171e-03
5.440904486294338444e-04
6.526567801582848103e-04
1.320785697082452843e-03
8.570960655172690269e-04
4.627032992581282789e-04
5.670556384368328172e-04
2.360850571339144239e-03
6.430415319208084100e-04
8.826534561629667281e-04
7.057688099627040671e-04
8.272566218269693196e-04
4.627032992581282789e-04
1.366205674365491944e-03
1.538548270592267168e-03
5.970497187865564208e-04
9.089843970480977926e-04
9.057414878476993583e-04
5.002480581040077284e-04
7.114597069965760898e-04
3.403956995690551358e-03
5.344744265261009569e-04
1.327276116975394278e-03
1.245846935074899995e-03
6.224480711711084498e-04
5.595893072905833718e-04
1.564401349518291249e-03
1.199183946769131559e-03
6.429572589374069882e-04
1.170894641670552645e-03
6.285076450850958464e-04
7.977879386653379456e-04
6.631198060327588668e-04
1.114651962650308132e-03
9.116838459855761264e-04
7.185587091971377570e-04
6.123775180769836521e-04
1.323727619639561903e-03
7.146127699044422773e-04
7.458236036651572001e-04
6.532062441967577925e-04
2.368761821424199970e-03
5.611482656720815851e-04
7.782627433715323499e-04
8.482170078986777653e-04
5.419656485869209792e-04
7.782745069380773680e-04
1.839232911510709900e-03
6.646588691714850478e-03
6.637649114134792569e-04
5.558323313713791486e-04
1.043221749404971881e-03
5.181167182764141472e-04
2.719264935890809178e-03
1.435536068056038513e-03
9.959748367199315697e-04
8.817674590842814299e-04
1.043935025705320209e-03
2.431081459107036977e-03
6.843894675452562911e-04
2.029396286439204538e-03
4.874781224504759849e-04
1.137927702988988802e-03
7.215486341541036026e-04
8.545434699892367992e-04
1.049965595534989738e-03
6.999720201109236543e-04
8.521000953740182028e-04
4.691640312271150737e-04
1.263146707441077004e-03
3.720734175348742317e-03
7.359090276057710534e-04
1.163891065695097597e-03
1.094409985524570769e-03
1.175614299267400747e-03
2.717172553507897839e-03
2.107813577297953413e-03
9.146148822954036292e-04
1.099569615006735319e-03
6.279535213099136362e-04
8.932411078038249167e-04
1.068830658089325002e-03
9.299563397219393936e-04
1.137287440001257498e-03
7.441453679669013995e-04
9.397838566962404480e-04
1.542825315847696577e-03
8.987868811405313584e-04
7.079468400104824925e-04
5.988016645673210295e-04
4.865605557324236517e-04
5.327432765283603416e-04
7.750283665520585428e-04
7.548727646281657615e-04
2.647335188049446033e-03
5.481800068124699672e-04
1.092385782054680751e-03
6.511857225884433789e-04
5.881912855178827266e-04
4.968841583535021401e-04
8.651655897373736149e-04
7.154247444503400097e-04
7.909831615699045764e-04
7.471039415122291208e-04
4.973140676325353169e-04
1.404391076816483138e-03
5.222581169683898888e-04
6.257819108984326957e-04
8.766569647625084517e-04
5.396195095557744991e-04
1.384194349871448269e-03
8.119323712247959735e-03
3.905514582577606936e-03
1.208220255849788488e-03
8.482925606697340037e-04
6.194535119978761229e-04
4.744098713502120537e-04
5.339777243896887907e-04
1.700525561782026103e-03
5.951147887407930506e-04
1.033778751852017881e-03
1.114651962650308132e-03
7.519001193852964697e-04
6.936541381092576827e-04
6.304773367968194387e-04
5.226731816589319035e-04
9.181434670676781075e-04
7.097818059109564995e-04
7.388726849194965623e-04
8.531718858103316686e-04
9.999239946644929156e-04
6.523574078498240109e-04
5.892637385382723395e-04
5.953851330002061506e-04
1.594611101364318967e-03
5.111298398452099019e-04
6.797854184239322459e-04
6.079845527019765239e-04
7.789981375055335822e-04
5.260454862280253404e-04
4.539878935232037117e-04
5.707702736886182760e-04
6.511857225884433789e-04
7.915020381445004964e-04
2.724701834562228298e-03
1.878491231008302042e-03
7.082653032143627122e-04
8.040026123423560248e-04
1.675914185031435622e-03
5.910200311910288615e-04
8.897319154147477439e-04
1.141688276433042550e-03
1.395976785996113191e-03
1.194382852761363602e-03
1.401952924382281803e-03
7.771370503818700185e-04
9.973903683494183669e-04
7.143274681373186843e-04
1.361509792086680213e-03
7.807583666287718242e-04
5.356930211385271898e-04
6.418429762403897411e-04
5.669370469563271694e-04
1.062279199364819316e-03
6.966562783591555286e-04
6.432067585412167172e-04
6.101948397704434974e-04
8.784549814792524470e-04
6.216761316583240427e-04
6.452699685310624980e-04
5.466091024570701555e-04
8.134494934372895605e-04
4.797173491974099217e-04
5.450819326492722591e-04
5.692455083587685078e-04
9.718302833320425311e-04
1.895417040890244468e-03
4.962814587917141473e-04
8.948374175424096081e-04
6.104560719086076469e-04
6.529262646448913583e-04
9.620945828545944848e-04
5.314998838531023078e-04
1.137311141420301258e-03
1.099308685196673718e-03
1.452559076628274657e-03
5.323953523301027703e-04
6.021785268875539656e-04
1.036557957302304284e-03
8.236744761265375444e-04
1.103927782049213789e-03
5.452359171024711475e-04
1.226233686345221292e-03
1.260446656315966770e-03
6.121174160728977279e-04
8.557151107005405875e-04
9.146514162345799467e-04
5.928270184479334827e-04
1.206257485683733758e-03
1.218986943707168862e-03
7.205561964610179360e-04
7.589172715193914006e-04
2.717172553507897839e-03
7.992755411698475483e-04
1.791918914469249656e-03
1.160765622611199593e-03
6.529856139848653606e-04
4.041609349537744061e-03
1.338292294388522714e-03
4.436892652330816323e-04
6.546556185437296628e-04
6.445605236063139823e-04
7.832329169767486814e-04
9.920669375862590633e-04
2.981208990355147231e-03
1.797446835350756519e-03
5.574117720875571436e-04
1.113371838655650287e-03
9.279089755110553643e-04
5.490436837727286860e-04
9.587573175490165644e-04
8.092261104172908913e-04
5.124857014635919887e-04
8.026256456122964327e-04
7.777637871806441280e-04
5.407725663032148444e-04
8.199821183845311520e-04
4.483555822790462678e-03
4.069837982952895922e-03
5.827423346417752534e-04
1.202773288438926036e-03
7.924720979653350744e-04
8.731379782649392827e-04
1.175083531157815374e-03
5.779219448202431268e-03
1.031820201426591034e-03
7.146040725043744431e-04
7.215617598988666084e-04
1.200955625834753239e-03
1.052017844110145423e-03
6.796596581478818889e-04
4.713202819685468801e-04
7.382020456429542370e-04
7.116500226303573099e-04
8.165791892419747410e-04
8.249251094152717720e-04
1.347360549737400704e-03
6.502959167652251019e-04
5.134627175693999611e-04
6.122304690955489292e-04
4.922922492370306134e-04
6.449452162973354696e-04
9.961593180914886294e-04
1.902363267012695388e-03
4.413780405778695327e-03
4.803429881274174848e-04
1.417659690739769352e-03
1.198059796035238827e-03
5.655708593707708823e-04
9.945478108825003914e-04
8.778235864392265131e-04
6.307595301514332207e-04
7.678886249697535653e-04
8.137764931094897602e-04
1.200737887704631489e-03
6.357486715309946558e-04
4.981190988514002565e-04
7.577145965680767746e-04
3.310177290545269786e-03
2.296397067548695738e-03
8.107058743635042319e-04
7.127735026714878633e-04
1.416555228448328511e-03
7.620100634233586100e-04
9.342445071168873098e-04
6.384254522910097398e-04
1.090823302933072603e-03
8.527030303206094243e-04
8.719669453553222961e-04
7.137280122869078813e-04
8.575947491992389317e-04
5.355398652975284233e-04
9.974444482693236788e-04
5.667985231636835748e-04
1.813589350842201861e-03
5.495193957449340510e-04
8.500593687120271786e-04
8.215279299853782673e-04
9.057414878476993583e-04
4.954340576417690708e-04
1.094766207191935105e-03
5.926673143114016221e-04
6.431429364859535388e-04
5.881532881470699029e-04
7.519001193852964697e-04
5.456239029083353011e-04
6.653998503858081070e-04
6.108411453600615408e-04
1.504800516979232792e-03
6.983974931975062877e-04
8.246408716372193980e-04
2.827795918205208182e-03
7.632148986361931425e-04
6.305935603408693380e-04
1.629733900839109868e-03
1.005940604056043339e-03
9.720526971534703114e-04
8.686339140080225367e-04
1.511382533469655086e-03
7.052014547258985636e-04
2.775891203695046456e-03
7.723845562589274662e-04
6.054757857478163799e-04
1.119103814695149215e-03
6.550661550392072137e-04
7.006908027882673010e-04
5.524419479304300924e-04
6.218463515564788156e-04
5.015199645149309975e-04
4.605086025476114587e-04
5.787991792939723140e-04
9.989442043016646521e-04
6.366498276874216211e-04
4.601520143098946540e-04
9.635579805331873906e-04
9.816199972633430672e-04
9.042676442115211988e-04
9.479068551146834767e-04
5.445669586452915297e-04
7.331238913278944344e-04
6.180774013982970588e-04
5.874085752700258269e-04
7.603728599268152382e-04
4.824611452266548131e-04
9.029757449964666239e-04
1.522985489491834139e-03
1.203568578184608176e-03
6.238400319707969582e-04
4.764650563044859483e-04
5.636673050184445389e-04
1.343857101683232315e-03
1.490773815078300351e-03
5.503541866664983084e-04
6.625327383379603970e-04
9.650303578658736212e-04
8.242340274900745306e-04
6.836267954707084043e-04
7.557102552325453172e-04
6.157869158395562134e-04
5.531704323298838790e-04
4.927191244086408023e-04
6.327108674454306764e-04
9.381178260582599118e-04
1.158699047173908673e-03
9.268255567239512722e-04
1.456246026936495151e-03
1.637317548990680069e-03
9.228970328925775474e-04
5.198324630453052438e-04
1.096018335548558376e-03
5.957579750484571579e-04
6.164718783218927668e-03
7.802736969114371438e-04
2.360850571339144239e-03
6.882472749918493995e-04
3.138152279736624445e-03
8.527635833669392623e-04
1.690061658928602734e-03
8.699987354959343123e-04
3.563802275590480153e-03
5.392554680762186130e-04
4.602012350763913843e-04
4.637503902219486038e-03
2.184544876313288930e-03
1.297712742776927115e-03
4.547414077185497742e-04
5.493730436250568276e-04
6.321016257107432397e-04
1.004797130277970468e-03
6.659670406478482079e-04
1.541428856543799715e-03
5.880130871156882214e-04
6.765133529222899225e-04
6.249455904596397469e-04
2.719264935890809178e-03
6.518509067581128649e-04
7.504772663137417206e-04
8.864885486333792331e-04
4.783962851696134193e-04
6.512692422200929429e-04
9.248024631057061946e-04
1.091016116796355781e-03
8.269853084152840048e-04
6.136703227189643697e-04
7.969150190393168177e-04
6.258040627393968896e-04
1.033185182750649082e-03
6.512692422200929429e-04
6.991999319425844760e-04
5.559517994178091345e-04
5.222201217291224393e-04
5.248360300274590223e-04
5.585996076878565336e-04
1.052843424792678818e-03
5.154935330854274779e-04
8.081437795595672801e-04
5.337469572675090576e-04
5.142380355851078636e-04
1.450952735118159415e-03
2.841485941834894294e-03
3.274523738414383128e-03
5.669676928717825529e-04
5.346538664123938207e-04
7.976002924869786273e-04
6.915687412381543416e-04
8.303849537417728240e-04
1.117613184437988693e-03
9.613668304362328653e-04
1.071858316411217508e-03
1.047245432416648529e-03
6.710404608042327967e-04
6.022117992286463292e-04
1.106867698876510576e-03
5.176507800932902362e-04
8.343667867006105939e-04
2.647383382424964206e-03
1.233342944430332235e-03
4.354750115382158802e-03
2.316806266325536524e-03
6.813104683077545213e-04
6.159616470267175164e-04
1.516212805331539374e-03
8.178608558864615364e-04
2.109215092894687824e-03
1.198129871631145767e-03
7.889137463786508606e-04
8.060872545965505837e-04
5.578962479059752615e-04
1.545293263167656387e-03
5.784646182382110558e-04
6.065387693858790077e-04
7.028557773843277599e-04
1.681943261977011895e-03
5.344094567279452984e-04
8.410578239065555914e-04
1.475061822282121250e-03
7.005135392504974927e-04
1.191453632534507714e-03
7.680371475969958832e-04
1.517271644836718902e-03
5.992312915726709377e-04
9.382852575232291607e-04
7.772085121568797755e-04
8.866396136068582963e-04
1.458636965798685951e-03
1.383090066776852074e-03
5.304309826468453243e-04
7.634452145997678262e-04
1.095452927087191969e-03
8.387620728213163093e-04
9.431630450807596639e-04
1.337543159409782315e-03
9.708107362102411098e-04
5.948549194500253601e-04
8.417820922782581804e-04
5.768188156553006717e-04
9.171370615002960103e-04
1.820377286691624409e-03
9.715226495663433675e-04
2.029396286439204538e-03
5.301150641694057399e-04
8.211267904100586238e-04
5.640686564993980644e-04
5.074793301438082580e-04
9.297903964262591156e-04
5.699117455883409436e-04
8.694963895398458934e-04
5.643096525637905821e-04
6.238210184376544957e-04
5.333895802556168830e-04
9.972552150622981081e-04
9.574024693838314917e-04
5.351997618802238231e-04
8.283781676738649754e-04
8.454812267435768544e-04
8.049901033885032732e-04
6.801470440409767898e-04
6.375101250329015534e-04
7.670826362457823901e-04
4.735990478495681155e-04
1.233812346043445781e-03
4.680433033124097118e-04
6.368572966928806632e-04
4.999011211896508405e-04
5.874365184082599957e-04
8.920921654066742883e-04
6.274842632964053877e-04
6.762427077984945866e-04
5.401470876651481888e-04
9.506537870959392948e-04
2.478724260958522010e-03
5.882631749462807714e-04
5.667923559226792319e-04
1.194485642836423753e-03
5.252973012374452348e-04
9.265319437955536145e-04
5.749119748050362773e-04
6.691362557326188632e-04
7.210169089218579136e-04
5.921840548411758109e-04
6.908093130334804497e-04
5.181167182764141472e-04
7.683784118815273735e-04
8.223189308058809904e-04
5.438357670712715185e-04
6.580273602376207056e-04
5.595893072905833718e-04
1.355431053554175024e-03
5.370503664065006972e-04
1.103026675779055768e-03
8.803371318021847511e-04
2.001494166468188556e-03
6.571075574441312015e-04
6.036061676386903852e-04
1.933126489725640320e-03
8.549641051098843874e-04
3.739127520762263249e-03
5.297746146251794191e-04
9.692482027860601073e-04
7.565700303520526060e-04
9.295455624217751050e-04
6.556706691481592074e-04
5.375127212331109669e-04
5.479686326960641826e-04
8.481249740860786297e-04
6.381825402631916564e-04
1.447038282140406407e-03
5.294118153994195651e-04
4.856598505092093315e-04
7.271212390723192937e-04
9.698236657102062269e-04
7.593296217506085655e-04
5.696648913331215681e-04
9.285494209901460402e-04
5.564467756869434338e-04
8.144575787349152274e-04
8.342987730583402428e-04
7.549548332079834660e-04
4.783596723438599809e-04
1.104933817922457194e-03
7.078462742538939399e-04
6.371955718129140899e-04
1.366205674365491944e-03
6.173448415380078207e-04
7.492920886009346755e-04
3.259292567496851600e-03
6.998445418720774039e-04
6.573628170525580832e-04
6.051127783025979237e-04
5.124946949354899613e-04
1.113371838655650287e-03
6.910413446001556883e-04
5.708027470770291739e-04
2.387764969208156125e-03
1.821044797998392153e-03
5.883456282553932307e-04
5.186872933061304576e-04
1.343886277043852134e-03
7.915977263301915250e-04
1.612694381998488417e-03
1.156829009630854768e-03
7.609273821567755182e-04
2.219655292853909591e-03
5.773191641159446498e-04
6.042255541858670195e-04
2.136932629968018964e-03
2.158238175406986935e-03
1.372248039928751669e-03
5.104555521754522169e-04
5.024131991730613469e-04
6.869324694338182222e-04
5.726209336685388887e-04
4.868812890074178672e-04
8.138522805055918444e-04
8.212840399541659854e-04
1.106022020887218946e-03
5.262432939232157591e-04
9.961328727661211430e-04
7.096124627899324426e-04
6.958590780244370156e-04
5.297338094314747595e-04
5.153738363775856382e-04
1.421971627720591391e-03
8.870702147645093474e-04
9.058235488505098987e-04
6.991999319425844760e-04
2.814849414476163804e-03
6.124907308848319713e-04
5.252266800831565134e-04
9.357518351296003137e-04
7.471912857228820088e-04
