1.297310770649929168e+00
1.297318986042838906e+00
1.297319435848278468e+00
1.297315485856330053e+00
1.297316180999880775e+00
1.297316744779152486e+00
1.297318804482900489e+00
1.297310348495544607e+00
1.297310349133838914e+00
1.297311507453277946e+00
1.297320622928852973e+00
1.297311024828673442e+00
1.297312119815130282e+00
1.297316493020887584e+00
1.297313284898751418e+00
1.297310871607538552e+00
1.297316543368983055e+00
1.297313979928285788e+00
1.297313082604015566e+00
1.297317791060103920e+00
1.297312041574184560e+00
1.297315816966228441e+00
1.297310905357816679e+00
1.297310349949283070e+00
1.297314109372519120e+00
1.297311351099819543e+00
1.297310507845685246e+00
1.297311574983083249e+00
1.297318208897349834e+00
1.297310356138462240e+00
1.297320642727572748e+00
1.297310354056780524e+00
1.297312485708090879e+00
1.297313788152190561e+00
1.297310502578376434e+00
1.297314821273342744e+00
1.297310441296960049e+00
1.297312052250432890e+00
1.297312661418986934e+00
1.297314099950499289e+00
1.297318999442696352e+00
1.297314325574970173e+00
1.297310672989521407e+00
1.297319778387666656e+00
1.297311336249328928e+00
1.297319392683318862e+00
1.297312627973856713e+00
1.297312904455387494e+00
1.297312174620360636e+00
1.297310354101385288e+00
1.297310367354331806e+00
1.297320982547034429e+00
1.297316275570757904e+00
1.297311086177204364e+00
1.297178919026243049e+00
1.297312296138449783e+00
1.297311248483758561e+00
1.297312872783575877e+00
1.297319940120100323e+00
1.297311862921989523e+00
1.297311862921989523e+00
1.297311551319466183e+00
1.297321040779907841e+00
1.297316301727042820e+00
1.297310426865587285e+00
1.297311333893605312e+00
1.297310536540793091e+00
1.297310372430613423e+00
1.297310694665150921e+00
1.297312083630542734e+00
1.297316963517239463e+00
1.297318533077503222e+00
1.297316180999880775e+00
1.297317407572313508e+00
1.297321354175853036e+00
1.297311912770824582e+00
1.297310384429015695e+00
1.297310346721114449e+00
1.297317384204028201e+00
1.297315579717448708e+00
1.297312302826569175e+00
1.297311332962258756e+00
1.297312290798876555e+00
1.297310359208081465e+00
1.297313866272160610e+00
1.297314881263851749e+00
1.297320403112674381e+00
1.297315172217014423e+00
1.297310389868352898e+00
1.297317559491421912e+00
1.297314989647337935e+00
1.297319336640088583e+00
1.297314376935647218e+00
1.297315784361331215e+00
1.297316138110853334e+00
1.297310694665150921e+00
1.297320850043379270e+00
1.297310625839039666e+00
1.297312172228759053e+00
1.297318631212070361e+00
1.297310353260433535e+00
1.297313900865230796e+00
1.297313374000352848e+00
1.297313336584412724e+00
1.297315253542623781e+00
1.297311522326710875e+00
1.297312231546132955e+00
1.297318685564849750e+00
1.297315955280253119e+00
1.297317440917613807e+00
1.297312008812496753e+00
1.297310348495544607e+00
1.297312661418986934e+00
1.297314560052037047e+00
1.297314195963786831e+00
1.297311090840931103e+00
1.297310694665150921e+00
1.297310570061625867e+00
1.297310945438678420e+00
1.297315386395147874e+00
1.297311039231997087e+00
1.297319099404315335e+00
1.297310973574207216e+00
1.297310749857374157e+00
1.297318911633879912e+00
1.297312157352068507e+00
1.297310432548450576e+00
1.297316963517239463e+00
1.297319051703216708e+00
1.297312939619428285e+00
1.297311492740271577e+00
1.297311037249409438e+00
1.297318896466466143e+00
1.297315623161861220e+00
1.297310369040729272e+00
1.297312159676860199e+00
1.297314417936237474e+00
1.297310630215552374e+00
1.297319702627305338e+00
1.297310452296429828e+00
1.297318114383375631e+00
1.297312661633872599e+00
1.297318551132586206e+00
1.297311279318389854e+00
1.297312126449695180e+00
1.297321036595629140e+00
1.297317035810356733e+00
1.297314458187086128e+00
1.297313002713462504e+00
1.297310743461038474e+00
1.297310926933113340e+00
1.297320982547034429e+00
1.297319998983555989e+00
1.297316017107726260e+00
1.297320207855586993e+00
1.297310358794993901e+00
1.297317618432352271e+00
1.297310931762183372e+00
1.297321393698702918e+00
1.297310495532799868e+00
1.297312779521172299e+00
1.297313504772638515e+00
1.297317775127422523e+00
1.297313343649007855e+00
1.297317907775152657e+00
1.297312661418986934e+00
1.297310452234655243e+00
1.297314055064415328e+00
1.297312026049923794e+00
1.297312163748493452e+00
1.297317464012250232e+00
1.297318402837960072e+00
1.297317661910682762e+00
1.297313706961870983e+00
1.297320304142701719e+00
1.297313705122445704e+00
1.297316713350953776e+00
1.297313932507118128e+00
1.297317048384942328e+00
1.297310829446924663e+00
1.297321036595629140e+00
1.297317009462060078e+00
1.297319407105604228e+00
1.297311932354435093e+00
1.297311562425513598e+00
1.297320462780863881e+00
1.297319000403910128e+00
1.297311123523588350e+00
1.297311622838484224e+00
1.297310349133838914e+00
1.297310432897998300e+00
1.297310398191992231e+00
1.297312654244854535e+00
1.297315468939037819e+00
1.297319678931128983e+00
1.297311328329823876e+00
1.297312024666273711e+00
1.297311249979652858e+00
1.297318524599755163e+00
1.297316418988787357e+00
1.297311163262959477e+00
1.297310397588983477e+00
1.297311786774652420e+00
1.297316173653871862e+00
1.297320982547034429e+00
1.297311729665538760e+00
1.297318898832144463e+00
1.297317857995590629e+00
1.297317440993182469e+00
1.297320115661147133e+00
1.297318746899421615e+00
1.297316209898246253e+00
1.297319435848278468e+00
1.297310391770471583e+00
1.297312654244854535e+00
1.297311336178704089e+00
1.297314169395649142e+00
1.297312119815130282e+00
1.297317337990406383e+00
1.297312382055841207e+00
1.297311082375338209e+00
1.297311810013141553e+00
1.297310347408932918e+00
1.297310442687227949e+00
1.297312234022142130e+00
1.297319099404315335e+00
1.297313945883572961e+00
1.297311715358193895e+00
1.297310390987874928e+00
1.297310953583568960e+00
1.297317122840199621e+00
1.297310728111732647e+00
1.297310944794007881e+00
1.297313979928285788e+00
1.297312164966804238e+00
1.297313886742919697e+00
1.297310944794007881e+00
1.297311187238095798e+00
1.297311214481259523e+00
1.297311281653470871e+00
1.297310900405598044e+00
1.297315115567895694e+00
1.297316180999880775e+00
1.297321186015295114e+00
1.297318412628925888e+00
1.297313246344120596e+00
1.297319099404315335e+00
1.297311412035692779e+00
1.297312904455387494e+00
1.297319687903199403e+00
1.297310658970648456e+00
1.297315790064892393e+00
1.297316744779152486e+00
1.297312661633872599e+00
1.297313576134102364e+00
1.297315229826281779e+00
1.297313975840891143e+00
1.297313803347328820e+00
1.297318402837960072e+00
1.297319225643342122e+00
1.297310507115059908e+00
1.297319934157734611e+00
1.297314052151158137e+00
1.297311591294011857e+00
1.297319441835473208e+00
1.297312737736005195e+00
1.297310452951159654e+00
1.297318804482900489e+00
1.297317488598271229e+00
1.297317370084524413e+00
1.297318177415391016e+00
1.297315955280253119e+00
1.297314038577426887e+00
1.297314109372519120e+00
1.297310349367811755e+00
1.297310376076017624e+00
1.297315535001428266e+00
1.297314038577426887e+00
1.297316521540780254e+00
1.297320721520379472e+00
1.297310357486678667e+00
1.297316306572242173e+00
1.297311894800402765e+00
1.297310715186986707e+00
1.297310612305406563e+00
1.297312433600278370e+00
1.297317968721119819e+00
1.297316298062871409e+00
1.297311524498380830e+00
1.297318507487157158e+00
1.297310591011182623e+00
1.297314403698738738e+00
1.297313142201002023e+00
1.297314099950499289e+00
1.297312130547304321e+00
1.297315644409281044e+00
1.297313504908630399e+00
1.297313900328499692e+00
1.297319464821596213e+00
1.297311551319466183e+00
1.297310391770471583e+00
1.297314195963786831e+00
1.297320541959384732e+00
1.297314490402028841e+00
1.297319879606216197e+00
1.297318114383375631e+00
1.297313495324220023e+00
1.297317506824109401e+00
1.297315423431161241e+00
1.297311631174545621e+00
1.297313351023746453e+00
1.297317931631941201e+00
1.297312261104443643e+00
1.297311271966513857e+00
1.297313526549653373e+00
1.297316672038085761e+00
1.297313504772638515e+00
1.297312039046520482e+00
1.297316744779152486e+00
1.297316275570757904e+00
1.297314819697509058e+00
1.297319013550839895e+00
1.297311563703243964e+00
1.297310441296960049e+00
1.297316906335994835e+00
1.297310625839039666e+00
1.297310347452753865e+00
1.297315386395147874e+00
1.297315839097144208e+00
1.297310579002081576e+00
1.297310863061956532e+00
1.297321182650232219e+00
1.297312904455387494e+00
1.297312805726859475e+00
1.297311556666259857e+00
1.297312041574184560e+00
1.297310354559524592e+00
1.297310524979204960e+00
1.297315880093017348e+00
1.297313982856214798e+00
1.297310529091826314e+00
1.297318177415391016e+00
1.297310422542788277e+00
1.297314348000663919e+00
1.297319678931128983e+00
1.297317699260712276e+00
1.297319000403910128e+00
1.297310648345619377e+00
1.297311667886198006e+00
1.297310694665150921e+00
1.297317901925063133e+00
1.297310925583765595e+00
1.297311511901745540e+00
1.297320254828979946e+00
1.297310422542788277e+00
1.297318507487157158e+00
1.297311158136289944e+00
1.297311940720577761e+00
1.297313875368252933e+00
1.297314816387014069e+00
1.297310843696279026e+00
1.297317384204028201e+00
1.297310620088387711e+00
1.297310627434861141e+00
1.297312744596810452e+00
1.297310502578376434e+00
1.297315705920163875e+00
1.297313075716712394e+00
1.297311271966513857e+00
1.297315143202857124e+00
1.297311786774652420e+00
1.297316955430618535e+00
1.297319460188219198e+00
1.297312628645366228e+00
1.297312530579939338e+00
1.297310822097242466e+00
1.297310507687728931e+00
1.297310661053185710e+00
1.297313886742919697e+00
1.297310349997147005e+00
1.297313089993322288e+00
1.297319732715277008e+00
1.297318210123158178e+00
1.297310442687227949e+00
1.297311376126808913e+00
1.297311880587397104e+00
1.297310769064127678e+00
1.297316180153776033e+00
1.297319563406082343e+00
1.297310389868352898e+00
1.297314819697509058e+00
1.297315935373588580e+00
1.297310945438678420e+00
1.297311310412326835e+00
1.297310818300326574e+00
1.297315320296047236e+00
1.297311825674999586e+00
1.297310351260889894e+00
1.297313709904657220e+00
1.297319891826328009e+00
1.297311893088565427e+00
1.297310371508033189e+00
1.297316341555952102e+00
1.297316226775052872e+00
1.297312428572237497e+00
1.297310422542788277e+00
1.297317612061153813e+00
1.297316713350953776e+00
1.297318492496098319e+00
1.297310699505332066e+00
1.297317786319736044e+00
1.297312613491176103e+00
1.297314490402028841e+00
1.297310390987874928e+00
1.297317968721119819e+00
1.297318804482900489e+00
1.297310354101385288e+00
1.297315969674903036e+00
1.297315795368854774e+00
1.297311541368203480e+00
1.297316767314851793e+00
1.297317795840493782e+00
1.297311082375338209e+00
1.297312101318213173e+00
1.297313441548531676e+00
1.297312749066060089e+00
1.297310414632344200e+00
1.297310961044965349e+00
1.297314490402028841e+00
1.297319940120100323e+00
1.297313886742919697e+00
1.297318950083223399e+00
1.297311558682933574e+00
1.297310349620331094e+00
1.297310529091826314e+00
1.297311163295420400e+00
1.297317576144896289e+00
1.297310354101385288e+00
1.297315236945138839e+00
1.297318451059745748e+00
1.297310858077047380e+00
1.297320113293891852e+00
1.297319013550839895e+00
1.297313523365662080e+00
1.297312779521172299e+00
1.297311576922394627e+00
1.297313811151886043e+00
1.297311124161097728e+00
1.297313684722385396e+00
1.297314055064415328e+00
1.297316297012200526e+00
1.297311507453277946e+00
1.297311807110983484e+00
1.297317791060103920e+00
1.297317483826425866e+00
1.297320541959384732e+00
1.297311925392181875e+00
1.297313129780080398e+00
1.297316180153776033e+00
1.297316963517239463e+00
1.297310384429015695e+00
1.297317819548429840e+00
1.297313551236240148e+00
1.297314099950499289e+00
1.297312119815130282e+00
1.297319000403910128e+00
1.297318950083223399e+00
1.297317184633350440e+00
1.297311587159489132e+00
1.297314165508866024e+00
1.297311037249409438e+00
1.297311124161097728e+00
1.297310687645803151e+00
1.297314119687285272e+00
1.297311980463145220e+00
1.297311306736962822e+00
1.297319873457133843e+00
1.297319674564326952e+00
1.297310648345619377e+00
1.297310347821861276e+00
1.297316963517239463e+00
1.297311347701166184e+00
1.297313095035844688e+00
1.297311281835374919e+00
1.297316645215936592e+00
1.297310889680746149e+00
1.297310583953469543e+00
1.297311195296150466e+00
1.297310710817674462e+00
1.297310691297151042e+00
1.297315411523944029e+00
1.297310349133838914e+00
1.297321082161751349e+00
1.297310797426410645e+00
1.297312572375463491e+00
1.297312508137707043e+00
1.297312791074623606e+00
1.297315164477140348e+00
1.297313689602355824e+00
1.297316174312848736e+00
1.297311078792812822e+00
1.297315181062338230e+00
1.297311559152030114e+00
1.297316672038085761e+00
1.297310349367811755e+00
1.297311746589985937e+00
1.297320126749066604e+00
1.297319950480407824e+00
1.297320261319525603e+00
1.297312647700273214e+00
1.297311470205214423e+00
1.297312510313415324e+00
1.297316672038085761e+00
1.297313975840891143e+00
1.297310611115926715e+00
1.297320300446161090e+00
1.297316772584836020e+00
1.297315386804720250e+00
1.297311525334489346e+00
1.297314099950499289e+00
1.297311074690941979e+00
1.297310349367811755e+00
1.297313337744992801e+00
1.297317253757568123e+00
1.297315044124133676e+00
1.297311340808505742e+00
1.297178919026243049e+00
1.297318993255953234e+00
1.297311717729644931e+00
1.297315273287551918e+00
1.297311039231997087e+00
1.297311154478304029e+00
1.297310949607533237e+00
1.297317517826697131e+00
1.297311082375338209e+00
1.297310371836344345e+00
1.297314417936237474e+00
1.297318993255953234e+00
1.297313142201002023e+00
1.297311562425513598e+00
1.297311650861550980e+00
1.297311090840931103e+00
1.297316543368983055e+00
1.297313178150721225e+00
1.297317133677470702e+00
1.297320731230579671e+00
1.297313764661789826e+00
1.297310863061956532e+00
1.297310694665150921e+00
1.297314308829257135e+00
1.297311044991598994e+00
1.297314215641857116e+00
1.297315320296047236e+00
1.297317576144896289e+00
1.297311044991598994e+00
1.297310421490070587e+00
1.297311310412326835e+00
1.297312564344982766e+00
1.297310625839039666e+00
1.297312827753684061e+00
1.297311915816044881e+00
1.297310694665150921e+00
1.297311746589985937e+00
1.297321174498526464e+00
1.297310376076017624e+00
1.297318110572177607e+00
1.297310351260889894e+00
1.297312628645366228e+00
1.297313704912639309e+00
1.297313705122445704e+00
1.297316658278013346e+00
1.297312551557979976e+00
1.297321067961088925e+00
1.297312654244854535e+00
1.297311271966513857e+00
1.297312779521172299e+00
1.297318375447661598e+00
1.297311039231997087e+00
1.297311777164487090e+00
1.297310428116941861e+00
1.297321362446278936e+00
1.297318804482900489e+00
1.297314572821634204e+00
1.297317440917613807e+00
1.297314993477285405e+00
1.297314403698738738e+00
1.297313945883572961e+00
1.297310812663914792e+00
1.297318731743165587e+00
1.297310483524536373e+00
1.297311154478304029e+00
1.297310625839039666e+00
1.297312426962057508e+00
1.297310391345553260e+00
1.297314359417670593e+00
1.297310625839039666e+00
1.297320261319525603e+00
1.297310694067678627e+00
1.297317464012250232e+00
1.297312060950275292e+00
1.297313945883572961e+00
1.297317497528745367e+00
1.297312882070519313e+00
1.297311715358193895e+00
1.297315770187860373e+00
1.297314993477285405e+00
1.297310520452818361e+00
1.297313704349108088e+00
1.297310878092815756e+00
1.297315386804720250e+00
1.297317791060103920e+00
1.297311286298138855e+00
1.297319819114896022e+00
1.297317498601892716e+00
1.297313791590705367e+00
1.297313050894774777e+00
1.297314560052037047e+00
1.297310495532799868e+00
1.297317661910682762e+00
1.297315557173959188e+00
1.297312664690049244e+00
1.297314001282078300e+00
1.297318210123158178e+00
1.297316275570757904e+00
1.297318106917406677e+00
1.297310979631396410e+00
1.297311039231997087e+00
1.297310473204274839e+00
1.297312577071194628e+00
1.297318990229836100e+00
1.297312381091827671e+00
1.297319950480407824e+00
1.297318202703221290e+00
1.297313269416614734e+00
1.297313736156660458e+00
1.297313778268472717e+00
1.297313746136357082e+00
1.297316300215781482e+00
1.297316581739204944e+00
1.297315148252633721e+00
1.297311893088565427e+00
1.297314109372519120e+00
1.297321208367482992e+00
1.297311563703243964e+00
1.297311470205214423e+00
1.297311059536227384e+00
1.297313663614006574e+00
1.297315386804720250e+00
1.297311715358193895e+00
1.297314993477285405e+00
1.297316176956478717e+00
1.297314102767086696e+00
1.297310800014606080e+00
1.297313709904657220e+00
1.297311271966513857e+00
1.297319873457133843e+00
1.297312220228193702e+00
1.297311980868704806e+00
1.297310354807616806e+00
1.297311336249328928e+00
1.297320818849327706e+00
1.297316824175151595e+00
1.297313374000352848e+00
1.297313778268472717e+00
1.297316766835898694e+00
1.297318771417516725e+00
1.297315248466212267e+00
1.297315276909047244e+00
1.297310614807110740e+00
1.297310918377562405e+00
1.297312577071194628e+00
1.297316174312848736e+00
1.297310349367811755e+00
1.297313736156660458e+00
1.297310489665495892e+00
1.297311591294011857e+00
1.297317440917613807e+00
1.297314102767086696e+00
1.297319099404315335e+00
1.297312321157238602e+00
1.297312382055841207e+00
1.297312828591570266e+00
1.297310356384109520e+00
1.297310507687728931e+00
1.297320115661147133e+00
1.297310349997147005e+00
1.297310495227013583e+00
1.297313654391357485e+00
1.297320009441673694e+00
1.297313504772638515e+00
1.297313705122445704e+00
1.297318926611747525e+00
1.297313875368252933e+00
1.297315057883672962e+00
1.297310350188611849e+00
1.297310557232640882e+00
1.297310710817674462e+00
1.297315617124640719e+00
1.297318857103168854e+00
1.297321385117757631e+00
1.297313705122445704e+00
1.297320587038161888e+00
1.297311856654151718e+00
1.297321385117757631e+00
1.297310617612912553e+00
1.297315953068731265e+00
1.297311117865341812e+00
1.297311502440354314e+00
1.297310354101385288e+00
1.297316223119571177e+00
1.297313566214226332e+00
1.297312749653766417e+00
1.297311037249409438e+00
1.297317694610631067e+00
1.297311537508947454e+00
1.297316308647081584e+00
1.297310536540793091e+00
1.297315386395147874e+00
1.297312265633565831e+00
1.297311563703243964e+00
1.297314359417670593e+00
1.297312737736005195e+00
1.297310925583765595e+00
1.297314960351631408e+00
1.297313706961870983e+00
1.297310955309656011e+00
1.297311271966513857e+00
1.297312008812496753e+00
1.297312744596810452e+00
1.297311667886198006e+00
1.297310445916823651e+00
1.297313716664801442e+00
1.297312737736005195e+00
1.297310694665150921e+00
1.297317694610631067e+00
1.297316083267188613e+00
1.297314354276545290e+00
1.297319934157734611e+00
1.297311175323999199e+00
1.297312974400931296e+00
1.297310371508033189e+00
1.297310944794007881e+00
1.297312231546132955e+00
1.297315965354399969e+00
1.297311727500670031e+00
1.297316955430618535e+00
1.297316744779152486e+00
1.297311572593556672e+00
1.297310512336477872e+00
1.297312328256560843e+00
1.297310613930550138e+00
1.297312220228193702e+00
1.297315848574057462e+00
1.297310371836344345e+00
1.297310922193388061e+00
1.297312599066533068e+00
1.297312805726859475e+00
1.297310627434861141e+00
1.297312828591570266e+00
1.297319819114896022e+00
1.297312870826205611e+00
1.297317694610631067e+00
1.297312499465785640e+00
1.297317879646926686e+00
1.297313538923646536e+00
1.297314570135981393e+00
1.297310533675930300e+00
1.297311591294011857e+00
1.297314261108725830e+00
1.297310591011182623e+00
1.297318375447661598e+00
1.297310391770471583e+00
1.297310786383852665e+00
1.297310384429015695e+00
1.297316744779152486e+00
1.297312008812496753e+00
1.297310699505332066e+00
1.297317701069261142e+00
1.297310398897302042e+00
1.297311893088565427e+00
1.297310369040729272e+00
1.297313790482183649e+00
1.297310357030963202e+00
1.297319996223462946e+00
1.297310348181270223e+00
1.297321036595629140e+00
1.297316880887042334e+00
1.297313990473993206e+00
1.297311572593556672e+00
1.297320139017900775e+00
1.297312516938560867e+00
1.297311340808505742e+00
1.297318999442696352e+00
1.297311287656631729e+00
1.297314232375426757e+00
1.297316077711852422e+00
1.297315957373123885e+00
1.297315423431161241e+00
1.297320304142701719e+00
1.297313089993322288e+00
1.297314154580475165e+00
1.297311037249409438e+00
1.297311746589985937e+00
1.297311967130870825e+00
1.297311020556452865e+00
1.297313775668445635e+00
1.297313168742935785e+00
1.297319876016128193e+00
1.297310412131254642e+00
1.297319950480407824e+00
1.297318202703221290e+00
1.297316975411612727e+00
1.297310625839039666e+00
1.297320942408425770e+00
1.297316744779152486e+00
1.297310479767303182e+00
1.297316645215936592e+00
1.297313539799076043e+00
1.297311246749410785e+00
1.297315698116621174e+00
1.297310900405598044e+00
1.297317362271911412e+00
1.297318534234498832e+00
1.297313296951549288e+00
1.297317362271911412e+00
1.297311421159069944e+00
1.297311039231997087e+00
1.297319575863991936e+00
1.297312041574184560e+00
1.297317440917613807e+00
1.297310356754117988e+00
1.297311636792541023e+00
1.297310424308945942e+00
1.297311746589985937e+00
1.297313551236240148e+00
1.297316667210929308e+00
1.297311082375338209e+00
1.297313881845294059e+00
1.297317468106036431e+00
1.297314055064415328e+00
1.297312779521172299e+00
1.297313046905591349e+00
1.297313504772638515e+00
1.297311862921989523e+00
1.297319674564326952e+00
1.297317837667976814e+00
1.297310354101385288e+00
1.297313886742919697e+00
1.297319873457133843e+00
1.297315248466212267e+00
1.297310391770471583e+00
1.297320113293891852e+00
1.297316209898246253e+00
1.297319452284308339e+00
1.297315955280253119e+00
1.297310422512892414e+00
1.297317468106036431e+00
1.297310694665150921e+00
1.297318229150515201e+00
1.297310692516765451e+00
1.297310347452753865e+00
1.297312296138449783e+00
1.297313137345465606e+00
1.297312971443740581e+00
1.297312473638891017e+00
1.297312562057292062e+00
1.297319678931128983e+00
1.297316159772476718e+00
1.297311187238095798e+00
1.297310447039068837e+00
1.297320587038161888e+00
1.297318424977925932e+00
1.297310387628876516e+00
1.297315172217014423e+00
1.297313681539421726e+00
1.297310352998550576e+00
1.297311048456966320e+00
1.297310394519898491e+00
1.297314168112837507e+00
1.297310655721480188e+00
1.297310979631396410e+00
1.297310452234655243e+00
1.297310346367323897e+00
1.297318551132586206e+00
1.297311310412326835e+00
1.297311980463145220e+00
1.297318856431187495e+00
1.297313983220745648e+00
1.297315085674588753e+00
1.297312340489116922e+00
1.297310349367811755e+00
1.297312749066060089e+00
1.297321236767853048e+00
1.297314490402028841e+00
1.297316162359285707e+00
1.297320278028522456e+00
1.297315839097144208e+00
1.297320357531345225e+00
1.297312278687342335e+00
1.297313736836702258e+00
1.297314490402028841e+00
1.297312510313415324e+00
1.297312185075757407e+00
1.297313788152190561e+00
1.297319000403910128e+00
1.297315623161861220e+00
1.297312828591570266e+00
1.297312789765173946e+00
1.297315728681357694e+00
1.297312982879677890e+00
1.297311351099819543e+00
1.297312870393258599e+00
1.297310447039068837e+00
1.297317795840493782e+00
1.297311107411875497e+00
1.297310391770471583e+00
1.297316671760753382e+00
1.297316277714946509e+00
1.297310391770471583e+00
1.297311744761722174e+00
1.297313077997886532e+00
1.297310503080967958e+00
1.297311997141592288e+00
1.297320331128433590e+00
1.297310487836904613e+00
1.297312473638891017e+00
1.297311952987538541e+00
1.297313495324220023e+00
1.297310977731852999e+00
1.297310871607538552e+00
1.297312130547304321e+00
1.297311277789192863e+00
1.297310824560480302e+00
1.297313746136357082e+00
1.297313142914753747e+00
1.297319099404315335e+00
1.297310474403475355e+00
1.297316346257421760e+00
1.297317003697634696e+00
1.297316944394359961e+00
1.297320988803344122e+00
1.297317178773783386e+00
1.297315107961340974e+00
1.297320668428537660e+00
1.297310426880816436e+00
1.297314993477285405e+00
1.297315935373588580e+00
1.297313796586505585e+00
1.297319931767037193e+00
1.297320121187591990e+00
1.297314377010607256e+00
1.297310800014606080e+00
1.297317795840493782e+00
1.297310377116155822e+00
1.297315276909047244e+00
1.297310365101542962e+00
1.297320288221760265e+00
1.297311980463145220e+00
1.297312507553907368e+00
1.297311980463145220e+00
1.297317362271911412e+00
1.297313137177596998e+00
1.297319147240169945e+00
1.297311037249409438e+00
1.297310426880816436e+00
1.297320261319525603e+00
1.297320668428537660e+00
1.297310371836344345e+00
1.297320113293891852e+00
1.297313812565680902e+00
1.297317073596266912e+00
1.297312220228193702e+00
1.297311173594599465e+00
1.297317487710647477e+00
1.297316807932553884e+00
1.297316817946614576e+00
1.297320113293891852e+00
1.297311442921549762e+00
1.297311405358652969e+00
1.297317440917613807e+00
1.297314881263851749e+00
1.297313746136357082e+00
1.297310889680746149e+00
1.297310614807110740e+00
1.297310936797739789e+00
1.297314006322621172e+00
1.297310705986560064e+00
1.297314305375443233e+00
1.297312450419252583e+00
1.297310873929491404e+00
1.297314693613712988e+00
1.297311315854364544e+00
1.297310367354331806e+00
1.297316766835898694e+00
1.297310495823456034e+00
1.297310942230603947e+00
1.297311214481259523e+00
1.297312231546132955e+00
1.297310893006745847e+00
1.297310390987874928e+00
