1.122167519139813496e+00
1.695933895722268492e+00
2.572808269957479688e+00
2.028452098854488239e-01
1.985006181003820647e+00
3.257822090152783789e-01
3.791690845299865997e-01
6.782891522182763477e-01
1.466333050867026089e-01
1.044421971294043905e+00
4.075203399842371788e+00
3.149893887934954173e-01
5.132502611479387022e-01
1.662990139981354865e-01
4.291617464443925889e-01
1.149985159854166605e+00
4.026009935537475104e-01
7.542788193963192445e-01
1.244024706310580930e+00
3.899871924053169181e+00
4.334381180028202274e-01
6.674595563534672926e-02
1.159043432220349557e+00
1.140168616035440591e-01
5.047476984719686532e-01
5.727953620170805893e-01
9.206225945124597576e-01
4.287172039220360498e-01
1.009861780961297306e+00
1.177355803665254497e+00
3.447101576421991442e-01
1.398862899996516251e+00
2.785966069765500874e-01
1.117900020852164555e+00
5.299396955802173625e-01
6.224186199432977240e-01
1.916904743380607901e+00
6.702559959224022035e-02
5.114206172070868694e-01
6.331713812020555165e-01
1.794199871424815018e-01
2.543248915068066496e-01
1.392241247938324600e+00
4.579202301906711292e-01
5.614326381047270997e-01
2.309427887433532223e-01
8.581405788700020576e-01
6.896164691295142424e-02
3.318998454682923205e-01
1.330896685173532878e+00
2.310562797781153588e+00
2.537474405747495720e-01
1.353547577631878829e+00
6.990582426573143104e-01
2.257117660836545081e-01
5.919873934542029259e-01
4.115285704348869977e-01
5.418308078321987242e-01
7.254444959772112789e-01
1.268603327569279626e+00
4.411433365942845075e-01
3.085852818016152632e-01
4.579079659120366408e-02
2.367727344958877322e-01
3.955409456867158835e-01
6.897783010092085609e-01
9.346494185782661113e-01
1.236327300633682652e-01
8.354631903779724533e-02
4.231888110010060822e-01
1.790236561519128189e-01
4.701888805024528883e-01
1.416596018423224024e-01
6.011130981174259702e-01
1.128257448369597071e+00
3.367859321580460863e-01
3.592846629979076778e-01
1.126894411093913861e+00
1.438490654437726946e+00
1.987913301024012425e-01
1.703996462651185873e+00
1.091432536842928125e-01
4.938333153504713136e-01
7.097941552803039844e-01
3.969013310677999562e-01
1.520758209050414367e+00
7.410370958362465510e-01
1.108031783860123243e+00
1.727353594060980990e+00
1.743217936616849206e+00
1.451096040557171840e-01
4.757330560575841472e-01
1.061567033097028379e+00
5.031501100306516872e-01
1.634605879855344224e+00
1.698256576790374561e-01
1.583651673711678753e-01
1.195819143430862791e-01
3.662369329807829699e-01
3.856856541208074085e-01
2.232236745851309545e-01
3.437853150908350752e+00
1.779463793017775630e-01
7.872687630279054938e-01
4.035962336298025699e-01
2.847244863653514146e-01
1.632163382900014004e-01
1.745201872177137181e+00
3.805808275982248690e-01
1.663363617226239155e+00
4.841497534312572126e-01
3.629084126348465777e-01
1.069000995866680848e+00
7.911285997851469354e-01
2.340263120287965903e-01
1.356741087739804286e+00
3.027478499778611942e-01
3.454141014767062728e-02
1.653964207690809207e+00
5.100800972273752398e-01
7.006000377387456846e-01
8.822241320224236127e-02
5.030370863897472983e-02
2.425970970132410587e-01
6.095750946552687122e-01
1.493524692209022009e-01
4.464710599705155047e-01
3.779834386116224243e-01
1.562704306491815132e+00
8.330349568025677831e-01
1.056330604976279952e+00
2.063619131131752271e-01
1.717315493662302295e+00
1.354128423374562740e+00
8.094765413842754942e-01
3.268704075349215810e-01
5.817448591578630035e-01
1.796016768507073591e+00
1.607097950609292614e+00
5.328096687077572557e-01
7.054842628383269920e-01
3.547537717944098667e-01
1.301926075788621073e+00
3.168386055153010750e-01
3.821701768824404821e-01
3.571001178607048354e-01
1.484817409973673841e-01
1.365504470812932969e-01
1.571055877919974364e+00
1.015547107898912893e+00
4.877425797183455591e-01
8.436838346707725700e-01
2.728310174938101684e-01
3.417796785541895588e-01
1.657749917937972439e+00
1.596622487220148656e+00
1.570364560741930315e+00
1.218250485460226074e-01
2.651445494409047088e-01
7.369370134670754080e-01
9.118285710752158657e-01
1.707292897264147902e+00
4.772193471782361085e-01
3.235838996749499930e-01
2.253894230712486790e-01
3.644150080138890968e-01
3.708715660616676013e-01
1.002576138633226366e+00
1.076638736294400767e+00
1.194582864163928004e+00
3.309448511146575456e-01
6.439348841671683754e-01
3.747510396288601942e-01
6.270988868742087829e-01
1.529133923940922513e+00
7.475526234968072892e-01
1.340655922548757983e+00
1.571930340531529469e+00
1.527341837677201219e+00
1.850148559575657270e-01
4.224871417793581441e-01
6.613133170945302286e-01
3.160411414482769410e-01
4.647087883979832412e-01
1.384647422093395308e+00
4.195607543458246269e-01
4.644798465851983083e-01
5.377512009370473134e-01
2.134143075721897098e-01
1.052868591488084204e+00
6.727100696142302994e-01
1.014795478403846957e-01
2.610869904985161916e-01
1.751753880838683886e+00
2.101040845006049429e-01
7.064393512420898968e-01
7.304361863390715914e-01
6.195362635149869179e-01
9.476489298729391386e-01
4.775423062743164859e-01
2.429952614571402048e-01
1.537332765485666997e+00
8.175625181386421136e-01
1.081100829312000439e-01
1.446357880085249237e+00
4.757817782821542885e-01
1.518701506034495941e+00
1.051977008134229008e+00
9.430077872865272326e-01
8.509571113304646994e-01
9.979745127438788277e-02
1.758007092234043167e+00
5.772207186587625660e-01
3.613281812978249019e-01
7.725634432949409769e-01
1.314236779360264062e+00
5.827799288750115103e-01
2.838818159448797673e-01
1.464122237907259649e-01
4.264146097749618725e-01
1.706011700510386087e+00
1.526798145267646012e+00
1.931127049558565012e-01
4.089897635028561518e-01
2.020366853418351649e-01
1.656180019403282466e-01
2.709732916753906373e+00
1.125134632363210763e+00
1.361522671720473421e-01
6.390153419380055766e-01
5.360497349457825633e-01
1.061556407719056239e+00
4.354663316045098154e-01
2.069288839052974005e-01
8.603780284573580017e-01
1.900406895156408149e+00
5.865379909391343904e-01
5.696984229390161802e-01
1.510274950620993817e+00
6.120735166338877598e-01
6.633744604571123471e-01
5.851186471454767890e-01
6.999489148122011173e-01
6.545133299970030683e-01
2.932055675397602923e-01
1.056081010559142414e-01
3.382530756502716840e-01
3.919783001729189587e-01
5.978451274723505238e-01
1.025321689766971606e-01
5.566863664773297193e-01
4.976573909984280397e-01
1.802078984421239538e-01
8.352732936770541627e-01
7.664058824066910525e-01
4.768347674665907032e-01
1.399956130230093798e+00
6.041559399291049903e-01
1.077412735162638358e+00
7.153792639289884014e-02
1.022764378122196449e+00
3.086894557184033605e+00
9.790589187808329541e-01
2.381448332994567374e-01
3.373400330505059164e-01
5.963970492148884528e-01
1.612375270750902700e+00
1.925272612443086964e-02
7.925013986463013138e-01
1.003491359898653235e+00
1.300797516537334220e+00
5.485420277850219239e-01
2.129941365591996316e+00
2.065903235275571848e-01
2.950225100554459412e-01
5.379798372422732733e-01
4.273940427479159809e-01
1.808562530262299406e+00
4.005176134018980094e-01
1.341968469655251850e+00
2.641233238170392350e-01
9.857713134992808213e-01
3.529746466816545691e+00
1.968043273007508809e+00
5.137117531242322288e-01
5.731450698106151931e-01
6.551030584839669935e-01
1.251937258289740562e+00
6.996192491729457119e-01
1.274727496528882398e+00
1.805604014384857070e+00
1.035704433456416718e+00
5.339209273471515749e-01
5.772580129560854756e-01
1.192327749549451088e+00
1.464624638595018180e-01
5.916524037008815684e-01
3.608409293425731690e-01
1.739515178876346102e+00
1.291061405243178806e+00
1.773812889628331169e-01
5.341903198597915958e-01
3.168831666652620616e-01
3.181835991765619709e-01
1.654555543133681583e+00
4.124558311696385760e-01
9.489556604919379135e-01
6.684965745695886641e-01
2.928921134161774353e-01
1.822956083181197284e+00
1.341012808532474621e+00
1.183001194316355642e+00
2.049074234672213224e-01
5.018727459050692508e-01
3.741477370783932721e-01
2.579596720514840680e-01
3.047660810294358091e-01
3.626567776903404372e+00
9.753083588225160139e-02
8.193062793732911464e-01
1.039257070121270443e+00
1.449952465238021571e+00
4.673669200518986155e-01
1.546337418443946010e+00
8.551870515647463922e-01
9.567340401901298641e-01
7.016736030031168747e-01
3.019946860249180243e-01
4.396228906637223988e-01
1.363165347498787705e+00
3.050084973929377830e-01
3.300459359149698346e-01
1.481385735111669932e+00
5.818495690633826989e-01
1.027429645351461418e-01
2.019204438615363195e-01
2.067388358161940387e-01
4.772217571954288085e-01
1.294702202747587627e+00
6.692127398236479285e-01
1.033288088471390198e+00
6.213150684916568522e-01
2.225491548468477299e-01
1.205808457056536109e-01
9.827494610750915349e-01
1.478420536551359410e+00
6.142356144400077378e-01
3.422443465517122085e-02
5.200828170105759041e-01
1.185921017333579464e+00
1.678584245844578771e-01
2.244814640829089214e-01
1.979599965161427666e-01
3.351267755066472676e-01
8.862209831626426393e-01
3.834697999568038029e-01
7.191514317814742263e-01
3.748055812034187251e-01
1.241632248435289076e+00
3.542216203258414797e-01
1.378915937884620302e+00
4.268531510666173645e-01
1.892198911039301990e-01
8.727244304084542659e-01
5.044669361712287303e-01
5.443575944297074365e-01
3.618546473765112292e+00
2.833730627974850313e-01
1.726069726194360554e-01
4.689942810941356011e-01
4.170568310187477756e+00
1.058915701467157744e+00
1.555696919062136585e+00
1.101724399301327706e+00
5.562962779442456318e-01
1.030120025822145235e+00
2.359729857293782818e+00
3.830544853863915300e-01
3.143406995099656265e-01
1.088020480665147227e+00
2.422120671386413793e-01
1.699656621110905208e+00
2.466688889604411183e-01
1.749750510115659852e+00
1.181892660747190238e+00
3.582066014265831155e-01
2.735672679419815179e+00
1.542597051055450752e+00
7.817908891496501145e-01
8.226103896522078962e-01
2.146538135134214431e-01
3.198505281778482034e-01
1.517660608091205399e+00
6.304237460351794775e-01
2.366947852354362725e-01
8.719682864980302650e-01
2.615800426591632366e-01
3.070340379029079525e-01
5.372687050683095933e-01
4.491387778882849902e-01
2.418845048696502076e+00
6.957205120017853073e-01
1.012808891188534677e+00
2.511518687938356087e-01
3.233795916132730652e-01
1.430995886558622088e+00
4.926509152333681252e-01
3.238198348845346963e-01
3.106761497357234947e-01
5.742396318045549508e-01
7.835358443691869956e-02
3.931957004370217335e-01
1.228258820342780000e+00
1.476162569183061768e+00
1.313713817645272508e+00
1.828277715618866539e+00
4.391403462706319205e-01
1.837429676365414932e-01
8.537585322865106630e-01
2.183119843947874117e-01
2.450772534582480733e-01
6.277422196703225099e-01
3.634072857701867720e-01
2.179533293478587153e-01
3.497823306315992475e-01
6.219442120833427179e-01
1.369050443709562082e+00
1.359918872069012741e+00
7.529854093089730638e-01
3.948869385166639545e-01
7.459553219165458993e-01
4.677811549370640698e-01
1.671280814705909723e+00
2.823044303321664006e-01
1.559347507588781934e+00
7.736389457361576572e-01
1.150701985095009761e+00
1.230652398461765884e+00
8.204646985787806823e-01
4.176627949267897044e-01
4.559603424802667893e-01
9.205881582166289823e-01
5.039206726413230086e-01
4.824897317172345268e-01
1.256562504140889658e+00
1.047374145558718883e+00
2.268551355077775555e-01
1.828881206418255578e+00
9.642171512813834111e-01
1.517603633486587000e+00
3.360452854197722855e-02
9.105273428460001206e-01
1.377651428410784584e+00
3.880660821677276995e-01
1.612653794415088437e-01
2.469372419509394401e-01
3.674225781069347940e-01
4.360220646160553049e-01
9.204821532922181637e-01
2.335901346049646665e-01
3.428495397694762969e-01
2.638466178565771481e-01
7.230872055171989610e-01
5.671506703268837102e-01
9.891014952785921743e-02
4.425097801489907279e-01
1.463855999647724893e-01
2.473828217982057542e-01
4.721981480989650426e-01
9.634523198389080001e-01
9.709334824500558403e-01
5.861191300784271974e-01
1.408067434426435893e+00
4.196221172772870989e-02
2.504566378057054843e-01
7.611081874842311468e-01
6.150043953475076153e-01
9.170152500231137926e-02
3.744301267259481092e-01
4.981736452891020184e-01
5.864615755131450392e-01
3.230041744792474523e-01
1.800824620657595743e+00
6.046365429981390704e-01
1.917043903906819224e+00
1.447631856331460964e+00
8.640552122461645501e-01
4.905405443169468249e-01
9.400308950765391414e-01
5.832728930538768619e-01
2.352031061853758209e-01
1.204050184514211752e+00
4.617505727113695890e+00
4.733192539586412728e-01
1.095029877994287526e+00
1.161523916152371827e+00
1.358943294834292992e+00
1.326657850808585559e+00
2.376045685558656750e-01
2.082720556549733093e+00
2.239174597545402268e+00
4.642001630022398739e-01
4.598157882358663850e-02
4.159373608566850344e-01
1.097390321945316494e+00
2.447405859339234491e-01
4.968532538244353480e-01
5.691982481911317393e-01
9.508923187384198394e-01
2.328756768082845541e-01
4.859372935395253612e-01
2.827303194178499290e-01
1.243875956597309651e+00
4.533689945721766645e-01
1.468925282488636297e+00
1.496515775764465150e+00
1.371025099408990755e+00
2.503870927093582166e-01
3.985646599637592824e-01
4.979190715923195731e-01
6.867161800983085929e-01
6.106043139106378526e-01
3.130239525487080510e+00
3.532682538037815734e-01
7.950878638555866074e-01
5.190669072224921576e-01
1.028455416632755748e+00
4.316089677524193036e-01
4.523233459598347550e-01
4.546034896047869700e-01
9.866134574766309839e-01
1.009563938555423146e+00
6.432701754099110492e-01
5.216575525593578622e-01
3.668023005017564953e-01
5.534143814465160016e-01
9.064946882257082228e-01
2.443419379230975519e-01
8.119416389451538096e-01
2.305568081064178765e-01
1.614445832864707997e+00
2.051276117333389770e+00
1.122766181766638338e+00
2.390255884027314259e+00
1.751489240589625851e+00
1.748462587112649347e+00
1.241316833041695711e+00
1.331022348455434434e+00
5.380997757083031408e-01
1.997967727089563494e-01
9.410124450956678377e-01
1.015573528578725737e+00
5.504522652652394932e-01
1.838377877466626842e+00
3.897496641694057629e-01
1.146900919709596955e+00
6.330776437647765986e-01
1.074783729550515821e+00
2.209742989551993497e-01
1.424381778807449983e+00
5.689976619101827504e-01
1.419091301677624317e+00
1.849815912293084341e-01
3.628966699737725121e-01
3.854060286001914637e-02
6.669703880875490487e-01
1.518256473529508765e+00
8.682160724398392260e-01
1.109375433008888301e+00
7.148366535742927130e-01
1.565034815163314441e+00
4.369253600797376458e-01
2.091413544089497922e-01
7.253261974039632021e-01
1.796679512121585887e-01
1.627080198399891708e+00
5.594527391385610837e-01
4.859168447190143625e-01
2.642883786967508142e-01
1.046502193394310387e+00
6.773097533342590237e-01
1.118082930699733080e+00
1.150525732690061753e+00
1.063047582373645605e+00
5.821396103003033673e-01
4.098578727037396896e-01
3.039945696483400961e-01
5.032568055820682007e-01
3.487900034668479088e-01
2.511910696793832054e-01
2.917869191940981599e-01
1.885161813123990282e-01
1.216181486512504906e+00
1.059046070578516963e+00
6.042045649871207180e-01
1.506469235190029954e+00
6.562832221720172887e-01
7.580570489278026791e-01
1.017466876962153099e-01
1.802804353268786311e-02
1.335375883101583394e+00
1.293748894736064470e+00
5.411044654428469602e-01
1.150706097724030208e+00
6.926540420695809219e-01
2.527939965841438652e-01
3.258721121302872170e-01
4.272377798015501715e-02
1.306415859803410351e+00
1.459445035447086703e+00
1.617835852172824218e+00
9.489604608982966649e-01
1.017062039269792800e-01
9.636814140454397215e-01
3.435042780362553838e+00
1.046823726203122140e+00
6.220564143706143190e-01
4.279649479488092934e-01
1.895082638805787867e-01
1.149848907579883228e+00
4.886539492632352433e-01
1.036528131442253642e-01
2.000576704178333554e+00
5.582543003438082962e-01
3.901330439348621448e-01
2.151934725941079485e+00
6.786894557245164439e-01
7.618352294864808583e-01
1.381619120403344336e+00
1.846833020226004429e-01
1.267135965238152195e+00
6.198658262629019866e-01
1.250283316523192800e+00
2.727793291327864633e-01
4.219151322484957500e-01
2.231639776616059390e+00
5.150804507061863546e-01
9.643997319723570660e-01
8.548055405308266907e-01
6.707645147227664362e-01
1.040132356774263744e+00
4.929910535255168091e-01
1.200139780102454701e+00
3.846284779296804679e-01
4.976683174036634627e-01
3.717154085351205284e-01
8.149228699280132160e-01
1.044516275821303797e+00
7.495254069149073772e-02
3.575142267775664462e-01
1.136048538000320018e+00
1.229719467199080540e+00
1.379760035321722311e+00
5.007083347576206656e-01
1.706504897061315029e-01
1.223663302914379969e+00
1.801678680312791769e+00
1.938254308920887015e+00
1.621869431555339469e-01
4.013653514346157136e-01
1.412925722162195585e+00
1.303132391123525302e+00
9.581505886160570640e-01
3.956967761207460299e+00
3.559182169201832724e-01
1.790130296505322072e+00
3.174811754703132372e-01
4.033121846890727613e-01
1.025629497248178978e+00
3.019813055401296964e-01
4.522247032222593610e+00
9.778802846570250340e-01
8.944373423533723555e-01
3.525839009026788817e-01
1.417531760642457339e+00
2.355309575615594508e-01
2.707115238616985553e-01
5.307190759121083179e-01
1.119794516051662470e+00
1.209312270480570328e+00
1.583728337817381426e+00
5.504329647878122289e-01
5.927693231628732295e-01
1.642846436926447939e+00
4.515015383729484855e-01
2.367598696175929052e-01
6.957417468817295170e-01
1.390423667508215777e+00
1.597383455842159850e-01
6.768252330776114434e-01
2.775914910305946615e-01
5.678734009981200037e-01
1.134063143373560401e+00
1.034026399638113380e+00
1.532014125160338913e-01
1.120826672312337902e+00
1.629867191647405011e+00
5.605849834153269207e-01
4.376770214778911705e-01
2.548064205095784684e-01
1.546535400421351347e-01
8.134772728307277934e-01
4.800821482600975409e-01
1.291015363966903307e+00
1.519454713762601550e+00
1.765776038395925618e-01
6.234693698228480074e-02
5.865375972130804083e-01
1.066255069771721686e+00
3.081296534545723831e-01
7.795525473524583804e-01
1.205553362645176207e+00
5.919205217860693535e-01
8.377038461593182550e-01
1.075290725113292156e+00
1.759738844958096182e+00
5.340121717419975544e-01
3.645374260813129541e-01
5.209342597357528026e-01
1.517636692521348252e+00
2.345292757805539641e-01
2.649082044671827174e-01
2.778093343762254586e-01
2.579903386058528980e+00
1.068292751774107430e+00
5.671230439024397274e-01
3.774795382436382241e-01
5.637798257193881168e-01
2.026898081966113652e-01
6.196159667198759546e-01
6.199273805499841972e-01
1.753175533398258601e+00
3.333386408703512549e-01
8.999834670787447699e-01
1.334894902214021073e+00
4.569085853668921615e-01
3.077386526979635217e-01
3.850730312047781490e-01
3.987834423175302123e-01
1.657419304840329066e-01
5.592677677921906731e-01
1.136443650974081843e+00
1.857551026560287089e-01
1.523347199577728406e-01
3.310589177585328002e-01
8.892616756869162198e-02
1.099292244854546574e+00
1.879735888962888735e-01
2.536831350544259678e-01
1.018881046528732792e+00
1.000871882715640648e+00
3.134785768575110154e-01
3.441374809143360469e-01
6.675914873513423275e-01
1.934930974505846279e+00
2.032128507009124174e+00
8.446010252372555538e-01
1.725371787515113942e-01
5.523034648659181922e-01
6.328687408568510753e-01
1.692304576983927333e-01
8.857279005385897408e-01
3.969338218288899767e-01
7.309087171569071950e-01
6.700897954860880468e-01
2.874622013796414022e-01
1.090632026404254606e+00
1.658992037223921967e-01
4.378069844669262856e-01
2.103857101084193049e-01
1.268168641334158353e-01
4.071151397339093925e-01
4.522507624651932456e-01
6.370005830361596955e-01
1.552769423408991989e-01
5.416780900450270941e-01
1.154356044387796487e+00
1.994652500375214410e-01
4.418707008062988661e-01
2.736592234514717559e-01
7.593201843294719033e-01
2.475684616246463243e-01
4.122999739573517397e-01
7.806379880317901310e-02
6.520437127508817987e-01
3.862653065032773392e-01
6.018954635042016443e-01
4.535254088918201920e-01
5.035981667580435861e-01
1.285037449985062308e+00
9.288045010175660643e-01
1.524047174564492346e+00
6.620726174360066496e-01
6.609630415553560123e-01
2.010747266910630771e-01
1.170579996850364818e-01
2.957606897358121767e+00
4.268111540543215177e-02
4.514796358720085112e-01
1.501451731547003066e+00
4.624172027705024113e-01
6.614442367081185825e-01
9.075494308221691009e-01
3.075421188711787712e-01
1.121621077795092125e+00
7.251300670086034683e-02
6.238181606604689122e-01
9.236109344707195412e-02
1.134564764742757914e+00
1.353563986311611123e+00
6.175790605210241813e-01
2.570599997611879850e-01
5.855223682558005072e-01
3.180812510009675687e-01
1.248296910907988055e-01
2.509965987568567036e-01
6.006296203096395114e-01
9.671569865025608781e-02
8.398869427355438733e-01
6.767503058909422053e-01
2.257131413925774766e+00
2.370088566171879130e+00
2.349312839964869948e+00
3.927791641177504456e+00
5.316907463389827226e-01
1.460371704889932509e+00
6.097779463106673958e-01
3.520186776430477837e-01
5.091915809850549035e-01
4.651345863463653973e-01
1.109707964258757729e+00
1.822556877351446114e-01
1.109957548451982801e+00
4.394666773357535638e-01
5.940588949539968855e-01
1.449027596465115586e+00
6.899459403425062254e-01
1.392930556350948201e+00
1.685199625874435336e-01
2.094551035619367785e-01
6.054397861342932785e-01
1.659065965795522235e+00
1.030228856974667595e-01
8.467980506851585654e-01
7.413703102096449449e-01
1.073734869599398900e+00
8.675329050171980416e-01
2.822777710389599015e+00
5.414732911170379998e-02
1.347162234571407824e+00
1.378851842648083359e-01
1.162817172793757736e+00
1.058701152934904632e+00
1.444546940801266555e+00
6.061166119361707239e-01
6.227723051373733609e-01
1.021480256067059722e+00
3.990945087739484753e-01
5.382483581212860885e-02
4.121347702398059365e-01
2.253496588162559044e-01
1.901446421617955795e-01
4.012879347845375033e-01
4.167441192911685438e-02
4.469012836280316647e-01
2.304603961181554972e+00
2.158780639601833307e-01
9.154407890371304979e-02
3.869142982239831774e+00
6.299488974977031086e-01
5.282717390269048297e-01
1.638566405220200917e+00
8.826734867656429451e-01
2.922955198231165230e-01
5.778015968289645921e-01
3.489701205958029018e-01
6.954693669294995662e-01
1.102432429310642670e+00
4.687847040999307963e-02
7.907112788152399763e-02
8.921418583428916138e-01
7.496792536286542852e-01
3.954777603630229427e-02
1.139750694182405155e+00
1.957781139026537054e-01
1.320566503321148222e+00
3.206440440082662047e+00
5.734326374171903051e-01
5.465835495128175126e-01
8.207974587787191245e-01
4.813777233847753023e-01
2.763353148107284829e-01
1.021160658545774202e+00
1.902723378713013114e+00
6.968573885388571476e-01
8.333701050952950773e-01
5.363946501884837570e-01
1.166396567807253648e+00
5.755584176976250022e-02
2.142938035388099183e-01
3.215789354922828081e-02
1.278542108046103021e+00
1.194676426109344325e+00
4.281992901644873784e-01
1.353513538692817930e-01
5.478892900436738156e-01
2.463264889419818360e-01
8.843326981569812340e-01
1.051566728944686446e-01
2.647703600848248850e+00
1.487577004441605011e+00
1.518444830173526938e+00
1.093127656317757657e+00
9.574296012375524967e-01
7.255848544681853252e-01
1.330355227777130223e+00
1.053511948532132259e+00
1.870340903881036132e+00
2.276809295283187762e+00
3.153113615957896521e-01
1.209160029581541229e+00
1.592050525344466116e-01
3.866093933433596974e-01
2.414153978882015716e-01
1.744777189744287194e+00
1.088708580746761412e-01
3.163385104499544798e-01
1.041310107919527717e+00
5.364378058257448512e-01
6.735035716804212980e-01
6.355832152399575330e-01
1.422354610937626385e+00
6.889399304879610941e-01
1.996010811017355335e+00
8.724621924690063590e-01
6.565507442299437502e-01
1.179640697115343251e+00
9.348117393920417628e-01
1.154729300763145533e-01
6.993488275095165463e-01
3.402431847297709422e-01
3.814171389140094126e-01
5.395853008496645509e-02
2.315067472652114211e-01
2.309102015885876324e-01
4.223030424864011034e-01
4.889291591173056117e-01
4.404756978565383396e-01
1.277638043960972691e+00
7.243632919951764615e-01
3.875256966069614561e-01
1.648475548929172196e-01
1.013275199572973406e+00
2.691505561078951642e-02
2.802005641284850412e-01
2.363742164215143493e+00
1.738680803639626404e+00
6.135011250174451231e-02
4.424803069257155497e-01
2.227515827832000195e+00
3.673331518274485230e-01
1.532239341739563665e+00
3.470879697764395755e-01
1.412616308237177210e+00
1.231521521157678684e-01
2.080129966819347365e-01
1.924427557713706660e+00
4.216199879186786070e-01
1.963338721192184888e-01
1.346988281158674194e+00
3.570070401159892159e-01
1.066538268923523214e+00
1.573381906853053236e+00
1.684064071678162300e+00
1.491937815760077557e+00
2.016573692018668318e+00
1.230671398102543002e+00
2.252395731025130243e-01
2.093946237786544484e-01
1.051394961760172331e+00
1.069760910973476947e-01
2.500567017282276372e-01
1.930326285775441075e-01
5.360366899184012546e-01
9.517134513179004163e-01
3.079426046007103790e-01
7.812610375137487573e-01
1.612009989885804462e+00
5.264803249558963616e-01
1.920134080038246316e-01
1.542503653161697297e-01
1.891286755995520208e+00
3.896733953117085814e-01
1.052451169397814468e+00
7.905836866070961033e-01
3.109300817641698078e+00
7.145939238776887192e-01
4.590439849314250087e-01
9.489303590210407258e-01
1.127954114070540415e-01
