8.962569405077623619e-02
2.617379661815561614e-02
7.442285692738108416e-02
6.378675862536761776e-02
1.268074370696485320e-01
1.160961801504793584e-01
3.046368714619258986e-03
1.915632765285845557e-02
9.048819505170423161e-02
1.028311508879669739e-01
7.526294997539235976e-02
1.050363631588421831e-01
7.580443121347622826e-02
1.568366742729644936e-01
1.464911230234624828e-01
4.276731851956095537e-02
1.183784399775963947e-01
1.013939718827040759e-01
3.340665002963041225e-02
4.419237110342859320e-02
1.224863551621159924e-01
6.698236981951427582e-02
5.653196465484765232e-02
6.379695379922331600e-02
1.126951377614904444e-02
1.200914753791455375e-01
9.029068437830753413e-02
1.210781378661952151e-01
5.923299073740558029e-02
9.262073086634525776e-02
1.046894980489464499e-01
4.825336009390407410e-02
5.967789328393130477e-02
4.133042659909648420e-02
8.374450850147471814e-02
8.575767934640178558e-02
2.252907830991142391e-02
1.211774877019571456e-01
1.501747208428632352e-01
8.405655745467952022e-02
8.178799420656804320e-02
1.519715579168854636e-01
9.094115629706581855e-03
1.110625319388900828e-01
9.698354139693400600e-02
6.282960298538228794e-02
3.488001700410386235e-02
1.201625740487508587e-01
7.959329718527594077e-02
4.254694230807093414e-02
1.326455409555947484e-01
1.453265210157508314e-01
1.055791754459266610e-02
1.222004815549894950e-02
7.258871501352820443e-02
1.045757170703825178e-01
9.340474524380927568e-02
1.169107372881368623e-01
1.087158471868232140e-01
5.512199725142187534e-02
1.406511963252798370e-01
4.004550249031966352e-02
1.050084153387712965e-01
8.995398200343916739e-02
8.090508574806090647e-02
7.671112574524685535e-02
3.137228973983811203e-02
2.247773762380817289e-02
7.365726211179836336e-02
7.077090042337758069e-02
9.731164195945891937e-02
7.932893266855800540e-02
3.580257358803428519e-02
9.395468062675137177e-02
7.049539638927726504e-02
4.822988475798151153e-02
1.494529665408048380e-01
1.445635296830961869e-01
1.173816194787494771e-01
7.356003661839401186e-02
5.070383633386319616e-02
8.978090570564320472e-02
2.012547537150680133e-02
9.332941518260597091e-02
1.424078391746885497e-01
7.511896761677294698e-02
4.557368572105941623e-02
1.270357215114704119e-01
6.674349592542717924e-02
9.244723744380831110e-02
8.624680461193666436e-02
5.112385843737241031e-02
7.035881928422012266e-02
1.134591651507176752e-01
1.489460276709086706e-01
7.826953755263894863e-02
1.465422642658067640e-02
1.304926669749864598e-01
8.864729315576730384e-02
1.158004358453546129e-01
1.163031898021389815e-01
7.527461898944315388e-02
1.002924677162387868e-01
7.102600205546986956e-02
6.501135529136507947e-03
1.158004358453546129e-01
1.495816122109288604e-01
8.586810763771339505e-02
1.282247434149008103e-01
8.575767934640178558e-02
4.326769433167328149e-02
3.570088198864859036e-02
9.340474524380927568e-02
1.439015317547523987e-01
4.505584553790170643e-02
1.439015317547523987e-01
9.608471821769218324e-02
9.524573390891526159e-02
1.508799357937376240e-01
1.376852770689392658e-01
1.026289662117300765e-02
8.310672471791798188e-02
2.087383785801882538e-02
2.661278747111434778e-02
6.166331769981279326e-02
1.426475518773946127e-01
1.973309523558262890e-02
4.410769235880220018e-02
1.130265650730759158e-01
7.165619671775182165e-02
3.122274404412443694e-02
9.669550978122333496e-02
1.335712040312884985e-01
1.366266842462637576e-01
7.356003661839401186e-02
3.398796902530389075e-02
1.332275389981001645e-01
1.024420845713855666e-01
7.152659548682932522e-02
6.510076137353409953e-03
8.282578368200053942e-02
2.087383785801882538e-02
6.059436482506532634e-02
8.178799420656804320e-02
1.362825522782198373e-01
1.507032263594096366e-01
1.545513726882802030e-01
7.007074701513887893e-02
6.492730474440484845e-02
8.491591180375046566e-02
1.526168341281724516e-01
1.310287722866277094e-01
1.166551470067867247e-01
1.351907384295713832e-01
1.244955833536042361e-01
4.505584553790170643e-02
7.806805988844271738e-02
5.900443497938136217e-02
7.713326998714967186e-02
9.326811924414987742e-02
9.113922179560479675e-02
8.957010410349289242e-02
6.595608994328355790e-02
6.395721692391211077e-02
1.155772799260516015e-01
6.732094625617417172e-02
1.485265068858261095e-01
5.694121111355758547e-02
1.381140264493438685e-01
1.313208775778940407e-01
1.304011931010861658e-01
1.288602024312359984e-01
1.513982669061082476e-01
8.491413919891313555e-02
1.209078237791358229e-01
6.928796713276233477e-02
6.529568370658278553e-02
5.557674356863722548e-02
1.493260212915319685e-01
5.869179189548489467e-02
1.438791146116791264e-01
1.484293281537416020e-01
1.200914753791455375e-01
1.817473650713820679e-02
1.335712040312884985e-01
1.055791754459266610e-02
7.077090042337758069e-02
1.012980595885945440e-01
1.566119443978018222e-01
6.996950089474925083e-02
1.157072063810089535e-01
9.140486808052308842e-02
1.301814912823106574e-01
9.702275036190793900e-02
1.013939718827040759e-01
1.493260212915319685e-01
1.290523711987093536e-01
6.910362168229568225e-02
1.026289662117300765e-02
5.757140723061161813e-02
8.678048343281016819e-02
1.033883484804486025e-01
1.188090874563140359e-01
1.311088203394858709e-01
9.648242942610379957e-02
1.140507113694270713e-01
5.688074052216565007e-02
1.210867170537917731e-01
1.200914753791455375e-01
7.356003661839401186e-02
1.270357215114704119e-01
1.369715212709702312e-01
1.170044737794072448e-01
4.173868700737198845e-02
1.507032263594096366e-01
1.465422642658067640e-02
9.118789714794502121e-02
3.686248941658225309e-02
1.257654699909330209e-01
1.392006362380293072e-01
8.857171250662138062e-02
1.307444528435167952e-01
1.252122796848176289e-02
1.569159191209895943e-01
1.465422642658067640e-02
1.591230462099142012e-02
5.258336436141603648e-02
1.270357215114704119e-01
1.468197263752004378e-01
1.421421457159479096e-01
1.343875965590177746e-01
1.126951377614904444e-02
4.873328635855803115e-02
1.343868618927172298e-01
1.066738702294872110e-01
1.398168602858121667e-01
6.420249498740623895e-02
1.527246650850074550e-01
3.070745828583314532e-02
1.335712040312884985e-01
2.718500241962527528e-02
1.085028538766679151e-01
5.676761809489119098e-02
1.437490365071916743e-01
2.904844656297633776e-02
1.363606126120425199e-01
7.266789515074009720e-02
7.400576736216299412e-02
4.600706994182728743e-02
3.524762737696261056e-02
1.201625740487508587e-01
4.172555878809236507e-02
5.967789328393130477e-02
5.003866866491737952e-02
1.538036358114563407e-01
1.329593286261930019e-01
1.258812362955436664e-02
1.200914753791455375e-01
5.196304304867527951e-02
1.183852234203025718e-02
1.304011931010861658e-01
8.652000224781948579e-02
4.854726756220084649e-02
1.110625319388900828e-01
7.712977464174809727e-02
5.003866866491737952e-02
6.285262917636223745e-02
1.457852974130525482e-02
1.310287722866277094e-01
2.439580878310950579e-02
8.856294542412539161e-02
7.165619671775182165e-02
1.213369351250277589e-01
1.489460276709086706e-01
6.359395280605227574e-02
5.512199725142187534e-02
7.588745529194071415e-02
1.239864586611347935e-01
1.239675309587778274e-01
1.144775299146165298e-01
1.164850889541813039e-02
1.107619809927716248e-01
4.103949574187015781e-02
8.098165265123252743e-02
1.525297871766382873e-01
3.798882039162276153e-02
1.127832498105326570e-01
9.272933222789309093e-02
1.002931301208608433e-01
3.836353158440138772e-02
3.978149307980723831e-02
8.108682301187000729e-02
1.461040307629630774e-01
8.011635193548267975e-02
7.566742373769702601e-02
8.491413919891313555e-02
1.498019645010395251e-01
8.024424779921984774e-02
1.204133284725524555e-01
4.133042659909648420e-02
1.007879737540418735e-01
6.421488402289556030e-02
5.778732869304606390e-02
1.302252039027018138e-01
8.575767934640178558e-02
2.661278747111434778e-02
8.020452527065748127e-02
6.759468621140890532e-02
6.359395280605227574e-02
6.527051791613436293e-02
3.625191489051098059e-02
5.209445411518579677e-02
4.586416451076537337e-02
1.415428262849443009e-01
5.390579718772869899e-02
7.083169808909688114e-02
5.757140723061161813e-02
1.332287030893832269e-01
1.597587967388447092e-02
1.122889521920923256e-01
1.974195850613251479e-02
1.016668923111427592e-01
1.401281191506340874e-02
8.624680461193666436e-02
9.702621857380190618e-02
1.756926343958665343e-02
3.070745828583314532e-02
1.247290463253531434e-01
1.166551470067867247e-01
8.024424779921984774e-02
1.172025026122187896e-01
2.081927479458887953e-02
7.258871501352820443e-02
1.151002229538626298e-01
1.326455409555947484e-01
1.268074370696485320e-01
2.012547537150680133e-02
4.348907552976826602e-02
1.025165909162396687e-02
4.004550249031966352e-02
1.110322335329328308e-01
8.995829839208809020e-02
1.090599126599548913e-01
7.094459250477956093e-03
7.022563008498998449e-02
6.357769472101014452e-02
6.166331769981279326e-02
1.046566659849532815e-01
7.976194399621594489e-02
1.190279198022960450e-01
1.275794286906147268e-01
7.077090042337758069e-02
7.973029785347351961e-02
8.374450850147471814e-02
1.063088569925302457e-01
1.172025026122187896e-01
1.423486597655805597e-01
1.451222032511199633e-01
1.064509938270794265e-01
1.550568313636544460e-01
6.345098270218196834e-02
8.090508574806090647e-02
1.484907413576354862e-01
1.747712906321729695e-02
1.098311864896014539e-01
1.099443843749796090e-01
6.606285983213060209e-02
7.360056901792598472e-02
7.803680382791511327e-02
1.127314895881879886e-01
5.979730409657871976e-02
1.392470496060778662e-01
8.895003659623307302e-02
1.301599957204544467e-01
1.290523711987093536e-01
6.379695379922331600e-02
8.963426790661058186e-02
1.209078237791358229e-01
9.900438467209003723e-02
3.580257358803428519e-02
1.087448511111927391e-01
1.204133284725524555e-01
7.526294997539235976e-02
8.895003659623307302e-02
1.430107258613181609e-01
7.077090042337758069e-02
1.501747208428632352e-01
1.166551470067867247e-01
6.282960298538228794e-02
1.489720894302800636e-01
8.614095995777157344e-02
8.108682301187000729e-02
1.223683462046752934e-01
1.007879737540418735e-01
7.837483084112423226e-02
1.196293152643825575e-01
1.173816194787494771e-01
5.927667289259678368e-02
5.808917880382200027e-02
5.003866866491737952e-02
1.166551470067867247e-01
3.249136273231056221e-02
1.030589895708452081e-01
1.398168602858121667e-01
1.301836256728080565e-01
1.012980595885945440e-01
1.362471835373097462e-01
9.302677644810423974e-02
1.052178523642605945e-01
6.074901189316481154e-02
1.326455409555947484e-01
1.543975529062297236e-01
6.757977259760271360e-02
4.660182603301292470e-02
1.111896741884059459e-01
7.861447003299182335e-02
6.698236981951427582e-02
1.409778850284579832e-01
6.154442579830304849e-02
8.336493084550675170e-02
3.640140023070481679e-02
7.844113737915722750e-02
1.492617416730382951e-01
5.201343602395254451e-02
2.043967377495693044e-02
1.335712040312884985e-01
1.002309801158636909e-01
1.124260741047543449e-01
7.904363115412109397e-02
9.334069376502605875e-02
4.440011841386371644e-02
5.165753141461446041e-02
1.171424967058076194e-01
3.798882039162276153e-02
2.786187784438253628e-02
4.521367254539340741e-02
9.291844691126747990e-02
7.341984014284870519e-02
8.178799420656804320e-02
1.324614915010293159e-01
8.108682301187000729e-02
7.099342302842885644e-02
1.012418390188609268e-01
1.133708021771340918e-01
6.489163987748811091e-02
7.051603138833567597e-02
1.186622520481122323e-01
5.954356389546196573e-03
1.243459764285098912e-01
8.708865905307615340e-02
5.900443497938136217e-02
8.654905994666804714e-02
1.123074179094196018e-01
1.250798090734263623e-01
6.345098270218196834e-02
6.489163987748811091e-02
1.545513726882802030e-01
7.708644559129426699e-02
1.555867833184931548e-01
6.489163987748811091e-02
2.553183339559199697e-02
4.440011841386371644e-02
6.040475047335173986e-02
1.388416191462868432e-01
7.094442768245376452e-02
7.259468573010532944e-02
4.825336009390407410e-02
7.583460574392938969e-02
7.837483084112423226e-02
2.617379661815561614e-02
4.873306976439642502e-02
1.110625319388900828e-01
3.767128204704497246e-02
1.327401029166734858e-01
1.973309523558262890e-02
1.399066582376856938e-01
7.077090042337758069e-02
7.129219600669789436e-02
2.043967377495693044e-02
6.527051791613436293e-02
1.430107258613181609e-01
4.173868700737198845e-02
3.175903014144174780e-02
3.640140023070481679e-02
2.612495630581049277e-02
8.919279456650205939e-02
1.200914753791455375e-01
8.020452527065748127e-02
1.310964263451405432e-01
8.461120782127526385e-02
1.126943064927600907e-01
9.332941518260597091e-02
1.270965607193014768e-01
9.131975701877900753e-02
7.258871501352820443e-02
1.543998501187978101e-01
7.225057628635080109e-02
9.027624164497768944e-02
1.302249640290839283e-01
8.887680304800080200e-02
1.376942202712459484e-01
6.781457040893583421e-02
8.303105407228314472e-02
8.098165265123252743e-02
1.332287030893832269e-01
1.145562843357627592e-01
4.700266898249485376e-02
1.568964917105192536e-01
9.702892588659327300e-02
1.465422642658067640e-02
1.099815126597191439e-01
9.935585589313078447e-02
6.781457040893583421e-02
5.692540768142415053e-02
6.983937812529070893e-03
1.190626648863117414e-02
4.657881714057043876e-02
4.004550249031966352e-02
7.807115388663225797e-02
8.020452527065748127e-02
7.225057628635080109e-02
4.498027182865216994e-02
9.291844691126747990e-02
3.513176292321138622e-02
1.362689964143290466e-01
1.257654699909330209e-01
8.466488406023657542e-02
1.371405729804376361e-01
5.702195512954261192e-02
2.109648135291811513e-02
1.360441092695800214e-01
2.256848998181212526e-02
1.527246650850074550e-01
7.671112574524685535e-02
2.174068102949495637e-02
4.276731851956095537e-02
8.326216643649823890e-02
7.356003661839401186e-02
4.498027182865216994e-02
7.799129467885662637e-02
5.209445411518579677e-02
8.257842702259951539e-02
1.127832498105326570e-01
4.172555878809236507e-02
4.157223671154053335e-02
8.725662976229819900e-02
9.928398376828290184e-02
1.352928893418626488e-01
1.123546477550727701e-01
1.223362873415629187e-01
8.103399282233193779e-02
7.094459250477956093e-03
1.337774184658868382e-01
1.123074179094196018e-01
8.326216643649823890e-02
5.358281754434288113e-02
4.505584553790170643e-02
1.130229674043641275e-01
1.440278272036877860e-01
1.550568313636544460e-01
2.041397774162038992e-02
5.585322351926795548e-02
4.007762921865040684e-02
1.204248441869476549e-01
1.304786846235918563e-01
8.801375529510285789e-02
1.566119443978018222e-01
1.456429764984918107e-01
1.569159191209895943e-01
1.044817304231973887e-01
1.351907384295713832e-01
4.410769235880220018e-02
9.451638995954131373e-02
1.201625740487508587e-01
8.076591286594583807e-02
1.546559946620787718e-01
1.371501602171666945e-01
4.657881714057043876e-02
2.617379661815561614e-02
1.391778038710723420e-01
9.845484000168852612e-02
1.259831002301348424e-01
1.144636293977324137e-01
8.491591180375046566e-02
1.496101933935391724e-02
1.066738702294872110e-01
8.955196771090147279e-02
1.304011931010861658e-01
1.253713932449631585e-01
9.113228891974002599e-02
1.526168341281724516e-01
8.072080692332472829e-02
1.712471522919898140e-02
1.519715579168854636e-01
1.483255853554559800e-01
9.027624164497768944e-02
3.491710096727074913e-02
5.165061241963955774e-02
6.379695379922331600e-02
9.291844691126747990e-02
2.745704871486815898e-02
4.051364711640996485e-02
8.491413919891313555e-02
6.961668893772805788e-02
5.003866866491737952e-02
1.545513726882802030e-01
3.398796902530389075e-02
8.108682301187000729e-02
7.904363115412109397e-02
1.415978770183564384e-01
6.698530680973140139e-02
4.142868548596295025e-02
1.183852234203025718e-02
8.982081349331046127e-02
8.108682301187000729e-02
9.524648817233119513e-02
5.392013384634440631e-02
1.156689155382886747e-01
2.439580878310950579e-02
3.798882039162276153e-02
5.954356389546196573e-03
9.524573390891526159e-02
1.552808601479297723e-01
8.575767934640178558e-02
6.489163987748811091e-02
1.526572569869978635e-01
1.254660049297672275e-01
1.527246650850074550e-01
4.203634352399638480e-02
1.274622004120005425e-01
4.101035146300558570e-02
1.201625740487508587e-01
2.012547537150680133e-02
1.465422642658067640e-02
1.035154937531380520e-01
4.600706994182728743e-02
6.040475047335173986e-02
9.113922179560479675e-02
1.310964263451405432e-01
1.543998501187978101e-01
6.258346943252907080e-02
5.900443497938136217e-02
5.702156657096183606e-02
1.394330685787328050e-01
7.902299419760272503e-02
1.335712040312884985e-01
1.747712906321729695e-02
1.098311864896014539e-01
2.187980493027642109e-02
1.147376999650596002e-01
9.974599780345971833e-02
1.338773377910209006e-01
9.731164195945891937e-02
1.366266842462637576e-01
2.602646207480976276e-02
7.225057628635080109e-02
1.044162568812729286e-01
2.646618006006296042e-02
1.280573212040403419e-01
1.973309523558262890e-02
8.530454918026933453e-02
7.189362462768529582e-02
1.183852234203025718e-02
1.375227485759669133e-01
8.062586985287388541e-02
4.276731851956095537e-02
4.355142151157301994e-02
9.444238891589820661e-02
2.825044357159600672e-02
1.469273254638610859e-01
8.232078377572001060e-02
6.791527729118690404e-02
1.164850889541813039e-02
9.199375845844737221e-02
5.257238552229442918e-02
1.183852234203025718e-02
7.064191838511083010e-02
1.199153327531276847e-01
1.398168602858121667e-01
1.465422642658067640e-02
2.164968760930765374e-02
7.878206509438258343e-02
5.702195512954261192e-02
1.064509938270794265e-01
4.426279916731752639e-02
1.335712040312884985e-01
2.667799369073336688e-02
1.423183789827483503e-01
8.257842702259951539e-02
2.138427388223877040e-02
5.954356389546196573e-03
1.098311864896014539e-01
6.089485380598304992e-02
7.328452535377419363e-02
9.113922179560479675e-02
6.220141100311812193e-02
7.053350246899127429e-02
1.426475518773946127e-01
1.008616618715012930e-01
7.790768391120615755e-02
2.174068102949495637e-02
5.900443497938136217e-02
9.928398376828290184e-02
1.174140202478755612e-01
1.430098817194423721e-01
1.507032263594096366e-01
2.436465956021567278e-02
2.677906190283000851e-02
1.198115669510922965e-01
1.304786846235918563e-01
8.005065854150861249e-02
1.555223701994455088e-01
4.586416451076537337e-02
9.731164195945891937e-02
1.254660049297672275e-01
7.949629923658513286e-02
8.103399282233193779e-02
1.008616618715012930e-01
2.718500241962527528e-02
5.665272266082094915e-02
4.156519571379317657e-02
6.547005440068499882e-02
4.398012934812086522e-02
7.333273328204915897e-02
1.401281191506340874e-02
1.973335945897166516e-02
1.487183233156272877e-01
7.526294997539235976e-02
6.040475047335173986e-02
9.027624164497768944e-02
1.031455381798288412e-01
1.215811296135037023e-01
1.332287030893832269e-01
5.529902672680585968e-02
2.336300738249963080e-02
7.807384341150851170e-02
2.646731758083391284e-02
1.526168341281724516e-01
1.196293152643825575e-01
1.513610595538008308e-01
3.925337460068527295e-02
4.004550249031966352e-02
7.580443121347622826e-02
7.907537810730033701e-02
1.369715212709702312e-01
1.424078391746885497e-01
8.365304592007760665e-02
7.195107544637792396e-02
9.340474524380927568e-02
7.400576736216299412e-02
1.159812879967695304e-01
1.224291961806197038e-01
4.133042659909648420e-02
1.360441092695800214e-01
7.077090042337758069e-02
1.183852234203025718e-02
1.567114477771402725e-01
1.261149293821144379e-01
5.465910554407786559e-02
1.541332814727145728e-01
7.365726211179836336e-02
5.257238552229442918e-02
7.708165496479933709e-02
4.822988475798151153e-02
7.423462614938507176e-02
6.757977259760271360e-02
1.044817304231973887e-01
8.638595790835244814e-02
5.112385843737241031e-02
5.537527399675202383e-02
9.845484000168852612e-02
6.378675862536761776e-02
8.103399282233193779e-02
9.894836219699915114e-02
2.879898771655627077e-02
1.182098243113968855e-01
4.061714043902223820e-02
1.158004358453546129e-01
5.967789328393130477e-02
1.369715212709702312e-01
1.390448571249844056e-01
7.216040385588226580e-02
1.568366742729644936e-01
2.646731758083391284e-02
9.973860236112457034e-02
8.895003659623307302e-02
1.124945355816755338e-01
1.471918508294920991e-01
1.310806515648935133e-01
5.221160477427385510e-02
4.276731851956095537e-02
7.907537810730033701e-02
9.291844691126747990e-02
8.045652247918785860e-02
1.300772102714516654e-01
1.200811999031364992e-02
1.224863551621159924e-01
7.580443121347622826e-02
1.212397976098216201e-01
1.166551470067867247e-01
7.882418357700105016e-02
9.029068437830753413e-02
9.482717719740572926e-02
9.709635757990969784e-02
1.198164238461412179e-01
4.935066985430968528e-02
7.501301456913500587e-02
1.009360522144966826e-01
1.091558629384794948e-01
1.012283810071846757e-01
8.771379532686028602e-02
3.702961486326650231e-02
3.229240826837152800e-02
6.059436482506532634e-02
9.292024514639911359e-02
1.266386381221521751e-01
7.189213067975470939e-02
1.270357215114704119e-01
1.508799357937376240e-01
8.957010410349289242e-02
1.712471522919898140e-02
1.200811999031364992e-02
1.157166121267936276e-01
2.407236467399699598e-02
9.131975701877900753e-02
1.538036358114563407e-01
1.246382185401183063e-01
1.080340249425202070e-01
1.282562144962577921e-01
1.362471835373097462e-01
8.122327987310318242e-02
1.270357215114704119e-01
1.152974972998212916e-01
6.268368272926645723e-02
1.454522257027103527e-01
4.557368572105941623e-02
1.126951377614904444e-02
1.124945355816755338e-01
3.242350516322125425e-02
8.098165265123252743e-02
1.157166121267936276e-01
1.358180939454264186e-02
1.366266842462637576e-01
4.103949574187015781e-02
8.491413919891313555e-02
1.996425679550320811e-02
5.979730409657871976e-02
8.020452527065748127e-02
1.173591100965109962e-01
1.200185617231289137e-01
1.034091160262805009e-01
4.503654318925452010e-02
1.118469872854883779e-01
1.118539196487624426e-01
7.807115388663225797e-02
1.301836256728080565e-01
1.183852234203025718e-02
1.049363179218416320e-01
4.854726756220084649e-02
1.115067229109467095e-01
1.204133284725524555e-01
1.415666308915151383e-01
1.416014031725583988e-01
1.134591651507176752e-01
1.290523711987093536e-01
1.712471522919898140e-02
1.003680436638055840e-01
1.142357570975050945e-01
4.700266898249485376e-02
9.113228891974002599e-02
4.935066985430968528e-02
1.194639193031614560e-01
2.611393846961678616e-02
8.491413919891313555e-02
1.870932250852883061e-02
1.076412530260812128e-01
1.292091834239159909e-01
8.702856807836373276e-02
1.155772799260516015e-01
1.469273254638610859e-01
1.507076702503890864e-01
8.225438496852316428e-02
1.274622004120005425e-01
8.020452527065748127e-02
1.415428262849443009e-01
1.076412530260812128e-01
7.716619195687998700e-02
9.669550978122333496e-02
1.183852234203025718e-02
8.258825628573761291e-02
1.081734310603210125e-01
9.952166944407356275e-02
9.446382577212625309e-02
5.007384253318401118e-02
4.503654318925452010e-02
8.864729315576730384e-02
1.190126959317639316e-01
6.046498406664200381e-02
6.223305918156851746e-02
4.157223671154053335e-02
4.557368572105941623e-02
4.834830459158784288e-02
1.190126959317639316e-01
5.007384253318401118e-02
1.335712040312884985e-01
7.137825433626256155e-02
1.012283810071846757e-01
9.363154739413841188e-03
5.218308990421632876e-02
3.338685591558727267e-02
1.200811999031364992e-02
8.491591180375046566e-02
4.326769433167328149e-02
1.537999230281746899e-01
1.263725570058095160e-01
1.239675309587778274e-01
2.948891449999970632e-02
1.313208775778940407e-01
7.807115388663225797e-02
3.230176214947018398e-02
1.332287030893832269e-01
1.434991165926190471e-01
9.027624164497768944e-02
1.262310840199333539e-01
1.185076593826355114e-02
4.529259103101870160e-02
5.037289805706861995e-02
5.010792740944389895e-02
8.350380295547191190e-02
2.012547537150680133e-02
1.332275389981001645e-01
9.103806585840168442e-02
8.466488406023657542e-02
8.995398200343916739e-02
8.532591740361039623e-02
1.327401029166734858e-01
6.698236981951427582e-02
1.247290463253531434e-01
5.967789328393130477e-02
1.090599126599548913e-01
1.163634169765698917e-01
2.097186113269749325e-02
1.140496337335670900e-02
6.493191264821469855e-02
8.108682301187000729e-02
1.127314895881879886e-01
8.440458592591212894e-02
6.367536091646092133e-02
6.046498406664200381e-02
9.460083048760495328e-02
1.335712040312884985e-01
1.268074370696485320e-01
1.190626648863117414e-02
1.111577013100888967e-01
3.925337460068527295e-02
3.780926576182330745e-02
1.130265650730759158e-01
8.239756747455158348e-02
1.094228985418051053e-01
1.371839961724967139e-01
6.367536091646092133e-02
1.080340249425202070e-01
1.439069956625283753e-01
6.668799524811835910e-02
1.341610288282479857e-02
5.967789328393130477e-02
8.499251402349580764e-02
1.080793286430466321e-01
1.322611034155458942e-01
1.037366140514350416e-01
4.917956457624206301e-02
7.878206509438258343e-02
1.171424967058076194e-01
8.303105407228314472e-02
1.076692074307186997e-01
3.249136273231056221e-02
1.326455409555947484e-01
3.265598441062678853e-02
1.157166121267936276e-01
4.348907552976826602e-02
7.020757282244349806e-02
6.547005440068499882e-02
6.374541104612616027e-02
6.489163987748811091e-02
1.494712131422813728e-01
8.771379532686028602e-02
9.669550978122333496e-02
1.307713706034651091e-01
6.994169828359547703e-02
1.563995567709313694e-01
6.421488402289556030e-02
3.184773051719733822e-02
8.741691298173158431e-02
2.422343258476073943e-02
1.348911046798379199e-01
6.781457040893583421e-02
9.044264684473347915e-02
1.243459764285098912e-01
1.183852234203025718e-02
1.324614915010293159e-01
