9.212401386324553781e-04
6.781345119493502587e-04
8.210489822604854094e-04
1.752583701220618512e-03
7.849861064145969647e-04
6.781345119493502587e-04
9.694984383208003981e-04
1.286528527686088942e-03
1.234962575070647824e-03
9.789359935313659070e-04
1.497758605154282229e-03
6.086015163003162575e-04
9.274369008603306841e-04
1.065864818669740640e-03
1.465472762927816624e-03
9.633769572126953378e-04
1.675897742601893583e-03
1.057644292022144909e-03
1.635562426747395144e-03
4.629683129103321563e-04
5.676137131805977093e-04
5.744747971079879620e-04
5.718072031969847601e-04
9.212401386324553781e-04
5.850914571502341573e-04
1.404355278448204524e-03
1.400851740049439964e-03
7.054937373371148292e-04
1.043979626534389691e-03
1.252383201361278921e-03
9.771434258631333646e-04
5.645061324538720813e-04
6.413278261548593885e-04
1.705757196813410424e-03
1.165883915974275748e-03
7.064152260609113691e-04
7.722385524460813550e-04
9.093337954664476109e-04
9.857170856089692360e-04
1.165883915974275748e-03
7.705395140011592247e-04
2.196068861447102692e-03
1.842273232370583453e-03
5.909527509535331385e-04
9.543320039376706207e-04
8.760628665598441068e-04
2.060913933045562408e-03
1.090360980197388171e-03
7.959539848247879773e-04
1.323015224583793271e-03
6.372845107343348215e-04
1.724794851711583185e-03
8.114456087255554704e-04
1.204061843524401347e-03
2.814815634147798534e-03
6.540040070653834565e-04
1.063948824346086291e-03
7.499984833896432930e-04
7.497599420339834961e-04
1.558062965672068383e-03
1.242897825733099270e-03
7.126506072838186120e-04
6.741263032066324799e-04
2.867434427759082364e-03
6.992665961287319182e-04
7.379123630219009159e-04
8.955713942982671677e-04
1.039490017376419866e-03
9.159382019874247631e-04
8.541781781358215569e-04
2.681675473505209552e-03
5.701393191428173138e-04
9.609970964116268388e-04
1.823264499676613675e-03
8.559774014193198294e-04
1.033665352603470962e-03
5.976424032377239274e-04
6.781345119493502587e-04
1.572496993694137007e-03
6.766628385974374433e-04
7.813405158071147364e-04
6.389064026488016279e-04
7.968169052802092983e-04
8.026150070650781357e-04
5.981400568608304319e-04
5.767435120834686233e-04
1.369614476506956407e-03
1.192033644855824883e-03
1.083427394685881071e-03
7.499984833896432930e-04
8.324755657653227755e-04
7.855283230032115982e-04
6.408923113601595542e-04
7.053502548371459475e-04
1.108594957435764640e-03
5.516168705319184681e-04
1.224949251063493696e-03
1.435193338170031229e-03
9.625949227600253929e-04
1.385426513932652660e-03
2.537273901491895068e-03
1.016641605187312142e-03
7.003961112419180689e-04
6.993600613392722022e-04
6.077587580991264610e-04
8.380695238758009095e-04
1.009438355330598150e-03
7.039532523051036765e-04
9.248443905774843873e-04
7.959263753001667805e-04
3.168878028441505634e-03
7.053502548371459475e-04
6.563129711410966172e-04
1.225470108914205334e-03
7.051611370768251985e-04
9.856720199197083979e-04
9.783084681134336484e-04
4.481229331835236357e-04
9.765117087352093031e-04
5.865711805439367127e-04
3.168878028441505634e-03
5.251306099899878373e-04
5.124860869689559480e-04
1.979820540404125286e-03
1.157735952155950669e-03
1.083427394685881071e-03
7.316809948535904192e-04
7.567753549663233745e-04
1.357464063683164277e-03
5.714156101717634065e-04
1.158297663263962171e-03
1.179521848475329274e-03
1.233704685780109313e-03
1.287039301603160870e-03
1.129078227846440656e-03
6.801201757936704059e-04
9.382088385748776687e-04
1.056482946164662108e-03
1.010173685670132061e-03
1.996572798152111087e-03
8.803765506955947995e-04
1.257366909100923226e-03
6.231241554266276966e-04
9.857170856089692360e-04
8.589442425156195056e-04
8.626613191559656798e-04
9.699344890991505987e-04
1.073657330900145822e-03
7.623043683333715053e-04
6.010284640672579077e-04
1.250933730728968516e-03
8.833319625070372915e-04
1.049064350500772879e-03
6.519109459206032502e-04
1.584686106246666277e-03
1.233602368002955892e-03
2.483128259180245219e-03
8.403639897399306415e-04
1.001205396697850154e-03
9.005125618696288537e-04
6.338907452820439960e-04
8.426571413481398097e-04
1.004191913126478925e-03
1.159324940154362335e-03
5.679640105774940795e-04
1.073657330900145822e-03
6.010061318982962792e-04
8.234951877627162253e-04
7.140076000219798113e-04
6.937189399120716367e-04
7.053890090637660731e-04
6.431392718164911189e-04
7.292556045087628678e-04
1.103045750244545939e-03
7.074984632975511289e-04
7.467537238016758866e-04
4.791725835631090624e-04
8.954132022869145009e-04
8.833319625070372915e-04
9.799535158105359810e-04
5.001603387623434083e-04
6.211659486902238380e-04
9.571629455518251058e-04
1.309617597564318022e-03
8.452875530325927155e-04
5.976424032377239274e-04
7.630436627348295047e-04
9.093162977075029295e-04
1.083880689602674616e-03
9.794882393783467187e-04
8.175777824718664846e-04
7.834839500829271193e-04
1.139853207183990583e-03
1.106480040554760685e-03
1.518643940312270398e-03
5.545705259995534816e-04
1.376072066927865479e-03
1.460683348821689579e-03
6.547303601248594725e-04
6.781345119493502587e-04
7.497910910233985399e-04
1.003120519006946718e-03
1.176147697153532602e-03
9.371736304101680988e-04
1.127969093171475026e-03
9.248443905774843873e-04
7.642164117829385473e-04
6.129198670284431456e-04
7.552140730347705428e-04
1.402460901568855717e-03
1.369614476506956407e-03
1.227616958828882778e-03
9.798273063317303362e-04
8.019834050864130173e-04
9.410750324427476915e-04
5.815642938821434646e-04
8.936541153520405475e-04
7.476535823110473959e-04
8.192289799369430843e-04
6.766628385974374433e-04
5.724787199308980622e-04
5.189647742651130836e-04
6.469298828830620952e-04
8.628662996668658679e-04
6.449642221343145640e-04
1.227616958828882778e-03
6.973686743529898665e-04
8.743486614288110796e-04
1.255903233513768272e-03
1.323896631296341345e-03
6.888688863820653261e-04
8.857732738955507350e-04
1.018019546124046592e-03
9.138451612487625414e-04
5.295677599664016513e-04
9.638591493685284665e-04
1.917960461682140455e-03
6.838346539059815803e-04
4.980912935522467319e-04
2.481316055681821037e-03
8.510350677231550863e-04
5.274869040330150850e-04
8.215356213367429892e-04
7.215379775508387388e-04
1.019479233406957392e-03
9.771434258631333646e-04
2.354284723265739725e-03
1.731178592949171200e-03
7.173583743885616820e-04
1.285359129322012324e-03
5.665835672614977095e-04
7.939742698568407831e-04
7.053502548371459475e-04
1.720866591597318158e-03
1.255567746148173163e-03
1.720866591597318158e-03
1.912589147383751817e-03
7.155965325510989065e-04
1.362421033841100006e-03
9.114824047407220830e-04
6.781345119493502587e-04
1.141809073163154277e-03
4.594286711162382181e-04
7.601622457931670601e-04
9.212401386324553781e-04
9.851172363672877023e-04
1.699989137749547286e-03
1.114394180896371121e-03
6.908669224325149696e-04
8.296520015687600461e-04
7.585597209338949517e-04
1.186892835042746260e-03
1.175411005816059127e-03
8.677596672111167163e-04
6.427821048545768979e-04
6.338907452820439960e-04
7.176148144805142735e-04
9.404487241871573771e-04
1.086965481856904270e-03
7.690414089121700054e-04
1.966556172507772770e-03
7.650227055492622111e-04
6.629997805625971420e-04
8.119915445198850994e-04
8.540960809470924970e-04
7.396573295550730193e-04
5.252344944307096647e-04
8.761938199878259491e-04
8.655652159236088515e-04
8.114456087255554704e-04
7.573555558495175932e-04
5.200725755956846176e-04
1.461638123764702609e-03
6.817945843963694021e-04
7.955639634680073064e-04
9.228080824487920478e-04
5.967639105339710755e-04
8.898411677342801807e-04
1.036396628057656422e-03
8.175777824718664846e-04
1.823264499676613675e-03
8.632121135460928043e-04
7.762438423135697247e-04
7.196312820848465653e-04
8.139401821739975429e-04
7.426784239763144311e-04
5.965132942311272141e-04
1.525197715607110732e-03
1.230410911636293722e-03
2.599031635884725862e-03
9.177223486141440015e-04
1.186892835042746260e-03
8.183415195528400852e-04
8.997480802257789472e-04
6.383457682163890630e-04
1.461638123764702609e-03
1.269981758617072260e-03
1.417745667920577990e-03
7.812331229378699461e-04
1.043540290782151098e-03
1.186892835042746260e-03
6.605986687651892566e-04
7.316809948535904192e-04
1.114394180896371121e-03
6.415825488184598866e-04
9.025842399795661703e-04
1.130382125682503338e-03
1.451018820162093721e-03
8.193328652382391103e-04
5.729486298941032299e-04
1.521393640256345561e-03
6.010061318982962792e-04
1.045976189535118396e-03
7.492110064806102717e-04
8.191316834606705063e-04
9.716096246254249651e-04
5.216029822612139061e-04
1.303898640826695477e-03
1.253145367076387295e-03
8.234237741411896223e-04
1.312817478983901564e-03
8.164156141314621784e-04
8.907582290358888452e-04
9.241592519133436188e-04
6.289194189034136122e-04
5.232158819289914765e-04
1.699989137749547286e-03
6.662871027817358124e-04
1.152382646393055590e-03
5.086448720929292750e-04
5.883130032111404768e-04
6.427821048545768979e-04
1.073172466469356039e-03
7.047701770740770434e-04
8.938052464515202277e-04
1.558677048870155384e-03
1.000375832481027868e-03
8.533339649880062336e-04
1.068025304878932220e-03
1.106822297954757582e-03
9.486215262273290424e-04
8.280966760391281689e-04
7.914793727606287766e-04
6.898551977643558502e-04
3.168878028441505634e-03
8.785867560435685645e-04
8.245171085383910369e-04
9.718317577749231457e-04
7.956223378847572351e-04
5.857932417276186417e-04
1.000247810955498832e-03
8.890837201054423286e-04
9.404487241871573771e-04
6.694903099178264438e-04
9.396917909762473762e-04
9.412640933896897861e-04
6.415825488184598866e-04
6.520392230681654839e-04
1.997328578204699435e-03
9.178359904630469576e-04
1.460683348821689579e-03
9.825332630424802195e-04
1.288221588635770102e-03
6.264832887926432810e-04
9.688260138002244152e-04
2.045993748997508837e-03
6.862173294111805497e-04
6.099780796056801816e-04
6.520908323753684191e-04
9.813872699297363465e-04
1.462554300994799421e-03
9.496811109873825501e-04
9.484766061740879930e-04
9.692675217063361198e-04
8.852007515714003247e-04
8.296016447642868977e-04
8.597277993985066088e-04
1.318984218936574207e-03
5.744747971079879620e-04
6.595032079429027829e-04
6.615922061745621412e-04
2.364290615679549672e-03
1.334019614327119864e-03
5.942382930007179516e-04
6.469298828830620952e-04
1.083323354162263503e-03
7.834854505158540035e-04
7.409993162878374985e-04
7.959539848247879773e-04
1.243069942582371171e-03
1.546060021784379998e-03
9.173372119741958486e-04
8.915350067336308458e-04
1.699774387257163653e-03
1.063568104666230089e-03
1.203338298800303921e-03
7.354516312564353918e-04
1.699774387257163653e-03
1.208351903132995342e-03
2.468189644662392886e-03
9.668621729059809558e-04
1.220748878227367797e-03
7.125526701648657443e-04
5.885550693505563766e-04
1.063568104666230089e-03
1.154795918575470372e-03
7.885411501638324569e-04
1.223238149512157619e-03
8.961409680107727989e-04
2.769172325776338497e-03
8.554447228660966426e-04
1.357464063683164277e-03
1.083880689602674616e-03
5.850914571502341573e-04
6.515578475121477919e-04
7.160781390930035916e-04
1.257366909100923226e-03
9.556826409184749922e-04
6.744858211126412637e-04
7.218787311471421952e-04
1.971598585321570046e-03
1.034148210655149499e-03
6.408923113601595542e-04
5.729486298941032299e-04
1.571722199193116652e-03
1.390680513454178521e-03
1.064988518985240636e-03
9.464483645523345161e-04
1.400851740049439964e-03
1.286528527686088942e-03
7.131696742726557642e-04
5.829907906723005547e-04
1.837165593493639629e-03
1.568938515469856443e-03
7.955075809426670041e-04
8.403639897399306415e-04
9.105061087591402027e-04
9.467881047489595629e-04
1.127479614655547187e-03
6.782345929594545391e-04
6.837322282631897548e-04
7.661439860738684460e-04
9.513160857894684217e-04
1.528574082561030703e-03
9.955002416576130483e-04
7.812331229378699461e-04
1.701120471309424190e-03
8.898411677342801807e-04
1.139853207183990583e-03
2.468189644662392886e-03
8.658591846661678471e-04
1.113995454058874270e-03
9.955002416576130483e-04
4.480330993502729337e-04
6.563129711410966172e-04
1.183839191397336246e-03
8.926056573342035444e-04
7.834839500829271193e-04
8.760628665598441068e-04
4.480330993502729337e-04
8.883229517913502531e-04
8.533339649880062336e-04
1.234962575070647824e-03
6.888688863820653261e-04
1.253145367076387295e-03
1.212549651632120924e-03
1.227616958828882778e-03
7.956223378847572351e-04
6.065807325458308624e-04
9.937941137870762165e-04
7.356437534999118967e-04
6.694903099178264438e-04
8.467275125640082991e-04
7.243606219039974399e-04
6.781345119493502587e-04
8.105069953628903177e-04
1.204061843524401347e-03
1.080140278957152566e-03
9.091705264075931317e-04
1.043540290782151098e-03
8.467275125640082991e-04
4.481229331835236357e-04
6.824823256177030371e-04
1.257366909100923226e-03
1.129078227846440656e-03
6.694903099178264438e-04
7.053502548371459475e-04
6.248023122043371838e-04
9.093162977075029295e-04
9.486215262273290424e-04
1.546060021784379998e-03
6.742987829973366059e-04
1.093210648363228833e-03
7.849861064145969647e-04
5.963557854361096165e-04
7.704519760871874354e-04
7.428642507236702134e-04
1.186892835042746260e-03
1.072524846825817198e-03
9.942380352376018349e-04
1.136856190015322812e-03
7.776812690107091182e-04
6.783610576251724754e-04
9.937962272445776714e-04
1.243069942582371171e-03
1.000375832481027868e-03
7.849861064145969647e-04
7.269656036882574677e-04
1.757840236824237835e-03
5.956667566914049684e-04
1.003487502805387559e-03
8.175777824718664846e-04
1.186892835042746260e-03
6.691132382467335823e-04
1.196971291125872557e-03
1.038876669770081836e-03
7.919888010979784067e-04
7.956223378847572351e-04
1.119070480193200094e-03
1.701120471309424190e-03
8.799040337149878705e-04
1.312817478983901564e-03
1.139853207183990583e-03
7.956223378847572351e-04
2.118519327094767202e-03
1.155012972400735203e-03
8.997480802257789472e-04
7.140076000219798113e-04
1.203338298800303921e-03
7.640316820939247215e-04
1.186892835042746260e-03
2.537273901491895068e-03
5.894957987456638957e-04
7.215379775508387388e-04
8.024978359622877803e-04
8.084562695690889877e-04
7.081169974777235280e-04
6.888688863820653261e-04
7.999789936270814555e-04
8.183415195528400852e-04
1.370843101885061430e-03
7.956223378847572351e-04
1.417745667920577990e-03
8.190357418031049119e-04
7.053502548371459475e-04
5.724787199308980622e-04
1.546060021784379998e-03
7.054086910076546669e-04
1.513879533834595979e-03
8.677596672111167163e-04
6.663530273562462370e-04
7.104665999404666471e-04
8.973145190207557033e-04
9.069095890005263172e-04
9.670588443291916556e-04
8.961409680107727989e-04
1.082831437942442321e-03
1.404355278448204524e-03
8.066870166507434433e-04
9.818573566756770999e-04
1.189131460132861022e-03
7.006108131667328990e-04
1.269981758617072260e-03
1.025520993217002384e-03
9.857170856089692360e-04
5.274869040330150850e-04
5.744257386454600534e-04
7.155965325510989065e-04
1.947081134408957300e-03
2.045993748997508837e-03
5.010284553811338850e-04
1.546092981858011341e-03
1.000247810955498832e-03
8.932931179123746075e-04
5.001603387623434083e-04
1.233602368002955892e-03
8.037048744198416845e-04
5.086448720929292750e-04
8.192289799369430843e-04
8.485425045204458014e-04
8.536331724460291537e-04
9.410750324427476915e-04
5.911378082576796865e-04
7.690414089121700054e-04
8.047693993351488165e-04
1.002049322521279297e-03
7.683251484334206521e-04
9.105061087591402027e-04
8.589442425156195056e-04
7.689066482522436330e-04
6.413278261548593885e-04
1.227616958828882778e-03
2.057365165169964313e-03
8.343944192714569837e-04
1.309617597564318022e-03
1.848325078628691503e-03
1.188496195383508675e-03
1.531882744373481509e-03
1.912589147383751817e-03
1.402460901568855717e-03
9.971186254622427247e-04
7.492110064806102717e-04
1.362863694117589543e-03
9.799535158105359810e-04
1.206979150178447537e-03
6.283583669488346842e-04
8.657631275890226514e-04
7.019065244568319919e-04
2.164673912789091478e-03
1.819535105653640079e-03
8.536331724460291537e-04
8.680974116018334201e-04
1.036837786371612663e-03
8.309607633917405001e-04
1.314507278062741150e-03
7.426784239763144311e-04
7.215379775508387388e-04
6.745673967758391209e-04
8.888381856831371365e-04
1.318984218936574207e-03
1.318984218936574207e-03
6.781345119493502587e-04
1.103098319626121633e-03
5.511977945559087128e-04
6.780545018927066313e-04
9.986786940330946889e-04
1.334266210346719394e-03
4.969183338001797188e-04
5.856946550844593273e-04
1.484481724550908589e-03
8.069102935844956739e-04
1.616983651855458505e-03
9.141170325542356638e-04
1.912589147383751817e-03
1.004191913126478925e-03
6.336986481654926628e-04
1.724794851711583185e-03
6.637911920797922314e-04
4.659617458809596231e-04
5.757211319644514776e-04
9.568307113479989365e-04
7.800260283886180238e-04
1.004191913126478925e-03
7.426784239763144311e-04
7.956223378847572351e-04
1.250714775257797187e-03
1.186892835042746260e-03
1.638539276114768474e-03
8.273052856014173747e-04
1.555650125318865096e-03
1.229028670242803597e-03
4.480330993502729337e-04
8.183806941588529652e-04
8.253042328037532831e-04
7.799947506203221918e-04
1.676919083376816758e-03
1.263141867368114792e-03
8.135963454220858804e-04
5.256477805118946623e-04
8.632121135460928043e-04
1.129091190343543914e-03
5.235827217838471843e-04
7.645114464044828768e-04
1.286528527686088942e-03
1.175668945118697436e-03
7.563303661664670923e-04
6.010284640672579077e-04
7.047701770740770434e-04
7.874905560758511209e-04
1.186892835042746260e-03
1.019337699011843784e-03
1.826786169829164568e-03
1.823264499676613675e-03
6.783485472622110841e-04
8.997480802257789472e-04
9.851172363672877023e-04
2.368047056624525675e-03
6.759240019599126485e-04
8.263522088651298683e-04
1.106780387527947799e-03
4.590070376978402293e-04
7.440239793481745120e-04
1.225036243089964918e-03
1.233602368002955892e-03
7.585597209338949517e-04
1.132110619968681835e-03
9.068260367045576954e-04
4.791725835631090624e-04
1.458070712575159147e-03
1.230410911636293722e-03
1.000375832481027868e-03
8.034635976905543046e-04
1.233602368002955892e-03
6.264764338224531638e-04
1.002686343428685692e-03
8.521776695376436124e-04
1.255567746148173163e-03
7.905491309972028681e-04
6.206238172538027691e-04
6.415825488184598866e-04
1.073172466469356039e-03
1.045976189535118396e-03
6.741263032066324799e-04
9.653136958366151940e-04
9.404487241871573771e-04
6.364555271485219544e-04
1.722928358592273586e-03
6.627862556315934281e-04
1.019479233406957392e-03
1.546060021784379998e-03
1.038876669770081836e-03
1.312817478983901564e-03
1.225036243089964918e-03
4.327182965103017849e-04
9.091705264075931317e-04
1.225470108914205334e-03
7.074984632975511289e-04
6.301545330461455919e-04
1.720866591597318158e-03
8.172751674161790212e-04
5.598172632881475742e-04
1.235524114516665028e-03
9.068260367045576954e-04
8.358142784802594051e-04
6.099780796056801816e-04
6.705183343521858505e-04
7.821491570997803370e-04
7.661830626112943292e-04
8.190357418031049119e-04
7.245548423300108383e-04
2.795012938803243842e-03
5.327666715627874233e-04
8.283781831318588014e-04
1.022024613824194230e-03
6.734991023024458493e-04
7.567753549663233745e-04
8.536331724460291537e-04
6.424673148861359106e-04
5.625452596712299550e-04
6.410989070951893199e-04
9.107410978295587579e-04
7.442393985062272042e-04
9.274369008603306841e-04
1.296216107381225431e-03
8.026150070650781357e-04
1.032046564403762664e-03
9.178359904630469576e-04
8.510350677231550863e-04
1.073744280347703126e-03
1.147723210875173892e-03
8.915511697995939571e-04
3.168878028441505634e-03
5.127760108613489817e-04
9.186833985081145279e-04
8.054939431698699033e-04
6.944865683509445593e-04
7.552140730347705428e-04
9.818573566756770999e-04
6.596076552325423658e-04
9.625949227600253929e-04
9.783084681134336484e-04
6.364555271485219544e-04
1.234962575070647824e-03
9.274369008603306841e-04
1.417745667920577990e-03
6.734991023024458493e-04
6.637911920797922314e-04
1.077046431241959800e-03
7.629626463437919146e-04
6.082736245777313261e-04
1.130382125682503338e-03
1.077046431241959800e-03
1.362863694117589543e-03
6.469298828830620952e-04
1.034148210655149499e-03
1.550965692010720714e-03
1.316199279746364196e-03
9.068260367045576954e-04
9.404487241871573771e-04
7.497599420339834961e-04
8.662062773068719169e-04
5.954833565433736596e-04
1.757193997464781554e-03
6.722713370149067599e-04
9.472956491715845600e-04
1.052312296514026132e-03
1.653062852132300767e-03
1.103484304968415817e-03
1.161085353468533591e-03
7.862051666368369230e-04
1.018019546124046592e-03
8.403639897399306415e-04
1.912589147383751817e-03
7.812331229378699461e-04
9.692675217063361198e-04
5.825570028808632313e-04
1.621211640629885518e-03
1.025290130953859184e-03
9.074322784221919942e-04
7.215379775508387388e-04
6.604050749246444816e-04
5.409521075740685025e-04
2.295438808309077997e-03
6.289194189034136122e-04
7.198682380993169823e-04
1.228175765081254613e-03
7.263723722184847438e-04
4.703651860691137167e-04
8.547974716409755371e-04
7.677133689733523598e-04
9.705319462236114631e-04
6.096940062838424046e-04
1.649378999974963900e-03
1.506735034103811504e-03
6.705183343521858505e-04
9.813872699297363465e-04
8.546190396317858472e-04
7.126506072838186120e-04
7.448751068371938086e-04
1.025290130953859184e-03
7.675763468741003638e-04
1.257366909100923226e-03
5.202454335496275312e-04
6.415825488184598866e-04
1.176147697153532602e-03
6.408923113601595542e-04
1.152382646393055590e-03
6.141786489076864284e-04
9.871303617582786235e-04
1.780291174572837991e-03
1.353817490573284467e-03
8.452875530325927155e-04
1.821332944529449388e-03
8.533339649880062336e-04
1.496535255515918763e-03
6.366287037665198639e-04
9.813872699297363465e-04
1.029468227742355319e-03
7.812331229378699461e-04
1.187605463763416989e-03
6.937189399120716367e-04
5.581704828647824235e-04
9.807410736224026968e-04
8.008856779796690289e-04
1.545950519811257985e-03
6.040631440424343995e-04
9.690148537983180998e-04
7.315371872513793186e-04
8.871801422336328576e-04
6.400198820397863964e-04
5.451346284082490097e-04
8.554447228660966426e-04
5.803852835632243275e-04
7.573555558495175932e-04
2.483128259180245219e-03
2.599031635884725862e-03
7.221184933737438780e-04
7.187576219314347273e-04
1.242897825733099270e-03
1.357364026353492532e-03
1.296216107381225431e-03
8.069102935844956739e-04
4.703651860691137167e-04
9.159382019874247631e-04
8.069418365136382361e-04
8.847004969193143819e-04
5.378328598434489608e-04
5.757211319644514776e-04
1.445847180798040922e-03
6.694903099178264438e-04
1.082831437942442321e-03
6.940567733673355276e-04
8.597277993985066088e-04
1.415668152414776898e-03
6.421015521377604904e-04
1.004191913126478925e-03
1.233704685780109313e-03
7.935652450944114368e-04
9.061769841465306188e-04
5.909527509535331385e-04
1.077945707279871898e-03
7.200669509893065090e-04
6.211659486902238380e-04
8.117040219891938921e-04
1.407586250423588500e-03
1.400851740049439964e-03
1.043540290782151098e-03
9.159356936442482593e-04
6.813055933434618164e-04
8.725407919306976592e-04
8.533339649880062336e-04
2.373859366480171595e-03
8.386691714998004751e-04
6.781345119493502587e-04
1.370432084856041451e-03
1.070909191578778112e-03
8.775944201866404601e-04
7.834854505158540035e-04
1.491330032359313709e-03
8.447386905272385137e-04
1.679109828447224693e-03
8.114456087255554704e-04
9.798273063317303362e-04
2.483128259180245219e-03
8.164156141314621784e-04
1.547613792409629650e-03
8.554447228660966426e-04
9.625949227600253929e-04
9.556826409184749922e-04
1.166269906374288283e-03
8.451012019664973576e-04
6.029435544619996326e-04
1.151670463915249135e-03
2.350605983909397501e-03
8.183415195528400852e-04
6.694903099178264438e-04
1.045976189535118396e-03
7.057018606965665200e-04
1.182929397862540971e-03
8.804212799176505200e-04
1.338573119615627319e-03
1.461421230745385763e-03
1.323896631296341345e-03
5.573899016907995401e-04
9.404487241871573771e-04
6.739162379661175041e-04
7.074984632975511289e-04
7.215379775508387388e-04
5.200725755956846176e-04
1.057652413940677162e-03
8.380695238758009095e-04
1.186892835042746260e-03
6.893980081918722313e-04
1.309617597564318022e-03
7.426784239763144311e-04
1.186892835042746260e-03
9.105061087591402027e-04
6.694903099178264438e-04
1.187605463763416989e-03
8.538937814762685621e-04
1.019479233406957392e-03
7.011160483651674487e-04
6.673371010509185526e-04
1.070934183567588162e-03
8.058507176126181908e-04
9.825792113244769324e-04
9.274369008603306841e-04
6.254968939643334568e-04
1.190187236097176851e-03
7.955075809426670041e-04
4.942112818153525638e-04
5.649468696831990268e-04
1.250933730728968516e-03
1.103098319626121633e-03
1.390680513454178521e-03
8.499934704415440696e-04
6.793645324963159312e-04
1.206979150178447537e-03
1.081946339784962616e-03
9.029075893803142948e-04
7.263723722184847438e-04
8.069102935844956739e-04
1.338210016050021822e-03
7.689066482522436330e-04
1.497758605154282229e-03
9.692675217063361198e-04
1.461638123764702609e-03
1.720866591597318158e-03
2.045993748997508837e-03
1.225036243089964918e-03
9.016817680069491494e-04
8.540093807601788949e-04
6.688135650440963460e-04
8.961409680107727989e-04
6.408923113601595542e-04
1.227616958828882778e-03
9.694984383208003981e-04
7.552659867374650381e-04
6.705361154478469256e-04
7.823893829791490244e-04
