1.215011331751552877e-03
9.363768132801881432e-04
1.035025090404306401e-03
9.786677080624458201e-04
1.140755121084438073e-03
9.848627100484696507e-04
1.321658465755710986e-03
1.235231980478459536e-03
1.048375734153669326e-03
8.925032134577238303e-04
8.386163569981550320e-04
7.478754835110941772e-04
1.035365527402372105e-03
9.913051329324172947e-04
1.011534050256951509e-03
7.952831047186076276e-04
8.138003765524137560e-04
9.469969490348703004e-04
1.068575701204591780e-03
1.243810665829234770e-03
7.417940217968344583e-04
1.123380236401352265e-03
9.275251684801679754e-04
8.734571294424135031e-04
8.386830355776579054e-04
8.491476656678756049e-04
8.576058092760384345e-04
1.510379636803528807e-03
1.058915116410735768e-03
8.192747032505735957e-04
1.208435652281394587e-03
8.701479052242407693e-04
1.037625736457665386e-03
8.536479556676057276e-04
1.004815032303991561e-03
7.070386769991315618e-04
1.066155893472346943e-03
9.898544511625390497e-04
9.363768132801881432e-04
8.832168567273979360e-04
1.015087213645743478e-03
9.547002067427507984e-04
9.762302503679699773e-04
1.846655982677007689e-03
9.490725805216558347e-04
1.180643108078379246e-03
9.394267232207792039e-04
1.137468370530438349e-03
9.207437135837477724e-04
8.071772164577571684e-04
8.310621548502117881e-04
1.018736760050687655e-03
9.103335068282529096e-04
1.055678087975671668e-03
8.819879593273142939e-04
1.077741054648121430e-03
1.097803801334024587e-03
1.006015952797299903e-03
1.058915116410735768e-03
9.284922885730993898e-04
7.457314825387541994e-04
1.242774936827881638e-03
8.209313551854635106e-04
1.011234408329872696e-03
1.439527502220352886e-03
1.101770183622897232e-03
1.006015952797299903e-03
8.348943287210068825e-04
7.473369845548519545e-04
7.778767493540572576e-04
8.038275805111402567e-04
9.536041906419304506e-04
9.843614699678617224e-04
8.348943287210068825e-04
9.394267232207792039e-04
9.581448680411275504e-04
1.183641883933642461e-03
1.159860529346335399e-03
8.925032134577238303e-04
8.747752177750833932e-04
7.666643357409368056e-04
7.828612146406956638e-04
8.128847971505437538e-04
1.193028176743690270e-03
8.469209082553462876e-04
7.778767493540572576e-04
1.162089745885646263e-03
1.008806278113524944e-03
1.293131325256311999e-03
9.423136239711128043e-04
1.219476865196386910e-03
9.809734705228082170e-04
9.434066349307859397e-04
1.173182999049191726e-03
8.387573083740026362e-04
1.209938431485216943e-03
1.338416027709837071e-03
9.876657764186515774e-04
8.718468055411620005e-04
8.143503870864291340e-04
8.440430837901597566e-04
1.153471097965235847e-03
7.714573548638013452e-04
8.569935270999937647e-04
9.877134872481828625e-04
9.786677080624458201e-04
1.040743832860492385e-03
9.275251684801679754e-04
1.047612510712908011e-03
9.547178473908198406e-04
1.055678087975671668e-03
8.819879593273142939e-04
8.354562971143042341e-04
1.195187443072111668e-03
1.196235421352955701e-03
8.762546470886924468e-04
9.050053529848484492e-04
8.629665977646213890e-04
1.654698533063974925e-03
9.823178785540636129e-04
1.061788423364330497e-03
9.177924744683009766e-04
9.686178329223712243e-04
8.171118696532565567e-04
1.032177737275506713e-03
8.882884551648422217e-04
7.634999492016091883e-04
1.132296291814111370e-03
1.219476865196386910e-03
1.331778344757759058e-03
8.330883027206897190e-04
1.065136064969421283e-03
1.138346317825317429e-03
1.387603797340973902e-03
8.726505855994670180e-04
8.945016740029063497e-04
1.129989178695886727e-03
9.863511033547727683e-04
1.107354322815922928e-03
1.284431495051875953e-03
1.093216802395250873e-03
9.384822104458510981e-04
8.813865103975310504e-04
6.939993951836868208e-04
1.164564139759525444e-03
1.154269197094563411e-03
8.511150988359980326e-04
1.222314197085564618e-03
8.463182432622744569e-04
8.657309284398979812e-04
9.050053529848484492e-04
7.666643357409368056e-04
8.418403298154723000e-04
9.468182609747075431e-04
1.098818249338933718e-03
9.906976158582916827e-04
1.116625712339831865e-03
9.786677080624458201e-04
8.883509835837107797e-04
1.324942040831247414e-03
8.192747032505735957e-04
8.018250452109679325e-04
1.016012280300624239e-03
9.713983826023178279e-04
9.556165571061340722e-04
8.967692086167627051e-04
8.734571294424135031e-04
1.215518135245140024e-03
7.615705582943446076e-04
1.381766812938897606e-03
1.220458944335640721e-03
1.042258141806306831e-03
9.275251684801679754e-04
1.846655982677007689e-03
7.615705582943446076e-04
1.072781960270116977e-03
9.525784918589659230e-04
1.046250462197216569e-03
1.545112245332725233e-03
8.372109255907148745e-04
8.171118696532565567e-04
9.109262960935052365e-04
1.105284833191165364e-03
8.247668750349470591e-04
1.258178427296163067e-03
1.254822053914147507e-03
8.423559744982299759e-04
1.142032653029897375e-03
1.016012280300624239e-03
1.029995870148477924e-03
1.173182999049191726e-03
1.058915116410735768e-03
8.676625716065910002e-04
8.771268484271504658e-04
1.075971900106673877e-03
8.312183205162077546e-04
1.149283457960352658e-03
7.784437593730014109e-04
1.351209894001983037e-03
1.303252890771551325e-03
1.097533673751191052e-03
9.792923069760629384e-04
8.663543676534519056e-04
1.134952820133161306e-03
1.097533673751191052e-03
1.477964175900685958e-03
9.890030737980442990e-04
8.192733790924911505e-04
1.202957213415134464e-03
1.300942561567155868e-03
9.275251684801679754e-04
1.025994913371543671e-03
8.593679663476920657e-04
7.687969602334165193e-04
1.329727449506844673e-03
1.001460282602099515e-03
7.066521543237029015e-04
1.023993189627339607e-03
1.053362751561737285e-03
9.898544511625390497e-04
9.717197467453782180e-04
1.046250462197216569e-03
8.062198846025288692e-04
9.906976158582916827e-04
9.293247270073597306e-04
1.129625576703024515e-03
8.132624643382505014e-04
8.409613441490944091e-04
1.050966358253369645e-03
1.119582874802266042e-03
7.071167804039347636e-04
9.015599703459108464e-04
9.299715602174898335e-04
8.586152363130021168e-04
1.011881177320015507e-03
1.123380236401352265e-03
8.354562971143042341e-04
1.149081918283938837e-03
8.174709960827140779e-04
8.153735122543007054e-04
1.523251783280996259e-03
1.056092531635860346e-03
8.038275805111402567e-04
7.494931621781031426e-04
8.330883027206897190e-04
8.185350395059773831e-04
8.064031433905428448e-04
1.224196239847844155e-03
1.005185027289458907e-03
1.001460282602099515e-03
1.008806278113524944e-03
8.857725414035023817e-04
8.967692086167627051e-04
9.384822104458510981e-04
8.967692086167627051e-04
8.932848194797619835e-04
9.063312318961864100e-04
1.109913110654928928e-03
1.062671147401085970e-03
1.178689190851123659e-03
1.116625712339831865e-03
1.329727449506844673e-03
7.111866254602205529e-04
8.477059512727533070e-04
1.048375734153669326e-03
8.415742087623941884e-04
1.191615498719134168e-03
1.248460179904233502e-03
7.337172473473759209e-04
9.333065062604644973e-04
8.717067646217951113e-04
1.220458944335640721e-03
1.084517745250252255e-03
9.477716971245770620e-04
8.962813103525348697e-04
7.809220062530788670e-04
1.202957213415134464e-03
8.288540457692780868e-04
9.478236035378651740e-04
8.959644152434857170e-04
7.615705582943446076e-04
1.218137747249822996e-03
8.390936240867377573e-04
7.478754835110941772e-04
1.077741054648121430e-03
9.571458156090086739e-04
8.481058865770855484e-04
1.183641883933642461e-03
9.891417771906462798e-04
1.202957213415134464e-03
9.877134872481828625e-04
9.188373615700468370e-04
1.063777160469240885e-03
7.188197967074895760e-04
7.397019286023133683e-04
1.358998723650972629e-03
1.054636749247186934e-03
7.291474011555693514e-04
1.149283457960352658e-03
1.024095803599387594e-03
1.018591360970230817e-03
7.655013044569065461e-04
1.059049778768207098e-03
9.927153013436092709e-04
7.175395746548533273e-04
1.153471097965235847e-03
1.115191748226952153e-03
7.655013044569065461e-04
7.314157519787935951e-04
8.440430837901597566e-04
1.082958023689928459e-03
9.843614699678617224e-04
9.348316289334512256e-04
1.491825788472661953e-03
8.291930341976530517e-04
8.939954038109232523e-04
9.479461410398103312e-04
9.275251684801679754e-04
1.008806278113524944e-03
1.321658465755710986e-03
9.564319665750642277e-04
8.350846111885098936e-04
7.828612146406956638e-04
1.371219989844242506e-03
1.247363280552804760e-03
1.176765885681105035e-03
1.643460677275246969e-03
1.227597217342980178e-03
1.005342457204593193e-03
6.939993951836868208e-04
8.579262090073899120e-04
1.083727253762129623e-03
1.115606404286650487e-03
7.880799705974209177e-04
1.174381163259518700e-03
7.976902572431884353e-04
9.362635720023478351e-04
1.083727253762129623e-03
1.005342457204593193e-03
1.072674862893443787e-03
7.181373271477658939e-04
8.138308442975993691e-04
1.193028176743690270e-03
9.170584603594276627e-04
8.511150988359980326e-04
1.050966358253369645e-03
1.046250462197216569e-03
8.810888796766553352e-04
7.578449000411272701e-04
8.293084326380488220e-04
8.132810033822102103e-04
1.130704181758170534e-03
1.081138567390995233e-03
1.024655867361623247e-03
1.162446251001472350e-03
8.059812329604921447e-04
8.959085595941508042e-04
1.129022176755024170e-03
7.921125882000837814e-04
8.718034737767375560e-04
1.196235421352955701e-03
1.172392578972457832e-03
9.802058174833900607e-04
7.002034010209890304e-04
1.213395132060037527e-03
9.571458156090086739e-04
7.181373271477658939e-04
1.491421397925814631e-03
9.709141450082016487e-04
9.306737722389518469e-04
8.180774443460944864e-04
1.001460282602099515e-03
8.391606725550823003e-04
1.180643108078379246e-03
1.124637714848325662e-03
9.047624167978628607e-04
9.478236035378651740e-04
1.019529098702096114e-03
7.417876632895115769e-04
8.192747032505735957e-04
1.113412977858277680e-03
9.478236035378651740e-04
9.688350301767797252e-04
9.509202326870433084e-04
1.522788821086710088e-03
9.369009441864257180e-04
1.516961079009380032e-03
1.006015952797299903e-03
9.379493081778562686e-04
9.018448494883961374e-04
1.109011560906346784e-03
1.284431495051875953e-03
7.707388170092279367e-04
7.650885436161549433e-04
1.530472852959791508e-03
8.293084326380488220e-04
8.148600150658410861e-04
8.268792430753484600e-04
1.163541345944628554e-03
9.786677080624458201e-04
9.023622876480722225e-04
9.814445000249341546e-04
8.690434850717466660e-04
1.062671147401085970e-03
8.253724512552270852e-04
1.044405116713446402e-03
1.416556142432598723e-03
9.023622876480722225e-04
1.050051144565394140e-03
1.091847102768199722e-03
9.384106083278373044e-04
9.126254500778608562e-04
9.001292953928609428e-04
9.024247333770424491e-04
9.891417771906462798e-04
1.141078690916153514e-03
1.040523952640514446e-03
1.114089401862658783e-03
8.024691299638994418e-04
1.154241225778723703e-03
1.510379636803528807e-03
9.583454215767560217e-04
1.173182999049191726e-03
8.816741495771475857e-04
8.281032600218642386e-04
1.066155893472346943e-03
1.035025090404306401e-03
8.958266498785602116e-04
9.641295032422752013e-04
6.966435971937166155e-04
9.898544511625390497e-04
9.775152610387674058e-04
8.348635556472951353e-04
9.890030737980442990e-04
9.379493081778562686e-04
9.199737382006008355e-04
8.354562971143042341e-04
8.073552029564534530e-04
8.751676188509529501e-04
1.061788423364330497e-03
9.335203841119781932e-04
9.877134872481828625e-04
1.082614111150000634e-03
1.036700600549460413e-03
1.432399752767229842e-03
7.990438668306227296e-04
8.576058092760384345e-04
1.075971900106673877e-03
8.523399874473499335e-04
1.024655867361623247e-03
1.259068240608310742e-03
8.153735122543007054e-04
9.050053529848484492e-04
9.726121331490111084e-04
8.834799542838250863e-04
8.635095687965362813e-04
1.011534050256951509e-03
1.005185027289458907e-03
7.149856528945568992e-04
7.585578374185429108e-04
9.746222540820815130e-04
1.123229822006654912e-03
8.129347243829499652e-04
1.149283457960352658e-03
8.128389336911445544e-04
8.448130184426909817e-04
1.131564983561032800e-03
1.055678087975671668e-03
1.085651782139304038e-03
1.150936982496740622e-03
1.010620030017024508e-03
9.676397640639853226e-04
8.437038377754601257e-04
1.109011560906346784e-03
9.602969808746021586e-04
8.669259340632974641e-04
1.147518171574259289e-03
9.035492395222057991e-04
7.168756592045490844e-04
1.204850566670099448e-03
1.126495059703388644e-03
8.018250452109679325e-04
1.082958023689928459e-03
1.230209286548952872e-03
7.070386769991315618e-04
1.655858719726487679e-03
1.254313217484115308e-03
1.576132846539153283e-03
7.314157519787935951e-04
9.921476392257223484e-04
1.246645986798392567e-03
1.080204092783488981e-03
9.018448494883961374e-04
1.046602335243402692e-03
1.193028176743690270e-03
1.218684168695742965e-03
1.123229822006654912e-03
1.001460282602099515e-03
9.208626690692340916e-04
8.171118696532565567e-04
1.697928671356930359e-03
1.056621484416919981e-03
8.386163569981550320e-04
1.164564139759525444e-03
8.635946284917709681e-04
8.484300988992197123e-04
9.548481601664086764e-04
9.376544289634762899e-04
8.440430837901597566e-04
9.731595378503568334e-04
7.809220062530788670e-04
8.493621008004882808e-04
8.958266498785602116e-04
9.596486844971710865e-04
7.332888035864232237e-04
8.302700203323363235e-04
7.528826597767286589e-04
9.926693666623335847e-04
9.359606693708021714e-04
8.491476656678756049e-04
9.018448494883961374e-04
9.725062654890326026e-04
1.061788423364330497e-03
9.362635720023478351e-04
1.134099435532541413e-03
1.183641883933642461e-03
9.047624167978628607e-04
1.220458944335640721e-03
9.292040108031626071e-04
7.702647787741949761e-04
1.062234947518902540e-03
1.036700600549460413e-03
1.237523587014149450e-03
1.129989178695886727e-03
1.001509576464576631e-03
1.066202607869551171e-03
9.906976158582916827e-04
1.072674862893443787e-03
9.036990357990012370e-04
1.137468370530438349e-03
1.129238793931784971e-03
9.877134872481828625e-04
1.131830661719133817e-03
9.906976158582916827e-04
9.556165571061340722e-04
8.959085595941508042e-04
1.055678087975671668e-03
9.478236035378651740e-04
7.034492852458852684e-04
8.794733680695300147e-04
1.016012280300624239e-03
8.038275805111402567e-04
7.655013044569065461e-04
9.891417771906462798e-04
1.119599180550671187e-03
9.365047724119951542e-04
1.112902052701054707e-03
7.358357756319252284e-04
8.288540457692780868e-04
8.056156198987043937e-04
1.129238793931784971e-03
1.140116618855152716e-03
9.587967926531285046e-04
9.635095710110393218e-04
9.099893977791337872e-04
1.187839478658699044e-03
1.097803801334024587e-03
1.123375963159112603e-03
1.196235421352955701e-03
1.219476865196386910e-03
7.707388170092279367e-04
1.061705187723055227e-03
1.393582891264039114e-03
9.250025773885272532e-04
1.631218287565515922e-03
1.045629426115749199e-03
1.325870792390590686e-03
9.996762712845368420e-04
1.128243710208376178e-03
9.746222540820815130e-04
7.149856528945568992e-04
1.001460282602099515e-03
1.061530479878363591e-03
8.330883027206897190e-04
8.757777427854011127e-04
7.655013044569065461e-04
9.536041906419304506e-04
7.568623697473606231e-04
8.547578145962284046e-04
9.219131548872829115e-04
1.173182999049191726e-03
8.171118696532565567e-04
8.813865103975310504e-04
1.095370929992741695e-03
7.253916894065567250e-04
7.330049420796809663e-04
9.547178473908198406e-04
1.109011560906346784e-03
8.718034737767375560e-04
1.164564139759525444e-03
8.014173402963252046e-04
9.339666583387287420e-04
1.021920130894434127e-03
9.509202326870433084e-04
7.966173192599076882e-04
1.000763847503067291e-03
7.977754571381714174e-04
9.333065062604644973e-04
1.324942040831247414e-03
8.038275805111402567e-04
1.133919523023373902e-03
1.112839095508208779e-03
1.206924951909430681e-03
8.311359497776480126e-04
1.079537789417796961e-03
1.061788423364330497e-03
9.786677080624458201e-04
1.028616501869333410e-03
9.927153013436092709e-04
9.802058174833900607e-04
1.299523993424542192e-03
1.155064205211699981e-03
1.005185027289458907e-03
1.243810665829234770e-03
7.614111545889076793e-04
9.109262960935052365e-04
9.587967926531285046e-04
8.304531248480494189e-04
1.242774936827881638e-03
7.142655313276542435e-04
9.478236035378651740e-04
8.090141507305653344e-04
1.147518171574259289e-03
1.364794127080097216e-03
9.179187156020871246e-04
1.491421397925814631e-03
1.079281285370154667e-03
1.040523952640514446e-03
1.080204092783488981e-03
9.786677080624458201e-04
9.478236035378651740e-04
7.594063767112854430e-04
1.004310420792570071e-03
1.215011331751552877e-03
1.045629426115749199e-03
1.103633563123533829e-03
8.819879593273142939e-04
9.927153013436092709e-04
9.891417771906462798e-04
1.247363280552804760e-03
9.160623379442392553e-04
1.671109426144991089e-03
8.260577412015533087e-04
9.786247195405748962e-04
9.478236035378651740e-04
1.235231980478459536e-03
9.353122418538878206e-04
9.646702075842857440e-04
1.012477096776852282e-03
8.295795266137975929e-04
9.366284306275861121e-04
1.131830661719133817e-03
9.563981129173016078e-04
1.077000519859511824e-03
9.209780964642603302e-04
1.062234947518902540e-03
9.418146868507309326e-04
1.243197398927456095e-03
8.062198846025288692e-04
7.634999492016091883e-04
9.940948317987252213e-04
9.809734705228082170e-04
9.814445000249341546e-04
6.753238820093733323e-04
9.310044645104339480e-04
9.906976158582916827e-04
1.017756358569310180e-03
8.905369558563895225e-04
8.782735598109644558e-04
1.248460179904233502e-03
1.025994913371543671e-03
9.699174243431924651e-04
8.348635556472951353e-04
8.511150988359980326e-04
1.001919919003642486e-03
8.064031433905428448e-04
9.939699764263832532e-04
8.180774443460944864e-04
8.832168567273979360e-04
9.167329585817679625e-04
1.387603797340973902e-03
1.213441326700652641e-03
1.116625712339831865e-03
1.040523952640514446e-03
1.066370067779199866e-03
9.031382407411557957e-04
6.854514647621508640e-04
1.694718617973129922e-03
1.063561036096370011e-03
8.429543008298785115e-04
9.692124622874730621e-04
8.539771006587516377e-04
1.263739151083929707e-03
9.394267232207792039e-04
9.422301336246327987e-04
8.386163569981550320e-04
9.366284306275861121e-04
1.085651782139304038e-03
7.776121592959894932e-04
7.842471992797169292e-04
8.148600150658410861e-04
7.438660197169386220e-04
7.959931988569333549e-04
1.166390233829824215e-03
9.927153013436092709e-04
9.683986905923259265e-04
1.061538820900538626e-03
7.615705582943446076e-04
8.938077325579877296e-04
1.008806278113524944e-03
1.299252092529692764e-03
1.109011560906346784e-03
8.181880839817621577e-04
8.481058865770855484e-04
1.011234408329872696e-03
9.682723797827924020e-04
7.756021725263143258e-04
9.306737722389518469e-04
1.364794127080097216e-03
1.032920241224660361e-03
9.363768132801881432e-04
8.539771006587516377e-04
1.025703522876056459e-03
1.846655982677007689e-03
1.086545513514008184e-03
8.635946284917709681e-04
1.032920241224660361e-03
1.084517745250252255e-03
1.171879206849378357e-03
8.290745542752400287e-04
1.381766812938897606e-03
1.210688789268062277e-03
7.651428812568680576e-04
6.735508646727864698e-04
1.074203207930354929e-03
1.025703522876056459e-03
1.178689190851123659e-03
9.103335068282529096e-04
1.584057816225061758e-03
1.846655982677007689e-03
9.384822104458510981e-04
8.492366378975452906e-04
8.757659370509213691e-04
1.116625712339831865e-03
1.103748528962219828e-03
8.310621548502117881e-04
1.248673485513133877e-03
1.102191412953233435e-03
1.040523952640514446e-03
8.477059512727533070e-04
1.149684299728286670e-03
8.967692086167627051e-04
7.615267477537258000e-04
1.343711255584201193e-03
9.208065728241719185e-04
1.491825788472661953e-03
1.115606404286650487e-03
1.042152649856443580e-03
8.477059512727533070e-04
9.465755222932428986e-04
8.544327675129264991e-04
1.037022238324453345e-03
1.098818249338933718e-03
9.299715602174898335e-04
1.023848058543182400e-03
1.011478175525966708e-03
1.251805346973142424e-03
7.634999492016091883e-04
1.063561036096370011e-03
1.293131325256311999e-03
1.020308511633111030e-03
9.275251684801679754e-04
7.714573548638013452e-04
8.418904102817692569e-04
1.037625736457665386e-03
1.516961079009380032e-03
8.412285345345108011e-04
9.069177138916500363e-04
8.782735598109644558e-04
8.489211971330805698e-04
9.394267232207792039e-04
1.146924852105303322e-03
8.302700203323363235e-04
1.576132846539153283e-03
1.059437220257782811e-03
7.995171707287756493e-04
9.478236035378651740e-04
9.361966498978683019e-04
9.098034293979985389e-04
7.813128397872779558e-04
8.142009881654141369e-04
9.018448494883961374e-04
1.028552042782292534e-03
1.128243710208376178e-03
1.208984661617353322e-03
1.418267313874090963e-03
8.688199224938724730e-04
1.220458944335640721e-03
8.718468055411620005e-04
8.875486936755970458e-04
7.615705582943446076e-04
1.001460282602099515e-03
7.494931621781031426e-04
1.114089401862658783e-03
1.050966358253369645e-03
9.856693076138371788e-04
8.676625716065910002e-04
9.275251684801679754e-04
7.908193720384423765e-04
7.216059960893019161e-04
9.208626690692340916e-04
8.985219867361500350e-04
1.038870756276749022e-03
1.321658465755710986e-03
8.710899270880194389e-04
8.128389336911445544e-04
8.286104054236249255e-04
7.687969602334165193e-04
1.249140175529127187e-03
8.547578145962284046e-04
1.061788423364330497e-03
9.194908446890386793e-04
7.780289620919466362e-04
1.293131325256311999e-03
1.504524120124863971e-03
1.079281285370154667e-03
8.444405206601079223e-04
9.299715602174898335e-04
8.409613441490944091e-04
1.631218287565515922e-03
7.615705582943446076e-04
7.754917436430694378e-04
1.016012280300624239e-03
1.038870756276749022e-03
8.068371152607162547e-04
9.651427757726555295e-04
9.100255862905373477e-04
1.076354796288579415e-03
8.227468511385760278e-04
9.022803563521469969e-04
1.154270581191405975e-03
7.768578258156044226e-04
9.581448680411275504e-04
9.547178473908198406e-04
1.144511701394819794e-03
8.194510021653593750e-04
8.585302341258677084e-04
8.877096086653726414e-04
8.081781812022668411e-04
1.444457155880113407e-03
1.107354322815922928e-03
1.164564139759525444e-03
8.680913996656417072e-04
1.063937628115155850e-03
1.023993189627339607e-03
1.004824475154752648e-03
1.068575701204591780e-03
7.433486301584189479e-04
8.786887718704334280e-04
8.204803081828051809e-04
8.634212966423468211e-04
1.061788423364330497e-03
1.023848058543182400e-03
1.300942561567155868e-03
1.412188951517208977e-03
1.173210643078354942e-03
1.123375963159112603e-03
1.045232479253169157e-03
7.707388170092279367e-04
7.634999492016091883e-04
9.309709054866519527e-04
1.005185027289458907e-03
1.510379636803528807e-03
9.589602848193475981e-04
1.109011560906346784e-03
1.328261962470366061e-03
1.383099416344802865e-03
1.131700421195228241e-03
9.109262960935052365e-04
8.959085595941508042e-04
8.831650000468005543e-04
8.285474299783819000e-04
7.066521543237029015e-04
1.059437220257782811e-03
7.614111545889076793e-04
1.144511701394819794e-03
1.122514744523000346e-03
9.927153013436092709e-04
8.786887718704334280e-04
1.178687105867247788e-03
1.371219989844242506e-03
8.310621548502117881e-04
8.537545075296554264e-04
1.142032653029897375e-03
1.119582874802266042e-03
1.300942561567155868e-03
9.556165571061340722e-04
1.025994913371543671e-03
9.906976158582916827e-04
8.448130184426909817e-04
7.475367964965005160e-04
9.364941028466232083e-04
9.633386423001812473e-04
9.913051329324172947e-04
9.586461438946644771e-04
7.615705582943446076e-04
9.786677080624458201e-04
8.237388484155558745e-04
1.352738554867939169e-03
1.131564983561032800e-03
1.143487646261574092e-03
1.153471097965235847e-03
1.144657865073808040e-03
1.319259729019677451e-03
1.109011560906346784e-03
8.311359497776480126e-04
7.274605278704177102e-04
1.028596290807716560e-03
8.124615240002058553e-04
8.348943287210068825e-04
1.069186966833588631e-03
1.161217044633385724e-03
9.686178329223712243e-04
8.952338323687529693e-04
8.883509835837107797e-04
7.749973185313289515e-04
1.206880554012426015e-03
1.074203207930354929e-03
8.880611316834633893e-04
1.208435652281394587e-03
1.046851010176195074e-03
8.469209082553462876e-04
6.886219274350156589e-04
9.469969490348703004e-04
1.085651782139304038e-03
1.046979331625192550e-03
8.702165174148149230e-04
1.129989178695886727e-03
1.306065978981228682e-03
9.418146868507309326e-04
9.797350818707079370e-04
8.312183205162077546e-04
8.537545075296554264e-04
8.481058865770855484e-04
9.106891998082591389e-04
9.199737382006008355e-04
1.149207230407876118e-03
9.343662826785991207e-04
9.762302503679699773e-04
7.861195241917055040e-04
1.036700600549460413e-03
8.946723693219752393e-04
8.511150988359980326e-04
1.066155893472346943e-03
1.139892836445992753e-03
8.167719639337060657e-04
9.250025773885272532e-04
1.173182999049191726e-03
9.226552040347801549e-04
9.003873320438439149e-04
9.962046289577217249e-04
8.129347243829499652e-04
1.064743030153801704e-03
8.539771006587516377e-04
7.576159716123380058e-04
1.159545292947228648e-03
1.042152649856443580e-03
9.250025773885272532e-04
8.988512742368026361e-04
1.021738811991591920e-03
9.243202264720749937e-04
8.321040296387885622e-04
1.112902052701054707e-03
8.128847971505437538e-04
1.066715088411938125e-03
9.624455839632920342e-04
1.109011560906346784e-03
9.371061874637051994e-04
1.001460282602099515e-03
1.001345856086541556e-03
1.258178427296163067e-03
1.154269197094563411e-03
9.843614699678617224e-04
1.160118663861934738e-03
1.228437321658864016e-03
1.150936982496740622e-03
1.510379636803528807e-03
9.602969808746021586e-04
7.671253891743131216e-04
1.197027643075803793e-03
