1.035722241596316292e-03
1.155055919734593274e-03
1.394606943207230693e-03
1.056290021540713534e-03
8.214964840952509832e-04
1.061777301988173694e-03
1.496518618195342857e-03
1.729871733903710603e-03
7.075567082992649699e-04
1.210663327576709958e-03
7.867022907874195517e-04
7.222633237005261341e-04
1.365694820228237306e-03
9.754713744895881014e-04
8.615770396447926379e-04
8.871694588086496448e-04
1.054460995248430446e-03
8.045757036826495581e-04
8.430163531078377088e-04
1.208416940774284130e-03
9.586027178632807767e-04
8.935381881672614310e-04
1.383540514507208049e-03
1.150753339364979063e-03
1.118072525832667459e-03
1.000223953525424155e-03
7.811090927995826801e-04
9.699195604972751881e-04
1.411703077397517261e-03
5.734569543571339757e-04
9.130580281708844739e-04
1.024371814456910817e-03
1.170955535051958251e-03
1.079511534966425554e-03
6.017752684479796971e-04
7.312608990224678685e-04
1.849539522904245815e-03
1.066253805623872597e-03
8.490724371638061095e-04
1.081452131408010015e-03
8.540639705930718004e-04
7.393470594718920454e-04
1.206116477908576561e-03
1.287226949207347960e-03
9.249933830372764152e-04
7.512729735573477887e-04
7.369050576353368713e-04
6.544986698100202678e-04
1.455810627796659800e-03
9.414598190799054224e-04
7.193506891015861255e-04
8.800090152381946683e-04
1.071556333854269735e-03
1.604662236595054501e-03
7.113433593662417571e-04
1.139942716405662783e-03
1.301872184552364418e-03
6.265014746986349034e-04
7.552079796599302534e-04
9.065610059093969506e-04
8.490119999363300194e-04
7.209050137070997831e-04
1.330191961199123215e-03
6.364096246211807311e-04
9.434195844861369270e-04
6.031055986146055233e-04
1.009366522192609071e-03
7.584798558497212254e-04
9.133406168679162381e-04
1.209242257779057778e-03
6.909257330389515905e-04
6.089763576248357832e-04
8.256407017172518945e-04
9.371759072676243618e-04
6.365465202545019007e-04
1.169573265165280498e-03
1.081052515141254838e-03
1.015983240036413522e-03
1.176780896435743662e-03
5.844065151421550496e-04
8.093211944412600752e-04
1.752390131392656241e-03
1.036370195237293996e-03
7.841686905234788009e-04
1.064993882888251630e-03
1.642591029184655230e-03
6.563378582673957398e-04
1.195488509274989994e-03
1.098506883074145020e-03
1.043056327126526926e-03
8.093211944412600752e-04
6.485727873593077810e-04
1.078215344664076349e-03
8.632772995053808593e-04
1.457408400947073600e-03
1.325312977003224998e-03
9.287099929374562166e-04
1.059473136050599618e-03
9.186977356048653268e-04
7.835120881791613357e-04
9.757684361462696122e-04
1.056190383758292975e-03
7.398926262803344738e-04
7.648354631029681419e-04
7.436346522398470547e-04
1.026348617591950080e-03
1.194662452239333636e-03
8.613618650721317077e-04
1.211720006407631485e-03
8.925213309512254785e-04
1.023507034607611154e-03
1.291185652312351519e-03
1.010784612544333430e-03
9.100941161970768807e-04
8.318740564764255576e-04
6.984500299393757222e-04
6.977618542669886126e-04
7.834951621982124813e-04
1.024974908280396318e-03
1.221535661851715299e-03
1.211720006407631485e-03
8.732647042929738822e-04
9.741921050118652241e-04
1.365694820228237306e-03
1.306590749846815117e-03
1.086553213545403233e-03
7.478400662022939138e-04
7.248104184407437459e-04
7.079555550351379883e-04
8.160313996156654762e-04
6.897302289455165686e-04
1.642591029184655230e-03
1.010784612544333430e-03
9.658960134853434264e-04
8.732647042929738822e-04
8.351098074789809270e-04
6.985142515894979471e-04
8.370242636472729732e-04
1.010024912292689083e-03
8.333448068893908834e-04
9.333432978601364019e-04
8.079535713595987741e-04
1.026348617591950080e-03
1.039099960045950215e-03
1.205803365946709216e-03
1.678682216670133358e-03
6.421668393395990214e-04
1.306590749846815117e-03
9.203921274217280284e-04
1.085888437895839729e-03
8.160313996156654762e-04
6.954059929011201149e-04
6.692687157127450272e-04
8.648405415754048227e-04
1.515214152538091937e-03
1.143513474538287002e-03
6.072263907197573193e-04
1.656640288188509971e-03
1.040296517216281538e-03
8.556798776601677722e-04
6.603980757785842285e-04
8.739661140399432879e-04
1.035551410811989684e-03
9.025098537150633930e-04
1.140823880054024674e-03
1.656640288188509971e-03
6.812724714468919611e-04
7.923816161370948914e-04
7.424140251005949395e-04
8.199887945341072454e-04
8.173996860210581148e-04
1.196458981445544696e-03
1.033417153272475457e-03
9.170699706076538855e-04
7.478265880138938075e-04
9.277914866408388129e-04
8.717042219811770931e-04
9.951430708870850298e-04
1.110352818604393036e-03
5.999633921912635301e-04
1.066253805623872597e-03
6.222977149865175370e-04
1.711859920491222995e-03
8.091907129156190046e-04
1.515214152538091937e-03
1.130506480841269234e-03
1.254913930751113196e-03
1.229930493892401541e-03
1.028852986102953221e-03
1.103474701530161991e-03
8.107716058980853459e-04
8.171088427421725796e-04
1.091876609937397335e-03
8.613391665171530676e-04
1.443550505006492395e-03
8.758528562558413931e-04
9.907405438305150625e-04
7.459929977802227117e-04
7.327846841142833393e-04
8.399367159930800405e-04
7.478265880138938075e-04
1.007221600482606548e-03
8.568264271105272695e-04
7.222633237005261341e-04
7.361919151309837678e-04
9.681527669879977545e-04
6.478790559689368098e-04
9.000659025653639416e-04
1.172681058170527493e-03
6.477527895723231332e-04
8.434827284132075716e-04
1.203133696807190617e-03
8.166089832917402657e-04
1.110729392077664792e-03
9.000659025653639416e-04
6.365465202545019007e-04
9.804097860973391438e-04
6.255485304244971529e-04
7.294408452715203488e-04
6.998945192614433640e-04
1.336032865121780655e-03
9.461298047086300067e-04
7.507223641133629411e-04
9.800310722988944331e-04
1.673272993504514939e-03
8.069129503902419979e-04
7.996333190794223953e-04
8.589929787608218932e-04
7.967299732601604333e-04
1.303501667471029281e-03
7.608364101399159307e-04
8.116799170743849027e-04
1.216420625122680357e-03
6.214310265899107002e-04
8.989647389321909696e-04
7.904461669286224961e-04
1.105993506858396827e-03
1.228182655480260319e-03
5.737532140963569425e-04
1.487596882088797721e-03
1.226177362552941181e-03
9.531486683252250389e-04
9.813704356234581681e-04
5.954383679060502432e-04
6.426625411379470682e-04
1.083803212082303912e-03
6.947043925151729065e-04
1.457408400947073600e-03
6.950446707624989518e-04
1.505503710442174757e-03
8.758528562558413931e-04
1.244362488975588911e-03
1.308063187843826148e-03
1.570962856847899023e-03
9.910734256825559120e-04
6.273434025793967264e-04
1.186421796667357954e-03
6.627633005952877259e-04
1.055333453949128166e-03
1.091502185510598039e-03
6.974077262783022957e-04
9.684713092500410936e-04
1.018598681227130811e-03
8.970305209080600087e-04
9.369058639224764470e-04
6.432289415640622069e-04
9.416492064541292064e-04
1.881168107381541279e-03
9.284031948887899559e-04
6.721911459120849747e-04
6.913276446945153730e-04
9.766541333586175287e-04
8.313470161955302355e-04
8.886339619470243157e-04
8.613618650721317077e-04
1.103645377765931487e-03
1.039607717438034229e-03
1.222346449052897537e-03
6.721911459120849747e-04
1.188618576810023799e-03
8.592273870656677711e-04
8.474418980539047798e-04
1.003908513365763932e-03
9.688256842094648911e-04
1.493583052721279749e-03
7.207226305468169376e-04
1.015817487965976025e-03
1.108162896857900004e-03
7.497096336414959226e-04
8.093056742870769838e-04
9.433905977270620790e-04
1.271307703036620405e-03
1.214137131319715634e-03
7.470304088305359212e-04
7.979898561539610193e-04
9.031101529732748264e-04
8.395939432097547896e-04
6.593453470298140480e-04
8.989647389321909696e-04
9.985345712149791032e-04
7.127222664991279388e-04
7.255811317897316792e-04
8.510607043975162815e-04
7.393470594718920454e-04
1.228182655480260319e-03
7.439000634353467407e-04
9.776877777587444310e-04
6.072263907197573193e-04
1.515182275280445041e-03
6.966799450440294304e-04
7.557480979351142167e-04
9.831821893199201804e-04
9.643490710908972537e-04
1.047109044402585835e-03
1.465597328434041155e-03
1.411703077397517261e-03
8.093211944412600752e-04
7.398926262803344738e-04
1.612879887969448410e-03
8.772781886615578376e-04
1.656640288188509971e-03
8.823625893467194631e-04
9.404726800948596914e-04
1.789700402550134040e-03
1.768440803998888112e-03
1.088698351123639635e-03
1.897103316012618227e-03
1.122143360164662342e-03
1.576992258538717712e-03
8.402368844770221777e-04
1.088036294296793006e-03
8.508805216279699156e-04
1.729285070230553471e-03
1.078972238988498786e-03
8.790483988263439160e-04
9.441034654854786774e-04
7.664470397525992859e-04
1.232728442748635706e-03
1.153629024450726799e-03
5.971333104078673957e-04
8.626169863043574911e-04
9.834366305326107914e-04
1.211058245742530157e-03
6.441007525073433196e-04
8.617256409142995312e-04
7.528102844792010709e-04
1.376114633298973705e-03
1.094201216111883972e-03
1.663565154988045063e-03
6.699367208346498816e-04
6.720986283463294911e-04
9.939660152267358779e-04
1.145320139347884162e-03
1.081452131408010015e-03
8.214964840952509832e-04
9.674516160265495728e-04
1.029311382689185664e-03
8.971663599925004586e-04
1.535798210151029068e-03
8.219260551818564301e-04
9.371015942376510277e-04
8.558455234974925770e-04
7.985965855151971405e-04
5.954383679060502432e-04
9.681527669879977545e-04
9.978251184540425089e-04
5.919537266413482093e-04
1.356277631504381690e-03
9.708978970347636062e-04
7.666256152776224162e-04
6.740183328026930340e-04
7.111669859684289184e-04
1.079511534966425554e-03
9.861714108571318325e-04
7.648364983854566770e-04
9.981325930021581107e-04
6.222977149865175370e-04
1.110352818604393036e-03
6.190054055262466434e-04
8.871738584281286004e-04
6.991336178973830019e-04
6.221984946065353293e-04
7.317328073210995322e-04
1.127786056688601275e-03
8.758528562558413931e-04
8.107716058980853459e-04
1.233429050930601178e-03
8.173713504807217064e-04
8.531847089116491051e-04
1.118072525832667459e-03
1.394606943207230693e-03
9.804097860973391438e-04
9.696863092320932593e-04
1.260819239964313223e-03
5.999633921912635301e-04
9.782606753734235296e-04
8.024882838793869757e-04
8.658016729658658947e-04
1.390536394996624327e-03
1.609406568473626103e-03
8.676483973523803264e-04
1.125417860306758642e-03
9.036093477886757760e-04
1.145884502647235258e-03
1.111992986587897981e-03
5.954383679060502432e-04
1.068874544900210062e-03
1.238115813635453852e-03
1.076254339470790466e-03
1.010784612544333430e-03
8.718813323937783235e-04
1.090282279479999400e-03
9.478354593247868181e-04
8.617256409142995312e-04
9.597478419509843529e-04
7.120409297946911570e-04
9.191127882088908751e-04
6.627633005952877259e-04
7.248104184407437459e-04
7.242772392456698835e-04
5.999633921912635301e-04
7.294408452715203488e-04
1.190030252065766604e-03
7.783265960005327552e-04
1.243873888240651761e-03
7.342259072172271483e-04
1.208416940774284130e-03
9.658960134853434264e-04
6.974077262783022957e-04
8.199887945341072454e-04
7.584798558497212254e-04
9.210240177109588894e-04
1.299276607497067658e-03
8.969239554385630012e-04
8.568144803364288482e-04
8.472212240576163173e-04
8.594178075860523002e-04
8.376998936585546181e-04
8.755792221345815897e-04
7.678633693683327172e-04
1.612879887969448410e-03
9.407990916280361887e-04
7.602740639595215091e-04
7.711372318046551960e-04
9.158299919199047777e-04
1.277917391375371940e-03
1.507841082807295308e-03
6.646811264886001670e-04
8.470185944119330325e-04
1.121886771061347907e-03
1.130506480841269234e-03
9.418449737345014000e-04
7.987123748551120447e-04
6.375627668157471221e-04
1.576992258538717712e-03
6.376416340636895629e-04
1.198736015587028355e-03
9.532140876903927871e-04
1.110883289891968079e-03
8.206711507543761356e-04
1.198448877754084005e-03
8.510607043975162815e-04
9.070703573041331673e-04
1.038668415289774544e-03
1.024288008248158384e-03
1.081052515141254838e-03
1.134913184181512253e-03
2.387857701233774346e-03
1.129656993986284273e-03
7.879736564344676274e-04
9.192886093888593454e-04
6.276324722905533837e-04
7.212637473066476441e-04
9.146783560268024809e-04
1.394606943207230693e-03
1.590939118278640119e-03
8.280348832224572551e-04
1.134913184181512253e-03
6.544986698100202678e-04
1.267543732622623039e-03
1.111130631368713925e-03
1.251075067204207190e-03
1.129479823392183719e-03
9.036093477886757760e-04
9.927153334445899986e-04
5.954383679060502432e-04
9.223506354083576067e-04
8.584344243830465413e-04
1.054299846645676171e-03
1.572779445751138101e-03
1.251075067204207190e-03
1.166144883198876481e-03
8.086674168931740634e-04
9.192886093888593454e-04
7.751851527667469105e-04
7.666360392876801072e-04
9.765566100958491180e-04
1.398247559032976192e-03
1.216985544816571053e-03
1.166315445379398743e-03
6.960873726257516166e-04
1.198255956757288913e-03
7.486556958221454337e-04
9.929113127106719942e-04
1.122710911920096798e-03
7.207226305468169376e-04
1.094332205232090380e-03
8.488640667842637299e-04
1.184676654549003715e-03
8.351098074789809270e-04
6.884311299949663794e-04
1.047109044402585835e-03
8.158457321874697720e-04
9.326762332371613682e-04
1.659509668465783796e-03
1.897103316012618227e-03
1.480785134494551217e-03
9.815746881651895780e-04
9.064163789061882755e-04
7.281355705139281806e-04
9.606068842119774246e-04
9.075970046214117647e-04
1.138544330406048022e-03
9.860375717592640039e-04
1.125862731040849210e-03
1.416265673823561069e-03
6.353968147597050019e-04
1.109797806876952880e-03
8.166089832917402657e-04
8.001678567499837403e-04
7.732944210679238003e-04
7.157453435132934928e-04
1.357640175490705970e-03
7.005052039848919413e-04
9.269431933640838103e-04
1.210678798662410483e-03
1.008411800552507821e-03
9.884660252147097880e-04
1.110352818604393036e-03
6.787418014039994351e-04
9.407091796817101254e-04
1.648322501386942406e-03
7.717584424728141318e-04
9.287099929374562166e-04
1.206116477908576561e-03
8.346268756197561603e-04
8.892462788418378609e-04
9.931757388702692254e-04
9.036093477886757760e-04
1.187112847969890852e-03
7.312608990224678685e-04
7.439990931746502494e-04
2.198411724086253138e-03
7.879736564344676274e-04
8.802369843441774097e-04
8.136277400504623525e-04
2.352650594897023537e-03
1.041836698479157520e-03
8.500003670835133869e-04
7.971099672645420636e-04
1.663565154988045063e-03
9.284031948887899559e-04
8.336612805736977111e-04
8.199887945341072454e-04
1.114106917200126086e-03
7.874157147439792481e-04
9.520045172726074529e-04
9.939660152267358779e-04
7.978672020256765253e-04
8.613618650721317077e-04
1.112063823948194552e-03
8.472869574648094143e-04
7.601583621022333249e-04
7.601583621022333249e-04
1.044148524566303323e-03
1.106483328816961192e-03
7.407908743050018374e-04
8.697516102637696273e-04
7.342259072172271483e-04
8.675874990879029088e-04
6.398480971997640154e-04
1.799755690450890793e-03
8.079535713595987741e-04
9.833115511633547072e-04
7.407908743050018374e-04
7.601583621022333249e-04
9.252158540317131441e-04
8.610682808598115259e-04
8.160416763390003101e-04
1.172681058170527493e-03
1.143079353145227657e-03
1.106174382953432336e-03
1.365165713683618928e-03
6.937353766029132540e-04
1.761070659922831438e-03
9.028282734808562842e-04
1.599047548099570429e-03
1.083111873757063330e-03
5.971333104078673957e-04
1.148567751125325644e-03
9.070703573041331673e-04
6.426625411379470682e-04
6.404506775944068895e-04
6.478790559689368098e-04
9.391550341447390138e-04
7.978325412698896411e-04
1.220081771271572463e-03
1.273170578292537021e-03
6.817757433095939130e-04
1.752390131392656241e-03
8.173996860210581148e-04
1.024974908280396318e-03
7.424140251005949395e-04
7.895872333117989316e-04
2.198411724086253138e-03
7.838150851901417139e-04
1.363447583331315813e-03
1.208565992432643864e-03
9.790137801519837452e-04
1.147079667361985186e-03
1.695420183407928818e-03
7.297354365328776815e-04
9.088929338281133722e-04
9.985345712149791032e-04
9.527484608747690186e-04
9.938606698007910589e-04
8.445161319443966145e-04
9.910210655187422571e-04
5.973830989129028752e-04
9.186977356048653268e-04
1.253895416747681383e-03
8.909155299750269076e-04
7.257339096527333456e-04
1.301872184552364418e-03
8.392096828519179626e-04
7.648354631029681419e-04
7.477244493938462041e-04
6.379413957406081942e-04
6.263607726407362892e-04
1.097194945866260436e-03
1.978770088107921921e-03
9.741921050118652241e-04
1.012457125430926523e-03
1.197924029809748370e-03
9.036093477886757760e-04
6.472647243853880874e-04
8.284841419780532203e-04
1.978770088107921921e-03
1.333877531358729825e-03
7.341532288664900799e-04
1.446922434908182176e-03
1.034292545796124249e-03
1.278683791907177496e-03
1.109797806876952880e-03
1.314679395119215362e-03
7.413611900142384531e-04
8.173713504807217064e-04
1.008889187275238512e-03
8.721024098656215105e-04
9.576142214689495943e-04
8.093211944412600752e-04
9.012170811863010099e-04
1.012736488516626432e-03
6.307481203962658593e-04
1.175611281247221493e-03
9.643490710908972537e-04
7.040079426269208384e-04
1.160505657305563538e-03
1.131748825874284671e-03
1.187112847969890852e-03
8.823625893467194631e-04
2.198411724086253138e-03
6.194595301455629128e-04
1.070343125881585396e-03
7.602740639595215091e-04
2.197966428176426588e-03
7.815770600666136717e-04
1.314679395119215362e-03
1.313223146407382176e-03
9.129511024180534838e-04
9.355530975509367218e-04
1.064310527264640538e-03
8.589403748871153686e-04
9.433470131848509764e-04
1.150753339364979063e-03
5.999633921912635301e-04
1.276047589049465660e-03
1.060989881917075422e-03
1.072549130735035976e-03
1.053095666340680319e-03
8.762410110760937522e-04
9.414598190799054224e-04
1.355270700135801330e-03
6.544425847724800929e-04
9.433470131848509764e-04
1.120330376109770609e-03
7.880268811151464959e-04
1.105005158119872714e-03
8.508941144721580323e-04
1.628175628054831167e-03
1.325489789176562214e-03
1.137874391229924849e-03
8.758528562558413931e-04
1.221535661851715299e-03
2.129323986818723764e-03
1.129656993986284273e-03
8.294822017238253449e-04
1.732573019108660673e-03
8.817678606545490284e-04
9.906185044251780269e-04
9.559280005805954536e-04
1.134913184181512253e-03
8.604721870161327613e-04
8.472212240576163173e-04
1.486005716581367472e-03
6.143325183870777155e-04
7.904461669286224961e-04
1.026545884448481919e-03
8.935381881672614310e-04
1.211720006407631485e-03
7.879736564344676274e-04
9.210240177109588894e-04
9.287099929374562166e-04
7.841686905234788009e-04
8.582036061320119690e-04
9.302306800683918893e-04
1.010784612544333430e-03
9.203921274217280284e-04
1.192970020892620978e-03
1.029645070416243405e-03
9.619383130498059854e-04
1.134943861761790202e-03
7.757087338779063146e-04
5.816261416326245917e-04
7.590810834502566794e-04
9.221339374829831724e-04
6.544180381112147402e-04
8.441991012721885646e-04
8.790483988263439160e-04
2.038795605912015370e-03
1.078889902314155227e-03
8.173713504807217064e-04
6.404506775944068895e-04
1.530696851058036771e-03
1.317339715204683291e-03
1.187339697197835201e-03
8.597805144605677723e-04
1.071558518262932152e-03
1.357640175490705970e-03
1.209242257779057778e-03
1.198255956757288913e-03
8.361350142499847675e-04
1.244362488975588911e-03
8.970305209080600087e-04
1.064586696385200985e-03
1.349334530339316076e-03
9.281227397681246624e-04
9.797279917558091022e-04
1.071918505212221063e-03
8.998922116915209846e-04
9.124607719628788490e-04
9.741921050118652241e-04
1.110729392077664792e-03
1.122143360164662342e-03
9.658960134853434264e-04
7.342168056618583998e-04
1.021410299598865404e-03
8.133648126310299726e-04
9.658960134853434264e-04
8.354798700750769563e-04
9.642476423901488866e-04
6.376416340636895629e-04
1.021627599316001769e-03
1.078889902314155227e-03
2.197966428176426588e-03
1.171167521045491993e-03
1.018957642012036004e-03
1.049588493827948539e-03
1.342226995393096473e-03
8.896232539274146617e-04
8.481171157984371484e-04
5.737532140963569425e-04
1.275475091957905139e-03
1.290436836909026729e-03
8.615770396447926379e-04
1.487596882088797721e-03
8.842408918721624987e-04
1.177806392060581041e-03
1.252885889305723702e-03
1.001368204909060733e-03
8.130253798053331147e-04
5.749914763152372092e-04
6.472647243853880874e-04
1.000852959847982988e-03
7.678633693683327172e-04
1.145884502647235258e-03
7.694342816286050320e-04
7.608364101399159307e-04
9.877999549734650317e-04
1.729871733903710603e-03
6.544180381112147402e-04
1.028133506506573314e-03
1.195488509274989994e-03
8.091386241883861356e-04
1.642663662456491291e-03
8.102337991738288317e-04
8.288024232780382815e-04
1.009366522192609071e-03
8.322033247997106739e-04
1.232728442748635706e-03
7.071663679391842865e-04
9.048818011366758368e-04
1.168155808331937341e-03
9.281227397681246624e-04
7.209173209921923087e-04
1.030949103552345706e-03
5.999633921912635301e-04
7.799383375508482609e-04
1.569125774423256632e-03
8.000684384099987587e-04
9.049953657015066388e-04
1.656640288188509971e-03
1.303676298396866818e-03
7.915224047550387457e-04
8.256407017172518945e-04
1.023130276681795880e-03
8.115703180421892206e-04
1.687344646217227425e-03
6.072263907197573193e-04
1.156918169080220797e-03
7.824978344437953648e-04
1.118850198343970597e-03
1.011727657569224358e-03
1.576992258538717712e-03
7.648354631029681419e-04
8.700285217980114954e-04
7.853780462869736989e-04
1.239665337045371251e-03
7.393470594718920454e-04
1.105993506858396827e-03
7.352441513779242165e-04
6.328056395583799530e-04
1.023130276681795880e-03
1.103474701530161991e-03
1.198736015587028355e-03
9.655695317596238534e-04
1.075424920397590562e-03
1.012457125430926523e-03
1.177806392060581041e-03
1.210399923389126470e-03
9.370510493051458466e-04
6.576092281722825802e-04
7.902554244744325069e-04
1.039099960045950215e-03
1.280495408705931712e-03
1.132428713286767318e-03
9.433470131848509764e-04
9.277914866408388129e-04
1.129479823392183719e-03
1.164480450593728851e-03
7.871414576930865466e-04
1.119684223309093136e-03
8.592273870656677711e-04
1.209242257779057778e-03
7.732944210679238003e-04
1.177810517171754261e-03
7.216330431635720622e-04
1.083359689452522085e-03
8.219260551818564301e-04
8.959618662284285278e-04
6.950446707624989518e-04
1.232670707044092491e-03
9.441034654854786774e-04
7.755127057150135650e-04
9.655250443926900001e-04
7.424140251005949395e-04
1.015817487965976025e-03
8.472869574648094143e-04
1.455336300149369117e-03
6.954059929011201149e-04
8.474418980539047798e-04
9.126235816837881525e-04
9.129511024180534838e-04
8.093056742870769838e-04
9.041625627768130197e-04
6.603591764113616583e-04
1.105735665228532250e-03
1.085894569876264025e-03
9.981325930021581107e-04
8.202664250384001429e-04
7.120409297946911570e-04
8.888389143544991010e-04
1.768440803998888112e-03
1.091502185510598039e-03
1.487596882088797721e-03
9.221339374829831724e-04
1.355270700135801330e-03
1.187954408695475863e-03
6.187173928781432861e-04
9.103561585087878785e-04
1.036370195237293996e-03
1.150880459381468804e-03
8.032313785224378484e-04
8.879952822470182222e-04
9.643490710908972537e-04
7.150079988626313133e-04
1.649254720604925945e-03
1.560436318223049372e-03
1.356277631504381690e-03
7.835120881791613357e-04
7.317720265755249835e-04
9.186977356048653268e-04
8.136277400504623525e-04
7.572745149461223646e-04
9.433905977270620790e-04
9.684713092500410936e-04
1.125417860306758642e-03
7.193558296196086608e-04
1.345129354076937721e-03
1.155055919734593274e-03
8.534160408933917164e-04
1.789700402550134040e-03
7.471859499282553418e-04
1.112063823948194552e-03
7.099135183351694411e-04
1.264774736628897613e-03
1.204842480070439587e-03
8.832585107097437474e-04
7.439246940524838619e-04
1.168155808331937341e-03
9.991256199480490728e-04
1.356492034126500611e-03
8.820447387102756890e-04
6.371962110707564972e-04
7.341532288664900799e-04
1.035551410811989684e-03
8.589929787608218932e-04
1.021410299598865404e-03
8.566481265993532894e-04
6.365465202545019007e-04
8.754164856962313437e-04
6.153512336470517768e-04
1.254902437898108413e-03
1.000851055701672092e-03
1.356492034126500611e-03
1.205803365946709216e-03
1.074837183827288389e-03
1.025137601193512908e-03
1.368574063587196712e-03
1.110352818604393036e-03
1.476031804653419243e-03
1.053095666340680319e-03
1.120459402275505089e-03
1.054460995248430446e-03
1.849539522904245815e-03
1.015817487965976025e-03
8.959618662284285278e-04
8.093211944412600752e-04
1.021238519760672269e-03
1.673559032010131986e-03
8.802369843441774097e-04
7.678633693683327172e-04
9.366204086945701442e-04
1.343297023526407626e-03
9.690809701187874789e-04
9.012170811863010099e-04
9.283479206054884823e-04
9.302306800683918893e-04
1.537658692606252422e-03
6.603980757785842285e-04
8.531847089116491051e-04
9.643490710908972537e-04
8.932502429129090269e-04
7.209050137070997831e-04
1.253620760734847290e-03
9.075970046214117647e-04
1.073028850543340795e-03
1.053450888811642821e-03
6.590907667607990390e-04
9.729294236673528091e-04
6.937353766029132540e-04
7.082064519353896805e-04
1.055193347264799658e-03
1.004565333287534305e-03
8.690157147497730395e-04
8.657112919880081189e-04
5.919537266413482093e-04
8.699282408213943572e-04
8.492690241469956448e-04
1.963709353990969464e-03
1.025137601193512908e-03
9.713781015804408454e-04
1.201615794106271687e-03
6.776938749915206901e-04
6.478810582986795769e-04
1.150753339364979063e-03
9.948934240616678915e-04
8.171088427421725796e-04
1.078889902314155227e-03
1.345756986927158956e-03
