1.129412535535146171e-03
1.159780386687949685e-03
8.765666824407748530e-04
7.968877894975197980e-04
8.787691967356052935e-04
1.009247659827971350e-03
6.587176888238789737e-04
1.542015736509757574e-03
9.657027236330967268e-04
7.961335706693101763e-04
1.507337993489690125e-03
1.068926090919433214e-03
1.328898156030351631e-03
2.105522481439198700e-03
7.822550182195776858e-04
1.285321964354255598e-03
1.044526556582741099e-03
1.568900285550881794e-03
9.782298761510685274e-04
1.064601280541923115e-03
1.260082271302792774e-03
6.868874118375346274e-04
6.975380181905356004e-04
7.000768038535750640e-04
1.258558153421636188e-03
1.018446375031485792e-03
1.148107021639812545e-03
1.565370161245527953e-03
1.586183272890578097e-03
1.075510105337784943e-03
1.630585984303414100e-03
7.487666063133347101e-04
1.408199827717642209e-03
1.285321964354255598e-03
9.053926091766775069e-04
1.546110819652999398e-03
1.678294234409768819e-03
7.367541506752936942e-04
8.479258293521376626e-04
6.738857407722293000e-04
7.360182632401231261e-04
8.707794220172596989e-04
6.870856718941944011e-04
7.915538136795038362e-04
1.357556039129466374e-03
9.463834241737591278e-04
7.225071959424988251e-04
7.062040435554527455e-04
8.382190833194834391e-04
8.784981828224868762e-04
1.064601280541923115e-03
7.342775669129633816e-04
7.927752596717503684e-04
7.789940191004983937e-04
7.103159700550458304e-04
7.569789958372106012e-04
1.108947371311386036e-03
7.316295668349007651e-04
1.547116506860141388e-03
1.157691843848883319e-03
9.186456554255331263e-04
1.235774179132598325e-03
1.136941525575266938e-03
1.478419881439904920e-03
8.686832092147946625e-04
1.209340820647537059e-03
7.611999907992762293e-04
8.686832092147946625e-04
7.652006631606574159e-04
1.630585984303414100e-03
1.250332292105087130e-03
1.080761505405235636e-03
1.408754958261777129e-03
1.408754958261777129e-03
1.034381841162756652e-03
1.067407910773587008e-03
8.582185078909193186e-04
7.506885020653140256e-04
1.394533184449757435e-03
7.898178998120496900e-04
6.902655905492448328e-04
9.324012732518741639e-04
9.199435892833397873e-04
7.810719895049907926e-04
1.071604910401444642e-03
1.014533128423044306e-03
8.708079392103313873e-04
8.322702754615047063e-04
8.224467915486715578e-04
9.536829568070822076e-04
9.608246749094950323e-04
8.707794220172596989e-04
1.604766792601321906e-03
9.853929101026185668e-04
7.288096811339117185e-04
1.203647333539229836e-03
7.244127206001566011e-04
1.069596436491506266e-03
1.062326549948288236e-03
1.123061555266895682e-03
1.038282761524400143e-03
1.285394961621994523e-03
8.201820168226694801e-04
7.598103373433707716e-04
6.397363437581614918e-04
9.194519956531100376e-04
7.889913746320395375e-04
1.034990210404275121e-03
1.232502515071739286e-03
1.576868253437432215e-03
1.035969012946579655e-03
1.630585984303414100e-03
8.256930652724542817e-04
6.627869136881446273e-04
9.494997213500899281e-04
6.729344806176827285e-04
7.918791861782013266e-04
8.350186868002933745e-04
1.152429582352102692e-03
9.536829568070822076e-04
7.822550182195776858e-04
1.029124430509717253e-03
7.169869170241565575e-04
1.262109070240678482e-03
1.918087935947068940e-03
7.822550182195776858e-04
1.050571221144891388e-03
1.567810820058919419e-03
7.078160501971465703e-04
7.989008242332182015e-04
1.000426937256178490e-03
9.534963683562220097e-04
8.079697462324285677e-04
8.341351878183094707e-04
7.194845217317540976e-04
8.747430766631731887e-04
9.791681632972263141e-04
7.856597502718041777e-04
1.090113080903345631e-03
1.174001585517717465e-03
7.961335706693101763e-04
2.105522481439198700e-03
9.837972244731030963e-04
7.548072303802622019e-04
7.751377192166497392e-04
1.432398289460484102e-03
9.729577513399741660e-04
9.571865507682351167e-04
7.611999907992762293e-04
7.810719895049907926e-04
7.611999907992762293e-04
9.088941186925119167e-04
6.708569035676538060e-04
7.217574097243018580e-04
1.507337993489690125e-03
7.875920276190175777e-04
9.186456554255331263e-04
7.477484578644090496e-04
7.196640238557046971e-04
9.886144354162690849e-04
6.975380181905356004e-04
6.355616088227625856e-04
9.682606709096550643e-04
7.225071959424988251e-04
9.447577622234170410e-04
1.128406718829792982e-03
1.144579789976393714e-03
1.052731027381472199e-03
1.154682612520554000e-03
1.211821538045231060e-03
9.891933500888560986e-04
1.669919638423241967e-03
6.922915273891115922e-04
1.277202734384857248e-03
1.230957363755329648e-03
8.477170503374726902e-04
1.328898156030351631e-03
1.408754958261777129e-03
7.856736328843501489e-04
1.357949073302944449e-03
9.821988213288615748e-04
7.806818427080031804e-04
8.382190833194834391e-04
1.211821538045231060e-03
7.856597502718041777e-04
1.200207100833680174e-03
7.421948049681945884e-04
7.910964769975105306e-04
9.325965761111975390e-04
1.212480770444272120e-03
1.004836020897381102e-03
1.124086092825116569e-03
9.033726920367864338e-04
7.376730725615973519e-04
8.926405422853509472e-04
8.439876025239955760e-04
1.111788809800333616e-03
1.013290454162905224e-03
6.975941970804754770e-04
9.119746704945699877e-04
7.443602243667944663e-04
1.632924132203462811e-03
7.170306693321682606e-04
8.708079392103313873e-04
7.577690569966810718e-04
1.111209051214081742e-03
9.343535235485550582e-04
8.586174021230084984e-04
8.253994943264022837e-04
9.405641349830613654e-04
1.418058470069854604e-03
1.090877932830246070e-03
1.026446657633472937e-03
7.443602243667944663e-04
9.576481463797193979e-04
8.447756128260713307e-04
7.542067995531189124e-04
7.136147293612413265e-04
9.781215908983337173e-04
1.042116321780315333e-03
1.094249647734073239e-03
7.196640238557046971e-04
6.802186462061490411e-04
7.706434845830647563e-04
8.296962820763220366e-04
1.222219586155332037e-03
1.210858783208918713e-03
7.317735539825362921e-04
7.491299337151918238e-04
7.608123334664020944e-04
1.519540874917184488e-03
9.119746704945699877e-04
8.950572559806549595e-04
1.082157918451091480e-03
8.752589351382570465e-04
9.120143206150644992e-04
9.583838239895817960e-04
9.536829568070822076e-04
9.007374522420473918e-04
8.035821900707952083e-04
1.177483346815972644e-03
7.541127677731801352e-04
9.524278476096122116e-04
1.009247659827971350e-03
9.657027236330967268e-04
8.256930652724542817e-04
7.570331078668137348e-04
1.148107021639812545e-03
1.084697885557364553e-03
1.047082549849763554e-03
8.386605408952187753e-04
7.856597502718041777e-04
1.037936724483154178e-03
8.856086588679483408e-04
9.076993515748623060e-04
8.687383906980360735e-04
7.400237486019354584e-04
6.883983531963495592e-04
1.002095362956585949e-03
1.833131522115015498e-03
1.586183272890578097e-03
1.387291528002518792e-03
1.076033763693929387e-03
7.659837604580821673e-04
1.549531767412512268e-03
8.204615134873306488e-04
7.735609612570599125e-04
1.085873661473366319e-03
7.611999907992762293e-04
1.432398289460484102e-03
1.550188140512136084e-03
7.052711495539918480e-04
7.785668937348952942e-04
9.588574185884014877e-04
7.810719895049907926e-04
1.136941525575266938e-03
9.812339948402578910e-04
9.110344883339628044e-04
8.708079392103313873e-04
8.464346979782250971e-04
9.119746704945699877e-04
1.005243226381061748e-03
1.567810820058919419e-03
7.361926719715828574e-04
9.542495727073659105e-04
7.315892124044051995e-04
1.030926852231654322e-03
1.280539505884549772e-03
9.605952786931984703e-04
7.856597502718041777e-04
6.930895326577401041e-04
1.005243226381061748e-03
7.331633485346736702e-04
9.527381298350786265e-04
1.076763343848363957e-03
9.413608273603537571e-04
8.558900037329428756e-04
7.317735539825362921e-04
6.975380181905356004e-04
1.148107021639812545e-03
8.155869749058599055e-04
7.545293582861536605e-04
7.225071959424988251e-04
7.360182632401231261e-04
9.588574185884014877e-04
8.341351878183094707e-04
9.972810519823711341e-04
1.285394961621994523e-03
9.747881690080933059e-04
7.972614176196571268e-04
8.725933655954494885e-04
7.611999907992762293e-04
7.237386110338876874e-04
1.716113461705134641e-03
7.225071959424988251e-04
8.465381941306739707e-04
1.055799952056353953e-03
1.408754958261777129e-03
7.317735539825362921e-04
1.210858783208918713e-03
7.542067995531189124e-04
9.053926091766775069e-04
1.073957317817263125e-03
9.337686816657963683e-04
9.123746439125567141e-04
7.214884674701606184e-04
1.187793212802925160e-03
6.587176888238789737e-04
8.353388241492712115e-04
1.148107021639812545e-03
9.858109941534318275e-04
1.077214885395148857e-03
1.231181231824365289e-03
8.582185078909193186e-04
9.257571582267405544e-04
7.376730725615973519e-04
7.041226481209151775e-04
9.721271738122977098e-04
9.053731333014812966e-04
7.320507820930885739e-04
1.187793212802925160e-03
1.408199827717642209e-03
9.229251931348654179e-04
8.224467915486715578e-04
9.617733200614776148e-04
7.196640238557046971e-04
9.429794620176692793e-04
1.125234407297508350e-03
1.408754958261777129e-03
9.234715851096932625e-04
8.465381941306739707e-04
7.785668937348952942e-04
7.367541506752936942e-04
1.278787872595066061e-03
8.976273572921568151e-04
1.363073628741127323e-03
1.077214885395148857e-03
9.564901642733471482e-04
1.076130656624807056e-03
1.177975305567304475e-03
9.121057674393389346e-04
1.166171266599446647e-03
1.117320432897769269e-03
9.979211100782556763e-04
7.875920276190175777e-04
7.320507820930885739e-04
7.561380789981903168e-04
1.351801813301620626e-03
1.154784088945505320e-03
7.041226481209151775e-04
8.295386285862343858e-04
2.216656423888767411e-03
9.900789835184211404e-04
1.245502753797240666e-03
1.052731027381472199e-03
1.144579789976393714e-03
7.568190148987936168e-04
8.686404225129892810e-04
1.471744326517231746e-03
1.380322286807082440e-03
1.099858589997791940e-03
1.148107021639812545e-03
1.160018524202558170e-03
9.088941186925119167e-04
9.918412136672859376e-04
1.901943460859562441e-03
7.806818427080031804e-04
6.587176888238789737e-04
1.630585984303414100e-03
7.863452429458751489e-04
1.062520862375413658e-03
9.849213931788984404e-04
1.005398959171616277e-03
1.255983240491432120e-03
1.380623160203400335e-03
1.067407910773587008e-03
1.159780386687949685e-03
1.270362242076566832e-03
7.244127206001566011e-04
7.316295668349007651e-04
1.070253276790897670e-03
9.394054313629140660e-04
9.142842794227128492e-04
9.142842794227128492e-04
1.407726544979278705e-03
8.477170503374726902e-04
6.507998740490216101e-04
8.852249807501664028e-04
7.751377192166497392e-04
9.430951777105204756e-04
7.611999907992762293e-04
1.365836263773810349e-03
8.382190833194834391e-04
8.734503371686486942e-04
7.624101009975948768e-04
6.627869136881446273e-04
1.373626361325996871e-03
9.945081329096963369e-04
7.193407919658786811e-04
9.311663237068037481e-04
1.444807357735134043e-03
1.630585984303414100e-03
8.064853078580496142e-04
1.275121161408555729e-03
7.361926719715828574e-04
1.432398289460484102e-03
1.414522575064874931e-03
7.809810010035452650e-04
7.567766061362795347e-04
8.689602749037458190e-04
1.430925128536293146e-03
9.577711447044402185e-04
1.630585984303414100e-03
9.900789835184211404e-04
7.822550182195776858e-04
1.222645588196505460e-03
9.120864995640787926e-04
7.346118277821566539e-04
8.277901620167624338e-04
9.372371983030714990e-04
1.278787872595066061e-03
1.357949073302944449e-03
1.012785046368163203e-03
9.159966073836219979e-04
6.627869136881446273e-04
1.233478173491326865e-03
1.387291528002518792e-03
9.081278372442245801e-04
1.018446375031485792e-03
7.048224022111639194e-04
7.073132389629109779e-04
1.169230924705830623e-03
9.302810662452566009e-04
8.550254909488021540e-04
7.897919987235329934e-04
9.575816693104382280e-04
9.345826060103982124e-04
7.193407919658786811e-04
1.166008838246785848e-03
7.647996124854865166e-04
9.075971644037141711e-04
7.982056977279500341e-04
1.558561780505145081e-03
1.067407910773587008e-03
7.502884009655464608e-04
1.022245506616661350e-03
9.980557980722715421e-04
7.810719895049907926e-04
9.123746439125567141e-04
1.015384637300581266e-03
1.211821538045231060e-03
1.098497784987545814e-03
7.166830967247416828e-04
7.541127677731801352e-04
7.856597502718041777e-04
1.668000737487692654e-03
7.791736857661317895e-04
7.317735539825362921e-04
7.570331078668137348e-04
1.749261386646839330e-03
1.090113080903345631e-03
6.587176888238789737e-04
1.210858783208918713e-03
9.033726920367864338e-04
1.012650295181394006e-03
9.536829568070822076e-04
7.147938608594676122e-04
8.375468019977932565e-04
7.845126319677498457e-04
6.964336421315623239e-04
7.645233801686308677e-04
6.507998740490216101e-04
6.355616088227625856e-04
1.632924132203462811e-03
6.587176888238789737e-04
8.635432039660352870e-04
9.976711735323149245e-04
1.013659993261851544e-03
1.210858783208918713e-03
1.114480067929507446e-03
6.645914872431235272e-04
1.547116506860141388e-03
8.977806954735863135e-04
8.689602749037458190e-04
1.064601280541923115e-03
1.160646810243648637e-03
1.038147236410356033e-03
9.413608273603537571e-04
7.915538136795038362e-04
7.382562077645571461e-04
9.198028287862506204e-04
1.046221816714977288e-03
9.782298761510685274e-04
8.558900037329428756e-04
9.186711457300612924e-04
1.008461193791064352e-03
8.428024261395239761e-04
1.000776945546010726e-03
8.997989276040088431e-04
1.833131522115015498e-03
1.170196767385426337e-03
8.358811792218591571e-04
9.902647319544222344e-04
7.821963908313639934e-04
1.922437225223018551e-03
1.089922247000656586e-03
1.039440561765670422e-03
8.628459315069556598e-04
1.111788809800333616e-03
8.976273572921568151e-04
7.547027191777223648e-04
1.129733244017091642e-03
7.619625062308291001e-04
1.901943460859562441e-03
1.065009923204402690e-03
1.190869919565668835e-03
8.378269308478399546e-04
6.975380181905356004e-04
9.413608273603537571e-04
1.200213478137244095e-03
9.992973834595303070e-04
7.765621336810789657e-04
1.040268752988523756e-03
9.159966073836219979e-04
1.382104455862017724e-03
9.812339948402578910e-04
7.509434618767017169e-04
1.565370161245527953e-03
9.389254358631241981e-04
7.443602243667944663e-04
1.360028810312122411e-03
9.534963683562220097e-04
1.075106701544787692e-03
9.229251931348654179e-04
9.671073641876847113e-04
6.975380181905356004e-04
7.244127206001566011e-04
7.062040435554527455e-04
9.349886752770252560e-04
1.276607000456920658e-03
7.352321290872037597e-04
1.408754958261777129e-03
7.196640238557046971e-04
9.447577622234170410e-04
8.253994943264022837e-04
7.317735539825362921e-04
9.328421100161622204e-04
9.829429379454505782e-04
8.378269308478399546e-04
8.212203650370679571e-04
7.810719895049907926e-04
7.225071959424988251e-04
1.365836263773810349e-03
9.764652250432454689e-04
1.615281406515862083e-03
8.154392919116133136e-04
8.029641577010861089e-04
8.155735990678211669e-04
7.342775669129633816e-04
7.169566308738140568e-04
8.708079392103313873e-04
1.833131522115015498e-03
1.080761505405235636e-03
1.004692761813910521e-03
8.036651393570041916e-04
1.478419881439904920e-03
1.309037429862274556e-03
6.330292766701215053e-04
9.159966073836219979e-04
8.555947544778827246e-04
7.688845767660522964e-04
7.915538136795038362e-04
1.318189922129673827e-03
1.318189922129673827e-03
1.408754958261777129e-03
7.008833703680227272e-04
7.010740809723512096e-04
8.275986015748521343e-04
1.329681774047497848e-03
1.015017866226793639e-03
8.477170503374726902e-04
6.975380181905356004e-04
2.036735804758971723e-03
1.068084464844431571e-03
9.747881690080933059e-04
1.077504604187362429e-03
8.097658429252469056e-04
8.465381941306739707e-04
1.006307182346659812e-03
8.764253272197508734e-04
1.187793212802925160e-03
7.927406680732045074e-04
9.889134863014135361e-04
7.715069917028883565e-04
8.378269308478399546e-04
9.093066699904527907e-04
1.301165158811425559e-03
7.765621336810789657e-04
1.833131522115015498e-03
1.200707504589227466e-03
1.172708018497366136e-03
1.148107021639812545e-03
9.758695373332591360e-04
1.206023564078879387e-03
1.187591710531453329e-03
9.301994732053389973e-04
9.302810662452566009e-04
7.915538136795038362e-04
8.378269308478399546e-04
7.862431508944833780e-04
1.545008304987309771e-03
1.006261689602989560e-03
8.253994943264022837e-04
1.259511714657574489e-03
7.317735539825362921e-04
1.231060622962802187e-03
1.418058470069854604e-03
1.062520862375413658e-03
9.571865507682351167e-04
8.630248503804108327e-04
9.721672325066724619e-04
1.373626361325996871e-03
6.541161447274956636e-04
1.013946167954165494e-03
1.537396952875004063e-03
1.125234407297508350e-03
1.183490160016574793e-03
7.360182632401231261e-04
7.343246318817017596e-04
1.180009750150348181e-03
1.041288677713038706e-03
1.159780386687949685e-03
1.833131522115015498e-03
9.033726920367864338e-04
1.085873661473366319e-03
7.150827321652176907e-04
7.847999983084517255e-04
1.467903506948600072e-03
8.830327119064855425e-04
7.686997094398604485e-04
8.353388241492712115e-04
9.900789835184211404e-04
1.074694890348034618e-03
8.047903314743190192e-04
8.856086588679483408e-04
1.120288680700216996e-03
7.682618973257103814e-04
9.053926091766775069e-04
9.494997213500899281e-04
1.056738982447402936e-03
1.630585984303414100e-03
1.094249647734073239e-03
7.972614176196571268e-04
1.042116321780315333e-03
1.187619767353257543e-03
7.613609204685712522e-04
8.447756128260713307e-04
1.295653913758860153e-03
1.013946167954165494e-03
1.096157566832630260e-03
9.222290066280113951e-04
1.105677761737006810e-03
8.718879884177442542e-04
6.676604020577788217e-04
1.345262740502664459e-03
7.244127206001566011e-04
7.619625062308291001e-04
8.256930652724542817e-04
9.445252358679709749e-04
7.506885020653140256e-04
7.196640238557046971e-04
9.548532731357117212e-04
8.870184185479808303e-04
8.290192538321798426e-04
1.401514008528529850e-03
1.211821538045231060e-03
1.351801813301620626e-03
1.071604910401444642e-03
1.220430334944934848e-03
7.984477494262959578e-04
1.043175506355671503e-03
6.627869136881446273e-04
1.330716987140927827e-03
9.319220130890838120e-04
6.627869136881446273e-04
9.345826060103982124e-04
7.073132389629109779e-04
2.274199370777910297e-03
1.531572137921263094e-03
1.049808803297482300e-03
9.433394295874219116e-04
9.123746439125567141e-04
7.099196284227046521e-04
9.984751040453309148e-04
7.196640238557046971e-04
9.157764213043035999e-04
1.413192345456367686e-03
9.379313937908377499e-04
1.280539505884549772e-03
9.142842794227128492e-04
1.055588991609376090e-03
8.035821900707952083e-04
7.073132389629109779e-04
1.102466148392420610e-03
8.426292019262929733e-04
9.910991961877813582e-04
9.607737007254195816e-04
1.250332292105087130e-03
1.186742638606463679e-03
7.506885020653140256e-04
1.766855278805052297e-03
1.833131522115015498e-03
7.430157595011773093e-04
8.606047145823914708e-04
9.159966073836219979e-04
6.771453449488496314e-04
1.209340820647537059e-03
1.114480067929507446e-03
1.630585984303414100e-03
1.102466148392420610e-03
9.355713716892171154e-04
9.053926091766775069e-04
1.052731027381472199e-03
9.677701940136698884e-04
1.055799952056353953e-03
1.210858783208918713e-03
9.829429379454505782e-04
8.192523862472543637e-04
7.261645455202172779e-04
7.556644561091117093e-04
7.163628560059514616e-04
7.810719895049907926e-04
1.678294234409768819e-03
1.017141121236321815e-03
9.851961344380011278e-04
9.080290260996529052e-04
9.349886752770252560e-04
1.351801813301620626e-03
1.111788809800333616e-03
7.374681261273441585e-04
1.125234407297508350e-03
1.716113461705134641e-03
1.090938538895419455e-03
7.150742569876849348e-04
7.487839703741575904e-04
9.430951777105204756e-04
8.558900037329428756e-04
9.301994732053389973e-04
7.752438415909299789e-04
1.215581676015733276e-03
9.791681632972263141e-04
7.904195188745876061e-04
9.449677371400589613e-04
6.627869136881446273e-04
9.527381298350786265e-04
1.349270141377801246e-03
1.632924132203462811e-03
7.699453039671303985e-04
9.536829568070822076e-04
1.041050302120241113e-03
1.194421125195514310e-03
6.837972582690297375e-04
9.449677371400589613e-04
6.771453449488496314e-04
9.898478988755858056e-04
1.013946167954165494e-03
9.463834241737591278e-04
6.975380181905356004e-04
1.099858589997791940e-03
8.830015084615243067e-04
8.443597203563911122e-04
1.833131522115015498e-03
7.142203039802434315e-04
6.627869136881446273e-04
9.566498059903309628e-04
1.187619767353257543e-03
9.167608532316478490e-04
7.980870981695676941e-04
8.360653507256664849e-04
8.926405422853509472e-04
6.899358091662736179e-04
1.089922247000656586e-03
7.225554328949520318e-04
6.627869136881446273e-04
8.355011423428558136e-04
7.645233801686308677e-04
1.126802234000140327e-03
7.317735539825362921e-04
9.851961344380011278e-04
1.119188641682629035e-03
7.374681261273441585e-04
8.353174904646119836e-04
1.446613394553589258e-03
1.175474120497720229e-03
1.234624739551715795e-03
1.019994218805664972e-03
8.274628269798655006e-04
6.902655905492448328e-04
9.682708093054992688e-04
1.226430148103654265e-03
1.229693075820513081e-03
7.651664664000292328e-04
1.241343170197220687e-03
9.900789835184211404e-04
9.463834241737591278e-04
1.034387225971002437e-03
1.041050302120241113e-03
7.989008242332182015e-04
8.558900037329428756e-04
8.686832092147946625e-04
8.296962820763220366e-04
7.444772435579150548e-04
8.350186868002933745e-04
1.276607000456920658e-03
1.659561250207726001e-03
8.928698417852461286e-04
1.090143155088099712e-03
8.477170503374726902e-04
9.356397177240883233e-04
6.397363437581614918e-04
8.043502297034732648e-04
7.491299337151918238e-04
6.300034967625720147e-04
8.513038615842137818e-04
8.708079392103313873e-04
1.386840044249871640e-03
1.098041911744003550e-03
8.725933655954494885e-04
8.500001336492993709e-04
6.587176888238789737e-04
9.157764213043035999e-04
1.005207477951692479e-03
7.502884009655464608e-04
9.900789835184211404e-04
1.295653913758860153e-03
7.743472659341288757e-04
7.597952551097116340e-04
1.240098050995848194e-03
7.343690475399188488e-04
9.007374522420473918e-04
1.006570502239184303e-03
1.292645230507412889e-03
6.507998740490216101e-04
1.395091004101502554e-03
6.899358091662736179e-04
9.159966073836219979e-04
7.196463449709243317e-04
1.120288680700216996e-03
8.187955249163792262e-04
7.179176439703606428e-04
9.677701940136698884e-04
1.194421125195514310e-03
7.822550182195776858e-04
8.734503371686486942e-04
1.367821673883233254e-03
7.827716739702547449e-04
9.519876581348652410e-04
7.062040435554527455e-04
1.833131522115015498e-03
1.632924132203462811e-03
6.902655905492448328e-04
8.065247433597831032e-04
9.343535235485550582e-04
8.382190833194834391e-04
1.013290454162905224e-03
9.980557980722715421e-04
1.029124430509717253e-03
8.903583594747252168e-04
7.961335706693101763e-04
7.147938608594676122e-04
1.953138495368336724e-03
1.080761505405235636e-03
9.380850332386743602e-04
1.021475004802755620e-03
9.222290066280113951e-04
1.709633807816964045e-03
7.597952551097116340e-04
1.028949929551955297e-03
8.926405422853509472e-04
1.211821538045231060e-03
8.330413995574284525e-04
1.630585984303414100e-03
6.676604020577788217e-04
1.064313080600886967e-03
1.013946167954165494e-03
1.632924132203462811e-03
9.576909598103156181e-04
1.363073628741127323e-03
8.477170503374726902e-04
1.058915560863318579e-03
1.900850903546669928e-03
1.270362242076566832e-03
6.771453449488496314e-04
6.816806768081878822e-04
8.830015084615243067e-04
7.374681261273441585e-04
1.295653913758860153e-03
1.247606282121081767e-03
6.749238316847973275e-04
7.477484578644090496e-04
1.011156227815178648e-03
9.199435892833397873e-04
6.587176888238789737e-04
1.268410841106017931e-03
7.010740809723512096e-04
1.162492696050988761e-03
1.012785046368163203e-03
8.426292019262929733e-04
1.395091004101502554e-03
1.036761655585699635e-03
8.852249807501664028e-04
9.174199394829068814e-04
1.310681544159950562e-03
1.071275861400915229e-03
8.903583594747252168e-04
9.510477293064391368e-04
8.212203650370679571e-04
1.021902372590001266e-03
1.291056195077368383e-03
6.975380181905356004e-04
1.008372427024373762e-03
7.968877894975197980e-04
6.587176888238789737e-04
8.382190833194834391e-04
1.077214885395148857e-03
8.558350772639283224e-04
1.630585984303414100e-03
9.159966073836219979e-04
8.735061410508291333e-04
1.016303340837550542e-03
8.381533614311122626e-04
1.002095362956585949e-03
9.988884155392335241e-04
8.335231181618958174e-04
7.343246318817017596e-04
7.982056977279500341e-04
8.465381941306739707e-04
9.882414866025264477e-04
9.984751040453309148e-04
7.430157595011773093e-04
9.033726920367864338e-04
1.203647333539229836e-03
7.915538136795038362e-04
9.429794620176692793e-04
7.793065029318601211e-04
1.214482338498964987e-03
1.052731027381472199e-03
1.049725433360084196e-03
8.752589351382570465e-04
9.365115639708020308e-04
1.021902372590001266e-03
1.833131522115015498e-03
1.310681544159950562e-03
1.245502753797240666e-03
1.356644655896791906e-03
7.571062713964867843e-04
7.225071959424988251e-04
1.105677761737006810e-03
9.437409384719801274e-04
8.606503539552374290e-04
8.224467915486715578e-04
8.986615189952312658e-04
9.053926091766775069e-04
7.718543981038075014e-04
1.007150463848708634e-03
7.804079225573669776e-04
9.576909598103156181e-04
7.918791861782013266e-04
1.000776945546010726e-03
7.565652632339270106e-04
9.783463253786790249e-04
9.157764213043035999e-04
9.271893834796524677e-04
7.285449991919051285e-04
8.880727677878102761e-04
2.408252292661821475e-03
1.311595956016261850e-03
1.423602161573200939e-03
1.207802074423762733e-03
1.144579789976393714e-03
