1.355283469206688962e-01
1.357433502653908330e-01
1.355564424765145770e-01
1.359735021830736079e-01
1.358258687307997148e-01
1.360373161292216249e-01
1.359051044306888445e-01
1.360315655702652726e-01
1.354007362536662762e-01
1.357071109402298303e-01
1.357753405408764213e-01
1.357017383928834642e-01
1.350074908949900621e-01
1.360357107259927978e-01
1.357163406278751039e-01
1.353645271988516974e-01
1.357725626681280662e-01
1.359595784074680291e-01
1.351626734075296599e-01
1.357852996830300474e-01
1.355035786235387341e-01
1.354957072856781408e-01
1.359454874041991501e-01
1.356534610816437780e-01
1.358675779148370288e-01
1.355417537792012184e-01
1.357168614788007710e-01
1.355558859897788293e-01
1.352854723539888837e-01
1.359239817892917146e-01
1.360111397344030970e-01
1.357743912191276825e-01
1.360261869806242419e-01
1.359301642652519515e-01
1.358539479422729290e-01
1.359475554119852214e-01
1.355233124701599734e-01
1.352808757807894557e-01
1.359556055869341473e-01
1.357895102979174429e-01
1.358945990054034603e-01
1.358258687307997148e-01
1.356874449378138447e-01
1.360258549442417975e-01
1.352939458888359481e-01
1.359431229283833142e-01
1.355419616176639364e-01
1.354162955017718384e-01
1.358405455586665089e-01
1.356865779573912800e-01
1.354251026999108154e-01
1.359258680388776841e-01
1.351142431046912784e-01
1.359768591219038258e-01
1.355430498601791212e-01
1.350841117041064743e-01
1.356604370192855402e-01
1.358931963322284886e-01
1.357057331181707183e-01
1.356206383160220297e-01
1.355003189770326300e-01
1.357318938387667706e-01
1.356598202587760704e-01
1.359410748853073225e-01
1.360039560468764008e-01
1.356204365866630346e-01
1.356779475626180287e-01
1.359720852292566895e-01
1.360186487837968250e-01
1.359904349103292498e-01
1.360182573189995248e-01
1.355374289173147950e-01
1.349693226607296126e-01
1.356413349073887775e-01
1.357124419936383275e-01
1.355417537792012184e-01
1.356807143628737944e-01
1.356852243848521433e-01
1.352372318993979305e-01
1.355821120905355559e-01
1.357995487157863945e-01
1.358674395017813730e-01
1.350540727383515716e-01
1.360351710048538498e-01
1.359387872505218309e-01
1.360178358468530357e-01
1.356288284720153225e-01
1.357494629295504518e-01
1.357018382697149084e-01
1.358975817778076411e-01
1.355557513896872845e-01
1.358604771977201253e-01
1.359081188539599250e-01
1.358925662518508104e-01
1.357680765286545799e-01
1.355712594486317146e-01
1.358840232972184370e-01
1.350706778777575334e-01
1.359992016666443093e-01
1.359270971489674185e-01
1.357826542975706929e-01
1.359257117954374705e-01
1.360303209626352872e-01
1.358042138845457492e-01
1.356771295216026574e-01
1.357168108937327200e-01
1.352003516407338513e-01
1.358263568673172550e-01
1.356223773633913332e-01
1.360002869636359468e-01
1.359276841060672314e-01
1.359226228733003972e-01
1.357415354029247456e-01
1.358833738595065510e-01
1.355091585499575979e-01
1.358938191229214776e-01
1.360379909244501251e-01
1.349604593870020186e-01
1.348642474108232570e-01
1.358447556083434982e-01
1.357238201017680890e-01
1.357153844868641546e-01
1.358473827976443837e-01
1.355250686214188871e-01
1.355978322105770295e-01
1.356801513767375289e-01
1.360003841209368736e-01
1.358931138792775217e-01
1.356864761947812748e-01
1.355594181158422673e-01
1.354124860886127546e-01
1.354389720450807910e-01
1.354459636588876692e-01
1.346913670639808824e-01
1.359787794773162917e-01
1.358934130150242503e-01
1.354809068447815346e-01
1.359950845399676422e-01
1.356057576188354763e-01
1.358584308263506568e-01
1.358131288788776703e-01
1.354835895558457459e-01
1.359324057242049522e-01
1.360214252346814423e-01
1.358929983156906551e-01
1.356700710091662820e-01
1.357168515400521136e-01
1.358385285551224064e-01
1.359848929725750166e-01
1.355124248078360127e-01
1.360331276629005715e-01
1.359643169514233585e-01
1.354627114933360799e-01
1.359743094883029413e-01
1.360499742192683159e-01
1.360352848523607439e-01
1.360271347784779983e-01
1.353358920448448632e-01
1.356353037189044763e-01
1.357573944975332958e-01
1.358477134718791279e-01
1.359239326142565041e-01
1.355760811894872186e-01
1.354317558684222100e-01
1.353144959011460258e-01
1.358429154050915244e-01
1.348402970776876320e-01
1.354100955502596237e-01
1.357673983659234140e-01
1.353738592884173586e-01
1.349998977613071360e-01
1.354927869168861543e-01
1.360360955955738915e-01
1.351820122192218532e-01
1.360010678033850284e-01
1.360078864502609064e-01
1.358863276690197297e-01
1.353810309280279733e-01
1.354811808307279097e-01
1.358629173136019774e-01
1.359875840761396171e-01
1.358699769642907063e-01
1.357492675700456564e-01
1.358753182435767370e-01
1.355096194608351734e-01
1.354106501865025569e-01
1.360027029730345172e-01
1.356578050902381982e-01
1.356997806953370023e-01
1.355806218674558972e-01
1.357930163395241474e-01
1.359811862549884787e-01
1.360144909734972152e-01
1.355232033016182391e-01
1.353628938214131439e-01
1.355422966179899991e-01
1.351822048825130906e-01
1.359509847560459173e-01
1.359847728530894362e-01
1.357685265034126176e-01
1.357598346932724631e-01
1.358021751599429450e-01
1.355095758165110187e-01
1.350792526975681251e-01
1.359746973457871266e-01
1.359367355507361541e-01
1.351421577851126821e-01
1.360501856484599426e-01
1.358650226340310518e-01
1.356184966402000647e-01
1.354458921900737467e-01
1.355477621516877618e-01
1.360445504034450970e-01
1.359062925303822500e-01
1.352079527604697351e-01
1.358906873922580416e-01
1.357049471415095465e-01
1.355204083645637214e-01
1.358723098152119224e-01
1.356035152853684866e-01
1.359690090212669622e-01
1.356723951369927794e-01
1.359665712128659554e-01
1.356598107703702039e-01
1.359818567079886242e-01
1.354760827677213841e-01
1.357914421098941338e-01
1.356393807478514235e-01
1.356597283769071238e-01
1.359153999437687221e-01
1.354451320421162508e-01
1.351815521367188688e-01
1.357653136396637650e-01
1.357756630344655879e-01
1.353668514039995108e-01
1.352876915629814825e-01
1.350195450921782836e-01
1.359754297508861676e-01
1.357268553701422853e-01
1.354900560740442406e-01
1.357841457912966066e-01
1.357049477735509102e-01
1.356255552667252617e-01
1.354441609360150511e-01
1.352100384425392876e-01
1.354884654568092872e-01
1.360094003118949291e-01
1.356651344683579563e-01
1.360457014756564220e-01
1.360135255133573806e-01
1.355229500257135178e-01
1.357718687038526606e-01
1.360115140601749484e-01
1.359063751529454578e-01
1.358929983156906551e-01
1.355418069768464795e-01
1.359428646141752073e-01
1.357363559083166471e-01
1.353642149593243804e-01
1.358748030961569042e-01
1.353751744078404984e-01
1.352332794602971178e-01
1.359892619405308201e-01
1.359795175130451006e-01
1.359109556116023521e-01
1.358265728037346409e-01
1.359166039745641763e-01
1.355689194607693215e-01
1.357109156736848454e-01
1.358797584801208769e-01
1.358522853299868050e-01
1.357989961071658092e-01
1.358182250559446247e-01
1.359838046000415024e-01
1.355250231880879286e-01
1.359081005538769205e-01
1.359511370755313586e-01
1.357520262933779864e-01
1.348760115006526206e-01
1.360009458206110633e-01
1.358748547021849384e-01
1.357308377526088294e-01
1.359172900116265015e-01
1.359999122575249186e-01
1.358749592663953121e-01
1.359383006237060709e-01
1.359700049526158250e-01
1.356505010289660862e-01
1.348893516356684252e-01
1.357450038045042717e-01
1.353355906592160207e-01
1.358798802368529346e-01
1.359252354503895366e-01
1.356481972886399712e-01
1.352979867696497696e-01
1.356098590076511012e-01
1.358913840610373180e-01
1.358757410022344847e-01
1.355127856472562453e-01
1.358405455586665089e-01
1.359761055744075631e-01
1.358965015380763364e-01
1.360214252346814423e-01
1.357911004232133789e-01
1.358075720396147157e-01
1.357889052926982143e-01
1.359835818115000816e-01
1.360484155676566498e-01
1.358731503897951665e-01
1.359401979445126196e-01
1.359634577326712390e-01
1.360031756146012349e-01
1.355246473992198497e-01
1.359327544858053571e-01
1.359832053802975671e-01
1.358481287939479476e-01
1.357292028270506434e-01
1.358412116022467420e-01
1.356659817270205737e-01
1.355431473458713620e-01
1.359202251245280046e-01
1.357670861840158116e-01
1.359361742431353381e-01
1.358715577664220964e-01
1.354252959162320913e-01
1.354539705154541862e-01
1.357708294735931465e-01
1.360293251718924790e-01
1.359501496873216919e-01
1.354133573371552046e-01
1.359281129032565982e-01
1.358613197007660367e-01
1.357503054649821517e-01
1.351421577851126821e-01
1.357232623948277372e-01
1.359904349103292498e-01
1.359777500194966904e-01
1.358196326397410336e-01
1.360504226889056589e-01
1.354720914409594523e-01
1.360068074162514296e-01
1.359655599712689400e-01
1.356776574361932275e-01
1.356637975441931376e-01
1.357446294374887452e-01
1.354058618722870921e-01
1.359202931192032004e-01
1.354523326558250695e-01
1.358705964339437244e-01
1.355523814706613983e-01
1.350065454932818654e-01
1.356433500670754522e-01
1.350228591546432655e-01
1.359727340490479996e-01
1.356035152853684866e-01
1.359481286216784879e-01
1.354205950698675887e-01
1.359057548620615785e-01
1.360299771510178335e-01
1.353456529367625949e-01
1.358422380041819089e-01
1.360356950606384785e-01
1.356524764506430725e-01
1.356411739736559097e-01
1.360500867773277445e-01
1.353684257955413972e-01
1.358255492794383790e-01
1.359328533055215726e-01
1.360462213534762987e-01
1.356499723400708401e-01
1.355633993873082144e-01
1.355205704148597090e-01
1.357089166280918413e-01
1.360299917095910693e-01
1.354736907068281038e-01
1.356111159013891621e-01
1.350285162681472695e-01
1.360126479681983136e-01
1.360376392491178532e-01
1.353680909068263605e-01
1.357737827625861704e-01
1.360349456553401892e-01
1.355224464854698219e-01
1.360355331230214682e-01
1.359059023874519545e-01
1.359994206873834377e-01
1.355315310553681651e-01
1.360095322779429627e-01
1.355894018634303810e-01
1.357146216815286188e-01
1.358052096628020733e-01
1.355478168007099027e-01
1.357028063751852809e-01
1.359575884216489283e-01
1.358204295264184291e-01
1.359787745852261420e-01
1.353442795869497228e-01
1.358874353921022682e-01
1.357793101316688011e-01
1.360045919003699810e-01
1.359502745059142093e-01
1.354509106586056777e-01
1.354451320421162508e-01
1.354836770101647547e-01
1.353897286339665051e-01
1.357723328765444715e-01
1.359781593832083690e-01
1.360333964265894868e-01
1.358275898004895343e-01
1.360217754270370838e-01
1.359809104966260007e-01
1.357493637793189822e-01
1.358017102948041732e-01
1.355298503348821293e-01
1.356134351379829350e-01
1.358052008950534351e-01
1.360065238320790626e-01
1.357785651983021979e-01
1.359666832830996319e-01
1.353461266061171397e-01
1.359772989674519206e-01
1.351148951886513572e-01
1.355159937214866772e-01
1.356793750331928006e-01
1.360178358468530357e-01
1.357793600394897882e-01
1.357669684925010556e-01
1.358787774964870798e-01
1.356730549452350998e-01
1.356118396803345227e-01
1.354074839079254799e-01
1.355591244445676635e-01
1.352391901256335960e-01
1.354539053765106416e-01
1.359725730861343074e-01
1.352829014734786561e-01
1.356587517818981792e-01
1.358510811109986116e-01
1.354611706774223046e-01
1.359916480680739004e-01
1.358184384646433929e-01
1.358725809705819132e-01
1.359579990971852004e-01
1.358263695672761451e-01
1.359942918844287973e-01
1.357155611956565866e-01
1.357791104795685044e-01
1.357751853342074322e-01
1.357891433010934290e-01
1.353476937863732910e-01
1.359407775862329082e-01
1.351638033673596972e-01
1.347814388224196080e-01
1.360172074794060992e-01
1.360392006381118402e-01
1.350641782791626444e-01
1.357089328314629306e-01
1.356250285343936490e-01
1.352521793769671243e-01
1.357861739448882055e-01
1.358949235142578316e-01
1.360474090855540719e-01
1.353931385893311912e-01
1.355884921507790053e-01
1.359221484347829800e-01
1.359539588567050816e-01
1.359157594710348194e-01
1.353029274055327635e-01
1.358164405188522772e-01
1.360298562642595077e-01
1.354835895558457459e-01
1.352083745968737372e-01
1.359233446615427665e-01
1.356504220650102122e-01
1.352010997794210467e-01
1.359694350784080297e-01
1.358459488310468088e-01
1.359090290165128334e-01
1.357109156736848454e-01
1.357230986096957248e-01
1.359467317745850223e-01
1.359993660611568678e-01
1.359957115735437871e-01
1.360220136902856591e-01
1.353931385893311912e-01
1.358178131451501791e-01
1.360367387238969605e-01
1.359762893898279479e-01
1.359296902207451085e-01
1.359167140248321026e-01
1.359493035857969045e-01
1.357897661675940559e-01
1.358925662518508104e-01
1.360236145853447598e-01
1.357894684110409755e-01
1.349876229787702608e-01
1.360272104628956757e-01
1.354533147394409998e-01
1.355041678605076461e-01
1.355839074554551216e-01
1.358030379347098526e-01
1.359169013013584171e-01
1.356256471919728146e-01
1.360299917095910693e-01
1.357181606415139852e-01
1.359639930364310856e-01
1.360272375686921165e-01
1.354450592732914238e-01
1.356084748706545828e-01
1.359710897725108225e-01
1.358703569794576238e-01
1.355039818365146032e-01
1.353133002976665278e-01
1.360503171032095282e-01
1.353890170023194228e-01
1.353262535182493953e-01
1.355855965193377699e-01
1.357419216096128201e-01
1.357014502733695782e-01
1.356223773633913332e-01
1.359548587743796833e-01
1.356509621179412539e-01
1.359761026745218704e-01
1.354100955502596237e-01
1.359190872376068726e-01
1.355417537792012184e-01
1.359720852292566895e-01
1.355461204609384740e-01
1.354090924708669652e-01
1.354688005527021066e-01
1.359664018601097202e-01
1.359651839303238630e-01
1.359328153652465676e-01
1.359161456908759280e-01
1.358168791854248159e-01
1.360024168257961130e-01
1.358593814269226652e-01
1.358323589763802686e-01
1.360478443014154770e-01
1.360347555768302297e-01
1.360252892003155356e-01
1.355488129029192024e-01
1.355246473992198497e-01
1.356364367375941238e-01
1.357914319668598879e-01
1.358905283069665737e-01
1.359043123310812728e-01
1.360443766978753355e-01
1.357616842070099028e-01
1.358670273678609375e-01
1.355536001135366486e-01
1.356357193195120991e-01
1.357653024894876215e-01
1.359624407701695015e-01
1.358036604874278686e-01
1.359657547201474082e-01
1.356413132721392412e-01
1.357233577868880159e-01
1.355877681997657569e-01
1.359942269327253928e-01
1.350556525240559080e-01
1.356603774440780230e-01
1.357601382170733340e-01
1.359972394863345202e-01
1.360207332404983482e-01
1.355982871193088246e-01
1.356197436311366300e-01
1.353881594397955135e-01
1.356093321892293535e-01
1.356021665881746996e-01
1.360199915530099224e-01
1.358929983156906551e-01
1.355653303990660696e-01
1.354170644880758057e-01
1.353523395715371114e-01
1.360250013094195520e-01
1.357016759985630872e-01
1.356520350609109749e-01
1.359049969793060531e-01
1.358490102592031512e-01
1.358978823210649500e-01
1.355593020339599664e-01
1.356541139981399802e-01
1.355128532032770228e-01
1.352720919402291277e-01
1.360354762113804017e-01
1.359733890019536040e-01
1.360293848294223951e-01
1.358325723249297068e-01
1.357074864027381644e-01
1.358301871639832625e-01
1.352025262632059188e-01
1.359936953101573420e-01
1.359407355196432521e-01
1.355162972949811584e-01
1.360443744183685300e-01
1.359855165665861398e-01
1.360499742192683159e-01
1.352971332514496250e-01
1.353989736321633830e-01
1.352709443955354141e-01
1.356997168066934878e-01
1.356540754268950599e-01
1.356338469303224048e-01
1.352142118723450581e-01
1.359940656191545305e-01
1.360237861503817425e-01
1.359613997523739792e-01
1.355847706211701642e-01
1.354764269470457028e-01
1.359637347668047058e-01
1.358451513814787903e-01
1.360011740609731179e-01
1.351542979576239312e-01
1.352862628254418165e-01
1.354098290647061387e-01
1.356805289089821898e-01
1.354553435141060136e-01
1.359994720546050528e-01
1.352682919973468845e-01
1.358129300093284531e-01
1.357457369175945061e-01
1.355878245977958363e-01
1.358315062395509532e-01
1.360407695522534710e-01
1.354985546699429000e-01
1.358615931249361752e-01
1.356974070768648677e-01
1.359886915679714148e-01
1.358914561494591333e-01
1.357897661675940559e-01
1.358363457748185954e-01
1.359914644812960094e-01
1.357796142157207675e-01
1.352613473090961971e-01
1.355828716233433706e-01
1.359437752808231037e-01
1.355375869234611008e-01
1.354802904944529818e-01
1.357805466974107422e-01
1.354349212894501442e-01
1.353712216688247594e-01
1.358425393903699985e-01
1.359258680388776841e-01
1.358201946444133057e-01
1.357831100242550271e-01
1.357588585229650979e-01
1.353717228465551314e-01
1.350195450921782836e-01
1.356726237156168635e-01
1.359022402994966294e-01
1.354600196442209969e-01
1.357461208118133922e-01
1.356981728214540772e-01
1.359045640456089943e-01
1.355703078268149508e-01
1.356901199921410339e-01
1.357725626681280662e-01
1.357541693662317195e-01
1.360327693448126762e-01
1.352083745968737372e-01
1.355637065701862376e-01
1.357226415988503909e-01
1.355149253120526698e-01
1.357117822662420314e-01
1.358764469519793960e-01
1.357469722670149315e-01
1.359041135444461201e-01
1.359150838298235908e-01
1.358449139627180002e-01
1.357769059793609845e-01
1.356537054397107811e-01
1.359544485519298962e-01
1.352047595279344261e-01
1.355977073430725266e-01
1.358152863745557548e-01
1.356818577289902739e-01
1.354588762631067089e-01
1.357935361783524086e-01
1.357613244318690848e-01
1.351178945081754623e-01
1.354920286482447223e-01
1.356141435864555433e-01
1.358541338820277999e-01
1.357208618924590493e-01
1.354199030966483086e-01
1.353591492277317343e-01
1.354713875541668222e-01
1.358318429966062502e-01
1.354288260529097343e-01
1.357220693735337325e-01
1.351311180248871979e-01
1.355740645907140274e-01
1.359263923649890182e-01
1.357710750928715349e-01
1.359122675246437484e-01
1.359923497671482462e-01
1.356282619036805470e-01
1.353810309280279733e-01
1.356725288239973015e-01
1.359141888345229421e-01
1.355064269718985193e-01
1.356265719541216719e-01
1.354693695321166624e-01
1.359940040537840900e-01
1.358621320713526426e-01
1.350692296084745891e-01
1.357654696441190634e-01
1.360190015956506404e-01
1.357442883397381173e-01
1.359376550363045610e-01
1.359901697708749968e-01
1.349198843947914117e-01
1.356919053853799795e-01
1.358914961850476999e-01
1.359352667246497004e-01
1.355923858112915714e-01
1.353936091110092277e-01
1.356160148505723695e-01
1.352500894309144885e-01
1.352502967138989598e-01
1.356587908601749604e-01
1.360474289206822507e-01
1.353502327915693249e-01
1.360250013094195520e-01
1.358382539856678173e-01
1.355021740649509643e-01
1.356048979906890883e-01
1.359233574533206257e-01
1.359353478810902960e-01
1.359362949526019826e-01
1.345157153254808724e-01
1.355669036322315890e-01
1.357971063075559259e-01
1.358984540714191225e-01
1.354817009894181412e-01
1.359910478719639215e-01
1.358908950867398213e-01
1.356719092054493037e-01
1.357954798232334226e-01
1.352130091829399361e-01
1.355155834894278544e-01
1.354155375325147570e-01
1.358454233241211395e-01
1.360002992431497415e-01
1.359338858236977254e-01
1.356087875320256819e-01
1.359847187608942964e-01
1.357931470800653184e-01
1.359243053595099726e-01
1.359899530095383946e-01
1.357005791305485320e-01
1.350174926820891241e-01
1.357118210778939238e-01
1.359808709240126756e-01
1.359141859833776500e-01
1.357315872292076120e-01
1.360411977656271199e-01
1.356939289712742747e-01
1.355115194090583397e-01
1.359519103440374743e-01
1.351333268291380896e-01
1.351769810677480033e-01
1.359327544858053571e-01
1.356029009718128231e-01
1.357792208839615211e-01
1.359499603604933105e-01
1.357226295769205227e-01
1.351847821407308470e-01
1.353731039454616203e-01
1.350723684188502860e-01
1.355686062326495189e-01
1.352613473090961971e-01
1.360293251718924790e-01
1.359123190319987962e-01
1.352854723539888837e-01
1.356559818158031283e-01
1.360040715366246933e-01
1.356806438752828636e-01
1.355973927377329968e-01
1.359756723244235077e-01
1.358719645238251339e-01
1.359378214168298349e-01
1.359769329072784139e-01
1.358072401945157048e-01
1.356035152853684866e-01
1.351361190729687134e-01
1.357130800551419603e-01
1.357516452603738655e-01
1.360328252831772278e-01
1.357107919155468856e-01
1.355936673750165467e-01
1.358812234119178008e-01
1.357869206190797928e-01
1.359696299506514272e-01
1.360231004553262846e-01
1.359301998807292688e-01
1.357644626465094317e-01
1.356337302616688056e-01
1.359138860609165889e-01
1.359683005393260979e-01
1.355269158851255540e-01
1.359387100721453356e-01
1.356925091773062142e-01
1.359786917730241851e-01
1.355382385666342171e-01
1.355295323282084130e-01
1.355402810388408041e-01
1.357191130234174092e-01
1.359753319637491964e-01
1.360139161331122837e-01
1.358125647664996660e-01
1.358367273712909884e-01
1.360202008491702974e-01
1.354286879830191859e-01
1.359407355196432521e-01
1.350841117041064743e-01
1.356949922179937207e-01
1.357446495646342233e-01
1.355255541423577847e-01
1.354171222959944243e-01
1.356112768023631232e-01
1.360171462591679981e-01
1.357197527870387110e-01
1.356119545527366965e-01
1.360480880432097528e-01
1.356579401637517390e-01
1.353104680173416174e-01
1.357883979024545607e-01
1.356996833741233033e-01
1.360005691174673570e-01
1.356530896760147209e-01
1.357773143378826486e-01
1.357327603887645839e-01
1.356852148688559301e-01
1.355957025642913483e-01
1.355482191996966179e-01
1.358688321936396548e-01
1.359022668263412670e-01
1.359171103584481677e-01
1.354986620678054476e-01
1.360151194154431420e-01
1.358387147152591845e-01
1.357127571432562296e-01
1.355219265051940125e-01
1.352685560826000222e-01
1.355036502789149500e-01
1.357457148143540460e-01
1.358858335951007301e-01
1.360164663856260336e-01
1.358462800170278650e-01
1.359987366384035612e-01
1.357569485551299027e-01
1.357723328765444715e-01
1.357375823963979100e-01
1.359811894687950606e-01
1.357325141624073639e-01
1.359135126563235096e-01
1.359869260821237880e-01
1.358384353376994036e-01
1.357547315547475153e-01
1.350854831901330544e-01
1.358899702093039064e-01
1.359462643281117156e-01
1.358756739220034204e-01
1.360141590812608547e-01
1.359255586944671246e-01
1.357303292655109017e-01
1.349948677545496079e-01
1.360226249285411693e-01
1.353824185173308492e-01
1.353333294163017175e-01
1.358742940101260732e-01
1.357004454694275553e-01
1.360219312406563963e-01
1.355325025054284760e-01
1.358948104723189110e-01
1.351820122192218532e-01
1.358228443083948633e-01
1.358458502631256504e-01
1.355183016984108368e-01
1.360178177761888207e-01
1.357118070883122085e-01
1.356546377756955024e-01
1.353522582746909120e-01
1.355417537792012184e-01
1.359706840367108371e-01
1.357929594540673579e-01
1.354794485032480844e-01
1.355782125209281375e-01
1.359903813081330959e-01
1.359541974399074149e-01
1.358572250837677131e-01
1.358747769988808696e-01
1.349983232143222300e-01
1.360331187148290655e-01
1.358621320713526426e-01
1.359599682872715265e-01
1.358868711407996421e-01
1.357002146562276135e-01
1.355071495227018474e-01
1.357855203883679140e-01
1.354939518263628129e-01
1.357720907340137229e-01
1.355430792595251344e-01
1.357283271361275079e-01
1.358261955465299708e-01
1.354711993697749473e-01
1.354119177317497091e-01
1.356430572944488933e-01
1.354142856818194018e-01
1.357920503519427502e-01
1.359258680388776841e-01
1.356894299167171469e-01
1.359035873870022837e-01
1.359063751529454578e-01
1.356900388834216820e-01
1.352104750784153542e-01
1.356819406028089425e-01
1.360079793626128020e-01
1.357578445368341213e-01
1.355591244445676635e-01
1.360253862429699756e-01
1.355417537792012184e-01
1.357551311979190989e-01
1.360241142196535191e-01
1.358794047680686456e-01
1.356533422352026452e-01
1.359150838298235908e-01
1.353143576946072568e-01
1.359986219698110510e-01
1.352894150882854585e-01
1.358827995882037898e-01
1.358289698801432022e-01
1.350679034831665792e-01
1.354619033006506656e-01
1.360028123334844907e-01
1.356035152853684866e-01
1.360485242796640737e-01
1.355402533619191885e-01
1.349463001043010868e-01
1.358181791886154677e-01
1.350396742326994970e-01
1.360019381017630868e-01
1.350706778777575334e-01
1.358143600247037064e-01
1.351421577851126821e-01
1.360034106860173453e-01
1.360368497447067559e-01
1.356015210282660310e-01
1.356796650997470211e-01
1.356410148077568933e-01
1.356184903438218403e-01
1.356957771456787365e-01
1.358895203959076536e-01
1.358394762675199097e-01
1.360306373616458342e-01
1.359976629439402784e-01
1.355308627178297143e-01
1.359387377132484920e-01
1.358700889779440313e-01
1.359791597616907821e-01
1.352563813909392343e-01
1.356788258024183569e-01
1.353931385893311912e-01
1.358381888821245109e-01
1.349742976989808108e-01
1.356392395698346742e-01
1.355001697558460283e-01
1.353124992640221125e-01
1.357232561173347118e-01
1.359804701881851818e-01
1.355700340183733366e-01
1.357250303751309506e-01
1.358272918710125843e-01
1.354489849280803848e-01
1.358143600247037064e-01
1.358003783721523916e-01
1.359901343601329637e-01
1.360203427829796419e-01
1.352254079715095314e-01
1.360283969671355342e-01
1.359431539291511837e-01
1.355417537792012184e-01
1.355722708976877522e-01
1.359145807847712550e-01
1.357863666328738284e-01
1.358384353376994036e-01
1.358172932748627770e-01
1.354381947375269679e-01
1.359320670733211445e-01
1.357335730938012130e-01
1.359636237410823401e-01
1.358142229512334098e-01
1.354098290647061387e-01
1.357188786135884451e-01
1.357401190500449051e-01
1.355128532032770228e-01
1.358503270832220888e-01
1.351880970808883309e-01
