4.146431900675884741e+00
5.995372026069778926e+00
4.867748986062303551e+00
6.016409591221599129e+00
4.813784708465115969e+00
6.235677942626105974e+00
6.297337917062304058e+00
6.089296908118477347e+00
6.117564851017247562e+00
6.043574509548628626e+00
5.732347948942479121e+00
6.057785277990202388e+00
5.766907149526043774e+00
4.924437696799899733e+00
4.561643317611274284e+00
4.674842326797299386e+00
4.730691084625868292e+00
5.416718334327032203e+00
5.927498215002882986e+00
6.068245481450207812e+00
4.954671214705671289e+00
5.007241151867789952e+00
5.326041382124621748e+00
4.866867678253855800e+00
5.648673424271167143e+00
5.732116904043452976e+00
6.082447184739410595e+00
4.344355012117881110e+00
6.156036635860986372e+00
3.724530371943254092e+00
5.988347659021784786e+00
6.160053870701917234e+00
6.323634674005402800e+00
6.081144361975090895e+00
4.973458835166130854e+00
6.121037265421596096e+00
6.261431321064283573e+00
5.869345705599842589e+00
4.652585885556566048e+00
5.483246216153832897e+00
4.083766344869707687e+00
5.397108153643474182e+00
4.521349445618596086e+00
5.302501549527915969e+00
6.097346057098475214e+00
4.446694111270289795e+00
4.929842547663950469e+00
5.267308257677679073e+00
5.221967047654946903e+00
5.853566837484872387e+00
6.152602902001629737e+00
5.877140127626178767e+00
6.234844921963589748e+00
5.496295570857296475e+00
5.891542707753355756e+00
5.596924008518597837e+00
5.121699383562590135e+00
3.870893629989891505e+00
5.352388122140993687e+00
3.728639063487939609e+00
5.388626296060411214e+00
5.678505148216492771e+00
5.931227889472996395e+00
6.183600466287632713e+00
5.783197381420370320e+00
6.073124911309765395e+00
5.963955359020020275e+00
4.208647803153280798e+00
3.726044637940912896e+00
5.624704536239443442e+00
5.802618048781861937e+00
4.307357971640198180e+00
4.796890286043814733e+00
5.602062124267702004e+00
4.873658753012017009e+00
3.356434252985957212e+00
6.079047334380308421e+00
5.290279980379414049e+00
5.852159715094064296e+00
6.184442812533895939e+00
5.830882631088199375e+00
5.437825224349045250e+00
5.148440939865254862e+00
4.966910944686079965e+00
5.668234069816155518e+00
5.511854802448623580e+00
6.076422778566168859e+00
4.749553851906282098e+00
5.683106071482713517e+00
5.946604829654996038e+00
6.050952245283817810e+00
6.312878866615798223e+00
5.588983056866947408e+00
5.758150020969873495e+00
5.263650766924477864e+00
6.317145188679841539e+00
4.714039138555047082e+00
6.192065832459298313e+00
6.018398731496095166e+00
4.824286844473153479e+00
5.214344702661309228e+00
6.209999563135173872e+00
5.554166483975322421e+00
5.026260718174391684e+00
5.771557666408719811e+00
5.487788385187170270e+00
6.006456322237332834e+00
6.256463943123748983e+00
5.778311706379774648e+00
5.993917082530412443e+00
4.448057083662242839e+00
5.500098388184901488e+00
6.174026796866605160e+00
5.814945025752066954e+00
5.155335625263940180e+00
6.121037265421596096e+00
5.725648253771363549e+00
6.073671894528292370e+00
6.234518003664878627e+00
5.932130605398293177e+00
5.560158115367023868e+00
4.462825105200662890e+00
5.609084187385060538e+00
5.333260826337692606e+00
5.896649012344384211e+00
5.335231696314644445e+00
5.853734764609900942e+00
4.498147845759210561e+00
5.312250314510013283e+00
5.308631386064315727e+00
5.134257075479042420e+00
4.051284757717518836e+00
5.937096734429587741e+00
4.949196343289677280e+00
6.138742536184850884e+00
4.680456218048864692e+00
6.262909622061600068e+00
5.454473998385983791e+00
3.394174950804974777e+00
5.607088303672741247e+00
6.004374673092634396e+00
6.153654324894224814e+00
6.295401686247422468e+00
4.440532621635250976e+00
5.005312385682513465e+00
4.506765448569114874e+00
4.984540098676665032e+00
5.314323454600734742e+00
5.536227160063232233e+00
3.662914523512461606e+00
6.166888769844733886e+00
5.037937306045293440e+00
5.104422789820972639e+00
6.299841417762880980e+00
4.003756436857739409e+00
5.827868385998803191e+00
5.631273393205492361e+00
6.240253100012477461e+00
4.922877180200689651e+00
5.418277571411362459e+00
4.366933249011407447e+00
5.580158507012874303e+00
6.282179855481973441e+00
3.610116394983466481e+00
5.997888747760372397e+00
5.526379263848647305e+00
5.284522477747228386e+00
4.211317687520507391e+00
5.320839610296066446e+00
3.898717469653979251e+00
5.579352196079306658e+00
4.784280727685058743e+00
4.143565089693955983e+00
5.281263387055624037e+00
5.954364662277657594e+00
4.218124547735452978e+00
4.518443308088136767e+00
5.264436907972393165e+00
4.823434321840826655e+00
6.218682854746397481e+00
5.162086539145578357e+00
4.010565319813366614e+00
6.118159048962438007e+00
5.617622680332036822e+00
5.030376716716880026e+00
5.168286123320608993e+00
5.155591680659001419e+00
6.190255478568410297e+00
5.383742286963583368e+00
5.659112909984457929e+00
3.227816313632138723e+00
5.623668360881124428e+00
5.595461881851729657e+00
5.397668572031768974e+00
5.611458952375206088e+00
4.505984488336351568e+00
5.846305025068383010e+00
6.191998441962621058e+00
6.018828559574766146e+00
5.149200056095237343e+00
5.837968978561111300e+00
5.732347948942479121e+00
6.277120439338364832e+00
4.500984826356318358e+00
5.028118973727500496e+00
3.356434252985957212e+00
6.073591947057938256e+00
4.364736115942746686e+00
5.771653192538845012e+00
5.994937847813242904e+00
5.669352044809324198e+00
4.806251613407642509e+00
5.095385482411100675e+00
6.040870308210930517e+00
5.738196915815299448e+00
4.409235575178104938e+00
6.123755380874346343e+00
4.609171137249971295e+00
6.025855586447557144e+00
5.759489030756625993e+00
5.681827815922722458e+00
4.238211163331095044e+00
6.198067694618138113e+00
6.280258833950529862e+00
4.147012361105653966e+00
5.711208918632731724e+00
6.235360126972639527e+00
4.699657458338688976e+00
5.005590331270639126e+00
5.609084187385060538e+00
5.829060867216594666e+00
4.472361502377384390e+00
6.254907090978271356e+00
5.901077455862543175e+00
5.784435157409784978e+00
5.856768612310348843e+00
6.035283774251080757e+00
4.873953278768314412e+00
5.704824856819040058e+00
4.206037422643085222e+00
5.179201355148886243e+00
4.905006163477667158e+00
6.245883644369613741e+00
5.702288997811587379e+00
5.490329341938667618e+00
5.209498426413001759e+00
4.335230331609313481e+00
4.206200209725209582e+00
5.928426877790305305e+00
6.212649660004776031e+00
6.327519046835532457e+00
4.530680522070007044e+00
5.101086453764052564e+00
4.438007112148421029e+00
6.248936737501012750e+00
6.126404880572527745e+00
4.922877180200689651e+00
5.668158586273922772e+00
6.123755380874346343e+00
5.816871734918245274e+00
4.777091886977284041e+00
5.576743802925671289e+00
5.759817537248803632e+00
5.762463641824909999e+00
6.322185769509505171e+00
4.367612832646343257e+00
5.014745222305172945e+00
5.666427647027020065e+00
3.557272577710055117e+00
5.532634073260708441e+00
3.227816313632138723e+00
6.294451387966367051e+00
5.457257892612888739e+00
4.882359609418388757e+00
6.139790807966475583e+00
4.872227774921102039e+00
4.795121798085636655e+00
4.877886241289896674e+00
5.437467642810319468e+00
5.043472694769402409e+00
4.975323755704351036e+00
5.605516807793037515e+00
2.703855821147978844e+00
5.681580654983197753e+00
3.840448060159831645e+00
4.429487150973719700e+00
5.448440226151749499e+00
4.854764886050459083e+00
4.736637886477510939e+00
3.718481470059167293e+00
5.884953073168866844e+00
5.678553783102784358e+00
5.956974643026345717e+00
5.490659141286602818e+00
5.713209662859992655e+00
4.909902327680957690e+00
5.069475727991849645e+00
4.609186464172624120e+00
4.645770082411942781e+00
6.112098828854080068e+00
6.036758813943051472e+00
6.179358540948680201e+00
4.972161170519584950e+00
6.013965323721337519e+00
5.072838117797710211e+00
5.614538036247773256e+00
4.870956300471422473e+00
5.049793608268489997e+00
4.097280702164586508e+00
4.858753840325142015e+00
5.940522841390041719e+00
5.693376728070914439e+00
4.558355186215589328e+00
5.480159824476201536e+00
5.610146125578186371e+00
6.223357370918337850e+00
4.328015848637591034e+00
6.140116017333276055e+00
5.129977806327433498e+00
5.530142372949050866e+00
4.512427435957362398e+00
6.129173588233695291e+00
5.217321792994567886e+00
5.717318416559817429e+00
5.705218707144435797e+00
5.628978555301476838e+00
5.411795069028885408e+00
4.961981725427056844e+00
4.926810872821308251e+00
4.460651864258996291e+00
5.933338297526817406e+00
4.902207137542384352e+00
6.092468861647384770e+00
5.773267288170593758e+00
6.160131564957540995e+00
5.739554106252708898e+00
4.150084646179399428e+00
5.530779703766694588e+00
5.617388899908532629e+00
5.661982030789160625e+00
4.959375253272695794e+00
5.235631643817122871e+00
6.063980626628328707e+00
6.080163421470658136e+00
3.944644037331402231e+00
5.980583788426682368e+00
4.594503327907022872e+00
4.225227614925479713e+00
4.460471514302789764e+00
4.868643850921083427e+00
5.902365249966160299e+00
4.872625338986670940e+00
6.272837767345920135e+00
6.183329017764628510e+00
4.347963573372012114e+00
5.185088521184403554e+00
4.357332938205897399e+00
3.204128180155549899e+00
6.299506164010328035e+00
5.425607822196788277e+00
5.054087959412977504e+00
5.458118649705806291e+00
5.371902655640071522e+00
5.938238954388126878e+00
5.148440939865254862e+00
4.701807758925779623e+00
5.374238099668817270e+00
4.916165622818306602e+00
4.991721709279230978e+00
5.713869657041316330e+00
5.589040237761757624e+00
5.570457904024179285e+00
5.866029521495218724e+00
4.689779360172146028e+00
4.440532621635250976e+00
5.742481410576869116e+00
6.288943979464570511e+00
6.270016487278430972e+00
3.861390137026382785e+00
5.123859160820630976e+00
3.659460065147757568e+00
5.175860580870694783e+00
3.368033299977170270e+00
4.344191785846520659e+00
5.796035935462970023e+00
5.865125994273920895e+00
5.783197381420370320e+00
5.181691153730485944e+00
4.582899633662697703e+00
4.110507436057652342e+00
5.292370850922806902e+00
6.044549642004840351e+00
5.453083475115528600e+00
6.164115022164359914e+00
6.165281223585881598e+00
4.553373806800109058e+00
5.992600621898429125e+00
5.440195608745675315e+00
4.174108862665572239e+00
5.581758359062740205e+00
3.227816313632138723e+00
6.305931295399868297e+00
5.206857199375149570e+00
6.047378065026449256e+00
6.303839742769119070e+00
5.331208211985191348e+00
5.836934391580711257e+00
4.819419851852911663e+00
6.239033083486885012e+00
5.968467451801183543e+00
4.570734554413072637e+00
6.294189135074987895e+00
5.947100368240276325e+00
5.611696750486070862e+00
6.081720859193122664e+00
6.206425453170897555e+00
5.909352011815204975e+00
4.043830389882332454e+00
4.458960639614564236e+00
5.814746907863248992e+00
4.171547020747298440e+00
6.118789230712732952e+00
4.921427280534212301e+00
6.086430218959503868e+00
5.370950205562967206e+00
5.214596224234845145e+00
4.325532282606886270e+00
2.949211531731121827e+00
5.980503479800766797e+00
6.196528621902809952e+00
5.305488339999892666e+00
6.329352353005469389e+00
5.568644801347047313e+00
5.743430596459106141e+00
5.596081768553861302e+00
6.102619708739136506e+00
4.390556825469833058e+00
4.620416767289913906e+00
5.487035440244602214e+00
5.944140531166599573e+00
4.526692365755258685e+00
4.854742625605057427e+00
6.310996239274635045e+00
4.297702500695056216e+00
4.641398134417306309e+00
5.005590331270639126e+00
5.379745681348308217e+00
4.903424401460126703e+00
5.163443747510878090e+00
6.156757469727325294e+00
4.373590588142270974e+00
3.700378275152141239e+00
3.579596581751095297e+00
4.215391218037583876e+00
5.786172281634700099e+00
5.686466528395664355e+00
5.403383313053383930e+00
5.896503939131161331e+00
4.491865968978816959e+00
4.508497284767098989e+00
5.888690507318897538e+00
6.241006692370739906e+00
3.012421044106882828e+00
5.284519265311502068e+00
5.831731242995854103e+00
4.579535071321179984e+00
5.022437601827088649e+00
5.734703280874183129e+00
5.057629538709228711e+00
4.966784313589471367e+00
6.066466587784340447e+00
5.148399238443562176e+00
6.176056387578398699e+00
4.806858839311801468e+00
4.387056269560241084e+00
4.627875530201143839e+00
5.635586049421225319e+00
5.966524195365556338e+00
6.043264016026534513e+00
4.814597666464024428e+00
4.097910505521054070e+00
4.959087146288490899e+00
5.149723677577132008e+00
5.658322641297827360e+00
5.112108041842592598e+00
5.027519522523409279e+00
4.991721709279230978e+00
4.452312709078980468e+00
4.923833432812473987e+00
4.736637886477510939e+00
6.145487806549564169e+00
6.243914224749671504e+00
6.193712713878551490e+00
3.828391032727635146e+00
5.356477252863784955e+00
5.253875455704180908e+00
4.376273417174751934e+00
5.449339734768074095e+00
4.483393133107188788e+00
6.228723037768287618e+00
5.668575088427607156e+00
5.121150118945213769e+00
5.528975466641823822e+00
4.733566051061760760e+00
6.312318488711921916e+00
6.225958857233710120e+00
5.759841735684267050e+00
4.975810870634304273e+00
5.608643253496299330e+00
5.252194166135550013e+00
5.765956854230920747e+00
4.570950412675610863e+00
4.715360667663215821e+00
4.735784166637054149e+00
6.259315084330268952e+00
6.043058902699296020e+00
5.836934391580711257e+00
4.785973695873879663e+00
4.188836400778007452e+00
6.070547367038620301e+00
5.665762807804910928e+00
6.053897286676363620e+00
5.475249770820240336e+00
4.479669377695402410e+00
5.705562214377730257e+00
4.306849615796005004e+00
5.341476608923287017e+00
5.746379701150384989e+00
5.238985662510310171e+00
5.449326842440965102e+00
4.267396471723174045e+00
6.121458638328062030e+00
6.220802662834454821e+00
5.884340136824926404e+00
5.772095710592886952e+00
5.309154388039242001e+00
5.843621463308626751e+00
6.045777325192537965e+00
6.212981754205731733e+00
5.907751149265536128e+00
5.185055583585794992e+00
5.807242000623269007e+00
5.957413600478094651e+00
4.443540589919194872e+00
4.922942022162328790e+00
5.364617794572353660e+00
5.217028931032187344e+00
4.252461802452152106e+00
6.184442812533895939e+00
5.259266308543937285e+00
4.255536455158557274e+00
4.373725359309215577e+00
5.200728950220588231e+00
4.297684420280022621e+00
5.117188433058403874e+00
5.229484742832897659e+00
3.199008980409655756e+00
5.841210798020774142e+00
6.307424886615224935e+00
6.177794791879697378e+00
6.226990753540246004e+00
5.007866618817491400e+00
6.010687127233794946e+00
4.968657289347012451e+00
5.556046123314835050e+00
6.202684706865197128e+00
5.970614814709708895e+00
5.248811973792902208e+00
6.104521812275562453e+00
5.869405028771909727e+00
5.986914839089344298e+00
5.902280251935447808e+00
4.570950412675610863e+00
5.004135726767198200e+00
4.446997753529886133e+00
5.787036261041076379e+00
5.981374022294533965e+00
6.007008298997294382e+00
4.905024021836098314e+00
4.368799429418082525e+00
5.981086023117875072e+00
6.086194177926932625e+00
4.051284757717518836e+00
6.305931295399868297e+00
4.434451054308970797e+00
4.175103248854393101e+00
5.566985262487011532e+00
4.931403951631104121e+00
5.181770068820783059e+00
6.183046636963353215e+00
5.530403800415783166e+00
5.656672591506890058e+00
4.373079969182405158e+00
5.539621920693204693e+00
6.231898392126013597e+00
5.116527196724935500e+00
5.649966033043811287e+00
3.650153585416100466e+00
5.941639994196643570e+00
3.851333170919572613e+00
5.416646695236983611e+00
4.281053313929562343e+00
5.590267661668987920e+00
4.521193432726332340e+00
5.676607482064749632e+00
5.529339287057135621e+00
6.129174389924789246e+00
4.736637886477510939e+00
5.428440633128882808e+00
5.460176858737936456e+00
4.082975718882826399e+00
5.583957206211302982e+00
5.316489058700179626e+00
5.135392868391327248e+00
5.672429414187165619e+00
5.544576828848134298e+00
5.974716581557682815e+00
5.564200919491647745e+00
4.883887565829851951e+00
5.289925238654936024e+00
4.964243307634413682e+00
4.480338809773060760e+00
6.225364388338752164e+00
2.944316915476601793e+00
6.040118650196700578e+00
6.115324713803948598e+00
5.960870062100292799e+00
5.876500749923100564e+00
6.110181149271607381e+00
5.665487241926758344e+00
5.909841147765775737e+00
5.299374777985340401e+00
5.907080994987441436e+00
4.065234948340192389e+00
6.169947802709999429e+00
5.859210722442456110e+00
4.556442465820523147e+00
4.847419140501588508e+00
5.730192518771064059e+00
4.453199763351335605e+00
6.122627785167663816e+00
6.255998101101573283e+00
5.533129456861122009e+00
5.963616753447814389e+00
4.267764142350563006e+00
6.288624593824592601e+00
3.694743233814855365e+00
5.488002334240057678e+00
5.453206629664880012e+00
5.895605881989300912e+00
6.183230002844013029e+00
5.669724962751383046e+00
4.818596323506108448e+00
5.014745222305172945e+00
6.232565467282308092e+00
5.834358421544385109e+00
5.197736805811640437e+00
6.288131339189368063e+00
6.206425453170897555e+00
4.622809446387991628e+00
6.290750091807756128e+00
6.019064438854603516e+00
5.902315676482101203e+00
4.729566956252446275e+00
3.890432545913432349e+00
6.157552874080024274e+00
5.121890328333595477e+00
5.138837470195058543e+00
5.391988487885063464e+00
6.121288471340611714e+00
5.673798400729929803e+00
4.546876000413696772e+00
5.437937058923493439e+00
5.157420535269370276e+00
5.615438147731087071e+00
4.055591476775830095e+00
6.127405464245171629e+00
5.721319795573509559e+00
6.295049443185391169e+00
5.057608070344528528e+00
4.982855234660532595e+00
6.189976005225785727e+00
5.750171561632696715e+00
5.122184782384329615e+00
6.018549958912344344e+00
6.164707052945195720e+00
4.829762830199816115e+00
3.561176940387564827e+00
6.269933538983556431e+00
5.693099946353044061e+00
5.842783839436001436e+00
4.724968176559197985e+00
4.511698467114618971e+00
5.999877516583735471e+00
5.517139206055877487e+00
6.324187006026414259e+00
5.420757482504697577e+00
6.320868380242215423e+00
5.943479396333374964e+00
6.225693631128655703e+00
5.644216863189893019e+00
6.081712740511240334e+00
6.201920426131803055e+00
5.516375069281351351e+00
4.401140699311543614e+00
5.980847950169459359e+00
5.238985662510310171e+00
4.662243009402986971e+00
5.426714183647917800e+00
5.681971010161144697e+00
4.259362965858231931e+00
5.636234112222767934e+00
5.896488783313871274e+00
5.941046079038513561e+00
6.043801542368768764e+00
5.538442866974690126e+00
5.213288129068058829e+00
5.644269380600623442e+00
6.154858653146204617e+00
4.618671108491571253e+00
5.338704166437785226e+00
4.165885522206405511e+00
5.606625156291826784e+00
3.338112165019428978e+00
5.658056114849382645e+00
6.214607099040545535e+00
4.795095712004822985e+00
4.262830664833097138e+00
3.875184909288944990e+00
5.052584035263135931e+00
5.210240024924258861e+00
5.467820247943982359e+00
5.666545470168040666e+00
5.848836746263353703e+00
6.319639801242189492e+00
5.661097533789515523e+00
6.127405464245171629e+00
4.881585854219427034e+00
5.249513216219790834e+00
5.422899332819278051e+00
4.231048719566016025e+00
6.226704976026099736e+00
4.497259863285090198e+00
6.128093606524546821e+00
5.483670136305176079e+00
6.207753179876646321e+00
4.882827887721340687e+00
5.307315552652636548e+00
4.567344236564107263e+00
5.026958830629764563e+00
5.888690507318897538e+00
5.072117486185526047e+00
6.082949031776420767e+00
5.337140109256356624e+00
3.504500209004878020e+00
3.704392781129453027e+00
6.321248981634445485e+00
5.895036819317097887e+00
4.235207344484662961e+00
5.704159627826476786e+00
5.726056999667299863e+00
4.011793647943469487e+00
5.705426094718063723e+00
4.436862152615296040e+00
4.246527750640596288e+00
5.179778655506823704e+00
4.598279375405529557e+00
5.162456757186005163e+00
5.169523285452481076e+00
4.317033466835077604e+00
4.055100397972195125e+00
3.948443250694001705e+00
5.480159824476201536e+00
5.388947879539013996e+00
5.038081379036561280e+00
4.699433388639742581e+00
5.783629623586521440e+00
4.341942390824802267e+00
5.490045829919642628e+00
5.549553737966956390e+00
5.319654089079397075e+00
4.746543167683794806e+00
5.151599886718601695e+00
4.393773397631346000e+00
6.300202462618463173e+00
6.214862501503431780e+00
5.497983269217108671e+00
5.015946394494513072e+00
4.542100315510068320e+00
5.729297835644902470e+00
6.041010865590511258e+00
6.151102457059912432e+00
4.754755884866430193e+00
5.976460273494467401e+00
4.502533194615701895e+00
6.040051569121036579e+00
5.990801076398888370e+00
5.153228642692269545e+00
4.687330774353080542e+00
6.047422914498660873e+00
4.726493153352708809e+00
6.070081618835255988e+00
5.583064007739709567e+00
5.972685987141932884e+00
5.732005979998492151e+00
6.093587307551402432e+00
6.172116761076765989e+00
5.087709215786013317e+00
6.301637009435794745e+00
4.934336607258370755e+00
4.806251613407642509e+00
4.973458835166130854e+00
4.641020480828507822e+00
3.931064376535982063e+00
4.014569516016657680e+00
5.763019211308472833e+00
6.249028313364907383e+00
5.228948298752250423e+00
5.680203451495021483e+00
5.810523663576361741e+00
4.345158912775622717e+00
4.512322350846745600e+00
6.184840971358037010e+00
5.896488783313871274e+00
5.036103280798023718e+00
4.841811080977008963e+00
6.023341678568792545e+00
5.443860101358903414e+00
6.123649411002806353e+00
5.845379854492700922e+00
5.296883672562038292e+00
5.199212935776413858e+00
5.073177763899977322e+00
4.385845535473971601e+00
5.477066786782357255e+00
5.463463106560722871e+00
6.293730368469089953e+00
4.174747470085052647e+00
4.592798590789501034e+00
3.837933188109022176e+00
5.130757658657653764e+00
5.104422789820972639e+00
4.621110044653139681e+00
5.485567945763915709e+00
5.976193176608770585e+00
6.231269554996257121e+00
4.940109376142978626e+00
5.190546071987831134e+00
6.214752856460707520e+00
5.521527554761339829e+00
5.242183638715892435e+00
5.331227879879422815e+00
5.004135726767198200e+00
5.762463641824909999e+00
5.005699489206649311e+00
5.380795022840631603e+00
6.202906861678638251e+00
6.127253254702958785e+00
4.326418845602057139e+00
5.994547264613228954e+00
5.573223139426856321e+00
6.236233753044632344e+00
6.085835566985148049e+00
5.024034273968212894e+00
4.967278038200771739e+00
5.490112338859174379e+00
5.657699541924127828e+00
4.055591476775830095e+00
4.851475295308749658e+00
6.291670761372700760e+00
5.992639427053327417e+00
5.130757658657653764e+00
5.959974506678416439e+00
3.969299416418356152e+00
5.567359669896001506e+00
4.068184623199678107e+00
5.643820562376760996e+00
6.013012733520209707e+00
4.910485829211777009e+00
5.040378215163361375e+00
6.110456460190268224e+00
5.395302389512480978e+00
3.979630246500157398e+00
1.794596112381935171e+00
5.624771247798811658e+00
6.197201101598523110e+00
5.059235392314842983e+00
4.765617593343626446e+00
5.814746907863248992e+00
5.250081269543662721e+00
5.881401503379128037e+00
5.287186215395493605e+00
6.277337964384719804e+00
6.127405464245171629e+00
6.128093606524546821e+00
3.943504386301897924e+00
5.912699249355279463e+00
5.525064671137456251e+00
6.151693561280531242e+00
6.123134446381196305e+00
3.616489720474347802e+00
6.221711593783647132e+00
5.463361891594454178e+00
5.145935720666980018e+00
5.003413693360695191e+00
4.842716528582844404e+00
6.270160795452185631e+00
3.792728924626115550e+00
4.482615502554732956e+00
5.164100030710797817e+00
5.172475926916852984e+00
5.530197538807321678e+00
5.461664773606558221e+00
5.826596017478562040e+00
3.535882958927153208e+00
5.797089684516928187e+00
5.229244050971215252e+00
6.328702320956849370e+00
6.313189420300759913e+00
5.540008455838382417e+00
3.774935471710311408e+00
6.038081398318301041e+00
5.868258244787831757e+00
5.388783622300056919e+00
6.171371948334877899e+00
5.935963175898068656e+00
6.036470669537850497e+00
3.751179909997020889e+00
6.124491744136179250e+00
5.761827032575549623e+00
5.756114114319279551e+00
4.255536455158557274e+00
5.107293509634304840e+00
4.849360636322264106e+00
6.180230899074936168e+00
4.938441271101006613e+00
5.274825864718000190e+00
4.581010083005470968e+00
5.650962686409741309e+00
5.345901374933136552e+00
4.520620302609259511e+00
5.707177579452270777e+00
5.431492528259745711e+00
4.903711591031971295e+00
5.002406353193746824e+00
6.071708056671376141e+00
5.116564758678431524e+00
5.260182874874512748e+00
6.307023694119371804e+00
6.149418376616079485e+00
5.650008592152895304e+00
5.482113741450268307e+00
5.793040237841884377e+00
4.343256462996432532e+00
4.272895318042491120e+00
5.760410959281514032e+00
5.818068288541146771e+00
5.637354526507520447e+00
4.782264871104379367e+00
6.131476193527448437e+00
4.503987712740994631e+00
6.028635760189295922e+00
5.113118731817303697e+00
6.284752498930128439e+00
4.175387569461495474e+00
5.338304754356048676e+00
5.595837962535646248e+00
4.466771587083616879e+00
5.816313602788007131e+00
6.083811695394981456e+00
5.566480444062875677e+00
5.551110130426424760e+00
6.316876537525121904e+00
5.764035779179861763e+00
5.778598735448255752e+00
6.301127812853374088e+00
6.323999965780621402e+00
5.675345031721451328e+00
4.622540665832521434e+00
5.044063532156640051e+00
5.278937418922779123e+00
5.566480444062875677e+00
4.954477661752412665e+00
5.457575272547743772e+00
6.138742536184850884e+00
5.880194161944817033e+00
4.423246565178601486e+00
4.670436712566701232e+00
5.150826408499711739e+00
5.207927657761213247e+00
4.982855234660532595e+00
5.301816214677942618e+00
4.783470219920182842e+00
3.875038948978369646e+00
5.133231271204299340e+00
4.398138581935472580e+00
5.425528481390911040e+00
5.849660387027771691e+00
5.771653192538845012e+00
4.894409360592244518e+00
