6.864660756506393291e-01
7.318415928750356958e-01
7.647530954195652653e-01
7.915755387743028670e-01
7.855050007646645627e-01
7.874218973215829642e-01
7.999102558101491844e-01
7.990827095990818973e-01
5.615830109570641993e-01
7.545943829933186020e-01
6.172858961883298523e-01
7.130176382021777837e-01
7.915755387743028670e-01
5.914635797099256909e-01
7.000272180687028278e-01
6.248682502322001620e-01
6.695549403375100628e-01
6.854486891785489533e-01
7.692104952547329511e-01
7.106582800178776749e-01
7.995039431239446825e-01
4.171639771998325030e-01
8.009365147146688679e-01
7.660223367668088645e-01
7.414207489517257166e-01
6.360595442596284066e-01
7.778017726116491781e-01
6.074529549051408406e-01
6.743803911546192298e-01
6.050778223274022594e-01
7.455446246997814441e-01
7.884566673957479344e-01
6.891858986052848968e-01
7.503601503620827007e-01
6.906640020094441113e-01
5.196797574437326261e-01
6.254452329184597703e-01
7.192427430969553503e-01
7.357615690185521640e-01
7.680581114146005639e-01
7.922682375994447579e-01
6.337969856037970473e-01
6.970004667927051090e-01
6.491886427837157969e-01
6.815910802053372075e-01
6.467257274277556922e-01
6.563574450155811313e-01
4.352322702132894183e-01
4.557806331786422582e-01
6.736017901366985194e-01
6.570320572591704655e-01
7.663284408050947683e-01
6.260071610078407067e-01
6.786585296510193599e-01
7.027707147011550415e-01
5.983701928418674321e-01
7.789839957676180093e-01
6.371404999692836801e-01
5.225798279887967634e-01
5.655722133915973560e-01
4.950037485712467933e-01
6.065068967737128336e-01
7.748708299273265876e-01
6.950261509699038331e-01
6.963696924690644385e-01
7.147929556610094215e-01
5.930156883894851516e-01
7.729815179495291844e-01
7.902911773457261813e-01
7.217061036914909078e-01
7.812170196515730858e-01
6.228494355806523108e-01
4.981217905248452316e-01
6.892213896466273804e-01
7.954928742664587604e-01
7.869543609840756737e-01
7.844248172948951048e-01
6.616937785997059063e-01
7.368320536281429689e-01
7.021601919516642365e-01
6.048584045899655370e-01
7.538975206385190031e-01
4.226850318362504466e-01
7.263513468310306420e-01
7.369386560171884426e-01
4.628106140000275981e-01
6.966745015587152423e-01
5.800877355544278302e-01
6.960649477130026463e-01
7.247466400135280651e-01
7.998364519044945942e-01
7.330373198618487240e-01
7.548597485809008800e-01
7.293671910993360097e-01
6.577898598985939538e-01
6.273586147063562324e-01
7.100035763859130489e-01
7.867574102670988889e-01
5.687976636532807717e-01
5.793534801197042228e-01
6.860355334705219299e-01
6.348820635139046376e-01
7.711398243429424815e-01
6.866908566512730516e-01
7.997005986095665486e-01
7.922428658022648840e-01
6.826795499364300968e-01
7.280677390503729196e-01
6.730372252092637897e-01
5.712123066230040402e-01
7.871595313254853288e-01
6.263432039156741071e-01
4.826786457264169439e-01
7.221786297453720582e-01
6.968705086786052272e-01
5.784627260692688511e-01
5.346138711381760444e-01
6.962801960402763557e-01
6.935383036119391331e-01
7.306368491206195470e-01
6.848137986763045415e-01
7.953454189013187126e-01
6.902489688784887445e-01
7.144501155834601658e-01
5.688068028928133790e-01
6.533516916272814612e-01
7.491511450662734495e-01
7.875274223079956615e-01
5.668863383337957584e-01
7.023959921273668083e-01
5.729222348286888700e-01
6.926948179369775138e-01
4.627020068530357522e-01
6.707998371439707341e-01
5.266623853651728471e-01
4.393626882202142925e-01
6.749762370491136920e-01
7.806845366892076754e-01
6.666245440272692280e-01
7.457730001955958921e-01
7.266111602986852214e-01
6.848733559361660506e-01
5.612275929104362238e-01
6.729840642467833645e-01
7.320472485126932050e-01
7.604828421358694746e-01
7.276825841330829547e-01
7.990137757740115587e-01
6.798973988159315862e-01
5.828334950437369377e-01
7.004521142327806427e-01
5.662739790115892680e-01
7.328166248526120086e-01
7.938408455087224702e-01
7.164292191410004396e-01
6.805179243574405179e-01
7.616723783977706885e-01
7.168639833204224487e-01
7.688333259786079843e-01
7.068561423289182466e-01
7.917154292388728365e-01
7.950450820560929222e-01
7.564163933305598775e-01
5.554828872454469213e-01
7.958421803928622529e-01
7.349630245134545214e-01
8.008685775075982116e-01
6.495715489956549460e-01
6.642775466961875486e-01
7.894674066410262148e-01
7.106513792177073796e-01
7.542615987191124693e-01
7.780818915791121171e-01
7.498463063687351715e-01
4.666863163839701789e-01
7.027707147011550415e-01
5.973840368480098917e-01
6.833290954657720295e-01
6.901811893058771297e-01
7.492332533343544210e-01
5.404926229640187874e-01
7.725445843087171971e-01
4.522049814158464742e-01
7.792445269050798373e-01
5.583800631834806572e-01
5.387592214823616610e-01
6.349195883236573579e-01
7.495824130118845519e-01
7.978866374126236671e-01
6.524083378061420468e-01
7.947002644249256953e-01
6.278621736984070223e-01
6.191742871042309471e-01
6.820539744389062520e-01
6.514709605801476400e-01
7.324748355801123934e-01
4.943711425973008056e-01
6.304436042361541981e-01
7.990177853715424439e-01
7.909740081103494580e-01
6.691798887314610589e-01
7.277405418921603086e-01
7.824614020423208416e-01
7.994576336042293896e-01
7.229591996292353828e-01
7.764035607384855986e-01
6.596411593124125172e-01
7.277867870726801858e-01
7.896693279599107385e-01
5.080728503380945726e-01
7.760846392527486204e-01
7.628959113048358054e-01
6.231502996857753995e-01
7.498463063687351715e-01
6.098698437495061464e-01
7.990906019755480427e-01
6.810689158695697465e-01
6.969335974972074021e-01
6.310306179898520496e-01
6.348932263019577693e-01
5.274033154022325087e-01
7.652967291885598433e-01
5.715826804729392530e-01
4.540831411680821272e-01
7.994115595057625923e-01
6.935550810323301008e-01
5.677169135534522182e-01
7.963765620851831484e-01
7.323212231327694832e-01
7.375758039265998267e-01
7.669360644249667569e-01
6.393522530849966579e-01
7.038039327380035681e-01
6.719467834961933006e-01
5.673999568208568656e-01
5.597146754046536943e-01
7.575015855240060381e-01
6.132130467964252984e-01
7.408286487899520267e-01
7.065864869325488851e-01
6.244246931041871340e-01
7.658869938183637815e-01
7.343722697753882755e-01
7.820206104465752261e-01
7.922418936229461695e-01
6.182435644389143725e-01
6.010796111081840865e-01
7.514608696797017151e-01
7.959125970427336494e-01
4.719510814431480128e-01
7.640460907173850513e-01
5.784946953285918791e-01
7.591214093490061821e-01
6.288040629656024283e-01
5.374648518368341232e-01
6.226805847366090330e-01
6.813324602622359283e-01
7.459899364646842557e-01
6.938102074998997448e-01
7.583724760276847610e-01
6.460751006108097494e-01
7.206252637458572252e-01
7.944574860905762037e-01
7.265187334752835069e-01
6.794736392596927299e-01
7.834852947157173730e-01
7.769975743171670945e-01
7.588918832456175156e-01
7.981458388043479735e-01
7.901748755128769064e-01
5.729222348286888700e-01
6.864660756506393291e-01
7.685319142827180539e-01
4.907726450219068726e-01
7.252972219555321454e-01
7.835353714429120764e-01
5.045327725563837351e-01
7.109413096023478040e-01
7.526700375464526749e-01
6.836080959595002282e-01
7.835554377606845922e-01
6.276453407322872824e-01
6.510567320815359160e-01
3.491229084942343297e-01
7.845144268018826583e-01
6.914608237019435055e-01
6.840181501639266415e-01
7.652882571259380651e-01
7.134947597782181905e-01
7.151907499803542567e-01
7.476033036985214597e-01
7.997162009056411058e-01
6.310306179898520496e-01
5.727951306140929288e-01
7.497141553652640900e-01
6.413978601751845199e-01
6.318435850042228852e-01
7.865112924923605142e-01
6.644487143028894316e-01
5.841757917686802859e-01
4.241279540339421006e-01
4.943711425973008056e-01
7.767394065208449438e-01
7.898674901962503547e-01
5.110868365317291495e-01
6.606678740614093659e-01
6.789293598667771601e-01
7.933618996820768210e-01
7.217141769464798795e-01
6.998114996320413672e-01
5.893002726660687696e-01
6.691611229076342982e-01
5.702182421962223025e-01
7.875176537728402204e-01
6.801595250123579905e-01
7.440746979620378454e-01
6.086938508608992215e-01
7.103925250516394119e-01
7.964024564784613069e-01
5.272484372696442101e-01
6.278102567773693465e-01
4.744804327538343358e-01
6.612539644627315472e-01
7.844248172948951048e-01
6.418916636169148537e-01
6.057035872953651090e-01
7.733948319066581423e-01
5.902515051809966717e-01
7.429521414958505376e-01
7.894128388831055387e-01
7.865740988385623300e-01
7.591083296647948009e-01
6.070015521113727441e-01
6.799370596828963054e-01
7.920222772736591477e-01
6.176206305977387512e-01
7.884674488895604405e-01
4.512017055979919422e-01
7.458736693717979982e-01
6.968352926478054155e-01
7.323137684040088580e-01
4.873359725229594597e-01
4.314269338386090835e-01
6.198450073951627948e-01
6.922927590926787333e-01
7.642335967310016631e-01
7.399530336494839489e-01
6.930409637664191047e-01
7.716310708648616012e-01
6.273879382066313015e-01
6.921370369882122731e-01
7.951548998850057615e-01
4.839000823856340894e-01
7.655184462551682945e-01
6.819332126004092887e-01
5.196797574437326261e-01
6.759896455383922476e-01
7.373202246537767790e-01
8.007435377895790740e-01
7.523410329629144355e-01
7.970284650688800321e-01
6.310486963964720974e-01
7.640350974127327888e-01
6.560489539289406924e-01
7.101859365755169851e-01
7.898674901962503547e-01
5.489632807122148961e-01
7.644469332436284459e-01
6.536875364891093776e-01
7.267811161016879407e-01
7.133805979843123035e-01
7.552220730460414977e-01
7.857395683468031411e-01
7.742596116474611545e-01
6.530684303771905341e-01
7.602134624053931145e-01
7.901494425656228060e-01
7.268469212673387414e-01
7.653037327400447065e-01
6.076450607964331008e-01
5.029889811545564804e-01
7.015295147705236101e-01
7.645907905661578630e-01
6.902252540985525098e-01
7.827183614662042155e-01
5.510692977178927032e-01
6.461630755098931589e-01
5.989861592507170762e-01
7.150075044903416721e-01
7.618855934976335176e-01
6.370568568020703593e-01
4.836283911787993550e-01
6.452007618770677633e-01
7.927584516555484795e-01
4.995508816136831620e-01
7.998238100638557224e-01
7.744484774517328418e-01
7.799802168114681189e-01
7.940130206632706189e-01
5.802745520700757220e-01
7.175751914622797711e-01
7.977691267883831872e-01
7.672495906036786995e-01
7.162944819497379934e-01
7.793991852510293583e-01
5.711098770341103137e-01
7.659826135245563217e-01
7.491096747105426834e-01
7.401077219187495171e-01
5.118561873805486107e-01
6.763699583692819317e-01
6.519748010071398925e-01
7.862981786047593680e-01
5.789580214926464130e-01
7.795671118008874467e-01
7.030738573430035387e-01
6.630339586223369386e-01
6.310306179898520496e-01
4.512641994289900427e-01
7.824302339367471548e-01
7.154034891095067961e-01
6.766221344082546940e-01
6.836707310687005767e-01
7.753113200091769075e-01
6.721605055234829429e-01
6.927941509175623569e-01
6.362831447888955827e-01
4.971761030444843410e-01
7.881079340978112135e-01
7.579314049752683413e-01
6.969866240916416933e-01
7.982245061210085924e-01
6.445640296371065725e-01
5.973220988989004221e-01
7.632515421310283044e-01
7.676127695883299129e-01
6.893159400795341174e-01
7.850695305753156994e-01
4.273710485338706455e-01
4.806315567616177287e-01
7.469261052895140862e-01
7.618618502372268564e-01
7.344721423223682377e-01
7.349341838613051570e-01
7.147600226791142042e-01
7.890111996577463538e-01
5.970725847207567494e-01
7.439461035799117550e-01
6.545110232201420963e-01
6.390638134393687997e-01
7.408762769704971829e-01
7.903812473121363258e-01
6.160854291450656994e-01
7.796867453545045512e-01
7.020633318463089800e-01
6.328107772782841645e-01
7.673511776682742092e-01
6.432142652450070219e-01
4.739186922011456859e-01
7.149964552504625148e-01
8.004937850631890228e-01
6.969570412660293091e-01
6.531756344004273629e-01
7.174917899059768400e-01
6.695578401836038696e-01
7.382398219261098182e-01
6.093587296901030737e-01
6.833290954657720295e-01
6.354768237591280622e-01
6.953666125627377959e-01
5.077401998385278059e-01
7.713745878933191413e-01
6.126368170750471354e-01
5.775361427917857782e-01
6.656336507827621540e-01
6.996710716804920294e-01
7.337678309268107490e-01
7.940933980042498286e-01
6.414880081858241878e-01
6.294942849013710484e-01
7.656471156715771720e-01
7.278810940256992268e-01
7.673129128930804566e-01
7.284295952992456691e-01
7.901997795625589349e-01
7.199234637592998309e-01
4.913730171286220805e-01
5.913650831757429893e-01
5.891575476198563921e-01
6.834740318519761937e-01
6.975026688840864075e-01
7.557171108819414895e-01
7.297682871723693010e-01
6.359008613327800097e-01
5.503780811972840414e-01
6.931632216454217676e-01
6.413978601751845199e-01
6.384331937122494915e-01
6.738105960810011341e-01
7.540840508371298156e-01
6.504815758069043552e-01
3.906286911125418371e-01
6.047935038298640764e-01
7.668320317816447185e-01
7.623903746669870030e-01
6.942388994117264511e-01
7.536118588228064574e-01
7.755382415383231809e-01
6.010143078803794614e-01
7.190320362551719802e-01
6.498159266630567643e-01
6.604259108553738322e-01
6.747532566066170023e-01
7.083680601355873963e-01
7.427944459167452607e-01
7.165017289409237877e-01
7.778934213678116993e-01
7.736381458536271127e-01
7.078171001982451749e-01
7.016692204539211053e-01
7.236549935612013318e-01
7.551716036115829755e-01
7.591427637266886519e-01
6.082020670669585627e-01
7.157514770039209440e-01
6.265613341107822976e-01
7.329777339016529947e-01
7.615733164916230757e-01
7.410264711157481532e-01
7.785567858898634341e-01
7.925083814817769357e-01
6.859163632918702236e-01
7.196861812068462427e-01
6.753309181973921049e-01
5.547104759678906927e-01
7.846446325848077663e-01
7.491786416969744566e-01
7.783911825421580000e-01
7.263093432852361087e-01
7.570878101926417081e-01
3.910424152030737011e-01
6.129845432339144917e-01
7.417940336670594270e-01
7.693017134664302814e-01
7.166299929819546222e-01
6.499004520451403533e-01
6.687482224597509628e-01
7.434344932189981270e-01
6.732357102369009860e-01
6.003713154425710519e-01
7.064783178830686960e-01
7.907351752956656155e-01
6.500976061154999375e-01
7.005504819917218740e-01
7.647530954195652653e-01
7.187258865906387406e-01
6.652571161843816583e-01
7.734413548417259365e-01
6.880548209788662772e-01
7.473656702909823313e-01
4.873359725229594597e-01
6.307940969412748622e-01
7.397705345359407714e-01
7.052054105248743987e-01
5.265771663749045928e-01
7.772939105058520592e-01
7.007556905433229844e-01
5.675936699462005297e-01
7.449598702840353193e-01
7.237795971017845220e-01
7.381781576168819914e-01
7.869193652134239825e-01
7.800428927511339205e-01
6.426695548038687811e-01
7.961019989568309807e-01
6.399603611620179322e-01
5.155732740827002614e-01
7.599065889858584999e-01
7.851966339864775435e-01
7.482963597952534407e-01
6.642776424169759553e-01
6.695661294910254524e-01
7.285995658614420334e-01
6.826795499364300968e-01
6.633681511720147528e-01
6.484424397642567506e-01
6.230395968301972731e-01
7.880402051168489130e-01
6.253154127769353643e-01
6.388011186522836171e-01
7.959717104733914361e-01
7.627113131991147821e-01
5.859036533645761713e-01
4.984458464001177980e-01
7.149169134544469673e-01
6.875074168415521436e-01
7.261086837037411534e-01
6.182435644389143725e-01
7.760329811211863493e-01
7.744484774517328418e-01
6.970248029199827000e-01
6.458918131272766150e-01
6.361707886589221816e-01
3.707636610168515423e-01
6.791818805752534161e-01
5.849418770008527613e-01
7.079497288055257576e-01
7.164841793575312812e-01
7.813220874900332902e-01
7.951462697425372150e-01
7.115665123349184107e-01
5.778316288301083015e-01
8.014067087046132798e-01
7.142838806927904738e-01
7.276998407488389775e-01
7.677887601445785304e-01
6.625940609020215533e-01
7.746864933164913092e-01
7.015396828460022105e-01
7.551457578631680656e-01
7.566349288710781940e-01
6.481433253085534529e-01
6.388403295250046909e-01
7.489840052087721745e-01
8.005846701209651251e-01
7.889828253686810289e-01
7.520480866832833788e-01
6.496301063919980301e-01
5.764275756297427833e-01
7.811186329974555420e-01
7.341894782245609319e-01
6.411190610461433570e-01
7.971798074198500617e-01
7.910377794383570693e-01
6.504777569867356002e-01
2.770667967470313298e-01
7.469149977206274160e-01
7.736994559025821561e-01
6.699058265158688297e-01
7.104630322833587197e-01
7.562756672939526803e-01
7.672470342290800271e-01
7.310596400104119041e-01
7.290068107095761807e-01
5.532906720605171857e-01
7.271693120268978294e-01
7.523558366093852090e-01
6.724769840774186269e-01
5.485583828606167556e-01
7.935141518074175782e-01
7.478099732628441521e-01
7.195825600090866025e-01
7.739813959746443262e-01
7.844090768418592319e-01
6.096106312486992973e-01
7.422181578943959357e-01
4.015202610975249775e-01
7.735990213160592877e-01
7.920822334561543610e-01
7.196414571958108519e-01
8.006293352299710397e-01
7.479153604275943223e-01
7.981996819640367891e-01
7.551749105464976575e-01
7.957334516310545780e-01
6.781497287902882309e-01
6.480159648976053788e-01
7.038825517400598697e-01
6.316637641301379169e-01
5.473530054434195824e-01
7.350391579852233459e-01
7.047121975463043198e-01
7.340247574946611175e-01
7.790078848461354788e-01
4.879961748415305722e-01
7.778967854444679420e-01
6.660346767186814398e-01
6.796256924632602114e-01
6.927674015608948910e-01
7.820142824420140970e-01
6.365904031627782622e-01
7.662331707970562178e-01
7.087844995999296183e-01
6.032250994181748149e-01
7.794676198130079392e-01
7.632550367666645075e-01
7.513089127966807723e-01
7.992089918118279179e-01
7.242626642649722113e-01
7.484256003074519770e-01
5.138895614670476730e-01
5.670564032435057022e-01
6.640007617793642902e-01
5.313173895688534376e-01
6.913336299470936863e-01
7.591427637266886519e-01
7.423285414722721187e-01
5.874494288041992585e-01
5.579639271960579183e-01
7.826615479594246638e-01
7.865446256954040649e-01
5.529539621831703888e-01
7.925960705941750284e-01
6.153949976474987205e-01
6.588348336660473370e-01
7.461777613214148897e-01
7.120221648812423698e-01
6.559738741778137205e-01
5.841325477459482496e-01
7.746539454068980257e-01
7.970200034023627866e-01
7.380363885350430531e-01
7.525551486516161015e-01
7.883848311227290573e-01
5.055499168424928413e-01
5.688112192632672759e-01
6.245416459541838217e-01
6.599877654876632471e-01
7.296789947787435393e-01
6.325187975853778788e-01
7.771892194437708401e-01
7.215652507549963346e-01
7.005912754663481401e-01
6.800764025680656744e-01
7.813089157123837003e-01
6.358716914942871279e-01
6.877856256589275352e-01
7.639032562868643961e-01
7.444974313608513361e-01
5.870837472978690519e-01
6.219125116117691920e-01
7.055608386924321351e-01
7.157703491976120658e-01
6.763131669560225046e-01
7.936284412205807381e-01
8.011391940185758065e-01
6.245416459541838217e-01
7.958333927651526363e-01
6.953666125627377959e-01
7.827138647588318676e-01
6.348716937862438625e-01
7.044929582698524761e-01
7.922451666829413153e-01
7.107109441654094750e-01
7.026330621069465376e-01
7.865689570438618716e-01
7.888338807575573375e-01
5.375420611935058934e-01
7.616723783977706885e-01
6.735296348483590378e-01
5.388860937291377606e-01
7.565758607723935825e-01
7.681017241762726488e-01
7.064008975287153769e-01
6.790219413516219715e-01
7.514254133256330626e-01
7.889366763547938088e-01
4.039745651022526585e-01
5.500180701868886413e-01
6.771625012549475908e-01
7.308315630440338495e-01
7.647530954195652653e-01
7.975583894273574614e-01
6.967030723095378741e-01
7.334282385850297015e-01
7.338231640078888285e-01
7.626873348340876824e-01
7.727362149826069171e-01
7.689392832444817971e-01
7.968405487752794336e-01
8.004937850631890228e-01
7.676658529071946901e-01
6.601440277710689530e-01
7.627492845662983134e-01
7.840305616050395887e-01
8.011391940185758065e-01
6.354266607920576737e-01
6.223706977035218246e-01
7.523969368878851149e-01
6.864106475844959920e-01
4.494427815291152095e-01
7.927269965587683265e-01
7.776009647415822457e-01
5.880611341874729669e-01
6.914584421395149061e-01
4.933738763779954017e-01
6.050583977029082572e-01
7.276919735776158360e-01
7.501095373966902846e-01
7.080331445898562226e-01
7.956410925369350462e-01
7.117565206433528191e-01
7.950398521790607020e-01
6.458918131272766150e-01
4.704507695590526839e-01
7.551457578631680656e-01
6.617604189256804936e-01
6.788793467306115659e-01
6.241062468254118256e-01
7.325345891430851131e-01
6.599541623676437041e-01
7.796867453545045512e-01
5.923677849184346700e-01
6.965313021655225034e-01
7.499214317817501918e-01
6.380183170404647441e-01
7.700585520735216960e-01
7.999250159677432359e-01
7.649816225862245966e-01
6.672485674025518954e-01
6.815718323176562787e-01
6.818021144218273655e-01
6.123473866429134382e-01
7.473236533945563087e-01
6.878447197335076924e-01
7.291735834588620735e-01
6.793907164695315304e-01
4.626483866602535411e-01
7.230065952727162681e-01
7.398471702674908057e-01
7.250419852631524442e-01
7.721565333810266329e-01
6.640580910472339005e-01
7.076324705436070062e-01
6.042472528384202901e-01
7.562450459546393722e-01
5.372960581617917120e-01
7.689319139267731806e-01
7.945302684840434004e-01
7.079136519274200623e-01
7.577956390143354426e-01
7.154020900443852637e-01
5.363887670754448056e-01
7.941490400059412202e-01
7.753113200091769075e-01
7.068330121108811204e-01
7.366978814267418629e-01
6.812318184804728727e-01
7.665871648562505580e-01
7.293870220330019860e-01
5.853129726816300726e-01
7.954470643432816068e-01
5.510847972251297078e-01
5.838768503535084475e-01
7.631362071936140801e-01
6.606678740614093659e-01
7.144780659589164973e-01
7.130315021671330689e-01
7.774889260400936752e-01
8.003988350620681036e-01
6.235751405180238738e-01
6.560489539289406924e-01
7.631362071936140801e-01
7.536118588228064574e-01
5.988553752582674861e-01
7.966233736675338850e-01
7.379078589742785743e-01
4.930093292015122475e-01
7.990603631498082171e-01
6.735441593518062264e-01
6.191208577475133534e-01
7.424139746245583815e-01
5.613946699168675947e-01
6.730556645709644403e-01
6.679206306146018290e-01
7.672604181137866464e-01
6.963881422731816873e-01
7.128218287468892633e-01
7.343180864473373148e-01
7.324506724910145872e-01
6.124783970602210026e-01
7.627616237191516824e-01
7.722128515522044268e-01
7.880113497943812551e-01
7.401427179093785780e-01
5.229392364210928568e-01
7.772939105058520592e-01
7.262476011488006034e-01
6.795284078860996946e-01
7.579282975777483777e-01
6.492543527543739312e-01
5.454723547625101032e-01
6.421893981899572390e-01
7.435296945956271220e-01
7.855765740092630622e-01
7.972409016298840356e-01
4.271325845129090304e-01
7.109777043425858922e-01
5.960091307534302052e-01
6.528551434799909625e-01
5.728812932336513342e-01
6.000227629572729704e-01
7.673907926214054154e-01
6.098556044534623188e-01
6.980459331795771938e-01
4.811354714378057729e-01
5.090105179492294685e-01
7.637775052703983381e-01
6.741931513219805439e-01
6.334348976403869624e-01
5.700824141044482651e-01
6.617088738255747504e-01
5.996327695924185130e-01
6.193521061291507035e-01
6.600729577276227555e-01
7.853044510705962100e-01
7.783008123635426490e-01
6.870182113564512472e-01
7.994744346594255813e-01
5.948574371247281611e-01
7.437068260756143356e-01
7.809839386137241712e-01
7.670421303388481604e-01
7.340064229778494598e-01
5.856935541537973133e-01
7.921745281823848739e-01
7.783061846040637555e-01
6.542958887598926410e-01
6.768515739470674086e-01
7.974110605157607168e-01
6.515337196635052619e-01
5.456118823944795526e-01
7.663757177418538680e-01
2.958643455250363208e-01
7.620033736764647569e-01
7.916203985461198744e-01
7.394303101650678833e-01
6.625564427820220814e-01
5.989861592507170762e-01
5.179093628119700865e-01
7.627293697320232102e-01
8.006566684266249734e-01
7.397570569063657286e-01
6.334335185305103311e-01
7.446582993501850156e-01
7.527372152539267836e-01
6.034447678944634408e-01
7.965925275102102576e-01
7.086307675579456289e-01
6.637157297277652690e-01
7.992751332779962636e-01
6.850494374645718088e-01
7.702759733131367970e-01
7.692472163264950646e-01
7.998670275271515528e-01
7.277867870726801858e-01
7.628640887734565723e-01
7.192427430969553503e-01
6.885891699060400217e-01
5.240757769353272533e-01
5.821400724634103740e-01
7.223280597861823082e-01
6.732235383368376791e-01
6.784573623470306902e-01
6.612358833850872086e-01
7.850990276712941363e-01
6.168449760226658585e-01
7.324618546112939832e-01
6.231582707681784239e-01
4.037005610926168719e-01
6.781012639951710108e-01
7.724414939938198943e-01
7.033583530681895013e-01
7.956247430373839524e-01
6.512382366252003063e-01
6.092834606072052850e-01
6.104240620096446079e-01
4.622325407579433443e-01
6.937609632298816775e-01
7.984900783031253502e-01
7.578884164646318977e-01
6.573357824164887120e-01
5.631008160138414320e-01
6.781165293595019516e-01
7.906407778245961859e-01
7.915512955804662187e-01
5.807094273954050978e-01
7.589239073515514633e-01
7.912448084759123867e-01
7.009562729918413782e-01
4.950042477692129794e-01
7.425896882630521612e-01
6.642411422145777511e-01
5.685590087801579706e-01
7.350532276549511801e-01
7.856003194170453341e-01
7.762584932256957337e-01
7.835620106938341323e-01
5.178993038618343592e-01
7.985970747594797192e-01
7.744775988487099250e-01
7.476838924458873992e-01
6.885315210630582605e-01
7.530694421959518436e-01
6.143890711322356202e-01
7.350304595743795133e-01
6.868031074332658914e-01
6.547224021600223098e-01
7.140724122842825317e-01
4.437786378072243743e-01
