1.604331261069251724e-01
1.651627390282329744e-01
1.594005786473786102e-01
1.623179450348497810e-01
1.652521141697818052e-01
1.517159593839916554e-01
1.488937464104010955e-01
1.595909016425215987e-01
1.570140741885254765e-01
1.566714088183446818e-01
1.578028201724829549e-01
1.549689716695435426e-01
1.636565640632246244e-01
1.602205700133175481e-01
1.633595581330690716e-01
1.653962584532004954e-01
1.597988917413644683e-01
1.617269319429617824e-01
1.646868904170136760e-01
1.523081360517951066e-01
1.619226003896078458e-01
1.483494538244709837e-01
1.616843168584181090e-01
1.648236791622104402e-01
1.655667053410071754e-01
1.562919869808073181e-01
1.608074088813780667e-01
1.655843653994018005e-01
1.614604567212846731e-01
1.584569673507155441e-01
1.600547559639100559e-01
1.626878052899988492e-01
1.585491035052692399e-01
1.630331299783925048e-01
1.566587808663640891e-01
1.646237393516004621e-01
1.592148085516301159e-01
1.642769733066146987e-01
1.637916114324678984e-01
1.630229773801838700e-01
1.655554800322474041e-01
1.655711205954375209e-01
1.627441140303851341e-01
1.621112329535021879e-01
1.635264264519794009e-01
1.644897088191466517e-01
1.573315758638519635e-01
1.584597878821661088e-01
1.627714787379517525e-01
1.618619337083219145e-01
1.659264520026454692e-01
1.615476075414545021e-01
1.628917805304749000e-01
1.653720898577676346e-01
1.635745294842533282e-01
1.571695498941158009e-01
1.647795000821608014e-01
1.603842202365942105e-01
1.636315935651455333e-01
1.621207522117384670e-01
1.503646852830046732e-01
1.637147640285318284e-01
1.595183822524627870e-01
1.579557848074718551e-01
1.482160803971855345e-01
1.652301431749537419e-01
1.605764140123210892e-01
1.575790084921116774e-01
1.583059845390778209e-01
1.499320075522695972e-01
1.527430656018717858e-01
1.612717098065804544e-01
1.648731347830412475e-01
1.608169145140294909e-01
1.591832216057335603e-01
1.514937963391286002e-01
1.515795898881224235e-01
1.650223309259047921e-01
1.510614903287129107e-01
1.603715541812968381e-01
1.641760687519547013e-01
1.606571061615280349e-01
1.657228177952121684e-01
1.649402363292523932e-01
1.636534807086453547e-01
1.614242157637889308e-01
1.614770667385591885e-01
1.631556118159803170e-01
1.621972644841002120e-01
1.658512295949656767e-01
1.569080572820154007e-01
1.654556851461320977e-01
1.626935000887125560e-01
1.530952404590608107e-01
1.619698743114038608e-01
1.641451794543817844e-01
1.602684256133405927e-01
1.612022139699013090e-01
1.658558854170811003e-01
1.647174905825237179e-01
1.658958073368219932e-01
1.507032960347921002e-01
1.464047404772638727e-01
1.590389005403611000e-01
1.588436477045766793e-01
1.588303126788875308e-01
1.560159433879304836e-01
1.615545977696619673e-01
1.626496769993630576e-01
1.654877882444582560e-01
1.645859195692269683e-01
1.619177344835535659e-01
1.659633960706325406e-01
1.612142670374262510e-01
1.650373128193600436e-01
1.611768341876789745e-01
1.633688157753769576e-01
1.612818160987817273e-01
1.572394610072409826e-01
1.642481445225956183e-01
1.660796801172232662e-01
1.623407587641061967e-01
1.598264432885200537e-01
1.592980873446818157e-01
1.647427556376717672e-01
1.612371001671283888e-01
1.635245276478328180e-01
1.552125219230532094e-01
1.597988917413644683e-01
1.649243413876897435e-01
1.612372187626435194e-01
1.536006737288016510e-01
1.601445993198206408e-01
1.591167229175709241e-01
1.637710437386254159e-01
1.481919672674292254e-01
1.619123234040337755e-01
1.532362166911082624e-01
1.644441403644911759e-01
1.626771132128414787e-01
1.652271147686405206e-01
1.623053717033720866e-01
1.661082805447016975e-01
1.631899770882131728e-01
1.509623716463174004e-01
1.658895045859468953e-01
1.611249153677337953e-01
1.648254457974199783e-01
1.603466596119549059e-01
1.631860771001368005e-01
1.558070555106465804e-01
1.604030584579911045e-01
1.589525933367144372e-01
1.612047275021258608e-01
1.656194833105241182e-01
1.651662705341324922e-01
1.502362961855536472e-01
1.580060105828996475e-01
1.458127333855175345e-01
1.626013383869444884e-01
1.530952404590608107e-01
1.636490425307611796e-01
1.538934237110597680e-01
1.583693146572745514e-01
1.650371643172170166e-01
1.659925754139329745e-01
1.606722048287698712e-01
1.656806965773210960e-01
1.598731145800662001e-01
1.647958866339313544e-01
1.606871336973424158e-01
1.652054502105211042e-01
1.628615339930214456e-01
1.632189043998507894e-01
1.544532174970785210e-01
1.542512457322085806e-01
1.659712413123693442e-01
1.585651665628444174e-01
1.651597175455925548e-01
1.543626974751811654e-01
1.561961806101558048e-01
1.646342995660121100e-01
1.637191498859892902e-01
1.486803407658522369e-01
1.589276140904353207e-01
1.480930617063314636e-01
1.464034089184625131e-01
1.645745757042666735e-01
1.654279848605907655e-01
1.584625930725275800e-01
1.556920967288956126e-01
1.648204673918287344e-01
1.635424110426338673e-01
1.522741604486182732e-01
1.628805438372545600e-01
1.575012026288877542e-01
1.612875106862426133e-01
1.520562893403785698e-01
1.600285935035681006e-01
1.652787835938182015e-01
1.625107614838783299e-01
1.602057467830659276e-01
1.599244819581427390e-01
1.624477065538144915e-01
1.604980652553173459e-01
1.615082851680780252e-01
1.585321302326709869e-01
1.628605578827360123e-01
1.609798816857926085e-01
1.601943978204936614e-01
1.501634266188365541e-01
1.660002141768955330e-01
1.593327281576623622e-01
1.621719304827924368e-01
1.621317244104937272e-01
1.645210283692293829e-01
1.645493891937968578e-01
1.610926731213476182e-01
1.647859803626228192e-01
1.618459717476166959e-01
1.648210500344068907e-01
1.576291334496521535e-01
1.600690607373962127e-01
1.579623860782841671e-01
1.581821235834290906e-01
1.602365055379024461e-01
1.644994197097093269e-01
1.579557848074718551e-01
1.574624752474778622e-01
1.651363578307510904e-01
1.543539067388730035e-01
1.632491937098961843e-01
1.608668756757677121e-01
1.654270041139502545e-01
1.604114857602402244e-01
1.653134020881520949e-01
1.562812997161014128e-01
1.655950244254719428e-01
1.629362928914564190e-01
1.534017188575359514e-01
1.525114403921043749e-01
1.641963477225059920e-01
1.580749319864628022e-01
1.632306011812972024e-01
1.651624560687781351e-01
1.613178854027668696e-01
1.652570734580469936e-01
1.579861611729288795e-01
1.605793688353009119e-01
1.581718551974189424e-01
1.577088370466472600e-01
1.508893398467606173e-01
1.618358706403066338e-01
1.645035836131089335e-01
1.583404852723407086e-01
1.598255474452350833e-01
1.543296016219430355e-01
1.640269137350528761e-01
1.540461817365722519e-01
1.559618070377533083e-01
1.641789458565659776e-01
1.591010648161903518e-01
1.524293179315980018e-01
1.567282190374456041e-01
1.651745808381031300e-01
1.631236105575315509e-01
1.599221698361784350e-01
1.603376768083743242e-01
1.625169486969066934e-01
1.566145921222858450e-01
1.460247752181940695e-01
1.654426191822992165e-01
1.613333515008610886e-01
1.580706444370284236e-01
1.639823306720207263e-01
1.658915327000864692e-01
1.568535680285898515e-01
1.605158034613956841e-01
1.631221818461896511e-01
1.623616595968891407e-01
1.513663729951487680e-01
1.628463227505368149e-01
1.648937429478487537e-01
1.641075402556265439e-01
1.630150810400283756e-01
1.623865095429420091e-01
1.653474971155565743e-01
1.646026911544431481e-01
1.495016263003592361e-01
1.514784672707266688e-01
1.628322966292785889e-01
1.626100319194818122e-01
1.657020034587844970e-01
1.602991164803728719e-01
1.606722048287698712e-01
1.645717346746771725e-01
1.632677374701641260e-01
1.425732466722601510e-01
1.624273556730962409e-01
1.623687826964203273e-01
1.643264566311671004e-01
1.581012921101710988e-01
1.443672155419533920e-01
1.580224608823686261e-01
1.653365186853771596e-01
1.654885650507813832e-01
1.654007036368450034e-01
1.620347684609346750e-01
1.625651308643638604e-01
1.636395547935530492e-01
1.452388494283670117e-01
1.617828811667182953e-01
1.546162504034636620e-01
1.566643717257581170e-01
1.640964911620595434e-01
1.486028407896777259e-01
1.660239231914414082e-01
1.591846525441277249e-01
1.487979293936503022e-01
1.537001480198431358e-01
1.641245778364823771e-01
1.462543434174090329e-01
1.593137595955401442e-01
1.533750409634146439e-01
1.613918681719892778e-01
1.546757260237721643e-01
1.646544902871506788e-01
1.544652341752884572e-01
1.650872547455365658e-01
1.644958517058694725e-01
1.518110510399584001e-01
1.641907214837032003e-01
1.641706807345046926e-01
1.630077964929207424e-01
1.644000843819767299e-01
1.623592910914880005e-01
1.584305576732438492e-01
1.602226153877932546e-01
1.612435677125312883e-01
1.626187747655484239e-01
1.602057467830659276e-01
1.600461562996480513e-01
1.634315599365764315e-01
1.594787467152487814e-01
1.644586769157873052e-01
1.519492095432982137e-01
1.659558519778210339e-01
1.621746920026622130e-01
1.647906780324293330e-01
1.583235464865792030e-01
1.529159182569933551e-01
1.516902747302871779e-01
1.528502374264446573e-01
1.540909200688180825e-01
1.606722048287698712e-01
1.616382179066460090e-01
1.658257397917712872e-01
1.639845646407629975e-01
1.620146456449251815e-01
1.532822741649495502e-01
1.648937429478487537e-01
1.623179653283494672e-01
1.631164397536890021e-01
1.625604558234809427e-01
1.600047359682231773e-01
1.619582357904129633e-01
1.614248448688105353e-01
1.657858409209079231e-01
1.638158504881745137e-01
1.655236947725799712e-01
1.641007536438009728e-01
1.606914019844368768e-01
1.543114464587370949e-01
1.592980873446818157e-01
1.657781282501978315e-01
1.639095231637525407e-01
1.445722412182847971e-01
1.647973747119237109e-01
1.612022139699013090e-01
1.649924933063449672e-01
1.518687654749832361e-01
1.645495636792415894e-01
1.575375377831757517e-01
1.644951373239989800e-01
1.624963562955493990e-01
1.612976418399778844e-01
1.596938600073413428e-01
1.658391358352742095e-01
1.660989238157117853e-01
1.657678567479798359e-01
1.568990132747355437e-01
1.651242522501635557e-01
1.636078860503787924e-01
1.622868061987665922e-01
1.659726274901743015e-01
1.611249153677337953e-01
1.619961602503287856e-01
1.595920037451547535e-01
1.590188769601531271e-01
1.559033899985439175e-01
1.515446858311780276e-01
1.658132168116517313e-01
1.632948901437321076e-01
1.650825589816305727e-01
1.535799786327777250e-01
1.571270010043434862e-01
1.643376070991770244e-01
1.607843975600846964e-01
1.622182191983645716e-01
1.583589195549395812e-01
1.513239490789284047e-01
1.620404822347386031e-01
1.587259109531691248e-01
1.642769733066146987e-01
1.659819370913868386e-01
1.536926144948703443e-01
1.618376592086622212e-01
1.539455011347158342e-01
1.634142199943740825e-01
1.565991373144601517e-01
1.643864542234634019e-01
1.511704815865371199e-01
1.602902400206520361e-01
1.650371643172170166e-01
1.607841578820901896e-01
1.630853382923074524e-01
1.553486065435224495e-01
1.659973909872922981e-01
1.654950469759104981e-01
1.466654490312348513e-01
1.652295761202809132e-01
1.644462726026420796e-01
1.651866676518267685e-01
1.656304994415410958e-01
1.599263596602003568e-01
1.585651339691880046e-01
1.634132484841153699e-01
1.560455452797692155e-01
1.659547691443449546e-01
1.650196052974956806e-01
1.649497113025387152e-01
1.613126556791067423e-01
1.605925939136918779e-01
1.624793370314356333e-01
1.646406953764684711e-01
1.499658468813195311e-01
1.641525783309929210e-01
1.625869357545807747e-01
1.592331041225426569e-01
1.574187122603527555e-01
1.660152909540004162e-01
1.613225315791182723e-01
1.588451817940718103e-01
1.591337481669170828e-01
1.581504499604646785e-01
1.537740511772437424e-01
1.631396887201327917e-01
1.513262376624445182e-01
1.653459273086098635e-01
1.639035188679761890e-01
1.645006397950718735e-01
1.640364486461341753e-01
1.602770522150858967e-01
1.556920967288956126e-01
1.516889875786229802e-01
1.617336335549037774e-01
1.557169066490643461e-01
1.522725133667449104e-01
1.531925474692085454e-01
1.574469534919898384e-01
1.646337821291525005e-01
1.585811971390551633e-01
1.645645679061789046e-01
1.619961602503287856e-01
1.622164097104601410e-01
1.534279180836913559e-01
1.650825620733525068e-01
1.566139549372783657e-01
1.650139352656622427e-01
1.564059387729970496e-01
1.582682391686757728e-01
1.618808242771790917e-01
1.589949336949275649e-01
1.637927159753007900e-01
1.606802434207464658e-01
1.653134020881520949e-01
1.592639215755040916e-01
1.594304789498063313e-01
1.604000102930389360e-01
1.477269748231251345e-01
1.595751233590217422e-01
1.618743321726230644e-01
1.583769658111011114e-01
1.600094632657949045e-01
1.575012026288877542e-01
1.641848042443093125e-01
1.660801498008273036e-01
1.647373755083287039e-01
1.646996581128402637e-01
1.646606729906936462e-01
1.594548742358714577e-01
1.538305961250525378e-01
1.644700691368401191e-01
1.536005830451649401e-01
1.640065892638435385e-01
1.634733166625319256e-01
1.622011170546136805e-01
1.520471368706472481e-01
1.654825195270232252e-01
1.550927053135494060e-01
1.563494965150812044e-01
1.521652194079843590e-01
1.657788186955772847e-01
1.606293881787795308e-01
1.638749179439029924e-01
1.585681612399009732e-01
1.624472930684005556e-01
1.659549279109469311e-01
1.489085712737895084e-01
1.631397459198886957e-01
1.518110510399584001e-01
1.646527648443506242e-01
1.641196428384989747e-01
1.501489745099773565e-01
1.591990808618494735e-01
1.593098402123993285e-01
1.500562587149862626e-01
1.554219101939665337e-01
1.628889967292661833e-01
1.651184254416158681e-01
1.527784641978788549e-01
1.589584468112655580e-01
1.455080413661437866e-01
1.650394196285839832e-01
1.601111349553032415e-01
1.637670817087163444e-01
1.611456512534859553e-01
1.603850044702271327e-01
1.648941686124174022e-01
1.632966916541583324e-01
1.640835147194108223e-01
1.577918390660052739e-01
1.621415211069888174e-01
1.661298621374593110e-01
1.562760328158899759e-01
1.633055683198825492e-01
1.632976236303706474e-01
1.643421803468251841e-01
1.606722048287698712e-01
1.555923155350361631e-01
1.640835147194108223e-01
1.607545177602994202e-01
1.599291357223509291e-01
1.568507641906781991e-01
1.501440860688721401e-01
1.517806184695326688e-01
1.660991256692111451e-01
1.656133767776429566e-01
1.588209192678183002e-01
1.650587772846332790e-01
1.572059633700799985e-01
1.554550757389703552e-01
1.656042921339959118e-01
1.603499726337783704e-01
1.481876915098778724e-01
1.588894055457535925e-01
1.628889967292661833e-01
1.616809838606844130e-01
1.464383617317567832e-01
1.660553945062643866e-01
1.624038407375987259e-01
1.575100058600604758e-01
1.564436430406515588e-01
1.618459717476166959e-01
1.546072003404752315e-01
1.606467688893599699e-01
1.508660416139866456e-01
1.639915123017257892e-01
1.588950042372314631e-01
1.629726736248965357e-01
1.507844555244249873e-01
1.537375828942815215e-01
1.542512457322085806e-01
1.528653679158787360e-01
1.518566009225232882e-01
1.576722834107220361e-01
1.629081175332516285e-01
1.644588612519915505e-01
1.644563555320269488e-01
1.640746714542937468e-01
1.644741836647729827e-01
1.603781464030650250e-01
1.604122625687265380e-01
1.624850695051657246e-01
1.638132987531533136e-01
1.514062644332866137e-01
1.573155426804575541e-01
1.636711239255225492e-01
1.636717856065673937e-01
1.631362465763985525e-01
1.577170753493622735e-01
1.636519898708556076e-01
1.657691209733822002e-01
1.642485258746526067e-01
1.596510150965163022e-01
1.648337571744539487e-01
1.652904682224076716e-01
1.648803152670635652e-01
1.497831856517233828e-01
1.630366941373556644e-01
1.531202038647923869e-01
1.646308814263820475e-01
1.546162504034636620e-01
1.618227167817871959e-01
1.619549436988850510e-01
1.589784181448012090e-01
1.649097089622043322e-01
1.644897750778211154e-01
1.555179094783821492e-01
1.613525807853576910e-01
1.504461640804260203e-01
1.648107855376656217e-01
1.615960323420633782e-01
1.620610924201497383e-01
1.630209557346895821e-01
1.641141422784965220e-01
1.644434478326912141e-01
1.596666092539727466e-01
1.495718825103078131e-01
1.611456512534859553e-01
1.609285765517776967e-01
1.595809946956422976e-01
1.591200421662518627e-01
1.448845498861536796e-01
1.594737033896620748e-01
1.656171956859690819e-01
1.637096698486607826e-01
1.644839938331054408e-01
1.645324414241788047e-01
1.652754521969825863e-01
1.658640002568210758e-01
1.653047320376899720e-01
1.633403737750666052e-01
1.660864731437926012e-01
1.629160261956224542e-01
1.554033929702721417e-01
1.483138543566731582e-01
1.600541470150538270e-01
1.542620360937808632e-01
1.494760578344981328e-01
1.636637028239029401e-01
1.638913053035183642e-01
1.582128022658879085e-01
1.613586406243431026e-01
1.657804807213804354e-01
1.576066780591331429e-01
1.480930617063314636e-01
1.539481376970588122e-01
1.629870255059716055e-01
1.571084058736097744e-01
1.612260465568415013e-01
1.650364934677135409e-01
1.649411969912848996e-01
1.644935240108192087e-01
1.633601296335486786e-01
1.655822388756006402e-01
1.641848042443093125e-01
1.659115722425982542e-01
1.561055618425475078e-01
1.623592910914880005e-01
1.592580226786481368e-01
1.635688699638805366e-01
1.454158043353900864e-01
1.583030708498512351e-01
1.657423070462623327e-01
1.595775488434067191e-01
1.624935159671798135e-01
1.628530169410789263e-01
1.424714374994038024e-01
1.590013130035945188e-01
1.575987913650193084e-01
1.660297779601327406e-01
1.608590762156654197e-01
1.580706444370284236e-01
1.639823306720207263e-01
1.636490425307611796e-01
1.654692988697794576e-01
1.573735381039747250e-01
1.590157074501316881e-01
1.569253184826848169e-01
1.613942853395210764e-01
1.653467825589733931e-01
1.587692417417926050e-01
1.483796106748971888e-01
1.635275942300684071e-01
1.608219441791607363e-01
1.600952744238631764e-01
1.632572054920559956e-01
1.659433046029883674e-01
1.625574998357718348e-01
1.525786686887460608e-01
1.618459717476166959e-01
1.631899958139243212e-01
1.596741125304051157e-01
1.657236263088808503e-01
1.649127805660569046e-01
1.555114109718553073e-01
1.485834349416751410e-01
1.598302805673652016e-01
1.648805198907034864e-01
1.623451436225183675e-01
1.645867232552760406e-01
1.604347201594538974e-01
1.618734577026124666e-01
1.626691323465554728e-01
1.581069922894547675e-01
1.641075402556265439e-01
1.524724600252771733e-01
1.640108925391553785e-01
1.564519019935102506e-01
1.611203243448692535e-01
1.649615800712271874e-01
1.610412553164574934e-01
1.541482349613781389e-01
1.637216225230511413e-01
1.558981037885336096e-01
1.604623789950071211e-01
1.658257397917712872e-01
1.646497885227768410e-01
1.645100794326470606e-01
1.533693323070255410e-01
1.650707633067245439e-01
1.611084220653939969e-01
1.654065176221072853e-01
1.574234256110896291e-01
1.644051445439360104e-01
1.595813599601585697e-01
1.613984302989218411e-01
1.617980393996419353e-01
1.570107305533537112e-01
1.588935907816677873e-01
1.634546868605296632e-01
1.533693323070255410e-01
1.585318054541464960e-01
1.509215218452972240e-01
1.495718825103078131e-01
1.656733253860984412e-01
1.588471641269594559e-01
1.632981671236292398e-01
1.472500655640591738e-01
1.610279797890016018e-01
1.650707633067245439e-01
1.655026012512285094e-01
1.520998364613992959e-01
1.656742397240525133e-01
1.648036918761160707e-01
1.660975930812710888e-01
1.521666767864898184e-01
1.629460219188785253e-01
1.653674023191516740e-01
1.596503284960516522e-01
1.622703911338340410e-01
1.633747083951433421e-01
1.648389899093694877e-01
1.611746943170337953e-01
1.581915158764810869e-01
1.620982151027369200e-01
1.627735184967342430e-01
1.535085249654994932e-01
1.645969226563006871e-01
1.586329341955674543e-01
1.625282907750964789e-01
1.621193498700917168e-01
1.623609107328191914e-01
1.642182156261498827e-01
1.592184957417003000e-01
1.582830914682207546e-01
1.587061030196240952e-01
1.657325861778050913e-01
1.618880568292642430e-01
1.653641351304688534e-01
1.647563737312463528e-01
1.469749696609385370e-01
1.604980652553173459e-01
1.484463134431214248e-01
1.569893992066555000e-01
1.633132827069811721e-01
1.632825524943268269e-01
1.660504548591561769e-01
1.533365021395865502e-01
1.619390029559494015e-01
1.579405321819942476e-01
1.657135540678655317e-01
1.499560416741327618e-01
1.609967146036542229e-01
1.569354280427586179e-01
1.611779935566576560e-01
1.574362066104665336e-01
1.563624059295294910e-01
1.611537745495440765e-01
1.615569808157962250e-01
1.622030083680443546e-01
1.576334526398092128e-01
1.548846858427977979e-01
1.592631883497424294e-01
1.604213599979263938e-01
1.598105710331997886e-01
1.592656813014232953e-01
1.649299220967955781e-01
1.648968059868158031e-01
1.638749179439029924e-01
1.630206011965840140e-01
1.611177536965636148e-01
1.639555605087586188e-01
1.527209489902915940e-01
1.616056547738345395e-01
1.568507641906781991e-01
1.660191881520719781e-01
1.597946444953340650e-01
1.624780013465595419e-01
1.646299110363434459e-01
1.524426481080581042e-01
1.640878893753782708e-01
1.549049921505782357e-01
1.638257309897316882e-01
1.606722048287698712e-01
1.592639215755040916e-01
1.547233123423947254e-01
1.618704849697887860e-01
1.661197639895870548e-01
1.476772343410850952e-01
1.655554800322474041e-01
1.631503651419274059e-01
1.542282974390735140e-01
1.645335027368213798e-01
1.521407431272810140e-01
1.563312801195380630e-01
1.593786713658492393e-01
1.600347567490116307e-01
1.534603423405566380e-01
1.652429454595845115e-01
1.605271008252230902e-01
1.592531427892293350e-01
1.544263431529328823e-01
1.562478022079589746e-01
1.522584157616855005e-01
1.404834736233326609e-01
1.618437468490291353e-01
1.643545291289572885e-01
1.639656583001551926e-01
1.584754094642661371e-01
1.659548152231352658e-01
1.605407356380690320e-01
1.509215218452972240e-01
1.645153757300931996e-01
1.508913923349533837e-01
1.597139989862702836e-01
1.546908836227063599e-01
1.589300824326316808e-01
1.595409349015567968e-01
1.653674978782625760e-01
1.624480079936579113e-01
1.643101747393246881e-01
1.615093324794309726e-01
1.461157332374710405e-01
1.552262808482658962e-01
1.570956555078960870e-01
1.620685405494578790e-01
1.610547881795474923e-01
1.640194763473591943e-01
1.592580226786481368e-01
1.650707633067245439e-01
1.475706504263012697e-01
1.649402363292523932e-01
1.656975327859972758e-01
1.651759915837704984e-01
1.615478942308651855e-01
1.625913928603049674e-01
1.657411602083827540e-01
1.548239576534978235e-01
1.566588523480633155e-01
1.541786165990384483e-01
1.637502109150913154e-01
1.586553918237833261e-01
1.487979293936503022e-01
1.612886492071884947e-01
1.563343631214431650e-01
1.643271532411663960e-01
1.616332237266782101e-01
1.564104195207972059e-01
1.638001366342719256e-01
1.656493022793520675e-01
1.623438211090841021e-01
1.652589421614555909e-01
1.558448835988187342e-01
1.640799373383860504e-01
1.568026093990999847e-01
1.592028151856204332e-01
1.502597395963731486e-01
1.560179933013894349e-01
1.563445321797720111e-01
1.606677071586807004e-01
1.573564090109881020e-01
1.610875886035037785e-01
1.650949865727970589e-01
1.655512083980579530e-01
1.526052173096572595e-01
1.613168049156603612e-01
1.647304118008814655e-01
1.594857435561111703e-01
1.521652194079843590e-01
1.619333551093983525e-01
1.601275118398619302e-01
1.615306301499144226e-01
1.659003809619084557e-01
1.507318667783734134e-01
1.599544382126637243e-01
1.600285935035681006e-01
1.597306197867880972e-01
1.623784620223048536e-01
1.483494538244709837e-01
1.591331873928771012e-01
1.615134790896970429e-01
1.637597302067945182e-01
1.656171956859690819e-01
1.653358290226172589e-01
1.612548202745245352e-01
1.594857435561111703e-01
1.628547830362924442e-01
1.603504998925761038e-01
1.645239378318705259e-01
1.638752244174788986e-01
1.647226214475846495e-01
1.620067714913286383e-01
1.632827097442115794e-01
1.640254815711671976e-01
1.656422460746104497e-01
1.567054680967901736e-01
1.466837165751811445e-01
1.613609054030724910e-01
1.622509894602656433e-01
1.483748237427876815e-01
1.606745991642676008e-01
1.559754393850836252e-01
1.624850695051657246e-01
1.660161890797198225e-01
1.644358705199762682e-01
1.607348010641239666e-01
1.645100219569657352e-01
1.589079824145245012e-01
1.641839514913134290e-01
1.632733818319813679e-01
1.597961191927837477e-01
1.531745765911610713e-01
1.617597846601661893e-01
1.644604294044443304e-01
1.570075428877304169e-01
1.643866225049314400e-01
1.511580668833397700e-01
1.564731892979048800e-01
1.656956467035611280e-01
1.512308589442316331e-01
1.622051045700925176e-01
1.644139298794156934e-01
1.611358763082700596e-01
1.467531490075331124e-01
1.634123149766716909e-01
1.632855058637988077e-01
1.605340936906239080e-01
1.581355931799774406e-01
1.653641351304688534e-01
1.604427221246530755e-01
1.571643577086520027e-01
1.575731243049854624e-01
1.573213905276079350e-01
1.622204949742516444e-01
1.561282502467033484e-01
1.654902050497885635e-01
1.475383133310426143e-01
1.657611793296661362e-01
1.656317753011553318e-01
1.590166324892077210e-01
1.564365530203072618e-01
1.599709633221202687e-01
1.604230254969013503e-01
1.633179831455454645e-01
1.636613723545283783e-01
1.522024194264057495e-01
1.589956631071737791e-01
1.621841764671159980e-01
1.650529437565317337e-01
1.655554800322474041e-01
1.555439167465042793e-01
1.487522821151462671e-01
1.644118372236635928e-01
1.623149433875318848e-01
1.646344955648257335e-01
1.649061769436584446e-01
1.557304094690244445e-01
1.622723635052674418e-01
