2.294365145661552585e+00
1.494051874973127747e+00
2.298479205799325964e+00
1.615276949554115493e+00
2.174709809263261295e+00
2.100308578879293009e+00
1.919920158904715013e+00
1.623002882455609308e+00
2.054314606069401972e+00
2.228272937162051104e+00
2.295209556738531553e+00
2.246429095708312840e+00
2.133735093161903684e+00
2.255006363907767764e+00
1.418039656107904722e+00
2.166461109745005498e+00
2.282311132076017657e+00
2.159792778411376180e+00
2.198746835033419167e+00
2.266371009976899220e+00
1.604403640621887783e+00
1.236909256782126931e+00
2.337219250474101173e+00
2.179490798474246205e+00
2.347761331605639157e+00
2.284634771952744003e+00
2.246281531809104504e+00
2.346988939012260023e+00
2.034862361094515570e+00
2.250713181242119276e+00
1.867572821199603883e+00
2.046673383737387386e+00
2.252014961688588723e+00
2.233983353720456755e+00
2.322549386502832380e+00
1.706236951165337246e+00
2.282311132076017657e+00
1.828244793775374744e+00
2.146305813661639750e+00
1.539439801096798233e+00
2.214397740760436495e+00
2.200167210404712304e+00
1.635608789186302925e+00
1.729826600502325062e+00
1.822236415029148349e+00
2.048627519934993479e+00
2.158173842703040801e+00
2.143456982016711976e+00
2.211646577224058330e+00
1.925662510403391314e+00
2.089248995605493153e+00
2.359814463355279113e+00
1.765480378448130550e+00
1.470134540308889903e+00
2.176534919518562816e+00
1.711649086243758111e+00
2.141286221331082373e+00
2.045647808462508266e+00
1.837462510048947228e+00
1.861646154503846518e+00
2.356930630612767086e+00
1.804263654097965519e+00
2.105242474990906665e+00
2.260216683828209394e+00
2.084632412467820828e+00
2.326707519392514190e+00
2.161136943670919575e+00
2.364126817986791362e+00
2.151630951144782866e+00
1.330010060756435575e+00
1.676301691686244322e+00
2.244173212168646181e+00
2.303246509983976509e+00
2.279304140767585807e+00
1.637322303100240628e+00
2.064653315079648443e+00
1.934691828497665078e+00
2.373254182908953069e+00
1.925727083342872570e+00
2.065773445196471325e+00
2.338953199464610666e+00
2.034733904547371353e+00
2.126842723723513462e+00
2.051609525361089315e+00
2.250138137000513794e+00
1.845915209232348753e+00
2.035856477062284675e+00
2.072148774834194906e+00
2.354816018339040973e+00
1.997725129105524466e+00
2.357734731089250246e+00
2.011063970500262421e+00
1.616322990243359348e+00
1.515772540975821370e+00
1.750342962689980020e+00
2.339419441894935225e+00
1.950598918181756236e+00
1.477868197739084621e+00
2.186697559859901219e+00
2.312878334518514656e+00
2.126984608886324679e+00
1.947842162486309148e+00
2.318462645048224413e+00
2.052346328261181796e+00
2.330345403835001772e+00
1.948111721089674786e+00
2.335827453843427826e+00
1.833315567084468078e+00
2.061468183263970744e+00
2.239617963897928998e+00
2.328384302080634516e+00
2.047682752124219796e+00
1.448154798926014841e+00
2.035827180360426869e+00
2.293678066856851494e+00
1.819855926938279689e+00
2.356589419836510491e+00
1.753548391047377475e+00
2.266625409459138041e+00
1.359040351034732641e+00
2.266468061988351046e+00
2.217495794941620080e+00
2.368236033978447175e+00
1.967215942924085859e+00
2.074494301983794919e+00
2.058761683235746265e+00
2.273764210771000105e+00
1.675304084315197395e+00
2.170276713911645228e+00
2.078861044985984119e+00
2.214397740760436495e+00
1.848761953471740549e+00
1.741590777385005229e+00
1.914597495857972342e+00
2.048065677245279659e+00
1.847539452458084597e+00
2.178459777915400686e+00
1.663540819151617223e+00
2.126279917525833341e+00
1.738305014520110214e+00
1.714480284778744146e+00
2.046902330533278747e+00
2.208647925848256310e+00
2.339317657970752862e+00
2.350594826804242476e+00
2.180605856113640773e+00
2.130478405022053323e+00
2.062836951187069445e+00
1.974547185187427223e+00
2.317723016633165933e+00
1.981442350661589691e+00
2.142358474141154989e+00
2.365472756141562272e+00
2.219595812616018904e+00
1.365297327459193077e+00
2.248122887964107086e+00
1.993974991910715033e+00
2.080908854207649039e+00
2.073282768956253186e+00
2.283202155298732272e+00
1.713773405163166341e+00
2.129425952060821636e+00
2.287074967401774739e+00
2.054080536678286606e+00
1.988496076314187899e+00
2.026625819154857844e+00
2.284164445149454270e+00
1.295081675030791857e+00
2.274104206579603105e+00
2.354024771800300453e+00
1.651862150274264085e+00
1.780965260678416762e+00
2.154617520682003295e+00
2.159852124310969401e+00
2.137029771222603181e+00
2.069126740590353730e+00
2.358711414913382765e+00
1.526268217166470764e+00
2.155173501191013585e+00
1.976284161190519528e+00
2.048117112260749106e+00
2.152838837235816705e+00
2.047049764596664545e+00
1.850916681350656345e+00
1.948111721089674786e+00
1.973555391785271285e+00
2.141286221331082373e+00
2.374103926052172575e+00
2.234778817233695758e+00
2.129731149744054086e+00
2.283049510532451531e+00
2.067079016371284883e+00
2.260239852689072126e+00
2.208425513549559405e+00
2.253522753680921920e+00
2.354509288666941202e+00
2.206209701761166375e+00
2.067653053381079520e+00
2.255549530967898342e+00
2.246281531809104504e+00
2.365711991845136364e+00
2.314141976245652543e+00
2.268664160127363605e+00
1.991955327179718127e+00
2.318874189108208750e+00
2.362331692007793915e+00
2.155228047161569904e+00
2.255594034644892165e+00
2.273208763636993979e+00
2.050472691431581396e+00
2.110004322291702650e+00
2.296555547129614627e+00
2.369163721878696727e+00
1.898722784656045937e+00
1.401262424017660768e+00
2.183836287585408265e+00
2.296017895159350175e+00
1.423307144689050840e+00
2.247168113321675431e+00
2.292143151488136521e+00
2.134759603106966885e+00
2.365243250684961218e+00
1.724129356552189574e+00
2.300451003566380770e+00
2.321030864022608942e+00
2.026512506525336210e+00
1.632176126128267679e+00
1.401750962184950211e+00
2.228351287570935479e+00
2.174818113647110085e+00
2.035003315672093027e+00
1.316479706546148210e+00
1.877109609255305678e+00
2.247935940593506654e+00
1.676570126994608723e+00
2.143456982016711976e+00
2.112019648022979812e+00
2.373708924154115163e+00
2.135961623687076205e+00
2.320205486456701660e+00
2.277428724593868470e+00
1.939031129510482288e+00
2.309176198240927125e+00
1.453125457439047974e+00
2.145416635351125034e+00
2.094271478060732772e+00
1.717453441790519619e+00
2.151335380560059463e+00
2.216158226830639233e+00
1.946108927227845120e+00
2.085503471938570108e+00
1.955126365992422510e+00
2.180436013762718783e+00
2.333414181007171351e+00
2.071293298980539710e+00
2.220480843647131941e+00
2.290753302715328399e+00
1.767081691969583090e+00
1.472259185245788471e+00
2.088602748360505856e+00
2.200443468737423913e+00
2.294037783014076570e+00
2.323641573270364802e+00
2.197837304224141253e+00
1.453125457439047974e+00
1.579799724127614269e+00
2.230981106602689668e+00
2.173888819077754775e+00
2.016572500879469931e+00
2.201550976788845926e+00
1.985551080855497252e+00
2.324287275756090843e+00
2.219796447868608968e+00
2.075390300043988390e+00
1.656858095584398338e+00
2.293073849294430921e+00
1.665154193711031461e+00
2.084067825338950186e+00
1.801322604898196733e+00
1.679463442266346807e+00
1.693193561774027023e+00
1.855591589558345023e+00
2.156123662937179830e+00
2.177065731370045221e+00
1.967099015425735731e+00
2.248631330152768282e+00
2.206618356387626267e+00
2.014811216285280260e+00
2.310771416961384439e+00
1.970773716239370366e+00
1.721834014817666958e+00
2.070115975700252520e+00
2.370095102346687188e+00
1.809612089542172120e+00
2.363091831939037046e+00
1.520708276909108259e+00
2.160482532368832143e+00
2.271195242911921319e+00
2.003838102254316578e+00
2.348809470861914495e+00
2.268903928444151230e+00
2.124502245075882367e+00
2.308722863436413419e+00
1.585365491819228589e+00
2.328170714431365695e+00
2.136824343839122342e+00
2.332479519375830979e+00
2.056768817147100581e+00
2.256848573028673144e+00
1.803808659675229409e+00
2.236708208486558824e+00
1.686638887508827622e+00
2.359180595564572158e+00
1.858443287589039095e+00
1.823875819611189941e+00
1.122112809910978726e+00
2.137332054158170180e+00
1.227521523349188959e+00
1.705051132163602379e+00
1.938234920549692708e+00
2.039718373150822384e+00
1.912981383977830019e+00
1.798191291086085997e+00
1.510699520595888190e+00
2.064653315079648443e+00
2.327143159604195155e+00
2.005604608163026992e+00
2.287701227226693224e+00
2.101744071917539536e+00
1.898777695831695311e+00
2.362683761775469904e+00
1.627825861197703672e+00
1.977242038093346421e+00
2.054650714505572573e+00
2.094229368956491033e+00
2.355232883594462034e+00
1.844078875590870137e+00
2.024298442941146803e+00
2.193094782704256396e+00
2.364898952761491646e+00
2.271957215298726851e+00
2.215502383488714866e+00
1.968884440980680717e+00
2.341838405495731301e+00
2.061034610900272401e+00
2.291080036863764491e+00
2.378339304763166240e+00
2.274628111316800094e+00
1.626290169413688425e+00
1.978157659408142033e+00
2.211216756631129599e+00
2.253241049932432460e+00
2.274546722375864860e+00
1.678934059133309953e+00
2.195500892060111564e+00
1.905693282611775174e+00
2.376288697907064762e+00
2.050516362361913369e+00
2.194729868539138540e+00
2.187486337665903058e+00
2.339972166842394508e+00
2.282112855808868357e+00
1.607957648519362071e+00
2.319685172473011647e+00
1.914945761378231470e+00
2.305879280414457444e+00
2.023906293917126398e+00
2.258678071866252246e+00
1.933873860049114990e+00
2.191268562042285595e+00
1.931668035169456843e+00
2.138036186628451851e+00
1.749252171829775326e+00
2.372411085536362041e+00
1.868089386603482671e+00
2.041186305792483502e+00
1.970856237868090499e+00
2.241812195178107814e+00
1.445719481502724779e+00
1.916451181992446351e+00
2.236242975889458862e+00
1.926234530388964528e+00
2.111140669871795161e+00
2.037581251805883120e+00
1.742455195792377509e+00
1.766945385769512988e+00
2.336103519139232532e+00
1.936438163665356482e+00
1.879598462717163798e+00
2.292241133318502655e+00
1.960238114670064480e+00
1.990601692370427944e+00
2.307751535309213509e+00
1.645209707282131006e+00
2.335270420890601883e+00
2.243567602339544109e+00
2.210836580454212719e+00
2.248554283948923871e+00
1.595680949926256531e+00
1.562002807639634394e+00
2.110481200372841926e+00
1.927860416025118262e+00
2.061971143802314277e+00
2.298720626010521961e+00
2.187736353468983541e+00
1.768507788890890220e+00
2.221178306526375490e+00
1.684263482475499840e+00
1.944723257216772305e+00
2.121239571162501392e+00
2.267515165854691261e+00
2.239362461072407218e+00
2.330729490579165120e+00
1.699748833160539707e+00
1.997909703391977487e+00
2.347790916696751662e+00
2.071131038615919184e+00
2.111394381053825153e+00
2.331756712274731580e+00
2.275359996708885557e+00
2.284042941928383197e+00
2.039715321943134985e+00
2.114388870499763762e+00
2.152913234208118087e+00
2.369060737814919104e+00
2.141218253468506028e+00
2.039614795117997925e+00
2.217790432949501067e+00
2.336129946506428023e+00
1.893250063796563021e+00
2.037506995565322221e+00
2.324263576845884138e+00
2.226652798179264536e+00
2.368351553732201076e+00
2.200359159868102488e+00
2.376567478678044409e+00
1.659545415795129930e+00
2.340265925927787372e+00
2.272011801058120728e+00
1.907059061009049428e+00
2.368586090531198174e+00
1.648920450834181040e+00
2.167974077483470374e+00
2.270083976184515517e+00
2.142621450141925177e+00
2.008881269754410503e+00
2.137375178183885005e+00
1.033454981003206319e+00
2.204487569286587068e+00
1.994239571020028245e+00
2.115363832955579948e+00
2.327288304953390785e+00
2.006812759029732440e+00
2.143049994970979810e+00
1.717331841067785358e+00
1.609009248799345260e+00
2.104364104699972149e+00
2.314433622062410656e+00
2.372487608378078594e+00
2.367313091653798551e+00
2.314923356270514265e+00
2.261598173176790016e+00
2.142621450141925177e+00
1.817146151687170752e+00
2.373201136085185681e+00
2.003298558094477766e+00
2.114043804512934166e+00
2.321262394390678274e+00
2.349514316248797918e+00
2.300564618724302957e+00
1.651815738045173010e+00
2.368952360205038410e+00
1.629652196126353703e+00
2.367422736378043346e+00
2.160279165089889819e+00
2.281744006861182061e+00
1.994877606964658767e+00
1.205692353773688996e+00
1.804865243033746181e+00
2.040186062676462075e+00
2.367006679537047020e+00
2.086896254849246901e+00
1.625404441940808908e+00
2.261273914760394632e+00
2.068455308186141650e+00
1.603734076437493883e+00
2.266220265277682611e+00
2.314347263737757565e+00
2.279181849477447841e+00
2.315153275228245988e+00
2.270166652963702791e+00
2.141346129599672299e+00
2.093930256545304402e+00
2.124675356900454393e+00
1.425871084455802906e+00
2.301450409050604939e+00
2.349098348297697925e+00
2.332265201699879054e+00
1.632785294246350105e+00
1.888534931994626520e+00
2.178502650405567120e+00
1.982401165981998004e+00
2.230501195064364950e+00
1.784304911705277163e+00
2.348389456943605680e+00
2.288182304448493909e+00
1.657114959488164008e+00
1.938461491836283246e+00
1.841082960284860182e+00
2.158376160229801055e+00
2.247754683738462322e+00
2.123239632977945046e+00
1.961465917983729268e+00
1.951541635594489010e+00
2.021855244775859983e+00
2.357534728586772488e+00
2.288672440791005513e+00
1.816103078732271836e+00
1.863466002526531273e+00
1.497275510621555616e+00
2.349172852748182105e+00
1.602549447225659618e+00
2.162895960730379041e+00
1.990968640461912464e+00
2.226948467646955532e+00
1.720448076547888450e+00
1.695870358122688382e+00
2.124410753187297107e+00
2.222171350333611350e+00
2.196271585029932805e+00
2.207579269948926282e+00
2.367533159505022855e+00
2.311930732516016107e+00
2.235976399595810182e+00
2.103612073812711536e+00
2.177951137799403636e+00
2.197878559453312342e+00
1.858257301023369390e+00
1.825544004535522458e+00
1.742541899639243663e+00
2.167604695417475913e+00
2.054352854100045533e+00
2.309427275321721318e+00
2.217015916516288598e+00
2.346785867265900549e+00
1.972830338976683917e+00
1.723374084761686298e+00
1.967748307248001538e+00
1.939178044301220316e+00
2.008881269754410503e+00
1.858142874536281131e+00
1.877109609255305678e+00
2.200359159868102488e+00
1.562363696769496713e+00
1.538383870741468984e+00
2.175136787856285725e+00
2.149720191832269478e+00
2.340859313065171143e+00
2.335302242081728430e+00
2.176079115783960294e+00
1.962806761909742681e+00
2.274068107918455262e+00
2.377344099504221653e+00
1.900400722154299782e+00
1.910216050662070231e+00
2.154062835692602818e+00
1.815216269143325567e+00
2.243201739120310290e+00
2.141890902731271584e+00
2.317231959889439530e+00
1.413545405310122627e+00
1.805749683212935608e+00
2.242613408675946385e+00
1.106621317428322149e+00
2.051172328808500644e+00
2.277063673331227722e+00
1.964557597034576997e+00
2.185077541613356988e+00
2.292968557887351100e+00
2.331491245976087257e+00
2.046349727491746595e+00
2.100973702705639656e+00
2.177016398188728719e+00
1.980536046096483593e+00
2.269491837979828119e+00
2.247162943565680138e+00
1.964494985189852327e+00
2.291194476463414453e+00
2.308511304297237388e+00
2.248554283948923871e+00
1.350386809508993924e+00
2.307295473823984366e+00
2.160904368387157160e+00
1.922120177308923372e+00
2.131227455936127502e+00
2.268738553318263129e+00
2.342429445927566523e+00
1.867374590730939143e+00
1.305827564608661451e+00
1.761952736290751886e+00
1.880431581635870542e+00
2.229294315713443275e+00
2.144774613619414794e+00
6.369978799696525140e-01
1.727512560729836943e+00
2.230008222525033279e+00
2.338505912707484313e+00
2.159792778411376180e+00
2.324720736796580756e+00
2.340879801225039802e+00
2.190828952239264105e+00
1.916538508401618657e+00
2.191537771079687946e+00
2.215739559707655904e+00
1.815216269143325567e+00
1.515131091176846301e+00
2.320920679840774881e+00
1.845547710913130857e+00
2.265601146268884314e+00
1.549876005422956560e+00
1.987614852327163506e+00
2.360772330626335513e+00
1.878637626282053441e+00
2.264844907813726493e+00
2.292025810235087224e+00
2.222882844341811825e+00
2.142621450141925177e+00
1.992449429076203815e+00
1.975664397966917951e+00
2.353222734158931573e+00
1.660489167630118779e+00
2.100718090755048006e+00
2.059929614697549649e+00
2.020630091557947150e+00
2.092623901079996074e+00
2.081438398672498913e+00
2.089850238583894626e+00
1.829842421326240087e+00
2.283243194489924299e+00
2.042910402970378847e+00
2.360782506085899790e+00
2.310145230125139282e+00
2.335432727345013504e+00
2.049095350663927562e+00
1.805995193459757786e+00
2.077538240223117505e+00
1.733725390752281603e+00
1.603676073047597406e+00
1.976829445643374150e+00
2.353746050291724234e+00
2.295100261671405573e+00
1.522752214542722582e+00
2.258120157707962594e+00
2.186459514751572630e+00
2.003481302805591557e+00
2.288553119819459081e+00
2.045098244703066559e+00
2.319330247589756588e+00
2.005622295689615697e+00
1.595208311482071206e+00
2.101731530434693074e+00
2.082752866387378887e+00
2.038373182127680927e+00
1.465901624067403652e+00
2.358339541173450460e+00
2.163053618227407160e+00
1.919339594341600730e+00
2.163259818234983811e+00
2.003175325424339626e+00
1.339827765442225038e+00
2.277702138450008018e+00
2.214268552008029634e+00
2.363277833902997394e+00
2.222362302893578168e+00
1.600156644842434916e+00
2.096191245553218785e+00
2.038948944450125200e+00
1.955896962550546014e+00
2.144776022304386576e+00
2.167749571712723533e+00
2.307833446517857823e+00
1.021586697133284538e+00
2.286981571561964799e+00
2.282478869357121187e+00
2.117622101866763806e+00
2.163259818234983811e+00
1.397475806029567114e+00
2.266521572087115466e+00
2.101631423831195278e+00
2.262745564879603766e+00
2.162869795275300433e+00
2.316449678083886354e+00
2.229294315713443275e+00
2.374644175202815788e+00
2.019105868782852919e+00
2.271744758427546529e+00
2.293678066856851494e+00
2.335827453843427826e+00
2.338770313887949648e+00
2.264540490587041432e+00
2.233573849252278531e+00
2.376567478678044409e+00
2.182575786769234139e+00
2.318374681432525009e+00
2.261699792749328086e+00
2.089850238583894626e+00
2.355816680953566333e+00
1.904059251974841160e+00
2.120129659559754298e+00
2.019864839783485078e+00
1.672150674724162789e+00
2.304294831401957122e+00
2.235456801881191335e+00
2.310895002612123772e+00
2.373305193274544145e+00
2.378195722755180874e+00
1.731550377239140737e+00
2.270634972618188030e+00
6.330107165878179343e-01
2.014729138582116885e+00
1.743394802969061796e+00
1.835363026996532643e+00
1.714480284778744146e+00
2.201936108924285929e+00
2.367006679537047020e+00
1.915158817697299121e+00
2.213386829500980202e+00
1.865217777854758285e+00
2.284164445149454270e+00
2.012885538470636337e+00
1.816113444645976349e+00
2.115423978672130723e+00
2.336123231015462043e+00
2.368259518802463770e+00
2.088449278390893671e+00
2.126024542385584137e+00
2.359237212522508731e+00
2.234314434081901446e+00
2.359069964089016036e+00
2.115585719469614823e+00
2.225700498428875740e+00
1.751955656364783120e+00
2.324524856293709973e+00
2.347635979962328978e+00
2.172995136530334825e+00
2.135454264514648592e+00
1.582913824821303717e+00
1.964064223306636769e+00
2.258427628627833528e+00
2.157631570804740218e+00
2.293183261014856811e+00
2.096211810873430892e+00
2.378122421373532802e+00
2.056363186907595786e+00
2.179418410024224428e+00
1.866817951026695122e+00
1.739584506140051889e+00
2.141316343526479482e+00
2.105668963517022263e+00
8.802444249857765968e-01
2.207300594210173106e+00
1.960166282208993804e+00
1.965639291498381569e+00
2.293129650666782204e+00
2.328987586691628309e+00
2.288412326886312353e+00
2.289315138617970202e+00
2.247429843966946006e+00
2.309240513696944497e+00
2.206043629759822267e+00
1.478108731774698370e+00
1.545716618389812114e+00
2.274068107918455262e+00
2.162914922504535653e+00
1.972765049142386928e+00
1.445725067344982628e+00
2.287551913692507544e+00
2.021855244775859983e+00
2.125772665153906615e+00
2.271898028090647781e+00
2.096594811015575210e+00
2.354837815917477872e+00
1.970619200441365182e+00
2.263708969649756764e+00
2.106458251007832683e+00
2.161045805709753242e+00
2.359076490106134738e+00
2.044305083162355263e+00
2.362331692007793915e+00
2.170276713911645228e+00
1.999607659763158907e+00
1.832183727498329029e+00
1.822383540913666167e+00
2.364432425488907530e+00
2.254814541286581431e+00
1.932429302065152399e+00
1.683574285374769719e+00
1.665430188793585176e+00
2.321878100500733400e+00
2.259528884010198801e+00
2.171188598897940025e+00
2.162539784665585607e+00
2.287074967401774739e+00
2.232202666844167460e+00
2.358765944264737069e+00
2.239693525202395286e+00
1.778257957336356387e+00
2.181698870013256020e+00
1.798359806810861494e+00
1.726557545147952011e+00
2.229329432588217141e+00
2.268401982171820208e+00
1.757031269214734515e+00
1.917314241095666283e+00
1.826722323351495314e+00
1.936438163665356482e+00
1.629639332137928109e+00
2.348476267884468616e+00
1.978405930943523128e+00
2.219995521767966995e+00
1.737310307655194563e+00
2.369060737814919104e+00
2.162781382908117944e+00
2.163089009595280388e+00
1.954699261061972004e+00
2.293900713216279197e+00
2.007566067725945924e+00
2.305402623152131181e+00
1.875587912422510550e+00
2.290839562942029950e+00
2.126128266940526590e+00
2.341665979173086942e+00
1.954282365150793233e+00
2.245943302683776288e+00
2.092481833786823842e+00
2.262682971750614058e+00
2.345399053623199670e+00
2.119375330258972401e+00
2.160399189980115597e+00
2.298846930903585051e+00
1.266798758789545287e+00
2.068330138748533997e+00
2.245475996698797161e+00
1.725258677734355706e+00
1.937414350408527719e+00
2.095438244603310629e+00
1.858821263308600535e+00
2.178999523683704531e+00
2.149357168029016663e+00
2.122017027590832328e+00
2.017814686985652806e+00
2.281624520306011483e+00
1.660181050382834256e+00
2.374428288167411694e+00
1.855102468856823617e+00
2.233821518507257853e+00
2.366234950778021595e+00
2.299862671369375278e+00
1.977160522062809012e+00
2.230920879401748103e+00
1.793352744943751631e+00
2.349550911203947656e+00
1.993531505369288359e+00
2.270676147236237785e+00
2.373616584405866980e+00
1.789035871714679482e+00
2.249369609475830867e+00
1.488241054558286258e+00
2.233735481364713227e+00
2.192205734456162514e+00
2.102651235846278333e+00
1.303295064387758995e+00
2.230424658086045842e+00
1.922919502858373653e+00
1.924976900929364465e+00
1.705149509113444761e+00
1.561215150551668485e+00
2.222324676151208322e+00
2.210101967940434342e+00
1.530607207616091703e+00
2.298970094038377709e+00
1.596097410399717864e+00
2.092399903251421112e+00
2.373201136085185681e+00
2.245387814439846697e+00
1.600903804896887328e+00
1.975101563590711429e+00
1.948070545332887260e+00
2.206259710366476057e+00
2.112937698241784013e+00
2.267515165854691261e+00
1.450687993114480934e+00
1.897117080676310241e+00
2.094645231450819267e+00
1.629016585913959148e+00
2.297140584268150043e+00
2.128822696907308742e+00
2.323633392681815124e+00
2.378051192383497270e+00
2.161712438558191618e+00
2.265602916861353844e+00
1.647652649205660458e+00
1.705149509113444761e+00
1.897870963690176938e+00
1.528452031513749754e+00
2.376815907422246799e+00
2.238581626528342472e+00
2.249187545557106649e+00
2.345229771850177336e+00
2.049566182271373105e+00
2.314584529904102350e+00
1.940206968143352695e+00
2.308738546238859435e+00
2.193319453148487863e+00
1.786406879278958471e+00
2.190002732603984370e+00
2.176461277673769956e+00
2.376118520728907502e+00
2.001253189483545913e+00
2.073282768956253186e+00
2.190428877269519958e+00
2.282215317204542959e+00
2.025001179537409879e+00
2.149357474263517531e+00
1.921128611874991288e+00
1.721406694181074171e+00
2.281624520306011483e+00
2.166066478723780442e+00
2.008979679939648655e+00
2.145391330176237510e+00
2.311931011197513097e+00
1.482486554969737913e+00
2.084702595595913088e+00
2.318582975777338628e+00
2.108689121819976808e+00
2.294969137895805922e+00
2.198746835033419167e+00
2.357060121198629954e+00
1.632785294246350105e+00
2.312407565090524475e+00
2.272933102264467653e+00
2.263380598990786030e+00
1.857210378164369180e+00
2.202618632449762526e+00
2.371552388310208759e+00
2.133597845304182616e+00
2.184450334693387674e+00
1.877654060904775157e+00
2.249545541381371194e+00
1.353064553491452493e+00
2.338953199464610666e+00
2.097046738743312932e+00
1.805995193459757786e+00
2.283665497927568566e+00
1.729675879437271302e+00
2.194171699943250786e+00
2.349496646589218862e+00
2.225692976748706808e+00
2.330736059578114361e+00
2.215094159942280871e+00
2.337516185957654979e+00
2.304045715754579060e+00
2.163053618227407160e+00
2.324775886348255494e+00
2.321926086312799065e+00
2.310060816813530593e+00
1.886089645789504665e+00
2.335247472297639515e+00
1.970856237868090499e+00
1.925455797792556822e+00
2.040752351951573118e+00
2.019257054094586223e+00
1.991529757609440177e+00
2.242613408675946385e+00
1.497021519404827750e+00
2.142010604037516863e+00
1.864079660382197634e+00
1.738203056143740710e+00
2.351053467083506376e+00
2.187566594734742687e+00
2.273114021078863178e+00
1.815216269143325567e+00
2.313428604609330197e+00
2.132822417313267938e+00
2.259520613038231485e+00
2.344055625672940124e+00
1.516162407572649418e+00
2.297918966944064056e+00
2.258731280761606008e+00
2.147184237857257649e+00
9.031377170421175382e-01
1.683149048308669737e+00
2.232521179874688233e+00
2.243144353758360410e+00
1.630495535551596431e+00
2.145391330176237510e+00
1.996702551351513533e+00
1.850930421820047300e+00
1.957471328976712055e+00
1.629209024397441530e+00
