1.909780717572437392e-01
1.866028724493391799e-01
1.999544063880227540e-01
1.981479833735076967e-01
1.950971671607506508e-01
2.086524285990562499e-01
2.161471200491378863e-01
2.125757645662699757e-01
1.895425714019276509e-01
1.924101201919694581e-01
2.099827815159232558e-01
2.051931682970877802e-01
1.907673700162607344e-01
2.177291881539433482e-01
2.165741059241120536e-01
2.127255767901641281e-01
2.070108699878059899e-01
2.063588331109214857e-01
2.097271228758068595e-01
2.130036977018024413e-01
1.689331025448873314e-01
1.967991806976225888e-01
2.200419609414499822e-01
2.025801764991231602e-01
2.179409994447138177e-01
1.797186441083901132e-01
2.201858087083224114e-01
2.122657368977615422e-01
1.740572487719362071e-01
1.672823280476740671e-01
2.206486816899073111e-01
2.133252875015242134e-01
1.962860596029872284e-01
2.076340095650421325e-01
2.050586174367272918e-01
1.770673159721582457e-01
2.119155356926888389e-01
2.188173157240582978e-01
2.122814356349729259e-01
2.090027039239465423e-01
2.053618920026941963e-01
2.010607009307860404e-01
1.815107306810130050e-01
2.058251287566710830e-01
2.123046351830465972e-01
2.063772003670369393e-01
2.086794117344037414e-01
1.916134987080312102e-01
2.152380204314179313e-01
2.199403589199905584e-01
1.868748599051724135e-01
2.053353962867825733e-01
1.875915724822811714e-01
2.044788596090563737e-01
2.105148492134501503e-01
1.895788517696364028e-01
1.905568527445894444e-01
2.201579008662757908e-01
2.153051543396830581e-01
1.984197711191488522e-01
1.952794225398336581e-01
2.206877539046249725e-01
2.138064951479577425e-01
2.053353962867825733e-01
2.039445046699528419e-01
1.965848057401718141e-01
2.112977004651826751e-01
2.185270141066049110e-01
1.733696045054408941e-01
1.728788550719460304e-01
2.138279839249321856e-01
1.994186633559950073e-01
2.189111695915603173e-01
2.168842129563982590e-01
1.873670910751182583e-01
2.156384676068207606e-01
2.031525116261174158e-01
2.159954851826952626e-01
2.039837231434619425e-01
2.197605118040553418e-01
1.901995776026579321e-01
2.191164148784896237e-01
1.936235736371765548e-01
2.126056461092322158e-01
1.996209221859432947e-01
2.201004490575078909e-01
1.913617020918236267e-01
2.131087169201023868e-01
1.968407558750137343e-01
2.141090514235316766e-01
2.177470869262021769e-01
2.152358307452590658e-01
2.091588047341459700e-01
1.966159916524706230e-01
2.133967378848407592e-01
2.160622871465507910e-01
2.024217551870103604e-01
2.153235440269112289e-01
2.009805996263864802e-01
1.842967956009546882e-01
2.131293043226688277e-01
1.838290496147907960e-01
1.911629029827364434e-01
2.143500912847735307e-01
1.703962398596171046e-01
2.093919961630691107e-01
2.123265181389193124e-01
1.930889811830563962e-01
1.900286557580646296e-01
1.896342999532300289e-01
1.957708743205521518e-01
2.200217442665931833e-01
2.202678471858700859e-01
2.107490461520459823e-01
1.969879139930234835e-01
2.041471427683162754e-01
2.141326477073436096e-01
1.942871545824660651e-01
2.070271326483250351e-01
2.065759384523996878e-01
2.157431685527679555e-01
1.924960150231219969e-01
1.956657226503663027e-01
2.046282135832257487e-01
2.020160195667999870e-01
2.056065093989528081e-01
1.945549986374890405e-01
2.112782588697685870e-01
1.904519249908201151e-01
2.051748885375406783e-01
1.929223360196534176e-01
2.090546917686428030e-01
1.783894921878245998e-01
1.997327237338871464e-01
2.142761827644769634e-01
2.137799940685743694e-01
2.015291425542720949e-01
2.202832359130027229e-01
1.897088053771648630e-01
2.155957072860471557e-01
1.977817402928881974e-01
2.011557651291337734e-01
1.804179834530598436e-01
2.010266283291463063e-01
2.053625714847763239e-01
2.171660971874513346e-01
2.050868287580748239e-01
1.865311073627735072e-01
1.973650368121974974e-01
2.113989107118695865e-01
2.078334254618792454e-01
2.194003785313006771e-01
2.182122735608731379e-01
2.084287962446603193e-01
2.123909167939104226e-01
2.120381319129572284e-01
2.071563470688929653e-01
2.178761161563706195e-01
2.180452853379815092e-01
1.918714267220891223e-01
2.111983859739249847e-01
2.114416046085552392e-01
1.886887521019105229e-01
2.196599579289982007e-01
2.115952267213354332e-01
1.865311073627735072e-01
2.173498324915060231e-01
2.207050150975698455e-01
1.963054521384460793e-01
2.134129188733737414e-01
2.189054797713648748e-01
2.068311413586937098e-01
1.968521231725538501e-01
2.075042903601346522e-01
2.144361286252834398e-01
2.187589016106315509e-01
1.908736247434398570e-01
2.196646871949570756e-01
2.190513213298230788e-01
2.126061203333415028e-01
1.840705610375675538e-01
1.976943844814521845e-01
2.049327290725244111e-01
2.118066331294952975e-01
2.195603633204233351e-01
2.070987197653061385e-01
2.161159095341759762e-01
2.196175473145764445e-01
2.045032545304551475e-01
2.171150024577637727e-01
2.107257099330469008e-01
2.015971559623740972e-01
2.001170076238747431e-01
2.124709910498418231e-01
1.782182373828550270e-01
2.058945453453610575e-01
2.107129442385319018e-01
2.127686058155064119e-01
1.900206111787050567e-01
2.155905882684780173e-01
2.047532471868904747e-01
2.029484411154628409e-01
1.999073398811457847e-01
2.032876800986984922e-01
2.128887180586799821e-01
1.998399501933657008e-01
2.033204360900826568e-01
2.126940866012403397e-01
1.923703545094975209e-01
1.943700096355695239e-01
2.114416046085552392e-01
2.104082065197672158e-01
1.802153166641337345e-01
2.168343972027652888e-01
2.150044380384892040e-01
2.172532621859034341e-01
1.855527018756603641e-01
1.954993146385566039e-01
2.165741059241120536e-01
2.108042493829911379e-01
2.127436445270875776e-01
1.933545606167129116e-01
2.059154010821621916e-01
2.087229828486929784e-01
1.927173030275078913e-01
2.073595377136044082e-01
2.157880932428001830e-01
1.964325966094294940e-01
2.145520918901675511e-01
2.108793167445344174e-01
2.111486976878806932e-01
2.156631959596799208e-01
2.199522110049268175e-01
1.960185958105297166e-01
2.084089406900929420e-01
2.176507114628102035e-01
1.962860596029872284e-01
2.062398598359518886e-01
2.190476894764021298e-01
2.014060407077627179e-01
2.198953626219956325e-01
2.192895566429336474e-01
2.018939809040648792e-01
2.102012768683950705e-01
2.025843101068893759e-01
1.930178353792606216e-01
2.128059451877008235e-01
1.906175697442638595e-01
2.186736026972515845e-01
1.950844053287615065e-01
2.204427214435295546e-01
1.991705949470617409e-01
2.141050544912418141e-01
2.189045521962352525e-01
1.827953531616696159e-01
1.918428129951554595e-01
2.141647623179168403e-01
2.070120898857059633e-01
2.196755049015575445e-01
2.097057197320816579e-01
1.965862580502083234e-01
2.169475541075271685e-01
2.191395193198598934e-01
1.690454914327877145e-01
2.101912770345861214e-01
2.137042186993882154e-01
2.191010829956741013e-01
2.086873468396097664e-01
2.152768719565168187e-01
2.163391812097349431e-01
2.095827448648616143e-01
1.892148283646708229e-01
2.086450075976066243e-01
2.145158996542722851e-01
2.170907188914680541e-01
2.118330062278350745e-01
1.868217705032007014e-01
2.025327050143210517e-01
1.920434284862889140e-01
2.157773840741432636e-01
1.850224922410390327e-01
1.916733423903396460e-01
2.066810349831391669e-01
2.162668876311241439e-01
2.068311413586937098e-01
2.191395193198598934e-01
1.998434051361863695e-01
1.912371968043979076e-01
2.140672015844218845e-01
1.710898724104464308e-01
1.939818615328816054e-01
2.119904284363150204e-01
2.135398444830886866e-01
2.178278294959362649e-01
2.132101867771086234e-01
1.950154808594580513e-01
1.958519863628335744e-01
1.801074226067333195e-01
1.855995102129700258e-01
2.068428718684448553e-01
1.807452720304825455e-01
2.169475541075271685e-01
1.983342246483011384e-01
2.175363865421491572e-01
2.131680976908843783e-01
2.162433627670011793e-01
1.867545292140823099e-01
2.061938617890248515e-01
2.120974250780128523e-01
2.150450593114035247e-01
1.673869223336455492e-01
2.043731236937344486e-01
2.051181320835367694e-01
2.205450700223885452e-01
2.201471252843710258e-01
2.052079385053259819e-01
1.765185383654728768e-01
1.921235171510470019e-01
1.941469887330183330e-01
2.128115146392108581e-01
2.169619510381111671e-01
1.936344702245161309e-01
2.204286711242415542e-01
2.186081609959225347e-01
2.047365851016833826e-01
2.114414466454010155e-01
2.012787415739799302e-01
2.177773568577613672e-01
2.157443049978302052e-01
2.197050601352804888e-01
2.131135748860141788e-01
1.847121862552946192e-01
2.194598754119192752e-01
2.066374891376366874e-01
2.009023797794869948e-01
2.102787137744618617e-01
1.988938669098508916e-01
2.137042186993882154e-01
2.080298644297297050e-01
2.196721488094325048e-01
2.204776828383183118e-01
2.066810349831391669e-01
2.053852131164535522e-01
2.177291881539433482e-01
2.145903752146476606e-01
2.050233810654679412e-01
2.151801591062602603e-01
2.156884136711317845e-01
1.676910678311219205e-01
2.009071505574080985e-01
2.086470521157829661e-01
2.121756704063373355e-01
2.047731662584832135e-01
2.135495351024135902e-01
1.979301731252025298e-01
2.053040549675850812e-01
1.934606375173119341e-01
2.158625642351199858e-01
2.122514586383688340e-01
1.991474097353837514e-01
2.138064951479577425e-01
2.125946205087336505e-01
2.076099799778692023e-01
1.932261572901368407e-01
1.813742846977702827e-01
2.007538657877313004e-01
2.093075868443601273e-01
2.187836620253940656e-01
2.101193321431098215e-01
1.754882175350697682e-01
1.919022101841530992e-01
2.107548012149625116e-01
2.189477238553950433e-01
1.949755176390588207e-01
2.113526787136432439e-01
1.800982743039661049e-01
2.005642857529435497e-01
2.132906727860531815e-01
2.098533342169527915e-01
2.089834141066035378e-01
2.158600840499027840e-01
1.975921897139207850e-01
2.170086656655863533e-01
2.067695638273864822e-01
2.083035922125387185e-01
1.906979837489438945e-01
1.744178360555751206e-01
2.182250292934636016e-01
1.740689394388834632e-01
1.962454891751492791e-01
2.130855449776358768e-01
2.120759065025435708e-01
1.806651220346758291e-01
2.127574908500630968e-01
2.068782553429481530e-01
2.171945266612342607e-01
2.131305435307693785e-01
2.047120528537796080e-01
2.101909444665231996e-01
1.930015293083975347e-01
2.004484461808150320e-01
2.110280136593734313e-01
2.150985220054386360e-01
2.068373934885953391e-01
1.883696763425704301e-01
2.084150656810216384e-01
2.102890202255714436e-01
2.077111492584036989e-01
1.954732614769881527e-01
2.053734074362136841e-01
1.840705610375675538e-01
1.902422209701287725e-01
2.176035574985940857e-01
2.194054756446624510e-01
1.950488512200261038e-01
1.997385447895043686e-01
2.044997546948703337e-01
2.074395246543884741e-01
2.064725644286184714e-01
1.954278689738170594e-01
2.053679012018798933e-01
1.927743390734664164e-01
2.082693576589847717e-01
2.128672066658378048e-01
1.853218952830313071e-01
2.190340545898671054e-01
2.106090910545931894e-01
2.075352275136991553e-01
2.152011822589396384e-01
2.186142673705702699e-01
2.153026937252375816e-01
1.823657259335579595e-01
2.013321246699244227e-01
1.947808667801322335e-01
2.042976451679379135e-01
2.012145777937995594e-01
1.967009060316592950e-01
2.126406402054509259e-01
1.796442593222542516e-01
2.130265985212909940e-01
2.121230064415249028e-01
2.025725764877298607e-01
2.045740029222900547e-01
2.011873025869410636e-01
2.176873079394336385e-01
2.008842518836843893e-01
2.062817371230795949e-01
2.038002964296859731e-01
2.198353187189354130e-01
2.060529124249508848e-01
2.069568249102986535e-01
2.205207962807111122e-01
2.087879646667062106e-01
2.153185190657767034e-01
2.147565876157218057e-01
2.194409953889413234e-01
1.972009791881642327e-01
2.028469046367330775e-01
2.091914451012267806e-01
1.926723803132165957e-01
2.133252875015242134e-01
1.763297304222080086e-01
2.072723916068403005e-01
2.004587352278026646e-01
2.149163759565575482e-01
2.139759008079376579e-01
1.986799255517475438e-01
1.970093834838327618e-01
1.929367843427668705e-01
2.051445938796645774e-01
2.074766230406486500e-01
2.010599600481496607e-01
1.955709907906328926e-01
2.055256341967447720e-01
2.192116755237919212e-01
2.150717846282942936e-01
2.054858003127578714e-01
2.088723263923128459e-01
2.103584505773186675e-01
1.997111787491131218e-01
2.150071065738976828e-01
2.123733601595921838e-01
1.789499383023506474e-01
2.123902229220533955e-01
2.191611519817714404e-01
2.206865012245293745e-01
2.031669805088187342e-01
2.170590030641049717e-01
2.193250431517949905e-01
2.130146106412248164e-01
2.179268074475121664e-01
2.142378575815563346e-01
2.196921621941858582e-01
1.906182701542860347e-01
1.915093777652840390e-01
2.170147300974820115e-01
1.876310114930260509e-01
2.031460576592158118e-01
1.834465902432601270e-01
2.173364259006552723e-01
2.168107170070997514e-01
2.134057113879230527e-01
1.869717049539973974e-01
2.172863267653064590e-01
1.924644172464107239e-01
1.949876235526099844e-01
2.177705891109977809e-01
2.021991431783861648e-01
1.997703228033391176e-01
1.979513203952466549e-01
2.148573121769453698e-01
1.698239610760202967e-01
2.118715082810391781e-01
2.114394470779642488e-01
2.192933517164064594e-01
2.197113693296254278e-01
2.071271050415563197e-01
2.132133915053138207e-01
2.190313261966007341e-01
2.108105081185601970e-01
1.775088895785886245e-01
1.926723803132165957e-01
2.109222275829240045e-01
2.010779216407947989e-01
2.107509972855630964e-01
1.825953421564094070e-01
2.134304957662049307e-01
2.098491720881147660e-01
1.756741182007237057e-01
2.170508643282360872e-01
1.902622932865298822e-01
2.033807714064546357e-01
1.884105484914460060e-01
1.841509628921899899e-01
1.860309675528811213e-01
2.163902571016210752e-01
2.054469701112234259e-01
1.907457233668658492e-01
1.851237094407492401e-01
2.125741653732464431e-01
2.056812902775747298e-01
2.160252520588296921e-01
2.092947846584234661e-01
1.910337805896890617e-01
2.152623550665013763e-01
2.152144857192841432e-01
2.198937790221123512e-01
1.938346231878694259e-01
1.942772816983794337e-01
2.196414401259240978e-01
2.051032007965591097e-01
2.200016920203570203e-01
2.021100096209106356e-01
2.178087658496662693e-01
2.185674175151637311e-01
2.115289786480007150e-01
2.153100488191731499e-01
2.093568540362706065e-01
1.789805462489928167e-01
1.984071574092031442e-01
2.167726632722936919e-01
2.056116253875886202e-01
2.184354261808730824e-01
1.905106389570749292e-01
2.094115072529655341e-01
1.962788899459973202e-01
2.166682827111867937e-01
2.095515998042136174e-01
1.980083840002024032e-01
1.843974196530769605e-01
2.140081755894233939e-01
1.982230700224225095e-01
2.175901441224664945e-01
2.161471200491378863e-01
2.171097626247038281e-01
2.058084496383009721e-01
1.865860214999301714e-01
2.186463164728634501e-01
2.062591469147308509e-01
2.179570481665487058e-01
2.117140992315559855e-01
2.168483034884856608e-01
2.158133561602227357e-01
2.106746801579495454e-01
2.197646342833288746e-01
2.160906863323955318e-01
2.084963902452439677e-01
2.180428597794452916e-01
2.130110349410262449e-01
2.084625553347377036e-01
2.078334254618792454e-01
2.165464328826830764e-01
1.708645070011484968e-01
2.142601915458932915e-01
2.006430477236385290e-01
2.129499504167867707e-01
2.151753611554676204e-01
2.108035945227699215e-01
1.964651561005761604e-01
1.861455967761459496e-01
2.182880578701047181e-01
2.176739600110187967e-01
1.778067286209136511e-01
2.049442619407628452e-01
2.065288495091515131e-01
1.519039469871476533e-01
2.166728108885455639e-01
2.068312380765381098e-01
2.200640091950150645e-01
2.109287158303216336e-01
2.174998101887891389e-01
1.701153341236623928e-01
1.714629342800371714e-01
1.765719018064281498e-01
2.082394780689536540e-01
2.044457518766856219e-01
2.183878591193491037e-01
1.965515023121103544e-01
2.111065904429941797e-01
2.204070223004666873e-01
2.009856324340799361e-01
1.752421264517555477e-01
2.051952196558110286e-01
1.763999215408238730e-01
2.134990584967415284e-01
1.947783115122443121e-01
2.071271050415563197e-01
1.869954528968916507e-01
1.944034594023464346e-01
1.950053831827910367e-01
2.172422529070724140e-01
2.178592971294769087e-01
2.014504286212552286e-01
2.046365221113076172e-01
1.641879749050448589e-01
2.189124436202514734e-01
1.629801182149341332e-01
1.724000414511124568e-01
2.068411591064621691e-01
2.191579703629824849e-01
2.139681724826804909e-01
2.161931252622474875e-01
1.956460403260746606e-01
2.008494705437292582e-01
1.932342475622350619e-01
1.708055004885588590e-01
1.864215446517759611e-01
2.164128154299469475e-01
1.859187321758059008e-01
2.085436147381579397e-01
2.192084542670113267e-01
1.950983247155397837e-01
2.140516468646033454e-01
1.942424599617914582e-01
1.978320366881647363e-01
2.084963902452439677e-01
2.048999154584538740e-01
2.171928428361321051e-01
2.001764240738291567e-01
2.101197164593690547e-01
2.145204835960164147e-01
1.898632745607974348e-01
1.747398423407406642e-01
1.969882226909754064e-01
1.910055311463295658e-01
2.073986216257951432e-01
2.040694134636259760e-01
1.830667776083575171e-01
2.089305452008441422e-01
2.093700485061603112e-01
1.924392856392136697e-01
1.936578880919307688e-01
2.135213464060701227e-01
2.167953005980264025e-01
2.096703810365905252e-01
2.185426475635884880e-01
1.983054188693355868e-01
2.126594518624730090e-01
2.164158092252565224e-01
2.134595586965862823e-01
2.020355266410044093e-01
1.910291684835922488e-01
1.926908743059136953e-01
2.037330293681972049e-01
2.125459105808392424e-01
2.202174126079691208e-01
2.056065093989528081e-01
2.102684938332127496e-01
1.974087661376110192e-01
2.139270072567009406e-01
2.097157483397973088e-01
2.022575502537472814e-01
2.126151513275045812e-01
1.505212161049377939e-01
2.057491933157232777e-01
2.160718432496869790e-01
2.168212066216282929e-01
2.155052183105282126e-01
2.010821482032658647e-01
2.141276378524918922e-01
2.084946506226899587e-01
2.027928000070419734e-01
2.004233758190333281e-01
2.089683760256783596e-01
2.125501833925494688e-01
1.940066649007731459e-01
1.949269535897305006e-01
2.183971166524464047e-01
1.949020490943518535e-01
2.090556476717856382e-01
2.110927788054683951e-01
2.168034177429667697e-01
2.052995836017799391e-01
1.979943026360842240e-01
1.981479833735076967e-01
2.078622410603710724e-01
2.130513506399880630e-01
1.856459945643880727e-01
2.165970584642852859e-01
2.013104481866414830e-01
1.860154971151246339e-01
1.664437966724888196e-01
1.829095669572776695e-01
2.196044208395629971e-01
2.071033785583056008e-01
2.123733601595921838e-01
2.202508572367180839e-01
2.064557137461196235e-01
2.162601993640478615e-01
2.108702957289963209e-01
2.144278318650814086e-01
2.038713920403843471e-01
2.072723916068403005e-01
1.729012409340676681e-01
2.158004947529681972e-01
2.150965766316468575e-01
2.110887047726459631e-01
2.076150016124366227e-01
2.158778337607771547e-01
2.048096839743369924e-01
2.040402254805996074e-01
2.193292068917636617e-01
2.174186811536059638e-01
2.142236961159648401e-01
2.168788892433233251e-01
2.065288495091515131e-01
2.039565570493152014e-01
1.931521770426612716e-01
2.145219446911578731e-01
2.168821011771574769e-01
1.939680417385730715e-01
1.901182989262597545e-01
1.765305172851563409e-01
1.664437966724888196e-01
2.186807701153634098e-01
2.171244592261977469e-01
2.162490523909677553e-01
1.895553881477256564e-01
1.976445928694195164e-01
2.112211479339630715e-01
1.736045967451815553e-01
2.181425281614917666e-01
1.981121384886136705e-01
1.918661020487976432e-01
1.980876434544828202e-01
1.899004366818767275e-01
2.127479993708910611e-01
2.007981602955862810e-01
2.035872571888726612e-01
2.081249913828748521e-01
2.169555378883046282e-01
2.174403807682370182e-01
2.053040549675850812e-01
2.190065889988216941e-01
1.593386496267734931e-01
1.971955971932304041e-01
1.823805488927888463e-01
2.063223207602145060e-01
2.105909149162798200e-01
1.853658507049896764e-01
1.952208757847452292e-01
2.206877539046249725e-01
2.196447273722769711e-01
2.053222841455948910e-01
1.698239610760202967e-01
2.004247523635793726e-01
2.034781124653288753e-01
1.681970835348765847e-01
1.829052903573591127e-01
2.165970584642852859e-01
2.129307755376160516e-01
1.673869223336455492e-01
2.176341517571770134e-01
2.042277467696027304e-01
2.136252412767351005e-01
1.957435185081513596e-01
2.003657493701256342e-01
1.993248412827620386e-01
2.080390771746385703e-01
2.123818061330026430e-01
1.900748852913600462e-01
2.068387022844769552e-01
1.999326627785501798e-01
1.993891654830644844e-01
2.141702635585556180e-01
2.117209340370496129e-01
1.919387081133369088e-01
2.152677704841127193e-01
1.989327518047301901e-01
2.194151464267362350e-01
2.011790659902439882e-01
1.882059147765834939e-01
2.165464328826830764e-01
2.198783939725617587e-01
2.015608954926459140e-01
2.018146940769344477e-01
1.907420531203666003e-01
2.140920272518725964e-01
2.098157933742976489e-01
2.098283735799610361e-01
2.067264657274448247e-01
2.194883325351885961e-01
1.862262629914699374e-01
2.079872199631042362e-01
2.194733808228998828e-01
1.948199985300045067e-01
2.149895278213682925e-01
1.751668200993545810e-01
2.076832378682247071e-01
1.856063892873453525e-01
2.110796179533050987e-01
1.940421840946481014e-01
2.102208531488570231e-01
2.124963484299954852e-01
2.066799263081820215e-01
2.158400232414300901e-01
2.088814678430225280e-01
2.152866473401877923e-01
1.930470156646767466e-01
2.008325438577224231e-01
1.848676269770175018e-01
2.127742803537749083e-01
2.131847534123506582e-01
2.161336271869205850e-01
2.187910246100224221e-01
1.830442252394564318e-01
2.193250431517949905e-01
2.091285957019719810e-01
1.967397531601961791e-01
1.853732688965469277e-01
2.077440923131603778e-01
1.989044507258530547e-01
2.074737590429767964e-01
2.114178977262094472e-01
2.060002422490451179e-01
2.035725689792279025e-01
1.914469048228166770e-01
1.926674565035855768e-01
2.193749057548377845e-01
1.791451908345319255e-01
2.168728901427930400e-01
2.156455758339751727e-01
2.192679174677547582e-01
1.970659895704248987e-01
2.111653610331703512e-01
2.055168945960818838e-01
2.129656148312761010e-01
2.167638010794261938e-01
1.931342169104861561e-01
1.898922041377266445e-01
1.930605001899196038e-01
2.001945963783207105e-01
2.051375685346557842e-01
2.165967069667655009e-01
1.739413611832431594e-01
2.069377166462368911e-01
2.010181158789946798e-01
2.042186572053964477e-01
2.097685070587054224e-01
1.861377198382670739e-01
2.048364038083964611e-01
1.999724217230274825e-01
2.204131304620791931e-01
1.996698340505917713e-01
1.863818858541540224e-01
2.056067991622749502e-01
2.169129804840480569e-01
1.763752955823400803e-01
1.798280280540964504e-01
2.121072944106929814e-01
2.072266189076653886e-01
2.106217242403563006e-01
2.152358307452590658e-01
2.135658938966892295e-01
1.856113896561988330e-01
2.169129804840480569e-01
1.704944965038155125e-01
1.967678549193932203e-01
1.976229508883151076e-01
1.756994875248401311e-01
1.853701153758648135e-01
2.030475729343448887e-01
2.128479242855541576e-01
1.714629342800371714e-01
2.125674451776152496e-01
2.097916192901688737e-01
1.761266320935116758e-01
2.087219827018739204e-01
2.127994987478959987e-01
2.075198577378933873e-01
1.938260242561791191e-01
2.077377922325887583e-01
1.851859958953751828e-01
2.036867254504153291e-01
2.141326477073436096e-01
2.185744918215232757e-01
2.154737634257152534e-01
2.186954631811699190e-01
2.149779433831520981e-01
2.178142523751015469e-01
2.160256151380503531e-01
2.151417159255865352e-01
2.196929968724050108e-01
2.141050544912418141e-01
2.200151271764296257e-01
2.149609084782813373e-01
1.741084080709752735e-01
2.174422080829645498e-01
2.027982016444011271e-01
2.077941658316526941e-01
2.029976327296823535e-01
2.092364873683763005e-01
2.110153423301734665e-01
2.017840295109849247e-01
1.967790184606657555e-01
2.121013612986145103e-01
2.110963613460581367e-01
2.033443317515060411e-01
2.182476228600060686e-01
2.063870250195991296e-01
1.983342246483011384e-01
2.136671857045298051e-01
1.848614679033374064e-01
2.053625714847763239e-01
2.169797984048967288e-01
1.788778322244685137e-01
2.078790984127777686e-01
2.036507921574327029e-01
1.709005550842077059e-01
2.125386728586369234e-01
1.796396513965073660e-01
1.982152314447213626e-01
2.089768509412572584e-01
1.928642704355696402e-01
2.194911557814704650e-01
2.167213856571177377e-01
2.018028024726081504e-01
2.162316253049921255e-01
2.034996015747908837e-01
1.870456128817759578e-01
2.164952666870284537e-01
2.047532471868904747e-01
1.938723919935922135e-01
2.198506450615622665e-01
2.109958987185773516e-01
2.072546709680934407e-01
2.165974146323368099e-01
2.106423782926958588e-01
1.872163410714081377e-01
1.984467386087047647e-01
1.995534006237361657e-01
2.019597849459224825e-01
2.080570606045415993e-01
2.003378851792046722e-01
1.970494336812992353e-01
2.147274429139180985e-01
1.731958068987520249e-01
2.165299282395851121e-01
2.168428141784489172e-01
2.042281041812746001e-01
2.015971559623740972e-01
2.025719641921281955e-01
2.106027214990842111e-01
2.159860366879994553e-01
2.164849601589004524e-01
2.181634422539739382e-01
2.124925373237013804e-01
2.170536251283192719e-01
1.880379147106708004e-01
1.860047677341475914e-01
2.206877539046249725e-01
2.194548448849256428e-01
1.942780618180531271e-01
2.064919065650141217e-01
2.125943827572818468e-01
2.063608607827302210e-01
2.071725276582407349e-01
2.004860561354638859e-01
1.993767959024180525e-01
2.002674176537904138e-01
