1.416395043653703723e-01
1.401172786373850732e-01
1.399796742650679660e-01
1.412197910015672297e-01
1.407320124434134068e-01
1.408209414713162133e-01
1.402829543489745312e-01
1.396701742920664346e-01
1.406171190353814604e-01
1.405483559011495021e-01
1.418070315597880215e-01
1.404278152484240705e-01
1.413524101464259386e-01
1.410332960977843109e-01
1.408469705934603522e-01
1.408346941848887535e-01
1.378250651012667971e-01
1.379101006485551062e-01
1.405029919978187380e-01
1.418701652246837086e-01
1.415418946100894249e-01
1.414756418272491711e-01
1.415904934294972828e-01
1.418877421638952419e-01
1.409442912079911514e-01
1.400770491377718308e-01
1.412196247140421190e-01
1.403048059692259819e-01
1.405068867332294191e-01
1.418022413263786974e-01
1.410509911150331086e-01
1.414936801774086816e-01
1.412348869303020338e-01
1.408469705934603522e-01
1.402297744435762883e-01
1.412764397724811660e-01
1.416732408390773412e-01
1.408244258784915881e-01
1.410409058813908711e-01
1.395231563647588713e-01
1.402619553001655250e-01
1.411551465484412737e-01
1.408276804025619389e-01
1.411589436089126792e-01
1.410705360151063292e-01
1.410558608148984594e-01
1.406828150214310957e-01
1.409726802045551952e-01
1.402751439440805825e-01
1.417193771024631288e-01
1.415708862863777895e-01
1.382572984212157852e-01
1.418082516247163305e-01
1.383014066276169740e-01
1.410210745150953515e-01
1.415005148297314996e-01
1.413037550590331981e-01
1.418741498043921412e-01
1.398963760558214753e-01
1.397505966253806409e-01
1.378345224851277862e-01
1.384741568117197341e-01
1.410817785712858430e-01
1.394607840638932839e-01
1.402388584280951922e-01
1.413897687249645596e-01
1.411638018061235345e-01
1.405404379912043866e-01
1.411018469892801330e-01
1.400913510068488854e-01
1.416460480516254505e-01
1.411166051444603386e-01
1.399868618477173310e-01
1.400846543597900618e-01
1.414131614195561770e-01
1.416172425312993421e-01
1.408963842753654383e-01
1.404739627374096134e-01
1.386165099379427501e-01
1.382664016844891708e-01
1.400014508844698025e-01
1.402007551794872686e-01
1.386926196787632570e-01
1.408971810188788809e-01
1.418741498043921412e-01
1.405116290574962845e-01
1.407726648111369550e-01
1.410318957151014685e-01
1.415910444065812401e-01
1.415629688711903256e-01
1.390726161556464502e-01
1.411473713496137483e-01
1.413869823496195222e-01
1.416035012065358645e-01
1.412910827266773417e-01
1.415074118661818758e-01
1.415419344380365041e-01
1.415607982292320655e-01
1.411203844240446759e-01
1.413488287102682983e-01
1.389006036397877619e-01
1.393407741627457064e-01
1.389256047392792570e-01
1.413611560036741599e-01
1.410259227196725695e-01
1.410995724697795550e-01
1.403759499385528464e-01
1.410693860966398538e-01
1.379927769962613349e-01
1.377705164227881751e-01
1.409423769310361729e-01
1.409976945801622028e-01
1.406533204098676104e-01
1.411038746458950777e-01
1.387823649851060437e-01
1.402637359428548780e-01
1.403170109674305166e-01
1.418741498043921412e-01
1.414500831082571852e-01
1.406675552302288079e-01
1.409191974654235846e-01
1.418310701145045760e-01
1.396810222463631401e-01
1.380307777265574742e-01
1.416356261872421252e-01
1.388213634058127477e-01
1.408684225351505559e-01
1.390574454144969385e-01
1.400394282876800123e-01
1.409525748537051315e-01
1.415350746942782845e-01
1.406669482408895167e-01
1.413669479606427803e-01
1.384193616366873325e-01
1.412314716979558293e-01
1.418828266860919507e-01
1.410231465302651810e-01
1.414112563700319625e-01
1.417938538990375641e-01
1.408788324970975947e-01
1.418178825121448328e-01
1.393095058248210727e-01
1.400448049544984752e-01
1.375157038761867234e-01
1.402815239244527279e-01
1.398056708140224258e-01
1.388593056443762075e-01
1.391818473032245818e-01
1.412611593454692616e-01
1.408137761636008845e-01
1.395335390792573904e-01
1.395856096678418923e-01
1.407469539430784566e-01
1.407456717112481881e-01
1.414924827252108663e-01
1.390683757973251722e-01
1.412731543924333477e-01
1.391984061262178107e-01
1.398012964173167560e-01
1.381813123533250087e-01
1.402680882467461920e-01
1.412628081511332345e-01
1.395651856097899213e-01
1.397208443069433426e-01
1.418352233875923851e-01
1.398719098356439594e-01
1.399472858043817880e-01
1.417151941996262487e-01
1.419071386718152028e-01
1.412391082875971426e-01
1.405473629693669291e-01
1.396815131224054540e-01
1.416631053908683768e-01
1.417720014716880306e-01
1.411992083191873915e-01
1.398532672958144596e-01
1.402114811236698233e-01
1.410459717415771808e-01
1.400758213729238200e-01
1.411570970444360473e-01
1.405837334612982936e-01
1.406433823045553644e-01
1.414661669700791602e-01
1.406153999268798527e-01
1.409550645008946779e-01
1.418665814473011599e-01
1.404657072402415441e-01
1.408274378142838901e-01
1.379311335740658895e-01
1.414651590877188114e-01
1.410646076339763244e-01
1.388952917251277397e-01
1.411514379845560108e-01
1.412275161609321539e-01
1.418172684258008631e-01
1.387083507274875782e-01
1.410244210598112780e-01
1.398591056788441034e-01
1.393015179836202821e-01
1.398712356828924197e-01
1.409402089808703129e-01
1.403472167480996347e-01
1.413426471040611088e-01
1.398838751843519135e-01
1.409812918933211756e-01
1.404214155474344528e-01
1.391467871399026945e-01
1.388168004863394589e-01
1.405873591469157802e-01
1.396768668506733757e-01
1.408367025132939709e-01
1.384953573144186711e-01
1.415987324289578464e-01
1.404692102691150191e-01
1.413485019662599207e-01
1.413747123082763069e-01
1.418760248147287184e-01
1.414021591507124975e-01
1.408547171691540423e-01
1.414213751507950589e-01
1.401604581284941753e-01
1.410494080994731947e-01
1.384815953020196722e-01
1.402158113421622665e-01
1.406561782005828487e-01
1.412718644213241392e-01
1.411114316488651654e-01
1.410770939010058955e-01
1.415871575399726412e-01
1.417640865339058753e-01
1.378452839875308755e-01
1.388146807858379184e-01
1.384567575605427925e-01
1.405688242463674631e-01
1.418976915713840992e-01
1.414515920168754326e-01
1.398497738785380862e-01
1.414966936166557609e-01
1.411098240161121342e-01
1.411846423575510712e-01
1.406014232672642417e-01
1.407800388140101333e-01
1.393551840375042705e-01
1.403040577659699639e-01
1.385963215836861773e-01
1.391327009832659389e-01
1.412580498803988061e-01
1.418665814473011599e-01
1.396263049877390361e-01
1.397611761330725400e-01
1.416057312069979313e-01
1.406896419534409137e-01
1.391576870339426286e-01
1.417682520304062166e-01
1.417779825053917808e-01
1.407762381290397213e-01
1.380447500254619042e-01
1.418319907810457747e-01
1.414551182866493062e-01
1.405949342887065634e-01
1.416970534461915454e-01
1.416719883916034983e-01
1.396475183725456315e-01
1.394722904572704147e-01
1.405035635916073167e-01
1.414091453719061309e-01
1.414056496520346429e-01
1.413835680812292050e-01
1.395829977955175549e-01
1.404212000404455873e-01
1.408681397420391557e-01
1.407717349216160707e-01
1.409048847954857686e-01
1.379286827942756699e-01
1.396165461804958485e-01
1.376368380561327764e-01
1.412295628760055211e-01
1.412562269759558842e-01
1.397627749351729454e-01
1.411546455852247806e-01
1.413781430136834272e-01
1.387550442397124384e-01
1.416477479993664690e-01
1.414610019389336837e-01
1.394060934945366148e-01
1.406914358049883851e-01
1.369640021080535119e-01
1.411371179723801272e-01
1.395738406516238705e-01
1.408819448624392401e-01
1.403040577659699639e-01
1.406310648622146331e-01
1.404651203988836472e-01
1.414718401762163347e-01
1.388674338571550815e-01
1.415699234353224867e-01
1.406149298858560270e-01
1.411256072603066514e-01
1.406143832761928836e-01
1.408864432458363791e-01
1.408128374529495352e-01
1.413101109791576326e-01
1.417090797626757992e-01
1.404413256637772889e-01
1.416304599043743395e-01
1.391465280404249605e-01
1.388378647133372557e-01
1.404477472788218662e-01
1.417357115148001612e-01
1.397277762172582649e-01
1.400271227511509786e-01
1.402324631474556327e-01
1.417651717102474951e-01
1.396770448084922178e-01
1.412479044912049175e-01
1.400550536051798634e-01
1.410447605828468454e-01
1.402259935664239010e-01
1.388334320012582501e-01
1.398831338300647875e-01
1.412895974243492947e-01
1.388102770579930367e-01
1.408467533542588357e-01
1.399170886810793268e-01
1.406100330483691652e-01
1.400283021517255699e-01
1.413087082042563947e-01
1.417182453886909055e-01
1.416156844223379063e-01
1.400822764864164405e-01
1.365630060168601112e-01
1.381326638989085476e-01
1.406773207141381044e-01
1.417749755516104770e-01
1.395231563647588713e-01
1.407226074828427376e-01
1.396357697992554325e-01
1.411053422955940717e-01
1.418883663694932573e-01
1.395571455726679899e-01
1.393433270796482770e-01
1.419002597817139721e-01
1.408995410987855523e-01
1.383779668242473559e-01
1.391573058941827368e-01
1.407344240206422348e-01
1.386666046911007033e-01
1.399336140411849838e-01
1.373951725486709241e-01
1.393767883388282725e-01
1.415620933513007662e-01
1.409612009925844123e-01
1.406348880052489814e-01
1.383746780510810570e-01
1.404038432297843586e-01
1.371035819467896766e-01
1.412641257922793436e-01
1.413978086258232125e-01
1.396190221046808844e-01
1.397150170644841094e-01
1.386450172206478426e-01
1.407709349101063379e-01
1.418634780343620005e-01
1.388213634058127477e-01
1.411792317287299814e-01
1.405230142991287234e-01
1.417767319657430025e-01
1.412022523721336853e-01
1.402621485761093856e-01
1.377901277613706454e-01
1.410193661520581787e-01
1.407262348509058514e-01
1.399719106164794002e-01
1.383418387296271035e-01
1.383304555108058609e-01
1.409473691056464806e-01
1.386626088137532797e-01
1.416070605229354795e-01
1.407811835157614933e-01
1.415268640615640061e-01
1.391281526572059057e-01
1.401886788475118495e-01
1.406617750636277864e-01
1.407730851218334800e-01
1.396649780203458868e-01
1.405754805102217841e-01
1.398454926389937625e-01
1.410455690846836030e-01
1.389403660548287622e-01
1.416687301426033663e-01
1.405631403228529419e-01
1.400372966348946702e-01
1.407262348509058514e-01
1.414596321821984526e-01
1.418299930287005295e-01
1.415146024657982227e-01
1.401644863909199956e-01
1.406840516376959560e-01
1.410705360151063292e-01
1.403868087205955295e-01
1.407545527810565578e-01
1.414154358476921169e-01
1.399868618477173310e-01
1.390907176260577638e-01
1.395241860442959780e-01
1.417066478368906868e-01
1.399495641515600686e-01
1.405715849788615468e-01
1.404576472395350495e-01
1.394441792935486035e-01
1.397202779039194154e-01
1.413848696490606072e-01
1.389298718593093007e-01
1.413593887768543333e-01
1.411172320085252174e-01
1.404933288007606529e-01
1.373020314827962940e-01
1.416462648109084177e-01
1.393994766913592143e-01
1.384193616366873325e-01
1.406014232672642417e-01
1.401169977467257299e-01
1.405347318700822801e-01
1.403410837481874340e-01
1.369549453290097030e-01
1.415416157284206389e-01
1.397885186097662102e-01
1.396898369668384543e-01
1.418928079482865146e-01
1.410044086743173497e-01
1.417543879441297561e-01
1.384953573144186711e-01
1.401172786373850732e-01
1.411640946334969671e-01
1.416737735249684327e-01
1.405443566790932353e-01
1.402278466541430346e-01
1.415853728217895402e-01
1.378373910737101249e-01
1.400061509709781826e-01
1.400387019087593055e-01
1.406224683863998015e-01
1.392592841891699407e-01
1.387550442397124384e-01
1.393799371712685919e-01
1.394657901031713942e-01
1.408630610207671496e-01
1.413763862961699425e-01
1.401242871544209068e-01
1.417418775605681081e-01
1.406014232672642417e-01
1.417339193577107637e-01
1.417639066468380227e-01
1.417699069457429295e-01
1.413576357594482358e-01
1.416432976374048802e-01
1.416984854620063627e-01
1.398008180904908859e-01
1.399928434475472550e-01
1.406766395823842719e-01
1.408228056704189934e-01
1.384905050862044462e-01
1.414214693314596871e-01
1.379217015307445393e-01
1.418076131843291343e-01
1.406126812584436170e-01
1.405392947685208671e-01
1.377758012489687101e-01
1.403393582265123340e-01
1.367257305800710088e-01
1.402109214554782268e-01
1.419045676865515748e-01
1.408681397420391557e-01
1.401484842652868379e-01
1.405285194617255373e-01
1.391612529847401636e-01
1.415687415869250898e-01
1.417792964449788307e-01
1.409080379710180297e-01
1.414153231983670267e-01
1.388952917251277397e-01
1.398323742694244087e-01
1.414424305174198926e-01
1.387054441811699790e-01
1.407300652488699955e-01
1.399456688873236820e-01
1.418285025897647600e-01
1.415849902819587558e-01
1.393353011757595683e-01
1.393256676176670983e-01
1.413040242783891176e-01
1.392940673678271513e-01
1.409415641208441594e-01
1.385963215836861773e-01
1.410421248630607527e-01
1.384874251151727576e-01
1.411571796385512334e-01
1.405474714095498179e-01
1.412272918520404430e-01
1.405179533458746077e-01
1.411078877467887849e-01
1.417377728583283369e-01
1.392701352333038656e-01
1.411486118549658553e-01
1.415097517639103963e-01
1.406460151373284950e-01
1.414925811636479069e-01
1.408915151441588187e-01
1.403949635808625085e-01
1.410189611158171041e-01
1.418018113565126803e-01
1.412349421819162343e-01
1.391294763999105233e-01
1.393598252234020118e-01
1.403228294688460553e-01
1.412950725082987302e-01
1.413430796523664212e-01
1.396798533206015103e-01
1.399651498136414429e-01
1.410324589232607728e-01
1.403159759322706035e-01
1.415292905167657989e-01
1.409007741431528016e-01
1.391272703970873881e-01
1.406348142518401567e-01
1.400348451209300071e-01
1.400842706375395597e-01
1.394654202027708068e-01
1.413264885071503218e-01
1.414464766558248821e-01
1.414932063966486964e-01
1.414039968229697242e-01
1.395336233649999702e-01
1.401849558173331733e-01
1.384086423373147579e-01
1.415759766326342428e-01
1.414501976733160138e-01
1.418537826975843907e-01
1.417394271506623449e-01
1.400849625855553060e-01
1.409326520247356773e-01
1.408582726942888552e-01
1.382572984212157852e-01
1.416781947917187257e-01
1.414774067977614680e-01
1.405501840953491399e-01
1.418363284813921876e-01
1.411094338044070196e-01
1.410533334501717084e-01
1.415727113103271428e-01
1.394428610654668554e-01
1.402219498783624507e-01
1.411367971374788421e-01
1.396326078877597188e-01
1.410525778606059599e-01
1.411197810394416996e-01
1.409343342803614507e-01
1.385864989583259488e-01
1.378950543743742985e-01
1.417844467578061041e-01
1.413973204851586563e-01
1.418450708504999935e-01
1.412611612769729408e-01
1.385307470171732169e-01
1.410686065268879352e-01
1.399514488000177526e-01
1.378061588801740012e-01
1.418760248147287184e-01
1.386295700231235384e-01
1.417661474448998482e-01
1.414179020406869935e-01
1.413473062493317278e-01
1.393233908676880795e-01
1.402265947962217651e-01
1.400469071269159205e-01
1.411476547472940990e-01
1.392289734249019528e-01
1.415167009604184067e-01
1.409564001662041433e-01
1.414564535889903107e-01
1.404881049893547673e-01
1.413760939542769712e-01
1.379069704267543162e-01
1.412759950219763805e-01
1.418918398590809649e-01
1.411305500457850914e-01
1.409808539829872365e-01
1.403118238632938830e-01
1.405180630356727967e-01
1.409402476712132979e-01
1.400772628316514778e-01
1.401808182267003100e-01
1.398401501500577404e-01
1.418084695362104575e-01
1.387212214127122589e-01
1.418323256227943807e-01
1.415254369503456677e-01
1.413657479106379122e-01
1.416008362766809081e-01
1.410282298980254923e-01
1.405256061069493356e-01
1.414718111024509672e-01
1.418490884883833458e-01
1.399312014256994252e-01
1.405017531346665072e-01
1.417983128842211504e-01
1.410188494681562377e-01
1.409446439084544589e-01
1.401433710897979634e-01
1.416267112559098096e-01
1.407381843964426726e-01
1.401762285008558429e-01
1.415348427962094813e-01
1.409630988509119331e-01
1.405934207073120668e-01
1.413460337777726061e-01
1.406348142518401567e-01
1.405166949123616560e-01
1.401544727962117931e-01
1.416093262484568738e-01
1.407513898933542840e-01
1.411496748175764537e-01
1.413265496572894131e-01
1.418225767480411625e-01
1.385226201123094525e-01
1.405793299910576000e-01
1.404902307007203088e-01
1.400911515301889732e-01
1.418060348823899086e-01
1.391653439832009898e-01
1.418079226399425463e-01
1.403712802561736805e-01
1.415143401132365752e-01
1.413941917090155709e-01
1.385007626042404627e-01
1.406526312888330688e-01
1.406502303497912665e-01
1.417608058386087555e-01
1.411807486457698768e-01
1.410451602567472096e-01
1.392529488778792846e-01
1.390312389654517200e-01
1.409470431308926797e-01
1.383905152097121283e-01
1.416134259133473017e-01
1.405803068821921131e-01
1.410697821567208632e-01
1.402626861580441031e-01
1.409847665368378355e-01
1.409306319379722561e-01
1.411087383802517026e-01
1.409779644343753247e-01
1.403541429948938768e-01
1.415989072600397913e-01
1.407908479236566757e-01
1.415844397927688569e-01
1.418328597247271172e-01
1.417562887901431812e-01
1.411949124000764499e-01
1.418863108736618250e-01
1.402479964040956872e-01
1.366777849294188996e-01
1.415451312439969522e-01
1.410550021589584979e-01
1.400278352287765704e-01
1.403949635808625085e-01
1.409306319379722561e-01
1.402423697182134110e-01
1.410782896115461149e-01
1.416952355720347834e-01
1.418795176309042283e-01
1.408686844788332171e-01
1.416442702947071641e-01
1.370258437587323075e-01
1.385750624482679494e-01
1.416261380900645517e-01
1.412651824911937137e-01
1.400116513286581987e-01
1.391957787080235209e-01
1.414273582859197909e-01
1.409236954967155731e-01
1.391294763999105233e-01
1.397183938410720971e-01
1.391760346577730900e-01
1.408928954949664192e-01
1.415144042578673766e-01
1.415092863164553461e-01
1.387002465606570756e-01
1.414672657055811855e-01
1.413192920675121200e-01
1.407623003478160051e-01
1.417312083160217062e-01
1.397903554982195540e-01
1.388929506229815980e-01
1.400798673342419087e-01
1.410571214950992747e-01
1.407826444058742354e-01
1.408759080900676142e-01
1.397989665500525280e-01
1.390915760858474903e-01
1.377966963368547071e-01
1.412531171520488849e-01
1.371132650800907793e-01
1.399084361347063266e-01
1.414860635652505361e-01
1.408716079877513350e-01
1.410881559914940186e-01
1.390503472212173963e-01
1.392545314159477077e-01
1.415439511578312493e-01
1.410596026305085404e-01
1.417253538149050029e-01
1.418225562025555442e-01
1.394522022292657981e-01
1.407907260100936253e-01
1.398650177996632604e-01
1.418166693925964061e-01
1.380310236157437642e-01
1.414469166407679723e-01
1.413858722524348188e-01
1.413358916939218557e-01
1.396993887023371128e-01
1.409191974654235846e-01
1.418076646587463630e-01
1.405082163667867590e-01
1.399819581990476014e-01
1.403121149102929954e-01
1.393628129048554987e-01
1.397608720734122845e-01
1.413019985887975782e-01
1.409700281458149684e-01
1.398982210930437009e-01
1.409405980930682756e-01
1.395089031028232118e-01
1.397467739007590970e-01
1.415887367651632311e-01
1.384766426387556149e-01
1.393823649339065440e-01
1.408819883647466631e-01
1.405166949123616560e-01
1.414820433876939898e-01
1.414027147787213778e-01
1.415490961280692628e-01
1.407092471587622629e-01
1.383451416983162707e-01
1.404769187639060279e-01
1.418657815574900782e-01
1.394863290427887925e-01
1.383141666636180378e-01
1.408415327001588391e-01
1.400839100001160797e-01
1.409596747092699276e-01
1.384775486291434932e-01
1.409767009429134521e-01
1.363049294948926460e-01
1.399325168475679393e-01
1.418254838024942399e-01
1.415960965070733046e-01
1.412005276655559638e-01
1.385190043253034797e-01
1.415500222807714037e-01
1.413943165976137839e-01
1.413514933167538956e-01
1.391369691519321050e-01
1.416075018721502377e-01
1.419054328517148911e-01
1.411583672221278507e-01
1.409613956119787070e-01
1.413650058769415074e-01
1.414036263238299673e-01
1.409017182816582892e-01
1.366777849294188996e-01
1.400014518055018586e-01
1.413114739354423832e-01
1.405376694842027097e-01
1.366371853127394675e-01
1.417843023110605949e-01
1.411950874959431723e-01
1.376564364206815938e-01
1.372191473767324366e-01
1.411496748175764537e-01
1.418871730196957226e-01
1.413590638898824248e-01
1.414616633183467254e-01
1.409111083734625736e-01
1.392925885589650914e-01
1.372535619623058423e-01
1.413488287102682983e-01
1.401432203208702876e-01
1.417559350830056297e-01
1.415241045442824086e-01
1.381589814096979008e-01
1.394415464578358799e-01
1.416675866520573646e-01
1.399939355008987252e-01
1.402114811236698233e-01
1.393814287598284518e-01
1.410756745515244492e-01
1.410764677396156019e-01
1.408783064645610650e-01
1.407020093908176173e-01
1.411072581219682265e-01
1.402000466950189539e-01
1.390979506928922138e-01
1.414512792371127592e-01
1.404348046995545773e-01
1.418409928120173136e-01
1.396533916048789681e-01
1.413133636749407396e-01
1.407611249712258927e-01
1.415721277048843929e-01
1.414453552586570351e-01
1.399774682595994746e-01
1.391641829410227293e-01
1.415344446152685121e-01
1.404413256637772889e-01
1.410322094916769131e-01
1.398543597134504213e-01
1.416607613207709893e-01
1.414509588294072528e-01
1.408833168370723921e-01
1.401594720163573393e-01
1.416739454766186568e-01
1.393598252234020118e-01
1.396795833738309067e-01
1.406149298858560270e-01
1.417840014570749818e-01
1.410504304088095462e-01
1.409700164756978735e-01
1.411806107367795937e-01
1.416535259717705830e-01
1.418281567097644524e-01
1.413235171886574049e-01
1.409568216505601712e-01
1.395166289110781055e-01
1.409091920035054069e-01
1.403958190021302177e-01
1.392824903048623941e-01
1.415680489218128502e-01
1.397418476958912081e-01
1.417926716402670151e-01
1.400840829264450582e-01
1.405931373157115194e-01
1.416068416510357086e-01
1.408256645543282115e-01
1.401667380849796751e-01
1.416825150958312407e-01
1.394278529963017821e-01
1.386890306267732909e-01
1.416840023868300158e-01
1.386816004633784072e-01
1.412970289543239166e-01
1.398021163974976222e-01
1.415137849819347593e-01
1.406498219066453503e-01
1.410034867225899713e-01
1.417221457141107366e-01
1.405257499745578564e-01
1.411656467689580419e-01
1.417488348111816676e-01
1.405487812816873794e-01
1.395462754889845447e-01
1.398419776312432861e-01
1.414519837821482939e-01
1.417808138076643021e-01
1.395676999161209186e-01
1.403741507849941839e-01
1.414062799425221395e-01
1.412372319089081341e-01
1.383401881313414128e-01
1.409721407370092550e-01
1.404494818516179855e-01
1.398097133670569703e-01
1.372874221070841116e-01
1.414961528900777754e-01
1.415037180138259687e-01
1.388222607251950180e-01
1.401597759899032569e-01
1.419002033943468077e-01
1.416394403402685964e-01
1.413228671953428439e-01
1.387180888975136916e-01
1.367107631462164408e-01
1.395645102780034286e-01
1.413473407288295958e-01
1.390601615094372023e-01
1.411987133663419325e-01
1.404892530952977225e-01
1.413972474119438716e-01
1.414027147787213778e-01
1.416399258729297839e-01
1.409300997747476858e-01
1.412745548613203450e-01
1.416020159264917977e-01
1.394522022292657981e-01
1.402856211522597873e-01
1.411482041535155607e-01
1.367258480264074982e-01
1.404303464575485383e-01
1.398923815301837403e-01
1.410509911150331086e-01
1.410338872671861310e-01
1.413603869477821351e-01
1.385226201123094525e-01
1.389907959297736195e-01
1.408891918949042865e-01
1.404805204834204957e-01
1.416813498581978026e-01
1.410550021589584979e-01
1.391573058941827368e-01
1.409761445356923770e-01
1.403094521241055603e-01
1.389667922074216133e-01
1.416416920344745756e-01
1.418768452094885946e-01
1.403821407382235542e-01
1.402250539290531006e-01
1.381729870210463840e-01
1.388015594285923748e-01
1.417321496768605971e-01
1.401762285008558429e-01
1.412504414020676613e-01
1.389515078269090431e-01
1.412196247140421190e-01
1.410282578410383125e-01
1.418956311738263087e-01
1.403915244053756950e-01
1.403949635808625085e-01
1.405734139979122610e-01
1.405867178473450829e-01
1.405174055246067588e-01
1.405727964346692727e-01
1.405458419659044167e-01
1.402449994086083507e-01
1.395588988074598913e-01
1.411128870346537723e-01
1.406595085516094412e-01
1.385613382017224504e-01
1.412721432567505542e-01
1.401968434957052700e-01
1.392126295336539032e-01
1.404283700645163335e-01
1.412105715581784549e-01
1.399833646707490387e-01
1.418804930380053175e-01
1.411098240161121342e-01
1.414060507124331179e-01
1.415055871903014850e-01
1.400397239487390644e-01
1.388090643421528991e-01
1.414913017922697913e-01
1.384309001861791510e-01
1.416137787536944082e-01
1.396647129666409304e-01
1.412910827266773417e-01
1.418229439567500194e-01
1.409779463006167743e-01
1.416363606561976962e-01
1.400225908737967873e-01
1.387756250187870410e-01
1.409111928470277442e-01
1.417317341000490227e-01
1.415137602648801063e-01
1.414275418876180801e-01
1.403593015849807224e-01
1.406143832761928836e-01
1.414672657055811855e-01
1.395900172608516010e-01
1.399128545592761563e-01
1.417489955468877461e-01
1.397882118089423531e-01
1.411897946227931577e-01
1.410267316723795294e-01
1.411400208909558696e-01
1.409983618833154095e-01
1.393262913451255580e-01
1.394863290427887925e-01
1.413886328701093598e-01
1.416328060011355916e-01
1.400295138944038231e-01
1.409709144910921974e-01
1.402528787886236916e-01
1.405563547757122944e-01
1.398891781585039074e-01
1.416413967463785450e-01
1.413052061709520468e-01
1.416786651053275059e-01
1.404809114665903913e-01
1.413956938743239355e-01
1.409096398430521313e-01
1.377381993155358808e-01
1.409107902737974372e-01
1.412628081511332345e-01
1.395612759840028361e-01
1.418236283045039847e-01
1.410303303526496133e-01
1.412926118808227605e-01
1.405404379912043866e-01
1.387369129825993808e-01
1.410268865584960452e-01
