2.645942970672942596e-01
2.535509151284495721e-01
2.480891734279216942e-01
2.410336658250663289e-01
2.716064289175354474e-01
2.609406714623206947e-01
2.206351390121779055e-01
2.142474718425652347e-01
2.112220803510223566e-01
2.228989867412998760e-01
2.340295739560538657e-01
2.695355595607523691e-01
2.288106013977131703e-01
2.716064289175354474e-01
2.241485227974212013e-01
2.543205835480004673e-01
2.632347118594877688e-01
2.552655761216668928e-01
2.697381716268563712e-01
2.618777405972735894e-01
2.379748525803092041e-01
2.386737711734223943e-01
2.630538022106443385e-01
2.258331053371893660e-01
2.700555458710969248e-01
2.123648601652436130e-01
2.330910063061078230e-01
2.509703741069064797e-01
2.540198886714399307e-01
2.438207350397926243e-01
2.670248511625005206e-01
2.414042953088743060e-01
2.243727883632185838e-01
2.210314614906995767e-01
2.576677765550880461e-01
2.664269491134437784e-01
2.538133480057304103e-01
2.654751629002566893e-01
2.462347535526545061e-01
2.121393780605819457e-01
2.406926905433473540e-01
2.232785802531163655e-01
2.668183018793217065e-01
2.239696968325180781e-01
2.421383715000887116e-01
2.640480991900128749e-01
2.162251912689404643e-01
2.394316275764571955e-01
2.656671517731808430e-01
2.214428360064715218e-01
2.340385433790694303e-01
2.451136162065400415e-01
2.311363317640191817e-01
2.367596476253406301e-01
2.690243488220538937e-01
2.647531040947805336e-01
2.713950367170501754e-01
2.630585708486798957e-01
2.466082154282244476e-01
2.705711120209659537e-01
2.320381950915161584e-01
2.539384967482045119e-01
2.263648978776013065e-01
2.446181398137458607e-01
2.688056210317574246e-01
2.063844266657155757e-01
2.412299362741268383e-01
2.534022705234132422e-01
2.564691707462228298e-01
2.515566392739583823e-01
2.682816566459043095e-01
2.653850232467434012e-01
2.358730002451885077e-01
2.696898667651358994e-01
2.188014049046682896e-01
2.645995769494961514e-01
2.354018704121124128e-01
2.568415808442211512e-01
2.664689464345656456e-01
2.255864091077267042e-01
2.532816246734063692e-01
2.200571289298494382e-01
2.645942970672942596e-01
2.575312227498613993e-01
2.690692281318924350e-01
2.660512944873608676e-01
2.641166679570289277e-01
2.379459929745547098e-01
2.685891317249088917e-01
2.083171598017397319e-01
2.486094212685917293e-01
2.066246534560279846e-01
2.638745288055887595e-01
2.672451020942114841e-01
2.312245559328909572e-01
2.503495316509300461e-01
2.628157536369142289e-01
2.191750497664999853e-01
2.498880251567480171e-01
2.378186391846296155e-01
2.657197897723259095e-01
2.620938082367159083e-01
2.482208118413897768e-01
2.562332006314055888e-01
2.562151673191910284e-01
2.497186045323913639e-01
2.284752512876055408e-01
2.643941728781990519e-01
2.687860170397897153e-01
2.371636783065387832e-01
2.645653765085179132e-01
2.418172162555673188e-01
1.746914706401663797e-01
2.315324391577784358e-01
2.589892563628865552e-01
2.212661425286609473e-01
2.367750290702081428e-01
1.937923836814348655e-01
2.519481357800525956e-01
2.683566494600090890e-01
2.315763597682620190e-01
2.560454880726435456e-01
2.715643703538419551e-01
2.693533912495816862e-01
2.565628978718309527e-01
2.623263393786670616e-01
2.504131807363518258e-01
2.661963371938845246e-01
2.536057706221899188e-01
2.230074670602172904e-01
2.326175588668037419e-01
2.629976595855583188e-01
2.252092179281299789e-01
2.628507695686614909e-01
2.301316357591520201e-01
2.677475893132870155e-01
2.633003936425988845e-01
2.603392066947513572e-01
2.293535030642355754e-01
2.675961662422924325e-01
2.557103958882895323e-01
2.575574309751417768e-01
2.210112111343166541e-01
2.708620528628152280e-01
2.641112641430244379e-01
1.807496116419140264e-01
2.301752165518340387e-01
2.483709551706375640e-01
2.673001265042837526e-01
2.617197407546413834e-01
2.595959591380886944e-01
2.131608790512571627e-01
1.988845625661427030e-01
2.713330063476955822e-01
1.647458096772416170e-01
2.562297402426041981e-01
2.657387421055709131e-01
2.669640981781723488e-01
2.508021677398883931e-01
2.238060814446869995e-01
2.195927631480726339e-01
2.474719943412440615e-01
2.558301196045555947e-01
2.502401751287428033e-01
1.961991350685835800e-01
2.493026813139593012e-01
2.678567888100963912e-01
2.721438522382559899e-01
2.403483389241067580e-01
2.074094022668240278e-01
2.644459441940720246e-01
2.561859774036039372e-01
2.425819888818732395e-01
2.604048014267322242e-01
2.636056136422506024e-01
2.625677024807058224e-01
2.623442281966969492e-01
2.493865000624600758e-01
2.515194988008706556e-01
2.553805692077102951e-01
2.480664721508412940e-01
2.578052868981367540e-01
2.485233637712344623e-01
2.669647321653707550e-01
2.450721028754409558e-01
2.679089682616159762e-01
2.512918066558385566e-01
2.511458296117765610e-01
2.686900979693518376e-01
2.342312582267563892e-01
2.654909300416223861e-01
1.877154008319906475e-01
2.450908696757002625e-01
2.659161981632447436e-01
2.601556201684237513e-01
2.405817283049543343e-01
2.539806382352420844e-01
2.429988515111203840e-01
2.514847093260857980e-01
2.075220644542728754e-01
2.593468449760762407e-01
2.203086072439982834e-01
2.713330063476955822e-01
2.556430744175645642e-01
2.250580784872764917e-01
2.497394749774479450e-01
2.560174279142341525e-01
2.254298451860197172e-01
2.535679474492473218e-01
2.709216825631229897e-01
2.340385433790694303e-01
2.581408253308514200e-01
2.706728779167965060e-01
2.255228057352143545e-01
2.672170735100216632e-01
2.549687203003616065e-01
2.464861279800383553e-01
2.064790207224843077e-01
2.664731047409322762e-01
2.550154605563592636e-01
2.703877941399279172e-01
2.627691443679945893e-01
2.023152759528948075e-01
2.138901358905966332e-01
2.601910924593548446e-01
2.593352060597425846e-01
2.664013138135417624e-01
2.591940518486961498e-01
2.648625810972302652e-01
2.541997568006598152e-01
2.570466572054646015e-01
2.495081734765076109e-01
2.030631679942461187e-01
2.598262176312349792e-01
2.685656997313432548e-01
2.120890558366192447e-01
2.528191253615019174e-01
2.469519644949000892e-01
2.518861504258137485e-01
2.440876296772849785e-01
2.568747347099134548e-01
2.479653684041064898e-01
2.210631943971769764e-01
2.659770377623075222e-01
2.546102183211798042e-01
2.679747321533685334e-01
2.614166957925203039e-01
2.672301837934578650e-01
2.528308054402912952e-01
2.491210384663311295e-01
2.232785802531163655e-01
2.574582055106651168e-01
1.872609274113275213e-01
2.642594692582588833e-01
2.674437844114193608e-01
2.363417910892196272e-01
2.310757429805216367e-01
2.720900035762363056e-01
2.343068921839093766e-01
2.642291166264127966e-01
2.678617522358246461e-01
2.182385036322815330e-01
2.578872398389693288e-01
2.657879921067571871e-01
2.507950486128361356e-01
2.556458746702469087e-01
2.631509514594791987e-01
2.137769626223844088e-01
2.510088132283044837e-01
2.723103725209813364e-01
2.721464705646386428e-01
2.076885172560411774e-01
2.239094335453361284e-01
2.649509031277498261e-01
2.154416464059697722e-01
2.391492978615930298e-01
2.603740871296017501e-01
2.148014404476372152e-01
2.691410363947244200e-01
2.634939957709799829e-01
2.509128923201027206e-01
2.260986437244016933e-01
2.280665317958606719e-01
2.178318121737595203e-01
2.387182714958047958e-01
2.223866256336973490e-01
2.629538782621511639e-01
2.446722612462103597e-01
2.617814701711311254e-01
2.483682864266814339e-01
2.631733039556455878e-01
2.492051227755177623e-01
2.241011588639679197e-01
2.608059736710747756e-01
2.385527727743591009e-01
2.568992312620262397e-01
2.648516016386239236e-01
2.605419856138798118e-01
2.253982392405861346e-01
2.028864944562041028e-01
2.599251876300079922e-01
2.425566930733824011e-01
2.080861446635301482e-01
2.290993875891235709e-01
2.670668986981668547e-01
2.562791197859217163e-01
2.408870924778164502e-01
2.258469553492701010e-01
2.685359475851419320e-01
2.670030502152231922e-01
2.654828325588358129e-01
2.475232754743669772e-01
2.418172162555673188e-01
2.633551193068107144e-01
2.605618819848470880e-01
2.462463325637402334e-01
2.539854951896579616e-01
2.417307715866601203e-01
2.257088692913022665e-01
2.565356720639404009e-01
2.463166734543622560e-01
2.654778104761578161e-01
2.522737913348870875e-01
2.548562727347684076e-01
2.640480991900128749e-01
2.595364022846797236e-01
2.679857641090015452e-01
2.722823007898999004e-01
2.691837820825969674e-01
2.594704465970328888e-01
2.593002319013693047e-01
2.552521984676973665e-01
2.718893698037846418e-01
2.667935898875161138e-01
2.645286778114555593e-01
2.622605957146256772e-01
2.239094335453361284e-01
2.474948454327099423e-01
2.657080852241038293e-01
2.454444145081758899e-01
2.525174397835614482e-01
2.568973626733069282e-01
2.167119951831808500e-01
2.638158245609794617e-01
2.716278770709295576e-01
2.643800319986575054e-01
2.503523235611956332e-01
2.312776233540672632e-01
2.698242004917481007e-01
2.101404960044184478e-01
2.664111461223838684e-01
2.673163628279262571e-01
1.903517832522411135e-01
2.297761863959031647e-01
2.473093709290270226e-01
2.291982226108845999e-01
2.334107012233073986e-01
2.689748958855162075e-01
2.398055698942459790e-01
2.358328538016156439e-01
2.702613714769556141e-01
2.460455410270407650e-01
2.715326238596408315e-01
2.659635322342491226e-01
2.245285036939308476e-01
2.492368180733830207e-01
2.692194692588512073e-01
2.685026548930715684e-01
2.654200588700456609e-01
2.643453795331561773e-01
2.429356415879104225e-01
2.521257764342044183e-01
2.548164901592632758e-01
2.720635913122106397e-01
1.952827426518283505e-01
2.311947685963247068e-01
2.655989044121328524e-01
2.414712144965269758e-01
2.690776330413308104e-01
2.613962005823930457e-01
2.597707608779465382e-01
2.390354281387705448e-01
2.633753426939787756e-01
2.656526980168429919e-01
2.515366859247161191e-01
2.494678631826830195e-01
2.574786948747657123e-01
2.469639507463063932e-01
2.052815345567017558e-01
2.500393572092661221e-01
2.056903288825845666e-01
2.695355595607523691e-01
2.678736214196577592e-01
2.642395048501019472e-01
2.642715649728201166e-01
2.503659792963937036e-01
2.577780571570355006e-01
2.406971716189783284e-01
2.533422858936512090e-01
2.515986298271616350e-01
2.326797291971128001e-01
2.475232754743669772e-01
2.664762813015203458e-01
2.640343318823243357e-01
2.542267540447657459e-01
2.603277611059378605e-01
2.368475970044840728e-01
2.687904968203966294e-01
2.121314599282736468e-01
2.468527110645457323e-01
2.642849629464092409e-01
2.475346555019533046e-01
2.539558741805639785e-01
2.689649785698791651e-01
2.627219380250384040e-01
2.347713804716214936e-01
2.548353514577781365e-01
2.607145039985716006e-01
2.057167823504769122e-01
2.504669493801668367e-01
2.462028004835884187e-01
2.676766685515636901e-01
2.527422970022638049e-01
2.641063803758703088e-01
2.452884007988437864e-01
2.719698521462704521e-01
2.557503913964124798e-01
2.721229218797440175e-01
2.048240425563469524e-01
2.628253005486360094e-01
2.282673338393567675e-01
2.184200296513930939e-01
2.698752656809443318e-01
2.484120376822691323e-01
2.415106659689095492e-01
2.607066707528690186e-01
2.256181322675089584e-01
2.272809420631468347e-01
2.282893241161068343e-01
2.675461145886169900e-01
2.715945194393032391e-01
2.138125887688832605e-01
2.379904373782662508e-01
2.595073041579005202e-01
2.649286772809471002e-01
2.113250990839663501e-01
2.466396406522136098e-01
2.544498096249422359e-01
2.453929868939434267e-01
2.503483931293151166e-01
2.670126221887996754e-01
2.575070621288511052e-01
2.454482903114321157e-01
2.710712847470989617e-01
2.360853439628938510e-01
2.279412807634700888e-01
2.304231023451177862e-01
2.694041923583154197e-01
2.689543590055137323e-01
2.717681960336461033e-01
2.361535220300445825e-01
2.717832173614223024e-01
2.696730200176140069e-01
2.718869310409743334e-01
2.506839278724757869e-01
2.279434614829041472e-01
2.718937130441388961e-01
2.497805537744690330e-01
2.365449783823924679e-01
2.306097268308600623e-01
2.499950627721511109e-01
2.381603214256017842e-01
2.698245864873790589e-01
2.721277432257087070e-01
2.471267462159978112e-01
2.451007075551558945e-01
2.687916322247766443e-01
2.342342884255533553e-01
2.526513731884426073e-01
2.361653321141232997e-01
2.554008078326281961e-01
2.648040358677299366e-01
2.666595833567603213e-01
2.723071547862804809e-01
2.723032038516289832e-01
2.543925471711985797e-01
2.352460475011654839e-01
2.673590300396318509e-01
2.395722370087609576e-01
2.363960318455545773e-01
2.655031717894157373e-01
2.229853805155254942e-01
2.709808337209735352e-01
2.720318497855586659e-01
2.612528885805529000e-01
2.661055812144616506e-01
2.054678523862145390e-01
2.029734657691218414e-01
2.714434258870552230e-01
2.620985177412867850e-01
2.260038084297154304e-01
2.645078109547925882e-01
2.561621098414199604e-01
1.613702764554264812e-01
2.504168692204840618e-01
2.307744491663266118e-01
2.650167830383546308e-01
2.360359906299996091e-01
2.372251943127428597e-01
2.461304759198411629e-01
2.381603214256017842e-01
2.655456923693948479e-01
2.698639982010813676e-01
2.573489216551690939e-01
2.609381877679673445e-01
1.933542177053547140e-01
2.496411228458542131e-01
2.591519385075832238e-01
2.226275797433684422e-01
2.230255778845549597e-01
2.532816246734063692e-01
2.425033821263707368e-01
2.468568402016274033e-01
2.722926293946571485e-01
2.541826218123471870e-01
2.227878324764572260e-01
2.554791467539209160e-01
2.706735262477137360e-01
2.408467376534327853e-01
1.872609274113275213e-01
2.233377299166092733e-01
2.020250384467722482e-01
2.683317778460935221e-01
2.225193999216525387e-01
2.506118913384270952e-01
2.571255435523172594e-01
2.477206872795832682e-01
2.580911432747529655e-01
2.591850660424726005e-01
2.611541626038672015e-01
2.669645543776852370e-01
2.523703570511580674e-01
2.433837479536503645e-01
2.669976020658350047e-01
2.292815129922152195e-01
2.503309486421728680e-01
2.418652036955643847e-01
2.630602607116808711e-01
2.709808429128408025e-01
2.087040488467310495e-01
2.217100035246352130e-01
2.342187535651782948e-01
2.716278770709295576e-01
2.689108565228910397e-01
2.125127972593499615e-01
2.596535897397412307e-01
2.139777662926554969e-01
1.952910840729543684e-01
2.670406287508320098e-01
2.293579869763036350e-01
2.512429051763019894e-01
2.614082192096011670e-01
2.243559897132754166e-01
2.347254153117671327e-01
2.353075218335601571e-01
2.576919609789486421e-01
2.639568635533685037e-01
2.223852957368335770e-01
2.684554953586747450e-01
2.552890699493908788e-01
2.300462495419204889e-01
2.670978364748258227e-01
2.615047822691571322e-01
2.404583905240952335e-01
2.364336627348962716e-01
2.640480991900128749e-01
2.672154988490543226e-01
2.431493123666560452e-01
2.558370724670181451e-01
2.246542838424155364e-01
2.494246114712282414e-01
2.697454276423281172e-01
2.561462477944925209e-01
2.658092788290761233e-01
2.549510646886614662e-01
2.029003889841089481e-01
2.674684363083623673e-01
2.246079387440788055e-01
2.150877813309196307e-01
2.164746596856854666e-01
2.530812588136669428e-01
2.487085778655852564e-01
2.376975970311086261e-01
2.713623669680906292e-01
2.705086069743632970e-01
2.270511431313762540e-01
2.682702114627210088e-01
1.833053361096139977e-01
2.613698739830837559e-01
2.445962818837797981e-01
2.246400668160469516e-01
2.701328754348912842e-01
2.623276587451501829e-01
2.574113296374502258e-01
2.673814974730297500e-01
2.607462239169446860e-01
2.481731992781072982e-01
2.555298049958939499e-01
2.001845636717373977e-01
2.628158998425370596e-01
2.568275752538089485e-01
2.515470069925650476e-01
2.703937324135647913e-01
2.446780871453207717e-01
2.588002650349334743e-01
2.682507960540019276e-01
2.352455301924800957e-01
2.643591370336559332e-01
2.656671517731808430e-01
2.594581076397729502e-01
2.502067073180028189e-01
2.722835193436463075e-01
2.578829429258511219e-01
2.196919560993754184e-01
2.216182523532509718e-01
2.353059995980890107e-01
2.498812127932880656e-01
2.714752323719138438e-01
2.460946023997514498e-01
2.364692114762597108e-01
2.560282498463167244e-01
2.616642075831545067e-01
1.881426856930408231e-01
2.649555811673419692e-01
2.697767217958062513e-01
2.382175173461009987e-01
2.124876678420755949e-01
2.625377679376106332e-01
2.575119657863477740e-01
2.304977425387335355e-01
2.316414478345237560e-01
2.070746684989273889e-01
2.698991678291044471e-01
2.714512207563641311e-01
2.368824449321983716e-01
2.430262967033135491e-01
2.576716710940360477e-01
2.678299492579114816e-01
2.524820025299159831e-01
2.722719664600655731e-01
2.428069802404453359e-01
2.692594437063520196e-01
2.446439216960716589e-01
1.816913121333542658e-01
2.617544459905515875e-01
2.683566494600090890e-01
2.083171598017397319e-01
2.613115562385609492e-01
2.661697643162935778e-01
2.232870381675176041e-01
2.607834060376096330e-01
2.543142183313782945e-01
2.627852801653393633e-01
2.672383687940689811e-01
2.691016321407741496e-01
2.397827361014504832e-01
2.356183059937143609e-01
2.620165410459738276e-01
2.415675421455451277e-01
2.239784602131442703e-01
2.468405001220223827e-01
2.710522517082648020e-01
2.449015005397453815e-01
2.507604412519931492e-01
2.286533897918846536e-01
2.468913604253560323e-01
2.617047537700359361e-01
2.084003319186063241e-01
2.702643810487811438e-01
2.549078150394526454e-01
1.797344072835283524e-01
2.002911561534008733e-01
2.661265275362860727e-01
2.517469227214274574e-01
2.665395855395238378e-01
2.661379096148394630e-01
2.506382325595246652e-01
2.693762754633958756e-01
2.715467473231675810e-01
2.445206794419872431e-01
2.656820390855743064e-01
2.667890127692351676e-01
2.170938632067090646e-01
2.563681909814560234e-01
2.386699188117323289e-01
2.688401869579924997e-01
2.600311215963402312e-01
2.576234281587421182e-01
2.544130771887657683e-01
2.685107972020180367e-01
2.156072445987806674e-01
2.074766851517830801e-01
2.697698423785660493e-01
2.562362504959230791e-01
2.476330347968536960e-01
2.315589856346348951e-01
2.477864874732398359e-01
2.674941407299227247e-01
2.351434011678822655e-01
2.437845515971190091e-01
2.381875609716752884e-01
2.275052907784246292e-01
2.580740793062716310e-01
2.638745288055887595e-01
2.341766593303490906e-01
2.323116726762321227e-01
2.390488565809311960e-01
2.648549023822685533e-01
2.066826916716958396e-01
2.061122461921835736e-01
2.417188081532138932e-01
2.343424933721406089e-01
2.575463090395163079e-01
2.345794485356326731e-01
2.594581076397729502e-01
2.423149679332139983e-01
2.681254167614535167e-01
2.533108504028121488e-01
2.332753114794643701e-01
2.321376865005690127e-01
2.611186047810737376e-01
2.536695993385340575e-01
2.208276136203442541e-01
2.399341876087347503e-01
2.660261823597935837e-01
2.542299540961971971e-01
2.261565752236790183e-01
2.676805071621337628e-01
2.556394804878325266e-01
2.612361643708698833e-01
2.379748525803092041e-01
2.554234297260359887e-01
2.604276329082932384e-01
2.573489216551690939e-01
2.631281051537206483e-01
2.637766338238816122e-01
2.447825399938502455e-01
1.833805753373622116e-01
2.596912856270801040e-01
2.379517822089917967e-01
1.940741340940083937e-01
2.673620436761887098e-01
2.514031975534067875e-01
2.513597469189055023e-01
2.562272534064747864e-01
2.460256978414478712e-01
2.452781296959982427e-01
2.452673172231897847e-01
2.723016996145997681e-01
2.210372540283306320e-01
2.417188081532138932e-01
2.614018977079874406e-01
2.711517292423156200e-01
2.418146916094443544e-01
2.665276936218886616e-01
2.628209185527855540e-01
2.702139242382054496e-01
2.653599132783373560e-01
2.073598200007747416e-01
2.441202857799734394e-01
2.035178045401982716e-01
2.685987528208720887e-01
1.989756204420483343e-01
2.178456449814447915e-01
2.593027518872970116e-01
2.530078372502115314e-01
2.568574804939707246e-01
2.664269491134437784e-01
2.137769626223844088e-01
2.470402023019070414e-01
2.161306196830828641e-01
2.046581112717824613e-01
2.502446772349646853e-01
2.370467643160492632e-01
2.185267719162453104e-01
2.127596973953917447e-01
2.258257570041132256e-01
2.562517078872407206e-01
2.497311523604259509e-01
2.448466019385465431e-01
2.637173946874541985e-01
1.869089059004176989e-01
2.664082520970648127e-01
2.557103958882895323e-01
2.663539173170354490e-01
2.538687967205363050e-01
2.574439437829611488e-01
2.709631126517233479e-01
2.186282320096447351e-01
2.394607505686815185e-01
2.601459142370959321e-01
2.645653765085179132e-01
2.579709717655519485e-01
2.276868328032653210e-01
1.990697881860163665e-01
2.653610018531645798e-01
2.026170523921027034e-01
2.556458746702469087e-01
2.670526678962562572e-01
2.204534112673539326e-01
2.597197229937552310e-01
2.646157587180040793e-01
2.669632467501054096e-01
2.670005300897632661e-01
2.525803822454849579e-01
2.146185569436147023e-01
2.391477538271154502e-01
2.368626372653606649e-01
2.633756387845092028e-01
2.664779808895072488e-01
2.249169748119158041e-01
2.177071360166558112e-01
2.349137333186309406e-01
2.669729960613950737e-01
2.684554953586747450e-01
2.266705895158530326e-01
2.305971910895873167e-01
2.402243957551246645e-01
2.707439330080025908e-01
2.633100052080581954e-01
2.508668816204070451e-01
2.694380913776024955e-01
2.631676174198895879e-01
2.700540178791246970e-01
2.522802488925033337e-01
2.464899999401290731e-01
2.545719864991048964e-01
2.501975871201392865e-01
2.328523781313290297e-01
2.567081815468537087e-01
2.524421928824819306e-01
2.484516303164898687e-01
2.254204298067447876e-01
2.601688699526406023e-01
2.644725183607131713e-01
1.835177609030829993e-01
2.440269208556944125e-01
2.600491999665779930e-01
2.527713484279677791e-01
2.562230456382529886e-01
2.263446600136211906e-01
2.626190702174397984e-01
2.285584964388491513e-01
2.314895541174827598e-01
2.549983961142546773e-01
2.459730749275870210e-01
2.415617352345577062e-01
2.722985534250476625e-01
2.045784734755498047e-01
2.272509522058897280e-01
2.079843422852994672e-01
2.159837429623156224e-01
2.693808400477765708e-01
2.556090431929270990e-01
2.621753600170939058e-01
2.059944368977259521e-01
2.474948454327099423e-01
2.642819493466492808e-01
2.402554534703357225e-01
2.182894293843614664e-01
2.455364694468532005e-01
2.401672215417537948e-01
2.626806685424284415e-01
2.416969261533623292e-01
2.392835417251618635e-01
2.508900176092805911e-01
2.543368518832989644e-01
1.595462675071613323e-01
2.399801796977186485e-01
2.453777593545764801e-01
2.615040443575187279e-01
2.687571362410815512e-01
2.716375108496074664e-01
2.665954363181449183e-01
2.603798960239884774e-01
2.481798454142014609e-01
2.113691093607351357e-01
2.349380222821055852e-01
2.235279132585492601e-01
2.629339090867416906e-01
2.480664721508412940e-01
2.634905097164972343e-01
2.478500986607727885e-01
2.391621795832469255e-01
2.720888495581401667e-01
2.667817378668254635e-01
2.307744491663266118e-01
2.592112958823450941e-01
2.678963394629170214e-01
2.613466519191949833e-01
2.416461842684941019e-01
2.553577333691148810e-01
2.300894701187157221e-01
2.410094354472115397e-01
2.704325204613650113e-01
2.702926574576184904e-01
2.488423390718632888e-01
2.527169904543008494e-01
2.369904625905611961e-01
2.543541561507017823e-01
2.401672215417537948e-01
2.509806448865220529e-01
2.524085494399969654e-01
2.485874304453220551e-01
2.533114620060575861e-01
2.658637437248524971e-01
2.056448024370450267e-01
2.477206872795832682e-01
2.708454487240545827e-01
2.607835438452376087e-01
2.681339711164699713e-01
2.207118179774237299e-01
2.575119657863477740e-01
2.603862267952920528e-01
2.595255974952689337e-01
2.264853828527503554e-01
2.380493583976636685e-01
2.424550279857229096e-01
2.606585548383879569e-01
2.656388374912545536e-01
2.391977534492287227e-01
2.513597469189055023e-01
2.249015355138564154e-01
2.587830681367402352e-01
2.646039369834012334e-01
2.641374072625831682e-01
2.525822327382818977e-01
2.586803264964254168e-01
2.386639860680409286e-01
2.401608376727967509e-01
2.480664721508412940e-01
2.672129324115387616e-01
2.193059762453175854e-01
2.586070810451159274e-01
2.626806685424284415e-01
2.607834060376096330e-01
2.646763826873728687e-01
2.606228394006696591e-01
2.322526349083186836e-01
2.581515753157216930e-01
2.670126221887996754e-01
2.212138647606284036e-01
2.027786483056548128e-01
2.616369567048988931e-01
2.607054590296437602e-01
2.108204036321353336e-01
2.165322870216646323e-01
2.705727896220886941e-01
2.453777593545764801e-01
1.948772921815085379e-01
2.577974609065634692e-01
2.594498158455156855e-01
2.635232980914850032e-01
2.555738174487350300e-01
2.425319347511600832e-01
1.949828343402770503e-01
2.538971187147336939e-01
2.531347236160680914e-01
2.564175506040049513e-01
2.716535519514309827e-01
2.704449280585281556e-01
2.678567888100963912e-01
2.596070130958724187e-01
2.581938058705601224e-01
2.714951673891290440e-01
2.030633689827783250e-01
2.451045759475647678e-01
2.672241129144524163e-01
2.714856222304891098e-01
2.680208955502177970e-01
2.633633137468152641e-01
2.686287217717747700e-01
2.637343189956190548e-01
2.449527172436082312e-01
2.666661483353294226e-01
2.241159169872851131e-01
2.244771819227280862e-01
2.612526108097354971e-01
2.451607987533681032e-01
2.614730195549526681e-01
2.566632719980601607e-01
2.635196089094120619e-01
2.164676156282932251e-01
2.512910469511974720e-01
2.611861038139389191e-01
2.556150835665640941e-01
2.658087346322030586e-01
2.709036576072819669e-01
2.666575067495504658e-01
2.541851953089859784e-01
