3.677164731254483510e+00
3.912561156203838486e+00
3.977758738736974831e+00
4.109528481944686895e+00
3.937840380593387479e+00
4.142458129109648723e+00
3.798915335952160799e+00
4.044094482324141815e+00
3.359130354745691882e+00
4.151222362130943644e+00
3.947538947514904084e+00
3.804460943082955460e+00
2.903172019106171842e+00
4.144032095685378891e+00
3.773343892865498095e+00
3.731774926534284553e+00
3.667612528531352112e+00
2.384697024424142775e+00
3.923178847817450965e+00
3.153747186762671184e+00
4.106849052380857401e+00
3.654081824470961415e+00
4.259736814706303498e+00
4.000409158160057821e+00
4.186576370037093930e+00
2.785888272613562311e+00
4.253632794341517531e+00
4.185250201081991861e+00
3.708324912333385903e+00
4.219738059429388954e+00
3.714027810165210663e+00
3.471320868989750341e+00
2.502082621046142208e+00
3.930038047982737481e+00
3.887997924189609655e+00
3.658644397728095576e+00
3.292168147300939207e+00
4.257205077401089000e+00
3.679453689168867392e+00
4.152437273117302929e+00
3.928633853230838469e+00
4.273264436973590819e+00
3.411682844760389077e+00
3.179945555076780117e+00
4.301492688464585434e+00
4.026997971374504104e+00
2.704539211844829261e+00
2.730083337003568644e+00
3.033310158725623040e+00
3.490018386197924372e+00
3.957581857340380260e+00
3.997990954672838271e+00
3.368586203968151782e+00
4.175393985671115971e+00
3.711527670560281322e+00
4.089995020602334108e+00
3.253229029682731532e+00
3.639784180697565041e+00
4.116683285783349078e+00
3.628232707157986958e+00
4.117976830120774423e+00
3.231211869643859647e+00
3.797105569109524570e+00
2.379131992347536251e+00
3.297888860921148524e+00
3.515432590660226175e+00
3.336447280179086317e+00
3.765050879650064797e+00
4.290140399801940063e+00
4.189321195206510140e+00
3.606920126465839704e+00
4.176725958632806268e+00
2.750708633764212152e+00
4.039224117757291843e+00
3.583451515141396815e+00
4.218499815293450972e+00
3.669318495573601790e+00
3.910425969116468892e+00
3.622532213248286670e+00
2.321138560658350780e+00
3.653829322205211838e+00
3.766587491933579557e+00
3.779929204548364563e+00
3.859908241284556674e+00
3.829466288637124016e+00
3.888428228401849207e+00
4.093797906597552050e+00
3.109385825058897268e+00
4.289299298208663735e+00
4.167861041259119048e+00
3.326449104670786916e+00
3.596491132294818094e+00
4.164407052101171125e+00
2.678181639969583916e+00
4.186072939248556501e+00
3.714847537685905365e+00
3.519611676555178814e+00
4.220054860840463107e+00
4.255366617556263442e+00
3.081506492119050034e+00
4.110231926261136870e+00
3.439065388387697375e+00
4.192451222173879444e+00
2.881127963357958066e+00
3.022957789841850484e+00
2.790014671596265927e+00
3.245162212060770823e+00
4.176825877474328763e+00
4.289016817521039471e+00
3.489034116439861943e+00
4.212326595273441221e+00
3.519017781703495107e+00
3.851591461641744818e+00
2.410075083469288337e+00
4.153041573600199321e+00
3.263187507399387677e+00
4.205615217607229894e+00
4.107463265093015181e+00
4.241052309684212318e+00
3.942276285095558830e+00
4.068926967408916795e+00
2.191838562503025223e+00
3.991076403025601405e+00
3.601057175033206104e+00
4.020417471584839753e+00
3.648349772272190705e+00
3.780335689110551289e+00
3.273500600072194011e+00
3.690098995388158887e+00
3.388248527812982136e+00
3.144221582968321549e+00
3.827699484474971658e+00
4.251923413655616990e+00
2.355829006774984968e+00
4.137316182629279027e+00
3.009513147476547523e+00
4.205606197647735023e+00
3.459831064241907672e+00
3.824842364921723359e+00
4.183029345486395378e+00
3.344349748616238571e+00
3.607858620311918951e+00
3.529735441036617516e+00
3.506042746348553063e+00
2.877845889165408177e+00
4.106553169741317788e+00
4.274083953929550539e+00
2.965144343801921600e+00
3.656158688750252406e+00
3.891782444832859955e+00
3.202533366228207612e+00
4.053196122733758067e+00
3.607000300872728715e+00
4.275674981712425549e+00
3.541821237112882326e+00
4.033070022706668922e+00
4.049517994180485303e+00
3.782515561565655826e+00
3.623958200105366068e+00
3.651776071949392133e+00
4.214745113693272316e+00
2.927998156556368414e+00
3.757450752178557618e+00
3.741153767376340422e+00
4.113238871066534408e+00
4.265824375192704743e+00
2.675471967369074999e+00
4.270095206012040734e+00
4.284753551923124348e+00
3.965764141390823561e+00
3.133578778195696302e+00
3.391458994961395579e+00
3.624215314515109920e+00
2.887526895239904690e+00
4.023305761385965518e+00
4.071194824695313130e+00
4.036483042673587818e+00
3.914607267662170820e+00
3.528983894227283091e+00
3.696230025937303765e+00
3.992481800342568388e+00
3.410910379146196991e+00
3.724849585171903232e+00
3.489967956825777762e+00
3.811818438724956071e+00
2.432839403255406374e+00
4.182966930254277571e+00
2.502082621046142208e+00
3.840600076882676461e+00
4.200379603941721385e+00
3.090509045507741082e+00
4.132247911962242171e+00
2.758792350858911835e+00
4.025059698100132977e+00
3.831537298424574800e+00
4.038639272925896861e+00
4.209334272810601796e+00
4.168564117058233265e+00
3.311725010719566598e+00
3.780348547382403890e+00
4.070811098751997648e+00
3.983219832179731412e+00
3.811207383895835576e+00
4.034986573463282156e+00
4.052744190130693092e+00
4.025915573958513072e+00
4.236269133462818637e+00
3.559246189699678986e+00
4.243491622066558833e+00
3.052655819546227001e+00
3.450500400486017583e+00
4.166023214783841411e+00
3.728243670880212690e+00
4.131948784890669302e+00
3.299434846826637457e+00
3.237115935376440934e+00
3.690608363084898258e+00
4.266629277595947123e+00
3.325818761697372672e+00
4.168794203372311102e+00
4.038584266883952445e+00
3.046124507221306121e+00
3.938917155047469976e+00
3.988357637192370575e+00
3.219152299394389516e+00
3.794838774427588657e+00
3.325129506754395781e+00
2.227577965905367385e+00
3.403679545255069883e+00
4.145251712058523275e+00
3.499169448059904486e+00
3.535126515570411243e+00
3.479713502543071435e+00
3.881757757420333466e+00
3.634096910724951446e+00
3.426998239964137660e+00
3.701498510506024076e+00
3.837488444500433360e+00
4.233666612595913037e+00
3.414535605582708744e+00
4.153341784263740344e+00
4.118081326735540060e+00
2.547878117123822506e+00
3.762853231022991629e+00
3.729083586054382060e+00
3.916790448025439186e+00
3.581864033052600149e+00
4.037400235193675968e+00
4.196205563088085455e+00
2.982751846629206227e+00
2.909737423181432803e+00
3.418869738789023671e+00
2.567919624850211857e+00
3.707391267970632676e+00
3.990486530590247050e+00
3.958192358085043772e+00
3.071824447738217501e+00
4.295037315908641240e+00
4.147899998167778435e+00
4.264837579748574470e+00
4.178845363711005234e+00
3.621423960993340074e+00
3.849022864825727641e+00
4.119304019066737155e+00
4.030096109335622678e+00
3.301311399839034877e+00
3.803531965855770913e+00
3.623121631123357389e+00
3.422422823592031538e+00
3.101671410301595877e+00
3.918837779143668598e+00
4.130999205768034699e+00
2.829095024943379499e+00
4.144091080983887565e+00
4.152122427266899507e+00
4.299530433579287880e+00
3.510083545183251275e+00
4.189544518828600239e+00
2.658196078390411277e+00
3.967088813663354863e+00
4.024519855800919643e+00
4.015017693700054124e+00
4.082114909697247107e+00
4.110309246790524895e+00
2.414282552013566896e+00
3.915242488322690839e+00
4.046777577623918098e+00
3.508562069837291908e+00
3.513732097813647925e+00
4.036435199441521959e+00
4.078232124130857450e+00
3.606920126465839704e+00
4.125476824818495203e+00
4.288331344749424900e+00
3.627658908449872044e+00
2.649694440872989443e+00
4.134233223245634470e+00
3.570003744575397597e+00
4.005881379738416292e+00
2.773474752249945663e+00
3.663828872600511488e+00
3.977087022807717531e+00
4.049939593010733141e+00
3.440444250395103154e+00
3.485081170824935182e+00
3.972498536951461823e+00
3.992910749971039230e+00
3.847226900867583232e+00
3.902177932617536982e+00
3.528373434228170957e+00
3.854422551975635436e+00
3.565488013797089906e+00
4.207963476209079623e+00
3.443512268397516785e+00
3.678312267957811521e+00
3.591556757693687985e+00
4.071061835485120461e+00
3.793081598219709694e+00
3.637482074387667463e+00
2.824677426234042610e+00
4.218703558013087829e+00
3.246873138608647125e+00
4.242753058534926680e+00
3.540018247417420660e+00
3.620352748627795325e+00
4.242324933910330387e+00
3.226393401537978711e+00
3.386110158975150775e+00
4.073828340519775715e+00
3.513239630502042576e+00
3.475105637591044072e+00
2.915783480302617026e+00
3.912976858933095770e+00
3.283769606624804105e+00
3.701147742436820653e+00
3.489033135907102068e+00
3.774009953352194024e+00
4.279347118593264554e+00
4.137316182629279027e+00
2.832667669499540075e+00
3.703046572806600434e+00
3.421009165777832983e+00
3.511709732024016262e+00
4.264974573454603402e+00
3.811295338846568015e+00
3.880995867855599357e+00
3.116209911127737264e+00
3.836771218522922133e+00
3.009167315527591757e+00
4.276106926605764080e+00
4.177314229226194442e+00
3.095355187845316269e+00
3.064098232433390745e+00
4.142778106136791649e+00
3.885597683594422591e+00
3.283276699868042492e+00
3.915247214205085591e+00
4.129159019848986922e+00
3.608971895977203470e+00
4.124853678739249574e+00
4.189481545229349457e+00
3.143334786585791907e+00
4.258506920035275201e+00
3.959920448903410772e+00
2.938159722229153559e+00
1.834959571018537350e+00
3.921171189037204741e+00
3.973970679401526152e+00
3.536046993870553212e+00
4.163174882428854140e+00
3.905759970532240999e+00
4.241516106567844169e+00
4.244779644219487835e+00
4.089995020602334108e+00
3.946975296888839413e+00
3.926499861368716982e+00
4.167286950216835706e+00
2.840867886851422330e+00
4.280060124605267191e+00
4.111937331895874514e+00
4.058707969795956494e+00
3.561918279456714131e+00
3.996937575477795157e+00
3.809210736153562316e+00
3.581874622055811308e+00
3.778303028868999824e+00
4.065725105687588048e+00
3.842089519944873022e+00
3.881422158669544764e+00
2.981260583403093634e+00
4.150975016019357255e+00
4.111587220660597453e+00
4.057435731869510676e+00
3.878704243407679719e+00
3.083403864406099704e+00
4.054699899919871342e+00
4.178573403651372864e+00
3.496851749290761369e+00
3.332391988799219273e+00
3.546599577840071404e+00
3.975787446332637920e+00
3.658146494604193499e+00
3.378131621810009033e+00
2.930475096779932009e+00
2.956975696765441697e+00
3.081860535017126868e+00
4.078680513911683292e+00
3.678016310817289636e+00
3.983063661136863498e+00
3.934524120701942795e+00
3.693183926834683994e+00
3.379762177452201755e+00
3.213304763177232015e+00
3.807926108220955896e+00
3.824362457263452697e+00
3.393897351498033732e+00
3.109385825058897268e+00
4.206264654723669949e+00
3.567101893406884994e+00
3.746493540933442112e+00
3.969707400496382377e+00
3.498419979508020194e+00
3.702152304732986732e+00
3.959920448903410772e+00
3.962321631403223243e+00
3.915056432723361457e+00
3.028665343998563131e+00
3.767386620992668966e+00
3.738921330799452658e+00
3.634227265873879897e+00
4.133716515513287781e+00
3.392967230100812248e+00
3.848579514811018676e+00
4.218581990462104692e+00
4.135287376753387534e+00
2.935386921551784489e+00
4.127032945835580335e+00
3.636306868705428297e+00
4.044184350213082979e+00
2.538275246167227994e+00
3.491949345263665627e+00
4.287897038540246619e+00
4.160443382954971625e+00
3.834283178569299899e+00
3.695278233499683651e+00
3.519691503243692399e+00
4.057946689336167978e+00
3.368215048915166321e+00
4.288143969005304257e+00
2.931083439445003158e+00
4.181157501280557298e+00
2.793129809608673852e+00
4.091195060589629229e+00
3.392135797020113586e+00
4.123320801890666409e+00
3.825265781350911443e+00
3.898327391160599120e+00
3.573402878638973323e+00
3.901613156960106021e+00
4.293420398593662313e+00
3.400868510384433829e+00
3.890960322210674782e+00
3.937786509277430458e+00
3.440444250395103154e+00
3.444644844207068068e+00
3.502867555797971821e+00
3.349231232559015670e+00
3.871105379110516331e+00
3.947083332774410813e+00
3.353577208774515928e+00
3.840874849350033315e+00
3.233707950169268486e+00
3.249745122333433933e+00
3.569510893088650327e+00
4.297099127685987341e+00
3.996074252220062295e+00
3.921858450386077610e+00
2.881643055124216257e+00
4.241530227864962477e+00
1.791528782502739503e+00
3.671631181988676662e+00
3.608902736684682644e+00
4.159499498611204160e+00
3.956851764332586452e+00
3.963117407796159064e+00
4.197064290157268118e+00
4.246318748898972650e+00
4.093345279180514495e+00
3.006038334779463028e+00
4.285714188630113775e+00
3.637552631022791250e+00
3.640624142169146538e+00
3.303261614710742755e+00
3.016138102525504294e+00
3.657295029650919460e+00
1.880567410137430340e+00
3.947083332774410813e+00
3.548402026066738824e+00
4.263805947552374853e+00
3.047521778458750497e+00
4.176057376550339484e+00
3.931869755986579840e+00
3.871013005032510890e+00
3.762853231022991629e+00
3.956866367569681575e+00
4.096497241819573532e+00
4.126435583953636410e+00
4.221577384077590089e+00
3.956400503815125091e+00
3.875490501329964310e+00
4.211215102969152468e+00
3.027051826428521775e+00
3.907391708900171068e+00
2.826152489881689878e+00
3.875168143317297975e+00
3.462255479480861542e+00
3.927568233836214340e+00
3.140817577938531002e+00
4.243555924100573584e+00
2.921202138337551713e+00
4.051067999341920967e+00
4.040890753996254858e+00
4.204265802841439026e+00
3.641739624158319977e+00
3.356047985673055400e+00
4.052497272355522817e+00
4.092555567617862877e+00
3.798915335952160799e+00
3.190329476696659228e+00
3.507282047840574624e+00
4.255902180179091943e+00
3.641739624158319977e+00
4.114100945890925232e+00
2.807412813266694229e+00
3.774477888972356254e+00
2.278482799311515983e+00
4.202669511623462917e+00
3.286958099498061614e+00
4.267448499838661924e+00
4.017254151428587328e+00
4.139849133617633292e+00
4.119362413481013618e+00
3.590291996653506068e+00
3.916112900997450907e+00
3.928326202184396099e+00
4.109376879439651908e+00
2.821162298464509721e+00
3.998573756625465325e+00
3.024897658452766702e+00
4.018013752778503367e+00
4.142243820200175897e+00
4.157580377188011767e+00
4.001805963683558787e+00
3.778460748371784472e+00
3.416143159348395297e+00
3.430216733466934009e+00
4.132147462764750756e+00
4.158848248065463160e+00
3.397359535292943100e+00
4.004904520500688569e+00
3.520211779934237839e+00
3.199081782035288590e+00
3.490993908852209060e+00
3.483926706840471788e+00
2.897024258299858879e+00
3.712321318214866661e+00
3.793400358832337282e+00
3.609420455733407529e+00
3.231659201672100412e+00
4.270475334727480643e+00
4.196642178941285550e+00
4.138013610095177874e+00
3.762601500678938393e+00
2.865654618878991755e+00
3.118596891990828013e+00
4.220399446750613848e+00
3.999491114435822503e+00
3.542812592445091280e+00
3.018717963996445874e+00
4.033968664819608030e+00
4.134408647744173493e+00
3.780541349198779155e+00
4.249247098377068710e+00
3.158315338159333852e+00
3.908969021745502648e+00
4.246318748898972650e+00
4.221749362955299567e+00
2.913006836615076978e+00
3.803770226637031460e+00
3.807893265717031461e+00
3.912976858933095770e+00
3.094256465894794861e+00
3.287926859378116795e+00
3.827393385948830495e+00
4.055238339474236398e+00
3.009593660021203654e+00
3.845206065080070346e+00
4.259981494493867871e+00
3.608395455678634622e+00
2.505474230203695640e+00
3.302542608850774553e+00
3.616134069070418899e+00
4.058859657370126328e+00
2.783899513333219833e+00
3.954469735882803150e+00
4.136476882584560144e+00
3.869240687654150523e+00
3.131548548235321139e+00
3.861959363887169427e+00
2.948512428428522014e+00
3.749837794142596437e+00
3.730485761313974802e+00
3.730642535328778209e+00
1.550657064657674944e+00
4.102725159476279693e+00
3.155661039622447817e+00
3.741464038513572898e+00
4.018370466771481908e+00
3.891782444832859955e+00
4.055494554052384792e+00
3.871899593375994542e+00
3.393640533082798783e+00
4.035286843597283735e+00
4.023026264842643585e+00
3.140684226969215231e+00
3.159676528688525998e+00
3.412291985767674340e+00
3.825201550306561504e+00
3.782731830357584535e+00
4.213717149814007357e+00
4.091883750897773453e+00
3.986343941015077608e+00
3.693611299349789157e+00
3.675142917537678855e+00
3.946936322133398622e+00
3.537564351923816020e+00
4.144735963410747459e+00
3.851107659905136593e+00
3.576164888840098310e+00
4.037079618649104695e+00
3.878411186154739898e+00
4.192799276663475183e+00
3.769313189395197217e+00
3.821873940483091481e+00
3.336535735769708300e+00
4.100149786702475652e+00
3.081860535017126868e+00
4.258880402245437402e+00
3.937116332465493862e+00
3.448287796940916916e+00
3.426657428391224336e+00
3.166788078929110739e+00
3.328263372256671904e+00
3.948937155907889185e+00
3.862371258064426272e+00
3.803020025475998267e+00
3.704720251553008215e+00
3.509527122708700375e+00
3.293013663308353323e+00
3.784108750040894531e+00
3.712701315074575348e+00
3.760355694038875374e+00
2.106301138150958430e+00
4.113466956336274905e+00
3.873312663835505099e+00
4.179442276516549981e+00
3.473204713949800571e+00
3.452094962745102080e+00
3.267981051835975759e+00
3.574326395795304645e+00
3.970880304087375468e+00
3.145884241440045859e+00
4.201423376344233240e+00
3.269872702691971167e+00
4.000276296190082626e+00
4.055896141130643784e+00
3.190329476696659228e+00
3.916984920158392836e+00
2.957162056966726738e+00
3.056309051875316651e+00
4.277383233709733723e+00
4.076383186149643123e+00
4.145881653788874743e+00
3.724818472313033979e+00
4.152680795087050569e+00
3.057110881046955608e+00
3.239309675125983556e+00
3.016138102525504294e+00
3.920659001102848595e+00
4.124853678739249574e+00
4.250017780416813551e+00
3.913448342226838683e+00
3.208795576035882391e+00
4.260785780257235977e+00
4.001459653311184361e+00
4.158712556074427802e+00
4.022607816927862956e+00
3.605018495355454711e+00
3.518329451260787888e+00
4.279875359463914286e+00
3.948692292789647507e+00
4.253375572560170070e+00
3.323101203462714093e+00
3.370475091545519497e+00
3.798008383511990438e+00
3.651615535063065465e+00
3.737517197605565222e+00
4.120601927261222208e+00
2.983268880066386686e+00
2.888846103873220716e+00
3.397533642033752965e+00
3.191492666903203546e+00
4.124048506359173416e+00
2.410075083469288337e+00
1.730048027417673495e+00
2.306363375921180570e+00
3.777666150053700100e+00
4.154498769013486026e+00
3.653470138540935608e+00
3.334271975379965447e+00
3.618482256348999115e+00
3.960680248168933826e+00
4.113030612018366838e+00
3.027183811497873744e+00
2.868556984169094992e+00
3.574072499530062785e+00
3.858729614046266132e+00
4.273174723954437759e+00
3.947083332774410813e+00
3.249484677737050742e+00
3.688989232294154874e+00
3.637879356007052589e+00
4.285400634824487298e+00
2.400464576429357955e+00
3.556885848766829561e+00
4.219838618947107989e+00
3.742827326187426529e+00
3.439622016210837963e+00
3.351678930821567981e+00
4.184985693658011208e+00
3.729673752316771118e+00
3.621819045005179039e+00
3.063432347561819480e+00
3.909891670691801657e+00
4.175490979254258050e+00
2.459776116507790267e+00
3.468069369416356462e+00
2.860532772655735023e+00
4.276503136717779263e+00
3.965501161165700950e+00
3.936855842996822563e+00
4.166918073578247395e+00
3.718341089734122917e+00
3.705485501865201758e+00
3.482417854057731521e+00
2.976714360428440287e+00
3.426859603052577086e+00
4.079080494678068547e+00
3.229928925101870796e+00
3.990776294761940068e+00
4.175490979254258050e+00
3.283276699868042492e+00
2.213947965150490305e+00
4.044094482324141815e+00
3.682154116064809912e+00
3.748416212115132318e+00
4.293379673105016003e+00
3.502437796879769305e+00
2.545993829762215555e+00
3.173351397829507370e+00
4.242520050307637014e+00
2.835300446442832190e+00
3.442489884480912199e+00
3.600054265910200613e+00
4.200379603941721385e+00
3.814942372580995666e+00
3.814603959946505363e+00
4.102006804907579962e+00
3.536049089359031505e+00
3.748958928246138633e+00
3.716272952262823726e+00
4.142778106136791649e+00
3.762501282320426910e+00
3.986596974052495135e+00
3.287753400526178371e+00
4.141043046308185538e+00
3.558098511747846082e+00
3.899320336076600668e+00
2.740365559946080332e+00
4.066613975555932292e+00
3.122052088612307763e+00
3.561918279456714131e+00
3.015141763698705013e+00
4.159499498611204160e+00
3.160394680810012513e+00
3.901338535554523368e+00
3.999199793760078059e+00
3.886360501055381000e+00
3.821253291461028212e+00
3.272121727492101506e+00
4.149975225808728574e+00
4.200648428827996383e+00
4.219512975926316578e+00
3.704423199468491745e+00
3.992910749971039230e+00
3.872124640953340080e+00
3.354828108489257499e+00
3.519611676555178814e+00
4.001219248323681477e+00
3.833981928010306017e+00
3.532741602796551472e+00
3.913448342226838683e+00
3.581927537976098197e+00
3.267047073921597544e+00
2.845836453953998202e+00
3.133044445265516842e+00
3.945663464322970881e+00
3.935371227522710402e+00
2.418734107637302344e+00
4.071796044792702851e+00
3.641965769862462565e+00
3.921764064569904118e+00
3.375710900379507606e+00
4.125476824818495203e+00
3.601057175033206104e+00
4.177637392626099455e+00
3.379708411029730186e+00
3.284156375826382757e+00
3.441876952803267997e+00
4.269972503895942850e+00
4.068926967408916795e+00
2.971235346075208561e+00
3.144639016121858255e+00
4.300887947463111871e+00
3.922154014009233691e+00
3.762601500678938393e+00
3.345284260630898565e+00
3.194265848698499166e+00
3.297881391826213093e+00
4.105151558888977092e+00
4.285447374883956329e+00
4.167270460509524099e+00
3.508682521465283699e+00
3.986674718652136740e+00
2.931866940636179031e+00
3.451061792781858983e+00
2.298299474184177793e+00
3.480430451794686686e+00
4.290286995349137378e+00
3.457605178211673014e+00
3.348590582648628189e+00
4.188568810645103113e+00
3.745274159558869886e+00
3.529529967359104070e+00
3.299830858937752076e+00
3.886360501055381000e+00
4.198239369887996730e+00
3.869426946218356811e+00
3.795159527051713777e+00
4.132643134562818510e+00
2.942234066748416144e+00
4.046816658168651770e+00
3.402950689517072025e+00
3.300866437256492425e+00
4.252636434175043334e+00
2.384435183277188397e+00
2.815163456605037418e+00
4.248191492265492641e+00
3.917407755547256176e+00
3.794743149870250409e+00
4.046554799230707822e+00
3.259309571768445934e+00
3.001499377616238640e+00
3.193954982942419196e+00
3.232383517127983996e+00
3.713250044261579674e+00
3.389174058211097851e+00
2.178109189228957021e+00
3.673369488418647855e+00
2.448762116679985112e+00
3.969894869761278144e+00
4.118081326735540060e+00
3.125408217586952198e+00
2.901024343102946546e+00
3.640668342643393451e+00
3.286761191681073058e+00
4.120242860905526605e+00
4.256811956746176406e+00
3.566626230816877907e+00
3.937294535044831179e+00
2.849440269821023275e+00
4.145872195983857367e+00
4.241086229543347130e+00
3.669143522408120806e+00
4.001616809825858212e+00
2.568909550370320094e+00
2.924564845321721673e+00
4.202267449716052816e+00
3.401833092612372766e+00
3.830086728234262772e+00
4.132247911962242171e+00
3.413581839923091721e+00
4.020647732479904590e+00
2.790014671596265927e+00
3.956851764332586452e+00
4.267133425460128748e+00
3.503102414623021854e+00
3.884394188892899891e+00
4.219486592303610450e+00
3.712602111300027374e+00
4.074321131017331510e+00
4.058707969795956494e+00
3.611091282919223211e+00
2.050357484533003039e+00
3.789428510149289053e+00
3.992910749971039230e+00
4.288753598049199312e+00
4.276393225927035857e+00
3.101995626861812294e+00
3.219045992869843609e+00
4.177343523642347733e+00
3.544693474404608580e+00
4.048032429826114331e+00
3.629907607055717467e+00
3.858540536033299162e+00
4.002250078804847178e+00
4.222969278267341586e+00
1.762610624180336760e+00
3.629929881493742183e+00
3.570500923297533991e+00
4.132613421933379882e+00
4.101508640081489965e+00
2.909737423181432803e+00
3.286761191681073058e+00
2.810687424810758728e+00
3.193954982942419196e+00
3.851556336189347451e+00
3.798751516232150127e+00
3.493584321736741494e+00
4.088141814270201735e+00
3.626977457838437946e+00
3.992117701437488009e+00
4.225633122564298461e+00
4.253897201203712619e+00
3.920479338528357616e+00
3.189444306732240886e+00
3.771020212868333221e+00
2.989571356454858719e+00
4.274083953929550539e+00
3.593159483161584067e+00
3.038014822440864293e+00
2.933676273155768843e+00
3.168018777960165622e+00
4.010659059955603567e+00
3.972380998264002816e+00
4.188185007034675778e+00
3.662568340389397825e+00
3.808985646070737197e+00
4.227559258532809672e+00
4.153638518119042722e+00
3.502130503695414898e+00
4.207332877522710568e+00
3.805665723174540549e+00
3.049694938177258230e+00
3.649761605189201674e+00
2.917918485827876829e+00
4.018547292624480072e+00
3.993825079143355161e+00
3.888378540801303629e+00
4.202683304928810593e+00
3.910472227536232914e+00
4.142243820200175897e+00
4.088958861969443248e+00
3.377414777242770949e+00
3.017290147869145400e+00
3.550324210069759179e+00
3.878366751584789274e+00
3.974665737177125457e+00
3.703273312341059942e+00
2.912032615765831611e+00
4.207371913555552290e+00
1.984293011515078531e+00
3.337237763758122533e+00
3.493655067423317995e+00
4.186852217245750296e+00
4.101519950558245142e+00
3.545089933851459207e+00
3.872239849654519617e+00
3.575187043865704961e+00
3.460835461076286812e+00
3.992921192029973199e+00
3.969937620743508422e+00
3.150547977161867408e+00
4.153800345853837506e+00
4.072676004010736150e+00
3.842038965537401651e+00
4.055942546898589463e+00
3.200820248966746107e+00
3.154958118385081445e+00
3.774009953352194024e+00
