1.360026975046597086e-01
1.365979386300792409e-01
1.375594234747865297e-01
1.369020940407986164e-01
1.376044858562733564e-01
1.368976626677463615e-01
1.374136483008122356e-01
1.370803488491734445e-01
1.376816757358508281e-01
1.357162307119602618e-01
1.364711941964444897e-01
1.365533270119507203e-01
1.371793088264638139e-01
1.363987038020728904e-01
1.374805291758702808e-01
1.376037417143185226e-01
1.367466124012825246e-01
1.372624666459766052e-01
1.370525424835874195e-01
1.368615238170809711e-01
1.375767261803812480e-01
1.374379350363998664e-01
1.376776110692349009e-01
1.374355283667191285e-01
1.372872681272093442e-01
1.376237330737105358e-01
1.372568626138941095e-01
1.376778915414651472e-01
1.368798510697930571e-01
1.370872739410862462e-01
1.373130999995496315e-01
1.376778723277179983e-01
1.365355080902304064e-01
1.374688018626769592e-01
1.370414653088042889e-01
1.373216182433290022e-01
1.360362421040548775e-01
1.372885450825848119e-01
1.361099521658090672e-01
1.349626050758335194e-01
1.367183012298647804e-01
1.371329641517562703e-01
1.364186680699462639e-01
1.373523084884612222e-01
1.367460064936180109e-01
1.368970565390964789e-01
1.372925831863835711e-01
1.372554055770061898e-01
1.371034556834379581e-01
1.369417474027989357e-01
1.361293684104395996e-01
1.374710020619156481e-01
1.367782311782420324e-01
1.362418303645968054e-01
1.362060565958951031e-01
1.375202381774424665e-01
1.370712305504370176e-01
1.363701250898062545e-01
1.376178010184509748e-01
1.365408423439258556e-01
1.372336652748497310e-01
1.363967742081306223e-01
1.376711721246326459e-01
1.376029370817423991e-01
1.362556575759452104e-01
1.376786039969108699e-01
1.376925232086411988e-01
1.376124124023940520e-01
1.369331710455528317e-01
1.365675710738537829e-01
1.370779403466166335e-01
1.375883577699192062e-01
1.369748030369086211e-01
1.370235628913005210e-01
1.376448424442236196e-01
1.368288539143305838e-01
1.375269479137999629e-01
1.375671921606560488e-01
1.372392200166654974e-01
1.372122626441791837e-01
1.374402156761357074e-01
1.372999498704084997e-01
1.363701770825103965e-01
1.359271162792932419e-01
1.375040143256678338e-01
1.364518184227467845e-01
1.355338307696439537e-01
1.370566845416829327e-01
1.366458181005132388e-01
1.375399276301677853e-01
1.371698909490526308e-01
1.376942820738797368e-01
1.374270112008041944e-01
1.375910701379075562e-01
1.376929743119309490e-01
1.370346504330275383e-01
1.362110511414657277e-01
1.372604567122856778e-01
1.362109761031211619e-01
1.372484641860216570e-01
1.375463506984424544e-01
1.374846080726343789e-01
1.374262907389115496e-01
1.372739055213966775e-01
1.372934109812503356e-01
1.368907628128389065e-01
1.373546172240869834e-01
1.369013333219333828e-01
1.365406509587149819e-01
1.369843413297772150e-01
1.370409469904050881e-01
1.376409924967855192e-01
1.369278292015951026e-01
1.373480422972896409e-01
1.371001377274785049e-01
1.369646989745182120e-01
1.361277417767254860e-01
1.372372594408428348e-01
1.376373557744959009e-01
1.373876775266793249e-01
1.371737403875801786e-01
1.374389903598385587e-01
1.376528078819829470e-01
1.376716413545845952e-01
1.373445804378672364e-01
1.376531833915582981e-01
1.376224041820970911e-01
1.372066601037855160e-01
1.368321016167150517e-01
1.360444111620629504e-01
1.373091506237958115e-01
1.371767801528698538e-01
1.370414400067699601e-01
1.362799960431297086e-01
1.366530284086751867e-01
1.368392771900086291e-01
1.368335177793707502e-01
1.375834936278902965e-01
1.360171797662255433e-01
1.371830451568021858e-01
1.375266777641473148e-01
1.373739921487130144e-01
1.376324323631183677e-01
1.366319420041790245e-01
1.376959290816217873e-01
1.372113684497007768e-01
1.370909765292537830e-01
1.370879122122488913e-01
1.374701895525519135e-01
1.372373692806537204e-01
1.368375343014978374e-01
1.366867225198107882e-01
1.363694134786745116e-01
1.360808937163421328e-01
1.376007665000843483e-01
1.374704303737346311e-01
1.375873095009289004e-01
1.375910963840973611e-01
1.372324075478958960e-01
1.372518934122390621e-01
1.369112833353073877e-01
1.373256289737020408e-01
1.370270705307043979e-01
1.376711721246326459e-01
1.372889887159296496e-01
1.372371632213873760e-01
1.376965699785417385e-01
1.373485990919064981e-01
1.372209551551678564e-01
1.376279128278466712e-01
1.369819982014286730e-01
1.367349489366679882e-01
1.365179854620245381e-01
1.372230208883673808e-01
1.360893776370436514e-01
1.365404500881404470e-01
1.373271252855625124e-01
1.376120988981731075e-01
1.373445804378672364e-01
1.371785144210488638e-01
1.375145738236669413e-01
1.362882713761929265e-01
1.372963308510685709e-01
1.373118236052405516e-01
1.372153387229191890e-01
1.374038222219564065e-01
1.370178448868602517e-01
1.371363867848877649e-01
1.372728541781391698e-01
1.364409960736043259e-01
1.360754016363586172e-01
1.374440993047841841e-01
1.369660920746528232e-01
1.370493179836182185e-01
1.369798770979440972e-01
1.372579937311501908e-01
1.367728097697487599e-01
1.366132206881093825e-01
1.367122267505002930e-01
1.371136744413764541e-01
1.376007372415243291e-01
1.370890723401713696e-01
1.364761566687914818e-01
1.370925460571561505e-01
1.356866092880583963e-01
1.362251441279877517e-01
1.376288121173001311e-01
1.376448362113903146e-01
1.356604651584839005e-01
1.364574691666365358e-01
1.364626547842267557e-01
1.369448045972240791e-01
1.370694040282175175e-01
1.373897764400558441e-01
1.374852707596672108e-01
1.376749910143552635e-01
1.365643749426007636e-01
1.375588749568813218e-01
1.376647904352389928e-01
1.373053173772725011e-01
1.359881244122788657e-01
1.374631483119744535e-01
1.358234317747373243e-01
1.371672011380740408e-01
1.367946446203160971e-01
1.376473349775290400e-01
1.362552609322522645e-01
1.372948243512688571e-01
1.373999156495543383e-01
1.374292782228784537e-01
1.374642768468885834e-01
1.360334217932313572e-01
1.355969338871295116e-01
1.370879032701687872e-01
1.368268745556601440e-01
1.370585646108569144e-01
1.367314237961715639e-01
1.374378767568614212e-01
1.366029821322552462e-01
1.374533231108377995e-01
1.374384236927621294e-01
1.374926503610147677e-01
1.359881244122788657e-01
1.372206984128453988e-01
1.368963867753273944e-01
1.367075105175895866e-01
1.374661822840760328e-01
1.371782303363309752e-01
1.375936320222507225e-01
1.365046519615531750e-01
1.376812394670721973e-01
1.372692371548414614e-01
1.370021848940115583e-01
1.376528078819829470e-01
1.368719417188581644e-01
1.370784789385540992e-01
1.366978745607975998e-01
1.370560312317269103e-01
1.372962792034047586e-01
1.370643829157995597e-01
1.369905452538034418e-01
1.369110683415248053e-01
1.367444914017249269e-01
1.365226155950158560e-01
1.375422540038569730e-01
1.376070832256249543e-01
1.376241974076525820e-01
1.371771101080352939e-01
1.376748996671939562e-01
1.362508083113393165e-01
1.373519048812970600e-01
1.375779395334319755e-01
1.371314364579874212e-01
1.367696373422048473e-01
1.361775938690863996e-01
1.363860628203963365e-01
1.367747851807157577e-01
1.368681566643325520e-01
1.368222950802344129e-01
1.373308560522234489e-01
1.361293684104395996e-01
1.361113943168923424e-01
1.374143086759175292e-01
1.367748869277345403e-01
1.372411800852478547e-01
1.364690020042262919e-01
1.365051348954824662e-01
1.369507075470078050e-01
1.375433391883296719e-01
1.366431164605593773e-01
1.366164389154869985e-01
1.363086569354294286e-01
1.374350083210869877e-01
1.361807509587307508e-01
1.373797313537506171e-01
1.371783778589709124e-01
1.369263890155116292e-01
1.375945291027385609e-01
1.376758631127336929e-01
1.371656530329806167e-01
1.374418844947365714e-01
1.368498745584224574e-01
1.375033869557464594e-01
1.371102884645035158e-01
1.353329635187972835e-01
1.373477475767327372e-01
1.366659116869654023e-01
1.374778227356444060e-01
1.373704466251358669e-01
1.365113271085952873e-01
1.361947044294987696e-01
1.369372547522983430e-01
1.372871900741418350e-01
1.366997258008923743e-01
1.365936384325656672e-01
1.374895503527713836e-01
1.370359582660165276e-01
1.356465527702993279e-01
1.376595946407022097e-01
1.374600021076569922e-01
1.372157394468352387e-01
1.376729149888183124e-01
1.370036769903552332e-01
1.376232184906596989e-01
1.371394111106848945e-01
1.363269139373748939e-01
1.371838985759341045e-01
1.373670688937560502e-01
1.369084748949488672e-01
1.372328428202378436e-01
1.366156975017716324e-01
1.363763615273170249e-01
1.375418095964910936e-01
1.373811674620948331e-01
1.367154275551576426e-01
1.369704078749265641e-01
1.368309049718548498e-01
1.374499516623678141e-01
1.371779072014873979e-01
1.370595192778317761e-01
1.369286339782352646e-01
1.375119247762854324e-01
1.372888135748935867e-01
1.371007009325235226e-01
1.375935179405103348e-01
1.376239026193536441e-01
1.373786714756257965e-01
1.369704078749265641e-01
1.373360206340352163e-01
1.370526946991119099e-01
1.354743062383934049e-01
1.376442913798143763e-01
1.365010677666706473e-01
1.366721932745132706e-01
1.361178290543901270e-01
1.372962265837109064e-01
1.374826270281405138e-01
1.355866981873387334e-01
1.376894241259822849e-01
1.375051548693638492e-01
1.361293684104395996e-01
1.359235928279654282e-01
1.373760997838876785e-01
1.373203684017450799e-01
1.375517286537661088e-01
1.370925460571561505e-01
1.376892830795881095e-01
1.372091405506582484e-01
1.362312772788645265e-01
1.375843532004669689e-01
1.369170197139528977e-01
1.373103437301712582e-01
1.365652395642638073e-01
1.368892484043546520e-01
1.376265921252788349e-01
1.376551501940552757e-01
1.376591792260355995e-01
1.364892557039301957e-01
1.375928427042961144e-01
1.376729125800428277e-01
1.375789306544884238e-01
1.375939195480151700e-01
1.372384213134369424e-01
1.369870551117411128e-01
1.375597066985675132e-01
1.363218055214438507e-01
1.364518317413864479e-01
1.376216252690987685e-01
1.366620833343946684e-01
1.374869503457304964e-01
1.374174578471276387e-01
1.368813811947081904e-01
1.374625011332690216e-01
1.375808930554339726e-01
1.375190940873292078e-01
1.369466879348657518e-01
1.374032316016003119e-01
1.367603752346180368e-01
1.374725416455737093e-01
1.375234516477760183e-01
1.371318450511279374e-01
1.362769812486682997e-01
1.367584715190219291e-01
1.358600184317820814e-01
1.365261790385537688e-01
1.368489835750614503e-01
1.371609921564278800e-01
1.373316251951477163e-01
1.372517017601739275e-01
1.371338765439198415e-01
1.376373211765263282e-01
1.366407278547299708e-01
1.366789131617454911e-01
1.371428027795060789e-01
1.357815569504997322e-01
1.376592644465034210e-01
1.375157302676234816e-01
1.375691980053638797e-01
1.371803847325765713e-01
1.365721125574469730e-01
1.373628739231997353e-01
1.375936320222507225e-01
1.373823045419593769e-01
1.376707516505582263e-01
1.371413581279112559e-01
1.376557637433235837e-01
1.372876621668154273e-01
1.366327649719852044e-01
1.372702798751158082e-01
1.372258281467308161e-01
1.363694134786745116e-01
1.371886469178456303e-01
1.358511490615700867e-01
1.376943043376701037e-01
1.375963103252976771e-01
1.376144071064071273e-01
1.373270379408571551e-01
1.366646474202306005e-01
1.372161584708580795e-01
1.370932572217829770e-01
1.375827400089457142e-01
1.366447114039585076e-01
1.368807496728003670e-01
1.370108734749551915e-01
1.373479083201199491e-01
1.369911892712897539e-01
1.368734379401921608e-01
1.373506521828703197e-01
1.369793279020333210e-01
1.367523756735543050e-01
1.373512292843138138e-01
1.357808311184326711e-01
1.365613649214745540e-01
1.375680452010894506e-01
1.373767178229351182e-01
1.370213022637696842e-01
1.374969985326583155e-01
1.369843413297772150e-01
1.366112530641659939e-01
1.373374024195217202e-01
1.374569752340536744e-01
1.371076744260033009e-01
1.375299333272932689e-01
1.373098618958941974e-01
1.362234893858032259e-01
1.375901312868310356e-01
1.360485764187405466e-01
1.366832203101601695e-01
1.370085937640525553e-01
1.371008127407749577e-01
1.376052869387592026e-01
1.372291275319680037e-01
1.373399105054542158e-01
1.376509852985865479e-01
1.371339138777112887e-01
1.365972803351491738e-01
1.374691450110192836e-01
1.376846600978574309e-01
1.376687514005090207e-01
1.375219871722479226e-01
1.362293280601801215e-01
1.373383266476790598e-01
1.366114090913549406e-01
1.375773833062799711e-01
1.371397664432567609e-01
1.367367495573312275e-01
1.367928881134873320e-01
1.370142696379568759e-01
1.374526703380720694e-01
1.372992782309910564e-01
1.371125695096126751e-01
1.374683935238186772e-01
1.376216958024110149e-01
1.371855805880381474e-01
1.366873555888133696e-01
1.375274436545260714e-01
1.368288539143305838e-01
1.376839755306220603e-01
1.371439301945127087e-01
1.376157953835375758e-01
1.373736824149418001e-01
1.370571819996007912e-01
1.374389903598385587e-01
1.371530827814767817e-01
1.375317590103502796e-01
1.371007009325235226e-01
1.374600079209339076e-01
1.374827793798314435e-01
1.371967584092477765e-01
1.375706314771006356e-01
1.364626547842267557e-01
1.361571238999103040e-01
1.364026556537227819e-01
1.375351588736749286e-01
1.358578760869641744e-01
1.369838033127987187e-01
1.369970341095154143e-01
1.373940297033084124e-01
1.373786714756257965e-01
1.371354149490810470e-01
1.366993202721100698e-01
1.369720046790804946e-01
1.374094371976958551e-01
1.373753184284812190e-01
1.362365936322773585e-01
1.375194619357845427e-01
1.371832575313367275e-01
1.366274996573624556e-01
1.362123728408839995e-01
1.376028191070111650e-01
1.373299570363373523e-01
1.373558302854264168e-01
1.363439327638353848e-01
1.372855354774393799e-01
1.375202381774424665e-01
1.376657218039495922e-01
1.364788436304851249e-01
1.371764819684681558e-01
1.369050186255227064e-01
1.375841454579824208e-01
1.367027312119505345e-01
1.370409374333067254e-01
1.374500296125894527e-01
1.372456908447515223e-01
1.349434877190353044e-01
1.349707800736104912e-01
1.375399276301677853e-01
1.366623101739670165e-01
1.373322786492819914e-01
1.373564093117236040e-01
1.373025756142301490e-01
1.375275645940903513e-01
1.374813118213169261e-01
1.368963243440811106e-01
1.376453727870466104e-01
1.375464231174884644e-01
1.363826881779790501e-01
1.371268392861096641e-01
1.371713945052162875e-01
1.376338401067192241e-01
1.376310466161307644e-01
1.376663689994621076e-01
1.372549760339659697e-01
1.376829701071613232e-01
1.374932849376623023e-01
1.372612903980069410e-01
1.356804623766164897e-01
1.364333491132475873e-01
1.368036815734077483e-01
1.367380075217632662e-01
1.374272504669115935e-01
1.369758880696358982e-01
1.370677766250221752e-01
1.372190313589133903e-01
1.358552988397463135e-01
1.370189136075658787e-01
1.372265814508462911e-01
1.373227617023637104e-01
1.363521707919950754e-01
1.372316680033947300e-01
1.376400765446885166e-01
1.374044344983104682e-01
1.369727192973018426e-01
1.374159104373932350e-01
1.370681936796148970e-01
1.365900977003688122e-01
1.360812181383030117e-01
1.375778532462179071e-01
1.370189136075658787e-01
1.363188373188028435e-01
1.374117113954623215e-01
1.365182534122449109e-01
1.372277500094675751e-01
1.376291664741177145e-01
1.367471704265132426e-01
1.362365936322773585e-01
1.368200633733654970e-01
1.370716838943690508e-01
1.367380075217632662e-01
1.368708936659997488e-01
1.374840524935722341e-01
1.368846167440245509e-01
1.374228616888493737e-01
1.376231785301531285e-01
1.371878449007264966e-01
1.376104795095310362e-01
1.376006939990481459e-01
1.366128492660806937e-01
1.366235600675379802e-01
1.372609687358619102e-01
1.376563432940312026e-01
1.375639134548349019e-01
1.374542754991763260e-01
1.368287031067227932e-01
1.371077686723079503e-01
1.375727600167135911e-01
1.373541705008327896e-01
1.366853743720701231e-01
1.376887770823761181e-01
1.374127096459007158e-01
1.368739407404649111e-01
1.375095213281025130e-01
1.370815661250770479e-01
1.375751305625211585e-01
1.371974469388197448e-01
1.370648367402923229e-01
1.369523792093802206e-01
1.376215848072127879e-01
1.368947213539189467e-01
1.371938297263325113e-01
1.370477985693452083e-01
1.372750732289839959e-01
1.370566141831860707e-01
1.376268315312063062e-01
1.366893536856353952e-01
1.373151445441127827e-01
1.362106308832185253e-01
1.368640314613548681e-01
1.364342929528187809e-01
1.376683012482383395e-01
1.375820264802974369e-01
1.374747854156382065e-01
1.368004725443065506e-01
1.376768416935960360e-01
1.375815744978774735e-01
1.375977902107871909e-01
1.372850924852335175e-01
1.370979356187749520e-01
1.369735559720820228e-01
1.375237274155201028e-01
1.371979629024063785e-01
1.376880289219125364e-01
1.376929743119309490e-01
1.370871091435677258e-01
1.376664179937320265e-01
1.372932754551811629e-01
1.363192239468763167e-01
1.369100512551622018e-01
1.374545403962211254e-01
1.372092555200071229e-01
1.374044275976125107e-01
1.375877520653659702e-01
1.374587958558298184e-01
1.376240659200715921e-01
1.372490292787809929e-01
1.376494204455780690e-01
1.375644448309239765e-01
1.375049714765501918e-01
1.367281709900466380e-01
1.376354231800599182e-01
1.367191985308169322e-01
1.375066301699130744e-01
1.375952170675582009e-01
1.369773290788955378e-01
1.375590481751577110e-01
1.376937688096835644e-01
1.370308227474286433e-01
1.375677789024677966e-01
1.373294679992198286e-01
1.359377380423091863e-01
1.375877520653659702e-01
1.375803813024809308e-01
1.365418148571263812e-01
1.373346553685853011e-01
1.372369733870198727e-01
1.351689282190242647e-01
1.374941346315063928e-01
1.371912119416308362e-01
1.373520443317827744e-01
1.372765161262315126e-01
1.368533716246384535e-01
1.371708054005797428e-01
1.375209744108656096e-01
1.374590163358105910e-01
1.369568356249122043e-01
1.376411479288942308e-01
1.374162020915683513e-01
1.376062779762299293e-01
1.367244066681098658e-01
1.374198596743942125e-01
1.362920284986289532e-01
1.370123616764748198e-01
1.372859355790804758e-01
1.371046475313785207e-01
1.370068416657493071e-01
1.376071486885251938e-01
1.373208154640742917e-01
1.375315908214262972e-01
1.367203479212011075e-01
1.364380458484455438e-01
1.374619879274132095e-01
1.362536013862350737e-01
1.365712523993026783e-01
1.366653601298251919e-01
1.364030405443769078e-01
1.367086495549575675e-01
1.366344901299104131e-01
1.368526510929793660e-01
1.371586205154214089e-01
1.376012480376168357e-01
1.376454973934421455e-01
1.366873735771466647e-01
1.376711449245317798e-01
1.369268831836683020e-01
1.369197566668633459e-01
1.371755131959100371e-01
1.374527866837342016e-01
1.368159763474650348e-01
1.372451665214834693e-01
1.358552791628196144e-01
1.364728944771837482e-01
1.369632952356889810e-01
1.376959919351557760e-01
1.369838785201570319e-01
1.368407982721787097e-01
1.376243457096082701e-01
1.371997040277242730e-01
1.369547256646790889e-01
1.376946049262231242e-01
1.370950098627654046e-01
1.375230877097255444e-01
1.373088193973640569e-01
1.376233613758668095e-01
1.374891193100062636e-01
1.375124934350393513e-01
1.363082800110515524e-01
1.367380075217632662e-01
1.370432003210656779e-01
1.360443779474325987e-01
1.361366409251418552e-01
1.375595104089964993e-01
1.374884427767132378e-01
1.372371632213873760e-01
1.371615065430759894e-01
1.356115690322494405e-01
1.371372912129092125e-01
1.373943745678967432e-01
1.365279263992011105e-01
1.372563804506624630e-01
1.370526946991119099e-01
1.369176348102762175e-01
1.372138397962635592e-01
1.356399210031331570e-01
1.374969985326583155e-01
1.368487015696973619e-01
1.373957719962558555e-01
1.375667131702715262e-01
1.376626711361879363e-01
1.359619282095251014e-01
1.366057538181024433e-01
1.362648500010612551e-01
1.373619746174467027e-01
1.373369965153418693e-01
1.371738088105725062e-01
1.372206622066982906e-01
1.376527988743504460e-01
1.374593139990898105e-01
1.376772576461235131e-01
1.369808494409657240e-01
1.376009254681904714e-01
1.371261977196471527e-01
1.364732732158089323e-01
1.357208675743343529e-01
1.363034824432666492e-01
1.375424587627173123e-01
1.376037047861237983e-01
1.372617780190778514e-01
1.368327539854779507e-01
1.369467745716145268e-01
1.368243961573998302e-01
1.365382770382906896e-01
1.368916554882213810e-01
1.372679956282379932e-01
1.373383796819045155e-01
1.373948422821857362e-01
1.373054158669521352e-01
1.368818485996896317e-01
1.375548911432089016e-01
1.372903672456807500e-01
1.371546648238758659e-01
1.357617547282560511e-01
1.374631900445095756e-01
1.374548744110724308e-01
1.367743884871609472e-01
1.368173237380415075e-01
1.376500073346038078e-01
1.375941491376024284e-01
1.376824580617756200e-01
1.374823379408250668e-01
1.375219363822955676e-01
1.371848080151891192e-01
1.367314499142567030e-01
1.374912344395252672e-01
1.374632066829776511e-01
1.374948686382394258e-01
1.365989329117446305e-01
1.372666822814932186e-01
1.375704382057097441e-01
1.376830200942346649e-01
1.372282319230745395e-01
1.376316088579375152e-01
1.359861963527408124e-01
1.372673850863194434e-01
1.372217971078194543e-01
1.369563598470499854e-01
1.356913423267472885e-01
1.374480613002148077e-01
1.367671953755817682e-01
1.376280323225275160e-01
1.364759121440692891e-01
1.372217971078194543e-01
1.375874309848776067e-01
1.370657757403183907e-01
1.367971536801361188e-01
1.365977952350956592e-01
1.375821774996122682e-01
1.369526736954509993e-01
1.373971272920609665e-01
1.369412598759308097e-01
1.374084752730379555e-01
1.369314875251132491e-01
1.368053041233472655e-01
1.376800286484877733e-01
1.374389903598385587e-01
1.365477042603413238e-01
1.376948587496079068e-01
1.374455242711848935e-01
1.376066798792346946e-01
1.367630216164149315e-01
1.376626711361879363e-01
1.363909278271405179e-01
1.376885829449448484e-01
1.372725179481044389e-01
1.376553904416112362e-01
1.376671887142179584e-01
1.374773264511727766e-01
1.374470684386057961e-01
1.361797894487529192e-01
1.375203739143921744e-01
1.376797702770465315e-01
1.372917365571161563e-01
1.374422144399167489e-01
1.376642156111863025e-01
1.371858948008025381e-01
1.363141890150782187e-01
1.376879836368248844e-01
1.363670651768959241e-01
1.360977881012059576e-01
1.375673073153037829e-01
1.372014012034200869e-01
1.366739690759160575e-01
1.375678897318936833e-01
1.366271325728079522e-01
1.375413302942850025e-01
1.371704109648995695e-01
1.370318719588430323e-01
1.362882144069499923e-01
1.371838705005530290e-01
1.371029292934202448e-01
1.362333668261832276e-01
1.373462685250243509e-01
1.367396072423295583e-01
1.372411800852478547e-01
1.366612030400528865e-01
1.370815613332608540e-01
1.358825458082781323e-01
1.360811991151412992e-01
1.373007571666693127e-01
1.365658448580016615e-01
1.374158324807317477e-01
1.374650007057636181e-01
1.368267406313538603e-01
1.371858041946331375e-01
1.372546104815183243e-01
1.372176635776184983e-01
1.364127039149617138e-01
1.375490796275297689e-01
1.374031777105750585e-01
1.375318940532452294e-01
1.374089771886768396e-01
1.373562036393864427e-01
1.373969871806066945e-01
1.366327045748406410e-01
1.354859113647502167e-01
1.373550205392108370e-01
1.364995111183422427e-01
1.372431452617547676e-01
1.375853872191113714e-01
1.370654333623709253e-01
1.370013850615648121e-01
1.371924236259652874e-01
1.376407904317393516e-01
1.374152374946001065e-01
1.348566860055644967e-01
1.363808371088597315e-01
1.370605988492095417e-01
1.374682701849433974e-01
1.376594975659000686e-01
1.366244023029905830e-01
1.374102511291397932e-01
1.371347488376681023e-01
1.374011865631812046e-01
1.373519675954997799e-01
1.373670688937560502e-01
1.374062853746561286e-01
1.364528966285024070e-01
1.370490066062015622e-01
1.369663861907962632e-01
1.357209098277211701e-01
1.375954136539570272e-01
1.360874985264154957e-01
1.365356704976981306e-01
1.375898261494443164e-01
1.372016208412907556e-01
1.374711415968651873e-01
1.375657248808339617e-01
1.374812901518235875e-01
1.367108434555698859e-01
1.375891776627965468e-01
1.365686549256180660e-01
1.375946186559091344e-01
1.360500807327772455e-01
1.371857910849712536e-01
1.363458026174446946e-01
1.375168611831690813e-01
1.376226565373422361e-01
1.371929742563712251e-01
1.372395884647759357e-01
1.367294021388074099e-01
1.373775814469309353e-01
1.375233402901703816e-01
1.375676385777218069e-01
1.372665229744455817e-01
1.369562382216235885e-01
1.375743760938914206e-01
1.369808494409657240e-01
1.375562536574665984e-01
1.376300275214517033e-01
1.373886605741508060e-01
1.376869108756743343e-01
1.374751195478090826e-01
1.367383313615745666e-01
1.362043864734657495e-01
1.359905146659462216e-01
1.375678207275855269e-01
1.372821378738408316e-01
1.376328068727406262e-01
1.373122719857514662e-01
1.360807935674588631e-01
1.368974153793331427e-01
1.376522311521824471e-01
1.369207488629730629e-01
1.376954703578419092e-01
1.373792083070600467e-01
1.365249548761525988e-01
1.370681936796148970e-01
1.376158576788907850e-01
1.370068060374010632e-01
1.369883575997440928e-01
1.375315908214262972e-01
1.372205652559331523e-01
1.376311066998818777e-01
1.372222429753757189e-01
1.372579937311501908e-01
1.372690281802169954e-01
1.370680824844505985e-01
1.376070983121153446e-01
1.376715484261694100e-01
1.371361196051631426e-01
1.371641163667897956e-01
1.373984209053051020e-01
1.374134321904390277e-01
1.369054043387979425e-01
1.365635983038999968e-01
1.372804162492255453e-01
1.376609225479751009e-01
1.373716338567761708e-01
1.375437951688712468e-01
1.371420658325969710e-01
1.360512265813658694e-01
