1.357431693994999300e-01
1.354648419753902711e-01
1.347982890486486007e-01
1.356307431329644431e-01
1.356203983397125390e-01
1.357369371084256038e-01
1.354533038908190268e-01
1.354883370795974262e-01
1.351246131550301599e-01
1.356729442919335504e-01
1.356233800838148595e-01
1.355047705850306317e-01
1.353339770808124065e-01
1.352498358542260082e-01
1.356518286501564585e-01
1.352203187850430643e-01
1.356074712411114991e-01
1.355523427799122105e-01
1.357030718804642655e-01
1.355077067719776263e-01
1.354767321844036754e-01
1.353827193465981515e-01
1.356255371260563503e-01
1.354388248630278291e-01
1.354610394342804225e-01
1.355196592277786438e-01
1.352857919038734924e-01
1.351155126595043054e-01
1.357200532553849703e-01
1.354220320603219674e-01
1.355645099180416979e-01
1.351444053379882437e-01
1.354008159719945481e-01
1.350847019672224147e-01
1.356789098980676900e-01
1.356897147997479236e-01
1.354923671729027224e-01
1.355434745828498766e-01
1.355904212240743867e-01
1.355889049106487332e-01
1.353778186893502822e-01
1.357611103411881237e-01
1.355720530563012671e-01
1.357407111926616505e-01
1.355129559973659303e-01
1.352112353595862071e-01
1.352498172907390106e-01
1.348372908335492559e-01
1.356727810287501612e-01
1.350200402804801469e-01
1.351804443411712409e-01
1.356916476232414570e-01
1.357423830283752963e-01
1.355530622206082558e-01
1.354791505015912334e-01
1.356563244261626000e-01
1.356034838763745531e-01
1.355533803352741706e-01
1.355091934683080035e-01
1.354701740904045992e-01
1.354712496452406267e-01
1.352104612977400033e-01
1.356926231232984947e-01
1.352880678818583482e-01
1.350740115788257867e-01
1.355954498229277605e-01
1.355216148811153043e-01
1.353819803209444783e-01
1.351808973299703232e-01
1.355032348655652030e-01
1.353231459141828186e-01
1.353100477304313154e-01
1.356058874194134289e-01
1.356309930578794565e-01
1.356909299956346737e-01
1.351026696761448709e-01
1.354304273419283944e-01
1.353287943215492617e-01
1.351767129854532790e-01
1.357433948050426054e-01
1.356156709444258646e-01
1.356130838191201282e-01
1.356009964884123953e-01
1.357450884241256095e-01
1.357148092901942771e-01
1.354493507934553809e-01
1.355075986659238785e-01
1.355224457837568564e-01
1.357158182510798672e-01
1.355678716194058109e-01
1.355725338642416455e-01
1.352502983494940914e-01
1.349416677663231312e-01
1.355383318034974471e-01
1.356156519801728910e-01
1.356357860981579067e-01
1.357168400389840157e-01
1.356689038934924263e-01
1.355740479106559981e-01
1.357257587853236414e-01
1.356888948303204279e-01
1.354219110989356989e-01
1.357595492709450236e-01
1.356926231232984947e-01
1.355939371838640328e-01
1.351140283925958141e-01
1.350664249753115165e-01
1.356619306993757657e-01
1.356383889986430280e-01
1.356376066144222292e-01
1.353919670943428688e-01
1.357116448326456670e-01
1.356311270109860356e-01
1.352976110493607220e-01
1.355334438721758905e-01
1.356045318972193547e-01
1.356442369903902156e-01
1.356477255963512984e-01
1.349678853569511172e-01
1.355843740120384333e-01
1.357310471566784693e-01
1.349453728154239585e-01
1.354941762622271229e-01
1.355021916434140383e-01
1.351692668135242026e-01
1.352120803011294392e-01
1.348888120550489067e-01
1.350476157740651828e-01
1.357171200787351262e-01
1.353418526408711187e-01
1.351984083735926767e-01
1.352646069090059078e-01
1.355997856583812666e-01
1.356208634089798026e-01
1.354976215867802480e-01
1.357614381854347629e-01
1.357326877287768352e-01
1.355191033899568742e-01
1.356195196341667686e-01
1.356416018977124327e-01
1.355588867323356816e-01
1.356125046331194961e-01
1.352509379432565439e-01
1.356106797485522597e-01
1.356560166208702900e-01
1.357482395736381020e-01
1.350847019672224147e-01
1.355182781929658020e-01
1.356057710072998135e-01
1.356691869645696435e-01
1.354888934158857972e-01
1.357566947325115070e-01
1.356696341900398839e-01
1.353916267067820089e-01
1.349704151793284512e-01
1.353788078346671586e-01
1.356232551711621381e-01
1.355775787675335409e-01
1.356013705320866514e-01
1.355141527471150631e-01
1.357643778985979655e-01
1.354736005203056870e-01
1.351734644156497300e-01
1.354090551828052713e-01
1.357319238425642172e-01
1.353587789448319756e-01
1.357141224585344530e-01
1.357055941749261696e-01
1.355672848660412211e-01
1.351944443324275269e-01
1.356064431721228647e-01
1.348351466650842545e-01
1.355295566457837553e-01
1.357371262785095622e-01
1.355893644415308297e-01
1.357595252532497465e-01
1.355610904099592284e-01
1.356740511631644719e-01
1.354461153891560188e-01
1.354203814690562446e-01
1.356984463493986492e-01
1.357321356770753995e-01
1.356947758793651537e-01
1.351555614945709749e-01
1.350474877361734771e-01
1.354638533303199888e-01
1.356659288208739989e-01
1.356851879165813235e-01
1.354599711908485993e-01
1.356304880079816366e-01
1.356552214915936472e-01
1.356585365113006925e-01
1.354568834303608860e-01
1.354507822834233877e-01
1.354419506404588303e-01
1.357446802079511627e-01
1.357310094405232703e-01
1.356279724393785746e-01
1.353605347116384749e-01
1.354394864661614684e-01
1.356156709444258646e-01
1.357479381901996740e-01
1.355631790044930507e-01
1.352281309767922324e-01
1.354447559397459477e-01
1.357109628596157858e-01
1.352820905316117206e-01
1.357155322559989441e-01
1.357338128064393135e-01
1.356605738750901735e-01
1.356154642009584910e-01
1.356704247690518061e-01
1.356782981689055034e-01
1.356265546466658700e-01
1.354246466590114939e-01
1.357168085138367730e-01
1.356949943619981946e-01
1.355521846125583574e-01
1.351960311290940631e-01
1.356642169629471428e-01
1.353844706673374143e-01
1.354833038546897350e-01
1.357630670340395085e-01
1.357120081564142933e-01
1.353182680547050654e-01
1.354991735157807797e-01
1.354251954068033670e-01
1.351329144471034305e-01
1.351538728553023372e-01
1.352498358542260082e-01
1.352851051549010530e-01
1.355723822546683333e-01
1.355125360096298415e-01
1.348045486854603514e-01
1.355679170068500583e-01
1.356310854201255856e-01
1.356540482915587209e-01
1.356039319982775826e-01
1.356482240002331030e-01
1.357507468914118942e-01
1.353009248878018767e-01
1.357082641355086827e-01
1.354082525096294565e-01
1.350165005036959021e-01
1.351285274779073509e-01
1.355203334402367843e-01
1.352594606293962831e-01
1.356714324910036906e-01
1.357346273561916283e-01
1.357223850221125072e-01
1.345863990562302936e-01
1.355823430465265267e-01
1.356752845716086286e-01
1.353665029973773470e-01
1.357495710602227845e-01
1.356319454265350333e-01
1.355834562438363589e-01
1.354769203747194783e-01
1.356778382883646883e-01
1.355414510984990495e-01
1.352637604061925625e-01
1.352104612977400033e-01
1.356275462662057951e-01
1.354124635627577400e-01
1.356949045222131112e-01
1.357366830740967256e-01
1.356625421018285704e-01
1.352959712829125694e-01
1.357221588657864797e-01
1.355305977901979375e-01
1.353112401434937717e-01
1.352207017687870605e-01
1.357524390242593748e-01
1.357261750352446450e-01
1.357407629344649092e-01
1.356163568950679577e-01
1.357525273372254260e-01
1.357012626732100602e-01
1.355187837225069747e-01
1.356815995865899849e-01
1.351281799069822542e-01
1.356279565760228623e-01
1.351756076936837248e-01
1.350476913843290938e-01
1.356607112428882544e-01
1.357589783614381040e-01
1.353166015686974866e-01
1.356709433306748092e-01
1.357159489470669556e-01
1.357223850221125072e-01
1.354410625157360937e-01
1.357140946122626368e-01
1.351408320136308905e-01
1.357029808291467798e-01
1.355027827585392197e-01
1.357551064298842813e-01
1.356660597653286393e-01
1.354382264319499152e-01
1.352416378447597878e-01
1.355954094107396646e-01
1.351270831636974257e-01
1.354766982764884498e-01
1.357147330498429394e-01
1.354253495578326694e-01
1.357302823233926259e-01
1.355808578139175991e-01
1.353966290979618514e-01
1.351869334288821056e-01
1.355110767762919277e-01
1.354037535061782260e-01
1.357311981725235761e-01
1.356268277558115853e-01
1.353080252521576543e-01
1.354904224582780536e-01
1.354806294684545720e-01
1.354073081421011404e-01
1.352877419661179803e-01
1.355098212753284292e-01
1.356070592695807486e-01
1.354557195949022685e-01
1.356837808171150184e-01
1.347982890486486007e-01
1.357055499160946532e-01
1.355110541112612976e-01
1.355423284122970473e-01
1.349036344361417283e-01
1.351975887521361941e-01
1.357104006312895295e-01
1.356728577126642410e-01
1.352779970679985899e-01
1.355010158422569888e-01
1.353787278617872292e-01
1.357599057407515575e-01
1.357263032781581003e-01
1.357518180814879516e-01
1.348568819188358803e-01
1.355830773335588990e-01
1.357489798363287758e-01
1.356694869738473419e-01
1.350297088093852516e-01
1.356800514249376088e-01
1.354347260196190617e-01
1.353405707006109515e-01
1.355447121090913032e-01
1.357287661522289524e-01
1.357002129282074143e-01
1.354524489130105036e-01
1.352443846212350587e-01
1.357240299029075226e-01
1.351138101861164287e-01
1.356663146292569899e-01
1.356040170695816394e-01
1.355835915448717899e-01
1.352649248716213393e-01
1.353167103467859400e-01
1.357459654165564245e-01
1.353873069150156039e-01
1.354479014251005198e-01
1.355895299971991708e-01
1.347327783161205716e-01
1.356072175642377142e-01
1.357490716775113238e-01
1.353953409743507141e-01
1.357546046875248436e-01
1.356938576102368899e-01
1.355626252147601740e-01
1.356647376032801833e-01
1.357221473049004812e-01
1.355452262125776963e-01
1.352252351169816735e-01
1.354166464829029137e-01
1.356502793159164166e-01
1.352951727903820567e-01
1.353887377116848589e-01
1.357424327362272698e-01
1.354123887157032413e-01
1.357271640282855518e-01
1.354195762050077745e-01
1.356482240002331030e-01
1.357499779441677656e-01
1.352189038332344273e-01
1.355435520393438731e-01
1.352672941286289232e-01
1.353861901063511952e-01
1.354656464533714466e-01
1.357586987881499174e-01
1.355777623799376552e-01
1.356512563510448577e-01
1.355770183023822240e-01
1.354175812213369301e-01
1.355525185910400054e-01
1.357042134887835039e-01
1.357615321597838154e-01
1.352716815056317357e-01
1.352679749468611858e-01
1.357567860962562989e-01
1.353589457494234483e-01
1.355789896609449485e-01
1.353296538586742648e-01
1.357301165168922075e-01
1.355850568762325958e-01
1.357366830740967256e-01
1.356901537091805832e-01
1.356325588750186273e-01
1.356724462839976053e-01
1.357370479274510322e-01
1.356414016368447106e-01
1.357273177424507260e-01
1.353847564475244847e-01
1.347813730706983459e-01
1.357289392150006213e-01
1.357440664387539742e-01
1.355726458385101973e-01
1.356440864222407949e-01
1.355735956380201834e-01
1.356872800161322834e-01
1.355427583086735999e-01
1.350894058117403929e-01
1.357309493166899972e-01
1.355721801501856005e-01
1.355934636514923575e-01
1.354631110910653469e-01
1.355747746879466531e-01
1.357215843265262567e-01
1.355620132761919949e-01
1.356612417068392973e-01
1.350484217538406861e-01
1.348868152994355807e-01
1.353268066097347566e-01
1.353137862167127503e-01
1.356144048758738396e-01
1.357451715426792882e-01
1.355570934276905393e-01
1.350829934642170937e-01
1.348377467764880488e-01
1.354934086783003699e-01
1.357275515962331758e-01
1.357326479452335699e-01
1.350633396798480435e-01
1.352020200106579528e-01
1.351229551552566854e-01
1.357655366944694464e-01
1.356628488996989845e-01
1.354233933168792758e-01
1.355623057355268279e-01
1.357402265757479687e-01
1.356957083268592046e-01
1.354160910659715777e-01
1.356523253429897935e-01
1.354217012536976517e-01
1.353987064693355225e-01
1.357646181423705634e-01
1.350753194496676357e-01
1.356997880561138792e-01
1.354305894139313515e-01
1.357170722708582189e-01
1.356579237333548349e-01
1.355275720405802187e-01
1.357617526037056266e-01
1.349194632033748620e-01
1.355957765292802875e-01
1.353690884101386716e-01
1.356154369343147703e-01
1.356340719310467624e-01
1.356751624567284209e-01
1.356642588672825889e-01
1.354635676929350774e-01
1.352664398768294030e-01
1.355923256088139572e-01
1.348082474902590200e-01
1.351967513855886760e-01
1.357111439618174376e-01
1.357597798306027781e-01
1.355883487951566879e-01
1.355185775413063898e-01
1.355398266707040500e-01
1.355997856583812666e-01
1.356097788552213523e-01
1.356256649547918636e-01
1.350637425695961347e-01
1.355062871799808943e-01
1.353648208141967069e-01
1.357362904336259501e-01
1.356813061799211628e-01
1.356868069178430447e-01
1.354091301958698090e-01
1.357315899493676259e-01
1.355345501066765601e-01
1.353645590148539191e-01
1.354315322134629074e-01
1.357281938618171424e-01
1.354872084998027804e-01
1.354883074831629564e-01
1.352908513727534012e-01
1.357570480716019101e-01
1.355660781748310728e-01
1.351987783497150541e-01
1.354635676929350774e-01
1.356882796181749506e-01
1.352654348379728755e-01
1.354091486156039359e-01
1.350097494193569780e-01
1.352115074459436239e-01
1.355770012142203662e-01
1.356475348475509046e-01
1.353182680547050654e-01
1.355615245330917262e-01
1.350368833948487057e-01
1.354702807441317547e-01
1.347916939311689932e-01
1.349073552427379197e-01
1.356574687433303728e-01
1.355406384939961684e-01
1.357416690601479792e-01
1.354913132062277870e-01
1.354054736744033094e-01
1.355827510370829769e-01
1.356664796656849303e-01
1.357111590795020695e-01
1.350706181309185849e-01
1.354377011193061420e-01
1.353271385033732732e-01
1.355409248461693361e-01
1.356982682399579532e-01
1.357402552606281898e-01
1.349940056041555592e-01
1.351324223993354279e-01
1.355528878361853540e-01
1.353402571190216175e-01
1.353198367521613321e-01
1.354130896821899299e-01
1.354213624141779593e-01
1.356744395399506753e-01
1.351301335296841988e-01
1.355819546928080099e-01
1.348716188586123188e-01
1.353090670654745198e-01
1.356375184687162450e-01
1.351359067807869629e-01
1.350313618424996143e-01
1.354126935612963156e-01
1.353395381530543840e-01
1.357312852480615228e-01
1.357304855852908831e-01
1.354464747953936787e-01
1.355398818366196911e-01
1.351047589354361644e-01
1.356206744564297795e-01
1.357033096469978106e-01
1.351235653080061494e-01
1.352080431039917596e-01
1.356577366174150645e-01
1.356718269585587833e-01
1.353887377116848589e-01
1.355899294409583511e-01
1.348874915022740539e-01
1.357541720109460004e-01
1.353942344197366365e-01
1.356281650419476070e-01
1.355657651166151667e-01
1.354475876101222664e-01
1.352839607082643170e-01
1.356200635821091516e-01
1.357257284978774792e-01
1.348045486854603514e-01
1.357351142584631021e-01
1.354727369734055886e-01
1.357285740276218400e-01
1.349020674477915682e-01
1.355823028609822456e-01
1.353890402431811302e-01
1.354716088402083130e-01
1.357593134440415183e-01
1.354977803080392729e-01
1.356692197144766798e-01
1.351241198099303320e-01
1.353144927364566819e-01
1.353538978214306465e-01
1.357565426163932498e-01
1.357101613381012928e-01
1.357484287116542399e-01
1.357372082237903177e-01
1.352629741265757857e-01
1.356665010073594968e-01
1.355602722812236371e-01
1.355827510370829769e-01
1.354461752968455224e-01
1.356743116878009470e-01
1.352992918755321072e-01
1.356277147526498139e-01
1.351311560032364967e-01
1.354376385480759448e-01
1.353449755337145788e-01
1.351947758258841281e-01
1.353400143206107964e-01
1.356033138960290596e-01
1.350636806152525071e-01
1.355075206147005329e-01
1.357392697996833431e-01
1.357650446808413847e-01
1.357053579802411647e-01
1.352119342055691786e-01
1.349646832872080648e-01
1.355411265545754529e-01
1.356794926237046839e-01
1.356302395558242058e-01
1.353527026875971928e-01
1.356182003278182668e-01
1.356616912394430219e-01
1.353910205976503189e-01
1.354508562476687272e-01
1.356414787799093136e-01
1.353365823898566023e-01
1.357369371084256038e-01
1.357637696245444225e-01
1.354401706880930811e-01
1.354451029720118715e-01
1.350145692289888844e-01
1.354754182821406028e-01
1.352601963982481004e-01
1.347407066829530431e-01
1.352632881624711569e-01
1.356782107527003955e-01
1.347695657407208536e-01
1.355345881076219783e-01
1.351271310561416306e-01
1.353521861566683582e-01
1.352508949163908902e-01
1.351078836295796226e-01
1.349540032213933927e-01
1.356287218671186345e-01
1.357444075900084146e-01
1.353562955581670002e-01
1.356437419584197168e-01
1.356696077440773252e-01
1.356260720803533770e-01
1.356441830869227760e-01
1.357601323597230347e-01
1.356235406569867574e-01
1.355705900822085641e-01
1.354066291097061336e-01
1.356300916172801796e-01
1.352389872029448603e-01
1.357224279995577210e-01
1.351653726523032728e-01
1.357064312601403699e-01
1.355134353618856202e-01
1.356907260585968333e-01
1.354271944728147326e-01
1.356634378875535007e-01
1.356913540083037606e-01
1.352976007217847054e-01
1.356585862727032465e-01
1.357217455385119620e-01
1.355916116544894356e-01
1.351624133275463879e-01
1.353417713891696961e-01
1.354258958269531354e-01
1.356512415080163014e-01
1.354383381489292770e-01
1.351975887521361941e-01
1.354678022287004735e-01
1.355981734047920773e-01
1.355247162347843481e-01
1.356396978123753372e-01
1.354354999421142070e-01
1.356497895073481286e-01
1.356795525302528505e-01
1.354542590184507067e-01
1.357474061671310739e-01
1.347299627307712300e-01
1.357262296704450921e-01
1.356556741711547887e-01
1.353154003184857956e-01
1.351935074772279421e-01
1.357189792832524389e-01
1.357200532553849703e-01
1.352948317098076891e-01
1.357278264459983175e-01
1.357033096469978106e-01
1.356552214915936472e-01
1.353336935889049297e-01
1.355563471839894008e-01
1.356108916133542119e-01
1.355034761280410061e-01
1.356028842758836839e-01
1.354991735157807797e-01
1.353855238777336711e-01
1.356969909109496109e-01
1.357193933128150731e-01
1.353489608862873117e-01
1.352564698841760837e-01
1.355983740566432949e-01
1.357180939803250552e-01
1.356793342461658225e-01
1.354829688664780651e-01
1.353309303226501170e-01
1.354939393188655528e-01
1.357640128346885855e-01
1.357028087136061545e-01
1.355831157426635181e-01
1.352844390296250587e-01
1.357651119512863769e-01
1.350976324585154431e-01
1.357442068148997649e-01
1.355997856583812666e-01
1.354553839124758852e-01
1.354170697728983297e-01
1.356769916713653490e-01
1.355656154434651262e-01
1.354967476557406847e-01
1.351914212155915507e-01
1.355709924723959015e-01
1.356690013880359758e-01
1.354400135288956752e-01
1.351893221691783942e-01
1.357606980266211905e-01
1.357114240193574295e-01
1.352837943902014950e-01
1.357625311936722923e-01
1.357446923940325845e-01
1.356276915453685783e-01
1.353852261090369713e-01
1.353128842802695797e-01
1.354311936481407408e-01
1.355201405047847807e-01
1.357410130574467355e-01
1.356803780695532147e-01
1.356901917026974713e-01
1.353608295367362269e-01
1.355584943926881336e-01
1.354534118323346970e-01
1.354325125519407202e-01
1.356296370475192914e-01
1.357644481615929988e-01
1.357511736263017632e-01
1.355262475709800851e-01
1.355660733190492961e-01
1.355259756225208889e-01
1.357506837355438867e-01
1.357348341718534190e-01
1.355105031685905348e-01
1.352772491741644489e-01
1.357038519809985189e-01
1.357528255548984264e-01
1.356858223585668544e-01
1.357305314526168483e-01
1.357223594442352743e-01
1.350894361348597972e-01
1.353398866136718837e-01
1.353325309052415826e-01
1.354327922144817065e-01
1.355525653352766258e-01
1.354330536657284145e-01
1.354735346860451994e-01
1.357172661530271218e-01
1.357380165445422060e-01
1.355997856583812666e-01
1.355556834122583765e-01
1.351993702344218840e-01
1.349432684216091416e-01
1.353754730522679639e-01
1.357368805132787293e-01
1.357086318072736608e-01
1.355406395416356991e-01
1.351138101861164287e-01
1.356119706090080368e-01
1.357273993483640584e-01
1.350922366689359388e-01
1.356016782912740914e-01
1.357132270764237481e-01
1.353175309890883027e-01
1.355100815421979576e-01
1.356168010403862312e-01
1.355667278105868456e-01
1.355790463442488047e-01
1.356171819550263669e-01
1.354833956341610912e-01
1.357521314826082570e-01
1.353187260443279860e-01
1.355506948780395571e-01
1.355331116259182456e-01
1.354284116098055935e-01
1.356063560393029888e-01
1.355541401573686910e-01
1.355560306699557238e-01
1.353086884489937969e-01
1.356034838763745531e-01
1.357172577326081486e-01
1.349621383732204916e-01
1.354091486156039359e-01
1.356896026587404436e-01
1.349836080149310058e-01
1.353766746252322017e-01
1.357461538526567035e-01
1.351734644156497300e-01
1.346061797765464307e-01
1.354421515622916128e-01
1.354272896624106048e-01
1.357462665711821614e-01
1.349884411784489369e-01
1.354232366023001843e-01
1.352712233196785296e-01
1.354825355403295184e-01
1.349572081282739144e-01
1.352678575366172975e-01
1.350417379472285961e-01
1.357414110797735274e-01
1.352795888103981992e-01
1.355428546208801432e-01
1.357548564582718165e-01
1.353222082088141320e-01
1.352658003014496624e-01
1.350561782429692270e-01
1.349036344361417283e-01
1.351380796790905281e-01
1.352025966162242743e-01
1.356054911165046617e-01
1.356412267780667258e-01
1.354710590249345037e-01
1.353321748187537032e-01
1.353293978762346028e-01
1.350762495425739673e-01
1.352178506903015387e-01
1.350956590315149641e-01
1.352560580969546511e-01
1.356885148061848234e-01
1.356034838763745531e-01
1.355883567440709092e-01
1.353587610148158649e-01
1.357598772801186515e-01
1.357445306596978540e-01
1.353715313589774760e-01
1.354503719781933735e-01
1.356159960172679257e-01
1.353841982360640406e-01
1.356457025705791464e-01
1.346614992930108001e-01
1.351689055864421507e-01
1.353454436733345367e-01
1.356652758926813473e-01
1.356445143621234639e-01
1.351756076936837248e-01
1.355653707682970555e-01
1.355870823989517859e-01
1.354328996859906764e-01
1.356995208258427177e-01
1.354345492548745533e-01
1.356383450999822937e-01
1.352998542590185260e-01
1.352309166128908280e-01
1.356495526549569286e-01
1.350297075214702269e-01
1.354311936481407408e-01
1.357661494105756594e-01
1.357457834671543795e-01
1.351809715091653596e-01
1.354264560848923715e-01
1.355298871236889913e-01
1.349580450651217400e-01
1.357566947325115070e-01
1.356036311446209008e-01
1.349956822470794737e-01
1.349266658390223805e-01
1.352197059739570495e-01
1.351969866022338651e-01
1.353384400548525712e-01
1.354414266581261961e-01
1.355839917141523909e-01
1.357438742534214926e-01
1.353154822638201749e-01
1.352948282404234648e-01
1.354153873768871585e-01
1.355530622206082558e-01
1.355025490447005487e-01
1.356691792745585157e-01
1.356797693980042741e-01
1.348300349082114657e-01
1.357098437974594840e-01
1.347934076560867445e-01
1.352828444639290750e-01
1.351608651471583045e-01
1.356138144269853629e-01
1.357600292104519379e-01
1.343944402263048399e-01
1.356456749298181608e-01
1.353009595790367059e-01
1.354124635627577400e-01
1.351780068926078104e-01
1.356982576267571905e-01
1.354370322769594126e-01
1.352026083874305340e-01
1.355295311650545897e-01
1.356061678466935760e-01
1.354660237009672752e-01
1.356846825251825650e-01
1.354517204837268618e-01
1.349678853569511172e-01
1.355042233054995493e-01
1.352994588967205425e-01
1.357310804080549271e-01
1.355162213104428304e-01
1.356287471251381160e-01
1.357303653302496527e-01
1.356023944439375406e-01
1.354132246437142473e-01
1.356686564277473916e-01
1.354001670034900573e-01
1.351679251106649993e-01
1.356203581877035991e-01
1.349747472073326293e-01
1.356290373025952067e-01
1.354670646923043231e-01
1.352329408445682724e-01
1.351015214381597884e-01
1.356308115522074087e-01
1.357407259110977038e-01
1.349559437939606699e-01
1.356621625489079219e-01
1.353391622309514652e-01
1.356218352447351727e-01
1.356456468595654830e-01
1.355581887056573065e-01
1.356568681650479335e-01
1.354288282712229063e-01
1.354321595721310889e-01
1.354970531361540387e-01
1.350110556266183870e-01
1.357265035580248747e-01
1.353668813933377180e-01
1.349473273718396482e-01
1.349587589944379606e-01
1.354915628008944994e-01
1.351834581912364497e-01
1.349124338449740057e-01
1.355651086583710696e-01
1.351975887521361941e-01
1.352483362306287074e-01
1.354438765362790953e-01
1.354593156077585347e-01
1.355372531311611894e-01
1.352469360259715148e-01
1.355137818252306059e-01
1.352664952881675320e-01
1.357442485920425101e-01
1.357521021274004924e-01
1.353777420280540544e-01
1.356354612737100396e-01
1.352224639583894106e-01
1.354515061216496896e-01
1.354545464462965088e-01
1.357467841932419594e-01
1.352973081889068674e-01
1.355620245620616782e-01
1.356076308014279863e-01
1.357001507793221817e-01
1.351724628510141413e-01
1.355760161531383012e-01
1.348613773039001873e-01
1.355591826431139790e-01
1.351780068926078104e-01
1.357380165445422060e-01
1.356466825776462548e-01
1.348903124435109624e-01
1.353237323041367735e-01
1.354772626049440543e-01
1.356773875175895094e-01
1.353296164981970806e-01
1.353189293350466338e-01
1.352354237132717407e-01
1.354672353508256377e-01
1.355723846569107383e-01
1.354622600125626186e-01
1.353869577000521296e-01
1.351774166546738098e-01
1.356097788552213523e-01
1.357452062457797926e-01
1.355717239503715921e-01
1.353991749372117914e-01
1.356045475336465356e-01
1.351060806899671840e-01
1.353971357760759830e-01
1.355162311611037840e-01
1.356817903434635042e-01
1.356293851389097360e-01
1.354289698793768593e-01
1.354271960240461259e-01
1.355776806625176856e-01
1.357058396111286425e-01
1.352936062837885034e-01
1.355638145690886420e-01
1.356767652393384982e-01
1.352211090251807246e-01
1.355484426710426848e-01
1.354727369734055886e-01
1.355333199805147937e-01
1.357327925860085660e-01
1.354658022745034718e-01
1.355463859366122792e-01
1.349050278980827855e-01
