1.421942527785874932e-01
1.406937124401039796e-01
1.426489123788328983e-01
1.395414953549693748e-01
1.413451312304935814e-01
1.412105764475723169e-01
1.429292112372296530e-01
1.414215569769196601e-01
1.417038969901563694e-01
1.421067966421919460e-01
1.427666074521335982e-01
1.418353618454142873e-01
1.402133246636481645e-01
1.419601769425836157e-01
1.394370077089434612e-01
1.414381269739230229e-01
1.432104166693984326e-01
1.408713258091262022e-01
1.408605072853857110e-01
1.430383137742409771e-01
1.413030760592727808e-01
1.421213623136217963e-01
1.422284641332245692e-01
1.412765600521271314e-01
1.401304457884697818e-01
1.418343085555071048e-01
1.427071037952557797e-01
1.413909950784562330e-01
1.430128011224094942e-01
1.414282199520028038e-01
1.425300547267788764e-01
1.414940925584099451e-01
1.425269945527705140e-01
1.423717877320028191e-01
1.418980688635990695e-01
1.412320320977863142e-01
1.419227647630608435e-01
1.429211719602016817e-01
1.386734408838056209e-01
1.416702507174492920e-01
1.427134204132321504e-01
1.424383200730365284e-01
1.413995223996415695e-01
1.391419275874077321e-01
1.431757157822298177e-01
1.427185388657879195e-01
1.375592679800335949e-01
1.393394150212132199e-01
1.430997563329148847e-01
1.428689503917498493e-01
1.429358118444500614e-01
1.391510321777841008e-01
1.413744205443867030e-01
1.421427518220283459e-01
1.381174963298587022e-01
1.390846448943920677e-01
1.383658945558181308e-01
1.423534380824125201e-01
1.412765828751609276e-01
1.430887919902338323e-01
1.421585318326296643e-01
1.420584702422733880e-01
1.423780813238994525e-01
1.385009358740441898e-01
1.390669455327420978e-01
1.406157997676788507e-01
1.429579100401932035e-01
1.429693847150230457e-01
1.416787174810950067e-01
1.419403072046386549e-01
1.410473738351870898e-01
1.414314832539803057e-01
1.425514256124779944e-01
1.423038706670628484e-01
1.409201323704350750e-01
1.421999285383929168e-01
1.392789948707182923e-01
1.430148130026717979e-01
1.416646455177526520e-01
1.395505146371047445e-01
1.408967987630598551e-01
1.432310968603890400e-01
1.387162066568824736e-01
1.412744475583804504e-01
1.422615830975064166e-01
1.432082254942152744e-01
1.423166207399813588e-01
1.423647885808889402e-01
1.406210487502164430e-01
1.430643688120405710e-01
1.425807934788353160e-01
1.426507570037729711e-01
1.417933585698107068e-01
1.420815759116220989e-01
1.428289418860223259e-01
1.428961960608184090e-01
1.422151809074881645e-01
1.429739287385547453e-01
1.416364295481398472e-01
1.415748368664920820e-01
1.401411798687450805e-01
1.398881617282087264e-01
1.432399283046111027e-01
1.428191878331819265e-01
1.404818166212384589e-01
1.399120132275790962e-01
1.416238795148118956e-01
1.430572241951494072e-01
1.403608508989047099e-01
1.423648671015924072e-01
1.411534580647245685e-01
1.430139205932041968e-01
1.403336368044142413e-01
1.401052701018949409e-01
1.429098644448370259e-01
1.428107507479764726e-01
1.418643460447452098e-01
1.412803422423006827e-01
1.427830124056615191e-01
1.421206688277937835e-01
1.430010785104803284e-01
1.426514072671862254e-01
1.401196195485416018e-01
1.432030046713791971e-01
1.425642640429806152e-01
1.418403752034190501e-01
1.405264948337035247e-01
1.423432974146367491e-01
1.419685802987071532e-01
1.430980565304000862e-01
1.415686153284555493e-01
1.424876482121111565e-01
1.425577761172656388e-01
1.407076766888824548e-01
1.417727256082418619e-01
1.409233429866141862e-01
1.430606211701865582e-01
1.428101452077047417e-01
1.432275294440959190e-01
1.424953508127245472e-01
1.426693251444814403e-01
1.406702559754674231e-01
1.431898676378443314e-01
1.425197678424567904e-01
1.418604660763702896e-01
1.385550425084072224e-01
1.423762184927262753e-01
1.424574782455590161e-01
1.392370675723603179e-01
1.379319629689112203e-01
1.425013592730121903e-01
1.429287294516355389e-01
1.396887000152081115e-01
1.430201149739213917e-01
1.426810673350438763e-01
1.410019725864322671e-01
1.419426549729774500e-01
1.430338810761727919e-01
1.411969045568874370e-01
1.428001605577594035e-01
1.416309011480724189e-01
1.428619422430984498e-01
1.432279777359689033e-01
1.406549459177243722e-01
1.426657110176547949e-01
1.431746597231335072e-01
1.428173535420469986e-01
1.397848981626242104e-01
1.417252735298665800e-01
1.391016082146462052e-01
1.382287519769096473e-01
1.407352988105889380e-01
1.425359800134088639e-01
1.422936194785755781e-01
1.423575759350311776e-01
1.428172873414006450e-01
1.427532764117968589e-01
1.407578728983095995e-01
1.427350806648574610e-01
1.409772758067897314e-01
1.405313091655889246e-01
1.401883913777225155e-01
1.428499450532972337e-01
1.415008080875223839e-01
1.390013201085614492e-01
1.431757157822298177e-01
1.432424341675641588e-01
1.413117105519672845e-01
1.412732963755477245e-01
1.418079841671279762e-01
1.404959256796825540e-01
1.410539835041921541e-01
1.428325349383525178e-01
1.413463719113775552e-01
1.432290408158720108e-01
1.431346759436259442e-01
1.424285994526735544e-01
1.413998256427453359e-01
1.419778043060395956e-01
1.432072150084256479e-01
1.412757635969342507e-01
1.421101769453435582e-01
1.419086320641320120e-01
1.404830919764781250e-01
1.397899029302628326e-01
1.421096098938359475e-01
1.412525835778876693e-01
1.396189570863580198e-01
1.419285315559249694e-01
1.414526140828348821e-01
1.410486803253035992e-01
1.399763764222136941e-01
1.428726875307969046e-01
1.405814993385117451e-01
1.399371278454019096e-01
1.417650729469337734e-01
1.430288210048998310e-01
1.428037580520043481e-01
1.372191864319450005e-01
1.432192152088897219e-01
1.387105991141850680e-01
1.424224429446363793e-01
1.398309032325560641e-01
1.423265118160946807e-01
1.423079429887232350e-01
1.417701181883521400e-01
1.419285315559249694e-01
1.377496217713310156e-01
1.414068814326092383e-01
1.426733910916082870e-01
1.399425778461470815e-01
1.369382054842918917e-01
1.429112491990996714e-01
1.405214188371099460e-01
1.425513720735317735e-01
1.400125504083338801e-01
1.418642989473841431e-01
1.432159406071864816e-01
1.426004085717323122e-01
1.420051101338678234e-01
1.404393005829142338e-01
1.423849354788581101e-01
1.416815796343921241e-01
1.420521153343836385e-01
1.412605191991181119e-01
1.422579809537611317e-01
1.418642395776128495e-01
1.431260169177511199e-01
1.431099198539375339e-01
1.416428443101864498e-01
1.410041468587986402e-01
1.384032229229108790e-01
1.416961704725993587e-01
1.412967965334811782e-01
1.417448169735338048e-01
1.398987498462877233e-01
1.430672180788524761e-01
1.426998336146846347e-01
1.412572203030575679e-01
1.418036453679992759e-01
1.408331784863030844e-01
1.425564390844547280e-01
1.420497685802279419e-01
1.414068633349834792e-01
1.418067028238431670e-01
1.398678465846058261e-01
1.430793134157316848e-01
1.424329249187821500e-01
1.427001396188748716e-01
1.423970036082746193e-01
1.404114930717795529e-01
1.404591962826746143e-01
1.420910530541829309e-01
1.393894223012940858e-01
1.427808104228225905e-01
1.431379634282072266e-01
1.408818165665536026e-01
1.424300498267797033e-01
1.419203332260627892e-01
1.425678757940308239e-01
1.429409612190630230e-01
1.389439984530783379e-01
1.422826576288899747e-01
1.392545502173065941e-01
1.417649598583847759e-01
1.406757064497972110e-01
1.426572402319342403e-01
1.414209497801512394e-01
1.401179059493894152e-01
1.421163650388471700e-01
1.423843529561150956e-01
1.395064485851315872e-01
1.425203353170748644e-01
1.429277788695048623e-01
1.405765269477769752e-01
1.430369827893226420e-01
1.377532372457518917e-01
1.402544316246086553e-01
1.429794162226164234e-01
1.416714012731615790e-01
1.405938227964191878e-01
1.413776572125119146e-01
1.410581662788834567e-01
1.422371880822501933e-01
1.410404518675210384e-01
1.404867167999300781e-01
1.428806886745055404e-01
1.398666577889630114e-01
1.425275187029740875e-01
1.422716755801720911e-01
1.403918637316795004e-01
1.417776434171348354e-01
1.401840352279490332e-01
1.432186137387757296e-01
1.428776541622535090e-01
1.391180977604773994e-01
1.417512323725832468e-01
1.406757064497972110e-01
1.403888999087860301e-01
1.431625421922388397e-01
1.426761918016093145e-01
1.394503112271128775e-01
1.414845876671818048e-01
1.424804315018802781e-01
1.396054923729046215e-01
1.410893826031232867e-01
1.375372258929714042e-01
1.430505090561146608e-01
1.429067875610008642e-01
1.395495149431149051e-01
1.421769081921466504e-01
1.415618420032592195e-01
1.421022887727980966e-01
1.396746947537187422e-01
1.413424331265880907e-01
1.385039429180578985e-01
1.411656546078374208e-01
1.420372133106448387e-01
1.387048714618678291e-01
1.405194092105729042e-01
1.426778341415252116e-01
1.420866694700359811e-01
1.413329679153042251e-01
1.405693474013179622e-01
1.381673356049778478e-01
1.405872219969144243e-01
1.431689383448572217e-01
1.430410503684773349e-01
1.426003146987800951e-01
1.414222859323159553e-01
1.429274799433446763e-01
1.431789633428635078e-01
1.422713070444636962e-01
1.393899331058193469e-01
1.401955841082815624e-01
1.405825837803520439e-01
1.430155650590142491e-01
1.405560539874904369e-01
1.412310836608819120e-01
1.431495177934101193e-01
1.417338323604891426e-01
1.392451641556303188e-01
1.427681423399364269e-01
1.366659958116789308e-01
1.412513384369254998e-01
1.430113197562423166e-01
1.384452569742141703e-01
1.429431691092236389e-01
1.421644915185467650e-01
1.421367254873511232e-01
1.411079211841965997e-01
1.409626227419980560e-01
1.385164114699979632e-01
1.379489657520032997e-01
1.392451641556303188e-01
1.425891953869959095e-01
1.428261522482306423e-01
1.424117974054321945e-01
1.426733910916082870e-01
1.422820479853189879e-01
1.415195318535807933e-01
1.418384638986019686e-01
1.428904916504073475e-01
1.421000352606792694e-01
1.417464478375768111e-01
1.414893028324032964e-01
1.416687370570769156e-01
1.429166406469855044e-01
1.403018933955791636e-01
1.404022807315853660e-01
1.412172675955201961e-01
1.419990417943637617e-01
1.394673310115430720e-01
1.425487223586501262e-01
1.417273981596601229e-01
1.423026745984697083e-01
1.395060995604073817e-01
1.395417745400268916e-01
1.388322066769305807e-01
1.431874667378886246e-01
1.430325703527298153e-01
1.427413525148346352e-01
1.415426966897357919e-01
1.430302998103556988e-01
1.426012482375443591e-01
1.404583014993680823e-01
1.424339267309328583e-01
1.412925746897858159e-01
1.423899410889262473e-01
1.422533253273119136e-01
1.425845010446345762e-01
1.430974043408021756e-01
1.385164114699979632e-01
1.418718811022496307e-01
1.430583773690154714e-01
1.396777029210826415e-01
1.432318847341631507e-01
1.430487155246382425e-01
1.426233041128385226e-01
1.410997803893100644e-01
1.400486719055077933e-01
1.405214188371099460e-01
1.404547874204983837e-01
1.405021368141730898e-01
1.399772558030759340e-01
1.378951280305757143e-01
1.420975892689388953e-01
1.412658648650660376e-01
1.427399458221299267e-01
1.413254687233206075e-01
1.429748441568325090e-01
1.425605354727864371e-01
1.420852155893524149e-01
1.407307194138797679e-01
1.396822806822675955e-01
1.425832488338508175e-01
1.410946198861366407e-01
1.422325570523624849e-01
1.417791998578546153e-01
1.415152344384772998e-01
1.432556589883175746e-01
1.408426260879161729e-01
1.418861126396836481e-01
1.421680766337519164e-01
1.424310425627140497e-01
1.431318371166888925e-01
1.416727435372197863e-01
1.424856296837678227e-01
1.421984379343728400e-01
1.428629744392952705e-01
1.412195668137931071e-01
1.409901498469862402e-01
1.405921808793250405e-01
1.417323201251626530e-01
1.419881514599518058e-01
1.432342786108888044e-01
1.398938541664096202e-01
1.414498029764746923e-01
1.416970965456846310e-01
1.392668758941477958e-01
1.421644931903125186e-01
1.409527173155739332e-01
1.389856807919252202e-01
1.381186104741981002e-01
1.430461513575861932e-01
1.430271835383659096e-01
1.418127315392492260e-01
1.404280331859699971e-01
1.426725412379000191e-01
1.422969474079716912e-01
1.419939565391762637e-01
1.422799671327029114e-01
1.427988228050719455e-01
1.408149531396645782e-01
1.432331926582037507e-01
1.424106358735023614e-01
1.416534728410294153e-01
1.424564224926868072e-01
1.424901620037301309e-01
1.424560783680092757e-01
1.430568407962094224e-01
1.429492800587195411e-01
1.395831152395821395e-01
1.432317900217005835e-01
1.394292844058034331e-01
1.418400789988541466e-01
1.407561418902331107e-01
1.413178609185162804e-01
1.413180627378741450e-01
1.424784469696132594e-01
1.427774383442097228e-01
1.422961115163169366e-01
1.430000650018874442e-01
1.427880894300379844e-01
1.430055147247150382e-01
1.428763944436329814e-01
1.421931489382968206e-01
1.426355979777904903e-01
1.426678569552981557e-01
1.419363412635075150e-01
1.429562105729957344e-01
1.422591873211442870e-01
1.432269511373185367e-01
1.413761362390455467e-01
1.404700862713231801e-01
1.418543974481965286e-01
1.431259829665541827e-01
1.429465249580861852e-01
1.385387490522327902e-01
1.423121872280609657e-01
1.419065741372834977e-01
1.432142931965743604e-01
1.376872230081265802e-01
1.420029266737818097e-01
1.403183251823989230e-01
1.418074663719416650e-01
1.423850702510234822e-01
1.420533705676431113e-01
1.425380410784721219e-01
1.398351073162923397e-01
1.416442766006879017e-01
1.383638061929360341e-01
1.431800204909574603e-01
1.423596829418117826e-01
1.430199312448626470e-01
1.420771735745412490e-01
1.406519087571500848e-01
1.407122869658690711e-01
1.431639732314350377e-01
1.395417745400268916e-01
1.424780101040127034e-01
1.397363245805552379e-01
1.422168667733560155e-01
1.408962031115991165e-01
1.420771735745412490e-01
1.422785300879924608e-01
1.426973818230555247e-01
1.425338126934122263e-01
1.414746274343065824e-01
1.387938432297784463e-01
1.407073431424151200e-01
1.407561934045429008e-01
1.430271835383659096e-01
1.397219885830097985e-01
1.431064321889538027e-01
1.420990242202961606e-01
1.428731508498561065e-01
1.412347335926968650e-01
1.430261822756751511e-01
1.405601724669775232e-01
1.398709185442033875e-01
1.424250642437043246e-01
1.401285897304849482e-01
1.426932617876304210e-01
1.416079232822301248e-01
1.407639666537534306e-01
1.422621237087320079e-01
1.430126759329458375e-01
1.401072377326241791e-01
1.417585577477036840e-01
1.422649153590076487e-01
1.407382436932068936e-01
1.424137798706086866e-01
1.429300493187687926e-01
1.431656361355448381e-01
1.426565047306674328e-01
1.415656274396117353e-01
1.413106869986983372e-01
1.424013921765091562e-01
1.414385076745204306e-01
1.420186974435655725e-01
1.423331816404213301e-01
1.408800396144308797e-01
1.427035156753389267e-01
1.410342367680766651e-01
1.415031896179871906e-01
1.431544870172611339e-01
1.428289411033594469e-01
1.430064834475962277e-01
1.431625421922388397e-01
1.430320785504902159e-01
1.426830192176215539e-01
1.387109312520292126e-01
1.422501144773504478e-01
1.411697919642146970e-01
1.392009837439746045e-01
1.426037569758480950e-01
1.402544316246086553e-01
1.432327479372336176e-01
1.403227175106949998e-01
1.405605874872665195e-01
1.422247552899728040e-01
1.428319501707565609e-01
1.422792009768784893e-01
1.384768279686382497e-01
1.382911549077159297e-01
1.411535612843049237e-01
1.425564390844547280e-01
1.421662863606741045e-01
1.422075347989081584e-01
1.430097954833052520e-01
1.431456762835035812e-01
1.420815759116220989e-01
1.398999538802854492e-01
1.397756369082206185e-01
1.419395919214193613e-01
1.423903015181688103e-01
1.416922344237457609e-01
1.418603246332488244e-01
1.427915303814926706e-01
1.425139968897711218e-01
1.427134204132321504e-01
1.407552578353546413e-01
1.419880280021232066e-01
1.400767673002696612e-01
1.407997766250723148e-01
1.402723635645135303e-01
1.428243527787992906e-01
1.419856600521361145e-01
1.420412421489952171e-01
1.420488920570563418e-01
1.427882499461002319e-01
1.429031735289126859e-01
1.423173307958764400e-01
1.409958491588444440e-01
1.392657921005868160e-01
1.388861404412894129e-01
1.422371880822501933e-01
1.426294952782007908e-01
1.429676731958453295e-01
1.430040108067341942e-01
1.395487764711366707e-01
1.423830429920007745e-01
1.380519606981440717e-01
1.423830597127249409e-01
1.424664014343005047e-01
1.412435025676503086e-01
1.417299407738837613e-01
1.417034151781411400e-01
1.419020287313212947e-01
1.409913806818031135e-01
1.432567497379617361e-01
1.403608921724487646e-01
1.420007079763241087e-01
1.391260808827549655e-01
1.428952186314754735e-01
1.430887892178512866e-01
1.413062849133401855e-01
1.428419803977480917e-01
1.420606881629105367e-01
1.377399034062631034e-01
1.387940378664505314e-01
1.432310968603890400e-01
1.425124645068452933e-01
1.424896697000445911e-01
1.384871283459456204e-01
1.421727110667434513e-01
1.426137769045733861e-01
1.426742838483772979e-01
1.407297760307591183e-01
1.429554526854408814e-01
1.402015008533838980e-01
1.427774383442097228e-01
1.429602488934009208e-01
1.408240298080148389e-01
1.420690149850834250e-01
1.429986035086616702e-01
1.429181948436454852e-01
1.412066592146144217e-01
1.400727752414393512e-01
1.413384511095317764e-01
1.417817485314405157e-01
1.419745440623902955e-01
1.429214013830082119e-01
1.421617589364160827e-01
1.391419275874077321e-01
1.423881499523878824e-01
1.385889291867402062e-01
1.416325863093620130e-01
1.429917455037220675e-01
1.398617127092720014e-01
1.399783167101300851e-01
1.427235159811505172e-01
1.430956738856995480e-01
1.417257669101438522e-01
1.404570242531190394e-01
1.415960250264888531e-01
1.430067795826353017e-01
1.422198998747066789e-01
1.423615864695847999e-01
1.410569207200037534e-01
1.408726110136598042e-01
1.432027957544751984e-01
1.431896100739129818e-01
1.427296249867917033e-01
1.432151260299611428e-01
1.428910028380322439e-01
1.412859053903456064e-01
1.416378450052248328e-01
1.411635470513100399e-01
1.413508803339190989e-01
1.431022092087856079e-01
1.432061324882628606e-01
1.426998336146846347e-01
1.415987110070537625e-01
1.426993077381426833e-01
1.414246462215337230e-01
1.425060658509054723e-01
1.416060450910704427e-01
1.409708384616142618e-01
1.415795701982192345e-01
1.422961115163169366e-01
1.410936749080215491e-01
1.424098837996939371e-01
1.423503316252803519e-01
1.416562496539034433e-01
1.405115632527207947e-01
1.419240784075086470e-01
1.426171151298729067e-01
1.422310445543686075e-01
1.421546973499560884e-01
1.428204439254865676e-01
1.421635569679251254e-01
1.426551406695398538e-01
1.405560494018461282e-01
1.431984931136919548e-01
1.426554009781126064e-01
1.401831683430222186e-01
1.409958491588444440e-01
1.389790930437461436e-01
1.411538745568978181e-01
1.429937006246675413e-01
1.428042134573375976e-01
1.416433366352582435e-01
1.425046923223315942e-01
1.398798505809088488e-01
1.409071650942268494e-01
1.431458004721044286e-01
1.425848212062794662e-01
1.412628674782276661e-01
1.404369516543259588e-01
1.414572595534721311e-01
1.426087884482065971e-01
1.410175574828322342e-01
1.428848747677931019e-01
1.418919513155239287e-01
1.431518384365447205e-01
1.390526629647323986e-01
1.409560803313850974e-01
1.431391391881122743e-01
1.430262724448571887e-01
1.425114516867197478e-01
1.387602002627169040e-01
1.423736670653385772e-01
1.425504339668252907e-01
1.373150678972863692e-01
1.430557830691894794e-01
1.426183279921968416e-01
1.390513096215642008e-01
1.402171399949998232e-01
1.424858163264486610e-01
1.426682112326662644e-01
1.425554713458949962e-01
1.399998731952193654e-01
1.393092881723401733e-01
1.421292499614681959e-01
1.410922707992278702e-01
1.418604334191801708e-01
1.416912754585151202e-01
1.419386826824744485e-01
1.410319478509120261e-01
1.426479647665597761e-01
1.422694471151633999e-01
1.418043565533949890e-01
1.410870376692429373e-01
1.403056760347362319e-01
1.428327045870003420e-01
1.398349606362884467e-01
1.416449632805725778e-01
1.426139257313006614e-01
1.417216579703020063e-01
1.401795916888361748e-01
1.431631542399461055e-01
1.414598067354240762e-01
1.420946601129716713e-01
1.404975830619129007e-01
1.392245508232782258e-01
1.410895420716559989e-01
1.410587962065160683e-01
1.419692926388377019e-01
1.399297748683812626e-01
1.430994326911300962e-01
1.402936311638784683e-01
1.368793361121238839e-01
1.400589949848302096e-01
1.415318092584490484e-01
1.431639732314350377e-01
1.429174347115244326e-01
1.413364675618749566e-01
1.427197866779505442e-01
1.414279100621081975e-01
1.414011463306072969e-01
1.419239725070271241e-01
1.424684598092580967e-01
1.399212068769670470e-01
1.420488920570563418e-01
1.401312145841832890e-01
1.414215569769196601e-01
1.431230755099737739e-01
1.397660197884913469e-01
1.429938529110829082e-01
1.399539512876007141e-01
1.431493399439099923e-01
1.394541105674070303e-01
1.386143739615779413e-01
1.402688621225232080e-01
1.427836967832514514e-01
1.400110535095935860e-01
1.409599359824143805e-01
1.419334481143339488e-01
1.414393083316105026e-01
1.424154751509544570e-01
1.404881126628879373e-01
1.393412590229176073e-01
1.410003530642070790e-01
1.419623235113568749e-01
1.432230953352227332e-01
1.412605191991181119e-01
1.373377141020383219e-01
1.410810953623456987e-01
1.422624852912359461e-01
1.411402790593618839e-01
1.389924969018752898e-01
1.422228922474027546e-01
1.421255250848691976e-01
1.425308237385282395e-01
1.418405111036725175e-01
1.424842530178760669e-01
1.431012299437849911e-01
1.425510854319460563e-01
1.402489824960730935e-01
1.431303398883195244e-01
1.422122301131968081e-01
1.427543509075937245e-01
1.367674803110456028e-01
1.396943376025029104e-01
1.415410942257703808e-01
1.431727663215829061e-01
1.404597964966183554e-01
1.421823497033022909e-01
1.405954228017868013e-01
1.414883960046711964e-01
1.423265118160946807e-01
1.424477911380248596e-01
1.427245333047709730e-01
1.425295754049181740e-01
1.412720917338541327e-01
1.425677573623256866e-01
1.420392975492840715e-01
1.400736439781615772e-01
1.410041468587986402e-01
1.413590855691744808e-01
1.409388756024037292e-01
1.432310968603890400e-01
1.393398706120088648e-01
1.412768662016793964e-01
1.421403137151411034e-01
1.432074261063465415e-01
1.431495012046214432e-01
1.424262129259973864e-01
1.408262917509184031e-01
1.424528173766117511e-01
1.427667191544103598e-01
1.429052427250518120e-01
1.382729655656984857e-01
1.399096753032241791e-01
1.423503316252803519e-01
1.420488920570563418e-01
1.422471812051128714e-01
1.420456863726053676e-01
1.430055059921485627e-01
1.417808676857509331e-01
1.414279100621081975e-01
1.402497967815919955e-01
1.432456192788183480e-01
1.409474968737808587e-01
1.411071735993168208e-01
1.410980160276367190e-01
1.411324336108505662e-01
1.413181703394755795e-01
1.424043543785777355e-01
1.406791772829114606e-01
1.384413161853471075e-01
1.423104552112761378e-01
1.404680013080130407e-01
1.404004163157645535e-01
1.417372565778666493e-01
1.406473823855945160e-01
1.419178573498338647e-01
1.393216977426473546e-01
1.423920913068120186e-01
1.430387238063116628e-01
1.424285994526735544e-01
1.418061463302387193e-01
1.387461157525078648e-01
1.426390653213349957e-01
1.420918954890297015e-01
1.398992139484313557e-01
1.407191769773507573e-01
1.414785886046824037e-01
1.406844404949597338e-01
1.426716889462217586e-01
1.424636682278689892e-01
1.428854290270445693e-01
1.412313886150750597e-01
1.404808149048609456e-01
1.417945347473019424e-01
1.421191653418804324e-01
1.424093999157378110e-01
1.421756054208415110e-01
1.408512908717416967e-01
1.429314060218240257e-01
1.408522222812270963e-01
1.413911884966900234e-01
1.424320404248477778e-01
1.430677374720023542e-01
1.421851073312202784e-01
1.417925840516663094e-01
1.396451558013565575e-01
1.425816399048522032e-01
1.417337322576422420e-01
1.425527292634672372e-01
1.414837436612333965e-01
1.422934557446804416e-01
1.399042127848469097e-01
1.429157397024712894e-01
1.429041728006308909e-01
1.421020653320482496e-01
1.417815087324900691e-01
1.400045068848779217e-01
1.390135408217897939e-01
1.423751153085659193e-01
1.418043565533949890e-01
1.405560494018461282e-01
1.406758056273571533e-01
1.427867600194468178e-01
1.431811100686005978e-01
1.412611695516461929e-01
1.426775309908261957e-01
1.415257188610496153e-01
1.377987511897643125e-01
1.379363381559171320e-01
1.406823490010869482e-01
1.418512706717874050e-01
1.415135959811179289e-01
1.432285994446292343e-01
1.429446328868579918e-01
1.417022662778831821e-01
1.420545158688037712e-01
1.425822165694773103e-01
1.407566080659009289e-01
1.421665428537050579e-01
1.425413370336962304e-01
1.419017178186605388e-01
1.410706888719676089e-01
1.402966280377533348e-01
1.417350499253663410e-01
1.404141279328712244e-01
1.404600790017556111e-01
1.426200973399364691e-01
1.422275761497348856e-01
1.422799671327029114e-01
1.417959506218321730e-01
1.420815759116220989e-01
1.426536810162048197e-01
1.414735055125209973e-01
1.418526297346195675e-01
1.426722657053366150e-01
1.405923250439143068e-01
1.414348756036963306e-01
1.424224429446363793e-01
1.432298215096482197e-01
1.408155207224069394e-01
1.424307699282417183e-01
1.395635589737201365e-01
1.399202902188892983e-01
1.410788194791665617e-01
1.422174649165818539e-01
1.426824039842173597e-01
1.373958211628658610e-01
1.422105757593264685e-01
1.421069123489170360e-01
1.417187442062620706e-01
1.423858974333635508e-01
1.417873930685966954e-01
1.414744110992917081e-01
1.413351393867351147e-01
1.420770913912646205e-01
1.421537162042708080e-01
1.425276732869493190e-01
