9.269465162367875825e-04
1.122428247180552903e-03
1.021763036814414766e-03
1.311287320231789393e-03
9.634197994946299770e-04
6.590820994695211236e-04
1.214943373210253296e-03
1.110236589574672191e-03
7.425096158282771825e-04
6.427817693383602003e-04
9.029794879899852690e-04
6.835031323067683158e-04
6.914188871595091171e-04
8.813060122769650296e-04
3.191522092428935296e-04
5.690660098724748157e-04
1.462614810599616394e-03
8.115224623462089122e-04
1.146353929475847763e-03
1.022358906476263096e-03
1.292538292065744179e-03
1.185404459887515367e-03
1.954746048623688236e-03
1.219714638491934452e-03
1.419329268794845529e-03
1.204305038435735629e-03
1.100403717389144848e-03
5.900104147929969038e-04
1.431929584400695775e-03
6.069017827760378589e-04
1.082551083178255255e-03
8.739144147820029560e-04
3.568446531361378258e-04
9.704819195605113216e-04
5.828165250290644932e-04
3.518179314361516603e-04
1.315216571552860507e-03
5.937146888586245083e-04
5.263261004286521856e-04
7.336287009186647466e-04
1.250582268289297978e-03
1.768199192700069255e-03
3.521329076571255755e-04
4.767785621469717346e-04
6.980018471222713787e-04
1.136191419484661354e-03
7.469808584716018099e-04
1.281101380294750753e-03
3.757224735220838943e-04
1.325492783859515871e-03
5.379727430679103221e-04
7.650145281705063045e-04
7.598643231235238833e-04
7.445693654567651573e-04
2.097229667706704530e-03
6.174399114966946456e-04
1.577836350087870364e-03
6.274673390342279259e-04
6.262425387619796353e-04
7.755725571110291643e-04
1.381871488452713183e-03
1.120076091793829713e-03
9.186627970407740870e-04
9.434935428047640281e-04
8.259177222712462980e-04
6.350076175322075939e-04
7.162830826610213242e-04
1.296950896805328622e-03
8.335650630075115133e-04
2.543273710260859650e-03
7.069778235464638976e-04
5.054033424442530478e-04
6.726982131993006642e-04
1.114664027293063879e-03
9.239064562316530969e-04
5.200952006353642661e-04
8.558814946650432614e-04
8.460301494349582252e-04
4.346485238844335994e-04
1.103814274770418278e-03
2.159305374957067817e-03
1.027102565123048190e-03
5.525616119000627616e-04
5.600979545636960598e-04
1.156104516016748457e-03
1.173620553319096706e-03
7.942009530781586092e-04
1.622748529610769331e-03
5.077646313795719556e-04
4.516842749412257048e-04
1.562560113252562007e-03
1.374481364248589721e-03
1.142596322800495381e-03
6.613391629396377395e-04
4.309430417392699558e-04
6.297464403029240420e-04
9.397191872692619392e-04
2.349228698757567513e-03
6.526757172927983132e-04
1.124176661438268908e-03
6.034888758685338483e-04
3.568446531361378258e-04
9.322015620976452453e-04
1.416534624890643246e-03
8.763179279427661846e-04
1.952349303976478895e-03
1.073728807873045726e-03
7.824445001694034854e-04
7.514412355739477634e-04
1.024332116262899025e-03
1.222784839605747320e-03
6.958074617972255689e-04
9.925151564419945789e-04
8.111871569973558684e-04
7.383166552284221211e-04
8.990323132982359000e-04
6.078237665820085487e-04
5.738315910996034160e-04
6.642216787627168179e-04
4.946476703902013281e-04
8.727637796523536693e-04
5.283763738024300875e-04
8.093246520137510874e-04
9.696388248059284063e-04
5.713903695671603651e-04
8.895466639785812746e-04
2.105667590529949462e-03
1.433348055721748266e-03
6.223437915235116927e-04
9.256837423597990199e-04
8.772992132007120802e-04
9.845792001292104790e-04
5.884145278043613004e-04
1.086981802844970294e-03
1.735518426697515342e-03
7.379928058074174601e-04
4.098957461699732126e-04
1.537911704751341799e-03
1.365369740031852595e-03
6.535843383881661433e-04
6.872008143943964366e-04
1.060318323948462871e-03
1.318465583882930288e-03
5.886771589810401535e-04
5.990120142830068556e-04
1.054162618427862503e-03
6.007287707080155538e-04
4.530065429568129118e-04
1.625874289982091100e-03
9.545341237157130678e-04
6.141755253017022092e-04
1.315513339058451379e-03
4.806570899673289995e-04
7.259085488048295327e-04
6.961283232135801000e-04
6.018155356566417744e-04
5.811173897268278763e-04
9.304277583001884303e-04
1.075895042816336303e-03
1.419329268794845529e-03
7.334429670471724312e-04
8.036049326856866846e-04
1.694340221304073066e-03
8.637611599928513234e-04
9.944882981816113160e-04
7.368559696361908027e-04
6.934124829552022187e-04
1.154939524581656768e-03
1.604736734713031569e-03
4.048051918503153628e-04
1.590155158971117734e-03
6.707865792252820343e-04
2.072437075839232788e-03
8.016973039587796737e-04
3.131098663024241106e-03
8.261147900982082929e-04
6.909938725650777982e-04
6.188286849600924209e-04
1.495040001202664918e-03
6.280240290912893035e-04
1.408986307006143256e-03
1.561211004435510618e-03
1.172634425716034346e-03
2.462423534455012407e-03
7.867407964171994070e-04
8.995834455778117583e-04
7.106301423918582509e-04
7.245753035827528837e-04
3.228363097709654322e-03
9.276087470076650483e-04
7.138376831750866411e-04
9.122975745444483232e-04
4.351236719316909501e-03
1.214943373210253296e-03
1.523712927182078493e-03
1.476889138397617478e-03
7.754653381137894923e-04
3.779905934708591305e-04
4.909840811768336746e-04
1.575607892418781370e-03
8.596541768087731950e-04
1.230610328869119257e-03
7.649129469054392286e-04
8.364927377254038638e-04
6.542561339475103967e-04
7.478815607337262064e-04
6.440810679050268861e-04
6.394383233101500136e-04
6.558028112127854562e-04
9.023817150895527359e-04
5.748979254836120503e-04
1.055669167173598714e-03
1.026822625345836029e-03
9.839175628916854710e-04
1.495531321472514871e-03
5.317832619226283081e-04
9.889663379710020730e-04
6.791149731084833094e-04
5.704869465684688293e-04
1.143874251349434124e-03
1.055669167173598714e-03
1.315513339058451379e-03
1.350188960287958305e-03
1.925121568003295563e-03
9.461883227551640000e-04
3.082487885880206939e-03
1.067304101497221691e-03
1.151480982929056806e-03
6.556676221161172706e-04
9.913649841160269548e-04
9.086039369887172071e-04
8.904871895941338230e-04
1.551638819622998527e-03
1.065160198970835142e-03
8.242487607226561732e-04
9.144706484167321094e-04
1.051610664027324794e-03
1.583590650475438007e-03
9.172885379374792194e-04
6.183096218276106079e-04
8.652346896152454322e-04
5.931963882333594592e-04
8.454646125115016777e-04
1.742336220835522323e-03
8.214893026190187193e-04
1.131502943051025667e-03
9.913649841160269548e-04
1.166013318584248424e-03
4.650906477107066644e-04
6.913718546997623315e-04
2.402526695162525514e-03
7.341315748267468119e-04
4.716879420587565095e-04
2.392629281365466799e-03
5.637806342192563762e-04
8.168777311688110764e-04
1.314275500385962215e-03
4.731847975963266871e-04
6.110562047847265151e-04
4.538116011260868239e-04
7.804549873568792859e-04
3.638779552772039376e-04
8.483155674410837975e-04
7.413043476113206172e-04
9.629011987797162679e-04
8.502859830558602344e-04
1.252312102684743737e-03
1.166105042638132354e-03
6.373680656526114130e-04
1.112853496627048749e-03
1.677137868285597270e-03
8.084029026975212816e-04
2.341115395379540255e-03
1.811508661941368991e-03
1.335996640176212924e-03
6.112814431128070578e-04
7.036206062213518336e-04
1.579249367016021975e-03
5.825761438633450789e-04
7.224615495625685011e-04
8.775349658266087035e-04
1.286571525572754613e-03
5.475768005506607321e-04
8.259177222712462980e-04
8.991994486478879865e-04
5.572326162265471734e-04
2.362232409016321814e-03
8.598043441044842016e-04
9.246545293425230622e-04
5.573978949656329101e-04
5.868627807900737153e-04
6.707865792252820343e-04
1.363968405767113827e-03
3.846548144343792650e-04
6.388118994055405836e-04
7.658709110319783563e-04
1.209736584971568248e-03
5.029067817861992669e-04
8.221723470965054291e-04
8.514221906849063493e-04
6.102184083735202663e-04
8.648690725552769885e-04
7.618678380596721712e-04
9.216159874237556940e-04
7.970964292146759129e-04
1.080029858901301138e-03
8.310328481900995309e-04
1.060102409956182332e-03
1.744728482010953147e-03
7.862438890681916264e-04
6.552092299314378433e-04
1.343478002839995330e-03
1.800385297316104945e-03
1.214143498932808473e-03
6.147884264872449439e-04
6.654196118307384097e-04
9.170838584990670438e-04
8.460914358833808088e-04
6.500205049890699430e-04
7.580667718278206796e-04
1.637534272704513003e-03
1.521677082330808763e-03
7.244539646767078839e-04
8.223718701667944320e-04
9.956345802097103705e-04
5.205320760979182055e-04
8.603531941349710187e-04
6.653166165546197481e-04
1.698715701977233017e-03
9.088383223628097602e-04
4.283961870415466892e-04
4.197023900461536203e-04
6.608291235429352524e-04
1.021696261524318366e-03
1.281288644424288673e-03
7.509876961278201535e-04
5.209150784708298189e-04
8.043617781223641417e-04
7.473247845103396687e-04
1.151713587149544651e-03
7.084134549167818385e-04
7.663473486592584875e-04
7.633253123805129776e-04
3.500503080236908341e-04
7.309028046865461998e-04
9.613377098073479232e-04
4.097379257918647979e-04
1.685246877937383002e-03
6.984810850330922579e-04
1.009396450923655047e-03
4.516179518465022482e-04
1.001788175214788409e-03
7.472190905448629784e-04
7.884568709851190850e-04
1.357857765394958859e-03
6.864294335381527622e-04
1.140034770655869471e-03
1.100236023803121245e-03
5.316623713229156863e-04
8.561172910177775736e-04
1.132271269910443186e-03
1.550861704482736636e-03
9.036218575879108013e-04
1.831362894211642023e-03
8.153338721750915969e-04
3.811548037594104585e-04
5.000281276477799505e-04
6.059447364125266321e-04
6.401744451238411881e-04
6.259112668073707302e-04
5.504024287687065949e-04
1.166976377525868764e-03
2.269292706902837926e-03
1.088089229196444359e-03
5.000248986743718524e-04
9.974217364844388273e-04
5.384870648877224022e-04
1.212082033841238799e-03
3.228363097709654322e-03
9.420538996605470027e-04
5.835051906225553970e-04
4.175613205345040345e-03
8.641090696423201802e-04
2.368139596025699723e-03
1.976777726276095128e-03
1.357841808583164656e-03
2.699756685071714297e-04
1.189921110909626786e-03
3.020095079488077454e-04
1.374481364248589721e-03
5.902043075177514867e-04
1.661173410235595007e-03
7.416738583789989417e-04
1.184236489695880386e-03
9.662757841699735851e-04
9.981254486356079276e-04
8.367781633053429256e-04
1.202287542378790118e-03
1.240248422389234485e-03
8.562531490916133661e-04
2.058982974363141819e-03
8.304767405190145117e-04
1.896144755122946375e-03
8.088495045683831083e-04
4.562337779724149039e-04
5.715528990493545141e-04
1.205668483885636005e-03
1.354446038691684440e-03
1.004369317533532636e-03
7.514412355739477634e-04
1.487679100874158850e-03
6.743872930987183977e-04
1.098175413832789930e-03
3.629395900455933337e-04
1.110005008395397071e-03
6.244205825296924401e-04
7.965955469299620256e-04
7.808158196058371083e-04
1.090112424114180042e-03
5.877669515602368389e-04
1.387527116329203159e-03
4.629105567296929705e-04
4.944616179212548215e-04
1.409598819242267312e-03
1.675830332744459054e-03
6.828186624495385503e-04
7.239646344250852839e-04
9.985357298020643146e-04
6.906622453484346927e-04
1.302546928275054175e-03
5.659629081492185618e-03
5.031715531687532732e-04
7.448582725113436125e-04
5.948988283083760532e-04
7.309028046865461998e-04
7.394809505595345556e-04
6.874460155523692655e-04
8.501401437007899712e-04
1.114407659213566531e-03
7.496234068065706774e-04
7.716980194742730208e-04
1.016059815270335545e-03
9.170184241181990239e-04
6.116586119028244754e-04
3.846548144343792650e-04
7.912218850375413474e-04
1.032951704725022964e-03
1.175052300246266215e-03
6.711268374694622386e-04
9.320111290509681045e-04
5.280774442474268828e-04
1.031284869892192283e-03
9.297140039386981051e-04
8.349526642984764950e-04
1.352630746543598923e-03
7.862535597202609120e-04
9.210661718024066181e-04
7.945215055948689955e-04
2.492225460211374040e-03
7.261489461294074865e-04
1.165176384645263746e-03
7.950370109103394294e-04
1.110034598527669244e-03
5.346055200727529381e-04
1.178202495056655114e-03
8.815449038891167138e-04
1.407156537002561027e-03
4.699431871317540045e-04
1.361494902729959780e-03
6.038521377092147908e-04
2.182203791177611887e-03
5.336620975918031969e-04
6.517309042008363794e-04
1.630172722558819896e-03
5.679517845969796414e-04
1.006324171204088513e-03
7.171293337121986602e-04
5.016572385781154593e-04
6.265845663533414116e-04
8.219540483658707274e-04
8.744139887049856043e-04
6.917032803008713818e-04
6.646581520876756154e-04
1.115547273261847114e-03
9.434935428047640281e-04
9.633788542714543345e-04
1.380658071991193924e-03
9.566352199247879669e-04
1.793535306827788618e-03
8.957945518226921372e-04
5.106176260507110489e-04
8.009101989875737609e-04
4.814243438615059914e-04
7.343676558759248442e-04
2.962700098601370961e-03
3.114756432829078668e-04
7.274003009023581601e-04
6.066083183234423836e-04
7.015523970949292393e-04
6.888188953959381708e-04
1.415154314224213988e-03
7.101561030834738133e-04
1.058964655942060780e-03
1.230269130019186587e-03
9.919647518101487680e-04
4.386035078085924596e-04
1.403530755318893640e-03
5.915427117600384086e-04
8.651128391816659095e-04
5.819645815319392755e-04
1.739766319134146205e-03
1.849930391972597673e-03
6.855875190151406329e-04
8.801955089880591230e-04
5.506588869845230327e-04
5.183546369728523435e-04
6.456572311764687032e-04
5.693637969943132413e-04
2.975820840404372510e-03
1.150647794773593593e-03
9.040341599067242126e-04
8.189498791129134559e-04
1.110005008395397071e-03
5.615256195910826517e-04
9.570785438303157280e-04
8.607558456629325243e-04
9.403659848515002377e-04
4.365180679820111851e-04
8.815449038891167138e-04
7.203968017532393119e-04
8.796370166047748004e-04
6.530727741152680737e-04
2.394108453916897819e-03
7.931483866581167958e-04
7.154737648912904953e-04
2.801108482601245928e-03
1.196406355006598672e-03
1.535720895893115520e-03
5.811173897268278763e-04
1.048115054176955094e-03
8.412856208663203710e-04
1.315005122831961783e-03
6.381790169852487142e-04
2.238473818109749155e-03
8.519318828000300168e-04
1.146887846457632799e-03
1.925679006366251078e-03
3.939220593074445895e-04
4.942080971552585515e-04
8.885563879478698820e-04
5.409544107877836292e-04
7.844316153336005184e-04
1.742336220835522323e-03
8.429654070348109032e-04
7.379747018635254884e-04
6.043710807082294106e-04
1.087965970614477446e-03
5.930631472077473043e-04
1.055385617777753046e-03
8.835309716559364753e-04
6.294081574644734556e-04
5.835051906225553970e-04
1.720176693073122457e-03
1.026822625345836029e-03
3.565489445135750879e-04
9.210128341920392541e-04
1.098503009354933734e-03
4.918309948296538349e-04
6.202364441924919543e-04
5.082391679162689534e-04
7.776181439881357533e-04
6.245294982436150636e-04
3.299032272146162513e-04
5.862025959860226549e-04
6.608291235429352524e-04
9.331207807202628090e-04
4.644407243901955517e-04
9.387881260561450935e-04
1.163560676462126230e-03
7.873430525136050368e-04
5.578185043879972617e-04
3.843486015759654340e-04
8.230453577236140818e-04
5.722982412638494493e-04
6.456663462664528289e-04
4.371016391990288998e-04
9.868091048225748323e-04
4.520052994747371161e-04
8.582934004859025688e-04
4.967555828228963728e-04
5.047435382236595313e-04
9.406007963480647344e-04
1.417518674934903529e-03
7.502720185885684715e-04
1.652101971472609175e-03
5.151747361053999122e-04
2.422132177721902750e-03
1.138263678777139565e-03
7.873430525136050368e-04
1.102057448840832376e-03
1.070921005183961185e-03
1.137903915233214091e-03
6.334072283636111179e-04
8.419544018775513205e-04
8.339555035493708681e-04
2.163821202649358899e-03
6.465541370201678120e-04
7.244648600817807198e-04
8.330816799152264982e-04
6.265845663533414116e-04
2.422606570783260825e-03
9.029794879899852690e-04
7.534864812897939775e-04
3.158457124333589796e-04
6.702296895976115948e-04
7.898294708822257114e-04
1.199559858635394771e-03
8.550365935676752533e-04
5.823492429944263559e-04
1.273505203700865066e-03
8.525256474377593567e-04
2.072437075839232788e-03
7.239804854721283624e-04
9.631954652435426078e-04
2.642844653660803098e-03
4.542461125789894801e-04
8.371257991548546832e-04
5.392890336941419654e-04
1.678282389923590068e-03
1.056559254618922618e-03
7.197082364062061359e-04
1.151398495247037699e-03
6.690762282619799580e-04
4.944616179212548215e-04
8.371257991548546832e-04
1.045240296140688592e-03
2.134540976587839551e-03
1.521847069361656176e-03
8.918661490307600113e-04
6.301901431939208953e-04
8.412249777281850978e-04
1.169257611411200683e-03
6.556555427652504923e-04
7.833419910169659795e-04
5.875573197360827154e-04
7.239646344250852839e-04
9.118080940669451599e-04
6.524370108067287363e-04
7.725974445926869685e-04
8.348989898187572731e-04
5.776572292973757667e-04
1.962492782594006668e-03
8.720453853803179388e-04
7.137698708778936196e-04
5.511902795870666193e-04
1.609533744111341569e-03
2.395591116289308778e-03
6.358408501754016879e-04
8.028685650300136471e-04
5.098055719956930002e-04
6.676863906210113572e-04
9.364757466026671492e-04
1.429520326689361423e-03
1.038321805715708814e-03
6.852540212847006143e-04
7.802046305258792834e-04
1.222311122968378983e-03
9.267417222201023222e-04
7.789373771903596207e-04
4.460548053798340943e-04
4.126139623592380229e-04
8.518369885476738401e-03
1.338107124899745766e-03
1.383586202391969737e-03
1.945127648685692238e-03
6.147603135290045191e-04
1.216785463621853757e-03
7.374168101936572420e-04
7.312243015571868185e-04
4.921454226025929329e-04
1.016377033065708974e-03
7.055427924665716140e-04
9.413715359386917378e-04
1.138841293843278297e-03
1.341641315422650209e-03
4.999199591314665595e-04
1.113728746652561637e-03
5.554977135102074715e-04
5.092166096576743314e-04
1.574481352904281506e-03
1.157486615266215902e-03
8.646442861597942358e-04
4.478922296736092602e-04
5.139333823335808654e-04
1.070921005183961185e-03
6.214680166087289525e-04
9.240771092122867115e-04
5.571161055109586637e-04
9.320310817444735435e-04
1.181336863765112015e-03
6.868679642481164338e-04
1.399499710496569359e-03
1.291274453375085979e-03
8.544760223444965424e-04
9.981884876890147196e-04
6.186313884731281434e-04
7.402719385085845686e-04
8.694521896619562210e-04
6.727165373066325239e-04
2.008099860457315377e-03
6.364205354463958351e-04
1.315513339058451379e-03
5.615549587747369282e-04
5.848433479437470947e-04
3.858078172335525653e-03
1.117002357150921220e-03
1.687196727431982020e-03
7.348961619956798563e-04
6.917698989762614435e-04
1.136846552230251061e-03
1.072581820599185359e-03
1.421180376878763193e-03
4.895679993332891855e-04
3.392193498955739083e-03
4.253568110481962660e-04
8.755004204619673026e-04
7.664100751460157417e-04
8.027211655797378016e-04
1.054183596470911494e-03
5.859822994405605376e-04
6.006229513621922419e-04
8.913616662496768673e-04
7.481367589826683206e-04
2.175923515845288106e-03
7.139498319544826995e-04
9.124981518456938730e-04
1.381203577320848364e-03
8.371257991548546832e-04
6.907472627461984068e-04
1.105775211859688460e-03
1.729812113241477886e-03
1.437562807354302637e-03
6.574912436310362002e-04
5.881678753889231417e-04
7.478815607337262064e-04
1.080856442741664125e-03
5.053789770753758064e-04
5.097871955249227939e-04
7.628089412216429617e-04
6.888188953959381708e-04
1.027747976704377827e-03
1.320162776532351166e-03
4.710900233653471099e-04
8.026747397237542214e-04
5.579003325368906644e-04
6.291010627191923272e-04
7.938820444147120202e-04
4.908133370649346572e-04
8.948027992642393087e-04
5.796146597155235267e-03
1.315513339058451379e-03
1.064260040155928528e-03
1.430920341509158865e-03
8.695130486267405815e-04
6.176977324319629040e-04
2.013348176133279710e-03
1.326105312141934644e-03
1.244042549306594893e-03
1.440375436997265012e-03
9.381554184572216517e-04
2.078251324992893851e-03
1.060318323948462871e-03
1.232020847605256068e-03
7.397904904101690066e-04
1.801820573701244481e-03
7.760931382351955862e-04
6.730599844195161129e-04
4.650906477107066644e-04
7.005695925047926865e-04
1.206013540922056849e-03
1.716571681081703040e-03
1.460479236336589392e-03
9.846517364627128781e-04
5.218511418032649191e-04
1.009550769883451595e-03
1.030912080164234773e-03
1.142196802589949415e-03
1.119371214674380133e-03
5.161013138260666256e-04
6.594237716192862800e-04
4.217711222820836291e-03
8.737163400197301127e-04
8.059998461109254154e-04
1.006440936638007978e-03
4.867522333522273162e-04
7.156210491849176927e-04
5.775271238483420519e-04
2.463250102085696829e-03
7.271395627430742720e-04
7.833419910169659795e-04
3.500746640616079174e-04
9.626958344977147022e-04
8.386726192371421907e-04
6.881614659138150835e-04
4.897117396688979501e-04
7.236176145273763268e-04
7.478815607337262064e-04
7.504595393444832242e-04
9.554598844572001612e-04
9.073309081615099983e-04
3.175342820921710869e-04
1.115102562354262526e-03
1.136600821730510223e-03
1.385932992551098695e-03
8.922174114134328888e-04
8.646649758625007389e-04
7.393386082219193097e-04
7.219644056676985042e-04
6.048767567890862189e-04
7.458873405621275262e-04
6.785163130066572618e-04
5.690660098724748157e-04
8.443210542987846347e-04
6.762685380981740347e-04
1.185515942014924665e-03
6.143904164797496991e-04
6.627994128591528384e-04
6.449037321022807641e-04
7.325621149892583197e-04
8.272570825669003361e-04
4.818454026766144432e-04
7.747657040907641665e-04
1.340808437312113145e-03
7.981202938984278744e-04
9.859568475633841318e-04
2.916987250488580407e-04
1.832333708171907409e-03
5.662931962646950822e-04
5.907857599393738285e-04
5.843697048716992590e-04
5.761625415010484998e-04
7.172345411452530359e-04
8.520400384028591068e-04
1.250547162339137649e-03
8.223718701667944320e-04
6.110463200014430588e-04
1.011284451285872051e-03
6.078704456015253431e-04
4.176164661578437112e-04
2.765052605160116510e-03
2.393286740634786684e-03
5.678496909657382297e-04
9.045332418313202765e-04
1.036166404923748218e-03
1.296062915765166341e-03
9.808333771803502861e-04
5.683231797118835308e-04
1.135305061586055781e-03
2.290280451096952333e-03
3.870235226856877657e-04
7.750693017739710214e-04
7.844637437805274029e-04
1.342879885528199977e-03
8.121064555730984555e-03
5.057115053942040769e-04
6.524283508693864237e-04
8.221723470965054291e-04
1.308567131193388898e-03
8.689827648231311739e-04
6.588172163652832383e-04
1.110088519274305156e-03
5.940887973083647244e-04
4.949319509009163795e-04
9.610345518552702903e-04
9.474424421650796697e-04
5.926131431381812930e-04
9.371818143053485583e-04
1.108833103167876409e-03
1.365142457463006890e-03
9.699211752033000010e-04
7.327637284630350014e-04
5.159911715717000304e-04
6.427113312025947755e-04
1.454561263503885643e-03
5.732807043875577354e-04
1.162317773004098182e-03
6.925902442115271750e-04
1.045515838780136826e-03
7.515334444610634150e-04
4.817816087483942772e-04
1.213638813748254067e-03
2.691001888032144504e-03
7.978970136274321848e-04
9.948971270461661343e-04
6.108489661956830212e-04
1.609975804971551256e-03
6.257898262420124929e-04
4.306610048929784807e-04
1.547718476917758768e-03
6.705845151301739792e-04
5.223911227247366026e-04
4.249926229292163606e-04
5.367334958007583716e-04
1.020071598260821740e-03
4.569940407282298256e-04
8.789395411950623113e-04
7.414602849891355815e-04
5.704608352756413607e-04
1.166310344035923494e-03
6.268061531332574194e-04
4.673233411691593954e-04
8.071835884902199337e-04
8.887532216466960530e-04
7.548011993012829820e-04
8.059402161951615979e-04
1.096292438002667785e-03
6.301538173216252514e-04
7.854863658267340933e-04
4.961312908732420750e-04
8.805221691407709526e-04
8.412249777281850978e-04
1.105028452471391170e-03
1.578425779441250312e-03
4.673523956998033076e-04
8.349526642984764950e-04
6.691989911577338754e-04
1.311463937544712780e-03
1.252232055123102955e-03
1.122761749792694844e-03
1.019428130166695088e-03
3.758511897823246383e-04
9.972264143811473795e-04
6.379755054525899829e-04
6.487825289818192681e-04
5.991279665775531022e-04
1.022027782722252903e-03
6.966487455086655583e-04
8.069630482586288150e-04
6.244470430848177026e-04
1.347361454097761608e-03
1.385613120244004589e-03
8.775349658266087035e-04
1.199751919937748577e-03
7.347815935779129478e-04
6.759514671649818765e-04
1.022649668757734127e-03
1.570022952602852847e-03
6.300669546791223038e-04
7.971385500310638507e-04
1.390317555251167816e-03
6.466564958535138581e-04
1.330944254665583247e-03
6.750104411710188554e-04
6.932191759613030553e-04
7.774806533024170366e-04
6.077736514869378935e-04
6.048767567890862189e-04
1.180110329767596316e-03
2.340555817801134777e-03
4.910271375434055929e-04
7.669642654232421662e-04
6.480697580779303229e-04
8.796370166047748004e-04
9.366666787072947453e-04
1.323787759281807230e-03
6.660180336299736893e-04
9.169573731565683339e-03
1.486120941374890645e-03
1.691509991888339153e-03
7.502025922781719799e-04
8.145952992795356049e-04
1.754292852541825508e-03
6.638864508330705617e-04
9.458534502901682966e-04
1.043845767422580404e-03
8.230476227048791251e-04
5.133895409944866763e-04
1.374481364248589721e-03
5.942600243344770255e-04
1.575408286936494894e-03
6.600012488592736952e-04
9.486841208845171172e-04
6.422187761770972681e-04
1.725086070956266060e-03
1.423342608037711293e-03
7.217421724915926672e-04
1.329759212987153974e-03
5.198640369519768331e-04
4.096272817575888586e-04
4.804379566758382202e-04
1.055669167173598714e-03
3.394484923708183857e-04
7.969390301507319353e-04
1.183663354922562206e-03
9.001822128256886267e-04
8.184453333632232038e-04
8.640059312983419844e-04
6.086536808613978757e-04
6.586473316606598167e-04
1.215985547193780460e-03
