6.713504924563231443e-04
4.481153549431961063e-04
4.920754602661553965e-04
5.196961051054155203e-04
4.433349170538305323e-03
1.275057077024754860e-03
7.212319103444204179e-04
1.469006674388204266e-03
6.945602918593112322e-04
6.536528511128884009e-04
1.286578138548801148e-03
6.778276444689471623e-04
1.241853783361673283e-03
5.463990611920974344e-04
6.832605953166711633e-03
4.628391972466398569e-04
6.200239746484301423e-04
5.420123701248850869e-04
7.169611658400490591e-04
5.318517912168618453e-04
7.906458755298512858e-04
6.195057622494789347e-04
7.031072363796804937e-04
1.270629950804394101e-03
6.980562715652099482e-04
2.266140786191978528e-03
1.334291401851379899e-03
5.274885971417990092e-04
1.131615227584677977e-03
7.811216768224941726e-04
1.594589959190573746e-03
5.867495543415700591e-04
3.478376462204072470e-04
3.504433393155343074e-04
3.539602035544751478e-04
5.416657009824768021e-04
6.792754090826203352e-04
4.700468585034836945e-04
6.867112796986252687e-04
6.470722814938111717e-04
2.164732589884196985e-03
3.921196730628857710e-04
8.447918855774973028e-04
1.133918885256909046e-03
2.595727385568446458e-03
1.151181316713401201e-03
9.481996906572366353e-04
6.744379057594081846e-04
9.065725270657160701e-04
6.583285707946328214e-04
8.180375154983171842e-04
6.802295384864316284e-04
8.515104869562342173e-04
4.174111515638412491e-04
6.168971471665018981e-04
1.121873557634792086e-03
5.045916628602848709e-04
4.079784427575170402e-04
6.493928010653337961e-04
3.034048559059837179e-03
3.960027462856192471e-04
8.237509787569804575e-04
8.628452057140537524e-04
7.358970084894589240e-04
5.857373031940606980e-04
5.821904670114108876e-04
6.286092006237337972e-04
9.483471501090425925e-04
3.605918862173866971e-04
1.651565774489298236e-03
2.227641067251223076e-03
4.768261243439455861e-04
1.121316550650905538e-03
5.484656870012266736e-04
5.588597351193259639e-04
6.845965821363907307e-04
6.977439532745949129e-04
1.110562177585694898e-03
1.190091616008365086e-03
7.325398095815158000e-04
8.080456532649542495e-04
6.085343889433919096e-04
1.062160394902887011e-03
5.935594889655603293e-04
2.539863937982033901e-03
6.014723667400506853e-04
5.007339994332450986e-04
3.682672148536487370e-04
1.494092557715276338e-03
9.920608462561438402e-04
6.947328111524831698e-04
7.176060655102299178e-04
1.181759330194349185e-03
5.311728718467734894e-04
5.066058143881381221e-04
7.950912477207517292e-04
9.628414906197798077e-04
6.587807898503598991e-04
8.125968142213123996e-04
6.420374506033199894e-04
1.509032481828822062e-03
5.289496508114170398e-04
2.468340704847230352e-03
7.150663829410371574e-04
5.974658481507409778e-04
6.732092732724856117e-04
1.874444388343601700e-03
2.991971558221983673e-04
1.792679814073163194e-03
1.086933694123363384e-03
8.777328730758025095e-04
6.353185029843462896e-04
7.454992155445937935e-03
1.221302351268641409e-03
3.565847829123779534e-04
6.478018210573038924e-04
3.895210958290583792e-04
5.016720561024494993e-04
1.183913251072423248e-03
7.665361534359122582e-04
6.381127486151679353e-04
6.645476856917498319e-04
1.038335822243217129e-03
7.534137916270203152e-04
2.190940435758923898e-03
6.286373330153682435e-04
5.277231832204613881e-04
4.250534909013294581e-04
4.366892487436896332e-04
7.001964060716910727e-04
1.980186932905528534e-03
1.857461860640284654e-03
8.958933628620802635e-04
1.563095886017945232e-02
1.166517688738995468e-03
6.308751062821716825e-04
3.396235470289770721e-04
1.083378132202246187e-03
5.469678286678943775e-04
2.634196837152420084e-04
9.377072855633411747e-04
6.804027439009103628e-04
1.043982805367633200e-03
4.798760101205593498e-04
3.759216529852454566e-03
7.863431566539635671e-04
3.457733225088622923e-04
5.946383669546931750e-04
8.826738459913788899e-04
9.755780802628387502e-04
5.860541860092477419e-04
6.729585726342241945e-04
1.865566298845360276e-03
1.096238460346784811e-03
8.358825106722345653e-04
7.171892863044171526e-04
3.069496361235004699e-03
5.353621255654555499e-04
6.067662194453075312e-04
2.851333178431852793e-03
4.131419736212376759e-04
1.068070512052780559e-03
1.072393026092228249e-03
1.116574236996093058e-03
5.175294749096663594e-04
4.815807426112241486e-04
7.265447532965992267e-04
7.120519345164252932e-04
9.463347982280849316e-04
3.361398808390173411e-04
4.826948412976462773e-04
2.030301548052598510e-03
1.195718401332064714e-03
7.163778336850112460e-04
5.031579403948138393e-04
9.252884540087457678e-04
1.449323941149063821e-03
1.802346574942049725e-03
6.511104505552739626e-03
3.490754367121391439e-03
4.712004703800932353e-04
5.172510344647249497e-04
9.492523802338213553e-04
6.124788921072959807e-04
3.697276296473300220e-04
5.951131225424324519e-04
6.351726690476333041e-04
8.478899100171914845e-04
7.119772451233730192e-04
1.008515398113142471e-03
4.349792453528274617e-04
1.885358096945113568e-03
1.655401856960004615e-03
3.597843495290800326e-04
9.712456350096953551e-04
9.680022368166948683e-04
9.777433255410718487e-04
8.122310313500347200e-04
5.380970223312073804e-04
8.451528939825491771e-04
7.449149464134348754e-04
8.075243822078250703e-04
2.281050717996999273e-03
6.825689711873241796e-04
1.614819167736118591e-03
7.695084318821729472e-04
1.486506827140263685e-03
4.800309467583055933e-04
8.787048577240193139e-04
6.197722356719169738e-04
1.401208068971232946e-03
1.700972757947428592e-03
3.418574634723826411e-04
1.898898769294757663e-03
4.469173013941502145e-04
2.131474892476786440e-03
9.597576608684597757e-04
9.018008566917547729e-04
4.715300645040345533e-04
4.969980348757716644e-04
6.107213434262283693e-04
5.542365123436804450e-04
5.443229412056761925e-04
1.172848319181721190e-03
1.326468434204019445e-03
7.202997046098730347e-04
1.132801431325058689e-03
9.814101869561001751e-04
6.331908402495232263e-04
4.607257048433675817e-04
1.217033476010533034e-03
7.453169149086882970e-04
6.490243324123237938e-04
5.245255984561509243e-04
6.272821723992225585e-04
3.460782526339009841e-04
9.347768216180526828e-04
8.956912538051111511e-04
7.566213913540466816e-04
1.195202255549965981e-03
7.175910534500027325e-04
7.328924679482654936e-04
3.972060638468325432e-03
4.290087597415777917e-04
6.545991951726244391e-04
4.805578809297023947e-04
1.547427145456769333e-03
7.091444388390053758e-04
6.423184288558045048e-04
6.904780295427988832e-04
4.881209748085853966e-04
4.569893839322110947e-04
6.978301189960605961e-04
1.063430625101031242e-03
5.730814856806193359e-04
5.391585442577210077e-04
6.490930864232887735e-04
9.549749893239143847e-04
5.151659337462870421e-04
1.331190374096211581e-03
2.583828467515268505e-03
9.900635802554229314e-04
6.323329602564641775e-04
1.038242499108688391e-03
6.524785440675338194e-04
3.999553765816839289e-04
1.319717264100857485e-03
9.452037444264081408e-04
1.824143922066323109e-03
4.430545057601143074e-04
6.596352712665576063e-04
5.395649328451627416e-04
1.173543337588876107e-03
1.276643191160373820e-03
4.623503498024528029e-03
2.335675654655350059e-03
1.031596652392907133e-03
8.965201769545321246e-04
9.582546637142908474e-04
7.033049700324026836e-04
9.623877044691057578e-04
9.805168248940634990e-04
3.617523135314332531e-04
1.318277382570132985e-03
3.879014955236146658e-04
2.146060214247158190e-03
1.420828338345280243e-03
1.114405055349377161e-03
2.964234243971768296e-04
4.061934719197325184e-04
3.515699377493182280e-04
7.355151391366503968e-04
4.585771779710878966e-04
6.021426748648719485e-04
3.307928245870082125e-04
4.360255970311406582e-04
2.244191900462226899e-03
4.249562472047589299e-04
6.284402615960105534e-04
3.187941558960777962e-04
3.203885185362456353e-03
4.715740520673424030e-04
4.518490796416905304e-04
6.474463654896224886e-04
1.191536203764558596e-03
4.988116454108404863e-04
5.557887491497627173e-04
1.053234596283544140e-03
7.345888922874544216e-04
8.836450841692730738e-04
5.928672147791385532e-04
7.653211556233812740e-04
2.133660039704477450e-03
3.886301334168628416e-04
3.087393271516785092e-04
1.312656613223637603e-03
8.620025759415738970e-04
6.288826397271437500e-04
9.086283521625904049e-04
4.247073403799986259e-04
8.351738858808718411e-04
6.960216402405865763e-04
7.483004601952673385e-04
1.857461860640284654e-03
9.316286036294528375e-04
5.618908908654351346e-04
1.026208876877844666e-03
6.146140056929713571e-04
3.958562140068310137e-04
7.212319103444204179e-04
1.254917587914407186e-03
4.882150759697775747e-04
1.108164011719866855e-03
7.760893375562855382e-04
8.531365324523622557e-04
1.714486926207959379e-03
1.108932206593524379e-03
8.937292085534014443e-04
5.362506046772965666e-04
1.429220825634849694e-03
2.574139645660360274e-03
5.386580940719246395e-04
1.001192513375242848e-03
4.545916876474135780e-04
1.250997387680697227e-03
8.569389329038785107e-04
3.737816419154868074e-04
1.375076860091837194e-03
1.318277382570132985e-03
5.178925245662461749e-04
1.085211104672372754e-03
4.008729056126707170e-04
5.917414458344662535e-04
7.127462746074316249e-04
9.994864123486250310e-04
2.821093698753711788e-03
1.037224669954342655e-03
5.185784581444919696e-04
2.719410869438149310e-03
6.287863574856492575e-04
5.997334978449860195e-04
4.886467570362401430e-04
4.249468317557931400e-04
5.724236917036162236e-04
5.731946396818915100e-04
1.130225732348101976e-03
7.300421454658874649e-04
5.433318116882827550e-04
1.152114514411247629e-03
8.778390671742322638e-04
9.033665478662827875e-04
5.385947104495982267e-04
7.479391247041972546e-04
6.117216457208031824e-04
7.815600242952323211e-04
7.864075800892250624e-04
1.922184651211564666e-03
1.987161518765614542e-03
4.701901140014203874e-04
9.946724179817386779e-04
6.487314788672697780e-04
5.448930191372710480e-04
7.060956715230239360e-04
8.773343708374360759e-04
6.279739796596147013e-04
7.875111697666077430e-04
8.910296443347541680e-04
3.205199684699524664e-04
3.022631968721585386e-04
8.531890119668740719e-04
6.763449308814234321e-04
8.958933628620802635e-04
1.280539406742954014e-03
1.834720284891119347e-03
3.931497989878352840e-04
7.263472804385829630e-04
3.737816419154868074e-04
6.137986097630043379e-04
6.397027688367324738e-04
6.887016405045724536e-04
8.086165585082150022e-04
7.775732362996537169e-04
9.490603631604199730e-04
1.222883755887766355e-03
1.638565429709140479e-03
3.389016993153826877e-04
2.152315534280896132e-03
2.523299521125426347e-03
1.089863003781515191e-03
1.485229920406435982e-03
2.395704462061745438e-03
4.041295599972876155e-04
3.765166742858118355e-04
1.353887228540912773e-03
9.772909802322554077e-04
7.130119490467773033e-04
8.212459232000337422e-04
8.610015373238445084e-04
2.009617395859420765e-03
1.234991785326852113e-03
7.858258821301050516e-04
1.448050802976739559e-03
5.979445138411251326e-04
8.229154544050662186e-04
6.578299193658836272e-04
2.281050717996999273e-03
4.061341243458702413e-04
2.379333093082624476e-03
1.010051981172237949e-03
4.457136969196862737e-04
6.792022149493124250e-04
2.900814655769919743e-04
5.651329398574735140e-04
1.027995705764801499e-03
7.969701237622222939e-04
5.357577214872254190e-04
3.564770041298137961e-04
3.252623741798855907e-03
4.663851007776714059e-04
6.587502588560679214e-04
7.399413883806714096e-04
8.967748283441024336e-04
3.475729994352584531e-03
1.580041165238264822e-03
6.826892414669646914e-04
6.859184250648955958e-04
1.108063663380661010e-03
6.572263727803218146e-04
4.594638565850628787e-04
9.239605057440435781e-04
5.493179726207841635e-04
5.881811589353289939e-04
8.110134387185686036e-04
8.360788213254986877e-04
3.687301022934660714e-04
5.483754180140868123e-04
1.510756411965532902e-03
6.230770766222084537e-04
4.401102911266182791e-03
4.876729346777610536e-04
7.990597287861724365e-04
4.424476237856163688e-04
6.370555235908875302e-04
2.967691256754620660e-04
1.238158838859024615e-03
8.930546315731579263e-04
9.492523802338213553e-04
5.134371956525734040e-04
1.210961593438588399e-03
1.340755342787610044e-03
7.424544365923098615e-04
6.971713131162599270e-04
1.321152520427125790e-03
7.653371115571985317e-04
6.670814154239940652e-04
6.736107881029434162e-04
4.198702996142631176e-04
1.654758326885206934e-03
9.904653108048484898e-04
1.206442089733552030e-03
1.409421909156365971e-03
4.120982664134702341e-04
6.889956175243709116e-04
7.598038944775076632e-04
3.413952957962514590e-04
8.235435442013502557e-04
7.006237159934144499e-04
5.494990502588426116e-04
5.435594222145578164e-03
1.469006674388204266e-03
3.515051802015660746e-04
4.339005698742660032e-03
9.437809335586728240e-04
4.517459719452851389e-04
6.089183324290251302e-04
8.692152216679035473e-04
7.883870406382686687e-04
4.505854797009504402e-04
1.317651608829941735e-03
2.023414765430468429e-03
5.555564993415429594e-04
3.339691332600952197e-04
4.102936792125000420e-04
1.330864819898974413e-03
4.350082710558272718e-04
7.777601525482827696e-04
1.010813795500924627e-03
5.198274534851577864e-04
1.284088335055920578e-03
6.273154721611641504e-04
9.144861580064039125e-04
1.690738087405444868e-03
6.490423718603375094e-04
6.019243749588853304e-04
7.968329070350294724e-04
1.845987162986088923e-03
1.020858599507993734e-03
1.406889591657694118e-03
1.129652953948635883e-03
6.781492346796388557e-04
5.538640529606154127e-03
6.371909670880896229e-03
5.917879767720738999e-04
3.377603852747714419e-04
5.882156158978195121e-04
8.638228678967154166e-04
6.665312088541054973e-04
1.260765456420274034e-03
4.925806724127959656e-04
3.842081782719966978e-04
5.396126711100007658e-04
1.030518774186398165e-03
6.964637501751682171e-04
8.603633125809531483e-04
8.956912538051111511e-04
7.549613201366738545e-04
1.213865455892931431e-03
6.696365576894922804e-04
1.158046921109355922e-03
6.438325955669641247e-04
2.486792319904449974e-03
8.086026809918546573e-04
7.746602914286307255e-04
7.562016640236039712e-04
3.956698420033151302e-03
7.946342751324258569e-04
5.973860513372024903e-04
1.364980105577533491e-03
6.570003348582604012e-04
5.421743701553022191e-04
7.309412265364183476e-04
5.267311651000550557e-04
9.294093313125104854e-04
3.155131796561190961e-04
4.414143480141834424e-04
9.776356694691889886e-04
7.674465642826607155e-04
3.441995140728167611e-04
6.989837883729256704e-04
6.512300828880501942e-04
8.902211938870071032e-04
8.286010837482590775e-04
8.154614640437657250e-04
6.014723667400506853e-04
8.361223576031969612e-04
7.566149812300561545e-04
2.281050717996999273e-03
5.594100904601538929e-04
1.304870409128778457e-03
6.160694117926712645e-04
1.242085324588819125e-03
5.300120062626320757e-04
2.293434196962026127e-03
4.788385669389926989e-04
9.305142413464895755e-04
4.892569668496486073e-04
1.362960962247260254e-03
2.799412042496539094e-03
6.711045767331200868e-04
6.071580668825186239e-04
1.145492996626366411e-03
7.173736824838243282e-04
1.950671148186331437e-03
3.071776793710417398e-04
7.630006382383494384e-04
4.755584253355909694e-04
9.008995765779131623e-04
7.814105574368736392e-04
8.193772775112934982e-04
7.255608535848669452e-04
3.842616917001881742e-04
7.535837847780672361e-04
9.756254304571690796e-04
5.462278007729566651e-04
6.120389624155790588e-04
6.343906264955715421e-04
4.096348748842822910e-04
7.137025726508513038e-04
8.767970693886804716e-04
1.500229872639660678e-03
1.056396497415156618e-03
5.120863280892542536e-04
7.158607970012165634e-04
1.485234777845630778e-03
1.270629950804394101e-03
8.014898701706016544e-04
4.184438154178424111e-04
5.688126707587495704e-04
5.703559058798836215e-04
5.045331066904167440e-04
5.136603610406890834e-04
6.657031152485028179e-04
7.685050317169819616e-04
6.415824196780323683e-04
4.609790413491509698e-04
1.011169220526531628e-03
2.258076321850314115e-03
4.566906694546801608e-04
6.059233241047420546e-03
8.662314889614941994e-04
1.073420395236713860e-03
2.740219317672227834e-04
7.485508092781169125e-04
7.330168830658498986e-04
3.376613453309536706e-04
2.073007389976802128e-03
3.872299284563179497e-03
8.712209136720557891e-04
1.583112026434345832e-03
5.727543590126259144e-04
1.209287603889711536e-03
1.182970481175968196e-03
4.811328532480603688e-04
8.121045254931251586e-04
4.522303387485770119e-04
3.727529481254268141e-04
7.280617748791044655e-04
6.430836624666835290e-04
1.236009411693102505e-03
7.566872102274841035e-04
5.491582217306736468e-04
6.679189924060600914e-04
5.229561991781544236e-04
3.958562140068310137e-04
7.988220193181727428e-04
1.464483540108654997e-03
6.133002817108165663e-04
7.395279446816695017e-04
9.403720210072790070e-04
5.462589787477952537e-04
1.889648633231725368e-03
1.153157687043664288e-03
7.782436799781095949e-04
7.060956715230239360e-04
6.704920887636629410e-04
6.910865788315591167e-04
6.805188326703386775e-04
5.951131225424324519e-04
1.094185732270343010e-03
6.438325955669641247e-04
8.175594462960240460e-04
6.240127881162784709e-04
5.481601356700565794e-04
8.750848985071635680e-04
5.568714097554798874e-04
1.270629950804394101e-03
2.007398859684557564e-03
2.293434196962026127e-03
6.723765209408075552e-04
1.318277382570132985e-03
4.209005940714412764e-04
9.088601305521494360e-04
9.213876125776764838e-04
1.340361158589494384e-03
2.790280870339600754e-04
8.272254696697555702e-04
7.562016640236039712e-04
3.756646580056330537e-04
1.045526003035573710e-03
1.139915088266011713e-03
2.385293142617010784e-03
1.236396735186851134e-03
4.199455255065043789e-04
5.670978674289093224e-04
1.743509025227594177e-03
5.820478042415631360e-04
8.893758402944634345e-04
2.002872243294135865e-03
9.738622591184169707e-04
6.420374506033199894e-04
4.522303387485770119e-04
2.350568386384830743e-03
9.462433942450847527e-04
2.887793426050483565e-04
5.378322069103209317e-04
4.094687449141313725e-04
7.127011336611008968e-04
7.928546807287411256e-04
4.192417420913990660e-04
3.828684475613133354e-04
6.405655168708622492e-04
7.297387884457437641e-04
8.986694961112714737e-04
2.875822888942509005e-04
5.492653117716132533e-04
7.468873685954252389e-04
5.007533939115344076e-04
8.670343839607669691e-04
4.457136969196862737e-04
4.590143398395813280e-04
1.608138356924651352e-03
5.810487313482613813e-04
4.309966427739075098e-04
4.720331217533866816e-04
1.287522476775926827e-03
8.592106852373207785e-04
4.534516222791940541e-04
1.361638504731637429e-03
5.113038207277216312e-04
3.776171543696404021e-04
5.686080337230584860e-04
6.677985021971624821e-04
2.467091324270287954e-03
6.125598626547290506e-04
7.495863006255237175e-04
9.953599320884696892e-04
6.626522748770032230e-04
5.863135043908687888e-04
7.592167819954832907e-04
5.595595416934444951e-04
7.793918744845958939e-04
4.864205585352118907e-04
6.667080731973983520e-04
1.551149511549725253e-03
8.357997861913633387e-04
6.569176760610731438e-04
7.855099014612422319e-04
1.862373785334610126e-03
6.609949365563818529e-04
1.049481068167776874e-03
3.226071183921274646e-04
4.791320239605580448e-04
7.231150217649823719e-04
6.105614554931637194e-04
8.645469621641428465e-04
4.631878766576303275e-04
6.737847696687575185e-04
9.179054280372624282e-04
9.749597639167044850e-04
5.902505003960472523e-04
5.484461682591326064e-04
3.050157675738430336e-04
4.128801663922975276e-03
5.707547336025717332e-04
7.551461186191071005e-04
3.789896973859668318e-04
2.247067295899332108e-03
3.850630291366804233e-04
3.295808379595667297e-03
1.371750807445909102e-03
2.583828467515268505e-03
1.028421573372540702e-03
7.309272752047446574e-04
4.036071251538805860e-03
5.518601805666172597e-04
4.020807074444342232e-04
1.128666037662847408e-03
7.623615471737950171e-04
4.034066661461183350e-04
7.116350648420602821e-04
1.006072913447117424e-03
6.571601732038249294e-04
1.944969494933903274e-03
4.884207221972545164e-04
5.864578025045227676e-04
7.902619538866877385e-04
1.336233268682214754e-03
6.825689711873241796e-04
9.611743298717250654e-04
5.308171361241846749e-04
2.204906354799357395e-03
6.903165643667629131e-04
1.700972757947428592e-03
5.663783616583206726e-04
5.463934680997972575e-04
6.545991951726244391e-04
6.887854254367516095e-04
7.478542030843906121e-04
1.239917873470045527e-03
1.172295578672994569e-03
2.021608627930904581e-03
3.872299284563179497e-03
6.499512925338785888e-04
6.069720460104351557e-04
9.531937611756111138e-04
4.049918885157870185e-03
4.689404403605386081e-04
3.879094434702876483e-04
1.521203414148024520e-03
6.853510996426345888e-04
7.132415467886760608e-04
5.695209440781440115e-04
1.042056504445651238e-03
1.089018089866631471e-03
7.253033161296791338e-04
7.269204122675024032e-04
4.835145384340703255e-04
3.997897859951349210e-04
7.004752017045758842e-04
5.474630666765884987e-04
6.173801677567369427e-04
6.093110608686112253e-04
5.932686734701559522e-03
3.799546365933035717e-04
9.160743481375003931e-04
7.993076789848955121e-04
1.213432495140763642e-03
7.098829659170458961e-04
1.192352637092270471e-03
1.045811250718933685e-03
7.370243918638502570e-04
6.589632065723503027e-04
5.158870529757077260e-04
8.472078544547600879e-04
6.008061694897448915e-04
4.504021007730707438e-04
7.989373206499059306e-04
1.253391937452056270e-03
7.416530567335033073e-04
2.103160095100838848e-03
4.886467570362401430e-04
7.055548626304398996e-04
8.176919972935510744e-04
2.582279660029448455e-03
1.790051923951608117e-03
3.069496361235004699e-03
4.214971579803801949e-04
9.794656018505553969e-04
6.756305489745937374e-04
7.589968347778770948e-04
4.915761791370982462e-04
2.227641067251223076e-03
5.942964437888333899e-04
8.584286458269426530e-04
8.902661802795111719e-04
7.598104308738836419e-04
5.932686734701559522e-03
1.714486926207959379e-03
3.401665741598196811e-03
7.666689597613372169e-04
3.815480578537816070e-04
4.730296545811708158e-04
9.745273295964497311e-04
4.613280678188770318e-04
6.825689711873241796e-04
6.128558358205783707e-04
3.885573467904191759e-03
6.800416549417279567e-04
5.835396398378602098e-04
5.598626532789775182e-04
3.898880046776851240e-04
3.652651025457416263e-04
7.405501703305291707e-04
8.505151814582943923e-04
4.096348748842822910e-04
1.356524161775992353e-03
3.877239786308924428e-03
7.379454458158379642e-04
1.260674411121748446e-03
6.420374506033199894e-04
1.106878994156713491e-03
3.289653112491984716e-04
6.341424188279187182e-04
6.010113756781625518e-04
6.260444685749865087e-04
1.248198273921283935e-03
5.264400709728396738e-04
5.954791883752338097e-04
9.322050603965054746e-04
6.197722356719169738e-04
4.847469471256483464e-04
1.770993299038147329e-03
6.371909670880896229e-03
7.724418108875798607e-04
5.350179644888837689e-04
8.451528939825491771e-04
4.740668698816438058e-04
3.230669624137247234e-04
3.579346032225584791e-03
6.106236347894092135e-04
1.323539220879643014e-03
1.507208044573310219e-03
3.763762436219898668e-04
8.558701866654839629e-04
6.604247006668383015e-04
4.467726362624382008e-04
1.435967498229144589e-03
1.142802173570237447e-03
1.431383698061879615e-03
6.583829264407315297e-04
4.574234194294937283e-04
6.238141927227269790e-04
8.808698596021385463e-04
5.102586475956450568e-04
5.096236190678698390e-04
8.877613837535467756e-04
4.817342675617267275e-04
7.503067132088994456e-04
9.246574029691535497e-04
8.624645680981794620e-04
7.481068332566778592e-04
1.088584101245594453e-03
4.241465405485404729e-04
1.497397527424910091e-03
3.877028664535656782e-03
2.875822888942509005e-04
6.693434490886471071e-04
8.740978488376699700e-04
3.377107556571287933e-04
6.546260520898209041e-04
4.730009092674906240e-04
1.807236925062090556e-03
9.131068004922398857e-04
3.481408934030092166e-04
3.860525926088887827e-04
8.413979882634359513e-04
2.172817428544251799e-03
8.174079021836999550e-04
7.551461186191071005e-04
6.864629873471074896e-04
5.491832949133236509e-04
1.196161390674652407e-03
4.229476251940182067e-04
4.605331795063160108e-04
1.009420656912732349e-03
9.217612161240715469e-04
5.407322403486642965e-04
6.369912331589812175e-04
1.654035178434989104e-03
5.350179644888837689e-04
4.897019927695481483e-04
1.437028065796475606e-03
8.079000885646080805e-04
1.234502565582446063e-03
8.638228678967154166e-04
5.391585442577210077e-04
9.211311049155176262e-04
6.775826186859015875e-04
1.209043004688930591e-03
3.948736505891295109e-04
1.385184477949057960e-03
5.054329085584275977e-04
3.284901045395717360e-04
6.840360883939838182e-04
8.153205314073215960e-04
6.827800347657317619e-04
6.059347197639600516e-04
3.097591632395478014e-04
6.982431723749753802e-04
3.402432535215790571e-04
6.418631532415344830e-04
1.468374944922552468e-03
6.195057622494789347e-04
1.524895535975196370e-03
6.268404561548076475e-04
1.261110434041372687e-03
4.683116405083762729e-04
6.767041183265786559e-04
7.085971950748896648e-04
3.807332293929565768e-04
3.883502297932074458e-04
8.287418427726898776e-04
6.353185029843462896e-04
4.553546364699063379e-04
4.390755570023265660e-04
9.110082359689214209e-04
7.411555728809752575e-04
3.210228525714580567e-04
6.415324751205700535e-04
5.259247527482972763e-04
1.166661888610740589e-03
1.109232436002944395e-03
4.636682376609712860e-04
6.185340836500817724e-04
1.430329364644508747e-03
1.053228346021812135e-03
9.063182270126644499e-04
1.174724926249857884e-03
7.031070563781777498e-04
1.040149561896690179e-03
3.643863759966105460e-04
6.898817772341641176e-04
1.506468418480324135e-03
3.752755967512821792e-04
8.274624101829598094e-04
5.400393430210778754e-04
4.739395142720407954e-04
7.649409243801389259e-04
6.729734802768481267e-04
8.879031543234217711e-04
