7.288540794548555891e-04
6.241340892421032207e-04
8.491182463722741960e-04
8.450931049988726551e-04
5.298568584386197664e-04
1.343244654625126407e-03
1.142582642896692539e-03
7.358525790337259705e-04
4.715465933989083404e-04
5.644282060200183845e-04
8.490491407860591838e-04
6.541104458152998888e-04
2.985168490949885196e-03
5.202802629594280217e-04
6.597211535840925411e-04
1.041157760000915953e-03
5.272166150163100709e-04
7.482436487928049605e-04
1.230981951995955073e-03
7.056791064523509124e-04
8.288243058590945940e-04
7.364990775071649084e-04
7.830879385294192392e-04
1.237045079703162891e-03
1.146347420250700810e-03
9.283009148455140811e-04
5.092236233718368428e-04
1.505691390226192045e-03
6.039484064448109521e-04
5.724204896530724540e-04
4.812207471291094244e-04
7.021223971696959054e-04
8.896529316285314804e-04
1.505638624008032427e-03
2.101200982145626662e-03
4.350074777974768806e-04
1.853159562021518573e-03
1.687765254866652447e-03
9.413132349071004360e-04
5.438450199176761727e-04
1.379987467307033184e-03
1.088068565436038897e-03
8.014831835954617199e-04
7.825762354812551514e-04
1.262582995411572553e-03
2.168991897516941731e-03
6.795762475598969392e-04
9.224965840212753223e-04
7.864669960506760630e-04
5.986706943765181298e-04
8.607281540451538603e-04
2.749536441126292086e-03
1.464401360489583871e-03
6.596296087636010618e-04
6.171055117897218840e-04
7.625052942417255130e-04
9.010989890636907822e-04
9.551691062672404116e-04
5.520564638352653229e-04
7.818175074131838162e-04
9.340394145872416053e-04
1.316173578735351001e-03
5.685298538715454278e-04
1.030053650087190418e-03
4.643000048993686812e-04
7.454760969486329486e-04
1.796110936626997600e-03
1.072875042756448816e-03
7.098439214744560249e-04
8.185582629224959954e-04
6.078025086750469142e-04
5.085844357427762473e-04
6.300599027916366744e-04
1.324014845515066475e-03
1.335997568455847724e-03
6.296708844192466402e-04
6.834318640294407372e-04
7.990971435812883753e-04
9.265266725985795869e-04
5.397221234241393649e-04
8.424474550961122367e-04
1.124788156897384237e-03
8.919076951575937579e-04
5.968097769335210020e-04
6.929863571956131844e-04
5.092236233718368428e-04
7.742366660506088500e-04
1.442944128525472857e-03
6.638287466026593494e-04
3.007149088470946040e-03
8.243011418359947121e-04
2.404714771545788266e-03
6.842078534008206496e-04
1.107555251606147676e-03
4.683109136336869823e-04
1.071391212778372059e-03
6.874142745466373930e-04
4.374550243419450773e-04
5.503543341829707615e-04
6.110424022376221252e-04
7.520655431408003510e-04
6.276000816428968379e-04
5.336189338686515979e-04
9.482098821514210176e-04
1.989331422420956286e-03
6.893731476666202116e-04
5.411246332120934685e-04
8.102766972985121904e-04
1.414158482932687758e-03
9.148405263106389402e-04
1.275585110616060018e-03
6.570562081040786121e-04
1.294283587436087860e-03
1.335198646725105007e-03
1.081100541302426263e-03
1.439108852636110727e-03
7.179791115996210287e-04
1.385288950056741322e-03
1.066174870355821513e-03
6.894840842202862091e-04
1.238007036969015042e-03
1.398611851271292080e-03
1.102287947724062177e-03
4.978883616072608863e-04
7.745981280765954846e-04
9.687554569451558304e-04
1.163702245840983820e-03
1.285541342455855411e-03
2.011950035208450935e-03
1.125495422003897333e-03
8.423927436079742086e-04
6.385574139364163853e-04
5.172670831685427647e-04
1.493419806555295161e-03
1.720199563402316067e-03
1.148109862527876401e-03
7.913589446928631426e-04
1.082736411196384176e-03
5.834136168283838002e-04
8.425922023168542141e-04
8.452147412483047633e-04
1.563051525424784174e-03
8.367314150434121368e-04
1.946880074272327879e-03
1.408520228578707522e-03
4.242090740219333321e-03
1.388808761346300947e-03
1.009595646721924778e-03
1.245874910535621624e-03
8.149307232539348836e-04
7.866828966337403731e-04
4.581389993290232022e-04
7.138271075177154285e-04
8.545245110766697605e-04
1.026505536931427093e-03
1.607821099326510071e-03
1.476011260062234064e-03
2.049472307998513945e-03
8.970499923582604760e-04
9.064871944139374057e-04
1.179751539336748156e-03
1.188565787531076093e-03
2.529756955844993192e-03
3.596059582179835998e-03
4.897034305096965466e-04
5.963547506625349560e-04
4.727277657433280557e-04
6.875877878197389449e-04
1.316417851983848553e-03
1.034234586185856127e-03
8.361846742877836105e-04
7.225262021967603391e-04
6.036962475013826985e-04
1.563051525424784174e-03
1.133893622663432283e-03
6.379999473658908016e-04
6.146993791318369456e-04
2.588554965099697930e-03
1.020449853738608983e-03
1.154746218746430372e-03
1.052318798464757857e-03
5.202802629594280217e-04
1.069765099932201268e-03
4.678909642109132551e-04
6.120448333319787907e-04
8.672500980008366863e-04
1.347534153269574174e-03
6.848213207537071859e-04
1.448963250970810267e-03
9.703437076504195210e-04
5.317976708426555999e-04
1.514244092725692669e-03
9.124400780065638128e-04
6.686208064960352977e-04
6.324786954728588931e-04
5.741893654772501493e-04
7.859547874384710401e-04
1.238007036969015042e-03
1.040744823016635442e-03
8.231320602153356127e-04
1.439590428309017300e-03
7.384102547895338717e-04
8.990491533218901953e-04
7.808160913758382515e-04
8.252461773775184549e-04
1.011217125653357096e-03
1.033750306201438934e-03
1.006001047560425073e-03
2.099699540089220318e-03
1.314295363937440127e-03
9.884554094143293244e-04
1.616916824382033050e-03
7.021940321295787888e-04
8.437608038046936348e-04
9.440158893141416220e-04
8.759156549532150400e-04
4.242090740219333321e-03
5.157363647318506618e-04
2.232530958138175068e-03
9.411621392466713214e-04
4.423460018210565261e-04
1.419686758465878509e-03
1.134184396641286325e-03
3.418660093061667762e-03
4.346277479178297580e-04
8.665030557832601940e-04
1.314664120507211308e-03
7.926368888276698766e-04
2.187765825127974996e-03
7.101340601295702288e-04
7.773560316522396289e-04
9.845637150524982634e-04
1.574708314364439178e-03
7.431428325399060683e-04
9.812387040657086744e-04
5.791594618963903738e-04
5.253967542348350920e-04
1.138059236195806479e-03
6.883805351874998325e-04
8.471437236259552351e-04
9.884554094143293244e-04
9.334521167900173069e-04
9.850737566683438057e-04
1.019207885380554518e-03
2.692888763926101683e-03
6.722305150586206516e-04
1.267328190975315063e-03
1.193938043120807996e-03
8.972419415790942182e-04
1.103718464218927681e-03
1.464401360489583871e-03
5.993785874366243209e-04
1.015861900291483138e-03
1.664042320450477693e-03
7.519822133081389449e-04
1.171716063113981436e-03
8.646570407588070406e-04
1.135941664084167552e-03
1.348521250776775959e-03
7.578074226380319836e-04
3.937099826097980606e-04
7.682626311165778599e-04
4.518162623187536452e-04
7.589255578264986722e-04
1.081736470494308469e-03
7.293481101123494657e-04
4.043871795261035399e-04
6.669377993488831338e-04
8.507619127261277590e-04
5.038506904013946054e-04
7.409144035813373637e-04
3.266279380196149707e-03
2.462526750283998162e-03
5.167537195072587899e-04
3.712828102326218944e-04
1.041157760000915953e-03
1.124817628143845926e-03
1.004471915953524018e-03
1.346762088851987229e-03
1.037565557802723124e-03
6.098600198369101555e-04
2.929765772736533155e-03
5.664383503374939869e-04
5.736554234149328444e-04
8.511953519164273257e-04
8.809029710570787444e-04
9.929006494854002596e-04
9.130665683668066652e-04
6.257822126151322802e-04
9.055928843377288994e-04
1.413189628316747831e-03
8.053429511206679171e-04
6.136455254954896899e-04
1.102971611361745199e-03
4.118102495095789890e-04
7.054963884981669143e-04
1.523574679656905821e-03
1.169160722991743982e-03
1.182036426910081095e-03
8.789652646131242706e-04
1.158936654925569673e-03
9.509734068929125150e-04
1.210411391585339454e-03
5.198253845035169345e-04
8.932361742236121513e-04
9.824014041069468409e-04
4.997318933242728481e-04
1.021968071960963498e-03
9.343154193565883156e-04
1.063468759856214330e-03
6.436558558893250466e-04
5.745873611369407656e-04
1.457027634043213393e-03
1.180065995831230301e-03
1.267199388448924605e-03
3.460447005593575908e-04
4.403212691653435253e-04
1.097228558988865618e-03
5.087549571083174477e-04
7.087903958387070224e-04
5.941040757349530608e-04
1.259354219852280334e-03
2.262030065928056794e-03
5.685641183357854249e-04
7.323631880228252634e-04
8.993618962004933711e-04
7.772165684044186462e-04
4.686154323620530865e-04
4.890499569675479290e-04
5.579376011206535740e-04
8.115032503196768646e-04
8.694272478627119993e-04
5.949540225269493504e-04
6.289036217968189957e-04
9.637848443947188331e-04
7.485911434162848726e-04
6.681693162098835057e-04
5.825768953175809381e-04
2.628800105094876091e-03
9.250391533433188415e-04
7.371336171547396982e-04
8.801102034978360153e-04
9.917188577463970697e-04
6.548249048062165269e-04
6.649442846099251408e-04
6.357529495160896228e-04
1.149401001240787619e-03
5.879567903176491535e-04
5.020873750803907026e-04
5.424907866143475164e-04
5.888152816938495814e-04
6.278206588587342428e-04
6.224560143614067762e-04
6.585644087775099345e-04
9.003903838698007912e-04
3.672466117768128572e-04
5.407540915976853354e-04
4.332041681872999921e-03
9.221219506925777513e-04
9.382533376037793544e-04
1.334023715613055295e-03
7.251680868921882078e-04
7.775696796890932926e-04
6.491994614983420805e-04
7.667738143139942722e-04
1.673882455904671454e-03
7.050713873266958214e-04
7.211023110547864698e-04
4.475729094154170802e-04
1.177217696454562791e-03
1.366108033167312205e-03
1.690322721168895396e-03
6.741111450149559056e-04
6.707677255721197036e-04
6.601476388526843295e-04
7.894824079786179989e-04
6.749120204238011648e-04
7.286116369004402588e-04
8.102766972985121904e-04
1.088576597118321538e-03
1.029570468608062778e-03
1.221812654162942853e-03
2.186415109075512224e-03
6.701433951762252907e-04
5.991708556236677264e-04
2.815199633513599869e-04
7.033681454416949343e-04
6.749120204238011648e-04
5.597229889622586758e-04
6.857070036108244481e-04
8.523157702919319928e-04
8.477143563709602569e-04
8.231320602153356127e-04
5.868174828369586774e-04
1.721324377266872678e-03
5.514907704776688280e-04
5.753457457617293901e-04
6.945871362290589402e-04
1.335734938858401926e-03
9.924891555677425436e-04
8.997346199400057046e-04
5.892325976991186860e-04
8.132654372684194714e-04
1.135626664939292253e-03
7.953509871965234275e-04
6.863077783158677428e-04
1.223818571296195678e-03
5.671523926699291451e-04
1.145309221308015704e-03
6.982586312737988545e-04
3.820536112033744072e-04
8.492383021252857163e-04
5.972000439982452476e-04
6.712890654275202162e-04
5.332933424747381352e-04
1.325601378464882950e-03
7.830879385294192392e-04
6.628419837768916066e-04
1.142582642896692539e-03
1.039555025442326797e-03
9.590434067925981141e-04
7.499429475774907266e-04
7.566796937199538877e-04
6.401987900371309019e-04
9.765020908585371343e-04
4.240109355798517645e-04
1.552139208864534298e-03
8.448158141549069657e-04
6.989333274048926915e-04
7.952872704998323761e-04
7.503449628932300046e-04
1.191410385957001553e-03
8.713416603157186392e-04
8.128566020794372347e-04
7.527816530021736027e-04
7.869476705069738086e-04
1.019425269319288460e-03
1.217479627164776102e-03
7.024510423429200642e-04
6.860155773504862100e-04
8.694272478627119993e-04
9.677311280893321046e-04
1.675969686800106830e-03
4.810270280746479403e-04
6.242150170949048232e-04
5.599208316002027546e-04
7.306432827848457828e-04
8.681058766547625465e-04
1.403931868759433505e-03
5.729972237925652113e-04
2.363748076188475385e-03
1.645482042172838333e-03
7.290939607608821951e-04
8.464511653375662468e-04
3.726543851922983460e-04
1.279556004206539683e-03
5.292662669440440426e-04
8.831575203711103253e-04
6.202083612477292352e-04
7.964357592204682462e-04
1.250228460120673046e-03
5.369575105371354783e-04
6.322111991683021124e-04
3.306939005363338305e-03
7.880266370129812570e-04
5.303790162634463038e-04
1.134764673409402805e-03
7.907580264650128192e-04
1.693497081317022748e-03
7.117902341829202484e-04
9.261739620882823839e-04
9.131136686397321343e-04
1.223471062464184279e-03
9.280930428483831051e-04
8.022316991516920907e-04
5.511603713409931942e-04
7.826123114371642733e-04
1.042007462831267195e-03
4.388022657016231020e-04
7.023578291993179575e-04
1.005716121656466833e-03
5.174463975911775026e-04
1.430014901301886708e-03
7.051908455498761717e-04
5.699421213789828593e-04
6.733169610300515206e-04
9.141235564002423699e-04
8.775441290635825880e-04
1.306083070784057852e-03
9.987198371662995167e-04
9.510467995025685206e-04
8.137012361161492097e-04
4.911736250596815531e-04
1.419606631055907089e-03
7.106164269008538202e-04
1.406585485976717112e-03
1.214196310953367074e-03
3.797621524732000954e-04
5.516922849797632061e-04
1.653324051895908430e-03
1.461840573473825776e-03
9.412003194412449413e-04
5.998158856797330745e-04
1.247282577893870726e-03
1.696027651541489722e-03
7.083898630304285042e-04
1.112275950713327967e-03
1.265987902289546782e-03
8.804596023881507486e-04
9.513551640453873828e-04
7.408175474249197989e-04
2.749038501550661769e-03
5.478811919042823496e-04
7.628835216748504604e-04
7.809617211286706048e-04
9.409630282732084914e-04
7.953771638704989827e-04
1.002088127576834017e-03
2.648216025033053866e-03
1.074165473414518497e-03
7.114528999625915418e-04
5.189581668850416210e-04
1.288476491633060422e-03
8.127427155145215253e-04
9.948123104290709871e-04
7.440775829374221811e-04
8.533417605564182738e-04
7.200728013151144009e-04
1.004022989983127841e-03
5.483965962003259104e-04
5.696917359221336614e-04
7.071348570636136520e-04
8.646570407588070406e-04
7.983655719309985365e-04
4.914749671959214340e-04
6.927246688250266425e-04
7.935620881684004669e-04
1.052350858818194151e-03
6.854035244101594048e-04
9.763983795024663024e-04
7.055646524477864404e-04
6.854496327193365353e-04
7.967860631059257154e-04
8.818464122724523286e-04
9.892337854879389679e-04
1.244316915660148484e-03
5.854594773426506291e-04
8.639555667635769520e-04
1.415719020286460624e-03
7.895106729672039846e-04
8.634902043315913212e-04
1.569782309405820444e-03
1.142582642896692539e-03
8.225599899452710985e-04
6.623135500394329318e-04
5.927190375601022873e-04
1.032075369109560327e-03
7.267383170207838581e-04
1.409258571303394171e-03
9.866839738687357888e-04
3.620517308916061747e-03
1.256666409070295032e-03
2.136588401092055865e-03
1.118697129628389497e-03
1.046789027381775676e-03
8.228859260139218803e-04
4.222210664870283073e-04
9.698260006584315555e-04
9.373999376440917113e-04
3.023071478567863619e-04
6.770258422418753540e-04
1.114160369631949071e-03
5.982590930378976638e-04
8.521884673159225380e-04
7.165773008639832837e-04
7.154967379055867131e-04
1.008788724715897582e-03
1.833658807510321360e-03
7.938461750056952267e-04
8.321589987361659776e-04
5.647142574972028282e-04
8.060561859400463278e-04
7.825762354812551514e-04
4.884893299822507711e-04
4.636819826632743407e-04
5.208488807692969848e-04
8.023155134570711909e-04
8.478606496762496232e-04
7.478746630289704201e-04
9.069595121376077549e-04
3.570715125558890997e-04
1.310799052750160438e-03
1.011590790785819568e-03
5.054184818204605825e-04
9.858589828341301001e-04
7.758079073023870778e-04
9.395013070899108218e-04
6.357880978440772195e-04
1.598105036340495338e-03
3.707745018803786574e-04
9.142367014465391109e-04
9.956237889475591431e-04
1.829918153524320683e-03
9.127794944057576092e-04
6.086978013913189227e-04
1.162974932122093265e-03
6.220144328503868789e-04
4.212303787743216718e-04
1.214196310953367074e-03
7.243091887886067299e-04
6.781103154421564425e-04
3.817218410591082770e-04
8.983768568152577334e-04
8.355022677127711250e-04
1.151109660901643945e-03
2.830661864748049584e-03
1.185893373888186834e-03
1.367978727592827296e-03
9.488663858902116359e-04
8.382825874803027759e-04
1.634786593479182083e-03
6.530935064495882025e-04
5.901134841069362530e-04
4.375465667450472969e-04
5.682148159696398830e-04
4.183311460480003408e-03
1.267577422497839432e-03
1.243115025349532518e-03
9.940995336961519664e-04
9.444298634818757299e-04
8.568813532603107444e-04
1.151146747123801438e-03
3.249373122345696353e-03
2.086659728624130038e-03
2.812207377524815824e-03
6.516746702731768953e-04
8.550403051205057378e-04
7.939933446638063920e-04
5.494986148109187989e-04
7.680040588684086027e-04
6.611708686352483523e-04
8.460008531005235640e-04
5.584640966519894157e-04
1.471626160288420524e-03
2.137189843681046308e-03
2.237337973808971228e-03
7.481842492662158948e-04
7.793288960229117135e-04
6.479839490766367040e-04
8.709695531729371191e-04
2.094553448576772815e-03
6.459206133212918883e-04
8.807128120268475305e-04
6.925880262529647037e-04
8.947686903843803021e-04
5.281820539185550379e-04
5.045038774839534501e-04
1.000633944270685203e-03
5.870871491540714977e-04
7.364091014941245633e-04
9.510467995025685206e-04
6.836608996869223982e-04
7.241578447924752445e-04
6.965227689665892804e-04
6.988236774013552787e-04
5.126971196911196465e-04
4.697641786927346107e-04
2.846286454423967811e-04
7.475141307425002806e-04
5.855589589074527024e-04
1.165776290774366919e-03
1.629065076422032401e-03
1.211568444754649665e-03
4.034601644531706074e-04
7.681331214407401131e-04
1.360589547823730329e-03
5.928335915785440391e-04
1.210123244625086478e-03
1.113078156982417284e-03
4.419806542410763196e-04
5.833310571174012788e-04
5.681585143222894329e-04
7.714070496379940144e-04
1.082219731595616919e-03
5.470906213064137286e-04
7.306432827848457828e-04
6.713605776301883330e-04
9.919576320009755501e-04
1.476011260062234064e-03
6.064833911165353180e-04
6.521830660359011125e-04
3.200337263042271271e-03
8.437112346244971580e-04
1.347004459184826400e-03
2.267378800069544051e-03
1.149182486593482416e-03
8.864952364782484979e-04
7.961790241891932322e-04
9.069595121376077549e-04
7.739273525024776114e-04
9.378636377296764018e-04
1.004487974863807172e-03
6.789129435361793575e-04
2.032703925798665882e-03
5.522456425557463857e-04
9.284045869184399252e-04
8.544050036320899929e-04
6.810859738978532066e-04
1.353084310955353538e-03
5.770606746049255316e-04
1.021818353562762259e-03
7.393356050397859947e-04
6.734567334550720791e-04
2.496233413739041770e-03
4.704764812481564834e-03
7.633507816963872950e-04
6.342172173992538346e-04
4.340248305945751373e-04
1.089199576887242516e-03
1.948588628435938067e-03
4.892820292407177663e-04
8.424687223575075485e-04
1.464401360489583871e-03
6.135201421015387549e-04
6.061909351989024173e-04
4.914749671959214340e-04
8.977884515649316643e-04
9.892337854879389679e-04
1.263207150841916347e-03
5.938127297691154572e-04
1.039913682991837080e-03
1.072243508268740965e-03
8.408459077790984230e-04
1.517822792408429723e-03
4.429547187774405224e-04
1.266826523700870189e-03
1.298318224030130946e-03
7.974322174012245636e-04
1.015986150603980865e-03
1.144234820576275815e-03
9.832313222611034284e-04
1.449248261039784175e-03
3.357268948064069799e-04
6.610289730520292791e-04
5.850621117871099676e-04
7.476826536280584178e-04
1.181965428633076397e-03
9.080350064799994417e-04
6.146993791318369456e-04
5.822107254407233321e-04
9.647595772415820453e-04
4.126167748070141018e-04
8.087780253251650479e-04
7.325533157437551885e-04
3.625499788489538111e-04
9.127052324905088158e-04
8.872770598503354174e-04
4.071006127653551418e-04
2.057318831274707310e-03
1.617747000476866702e-03
9.394031028872850677e-04
7.240074069079344664e-04
1.107185813995992902e-03
4.544936008995235943e-04
4.176918787923929502e-04
1.004022989983127841e-03
1.032419929090163876e-03
6.737676964963478215e-04
6.911839021142844770e-04
8.363355488134268951e-04
1.191344138869455211e-03
5.597457077284639969e-04
1.933757487404241674e-03
1.051919239559900247e-03
8.256556781222177841e-04
1.097305389526428282e-03
9.921228151581139819e-04
8.839614821210693609e-04
1.051753514597560417e-03
8.833725117621600998e-04
1.325455136926576320e-03
5.292995587111167617e-04
6.927749159816220994e-04
1.326328952522620556e-03
4.580367778799250143e-04
1.269112645921809286e-03
2.450945754634694090e-03
1.259181350618965344e-03
1.017945189953906255e-03
1.396097062606601550e-03
9.386643927436224243e-04
1.343374531788744941e-02
6.954267032743560338e-04
5.531639622026271073e-04
1.329017023389619931e-03
9.684149315903219351e-04
7.495126427575653011e-04
7.389622864379026025e-04
1.430014901301886708e-03
3.547570312534484294e-04
8.332176901144877201e-04
1.045463918045631000e-03
2.564277715134705583e-03
5.984475065420786794e-04
6.930992224489793477e-04
3.842428665698725907e-03
1.853014874290458006e-03
2.266869832298459234e-03
7.848406235248555273e-04
6.519517229594444865e-04
1.511672370476632591e-03
7.818559101202935020e-04
1.762551153907445604e-03
3.925424449582240634e-03
8.773570991199797437e-04
5.205233894069497772e-04
1.109580968393432702e-03
6.486683175610079028e-04
5.358898263886683298e-04
5.183007396672898413e-04
2.889396038715371425e-03
1.052667885271020738e-03
5.702864931478387892e-04
6.686069443093989881e-04
1.923339157264201699e-03
6.409375990886951625e-04
7.826626785759110061e-04
5.309662317237897992e-04
5.752433127658540361e-04
7.967350155979993674e-04
5.590879161606752057e-04
1.642043969753645589e-03
5.919718443297789998e-04
6.435930059320283357e-04
1.113398863353165036e-03
1.058347425198463742e-03
1.579932492782906315e-03
6.680270945200615564e-04
1.302944377103433657e-03
1.118115719384707007e-03
9.363185595783748505e-04
3.875841399479820846e-04
1.262579392847639837e-03
1.406719716543319105e-03
1.231990634797630992e-03
1.615691498429237599e-03
1.192863712954447602e-03
1.010483247148225450e-03
4.442294540118685298e-03
6.618825162403088862e-04
7.545863328450757353e-04
1.179751539336748156e-03
8.189802179895607241e-04
8.007541888398318850e-04
1.607157716683056117e-03
1.765432834689275969e-03
9.220586168230817748e-04
7.643910904887862845e-04
9.094098684219755185e-04
3.885767649254661359e-03
7.478768397360290509e-04
5.354242629814230442e-04
9.968169446940499615e-04
7.707422171802480026e-04
6.133864064652175480e-04
7.479493513633618312e-04
1.008532367215212800e-03
7.352599394036277375e-04
2.257515881823151695e-03
7.200728013151144009e-04
1.163471843714945471e-03
7.851581952241590973e-04
5.584045885378959104e-04
4.019233080302329875e-04
1.320586538746740691e-03
7.051942643774613542e-04
1.004302473964950723e-03
7.727169655688126285e-04
1.109044222801802617e-03
6.066684533627666933e-04
9.809757910250480138e-04
8.860173157873899551e-04
5.007237215553110620e-04
4.143915539137711982e-04
9.357463752365774825e-04
5.331586392696143969e-04
7.795405597020822145e-04
6.486987507761715534e-04
1.036163654982347540e-03
1.316417851983848553e-03
6.184603488992981629e-04
7.725146217108155031e-04
9.520769550208516225e-04
6.021582351057281702e-04
5.095789966177151180e-04
9.599364846550613017e-04
8.978465962037839292e-04
5.235713267191248639e-04
9.386509066796065769e-04
5.385064872881838811e-04
6.156390682532633576e-04
1.108088616657235820e-03
7.107267849816999335e-04
1.208223816147024334e-03
6.715289056752580003e-04
4.256952803183112837e-04
5.062824242859300002e-04
6.020166812758454477e-04
6.574371994111495674e-04
1.435369423416736059e-03
1.100958512308092404e-03
1.053741798586692834e-03
8.626729331997004405e-04
5.972000439982452476e-04
6.025019992944570480e-04
2.059974229621891820e-03
5.797016641574511070e-04
9.650945012637521855e-04
1.412026004890319522e-03
3.145381706928459284e-04
8.625347007754476320e-04
5.522739095094210534e-04
7.666688855481405395e-04
6.239434660256254917e-04
9.899309122499970904e-04
1.250444167006820777e-03
6.834832426888278302e-04
1.970343552970119615e-03
7.691090855142791683e-04
8.787431571157271930e-04
1.032791579078054306e-03
4.935710419200481022e-04
8.983768568152577334e-04
5.762886654764426105e-04
2.433575798989325381e-04
5.839667855923367330e-04
5.385064872881838811e-04
5.407540915976853354e-04
6.054858023969081479e-04
2.242036794704095701e-03
2.894374958346904994e-04
4.885259473818179222e-04
1.090892628508136151e-03
7.177493060511048713e-04
9.791690623325408245e-04
5.951268466473075671e-04
9.677112483452433552e-04
7.533321444055178203e-04
1.052270591973573574e-03
1.533477592530706462e-03
2.362920532875853376e-03
1.561812856906028436e-03
5.037821083874060744e-04
9.070420014173694164e-04
7.025422762864569392e-04
1.058314598688421407e-03
1.596444407615011654e-03
6.427916110666018115e-04
8.233041231292849427e-04
6.299031771397725936e-04
6.595000609582632152e-04
9.805674432409169569e-04
9.220271028271506165e-04
4.426134207057201651e-04
9.859849867970178761e-04
1.106573250325978497e-03
4.304227699418188718e-04
1.409114060834736493e-03
1.049864033426126412e-03
7.305352496655454376e-04
2.889396038715371425e-03
5.820438634831891092e-04
7.539291617927570055e-04
9.404004774209834792e-04
9.902206575745349602e-04
1.166029806882866796e-03
6.293047391715722756e-04
5.653178671159174483e-04
7.634173662770414245e-04
7.904646942214894846e-04
1.081005796002687926e-03
7.708483388896225034e-04
7.137671300067394489e-04
4.184310729776129180e-04
1.369220682168694348e-03
1.140210214800938329e-03
9.391568855744192616e-04
8.012371371812270979e-04
1.367978727592827296e-03
6.482008074958101615e-04
4.346808647395094421e-04
6.436558558893250466e-04
7.217815545014608135e-04
4.034601644531706074e-04
9.709968351678803945e-04
8.931033938046990459e-04
8.416188200050279955e-04
6.184347855571478226e-04
1.150151213991192469e-03
7.719790957208281850e-04
