4.277778153840333577e-04
1.739234195480807415e-03
5.614902238461858290e-04
8.026410322192277080e-04
6.873622152159658810e-04
2.873002354251051821e-04
6.053987069782790264e-04
8.453247713895733649e-04
4.518981979874100519e-04
2.650707609928768492e-03
8.316164003267114248e-04
8.167716396307451695e-04
7.226369054714779864e-04
5.450224919062678216e-04
8.208671171776809423e-04
1.241356356022665875e-03
7.918838553436699772e-04
6.195792054951794513e-04
5.771017628400370181e-04
9.761099007311970551e-04
6.894756256974611227e-04
1.018325079396868900e-03
1.667546549325772155e-03
7.285495795630271207e-04
7.962664277039719664e-04
3.396670911559831378e-04
6.049786977968235179e-04
9.252839525468114449e-04
8.880936946009546171e-04
7.144718618575976021e-04
7.097305960209696627e-04
8.713456858559672207e-04
7.656337636443012696e-04
6.341528878978736289e-04
5.916160130090006644e-04
4.295052081623528624e-04
5.786605420317767140e-04
7.698164112171553691e-04
7.747206994843452380e-04
8.461692863079534966e-04
1.017888934440768899e-03
1.368904066135511128e-03
6.021288151685055649e-04
4.535093217664706703e-04
6.796185359614335432e-04
1.034036314466781287e-03
5.822178170164105798e-04
6.368314478579903057e-04
7.832419732503112389e-04
8.767884658215595838e-04
7.146066775441341961e-04
7.330525711359691266e-04
4.358026905248587007e-04
9.748727951976743095e-04
6.996592203824135350e-04
8.264114155792632622e-04
2.148452274989893183e-03
6.775920032020131718e-04
1.754546413365541940e-03
1.391481670457140078e-03
4.090155202274279624e-04
1.260278953567985300e-03
1.219465199331774699e-03
7.088660066797695296e-04
1.430719486098068049e-03
4.708275005551622035e-04
5.935156016380085898e-04
5.102530308971481299e-04
4.410110912903271820e-04
7.185849995371228595e-04
6.479771212301858223e-04
5.720290108668360171e-04
1.665564152080550213e-03
8.943527472255524344e-04
6.247222959296697391e-04
1.157338617517791619e-03
9.627147973962600636e-04
5.764972922985829411e-04
7.895766076267951832e-04
1.108242528076288811e-03
6.457707238626420737e-04
1.231745547143388341e-03
1.861109319577380081e-03
4.467576939349388542e-04
6.550302673872425777e-04
4.068262032775401974e-04
4.644171300062520835e-04
1.279300438840249438e-03
8.802469387685817525e-04
6.192852793196245223e-04
4.292110947196957718e-04
9.889044838207279239e-04
1.840163967055309657e-03
1.520534395628854582e-03
7.750097782932731513e-04
6.323834029836126591e-04
4.872319452522668598e-03
3.869522394548351694e-04
8.513163741555993718e-04
3.693239725034421026e-04
1.901758555296821683e-03
1.179253749693414451e-03
8.759378078518631223e-04
1.509888960976018841e-03
4.756770155173629814e-04
4.837263930200183006e-04
1.164919222726097485e-03
1.320450523510054456e-03
6.424970608529347905e-04
1.552241237876630714e-03
1.680594666497832717e-03
4.790469045919594515e-04
5.189262079433698376e-04
4.322257865349660665e-04
9.308538334335289370e-04
8.268868013094443463e-04
5.522007225648276106e-04
1.833923746331263390e-03
1.129281628326739371e-03
3.485601714063540999e-04
9.691954608086931306e-04
1.036319974023146382e-03
8.777495187601930477e-04
3.859066940005913575e-04
1.297601133851640064e-03
2.214676904498821819e-03
5.501653948666639180e-04
1.217030486271655125e-03
8.072333311398376381e-04
7.303391902252058011e-04
6.396950228605735242e-03
7.690778185018838468e-04
1.550881559289844303e-03
9.069211614279767660e-04
8.743697044680373478e-04
8.658633325655280951e-04
1.405983618890903992e-03
5.323507308587274549e-03
1.177246167021016006e-03
8.204260060072967329e-04
6.874281192765752894e-04
6.681704374012163153e-04
9.821444093243978431e-04
1.306799514539166247e-03
1.028674419889429904e-03
7.968103264941689499e-04
1.409421561902709369e-03
5.439686634501252754e-04
1.123802821426273272e-03
6.552510700339096933e-04
1.778623343410070355e-03
7.318229983104294683e-04
6.152094493828975637e-04
7.934823958427519993e-04
9.756891130299921201e-04
4.987103630739759142e-04
2.298427819157058179e-03
1.111161240157837677e-03
8.893113769670759868e-04
1.509459592391218432e-03
7.063891814951592631e-04
7.483908324856030584e-04
9.475588143108684474e-04
1.016691675369668733e-03
4.585797419440262651e-04
6.805193693639891364e-04
7.150371409426673321e-04
6.194550307855846774e-04
1.525132857538027140e-03
8.118009483181391848e-04
1.867239264475053324e-03
1.768825751753312289e-03
7.041074550368172941e-04
4.115496816144684667e-04
7.560711255662066078e-04
8.845059517888671785e-04
5.897628274863832027e-04
6.910459760842847365e-04
5.363346346211067149e-04
9.484793273664343183e-04
8.135474569031206664e-04
5.697746797483074430e-04
1.070520561053828115e-03
9.313016886008741767e-04
6.710293689530725907e-04
1.321195972172852472e-03
8.754218411672879839e-04
7.792366810560335004e-04
3.185651487061327857e-04
1.708159952478114718e-03
1.353874493797404361e-03
7.001936984160454791e-04
4.394077739346431873e-03
7.577093849378837252e-04
1.380838046149645421e-03
7.731789146532839010e-04
4.410110912903271820e-04
1.263637650616998825e-03
5.761019889047017031e-04
1.218782284138443745e-03
6.809643579616289199e-04
6.227790455563918378e-04
7.155952880241575522e-04
5.493100324113299243e-04
4.797121738145610826e-04
6.477367860680083127e-04
9.871472918798686498e-04
7.144525935169354375e-04
1.185791998975835272e-03
4.163534603372097062e-04
7.971590254450371116e-04
7.063224104451251576e-04
6.745978075041028426e-04
7.496880793142511124e-04
5.372591786397309379e-04
1.311568712750169801e-03
8.775467644937310057e-04
3.389270228408712191e-04
2.530474218134380789e-03
1.171237210045548765e-03
5.772707053955476991e-04
1.794532287854553069e-03
4.507488838583164530e-04
7.014868777651065562e-04
9.287517364213090367e-04
7.456500123338173896e-04
6.097544668962602641e-04
6.487301850607979890e-04
6.552173153865969773e-04
1.880691373931252589e-03
3.255994146283935605e-04
3.129832301864379665e-04
1.223573172841221956e-03
1.070520561053828115e-03
1.416705968440291809e-03
1.188279754810304956e-03
4.724683129363705324e-04
7.598432729911612071e-04
6.944777147151934803e-04
7.158839608649604632e-04
2.309910513990486979e-03
8.483636481396060946e-04
3.077314720887217372e-04
7.017962073508844829e-04
8.628688366392054309e-04
6.754324551006612651e-04
5.574257971569198571e-04
8.689205691803866555e-04
2.064284409776493117e-03
5.885565723252429238e-04
1.438245687684719604e-03
7.351831634963802101e-04
1.052953954263768400e-03
4.354771382850238176e-04
2.304703326465083225e-03
3.384669500119872037e-03
5.052186048889932644e-04
2.588370057730425902e-03
7.357265426044884904e-04
1.132927139088857555e-03
7.849081327291776520e-04
1.038921391359862428e-03
7.971590254450371116e-04
4.596991454227442042e-04
8.704108733067599793e-04
7.689057799932760883e-04
5.869506110522595011e-04
8.813272728298677475e-04
5.328136266558827121e-04
6.264210559039098090e-04
8.474315493022817726e-04
8.361485473124761472e-04
1.216520150908490796e-03
7.612494599749793046e-04
5.575270445626525490e-04
5.964848213142947761e-03
7.183158030667777597e-04
9.397057729491589857e-04
4.710820319920783661e-04
2.421005956441891344e-03
3.659042112293706388e-03
1.011418879655607292e-03
7.476730836801592870e-04
7.261667771108051622e-04
8.588477097789852998e-04
8.902919996926582759e-04
5.761019889047017031e-04
7.906471615470102602e-04
1.379539268076178382e-03
1.163078237196734374e-03
1.101935649413157215e-03
8.010687295684720908e-04
8.116608413609167731e-04
1.374627105868730893e-03
1.284057557895997535e-03
5.885291441277465917e-04
1.009499128443213821e-03
7.564278345069673807e-04
1.120954365026492284e-03
8.149090242707656816e-04
9.433179575090070270e-04
5.846110832792800280e-04
6.104748249755520204e-04
5.869506110522595011e-04
7.628819070764903927e-04
1.003834435601158332e-03
6.174751101541342199e-04
5.071149053492915448e-04
1.051270606620638903e-03
8.296970981719067016e-04
5.090684646208966596e-04
7.038319401906405421e-04
3.914399400528766775e-04
1.358346779941893914e-03
7.922304126955773606e-04
6.666088628213531677e-04
5.023417012669999888e-04
1.040424141833111524e-03
5.764972922985829411e-04
8.256945362315256266e-04
6.903266524314108756e-04
5.879556337541519450e-04
2.008686812812195566e-03
5.604239228319506105e-04
1.329130066325784039e-03
1.030062345312896541e-03
7.731789146532839010e-04
5.343792454718459487e-04
1.840336868232389988e-03
6.535711345524510300e-04
5.087990581132641925e-04
5.949821267645817721e-04
8.303855925518479741e-04
7.012072907448782836e-04
8.158992683033032154e-04
2.891862104680659683e-04
8.750459856069246018e-04
6.139075501648767795e-04
1.194058437923298981e-03
7.187700989571200365e-04
5.236520463161602103e-04
2.465045765465650410e-03
6.145776697139347482e-04
6.079963022368138886e-04
8.743697044680373478e-04
1.164919222726097485e-03
2.330848142725559183e-03
1.269917728533429728e-03
1.254501308084351096e-03
7.586736715013019019e-04
8.560651757420213422e-04
6.600245650696607083e-04
9.887301882614235420e-04
7.411008060811439613e-04
7.599988831146575839e-04
1.732090807786000348e-03
8.545709917100488507e-04
9.266692645717847015e-04
6.154624907002024733e-04
9.119919821854127707e-04
5.910981351322795773e-04
7.303791187655127998e-04
2.718270353774853224e-04
7.079535924432145931e-04
1.237198973879930376e-03
1.024470869331279470e-03
7.681801369539860555e-04
7.670715171099651199e-04
1.259205226355315571e-03
1.603203010040464213e-03
7.063131192837140623e-04
1.343814312046670871e-03
6.047688525322478074e-04
1.338823113603713946e-03
1.342756412141821827e-03
5.480033317911256387e-04
7.648340793895803480e-04
4.680277809975864640e-04
1.896138611446258979e-03
1.327354449894919703e-03
1.136882441094903308e-03
9.124908173757263069e-04
6.324934975972333054e-04
9.796789503234235724e-04
5.058081027016983347e-04
6.730821879617194083e-04
4.429743353694458145e-03
9.142951548234822413e-04
9.306973197954760942e-04
1.922692350408203906e-03
1.442691216686671496e-03
7.198852872899834388e-04
7.063891814951592631e-04
8.417923140321125495e-04
4.255619563893990728e-04
8.943674759270486092e-04
6.836401260691634708e-04
8.670766304046367400e-04
1.069601253952099035e-03
1.139426985175671318e-03
6.189969138550221670e-04
6.283941850213155440e-04
8.224697530567492715e-04
8.574718409805887195e-04
6.486261484501895528e-04
1.184495962383161479e-03
9.649168425759967280e-04
8.411682321401975750e-04
9.231435135626668608e-04
7.409543979695357380e-04
9.783442992108246517e-04
1.176707278997634601e-03
9.900430652661250993e-04
1.337774226689156286e-03
9.166772501981450445e-04
9.287109013107079430e-04
4.850704171014659310e-04
1.110565769138009565e-03
8.287990951441375409e-04
6.712170753055208194e-04
7.584377955504150847e-04
7.200845807225003193e-04
5.023315865443762863e-04
8.025934748235208794e-04
9.517823019699163866e-04
2.908741621324642404e-04
1.690788830719917044e-03
4.903587388755808194e-04
6.613746737988508619e-04
3.547051417720464947e-04
4.509050591013921629e-04
1.085157917744054802e-03
8.080729812367120658e-04
8.651161151271729612e-04
5.234999531372859722e-04
9.913856845954051138e-04
8.516291426118397781e-04
5.232994729967128337e-04
2.157552097940197700e-03
5.311713265572087783e-04
6.863543112012324490e-04
2.228523533174427834e-03
5.013465641820957427e-04
1.562001778880951850e-03
1.615120631966528424e-03
1.124416939436565259e-03
7.801009210703476393e-04
8.656954501123286872e-04
1.090608780051773898e-03
1.130099575006655432e-03
3.988666668178687813e-03
8.013641433170569459e-04
7.944679559588939486e-04
1.667546549325772155e-03
9.456525082275079892e-04
1.101765291069098070e-03
8.108955661710859873e-04
9.960344784762861781e-04
7.563603219068524945e-04
7.109951903093933174e-04
6.117111329813309422e-04
1.175139407730666462e-03
8.013641433170569459e-04
4.197151925591115565e-03
4.242269654617228706e-04
6.240485949431114716e-04
5.429040321665048975e-04
1.241656173607365516e-03
1.266567986393607763e-03
1.209128524692447328e-03
1.594510692522019702e-03
1.318553705008713821e-03
9.001288749192165421e-04
7.101843249017251959e-04
6.368907655889582053e-04
6.605626189195166120e-04
6.939771770533426087e-04
4.411836448532979239e-04
7.441200645697858490e-04
3.938571970423441451e-04
5.913811202713841961e-04
5.573079230285066504e-04
1.445500425536814940e-03
1.108052656501882366e-03
8.973096476284630075e-04
7.217236695897541552e-04
8.740928768473188535e-04
1.340877607346984638e-03
9.044734479543900920e-04
7.574115787282132903e-04
6.332012501964636017e-04
9.085076815839980297e-04
6.590505755282000762e-04
7.856816406862912258e-04
4.338567933343190157e-04
5.767190520041417211e-04
9.545236508818771316e-04
1.063605909091447106e-03
8.262348130849351191e-04
4.868518485800301960e-04
1.113044752966145913e-03
8.050621742013352664e-04
3.183561550267173198e-04
9.258246241967820487e-04
2.491398099181372453e-03
9.246891481777332359e-04
8.551239161076805515e-04
1.634527560139244435e-03
3.418148170347246485e-03
7.985150495722932859e-04
3.660042642022102543e-04
1.017888934440768899e-03
5.679286076969153460e-04
1.574830681073279308e-03
9.815294235622992487e-04
8.225126207007795809e-04
1.096974132159273885e-03
7.780595557105562379e-04
8.768153160627109154e-04
8.953993913379122271e-04
5.369369377918789933e-04
1.063706801785729156e-03
1.374486334774943077e-03
1.522187929004145028e-03
1.064974468787580151e-03
7.623789892054917954e-04
5.597676437764512788e-04
1.018270233824916833e-03
6.783344842385448251e-04
1.130909171458679974e-03
1.221027228990540035e-03
7.602981443788001115e-04
7.436986174497176505e-04
7.212987826869530009e-04
4.295052081623528624e-04
8.040956692609926588e-04
9.674541089849124278e-04
1.028268885675845314e-03
1.118550418560667736e-03
6.982021885328984750e-04
5.796595202623926841e-04
7.332695797337950841e-04
7.564126469598256991e-04
7.994561574296272068e-04
8.376952786539396123e-04
9.488069889873442311e-04
4.355661178516903988e-04
8.936800841818243754e-04
5.783377805922492072e-04
5.450224919062678216e-04
5.825388307137639027e-04
1.073562846067263252e-03
1.816210728048701798e-03
1.002529836978096906e-03
5.456207233611079076e-04
6.554543349579736600e-04
1.303585861296748015e-03
1.980989716575046970e-03
8.943378308081979941e-04
6.560265327548577908e-04
8.533431223907079251e-04
1.345482042629479215e-02
9.767001057865928610e-04
7.925092532257993223e-04
2.512780210608293874e-03
9.026698575011225583e-04
8.303855925518479741e-04
1.005848303069263204e-03
4.017399545328702499e-04
5.486792407677190718e-04
8.130083212299302892e-04
6.116643120838594506e-04
8.470606331986368183e-04
3.661619861256017964e-04
6.885365335159043159e-04
6.601455830400733632e-04
4.181345398257569766e-04
7.374237391103894996e-04
8.411682321401975750e-04
4.410110912903271820e-04
3.928457010597366950e-04
5.030790509054982674e-04
5.019613400454288679e-04
1.131063152408108346e-03
8.235649935118430440e-04
1.133748380078117594e-03
8.135173748680111280e-04
5.932841788485076389e-04
1.012876286974777936e-03
1.231850314444407624e-03
1.126782556622245041e-03
5.094699160781872901e-04
1.667490906731127018e-03
5.287807660016483578e-04
5.084370230419222496e-04
1.197904227763589959e-03
6.328153018452138678e-04
7.506534970762987393e-04
8.690205503952135339e-04
2.858818661724402219e-03
1.464867426285006982e-03
8.668037590968520828e-04
6.134478082757602703e-04
6.672684663406926739e-04
1.257953469817406789e-03
6.603592187118165723e-04
9.021208390630251848e-04
7.538673790851596092e-04
6.248395453970634209e-04
6.806913150740430060e-04
7.794176949013557724e-04
3.671478662962250790e-03
8.239980088731125793e-04
1.431965087245389403e-03
1.250842470178023091e-03
7.338636019454381192e-04
2.703191606516652627e-03
8.076953198232211676e-04
1.106220386330155139e-03
1.365799078136943536e-03
8.917282578007380573e-04
3.665467475502672229e-04
1.842262220525103279e-03
4.471168304447164718e-03
5.313099479339364155e-04
3.613629707334375897e-04
8.029469778603886025e-04
3.990430445200597413e-03
8.204735006170453798e-04
9.287517364213090367e-04
9.154493488915221551e-04
1.049827297169669219e-03
9.538874727064275460e-04
1.390068280322709435e-03
8.486156330039051985e-04
1.400671956324725607e-03
6.587222186686622107e-04
9.520704107493152676e-04
4.035862731194834584e-04
4.965871534187520347e-04
8.417451499508429467e-04
1.203480526761945522e-03
1.535224800691333295e-03
1.284826200659881920e-03
7.701947239472826338e-04
4.811435746001379351e-04
4.784390390305560785e-03
1.790587829747872142e-03
5.310295296611795271e-04
9.246837145553671701e-04
1.586417927410554291e-03
1.882916983955962818e-03
6.044173034004276081e-04
8.047010525577004934e-04
6.191253368274657592e-04
3.847401585549295000e-04
7.753832284093113616e-04
8.158349666872617961e-04
5.576803999195940366e-04
6.613746737988508619e-04
1.133513147136889099e-03
1.020988879594268532e-03
1.164919222726097485e-03
9.330883737066169702e-04
1.263637650616998825e-03
8.288137994760571550e-04
6.423123490967064296e-04
5.002641453265777504e-04
4.074042635533913956e-04
8.654937779743185951e-04
8.951616493985218312e-04
7.335765242148911116e-04
4.965195629039543916e-03
4.271633288124163032e-04
9.154590280493004901e-04
4.379687383319761837e-04
8.301229481724201140e-04
8.257298216646749740e-04
5.654527086098307858e-04
1.100718210210418612e-03
1.998740266982924636e-03
5.795244083502495459e-04
1.152335472437589258e-03
7.507902579658877864e-04
1.216941557826730367e-03
6.832264577572877981e-04
9.162517854256061519e-04
3.168855171807248485e-03
7.030036473820664702e-04
1.564576017959558351e-03
7.778304319629528998e-04
9.837079632320441542e-04
4.983194848940032022e-04
6.910717055044586976e-04
1.153131038400124391e-03
1.032916314395362434e-03
6.627832310031774293e-04
6.473418419081814704e-04
5.212754567843239876e-04
6.431713144973046081e-04
7.743584496682124436e-04
9.271889389030316163e-04
5.281952442701899793e-04
1.167610524367124940e-03
7.609972628000136489e-04
8.031929228252102267e-04
6.874753706110567093e-04
6.867920555432800245e-04
3.393734547732136803e-04
1.109039904406209460e-03
8.330824326703411414e-04
7.436698042518728605e-04
1.586971163026405698e-03
8.546058109861056707e-04
4.978316745255855717e-04
1.190689003718301909e-03
6.839682822044961755e-04
7.358846002151578662e-04
2.566365011827020405e-03
1.580545077899552734e-03
8.457549504522335121e-04
7.084602457171025386e-04
8.840865623416379552e-04
4.690760272739410465e-04
7.293361920073826747e-04
2.214676904498821819e-03
4.644171300062520835e-04
1.046299753301410283e-03
5.749976080070549108e-04
4.879544366826127182e-03
6.396950228605735242e-03
1.979724652863312003e-03
7.303791187655127998e-04
6.874753706110567093e-04
4.392719793741163949e-04
8.249347545097987554e-04
5.510367685609805647e-04
6.553696832178509393e-04
6.302771352428468117e-04
6.244222673321765974e-04
7.817165593497862235e-04
8.275956308897363745e-04
5.355220950049084270e-04
7.409543979695357380e-04
1.156491522738738306e-03
5.308547850386122246e-04
4.988665437381048246e-04
8.228274693335056950e-04
2.029413282197005657e-03
9.317521823909783981e-04
7.476742964105469701e-04
6.689339681855122587e-04
4.615966971916795410e-04
1.501867046839121820e-03
2.602636647535505870e-03
8.786778844712435496e-04
1.199722886276322368e-03
2.061834854533229136e-03
9.145415238231713057e-04
1.013313456080454497e-03
8.496784592981086390e-04
8.181637486371493495e-04
7.531725823143189209e-04
1.019231362689677553e-03
1.288643669026048443e-03
1.125249367571660867e-03
6.677749790979700109e-04
5.884014472460737978e-03
5.198954731596150403e-04
7.665522711961375840e-04
1.350445796301662877e-03
7.001366588851435681e-04
4.359149922678859411e-04
7.153384811198973273e-04
8.279683912604960056e-04
2.298427819157058179e-03
5.323304406895062839e-04
8.868197083591818118e-04
7.635049743921765641e-04
5.761019889047017031e-04
1.368904066135511128e-03
8.879580282221043392e-04
9.907381037106137867e-04
7.859147232891332008e-04
1.351815130389494692e-03
8.814453873171738995e-04
9.894434777333405238e-04
5.272763865815610585e-04
5.206578512817764065e-04
7.482068390104619753e-04
7.438571434813574411e-04
5.411526072546165309e-04
8.130083212299302892e-04
4.285167570444789594e-04
5.245427299513699855e-04
1.113727162521064218e-03
5.821980288933865152e-04
2.148888424125410413e-03
5.234844738848102490e-04
3.093881977559922048e-03
9.588611957376090436e-04
7.688223832258329633e-04
3.822607422651682100e-04
1.171883437220306700e-03
1.272607602840670430e-03
1.501501439209771338e-03
8.123569925901280098e-04
4.348317087175643421e-04
4.332151468349480956e-04
7.880348837731132421e-04
9.531728135042249897e-04
8.577675677361155547e-04
4.614539521621628237e-04
5.029380597801838158e-04
4.718778126841676780e-04
1.829541604384024448e-03
8.361936184995885082e-04
1.840543463455200472e-03
1.074910442598481838e-03
5.694353660664992420e-04
5.913811202713841961e-04
1.572819960279380576e-03
8.232909997511164875e-04
1.139157824330716551e-03
5.537298940070722398e-04
3.443528600615392119e-04
6.949397117948883252e-04
7.731839770806979125e-04
4.464818821912598049e-04
8.117538602599187660e-04
6.997110388743581558e-04
6.985827488375932802e-04
4.115496816144684667e-04
6.575903260578100894e-04
3.770456293617582984e-04
5.846733218173196097e-04
4.755920085031350411e-04
5.559653580316891016e-04
1.070572895212909548e-03
7.359932585902394979e-04
4.615060205892089766e-04
5.321281959095352154e-04
5.173999802414803095e-04
3.466274918863887847e-04
3.064181003976835811e-04
6.683444865657347210e-04
1.291200263746527816e-03
1.868655833488795008e-03
8.666725429801549509e-04
9.918375441663126752e-04
1.040477511898043640e-03
9.488069889873442311e-04
5.733555069397402310e-03
5.597676437764512788e-04
8.137398562775506649e-04
1.089714462461573033e-03
3.550258955384981343e-03
7.821755766774072952e-04
9.790986439106414644e-04
1.011710805960591968e-03
1.369635158863705300e-03
6.582663391794174243e-04
7.299911770142150647e-04
1.186579724467004939e-03
5.071579635164152498e-04
8.521511764645746086e-04
2.226167203063057504e-03
4.311263499342074166e-04
1.073833573409092943e-03
6.228064797052512702e-04
8.917282578007380573e-04
8.868168116260125066e-04
4.285167570444789594e-04
1.081252435748874478e-03
4.899292063141113618e-04
1.008734034620639751e-03
7.662662288412440620e-04
1.286955470488697481e-03
8.175662061904223057e-04
1.592330511045427638e-03
9.866095243689142289e-04
4.342005510558933907e-04
8.571984755397035229e-04
7.914906575994515086e-04
4.230032768872005883e-04
8.117538602599187660e-04
7.183158030667777597e-04
1.252646127285803913e-03
6.970300330287392074e-04
2.152162732840261564e-03
1.044277121472697708e-03
6.566072576687424864e-04
5.986804226912972003e-04
8.697096688991695374e-04
1.559833816169525897e-03
7.390620310086367046e-04
6.756984507316764503e-04
6.979382780288619212e-04
6.728610304658745817e-04
1.134429868875520961e-03
7.269675115522425358e-04
9.642089469029108259e-04
9.802933317807937304e-04
6.841005181012872272e-04
7.587705059664104530e-04
8.133229424789982769e-04
7.673120160211639165e-04
2.567464113567436475e-03
1.084628468581169767e-03
6.525656013284392154e-04
1.095157044587712243e-03
7.292512599883898541e-04
7.234951427630283930e-04
1.412211022650568075e-03
8.192956622375724461e-04
5.552808732888485799e-04
8.320393640855610912e-04
9.754216201554966959e-04
6.074134129470326951e-04
1.190318804096912424e-03
6.448466620075385489e-04
3.946564560492632511e-04
1.176707278997634601e-03
7.318578469608891550e-04
5.513945250581527447e-04
6.442052571751345031e-04
4.461482531013970438e-04
6.316841601663187710e-04
1.298566210368769626e-03
4.721878475253643939e-04
7.635145785733000231e-04
6.834647293717661639e-04
8.410958843291754632e-04
9.834932518453629209e-04
6.722840204362542406e-04
3.096385891858007260e-04
8.354117061983248492e-04
4.770635955896240701e-04
4.155225801832545043e-04
5.359567196682864200e-04
6.771187310080302489e-04
6.029503983011391330e-04
1.349833145088587998e-03
6.927169671369425930e-04
6.249403106253234672e-04
6.131032096482662373e-04
8.326159204643275710e-04
5.864923104489746684e-04
1.126819627072811036e-03
3.701135107359203053e-03
5.827464521544367020e-04
4.444748553898495965e-04
4.915445567984532728e-04
2.782452207798281115e-03
8.072536697886575517e-04
1.624960846315011724e-03
5.580156436771124004e-04
2.548829352390584880e-03
5.235067020836345819e-04
7.913547509106128508e-04
7.713367293312701437e-04
7.797782178439778425e-04
9.503179358001068947e-04
1.190928981573135008e-03
6.148368793714214988e-04
6.499626176597945353e-04
1.103404180524246480e-03
7.907224295924221782e-04
9.453374490166621550e-04
8.455148225149716149e-04
2.058460215708201538e-03
1.861109319577380081e-03
8.505975397669880787e-04
9.693658255951215913e-04
9.434783605788010655e-04
1.259133242305687404e-03
4.194533233538481377e-03
3.288472986443492178e-04
1.093378723309697178e-03
8.725801435525512182e-04
8.809641150496330458e-04
1.114603292529837844e-03
5.573896985198952859e-04
6.526907551487056520e-04
2.043131683101006429e-03
7.051717106568856485e-04
8.903338438416450937e-04
4.970352310902407481e-04
4.993992241454288687e-04
1.467085670280508531e-03
9.012432884964253479e-04
5.377335223805325849e-04
9.390500634586219052e-04
7.823105041412364976e-04
4.548559538036910251e-04
3.183561550267173198e-04
5.212666539249784497e-04
7.999302341792333170e-04
6.811896801578776238e-04
6.892816234109982012e-04
