2.412948544051225341e-03
9.517006910303598723e-04
4.580789390772499903e-04
7.734883761244499634e-04
5.280635925188520733e-04
9.906580933049247140e-04
6.602787055287109028e-04
4.407684716565252159e-04
7.675222848663412105e-04
4.564063442876271828e-04
6.260247740751211489e-04
1.383362122387657694e-03
7.896807230665087553e-04
3.841305795866081958e-04
6.594196640318535476e-04
5.920610071246351462e-04
6.354250327388466903e-04
2.256895253340546539e-03
1.116524252038957445e-03
5.961964451446686393e-04
7.623833749472444174e-04
6.832589314247403513e-04
1.563139582916733394e-03
2.369374549409824973e-03
1.130260512118009576e-03
1.045940088446454348e-03
7.609874448322477211e-04
1.293635618677594192e-03
5.675934759579748809e-04
7.093763489058883993e-04
6.194627196699761590e-04
7.863163888559817141e-04
7.245839081870354475e-04
9.731923868531549811e-04
3.233133824810618907e-04
1.985346639993622580e-03
7.787397256714947633e-04
1.432791350737789389e-03
3.040614892355890538e-04
7.328201426920561085e-04
6.336263258184927178e-04
7.111994127973470100e-04
9.620823130615025658e-04
5.009000891051667995e-04
7.803374720485611350e-04
1.479107621810544582e-03
2.897303448710931962e-04
4.221262737319613498e-04
5.386198060836272028e-04
7.994305182229360885e-04
3.998741219875846797e-04
3.528484639179716451e-04
1.353816275853230323e-03
6.229479214095372079e-04
7.816144866126166577e-04
9.345644819227923953e-04
4.913184508775549379e-04
1.515437369977090101e-03
1.305666313358654941e-02
9.147219465953707312e-04
6.948152237019626556e-04
5.684531112134093723e-04
6.738643184714261354e-04
3.160663197890726563e-04
8.136838414922859496e-04
4.427466290248076135e-03
1.248867126033659713e-03
5.355186241671260972e-04
5.699180663052259453e-04
1.155934422079945385e-03
1.636702853745812189e-03
3.691857601163494847e-04
6.253407636012377419e-04
5.378908109623247065e-04
2.602380413531114357e-03
1.239890566726499282e-03
5.823505404663415277e-04
2.129093373768923235e-03
1.782120295609261780e-03
1.807183139371142848e-03
4.481096737375809993e-04
4.564883186298631193e-04
7.520247156850775076e-04
1.435958773035025081e-03
1.589711296182401250e-03
3.233133824810618907e-04
1.368156490450668289e-03
1.411492122573983167e-03
1.535508465386890798e-03
6.506063709286828136e-04
5.166861865087733026e-04
5.315582175926884508e-04
4.394075307963151615e-04
2.508163909621663901e-03
1.751698348423835891e-03
4.392136110244320986e-04
6.336513523188989309e-04
3.770023012578293717e-04
7.854608745289928199e-04
1.497117116040887251e-03
4.677962542989813188e-04
1.091253515941150408e-03
7.279086422471226555e-04
5.927824059110808202e-04
3.818461619819412366e-04
7.726678536685379793e-04
7.046794817130273706e-04
1.172663459655154221e-03
5.958477140063717569e-04
1.197003229211257265e-03
8.574681215337844574e-04
5.609357295526610490e-04
6.298433128540852424e-04
1.446607263524943114e-03
5.386198060836272028e-04
3.871979008391497894e-04
1.044813534781241331e-03
7.920786423334804467e-04
6.848270719062187666e-04
8.148587260498099108e-04
2.567531588274106144e-03
4.510543972626194966e-04
7.934701721387467290e-04
1.648360912226085875e-03
8.266284856349663101e-04
7.772302650887590600e-04
4.876775786161608437e-04
1.321933132029291542e-03
7.818220338185013270e-04
6.548975417136899523e-04
1.465165324176531799e-03
9.010291444828361996e-04
3.426678778198031790e-04
5.678356573622773918e-04
9.284048394446432154e-04
6.600582210506387732e-04
7.223293704669178465e-04
6.589399700300035750e-04
4.621711829497056681e-04
1.066637694602358324e-03
2.239592545249428825e-03
5.527878431289814584e-04
9.545291632899248436e-04
1.245518606006460220e-03
6.058522204575727014e-04
1.178383293812907242e-03
9.180981874390516974e-04
1.008957776689564873e-03
3.911294796186518571e-04
6.967814227600773206e-04
1.157319279804988610e-03
9.993230175098502185e-04
4.530895351696529491e-04
5.190976955133588464e-03
1.130643315990545765e-03
8.069367091142263908e-04
6.360159822219866622e-04
1.844024917071412613e-03
4.988020844823077725e-04
4.691206984065040783e-04
6.006564042494564768e-04
1.636702853745812189e-03
6.711641150586820101e-04
8.074735824938423980e-04
6.910687436076286836e-04
4.819498594951252077e-04
5.767638022979237281e-04
5.756264326429691739e-04
3.178090018113990185e-04
5.993965407613493059e-04
9.750394900866375322e-04
2.137887099599501163e-03
1.392296902986436824e-03
9.785761313487947866e-04
1.762670377697608901e-03
9.247382412023991268e-04
4.108226642799665687e-04
4.115556483295138533e-04
7.458998961334284850e-04
3.249813286288854544e-04
8.876765635288549850e-04
1.066015706793334988e-02
9.220357744876783940e-04
1.490369819380409295e-03
3.210958983059735805e-04
1.081027446954407325e-03
9.569723815828945664e-04
1.049879422879709638e-03
6.372628614483878684e-04
2.360502390957126481e-03
3.145738125939959010e-04
4.642190618742472979e-04
5.506010621899658057e-04
6.324244752173470777e-03
1.282224659249983157e-03
4.725279153023406861e-04
1.634752226802232544e-03
9.080445122682027871e-04
3.998954867651250528e-04
1.149130042793772158e-03
1.304301311563213278e-03
7.607082244985307901e-04
2.255008535306174573e-03
1.587996188286570735e-03
4.107580372852002093e-04
5.387847589023931271e-04
7.027237229414826526e-04
4.821878904669062355e-04
9.004670680762705964e-04
8.896609727716460209e-04
4.828104573317680711e-04
9.723905120135130278e-04
5.439044752430782911e-04
8.650349937939307053e-04
4.269779845329324357e-04
7.718866434073352791e-04
1.471836554259961299e-03
4.964856918877596104e-04
5.203988876852217024e-04
1.445872393307010180e-03
5.551410186899160323e-04
6.281300216700812754e-04
5.979161098717661847e-04
8.152634471798226755e-04
3.353397618695122626e-03
4.426502183428408224e-04
9.581339916333344838e-04
1.409882621220841584e-03
6.848775844228056908e-04
3.041475490846422183e-03
1.744025651789138896e-03
1.407222269170370311e-03
7.021861266625434523e-04
5.704542310671235211e-04
3.873226261197449207e-04
1.282224659249983157e-03
5.284392653973579669e-04
1.164141607025315694e-03
1.689630023239715832e-03
1.085478148156373635e-03
5.698329934617701398e-04
1.555619434513109576e-03
6.627943838380974525e-04
6.492425910674217478e-04
4.022932423346646156e-04
1.326024475871008914e-03
3.228471672568335345e-03
1.235309219954468457e-03
9.109944871938082311e-04
4.524985826230944804e-04
1.262534469634752580e-03
1.870042740765783060e-03
5.465141295857523993e-04
1.532912037641080564e-03
9.194517342549046561e-04
9.410153894783751310e-04
3.101868103888613779e-04
6.952046722886789844e-04
1.486204069246959596e-03
8.226946576184616467e-04
7.612923706989258759e-04
8.180280569107038465e-04
2.125265467061640545e-03
9.457082682917776484e-04
2.136010844862502259e-03
6.169580682636328353e-04
1.285568283769810338e-03
1.247823911645963482e-03
2.062326364031181677e-03
4.773712643479099699e-04
1.012850991821896999e-03
3.142929068862156030e-03
9.830114515256202761e-04
9.792334414629750433e-04
7.484371425316599944e-04
6.347685179760370264e-04
6.609733843025865276e-04
5.404915500610632528e-04
5.478595653560568244e-04
1.043193517903358422e-03
9.474488089779155124e-04
2.598499741655789183e-04
6.253407636012377419e-04
8.111306421311540978e-04
8.442224885928053700e-04
5.431950208629620800e-04
1.543014292094209167e-03
2.916693197597642392e-03
1.526758858450762537e-03
7.369555268928705549e-04
6.174362873300375453e-04
1.105746550751489669e-03
7.346830646952555270e-04
3.658746272928328313e-04
1.368020824120394279e-03
1.036036935888584674e-03
1.183629777493849745e-03
8.307195929010011354e-04
1.002382227714702576e-03
1.804522303058619676e-03
1.555619434513109576e-03
6.679392565791194853e-04
9.624919293986055994e-04
1.029230091638861982e-03
1.035683464627995499e-03
2.269991617357707339e-03
7.401553567540295744e-04
1.432429299137115940e-03
1.497698766771064826e-03
6.855667586040171436e-04
3.537507898376651672e-04
5.551410186899160323e-04
1.082860808795462187e-03
6.155330080566570432e-04
7.560622100698925242e-04
7.375741342914986665e-04
1.490136181369001826e-03
1.072219085080949787e-03
6.316305854104919959e-04
7.471492975196830557e-04
8.618204900915362680e-04
1.222898370690499170e-03
6.487874046764308816e-04
5.137507801227224899e-04
1.452819012087972058e-03
4.415915324232383313e-04
6.548064034915149038e-04
7.445516041158853349e-04
7.496093942543019875e-04
2.701817412031062501e-03
5.105709802990261031e-04
5.396259955121559572e-04
8.367825009859185476e-04
1.276705951635385234e-03
4.795919703945031656e-04
1.271048404705848577e-03
1.002007369000218907e-03
7.855943855287915358e-04
9.318758385251572733e-04
7.862273184812238348e-04
1.173056705336841679e-03
6.668535117828913684e-04
5.695844576998953862e-04
5.853717968414631507e-04
5.622496715172884069e-04
8.233057754927334843e-04
4.723173793624440035e-04
5.966955528135096552e-04
2.697026840216923751e-03
1.915182595177748314e-03
5.524459465873910857e-04
5.676393572684910408e-04
5.485083583249814087e-04
1.366647435721063094e-03
4.515909953577294301e-04
6.829488739854566596e-04
1.178248219263050654e-03
8.801727741641114265e-04
4.710361517078539423e-04
5.619824933796272338e-04
5.470533750594343920e-04
6.858775351596673332e-04
2.062326364031181677e-03
1.396950317793051307e-03
8.308572765825639845e-04
1.123537633875845883e-03
5.609493738926166683e-04
1.140839908500224315e-03
2.312570446589434607e-03
9.746574113077304717e-04
8.316267382969887807e-04
6.050715252733457556e-04
4.137047388859051871e-04
3.494848585103756404e-04
3.960450646486335402e-04
1.060115924208729875e-03
7.508502140052607330e-04
1.514281105872433133e-03
1.119857835935853668e-03
1.140655361209333678e-03
8.397495377363955451e-04
9.358042274549274384e-04
1.332260300748430324e-03
7.253644782710565913e-04
1.013044969366858105e-03
7.715230679874868214e-04
3.109267852874676025e-03
3.939140865414557336e-04
8.112171347914626414e-04
7.680450032599206228e-04
2.900992382219003216e-03
5.499738851900195244e-04
4.378789097800364063e-04
5.301154929006185977e-04
8.102650901000016869e-04
1.315640039104842276e-03
5.840844862108454704e-04
5.255061080246273492e-04
3.337404988841612087e-04
2.143816413829831725e-03
7.309538290718604328e-04
6.323854211762661289e-04
5.704542310671235211e-04
4.504465404381520922e-04
1.095973033757682066e-03
8.600850030352100118e-04
6.315789873751503263e-04
3.881047724616538963e-04
6.575425953844971300e-04
7.325816941753872553e-04
1.048818307583643207e-03
8.347857327041855163e-04
1.235187355985219388e-03
1.017302416611249498e-03
2.781748410289438720e-04
9.054353106007246178e-04
3.860586583825432495e-04
5.280635925188520733e-04
5.059790966366670270e-04
8.338893486515731998e-04
1.425954180062976142e-03
3.811267488157710562e-03
5.926069181483529982e-04
3.853318805625464884e-03
1.055405996188687242e-03
4.946437715545693803e-04
1.204215260461973837e-03
5.047048200832978445e-04
4.970223549852615221e-04
9.320216891299030982e-04
5.937030694024540570e-04
8.938007764690321247e-04
5.224701062888725909e-04
9.717508791146689312e-04
4.552229931334256761e-04
1.740351625490607883e-03
9.193492645966681127e-04
5.900644885345393813e-04
7.778745040617219544e-04
4.236903072286035102e-04
1.382724905003234785e-03
9.372364663403156843e-04
8.320748204897870362e-04
8.759001784452831669e-04
6.743591131967837868e-04
5.025903732132154566e-04
8.588822403500530594e-04
2.808369216979012678e-03
2.758649697702572970e-03
4.090588981708954183e-04
1.924125998710855606e-03
5.100570004687922810e-04
7.173661267225581086e-04
8.566217291029189999e-04
4.335191524729437701e-04
6.820858705879693628e-04
7.321647489474713069e-04
8.471487006178320209e-04
1.174719211510751472e-03
4.008919762169061481e-04
8.167705892582164144e-04
1.321953909690721900e-03
9.669488204750199822e-04
5.154579057721791384e-04
1.251532857495111671e-03
7.968585080045543362e-04
4.073929052930828671e-04
5.567468934536983936e-04
1.836756369848441739e-03
5.817421280303406708e-04
6.894267112266745960e-04
7.789790509501963835e-04
4.197397432999273328e-04
5.199157763444441603e-04
1.308888723097544971e-03
1.183209230030500677e-03
5.636622699260186416e-04
1.411492122573983167e-03
9.248838622459505708e-04
1.330517097969058458e-03
1.744025651789138896e-03
8.217167686805290638e-04
1.002740131731763313e-03
7.276989762296715751e-04
5.408096574247507659e-04
5.119464324590980399e-04
3.529702895562591004e-04
8.598839398568629971e-04
6.360326758382379379e-04
5.539344808522693106e-04
4.930596334660181492e-04
6.114972651428300177e-04
3.968830357408685452e-04
5.864630753268738200e-04
6.783420465656096222e-04
3.000171813527566212e-04
1.985346639993622580e-03
5.968588287384825938e-04
1.116524252038957445e-03
7.277920815026931584e-04
1.249568196877221286e-03
4.964311918378487521e-04
3.314401008201848945e-04
1.106502037143700969e-03
6.944957173539721739e-04
2.506949324897913764e-03
6.552450094073247917e-04
1.613463854192029052e-03
1.148423415096926645e-03
6.577143915812683856e-04
3.903782954349504109e-04
4.418293023956473961e-04
6.108859730115413778e-04
1.770396508796159320e-03
5.622289081981103696e-04
7.583250637310757700e-04
6.656666967981063896e-04
3.341983022407208552e-04
5.905640231977249020e-04
7.104843137949685755e-04
7.168446525622462198e-04
1.893905047667108522e-03
8.257030813329795278e-04
1.702592284482067628e-03
1.068871334296862645e-03
5.395630619013283124e-04
4.011842478324097183e-04
1.330601024876455979e-03
7.749363627767762251e-04
5.087708218397923692e-04
5.710768588436660039e-04
6.711641150586820101e-04
5.269756339043325105e-04
4.787744669773549584e-04
1.898743019112122520e-03
1.408479995988282107e-03
4.644402200823477371e-04
1.560284258833065331e-03
5.555504518666268309e-04
6.132242423600198526e-04
6.818311385198858130e-04
8.428957823820790174e-04
9.149546397885116068e-04
5.626249616813919219e-04
1.890495992619809981e-03
9.581339916333344838e-04
1.141542611309579293e-03
6.979239743802988097e-04
4.839585867837129830e-03
5.205578261781175064e-04
7.361216588167313751e-04
4.605444584531586424e-04
6.249412874928562955e-04
1.225232692312719449e-03
1.213909231750756818e-03
7.479236458926764213e-04
6.087823683318129529e-04
7.761648004782344557e-04
4.170510078763168291e-04
5.219446080196428689e-04
6.353738033584590238e-04
1.139141649197274262e-03
1.664347101541353716e-03
2.528601733304704615e-04
5.554908925854942954e-04
8.069367091142263908e-04
7.950734456778950701e-04
7.573831291938186569e-04
3.673072862533981403e-04
6.885587376476729003e-04
3.795713102094934541e-03
6.993778673906832005e-04
6.112377131036331526e-04
3.485965054959454029e-04
1.323827852890502657e-03
3.087988408514905883e-04
8.738625435227737612e-04
7.699485911427808929e-04
4.987172395872629818e-04
1.666524019015767216e-03
1.018939930354377044e-03
6.659172196019105773e-04
8.775317881461119299e-04
4.168130988492302694e-04
6.699097385029803391e-04
8.111306421311540978e-04
1.007222520810195209e-03
9.926502158881939097e-04
4.248422680941592137e-04
1.053848866472247925e-03
5.218261003161009945e-04
8.197378414393802649e-04
3.633758557612462993e-04
6.929032260067012313e-04
1.769213366929992415e-03
1.114687979717730176e-03
8.175275097320587213e-04
6.112095541834223870e-04
5.441361689738058362e-04
1.082656730896638334e-03
3.903782954349504109e-04
4.363418990050818330e-04
9.604373659865967890e-04
2.320294537615670387e-03
6.906257843136367645e-04
1.122001328519566660e-03
7.581503922201205010e-04
5.664078883712689088e-04
1.424750188074079332e-03
5.168193152741421470e-04
1.874254332885519824e-03
1.201473748313572126e-03
4.908127286208177360e-04
1.084198683303193517e-03
8.775317881461119299e-04
4.418293023956473961e-04
6.027074964208231373e-04
7.733329874711935203e-04
7.928977883359717869e-04
5.986015069333480926e-04
4.240286873331048875e-04
5.261812505834828060e-04
2.225700140413715104e-03
7.801168163713392053e-04
3.234231306252780252e-03
9.182775996121454211e-04
5.535602577222753029e-04
1.156136502341096771e-03
7.128090874926200403e-04
6.682188256040248612e-04
1.896783440983918195e-03
7.842149877541515664e-04
5.891929304799037315e-04
1.008242984069150291e-03
5.069972852436565192e-04
4.959101832096573115e-04
3.626019712841198578e-04
1.372883628395162384e-03
8.228738368878965549e-04
1.559505451510898640e-03
1.018939930354377044e-03
1.546905520439546388e-03
1.069054439014861628e-03
5.440759658043864281e-04
9.006787833141770023e-04
6.962223507778320499e-04
5.219446080196428689e-04
2.125796012742456071e-03
6.166042574670291222e-04
4.565298658587600765e-04
9.540544192374472449e-04
4.301572913147940326e-04
4.749999354440519552e-04
4.500308554133583918e-04
4.455542266899011950e-04
3.950361503869620830e-04
7.285756407296775086e-04
4.345988933374350747e-04
8.328547717822117665e-04
5.567468934536983936e-04
9.399944975801289952e-04
1.379331088943535613e-03
5.231383363207502525e-04
7.813167582434354854e-04
6.392689118131027973e-04
8.604954343554242074e-04
1.099201526039441344e-03
7.632979952266678077e-04
8.167002168529595907e-04
6.897781201443093724e-04
7.040567583961581527e-04
4.500308554133583918e-04
5.655255478358977303e-04
7.093763489058883993e-04
5.732423617539218058e-04
5.056776047661472664e-04
9.055479286833249385e-04
7.319457979586919743e-04
9.892537131984608430e-04
6.164282410729541618e-04
1.244194632902802765e-03
5.752737641284619546e-04
3.862109290940691532e-04
6.935615510398800490e-04
7.787441030766895957e-04
7.532177184003307959e-04
1.162988322193072568e-03
6.464499922426888414e-04
1.442865342314103268e-03
1.033781783370752707e-03
8.746367772234144586e-04
2.046960438973798296e-03
1.479552621277495025e-03
6.742792952527134048e-04
4.083499753779320303e-04
1.309157595453067525e-03
1.455130847729454785e-03
3.357518932665609981e-04
5.369322292482571523e-04
1.154451379566525477e-03
2.285470533535099297e-03
5.016957657023033475e-04
5.561580906194072251e-04
9.957619450821604892e-04
1.598489897055653964e-03
7.852231877292992690e-04
7.013698590610529518e-04
3.839062824858700297e-04
7.124951014688973589e-04
8.743421269233041812e-04
1.088474296778281936e-03
9.084373555839542116e-04
1.167123297139095392e-03
7.061787681192456317e-04
1.201959129781299263e-03
1.417407034592967248e-03
6.320596595834946209e-04
2.924453946419593338e-03
6.190774233702327472e-04
8.207127852986912265e-04
3.998651532604730052e-04
5.825208928532774229e-04
1.237256527513016504e-03
4.690237905837021264e-04
5.138768517715318037e-04
4.253518380202400890e-04
3.290758229054560873e-04
1.144277754098581073e-03
1.432313573245819682e-03
3.642247945976449124e-04
1.135695094755615180e-03
3.314565670297983245e-04
1.645513515761699332e-03
8.530826436749889760e-04
5.838142616569700618e-04
1.287801332182978266e-03
8.653105454128738215e-04
4.079355517941690083e-04
7.152843568988731440e-04
8.928874362629492462e-04
6.469691976738928306e-04
5.373394572218059481e-04
3.950361503869620830e-04
6.300046144963046242e-04
6.620618189777110899e-04
1.249295848008169637e-03
1.846068103453454975e-03
1.703309719810642588e-03
2.129423069877986723e-03
5.694402913359427254e-04
3.982002130954691971e-04
1.832503778540431642e-03
5.691232939955893130e-04
1.019949729147629240e-03
5.666938959552418045e-04
1.233072844014799444e-03
1.080709171810856784e-03
1.080884190952914343e-03
4.930603378886899268e-04
3.060609539485121232e-03
6.546774009561835044e-04
4.864300803734400978e-04
5.578183262130284505e-04
2.905443567512632982e-04
1.392296902986436824e-03
7.447356414342003010e-04
7.345937128465559454e-04
1.120331539844569889e-03
5.836360898936106831e-04
8.703576010866817189e-04
4.430332041591041850e-04
5.263357892036573489e-04
1.039367814309767428e-03
8.414500897998469092e-04
5.642901019075918009e-04
1.601529819540244235e-03
5.134071236167320976e-04
6.852990443525419292e-04
3.979177427490120534e-04
4.243299641944869838e-04
1.358792988383042020e-03
1.289847345726360516e-03
2.075463319032461521e-03
4.523778070505078664e-04
5.190976955133588464e-03
1.947283063209487731e-03
1.120331539844569889e-03
1.115188279402579878e-03
4.309703311101650857e-04
4.202301315793983169e-04
1.718373305632008886e-03
8.275897270066294789e-04
7.623036054285150295e-04
8.074735824938423980e-04
2.315212257608559570e-03
1.034232540444799970e-03
9.155554864768314458e-04
1.223036910660987419e-03
3.897350278838598858e-03
2.067411950498268102e-03
1.070099856940834185e-03
1.003111629858796519e-03
6.312808241081609584e-04
1.008242984069150291e-03
1.671516606725048952e-03
1.205965330047620993e-03
1.068177247898045856e-03
7.405426846783800306e-04
2.378272779910821540e-03
1.369454250486813783e-03
7.329292402125270637e-04
1.465165324176531799e-03
9.153038980457596247e-04
5.895284596813777853e-04
8.505849617186845473e-04
1.315514674239652224e-03
7.005362826150736801e-04
5.687957580810631790e-04
1.583626475443403051e-03
9.651695511815281412e-04
3.744315682344415358e-04
6.024928415278484268e-04
5.966645382811207451e-04
2.517253847335411149e-03
7.077834083734183294e-04
4.741040509013359750e-04
1.256493946374121450e-03
1.785303075909021493e-03
6.440430223781407493e-04
1.122917818078982347e-03
1.098253589827191418e-03
9.573259432000632728e-04
1.143394252968713736e-03
3.213101490199066993e-03
6.472794019292389765e-04
5.851988282698187150e-04
2.156876363060876781e-03
7.448719982628329963e-04
6.609733843025865276e-04
3.354910551643071402e-04
1.245186038569395847e-03
6.619563670946499280e-04
6.716448773100643262e-04
3.082275195954931523e-04
7.508346033624079159e-04
1.103076699509109200e-03
9.407429913282567332e-04
3.969695842514187837e-04
5.790593344115078575e-04
8.507700964622089222e-04
7.131324298736551204e-04
1.255912683985747251e-03
6.229116229822436726e-04
7.031541571120886354e-04
5.056191879235414320e-04
5.258276594368699970e-04
5.882444980056263486e-04
9.745577798341436854e-04
1.269636223966664210e-03
6.482276306351224910e-04
1.363815510719900608e-03
3.539785790752797163e-04
9.708705402735914695e-04
1.045521678713027831e-03
4.418293023956473961e-04
3.023126813422562491e-03
1.558115670434068829e-03
7.061764910789757521e-04
1.011118885080990789e-03
6.220099912800255938e-04
7.202170447509106520e-04
1.048818307583643207e-03
5.329087004107500294e-04
2.585349972866852423e-03
5.775081184624003853e-04
4.765245153149733981e-04
5.453983740194402003e-04
2.459260765662590192e-03
1.423435495084274379e-03
5.144643853019926355e-04
7.154970270159108272e-04
5.369004276773334207e-04
6.284628897169381324e-04
1.368020824120394279e-03
3.142268727309009170e-04
1.598489897055653964e-03
8.481024589500826827e-04
5.374896308522755187e-04
3.044119574605338215e-03
8.717095109358261170e-04
7.975173667544988151e-04
5.642901019075918009e-04
5.329343752627662724e-04
6.043845424479771808e-04
6.465515642451642470e-04
1.129621672191017182e-03
1.291812521905965966e-03
1.294662353556467983e-03
1.033781783370752707e-03
2.411213375048122925e-03
4.642190618742472979e-04
6.361552570878573065e-04
1.492863593423728865e-03
2.508163909621663901e-03
5.387376732677810059e-04
1.652495468611089955e-03
5.138768517715318037e-04
4.567849318980106779e-03
6.704271945419910473e-04
9.944444761529256088e-04
5.171077054875746577e-04
7.975173667544988151e-04
9.723905120135130278e-04
1.213909231750756818e-03
6.226788706752188702e-04
3.055889697869724358e-04
4.681197741563397500e-04
1.026621431433860122e-03
6.694415682372173741e-04
1.164720924904076235e-03
9.052824288655196864e-04
8.316267382969887807e-04
1.131662501306258299e-03
8.710150850040332664e-04
4.383744105061155921e-04
5.065386724387090523e-04
8.688614968887551455e-04
1.183890393135362314e-03
7.534536141137448398e-04
7.781906667434832338e-04
1.070099856940834185e-03
4.719548255483245946e-04
8.188557502674513079e-04
9.106888726228715234e-04
5.954132123314415321e-04
1.109115506878840911e-03
7.636337015114100495e-04
6.129235125847890941e-04
5.458506969666827857e-04
1.048432536526421781e-03
9.753323555607454299e-04
5.524459465873910857e-04
5.524552161296181988e-04
9.485740662536454619e-04
1.068225423599941919e-03
1.463166538928130107e-03
6.715727580008807587e-04
4.333495115020617630e-04
7.778745040617219544e-04
1.152504046437338074e-03
3.157420499245573134e-04
6.873094583849337314e-04
2.842813254879605293e-04
9.163506916943915627e-04
8.017515332612411153e-04
7.268986348034804168e-04
2.264957263367172857e-03
4.407684716565252159e-04
5.645177067254744229e-04
8.207127852986912265e-04
5.466447530502936648e-04
5.338055844781067986e-04
7.185069204996275254e-04
1.964011343305885338e-03
4.374557322751836379e-04
8.914762968383706026e-04
1.109056542499599254e-03
1.155934422079945385e-03
1.067067547552443593e-03
3.962372216062550259e-03
9.197477265493978491e-04
6.625571088727619674e-04
1.467247437061068843e-03
1.315488561671639177e-03
8.995670823554710637e-04
4.812023307585417222e-04
1.050892908389888586e-03
3.173642650210302223e-03
2.404775780609352386e-03
1.056853139808794058e-03
7.058273005246453336e-04
1.814317116825158241e-03
1.056425792462098489e-03
9.849101602905164024e-04
4.870408558353520219e-04
1.538500965534925387e-03
9.747499270103994473e-04
9.199107663871941565e-03
1.103076699509109200e-03
6.452926147667354577e-04
1.098253589827191418e-03
4.642190618742472979e-04
6.114296788075229173e-04
1.026347045616966304e-03
8.682508132960999438e-04
7.532177184003307959e-04
2.002342072102879494e-03
7.699485911427808929e-04
6.872821325871913316e-04
5.930330261228167719e-04
