7.335521673474051929e-04
1.497947330077317382e-03
6.804981537156842538e-04
9.663136805610530447e-04
1.370808710990857387e-03
8.054034770134387315e-04
5.856774885681157025e-04
5.477660898556686820e-04
1.455111634564390001e-03
1.494163393272126411e-03
8.125916845758127983e-04
1.858634303438706087e-03
2.647864108138490991e-03
4.200915579331454715e-04
1.169289682405033962e-03
4.263583903913958049e-04
7.682881809138457536e-04
4.710704383160209852e-04
1.009772674812268491e-03
7.597338894797894772e-04
3.470116960400379861e-04
5.426836901173991753e-04
9.723896717663136268e-04
4.124123455123104073e-04
1.281701825992032908e-03
1.180661842912759940e-03
5.676270135884153509e-04
5.004907440216100831e-04
1.197783922949893168e-03
1.200994751915868478e-03
1.266527850223763503e-03
5.591520934805002934e-04
5.321506915993860559e-04
8.689589177749962702e-04
8.315808596768581870e-04
1.719618747733574725e-03
9.727187731602783332e-04
2.839803429484197023e-03
1.418123320385794367e-03
9.669349867574070353e-04
3.442810784644437564e-04
1.037731020160460177e-03
8.778112192371461666e-04
1.559908487765613531e-03
1.134943605445437728e-03
7.213245384763577626e-04
1.914784648291753500e-03
1.579010781319783877e-03
1.104099472248245596e-03
1.217112643380175970e-03
1.802116188497971012e-03
6.461513846055718649e-04
1.231348274158389515e-03
7.006962857776127297e-04
7.887449509935085196e-04
9.960349283434023933e-04
9.964525044544242979e-04
6.754570007166287634e-04
1.108276863990151828e-03
3.648473570397757406e-04
6.321517703735358637e-04
1.078678161457136738e-03
3.467945051462008430e-04
7.076553174870614483e-04
7.020491825072992581e-04
1.116749284926564978e-03
9.124748002728513829e-04
8.215678809324296946e-04
1.471871604532279084e-03
1.075297086324370410e-03
1.273524997410357485e-03
6.265520402852640036e-04
5.647795406773232878e-04
2.407840509608695154e-03
9.060542278327696816e-04
7.987878113352925909e-04
7.670366567524897596e-04
7.963064776274859447e-04
7.623279815035290943e-04
8.334515514403408997e-04
1.150264648047321552e-03
9.675423008318439740e-04
7.228285874232762663e-04
8.124222593424784093e-04
1.192867203139345422e-03
6.341282366744927998e-04
7.930653247871521667e-04
6.387830669200162672e-04
7.451532824868104454e-04
1.626842529216109608e-03
1.758287804921414114e-03
1.088846516840889615e-03
8.289346665656785506e-04
8.269676317094625841e-04
8.071180164779849986e-04
9.397949542734536409e-04
7.766960760579911822e-04
8.846183987651499081e-04
5.665527449051261950e-04
1.821431186001269166e-03
4.439643411645271642e-04
5.786622173077599724e-04
1.421415562016527592e-03
5.085789024006541828e-04
4.804574257979314709e-04
1.214280462042856756e-03
9.407525073147381730e-04
1.262568485398861450e-03
7.922627270077378225e-04
8.183186785305230629e-04
9.965691935432982422e-04
7.033723663114624597e-04
1.116736824364853841e-03
9.112932162647121703e-04
6.640736177331987367e-04
2.061472191253991334e-03
5.279088690805038529e-04
8.402619830292683625e-04
1.601006003324937851e-03
1.524707287153993221e-03
1.809380081665608710e-03
9.159990093551381067e-04
5.745425313046050638e-04
8.007674461322239088e-04
1.140070209450723231e-03
6.315171109509478157e-04
1.530298862144407112e-03
1.096923838335918779e-03
6.381574979747734865e-04
1.476644783831646338e-03
4.845694681377792079e-04
1.624451073467823034e-03
1.801266262342904280e-03
5.022329582452466322e-04
9.944940580096915152e-04
6.867069794259615927e-04
3.666901393393246660e-04
1.286641414828424042e-03
3.462745876819983736e-04
6.059707182624504392e-04
7.371450286249342683e-04
6.654700878665102204e-04
6.811597854357823601e-04
1.166084403953666047e-03
8.613030950630991061e-04
5.030500793513664097e-04
4.069700067465415729e-04
5.285715247533158108e-04
7.733159337120009509e-04
6.685630832029955482e-04
8.611796973404587090e-04
7.701352534307368165e-04
9.186717575012985854e-04
2.055640710874813513e-03
1.105402422198009530e-03
9.927627119025489617e-04
1.436630122986838750e-03
7.013097078723217435e-04
1.617977202660506909e-03
5.675321556941331910e-04
6.618312571553564569e-04
4.191577976373431907e-04
5.031389026414484359e-04
8.656139286141816382e-04
2.201116863165917138e-03
7.120696477396312079e-04
1.029772791488723282e-03
1.404726536857432012e-03
1.685193457552107291e-03
1.000910671911120963e-03
6.273915926847850773e-04
3.986641476019797009e-04
1.464836217649102693e-03
4.994216380583379371e-04
1.596163031286269417e-03
9.365289843959011132e-04
5.862589356762889278e-04
2.298512963965987279e-03
4.577655293415277562e-04
4.610001067974574718e-04
2.465557661129916169e-03
9.848576445951383405e-04
1.918735218558913127e-03
4.140335718348606164e-04
6.280113987749158001e-04
1.226770807202094086e-03
4.480647587576667480e-04
6.111313547402376194e-04
8.832028809593997542e-04
6.848542572852149828e-04
7.503539565249243070e-04
7.302444496157811400e-04
1.413406209186354734e-03
1.173176822754360251e-03
1.004824755346754627e-03
5.148938399333781576e-04
2.114074547850820773e-03
1.022584993011133600e-03
5.416079234800505069e-04
6.635724419716575910e-04
6.295207446768121343e-04
3.117812408500435380e-04
3.414516855665195093e-04
1.139439539868641665e-03
1.512441352916975160e-03
1.416170959587778611e-03
8.810961121346133846e-04
8.617774816519055197e-04
8.070416799824102093e-04
1.050710733166571346e-03
9.186717575012985854e-04
5.089919093605324921e-04
3.855572852587158678e-04
1.459059584959828803e-03
8.036160440981800213e-04
3.933037456324714682e-04
1.628275411842448374e-03
6.429046685944371075e-04
8.651351683091495527e-04
7.547291376883850976e-04
1.394058421864485071e-03
4.073906245858179486e-04
7.699440836478869564e-04
9.279055017532519302e-04
2.091747759483148384e-03
1.135540784398168801e-03
3.884663245914164796e-04
9.961939876322722237e-04
7.394952540311680155e-04
6.563684742545833600e-04
5.043038053795498342e-04
5.759776457876957575e-04
1.234584477501104787e-03
1.448053659317061377e-03
1.185248596364673647e-03
4.681002843003036163e-04
1.017486518397635320e-03
1.330242093983686428e-03
2.096046081100668562e-03
2.115020036623781272e-03
8.173569773260451650e-04
1.175237822176740084e-03
5.522309090573041673e-04
7.855329617620195526e-04
6.265529236973277740e-04
4.937068819470572748e-04
5.150181846729224699e-04
6.816004775692402094e-04
1.735424213070769096e-03
7.177096218382751766e-04
7.177086203863200682e-04
7.989474538198930616e-04
6.921603804382758665e-04
8.412041803554242986e-04
1.340133922456265099e-03
1.187487687111896985e-03
1.021055165584174940e-03
5.870271861904426776e-04
7.988589183388490307e-04
5.945941376917218951e-04
6.826692563569855586e-04
9.500157731626184725e-04
8.187508259157427314e-04
5.772146868277277685e-04
8.159678226735025790e-04
8.117006697358574276e-04
9.496302649812066003e-04
1.132542576613674613e-03
9.559666102223793966e-04
1.223290593736029233e-03
2.682335427402340183e-03
5.993802632855519405e-04
2.025128823917320825e-03
1.324012159360268967e-03
1.639316261086159890e-03
4.209335914856264993e-04
8.014548471916920717e-04
1.160924298580754983e-03
9.753407418420902489e-04
1.907060405347268473e-03
7.726889757184091708e-04
7.103602000674469254e-04
6.015059159954992945e-04
9.490785406207652864e-04
1.099899108382219968e-03
4.241935266975859452e-04
1.014570237460168077e-03
7.755728387635013425e-04
7.904196066020192620e-04
7.481392819380356220e-04
4.115517991372185692e-03
2.296691766509490005e-03
1.421415562016527592e-03
7.072264046202790489e-04
8.069423496594647395e-04
7.057597148926631099e-04
9.001843322066624062e-04
6.157806143924319121e-04
9.482741471636204093e-04
1.904095384740974069e-03
5.948926192506808668e-04
1.594124358210722301e-03
5.197388020796518855e-04
8.138479421618002125e-04
9.046979675264994443e-04
8.329554693789329887e-04
7.452354119323038222e-04
6.593339567239335942e-04
5.865248834062997694e-04
4.722260841483904193e-04
1.377460168627130978e-03
1.150218544109549244e-03
1.500321326896604610e-03
3.969696453895486072e-04
8.363261163060948297e-04
5.680882593324291336e-04
5.961871907165386744e-04
5.310290589321960651e-04
1.004197699423437645e-03
1.206203216953496277e-03
7.062083470905820230e-04
1.804702215960705090e-03
5.059743711027273961e-04
1.414997114648331063e-03
8.315808596768581870e-04
4.413139435645463014e-04
5.924163502493239161e-04
6.638473786350531768e-04
1.116617263800554405e-03
1.388132809529173334e-03
6.210814774317139535e-04
7.625801695868056514e-04
4.434400969203752861e-04
3.258684154039990046e-04
6.498147810956506933e-04
7.474778673381479981e-04
8.704407984465900886e-04
7.964708245726596870e-04
1.681274908131674857e-03
6.364913838584916389e-04
1.027788642575425343e-03
5.802867960277483363e-04
1.104444347545257546e-03
7.611760481697748279e-04
7.377797794509119477e-04
1.303586663144945448e-03
6.561885627835046262e-04
1.163666533219100000e-03
5.674354256309640989e-04
1.088514232405027793e-03
7.237534049122889678e-04
9.059402458771613400e-04
1.085122912956892156e-03
4.005574039554891832e-04
3.619909276933980886e-04
4.930088710038618835e-04
7.464053594238745674e-04
7.811290441590446748e-04
6.433676920585444181e-04
1.252942151903965696e-03
6.350151479318588785e-04
5.776725597778639221e-04
4.883059207025882472e-04
9.834108051123156748e-04
5.164751348222036036e-04
9.995535618368771823e-04
7.478395177135283315e-04
4.140906442767182806e-04
2.392442721579591050e-03
1.427932505383982739e-03
6.232634641671980441e-04
1.372113560007173771e-03
5.396353544138383440e-04
1.392230179646220369e-03
4.058097070096062186e-04
4.405016512757597112e-04
8.059238826639045878e-04
6.999424394311737959e-04
1.867926605132908631e-03
3.570066922701018016e-04
6.319594553084937867e-04
8.004182827077793933e-04
1.010769204153899418e-03
5.854545477948686115e-04
8.588900979011329043e-04
1.230810173100847392e-03
7.824697444558304698e-04
1.276327133356571289e-03
9.379043990760292052e-04
1.005983088495285543e-03
4.470980687611513351e-04
1.026411813027604735e-03
4.557764757188559855e-04
9.276738151864273195e-04
7.739306383827652003e-04
2.041464927015208299e-03
1.426070746519389042e-03
7.006256238444726839e-04
1.741576214684337470e-03
6.326690823295547236e-04
1.240566185109849779e-03
8.086541384367634767e-04
4.664545872353451929e-04
7.177698179924157105e-04
7.506882932950161014e-04
4.710081596863028913e-04
1.408608553884627395e-03
1.975795850541129522e-03
4.777071259850350251e-04
1.309579183206538867e-03
8.737434255749032931e-04
8.386131736873705727e-04
1.488754393516494249e-03
1.101351858284999475e-03
1.761091868683318856e-03
9.367106329827925865e-04
7.568681111509974278e-04
1.003090936095734232e-03
1.125887879013564522e-03
1.099965834331410441e-03
6.873541472547144366e-04
1.878686759614340684e-03
1.162637681367372248e-03
9.959592668553722550e-04
4.492740135703307807e-04
5.563603336400549208e-04
8.543753532060508783e-04
7.584891230855549810e-04
8.516360334662776170e-04
7.552322483248480930e-04
7.215988091634971098e-04
1.704922370077046473e-03
6.047721917741390521e-04
1.042516141512785273e-03
7.748286584000295667e-04
1.455111634564390001e-03
7.336189832463964203e-04
5.978340363166937885e-04
6.475713009032558684e-04
1.016842685838888292e-03
9.625030944156624324e-04
5.319319972812719139e-04
2.265732413420994823e-03
1.125979401031451579e-03
6.120330939255162360e-04
1.514575541933070677e-03
7.615811798616560577e-04
1.834168893073453467e-03
1.241439333055801252e-03
6.166510723130028777e-04
1.117395351171440428e-03
8.860811557213087207e-04
1.597836312768284627e-03
1.198926855337455058e-03
2.430239519747792384e-03
5.410445937352207843e-04
2.197132925619892010e-03
7.501581702512570039e-04
7.309732206328164832e-04
1.248125648124450912e-03
1.450473609804901753e-03
4.860010806409143674e-04
1.085122912956892156e-03
1.817689987229664274e-03
7.535672532208063197e-04
1.239169212183160399e-03
6.927073467810450488e-04
3.934662769017792058e-04
3.525191430923899105e-04
9.081558984625532792e-04
9.159990093551381067e-04
1.146613001549708381e-03
7.448915180160050036e-04
1.060344408369716038e-03
1.066921604755009063e-03
6.696312914310268392e-04
2.609165267179885082e-03
1.268933945686928589e-03
3.594992447850057365e-04
1.179285167979866314e-03
1.330242093983686428e-03
7.756714605982133453e-04
5.936161412141940279e-04
5.808084891988781698e-04
9.315526586269520098e-04
8.296972437341818257e-04
1.075462856462974879e-03
5.544861383602519428e-04
5.869862485145378945e-04
5.112868776673345442e-04
9.120230230592664975e-04
7.692311060370031744e-04
1.181277385197624557e-03
6.435339207916981582e-04
8.614148270880023781e-04
6.963061440814307572e-04
6.186212696007902315e-04
1.180963881809342928e-03
1.406812332921795073e-03
9.944940580096915152e-04
1.114342380465217427e-03
1.007278360467291339e-03
6.968611592409509458e-04
5.566879600001007266e-04
2.839803429484197023e-03
5.329123244864383390e-04
7.916223644225970973e-04
6.613364013431452396e-04
8.873064136509047940e-04
6.536731638901104816e-04
1.614067693840430485e-03
5.924163502493239161e-04
1.986271557360315843e-03
8.622166834896554570e-04
8.811619129029265272e-04
5.694946188482617310e-04
4.738069047900910044e-04
4.482718085339380213e-04
1.309550874181897914e-03
7.048588123373736303e-04
5.674632826973150315e-04
3.194855577513796359e-04
1.464469544386205746e-03
1.096178012445124094e-03
1.070711626726580370e-03
6.352905851234124475e-04
1.000707111295562378e-03
9.050457605956769820e-04
1.049639511465750826e-03
4.218023877241209143e-04
5.014616423076287714e-04
8.952078654780096494e-04
5.386686751339709320e-04
2.038250546192271664e-03
2.378173882136205581e-03
7.442704598016786121e-04
7.056654361694592341e-04
7.832700371680677504e-04
1.766151446319105030e-03
1.243111609382127744e-03
6.087995804269233585e-04
9.166495573044266317e-04
2.390679850263116146e-03
1.439468329455079708e-03
1.305618769250274733e-03
1.011888048387464241e-03
1.869077296554354011e-03
7.681213977461517428e-04
1.035251745427393259e-03
7.269485166473615501e-04
9.269985932196544466e-04
7.926191912516453207e-04
5.942211907192506424e-04
1.189827624983730856e-03
4.859698124196394240e-04
8.298181363175715589e-04
4.759589258600478213e-04
1.182428912710387428e-03
5.679249290258735162e-04
4.204311903010469207e-04
9.301511268913789611e-04
1.144235073792511338e-03
2.273856904912234436e-03
4.073237841725344866e-04
4.374616326531333772e-04
1.291741114482396332e-03
9.593970153788578719e-04
8.099196883616380715e-04
6.988051339131362647e-04
1.075585674790019214e-03
1.174522139499259259e-03
4.906399971937657834e-04
1.285220488173700578e-03
1.618954915384970654e-03
6.593292293745502261e-04
1.404363854584661118e-03
5.799001392761030755e-04
1.414011933259400923e-03
2.962451576166055898e-03
1.103113610238504226e-03
7.028656780293106483e-04
3.414516855665195093e-04
9.157544679383364770e-04
6.876676721363978503e-04
9.703287243188773482e-04
8.471981423151697015e-04
5.040430767039873715e-04
1.541721381633785358e-03
6.333553406588335495e-04
4.301875992528041777e-04
4.181345640650835599e-04
1.372235189885352312e-03
1.594124358210722301e-03
1.010914692696749046e-03
5.362504800769333363e-04
7.257256447158832004e-04
9.481619211398228291e-04
9.400098833520399580e-04
2.184660818800141565e-03
1.859271333063477636e-03
4.073906245858179486e-04
1.592123227584796036e-03
2.555405538185655072e-03
9.236593304152058981e-04
7.989497291899719375e-04
1.258390382802513502e-03
1.556246280739515247e-03
6.845632336163783157e-04
1.576872542066050896e-03
7.809501691019572452e-04
9.866896662999139096e-04
7.516243761307916590e-04
1.660062948523655362e-03
6.161146610215571156e-04
7.177096218382751766e-04
6.571885360198291733e-04
1.112850094662687275e-03
1.052880096885081083e-03
2.257440255525950540e-03
2.217900414096619487e-03
8.267963210769453892e-04
6.438619603088669525e-04
1.365526943359133801e-03
2.082480034373972253e-03
1.228824775809999681e-03
3.993399103334511102e-04
1.352665029344017741e-03
4.463533831817597872e-04
1.500142418572156418e-03
1.156758292790805625e-03
5.830867876406184381e-04
1.136956156628759823e-03
1.179339238526607705e-03
1.622431858927497620e-03
4.073237841725344866e-04
9.924587969481406084e-04
9.625655853167836180e-04
7.359963431400447448e-04
1.193137684212419291e-03
8.916431085201818960e-04
7.420715164484916826e-04
1.215340215205898975e-03
1.321304912041525561e-03
5.428397364430401608e-04
2.188596557272787495e-03
2.522700072320626600e-03
1.297183498088476860e-03
8.846608820315392816e-04
8.014548471916920717e-04
1.096068093779746511e-03
2.080031043238091473e-03
3.906422718764092079e-04
1.047827179580407275e-03
2.273806715300512576e-03
7.051501678314568309e-04
2.191661207934287540e-03
2.070421422341034781e-03
6.927073467810450488e-04
1.855654776951532392e-03
9.265320217584137406e-04
9.551872164281485431e-04
8.563719147590127638e-04
1.768668879653988472e-03
4.482718085339380213e-04
1.082500196851726888e-03
8.144744387446738740e-04
1.263897071974482951e-03
1.048811683520708754e-03
1.099534755845304416e-03
5.482945398223899739e-04
2.550522527851202363e-03
1.489418213572606380e-03
1.036816325382252041e-03
8.026066588687411204e-04
9.804919075184013576e-04
3.919968333543161427e-04
2.066312305839259570e-03
4.826896542906902385e-03
4.937936566668847888e-04
7.736501071142177447e-04
5.659376031756636850e-04
1.276988641823676839e-03
1.032771580190069202e-03
1.768262406284409156e-03
1.139439539868641665e-03
5.949652556653738881e-04
8.063928548819842808e-04
2.945573362255583870e-04
1.786545617528075393e-03
1.026353414959325396e-03
1.032771580190069202e-03
7.833639784350900298e-04
3.860544002916405332e-04
3.969696453895486072e-04
6.874152739069086873e-04
7.541737345321456289e-04
1.377036814143949408e-03
4.547341799305793203e-04
5.272623108206186135e-04
4.722260841483904193e-04
1.002526735144982110e-03
4.249661497552692036e-04
8.153744739543948312e-04
6.989750898980356389e-04
2.989022603687980606e-04
5.748282193550053980e-04
5.904428892571129831e-04
3.619909276933980886e-04
1.334297390733262933e-03
7.257256447158832004e-04
1.234584477501104787e-03
9.118292462520591769e-04
4.714074498219316236e-04
3.280330327697707107e-04
5.869697262166758897e-04
1.089942361822876776e-03
4.435620274176747856e-04
8.538742661167275216e-04
2.270602808520615946e-03
9.072579250827438784e-04
1.812165240042482766e-03
4.115517991372185692e-03
4.440301586593045960e-04
9.884623505046646365e-04
8.189054627075440266e-04
8.379825411290915422e-04
8.840510706414764566e-04
1.750723527889525531e-03
8.298181363175715589e-04
1.523074997203184957e-03
7.195202821091634723e-04
2.075440916727498177e-03
5.293948192479622011e-04
1.107367625660831464e-03
1.973256998838750047e-03
1.452403931967828979e-03
1.442228190486393846e-03
1.223290593736029233e-03
6.627912904567074366e-04
7.568681111509974278e-04
5.506747174872262274e-04
7.105282592353964798e-04
1.144235073792511338e-03
5.009190429779699846e-04
5.760225432461499231e-04
7.629061951440575329e-04
1.137434909593233517e-03
1.490817519823838021e-03
7.086436398078623010e-04
5.801487056430605334e-04
8.413684694426660539e-04
2.621852428913078268e-03
1.181277385197624557e-03
1.332868862797610991e-03
2.273856904912234436e-03
8.556508701394355569e-04
5.716097562578954403e-04
1.255660291470881524e-03
9.698456345093231165e-04
6.566690906584740249e-04
1.484355410449043813e-03
8.649532942549112468e-04
1.380061703966776066e-03
5.026976854310737444e-04
6.073885542948826094e-04
2.197132925619892010e-03
9.882391871820542760e-04
1.079629242024323461e-03
7.556431405693655708e-04
8.505538521272441865e-04
1.307843566815098920e-03
2.790328000034010027e-04
6.298961823274063345e-04
8.690010041492136298e-04
1.264849856017827984e-03
7.090655060040452389e-04
3.741672721990700981e-04
8.896335967649056375e-04
4.382743967796072699e-04
1.127313684766236349e-03
8.403500226517609086e-04
7.941795145434182900e-04
1.537362084159554559e-03
9.443319794884199193e-04
1.395005083574299767e-03
4.434586420027233715e-04
4.532566192997139129e-04
1.557440948458127788e-03
6.709113946340445733e-04
4.079392076553443208e-04
9.965691935432982422e-04
1.806769402991086418e-03
4.796327391035437940e-04
7.896431072425470115e-04
7.701352534307368165e-04
3.956942229318483116e-04
7.458876932417725630e-04
1.816505365429053279e-03
4.773470096267951111e-04
1.753313272226993168e-03
7.548168733112928068e-04
1.823108048935272217e-03
4.228928497151928094e-04
7.236206950922525419e-04
1.009498895786031672e-03
5.904428892571129831e-04
6.578150103058299364e-04
7.257256447158832004e-04
7.535559406623447204e-04
9.583032028924278779e-04
1.083581933436803023e-03
5.920171268193382547e-04
1.168834742132673563e-03
1.350279538100255562e-03
6.382753278115616382e-04
6.835513192715474747e-04
1.537362084159554559e-03
1.297183498088476860e-03
6.129139758918773773e-04
8.859569985636223327e-04
7.548168733112928068e-04
7.728909898167705744e-04
5.987883285031761049e-04
8.474198152524539500e-04
1.439162373592603591e-03
6.928120446233112378e-04
1.116876901610209822e-03
5.116898574105526723e-04
7.894386396817801473e-04
2.188001892699365999e-03
1.568805025264801041e-03
1.719819792777815652e-03
2.531814247405197744e-03
1.472223880871305953e-03
8.822764928669712828e-04
1.330232161323254003e-03
5.586897363177357502e-04
8.099196883616380715e-04
7.885796697528054885e-04
5.044668097643870185e-04
8.577409260857438546e-04
6.658744171530370497e-04
8.885134344021491893e-04
8.287108803406367319e-04
9.782438384682995165e-04
6.165866845082442708e-04
5.680882593324291336e-04
9.277425682640335486e-04
2.493205326026641955e-03
5.175363108447959479e-04
4.237435736047405542e-04
1.097647291858785176e-03
1.406775223984162897e-03
6.476362936267855827e-04
1.585015988084741796e-03
5.245586998115670408e-04
4.030029694920933916e-04
1.819261258366936971e-03
6.136978778910243777e-04
5.155168425068404857e-04
8.125916845758127983e-04
1.415969033632057854e-03
7.217078910035302141e-04
7.294939651438567653e-04
1.240556136811742788e-03
9.681238684554474084e-04
8.033438122015924224e-04
1.469428786057490419e-03
7.357506268531913921e-04
5.659746046997580528e-04
1.368209907137798694e-03
1.599528406780661039e-03
3.622169962241507022e-04
6.476710132686476279e-04
8.008903678419158467e-04
6.993510955839828602e-04
5.778274620899731063e-04
5.305757435474480399e-04
5.308033671191064295e-04
1.685193457552107291e-03
5.003428722842723480e-04
3.845732528300014339e-04
1.069666957522236563e-03
5.538639317217053555e-04
3.926647766780160973e-04
9.638784880392160716e-04
2.051445301740056817e-03
5.078946672152804750e-04
1.200930275368640009e-03
1.003561276636981804e-03
8.134295009837944415e-04
8.603127387729156850e-04
1.627792982357618512e-03
1.177341977003262732e-03
8.715986479865612310e-04
1.542311244194013303e-03
3.550003054312684918e-03
1.072764891991118477e-03
1.334401087766080027e-03
6.824047182076744926e-04
1.041384238979243962e-03
6.020320656159461195e-04
4.817775360246123024e-04
2.128515715205761896e-03
9.230488379940594412e-04
7.974179907626659453e-04
1.054507105504685818e-03
8.898933814196776336e-04
6.304941548841781805e-04
8.822442965324544259e-04
1.337781824741080894e-03
5.728013260067543137e-04
1.371433548202048019e-03
9.782438384682995165e-04
1.862425769543639333e-03
6.951101650443210688e-04
1.285220488173700578e-03
5.739311392696453675e-04
9.668563533756493675e-04
1.246269510063230520e-03
8.341334564839581953e-04
9.277226418697357129e-04
1.449612566354777391e-03
1.040297574344861958e-03
1.893895829146179707e-03
4.896810289864973959e-04
1.234475973739476273e-03
8.852277125621086425e-04
1.189786497379847346e-03
7.163632623291303408e-04
7.275405650082023782e-04
3.819261420195445506e-04
1.465195603110029231e-03
1.091380170001535503e-03
5.460164982822931102e-04
9.306342469724671702e-04
6.490959308606281944e-04
1.550728230575131386e-03
1.162578599784732129e-03
1.290280590518743265e-03
6.979637811869169239e-04
7.988392169982799947e-04
8.386131736873705727e-04
1.980750375465076436e-03
1.639316261086159890e-03
6.505080461035078927e-04
5.239947009788877398e-04
9.661462278268131629e-04
1.012348589557209412e-03
8.330787826606464788e-04
4.993447752269542265e-04
1.092005478597992893e-03
1.189827624983730856e-03
1.442295540859956553e-03
2.079333878492349227e-03
6.361897362172703107e-04
1.532551045986324176e-03
5.390801617760334827e-04
8.207242436475812751e-04
1.161889896829034581e-03
1.635734806515457300e-03
2.550522527851202363e-03
8.587074711928140451e-04
5.949667532975287882e-04
9.989282396553357795e-04
3.980268455147048545e-04
4.636680828387302667e-04
5.453931799807471307e-04
1.855654776951532392e-03
8.648552992939046412e-04
1.562519610436819643e-03
4.694956779257344328e-04
6.961536448738348069e-04
1.725795472562229602e-03
1.404726536857432012e-03
1.157491077970038704e-03
1.507531087363199679e-03
8.261985898824162353e-04
7.025654472243735753e-04
1.031843543219821942e-03
5.014376255966790374e-04
3.780779348232533583e-04
1.492991056358361924e-03
1.644871608078651241e-03
3.151225646733341154e-04
1.373941116925139327e-03
1.912483168622521306e-03
5.819083373937602955e-04
4.540739229307754117e-04
1.348434848899485129e-03
7.343585728872752214e-04
1.333198300650496751e-03
6.474901748444220582e-04
4.209372200237650749e-04
5.111562944215636501e-04
4.722271213654550431e-04
9.142836768003445016e-04
5.148938399333781576e-04
7.303512309553325099e-04
1.867139521474560880e-03
