8.542779595445892590e-04
8.462490372059652865e-04
4.107530480577465597e-04
7.041804182177450458e-04
7.574917819101691010e-04
8.283449366107896407e-04
1.177564223307291580e-03
1.251043449849053267e-03
5.029724749901372510e-04
7.606848780229297224e-04
6.736441688813009148e-04
5.034652292264269347e-04
9.683240909342971008e-04
1.148687722200743234e-03
1.014639563095409832e-03
1.191571113240607422e-03
5.991737163483897228e-04
5.302642851404608480e-04
3.123028398782847371e-03
5.749456066708430024e-04
8.424711508349113113e-04
6.979162240243201761e-04
4.831434828426595779e-04
6.552972485588120935e-04
1.568982482669166153e-03
1.184789026987065471e-03
5.588322601732500150e-04
5.992564056071187978e-04
4.843959499629278600e-04
1.229248423338868360e-03
1.003125253269373683e-03
1.441061759143354290e-03
7.950931848654721858e-04
6.294843637942356546e-04
9.278541344880483939e-04
5.299430418979117399e-04
8.713855233428479188e-04
6.439086028561653808e-04
7.575397910728818955e-04
8.952152804344085373e-04
1.895721258242171955e-03
7.865954371205106455e-04
7.615183077135865815e-04
5.779474145441874846e-04
1.301487702020391081e-03
1.446535812684208435e-03
5.302642851404608480e-04
5.336210738038784469e-04
8.186448277744586693e-04
8.783035684153905854e-04
9.658083658057302909e-04
6.275608194709708871e-04
9.535814693428900767e-04
1.206681940347571541e-03
7.114344492922656561e-04
4.625009384823149930e-04
2.801420050476623094e-04
6.260317755623004540e-04
6.609677120717005836e-04
8.013610186600907256e-04
7.349718483652438938e-04
1.011736604678091511e-03
6.793685018885817651e-04
9.682954930796865492e-04
7.680295204378097523e-04
1.327901851919196900e-03
1.321564705995843499e-03
4.316730956251101374e-04
3.238232641633548119e-04
5.583737036189672645e-04
6.706154923477261219e-04
6.759294308657082641e-04
7.278943522769077117e-04
6.890432131124672038e-04
1.403853925843955583e-03
7.902383293923775963e-04
1.146556870723859081e-03
7.145967084429034758e-04
1.762435074359971435e-03
7.069415460438161674e-04
4.014335135973929984e-04
7.155406856982969403e-04
8.170286505929151783e-04
6.153868969617707144e-03
8.159918478945365518e-04
3.785402554923767305e-04
1.280713102776703544e-03
1.151911551137339146e-03
8.548638572030702217e-04
2.913426982396058375e-03
1.588759262061355390e-03
1.002115488027409754e-03
6.192842982019567278e-04
1.233277488853821427e-03
9.617496204588715878e-04
7.513778502968186451e-04
2.347210466198407317e-03
5.429358969496228971e-04
3.919411533605890192e-04
4.140980136557779025e-04
6.600059186446457799e-04
1.204929621438667001e-03
5.714784352893249224e-04
4.973300891406347984e-04
9.816777984505186197e-04
2.709468561796731997e-03
5.952585307076612873e-04
1.121958297717166615e-03
5.245901284824095161e-04
1.028607270943424556e-03
8.098391479271204460e-04
5.719668048047505445e-04
5.545017478702464128e-04
6.834373089497560328e-04
7.546591758523486055e-04
1.908177949618104904e-03
6.273297303310732161e-04
8.692449735461234110e-04
6.718928143206178783e-04
1.032679403533684655e-03
1.815783191168389562e-03
4.815348029123812088e-04
9.780320698007788621e-04
9.750510918411843964e-04
5.702888375444056411e-04
4.168687848800327464e-04
1.142996141269988402e-03
9.185070125422887611e-04
2.375470354951013591e-04
1.573374256915395855e-03
7.383436575094541382e-04
8.382221723851270186e-04
3.850095468643593651e-04
5.419738986231090400e-04
6.393772812008292243e-04
6.911770131390705197e-04
1.420252931130416363e-03
1.438560170420787911e-02
1.367022910747582023e-03
9.315357224618168704e-04
9.523044377382566209e-04
7.769310293237377931e-04
4.483645146985196770e-04
4.076883113180863449e-04
1.459533991404862556e-03
1.693614125368441293e-03
3.164868895036444525e-04
1.085371320003118527e-03
6.434130396690019302e-04
1.001764162063230280e-03
7.562201040333640023e-04
1.015912936943713044e-03
4.521102367460416954e-04
7.483297183677766655e-04
3.656106090098847766e-04
1.877010420171037206e-03
1.771064442904148831e-03
1.137135920597879017e-03
4.393458544785599053e-04
5.719109742544666161e-04
6.841506119976247923e-04
9.316801992808234484e-04
6.623879120258337194e-04
7.574917819101691010e-04
7.250276556968296730e-04
1.081635429393034429e-03
8.848118707393007537e-04
5.308206485964857540e-04
6.074849827862734098e-04
7.114344492922656561e-04
5.192251910801533310e-04
1.275596481204497191e-03
5.589393536136045941e-04
3.839775627009088988e-04
8.105156994107434471e-04
7.826960179915553369e-04
6.501216940287237378e-04
1.078643411628044373e-03
9.341478900976060533e-04
6.272566081296999984e-04
5.315396859242466901e-04
4.692754897087481709e-04
2.463768806012999260e-03
1.092720841885559896e-03
1.305818608779074283e-03
7.403941253726331866e-04
1.547667863097091593e-03
7.100725219647850478e-04
7.384577124621039424e-04
1.376434127643300824e-03
8.344591571492431231e-04
5.154722197021104546e-04
6.448745159414673170e-04
7.429372138963309235e-04
9.909841935775425426e-04
5.288158092035906074e-04
1.667987591303132225e-03
5.616312858546973789e-04
5.282546314830093579e-04
1.024564263144987298e-03
4.629420486590480233e-04
5.089308081501872812e-04
7.383608205094177590e-04
9.819833167868574544e-04
2.211786673460677290e-03
5.831980829447187429e-04
7.128128886757881819e-04
1.202723862813273245e-03
6.854336785189005113e-04
9.150997978380519737e-04
1.055815191112809701e-03
5.447534914567540160e-04
8.557879953621213903e-04
8.397721858577726628e-04
1.996120906767105078e-03
2.769823284280260606e-03
1.342981899514395731e-03
3.905720998253266619e-03
5.487704604524320075e-04
1.035887105004190548e-03
4.657159329819788468e-04
7.353707579196678374e-04
7.177234457674722774e-04
7.256625381801090581e-04
4.319414075052438809e-03
1.772282221310546952e-03
1.546352170167299275e-03
5.699410081779351326e-04
9.183823391868728469e-04
7.466439578976500485e-04
8.839103431943496876e-04
7.798843367826312992e-04
6.859848700991463214e-04
8.051824780412635734e-04
7.564195924876719167e-04
8.035195847518021442e-04
6.701821751223897491e-04
5.168326608490276825e-04
1.490633237076203609e-03
4.161646503186184091e-04
7.184144172551483031e-04
3.353518857900347760e-03
7.399460751359292774e-04
1.248457789516092820e-03
9.192926877512587686e-04
1.152306653055044580e-03
1.244064303044456737e-03
2.728518171302102367e-03
8.643868884889116489e-04
6.850151288437970410e-04
9.555470116973355417e-04
1.119251940266537083e-03
1.208543209724388537e-03
3.458727925694893984e-03
9.415795304620827935e-04
1.490633237076203609e-03
6.614143886380784588e-04
9.410779069632173267e-04
9.298912606849982915e-04
6.483284630351743207e-04
5.772631137824030473e-04
1.895721258242171955e-03
4.929605412704792531e-04
5.566846790402583739e-04
5.187251167619671109e-04
5.751290244380256747e-04
7.267355471991133326e-04
6.351320633305429075e-04
5.935338083354595867e-04
7.616868817041811540e-04
4.988454070274212469e-04
1.005635097838630159e-03
5.364657055288015808e-04
1.256207748506967632e-03
1.007818126614005039e-03
1.340136451666180386e-03
8.718421970851515353e-04
8.178283093186076644e-04
9.726240275114730839e-04
6.903440890151283467e-04
4.804299216392987236e-04
4.665078705928612677e-04
8.705246593254169782e-04
1.148641424525041147e-03
4.808727975500995573e-04
6.022461101194220108e-04
7.457500381992705632e-04
5.636261071830049986e-04
1.350532627935210547e-03
8.709652358655786079e-04
4.652211880554559561e-04
9.499651749401649909e-04
2.067242002965822417e-03
6.440852331553900386e-04
6.299622428295944014e-04
6.755466003940089909e-04
7.028628861829885974e-04
7.230157482584123997e-04
6.365306014373904022e-04
7.348721682826611559e-04
6.509236524173256508e-04
5.387568914717300299e-04
1.008869162075784779e-03
7.531721233738689330e-04
8.668745653540352964e-04
9.290738078985283366e-04
7.841160717876728779e-04
1.461927697973479162e-03
7.626994056914854344e-04
1.032338216712905266e-03
2.172557763931538561e-03
6.033144672653713379e-04
7.300063017359552896e-04
8.853231462193029760e-04
5.472728280392885180e-04
9.561301757966982930e-04
6.090052311986580112e-04
8.392859603780695489e-04
4.276652669379222660e-04
1.225382734551653781e-03
8.553513999363800916e-04
8.462008101392853778e-04
1.917432241924567132e-03
7.274472210620005087e-04
7.031859806969994629e-04
1.213824204006654084e-03
1.244666088737445301e-03
6.809976437201511025e-04
1.002001769340724350e-03
5.043861986931660922e-04
4.661888970383550848e-04
6.060253335756433978e-04
6.123870341466985338e-04
5.608238938497656957e-04
9.438133931291177448e-04
5.256377627383637023e-04
1.101211175760843106e-03
6.469647575936643240e-04
1.694804925037044201e-03
1.034814292972842604e-03
1.003125253269373683e-03
1.085706504658616196e-03
5.582815995353971206e-04
8.309796395109491068e-04
6.860532351338092865e-04
4.926555647185580948e-04
6.729679849723310290e-04
8.177216752026982092e-04
9.298912606849982915e-04
6.131824953311544417e-04
1.895721258242171955e-03
7.011634532061974869e-04
6.355875076809727395e-04
1.084403723041766493e-03
4.597388979342738194e-04
1.465796054515577929e-03
9.646224895839035232e-04
6.120207095354824635e-04
9.619380972556901190e-04
1.155378436154596688e-03
8.846196311055520498e-04
1.400750470052261522e-03
8.666173141701948241e-04
6.960459428145326704e-04
6.597240876282911125e-04
6.701821751223897491e-04
2.690032641842756648e-03
7.460472329962641088e-04
1.102329457392482379e-03
1.173050980862925304e-03
7.966594398252942579e-04
4.985496407380566198e-04
5.470741293708351579e-04
3.887223616216924798e-04
9.879187955759763645e-04
6.676151605664619113e-04
1.522127713801701846e-03
6.078100750068578988e-04
7.961602916829155262e-04
8.066353300115615800e-04
8.391235071901565140e-04
6.232424566567891858e-04
6.760040155993121127e-04
1.003922237590964888e-03
8.265397333108356068e-04
6.059945708244755770e-04
1.771064442904148831e-03
4.900799516748953911e-04
7.596407116733124151e-04
4.735318013330427987e-04
8.462490372059652865e-04
8.115793289298292188e-04
1.253191987656343716e-03
4.563336488228117308e-04
7.572509960907751860e-04
1.009168052498764841e-03
3.368033319369413171e-03
6.433821252621032757e-04
8.585105838285292954e-04
9.258335916696193695e-04
8.126704848337148795e-04
1.204929621438667001e-03
1.216181913240388900e-03
1.058745971583771811e-03
8.209469630814419851e-04
4.710697558076924318e-04
8.253764593795417373e-04
9.036344421209475475e-04
3.111985583244680363e-04
1.704223154998310129e-03
8.362104739458652925e-04
5.246357219629039234e-04
5.130593445307134832e-04
1.660431126795696745e-03
1.032586451869101649e-03
6.460733912807079676e-04
1.048718156157077202e-03
1.093737346192518887e-03
9.681528732887330043e-04
2.360043548627314188e-03
1.033157170198416384e-03
5.816568975667207658e-04
5.130515924003816158e-04
5.583472487761880713e-04
1.528893312270678418e-03
8.756934560930785399e-04
9.377661494758361476e-04
6.046728217782208845e-04
9.057283025530410642e-04
7.567566429602406346e-04
6.370260674768017705e-04
6.672419073753982919e-04
1.728404989799451827e-03
3.974818431399844637e-04
1.771064442904148831e-03
6.450492551661570536e-04
9.640965850603645283e-04
9.189679433653047359e-04
7.117417636389077517e-04
6.105567669215793570e-04
1.289262515977170499e-03
8.524629931403229213e-04
5.784464680459298512e-04
4.845902776567890201e-04
7.626010965796168207e-04
8.433589757019827483e-04
7.889354418290026863e-04
9.706686666197538067e-04
7.004288102336299815e-04
1.376082508646128515e-03
6.873298707084573526e-04
9.042089598605165769e-04
1.156293826905493592e-03
7.128440396517678928e-04
7.557979042025947435e-04
1.660431126795696745e-03
5.494681139223633014e-04
5.396858267472714804e-04
1.587989257174412345e-03
1.040911675949655023e-03
1.025761701864195052e-03
6.723344447159071294e-04
4.445604656842940634e-04
5.093814758692445568e-04
5.623269209335196930e-04
8.413732265628366029e-04
1.110875723166764202e-03
6.707064223879891400e-04
9.344545829933898189e-04
4.518641763934548648e-04
9.350293212351536935e-04
7.620911898281882216e-04
8.030927811757183378e-04
9.618664956912320076e-04
6.152566939477148358e-04
3.762205011548394422e-04
6.695401204247227551e-04
6.701821751223897491e-04
4.738564294424860049e-04
1.250391973871780313e-03
4.933455891825348598e-04
1.212068469854681160e-03
4.191601293297743933e-04
9.346290358047313306e-04
1.665042984305826557e-03
8.136968900304130141e-04
6.439803085145062028e-04
4.357887967976757952e-04
7.955961623876374933e-04
5.875243776763046941e-04
3.087565682361839356e-03
1.491391806614786363e-03
1.011861608623141218e-03
4.954677196599740607e-04
9.092028520892061734e-04
6.974024265965127417e-04
6.372449783287343489e-04
8.555477820299867879e-04
7.623237267465822649e-04
2.909408737838578801e-04
1.757805764781288516e-03
1.351116945546168568e-03
7.786948762928536235e-04
1.224761497883558158e-03
4.930327224214323730e-04
7.505767119859442461e-04
3.934110716385108564e-04
1.056195270435011631e-03
2.576048957915828743e-03
6.123806356143705323e-04
5.780974167035091192e-04
1.267882875040635777e-03
5.945215086337206269e-04
1.324152551037989208e-03
7.187332930977245217e-04
1.114160440267104348e-03
3.694585567649446667e-04
8.005565514548093446e-04
4.747478236348496943e-04
4.831572141642403876e-04
2.262921625672003126e-03
1.016571928863609694e-03
1.748351143049363572e-03
6.470776071857370446e-04
3.956122100695876943e-04
5.432856834299488232e-04
1.145546260742942319e-03
8.545518148911853979e-04
7.154935214743943618e-04
8.196404058652702719e-04
6.294308253338888473e-04
7.739734404825491555e-04
8.063575807805053444e-04
9.646224895839035232e-04
6.016058692334823495e-04
1.400369273271482532e-03
8.204694127042092347e-04
7.145967084429034758e-04
1.442435339279315304e-03
7.304622907600280069e-04
5.679000044465894528e-04
7.011634532061974869e-04
4.187447391893464794e-04
8.422682358266136288e-04
5.728212403681352772e-04
5.187314832717164047e-04
8.685762047438995957e-04
9.115860970758209430e-04
8.710241486189057841e-04
1.364794291926415670e-03
8.005895211703520885e-04
3.750633052389695950e-04
6.502785126700135485e-04
9.596907832814511154e-04
5.073636534615438148e-04
8.966819683871882305e-04
9.620582962100483618e-04
7.745835327850409324e-04
1.135575043908510721e-03
2.409605832490499706e-03
8.435588648037670124e-04
9.566316054962638012e-04
1.568982482669166153e-03
7.518591462226019645e-04
4.754565425746223525e-04
8.518180456461626939e-04
6.102137994518665436e-04
1.082320328491558938e-03
5.255224756205988416e-04
9.013130920560675705e-04
8.172418005426036877e-04
9.845985307533580873e-04
9.762082453656357973e-04
1.259121546233396820e-03
7.816413430100557086e-04
1.858626116045363581e-03
2.188547347698139699e-03
5.047731604691119839e-04
6.300662671998198683e-04
6.507056950309273542e-04
8.417886076438277224e-04
1.262204074165115732e-03
6.928169936464862334e-04
9.154269843693214068e-04
1.208863279125498231e-03
7.109910168176989363e-04
8.513491885971402346e-04
5.468725957108578175e-04
7.981859336488241353e-04
1.135539193825595193e-03
7.429295533026129567e-04
5.740132277378658457e-04
3.160096921446658817e-03
7.429902782214025270e-04
4.092225065302718752e-04
7.977934480939031115e-04
1.036589215649219922e-03
3.330358390877882638e-04
7.240761050482929107e-04
8.582516415490178824e-04
1.319641175672624320e-03
8.202029043749332502e-04
6.159328323207328678e-04
6.083267761982754296e-04
7.603248261329071398e-04
1.399663212986117450e-03
9.010227006585587537e-04
9.914733455504715770e-04
9.803823072961521945e-04
6.792559095540800845e-04
1.330189700166978933e-03
6.116151237619630579e-04
2.580517152611144262e-03
5.044492093030205748e-04
5.775322627973665090e-04
8.531369473601043167e-04
4.918398214016855927e-04
6.683728712941158258e-04
8.815384949208204335e-04
1.157127012374821852e-03
1.150597776478113092e-03
3.592932568227201039e-03
9.007389827883854980e-04
5.744547693587628541e-04
1.230814891909169347e-03
7.348631471443157082e-04
4.833046785251706671e-04
8.984795841981475274e-04
9.924318140846130881e-04
6.561060600430045813e-04
1.301168360994737041e-03
7.498888776255387438e-04
9.969099352546207434e-04
6.309150184777976471e-04
8.930805069915533209e-04
7.498346828739692891e-04
7.434156636914263441e-04
3.344333521346965388e-04
1.191151308270123506e-03
1.240804586157125957e-03
1.426780790902988606e-03
7.291190021315604140e-04
1.062808416233522414e-03
2.092653938724811299e-03
5.655367806893537132e-04
1.248473051496693789e-03
8.546276181792436359e-04
6.911670923945928630e-04
1.008768318939079955e-03
4.474083521571673014e-04
6.106573471788646684e-04
1.212068469854681160e-03
8.648848101138366991e-04
1.275686093912883814e-03
2.066631626230394560e-03
6.045152203944824170e-04
5.853560313200502699e-04
7.409808556585529334e-04
5.859754748248390335e-04
8.967806820379845912e-04
5.756013917777693181e-04
8.553262786984092972e-04
7.382248782293833120e-04
6.692196567276700522e-04
1.472257852561298505e-03
7.912699533773494406e-04
7.442170251343520988e-04
1.211021785842771557e-03
8.282992604302790189e-04
2.429728409130008874e-03
9.007389827883854980e-04
9.400419453879396659e-04
7.841465415630309620e-04
6.934915375993858707e-04
9.577314532640312031e-04
7.295942841968270634e-04
1.026543808256593802e-03
8.477163788941206000e-04
9.253247245148518057e-04
6.361163742257179522e-04
8.082903020688588869e-04
1.536221510542773363e-03
1.110313899457842333e-03
8.895254471506281076e-04
8.195639502942145618e-04
4.187447391893464794e-04
6.741473209799235707e-04
1.152306653055044580e-03
6.077982067598180311e-04
8.139335817161974301e-04
8.698010274658216252e-04
1.538603242862846303e-03
6.804726647658518486e-04
9.100607459079932196e-04
9.958790630848137100e-04
6.817345137222674458e-04
1.753170527309076687e-03
8.584563540554938617e-04
1.392119093195531409e-03
3.491335266315422005e-04
8.375277705984930220e-04
1.229248423338868360e-03
9.320064370670189504e-04
7.348721682826611559e-04
1.373425022494783113e-03
8.657512051359517354e-04
7.498773329037024650e-04
8.583967894649473934e-04
7.685999656054945612e-04
8.845123827517125444e-04
1.291555629181311221e-03
1.024135080127430318e-03
5.859686719994705801e-04
1.288040608806276504e-03
8.825340619598755210e-03
1.090901503507142037e-03
9.733758739937499417e-04
6.756073526508986609e-04
6.211766929684701261e-04
6.974010158292228605e-04
1.319641175672624320e-03
7.145122132898953406e-04
7.865954371205106455e-04
3.395773979968108331e-03
7.518591462226019645e-04
1.122001652990014999e-03
1.190951370470946877e-03
4.892494928795175588e-04
1.041445437287761774e-03
6.829454071269206242e-04
1.224742710663940474e-03
5.857362534184387985e-04
2.831302456277174414e-03
1.116502060806226276e-03
6.172821456244000473e-04
7.231410445283171845e-04
9.010227006585587537e-04
8.088980387792587276e-04
4.801301180879424726e-04
1.298327265782754474e-03
3.947667005333505203e-04
1.305575858537130936e-03
1.096957757992481465e-03
5.779474145441874846e-04
6.932785510286544259e-04
7.263877736632696211e-04
7.894978924846377411e-04
8.278534325226193135e-04
8.429121820896282296e-04
6.953252045027737659e-04
5.654160411423790090e-04
4.178701644090109099e-04
6.747203937470719120e-04
5.812344290547478108e-04
6.035068437615360819e-04
1.339575979208502444e-03
6.806451818117475279e-04
1.580650789017915307e-03
4.056155825884489577e-04
7.446717308048976351e-04
6.247405486132214057e-04
9.220110056150113099e-04
5.123868149497176096e-04
1.282993733878076215e-03
1.042846591185788742e-03
7.572100477845332975e-04
4.661919487880438135e-04
9.182841703343166441e-04
9.959050377050229687e-04
8.149094882891235988e-04
7.832907869082466430e-04
7.152075822744845268e-04
1.015751770680606639e-03
6.470516003345212937e-04
6.515356308297188268e-04
7.487427511955187069e-04
4.490867303938852551e-04
5.444841125612914778e-04
1.122231731314635378e-03
7.060744065401997061e-03
6.820652924487401745e-04
5.565218150423801918e-04
4.637764504177247101e-04
7.853286153090578963e-04
1.720919678977246396e-03
6.250024016111447754e-04
3.487471414297040485e-04
7.125816916363040014e-04
8.149094882891235988e-04
1.169813618979223795e-03
3.307266865732179199e-04
5.898593584042947187e-04
4.882038676230906560e-04
6.032838237726559144e-04
7.902874780417492835e-04
7.701294976811487187e-04
1.305992622585448867e-03
8.437791148535830378e-04
1.771953498937604496e-03
7.409321373160534119e-04
9.847883798648794651e-04
2.677802157715969585e-03
1.269420104089238367e-03
1.733118684625614084e-03
6.626487996898882587e-04
1.054685233015735264e-03
1.493613572125072116e-03
5.335742635655890426e-04
7.833815881396060136e-04
5.871367567189013370e-04
1.314979562836988362e-03
6.034000901467238831e-04
4.489337027244524056e-04
5.408828900344972912e-04
3.159941443972256840e-03
5.919919220305886430e-04
1.191837309280481278e-03
1.426550322365333816e-03
4.585687465091435816e-04
3.994537452091690842e-04
9.239602118412423935e-04
8.805976750977610040e-04
9.305921399790398037e-04
5.548273193644802067e-04
8.053831372651692935e-04
5.463572456001983008e-04
5.001063387390562807e-04
1.055405075182059725e-03
7.630566546937328411e-04
3.733163783915150629e-04
4.903537651244579444e-04
8.082903020688588869e-04
7.717600020501743990e-04
9.492271694749660404e-04
1.501187419609687022e-03
5.298027577373841304e-04
1.975063127833939173e-03
4.504972901091543170e-04
1.081027248070690321e-03
9.523196776681035723e-04
7.163225251453404384e-04
6.715852771212513358e-04
8.146356356331125193e-04
2.072556188789508470e-03
5.588178615893134304e-04
1.116502060806226276e-03
5.655296695454155829e-04
1.090913598255144204e-03
7.895856818693427646e-04
1.021113433852574234e-03
1.261987137529629400e-03
1.330831401322363780e-03
7.993670832687931656e-04
8.327667605745723732e-04
5.943041147249420375e-04
9.610896801663757361e-04
5.142304569263986963e-04
4.873903291193327331e-04
3.238688738824907053e-03
3.894111873309027863e-04
1.465095050501041959e-03
8.124739647534193763e-04
1.105887662342286111e-03
6.233767940403751482e-04
8.105274149845823018e-04
1.335506182817722525e-03
5.602882410614569691e-04
1.097145801353311507e-03
6.181714574990358757e-04
9.656505270175569540e-04
6.302992615332569286e-04
8.915208508171597020e-04
8.100896723879861660e-04
5.297382440325390518e-04
1.029119797865775832e-03
5.919027226646358681e-04
9.139505446905206226e-04
5.367432496977072882e-04
5.800335959964075892e-04
9.253247245148518057e-04
1.003922237590964888e-03
1.177437053145726463e-03
6.802359162105803400e-04
7.542447226180254731e-04
4.454855966591223589e-04
1.154923107071105862e-03
7.806374148307807697e-04
1.209181212065376038e-03
7.984080498115147390e-04
8.628896305402126380e-04
1.224465085734409691e-03
9.971379578902288786e-04
5.548273193644802067e-04
1.091782382693341985e-03
5.878730977996766017e-04
1.405758290812532700e-03
8.293229652062889846e-04
9.619016356061034804e-04
9.115091963745415365e-04
8.434123653037625895e-04
6.620506143962624551e-04
6.786046848805055761e-04
1.063653044105608179e-03
3.831278395335675898e-04
1.041214998447755405e-03
1.427036159205968520e-03
6.411717187674537089e-04
6.018878782513705601e-04
7.822555925467082442e-04
8.540992213578128128e-04
1.796838265320393731e-03
4.684758062093867179e-03
6.868362846390667874e-04
7.708047920419384795e-04
1.300814384625937183e-03
7.211123631439309315e-04
1.034414906827939339e-03
3.594793699848021495e-02
7.959461922205838093e-04
4.411007079582149348e-04
9.281889042225530996e-04
9.393624763090875586e-04
1.645058617619945011e-03
5.117021065479538918e-04
4.128467434379965188e-04
8.571940296047066317e-04
4.175212966663572950e-04
2.347210466198407317e-03
5.710543565658063791e-04
1.243646276179083670e-03
5.635072795777255374e-04
7.970510739131025360e-04
3.182566752944860061e-03
1.957223429614189832e-03
9.508530981423646625e-04
8.994510762641947255e-04
6.397507310949207332e-04
6.182504423298572967e-04
4.771046522257521225e-03
1.165795006325412919e-03
6.423582840635335377e-04
5.542945842463690466e-04
7.783286961446493103e-04
3.805101143778886336e-03
8.251171713435155423e-04
4.869386158281305342e-04
4.439995677715772465e-04
7.857053842558926618e-04
6.017212000958208204e-04
8.019935979172211366e-04
8.328997953335999863e-04
9.051058991149360565e-04
5.187251167619671109e-04
1.918261186150264138e-03
1.182095518875988594e-03
8.092703460608370591e-04
1.041445437287761774e-03
1.006333841279644353e-03
8.281392886615449511e-04
6.487054932679374181e-04
3.811085108646596140e-04
8.571940296047066317e-04
9.828991654003810773e-04
1.447130374841519617e-03
8.698965301597854239e-04
7.400106404730742455e-04
6.635116018166112859e-04
6.165923153541412460e-04
7.532855480421027155e-04
7.278043963666396780e-04
5.208155239074498599e-04
1.738016535208467385e-03
6.909432880141004856e-04
8.569056254137934897e-04
1.558026773605016100e-03
1.403469521988148306e-03
6.558053217978153642e-04
8.992718143965537647e-04
8.358466187336086256e-04
7.648127471728198394e-04
9.982712948512215741e-04
9.551358196573921664e-04
5.687488761226441565e-04
9.668079882717580233e-04
1.342033861231552508e-03
1.543763433841952460e-03
1.012816975933063897e-03
3.632235177999450400e-04
8.093043120270854325e-04
4.243110974473199857e-04
1.046736969066758413e-03
5.720007404360990698e-04
4.520940926772879344e-04
7.282323776788994290e-04
8.978247006293033549e-04
1.514990025918473877e-03
1.211097493118579128e-03
1.321564705995843499e-03
1.090622134766297806e-03
7.313321516128234350e-04
