7.522571979067763526e-04
9.024921239966105782e-04
9.519953933273947108e-04
5.853550238123495213e-04
3.625902851565122637e-04
8.908047104250961697e-04
7.090823768319928951e-04
1.138157317123558417e-03
4.707663108432193406e-04
4.487025519868916750e-04
8.400141762414159224e-04
4.981585267623773799e-04
7.844772569264567849e-04
1.789429073749485618e-03
7.470125349433406241e-04
7.092665958087923401e-04
8.162517203807353582e-04
8.422915647259524193e-04
1.375506701871985092e-03
1.525827940049094122e-03
1.278733963098583302e-03
4.037940852122700913e-04
1.704652840446003884e-03
8.607021876696328453e-04
8.873855720666441391e-04
7.086379806773095667e-04
5.551013342710627713e-04
1.116484591958984704e-03
1.015825796913873797e-03
1.763262299689683302e-02
1.322014544160855093e-03
7.720985320250447126e-04
6.291456628443774842e-04
4.861376691523343297e-04
2.562408090173861393e-03
1.308103676434498822e-03
4.302600124190095773e-04
6.781820017674220847e-04
8.535938594529138236e-04
7.674634783230482914e-04
9.425974770486906856e-04
1.163038229983349124e-03
1.253305446785076731e-03
9.027330995564524559e-04
5.157479550621236726e-04
6.019445408504773415e-04
5.378400867554588693e-04
4.992947417378890531e-04
1.663293079926759805e-03
1.926318213014908444e-03
6.705375595251437948e-04
7.307772405409202442e-04
7.682725841220933247e-04
3.763782742122576304e-04
3.879575466163507659e-03
1.086149559799810035e-03
5.023812988054380613e-04
9.103637494921916961e-04
7.929287932840070954e-04
5.936363379942325704e-04
1.010798435551426774e-03
6.212893724078998947e-04
6.342361514659959317e-04
7.645014857530960627e-04
5.495782780736492871e-04
1.081011451956222441e-03
6.319808699500203096e-04
8.863927747538930457e-04
8.397475167160273419e-04
6.041466844690806560e-04
8.186873762791125947e-04
1.175648560438714374e-03
1.181514884752315076e-03
7.802804280159611645e-04
8.535938594529138236e-04
1.328145486546507704e-03
3.092480202796208093e-03
6.913175286230681654e-04
2.007521329003478933e-03
3.603358916953616309e-04
1.657071700353535126e-03
5.214330785966093300e-04
8.834836006351268244e-04
1.044044478398890646e-03
9.541128261600721186e-04
4.367420485010115733e-03
1.129009605044773009e-03
4.634851493637502889e-04
6.034199553188622153e-04
5.833235075241923352e-04
6.503757204268192406e-04
4.642332496488782152e-04
1.009279894766254440e-03
7.502332210692647801e-04
3.785311656087670274e-04
8.869251029147987497e-04
1.410340465473460718e-03
1.594341473685409677e-03
1.006179371539806140e-03
3.939125517059250368e-04
6.045435372518773469e-04
8.059743577481186640e-04
8.209943989067728688e-04
1.771167232750131808e-03
6.979106988539933616e-03
7.991007372242809334e-04
7.264697289507705000e-04
8.548057985928455378e-04
8.166363799430023315e-04
2.276737444122585961e-03
1.007694979309661960e-03
8.778152795295989007e-04
6.237376505075184789e-04
8.753975386049100017e-04
1.464968340223172204e-03
6.550980042663866231e-04
7.254778212621089710e-04
6.677633295284674843e-04
8.303530438760244872e-04
3.402209716491322658e-04
1.100564370738765481e-03
8.781189600923888349e-04
4.250062470712505196e-04
6.526195141404406239e-04
1.572420543815253400e-03
7.140469273179497235e-04
1.000415787449175252e-03
7.840463253293741656e-04
2.186709058618383373e-03
6.638407669609694113e-04
5.234697630027064117e-04
9.166957734924414611e-04
1.655126425060639717e-03
6.077047120848545498e-04
8.869251029147987497e-04
4.685115343440480811e-04
7.152416806770727897e-04
8.604720541559573175e-04
2.862307702478378985e-03
5.412312855222239016e-04
6.287436666042828075e-04
4.420317902699097434e-04
1.031456059118190634e-03
9.900652791069494002e-04
6.443133661564222217e-04
7.488862769030131452e-04
5.816154318259457228e-04
1.191242249777126842e-03
1.670574513813948177e-03
7.169999952682278152e-04
1.472112658675741367e-03
1.100340018419668350e-03
7.061658906935851026e-04
5.831915666610753158e-04
1.602397470328171354e-03
4.675122813178660889e-04
8.702568901345647144e-04
2.545711646184886396e-03
6.475813449316899194e-04
6.784836409552950399e-04
5.570958251301113369e-04
1.482216096322700209e-03
8.232267080846160422e-04
1.096603522414709830e-03
7.035535992967704034e-04
1.105906204142642710e-03
1.185540668937021345e-03
7.525569070912238936e-04
8.885817626710874667e-04
5.473544857477629809e-04
1.241389628001543857e-03
7.456746744171631643e-04
1.894345171915221612e-03
9.938456069111967911e-04
8.138194576562112360e-04
2.896963467946335230e-04
8.995853827894643518e-04
7.825147149857320742e-04
5.572010521905220934e-04
7.952098581536944360e-04
1.414921980875242765e-03
6.252172917862457331e-04
9.277479583091190500e-04
7.633124596843676507e-04
9.596714099215574671e-04
9.097897135625980470e-04
4.261734340542838490e-04
6.939059543941356392e-04
6.852982264571580223e-04
8.149995447651755230e-04
1.428651081098884085e-03
9.225005229790539775e-04
7.502332210692647801e-04
9.907404714691156380e-04
1.364647919108481896e-03
8.812370211129813644e-04
3.505085819858379660e-04
6.521322423735176690e-04
7.756960933292199843e-04
5.916699434872940049e-04
7.433857453922266189e-04
6.303460274803492124e-04
6.239373754519242973e-04
6.769984833975764690e-04
6.884439201881502410e-04
6.067582670127114140e-04
9.761441625969920471e-04
1.614098359901278926e-03
6.536987023013382612e-04
9.652120309422959404e-04
6.391744827147060465e-04
1.155586515694305948e-03
4.849454845647732616e-04
7.714016942501213765e-04
1.438366560979620562e-03
1.186706037950477442e-03
5.076948775582163561e-04
5.625705377521699174e-04
6.002256946956018458e-04
8.114672489826485870e-04
2.262165210663938993e-03
4.129782962482944392e-04
5.513502083988750186e-04
1.174430564729030992e-02
4.205067763920875175e-04
8.178996036515318339e-04
8.636424910397329322e-04
3.932131451535458171e-04
1.679771424107473357e-03
2.427232975961732524e-03
8.151591866824597259e-04
4.033165903180035441e-04
3.560821607560625112e-04
5.606633579051457147e-04
5.580125325311654149e-04
6.482977179002129536e-04
7.691325522736728194e-04
1.700819324857041990e-03
5.901116777536023067e-04
5.537077183495881091e-04
7.812203021321047127e-04
1.262913263950152590e-03
1.101741770641488823e-03
6.502158828475538459e-04
9.435091701047556212e-04
5.088762554250662005e-04
8.385654300637274605e-04
6.354592785184170990e-04
7.195597588998427479e-04
6.986863356563768369e-04
1.668733507416521062e-03
7.101800346153439372e-04
4.613066943983962914e-03
8.539010822074701154e-04
1.102167367697641899e-03
1.088721486538443391e-03
4.780520071384503360e-04
4.119295445711601989e-04
4.959035134959023866e-04
8.634251634780644403e-04
8.839497318751514962e-04
1.917219584911325492e-03
7.972672555579161328e-04
8.457981224747582356e-04
4.582777447483052792e-04
6.987920958196902361e-04
8.245115912075411417e-04
5.798189343321423191e-04
6.995523791070147558e-04
6.188197583615197934e-04
8.764512170004689056e-04
7.019675866877393613e-04
3.876802095394598952e-04
3.676464299641961473e-04
4.020268787072066503e-04
1.275344780969578590e-03
8.260836138206921085e-04
5.481048450559646533e-04
6.233227278738464206e-04
1.119382288763920040e-03
6.122658514813045932e-04
8.791679075538384302e-04
5.238335431402484045e-04
8.608794098881427910e-04
1.476924955646195543e-03
6.699029167971156523e-04
7.447930805246693936e-04
6.280984992535461678e-04
4.419200829557306067e-04
6.202689506884895114e-04
8.505211248299423057e-04
1.132626764861173170e-03
5.384691563990545932e-04
5.027428369644621788e-04
6.141446799578971234e-04
8.578662972249767159e-04
2.562408090173861393e-03
8.857829336366573490e-04
3.400217752880581204e-04
7.880564219141079040e-04
7.707249796585687604e-04
4.872659006277157609e-04
8.650828812498578997e-04
8.287609864701044960e-04
1.000301289649884254e-03
8.201018682532629613e-04
8.046591535314377751e-04
8.789388390323477291e-04
7.121943816750948278e-04
9.149326345680894009e-04
1.646662087021368319e-03
6.290334656293770487e-04
8.904869361346868161e-04
6.277534943180768058e-04
1.459458600212056988e-03
5.674905537231743303e-04
7.666666319895079759e-04
1.111520746966714133e-03
1.743440219207351670e-03
5.078316845857483702e-04
5.227126931526667125e-04
8.837241113222372470e-04
6.592465946620072953e-04
6.791858807532657940e-04
6.513448455589375278e-04
9.421966720801913751e-04
1.758336271344457637e-03
7.084919877883758378e-04
6.492944073780888576e-04
7.793121071772592503e-04
1.162797323492711270e-03
5.248246482851421637e-04
8.059743577481186640e-04
1.089645261963920805e-03
7.843035653716042173e-04
7.466416390885995688e-04
8.038767328433535191e-04
1.127580989884735584e-03
8.301479029001114941e-04
6.693373554093881095e-04
6.976563154651902691e-04
5.541715104500276280e-04
8.830193462901100550e-04
4.017501804469879312e-03
7.327335907611590192e-04
7.354934598966702663e-04
1.494441959015917719e-02
5.594002034670927199e-04
1.392214122982743689e-03
8.165199016544011324e-04
8.804947350361854580e-04
5.852135738580818312e-04
1.165505591394070057e-03
1.707278700011850359e-03
6.548501298292590039e-04
8.849994668666063841e-04
9.147011163196205712e-04
5.169297212794252486e-04
1.056928958243491447e-03
1.400148323549288637e-03
5.208392203326750024e-04
1.319603379512499040e-03
8.163684172991745322e-04
8.790847948583603664e-04
9.915534294462778533e-04
4.490311523323707479e-04
5.284583014599281885e-04
5.992734160755384910e-04
7.512324338006667272e-04
7.863142052734519707e-04
6.287436666042828075e-04
2.810468048405534891e-04
9.993813673860076074e-04
8.577445396641568062e-04
7.342331168627812136e-04
5.329367218299006694e-04
1.089379840827525790e-03
6.441125539128052333e-04
1.075817542041400442e-03
7.793121071772592503e-04
3.434958907949073239e-04
7.350355037018154857e-04
6.605922882659089664e-04
9.122809237841953117e-04
4.156754037106104131e-04
2.315384995099602683e-04
2.066634859071788018e-03
1.044101992112760405e-03
1.894345171915221612e-03
1.192271329981146964e-03
5.871537534651451824e-04
6.369118052942711414e-04
5.011164302624138232e-04
9.324693912585107309e-04
1.356001849008974577e-03
9.785250904615213578e-04
6.550980042663866231e-04
1.172720640751045897e-03
7.737098602678569789e-04
4.376207576447179934e-03
5.650595095711376985e-04
1.751005884046594966e-03
8.574712238090798338e-04
9.024858255836182503e-04
5.705844781492905174e-04
5.102262053878621169e-04
6.319808699500203096e-04
9.672545518524580102e-04
8.065204231013121472e-04
5.230772662749511373e-04
8.166815190708268850e-04
8.415888180521063000e-04
7.428096988791291384e-04
9.528954477129389236e-04
5.213994194747862592e-04
5.542889339063129632e-04
8.029332046088208039e-04
6.559201568861903944e-04
4.579534417697985697e-04
5.162879306846853908e-04
1.071157615797607449e-03
7.040877979283394466e-04
7.447930805246693936e-04
1.769238044665311180e-03
6.156051235995165525e-04
5.692192753634098485e-04
7.450376313147466165e-04
7.947357506803186603e-04
7.798228573983376601e-04
6.622329335943546134e-04
1.317767194552131420e-03
7.968276142620376711e-04
8.363120245159676776e-04
6.681239943454748411e-04
8.858669201363715204e-04
4.933823863265389019e-04
1.165169438687626560e-03
4.736677586327529615e-04
6.054654690716724727e-04
7.558538725052861345e-04
1.481719209206771963e-03
1.262913263950152590e-03
5.434615457393257663e-04
4.941763510437843527e-04
1.143242029541739107e-03
1.038034724102076005e-03
9.766555390180139181e-04
1.970015902167205398e-03
5.182765429618854365e-04
6.175380480587655671e-04
7.833443482439643186e-04
1.133771162073843710e-03
8.369204367986785020e-04
3.707338559827270171e-04
1.023844983163541347e-03
5.793684277588724042e-04
5.924811030094589894e-04
1.801014957120982383e-03
7.274399967907731581e-04
6.445612895967568236e-04
1.824829233540365900e-03
6.511936959109857360e-04
3.684420374725756275e-04
6.751340570800571294e-04
6.212916978717242201e-04
7.676773248423935736e-04
8.412201710050217201e-04
6.758956662165732611e-04
8.597486318972987233e-04
1.089937518415304415e-03
1.704652840446003884e-03
1.534691417774115352e-03
4.837020832471507345e-04
5.681394979178746316e-04
9.344152833358961583e-04
4.363272099872292907e-04
7.340613618536139581e-04
6.233272413051831008e-04
5.477613205845366894e-04
5.535477247406405928e-04
6.867911461845374209e-04
7.829992213113943838e-04
4.489132878269741175e-04
5.576673083680287833e-04
8.314509556852954031e-04
2.123438551037651226e-04
2.436814604456617826e-03
5.885654051513122256e-04
5.340647518607897744e-04
2.040027144023335171e-03
5.939145987664244284e-04
1.270880206750266053e-03
6.281712564578941600e-04
9.437009672885444088e-04
7.729800854422842586e-04
6.257781743638793576e-04
1.044904299795848231e-03
7.473057286225470372e-04
9.253787146981821759e-04
1.147419032960555725e-03
4.300788671312951784e-04
1.211858455567266755e-03
4.936915948520854362e-04
7.024189096868680522e-04
7.046525833044682595e-04
7.707776371503765635e-04
8.253413628068745475e-04
6.536566531863800562e-04
1.403592817025210238e-03
1.095123802105708605e-03
1.482319915053362464e-03
6.964848313291648312e-04
1.074659262753970218e-03
8.503300499725441677e-04
6.031766929397889632e-04
6.994531154746769664e-04
3.945626603697522565e-04
1.199166234174983648e-03
8.523599453554589695e-04
2.291351377405394761e-03
7.966602399074009444e-04
5.948783647529172882e-04
1.262913263950152590e-03
2.760947792641458686e-03
3.017193385681275156e-03
1.534626630317458907e-03
8.151850894049698188e-04
7.175473716720470003e-04
6.816082738314325692e-04
7.707776371503765635e-04
8.130932269539669884e-04
7.524852569235389787e-04
8.209943989067728688e-04
8.266227662570112397e-04
9.481550555612831182e-04
5.753113908123496127e-04
9.285349536538624327e-04
6.088680515897833745e-04
6.612262560754746284e-04
4.482176407536932628e-04
8.103550516932864949e-04
3.455513304278133514e-04
6.460006113137087280e-04
1.045447676116526394e-03
7.187516868755577373e-04
1.361137100486147292e-03
1.033382177208456900e-03
5.937982003005366641e-04
7.701569420538164961e-04
5.634956419457848439e-04
1.038010077151246347e-03
4.311787088043634534e-04
2.206620935998989969e-03
9.250576350228192305e-04
7.732448944456121655e-04
1.548460074918311122e-03
6.233227278738464206e-04
9.474121438432884243e-04
8.529692835031274121e-04
3.994159172960577665e-04
1.354837796464631672e-03
1.223025558933656283e-03
5.703524591543444183e-04
2.250581244501406297e-03
1.174430564729030992e-02
8.158738922155702507e-04
6.720602318211505322e-04
7.247095686123703265e-04
5.631587622889101807e-04
9.100256596489761374e-04
8.549387015158530769e-04
7.653922927409702922e-04
2.105414833512247834e-03
6.344929381416299823e-04
5.418299131284965006e-04
9.414298102052031953e-04
1.218379485109480050e-03
5.650595095711376985e-04
7.163615691858133848e-04
8.158738922155702507e-04
4.480023519174046388e-04
8.137085317386404332e-04
1.318857883800661664e-03
7.879255270753963243e-04
4.585304867785278213e-04
6.469090465055230476e-04
9.591156608760153385e-04
8.150094768968495955e-04
9.572039069173157722e-04
1.374521153387996608e-03
7.326334381635429957e-04
1.070828527113094290e-03
5.430226356556842231e-04
4.337002378759222186e-04
4.651634361587070159e-04
9.772298681469521447e-04
5.801358000571780202e-04
7.187274231850628980e-04
1.145016138489290567e-03
8.870184017240409112e-04
1.030052915882172021e-03
1.807607036474341480e-03
9.444632121787127372e-04
7.048853496371808997e-04
8.670876616433553395e-04
1.370414077271321206e-03
3.897249147963119278e-04
2.243631035057212179e-03
1.274941573114914605e-03
2.806082710519818653e-04
4.280145816892177882e-04
1.668024600239520353e-03
9.606904792158996479e-04
6.393902150998579011e-03
9.136398295177218173e-04
6.668105368905269306e-04
8.670404816845345098e-04
8.972445087754129167e-04
4.134982192354676178e-03
7.371598113775837532e-04
9.422260805177437321e-04
7.465405251644764316e-04
7.350498756258387525e-04
1.177387788227153478e-03
1.174430564729030992e-02
3.307355389297215661e-04
7.342344722140822398e-04
9.196893548647732102e-04
4.084324011374311828e-04
4.477678446610199579e-04
6.605185604749325449e-04
1.330856900537700669e-03
8.151591866824597259e-04
8.143179316308527069e-04
6.167105195772344499e-04
8.852940991721063024e-04
2.230103072099761264e-03
5.685197268935738386e-04
7.514813918356582365e-04
9.178158455390230145e-04
8.646695149144803961e-04
1.266857467404507382e-03
6.880654427156462265e-04
4.579050537199677519e-04
4.408448656465531056e-04
8.242548960025235455e-04
1.063095246170032721e-03
3.889883621284648523e-03
4.020404441447559055e-04
6.292857926978942399e-04
5.154811343813114509e-04
6.901910869702783564e-04
5.436447802973596319e-04
1.015303079997602461e-03
5.421766452319438370e-04
6.247329990365589050e-04
4.585242739685553917e-04
3.621761106825274030e-04
5.883279348427648651e-04
1.388131629852266393e-03
1.369379087804655252e-03
4.543362081568982479e-04
2.184059455756077756e-03
3.841883549009731812e-04
4.437062843945879949e-04
4.240401363059604278e-04
7.718746117179234702e-04
2.975505691342677584e-04
5.872061774123844271e-04
6.179248851417134527e-04
6.489293602838994146e-04
4.418273935770171109e-04
3.495154102887930696e-04
3.781925537560469988e-04
2.690524129097255149e-03
3.402209716491322658e-04
8.359568382901304577e-04
7.028860069901884900e-04
1.670574513813948177e-03
5.867352715932265452e-04
6.397536963169256265e-04
6.312576058461781070e-04
2.545711646184886396e-03
7.790093384251367591e-04
1.148815500365177105e-03
6.945508139633837239e-04
5.376808538584237603e-04
1.371367917023536605e-03
5.932676104631961307e-04
5.898180726700318673e-04
1.089047940465885395e-03
5.183736057156343663e-04
1.080523915366570636e-03
1.453592188148885656e-03
4.579050690310634050e-04
1.150165221448698222e-03
6.605728006843223418e-04
5.533633514749386386e-04
2.752482896825258693e-04
2.170546774015743620e-03
8.334902973020812730e-04
4.800365500008623278e-04
6.095641797726105825e-04
5.580605170407533988e-04
8.885290507885665930e-04
6.516525289022725249e-04
3.852965417940863529e-04
1.560787207352350679e-03
1.286532918018009871e-03
8.799810848302994180e-04
1.730275537917154048e-03
8.804905827207729421e-04
1.006682957499175713e-03
6.393902150998579011e-03
6.999428395291384291e-04
7.874977060602423489e-04
4.864319612423452749e-04
4.926585184446891823e-04
1.316433194606828798e-03
9.709044639476756061e-04
8.304258740533086583e-04
3.369874078192399303e-03
1.478304236692627466e-03
6.962219071407766812e-04
1.041438599878671259e-03
2.628293221251389467e-03
9.463022902995238883e-04
3.353835287913909616e-04
3.506750303394484550e-04
2.539991059986646850e-04
6.059497027740000678e-04
7.750959375780904197e-04
1.391490252703872802e-03
5.996895323930395228e-04
1.155812984807700217e-03
7.104397683910221349e-04
8.949195396619982366e-04
4.709012195953763574e-04
5.623106073535374732e-04
5.591206375967777567e-04
5.365055554992296779e-04
6.497190450231179288e-04
5.969239318953068699e-04
1.233535146436414440e-03
1.178116115416672632e-03
1.122799773724665346e-03
1.082368428632811104e-03
1.998269295479415675e-03
5.907409778116005407e-04
1.744078152900854339e-03
6.715129311443969158e-04
1.467427244711462997e-03
6.935825929510072924e-04
3.477610668314819512e-04
6.222206366265096902e-04
6.525843386584902466e-04
6.626704860969790441e-04
5.980634816952275657e-04
3.036186163511817113e-03
1.216195150551018693e-03
7.570720955437373282e-04
1.042581612594674313e-03
6.680978539216486526e-04
9.095527283195560270e-04
6.356824713838863956e-04
3.644768108997060237e-04
5.086978419544612405e-04
7.575543401548115625e-04
7.856821220345959738e-04
1.019188546981975203e-03
1.188715573160507247e-03
5.805876527128844226e-04
5.705844781492905174e-04
5.897355960802050292e-04
4.771146941874681419e-04
1.435498724796976022e-03
3.285562443889701915e-04
6.116602653603236484e-04
9.459174498400585440e-04
8.039331477793049087e-04
2.059299084773926272e-03
9.410737384407432933e-04
7.637530331762278687e-04
7.940778748519051328e-04
7.523451997040146852e-04
4.249720124450782487e-04
5.169297212794252486e-04
8.724371401877012867e-04
8.071678012285689709e-04
8.428375775507486890e-04
6.496997707778607006e-04
4.669301362916675711e-04
6.446533390899467910e-04
4.579534417697985697e-04
7.036270624337487810e-04
1.214891927554747914e-03
8.918052745896875395e-04
1.783649103443155949e-03
6.266268759304408379e-04
7.401155728023325409e-04
4.408448656465531056e-04
8.773082686697119496e-04
1.113036123754778534e-03
8.899547277318262811e-04
8.246794936206371324e-04
3.515324594977510195e-03
4.724493138851647159e-04
1.198817573731456466e-03
7.899092555091088682e-04
5.007536522863933505e-04
7.482813273836984389e-04
6.884439201881502410e-04
9.235405673122885472e-04
1.719949112822572379e-03
8.183422724357499638e-04
6.150887431491698122e-03
6.386231388420493494e-04
6.022918596192253270e-04
2.691574080033225453e-04
4.025716568957608821e-04
7.780207134330548559e-04
4.007022179874084110e-04
1.432982976802598622e-03
7.395186903923015856e-04
9.959296501802451448e-04
9.146206147006803256e-04
7.701569420538164961e-04
1.268096947141359072e-03
7.504546540181086670e-04
9.826320984231225100e-04
1.305507752104137671e-03
4.823020593244547365e-04
3.035200032346155753e-03
6.143720484178470621e-04
9.083071311104562754e-04
7.888319289863273548e-04
1.033427397434606449e-03
4.042290499737902785e-04
1.238956260024614295e-03
5.378967933190849588e-04
1.009994677621467354e-03
4.933823863265389019e-04
6.487378419778924970e-04
9.321682643008430760e-04
7.329377387030825558e-04
6.650182384106303980e-04
1.065566622255821952e-03
2.206356813673949861e-03
3.103851863077548585e-04
8.941013518655316220e-04
6.336971637125792065e-04
4.915825652206116773e-03
5.602225409402180516e-04
1.176305903808208932e-03
7.999263640005559997e-04
8.101213969816122061e-04
7.880564219141079040e-04
5.123234834595064447e-04
7.683499132116530924e-04
3.161119136809625364e-04
7.616027273690001041e-04
2.248559862950949215e-03
7.093210818768625565e-04
5.121941839729164322e-04
4.394827491918764425e-04
3.784148878719472819e-04
4.677875170206213015e-04
4.788455222729433042e-04
5.073151723862744621e-04
7.550382403629809060e-04
1.227886822832592074e-03
1.845480300183543207e-03
6.641978969071125416e-04
1.080140616201886007e-03
1.241411037711119157e-03
9.481550555612831182e-04
9.515242166652333137e-04
8.041705207019620100e-04
6.041727534647405116e-04
1.040564572705447418e-03
5.183736057156343663e-04
4.297907871288359502e-04
1.068226975903899603e-03
6.323468019383670508e-03
5.547636890079422813e-04
1.081968168061526927e-03
3.743410736670124174e-04
5.970263802083955419e-04
6.426353165931758451e-04
8.095344392742941228e-04
8.653669494519521804e-04
1.038126031971571550e-03
1.053868014975564748e-03
3.974514287319654026e-04
8.597486318972987233e-04
8.310987199556498428e-04
9.338478041945741251e-04
2.882399144614550485e-04
1.729872706008692184e-03
9.175011015608080861e-04
4.489372416278806827e-04
5.784229536016123737e-04
4.604016959918382575e-04
1.033382177208456900e-03
7.695196809628826289e-04
1.243147800760843920e-03
3.174154127834146908e-04
6.089891935844095631e-04
4.826079863143790429e-04
7.677226977788156100e-04
6.874574980754264309e-04
9.762164741439486237e-04
4.604016959918382575e-04
8.775748362774370539e-04
9.132222508507913030e-04
1.184539892787594148e-03
5.593619776455494496e-04
1.407982227521825929e-03
8.014938549919988766e-04
7.034413025471398639e-04
9.170669972272457856e-04
8.293451853020197091e-04
6.392790891642235063e-04
7.747153327571619248e-04
1.364958142777501077e-03
7.378327649677122275e-04
7.421987392192707679e-04
8.701121740694940957e-04
1.098846458813239032e-03
1.291531095325733911e-03
6.811623374077034696e-04
7.725754102152625376e-04
7.144778595353963460e-04
1.219823156748477350e-03
1.019176968406325726e-03
1.067696441211318705e-03
2.167335813585507392e-03
4.174227051262602533e-04
9.513224936477823702e-04
5.217945701794880547e-04
4.838563499079539133e-04
4.754736688491783192e-04
5.108549669225682021e-04
6.641978969071125416e-04
5.628413131354342630e-04
8.103267805916586873e-04
5.752725303010666671e-04
6.906244284610708016e-04
5.019489124966446504e-04
4.397737429375578474e-04
8.811237271869864487e-04
7.226779552389930687e-04
7.713497483818299808e-04
6.917823987768880823e-04
4.397558940258478803e-04
7.463373731810347056e-04
1.941241059453036044e-03
6.232895334403840571e-04
1.105557290203301778e-03
8.527532597417387906e-04
6.886604752903695715e-04
1.300785859946940312e-03
6.274778833071771676e-04
1.336236781350639332e-03
7.941998754873982793e-04
4.685115343440480811e-04
8.495526589749936592e-04
8.537015145528644051e-04
5.971288569431582993e-04
6.589965816406801900e-04
4.180976690098398550e-04
9.345464110407906717e-04
2.872102986868256460e-03
6.980826088540788505e-04
7.456746744171631643e-04
8.574712238090798338e-04
1.395841072797256817e-03
8.975626113756176357e-04
1.210369199074927101e-03
4.074481112638200764e-04
1.055110839102591392e-03
8.461161828949254971e-04
6.326526735794213386e-04
1.078188143468043324e-03
6.898353989453190251e-04
1.225050803296529652e-03
1.298194358968629255e-03
1.832124000884178226e-03
1.573949174854746618e-03
2.562408090173861393e-03
6.276186889196457572e-04
1.145556512965802696e-03
1.250828538500478853e-03
5.491471434805021571e-04
8.224949511877509625e-04
5.939413390572416580e-04
5.527214867739415173e-04
7.056198289876953241e-04
2.504939524968787488e-03
1.412268154050461133e-03
