4.266799730862621881e-04
4.197530020419073106e-04
7.520415117229924899e-04
4.110020756939243201e-04
4.126718252058847783e-04
2.120149982895454688e-03
4.817717742573859939e-04
5.000067880863491056e-04
7.162408067170187480e-04
3.732068710567747823e-04
9.607201375749403489e-04
4.613094594988445432e-04
7.236329193885636391e-04
4.937155593680576634e-04
4.203965889935344646e-04
4.198976335422238042e-04
4.614075746161960920e-04
5.148348339660455651e-04
7.890954207486026994e-04
7.297682162488246162e-04
5.215846110694445691e-04
1.049538132174051468e-03
6.920526200124895583e-04
8.888505637988060922e-04
7.936284775153694751e-04
6.913275408832584732e-04
4.495637249948994472e-04
7.315914577509763069e-04
8.486040169064905121e-04
1.539792236375664165e-03
6.064192606352542328e-04
5.331385179058238622e-04
1.549205073406645025e-03
4.093599125378951644e-04
5.006874109836091094e-04
3.661937524295086279e-04
4.576908333517005979e-04
1.582975160206834047e-03
3.956641778300163358e-04
3.987756297313332443e-04
9.477840238588624948e-04
4.793458655871573964e-04
4.787727464178531201e-04
5.226753612339777406e-04
5.546110780256503867e-04
4.194883457066331668e-04
4.745442212631205393e-04
1.012263201855350585e-03
5.955319991230182070e-04
4.539418683399367078e-04
1.197882965157568824e-03
3.668019568386407178e-03
9.679765213370445558e-04
5.135595064676925668e-04
3.970435815418827644e-04
2.778928490777858931e-02
7.611393062354999354e-04
9.721129064515905650e-04
4.914517737243465903e-04
4.592794014493030994e-04
4.259453574281644875e-04
5.461442242245980166e-04
3.877009832616430066e-03
1.754217756545717755e-03
2.644947589085558035e-03
3.620771755562553337e-04
4.082550099011649576e-04
5.035226253464116517e-04
5.106585029814021768e-04
4.322373444458883448e-04
4.693508763840976137e-04
5.537320969690870875e-04
4.543823833701250616e-04
4.447250480406544438e-04
4.412579210439203522e-04
9.417846360011331410e-04
1.095497015730537062e-03
6.188524946758853541e-04
4.672799084403074315e-04
2.040973263417933045e-03
6.758590797658738190e-04
9.747941630274603109e-04
4.754736498895361946e-04
6.872317629150732996e-04
8.725776700811856655e-04
4.726934272624297505e-04
4.321599446525438448e-04
4.876900855669882699e-04
5.583358383380458744e-04
4.696801105941610967e-04
7.740652632776801436e-04
7.252589657734153424e-04
6.203023349910424854e-04
7.083593015790187958e-04
4.624340125668783760e-04
4.275302758151647829e-04
8.462706739114085434e-04
3.570708136065109612e-04
6.923642890614724581e-04
4.063555377704787096e-04
7.848147484373539737e-04
1.361233050363548289e-03
3.668019568386407178e-03
1.233442550709257235e-03
4.247053615083590489e-04
7.204591091821817500e-04
9.233990103812168143e-04
7.459509208361173168e-04
6.307223720733934813e-04
2.319479525479287846e-03
8.582801576630524291e-04
3.877009832616430066e-03
4.354671051107398107e-04
6.252318667272602389e-04
5.099213248974402085e-04
4.741960384630440270e-04
4.975417306134713056e-04
4.293039631323141022e-04
4.325269521234410418e-04
6.075964134949525400e-04
6.956885256638914005e-04
4.413640391776625497e-04
3.369975521904771125e-04
4.484287463323943877e-04
1.149321720947913805e-03
5.758208905510992263e-04
3.863753161173916488e-04
4.374691797023780955e-04
3.795635339472724890e-04
3.735893473317311564e-04
4.344342972814747546e-04
3.687294212299468510e-04
4.252210845706227895e-04
4.271236480894891486e-04
1.114770086116264464e-03
1.260615817433425722e-03
4.257958449666448012e-04
6.837809053304360956e-04
4.679488973669188230e-04
4.518477969823668332e-04
3.728062345263866953e-04
7.261159389264255914e-04
8.373842023463626922e-04
1.167677831414953155e-03
6.843959259828364923e-04
3.685112273651092391e-04
1.014222387257043010e-03
6.036889928300290297e-04
5.942108458583002500e-04
4.901734805582222279e-04
1.779642880615159685e-03
4.291446425783719239e-04
4.898960195820412566e-04
1.980202490815550879e-03
3.668486713016835886e-04
4.594544965449575205e-03
4.649570053222886715e-04
1.265518595336456113e-03
5.384679213494509903e-04
4.266790338754883100e-04
5.782481957703098589e-04
4.303747688076405118e-04
7.153080728164925304e-04
6.315528661892288098e-04
6.273070328957490753e-04
3.843653094205906140e-04
4.228387873192225458e-04
4.573897770705401245e-04
4.181597151159829016e-04
6.309578850355434653e-04
5.812968013339889911e-04
3.844350092895602519e-04
4.984433596041141709e-04
1.263207497004383961e-03
4.148163252699278345e-04
5.549748346075288833e-04
4.346207502899639835e-04
4.103447567284771759e-04
4.478781592454581526e-04
3.931306997031184147e-04
7.426453394565035986e-04
9.819632222349506875e-04
7.157762800954362101e-04
4.693897005603925895e-04
3.750874926066588826e-04
3.723315713797454348e-04
4.274336435885248793e-04
5.589084588632800511e-04
3.609136558114596407e-04
4.899830281027563834e-04
5.133657677413505302e-04
6.227500018756213342e-04
1.015540089208649471e-03
5.589967148430908346e-04
6.756114958448747147e-04
2.583471224516708988e-03
5.097316765237471002e-04
4.316921598142501714e-04
1.391849994992041791e-03
6.160892453601203534e-04
4.917330841688873034e-04
5.556375302843705524e-04
3.152301819627447658e-03
3.646895208574106053e-04
5.011972914919464580e-04
5.113907346255368563e-04
3.798619664845770492e-04
5.332391486569187196e-04
1.394508319772715284e-03
1.106097323484725014e-03
4.676899444750963583e-04
4.114544244158903526e-04
4.457537745314704941e-04
9.961700880876339734e-04
4.895041121921384812e-04
4.618860449355839562e-04
9.971040688778452267e-04
7.326850176100992065e-04
6.517066128276591134e-04
8.319248796876468899e-04
7.204467175011426130e-04
4.243444418897433855e-04
8.029439281624481308e-04
4.195251787100620676e-04
3.684492138820656725e-04
5.869261095605217719e-04
5.416977716628097695e-04
3.762346980205357166e-04
4.131738063099534529e-04
3.577073446241003300e-04
1.081374624740549188e-03
4.319826200624718253e-04
8.964234265478827684e-04
1.355773640416112940e-03
2.139574980217159167e-03
4.699611519339042280e-04
4.364762994337494833e-04
3.668486713016835886e-04
8.752373212462267321e-04
5.986553259173899933e-04
6.339546806360474643e-04
1.183423696942807789e-03
7.074434721883995827e-04
9.857230148346384901e-04
3.994817423506647511e-04
4.540420443732160263e-04
2.680738809283673280e-03
3.815189723035369070e-04
4.059250028318947805e-04
1.338015755218417658e-03
3.903146266333906342e-04
6.243221057305822384e-04
6.777466273150278440e-04
4.502685444903854837e-04
8.037976459795364388e-04
4.626905898619090222e-04
4.223018408955942935e-04
3.766992401718414867e-04
6.452129504065857220e-04
3.810962181817722214e-04
5.671261730707331371e-04
4.612857336931888035e-04
4.653408919604302258e-04
7.450966571651568152e-04
3.576637067280845090e-04
5.223131204429663083e-04
8.483697187521516223e-04
6.735734705411541194e-04
2.492476246332519033e-03
6.166963521577177197e-04
4.603225825459415950e-04
1.167125801522085008e-03
6.663093368113288473e-04
9.844456328162787869e-04
4.174923517156125738e-04
4.487033886284721258e-04
3.754377786183806030e-04
2.778928490777858931e-02
4.124288226486994891e-04
5.513584522434761227e-04
1.513820616640912517e-03
5.550232903644940338e-04
6.936525722296951659e-04
1.332971286672063327e-03
6.925665049324994946e-04
3.635298517103647468e-04
5.195533810797203691e-04
6.285224771809195176e-04
1.107400662206352174e-03
1.445985540010746731e-03
5.527494536510334623e-04
4.346974510770300597e-04
5.024048262345397935e-04
4.225477469873571744e-04
5.981648971719959705e-04
6.435054649771389853e-04
1.990794743012877076e-03
4.137822407543281658e-04
5.602344681032218237e-04
6.270898901269906156e-04
1.035786105079863776e-03
5.873734374301043748e-04
4.347998982157861279e-04
4.841628973788318917e-04
5.010864220546160618e-04
8.321491208119660265e-04
5.350050830484488328e-04
4.861308510214119058e-04
3.815758005381471567e-04
3.589131210276435657e-04
5.740607787646544776e-04
1.133491270935172443e-03
4.893506611311173498e-04
1.405058627012532868e-03
5.161950151964529287e-04
1.065865130145864179e-03
5.983670290037340243e-04
3.688706162322392111e-04
4.103199876479168189e-04
4.924940833120456350e-04
4.458403582853074829e-04
4.803438013719144029e-04
4.834137241005881120e-04
9.454002853540726141e-04
4.902527980547213143e-04
6.217350926443168018e-04
4.587078255894669462e-04
8.006194615296760488e-04
8.681162027504950437e-04
3.579702187650651347e-04
2.183433347651697609e-03
1.390630277552433415e-03
4.594544965449575205e-03
8.630981326290147271e-04
6.844161132639862716e-04
7.415875807782042152e-04
6.458230504430389736e-04
3.899383930189838864e-04
5.580538921269221188e-04
3.746758753287075068e-04
5.057799416810571710e-04
5.549206372744941137e-04
1.231823230354413875e-03
3.851583806932982025e-04
5.072475234428824344e-03
4.596573441093047786e-04
4.319538556651591186e-04
5.473064274777628309e-04
8.385376079812610238e-04
7.288962730948325914e-04
1.668150347982521459e-03
4.295941907124888721e-04
5.845443389102072907e-04
3.844981475668182388e-04
4.910059609934589418e-04
5.015204693421471604e-04
3.739315160941844595e-04
5.511279549438063193e-04
6.771315752670594443e-04
4.008649046299084338e-04
5.560867750811402353e-04
5.108021755765579375e-04
5.763241841767543800e-04
4.668446822877852479e-04
3.604604643186414795e-04
5.791612625140973945e-04
5.987913175856163272e-04
3.999870688778383600e-04
2.042228528065144662e-03
6.325951816915501621e-04
9.140297011274959183e-04
5.664794204908517143e-04
7.236329193885636391e-04
7.820202339265905789e-04
6.336342981845212354e-04
4.616712666679416129e-04
5.960746957343376938e-04
8.850108090831957167e-04
4.863819902797382336e-04
5.617821872225441451e-04
6.155746439969682999e-04
9.182143700752702208e-04
4.533674287450121338e-04
5.350223017360523914e-04
7.928562687362099206e-04
4.817550495764649473e-04
4.713143289522322824e-04
6.309578850355434653e-04
5.081968794146867266e-04
1.044192334184525098e-03
7.468247485531181356e-04
5.028015720086796659e-04
3.341071979620738406e-03
6.019580736864145942e-04
4.025941688276280265e-04
5.178829462423283070e-04
3.745622124319582507e-04
4.607026148118532373e-04
9.679765213370445558e-04
8.651586015355313330e-04
7.491607824641638999e-04
1.160161431823002968e-03
4.547635117632703341e-04
8.902767344105932783e-04
8.242569594532475272e-04
4.054764062720250741e-04
4.286651051059607218e-04
6.572068783919160842e-04
5.033211196672336294e-04
4.918955039099337512e-04
6.072518386054502225e-04
3.645817645169551120e-04
6.676919817840265689e-04
1.915405807419094924e-03
3.565032396826161329e-04
7.799444201305564010e-04
3.970554462256563051e-04
4.810036172399040745e-04
4.493652950612323557e-04
1.114945052629718507e-03
9.607201375749403489e-04
5.307170109634057418e-04
4.066335705267739306e-04
8.460567809775939880e-04
4.226401489078124643e-04
4.510018056607864850e-04
4.061110891525342745e-04
5.051529853831048964e-04
3.895821292912448361e-04
5.027295142243065184e-04
9.948506142656938969e-04
6.223137673082536001e-04
4.467029480988293647e-04
9.728379231169326626e-04
7.256792582295537499e-04
4.510028814356261914e-04
5.607731248194746136e-04
5.632627074540889379e-04
4.913265924279307598e-04
6.803324807945956149e-04
4.399047301685504274e-04
5.134644728236729440e-04
1.578867153912456205e-03
4.857843686327529675e-04
3.875979068528183661e-04
5.511755841610602299e-04
6.036321001495509753e-04
3.787067466719431087e-04
4.907090436342198070e-04
3.763691440192144019e-04
4.479127562066051644e-04
1.384050177624989754e-03
4.683543647491942631e-04
3.823741769626077570e-04
7.421589820029906746e-04
4.137822407543281658e-04
4.679831932804866083e-04
4.106490471396558040e-04
1.138166194864038017e-03
5.211450398061099991e-04
4.690643825268684644e-04
1.265486720687575457e-02
8.299364182780962721e-04
3.782711141252507645e-04
3.612178087794762197e-04
3.957523854517692725e-04
5.700375211754781174e-04
3.752327840520252645e-04
4.128060303272450466e-04
3.774193748053218016e-04
8.135225653395409227e-04
4.579111538039573907e-04
5.384332495679075179e-04
7.021209109482313233e-04
5.362538221405427005e-04
4.459133069944250368e-04
2.778928490777858931e-02
3.636104356353190474e-04
1.277349650693285600e-03
3.937216594810184940e-04
9.495110387375296735e-04
4.489181792944273684e-04
8.651739948856085804e-04
8.253668401026944537e-04
6.227500018756213342e-04
4.594544965449575205e-03
5.690450491812435070e-04
1.818492636607877853e-03
7.521970982897682734e-04
3.730965213307960312e-04
8.732032008063137646e-04
3.648112837594345024e-04
5.313665091697690858e-04
6.872317629150732996e-04
3.699445587235838180e-04
5.681608846456509586e-04
5.231139310459396357e-04
8.491769932600117714e-04
7.393526272486182580e-04
5.517902647033840228e-04
4.407905425162713135e-04
3.712813485779658065e-04
5.753910458960961351e-04
7.269296116712379305e-04
1.225700419176779148e-03
4.735208321342009616e-04
6.279526576742110785e-04
4.744443136477511356e-04
7.618352275945610222e-04
8.342837318766098886e-04
7.822237608266444922e-04
4.508426768046468495e-04
3.860231127097146493e-04
3.520464900988166837e-04
4.488629856993945158e-04
6.849828867056045531e-04
7.047606823626891611e-04
4.168425840474863225e-04
4.060567928326900872e-04
5.121414773616050258e-04
5.405554907081366314e-04
4.594544965449575205e-03
5.651731075837719467e-04
4.824082164638776181e-04
5.391439450150390528e-04
6.302672140839191053e-04
1.048272613711758762e-03
3.607364007117114897e-04
3.978223669306466610e-04
4.407403273541741617e-04
2.183433347651697609e-03
1.114770086116264464e-03
4.304946621232769036e-04
4.312540987942469276e-04
1.291028052139758710e-03
5.383024252472839435e-04
7.230790067849393165e-04
4.097597562996011704e-04
5.352214300839191119e-04
4.970560168761924526e-04
4.944020515825631049e-04
5.385327539816562844e-04
3.562058422782595716e-03
3.054254988041629152e-03
1.010567583854610034e-03
2.066702279675306474e-03
4.564520237505164052e-04
1.760841024885687663e-03
6.251624068578491306e-04
5.930948988733105928e-04
5.715214473043665798e-04
5.464112828496152678e-04
4.818117446627774168e-04
4.594544965449575205e-03
6.683481754371622258e-04
5.980500762578157443e-04
2.778928490777858931e-02
9.327073130093171006e-04
5.882969020241986952e-04
1.180316163181754398e-03
5.537320969690870875e-04
4.402456184004547289e-04
5.657813749565890078e-04
6.482608916052917713e-04
5.714094452236951954e-04
4.585314998630725695e-04
4.556279136819099771e-04
6.949915401238610565e-04
4.532384745517245355e-04
5.388316583461779524e-04
6.458067200555510628e-04
1.404903592794815286e-03
8.301529660384734076e-04
3.562058422782595716e-03
4.036119595999646025e-04
6.629744954014670129e-04
3.849045547945595630e-04
7.100881611281348099e-04
4.741043278865909112e-04
5.020713158691858264e-04
1.169696240220391556e-03
4.004335656331495913e-04
5.175391853304956531e-04
1.148593460443154577e-03
6.774698412749096408e-04
5.274105315292667477e-04
6.407101794830270293e-04
1.990790655110897048e-03
4.181883105486684338e-04
7.157856183848906352e-04
4.042545621748767416e-04
3.595719985467014782e-04
5.167940897376666239e-04
1.044550526763671954e-03
4.335614637537687902e-04
4.135511096202048524e-04
6.387751715435501529e-04
4.112882566500603043e-04
7.193168772834122654e-04
4.864153631875295543e-04
6.304141896329695230e-04
5.188987339918919557e-04
1.365906365869510534e-03
5.089852019311790193e-04
5.312968621223869382e-04
1.344723198043072838e-02
5.759001722417247471e-04
4.563761593702955885e-04
5.285609634745820932e-04
5.693754027637843492e-04
4.813236848133491748e-04
1.388679066755752487e-03
4.189690846746883151e-04
4.669329159313880613e-04
5.476394586627322987e-04
5.630044573369411909e-04
6.546704560728371482e-04
4.929058019225540481e-04
4.073115719322981153e-04
1.487832220844613343e-03
3.858457216085302028e-04
5.290728884743278607e-04
4.090193610334776856e-04
3.826377835711453762e-04
1.350669036039479215e-03
6.872317629150732996e-04
5.784784359969619497e-04
4.116560786192869064e-04
9.770665365317443389e-04
5.977717048051092198e-04
1.082629082009615995e-03
5.997260014981946590e-04
4.395981950669804465e-04
4.225139926580946236e-04
4.360820358294316152e-04
3.992002896394060462e-04
3.845821308405006096e-04
4.628335327768271640e-04
4.293889959812972217e-04
4.896200710518879701e-04
5.519184374949859685e-04
4.558126810846534573e-04
5.583033344215644535e-04
3.876458397493874239e-04
1.373745563271101203e-03
4.779255738033835808e-04
4.194817403193383618e-04
5.725166225346625106e-04
5.102720940271638587e-04
4.159010049086173913e-04
4.698464638370841934e-04
7.555803261864139789e-04
7.331581869583942389e-03
1.424067118227703233e-03
3.743363427480695792e-04
3.715515551353566932e-03
3.936010521334960214e-04
7.339311850222630853e-04
4.945147348581584168e-04
9.996424397612231182e-04
5.199437072818971451e-04
3.693751381335694901e-04
2.066702279675306474e-03
4.543721510085851185e-04
4.338718223752740057e-04
3.928639951345144201e-04
4.095913141221308156e-04
1.013103268135507077e-03
1.025163320995763115e-03
5.721009664374217089e-04
5.994416742088269330e-04
4.487671749544954792e-04
3.525968613311309817e-04
6.727802983992742496e-04
5.421003400439040627e-04
3.981592795848467366e-04
4.525206256487963180e-04
6.606242501331133958e-04
1.099011846084713790e-03
1.078162144664506850e-03
1.039448958783474380e-03
3.559238823971321020e-04
8.816856286877880478e-03
4.735294635873733360e-04
3.970520398149231201e-04
8.985742321668702213e-04
3.885931624135053990e-04
5.856421359041465938e-04
5.356505669720745778e-04
3.818209692407898955e-04
1.231823230354413875e-03
6.300839431962466149e-04
6.442110836195338256e-04
5.911943876340102497e-04
3.734636032350874637e-04
6.728424329023079608e-04
6.291323322497299189e-04
4.522272684833081552e-04
7.660809903964572662e-04
1.108999827015334089e-03
5.812445616499165371e-04
1.245349854745079815e-03
4.568989443195477034e-04
1.097539008855166190e-03
8.113380633662817211e-04
4.434782202539100794e-04
4.027954682858509577e-03
3.655490961343157920e-04
8.493469046009036877e-04
8.028786986034243834e-04
8.354767962705801068e-04
8.816856286877880478e-03
2.066702279675306474e-03
4.644330529845516861e-04
3.660169240630225390e-04
1.676178169006414939e-03
4.532286398575588286e-04
3.921766831274874055e-04
8.309211197613114181e-04
6.676680600979547752e-04
5.556375302843705524e-04
7.089963820058120059e-04
5.549450019701866483e-04
5.218033228891114355e-04
1.009942025557188962e-03
8.845076920418905699e-04
7.961946360664753832e-04
4.956541634960197774e-04
3.533735813183944965e-04
4.579756910070662424e-04
5.560867750811402353e-04
4.603722955193769980e-04
4.781180479641342703e-04
6.735273005762514335e-04
3.676118409535380897e-04
2.066702279675306474e-03
3.443340656961410323e-04
6.200281859555080519e-04
5.502758396894337880e-04
8.333305710921114998e-04
6.669150268128821221e-04
1.332969995137039433e-03
7.136231300357957514e-04
2.448986110602915933e-03
6.773953401518207880e-04
3.827940713900561333e-04
3.794385467534884667e-04
2.364980245362907976e-03
4.665017616597009380e-04
4.159140265005792131e-04
6.575899217581296580e-04
4.421521981185044759e-04
8.192940140238501485e-04
4.587224676539634633e-04
9.480366844442017016e-04
4.493324184544523364e-04
7.505557379646558272e-04
4.435526803639837368e-04
5.052356422772846713e-04
6.115499165954767875e-04
5.432716290207820859e-04
3.793441910350917089e-04
6.123375583728855962e-04
5.596018663946072729e-04
3.152301819627447658e-03
3.105222526655300030e-03
3.752707383401921847e-04
4.231602817137866917e-04
1.169696240220391556e-03
4.707498490731850944e-04
4.359115384839157498e-04
3.800326153181087852e-04
4.354090315196721718e-04
4.320419297605383410e-04
3.957767687580538785e-04
3.787932813216976437e-04
4.641082088219833823e-04
4.240158614710707739e-04
4.577035368255332501e-04
8.479307102546679645e-03
6.978771207716450310e-04
4.175723225351216095e-04
8.444265575877882334e-04
9.221677581900048068e-04
1.373745563271101203e-03
1.291028052139758710e-03
8.659379418760286681e-04
4.061649337669796822e-04
1.756774560229612927e-03
3.939915133792850493e-04
3.937918544912684849e-04
4.764237645162715945e-04
4.148675698889258421e-04
6.908232694113392892e-04
3.668005354444696582e-04
4.449642504996017514e-04
3.969414983078735815e-04
6.464211057384967310e-04
4.660515328051825562e-04
5.568363954651505418e-04
5.603884887937071041e-04
9.278540573189672644e-04
3.896373769278789066e-04
3.459815705926936246e-04
2.035010792891449836e-03
4.561397970422257763e-04
5.532568917220758624e-04
4.677809082568211495e-04
6.606631752031802245e-04
3.530380327995544308e-04
7.646742838984200898e-04
6.298880087748551888e-04
1.161836296748813314e-03
4.846520003830651286e-04
7.343414123723608763e-04
8.754582336391709095e-04
6.683878437855142202e-04
4.311195425094227376e-04
5.841616263029498568e-04
4.778288753190946246e-04
5.627245768552920644e-04
5.358538959520118888e-04
4.076426474571897478e-04
6.446011415469427496e-04
5.333448651299631596e-04
5.927944840515878781e-04
2.778928490777858931e-02
4.009183433110713023e-04
6.488606649382134498e-04
1.033993655551592589e-03
1.744066756979651984e-03
5.417247518339689347e-04
3.787328317730983196e-04
4.601389665633262484e-04
6.310574032659928365e-04
1.266957196960903946e-03
3.687227673451788645e-04
7.537644337065463459e-04
1.202630339106002498e-03
5.457381089678853183e-04
2.183433347651697609e-03
4.014293550145088063e-04
1.105185581400905132e-03
1.478994838109934937e-03
4.496033107269999823e-04
4.913388318099296556e-04
5.650950935476065605e-04
5.026632120368916068e-04
5.541466990128086174e-04
7.140948672785498363e-04
7.297771325016742675e-04
4.989799794745968962e-04
4.470365385814603480e-04
4.594544965449575205e-03
4.885109602329091878e-04
9.727590884869902112e-04
4.697494397011940117e-04
5.957901022522303506e-04
4.300410474125625757e-04
4.961883594600188796e-04
2.474766775267861398e-03
4.554895819068785338e-04
3.621503762439359569e-04
5.642127657977674552e-04
1.587286177893865472e-03
4.895838465357800918e-04
7.660809903964572662e-04
3.817726258451851953e-04
6.750703374495931703e-04
8.905865223117147809e-04
6.726785198538565895e-04
4.735913528103145864e-04
5.210443908355280249e-04
3.844981475668182388e-04
4.899079457738181320e-04
4.532433510593389717e-04
3.617996227478422768e-04
3.530352756969248949e-04
6.133391053239337825e-04
4.993682568641122626e-04
7.040317715529132835e-04
6.984619303949416921e-04
2.035010792891449836e-03
3.988819678980156064e-04
8.115232139233054774e-04
5.634179733552198595e-04
4.832227017467882312e-04
4.148814554395227660e-04
6.384333066352409526e-04
5.400068378639097562e-04
4.646498584967667070e-04
4.388508878374878966e-04
4.899273180608903697e-04
2.066702279675306474e-03
5.997148353377579474e-04
7.469292210282810901e-04
6.269279184047255298e-04
5.754896654189718685e-04
5.074963445956152475e-04
3.837428354232690964e-04
8.163164286074835792e-04
8.671582833764999261e-04
6.036766574229473917e-04
4.714643477207829917e-04
1.123418570835628492e-03
4.594544965449575205e-03
3.951146724065476628e-04
4.726934272624297505e-04
8.074403889078412416e-04
5.997111055015518898e-04
4.615827949502130647e-04
1.393856574885391419e-03
8.871439445190792278e-04
6.905596487781454507e-04
3.664039789744750618e-04
5.191247727162773967e-04
4.756734564092509666e-04
4.787658189083960920e-04
5.150268687675434989e-04
5.478145570827556684e-04
1.749226384171364852e-03
3.699445587235838180e-04
5.362538221405427005e-04
8.165971075034912045e-04
4.148834938607116624e-04
4.617989880567052730e-04
5.217383017552946860e-04
3.923629554434775852e-04
6.023173113454148358e-04
3.327857041881728591e-03
2.900687816309031105e-03
4.200515520673923507e-04
1.026863381469693111e-03
3.689583903419589106e-04
4.891248700855147739e-04
9.892680764887577805e-04
5.487972784133639346e-04
4.544543361113004363e-04
9.527090661744871567e-04
4.872460074459415854e-04
5.249666638696053132e-04
5.461442242245980166e-04
5.759449295301018699e-04
6.380449389490445381e-04
4.531344997162727582e-04
2.778928490777858931e-02
7.123310397592725555e-04
5.517902647033840228e-04
5.472312473508545534e-04
7.025192505575453879e-04
6.297615280581321529e-03
4.719297326376866298e-04
5.373010652412770188e-04
1.098510012294922917e-03
2.066702279675306474e-03
8.283046539959003796e-04
3.759696973674243100e-04
5.759395670301571245e-04
2.778928490777858931e-02
4.245238167062692918e-04
6.215830378456709210e-04
5.223435156415255545e-04
7.742183137527550250e-04
7.725693705313489527e-04
4.850484766883166629e-04
5.456258025670448260e-04
6.165522543962246010e-04
1.097113897011590695e-03
1.924284494447197876e-03
3.942656054096904585e-04
6.166936894087193203e-04
5.954491223096093373e-04
5.134644728236729440e-04
4.518097054385188625e-04
5.743214179307072186e-04
5.057327645088932058e-04
4.836535229892665439e-04
7.471759326811383637e-04
5.410732488731163307e-04
6.387580269741356112e-04
3.874014350529959069e-04
5.987586423667393522e-04
4.143172645192655791e-04
3.693751381335694901e-04
3.952902723653000912e-04
8.221698530760087947e-04
5.634179733552198595e-04
4.693897005603925895e-04
5.161950151964529287e-04
4.160600004458605769e-04
3.459815705926936246e-04
6.297615280581321529e-03
1.181742297936315541e-03
1.209358943680768949e-03
8.486770868604532302e-04
1.314524722588110732e-03
4.473848369366674287e-04
5.274573445961936499e-04
3.854691361549163805e-04
8.081723461597134289e-04
