7.187112601641226914e-04
7.719743072522367066e-04
5.692460772722758491e-04
6.683342445731819395e-04
6.009645028657653598e-04
5.986091148624358071e-04
7.923589721724549027e-04
5.355362262950693567e-04
6.074345412672747194e-04
5.820172234107266534e-04
8.183149028711264941e-04
1.255568459013380132e-03
9.301367044049574590e-04
9.201761103383354536e-04
7.192633105504318749e-04
1.006352588079552140e-03
2.583030385876534767e-03
2.522309783373200866e-03
7.249102677198931803e-04
8.775529744252675559e-04
7.671433208755563471e-04
5.378856972082600831e-04
5.581714955027358401e-04
4.313777135016194273e-04
9.258982678065360390e-04
1.043120037475229328e-03
8.057223867384457738e-04
8.126772961663865933e-04
6.832997616088399640e-04
1.054762529312822626e-03
1.263894225525144348e-03
5.943287691692577786e-04
6.699563657818403441e-04
8.469126842357620286e-04
9.626427437443178586e-04
5.297400110871849964e-04
3.055803314443260657e-03
5.072862845535782046e-04
8.330349126200889496e-04
8.726766478607737810e-04
7.791640876006042295e-04
1.496545552693912939e-03
1.173995425936359043e-03
1.006352588079552140e-03
1.639108829759182385e-03
6.702848266111361428e-04
1.199455564048972338e-03
5.127832383674181971e-04
6.382690799045281005e-04
5.292283705482663013e-04
5.656751758576582636e-04
1.019003838769392363e-03
1.980996254372029142e-03
6.195110237054799601e-04
1.305022314529752153e-03
6.613728101858064876e-04
1.336876303414983756e-03
8.730828246463476954e-04
1.676455631126442213e-03
6.579673008923946293e-04
4.566370791253498637e-03
6.241109364515800033e-04
6.218730857360847903e-04
8.678673999544494729e-04
5.324240716968852826e-04
4.982813990299862945e-04
1.082006829638441654e-03
5.777745255584197832e-04
8.297163610374971897e-04
7.641630506402695335e-04
6.049452386645061972e-04
7.538793050215446398e-04
8.005960874516888925e-04
6.275010765423670979e-04
2.143478607024276641e-03
9.727818598056717919e-04
1.106703291813737134e-03
1.126888475176949372e-03
3.420519164475724176e-03
7.499396831120515479e-04
7.474425307437223718e-04
7.518924044993978342e-04
4.764108857542606558e-04
1.111983411497779626e-03
7.799066046769662910e-04
7.043019505336474027e-04
8.074127376466555366e-04
2.742243918242843418e-03
1.170480488547011658e-03
8.313757327470766394e-04
4.906303855380242862e-04
9.264388806198033382e-04
6.121646045589219150e-04
5.134108157276396842e-04
7.718506489436639199e-04
6.120723240638551409e-04
6.753644060515587169e-04
9.299385840069040879e-04
7.584220368805315304e-04
2.550008604734512775e-03
7.027453856015851213e-04
1.890692656391770388e-03
9.230188439782480245e-04
1.801310204531180164e-03
5.865710204109982279e-04
4.648941259313796206e-04
7.856207339021227792e-04
6.067581745332051562e-04
1.544413726928154078e-03
6.426746239011355954e-04
4.574631942202737282e-04
6.739213584856557256e-04
1.865365322061446210e-03
6.841623754829762949e-04
1.809780617488179711e-03
1.065537387256169704e-03
1.116102359987957955e-03
5.972113082276787844e-04
7.776172219460845362e-04
1.918908985177485583e-03
6.738999804396890100e-04
6.328244754371217850e-04
5.761820356651131767e-04
7.411304673434044275e-04
5.905844124265047408e-04
7.376182218808551580e-04
5.960838594721684213e-04
7.485833052414781830e-04
5.735193662262930885e-04
8.777874914651975216e-04
5.368848039093622069e-04
5.475498100900394677e-04
7.684061008606555632e-04
1.005666081331178449e-03
6.529533955241062591e-04
5.466020954237437585e-04
6.244999064379191207e-04
5.138779869423934108e-04
4.980888051506199418e-04
1.795550601546708203e-03
1.319898140255211863e-03
2.002053037821843479e-03
5.456131987693576581e-04
8.574684478664325359e-04
1.295726033412091102e-03
9.376393338653087571e-04
7.446893374525279281e-04
5.861170614949842749e-04
7.802816926329864122e-04
1.063416317292609908e-03
4.976497959960880183e-04
1.725310445717871113e-03
5.772137049496809096e-04
6.311021719525548726e-04
9.586766918473533811e-04
7.872942728759766036e-04
1.059593001676333935e-03
8.825051654441881969e-04
4.641642779915593881e-04
9.993835316172683912e-04
1.182428426791661599e-03
1.076927834466970659e-03
1.413663385699845008e-03
8.851763671259999531e-04
5.354557606029868456e-04
5.827826154962567227e-04
1.804325221605499428e-03
1.170250381408368496e-03
1.012445159244227018e-03
5.591372534890999601e-04
6.799327958226556671e-04
8.120047443520076163e-04
1.120652345873694678e-03
1.527396365947132498e-03
9.611951986856164367e-04
9.216119371514841507e-04
6.453222104230858965e-04
1.843343423630179872e-03
2.206308069745886290e-03
1.488808124767151573e-03
6.996784900423128452e-04
1.109579468852350250e-03
1.299556447802337634e-03
4.727330082294261215e-04
1.961329268612223113e-03
6.385296727652562494e-04
9.700683557937435711e-04
8.511063320009626572e-04
1.327589092046410754e-03
8.900846047927639089e-04
5.909792368487382618e-04
5.064727228739514513e-04
6.263241941195440499e-04
8.129209543200690028e-04
1.201216030381589131e-03
6.695281055585473266e-04
5.593010155713822951e-04
5.439344176834014699e-04
1.051817650545060993e-03
9.658674791126544172e-04
1.254823199300740804e-03
6.177362617298450681e-04
9.655921062228504286e-04
8.931655462694088488e-04
5.222829171415800187e-04
5.772199400388399728e-04
9.178947055707317683e-04
7.029633645169239406e-04
5.442943351671997295e-04
1.379391595116128463e-03
6.155597060105680481e-04
9.680446205867627952e-04
4.959984052749397913e-04
5.843180331877092116e-04
1.307534555110732941e-03
6.519191082173959179e-04
7.479696869887298132e-04
9.833779905591504521e-04
8.152066826732382119e-04
9.360883544405518460e-04
1.129901792180062429e-03
8.669281256196250448e-04
4.969393946786821586e-04
8.258222200923906377e-04
8.472983958524090298e-04
5.016055318932726098e-04
2.390147149365090193e-03
8.436612560942179876e-04
5.606608404295196401e-04
5.093556808171702905e-04
5.139714056376424017e-04
2.847530134804959322e-03
5.807744117761874138e-04
6.216386491895339308e-04
5.014792517131084603e-04
9.321849584005134290e-04
1.091240245546425038e-03
6.694968747255514337e-04
8.697611149019325149e-04
5.911385152366147163e-04
9.342806696572432922e-04
1.428038581832375429e-03
4.779508936987914469e-04
1.564739373162592944e-03
1.010076164493671665e-03
8.009014724057454682e-03
2.204737712574773943e-03
5.578507871745575592e-04
7.822171953841929645e-04
1.708543950649285721e-03
1.263814527644955546e-03
5.994879752748875435e-04
6.324392962516010982e-04
6.434825041850991776e-04
4.759051370554164863e-04
1.007729056217980968e-03
2.497700642635426477e-03
7.724775695007029272e-04
5.361987278918875976e-04
6.084362233421506143e-04
1.081935718680013085e-03
8.989897712555897698e-04
1.850647143525488121e-03
7.649444591390471351e-04
1.660235904482023272e-03
5.115370020954730515e-04
1.105577488821118080e-03
8.338669234870158637e-04
1.209259510606230980e-03
1.030964928155795809e-03
1.160884369297638958e-03
1.017919291797385675e-03
4.463065805176775949e-04
6.311021719525548726e-04
8.942781108554016594e-04
6.707231650124655196e-04
1.188817878675931276e-03
2.241128818842856585e-03
1.057057694423314776e-03
4.813643963959533009e-04
2.223590154174295841e-03
7.831670571817539927e-04
7.649444591390471351e-04
2.212869232550051385e-03
9.285171857658624508e-04
6.571391048436850011e-04
1.662495963194737889e-03
7.101843129456123383e-04
4.901941319067986379e-04
1.212856505059039299e-03
8.120047443520076163e-04
1.319530733521106884e-03
2.163709406498571120e-03
7.925581740880049270e-04
1.301113925174808518e-03
6.273328930959403858e-04
6.170745228578112000e-04
6.487274129234598405e-04
7.809147728784740679e-04
7.905808562073707736e-04
4.713382358295486714e-04
7.135463059135759532e-04
7.421018590153848678e-04
5.289127987680080972e-04
6.905264089336822812e-04
9.566660070114414542e-04
9.072287905234350646e-04
1.235434302675798152e-03
5.960838594721684213e-04
4.779388378415391661e-04
7.778218432296764512e-04
5.098859201281264299e-04
1.292977842743788875e-03
5.089155191985521819e-04
7.556756080923832282e-04
3.148630431378722592e-03
8.362013829646131047e-04
6.593449323762071330e-04
6.382690799045281005e-04
7.357423798563168154e-04
1.516040650284757214e-03
6.532239993983796761e-04
1.301108330926769099e-03
6.109408716305563892e-04
8.926621233973500765e-04
7.410287342669623573e-04
3.378496836725017327e-03
1.199455564048972338e-03
5.962143861441609929e-04
9.010482742139396374e-04
7.935259659332422489e-04
1.112016545307855037e-03
7.194196099891223689e-04
6.702848266111361428e-04
9.139186770570470377e-04
2.570864752638248128e-03
1.583461111201892296e-03
8.015201279011409689e-04
6.435678350872384547e-04
9.762217709572045335e-04
8.663153070316079174e-04
1.147239725492625595e-03
1.050220685745891641e-03
4.926527709459120347e-04
5.213426132991436177e-04
5.122987372804460116e-04
7.242672375770476713e-04
9.726111870643949688e-04
1.650353673302546549e-03
1.017374028230072069e-03
8.248158847041413364e-04
7.051721014959676671e-04
6.296130533905700726e-04
9.606997428516353193e-04
5.742805827172559963e-04
1.994967622091496640e-03
1.005026128663414351e-03
1.002301122560667057e-03
6.300661576112609377e-04
7.265894402522747727e-04
5.942921803278751990e-04
6.628608892413099607e-04
1.262268189794747827e-03
1.599329006336231698e-03
1.043153919196426879e-03
1.503425643239701378e-03
8.057125009227423997e-04
5.359452416745095257e-04
5.010665259360936024e-04
7.398707668385173840e-04
6.788163437032200195e-04
8.221524806634130820e-04
9.811781904511603526e-04
2.371737763289822904e-03
6.870942692777183601e-04
1.041775880869151268e-03
4.979740485607259560e-04
7.506444141923364257e-04
9.368894750803251174e-04
9.695335053323609871e-04
6.498927670025610778e-04
1.617414963815169563e-03
6.142718405356671109e-04
5.432217776401467024e-04
1.945183040552986601e-03
8.091310564662690949e-04
1.199455564048972338e-03
6.937487614340098101e-04
7.742297036656593540e-04
6.071338190763086659e-04
5.858441472795779346e-04
6.432929261056769075e-04
6.360502692277448990e-04
9.619018967269572611e-04
7.907078769631942054e-04
4.572328706772866864e-04
1.153388740345936449e-03
7.260305834638624157e-04
6.477543576156161078e-04
2.098206496464390461e-03
1.098442274845720873e-03
2.847656934337394405e-03
4.710638524959057083e-04
3.600768899347512111e-03
5.387358445519876277e-04
7.166874089680588854e-04
8.250655041192394516e-04
6.239236095911014158e-04
7.212508657374150194e-04
1.102627190632518789e-03
5.352754347652403976e-04
6.612485259389844433e-04
6.047068686510289216e-04
6.276927382425497373e-03
1.010076164493671665e-03
1.729386331515973168e-03
7.326811623769782919e-04
1.025933472000677181e-03
1.489490791887096910e-03
7.492649285691791502e-04
6.710952162480767619e-04
4.968627593232238055e-04
1.418101760258586074e-03
5.379261442688112928e-04
1.393699040592026031e-03
4.830210714713833726e-04
8.323920194864175203e-04
2.125352387863563373e-03
1.123276121640475345e-03
5.917352628877571618e-04
5.981076560140627992e-04
9.144549141463455180e-04
8.889367741548919941e-04
1.278649195907974496e-03
6.487254874906431832e-04
8.628619606666336223e-04
5.283575722671222767e-04
6.146114803284037208e-04
2.966911039408249694e-03
2.490475513864015382e-03
5.840346342486092386e-04
8.823748851542907983e-04
4.543854905562585587e-04
1.392011420955564533e-03
1.564825072586591408e-03
5.490716422074077381e-04
4.845740952328419972e-04
1.503000098377436835e-03
2.124851452571473003e-03
7.458230954182112600e-04
4.773023704980616788e-04
3.795151147963955404e-03
1.135815479803791187e-03
8.260233281243274618e-04
8.267821370898476930e-04
1.058147304861544813e-03
1.650353673302546549e-03
8.400076860466199405e-04
7.397817985964451684e-04
4.419333010748833254e-04
1.920311603625302153e-03
1.022443449542098474e-03
1.037311634919660212e-03
5.537984121433485148e-04
1.232177894973497971e-03
9.543015689286121848e-04
8.748775922416612361e-04
6.794701974251212253e-04
6.863860150618217824e-04
7.236633309806387703e-04
9.136375629707352633e-04
6.340303545169482949e-04
9.460009915849154237e-04
5.936846456341372206e-04
3.444694561039603545e-03
6.427044910756703807e-04
7.167226151021627127e-04
5.980886400429650087e-04
1.836672500681911860e-03
6.952577956799247403e-04
9.536275596160084496e-04
7.317399832665576068e-04
1.945430411599596149e-03
4.959984052749397913e-04
9.256342455927580931e-04
6.517545733925587427e-04
5.946495049418610472e-04
1.012372385414184823e-03
6.671242589800117570e-04
5.607026440207856476e-04
1.849086185543848300e-03
1.726211689513111819e-03
7.410287342669623573e-04
7.813120701879764599e-04
2.136117359726978984e-03
6.132403183621197920e-04
8.836130532504785692e-04
6.637849130084009239e-04
1.770990843284362759e-03
1.148724211434453552e-03
1.140189301861601473e-03
1.847122275483414162e-03
7.946344678900584121e-04
9.611343049597158902e-04
1.568857299028120732e-03
4.740064249793296829e-04
6.504440094396053695e-04
6.521823793857219054e-04
1.587485715522776036e-03
1.701605331248292599e-03
1.453620831909358761e-03
6.355328573410774307e-04
9.111870768300425879e-04
5.371601867877783465e-04
6.692773057525783350e-04
7.902354585122536900e-04
7.262730940662796581e-04
8.981883710553064488e-04
4.801612435125218324e-04
6.060269350016450791e-04
4.709171596609411565e-04
4.748627830419660067e-04
6.730802507785460954e-04
6.334422824227998929e-04
6.353964664547691104e-04
7.735717083857732417e-04
1.076158616231836411e-03
8.560215851043037616e-04
1.061874662768575025e-03
7.136406098539864072e-04
1.349854365485695252e-03
5.726536717843018053e-04
5.343162987286031182e-04
1.117671921401433219e-03
6.246418276508072624e-04
6.071338190763086659e-04
6.562257507594818984e-04
4.413141957157307171e-03
8.829199675113661838e-04
5.365224085213840359e-04
5.111212304651959869e-04
6.726858740054435541e-04
6.007608048838391449e-04
6.297823201674650857e-04
5.349345613418669083e-04
6.493741112238929228e-04
6.338648868941270829e-04
6.795238722899695502e-04
1.097610067229780719e-03
1.669839001227487515e-03
9.615859004247429486e-04
6.022690979244501273e-04
8.373544499589174626e-04
1.251516607142300454e-03
7.619780283475799951e-04
2.372892891867731287e-03
6.931761346488811209e-04
6.507406224619834536e-04
2.625198524749286152e-03
6.297487530041261366e-04
1.262268189794747827e-03
1.160664732927391791e-03
9.476143854247884909e-04
5.722930783206456274e-04
1.068466853196891513e-03
5.856071174487096449e-04
5.960504293521167807e-04
9.874464240046077965e-04
9.577409133058699528e-04
7.033859700660108653e-04
6.629066222901598303e-04
9.439875364215786786e-04
8.598558949108612084e-04
6.094259447017877449e-04
8.215469271556605528e-04
4.860738792401036144e-03
8.574684478664325359e-04
6.462262065260808127e-04
7.809619986427771346e-04
7.140785262091661279e-04
8.178193766035728824e-04
6.918604124209441633e-04
7.238956744241372039e-04
1.029879338054480930e-03
5.650475753877926954e-04
5.726035070310956905e-04
9.143023431256511310e-04
1.876299808627959840e-03
8.448683454481801820e-04
7.102367277484835945e-04
2.961598460296583149e-03
1.523768502026221806e-03
2.819803032246626876e-03
8.118190737824500670e-04
3.024384406223496868e-03
6.429501638273779759e-04
7.681071080368662065e-04
5.065748315647544252e-04
1.319457364797520758e-03
6.794701974251212253e-04
1.111757382039627474e-03
6.653529511465739593e-04
5.846904255251799938e-04
6.817932889618945422e-04
7.174256870886733337e-04
7.731317200783465945e-04
1.133194984530444711e-03
9.158528651338274096e-04
7.106968673519207819e-04
6.733369844601646117e-04
4.597821652138114543e-03
8.254213601432201612e-04
7.076299369186170004e-04
9.496761484497831659e-04
5.764908787411250363e-04
6.060269350016450791e-04
8.143559209835709873e-04
1.072745779209482477e-03
1.108312889884637302e-03
9.796269145033948203e-04
5.140222278753151268e-04
8.963549765122208338e-04
9.103303553916321320e-04
1.321976066388499613e-03
3.444694561039603545e-03
7.697789039029491681e-04
1.036702060117323685e-03
9.960200134820264978e-04
9.389768967982170707e-04
6.892870998097483728e-04
1.603087884448383673e-03
6.487944412454875855e-04
1.135904369660565693e-03
1.273196954309160868e-03
6.588049662492440582e-04
7.582875718376774288e-04
1.242160619558452033e-03
1.254821999569546206e-03
8.324034241873784793e-04
1.154661013229061695e-03
8.366231752438516456e-04
6.029296629534304204e-04
1.502500992204720658e-03
8.740435405016995160e-04
8.832384703140174972e-04
5.449957790963007613e-04
1.448070774134942000e-03
8.347355760389294161e-04
8.452425830401647140e-04
6.921424824630565678e-04
7.878711665319815564e-04
3.054365850912388151e-03
6.335223268252999744e-04
6.967178667731533780e-04
7.461150407773627091e-04
7.949654821108822654e-04
5.180734330547233455e-04
5.947345091890342272e-04
7.651802228360701959e-04
2.143954259555328184e-03
7.165479664477741265e-04
2.159347084794874076e-03
6.622855428822886897e-04
1.251849898059340192e-03
1.196317903760297412e-03
6.423662348557522593e-04
6.708901170035232392e-04
2.078307819918366432e-03
5.799255482181484098e-04
1.725939412066012290e-03
6.847000864258136633e-04
1.158677961221124498e-03
8.042522736869983950e-04
9.017825237384955589e-04
5.649449992616773679e-04
7.398035611786130507e-04
7.351523964546302853e-04
5.104951727602499234e-04
5.696178879099324461e-04
1.531115407178495124e-03
1.203876238530755469e-03
5.884357219920990272e-04
7.052983569039748346e-04
2.286500255264288343e-03
6.514425886554076365e-04
7.484221921868246122e-04
5.047388160270241831e-04
1.149649776957653146e-03
1.158451748926533648e-03
5.339052291697057731e-04
7.358577876005645453e-04
9.141840702757837419e-04
7.617832186139662657e-04
5.734116115013245278e-04
3.382283766547293340e-03
9.446929363568300859e-04
1.270758814229477115e-03
1.965596984908457318e-03
5.832703963457997040e-04
2.126217798589251275e-03
5.819549462319148492e-04
5.447912412542881217e-04
9.380014124598799914e-04
6.133835246475950135e-04
5.722752430363074608e-04
7.116865542257860356e-04
5.115620013349895384e-04
5.697876202789072149e-04
7.183748653210487870e-04
5.171535175003499863e-04
6.898143881774287511e-04
5.312925704457789871e-04
9.201761103383354536e-04
8.602976345713523806e-04
5.852950093615060358e-04
1.211852906225703011e-03
1.316247721739589524e-03
5.854212395613923479e-04
6.947987712644681417e-04
6.132519195825618863e-04
9.666523249167640946e-04
5.602618931574578727e-04
7.751285407199725230e-04
5.051696319496288851e-04
1.296334097717125088e-03
8.280307049532099548e-04
7.526686671147889314e-04
7.378079053316857500e-04
6.413474728731497192e-04
2.077895129092263531e-03
9.269007849480874646e-04
1.399247680752671195e-03
7.058633714390388563e-04
4.860119957425905468e-04
2.184255859980035932e-03
1.095175151615452929e-03
1.023645708915069553e-03
5.766646899398704873e-04
1.133410450456744014e-03
7.597112349494152201e-04
1.051410472051719346e-03
6.877503190789611628e-04
7.016570283755403691e-04
4.688773867119616916e-04
1.908987591753306306e-03
7.888774179598869720e-04
5.587705501849217016e-04
1.027973298906087983e-03
4.904374270437468616e-04
3.089109251419500275e-03
1.816060001804294327e-03
1.669113577181467398e-03
6.614952418968309163e-04
6.010978754293486766e-04
1.024594353314377520e-03
1.115508120689351823e-03
5.184447556792749724e-04
8.140170490264038092e-04
7.306364553892170065e-04
6.039983780129411662e-04
8.893296219193065361e-04
4.781248369498777482e-04
6.586561580950950432e-04
7.452474524528705140e-04
7.108700900237888273e-04
6.629698782397075354e-04
5.901187318807510351e-04
6.297487530041261366e-04
6.839610246430897263e-04
5.510374551168708288e-04
9.797083214412396525e-04
1.292708391512862980e-03
9.568306197725436014e-04
7.195028007261755881e-04
8.143559209835709873e-04
5.736826424780781721e-04
7.096568153587896237e-04
7.950597694714342479e-04
5.517070208005832831e-04
6.237386364908032972e-04
1.909254124791995950e-03
1.580402998035629466e-03
1.335783681775613721e-03
6.862039382086958759e-04
6.536711082028153971e-04
5.863811467120224902e-04
8.429510823817410641e-04
5.747161793771041714e-04
6.798513202168661321e-04
1.073566153265227740e-03
9.109190754218997885e-04
9.350473406801133999e-04
8.521955068132051545e-04
2.092371238423996679e-03
6.707402627539150531e-04
6.804976991918685334e-04
4.505330703011565293e-04
1.042850711293532651e-03
7.935052319222517074e-04
1.129819185266157239e-03
2.304049967487253794e-03
9.554553844406178144e-04
1.988196211071393670e-03
6.293928874926836125e-04
5.735193662262930885e-04
9.591923959422110797e-04
8.421474937743186461e-04
5.755027762706319558e-04
7.729985428874948340e-04
5.017927729583219511e-04
7.354566349661379376e-04
5.383062365330354600e-04
6.715591180488113526e-04
7.418288451289233726e-04
5.197867587670609553e-04
7.489576150369794266e-04
7.204310061924239618e-04
9.285171857658624508e-04
6.316376482549105774e-04
6.143577220768545264e-04
9.743566606723931024e-04
6.005442252938026585e-04
7.109628890835619679e-04
8.983204328579002173e-04
7.589718548665697799e-04
5.489744759131596086e-04
6.691972163268691343e-04
9.739089730244640617e-04
5.279303434486804338e-04
1.146289086157523812e-03
1.090208469688138705e-03
5.515108165097206859e-04
5.818917350262182379e-04
5.670924366719570005e-04
8.806787989410799333e-04
1.404622355323077070e-03
5.560927958254109973e-04
7.546642061461033852e-04
6.557213119371724415e-04
5.158778418690041770e-04
8.691533568693047282e-04
9.420488954478182337e-04
2.159347084794874076e-03
5.686398606338924008e-04
8.809139315665234522e-04
1.063274110962955958e-03
9.668487358747478253e-04
8.579997327148566931e-04
3.949626644871414433e-03
7.337618251238346928e-04
7.311340133037187326e-04
7.278673376624689379e-04
1.129819185266157239e-03
6.388679933914483047e-04
4.392155850324284960e-04
5.767106265532899630e-04
6.432312645858296674e-04
5.973298315712801104e-04
8.307856620243657831e-04
6.595963827669587857e-04
7.113496036398621715e-04
9.312669830681577325e-04
6.896002981575049358e-04
1.250651224913520727e-03
9.313005415249213988e-04
2.050221029593407660e-03
4.793659630540365174e-04
5.960704071545794508e-04
6.434130267875420341e-04
1.019363685757895691e-03
9.228325617165889904e-04
9.065214172053491287e-04
1.742491935744368368e-03
9.650383567652302992e-04
6.050851621854204734e-04
4.629383837460554724e-04
4.876195042507163856e-04
6.365383562830545690e-04
7.189140065488689455e-04
6.111465494569440476e-04
1.077002792565213193e-03
1.596836222516696173e-03
7.769502529973293511e-04
7.904935539018682423e-04
1.331614575755089283e-03
6.700276761288302381e-04
1.263524466643616570e-03
6.108572048898021963e-04
9.900807795515914177e-04
9.031191204868352146e-04
6.676999663055205227e-04
2.784956294558828607e-03
4.855384738615641221e-04
7.601625116378988136e-04
1.058584745465978661e-03
9.796461671291889928e-04
5.884357219920990272e-04
1.523244820861569026e-03
5.540958012096891972e-04
7.816782281216985663e-04
9.388533420609981427e-04
6.432047411724430572e-04
2.136117359726978984e-03
9.892338243289097721e-04
5.555141317688853074e-04
9.770363113000366667e-04
5.939313953192454539e-04
5.063920600573674309e-04
8.287696208819923371e-04
3.135968158715868401e-03
1.569849449625522692e-03
6.005262683549947907e-04
1.006352588079552140e-03
1.619252167055864429e-03
1.567647694962622310e-03
7.248232397610357685e-04
5.614090524536473467e-04
1.321360728880947941e-03
6.328399477982898881e-04
5.213095519472705141e-04
9.719967873588752916e-04
5.945597130039510575e-04
6.120481569618917454e-04
1.242833345353069755e-03
4.874824995901571863e-04
1.178061004619476238e-03
5.933570743192587323e-04
6.046141597632456646e-04
1.020954281954142458e-03
7.762058220771670541e-04
9.278549670272198940e-04
8.093127050520266012e-04
7.856037773706559717e-04
7.086730080740730360e-04
1.005780060271364677e-03
9.486192165461755687e-04
1.019159281714531210e-03
1.148701078764954213e-03
1.272272893376163267e-03
6.693438505658998085e-04
5.915270487330356224e-04
9.237553820996480996e-04
1.206255297197885270e-03
8.939032997589314725e-04
1.115957253603611522e-03
6.251596042000041788e-04
1.057518533605948836e-03
8.009014724057454682e-03
7.403168811429087235e-04
1.156432127561249964e-03
6.687698990076975433e-04
1.273024161698650767e-03
8.395392130297476370e-04
8.091310564662690949e-04
3.024384406223496868e-03
1.215109537441567186e-03
6.437858789905653552e-04
1.098308010351811519e-03
1.155755704937259454e-03
8.140151868462401586e-04
1.101205500428839926e-03
1.051036305271815189e-03
9.410892712206022801e-04
5.068502892436657897e-04
5.953390839156502126e-04
6.007911606284876581e-04
8.180957889091696736e-04
6.107581285217303499e-04
5.885404729821900075e-04
4.695650262934946925e-04
1.156559628805442974e-03
1.297672258276492139e-03
7.696222331008999900e-04
8.164324637497197973e-04
9.956437764889732121e-04
5.421701798760974371e-04
2.416161367269592779e-03
5.741347756146697283e-04
6.586346568005491250e-04
7.881674427850973155e-04
1.488955836885005879e-03
6.896717936173937975e-04
5.412124037379557277e-04
6.953016932044179697e-04
8.006353918910701127e-04
2.024696786181383323e-03
4.978407840765871218e-04
7.281884283537734060e-04
7.218795795394227768e-04
5.592613186491778151e-04
1.344166814375781591e-03
9.657627464332403048e-04
1.138036465440065868e-03
7.200036010319790531e-04
6.322349963105179486e-03
2.208301652518780515e-03
6.885282548378155549e-04
1.842426401872792946e-03
1.843561945221611990e-03
1.067398631091440392e-03
