5.477905936104345008e-04
5.974280257763251931e-04
1.405174067093630050e-03
1.167143645889527669e-03
2.204560054131225483e-03
1.967871386215843104e-03
9.823628727913561939e-04
8.944598972121333737e-04
9.332054697387384603e-04
1.029686886473992879e-03
1.254520130230269348e-03
8.136959480083776584e-04
9.360413293926507202e-04
2.337258419499530643e-03
6.854264740477891346e-04
9.730609280260023829e-04
7.172568969186424300e-04
8.649220802563839603e-04
7.437053786837466820e-04
1.082166414792925776e-03
5.482912595283248418e-04
6.849811488688767325e-04
1.186256755966236991e-03
1.041396077297526875e-03
1.259544519832997856e-03
8.318452425963266013e-04
1.677035443182749294e-03
8.012737328337638573e-04
1.017883637422365567e-03
4.421716303288150685e-03
7.790361161186478865e-04
1.124270441419291224e-03
1.017066478014471169e-03
8.135299611031563804e-04
1.911524395818180264e-03
1.110724241703042346e-03
6.503300385204189129e-04
7.350720163979227589e-04
6.453899537249890763e-04
4.869678607716624317e-04
9.069818715297836261e-04
5.037079474684084653e-04
6.960259791469368884e-04
1.278251677949855973e-03
6.962284974687184703e-04
6.748842586802290908e-04
1.195302718565236259e-03
8.676719944877851797e-04
9.632723481801184606e-04
9.027112067030243232e-04
7.728532604662203100e-04
6.686354283651714569e-04
9.126551814498079333e-04
6.857783580419117174e-04
8.640358320213255110e-04
1.190187941549969387e-03
1.457183222737393116e-03
1.233231744803143636e-03
9.576297876824122314e-04
6.923041357145839165e-04
1.029780211092150809e-03
8.110114733703291997e-04
6.501327799339555154e-04
7.292384810336746985e-04
1.500864783601426559e-03
5.442646008399864123e-04
1.040093489663641412e-03
8.676353298968495940e-04
1.512475422805653440e-03
9.145134684930541829e-04
6.998104497252630347e-04
1.076331312456028314e-03
6.769312167863809210e-04
1.105450155043338637e-03
7.730222549760449972e-04
1.646287550196105006e-03
1.116571884074160246e-03
1.845447978684029711e-03
1.249865782109239529e-03
9.649522671022222166e-04
5.152344734124912227e-04
1.092772135714672240e-03
8.046953511088802708e-04
7.331651931201571592e-04
7.036891530542790669e-04
9.166064773315500853e-04
1.091982733156582125e-03
9.086350197294479781e-04
9.720313442801514162e-04
4.736821123544286672e-04
7.740764142100420861e-04
1.118063875815641234e-03
6.407334553284790152e-04
5.456357894482362098e-04
5.910538496032635225e-04
6.214277204162829693e-04
5.038424006455599190e-04
7.928307345420613009e-04
8.166266622005256262e-04
7.719729015183699394e-04
1.277146502425929473e-03
9.649300437824146707e-04
7.287466526180001736e-04
1.125075789129508820e-03
1.586046037185870295e-03
1.006946556150172889e-03
4.787470757477324296e-04
7.994276257264601362e-04
6.022686058935675102e-04
1.300557723240471347e-03
6.428317604386934178e-04
1.947873322390171122e-03
1.347372602949529390e-03
1.023077396477799217e-03
9.943400094194346575e-04
6.653556826179988712e-04
6.143157932382024887e-04
8.620161070734506459e-04
1.440930011988505229e-03
6.521165698954013799e-04
9.100842954707610540e-04
1.076728863939906264e-03
1.417879646679826152e-03
1.233735414115124480e-03
9.906581403367046602e-04
1.752063628220438445e-03
7.286367273105887705e-04
7.108306768364417881e-04
8.906347605615504365e-04
5.197712632199210465e-04
1.258809597862250648e-03
9.401095099104009659e-04
1.028224139077077871e-03
9.776201050691675672e-04
8.335629077911511009e-04
1.031450533629423797e-03
6.260613418197729209e-04
1.258111937031615403e-03
6.602044819674362944e-04
6.729610957890502180e-04
1.592602854029082082e-03
9.727960883136773903e-04
7.650628747675768983e-04
1.307023695116479173e-03
1.417879646679826152e-03
9.550796369104951099e-04
8.508275688906478777e-04
9.509475226012869533e-04
6.470378737368012723e-04
6.699776931269851550e-04
9.318740214638607071e-04
6.457071362156948952e-04
1.409622140653447138e-03
7.704358418665068235e-04
6.600288545143852530e-04
1.200877411687591287e-03
9.300399501267950751e-04
8.003018937573029828e-04
8.144290488691337607e-04
8.382437423178656141e-04
1.970947204459477797e-03
7.320711672286841793e-04
8.687329666802977562e-04
8.682135654200169627e-04
1.285040596028083106e-03
1.513208131956480075e-03
7.897309820727137220e-04
6.643078534256995158e-04
9.142961444800212518e-04
1.272943277352563346e-03
1.244225911678620679e-03
1.163921604862616210e-03
7.343848987872091897e-04
6.780378412634633376e-04
7.091813789479861890e-04
1.936085609238855478e-03
1.028150224088354020e-03
8.284426178956811075e-04
7.957823117025939440e-04
6.169875418005445807e-04
1.814211012772058837e-03
1.932435096370592638e-03
1.215688945201819516e-03
5.161850090756672522e-04
1.409153739091319408e-03
9.265315764005988778e-04
7.942651996026855619e-04
1.084692970238352715e-03
3.936130771990759003e-03
8.222061755384757042e-04
1.714767338349638742e-03
8.695358254824618474e-04
2.269903467979838673e-03
2.489139824922677498e-03
8.682135654200169627e-04
4.740755701951978782e-04
9.564056191617766609e-04
3.204400583590508861e-03
1.316115238126354002e-03
6.791813018075358328e-04
5.543889519805205151e-04
6.990199992017148006e-04
1.193025954581372833e-03
8.002067516295047591e-04
7.490129671921179171e-04
9.556467068024027296e-04
9.092863904465435130e-04
4.998856898611300694e-04
1.541466764175150475e-03
1.151392571555670194e-03
9.560387444997208621e-04
7.052564306940930453e-04
9.110195612749286609e-04
1.167536302989804738e-03
1.769213677513227327e-03
7.966283051100153407e-04
7.502089942551074279e-04
6.889414185131423167e-04
1.032153302935118243e-03
1.097154894599786101e-03
7.115368600137238903e-04
5.720613154056879059e-04
7.155929835578772082e-04
5.663096680355553421e-04
1.632998182958555295e-03
8.002033707518985649e-04
7.015684041793389392e-04
1.062240162518396413e-03
9.356268056159314445e-04
4.785185124155442830e-04
6.516212065104492719e-04
9.130226137990083519e-04
6.457417863932762587e-04
5.694234297621142415e-04
2.703463405636900505e-03
1.053611702765640040e-03
1.211324981597251566e-03
5.191602778267584081e-04
7.897309820727137220e-04
7.174906242834625881e-04
8.997645015166317716e-04
8.327148654319139814e-04
9.235451022611401023e-04
6.883267351153926671e-04
1.847126161670958455e-03
7.895516363084862516e-04
5.259424247350425472e-04
7.135986847799161148e-04
7.782858214167606530e-04
1.430559066572713355e-03
6.638230289283000938e-04
1.241397944526781427e-03
6.229329134610183923e-04
1.150546011381251531e-03
9.654832610027394395e-04
6.648705576993424590e-04
1.008095016382441712e-03
8.663992175707327078e-04
5.710056911810707913e-04
8.415991343579197047e-04
8.440179255026944135e-04
1.508280815701147333e-03
7.687137316856906301e-04
7.889844857629558540e-04
1.022876570676442120e-03
8.264845362202583512e-04
9.792621551501670771e-04
7.344999828828713403e-04
5.948240397408044878e-04
9.161810202453829141e-04
5.291918852584460119e-04
1.384904369964004914e-03
7.275294513433478751e-04
7.934859887274156110e-04
7.120955020810882307e-04
7.340228749173356021e-04
1.256243547829612606e-03
1.397400339826000920e-03
1.356950301528566001e-03
1.679209022784552757e-03
8.311171100711813682e-04
7.395676967463815123e-04
1.130628795587399838e-03
6.199129878340875564e-04
7.023653181754345009e-04
4.861366691157602174e-04
6.612762999792459002e-04
1.554505400205638023e-03
7.109429584873273736e-04
1.093447051138265926e-03
7.019753006770316399e-04
8.474860074321157377e-04
5.684013610072492220e-04
7.116553417307026029e-04
9.125733871518870114e-04
7.355213617549562254e-04
8.633208533809880484e-04
7.780442440886877181e-04
1.134910270063162413e-03
1.093631885116668184e-03
1.168565269099507966e-03
1.143486393263757478e-03
5.784347545476496884e-04
8.829988982050155375e-04
9.682016129274922034e-04
1.373168800268109507e-03
7.890479078852129409e-04
2.075230546146810458e-03
7.799498497251149739e-04
7.157785836167227965e-04
1.137333617710128844e-03
1.166254386358277868e-03
8.098091759375805696e-04
1.031865326852110997e-03
7.453668031951718497e-04
1.246206144827856008e-03
1.234136396077748334e-03
7.604352165391490854e-04
8.832258467326913011e-04
1.056180442574357250e-03
1.445409438415995278e-03
9.131903285288496628e-04
2.093030334320205264e-03
1.052395093686934319e-03
9.075579659855098147e-04
1.805131865517507674e-03
7.631292001717142510e-04
7.593423839311918330e-04
1.048145007009064879e-03
8.623224867425236754e-04
1.634432499274631519e-03
7.064679670913594786e-04
7.883978071353754972e-04
8.082353575003849025e-04
9.335767557239187543e-04
7.350720163979227589e-04
1.645228627976630213e-03
5.173464855848734344e-04
4.946976613426744144e-04
7.357821780831190353e-04
1.404389662469147058e-03
5.763074341865843334e-04
1.280055938607624778e-03
5.685098508308801708e-04
9.818445207133792620e-04
8.333573160490744544e-04
8.612600761476323389e-04
8.102768719243860643e-04
7.228089688694855309e-04
1.484338074433953986e-03
9.052650485911456881e-04
9.448968459546141672e-04
1.441110797043290963e-03
8.780223219264744142e-04
9.431292610278503921e-04
7.777466486233252469e-04
1.742051161449197647e-03
1.049915817284514160e-03
1.028025206736628370e-03
8.256404713503585815e-04
9.674592122179187428e-04
8.107304331507731278e-04
1.879698717370292252e-03
6.861475395014427761e-04
7.910582953524086282e-04
6.694240421511703102e-04
6.741298013397572283e-04
6.317983934935640514e-04
7.484577695223851648e-04
7.941827644194407714e-04
9.100650734946834786e-04
8.780223219264744142e-04
1.907753513626962889e-03
7.885374442817441685e-04
8.660167563293547739e-04
4.938476610794666167e-04
8.525180333293505899e-04
7.885539259702744122e-04
8.931547311989613581e-04
6.706302744921436090e-04
5.178001947484016593e-04
1.763204014628032713e-03
8.473638119401209973e-04
1.196811525079712448e-03
6.989271155517483031e-04
8.233087256978729139e-04
1.941566641289472085e-03
8.844872015037381647e-04
7.142984378626148021e-04
6.887264365914380973e-04
5.699554181737542238e-04
8.820129174098532152e-04
1.201690965342464869e-03
8.408796460447172860e-04
6.026201839033810221e-04
6.048357571101085125e-04
7.035702024426874384e-04
1.146583418895733919e-03
8.544328683235371180e-04
8.395418097136638121e-04
9.266607468298550601e-04
6.292574322191585041e-04
2.696654633336420786e-03
6.385624010653459352e-04
1.249819053498488078e-03
2.119772805862822022e-03
7.702021138614974834e-04
9.246280046717391624e-04
1.005370460430138032e-03
1.069931780822363241e-03
5.291918852584460119e-04
6.145726818951263801e-04
4.632620913750442877e-04
8.137227277422776940e-04
8.274254654652806991e-04
1.044812078048116795e-03
9.400019675114732690e-04
1.287182910591810284e-03
1.064661324581705863e-03
6.633718620931655739e-04
1.000873952145404401e-03
6.813977272804544287e-04
7.493231634383919247e-04
1.029346362651166469e-03
9.837258834139615219e-04
7.554159060607501400e-04
5.701035686838196257e-04
8.270044410447928082e-04
1.141445329624979051e-03
7.880116379793226109e-04
1.076331312456028314e-03
1.602368178460829296e-03
8.270604148318980121e-04
5.971851345231957197e-04
1.269205455078973883e-03
9.615644440355247506e-04
1.317179816294057875e-03
5.945417078327506089e-04
1.713468861211944316e-03
2.075230546146810458e-03
1.659915334024381160e-03
1.473352735517828105e-03
1.032909215208104416e-03
8.951413594160782935e-04
4.700800212098712604e-04
8.780554187268461465e-04
5.317455408179441647e-04
9.599647547824301328e-04
8.824420820217700103e-04
1.127441769585911351e-03
1.542973633136801017e-03
2.519289378348563493e-03
1.143872529267120353e-03
7.756475492664040294e-04
8.981349803650913845e-04
1.194542807556424769e-03
7.965022727942751637e-04
9.294486673757152741e-04
9.064969255662403119e-04
9.221805281572064295e-04
1.009438575614628100e-03
1.688904139813883964e-03
8.597384255752102454e-04
9.046681723176464452e-04
9.247481804179810954e-04
9.844889928714197890e-04
1.371129237336391219e-03
9.192153694915338596e-04
5.258496205688800284e-04
7.479807383435869853e-04
7.487256052767823607e-04
9.806144084520147103e-04
7.096230666274323503e-04
1.031865326852110997e-03
9.958071782326766933e-04
1.266261135401313721e-03
9.949204419661572974e-04
1.177940929890731406e-03
6.263463874104023251e-04
7.218191558725355365e-04
9.143875742494513882e-04
7.285591557766441222e-04
6.110313618559415306e-04
7.155929835578772082e-04
1.003717762824632128e-03
7.566541132716746425e-04
1.075033547871106750e-03
6.426748187593355919e-04
6.518054032129580152e-04
8.276694675552622544e-04
8.264915607980825038e-04
1.792701284645246886e-03
1.025521698930137665e-03
1.010288921977511075e-03
1.674368567257232369e-03
7.874282159982962451e-04
6.375002832724479705e-04
9.926861695316137931e-04
7.137477810309796186e-04
7.717610198234533571e-04
1.137333617710128844e-03
1.168565269099507966e-03
5.499804994256206944e-04
1.415716403851063942e-03
8.122527225191703221e-04
7.013063782323324547e-04
9.028632776525680973e-04
5.502265505827396786e-04
1.362131708930319979e-03
8.664514438735345693e-04
2.148191260143643422e-03
8.778499433912696076e-04
1.030368778104717199e-03
5.700467669198447385e-04
6.928533116009145607e-04
5.732980906036673355e-04
1.049754136755452630e-03
9.747011473032071932e-04
1.032153302935118243e-03
9.811079646989961933e-04
1.161056798796748085e-03
2.883933181102253836e-03
2.164262457292288801e-03
3.349457344739157922e-03
1.505495189614757196e-03
1.186505309308447369e-03
9.699472846445573570e-04
1.264442686054493333e-03
5.008623876135474091e-04
7.595810615762223694e-04
8.312341872886113000e-04
8.955464638037964695e-04
9.065204131484420674e-04
1.767689899168519178e-03
7.553240919007757608e-04
1.009499619480392621e-03
4.718820527131398625e-04
1.212245248342312242e-03
7.551744180994808759e-04
6.444835130364527870e-04
8.356872978131292973e-04
1.319410323165889042e-03
6.828658982520237081e-04
7.036196205812850907e-04
1.620281429185081246e-03
6.557609037497220007e-04
9.501720731866340492e-04
6.264461506635942431e-04
6.612306940143064830e-04
6.519934140805317075e-04
9.727539455718490395e-04
1.199388359797470913e-03
5.500621988327143242e-04
8.084075893070010116e-04
1.050738134749654856e-03
9.992232977006159332e-04
1.562114445933379279e-03
5.947992137867963392e-04
3.352170551215138874e-03
7.134848264121154042e-04
1.095759681744460333e-03
7.133097181624891911e-04
5.824177717001039964e-04
1.023790254603743803e-03
8.237069515923403033e-04
3.064457413409977724e-03
5.613598342007170656e-04
1.664863115449763831e-03
9.996701119491791226e-04
7.135302732598157970e-04
6.729432497631800385e-04
9.437436829638508719e-04
5.967731234750523264e-04
7.447447531465773134e-04
7.559113681350481144e-04
1.166038287758833138e-03
1.682789206066361313e-03
7.602096703016159420e-04
5.952215515020477504e-04
1.001199528083201442e-03
1.124412890925410033e-03
9.852881072211615993e-04
7.589537016175370004e-04
9.840666471703873961e-04
1.487059463712578746e-03
1.052892255657179171e-03
1.194191309695852342e-03
6.916460637046680307e-04
9.242690488201480347e-04
1.263836029338387141e-03
7.079281787252037200e-04
6.746272040259061048e-04
5.456357894482362098e-04
7.872533201193548718e-04
1.048894873628117199e-03
1.436156375930656027e-03
1.140207639171540418e-03
1.562302468938746997e-03
1.162446089950723441e-03
1.010038608564444058e-03
1.725821937727043797e-03
1.321724391508780506e-03
5.228445194696226556e-04
6.600288545143852530e-04
5.296319746840373903e-04
7.142110809018613511e-04
1.518501685160399128e-03
9.264233240128473719e-04
8.510627493352803264e-04
1.502150084863869244e-03
1.026515596728754497e-03
6.931192496070485336e-04
1.608472942781358954e-03
8.399909653730664111e-04
1.118442718731972032e-03
1.047330441802313663e-03
5.863542811343146980e-04
8.669207454078232218e-04
6.903816970823482271e-04
8.420163550129957904e-04
1.145692087514238932e-03
5.882207937510362285e-04
1.497355654960116651e-03
7.704630342346519912e-04
1.008095016382441712e-03
7.977230073291278296e-04
1.000576191026314107e-03
8.106862994853561346e-04
1.229613025301278710e-03
2.196722239664511672e-03
1.920910042888322299e-03
8.864311828219626713e-04
1.225359607060131197e-03
4.794968717455082904e-04
1.217579220999761127e-03
1.171054208918061819e-03
1.273170175660981755e-03
1.195272897587981850e-03
6.072318345674432164e-04
9.743888412426018062e-04
7.367241110758819067e-04
4.723669643963802423e-04
2.393684271417062959e-03
9.097095928768182509e-04
1.374528918151154792e-03
1.669408128906767685e-03
1.193192022949256031e-03
9.048551656084133582e-04
4.594669076638042060e-04
8.706063635871409776e-04
6.979373790520422864e-04
8.409624122085703401e-04
1.210277260724805948e-03
8.637150965132899070e-04
1.186711887682144169e-03
1.600294658374346512e-03
7.339023833808628987e-04
1.233662038209489345e-03
8.932420172203054060e-04
1.901781448284339728e-03
9.636564585278539416e-04
1.073459297654571912e-03
7.679879801747347030e-04
6.505905615589234296e-04
8.094475664840452504e-04
6.260613418197729209e-04
6.101062854269357922e-04
8.473802613933845932e-04
1.154467991143579052e-03
8.293471406385215803e-04
1.328919252514930427e-03
1.437066614328619957e-03
5.784347545476496884e-04
5.307916683111470581e-04
1.021167782722627072e-03
1.857879247255416226e-03
5.982486379981215730e-04
7.909618629233948137e-04
6.486247504633874941e-04
1.348647574579505629e-03
2.091638478632238275e-03
1.123759969905830129e-03
1.278194458859902190e-03
9.986445668833628716e-04
6.689709211458793681e-04
8.144545235962161265e-04
1.615527042481177495e-03
1.006770936477397512e-03
9.028801940097271224e-04
1.041938786017660963e-03
8.395697311251050900e-04
1.011262562797201172e-03
9.709167647980545841e-04
1.147178077493935097e-03
6.304850117438620324e-04
1.562302468938746997e-03
1.377175798967262155e-03
1.010189693172509721e-03
1.240486419748314728e-03
6.599490835206864130e-04
1.814211012772058837e-03
6.081934662152626127e-04
1.126012773533607196e-03
9.340756234743178860e-04
6.005389717115319466e-04
5.191602778267584081e-04
1.203915862739041078e-03
6.569846018327143034e-04
8.171797650236969695e-04
8.491645017454715763e-04
7.298797257114492771e-04
7.506804829688313663e-04
4.924907029936705961e-04
9.070278763360835892e-04
9.061203920385778755e-04
1.017269251805891358e-03
1.720464268610287333e-03
1.314871171731570379e-03
9.935778339813287029e-04
7.613975260531513720e-04
1.085908992590546226e-03
8.382214653151244272e-04
1.142542332552130445e-03
1.058722897585114096e-03
1.186758912333935826e-03
5.541376836069356092e-04
1.138164786086300105e-03
1.365693053159391674e-03
5.604494508869158845e-04
1.975099818719533700e-03
6.793183300526167917e-04
5.707027446815812364e-04
9.844889928714197890e-04
7.495620925836503313e-04
6.620400819625897344e-04
9.280532285436862271e-04
8.379131407673926684e-04
8.142247009587468866e-04
6.220560773517237220e-04
6.335780346172182557e-04
6.915948141078309729e-04
5.734906297360950434e-04
5.800245113782028601e-04
1.178091328705006824e-03
1.125015398496947722e-03
7.468887168831119232e-04
1.895492458452803855e-03
6.084053467022975271e-04
7.806417067893971868e-04
8.619019220765705746e-04
8.809161412540808403e-04
7.254171606589906790e-04
7.166483242881832886e-04
6.750522416304033900e-04
8.233173702723670800e-04
7.226021473125494518e-04
1.037757232967208504e-03
8.566060355563893123e-04
1.268996146529593897e-03
9.742226199961236252e-04
1.182914793095947610e-03
6.526466771319376506e-04
1.225450073906471761e-03
8.954324545650410323e-04
5.838023805039648352e-04
6.059117867957151612e-04
1.188606080152301934e-03
5.792343602944410690e-04
1.925090371494331785e-03
2.448532869612651645e-03
2.500487079017375564e-03
6.245494870165830539e-04
5.868479118707947348e-04
5.695818565097863747e-04
5.766489515069603798e-04
1.320282435518443454e-03
7.659923376843607874e-04
6.336871900019293031e-04
1.655022677611200140e-03
9.911629201700500411e-04
8.869686292216892066e-04
9.815128845567667321e-04
7.527906509343585328e-04
7.411558874403601990e-04
1.129837598752649096e-03
1.432620753798107601e-03
5.043232803872379393e-04
1.726258356707587559e-03
5.318219604505489834e-04
1.153525963857573696e-03
1.712358614275972732e-03
1.365812343303873496e-03
9.205234583121489969e-04
6.916058552305142043e-04
1.683425066905471510e-03
1.149646163502743290e-03
1.065389974210872700e-03
6.766077410853070214e-04
9.424142407878433655e-04
1.757500655208920270e-03
8.384800108326810608e-04
1.466797447032967003e-03
1.846267169972010602e-03
7.981337998893760048e-04
7.154712673983789056e-04
1.492745373097016355e-03
9.375110228478269591e-04
8.921213907829862169e-04
6.376525358535714214e-04
8.029836080671969153e-04
9.271144801225734674e-04
8.909629617206007513e-04
9.613530717183128979e-04
7.617079008798895981e-04
6.080459206285382303e-04
4.802514037419893379e-04
1.925113607818728723e-03
8.746530863697646145e-04
4.638899417913453665e-04
1.545712395767405260e-03
2.319686339688609763e-03
2.089278305809185669e-03
7.565463504518043798e-04
6.632270088720469345e-04
1.535614591264409861e-03
5.085748307612626522e-04
1.093790950587496822e-03
1.374950227097124743e-03
1.031450533629423797e-03
7.317270308761970486e-04
8.583218839057314828e-04
8.592747544507086527e-04
7.545978604360526745e-04
6.755671380220796239e-04
1.361157659090448660e-03
7.677566271256316705e-04
6.966101990898851621e-04
5.132249138729321402e-04
1.732858276787327097e-03
7.448686064962264887e-04
7.692168635503182509e-04
6.907645858194405531e-04
4.462230164386810235e-04
9.651383962025952964e-04
8.407946861630878968e-04
5.285288441671068824e-04
1.234484491026771212e-03
1.261914863315400986e-03
1.179725332557341431e-03
1.272943277352563346e-03
1.859779933214122287e-03
1.225963659899971091e-03
6.683824382088881470e-04
8.116710230042978227e-04
7.810853782630567755e-04
9.980791876213006807e-04
6.245389321633291677e-04
6.163017140672188542e-04
8.738140470294689620e-04
5.497897052919860188e-04
5.228099605914128924e-04
7.757690095623861939e-04
6.478269932960440498e-04
1.805015575586528618e-03
7.483733735240174741e-04
1.371076331604809953e-03
1.159888125229928185e-03
6.208768006633863090e-04
1.008440376569639607e-03
5.422266876597647790e-04
9.962505354826562201e-04
7.850204718999763322e-04
1.122341410888790230e-03
7.756251794948258510e-04
1.091744432864658141e-03
1.007114928090188828e-03
1.784945626823468802e-03
7.904459062022439666e-04
5.551243158159136154e-04
9.996701119491791226e-04
6.918843489572056114e-04
7.992869825281310840e-04
9.396474817223053264e-04
1.126116105544220421e-03
9.419840687847393914e-04
1.104693845366118811e-03
7.085591568524129925e-04
4.682967656673756832e-04
8.586588975568878535e-04
8.451438193232762392e-04
6.998104497252630347e-04
5.865740021904647947e-04
8.843150344542345968e-04
7.944948585858478988e-04
2.075060174949846376e-03
6.791813018075358328e-04
1.133710143447351016e-03
9.205368100476947306e-04
7.986482734114562368e-04
6.717741504605588164e-04
1.224638986506549525e-03
1.350051120469903483e-03
9.186189829294124027e-04
1.336408227626545301e-03
6.304850117438620324e-04
8.894466336966235041e-04
1.110724241703042346e-03
7.310521580010776550e-04
6.105498850466143908e-04
1.439137639482444483e-03
1.008915733374973365e-03
7.229436009321032119e-04
1.384962432744294824e-03
6.099976579333805547e-04
6.386351236003800667e-04
8.129965823130301181e-04
6.619642258409055673e-04
1.176058046001120239e-03
7.614302862130554322e-04
9.429939847480780461e-04
9.344321982172463419e-04
1.079329988107501168e-03
7.048357867980701739e-04
6.832636148692430118e-04
6.882448925034782058e-04
9.260389992524181279e-04
6.227532660808808313e-04
1.606899595448754497e-03
7.665921389786570011e-04
2.665214271498911412e-03
6.215168085202285413e-04
1.295799327357940274e-03
7.440642022932547487e-04
9.642817944631994296e-04
1.202693718125709193e-03
9.808307139783265741e-04
1.229050281857137650e-03
1.021451694842100133e-03
1.189192536163210774e-03
1.192697367594861609e-03
6.151552712669469897e-04
5.223576338722881948e-04
7.286492591301761343e-04
7.327239733469787658e-04
7.417571617121189627e-04
1.317242138139712061e-03
4.657278152513480733e-04
7.835041564863376396e-04
8.429345652427965149e-04
1.680762987077359877e-03
1.676624691958987978e-03
8.496752240615561324e-04
9.267361680414988459e-04
8.449597952737857888e-04
8.877026141175932373e-04
1.849481304339666791e-03
1.375071691534657074e-03
1.017066478014471169e-03
1.664342279934559769e-03
1.011663716406548987e-03
7.582123806577487817e-04
8.914009808845382897e-04
1.322977544037068787e-03
7.359011680497199327e-04
8.106359058093412506e-04
8.981218672206991039e-04
9.370320357485439596e-04
1.269055112290033227e-03
1.229041662385862684e-03
8.184463291779412158e-04
8.430771409854286459e-04
1.224835887795466339e-03
8.357340876675961421e-04
7.358726265068338702e-04
5.170742696855746157e-04
1.144614639041821157e-03
1.644029810313036482e-03
8.383417532510950045e-04
9.982171771247458879e-04
8.019850763715858808e-04
7.516991967878364472e-04
1.367922415549486896e-03
1.399900104042244367e-03
9.622152781795765848e-04
1.189987870426828043e-03
8.230381085847082853e-04
8.230376333479209709e-04
8.445096993612992474e-04
9.905254575945810630e-04
1.841415427977280677e-03
1.970143445584208140e-03
7.171152291724383447e-04
1.295038330376571678e-03
6.263031481311953901e-04
6.201136503561719554e-04
5.944053464625698949e-04
8.219069720105336542e-04
9.953374849905045722e-04
7.391397915531037555e-04
7.154918570982068179e-04
