3.229085500715442227e-03
6.070727086551035157e-04
7.414876811614460250e-04
5.469977496140394826e-04
1.341152324639689015e-03
9.102487790227233944e-04
1.067782051018563048e-03
1.300659785048319337e-03
1.248186195281967333e-03
6.128085166959785970e-04
8.194404473696774915e-04
1.135424360989470633e-03
5.620153698899973396e-04
1.163359209924555914e-03
7.439170163739184695e-04
7.938353543762378863e-04
9.073666475727023293e-04
1.677343064507252597e-03
1.402701337960327163e-03
1.035715277205338097e-03
5.182212288746336796e-04
1.605425831862508299e-03
5.813781201893751787e-04
8.116327680728363005e-04
1.125580666811887114e-03
8.718626324357687347e-04
9.491127393612994005e-04
9.761178073400861473e-04
8.448706916690839393e-04
6.547103048698365950e-04
1.737768842139968866e-03
8.699650780983200164e-04
5.770439292929946179e-04
6.876549220348458259e-04
1.380116739576435925e-03
7.861380094141898331e-04
9.049450237249226240e-04
1.263382471678308784e-03
5.544821956974998935e-04
9.821916981816360831e-04
7.974464863540225339e-04
6.326470303573426867e-04
7.370983599730133616e-04
1.001953863463075651e-03
9.632288416271450387e-04
7.301686708543818176e-04
9.069265995884203194e-04
7.169521230969719359e-04
8.653057527251524148e-04
8.550766345896728803e-04
7.374392079993936401e-04
1.182402369330850991e-03
8.872878151659021771e-04
1.328855264689441902e-03
1.210338673052233126e-03
8.315622729753084728e-04
9.297289336357368638e-04
5.687643869751342601e-04
6.486928572234123462e-04
6.436494418317088503e-04
2.349322300378114351e-03
1.031946830577558719e-03
1.054127269602659397e-03
5.952610775823157126e-04
1.703853775015605043e-03
1.081222533562531786e-03
1.318674998795042481e-03
1.556862845925476154e-03
1.333710208174767459e-03
5.863997172162527857e-04
1.255111001049009131e-03
1.151581630328156903e-03
6.381172409338513232e-04
1.046392688859291813e-03
5.536172297238454781e-04
6.434511566604374060e-04
1.164695288022935026e-03
1.927187955491833785e-03
5.840540934835372925e-04
1.328415673860963014e-03
6.250000080647915776e-04
6.080301646645750163e-04
1.039325902371217910e-03
1.225378478028079201e-03
7.554266884458383288e-04
1.181428397258767323e-03
1.792215838119237854e-03
8.097606330264515420e-04
1.953482974503780063e-03
8.184388461415888693e-04
7.976541942797470922e-04
8.268654123876663115e-04
7.608363004817768078e-04
1.075665271564262351e-03
9.257842510298211957e-04
8.792031803983579863e-04
7.076040704782665842e-04
9.950399217388359446e-04
1.520759848978545667e-03
7.372200365788612701e-04
1.558298393121252193e-03
1.495007099509756141e-03
7.240591410102886110e-04
5.951066095310293593e-04
8.764475252998364316e-04
8.525891493551578581e-04
6.854544001578304286e-04
6.476140150682575380e-04
1.671190773351488232e-03
9.191818221985222992e-04
1.291296872433840169e-03
5.097118649313635503e-04
7.792869697666261796e-04
7.389313991025918665e-04
1.065540149784180305e-03
8.830458327919618556e-04
1.069776440719763348e-03
5.665977195125736091e-04
1.113617671353693247e-03
9.405840751476364373e-04
1.055412352323681011e-03
9.915000374784324437e-04
6.568534570238847682e-04
5.106361352306070618e-04
7.344245890453902784e-04
8.653057527251524148e-04
1.097214508546511110e-03
8.097677254320126113e-04
1.379251358716937189e-03
7.208858863463321522e-04
7.889151175111709918e-04
1.648021506965572768e-03
7.372326846358379223e-04
6.325312197465481935e-04
1.002225250207271386e-03
9.633165981260842286e-04
1.165104394478387378e-03
8.671052414783404294e-04
7.948150599843298260e-04
6.660733823126081029e-04
8.220021375373811777e-04
1.778652207546174181e-03
6.105069654440726948e-04
7.138294101732038047e-04
6.268710849269142245e-04
1.286571854901615453e-03
5.866240341641233529e-04
8.753321992856275382e-04
9.450457501097270880e-04
1.277481792789497694e-03
1.561905112861469887e-03
1.023552096050517422e-03
5.040384340579535894e-04
1.140580312420674597e-03
9.608197063545990697e-04
1.921792770890850578e-03
4.093184979794414584e-03
9.675492840350176761e-04
9.986004785880106798e-04
6.664375500741475571e-04
1.016864961074737724e-03
5.421481645960900134e-04
5.642429358393456426e-04
8.472425769057359687e-04
1.124334675021997337e-03
6.450074009135181629e-04
8.003428879517157386e-04
1.878064928957674925e-03
6.075871042147631572e-04
8.593877003301633039e-04
1.377414553432234267e-03
6.960491715176945950e-04
7.706965570954155565e-04
7.708059915483677759e-04
7.354859182732226752e-04
7.330729954264710458e-04
4.840723284117129138e-04
1.169865393741714114e-03
7.892379487449785545e-04
1.172789812757763471e-03
4.575596149721891269e-04
2.905114155667794934e-03
6.439961877910251129e-04
1.062729811246889214e-03
6.222369152148247940e-04
5.440260079552834303e-04
9.980104825210000651e-04
1.059889309934613404e-03
9.506179795052439050e-04
1.694334922931369381e-03
5.718516957731891283e-04
5.963237006285556632e-04
5.500851448133261146e-04
8.033631754678765289e-04
6.778500065106285400e-04
8.823949203503886687e-04
1.259328535074320885e-03
1.220613013923502709e-03
7.237162298638813007e-04
2.027057431027992889e-03
8.712316058101442174e-04
6.958928264399748698e-04
1.175668731641198303e-03
1.619695296694687254e-03
8.939146448999883308e-04
7.870510846090820935e-04
1.322377252693558367e-03
9.712559748532296859e-04
1.342238583824020533e-03
1.233855290244550680e-03
9.779428444303488697e-04
7.780983650439429527e-04
9.225119193048598749e-04
8.598689123154641288e-04
7.782582087798094010e-04
5.255479290802841843e-04
6.579042473824080238e-04
5.927613994630283279e-04
1.574710876213988517e-03
1.258727670675844137e-03
9.691066345163315814e-04
1.505139204999172758e-03
9.217312947802792488e-04
1.075441495575145271e-03
1.594992924394836873e-03
7.097771142471821131e-04
1.035223915362725551e-03
8.588574796960618237e-04
8.254873420617058572e-04
5.199730652154909566e-04
7.257189217768118686e-04
5.336940004072550977e-04
5.401282682414009504e-04
1.271770694552625024e-03
7.531288428033813820e-04
6.894066814426145140e-04
5.582992823639345908e-04
2.103070604260520379e-03
8.250992452195580204e-04
1.035493539778511995e-03
4.956117736929689264e-04
7.162236970825692833e-04
6.748714536214498209e-04
1.054505363334072099e-03
6.859252065626980340e-04
1.042608907729718421e-03
8.839740236684955933e-04
8.968149232817673473e-04
1.039646699663509611e-03
9.721105747384823801e-04
1.260377647309899284e-03
7.438028283177475133e-04
6.906564422413709065e-04
5.519976301461942654e-04
7.937348610707410093e-04
8.542581778919514871e-04
6.280412091527788360e-04
8.807449316739665275e-04
2.057864300226582704e-03
7.174951940106841057e-04
5.681718941078562398e-04
8.494417623825658648e-04
5.341302927529048821e-04
2.349575424762467835e-03
7.938353543762378863e-04
6.329492620611612379e-04
6.398789088895616775e-04
8.898484606424595560e-04
8.298035461918332406e-04
6.295911494445746454e-04
1.156588934390006184e-03
6.119004356819042565e-04
8.234746289160570741e-04
1.859335937609022478e-03
6.255189202009821823e-04
9.410064915425166328e-04
7.664797322688561522e-04
6.649676772700101801e-04
9.375186043240180513e-04
1.086469124024242979e-03
8.312275392465800355e-04
6.959661594189221930e-04
6.813105301800195367e-04
5.280906988459441610e-04
7.233416578888740870e-04
5.395126325738441300e-04
1.826032446426906295e-03
1.359699634743040267e-03
1.239113915355415183e-03
5.660418906533310184e-04
1.618231936676766021e-03
6.960026107818841979e-04
8.914982270047150555e-04
1.459746116484564446e-03
2.225058279464532923e-03
7.607177734430395962e-04
6.351772281800633930e-04
7.727928962240010555e-04
1.657581213001072277e-03
7.920636571624377169e-04
6.355391159712284578e-04
6.441023138371844512e-04
1.026312256607797438e-03
6.620834889563982075e-04
8.807711760051414786e-04
7.317505921880792597e-04
6.239319674853880142e-04
8.138518337027493988e-04
9.942694426948429053e-04
8.609424585719582497e-04
6.173066321020231504e-04
1.122492433767997106e-03
6.511945090315821982e-04
9.482286141556861211e-04
2.146653759623999222e-03
8.658479009037156615e-04
6.929720133858084446e-04
7.936006575315841848e-04
1.130384585084772634e-03
1.215261699253293755e-03
1.018548214817524642e-03
6.281766539904850687e-04
1.474014534136387734e-03
8.826762185879156617e-04
1.099397520364619237e-03
9.248896340709720793e-04
5.358479257868000801e-04
8.432968972802409912e-04
5.505682963478959616e-04
5.420473210577659131e-04
5.626560085837978720e-04
5.846434506693794523e-04
1.193373120302926435e-03
6.323771377301811488e-04
8.851464480202471613e-04
8.145356952108305472e-04
1.264355596909194591e-03
6.310209003329474500e-04
5.667656767273954741e-04
2.057208480130338739e-03
5.539970265472370396e-04
7.468049107272091425e-04
7.320740861701004448e-04
7.162236970825692833e-04
7.178070585767272298e-04
1.202483121103728675e-03
1.021266341032296427e-03
8.117460515848311502e-04
4.633224405673120228e-04
1.654551034865450786e-03
5.966748510567559385e-04
8.046793361556510427e-04
9.928746690522297774e-04
7.180328400099811282e-04
8.575518644869123018e-04
7.009142992458474667e-04
8.717303703496733771e-04
1.079853544726890090e-03
1.144235160428407061e-03
7.655992261913584489e-04
5.069121516618122197e-04
7.297765980148872983e-04
9.232017908742618179e-04
8.105631009826963105e-04
1.085775356778013144e-03
1.165869213216136520e-03
6.810125161468420004e-04
1.452763857606986873e-03
8.464525319623498545e-04
7.086159506388306798e-04
2.047014131925150703e-03
6.438857831232684551e-04
8.909904819517775647e-04
1.797895105112195949e-03
6.960524596230579933e-04
6.026716599380536844e-04
1.005760367944540145e-03
9.332707588382569211e-04
8.987378682401334735e-04
1.383481350395017028e-03
1.604417454626785996e-03
1.338100533931898097e-03
4.901925032905500492e-04
7.219120081975196040e-04
8.570603679380468755e-04
1.098177764037499811e-03
1.316864271669820159e-03
7.151538659243894319e-04
6.381742528860969701e-04
5.488277978241329260e-04
1.127929675150793950e-03
1.849064225448223981e-03
6.825811054427004991e-04
1.204935385466360948e-03
8.433380379083815206e-04
5.329597801385567869e-04
9.630787618091756624e-04
8.133356214452142898e-04
1.158695518911702620e-03
2.577003132025695517e-03
8.930409277895822503e-04
9.094146437564576370e-04
5.576942938374249495e-04
7.263463255089873871e-04
1.155219905600251987e-03
2.760652612298596532e-03
7.785373369259766373e-04
1.132512102037869488e-03
6.821555433833895437e-04
9.438477445135812563e-04
5.439410634184452340e-04
6.879656588066245058e-04
5.421481645960900134e-04
8.141418519634093225e-04
8.351280214397414524e-04
1.360623687602287649e-03
7.263928963176677312e-04
1.265205221030758949e-03
7.194299743243184365e-04
1.108615071666714958e-03
5.413862352730746058e-04
7.478761441012258182e-04
1.594992924394836873e-03
5.776606331633903383e-04
9.909747399024029530e-04
1.103777643676469994e-03
1.017644557514629572e-03
5.172905613975686259e-04
8.022476371862270316e-04
5.382981748185171810e-04
6.707240966956726658e-04
5.596804930261973501e-04
8.538395590042649778e-04
6.996934181909291893e-04
1.146704629504858523e-03
1.018978756933457130e-03
6.069332776184073594e-04
8.418172273360567930e-04
1.302629821749050126e-03
1.058977577339832851e-03
7.767509919410782015e-04
7.780622533056165456e-04
5.594727225801422992e-04
7.300891453845549358e-04
1.290636374083557270e-03
5.962241817593150802e-04
1.487497940053536917e-03
1.055379534536133408e-03
1.028767294002576283e-03
6.219824458940490962e-04
1.344677281331059212e-03
1.105313954981577236e-03
8.555893968049699825e-04
1.369979087488365412e-03
7.464928927354014124e-04
8.022688821344545369e-04
7.834562685596622219e-04
8.559482185184075090e-04
6.673819434147727206e-04
1.519486044810777932e-03
7.340556471808646222e-04
7.853592727199695594e-04
6.644087906927363413e-04
8.422441907768449731e-04
1.032416059167325312e-03
5.510865838606901577e-04
1.649319685845968561e-03
8.363433189742785481e-04
7.940466914319348939e-04
7.703428317788977436e-04
1.045554147309644272e-03
9.402848401213114923e-04
5.329597801385567869e-04
1.455777968616112777e-03
8.882501551066202981e-04
7.405130612284713384e-04
6.997210555746687186e-04
6.633429015287977196e-04
1.269724481740817663e-03
8.420287687446000773e-04
8.252764091253412485e-04
9.395445858519003600e-04
1.005216365679705449e-03
5.435110041446464257e-04
6.488903040588936801e-04
9.824293454389688204e-04
1.327375631469030707e-03
1.735022424876819834e-03
7.862678574627959696e-04
9.669896319646768997e-04
6.515268566116383213e-04
7.123957144332809799e-04
7.244725279313505304e-04
4.440218483977675760e-04
7.913727885167312235e-04
1.309263067515273066e-03
5.582992823639345908e-04
2.315752014733987382e-03
6.990816172290973112e-04
1.352219795565792054e-03
7.835286113337566445e-04
1.067312038234033726e-03
1.516526050567580317e-03
6.742511186392712106e-04
8.841487729833873328e-04
7.877419556294506858e-04
9.809124806675823590e-04
2.057864300226582704e-03
9.029015328717710214e-04
1.255523587491091725e-03
7.780622533056165456e-04
6.027929145063009794e-04
6.840266926276141303e-04
6.348335415731759654e-04
9.609618541997847754e-04
1.189522931942464321e-03
8.317410750640943625e-04
7.198418203859502894e-04
5.527921657466708123e-04
1.438262250694001846e-03
8.378995495093251094e-04
7.570716702119700174e-04
8.630430679061767453e-04
9.555043335489667991e-04
1.135264553480512919e-03
6.271152979568809854e-04
1.648859304838283003e-03
9.165716372154351791e-04
8.535728843454513937e-04
8.403420185519711559e-04
7.009437893956833561e-04
7.230479667365005214e-04
8.620145866621839242e-04
9.109610541619466914e-04
6.178860860166702400e-04
6.241260873844158051e-04
6.477007328553660960e-04
8.603168524271666891e-04
4.329569351081919738e-03
5.147465032794697019e-03
7.322202920262218953e-04
1.166714267877110587e-03
1.334322573182871591e-03
1.599598590860880657e-03
1.003056607475991818e-03
1.042217284106525862e-03
8.327880472226252204e-04
6.063712405733189415e-04
1.303302609578177321e-03
7.196691371277589471e-04
1.609954006877888479e-03
8.849389379466206977e-04
8.364052739488979892e-04
5.729692149414968884e-04
8.603179595060955450e-04
9.609618541997847754e-04
6.694180838021343604e-04
8.588574796960618237e-04
1.966393212965664942e-03
9.655490403694344742e-04
6.977024949598365942e-04
8.214898707445467867e-04
1.382626220744782993e-03
1.360623687602287649e-03
7.887684110687865615e-04
7.185497105757504424e-04
6.185203100778381962e-04
9.517384525258246880e-04
1.438843494835003681e-03
2.703674985860719977e-03
6.604415392563076862e-04
7.671493247446849835e-04
1.216435622600917088e-03
1.320332338741351825e-03
5.729611192192742963e-04
5.643716930372380926e-04
2.273587899823242917e-03
1.914383357765177263e-03
1.003817628437188953e-03
1.059345514073422234e-03
9.218247959127371001e-04
7.394622196047677225e-04
7.217386351466742759e-04
6.402876873641086828e-04
8.432494414170199236e-04
9.692046426272791755e-04
5.208495366725392943e-04
5.908323852218677619e-04
1.659320446123439558e-03
9.491127393612994005e-04
8.806229597825276098e-04
8.364052739488979892e-04
9.903936050162586661e-04
1.295044141162387955e-03
7.147532635187388858e-04
4.903156483470447365e-04
6.997210555746687186e-04
1.070363338912206416e-03
1.765738249640839671e-03
1.397320081198837223e-03
8.282661902005302671e-04
7.111838263961751212e-04
7.398146746417131421e-04
5.681856674763202230e-04
5.077534797302828444e-04
5.033948003082180239e-04
9.512768021936730649e-04
9.073666475727023293e-04
1.065229599033954821e-03
8.835104345315908337e-04
5.067321428712571151e-04
7.882065721510203094e-04
5.813781201893751787e-04
1.128968477550492799e-03
6.748018429141148557e-04
1.200129459206082314e-03
7.736473877290275152e-04
9.124023430900798752e-04
9.106178273634887681e-04
6.357686703903888065e-04
1.005030274568816540e-03
6.948435056784983167e-04
9.278894980507331348e-04
9.798057555192053996e-04
8.993050699393563725e-04
7.788342111128911159e-04
4.990010452447011082e-04
6.806983493774684509e-04
9.948135170816255549e-04
4.806193813639243273e-04
1.955311989246208762e-03
6.964041877106125385e-04
9.109610541619466914e-04
7.239276344045158683e-04
6.385907235780897756e-04
7.408838049240719630e-04
7.817606565093372867e-04
1.246829418909683280e-03
6.034081212231321226e-03
8.796721896687213381e-04
1.504116552467067540e-03
1.427396741376105085e-03
5.948801508094941209e-04
5.664282587803764731e-04
7.503866022200431692e-04
4.985778810290187766e-04
9.399498300873192300e-04
8.096032574415308689e-04
7.478514744283305034e-04
1.110365909210922139e-03
5.317353454169844885e-04
1.199057520441090298e-03
8.463330845137238215e-04
8.284684988997173928e-04
5.788468877090823970e-04
1.458631407730024169e-03
8.857818692978010420e-04
5.758373895034114539e-04
1.118939312429897059e-03
5.163614981516195758e-04
8.610209444005188263e-04
9.146762934406174085e-04
8.429299758396640316e-04
1.080060701871110368e-03
7.308120852203166522e-04
1.859815463349433163e-03
6.207730537426593307e-04
7.903446392429897124e-04
5.581199807961297922e-04
1.227704863522729702e-03
6.742414524521848874e-04
6.671444789972248539e-04
6.099238229826586463e-04
9.135096147069713714e-04
6.450959818811147608e-04
6.151707206865878342e-04
1.329840108922222038e-03
5.752005157793465282e-04
2.785714941727317120e-03
1.460658888766998460e-03
4.352359922588248074e-03
7.673144407056902089e-04
9.225119193048598749e-04
6.766903804933065408e-04
1.707341803891106050e-03
5.843584829241954158e-04
1.118397263606958018e-03
7.779503768355718789e-04
4.829548268245911183e-04
1.008082106704663757e-03
9.039026849673697638e-04
9.230038133435033727e-04
8.526642979230160575e-04
1.296420858963735377e-03
8.570106600003117364e-04
1.987702902516160375e-03
5.217666432854656993e-04
9.870812602823376795e-04
1.130755639356954096e-03
1.214895787287251141e-03
7.037637435360572045e-04
1.213500484125090446e-03
7.998266027295441267e-04
6.335187578797370645e-04
8.038234381828987703e-04
9.496018887365441060e-04
1.386598971862322343e-03
1.445118442791674647e-03
1.144376764340254400e-03
1.037473917273941393e-03
1.407976335483378293e-03
7.302700517228471284e-04
6.190008952824680366e-04
9.317211062450485044e-04
1.009489019584651091e-03
1.213370679958666268e-03
1.732696697826874126e-03
9.079227405391998660e-04
1.247104154354926374e-03
1.012037857045084343e-03
7.127675758205922725e-04
8.417852368205289582e-04
5.770439292929946179e-04
8.956087346930386058e-04
6.000577238421007107e-04
1.813894754022811126e-03
6.906564422413709065e-04
6.694337021688750045e-04
8.067127443190668951e-04
1.921792770890850578e-03
2.586784185218677593e-03
1.108113138725939787e-03
2.188007248908119002e-03
5.372265338459515172e-04
5.019829551325095344e-04
1.252213178530246860e-03
7.262291017493742278e-04
5.803788143973494630e-04
2.294589841036020431e-03
5.147465032794697019e-03
1.074788934566300348e-03
9.327239429290441926e-04
1.307372053551592635e-03
8.088524506390190345e-04
5.448883248728819510e-04
8.641441952988302344e-04
5.465161973568898740e-04
7.875462157236056164e-04
1.420082658938460682e-03
1.152264464443107303e-03
1.110192618819893628e-03
8.341416117822223700e-04
6.445569694196854899e-04
6.712915429231982277e-04
1.921792770890850578e-03
5.742288791570973605e-04
6.492593446049727164e-04
9.383244187095076414e-04
6.557682903596003367e-04
5.220946335680931366e-04
9.995247942123409741e-04
1.016864961074737724e-03
1.060823892347424486e-03
7.972940148258637763e-04
6.006572932433934271e-04
9.449117364025448390e-04
3.659190899771370790e-03
1.191269336881602484e-03
4.649948633059208781e-04
1.334483480437374152e-03
8.150586359458570794e-04
8.181612751596611987e-04
1.077287308253764651e-03
1.652750793247260768e-03
1.076166060759693862e-03
3.738703026954551777e-03
6.124303003402542566e-04
5.790351502354396367e-04
5.869870346922379835e-04
1.731428972267443122e-03
9.230503555647267709e-04
5.692452777720607938e-04
8.433380379083815206e-04
9.303408875175839341e-04
9.728986529128661690e-04
8.045734303193461789e-04
1.122075364977657193e-03
1.745921695128035533e-03
1.093229525841733470e-03
8.235903199131048170e-04
7.148863559535713862e-04
1.030341026018935426e-03
1.619202472806379042e-03
7.904304481494170507e-04
1.441151401269132395e-03
9.893107829259681699e-04
1.008491615615254118e-03
6.974677749625197293e-04
7.229477683592977792e-04
1.080151851241093787e-03
1.015998063296624180e-03
1.067196465871850719e-03
8.380722154914306164e-04
6.999748349425028490e-04
9.728986529128661690e-04
3.655401572499232879e-03
8.171743896751658799e-04
2.073483056893487848e-03
1.213370679958666268e-03
1.714872094170469046e-03
6.250000080647915776e-04
1.529668702543847403e-03
1.447043803788167389e-03
1.143078295107807394e-03
5.372265338459515172e-04
7.409732408959294201e-04
6.891530068686948151e-04
1.283929771538853699e-03
1.006104635889673669e-03
6.299470374450307506e-04
7.499567970898856056e-04
8.178611092259100226e-04
6.840266926276141303e-04
1.469814922486337811e-03
7.094893226342565470e-04
2.114620899735708895e-03
7.751791384878495457e-03
6.271477683771600666e-04
8.370578205583662553e-04
8.150761344348426800e-04
9.256467243884257835e-04
1.048072236065613391e-03
1.558298393121252193e-03
1.391732142042853082e-03
7.567596004245643118e-04
7.666560408507958361e-04
2.128933629836197040e-03
6.957389693640318598e-04
6.328467689625868076e-04
8.181629498089169460e-04
7.823884678322966290e-04
6.205408518620531650e-04
6.838927147080705758e-04
1.368199109756969420e-03
1.129890491935381250e-03
4.964729687130046412e-04
1.174467206361403228e-03
9.833802618446944258e-04
1.120610547643032017e-03
1.345024256835772921e-03
7.349907628773594097e-04
1.178339653567052727e-03
9.032917571729559211e-04
7.550774656343265008e-04
1.118957225541166323e-03
9.559668572501306243e-04
1.503364913974141685e-03
1.036672610663309834e-03
1.335036175472088414e-03
7.480205039484070497e-04
6.205812966929150683e-04
1.615295529614406466e-03
1.892421952980346362e-03
1.250886467525451394e-03
5.768524916357112937e-04
1.586955146502975469e-03
9.215796038525903879e-04
1.098708809179457270e-03
1.176895480291449258e-03
6.747573498110123009e-04
7.339722406020257692e-04
6.150885514483015902e-04
8.609887657767544304e-04
9.700709038708504135e-04
1.385033861207779710e-03
9.441410184540087328e-04
1.169325205206541785e-03
8.753967834638312108e-04
9.073666475727023293e-04
6.926894897766876528e-04
5.616706549577103616e-04
5.547952342932010138e-04
1.104335246582806383e-03
8.147161049509740694e-04
2.218439715184272049e-03
7.940178018234876492e-04
8.207842284098811449e-04
1.066088427702771612e-03
1.049844234256880685e-03
6.140397576780952122e-04
5.971705105682776011e-04
1.108545246726849081e-03
8.641441952988302344e-04
8.170536433165283968e-04
9.757073713903438540e-04
1.336810797394223475e-03
7.147532635187388858e-04
5.481327266427916218e-04
1.368199109756969420e-03
1.156676489281721837e-03
1.368522027202932886e-03
9.728986529128661690e-04
8.113127539449092309e-04
6.966592555085796522e-04
1.186057725889261153e-03
9.576995313887975547e-04
8.775267102509361899e-04
1.366840477827579612e-03
1.602152535540838588e-03
8.646037142085124562e-04
5.846434506693794523e-04
7.217386351466742759e-04
1.156607580664648343e-03
1.593084415692096233e-03
7.681393671406076687e-04
1.437520196653695355e-03
8.555893968049699825e-04
7.503103112887842636e-04
9.223247344616160651e-04
1.431157116289802182e-03
6.803326764007426716e-04
7.123957144332809799e-04
6.764673586614424914e-04
5.393710952354515472e-04
1.396344496902770117e-03
8.054144620779801105e-04
1.114624498400699874e-03
9.641458260875837745e-04
6.064853720395321345e-04
7.899331973846243117e-04
7.360560987669690107e-04
8.814508936154640548e-04
8.361502124871771817e-04
5.226155401178750499e-04
6.551930122704698913e-04
6.732613198078415354e-04
9.269001784456569384e-04
6.065923911249256149e-04
1.184176365486779188e-03
8.693640796401854711e-04
1.177652429856611196e-03
6.394950677143767647e-04
6.914360282789703367e-04
1.292799444710851552e-03
1.320709207265000724e-03
2.062662422867513404e-03
2.286846912919063193e-03
8.872175160326242239e-04
1.079853544726890090e-03
8.689442866265483087e-04
6.485638943531256331e-04
5.077430937078245476e-04
1.377414553432234267e-03
5.818248208585379260e-04
4.538376000544554092e-04
1.112558474887926762e-03
7.938952107221934661e-04
6.799276261289945557e-04
9.293969146710634758e-04
5.819409205425808305e-04
6.088712185747814079e-04
8.093905404512557978e-04
1.298414385000742563e-03
1.617209121674655038e-03
9.996137289939265296e-04
9.238507017127825386e-04
6.039858991329731790e-04
5.625520748444457625e-04
6.251675618974541701e-04
8.192156575689111967e-04
9.844654803421305604e-04
5.622702682431655495e-04
9.433418020984101447e-04
1.474490230531642996e-03
7.198633952778863256e-04
8.237818834348157454e-04
6.606572859638058445e-04
1.295127609527279211e-03
1.220131751090065527e-03
1.334082390142558991e-03
6.769053267597690887e-04
1.359139730535215531e-03
5.109910902312241043e-04
1.213584269975544498e-03
9.230239797675904388e-04
6.498816220480741227e-04
7.995622759171733046e-04
1.935005458331223943e-03
7.013044310014277232e-04
9.220631739118797816e-04
9.257774706470374253e-04
1.052889256746804367e-03
6.804649880137748344e-04
8.881862960031753230e-04
1.068018824885791623e-03
5.146446069182651845e-04
1.132197774963979641e-03
6.376027059646204465e-04
1.004554034827503028e-03
6.187150062228103948e-04
